/out/sourcedata/freesurfer/sub-v1s5x0050731_ses-1/mri
/opt/freesurfer/bin/talairach_avi
--i orig_nu.mgz --xfm transforms/talairach.auto.xfm
talairach_avi 7.3.2
Linux dna052 5.14.0-427.37.1.el9_4.x86_64 #1 SMP PREEMPT_DYNAMIC Fri Sep 13 12:41:50 EDT 2024 x86_64 x86_64 x86_64 GNU/Linux
Tue Mar 10 03:45:48 CET 2026
mri_convert orig_nu.mgz talsrcimg.img 
reading from orig_nu.mgz...
TR=0.00, TE=0.00, TI=0.00, flip angle=0.00
i_ras = (-1, -5.82077e-10, 0)
j_ras = (0, -9.31323e-10, -1)
k_ras = (-3.0268e-09, 1, -1.86265e-09)
writing to talsrcimg.img...
Analyze Output Matrix
-1.00000   0.00000  -0.00000   132.81329;
-0.00000  -0.00000   1.00000  -117.12633;
 0.00000  -1.00000  -0.00000   144.03052;
 0.00000   0.00000   0.00000   1.00000;
--------------------
INFO: set hdr.hist.orient to -1
mpr2mni305 talsrcimg
Tue Mar 10 03:45:48 CET 2026
/opt/freesurfer/bin/mpr2mni305 talsrcimg
mpr2mni305 7.3.2
target=711-2C_as_mni_average_305

---------------------------------------------------------------------
analyzeto4dfp talsrcimg -O0 -y
---------------------------------------------------------------------

freesurfer ifh2hdr.c
Tue Mar 10 03:45:48 2026
Writing: talsrcimg.4dfp.hdr
freesurfer analyzeto4dfp.c
Reading: talsrcimg.hdr
header size 348 bytes
hdr.dime.datatype	offset=70	value=2
hdr.dime.bitpix		offset=72	value=8
hdr.hist.orient		offset=252	value=-1
dimensionality     4
dimensions       256       256       256         1
Reading: talsrcimg.img
Writing: talsrcimg.4dfp.img
Writing: talsrcimg.4dfp.ifh
ifh2hdr talsrcimg -r0to239
ori=2

---------------------------------------------------------------------
gauss_4dfp talsrcimg 1.1
---------------------------------------------------------------------

freesurfer gauss_4dfp.c
Reading: talsrcimg.4dfp.img
Writing: talsrcimg_g11.4dfp.img
image dimensions 256 256 256 padded to 288 288 288
processing volume 1freesurfer ifh2hdr.c
Tue Mar 10 03:45:50 2026
Writing: talsrcimg_g11.4dfp.hdr

Writing: talsrcimg_g11.4dfp.ifh
including: talsrcimg.4dfp.img.rec in talsrcimg_g11.4dfp.img.rec

---------------------------------------------------------------------
imgreg_4dfp /opt/freesurfer/average/711-2C_as_mni_average_305 none talsrcimg_g11 none talsrcimg_to_711-2C_as_mni_average_305_t4 4355
---------------------------------------------------------------------

freesurfer imgreg_4dfp.c
/opt/freesurfer/average/711-2C_as_mni_average_305.4dfp.img
       256       256       256         1
  1.000000  1.000000  1.000000
orientation T byte_order littleendian
Reading image: /opt/freesurfer/average/711-2C_as_mni_average_305.4dfp.img
dimensions:      256       256       256
mmppix:       1.0000   -1.0000   -1.0000
center:     128.0000 -129.0000 -129.0000
talsrcimg_g11.4dfp.img
       256       256       256         1
  1.000000  1.000000  1.000000
orientation T byte_order littleendian
Reading image: talsrcimg_g11.4dfp.img
dimensions:      256       256       256
mmppix:       1.0000   -1.0000   -1.0000
center:     128.0000 -129.0000 -129.0000
t4_read: open error in t4_sub.f l:  41 t4_file(1:l)talsrcimg_to_711-2C_as_mni_average_305_t4 
t4_read: transform initialized to I4
rotation matrix determinant  1.000000
image alignment mode   4355 decimal     1103 hex
   -7.5000  -45.0000  -45.0000 9067.1172   14.6718
    0.0000  -45.0000  -45.0000 9449.2754   14.6592
    7.5000  -45.0000  -45.0000 9084.4727   14.6661
   -7.5000  -37.5000  -45.0000 9559.0654   14.5403
    0.0000  -37.5000  -45.0000 9985.9756   14.5284
    7.5000  -37.5000  -45.0000 9548.0693   14.5430
   -7.5000  -30.0000  -45.000010407.8164   14.4571
    0.0000  -30.0000  -45.000010882.4551   14.4495
    7.5000  -30.0000  -45.000010361.0342   14.4694
   -7.5000  -22.5000  -45.000011031.4082   14.4676
    0.0000  -22.5000  -45.000011544.5195   14.4638
    7.5000  -22.5000  -45.000010976.5371   14.4804
   -7.5000  -15.0000  -45.000011491.8291   14.4960
    0.0000  -15.0000  -45.000012041.1143   14.4921
    7.5000  -15.0000  -45.000011444.4287   14.5008
   -7.5000   -7.5000  -45.000011873.5488   14.5131
    0.0000   -7.5000  -45.000012406.6172   14.5039
    7.5000   -7.5000  -45.000011796.9590   14.5076
   -7.5000    0.0000  -45.000012119.7617   14.5055
    0.0000    0.0000  -45.000012675.2334   14.4925
    7.5000    0.0000  -45.000012006.3262   14.4990
   -7.5000    7.5000  -45.000011448.3271   14.4751
    0.0000    7.5000  -45.000011976.1143   14.4635
    7.5000    7.5000  -45.000011352.4023   14.4782
   -7.5000   15.0000  -45.000010724.6289   14.4590
    0.0000   15.0000  -45.000011212.9219   14.4516
    7.5000   15.0000  -45.000010646.1211   14.4715
   -7.5000   22.5000  -45.000010036.2021   14.7705
    0.0000   22.5000  -45.000010503.7168   14.7654
    7.5000   22.5000  -45.0000 9965.8428   14.7813
   -7.5000   30.0000  -45.0000 9416.7705   14.9944
    0.0000   30.0000  -45.0000 9869.2510   14.9859
    7.5000   30.0000  -45.0000 9329.0020   14.9922
   -7.5000   37.5000  -45.0000 9087.1475   15.4375
    0.0000   37.5000  -45.0000 9517.8721   15.4229
    7.5000   37.5000  -45.0000 9000.8760   15.4212
   -7.5000   45.0000  -45.0000 8421.2031   15.4952
    0.0000   45.0000  -45.0000 8813.9824   15.4796
    7.5000   45.0000  -45.0000 8341.5166   15.4816
   -7.5000  -45.0000  -37.5000 9552.1318   14.6079
    0.0000  -45.0000  -37.5000 9958.0479   14.5951
    7.5000  -45.0000  -37.5000 9562.4668   14.6063
   -7.5000  -37.5000  -37.500010102.8857   14.4851
    0.0000  -37.5000  -37.500010529.9922   14.4704
    7.5000  -37.5000  -37.500010072.5557   14.4854
   -7.5000  -30.0000  -37.500010999.2559   14.4096
    0.0000  -30.0000  -37.500011462.0635   14.3953
    7.5000  -30.0000  -37.500010938.2051   14.4115
   -7.5000  -22.5000  -37.500011646.6104   14.4183
    0.0000  -22.5000  -37.500012163.8428   14.4070
    7.5000  -22.5000  -37.500011561.8994   14.4200
   -7.5000  -15.0000  -37.500012138.3770   14.4395
    0.0000  -15.0000  -37.500012675.0059   14.4302
    7.5000  -15.0000  -37.500012048.4160   14.4387
   -7.5000   -7.5000  -37.500012536.2168   14.4506
    0.0000   -7.5000  -37.500013098.5645   14.4396
    7.5000   -7.5000  -37.500012435.7432   14.4470
   -7.5000    0.0000  -37.500012819.7197   14.4431
    0.0000    0.0000  -37.500013411.8574   14.4300
    7.5000    0.0000  -37.500012706.2842   14.4407
   -7.5000    7.5000  -37.500012118.5322   14.4205
    0.0000    7.5000  -37.500012698.0459   14.4061
    7.5000    7.5000  -37.500012023.1357   14.4212
   -7.5000   15.0000  -37.500011344.8086   14.4115
    0.0000   15.0000  -37.500011859.5742   14.3975
    7.5000   15.0000  -37.500011219.4619   14.4136
   -7.5000   22.5000  -37.500010600.1904   14.7188
    0.0000   22.5000  -37.500011073.6494   14.7062
    7.5000   22.5000  -37.500010487.5840   14.7184
   -7.5000   30.0000  -37.5000 9929.3223   14.9321
    0.0000   30.0000  -37.500010387.7715   14.9191
    7.5000   30.0000  -37.5000 9819.5283   14.9244
   -7.5000   37.5000  -37.5000 9587.2510   15.3640
    0.0000   37.5000  -37.500010028.6973   15.3488
    7.5000   37.5000  -37.5000 9492.3232   15.3518
   -7.5000   45.0000  -37.5000 8873.9551   15.4168
    0.0000   45.0000  -37.5000 9277.9932   15.4024
    7.5000   45.0000  -37.5000 8777.6182   15.4093
   -7.5000  -45.0000  -30.000010194.8857   15.2143
    0.0000  -45.0000  -30.000010625.9766   15.1996
    7.5000  -45.0000  -30.000010200.9639   15.2135
   -7.5000  -37.5000  -30.000010827.6914   15.0919
    0.0000  -37.5000  -30.000011258.1650   15.0727
    7.5000  -37.5000  -30.000010770.2441   15.0891
   -7.5000  -30.0000  -30.000011788.0723   15.0180
    0.0000  -30.0000  -30.000012239.5264   14.9962
    7.5000  -30.0000  -30.000011673.7988   15.0119
   -7.5000  -22.5000  -30.000012492.1035   15.0262
    0.0000  -22.5000  -30.000012985.5840   15.0063
    7.5000  -22.5000  -30.000012368.6191   15.0181
   -7.5000  -15.0000  -30.000013013.2695   15.0434
    0.0000  -15.0000  -30.000013559.3408   15.0272
    7.5000  -15.0000  -30.000012889.2490   15.0358
   -7.5000   -7.5000  -30.000013408.4697   15.0507
    0.0000   -7.5000  -30.000014006.4248   15.0363
    7.5000   -7.5000  -30.000013283.9502   15.0456
   -7.5000    0.0000  -30.000013739.0547   15.0428
    0.0000    0.0000  -30.000014367.4141   15.0278
    7.5000    0.0000  -30.000013582.2568   15.0411
   -7.5000    7.5000  -30.000013031.8779   15.0245
    0.0000    7.5000  -30.000013641.8066   15.0057
    7.5000    7.5000  -30.000012874.8027   15.0222
   -7.5000   15.0000  -30.000012169.9160   15.0201
    0.0000   15.0000  -30.000012708.7705   14.9985
    7.5000   15.0000  -30.000011965.9648   15.0140
   -7.5000   22.5000  -30.000011352.3076   15.3385
    0.0000   22.5000  -30.000011858.8770   15.3157
    7.5000   22.5000  -30.000011171.6660   15.3263
   -7.5000   30.0000  -30.000010606.4346   15.5601
    0.0000   30.0000  -30.000011089.2930   15.5409
    7.5000   30.0000  -30.000010456.4229   15.5460
   -7.5000   37.5000  -30.000010243.6807   16.0083
    0.0000   37.5000  -30.000010707.5645   15.9908
    7.5000   37.5000  -30.000010114.2979   15.9974
   -7.5000   45.0000  -30.0000 9472.9551   16.0766
    0.0000   45.0000  -30.0000 9882.8867   16.0603
    7.5000   45.0000  -30.0000 9347.7441   16.0704
   -7.5000  -45.0000  -22.500010854.2373   15.7346
    0.0000  -45.0000  -22.500011315.2402   15.7178
    7.5000  -45.0000  -22.500010825.0322   15.7291
   -7.5000  -37.5000  -22.500011530.5381   15.6061
    0.0000  -37.5000  -22.500012002.3447   15.5856
    7.5000  -37.5000  -22.500011459.7393   15.6024
   -7.5000  -30.0000  -22.500012527.0576   15.5297
    0.0000  -30.0000  -22.500013017.9482   15.5070
    7.5000  -30.0000  -22.500012414.5859   15.5258
   -7.5000  -22.5000  -22.500013280.1064   15.5401
    0.0000  -22.5000  -22.500013797.1865   15.5188
    7.5000  -22.5000  -22.500013162.7910   15.5329
   -7.5000  -15.0000  -22.500013842.6494   15.5592
    0.0000  -15.0000  -22.500014384.3320   15.5412
    7.5000  -15.0000  -22.500013707.7227   15.5495
   -7.5000   -7.5000  -22.500014277.8691   15.5666
    0.0000   -7.5000  -22.500014856.6035   15.5503
    7.5000   -7.5000  -22.500014151.7871   15.5571
   -7.5000    0.0000  -22.500014641.4863   15.5572
    0.0000    0.0000  -22.500015251.5439   15.5402
    7.5000    0.0000  -22.500014453.7373   15.5509
   -7.5000    7.5000  -22.500013914.9824   15.5364
    0.0000    7.5000  -22.500014504.4307   15.5163
    7.5000    7.5000  -22.500013679.6953   15.5332
   -7.5000   15.0000  -22.500013010.8145   15.5317
    0.0000   15.0000  -22.500013568.8604   15.5092
    7.5000   15.0000  -22.500012763.9453   15.5279
   -7.5000   22.5000  -22.500012130.2354   15.8633
    0.0000   22.5000  -22.500012676.1904   15.8378
    7.5000   22.5000  -22.500011904.7178   15.8504
   -7.5000   30.0000  -22.500011298.8213   16.1000
    0.0000   30.0000  -22.500011799.0264   16.0786
    7.5000   30.0000  -22.500011110.5000   16.0849
   -7.5000   37.5000  -22.500010889.9824   16.5675
    0.0000   37.5000  -22.500011377.6064   16.5479
    7.5000   37.5000  -22.500010746.5029   16.5536
   -7.5000   45.0000  -22.500010078.3535   16.6528
    0.0000   45.0000  -22.500010517.3574   16.6334
    7.5000   45.0000  -22.5000 9949.6387   16.6418
   -7.5000  -45.0000  -15.000011479.5127   16.1099
    0.0000  -45.0000  -15.000011951.1826   16.0925
    7.5000  -45.0000  -15.000011423.3320   16.0995
   -7.5000  -37.5000  -15.000012196.4824   15.9718
    0.0000  -37.5000  -15.000012706.5674   15.9533
    7.5000  -37.5000  -15.000012132.2510   15.9702
   -7.5000  -30.0000  -15.000013171.1621   15.8897
    0.0000  -30.0000  -15.000013729.0029   15.8724
    7.5000  -30.0000  -15.000013095.7949   15.8955
   -7.5000  -22.5000  -15.000013977.0869   15.9036
    0.0000  -22.5000  -15.000014527.4258   15.8882
    7.5000  -22.5000  -15.000013872.5908   15.9062
   -7.5000  -15.0000  -15.000014621.5498   15.9290
    0.0000  -15.0000  -15.000015190.9629   15.9153
    7.5000  -15.0000  -15.000014458.5117   15.9234
   -7.5000   -7.5000  -15.000015142.9141   15.9397
    0.0000   -7.5000  -15.000015724.4600   15.9245
    7.5000   -7.5000  -15.000014954.9473   15.9271
   -7.5000    0.0000  -15.000015519.3691   15.9281
    0.0000    0.0000  -15.000016112.7969   15.9106
    7.5000    0.0000  -15.000015289.4141   15.9170
   -7.5000    7.5000  -15.000014733.7324   15.9005
    0.0000    7.5000  -15.000015344.4307   15.8824
    7.5000    7.5000  -15.000014481.3232   15.8994
   -7.5000   15.0000  -15.000013829.0098   15.8915
    0.0000   15.0000  -15.000014408.4072   15.8745
    7.5000   15.0000  -15.000013550.5439   15.8976
   -7.5000   22.5000  -15.000012879.2500   16.2342
    0.0000   22.5000  -15.000013439.5967   16.2144
    7.5000   22.5000  -15.000012644.1797   16.2308
   -7.5000   30.0000  -15.000011963.8848   16.4867
    0.0000   30.0000  -15.000012472.2686   16.4686
    7.5000   30.0000  -15.000011778.1338   16.4756
   -7.5000   37.5000  -15.000011525.5791   16.9695
    0.0000   37.5000  -15.000012028.6865   16.9500
    7.5000   37.5000  -15.000011372.3545   16.9509
   -7.5000   45.0000  -15.000010686.7715   17.0657
    0.0000   45.0000  -15.000011150.9893   17.0448
    7.5000   45.0000  -15.000010528.1553   17.0488
   -7.5000  -45.0000   -7.500012126.0674   16.2997
    0.0000  -45.0000   -7.500012610.2500   16.2840
    7.5000  -45.0000   -7.500012067.1836   16.2892
   -7.5000  -37.5000   -7.500012876.5684   16.1546
    0.0000  -37.5000   -7.500013424.5215   16.1401
    7.5000  -37.5000   -7.500012826.5635   16.1568
   -7.5000  -30.0000   -7.500013868.9648   16.0663
    0.0000  -30.0000   -7.500014434.5947   16.0565
    7.5000  -30.0000   -7.500013778.9639   16.0811
   -7.5000  -22.5000   -7.500014688.0000   16.0809
    0.0000  -22.5000   -7.500015286.7305   16.0745
    7.5000  -22.5000   -7.500014589.5889   16.0945
   -7.5000  -15.0000   -7.500015384.8447   16.1118
    0.0000  -15.0000   -7.500016019.6543   16.1051
    7.5000  -15.0000   -7.500015222.2744   16.1139
   -7.5000   -7.5000   -7.500016003.6133   16.1273
    0.0000   -7.5000   -7.500016662.7500   16.1153
    7.5000   -7.5000   -7.500015805.9209   16.1168
   -7.5000    0.0000   -7.500016441.3652   16.1157
    0.0000    0.0000   -7.500017099.9785   16.0998
    7.5000    0.0000   -7.500016212.6992   16.1046
   -7.5000    7.5000   -7.500015656.9570   16.0825
    0.0000    7.5000   -7.500016289.0098   16.0684
    7.5000    7.5000   -7.500015390.4619   16.0852
   -7.5000   15.0000   -7.500014705.7109   16.0682
    0.0000   15.0000   -7.500015286.3770   16.0586
    7.5000   15.0000   -7.500014402.8486   16.0832
   -7.5000   22.5000   -7.500013690.8965   16.4120
    0.0000   22.5000   -7.500014224.5703   16.4026
    7.5000   22.5000   -7.500013419.6709   16.4214
   -7.5000   30.0000   -7.500012688.6201   16.6723
    0.0000   30.0000   -7.500013216.2041   16.6605
    7.5000   30.0000   -7.500012469.4023   16.6678
   -7.5000   37.5000   -7.500012222.7412   17.1626
    0.0000   37.5000   -7.500012756.9141   17.1450
    7.5000   37.5000   -7.500011994.4023   17.1419
   -7.5000   45.0000   -7.500011337.3223   17.2600
    0.0000   45.0000   -7.500011835.1611   17.2404
    7.5000   45.0000   -7.500011104.3506   17.2410
   -7.5000  -45.0000    0.000012654.4463   16.3359
    0.0000  -45.0000    0.000013180.8926   16.3220
    7.5000  -45.0000    0.000012621.8330   16.3296
   -7.5000  -37.5000    0.000013447.8848   16.1918
    0.0000  -37.5000    0.000013998.9629   16.1788
    7.5000  -37.5000    0.000013395.6094   16.1949
   -7.5000  -30.0000    0.000014464.7178   16.1017
    0.0000  -30.0000    0.000015012.5762   16.0935
    7.5000  -30.0000    0.000014370.4619   16.1154
   -7.5000  -22.5000    0.000015297.0547   16.1134
    0.0000  -22.5000    0.000015889.3447   16.1093
    7.5000  -22.5000    0.000015205.5127   16.1277
   -7.5000  -15.0000    0.000016037.7812   16.1435
    0.0000  -15.0000    0.000016647.6191   16.1391
    7.5000  -15.0000    0.000015884.9941   16.1487
   -7.5000   -7.5000    0.000016722.4609   16.1606
    0.0000   -7.5000    0.000017418.5527   16.1504
    7.5000   -7.5000    0.000016538.5957   16.1545
   -7.5000    0.0000    0.000017363.5547   16.1516
    0.0000    0.0000    0.000018118.7168   16.1373
    7.5000    0.0000    0.000017097.2715   16.1445
   -7.5000    7.5000    0.000016678.0977   16.1196
    0.0000    7.5000    0.000017458.3086   16.1069
    7.5000    7.5000    0.000016333.5693   16.1231
   -7.5000   15.0000    0.000015656.7129   16.1037
    0.0000   15.0000    0.000016347.0527   16.0958
    7.5000   15.0000    0.000015268.7148   16.1176
   -7.5000   22.5000    0.000014435.5186   16.4438
    0.0000   22.5000    0.000015029.4307   16.4383
    7.5000   22.5000    0.000014118.8066   16.4559
   -7.5000   30.0000    0.000013303.2451   16.7011
    0.0000   30.0000    0.000013893.3848   16.6916
    7.5000   30.0000    0.000013067.8594   16.6987
   -7.5000   37.5000    0.000012784.9297   17.1901
    0.0000   37.5000    0.000013342.0000   17.1738
    7.5000   37.5000    0.000012510.4180   17.1720
   -7.5000   45.0000    0.000011841.0938   17.2848
    0.0000   45.0000    0.000012324.9736   17.2676
    7.5000   45.0000    0.000011579.4424   17.2698
   -7.5000  -45.0000    7.500012236.5391   16.3379
    0.0000  -45.0000    7.500012700.9414   16.3238
    7.5000  -45.0000    7.500012193.6855   16.3363
   -7.5000  -37.5000    7.500013030.7998   16.2010
    0.0000  -37.5000    7.500013469.2861   16.1845
    7.5000  -37.5000    7.500012945.3447   16.2013
   -7.5000  -30.0000    7.500014005.1338   16.1162
    0.0000  -30.0000    7.500014424.9521   16.1002
    7.5000  -30.0000    7.500013892.5000   16.1183
   -7.5000  -22.5000    7.500014859.5918   16.1254
    0.0000  -22.5000    7.500015335.2627   16.1128
    7.5000  -22.5000    7.500014731.2451   16.1273
   -7.5000  -15.0000    7.500015578.9385   16.1488
    0.0000  -15.0000    7.500016131.1162   16.1384
    7.5000  -15.0000    7.500015444.9121   16.1480
   -7.5000   -7.5000    7.500016243.5146   16.1615
    0.0000   -7.5000    7.500016943.0059   16.1492
    7.5000   -7.5000    7.500016070.2793   16.1576
   -7.5000    0.0000    7.500016955.4473   16.1537
    0.0000    0.0000    7.500017783.2480   16.1392
    7.5000    0.0000    7.500016639.0938   16.1512
   -7.5000    7.5000    7.500016388.0254   16.1287
    0.0000    7.5000    7.500017295.7461   16.1126
    7.5000    7.5000    7.500015976.2891   16.1295
   -7.5000   15.0000    7.500015363.2139   16.1184
    0.0000   15.0000    7.500016154.3330   16.1027
    7.5000   15.0000    7.500014913.6143   16.1207
   -7.5000   22.5000    7.500014039.9199   16.4560
    0.0000   22.5000    7.500014712.4375   16.4419
    7.5000   22.5000    7.500013735.4521   16.4556
   -7.5000   30.0000    7.500012836.6475   16.7058
    0.0000   30.0000    7.500013453.8447   16.6913
    7.5000   30.0000    7.500012663.3867   16.6972
   -7.5000   37.5000    7.500012313.6719   17.1890
    0.0000   37.5000    7.500012851.8301   17.1721
    7.5000   37.5000    7.500012131.9590   17.1755
   -7.5000   45.0000    7.500011419.4189   17.2824
    0.0000   45.0000    7.500011878.7900   17.2663
    7.5000   45.0000    7.500011244.4502   17.2740
   -7.5000  -45.0000   15.000011750.8330   16.3373
    0.0000  -45.0000   15.000012151.5205   16.3215
    7.5000  -45.0000   15.000011670.0713   16.3364
   -7.5000  -37.5000   15.000012525.5107   16.2058
    0.0000  -37.5000   15.000012942.8125   16.1852
    7.5000  -37.5000   15.000012404.4609   16.2029
   -7.5000  -30.0000   15.000013445.9766   16.1265
    0.0000  -30.0000   15.000013894.4385   16.1030
    7.5000  -30.0000   15.000013285.2139   16.1199
   -7.5000  -22.5000   15.000014256.9248   16.1353
    0.0000  -22.5000   15.000014730.2705   16.1139
    7.5000  -22.5000   15.000014092.6494   16.1266
   -7.5000  -15.0000   15.000014940.1904   16.1538
    0.0000  -15.0000   15.000015486.2529   16.1364
    7.5000  -15.0000   15.000014803.3848   16.1456
   -7.5000   -7.5000   15.000015547.0723   16.1616
    0.0000   -7.5000   15.000016166.9600   16.1461
    7.5000   -7.5000   15.000015392.6924   16.1562
   -7.5000    0.0000   15.000016022.3779   16.1532
    0.0000    0.0000   15.000016728.5586   16.1371
    7.5000    0.0000   15.000015878.7578   16.1514
   -7.5000    7.5000   15.000015325.4746   16.1335
    0.0000    7.5000   15.000016007.4805   16.1133
    7.5000    7.5000   15.000015173.0430   16.1310
   -7.5000   15.0000   15.000014431.6553   16.1287
    0.0000   15.0000   15.000015038.7275   16.1055
    7.5000   15.0000   15.000014187.2812   16.1222
   -7.5000   22.5000   15.000013308.1846   16.4670
    0.0000   22.5000   15.000013881.1152   16.4426
    7.5000   22.5000   15.000013131.2109   16.4539
   -7.5000   30.0000   15.000012236.5225   16.7135
    0.0000   30.0000   15.000012760.8984   16.6929
    7.5000   30.0000   15.000012123.7588   16.6984
   -7.5000   37.5000   15.000011736.1396   17.1950
    0.0000   37.5000   15.000012217.5898   17.1762
    7.5000   37.5000   15.000011649.9424   17.1833
   -7.5000   45.0000   15.000010926.6855   17.2912
    0.0000   45.0000   15.000011354.2803   17.2737
    7.5000   45.0000   15.000010823.9512   17.2846
   -7.5000  -45.0000   22.500011121.8379   16.3345
    0.0000  -45.0000   22.500011574.2197   16.3170
    7.5000  -45.0000   22.500011052.5811   16.3287
   -7.5000  -37.5000   22.500011834.2832   16.2011
    0.0000  -37.5000   22.500012328.9053   16.1798
    7.5000  -37.5000   22.500011752.3037   16.1972
   -7.5000  -30.0000   22.500012672.6055   16.1218
    0.0000  -30.0000   22.500013183.3369   16.0982
    7.5000  -30.0000   22.500012569.8555   16.1177
   -7.5000  -22.5000   22.500013402.6553   16.1325
    0.0000  -22.5000   22.500013918.8457   16.1104
    7.5000  -22.5000   22.500013303.2432   16.1251
   -7.5000  -15.0000   22.500014051.3652   16.1524
    0.0000  -15.0000   22.500014588.6787   16.1337
    7.5000  -15.0000   22.500013949.4404   16.1423
   -7.5000   -7.5000   22.500014556.1533   16.1601
    0.0000   -7.5000   22.500015164.2109   16.1431
    7.5000   -7.5000   22.500014492.2031   16.1501
   -7.5000    0.0000   22.500014925.3652   16.1503
    0.0000    0.0000   22.500015545.7734   16.1326
    7.5000    0.0000   22.500014896.5586   16.1437
   -7.5000    7.5000   22.500014181.3135   16.1287
    0.0000    7.5000   22.500014732.7148   16.1078
    7.5000    7.5000   22.500014128.5469   16.1254
   -7.5000   15.0000   22.500013334.5244   16.1238
    0.0000   15.0000   22.500013852.7998   16.1005
    7.5000   15.0000   22.500013231.0596   16.1199
   -7.5000   22.5000   22.500012423.4268   16.4656
    0.0000   22.5000   22.500012921.5420   16.4390
    7.5000   22.5000   22.500012308.6270   16.4522
   -7.5000   30.0000   22.500011558.1494   16.7162
    0.0000   30.0000   22.500012027.9121   16.6939
    7.5000   30.0000   22.500011452.7979   16.7005
   -7.5000   37.5000   22.500011125.7803   17.2016
    0.0000   37.5000   22.500011573.7822   17.1812
    7.5000   37.5000   22.500011064.0205   17.1871
   -7.5000   45.0000   22.500010366.7500   17.3027
    0.0000   45.0000   22.500010780.9570   17.2825
    7.5000   45.0000   22.500010291.8281   17.2913
   -7.5000  -45.0000   30.000010359.0049   16.3955
    0.0000  -45.0000   30.000010806.1592   16.3777
    7.5000  -45.0000   30.000010312.0977   16.3849
   -7.5000  -37.5000   30.000011005.3887   16.2543
    0.0000  -37.5000   30.000011480.0459   16.2353
    7.5000  -37.5000   30.000010970.3369   16.2527
   -7.5000  -30.0000   30.000011772.4688   16.1704
    0.0000  -30.0000   30.000012271.9873   16.1526
    7.5000  -30.0000   30.000011724.3555   16.1761
   -7.5000  -22.5000   30.000012462.9639   16.1848
    0.0000  -22.5000   30.000012978.7754   16.1688
    7.5000  -22.5000   30.000012392.4404   16.1870
   -7.5000  -15.0000   30.000013058.2129   16.2109
    0.0000  -15.0000   30.000013603.6816   16.1966
    7.5000  -15.0000   30.000012967.6699   16.2046
   -7.5000   -7.5000   30.000013526.7236   16.2218
    0.0000   -7.5000   30.000014102.4727   16.2061
    7.5000   -7.5000   30.000013470.0732   16.2087
   -7.5000    0.0000   30.000013849.0684   16.2098
    0.0000    0.0000   30.000014426.9346   16.1918
    7.5000    0.0000   30.000013829.4141   16.1985
   -7.5000    7.5000   30.000013094.0957   16.1814
    0.0000    7.5000   30.000013618.9541   16.1629
    7.5000    7.5000   30.000013079.5928   16.1803
   -7.5000   15.0000   30.000012299.6455   16.1723
    0.0000   15.0000   30.000012778.8447   16.1547
    7.5000   15.0000   30.000012248.5498   16.1782
   -7.5000   22.5000   30.000011505.3828   16.5209
    0.0000   22.5000   30.000011946.2939   16.5003
    7.5000   22.5000   30.000011421.0117   16.5168
   -7.5000   30.0000   30.000010735.8682   16.7816
    0.0000   30.0000   30.000011155.0244   16.7628
    7.5000   30.0000   30.000010680.1221   16.7698
   -7.5000   37.5000   30.000010378.2275   17.2751
    0.0000   37.5000   30.000010783.2432   17.2550
    7.5000   37.5000   30.000010333.1533   17.2558
   -7.5000   45.0000   30.0000 9699.3057   17.3796
    0.0000   45.0000   30.000010095.2510   17.3582
    7.5000   45.0000   30.0000 9636.3086   17.3624
   -7.5000  -45.0000   37.5000 9964.7988   16.5538
    0.0000  -45.0000   37.500010401.7959   16.5364
    7.5000  -45.0000   37.5000 9945.5752   16.5412
   -7.5000  -37.5000   37.500010600.8652   16.4054
    0.0000  -37.5000   37.500011053.0371   16.3893
    7.5000  -37.5000   37.500010567.1934   16.4055
   -7.5000  -30.0000   37.500011340.3496   16.3154
    0.0000  -30.0000   37.500011821.9336   16.3041
    7.5000  -30.0000   37.500011279.9443   16.3281
   -7.5000  -22.5000   37.500012005.4951   16.3307
    0.0000  -22.5000   37.500012489.9277   16.3227
    7.5000  -22.5000   37.500011924.6885   16.3417
   -7.5000  -15.0000   37.500012547.8018   16.3617
    0.0000  -15.0000   37.500013056.8135   16.3535
    7.5000  -15.0000   37.500012453.6260   16.3612
   -7.5000   -7.5000   37.500013002.7236   16.3766
    0.0000   -7.5000   37.500013534.0547   16.3631
    7.5000   -7.5000   37.500012916.0791   16.3637
   -7.5000    0.0000   37.500013287.5938   16.3644
    0.0000    0.0000   37.500013831.8193   16.3469
    7.5000    0.0000   37.500013251.8037   16.3512
   -7.5000    7.5000   37.500012532.8486   16.3312
    0.0000    7.5000   37.500013046.4922   16.3155
    7.5000    7.5000   37.500012525.9160   16.3318
   -7.5000   15.0000   37.500011761.3467   16.3174
    0.0000   15.0000   37.500012237.7012   16.3063
    7.5000   15.0000   37.500011740.5947   16.3302
   -7.5000   22.5000   37.500011029.1973   16.6717
    0.0000   22.5000   37.500011464.3975   16.6606
    7.5000   22.5000   37.500010970.2891   16.6783
   -7.5000   30.0000   37.500010296.8828   16.9424
    0.0000   30.0000   37.500010719.7031   16.9287
    7.5000   30.0000   37.500010285.5713   16.9348
   -7.5000   37.5000   37.5000 9974.9209   17.4467
    0.0000   37.5000   37.500010401.8428   17.4271
    7.5000   37.5000   37.5000 9966.1553   17.4230
   -7.5000   45.0000   37.5000 9332.7441   17.5538
    0.0000   45.0000   37.5000 9737.4932   17.5322
    7.5000   45.0000   37.5000 9308.0732   17.5322
   -7.5000  -45.0000   45.0000 9172.4824   16.7883
    0.0000  -45.0000   45.0000 9556.1602   16.7715
    7.5000  -45.0000   45.0000 9163.2422   16.7789
   -7.5000  -37.5000   45.0000 9745.4424   16.6387
    0.0000  -37.5000   45.000010169.2109   16.6232
    7.5000  -37.5000   45.0000 9729.4297   16.6392
   -7.5000  -30.0000   45.000010427.5635   16.5453
    0.0000  -30.0000   45.000010859.2451   16.5354
    7.5000  -30.0000   45.000010368.8281   16.5580
   -7.5000  -22.5000   45.000011033.3311   16.5566
    0.0000  -22.5000   45.000011465.7227   16.5512
    7.5000  -22.5000   45.000010952.3936   16.5708
   -7.5000  -15.0000   45.000011506.5850   16.5851
    0.0000  -15.0000   45.000011969.7979   16.5792
    7.5000  -15.0000   45.000011436.1104   16.5900
   -7.5000   -7.5000   45.000011925.4912   16.6011
    0.0000   -7.5000   45.000012386.7012   16.5886
    7.5000   -7.5000   45.000011829.7012   16.5931
   -7.5000    0.0000   45.000012191.3818   16.5925
    0.0000    0.0000   45.000012653.6650   16.5754
    7.5000    0.0000   45.000012108.5225   16.5823
   -7.5000    7.5000   45.000011492.2100   16.5620
    0.0000    7.5000   45.000011947.7295   16.5468
    7.5000    7.5000   45.000011457.3262   16.5630
   -7.5000   15.0000   45.000010757.5635   16.5475
    0.0000   15.0000   45.000011214.1992   16.5378
    7.5000   15.0000   45.000010745.8486   16.5604
   -7.5000   22.5000   45.000010109.7490   16.9051
    0.0000   22.5000   45.000010529.2920   16.8982
    7.5000   22.5000   45.000010078.2197   16.9170
   -7.5000   30.0000   45.0000 9465.3506   17.1774
    0.0000   30.0000   45.0000 9870.9756   17.1660
    7.5000   30.0000   45.0000 9450.2861   17.1741
   -7.5000   37.5000   45.0000 9168.5859   17.6903
    0.0000   37.5000   45.0000 9570.8711   17.6710
    7.5000   37.5000   45.0000 9145.1113   17.6693
   -7.5000   45.0000   45.0000 8587.9863   17.8097
    0.0000   45.0000   45.0000 8950.5391   17.7890
    7.5000   45.0000   45.0000 8551.4385   17.7904

---------------------------------------------------------------------
imgreg_4dfp /opt/freesurfer/average/711-2C_as_mni_average_305 /opt/freesurfer/average/711-2B_as_mni_average_305_mask talsrcimg_g11 none talsrcimg_to_711-2C_as_mni_average_305_t4 4355
---------------------------------------------------------------------

freesurfer imgreg_4dfp.c
/opt/freesurfer/average/711-2C_as_mni_average_305.4dfp.img
       256       256       256         1
  1.000000  1.000000  1.000000
orientation T byte_order littleendian
Reading image: /opt/freesurfer/average/711-2C_as_mni_average_305.4dfp.img
dimensions:      256       256       256
mmppix:       1.0000   -1.0000   -1.0000
center:     128.0000 -129.0000 -129.0000
/opt/freesurfer/average/711-2B_as_mni_average_305_mask.4dfp.img
       256       256       256         1
  1.000000  1.000000  1.000000
orientation T byte_order littleendian
Reading mask: /opt/freesurfer/average/711-2B_as_mni_average_305_mask.4dfp.img (2306576 pixels)
talsrcimg_g11.4dfp.img
       256       256       256         1
  1.000000  1.000000  1.000000
orientation T byte_order littleendian
Reading image: talsrcimg_g11.4dfp.img
dimensions:      256       256       256
mmppix:       1.0000   -1.0000   -1.0000
center:     128.0000 -129.0000 -129.0000
rotation matrix determinant  1.000000
image alignment mode   4355 decimal     1103 hex
   -7.5000  -45.0000  -45.0000 2232.4360   18.7214
    0.0000  -45.0000  -45.0000 2254.7600   18.5901
    7.5000  -45.0000  -45.0000 2251.7224   18.7191
   -7.5000  -37.5000  -45.0000 2250.8921   18.2003
    0.0000  -37.5000  -45.0000 2282.5168   18.0410
    7.5000  -37.5000  -45.0000 2267.5623   18.1401
   -7.5000  -30.0000  -45.0000 2288.8242   17.7919
    0.0000  -30.0000  -45.0000 2313.1021   17.6761
    7.5000  -30.0000  -45.0000 2296.8921   17.7492
   -7.5000  -22.5000  -45.0000 2316.1458   17.5383
    0.0000  -22.5000  -45.0000 2338.3916   17.4734
    7.5000  -22.5000  -45.0000 2318.9839   17.5002
   -7.5000  -15.0000  -45.0000 2325.2656   17.3629
    0.0000  -15.0000  -45.0000 2349.9116   17.3471
    7.5000  -15.0000  -45.0000 2333.0715   17.3617
   -7.5000   -7.5000  -45.0000 2330.8054   17.2439
    0.0000   -7.5000  -45.0000 2346.7495   17.2089
    7.5000   -7.5000  -45.0000 2329.6533   17.2158
   -7.5000    0.0000  -45.0000 2315.5654   17.2244
    0.0000    0.0000  -45.0000 2334.3184   17.1685
    7.5000    0.0000  -45.0000 2311.5708   17.2324
   -7.5000    7.5000  -45.0000 2304.4109   17.3252
    0.0000    7.5000  -45.0000 2318.3916   17.2578
    7.5000    7.5000  -45.0000 2300.1721   17.3617
   -7.5000   15.0000  -45.0000 2281.1814   17.6605
    0.0000   15.0000  -45.0000 2295.5984   17.5248
    7.5000   15.0000  -45.0000 2278.1736   17.6500
   -7.5000   22.5000  -45.0000 2256.5566   18.1349
    0.0000   22.5000  -45.0000 2271.5203   18.0612
    7.5000   22.5000  -45.0000 2247.9778   18.2056
   -7.5000   30.0000  -45.0000 2218.5051   19.0433
    0.0000   30.0000  -45.0000 2234.8853   18.9772
    7.5000   30.0000  -45.0000 2205.2393   19.1374
   -7.5000   37.5000  -45.0000 2155.7566   20.3137
    0.0000   37.5000  -45.0000 2169.4233   20.2569
    7.5000   37.5000  -45.0000 2140.5388   20.4377
   -7.5000   45.0000  -45.0000 2071.6509   22.0017
    0.0000   45.0000  -45.0000 2079.2168   21.8803
    7.5000   45.0000  -45.0000 2057.1599   22.0951
   -7.5000  -45.0000  -37.5000 2322.5117   17.1970
    0.0000  -45.0000  -37.5000 2351.6377   17.0898
    7.5000  -45.0000  -37.5000 2341.4314   17.1960
   -7.5000  -37.5000  -37.5000 2350.9565   16.7118
    0.0000  -37.5000  -37.5000 2383.0591   16.6336
    7.5000  -37.5000  -37.5000 2364.0320   16.7116
   -7.5000  -30.0000  -37.5000 2391.3833   16.3511
    0.0000  -30.0000  -37.5000 2416.4260   16.2806
    7.5000  -30.0000  -37.5000 2400.3547   16.3670
   -7.5000  -22.5000  -37.5000 2414.6799   16.1264
    0.0000  -22.5000  -37.5000 2442.5127   16.0576
    7.5000  -22.5000  -37.5000 2424.6479   16.0914
   -7.5000  -15.0000  -37.5000 2424.2563   15.9326
    0.0000  -15.0000  -37.5000 2446.7185   15.8924
    7.5000  -15.0000  -37.5000 2433.3000   15.9120
   -7.5000   -7.5000  -37.5000 2427.1602   15.8453
    0.0000   -7.5000  -37.5000 2445.0461   15.7920
    7.5000   -7.5000  -37.5000 2430.8767   15.8006
   -7.5000    0.0000  -37.5000 2428.6348   15.8512
    0.0000    0.0000  -37.5000 2443.1523   15.7899
    7.5000    0.0000  -37.5000 2422.3748   15.8056
   -7.5000    7.5000  -37.5000 2416.1238   15.9621
    0.0000    7.5000  -37.5000 2427.2607   15.8898
    7.5000    7.5000  -37.5000 2410.7703   15.9522
   -7.5000   15.0000  -37.5000 2390.2070   16.2248
    0.0000   15.0000  -37.5000 2402.2144   16.1510
    7.5000   15.0000  -37.5000 2385.4224   16.2920
   -7.5000   22.5000  -37.5000 2361.4612   16.7352
    0.0000   22.5000  -37.5000 2375.7698   16.6716
    7.5000   22.5000  -37.5000 2351.1562   16.7961
   -7.5000   30.0000  -37.5000 2317.9292   17.5395
    0.0000   30.0000  -37.5000 2335.7092   17.5013
    7.5000   30.0000  -37.5000 2303.8333   17.6371
   -7.5000   37.5000  -37.5000 2255.3691   18.7112
    0.0000   37.5000  -37.5000 2261.0479   18.6477
    7.5000   37.5000  -37.5000 2234.4668   18.8405
   -7.5000   45.0000  -37.5000 2169.6990   20.2173
    0.0000   45.0000  -37.5000 2175.6638   20.1385
    7.5000   45.0000  -37.5000 2149.7400   20.3682
   -7.5000  -45.0000  -30.0000 2448.0410   16.4906
    0.0000  -45.0000  -30.0000 2479.7419   16.3548
    7.5000  -45.0000  -30.0000 2475.5989   16.4868
   -7.5000  -37.5000  -30.0000 2490.0955   16.0409
    0.0000  -37.5000  -30.0000 2516.2717   15.8930
    7.5000  -37.5000  -30.0000 2503.6270   16.0039
   -7.5000  -30.0000  -30.0000 2524.8967   15.6752
    0.0000  -30.0000  -30.0000 2551.5134   15.5749
    7.5000  -30.0000  -30.0000 2535.4028   15.6603
   -7.5000  -22.5000  -30.0000 2547.1267   15.4028
    0.0000  -22.5000  -30.0000 2574.2932   15.3088
    7.5000  -22.5000  -30.0000 2563.5027   15.4238
   -7.5000  -15.0000  -30.0000 2556.4404   15.1761
    0.0000  -15.0000  -30.0000 2578.0276   15.0742
    7.5000  -15.0000  -30.0000 2568.7070   15.1340
   -7.5000   -7.5000  -30.0000 2556.6580   15.0761
    0.0000   -7.5000  -30.0000 2574.2236   14.9543
    7.5000   -7.5000  -30.0000 2561.3716   15.0096
   -7.5000    0.0000  -30.0000 2571.8975   15.0277
    0.0000    0.0000  -30.0000 2583.8279   14.9717
    7.5000    0.0000  -30.0000 2563.2004   15.0324
   -7.5000    7.5000  -30.0000 2567.8567   15.1401
    0.0000    7.5000  -30.0000 2584.5740   15.0804
    7.5000    7.5000  -30.0000 2561.0237   15.1840
   -7.5000   15.0000  -30.0000 2549.9385   15.4535
    0.0000   15.0000  -30.0000 2561.7261   15.3695
    7.5000   15.0000  -30.0000 2535.3828   15.5078
   -7.5000   22.5000  -30.0000 2521.7314   16.0266
    0.0000   22.5000  -30.0000 2536.2163   15.9232
    7.5000   22.5000  -30.0000 2502.8723   16.0427
   -7.5000   30.0000  -30.0000 2469.3860   16.8282
    0.0000   30.0000  -30.0000 2483.9446   16.7566
    7.5000   30.0000  -30.0000 2451.2869   16.8854
   -7.5000   37.5000  -30.0000 2396.2061   17.9029
    0.0000   37.5000  -30.0000 2403.2444   17.8150
    7.5000   37.5000  -30.0000 2372.0405   17.9915
   -7.5000   45.0000  -30.0000 2299.5635   19.3628
    0.0000   45.0000  -30.0000 2304.2339   19.2563
    7.5000   45.0000  -30.0000 2276.6653   19.4442
   -7.5000  -45.0000  -22.5000 2547.0696   15.8301
    0.0000  -45.0000  -22.5000 2587.6187   15.6769
    7.5000  -45.0000  -22.5000 2572.2800   15.7627
   -7.5000  -37.5000  -22.5000 2584.4482   15.3543
    0.0000  -37.5000  -22.5000 2620.0308   15.2205
    7.5000  -37.5000  -22.5000 2602.5747   15.3104
   -7.5000  -30.0000  -22.5000 2616.6157   14.9714
    0.0000  -30.0000  -22.5000 2651.2839   14.8251
    7.5000  -30.0000  -22.5000 2633.9360   14.9431
   -7.5000  -22.5000  -22.5000 2640.2471   14.6100
    0.0000  -22.5000  -22.5000 2668.0713   14.4938
    7.5000  -22.5000  -22.5000 2657.7861   14.5945
   -7.5000  -15.0000  -22.5000 2654.1550   14.3129
    0.0000  -15.0000  -22.5000 2675.7178   14.1915
    7.5000  -15.0000  -22.5000 2664.4082   14.3115
   -7.5000   -7.5000  -22.5000 2662.8955   14.2191
    0.0000   -7.5000  -22.5000 2682.3828   14.0832
    7.5000   -7.5000  -22.5000 2668.3911   14.1806
   -7.5000    0.0000  -22.5000 2684.3843   14.2082
    0.0000    0.0000  -22.5000 2700.9019   14.0752
    7.5000    0.0000  -22.5000 2674.6321   14.1872
   -7.5000    7.5000  -22.5000 2692.2195   14.3681
    0.0000    7.5000  -22.5000 2710.2610   14.2288
    7.5000    7.5000  -22.5000 2674.5847   14.3410
   -7.5000   15.0000  -22.5000 2682.3503   14.6439
    0.0000   15.0000  -22.5000 2695.4216   14.5320
    7.5000   15.0000  -22.5000 2662.3765   14.6671
   -7.5000   22.5000  -22.5000 2654.8496   15.1929
    0.0000   22.5000  -22.5000 2670.7361   15.1102
    7.5000   22.5000  -22.5000 2635.1187   15.2505
   -7.5000   30.0000  -22.5000 2597.6018   15.9961
    0.0000   30.0000  -22.5000 2606.1133   15.9150
    7.5000   30.0000  -22.5000 2574.6184   16.0524
   -7.5000   37.5000  -22.5000 2510.7241   17.0427
    0.0000   37.5000  -22.5000 2518.9436   16.9485
    7.5000   37.5000  -22.5000 2488.3088   17.1088
   -7.5000   45.0000  -22.5000 2401.7563   18.4766
    0.0000   45.0000  -22.5000 2408.9014   18.3419
    7.5000   45.0000  -22.5000 2383.9810   18.5113
   -7.5000  -45.0000  -15.0000 2607.5698   15.2677
    0.0000  -45.0000  -15.0000 2641.2764   15.0957
    7.5000  -45.0000  -15.0000 2629.5171   15.1969
   -7.5000  -37.5000  -15.0000 2639.3735   14.7601
    0.0000  -37.5000  -15.0000 2670.4036   14.5890
    7.5000  -37.5000  -15.0000 2661.1443   14.7292
   -7.5000  -30.0000  -15.0000 2662.5850   14.3209
    0.0000  -30.0000  -15.0000 2701.7146   14.1315
    7.5000  -30.0000  -15.0000 2685.6558   14.2931
   -7.5000  -22.5000  -15.0000 2690.4790   13.9092
    0.0000  -22.5000  -15.0000 2722.3992   13.7315
    7.5000  -22.5000  -15.0000 2710.5959   13.8901
   -7.5000  -15.0000  -15.0000 2717.9690   13.5921
    0.0000  -15.0000  -15.0000 2743.5210   13.4340
    7.5000  -15.0000  -15.0000 2727.5081   13.5705
   -7.5000   -7.5000  -15.0000 2746.5591   13.4692
    0.0000   -7.5000  -15.0000 2767.2859   13.2864
    7.5000   -7.5000  -15.0000 2745.9812   13.4296
   -7.5000    0.0000  -15.0000 2770.2637   13.4844
    0.0000    0.0000  -15.0000 2788.3904   13.3019
    7.5000    0.0000  -15.0000 2755.9326   13.4511
   -7.5000    7.5000  -15.0000 2788.2490   13.6167
    0.0000    7.5000  -15.0000 2812.5605   13.4651
    7.5000    7.5000  -15.0000 2762.7874   13.6233
   -7.5000   15.0000  -15.0000 2780.2380   13.9108
    0.0000   15.0000  -15.0000 2799.9253   13.7722
    7.5000   15.0000  -15.0000 2754.6941   13.9455
   -7.5000   22.5000  -15.0000 2747.7297   14.4576
    0.0000   22.5000  -15.0000 2767.6460   14.3012
    7.5000   22.5000  -15.0000 2727.8000   14.4862
   -7.5000   30.0000  -15.0000 2683.3938   15.1909
    0.0000   30.0000  -15.0000 2691.3083   15.0823
    7.5000   30.0000  -15.0000 2662.0398   15.2884
   -7.5000   37.5000  -15.0000 2588.7324   16.2403
    0.0000   37.5000  -15.0000 2597.7141   16.1087
    7.5000   37.5000  -15.0000 2568.7500   16.3370
   -7.5000   45.0000  -15.0000 2473.7307   17.6262
    0.0000   45.0000  -15.0000 2481.8826   17.4624
    7.5000   45.0000  -15.0000 2454.6348   17.6933
   -7.5000  -45.0000   -7.5000 2638.0332   14.8529
    0.0000  -45.0000   -7.5000 2671.2986   14.6050
    7.5000  -45.0000   -7.5000 2664.0820   14.7707
   -7.5000  -37.5000   -7.5000 2662.5610   14.2808
    0.0000  -37.5000   -7.5000 2699.7783   14.0359
    7.5000  -37.5000   -7.5000 2691.5271   14.2481
   -7.5000  -30.0000   -7.5000 2684.8164   13.7785
    0.0000  -30.0000   -7.5000 2721.2578   13.5544
    7.5000  -30.0000   -7.5000 2711.5442   13.7684
   -7.5000  -22.5000   -7.5000 2713.0933   13.3534
    0.0000  -22.5000   -7.5000 2748.2278   13.1472
    7.5000  -22.5000   -7.5000 2737.3333   13.3152
   -7.5000  -15.0000   -7.5000 2750.1763   13.0491
    0.0000  -15.0000   -7.5000 2777.2207   12.8360
    7.5000  -15.0000   -7.5000 2762.4993   12.9780
   -7.5000   -7.5000   -7.5000 2794.5444   12.8873
    0.0000   -7.5000   -7.5000 2823.0466   12.6778
    7.5000   -7.5000   -7.5000 2795.8774   12.8092
   -7.5000    0.0000   -7.5000 2834.5298   12.8612
    0.0000    0.0000   -7.5000 2860.6606   12.6701
    7.5000    0.0000   -7.5000 2819.9258   12.8200
   -7.5000    7.5000   -7.5000 2869.4353   13.0318
    0.0000    7.5000   -7.5000 2900.2400   12.8476
    7.5000    7.5000   -7.5000 2842.3169   13.0275
   -7.5000   15.0000   -7.5000 2867.0598   13.3514
    0.0000   15.0000   -7.5000 2893.8650   13.1454
    7.5000   15.0000   -7.5000 2834.4072   13.3495
   -7.5000   22.5000   -7.5000 2828.1433   13.8372
    0.0000   22.5000   -7.5000 2844.5908   13.6453
    7.5000   22.5000   -7.5000 2796.0720   13.8500
   -7.5000   30.0000   -7.5000 2745.9001   14.5204
    0.0000   30.0000   -7.5000 2756.9089   14.3675
    7.5000   30.0000   -7.5000 2715.6633   14.5843
   -7.5000   37.5000   -7.5000 2642.7253   15.5445
    0.0000   37.5000   -7.5000 2653.2786   15.3879
    7.5000   37.5000   -7.5000 2617.0828   15.6124
   -7.5000   45.0000   -7.5000 2522.1360   16.9595
    0.0000   45.0000   -7.5000 2533.3750   16.7879
    7.5000   45.0000   -7.5000 2500.1477   16.9612
   -7.5000  -45.0000    0.0000 2651.1458   14.5570
    0.0000  -45.0000    0.0000 2690.3213   14.3130
    7.5000  -45.0000    0.0000 2680.8296   14.4981
   -7.5000  -37.5000    0.0000 2667.3328   13.9493
    0.0000  -37.5000    0.0000 2706.0100   13.7180
    7.5000  -37.5000    0.0000 2695.4802   13.9198
   -7.5000  -30.0000    0.0000 2689.7996   13.4339
    0.0000  -30.0000    0.0000 2718.8413   13.1829
    7.5000  -30.0000    0.0000 2709.4397   13.3995
   -7.5000  -22.5000    0.0000 2721.6616   12.9845
    0.0000  -22.5000    0.0000 2749.8572   12.7317
    7.5000  -22.5000    0.0000 2736.8752   12.9708
   -7.5000  -15.0000    0.0000 2763.7659   12.6757
    0.0000  -15.0000    0.0000 2788.5806   12.4308
    7.5000  -15.0000    0.0000 2767.5112   12.6226
   -7.5000   -7.5000    0.0000 2816.8357   12.5287
    0.0000   -7.5000    0.0000 2844.7849   12.2804
    7.5000   -7.5000    0.0000 2813.0635   12.4585
   -7.5000    0.0000    0.0000 2876.4255   12.5524
    0.0000    0.0000    0.0000 2910.5571   12.3249
    7.5000    0.0000    0.0000 2860.6799   12.4825
   -7.5000    7.5000    0.0000 2934.0842   12.7565
    0.0000    7.5000    0.0000 2982.2158   12.5527
    7.5000    7.5000    0.0000 2904.4336   12.7064
   -7.5000   15.0000    0.0000 2947.3213   13.0366
    0.0000   15.0000    0.0000 2986.4341   12.8538
    7.5000   15.0000    0.0000 2898.3694   13.0125
   -7.5000   22.5000    0.0000 2887.0923   13.4485
    0.0000   22.5000    0.0000 2906.3782   13.2787
    7.5000   22.5000    0.0000 2843.5195   13.4451
   -7.5000   30.0000    0.0000 2789.9448   14.0438
    0.0000   30.0000    0.0000 2805.5623   13.8917
    7.5000   30.0000    0.0000 2759.9089   14.0702
   -7.5000   37.5000    0.0000 2677.4358   15.0382
    0.0000   37.5000    0.0000 2689.6431   14.8900
    7.5000   37.5000    0.0000 2649.2336   15.0477
   -7.5000   45.0000    0.0000 2549.0632   16.4704
    0.0000   45.0000    0.0000 2555.3398   16.3387
    7.5000   45.0000    0.0000 2521.5017   16.4641
   -7.5000  -45.0000    7.5000 2646.0808   14.5033
    0.0000  -45.0000    7.5000 2689.9478   14.2324
    7.5000  -45.0000    7.5000 2675.0876   14.4300
   -7.5000  -37.5000    7.5000 2664.3569   13.8838
    0.0000  -37.5000    7.5000 2694.1274   13.6124
    7.5000  -37.5000    7.5000 2682.7764   13.8397
   -7.5000  -30.0000    7.5000 2683.4514   13.3290
    0.0000  -30.0000    7.5000 2703.9656   13.0380
    7.5000  -30.0000    7.5000 2698.6692   13.3179
   -7.5000  -22.5000    7.5000 2719.9285   12.8752
    0.0000  -22.5000    7.5000 2740.3767   12.5997
    7.5000  -22.5000    7.5000 2727.9333   12.9008
   -7.5000  -15.0000    7.5000 2763.0828   12.5572
    0.0000  -15.0000    7.5000 2784.8806   12.3252
    7.5000  -15.0000    7.5000 2763.1411   12.5808
   -7.5000   -7.5000    7.5000 2819.7004   12.3992
    0.0000   -7.5000    7.5000 2846.4048   12.1877
    7.5000   -7.5000    7.5000 2809.5063   12.3980
   -7.5000    0.0000    7.5000 2890.0408   12.4028
    0.0000    0.0000    7.5000 2915.5527   12.2351
    7.5000    0.0000    7.5000 2865.4846   12.3932
   -7.5000    7.5000    7.5000 2966.2800   12.6443
    0.0000    7.5000    7.5000 3008.0376   12.4979
    7.5000    7.5000    7.5000 2925.3069   12.5968
   -7.5000   15.0000    7.5000 2991.9055   12.9200
    0.0000   15.0000    7.5000 3026.4927   12.8010
    7.5000   15.0000    7.5000 2920.5859   12.9235
   -7.5000   22.5000    7.5000 2917.4604   13.2522
    0.0000   22.5000    7.5000 2937.8479   13.1229
    7.5000   22.5000    7.5000 2862.4656   13.3052
   -7.5000   30.0000    7.5000 2809.6211   13.8143
    0.0000   30.0000    7.5000 2825.5725   13.6785
    7.5000   30.0000    7.5000 2774.8325   13.8750
   -7.5000   37.5000    7.5000 2690.2112   14.8002
    0.0000   37.5000    7.5000 2703.2183   14.6490
    7.5000   37.5000    7.5000 2668.4629   14.8107
   -7.5000   45.0000    7.5000 2561.2073   16.1840
    0.0000   45.0000    7.5000 2564.1438   16.0334
    7.5000   45.0000    7.5000 2530.0552   16.1949
   -7.5000  -45.0000   15.0000 2617.8047   14.7040
    0.0000  -45.0000   15.0000 2654.0422   14.3892
    7.5000  -45.0000   15.0000 2641.8784   14.6108
   -7.5000  -37.5000   15.0000 2639.2358   14.0695
    0.0000  -37.5000   15.0000 2666.7263   13.7899
    7.5000  -37.5000   15.0000 2657.2271   14.0327
   -7.5000  -30.0000   15.0000 2662.5889   13.5118
    0.0000  -30.0000   15.0000 2680.8210   13.2558
    7.5000  -30.0000   15.0000 2666.0173   13.5056
   -7.5000  -22.5000   15.0000 2703.2361   13.0468
    0.0000  -22.5000   15.0000 2717.2856   12.8254
    7.5000  -22.5000   15.0000 2698.8071   13.0798
   -7.5000  -15.0000   15.0000 2751.2056   12.6981
    0.0000  -15.0000   15.0000 2765.2649   12.5142
    7.5000  -15.0000   15.0000 2740.6309   12.7661
   -7.5000   -7.5000   15.0000 2810.8552   12.5132
    0.0000   -7.5000   15.0000 2826.8137   12.3270
    7.5000   -7.5000   15.0000 2789.8628   12.5718
   -7.5000    0.0000   15.0000 2873.9951   12.4750
    0.0000    0.0000   15.0000 2892.3247   12.3053
    7.5000    0.0000   15.0000 2843.6250   12.5257
   -7.5000    7.5000   15.0000 2942.6318   12.6044
    0.0000    7.5000   15.0000 2963.3308   12.4404
    7.5000    7.5000   15.0000 2892.7615   12.6773
   -7.5000   15.0000   15.0000 2965.1226   12.8721
    0.0000   15.0000   15.0000 2980.0691   12.7274
    7.5000   15.0000   15.0000 2890.9697   12.9992
   -7.5000   22.5000   15.0000 2890.3386   13.3504
    0.0000   22.5000   15.0000 2909.8347   13.1848
    7.5000   22.5000   15.0000 2839.4351   13.4186
   -7.5000   30.0000   15.0000 2792.1133   13.9943
    0.0000   30.0000   15.0000 2807.8159   13.8391
    7.5000   30.0000   15.0000 2757.7329   14.0500
   -7.5000   37.5000   15.0000 2673.9836   14.9371
    0.0000   37.5000   15.0000 2687.4980   14.7829
    7.5000   37.5000   15.0000 2651.7112   14.9365
   -7.5000   45.0000   15.0000 2545.7319   16.2305
    0.0000   45.0000   15.0000 2551.7141   16.0737
    7.5000   45.0000   15.0000 2519.8230   16.2242
   -7.5000  -45.0000   22.5000 2569.7390   15.0657
    0.0000  -45.0000   22.5000 2594.8901   14.7939
    7.5000  -45.0000   22.5000 2582.9578   15.0200
   -7.5000  -37.5000   22.5000 2600.4722   14.4284
    0.0000  -37.5000   22.5000 2622.5835   14.2069
    7.5000  -37.5000   22.5000 2606.0093   14.4387
   -7.5000  -30.0000   22.5000 2634.4907   13.8386
    0.0000  -30.0000   22.5000 2652.4641   13.6305
    7.5000  -30.0000   22.5000 2623.9836   13.8794
   -7.5000  -22.5000   22.5000 2677.1411   13.3576
    0.0000  -22.5000   22.5000 2693.1116   13.1476
    7.5000  -22.5000   22.5000 2661.2039   13.4274
   -7.5000  -15.0000   22.5000 2727.3853   13.0206
    0.0000  -15.0000   22.5000 2745.6184   12.8245
    7.5000  -15.0000   22.5000 2711.4548   13.1144
   -7.5000   -7.5000   22.5000 2784.1553   12.8251
    0.0000   -7.5000   22.5000 2800.9817   12.6363
    7.5000   -7.5000   22.5000 2761.5002   12.9073
   -7.5000    0.0000   22.5000 2832.6709   12.7476
    0.0000    0.0000   22.5000 2844.2424   12.5613
    7.5000    0.0000   22.5000 2805.1731   12.8418
   -7.5000    7.5000   22.5000 2878.8291   12.8150
    0.0000    7.5000   22.5000 2888.7380   12.6322
    7.5000    7.5000   22.5000 2835.0481   12.9653
   -7.5000   15.0000   22.5000 2889.5571   13.0904
    0.0000   15.0000   22.5000 2897.7263   12.9422
    7.5000   15.0000   22.5000 2831.1089   13.2290
   -7.5000   22.5000   22.5000 2833.6042   13.6773
    0.0000   22.5000   22.5000 2847.1528   13.5166
    7.5000   22.5000   22.5000 2786.2380   13.7473
   -7.5000   30.0000   22.5000 2750.2256   14.4212
    0.0000   30.0000   22.5000 2759.3303   14.2802
    7.5000   30.0000   22.5000 2710.8157   14.4944
   -7.5000   37.5000   22.5000 2639.7004   15.3863
    0.0000   37.5000   22.5000 2651.3098   15.2270
    7.5000   37.5000   22.5000 2617.3416   15.4096
   -7.5000   45.0000   22.5000 2512.7939   16.6054
    0.0000   45.0000   22.5000 2520.2175   16.4405
    7.5000   45.0000   22.5000 2490.5933   16.6170
   -7.5000  -45.0000   30.0000 2513.9570   15.5372
    0.0000  -45.0000   30.0000 2537.9749   15.2865
    7.5000  -45.0000   30.0000 2521.0015   15.5362
   -7.5000  -37.5000   30.0000 2553.9045   14.8554
    0.0000  -37.5000   30.0000 2574.5225   14.6626
    7.5000  -37.5000   30.0000 2553.4819   14.9141
   -7.5000  -30.0000   30.0000 2596.8984   14.2644
    0.0000  -30.0000   30.0000 2615.6775   14.0629
    7.5000  -30.0000   30.0000 2581.8928   14.3615
   -7.5000  -22.5000   30.0000 2642.8315   13.8327
    0.0000  -22.5000   30.0000 2661.8665   13.6370
    7.5000  -22.5000   30.0000 2626.3301   13.9124
   -7.5000  -15.0000   30.0000 2694.6421   13.5097
    0.0000  -15.0000   30.0000 2714.3369   13.3252
    7.5000  -15.0000   30.0000 2670.9336   13.6045
   -7.5000   -7.5000   30.0000 2747.4065   13.3117
    0.0000   -7.5000   30.0000 2763.2739   13.1438
    7.5000   -7.5000   30.0000 2718.8867   13.4146
   -7.5000    0.0000   30.0000 2789.0525   13.2418
    0.0000    0.0000   30.0000 2796.5400   13.0723
    7.5000    0.0000   30.0000 2754.2202   13.3606
   -7.5000    7.5000   30.0000 2807.2227   13.2887
    0.0000    7.5000   30.0000 2818.1802   13.1102
    7.5000    7.5000   30.0000 2771.4912   13.4495
   -7.5000   15.0000   30.0000 2807.1760   13.5905
    0.0000   15.0000   30.0000 2810.1638   13.4458
    7.5000   15.0000   30.0000 2758.4260   13.7264
   -7.5000   22.5000   30.0000 2758.9346   14.1648
    0.0000   22.5000   30.0000 2769.3215   14.0109
    7.5000   22.5000   30.0000 2711.9490   14.2529
   -7.5000   30.0000   30.0000 2676.8943   14.9469
    0.0000   30.0000   30.0000 2685.9302   14.8103
    7.5000   30.0000   30.0000 2643.9023   15.0600
   -7.5000   37.5000   30.0000 2579.0107   15.9166
    0.0000   37.5000   30.0000 2588.8708   15.7820
    7.5000   37.5000   30.0000 2558.7390   16.0190
   -7.5000   45.0000   30.0000 2459.3079   17.2179
    0.0000   45.0000   30.0000 2475.3967   17.0562
    7.5000   45.0000   30.0000 2442.9692   17.2430
   -7.5000  -45.0000   37.5000 2457.9668   16.1611
    0.0000  -45.0000   37.5000 2486.7427   15.9395
    7.5000  -45.0000   37.5000 2462.0122   16.1907
   -7.5000  -37.5000   37.5000 2505.1250   15.4545
    0.0000  -37.5000   37.5000 2527.9094   15.2607
    7.5000  -37.5000   37.5000 2501.2966   15.5434
   -7.5000  -30.0000   37.5000 2555.1841   14.9066
    0.0000  -30.0000   37.5000 2572.6248   14.6912
    7.5000  -30.0000   37.5000 2536.3152   14.9607
   -7.5000  -22.5000   37.5000 2599.4233   14.4804
    0.0000  -22.5000   37.5000 2616.0896   14.2776
    7.5000  -22.5000   37.5000 2582.9490   14.5332
   -7.5000  -15.0000   37.5000 2646.8359   14.1485
    0.0000  -15.0000   37.5000 2662.4182   13.9757
    7.5000  -15.0000   37.5000 2621.1794   14.2402
   -7.5000   -7.5000   37.5000 2692.9080   13.9403
    0.0000   -7.5000   37.5000 2706.5020   13.7784
    7.5000   -7.5000   37.5000 2659.2898   14.0483
   -7.5000    0.0000   37.5000 2725.1526   13.9005
    0.0000    0.0000   37.5000 2733.0522   13.7401
    7.5000    0.0000   37.5000 2689.5913   14.0230
   -7.5000    7.5000   37.5000 2730.1704   13.9869
    0.0000    7.5000   37.5000 2741.5505   13.8425
    7.5000    7.5000   37.5000 2697.5198   14.1536
   -7.5000   15.0000   37.5000 2721.0024   14.3090
    0.0000   15.0000   37.5000 2728.9341   14.1900
    7.5000   15.0000   37.5000 2682.9058   14.4851
   -7.5000   22.5000   37.5000 2677.5522   14.8907
    0.0000   22.5000   37.5000 2683.7078   14.7466
    7.5000   22.5000   37.5000 2636.7737   15.0091
   -7.5000   30.0000   37.5000 2598.3948   15.6310
    0.0000   30.0000   37.5000 2610.2930   15.5012
    7.5000   30.0000   37.5000 2577.9783   15.7400
   -7.5000   37.5000   37.5000 2510.3245   16.5737
    0.0000   37.5000   37.5000 2524.3542   16.4808
    7.5000   37.5000   37.5000 2494.0730   16.7325
   -7.5000   45.0000   37.5000 2400.8142   17.8779
    0.0000   45.0000   37.5000 2412.6418   17.7759
    7.5000   45.0000   37.5000 2383.6042   17.9952
   -7.5000  -45.0000   45.0000 2397.6956   17.0323
    0.0000  -45.0000   45.0000 2423.6172   16.7986
    7.5000  -45.0000   45.0000 2400.9546   17.0691
   -7.5000  -37.5000   45.0000 2444.3704   16.3120
    0.0000  -37.5000   45.0000 2471.4148   16.0977
    7.5000  -37.5000   45.0000 2441.7603   16.3580
   -7.5000  -30.0000   45.0000 2494.5698   15.7312
    0.0000  -30.0000   45.0000 2515.8848   15.5364
    7.5000  -30.0000   45.0000 2478.0388   15.7777
   -7.5000  -22.5000   45.0000 2540.0476   15.2886
    0.0000  -22.5000   45.0000 2555.3586   15.1135
    7.5000  -22.5000   45.0000 2518.4988   15.3682
   -7.5000  -15.0000   45.0000 2578.6711   14.9620
    0.0000  -15.0000   45.0000 2592.4402   14.7949
    7.5000  -15.0000   45.0000 2554.3191   15.0497
   -7.5000   -7.5000   45.0000 2622.4229   14.7725
    0.0000   -7.5000   45.0000 2628.0564   14.6347
    7.5000   -7.5000   45.0000 2583.7742   14.8621
   -7.5000    0.0000   45.0000 2643.2317   14.7727
    0.0000    0.0000   45.0000 2644.1677   14.6371
    7.5000    0.0000   45.0000 2602.1909   14.8819
   -7.5000    7.5000   45.0000 2637.5808   14.8849
    0.0000    7.5000   45.0000 2643.4424   14.7782
    7.5000    7.5000   45.0000 2607.6133   15.0594
   -7.5000   15.0000   45.0000 2623.3679   15.2140
    0.0000   15.0000   45.0000 2629.6733   15.1500
    7.5000   15.0000   45.0000 2592.1367   15.4070
   -7.5000   22.5000   45.0000 2588.4741   15.7506
    0.0000   22.5000   45.0000 2593.7646   15.6464
    7.5000   22.5000   45.0000 2553.0034   15.9457
   -7.5000   30.0000   45.0000 2520.8135   16.4570
    0.0000   30.0000   45.0000 2531.1067   16.3639
    7.5000   30.0000   45.0000 2496.2539   16.6377
   -7.5000   37.5000   45.0000 2435.9470   17.4096
    0.0000   37.5000   45.0000 2449.3835   17.3042
    7.5000   37.5000   45.0000 2415.9800   17.5834
   -7.5000   45.0000   45.0000 2329.5720   18.7058
    0.0000   45.0000   45.0000 2337.4175   18.6174
    7.5000   45.0000   45.0000 2310.8645   18.8443

---------------------------------------------------------------------
imgreg_4dfp /opt/freesurfer/average/711-2C_as_mni_average_305 /opt/freesurfer/average/711-2B_as_mni_average_305_mask talsrcimg_g11 none talsrcimg_to_711-2C_as_mni_average_305_t4 1283
---------------------------------------------------------------------

freesurfer imgreg_4dfp.c
/opt/freesurfer/average/711-2C_as_mni_average_305.4dfp.img
       256       256       256         1
  1.000000  1.000000  1.000000
orientation T byte_order littleendian
Reading image: /opt/freesurfer/average/711-2C_as_mni_average_305.4dfp.img
dimensions:      256       256       256
mmppix:       1.0000   -1.0000   -1.0000
center:     128.0000 -129.0000 -129.0000
/opt/freesurfer/average/711-2B_as_mni_average_305_mask.4dfp.img
       256       256       256         1
  1.000000  1.000000  1.000000
orientation T byte_order littleendian
Reading mask: /opt/freesurfer/average/711-2B_as_mni_average_305_mask.4dfp.img (2306576 pixels)
talsrcimg_g11.4dfp.img
       256       256       256         1
  1.000000  1.000000  1.000000
orientation T byte_order littleendian
Reading image: talsrcimg_g11.4dfp.img
dimensions:      256       256       256
mmppix:       1.0000   -1.0000   -1.0000
center:     128.0000 -129.0000 -129.0000
rotation matrix determinant  1.000000
fimgreg.f
image alignment mode   1283 decimal      503 hex
parameters
    0.0000   15.0000    7.5000    0.0000    0.0000    0.0000
eta,q 0.94968 12.86346
niter,ni,del,rscale     5    3   12.0000    1.2000
parameter  5 -0.638570 -> -0.500000 qaram    1.1500
parameter  6 -0.651365 -> -0.500000 qaram    1.1500
parameters
   -2.3352   13.1798    7.0843   -0.8760    3.4500    3.4500
eta,q 0.96109 12.80373
  0.0569  0.0541  0.0539  0.0515  0.0685  0.0558
  0.0507  0.0486  0.0489  0.0480  0.0611  0.0506
  0.0482  0.0467  0.0467  0.0461  0.0532  0.0453
  0.0515  0.0479  0.0464  0.0465  0.0461  0.0415
  0.0596  0.0533  0.0480  0.0480  0.0420  0.0395
  0.0726  0.0608  0.0508  0.0509  0.0419  0.0389
  0.0847  0.0692  0.0559  0.0554  0.0445  0.0400
niter,ni,del,rscale     6    3   12.0000    1.2000
parameters
   -2.6197   13.1480    6.7360   -1.6055    3.4220    3.5412
eta,q 0.96180 12.77484
  0.0620  0.0541  0.0506  0.0454  0.0558  0.0488
  0.0490  0.0461  0.0420  0.0411  0.0466  0.0432
  0.0409  0.0410  0.0383  0.0385  0.0398  0.0400
  0.0389  0.0388  0.0388  0.0386  0.0383  0.0382
  0.0431  0.0397  0.0414  0.0406  0.0404  0.0388
  0.0533  0.0452  0.0458  0.0441  0.0463  0.0425
  0.0657  0.0557  0.0515  0.0495  0.0562  0.0487
niter,ni,del,rscale     5    3   12.0000    1.2000
parameters
   -2.6004   13.3258    6.5952   -1.7564    3.4140    3.5928
eta,q 0.96206 12.77555
  0.0640  0.0546  0.0510  0.0470  0.0557  0.0485
  0.0505  0.0468  0.0423  0.0422  0.0464  0.0430
  0.0412  0.0413  0.0380  0.0388  0.0396  0.0398
  0.0382  0.0382  0.0381  0.0380  0.0380  0.0380
  0.0417  0.0390  0.0406  0.0396  0.0402  0.0387
  0.0510  0.0443  0.0447  0.0427  0.0460  0.0425
  0.0631  0.0540  0.0504  0.0478  0.0559  0.0488
niter,ni,del,rscale     4    3   12.0000    1.2000
parameters
   -2.5865   13.3695    6.5593   -1.7944    3.4054    3.6116
eta,q 0.96212 12.77598
  0.0639  0.0538  0.0515  0.0473  0.0556  0.0484
  0.0503  0.0463  0.0427  0.0424  0.0464  0.0430
  0.0409  0.0409  0.0380  0.0389  0.0395  0.0397
  0.0379  0.0379  0.0379  0.0379  0.0379  0.0379
  0.0415  0.0391  0.0403  0.0394  0.0401  0.0387
  0.0508  0.0448  0.0444  0.0425  0.0460  0.0426
  0.0630  0.0546  0.0500  0.0474  0.0558  0.0489
registration optimization eta report
parameter search radius
    6.0000    6.0000    6.0000    6.0000    6.9000    6.9000
100000*second partial in parameter space
       70.       45.       36.       26.       37.       22.
  0.0639  0.0538  0.0515  0.0473  0.0556  0.0484
  0.0503  0.0463  0.0427  0.0424  0.0464  0.0430
  0.0409  0.0409  0.0380  0.0389  0.0395  0.0397
  0.0379  0.0379  0.0379  0.0379  0.0379  0.0379
  0.0415  0.0391  0.0403  0.0394  0.0401  0.0387
  0.0508  0.0448  0.0444  0.0425  0.0460  0.0426
  0.0630  0.0546  0.0500  0.0474  0.0558  0.0489
   -2.5865   13.3695    6.5593   -1.7944    3.4054    3.6116
eta,q 0.96212 12.77598

---------------------------------------------------------------------
imgreg_4dfp /opt/freesurfer/average/711-2C_as_mni_average_305 /opt/freesurfer/average/711-2B_as_mni_average_305_mask talsrcimg_g11 none talsrcimg_to_711-2C_as_mni_average_305_t4 3335
---------------------------------------------------------------------

freesurfer imgreg_4dfp.c
/opt/freesurfer/average/711-2C_as_mni_average_305.4dfp.img
       256       256       256         1
  1.000000  1.000000  1.000000
orientation T byte_order littleendian
Reading image: /opt/freesurfer/average/711-2C_as_mni_average_305.4dfp.img
dimensions:      256       256       256
mmppix:       1.0000   -1.0000   -1.0000
center:     128.0000 -129.0000 -129.0000
/opt/freesurfer/average/711-2B_as_mni_average_305_mask.4dfp.img
       256       256       256         1
  1.000000  1.000000  1.000000
orientation T byte_order littleendian
Reading mask: /opt/freesurfer/average/711-2B_as_mni_average_305_mask.4dfp.img (2306576 pixels)
talsrcimg_g11.4dfp.img
       256       256       256         1
  1.000000  1.000000  1.000000
orientation T byte_order littleendian
Reading image: talsrcimg_g11.4dfp.img
dimensions:      256       256       256
mmppix:       1.0000   -1.0000   -1.0000
center:     128.0000 -129.0000 -129.0000
fimgreg.f
image alignment mode   3335 decimal      D07 hex
parameters
   -2.5865   13.3695    6.5593   -0.3748   -0.2358   -0.2255
   -6.1105   -6.1226    6.2881    2.7511    5.9400   -3.1258
eta,q 0.96271 12.80041
niter,ni,del,rscale     5    3    5.0000    1.2000
parameter  4  1.298673 ->  0.500000 qaram    1.1500
parameters
   -2.7717   13.5546    6.8219   -4.5148   -2.8118   -0.3035
   -5.5183   -5.7343    5.8706    2.3221    5.1288   -3.9732
eta,q 0.96667 12.54514
  0.0410  0.0410  0.0400  0.0324  0.0344  0.0366  0.0374  0.0399  0.0351  0.0366  0.0345  0.0346
  0.0388  0.0391  0.0386  0.0333  0.0338  0.0351  0.0354  0.0366  0.0342  0.0346  0.0338  0.0338
  0.0375  0.0378  0.0377  0.0348  0.0334  0.0341  0.0340  0.0343  0.0336  0.0335  0.0334  0.0334
  0.0373  0.0373  0.0372  0.0372  0.0336  0.0334  0.0335  0.0334  0.0334  0.0334  0.0334  0.0334
  0.0381  0.0375  0.0373  0.0405  0.0347  0.0334  0.0336  0.0339  0.0337  0.0341  0.0337  0.0337
  0.0398  0.0384  0.0379  0.0441  0.0364  0.0347  0.0346  0.0357  0.0344  0.0353  0.0343  0.0344
  0.0423  0.0400  0.0390  0.0483  0.0388  0.0373  0.0363  0.0387  0.0356  0.0372  0.0351  0.0353
niter,ni,del,rscale     5    3    5.0000    1.2000
parameter  4  0.636256 ->  0.500000 qaram    1.3225
parameters
   -2.6348   13.6536    7.0552   -9.2758   -3.1168   -0.2506
   -5.4083   -5.7236    6.0550    2.3071    5.3214   -4.1651
eta,q 0.96819 12.28163
  0.0386  0.0367  0.0359  0.0321  0.0338  0.0348  0.0354  0.0374  0.0339  0.0352  0.0333  0.0333
  0.0358  0.0349  0.0346  0.0318  0.0328  0.0333  0.0335  0.0345  0.0328  0.0332  0.0325  0.0324
  0.0340  0.0337  0.0337  0.0322  0.0321  0.0323  0.0323  0.0325  0.0321  0.0320  0.0320  0.0320
  0.0333  0.0333  0.0333  0.0333  0.0318  0.0318  0.0318  0.0318  0.0318  0.0318  0.0318  0.0318
  0.0337  0.0336  0.0334  0.0353  0.0319  0.0318  0.0322  0.0325  0.0320  0.0323  0.0320  0.0320
  0.0351  0.0345  0.0340  0.0385  0.0328  0.0328  0.0333  0.0344  0.0326  0.0334  0.0324  0.0326
  0.0375  0.0361  0.0351  0.0424  0.0345  0.0351  0.0353  0.0374  0.0338  0.0350  0.0331  0.0335
niter,ni,del,rscale     5    3    5.0000    1.2000
parameters
   -2.5897   13.5386    7.2310  -10.2340   -3.1877   -0.1038
   -5.4860   -5.6643    5.9440    2.1765    5.3729   -4.0104
eta,q 0.96828 12.22001
  0.0368  0.0346  0.0343  0.0355  0.0339  0.0348  0.0352  0.0374  0.0338  0.0350  0.0332  0.0334
  0.0341  0.0329  0.0330  0.0333  0.0328  0.0332  0.0334  0.0344  0.0326  0.0331  0.0324  0.0325
  0.0324  0.0320  0.0321  0.0320  0.0321  0.0323  0.0321  0.0324  0.0320  0.0319  0.0319  0.0319
  0.0318  0.0318  0.0318  0.0318  0.0317  0.0318  0.0317  0.0317  0.0317  0.0317  0.0317  0.0317
  0.0323  0.0323  0.0319  0.0326  0.0318  0.0317  0.0322  0.0323  0.0319  0.0323  0.0319  0.0319
  0.0339  0.0334  0.0325  0.0343  0.0327  0.0327  0.0334  0.0342  0.0327  0.0334  0.0324  0.0324
  0.0365  0.0351  0.0336  0.0375  0.0342  0.0349  0.0354  0.0373  0.0339  0.0351  0.0331  0.0332
niter,ni,del,rscale     4    3    5.0000    1.2000
parameters
   -2.6026   13.4863    7.2964  -10.2192   -3.1946   -0.0678
   -5.4747   -5.6586    5.9300    2.1020    5.3795   -3.9188
eta,q 0.96829 12.22023
  0.0366  0.0347  0.0340  0.0363  0.0339  0.0347  0.0353  0.0373  0.0338  0.0351  0.0331  0.0333
  0.0339  0.0330  0.0328  0.0338  0.0328  0.0332  0.0334  0.0344  0.0327  0.0331  0.0324  0.0324
  0.0323  0.0320  0.0320  0.0323  0.0321  0.0322  0.0322  0.0324  0.0320  0.0319  0.0319  0.0319
  0.0317  0.0317  0.0317  0.0317  0.0317  0.0317  0.0317  0.0317  0.0317  0.0317  0.0317  0.0317
  0.0323  0.0321  0.0319  0.0322  0.0318  0.0317  0.0321  0.0323  0.0319  0.0322  0.0319  0.0319
  0.0340  0.0332  0.0326  0.0337  0.0326  0.0328  0.0334  0.0343  0.0327  0.0333  0.0324  0.0324
  0.0367  0.0349  0.0338  0.0364  0.0342  0.0351  0.0353  0.0373  0.0339  0.0350  0.0331  0.0332
niter,ni,del,rscale     3    3    5.0000    1.2000
parameters
   -2.6029   13.4700    7.3109  -10.2229   -3.1873   -0.0673
   -5.4755   -5.6566    5.9212    2.0763    5.3748   -3.8973
eta,q 0.96830 12.21961
  0.0366  0.0348  0.0339  0.0363  0.0339  0.0347  0.0353  0.0373  0.0338  0.0351  0.0331  0.0333
  0.0339  0.0330  0.0327  0.0338  0.0328  0.0332  0.0334  0.0344  0.0327  0.0331  0.0324  0.0324
  0.0323  0.0320  0.0320  0.0322  0.0321  0.0322  0.0321  0.0324  0.0320  0.0320  0.0319  0.0319
  0.0317  0.0317  0.0317  0.0317  0.0317  0.0317  0.0317  0.0317  0.0317  0.0317  0.0317  0.0317
  0.0323  0.0321  0.0319  0.0322  0.0318  0.0317  0.0321  0.0323  0.0319  0.0322  0.0319  0.0319
  0.0339  0.0331  0.0327  0.0337  0.0326  0.0328  0.0334  0.0343  0.0326  0.0333  0.0324  0.0324
  0.0366  0.0348  0.0338  0.0364  0.0341  0.0351  0.0353  0.0373  0.0339  0.0350  0.0331  0.0333
registration optimization eta report
parameter search radius
    2.4000    2.4000    2.4000    9.5220    7.2000    7.2000
    7.2000    7.2000    7.2000    7.2000    7.2000    7.2000
100000*second partial in parameter space
       85.       54.       38.        5.        5.        6.
        7.       11.        4.        6.        3.        3.
  0.0366  0.0348  0.0339  0.0363  0.0339  0.0347  0.0353  0.0373  0.0338  0.0351  0.0331  0.0333
  0.0339  0.0330  0.0327  0.0338  0.0328  0.0332  0.0334  0.0344  0.0327  0.0331  0.0324  0.0324
  0.0323  0.0320  0.0320  0.0322  0.0321  0.0322  0.0321  0.0324  0.0320  0.0320  0.0319  0.0319
  0.0317  0.0317  0.0317  0.0317  0.0317  0.0317  0.0317  0.0317  0.0317  0.0317  0.0317  0.0317
  0.0323  0.0321  0.0319  0.0322  0.0318  0.0317  0.0321  0.0323  0.0319  0.0322  0.0319  0.0319
  0.0339  0.0331  0.0327  0.0337  0.0326  0.0328  0.0334  0.0343  0.0326  0.0333  0.0324  0.0324
  0.0366  0.0348  0.0338  0.0364  0.0341  0.0351  0.0353  0.0373  0.0339  0.0350  0.0331  0.0333
   -2.6029   13.4700    7.3109  -10.2229   -3.1873   -0.0673
   -5.4755   -5.6566    5.9212    2.0763    5.3748   -3.8973
eta,q 0.96830 12.21961

---------------------------------------------------------------------
imgreg_4dfp /opt/freesurfer/average/711-2C_as_mni_average_305 /opt/freesurfer/average/711-2B_as_mni_average_305_mask talsrcimg_g11 none talsrcimg_to_711-2C_as_mni_average_305_t4 2311
---------------------------------------------------------------------

freesurfer imgreg_4dfp.c
/opt/freesurfer/average/711-2C_as_mni_average_305.4dfp.img
       256       256       256         1
  1.000000  1.000000  1.000000
orientation T byte_order littleendian
Reading image: /opt/freesurfer/average/711-2C_as_mni_average_305.4dfp.img
dimensions:      256       256       256
mmppix:       1.0000   -1.0000   -1.0000
center:     128.0000 -129.0000 -129.0000
/opt/freesurfer/average/711-2B_as_mni_average_305_mask.4dfp.img
       256       256       256         1
  1.000000  1.000000  1.000000
orientation T byte_order littleendian
Reading mask: /opt/freesurfer/average/711-2B_as_mni_average_305_mask.4dfp.img (2306576 pixels)
talsrcimg_g11.4dfp.img
       256       256       256         1
  1.000000  1.000000  1.000000
orientation T byte_order littleendian
Reading image: talsrcimg_g11.4dfp.img
dimensions:      256       256       256
mmppix:       1.0000   -1.0000   -1.0000
center:     128.0000 -129.0000 -129.0000
fimgreg.f
image alignment mode   2311 decimal      907 hex
parameters
   -2.6029   13.4700    7.3109  -10.2229   -3.1873   -0.0673
   -5.4755   -5.6566    5.9212    2.0763    5.3748   -3.8973
eta,q 0.96830 12.21961
niter,ni,del,rscale     5    3    5.0000    0.8000
parameters
   -2.6045   13.4456    7.3095  -10.1417   -2.8342    0.4652
   -5.4402   -5.6576    6.0456    1.8629    5.2809   -3.9617
eta,q 0.96840 12.26976
  0.0339  0.0331  0.0327  0.0329  0.0328  0.0331  0.0333  0.0343  0.0326  0.0331  0.0323  0.0323
  0.0327  0.0323  0.0321  0.0322  0.0323  0.0325  0.0324  0.0328  0.0321  0.0322  0.0319  0.0319
  0.0319  0.0318  0.0318  0.0318  0.0319  0.0320  0.0318  0.0319  0.0318  0.0317  0.0317  0.0317
  0.0317  0.0317  0.0317  0.0317  0.0317  0.0317  0.0316  0.0316  0.0316  0.0316  0.0316  0.0316
  0.0320  0.0319  0.0318  0.0318  0.0317  0.0316  0.0318  0.0319  0.0317  0.0319  0.0317  0.0317
  0.0327  0.0324  0.0321  0.0322  0.0320  0.0318  0.0324  0.0328  0.0320  0.0325  0.0319  0.0320
  0.0339  0.0331  0.0327  0.0328  0.0326  0.0328  0.0333  0.0343  0.0326  0.0333  0.0323  0.0324
niter,ni,del,rscale     4    3    5.0000    0.7000
parameters
   -2.5955   13.4328    7.3383  -10.0201   -2.7138    0.5829
   -5.4222   -5.6601    6.1434    1.7908    5.2328   -3.9275
eta,q 0.96842 12.28876
  0.0333  0.0327  0.0324  0.0326  0.0324  0.0326  0.0329  0.0336  0.0324  0.0328  0.0321  0.0322
  0.0324  0.0321  0.0320  0.0320  0.0320  0.0321  0.0322  0.0325  0.0320  0.0321  0.0318  0.0319
  0.0318  0.0317  0.0317  0.0317  0.0318  0.0318  0.0317  0.0318  0.0317  0.0317  0.0316  0.0317
  0.0316  0.0316  0.0316  0.0316  0.0316  0.0316  0.0316  0.0316  0.0316  0.0316  0.0316  0.0316
  0.0318  0.0317  0.0317  0.0317  0.0316  0.0316  0.0317  0.0318  0.0316  0.0318  0.0316  0.0316
  0.0324  0.0321  0.0319  0.0320  0.0319  0.0319  0.0322  0.0325  0.0319  0.0322  0.0318  0.0319
  0.0333  0.0328  0.0324  0.0325  0.0324  0.0327  0.0329  0.0336  0.0324  0.0329  0.0321  0.0322
niter,ni,del,rscale     3    3    5.0000    0.6000
parameters
   -2.5904   13.4242    7.3435   -9.9805   -2.6179    0.7340
   -5.4165   -5.6703    6.2249    1.7278    5.2086   -3.8953
eta,q 0.96844 12.30349
  0.0329  0.0324  0.0322  0.0323  0.0322  0.0324  0.0325  0.0331  0.0322  0.0325  0.0320  0.0320
  0.0322  0.0320  0.0318  0.0319  0.0319  0.0320  0.0320  0.0322  0.0319  0.0319  0.0318  0.0318
  0.0317  0.0317  0.0316  0.0317  0.0317  0.0317  0.0317  0.0317  0.0317  0.0316  0.0316  0.0316
  0.0316  0.0316  0.0316  0.0316  0.0316  0.0316  0.0316  0.0316  0.0316  0.0316  0.0316  0.0316
  0.0317  0.0317  0.0316  0.0316  0.0316  0.0315  0.0317  0.0317  0.0316  0.0317  0.0316  0.0316
  0.0321  0.0320  0.0318  0.0319  0.0318  0.0318  0.0320  0.0322  0.0318  0.0320  0.0318  0.0318
  0.0328  0.0324  0.0322  0.0322  0.0322  0.0324  0.0325  0.0331  0.0322  0.0325  0.0320  0.0320
niter,ni,del,rscale     2    3    5.0000    0.5000
parameters
   -2.5869   13.4165    7.3479   -9.9290   -2.5268    0.8903
   -5.4087   -5.6875    6.2895    1.6726    5.1993   -3.8542
eta,q 0.96845 12.31895
  0.0325  0.0322  0.0320  0.0320  0.0320  0.0321  0.0322  0.0326  0.0320  0.0322  0.0318  0.0319
  0.0320  0.0318  0.0318  0.0318  0.0318  0.0319  0.0319  0.0320  0.0318  0.0318  0.0317  0.0317
  0.0317  0.0316  0.0316  0.0316  0.0316  0.0317  0.0316  0.0317  0.0316  0.0316  0.0316  0.0316
  0.0316  0.0316  0.0316  0.0316  0.0316  0.0316  0.0315  0.0315  0.0315  0.0315  0.0315  0.0315
  0.0317  0.0316  0.0316  0.0316  0.0316  0.0315  0.0316  0.0317  0.0316  0.0316  0.0316  0.0316
  0.0320  0.0318  0.0317  0.0318  0.0317  0.0317  0.0318  0.0320  0.0317  0.0319  0.0317  0.0317
  0.0324  0.0322  0.0320  0.0320  0.0320  0.0321  0.0322  0.0326  0.0320  0.0322  0.0319  0.0319
niter,ni,del,rscale     1    3    5.0000    0.4000
parameters
   -2.5855   13.4082    7.3624   -9.8906   -2.4671    1.0509
   -5.3931   -5.7059    6.3370    1.6322    5.2077   -3.7856
eta,q 0.96846 12.33212
  0.0321  0.0319  0.0318  0.0319  0.0319  0.0319  0.0320  0.0322  0.0318  0.0320  0.0317  0.0318
  0.0318  0.0317  0.0317  0.0317  0.0317  0.0318  0.0317  0.0318  0.0317  0.0317  0.0316  0.0316
  0.0316  0.0316  0.0316  0.0316  0.0316  0.0316  0.0316  0.0316  0.0316  0.0316  0.0316  0.0316
  0.0315  0.0315  0.0315  0.0315  0.0315  0.0315  0.0315  0.0315  0.0315  0.0315  0.0315  0.0315
  0.0316  0.0316  0.0316  0.0316  0.0316  0.0315  0.0316  0.0316  0.0316  0.0316  0.0316  0.0316
  0.0318  0.0317  0.0317  0.0317  0.0317  0.0316  0.0317  0.0318  0.0316  0.0318  0.0316  0.0316
  0.0321  0.0320  0.0318  0.0318  0.0318  0.0319  0.0320  0.0322  0.0318  0.0320  0.0317  0.0317
registration optimization eta report
parameter search radius
    0.8000    0.8000    0.8000    2.4000    2.4000    2.4000
    2.4000    2.4000    2.4000    2.4000    2.4000    2.4000
100000*second partial in parameter space
       89.       62.       42.        5.        5.        6.
        7.       12.        5.        8.        3.        4.
  0.0321  0.0319  0.0318  0.0319  0.0319  0.0319  0.0320  0.0322  0.0318  0.0320  0.0317  0.0318
  0.0318  0.0317  0.0317  0.0317  0.0317  0.0318  0.0317  0.0318  0.0317  0.0317  0.0316  0.0316
  0.0316  0.0316  0.0316  0.0316  0.0316  0.0316  0.0316  0.0316  0.0316  0.0316  0.0316  0.0316
  0.0315  0.0315  0.0315  0.0315  0.0315  0.0315  0.0315  0.0315  0.0315  0.0315  0.0315  0.0315
  0.0316  0.0316  0.0316  0.0316  0.0316  0.0315  0.0316  0.0316  0.0316  0.0316  0.0316  0.0316
  0.0318  0.0317  0.0317  0.0317  0.0317  0.0316  0.0317  0.0318  0.0316  0.0318  0.0316  0.0316
  0.0321  0.0320  0.0318  0.0318  0.0318  0.0319  0.0320  0.0322  0.0318  0.0320  0.0317  0.0317
   -2.5855   13.4082    7.3624   -9.8906   -2.4671    1.0509
   -5.3931   -5.7059    6.3370    1.6322    5.2077   -3.7856
eta,q 0.96846 12.33212

---------------------------------------------------------------------
imgreg_4dfp /opt/freesurfer/average/711-2C_as_mni_average_305 /opt/freesurfer/average/711-2B_as_mni_average_305_mask talsrcimg_g11 none talsrcimg_to_711-2C_as_mni_average_305_t4 2311
---------------------------------------------------------------------

freesurfer imgreg_4dfp.c
/opt/freesurfer/average/711-2C_as_mni_average_305.4dfp.img
       256       256       256         1
  1.000000  1.000000  1.000000
orientation T byte_order littleendian
Reading image: /opt/freesurfer/average/711-2C_as_mni_average_305.4dfp.img
dimensions:      256       256       256
mmppix:       1.0000   -1.0000   -1.0000
center:     128.0000 -129.0000 -129.0000
/opt/freesurfer/average/711-2B_as_mni_average_305_mask.4dfp.img
       256       256       256         1
  1.000000  1.000000  1.000000
orientation T byte_order littleendian
Reading mask: /opt/freesurfer/average/711-2B_as_mni_average_305_mask.4dfp.img (2306576 pixels)
talsrcimg_g11.4dfp.img
       256       256       256         1
  1.000000  1.000000  1.000000
orientation T byte_order littleendian
Reading image: talsrcimg_g11.4dfp.img
dimensions:      256       256       256
mmppix:       1.0000   -1.0000   -1.0000
center:     128.0000 -129.0000 -129.0000
fimgreg.f
image alignment mode   2311 decimal      907 hex
parameters
   -2.5855   13.4082    7.3624   -9.8906   -2.4671    1.0509
   -5.3931   -5.7059    6.3370    1.6322    5.2077   -3.7856
eta,q 0.96846 12.33212
niter,ni,del,rscale     5    3    5.0000    0.8000
parameters
   -2.5888   13.4111    7.3915   -9.9233   -2.7935    0.4856
   -5.4468   -5.6532    6.1338    1.7987    5.2189   -3.8529
eta,q 0.96841 12.28485
  0.0338  0.0331  0.0327  0.0327  0.0325  0.0327  0.0332  0.0343  0.0325  0.0334  0.0323  0.0323
  0.0325  0.0322  0.0320  0.0321  0.0320  0.0321  0.0323  0.0328  0.0320  0.0324  0.0319  0.0319
  0.0318  0.0317  0.0317  0.0317  0.0317  0.0317  0.0318  0.0319  0.0317  0.0318  0.0317  0.0317
  0.0315  0.0315  0.0315  0.0315  0.0315  0.0315  0.0316  0.0316  0.0316  0.0316  0.0316  0.0316
  0.0318  0.0317  0.0317  0.0317  0.0317  0.0317  0.0318  0.0319  0.0317  0.0318  0.0317  0.0317
  0.0325  0.0322  0.0320  0.0321  0.0321  0.0324  0.0324  0.0327  0.0321  0.0323  0.0319  0.0320
  0.0338  0.0331  0.0326  0.0328  0.0330  0.0337  0.0333  0.0342  0.0327  0.0331  0.0323  0.0324
niter,ni,del,rscale     4    3    5.0000    0.7000
parameters
   -2.5910   13.4246    7.3411  -10.0070   -2.7013    0.5750
   -5.4237   -5.6563    6.1622    1.7727    5.2266   -3.9141
eta,q 0.96842 12.28948
  0.0333  0.0328  0.0323  0.0325  0.0324  0.0326  0.0329  0.0336  0.0324  0.0329  0.0321  0.0322
  0.0324  0.0321  0.0319  0.0320  0.0320  0.0321  0.0322  0.0325  0.0320  0.0321  0.0318  0.0318
  0.0318  0.0317  0.0317  0.0317  0.0317  0.0318  0.0317  0.0318  0.0317  0.0317  0.0317  0.0316
  0.0316  0.0316  0.0316  0.0316  0.0316  0.0316  0.0316  0.0316  0.0316  0.0316  0.0316  0.0316
  0.0318  0.0317  0.0317  0.0317  0.0316  0.0316  0.0317  0.0318  0.0316  0.0318  0.0316  0.0317
  0.0324  0.0321  0.0320  0.0320  0.0319  0.0319  0.0322  0.0325  0.0319  0.0322  0.0318  0.0319
  0.0333  0.0327  0.0324  0.0325  0.0324  0.0327  0.0329  0.0336  0.0324  0.0328  0.0321  0.0322
niter,ni,del,rscale     3    3    5.0000    0.6000
parameters
   -2.5911   13.4247    7.3438   -9.9794   -2.6093    0.7324
   -5.4145   -5.6710    6.2213    1.7228    5.2095   -3.8969
eta,q 0.96844 12.30387
  0.0328  0.0324  0.0322  0.0323  0.0322  0.0324  0.0325  0.0331  0.0322  0.0325  0.0320  0.0320
  0.0322  0.0320  0.0318  0.0319  0.0319  0.0320  0.0320  0.0322  0.0319  0.0320  0.0317  0.0318
  0.0317  0.0317  0.0316  0.0317  0.0317  0.0317  0.0317  0.0317  0.0317  0.0316  0.0316  0.0316
  0.0316  0.0316  0.0316  0.0316  0.0316  0.0316  0.0316  0.0316  0.0316  0.0316  0.0316  0.0316
  0.0317  0.0317  0.0316  0.0316  0.0316  0.0315  0.0317  0.0317  0.0316  0.0317  0.0316  0.0316
  0.0321  0.0320  0.0318  0.0319  0.0318  0.0318  0.0320  0.0322  0.0318  0.0320  0.0318  0.0318
  0.0329  0.0324  0.0322  0.0322  0.0322  0.0324  0.0325  0.0331  0.0322  0.0325  0.0320  0.0320
niter,ni,del,rscale     2    3    5.0000    0.5000
parameters
   -2.5876   13.4172    7.3508   -9.9288   -2.5270    0.8933
   -5.4080   -5.6897    6.2921    1.6728    5.2036   -3.8633
eta,q 0.96845 12.31907
  0.0325  0.0322  0.0320  0.0320  0.0320  0.0321  0.0322  0.0326  0.0320  0.0322  0.0318  0.0319
  0.0320  0.0318  0.0318  0.0318  0.0318  0.0319  0.0319  0.0320  0.0318  0.0318  0.0317  0.0317
  0.0317  0.0316  0.0316  0.0316  0.0316  0.0317  0.0316  0.0317  0.0316  0.0316  0.0316  0.0316
  0.0316  0.0316  0.0316  0.0316  0.0316  0.0316  0.0315  0.0315  0.0315  0.0316  0.0316  0.0315
  0.0317  0.0316  0.0316  0.0316  0.0316  0.0315  0.0316  0.0317  0.0316  0.0316  0.0316  0.0316
  0.0319  0.0318  0.0317  0.0318  0.0317  0.0317  0.0318  0.0320  0.0317  0.0319  0.0317  0.0317
  0.0324  0.0322  0.0320  0.0320  0.0320  0.0321  0.0322  0.0326  0.0320  0.0322  0.0319  0.0319
niter,ni,del,rscale     1    3    5.0000    0.4000
parameters
   -2.5850   13.4091    7.3634   -9.8887   -2.4729    1.0458
   -5.3975   -5.7036    6.3354    1.6341    5.2193   -3.7975
eta,q 0.96847 12.33174
  0.0321  0.0319  0.0318  0.0319  0.0318  0.0319  0.0320  0.0322  0.0318  0.0320  0.0317  0.0318
  0.0318  0.0317  0.0317  0.0317  0.0317  0.0318  0.0317  0.0318  0.0317  0.0317  0.0316  0.0316
  0.0316  0.0316  0.0316  0.0316  0.0316  0.0316  0.0316  0.0316  0.0316  0.0316  0.0316  0.0316
  0.0315  0.0315  0.0315  0.0315  0.0315  0.0315  0.0315  0.0315  0.0315  0.0315  0.0315  0.0315
  0.0316  0.0316  0.0316  0.0316  0.0316  0.0315  0.0316  0.0316  0.0316  0.0316  0.0316  0.0316
  0.0318  0.0317  0.0317  0.0317  0.0317  0.0316  0.0317  0.0318  0.0316  0.0318  0.0316  0.0316
  0.0321  0.0320  0.0318  0.0318  0.0318  0.0319  0.0320  0.0322  0.0318  0.0320  0.0317  0.0317
registration optimization eta report
parameter search radius
    0.8000    0.8000    0.8000    2.4000    2.4000    2.4000
    2.4000    2.4000    2.4000    2.4000    2.4000    2.4000
100000*second partial in parameter space
       89.       62.       43.        5.        5.        6.
        7.       12.        5.        8.        3.        4.
  0.0321  0.0319  0.0318  0.0319  0.0318  0.0319  0.0320  0.0322  0.0318  0.0320  0.0317  0.0318
  0.0318  0.0317  0.0317  0.0317  0.0317  0.0318  0.0317  0.0318  0.0317  0.0317  0.0316  0.0316
  0.0316  0.0316  0.0316  0.0316  0.0316  0.0316  0.0316  0.0316  0.0316  0.0316  0.0316  0.0316
  0.0315  0.0315  0.0315  0.0315  0.0315  0.0315  0.0315  0.0315  0.0315  0.0315  0.0315  0.0315
  0.0316  0.0316  0.0316  0.0316  0.0316  0.0315  0.0316  0.0316  0.0316  0.0316  0.0316  0.0316
  0.0318  0.0317  0.0317  0.0317  0.0317  0.0316  0.0317  0.0318  0.0316  0.0318  0.0316  0.0316
  0.0321  0.0320  0.0318  0.0318  0.0318  0.0319  0.0320  0.0322  0.0318  0.0320  0.0317  0.0317
   -2.5850   13.4091    7.3634   -9.8887   -2.4729    1.0458
   -5.3975   -5.7036    6.3354    1.6341    5.2193   -3.7975
eta,q 0.96847 12.33174

---------------------------------------------------------------------
compute_vox2vox talsrcimg talsrcimg_to_711-2C_as_mni_average_305_t4 /opt/freesurfer/average/711-2C_as_mni_average_305
---------------------------------------------------------------------

freesurfer compute_vox2vox.c
Reading: talsrcimg.4dfp.ifh
Reading: talsrcimg_to_711-2C_as_mni_average_305_t4
Reading: /opt/freesurfer/average/711-2C_as_mni_average_305.4dfp.ifh
Writing: talsrcimg_to_711-2C_as_mni_average_305_t4_vox2vox.txt

start time Tue Mar 10 03:45:48 CET 2026
end		time Tue Mar 10 03:47:13 CET 2026

mpr2mni305 success

avi2talxfm orig_nu.mgz /opt/freesurfer/average/mni305.cor.mgz talsrcimg_to_711-2C_as_mni_average_305_t4_vox2vox.txt transforms/talairach.auto.xfm
avi2talxfm done
mv -f /out/sourcedata/freesurfer/sub-v1s5x0050731_ses-1/mri/talsrcimg_to_711-2C_as_mni_average_305_t4_vox2vox.txt /out/sourcedata/freesurfer/sub-v1s5x0050731_ses-1/mri/transforms/talsrcimg_to_711-2C_as_mni_average_305_t4_vox2vox.txt
lta_convert --src orig_nu.mgz --trg /opt/freesurfer/average/mni305.cor.mgz --inxfm transforms/talairach.auto.xfm --outlta transforms/talairach.auto.xfm.lta --subject fsaverage
7.3.2

--src: orig_nu.mgz src image (geometry).
--trg: /opt/freesurfer/average/mni305.cor.mgz trg image (geometry).
--inmni: transforms/talairach.auto.xfm input MNI/XFM transform.
--outlta: transforms/talairach.auto.xfm.lta output LTA.
--s: fsaverage subject name
 LTA read, type : 1
 1.10174   0.06116   0.06336  -4.27048;
-0.05956   0.98572   0.03509  -19.90131;
-0.07057  -0.02049   1.02065  -28.56661;
 0.00000   0.00000   0.00000   1.00000;
setting subject to fsaverage
Writing  LTA to file transforms/talairach.auto.xfm.lta...
lta_convert successful.
 
 
Started at Tue Mar 10 03:45:48 CET 2026
Ended   at Tue Mar 10 03:47:13 CET 2026
talairach_avi done
