status file for recon-all
Tue Mar 10 05:09:49 CET 2026
#@# MotionCor Tue Mar 10 05:09:51 CET 2026
#@# Talairach Tue Mar 10 05:09:56 CET 2026
#@# Talairach Failure Detection Tue Mar 10 05:12:46 CET 2026
#@# Nu Intensity Correction Tue Mar 10 05:12:46 CET 2026
#@# Intensity Normalization Tue Mar 10 05:15:31 CET 2026
recon-all -s sub-v1s5x0050752_ses-1 finished without error at Tue Mar 10 05:16:26 CET 2026



#New# invocation of recon-all 



status file for recon-all
Tue Mar 10 05:22:01 CET 2026
#@# EM Registration Tue Mar 10 05:22:01 CET 2026
recon-all -s sub-v1s5x0050752_ses-1 finished without error at Tue Mar 10 05:23:20 CET 2026



#New# invocation of recon-all 



status file for recon-all
Tue Mar 10 05:23:21 CET 2026
#@# CA Normalize Tue Mar 10 05:23:21 CET 2026
#@# CA Reg Tue Mar 10 05:24:14 CET 2026
#@# SubCort Seg Tue Mar 10 05:59:14 CET 2026
#@# CC Seg Tue Mar 10 06:21:05 CET 2026
#@# Merge ASeg Tue Mar 10 06:21:26 CET 2026
#@# Intensity Normalization2 Tue Mar 10 06:21:26 CET 2026
#@# Mask BFS Tue Mar 10 06:22:52 CET 2026
#@# WM Segmentation Tue Mar 10 06:22:53 CET 2026
#@# Fill Tue Mar 10 06:24:23 CET 2026
recon-all -s sub-v1s5x0050752_ses-1 finished without error at Tue Mar 10 06:25:01 CET 2026



#New# invocation of recon-all 



status file for recon-all
Tue Mar 10 06:55:57 CET 2026
#@# white curv lh Tue Mar 10 06:55:57 CET 2026
#@# white area lh Tue Mar 10 06:55:57 CET 2026
#@# pial curv lh Tue Mar 10 06:55:57 CET 2026
#@# pial area lh Tue Mar 10 06:55:57 CET 2026
#@# thickness lh Tue Mar 10 06:55:57 CET 2026
#@# area and vertex vol lh Tue Mar 10 06:55:57 CET 2026
#@# white curv rh Tue Mar 10 06:55:57 CET 2026
#@# white area rh Tue Mar 10 06:55:57 CET 2026
#@# pial curv rh Tue Mar 10 06:55:57 CET 2026
#@# pial area rh Tue Mar 10 06:55:57 CET 2026
#@# thickness rh Tue Mar 10 06:55:57 CET 2026
#@# area and vertex vol rh Tue Mar 10 06:55:57 CET 2026
#@# Cortical ribbon mask Tue Mar 10 06:55:57 CET 2026
recon-all -s sub-v1s5x0050752_ses-1 finished without error at Tue Mar 10 06:59:23 CET 2026



#New# invocation of recon-all 



status file for recon-all
Tue Mar 10 07:03:51 CET 2026
#@# white curv lh Tue Mar 10 07:03:51 CET 2026
#@# white area lh Tue Mar 10 07:03:51 CET 2026
#@# pial curv lh Tue Mar 10 07:03:51 CET 2026
#@# pial area lh Tue Mar 10 07:03:51 CET 2026
#@# thickness lh Tue Mar 10 07:03:51 CET 2026
#@# area and vertex vol lh Tue Mar 10 07:03:51 CET 2026
#@# white curv rh Tue Mar 10 07:03:51 CET 2026
#@# white area rh Tue Mar 10 07:03:51 CET 2026
#@# pial curv rh Tue Mar 10 07:03:51 CET 2026
#@# pial area rh Tue Mar 10 07:03:51 CET 2026
#@# thickness rh Tue Mar 10 07:03:51 CET 2026
#@# area and vertex vol rh Tue Mar 10 07:03:51 CET 2026
#@# Curvature Stats lh Tue Mar 10 07:03:51 CET 2026
#@# Curvature Stats rh Tue Mar 10 07:03:53 CET 2026
#@# Relabel Hypointensities Tue Mar 10 07:03:55 CET 2026
#@# APas-to-ASeg Tue Mar 10 07:04:04 CET 2026
#@# AParc-to-ASeg aparc Tue Mar 10 07:04:11 CET 2026
#@# AParc-to-ASeg aparc.a2009s Tue Mar 10 07:04:28 CET 2026
#@# AParc-to-ASeg aparc.DKTatlas Tue Mar 10 07:04:47 CET 2026
#@# WMParc Tue Mar 10 07:05:04 CET 2026
#@# ASeg Stats Tue Mar 10 07:06:50 CET 2026
recon-all -s sub-v1s5x0050752_ses-1 finished without error at Tue Mar 10 07:07:06 CET 2026
