status file for recon-all
Tue Mar 10 06:40:46 CET 2026
#@# Tessellate rh Tue Mar 10 06:40:46 CET 2026
#@# Smooth1 rh Tue Mar 10 06:40:49 CET 2026
#@# Inflation1 rh Tue Mar 10 06:40:51 CET 2026
#@# QSphere rh Tue Mar 10 06:40:58 CET 2026
#@# Fix Topology rh Tue Mar 10 06:41:37 CET 2026
#@# Smooth2 rh Tue Mar 10 06:45:50 CET 2026
#@# Inflation2 rh Tue Mar 10 06:45:52 CET 2026
#@# Curv .H and .K rh Tue Mar 10 06:45:59 CET 2026
#@# Sphere rh Tue Mar 10 06:46:34 CET 2026
#@# Surf Reg rh Tue Mar 10 06:47:57 CET 2026
#@# Jacobian white rh Tue Mar 10 06:50:32 CET 2026
#@# AvgCurv rh Tue Mar 10 06:50:32 CET 2026
#@# Cortical Parc rh Tue Mar 10 06:50:33 CET 2026
#@# white curv rh Tue Mar 10 06:55:12 CET 2026
#@# white area rh Tue Mar 10 06:55:13 CET 2026
#@# pial curv rh Tue Mar 10 06:55:13 CET 2026
#@# pial area rh Tue Mar 10 06:55:14 CET 2026
#@# thickness rh Tue Mar 10 06:55:15 CET 2026
#@# area and vertex vol rh Tue Mar 10 06:55:32 CET 2026
#@# Curvature Stats rh Tue Mar 10 06:55:33 CET 2026
#@# Cortical Parc 2 rh Tue Mar 10 06:55:35 CET 2026
#@# Cortical Parc 3 rh Tue Mar 10 06:55:44 CET 2026
#@# WM/GM Contrast rh Tue Mar 10 06:55:50 CET 2026
recon-all -s sub-v1s5x0050752_ses-1 finished without error at Tue Mar 10 06:55:52 CET 2026



#New# invocation of recon-all 



status file for recon-all
Tue Mar 10 07:01:38 CET 2026
#@# white curv rh Tue Mar 10 07:01:38 CET 2026
#@# white area rh Tue Mar 10 07:01:39 CET 2026
#@# pial curv rh Tue Mar 10 07:01:39 CET 2026
#@# pial area rh Tue Mar 10 07:01:39 CET 2026
#@# thickness rh Tue Mar 10 07:01:39 CET 2026
#@# area and vertex vol rh Tue Mar 10 07:01:39 CET 2026
#@# Parcellation Stats rh Tue Mar 10 07:01:39 CET 2026
#@# Parcellation Stats 2 rh Tue Mar 10 07:01:51 CET 2026
#@# Parcellation Stats 3 rh Tue Mar 10 07:01:58 CET 2026
#@# BA_exvivo Labels rh Tue Mar 10 07:02:05 CET 2026
recon-all -s sub-v1s5x0050752_ses-1 finished without error at Tue Mar 10 07:03:48 CET 2026
