status file for recon-all
Tue Mar 10 06:25:06 CET 2026
#@# Tessellate lh Tue Mar 10 06:25:06 CET 2026
#@# Smooth1 lh Tue Mar 10 06:25:09 CET 2026
#@# Inflation1 lh Tue Mar 10 06:25:11 CET 2026
#@# QSphere lh Tue Mar 10 06:25:19 CET 2026
#@# Fix Topology lh Tue Mar 10 06:26:04 CET 2026
#@# Smooth2 lh Tue Mar 10 06:30:36 CET 2026
#@# Inflation2 lh Tue Mar 10 06:30:38 CET 2026
#@# Curv .H and .K lh Tue Mar 10 06:30:46 CET 2026
#@# Sphere lh Tue Mar 10 06:31:21 CET 2026
#@# Surf Reg lh Tue Mar 10 06:33:01 CET 2026
#@# Jacobian white lh Tue Mar 10 06:35:21 CET 2026
#@# AvgCurv lh Tue Mar 10 06:35:22 CET 2026
#@# Cortical Parc lh Tue Mar 10 06:35:23 CET 2026
#@# white curv lh Tue Mar 10 06:40:03 CET 2026
#@# white area lh Tue Mar 10 06:40:04 CET 2026
#@# pial curv lh Tue Mar 10 06:40:04 CET 2026
#@# pial area lh Tue Mar 10 06:40:05 CET 2026
#@# thickness lh Tue Mar 10 06:40:06 CET 2026
#@# area and vertex vol lh Tue Mar 10 06:40:23 CET 2026
#@# Curvature Stats lh Tue Mar 10 06:40:24 CET 2026
#@# Cortical Parc 2 lh Tue Mar 10 06:40:26 CET 2026
#@# Cortical Parc 3 lh Tue Mar 10 06:40:35 CET 2026
#@# WM/GM Contrast lh Tue Mar 10 06:40:42 CET 2026
recon-all -s sub-v1s5x0050752_ses-1 finished without error at Tue Mar 10 06:40:44 CET 2026



#New# invocation of recon-all 



status file for recon-all
Tue Mar 10 06:59:27 CET 2026
#@# white curv lh Tue Mar 10 06:59:27 CET 2026
#@# white area lh Tue Mar 10 06:59:27 CET 2026
#@# pial curv lh Tue Mar 10 06:59:27 CET 2026
#@# pial area lh Tue Mar 10 06:59:27 CET 2026
#@# thickness lh Tue Mar 10 06:59:27 CET 2026
#@# area and vertex vol lh Tue Mar 10 06:59:27 CET 2026
#@# Parcellation Stats lh Tue Mar 10 06:59:27 CET 2026
#@# Parcellation Stats 2 lh Tue Mar 10 06:59:40 CET 2026
#@# Parcellation Stats 3 lh Tue Mar 10 06:59:47 CET 2026
#@# BA_exvivo Labels lh Tue Mar 10 06:59:53 CET 2026
recon-all -s sub-v1s5x0050752_ses-1 finished without error at Tue Mar 10 07:01:36 CET 2026
