/out/sourcedata/freesurfer/sub-v1s5x0050740_ses-1/mri
/opt/freesurfer/bin/talairach_avi
--i orig_nu.mgz --xfm transforms/talairach.auto.xfm
talairach_avi 7.3.2
Linux dna061 5.14.0-427.37.1.el9_4.x86_64 #1 SMP PREEMPT_DYNAMIC Fri Sep 13 12:41:50 EDT 2024 x86_64 x86_64 x86_64 GNU/Linux
Tue Mar 10 04:29:23 CET 2026
mri_convert orig_nu.mgz talsrcimg.img 
reading from orig_nu.mgz...
TR=0.00, TE=0.00, TI=0.00, flip angle=0.00
i_ras = (-1, 1.39698e-09, -2.98023e-08)
j_ras = (-1.49012e-08, -3.72529e-09, -1)
k_ras = (9.31323e-10, 1, 0)
writing to talsrcimg.img...
Analyze Output Matrix
-1.00000  -0.00000   0.00000   131.15924;
 0.00000  -0.00000   1.00000  -120.37817;
-0.00000  -1.00000   0.00000   123.93530;
 0.00000   0.00000   0.00000   1.00000;
--------------------
INFO: set hdr.hist.orient to -1
mpr2mni305 talsrcimg
Tue Mar 10 04:29:23 CET 2026
/opt/freesurfer/bin/mpr2mni305 talsrcimg
mpr2mni305 7.3.2
target=711-2C_as_mni_average_305

---------------------------------------------------------------------
analyzeto4dfp talsrcimg -O0 -y
---------------------------------------------------------------------

freesurfer ifh2hdr.c
Tue Mar 10 04:29:24 2026
Writing: talsrcimg.4dfp.hdr
freesurfer analyzeto4dfp.c
Reading: talsrcimg.hdr
header size 348 bytes
hdr.dime.datatype	offset=70	value=2
hdr.dime.bitpix		offset=72	value=8
hdr.hist.orient		offset=252	value=-1
dimensionality     4
dimensions       256       256       256         1
Reading: talsrcimg.img
Writing: talsrcimg.4dfp.img
Writing: talsrcimg.4dfp.ifh
ifh2hdr talsrcimg -r0to232
ori=2

---------------------------------------------------------------------
gauss_4dfp talsrcimg 1.1
---------------------------------------------------------------------

freesurfer gauss_4dfp.c
Reading: talsrcimg.4dfp.img
Writing: talsrcimg_g11.4dfp.img
image dimensions 256 256 256 padded to 288 288 288
processing volume 1freesurfer ifh2hdr.c
Tue Mar 10 04:29:25 2026
Writing: talsrcimg_g11.4dfp.hdr

Writing: talsrcimg_g11.4dfp.ifh
including: talsrcimg.4dfp.img.rec in talsrcimg_g11.4dfp.img.rec

---------------------------------------------------------------------
imgreg_4dfp /opt/freesurfer/average/711-2C_as_mni_average_305 none talsrcimg_g11 none talsrcimg_to_711-2C_as_mni_average_305_t4 4355
---------------------------------------------------------------------

freesurfer imgreg_4dfp.c
/opt/freesurfer/average/711-2C_as_mni_average_305.4dfp.img
       256       256       256         1
  1.000000  1.000000  1.000000
orientation T byte_order littleendian
Reading image: /opt/freesurfer/average/711-2C_as_mni_average_305.4dfp.img
dimensions:      256       256       256
mmppix:       1.0000   -1.0000   -1.0000
center:     128.0000 -129.0000 -129.0000
talsrcimg_g11.4dfp.img
       256       256       256         1
  1.000000  1.000000  1.000000
orientation T byte_order littleendian
Reading image: talsrcimg_g11.4dfp.img
dimensions:      256       256       256
mmppix:       1.0000   -1.0000   -1.0000
center:     128.0000 -129.0000 -129.0000
t4_read: open error in t4_sub.f l:  41 t4_file(1:l)talsrcimg_to_711-2C_as_mni_average_305_t4 
t4_read: transform initialized to I4
rotation matrix determinant  1.000000
image alignment mode   4355 decimal     1103 hex
   -7.5000  -45.0000  -45.0000 7306.6733   16.9442
    0.0000  -45.0000  -45.0000 7620.1914   16.9491
    7.5000  -45.0000  -45.0000 7333.2690   16.8957
   -7.5000  -37.5000  -45.0000 7784.0005   16.5849
    0.0000  -37.5000  -45.0000 8076.7979   16.5907
    7.5000  -37.5000  -45.0000 7778.5820   16.5577
   -7.5000  -30.0000  -45.0000 8577.8213   16.3734
    0.0000  -30.0000  -45.0000 8897.8887   16.3733
    7.5000  -30.0000  -45.0000 8571.4316   16.3546
   -7.5000  -22.5000  -45.0000 9388.2598   16.2682
    0.0000  -22.5000  -45.0000 9764.3701   16.2639
    7.5000  -22.5000  -45.0000 9366.9307   16.2414
   -7.5000  -15.0000  -45.000010266.7451   16.2664
    0.0000  -15.0000  -45.000010669.3350   16.2646
    7.5000  -15.0000  -45.000010199.7715   16.2258
   -7.5000   -7.5000  -45.000011102.0107   16.2772
    0.0000   -7.5000  -45.000011548.2129   16.2815
    7.5000   -7.5000  -45.000011026.0674   16.2304
   -7.5000    0.0000  -45.000011840.1768   16.2752
    0.0000    0.0000  -45.000012337.5439   16.2834
    7.5000    0.0000  -45.000011761.9072   16.2345
   -7.5000    7.5000  -45.000011520.8369   16.2602
    0.0000    7.5000  -45.000011984.5762   16.2663
    7.5000    7.5000  -45.000011419.1719   16.2339
   -7.5000   15.0000  -45.000011020.8008   16.2482
    0.0000   15.0000  -45.000011464.0977   16.2479
    7.5000   15.0000  -45.000010894.2861   16.2296
   -7.5000   22.5000  -45.000010442.3896   16.2503
    0.0000   22.5000  -45.000010866.1143   16.2459
    7.5000   22.5000  -45.000010306.8232   16.2235
   -7.5000   30.0000  -45.0000 9834.6768   16.0496
    0.0000   30.0000  -45.000010226.5088   16.0478
    7.5000   30.0000  -45.0000 9717.4434   16.0095
   -7.5000   37.5000  -45.0000 9561.8223   16.0604
    0.0000   37.5000  -45.0000 9894.6826   16.0647
    7.5000   37.5000  -45.0000 9432.1826   16.0142
   -7.5000   45.0000  -45.0000 8936.2578   15.7701
    0.0000   45.0000  -45.0000 9262.9102   15.7776
    7.5000   45.0000  -45.0000 8818.2295   15.7318
   -7.5000  -45.0000  -37.5000 7788.1597   16.8580
    0.0000  -45.0000  -37.5000 8141.3491   16.8674
    7.5000  -45.0000  -37.5000 7823.6572   16.8267
   -7.5000  -37.5000  -37.5000 8288.8398   16.5107
    0.0000  -37.5000  -37.5000 8604.9238   16.5196
    7.5000  -37.5000  -37.5000 8254.9619   16.4944
   -7.5000  -30.0000  -37.5000 9121.7402   16.3111
    0.0000  -30.0000  -37.5000 9477.3721   16.3107
    7.5000  -30.0000  -37.5000 9062.3027   16.2963
   -7.5000  -22.5000  -37.500010025.9854   16.2025
    0.0000  -22.5000  -37.500010417.8799   16.1966
    7.5000  -22.5000  -37.5000 9954.3340   16.1795
   -7.5000  -15.0000  -37.500010973.5352   16.1879
    0.0000  -15.0000  -37.500011437.5820   16.1855
    7.5000  -15.0000  -37.500010908.4473   16.1561
   -7.5000   -7.5000  -37.500011860.4023   16.1897
    0.0000   -7.5000  -37.500012399.6914   16.1965
    7.5000   -7.5000  -37.500011822.7480   16.1575
   -7.5000    0.0000  -37.500012634.6045   16.1900
    0.0000    0.0000  -37.500013188.8975   16.2028
    7.5000    0.0000  -37.500012581.3447   16.1657
   -7.5000    7.5000  -37.500012261.6084   16.1880
    0.0000    7.5000  -37.500012781.3438   16.1972
    7.5000    7.5000  -37.500012174.1875   16.1726
   -7.5000   15.0000  -37.500011733.0205   16.1868
    0.0000   15.0000  -37.500012192.2363   16.1863
    7.5000   15.0000  -37.500011577.4053   16.1721
   -7.5000   22.5000  -37.500011092.7734   16.1847
    0.0000   22.5000  -37.500011529.3154   16.1787
    7.5000   22.5000  -37.500010953.7998   16.1617
   -7.5000   30.0000  -37.500010435.4648   15.9722
    0.0000   30.0000  -37.500010842.7832   15.9698
    7.5000   30.0000  -37.500010312.0137   15.9408
   -7.5000   37.5000  -37.500010111.2559   15.9741
    0.0000   37.5000  -37.500010501.4883   15.9808
    7.5000   37.5000  -37.5000 9992.6377   15.9424
   -7.5000   45.0000  -37.5000 9474.5195   15.6867
    0.0000   45.0000  -37.5000 9831.7510   15.6983
    7.5000   45.0000  -37.5000 9336.8447   15.6637
   -7.5000  -45.0000  -30.0000 8303.4229   17.5799
    0.0000  -45.0000  -30.0000 8704.2031   17.6048
    7.5000  -45.0000  -30.0000 8352.0059   17.5716
   -7.5000  -37.5000  -30.0000 8832.5137   17.2184
    0.0000  -37.5000  -30.0000 9220.4580   17.2410
    7.5000  -37.5000  -30.0000 8817.2422   17.2199
   -7.5000  -30.0000  -30.0000 9737.4414   17.0168
    0.0000  -30.0000  -30.000010169.3594   17.0280
    7.5000  -30.0000  -30.0000 9731.0127   17.0124
   -7.5000  -22.5000  -30.000010758.7246   16.9064
    0.0000  -22.5000  -30.000011222.5547   16.9112
    7.5000  -22.5000  -30.000010717.6924   16.8916
   -7.5000  -15.0000  -30.000011820.1201   16.8883
    0.0000  -15.0000  -30.000012326.6992   16.8972
    7.5000  -15.0000  -30.000011770.4961   16.8689
   -7.5000   -7.5000  -30.000012801.1846   16.8834
    0.0000   -7.5000  -30.000013339.2051   16.9030
    7.5000   -7.5000  -30.000012729.8262   16.8697
   -7.5000    0.0000  -30.000013592.6963   16.8789
    0.0000    0.0000  -30.000014156.4863   16.9060
    7.5000    0.0000  -30.000013529.3398   16.8763
   -7.5000    7.5000  -30.000013195.7998   16.8806
    0.0000    7.5000  -30.000013707.1670   16.9032
    7.5000    7.5000  -30.000013068.9600   16.8827
   -7.5000   15.0000  -30.000012622.0635   16.8868
    0.0000   15.0000  -30.000013066.4082   16.8979
    7.5000   15.0000  -30.000012434.3477   16.8825
   -7.5000   22.5000  -30.000011936.1348   16.8861
    0.0000   22.5000  -30.000012379.1143   16.8908
    7.5000   22.5000  -30.000011762.3965   16.8713
   -7.5000   30.0000  -30.000011198.8730   16.6648
    0.0000   30.0000  -30.000011622.3652   16.6736
    7.5000   30.0000  -30.000011045.5049   16.6456
   -7.5000   37.5000  -30.000010821.5225   16.6601
    0.0000   37.5000  -30.000011242.1689   16.6795
    7.5000   37.5000  -30.000010670.5713   16.6466
   -7.5000   45.0000  -30.000010145.2979   16.3671
    0.0000   45.0000  -30.000010541.4795   16.3919
    7.5000   45.0000  -30.0000 9989.3623   16.3644
   -7.5000  -45.0000  -22.5000 8824.4629   18.2071
    0.0000  -45.0000  -22.5000 9226.2627   18.2419
    7.5000  -45.0000  -22.5000 8866.6562   18.2021
   -7.5000  -37.5000  -22.5000 9403.9492   17.8202
    0.0000  -37.5000  -22.5000 9812.3750   17.8530
    7.5000  -37.5000  -22.5000 9407.3174   17.8271
   -7.5000  -30.0000  -22.500010403.4805   17.6052
    0.0000  -30.0000  -22.500010896.6016   17.6292
    7.5000  -30.0000  -22.500010416.1035   17.6067
   -7.5000  -22.5000  -22.500011530.7344   17.5003
    0.0000  -22.5000  -22.500012032.3086   17.5192
    7.5000  -22.5000  -22.500011496.8916   17.4903
   -7.5000  -15.0000  -22.500012665.7686   17.4963
    0.0000  -15.0000  -22.500013225.2979   17.5185
    7.5000  -15.0000  -22.500012618.2334   17.4802
   -7.5000   -7.5000  -22.500013670.0859   17.4957
    0.0000   -7.5000  -22.500014245.3633   17.5259
    7.5000   -7.5000  -22.500013588.6562   17.4844
   -7.5000    0.0000  -22.500014537.4639   17.4828
    0.0000    0.0000  -22.500015116.8896   17.5183
    7.5000    0.0000  -22.500014425.4365   17.4829
   -7.5000    7.5000  -22.500014110.8955   17.4704
    0.0000    7.5000  -22.500014621.9600   17.5029
    7.5000    7.5000  -22.500013928.8740   17.4777
   -7.5000   15.0000  -22.500013486.7422   17.4706
    0.0000   15.0000  -22.500013965.0732   17.4944
    7.5000   15.0000  -22.500013264.5967   17.4723
   -7.5000   22.5000  -22.500012766.3770   17.4781
    0.0000   22.5000  -22.500013240.1836   17.4969
    7.5000   22.5000  -22.500012527.6963   17.4681
   -7.5000   30.0000  -22.500011974.4893   17.2674
    0.0000   30.0000  -22.500012452.9268   17.2893
    7.5000   30.0000  -22.500011782.2412   17.2515
   -7.5000   37.5000  -22.500011568.7744   17.2670
    0.0000   37.5000  -22.500012047.3604   17.2969
    7.5000   37.5000  -22.500011383.6699   17.2558
   -7.5000   45.0000  -22.500010787.3721   16.9671
    0.0000   45.0000  -22.500011251.4248   16.9997
    7.5000   45.0000  -22.500010617.3867   16.9671
   -7.5000  -45.0000  -15.0000 9340.3418   18.6526
    0.0000  -45.0000  -15.0000 9741.0039   18.6829
    7.5000  -45.0000  -15.0000 9372.1279   18.6282
   -7.5000  -37.5000  -15.0000 9981.3145   18.2432
    0.0000  -37.5000  -15.000010398.8789   18.2731
    7.5000  -37.5000  -15.0000 9973.6670   18.2375
   -7.5000  -30.0000  -15.000011077.1660   18.0101
    0.0000  -30.0000  -15.000011564.7520   18.0353
    7.5000  -30.0000  -15.000011058.4531   18.0062
   -7.5000  -22.5000  -15.000012245.2197   17.9098
    0.0000  -22.5000  -15.000012767.8682   17.9316
    7.5000  -22.5000  -15.000012211.7988   17.8944
   -7.5000  -15.0000  -15.000013419.1992   17.9236
    0.0000  -15.0000  -15.000014020.9326   17.9475
    7.5000  -15.0000  -15.000013403.5176   17.8966
   -7.5000   -7.5000  -15.000014441.2783   17.9339
    0.0000   -7.5000  -15.000015114.4932   17.9624
    7.5000   -7.5000  -15.000014416.9561   17.9060
   -7.5000    0.0000  -15.000015390.2812   17.9165
    0.0000    0.0000  -15.000016054.1689   17.9474
    7.5000    0.0000  -15.000015277.0391   17.8983
   -7.5000    7.5000  -15.000014950.9648   17.8861
    0.0000    7.5000  -15.000015535.3096   17.9157
    7.5000    7.5000  -15.000014783.0576   17.8808
   -7.5000   15.0000  -15.000014243.7832   17.8726
    0.0000   15.0000  -15.000014792.6816   17.8974
    7.5000   15.0000  -15.000014065.5254   17.8690
   -7.5000   22.5000  -15.000013496.7461   17.8863
    0.0000   22.5000  -15.000014020.6299   17.9080
    7.5000   22.5000  -15.000013262.1758   17.8708
   -7.5000   30.0000  -15.000012690.4629   17.6916
    0.0000   30.0000  -15.000013224.3398   17.7151
    7.5000   30.0000  -15.000012470.1846   17.6650
   -7.5000   37.5000  -15.000012263.4785   17.7020
    0.0000   37.5000  -15.000012801.7383   17.7301
    7.5000   37.5000  -15.000012061.4570   17.6744
   -7.5000   45.0000  -15.000011376.9082   17.3993
    0.0000   45.0000  -15.000011879.1064   17.4276
    7.5000   45.0000  -15.000011223.2188   17.3819
   -7.5000  -45.0000   -7.5000 9898.5654   18.8535
    0.0000  -45.0000   -7.500010301.5752   18.8689
    7.5000  -45.0000   -7.5000 9882.4385   18.8057
   -7.5000  -37.5000   -7.500010579.3184   18.4416
    0.0000  -37.5000   -7.500010994.5020   18.4580
    7.5000  -37.5000   -7.500010533.8301   18.4179
   -7.5000  -30.0000   -7.500011772.2500   18.2012
    0.0000  -30.0000   -7.500012201.9756   18.2133
    7.5000  -30.0000   -7.500011671.5674   18.1858
   -7.5000  -22.5000   -7.500012977.4766   18.0959
    0.0000  -22.5000   -7.500013471.4600   18.1046
    7.5000  -22.5000   -7.500012877.3965   18.0699
   -7.5000  -15.0000   -7.500014197.7588   18.1103
    0.0000  -15.0000   -7.500014795.0527   18.1210
    7.5000  -15.0000   -7.500014144.2627   18.0687
   -7.5000   -7.5000   -7.500015278.8613   18.1262
    0.0000   -7.5000   -7.500015923.0859   18.1414
    7.5000   -7.5000   -7.500015225.4873   18.0786
   -7.5000    0.0000   -7.500016273.8887   18.1139
    0.0000    0.0000   -7.500016938.7656   18.1313
    7.5000    0.0000   -7.500016116.9346   18.0739
   -7.5000    7.5000   -7.500015798.2197   18.0819
    0.0000    7.5000   -7.500016417.0703   18.0983
    7.5000    7.5000   -7.500015621.3193   18.0589
   -7.5000   15.0000   -7.500015022.8223   18.0625
    0.0000   15.0000   -7.500015651.9805   18.0744
    7.5000   15.0000   -7.500014901.9941   18.0474
   -7.5000   22.5000   -7.500014202.5410   18.0703
    0.0000   22.5000   -7.500014784.0586   18.0788
    7.5000   22.5000   -7.500014038.4053   18.0442
   -7.5000   30.0000   -7.500013349.0195   17.8754
    0.0000   30.0000   -7.500013907.8135   17.8860
    7.5000   30.0000   -7.500013209.7217   17.8344
   -7.5000   37.5000   -7.500012883.8809   17.8913
    0.0000   37.5000   -7.500013480.9551   17.9063
    7.5000   37.5000   -7.500012772.8428   17.8442
   -7.5000   45.0000   -7.500011933.7236   17.5929
    0.0000   45.0000   -7.500012497.9268   17.6088
    7.5000   45.0000   -7.500011826.5996   17.5550
   -7.5000  -45.0000    0.000010384.7109   18.8681
    0.0000  -45.0000    0.000010762.2256   18.8728
    7.5000  -45.0000    0.000010300.4492   18.8137
   -7.5000  -37.5000    0.000011135.7949   18.4686
    0.0000  -37.5000    0.000011531.2461   18.4743
    7.5000  -37.5000    0.000011002.8867   18.4377
   -7.5000  -30.0000    0.000012389.8838   18.2338
    0.0000  -30.0000    0.000012788.3652   18.2329
    7.5000  -30.0000    0.000012197.9033   18.2121
   -7.5000  -22.5000    0.000013629.1836   18.1182
    0.0000  -22.5000    0.000014121.1943   18.1128
    7.5000  -22.5000    0.000013470.6182   18.0876
   -7.5000  -15.0000    0.000014873.7100   18.1176
    0.0000  -15.0000    0.000015474.5869   18.1150
    7.5000  -15.0000    0.000014794.4502   18.0718
   -7.5000   -7.5000    0.000015977.3711   18.1298
    0.0000   -7.5000    0.000016579.7480   18.1340
    7.5000   -7.5000    0.000015867.6348   18.0772
   -7.5000    0.0000    0.000016989.0801   18.1267
    0.0000    0.0000    0.000017560.2695   18.1351
    7.5000    0.0000    0.000016761.7773   18.0809
   -7.5000    7.5000    0.000016551.1523   18.1088
    0.0000    7.5000    0.000017136.1895   18.1149
    7.5000    7.5000    0.000016307.3867   18.0789
   -7.5000   15.0000    0.000015822.6143   18.0949
    0.0000   15.0000    0.000016430.1738   18.0940
    7.5000   15.0000    0.000015655.7930   18.0735
   -7.5000   22.5000    0.000014915.1084   18.0925
    0.0000   22.5000    0.000015490.7178   18.0870
    7.5000   22.5000    0.000014804.2129   18.0619
   -7.5000   30.0000    0.000013946.5840   17.8831
    0.0000   30.0000    0.000014518.0371   17.8805
    7.5000   30.0000    0.000013905.6836   17.8379
   -7.5000   37.5000    0.000013427.7861   17.8953
    0.0000   37.5000    0.000014053.4707   17.8994
    7.5000   37.5000    0.000013384.4795   17.8434
   -7.5000   45.0000    0.000012447.9531   17.6049
    0.0000   45.0000    0.000013043.4395   17.6125
    7.5000   45.0000    0.000012366.4824   17.5616
   -7.5000  -45.0000    7.500010016.3828   18.8625
    0.0000  -45.0000    7.500010386.2334   18.8731
    7.5000  -45.0000    7.5000 9935.9307   18.8276
   -7.5000  -37.5000    7.500010789.2363   18.4740
    0.0000  -37.5000    7.500011137.5732   18.4839
    7.5000  -37.5000    7.500010638.7012   18.4558
   -7.5000  -30.0000    7.500011988.7822   18.2507
    0.0000  -30.0000    7.500012364.3760   18.2502
    7.5000  -30.0000    7.500011778.2861   18.2341
   -7.5000  -22.5000    7.500013195.2764   18.1292
    0.0000  -22.5000    7.500013656.9336   18.1225
    7.5000  -22.5000    7.500013018.9629   18.1034
   -7.5000  -15.0000    7.500014416.0527   18.1129
    0.0000  -15.0000    7.500014908.0508   18.1102
    7.5000  -15.0000    7.500014283.6709   18.0773
   -7.5000   -7.5000    7.500015464.5498   18.1149
    0.0000   -7.5000    7.500015970.8408   18.1225
    7.5000   -7.5000    7.500015314.2051   18.0789
   -7.5000    0.0000    7.500016369.2119   18.1152
    0.0000    0.0000    7.500016862.6660   18.1295
    7.5000    0.0000    7.500016139.4688   18.0880
   -7.5000    7.5000    7.500016046.6729   18.1129
    0.0000    7.5000    7.500016505.6777   18.1233
    7.5000    7.5000    7.500015718.8877   18.0957
   -7.5000   15.0000    7.500015521.2207   18.1116
    0.0000   15.0000    7.500016065.0176   18.1110
    7.5000   15.0000    7.500015197.8896   18.0952
   -7.5000   22.5000    7.500014761.9307   18.1035
    0.0000   22.5000    7.500015262.9365   18.0967
    7.5000   22.5000    7.500014503.1562   18.0777
   -7.5000   30.0000    7.500013811.7158   17.8785
    0.0000   30.0000    7.500014304.6631   17.8758
    7.5000   30.0000    7.500013637.4629   17.8433
   -7.5000   37.5000    7.500013217.2100   17.8806
    0.0000   37.5000    7.500013756.4727   17.8881
    7.5000   37.5000    7.500013041.3398   17.8451
   -7.5000   45.0000    7.500012203.3496   17.5934
    0.0000   45.0000    7.500012692.6777   17.6064
    7.5000   45.0000    7.500012003.5830   17.5675
   -7.5000  -45.0000   15.0000 9538.2061   18.8778
    0.0000  -45.0000   15.0000 9889.4053   18.9045
    7.5000  -45.0000   15.0000 9455.9707   18.8689
   -7.5000  -37.5000   15.000010311.4150   18.4896
    0.0000  -37.5000   15.000010665.3604   18.5138
    7.5000  -37.5000   15.000010170.7930   18.4912
   -7.5000  -30.0000   15.000011471.1572   18.2731
    0.0000  -30.0000   15.000011880.4570   18.2851
    7.5000  -30.0000   15.000011298.7539   18.2684
   -7.5000  -22.5000   15.000012621.4512   18.1546
    0.0000  -22.5000   15.000013058.8564   18.1597
    7.5000  -22.5000   15.000012461.7236   18.1387
   -7.5000  -15.0000   15.000013807.9746   18.1351
    0.0000  -15.0000   15.000014244.0166   18.1447
    7.5000  -15.0000   15.000013632.3672   18.1143
   -7.5000   -7.5000   15.000014828.4492   18.1298
    0.0000   -7.5000   15.000015238.1602   18.1509
    7.5000   -7.5000   15.000014597.8535   18.1151
   -7.5000    0.0000   15.000015699.1826   18.1251
    0.0000    0.0000   15.000016093.2412   18.1541
    7.5000    0.0000   15.000015406.4707   18.1222
   -7.5000    7.5000   15.000015378.3760   18.1268
    0.0000    7.5000   15.000015768.4795   18.1512
    7.5000    7.5000   15.000015051.6084   18.1291
   -7.5000   15.0000   15.000014921.0459   18.1336
    0.0000   15.0000   15.000015289.4932   18.1455
    7.5000   15.0000   15.000014515.9053   18.1290
   -7.5000   22.5000   15.000014240.4775   18.1288
    0.0000   22.5000   15.000014605.4541   18.1338
    7.5000   22.5000   15.000013896.2637   18.1129
   -7.5000   30.0000   15.000013380.1748   17.9004
    0.0000   30.0000   15.000013778.3115   17.9098
    7.5000   30.0000   15.000013123.4238   17.8798
   -7.5000   37.5000   15.000012751.6943   17.8954
    0.0000   37.5000   15.000013179.4668   17.9162
    7.5000   37.5000   15.000012523.1201   17.8808
   -7.5000   45.0000   15.000011678.9189   17.6040
    0.0000   45.0000   15.000012097.7490   17.6306
    7.5000   45.0000   15.000011505.6416   17.6011
   -7.5000  -45.0000   22.5000 9019.6787   18.9004
    0.0000  -45.0000   22.5000 9352.4473   18.9365
    7.5000  -45.0000   22.5000 8949.9697   18.8952
   -7.5000  -37.5000   22.5000 9760.2529   18.4988
    0.0000  -37.5000   22.500010117.7119   18.5328
    7.5000  -37.5000   22.5000 9648.2119   18.5060
   -7.5000  -30.0000   22.500010894.4424   18.2756
    0.0000  -30.0000   22.500011309.6748   18.3005
    7.5000  -30.0000   22.500010760.7578   18.2772
   -7.5000  -22.5000   22.500012012.6973   18.1668
    0.0000  -22.5000   22.500012462.1279   18.1864
    7.5000  -22.5000   22.500011876.9551   18.1564
   -7.5000  -15.0000   22.500013136.2393   18.1626
    0.0000  -15.0000   22.500013582.8340   18.1856
    7.5000  -15.0000   22.500012987.7988   18.1459
   -7.5000   -7.5000   22.500014138.2686   18.1620
    0.0000   -7.5000   22.500014533.6348   18.1933
    7.5000   -7.5000   22.500013890.8008   18.1502
   -7.5000    0.0000   22.500014987.4346   18.1485
    0.0000    0.0000   22.500015378.2012   18.1854
    7.5000    0.0000   22.500014657.7939   18.1487
   -7.5000    7.5000   22.500014657.4365   18.1357
    0.0000    7.5000   22.500015035.3066   18.1694
    7.5000    7.5000   22.500014269.6670   18.1432
   -7.5000   15.0000   22.500014081.0693   18.1359
    0.0000   15.0000   22.500014451.6357   18.1606
    7.5000   15.0000   22.500013737.4678   18.1377
   -7.5000   22.5000   22.500013366.3779   18.1410
    0.0000   22.5000   22.500013718.5654   18.1605
    7.5000   22.5000   22.500013097.7002   18.1305
   -7.5000   30.0000   22.500012580.5820   17.9275
    0.0000   30.0000   22.500012930.5146   17.9502
    7.5000   30.0000   22.500012338.0352   17.9110
   -7.5000   37.5000   22.500012054.9287   17.9271
    0.0000   37.5000   22.500012464.2070   17.9581
    7.5000   37.5000   22.500011853.5508   17.9155
   -7.5000   45.0000   22.500011063.9385   17.6285
    0.0000   45.0000   22.500011448.5244   17.6624
    7.5000   45.0000   22.500010914.6348   17.6285
   -7.5000  -45.0000   30.0000 8463.2080   18.9425
    0.0000  -45.0000   30.0000 8777.6680   18.9732
    7.5000  -45.0000   30.0000 8441.6797   18.9174
   -7.5000  -37.5000   30.0000 9146.8564   18.5259
    0.0000  -37.5000   30.0000 9488.0303   18.5562
    7.5000  -37.5000   30.0000 9063.1719   18.5199
   -7.5000  -30.0000   30.000010230.4736   18.2888
    0.0000  -30.0000   30.000010614.5518   18.3142
    7.5000  -30.0000   30.000010083.2031   18.2846
   -7.5000  -22.5000   30.000011320.4072   18.1868
    0.0000  -22.5000   30.000011728.8115   18.2088
    7.5000  -22.5000   30.000011154.1104   18.1709
   -7.5000  -15.0000   30.000012429.2344   18.2009
    0.0000  -15.0000   30.000012856.5439   18.2250
    7.5000  -15.0000   30.000012247.8594   18.1731
   -7.5000   -7.5000   30.000013385.8271   18.2115
    0.0000   -7.5000   30.000013807.5107   18.2402
    7.5000   -7.5000   30.000013150.2041   18.1826
   -7.5000    0.0000   30.000014117.1436   18.1937
    0.0000    0.0000   30.000014553.7695   18.2249
    7.5000    0.0000   30.000013829.6895   18.1749
   -7.5000    7.5000   30.000013694.2227   18.1627
    0.0000    7.5000   30.000014095.8047   18.1926
    7.5000    7.5000   30.000013359.8389   18.1571
   -7.5000   15.0000   30.000013074.5342   18.1489
    0.0000   15.0000   30.000013447.7598   18.1740
    7.5000   15.0000   30.000012814.8643   18.1450
   -7.5000   22.5000   30.000012383.0205   18.1610
    0.0000   22.5000   30.000012719.3340   18.1829
    7.5000   22.5000   30.000012153.6035   18.1450
   -7.5000   30.0000   30.000011617.6982   17.9654
    0.0000   30.0000   30.000011938.9893   17.9891
    7.5000   30.0000   30.000011393.8096   17.9379
   -7.5000   37.5000   30.000011183.5098   17.9760
    0.0000   37.5000   30.000011518.2314   18.0043
    7.5000   37.5000   30.000010979.3867   17.9475
   -7.5000   45.0000   30.000010339.4102   17.6734
    0.0000   45.0000   30.000010644.2217   17.7020
    7.5000   45.0000   30.000010146.4580   17.6553
   -7.5000  -45.0000   37.5000 8240.0625   19.0253
    0.0000  -45.0000   37.5000 8580.6045   19.0410
    7.5000  -45.0000   37.5000 8267.6631   18.9767
   -7.5000  -37.5000   37.5000 8874.0645   18.6077
    0.0000  -37.5000   37.5000 9243.3594   18.6243
    7.5000  -37.5000   37.5000 8862.6748   18.5834
   -7.5000  -30.0000   37.5000 9902.2344   18.3646
    0.0000  -30.0000   37.500010307.6631   18.3766
    7.5000  -30.0000   37.5000 9853.0439   18.3485
   -7.5000  -22.5000   37.500010950.8418   18.2577
    0.0000  -22.5000   37.500011363.7393   18.2663
    7.5000  -22.5000   37.500010864.0010   18.2309
   -7.5000  -15.0000   37.500012021.7764   18.2714
    0.0000  -15.0000   37.500012461.7637   18.2824
    7.5000  -15.0000   37.500011889.6338   18.2291
   -7.5000   -7.5000   37.500012928.1895   18.2866
    0.0000   -7.5000   37.500013409.1367   18.3021
    7.5000   -7.5000   37.500012743.8789   18.2382
   -7.5000    0.0000   37.500013596.5908   18.2739
    0.0000    0.0000   37.500014093.9199   18.2917
    7.5000    0.0000   37.500013352.5420   18.2332
   -7.5000    7.5000   37.500013142.6006   18.2423
    0.0000    7.5000   37.500013598.2637   18.2588
    7.5000    7.5000   37.500012864.1543   18.2187
   -7.5000   15.0000   37.500012531.4775   18.2236
    0.0000   15.0000   37.500012951.4561   18.2354
    7.5000   15.0000   37.500012323.7871   18.2079
   -7.5000   22.5000   37.500011847.5742   18.2317
    0.0000   22.5000   37.500012216.5615   18.2402
    7.5000   22.5000   37.500011655.9258   18.2049
   -7.5000   30.0000   37.500011098.3213   18.0349
    0.0000   30.0000   37.500011434.1357   18.0457
    7.5000   30.0000   37.500010902.3154   17.9931
   -7.5000   37.5000   37.500010674.0625   18.0501
    0.0000   37.5000   37.500011020.2783   18.0654
    7.5000   37.5000   37.500010513.1875   18.0023
   -7.5000   45.0000   37.5000 9918.1904   17.7505
    0.0000   45.0000   37.500010223.9043   17.7668
    7.5000   45.0000   37.5000 9754.3613   17.7120
   -7.5000  -45.0000   45.0000 7625.9971   19.1351
    0.0000  -45.0000   45.0000 7958.4702   19.1398
    7.5000  -45.0000   45.0000 7681.6714   19.0797
   -7.5000  -37.5000   45.0000 8196.7969   18.7218
    0.0000  -37.5000   45.0000 8565.0449   18.7273
    7.5000  -37.5000   45.0000 8241.3428   18.6904
   -7.5000  -30.0000   45.0000 9108.7275   18.4800
    0.0000  -30.0000   45.0000 9505.5664   18.4786
    7.5000  -30.0000   45.0000 9123.2324   18.4571
   -7.5000  -22.5000   45.000010051.6797   18.3612
    0.0000  -22.5000   45.000010467.0049   18.3551
    7.5000  -22.5000   45.000010008.5010   18.3283
   -7.5000  -15.0000   45.000011018.5938   18.3603
    0.0000  -15.0000   45.000011502.2705   18.3573
    7.5000  -15.0000   45.000010941.7803   18.3119
   -7.5000   -7.5000   45.000011854.7656   18.3721
    0.0000   -7.5000   45.000012352.3672   18.3763
    7.5000   -7.5000   45.000011730.7510   18.3178
   -7.5000    0.0000   45.000012436.7207   18.3681
    0.0000    0.0000   45.000012933.1621   18.3767
    7.5000    0.0000   45.000012252.4648   18.3217
   -7.5000    7.5000   45.000012022.2900   18.3497
    0.0000    7.5000   45.000012462.7393   18.3557
    7.5000    7.5000   45.000011804.9980   18.3193
   -7.5000   15.0000   45.000011482.5010   18.3365
    0.0000   15.0000   45.000011877.8047   18.3350
    7.5000   15.0000   45.000011298.5801   18.3138
   -7.5000   22.5000   45.000010846.7246   18.3347
    0.0000   22.5000   45.000011215.8672   18.3286
    7.5000   22.5000   45.000010672.5039   18.3019
   -7.5000   30.0000   45.000010126.2090   18.1210
    0.0000   30.0000   45.000010469.8389   18.1181
    7.5000   30.0000   45.0000 9978.0918   18.0733
   -7.5000   37.5000   45.0000 9704.6016   18.1329
    0.0000   37.5000   45.000010039.7354   18.1370
    7.5000   37.5000   45.0000 9584.7021   18.0793
   -7.5000   45.0000   45.0000 9033.4336   17.8502
    0.0000   45.0000   45.0000 9355.1143   17.8579
    7.5000   45.0000   45.0000 8917.1152   17.8063

---------------------------------------------------------------------
imgreg_4dfp /opt/freesurfer/average/711-2C_as_mni_average_305 /opt/freesurfer/average/711-2B_as_mni_average_305_mask talsrcimg_g11 none talsrcimg_to_711-2C_as_mni_average_305_t4 4355
---------------------------------------------------------------------

freesurfer imgreg_4dfp.c
/opt/freesurfer/average/711-2C_as_mni_average_305.4dfp.img
       256       256       256         1
  1.000000  1.000000  1.000000
orientation T byte_order littleendian
Reading image: /opt/freesurfer/average/711-2C_as_mni_average_305.4dfp.img
dimensions:      256       256       256
mmppix:       1.0000   -1.0000   -1.0000
center:     128.0000 -129.0000 -129.0000
/opt/freesurfer/average/711-2B_as_mni_average_305_mask.4dfp.img
       256       256       256         1
  1.000000  1.000000  1.000000
orientation T byte_order littleendian
Reading mask: /opt/freesurfer/average/711-2B_as_mni_average_305_mask.4dfp.img (2306576 pixels)
talsrcimg_g11.4dfp.img
       256       256       256         1
  1.000000  1.000000  1.000000
orientation T byte_order littleendian
Reading image: talsrcimg_g11.4dfp.img
dimensions:      256       256       256
mmppix:       1.0000   -1.0000   -1.0000
center:     128.0000 -129.0000 -129.0000
rotation matrix determinant  1.000000
image alignment mode   4355 decimal     1103 hex
   -7.5000  -45.0000  -45.0000 2012.4152   23.3068
    0.0000  -45.0000  -45.0000 2039.3383   23.1104
    7.5000  -45.0000  -45.0000 2023.0687   23.3630
   -7.5000  -37.5000  -45.0000 2053.6655   21.7366
    0.0000  -37.5000  -45.0000 2072.9023   21.5899
    7.5000  -37.5000  -45.0000 2055.5500   21.8412
   -7.5000  -30.0000  -45.0000 2086.6265   20.5648
    0.0000  -30.0000  -45.0000 2102.3303   20.4715
    7.5000  -30.0000  -45.0000 2085.1572   20.7493
   -7.5000  -22.5000  -45.0000 2125.2219   19.6974
    0.0000  -22.5000  -45.0000 2136.3735   19.5842
    7.5000  -22.5000  -45.0000 2114.6082   19.8630
   -7.5000  -15.0000  -45.0000 2165.4697   19.1032
    0.0000  -15.0000  -45.0000 2171.8533   18.9625
    7.5000  -15.0000  -45.0000 2148.2871   19.1589
   -7.5000   -7.5000  -45.0000 2208.3896   18.6488
    0.0000   -7.5000  -45.0000 2209.5071   18.6044
    7.5000   -7.5000  -45.0000 2183.6453   18.7051
   -7.5000    0.0000  -45.0000 2235.8071   18.2895
    0.0000    0.0000  -45.0000 2240.5176   18.2821
    7.5000    0.0000  -45.0000 2215.3135   18.4014
   -7.5000    7.5000  -45.0000 2262.4155   17.9753
    0.0000    7.5000  -45.0000 2257.9641   17.9705
    7.5000    7.5000  -45.0000 2226.7322   18.1480
   -7.5000   15.0000  -45.0000 2264.3550   17.8261
    0.0000   15.0000  -45.0000 2256.4351   17.7637
    7.5000   15.0000  -45.0000 2219.3630   18.0153
   -7.5000   22.5000  -45.0000 2254.1379   17.8569
    0.0000   22.5000  -45.0000 2247.5273   17.7800
    7.5000   22.5000  -45.0000 2213.4854   18.0645
   -7.5000   30.0000  -45.0000 2242.3838   18.1168
    0.0000   30.0000  -45.0000 2235.5032   18.0844
    7.5000   30.0000  -45.0000 2192.8054   18.4058
   -7.5000   37.5000  -45.0000 2222.5654   18.7637
    0.0000   37.5000  -45.0000 2204.8171   18.7727
    7.5000   37.5000  -45.0000 2161.2136   19.1371
   -7.5000   45.0000  -45.0000 2172.6614   19.7526
    0.0000   45.0000  -45.0000 2156.5315   19.7967
    7.5000   45.0000  -45.0000 2113.2979   20.2283
   -7.5000  -45.0000  -37.5000 2091.4431   21.2373
    0.0000  -45.0000  -37.5000 2128.7073   21.1438
    7.5000  -45.0000  -37.5000 2118.8125   21.3933
   -7.5000  -37.5000  -37.5000 2141.4148   19.7649
    0.0000  -37.5000  -37.5000 2162.6248   19.6665
    7.5000  -37.5000  -37.5000 2148.2036   19.9043
   -7.5000  -30.0000  -37.5000 2179.6533   18.7176
    0.0000  -30.0000  -37.5000 2196.5457   18.6241
    7.5000  -30.0000  -37.5000 2174.3579   18.8238
   -7.5000  -22.5000  -37.5000 2227.8965   17.9346
    0.0000  -22.5000  -37.5000 2240.5308   17.8936
    7.5000  -22.5000  -37.5000 2216.3347   18.0672
   -7.5000  -15.0000  -37.5000 2276.6826   17.4072
    0.0000  -15.0000  -37.5000 2290.5862   17.3324
    7.5000  -15.0000  -37.5000 2263.7744   17.4991
   -7.5000   -7.5000  -37.5000 2320.5481   16.9949
    0.0000   -7.5000  -37.5000 2334.4585   16.9676
    7.5000   -7.5000  -37.5000 2302.9771   17.1016
   -7.5000    0.0000  -37.5000 2353.0283   16.6838
    0.0000    0.0000  -37.5000 2360.6113   16.6818
    7.5000    0.0000  -37.5000 2329.4653   16.8335
   -7.5000    7.5000  -37.5000 2368.4810   16.5123
    0.0000    7.5000  -37.5000 2371.6221   16.4583
    7.5000    7.5000  -37.5000 2332.6045   16.6108
   -7.5000   15.0000  -37.5000 2370.0781   16.3813
    0.0000   15.0000  -37.5000 2363.1868   16.3264
    7.5000   15.0000  -37.5000 2321.6367   16.5187
   -7.5000   22.5000  -37.5000 2356.1743   16.4482
    0.0000   22.5000  -37.5000 2350.1267   16.3735
    7.5000   22.5000  -37.5000 2315.7134   16.6026
   -7.5000   30.0000  -37.5000 2348.0886   16.6834
    0.0000   30.0000  -37.5000 2334.2417   16.6485
    7.5000   30.0000  -37.5000 2295.3918   16.9581
   -7.5000   37.5000  -37.5000 2320.7319   17.3000
    0.0000   37.5000  -37.5000 2305.7896   17.2637
    7.5000   37.5000  -37.5000 2262.3474   17.6097
   -7.5000   45.0000  -37.5000 2273.0535   18.1960
    0.0000   45.0000  -37.5000 2257.0969   18.2301
    7.5000   45.0000  -37.5000 2210.9719   18.5775
   -7.5000  -45.0000  -30.0000 2208.2959   20.3477
    0.0000  -45.0000  -30.0000 2239.1633   20.2788
    7.5000  -45.0000  -30.0000 2231.4729   20.5401
   -7.5000  -37.5000  -30.0000 2259.2051   18.9068
    0.0000  -37.5000  -30.0000 2277.8132   18.7684
    7.5000  -37.5000  -30.0000 2266.6689   19.0527
   -7.5000  -30.0000  -30.0000 2303.3535   17.7913
    0.0000  -30.0000  -30.0000 2322.0894   17.7487
    7.5000  -30.0000  -30.0000 2307.2114   17.9496
   -7.5000  -22.5000  -30.0000 2359.5178   17.0875
    0.0000  -22.5000  -30.0000 2376.5923   17.0455
    7.5000  -22.5000  -30.0000 2357.4309   17.1816
   -7.5000  -15.0000  -30.0000 2417.7563   16.5427
    0.0000  -15.0000  -30.0000 2433.1763   16.5218
    7.5000  -15.0000  -30.0000 2411.8813   16.6723
   -7.5000   -7.5000  -30.0000 2466.7395   16.1657
    0.0000   -7.5000  -30.0000 2480.6428   16.1463
    7.5000   -7.5000  -30.0000 2448.8699   16.2950
   -7.5000    0.0000  -30.0000 2496.7249   15.8398
    0.0000    0.0000  -30.0000 2504.3882   15.8191
    7.5000    0.0000  -30.0000 2470.5815   15.9748
   -7.5000    7.5000  -30.0000 2517.9153   15.6802
    0.0000    7.5000  -30.0000 2520.0576   15.6466
    7.5000    7.5000  -30.0000 2479.6616   15.7686
   -7.5000   15.0000  -30.0000 2526.1213   15.5991
    0.0000   15.0000  -30.0000 2519.1589   15.5716
    7.5000   15.0000  -30.0000 2473.1648   15.7249
   -7.5000   22.5000  -30.0000 2513.1116   15.7171
    0.0000   22.5000  -30.0000 2504.0435   15.6485
    7.5000   22.5000  -30.0000 2469.4395   15.8493
   -7.5000   30.0000  -30.0000 2496.9084   16.0078
    0.0000   30.0000  -30.0000 2482.6091   15.9544
    7.5000   30.0000  -30.0000 2440.3096   16.1821
   -7.5000   37.5000  -30.0000 2464.1489   16.5685
    0.0000   37.5000  -30.0000 2450.2446   16.5678
    7.5000   37.5000  -30.0000 2400.7515   16.7910
   -7.5000   45.0000  -30.0000 2413.9922   17.4115
    0.0000   45.0000  -30.0000 2399.2297   17.4511
    7.5000   45.0000  -30.0000 2345.5112   17.7150
   -7.5000  -45.0000  -22.5000 2298.1526   19.6720
    0.0000  -45.0000  -22.5000 2319.3799   19.5606
    7.5000  -45.0000  -22.5000 2315.1509   19.7747
   -7.5000  -37.5000  -22.5000 2349.9592   18.1821
    0.0000  -37.5000  -22.5000 2373.7251   18.0606
    7.5000  -37.5000  -22.5000 2362.5608   18.2333
   -7.5000  -30.0000  -22.5000 2400.5957   17.0289
    0.0000  -30.0000  -22.5000 2430.0068   16.9526
    7.5000  -30.0000  -22.5000 2413.0767   17.1438
   -7.5000  -22.5000  -22.5000 2463.5818   16.2612
    0.0000  -22.5000  -22.5000 2484.7178   16.2201
    7.5000  -22.5000  -22.5000 2466.9636   16.3859
   -7.5000  -15.0000  -22.5000 2524.5415   15.7668
    0.0000  -15.0000  -22.5000 2546.2104   15.7252
    7.5000  -15.0000  -22.5000 2517.4480   15.8810
   -7.5000   -7.5000  -22.5000 2569.7156   15.3340
    0.0000   -7.5000  -22.5000 2586.8684   15.3149
    7.5000   -7.5000  -22.5000 2555.3403   15.4879
   -7.5000    0.0000  -22.5000 2601.3323   14.9968
    0.0000    0.0000  -22.5000 2608.9568   14.9862
    7.5000    0.0000  -22.5000 2577.7180   15.1062
   -7.5000    7.5000  -22.5000 2628.4917   14.7973
    0.0000    7.5000  -22.5000 2626.2852   14.7546
    7.5000    7.5000  -22.5000 2591.0952   14.8816
   -7.5000   15.0000  -22.5000 2642.5906   14.7371
    0.0000   15.0000  -22.5000 2636.1150   14.7040
    7.5000   15.0000  -22.5000 2587.0176   14.8279
   -7.5000   22.5000  -22.5000 2641.8713   14.8822
    0.0000   22.5000  -22.5000 2632.4131   14.8610
    7.5000   22.5000  -22.5000 2583.9844   14.9936
   -7.5000   30.0000  -22.5000 2623.7988   15.2337
    0.0000   30.0000  -22.5000 2614.7874   15.2125
    7.5000   30.0000  -22.5000 2561.3152   15.3702
   -7.5000   37.5000  -22.5000 2592.1548   15.7943
    0.0000   37.5000  -22.5000 2585.2034   15.8226
    7.5000   37.5000  -22.5000 2528.7087   15.9810
   -7.5000   45.0000  -22.5000 2528.8669   16.5696
    0.0000   45.0000  -22.5000 2522.5696   16.6372
    7.5000   45.0000  -22.5000 2465.7434   16.8448
   -7.5000  -45.0000  -15.0000 2355.7947   19.0254
    0.0000  -45.0000  -15.0000 2377.0420   18.8277
    7.5000  -45.0000  -15.0000 2372.2827   19.0293
   -7.5000  -37.5000  -15.0000 2416.2634   17.5187
    0.0000  -37.5000  -15.0000 2439.2266   17.3540
    7.5000  -37.5000  -15.0000 2426.1172   17.5655
   -7.5000  -30.0000  -15.0000 2472.2795   16.3756
    0.0000  -30.0000  -15.0000 2493.4041   16.3043
    7.5000  -30.0000  -15.0000 2477.4150   16.4721
   -7.5000  -22.5000  -15.0000 2533.2051   15.6103
    0.0000  -22.5000  -15.0000 2553.0566   15.5248
    7.5000  -22.5000  -15.0000 2533.0645   15.6523
   -7.5000  -15.0000  -15.0000 2585.5251   15.0834
    0.0000  -15.0000  -15.0000 2606.7424   15.0034
    7.5000  -15.0000  -15.0000 2579.2341   15.1417
   -7.5000   -7.5000  -15.0000 2626.7358   14.6281
    0.0000   -7.5000  -15.0000 2649.2195   14.5641
    7.5000   -7.5000  -15.0000 2615.8542   14.7268
   -7.5000    0.0000  -15.0000 2668.3706   14.2239
    0.0000    0.0000  -15.0000 2682.9773   14.2259
    7.5000    0.0000  -15.0000 2647.0708   14.3575
   -7.5000    7.5000  -15.0000 2706.5088   13.9950
    0.0000    7.5000  -15.0000 2707.2537   13.9775
    7.5000    7.5000  -15.0000 2666.5752   14.1174
   -7.5000   15.0000  -15.0000 2727.6472   13.9036
    0.0000   15.0000  -15.0000 2720.0137   13.8541
    7.5000   15.0000  -15.0000 2671.6172   14.0151
   -7.5000   22.5000  -15.0000 2738.8994   14.0177
    0.0000   22.5000  -15.0000 2728.9177   14.0148
    7.5000   22.5000  -15.0000 2671.1531   14.1743
   -7.5000   30.0000  -15.0000 2724.7310   14.4326
    0.0000   30.0000  -15.0000 2722.1409   14.4356
    7.5000   30.0000  -15.0000 2662.2207   14.5903
   -7.5000   37.5000  -15.0000 2688.9521   15.0603
    0.0000   37.5000  -15.0000 2691.1948   15.0678
    7.5000   37.5000  -15.0000 2629.7705   15.2303
   -7.5000   45.0000  -15.0000 2622.0354   15.7714
    0.0000   45.0000  -15.0000 2618.2056   15.8182
    7.5000   45.0000  -15.0000 2563.6726   16.0459
   -7.5000  -45.0000   -7.5000 2401.7305   18.4502
    0.0000  -45.0000   -7.5000 2418.7141   18.2180
    7.5000  -45.0000   -7.5000 2412.0693   18.4296
   -7.5000  -37.5000   -7.5000 2460.9531   16.9693
    0.0000  -37.5000   -7.5000 2481.4502   16.8083
    7.5000  -37.5000   -7.5000 2466.7380   17.0030
   -7.5000  -30.0000   -7.5000 2520.9258   15.8307
    0.0000  -30.0000   -7.5000 2530.6777   15.7035
    7.5000  -30.0000   -7.5000 2513.9795   15.8870
   -7.5000  -22.5000   -7.5000 2578.0044   15.0318
    0.0000  -22.5000   -7.5000 2587.4646   14.8840
    7.5000  -22.5000   -7.5000 2568.7747   15.0435
   -7.5000  -15.0000   -7.5000 2626.1577   14.4556
    0.0000  -15.0000   -7.5000 2637.3091   14.3343
    7.5000  -15.0000   -7.5000 2613.7275   14.5027
   -7.5000   -7.5000   -7.5000 2669.4583   13.9771
    0.0000   -7.5000   -7.5000 2681.8008   13.8948
    7.5000   -7.5000   -7.5000 2653.6951   14.0496
   -7.5000    0.0000   -7.5000 2719.6223   13.6007
    0.0000    0.0000   -7.5000 2730.5298   13.5484
    7.5000    0.0000   -7.5000 2687.1108   13.7212
   -7.5000    7.5000   -7.5000 2768.1736   13.3511
    0.0000    7.5000   -7.5000 2765.9888   13.3141
    7.5000    7.5000   -7.5000 2720.9578   13.4899
   -7.5000   15.0000   -7.5000 2797.8054   13.1962
    0.0000   15.0000   -7.5000 2795.8191   13.1709
    7.5000   15.0000   -7.5000 2740.7117   13.3902
   -7.5000   22.5000   -7.5000 2822.8044   13.2699
    0.0000   22.5000   -7.5000 2814.7544   13.2670
    7.5000   22.5000   -7.5000 2747.1199   13.5112
   -7.5000   30.0000   -7.5000 2813.7195   13.6657
    0.0000   30.0000   -7.5000 2806.8081   13.6577
    7.5000   30.0000   -7.5000 2745.7322   13.8764
   -7.5000   37.5000   -7.5000 2769.0581   14.2740
    0.0000   37.5000   -7.5000 2772.8667   14.2586
    7.5000   37.5000   -7.5000 2709.9194   14.4944
   -7.5000   45.0000   -7.5000 2689.8674   15.0220
    0.0000   45.0000   -7.5000 2687.0415   15.0317
    7.5000   45.0000   -7.5000 2628.5701   15.3124
   -7.5000  -45.0000    0.0000 2422.8000   18.1374
    0.0000  -45.0000    0.0000 2440.4211   17.9087
    7.5000  -45.0000    0.0000 2429.4280   18.0317
   -7.5000  -37.5000    0.0000 2486.4749   16.6910
    0.0000  -37.5000    0.0000 2506.2380   16.5029
    7.5000  -37.5000    0.0000 2486.5552   16.6781
   -7.5000  -30.0000    0.0000 2546.2822   15.5441
    0.0000  -30.0000    0.0000 2550.5916   15.3743
    7.5000  -30.0000    0.0000 2534.6255   15.5440
   -7.5000  -22.5000    0.0000 2590.4937   14.6253
    0.0000  -22.5000    0.0000 2603.0676   14.4662
    7.5000  -22.5000    0.0000 2586.0852   14.6278
   -7.5000  -15.0000    0.0000 2634.9729   13.9882
    0.0000  -15.0000    0.0000 2651.3757   13.8529
    7.5000  -15.0000    0.0000 2631.1299   14.0325
   -7.5000   -7.5000    0.0000 2681.8328   13.5184
    0.0000   -7.5000    0.0000 2696.9453   13.3824
    7.5000   -7.5000    0.0000 2669.7158   13.5565
   -7.5000    0.0000    0.0000 2738.5842   13.1736
    0.0000    0.0000    0.0000 2746.1982   13.0120
    7.5000    0.0000    0.0000 2706.9050   13.2459
   -7.5000    7.5000    0.0000 2800.2390   12.9310
    0.0000    7.5000    0.0000 2806.2869   12.8123
    7.5000    7.5000    0.0000 2758.6392   13.0333
   -7.5000   15.0000    0.0000 2855.5913   12.8017
    0.0000   15.0000    0.0000 2856.9778   12.7490
    7.5000   15.0000    0.0000 2795.9910   12.9868
   -7.5000   22.5000    0.0000 2896.9111   12.7955
    0.0000   22.5000    0.0000 2892.0986   12.7888
    7.5000   22.5000    0.0000 2818.7759   13.1423
   -7.5000   30.0000    0.0000 2886.9998   13.1191
    0.0000   30.0000    0.0000 2884.5493   13.1197
    7.5000   30.0000    0.0000 2815.1372   13.4580
   -7.5000   37.5000    0.0000 2827.9971   13.7217
    0.0000   37.5000    0.0000 2836.1343   13.7222
    7.5000   37.5000    0.0000 2761.8386   14.0283
   -7.5000   45.0000    0.0000 2740.5837   14.4612
    0.0000   45.0000    0.0000 2735.6733   14.4796
    7.5000   45.0000    0.0000 2676.9312   14.7560
   -7.5000  -45.0000    7.5000 2428.7727   18.0525
    0.0000  -45.0000    7.5000 2456.1748   17.7596
    7.5000  -45.0000    7.5000 2448.6504   17.8973
   -7.5000  -37.5000    7.5000 2499.0771   16.5737
    0.0000  -37.5000    7.5000 2522.2529   16.3177
    7.5000  -37.5000    7.5000 2511.6162   16.4733
   -7.5000  -30.0000    7.5000 2549.4546   15.4395
    0.0000  -30.0000    7.5000 2567.0781   15.1832
    7.5000  -30.0000    7.5000 2551.6616   15.3315
   -7.5000  -22.5000    7.5000 2587.8032   14.4639
    0.0000  -22.5000    7.5000 2615.6948   14.2775
    7.5000  -22.5000    7.5000 2594.9565   14.4506
   -7.5000  -15.0000    7.5000 2632.1992   13.7594
    0.0000  -15.0000    7.5000 2652.0356   13.5791
    7.5000  -15.0000    7.5000 2634.6519   13.7993
   -7.5000   -7.5000    7.5000 2685.9917   13.2495
    0.0000   -7.5000    7.5000 2700.4534   13.0464
    7.5000   -7.5000    7.5000 2674.9407   13.2861
   -7.5000    0.0000    7.5000 2740.4661   12.8954
    0.0000    0.0000    7.5000 2750.9563   12.6741
    7.5000    0.0000    7.5000 2717.6069   12.9505
   -7.5000    7.5000    7.5000 2811.3474   12.6645
    0.0000    7.5000    7.5000 2822.0405   12.4622
    7.5000    7.5000    7.5000 2776.3469   12.7676
   -7.5000   15.0000    7.5000 2879.7654   12.6682
    0.0000   15.0000    7.5000 2894.1311   12.5084
    7.5000   15.0000    7.5000 2831.0806   12.7864
   -7.5000   22.5000    7.5000 2945.0857   12.7546
    0.0000   22.5000    7.5000 2950.0557   12.6385
    7.5000   22.5000    7.5000 2867.9229   12.9766
   -7.5000   30.0000    7.5000 2944.8464   12.9928
    0.0000   30.0000    7.5000 2946.1096   12.9452
    7.5000   30.0000    7.5000 2861.1416   13.2684
   -7.5000   37.5000    7.5000 2871.8696   13.4675
    0.0000   37.5000    7.5000 2880.3972   13.4460
    7.5000   37.5000    7.5000 2797.3582   13.7393
   -7.5000   45.0000    7.5000 2761.0972   14.1766
    0.0000   45.0000    7.5000 2763.1577   14.1547
    7.5000   45.0000    7.5000 2703.5647   14.4192
   -7.5000  -45.0000   15.0000 2410.7415   18.1252
    0.0000  -45.0000   15.0000 2436.8633   17.8403
    7.5000  -45.0000   15.0000 2431.2351   17.9923
   -7.5000  -37.5000   15.0000 2488.0369   16.6347
    0.0000  -37.5000   15.0000 2513.1055   16.3742
    7.5000  -37.5000   15.0000 2502.7217   16.5356
   -7.5000  -30.0000   15.0000 2539.1826   15.4458
    0.0000  -30.0000   15.0000 2568.4338   15.2087
    7.5000  -30.0000   15.0000 2549.0305   15.3630
   -7.5000  -22.5000   15.0000 2572.6375   14.4533
    0.0000  -22.5000   15.0000 2603.2991   14.2133
    7.5000  -22.5000   15.0000 2586.0378   14.4254
   -7.5000  -15.0000   15.0000 2613.7676   13.7371
    0.0000  -15.0000   15.0000 2633.8877   13.4693
    7.5000  -15.0000   15.0000 2615.6379   13.7343
   -7.5000   -7.5000   15.0000 2664.6367   13.1938
    0.0000   -7.5000   15.0000 2682.1140   12.9573
    7.5000   -7.5000   15.0000 2653.3672   13.2338
   -7.5000    0.0000   15.0000 2724.7500   12.8711
    0.0000    0.0000   15.0000 2740.1794   12.6176
    7.5000    0.0000   15.0000 2703.5793   12.9196
   -7.5000    7.5000   15.0000 2794.0837   12.7249
    0.0000    7.5000   15.0000 2808.0361   12.4749
    7.5000    7.5000   15.0000 2767.6592   12.7815
   -7.5000   15.0000   15.0000 2865.7031   12.7669
    0.0000   15.0000   15.0000 2878.9646   12.5235
    7.5000   15.0000   15.0000 2815.3699   12.8217
   -7.5000   22.5000   15.0000 2931.5278   12.8442
    0.0000   22.5000   15.0000 2947.8889   12.6584
    7.5000   22.5000   15.0000 2861.9846   12.9658
   -7.5000   30.0000   15.0000 2937.8735   13.0913
    0.0000   30.0000   15.0000 2955.5928   12.9498
    7.5000   30.0000   15.0000 2861.0850   13.2646
   -7.5000   37.5000   15.0000 2858.1924   13.5160
    0.0000   37.5000   15.0000 2871.8850   13.4500
    7.5000   37.5000   15.0000 2786.0750   13.7526
   -7.5000   45.0000   15.0000 2738.7578   14.2172
    0.0000   45.0000   15.0000 2745.5317   14.1656
    7.5000   45.0000   15.0000 2686.7161   14.4204
   -7.5000  -45.0000   22.5000 2375.3030   18.4146
    0.0000  -45.0000   22.5000 2401.6790   18.1394
    7.5000  -45.0000   22.5000 2398.7012   18.2630
   -7.5000  -37.5000   22.5000 2454.7134   16.9276
    0.0000  -37.5000   22.5000 2480.8477   16.6427
    7.5000  -37.5000   22.5000 2469.2883   16.7839
   -7.5000  -30.0000   22.5000 2515.0000   15.6665
    0.0000  -30.0000   22.5000 2547.5789   15.4157
    7.5000  -30.0000   22.5000 2525.8103   15.5361
   -7.5000  -22.5000   22.5000 2551.1743   14.6229
    0.0000  -22.5000   22.5000 2587.0112   14.3797
    7.5000  -22.5000   22.5000 2572.8215   14.5495
   -7.5000  -15.0000   22.5000 2586.6033   13.9370
    0.0000  -15.0000   22.5000 2613.9001   13.6842
    7.5000  -15.0000   22.5000 2595.7363   13.8891
   -7.5000   -7.5000   22.5000 2642.1633   13.4704
    0.0000   -7.5000   22.5000 2660.2666   13.2259
    7.5000   -7.5000   22.5000 2632.7126   13.4333
   -7.5000    0.0000   22.5000 2701.2483   13.1847
    0.0000    0.0000   22.5000 2713.9526   12.9328
    7.5000    0.0000   22.5000 2682.0859   13.1792
   -7.5000    7.5000   22.5000 2766.7205   13.0247
    0.0000    7.5000   22.5000 2777.9351   12.8017
    7.5000    7.5000   22.5000 2735.0344   13.0520
   -7.5000   15.0000   22.5000 2825.9360   13.0152
    0.0000   15.0000   22.5000 2834.4287   12.8170
    7.5000   15.0000   22.5000 2780.1479   13.0907
   -7.5000   22.5000   22.5000 2877.9771   13.1092
    0.0000   22.5000   22.5000 2883.0447   12.9219
    7.5000   22.5000   22.5000 2817.4619   13.2243
   -7.5000   30.0000   22.5000 2878.1318   13.3837
    0.0000   30.0000   22.5000 2885.4434   13.2619
    7.5000   30.0000   22.5000 2811.4885   13.5473
   -7.5000   37.5000   22.5000 2809.1516   13.8724
    0.0000   37.5000   22.5000 2823.2346   13.8089
    7.5000   37.5000   22.5000 2750.8120   14.0655
   -7.5000   45.0000   22.5000 2696.0513   14.6383
    0.0000   45.0000   22.5000 2705.4995   14.5853
    7.5000   45.0000   22.5000 2648.4746   14.7891
   -7.5000  -45.0000   30.0000 2325.7957   18.8341
    0.0000  -45.0000   30.0000 2355.2002   18.5583
    7.5000  -45.0000   30.0000 2355.7024   18.7078
   -7.5000  -37.5000   30.0000 2402.4871   17.3536
    0.0000  -37.5000   30.0000 2431.0933   17.0532
    7.5000  -37.5000   30.0000 2422.7112   17.1714
   -7.5000  -30.0000   30.0000 2462.7004   16.1151
    0.0000  -30.0000   30.0000 2495.4822   15.8121
    7.5000  -30.0000   30.0000 2475.6309   15.9488
   -7.5000  -22.5000   30.0000 2506.8298   15.0945
    0.0000  -22.5000   30.0000 2541.4829   14.8296
    7.5000  -22.5000   30.0000 2525.1748   14.9380
   -7.5000  -15.0000   30.0000 2550.8835   14.4293
    0.0000  -15.0000   30.0000 2580.5757   14.1817
    7.5000  -15.0000   30.0000 2556.9980   14.3403
   -7.5000   -7.5000   30.0000 2601.4780   13.9624
    0.0000   -7.5000   30.0000 2624.0413   13.7433
    7.5000   -7.5000   30.0000 2596.9976   13.9049
   -7.5000    0.0000   30.0000 2658.4182   13.6500
    0.0000    0.0000   30.0000 2677.9302   13.4377
    7.5000    0.0000   30.0000 2644.9126   13.6297
   -7.5000    7.5000   30.0000 2719.2217   13.4422
    0.0000    7.5000   30.0000 2731.6001   13.2824
    7.5000    7.5000   30.0000 2690.8574   13.4996
   -7.5000   15.0000   30.0000 2768.2234   13.4430
    0.0000   15.0000   30.0000 2776.1179   13.2676
    7.5000   15.0000   30.0000 2729.6223   13.5155
   -7.5000   22.5000   30.0000 2801.3613   13.5783
    0.0000   22.5000   30.0000 2802.8555   13.3922
    7.5000   22.5000   30.0000 2751.5989   13.6849
   -7.5000   30.0000   30.0000 2784.0884   13.9320
    0.0000   30.0000   30.0000 2783.3950   13.7660
    7.5000   30.0000   30.0000 2727.4841   14.0478
   -7.5000   37.5000   30.0000 2732.4309   14.4363
    0.0000   37.5000   30.0000 2735.1179   14.3482
    7.5000   37.5000   30.0000 2674.4292   14.6037
   -7.5000   45.0000   30.0000 2636.8303   15.2349
    0.0000   45.0000   30.0000 2636.1189   15.1759
    7.5000   45.0000   30.0000 2582.1809   15.3721
   -7.5000  -45.0000   37.5000 2263.9526   19.6550
    0.0000  -45.0000   37.5000 2299.9602   19.3143
    7.5000  -45.0000   37.5000 2306.9021   19.4667
   -7.5000  -37.5000   37.5000 2335.8811   18.0910
    0.0000  -37.5000   37.5000 2370.8560   17.7896
    7.5000  -37.5000   37.5000 2373.6497   17.9316
   -7.5000  -30.0000   37.5000 2395.3635   16.7897
    0.0000  -30.0000   37.5000 2427.4739   16.5116
    7.5000  -30.0000   37.5000 2418.3167   16.6480
   -7.5000  -22.5000   37.5000 2444.4622   15.7785
    0.0000  -22.5000   37.5000 2477.5154   15.5146
    7.5000  -22.5000   37.5000 2470.4500   15.6263
   -7.5000  -15.0000   37.5000 2494.4194   15.0750
    0.0000  -15.0000   37.5000 2521.9504   14.8308
    7.5000  -15.0000   37.5000 2507.6724   14.9730
   -7.5000   -7.5000   37.5000 2549.9280   14.5970
    0.0000   -7.5000   37.5000 2577.8484   14.3697
    7.5000   -7.5000   37.5000 2549.3723   14.5073
   -7.5000    0.0000   37.5000 2603.8459   14.2408
    0.0000    0.0000   37.5000 2631.3420   14.0948
    7.5000    0.0000   37.5000 2598.6211   14.2425
   -7.5000    7.5000   37.5000 2655.1838   14.0380
    0.0000    7.5000   37.5000 2674.5706   13.8970
    7.5000    7.5000   37.5000 2633.3589   14.0747
   -7.5000   15.0000   37.5000 2691.5854   13.9988
    0.0000   15.0000   37.5000 2707.1528   13.8779
    7.5000   15.0000   37.5000 2661.8958   14.1156
   -7.5000   22.5000   37.5000 2712.7163   14.1851
    0.0000   22.5000   37.5000 2716.9875   14.0490
    7.5000   22.5000   37.5000 2674.3704   14.3165
   -7.5000   30.0000   37.5000 2687.7424   14.6061
    0.0000   30.0000   37.5000 2686.2905   14.4701
    7.5000   30.0000   37.5000 2642.8188   14.7560
   -7.5000   37.5000   37.5000 2633.9929   15.1657
    0.0000   37.5000   37.5000 2638.4854   15.0507
    7.5000   37.5000   37.5000 2590.3611   15.3215
   -7.5000   45.0000   37.5000 2554.6614   15.9434
    0.0000   45.0000   37.5000 2558.4810   15.8469
    7.5000   45.0000   37.5000 2506.3728   16.1094
   -7.5000  -45.0000   45.0000 2194.7871   20.8135
    0.0000  -45.0000   45.0000 2230.4075   20.5223
    7.5000  -45.0000   45.0000 2231.9795   20.7384
   -7.5000  -37.5000   45.0000 2266.2742   19.0819
    0.0000  -37.5000   45.0000 2301.6631   18.8495
    7.5000  -37.5000   45.0000 2305.5654   19.0241
   -7.5000  -30.0000   45.0000 2321.1448   17.6698
    0.0000  -30.0000   45.0000 2358.1702   17.4556
    7.5000  -30.0000   45.0000 2356.4526   17.6029
   -7.5000  -22.5000   45.0000 2378.5273   16.5859
    0.0000  -22.5000   45.0000 2409.9692   16.3700
    7.5000  -22.5000   45.0000 2406.5098   16.4894
   -7.5000  -15.0000   45.0000 2427.9844   15.8822
    0.0000  -15.0000   45.0000 2463.4917   15.6823
    7.5000  -15.0000   45.0000 2444.4783   15.7891
   -7.5000   -7.5000   45.0000 2481.3311   15.3768
    0.0000   -7.5000   45.0000 2517.4109   15.1921
    7.5000   -7.5000   45.0000 2488.7529   15.3129
   -7.5000    0.0000   45.0000 2532.0969   15.0423
    0.0000    0.0000   45.0000 2560.3845   14.8944
    7.5000    0.0000   45.0000 2526.6938   15.0339
   -7.5000    7.5000   45.0000 2575.7271   14.8805
    0.0000    7.5000   45.0000 2595.9214   14.7033
    7.5000    7.5000   45.0000 2557.6658   14.9272
   -7.5000   15.0000   45.0000 2605.3416   14.8547
    0.0000   15.0000   45.0000 2622.0615   14.7494
    7.5000   15.0000   45.0000 2580.3540   14.9730
   -7.5000   22.5000   45.0000 2614.6914   15.0820
    0.0000   22.5000   45.0000 2625.8379   14.9796
    7.5000   22.5000   45.0000 2583.0896   15.1930
   -7.5000   30.0000   45.0000 2581.0776   15.5084
    0.0000   30.0000   45.0000 2589.2097   15.4111
    7.5000   30.0000   45.0000 2551.4695   15.6280
   -7.5000   37.5000   45.0000 2527.9922   16.0727
    0.0000   37.5000   45.0000 2533.8203   15.9932
    7.5000   37.5000   45.0000 2495.6260   16.2179
   -7.5000   45.0000   45.0000 2463.2415   16.8389
    0.0000   45.0000   45.0000 2471.3201   16.7693
    7.5000   45.0000   45.0000 2425.7195   17.0002

---------------------------------------------------------------------
imgreg_4dfp /opt/freesurfer/average/711-2C_as_mni_average_305 /opt/freesurfer/average/711-2B_as_mni_average_305_mask talsrcimg_g11 none talsrcimg_to_711-2C_as_mni_average_305_t4 1283
---------------------------------------------------------------------

freesurfer imgreg_4dfp.c
/opt/freesurfer/average/711-2C_as_mni_average_305.4dfp.img
       256       256       256         1
  1.000000  1.000000  1.000000
orientation T byte_order littleendian
Reading image: /opt/freesurfer/average/711-2C_as_mni_average_305.4dfp.img
dimensions:      256       256       256
mmppix:       1.0000   -1.0000   -1.0000
center:     128.0000 -129.0000 -129.0000
/opt/freesurfer/average/711-2B_as_mni_average_305_mask.4dfp.img
       256       256       256         1
  1.000000  1.000000  1.000000
orientation T byte_order littleendian
Reading mask: /opt/freesurfer/average/711-2B_as_mni_average_305_mask.4dfp.img (2306576 pixels)
talsrcimg_g11.4dfp.img
       256       256       256         1
  1.000000  1.000000  1.000000
orientation T byte_order littleendian
Reading image: talsrcimg_g11.4dfp.img
dimensions:      256       256       256
mmppix:       1.0000   -1.0000   -1.0000
center:     128.0000 -129.0000 -129.0000
rotation matrix determinant  1.000000
fimgreg.f
image alignment mode   1283 decimal      503 hex
parameters
    0.0000   30.0000   15.0000    0.0000    0.0000    0.0000
eta,q 0.92585 12.95749
niter,ni,del,rscale     5    3   12.0000    1.2000
parameter  1  0.530051 ->  0.500000 qaram    1.1500
parameter  3  0.658018 ->  0.500000 qaram    1.1500
parameter  4  0.874104 ->  0.500000 qaram    1.1500
parameter  6 -0.849145 -> -0.500000 qaram    1.1500
parameters
   -3.4500   27.9296   11.5500   -3.4500   -0.3579    3.4500
eta,q 0.94463 12.72363
  0.0745  0.0725  0.0646  0.0582  0.0665  0.0733
  0.0695  0.0691  0.0624  0.0584  0.0620  0.0676
  0.0693  0.0671  0.0640  0.0591  0.0594  0.0625
  0.0738  0.0686  0.0670  0.0622  0.0585  0.0586
  0.0821  0.0730  0.0712  0.0665  0.0599  0.0562
  0.0920  0.0800  0.0778  0.0716  0.0634  0.0552
  0.1014  0.0875  0.0856  0.0773  0.0687  0.0549
niter,ni,del,rscale     7    3   12.0000    1.2000
parameter  4  0.688321 ->  0.500000 qaram    1.3225
parameters
   -2.9630   28.0712   11.1609   -7.4175   -0.9315    5.4846
eta,q 0.94942 12.58788
  0.0831  0.0676  0.0679  0.0534  0.0595  0.0651
  0.0713  0.0608  0.0612  0.0514  0.0547  0.0595
  0.0613  0.0569  0.0564  0.0527  0.0521  0.0548
  0.0554  0.0548  0.0547  0.0548  0.0516  0.0516
  0.0553  0.0551  0.0566  0.0579  0.0529  0.0506
  0.0638  0.0593  0.0627  0.0619  0.0568  0.0519
  0.0789  0.0673  0.0722  0.0662  0.0640  0.0556
niter,ni,del,rscale     7    3   12.0000    1.2000
parameters
   -2.6779   29.1510   10.6674   -7.5221   -1.3071    5.5779
eta,q 0.95091 12.70543
  0.0815  0.0721  0.0644  0.0623  0.0580  0.0597
  0.0675  0.0625  0.0565  0.0568  0.0530  0.0542
  0.0557  0.0545  0.0503  0.0500  0.0500  0.0506
  0.0506  0.0505  0.0494  0.0491  0.0491  0.0491
  0.0536  0.0492  0.0536  0.0526  0.0501  0.0501
  0.0645  0.0529  0.0606  0.0574  0.0542  0.0534
  0.0770  0.0615  0.0678  0.0621  0.0614  0.0595
niter,ni,del,rscale     6    3   12.0000    1.2000
parameters
   -2.6807   29.2595   10.5475   -7.6489   -1.3426    5.6030
eta,q 0.95103 12.71410
  0.0785  0.0671  0.0658  0.0620  0.0589  0.0594
  0.0644  0.0576  0.0581  0.0568  0.0536  0.0539
  0.0533  0.0518  0.0511  0.0503  0.0502  0.0503
  0.0491  0.0491  0.0490  0.0490  0.0490  0.0490
  0.0534  0.0501  0.0523  0.0525  0.0495  0.0500
  0.0653  0.0571  0.0590  0.0574  0.0531  0.0535
  0.0779  0.0660  0.0666  0.0622  0.0598  0.0596
niter,ni,del,rscale     5    3   12.0000    1.2000
parameters
   -2.6853   29.2859   10.4952   -7.7160   -1.3477    5.6112
eta,q 0.95106 12.71537
  0.0783  0.0667  0.0660  0.0621  0.0589  0.0594
  0.0643  0.0572  0.0584  0.0571  0.0536  0.0538
  0.0532  0.0516  0.0513  0.0504  0.0502  0.0502
  0.0490  0.0490  0.0490  0.0489  0.0489  0.0489
  0.0533  0.0503  0.0520  0.0523  0.0494  0.0500
  0.0652  0.0576  0.0587  0.0573  0.0529  0.0535
  0.0778  0.0663  0.0664  0.0620  0.0596  0.0596
registration optimization eta report
parameter search radius
    6.9000    6.0000    6.9000    7.9350    6.0000    6.9000
100000*second partial in parameter space
       60.       49.       35.       20.       29.       22.
  0.0783  0.0667  0.0660  0.0621  0.0589  0.0594
  0.0643  0.0572  0.0584  0.0571  0.0536  0.0538
  0.0532  0.0516  0.0513  0.0504  0.0502  0.0502
  0.0490  0.0490  0.0490  0.0489  0.0489  0.0489
  0.0533  0.0503  0.0520  0.0523  0.0494  0.0500
  0.0652  0.0576  0.0587  0.0573  0.0529  0.0535
  0.0778  0.0663  0.0664  0.0620  0.0596  0.0596
   -2.6853   29.2859   10.4952   -7.7160   -1.3477    5.6112
eta,q 0.95106 12.71537

---------------------------------------------------------------------
imgreg_4dfp /opt/freesurfer/average/711-2C_as_mni_average_305 /opt/freesurfer/average/711-2B_as_mni_average_305_mask talsrcimg_g11 none talsrcimg_to_711-2C_as_mni_average_305_t4 3335
---------------------------------------------------------------------

freesurfer imgreg_4dfp.c
/opt/freesurfer/average/711-2C_as_mni_average_305.4dfp.img
       256       256       256         1
  1.000000  1.000000  1.000000
orientation T byte_order littleendian
Reading image: /opt/freesurfer/average/711-2C_as_mni_average_305.4dfp.img
dimensions:      256       256       256
mmppix:       1.0000   -1.0000   -1.0000
center:     128.0000 -129.0000 -129.0000
/opt/freesurfer/average/711-2B_as_mni_average_305_mask.4dfp.img
       256       256       256         1
  1.000000  1.000000  1.000000
orientation T byte_order littleendian
Reading mask: /opt/freesurfer/average/711-2B_as_mni_average_305_mask.4dfp.img (2306576 pixels)
talsrcimg_g11.4dfp.img
       256       256       256         1
  1.000000  1.000000  1.000000
orientation T byte_order littleendian
Reading image: talsrcimg_g11.4dfp.img
dimensions:      256       256       256
mmppix:       1.0000   -1.0000   -1.0000
center:     128.0000 -129.0000 -129.0000
fimgreg.f
image alignment mode   3335 decimal      D07 hex
parameters
   -2.6853   29.2859   10.4952   -0.5067   -1.4111   -0.9328
  -10.0035    1.0067    9.7751   13.5898   -2.3520  -13.4225
eta,q 0.95280 12.69676
niter,ni,del,rscale     5    3    5.0000    1.2000
parameter  4  1.369157 ->  0.500000 qaram    1.1500
parameter  5  1.334241 ->  0.500000 qaram    1.1500
parameters
   -2.6449   29.5631   10.2545   -4.6467   -5.5511   -4.0978
   -9.7345    2.1206    9.3883   11.6606   -1.6842  -14.2485
eta,q 0.96215 12.32349
  0.0515  0.0510  0.0491  0.0406  0.0377  0.0391  0.0425  0.0457  0.0402  0.0400  0.0393  0.0393
  0.0492  0.0492  0.0480  0.0417  0.0386  0.0385  0.0404  0.0423  0.0390  0.0385  0.0385  0.0384
  0.0478  0.0479  0.0473  0.0439  0.0400  0.0384  0.0390  0.0397  0.0384  0.0379  0.0381  0.0379
  0.0472  0.0472  0.0471  0.0471  0.0422  0.0389  0.0384  0.0384  0.0382  0.0382  0.0379  0.0379
  0.0476  0.0473  0.0476  0.0511  0.0452  0.0403  0.0388  0.0384  0.0385  0.0394  0.0379  0.0382
  0.0490  0.0482  0.0486  0.0557  0.0487  0.0432  0.0400  0.0398  0.0393  0.0412  0.0383  0.0390
  0.0513  0.0497  0.0502  0.0611  0.0524  0.0476  0.0419  0.0424  0.0406  0.0436  0.0388  0.0400
niter,ni,del,rscale     6    3    5.0000    1.2000
parameter  4  0.704745 ->  0.500000 qaram    1.3225
parameter  5  0.535283 ->  0.500000 qaram    1.3225
parameters
   -2.3425   29.6782   10.2764   -9.4077  -10.3121   -4.9192
   -9.5645    2.5022    9.3746   11.6546   -1.8289  -15.1247
eta,q 0.96510 11.88241
  0.0438  0.0415  0.0400  0.0359  0.0357  0.0368  0.0388  0.0406  0.0369  0.0381  0.0359  0.0362
  0.0409  0.0395  0.0388  0.0359  0.0350  0.0357  0.0368  0.0378  0.0358  0.0362  0.0354  0.0354
  0.0388  0.0382  0.0381  0.0364  0.0351  0.0351  0.0354  0.0358  0.0352  0.0353  0.0350  0.0350
  0.0378  0.0378  0.0378  0.0378  0.0360  0.0350  0.0349  0.0349  0.0349  0.0349  0.0349  0.0349
  0.0380  0.0381  0.0380  0.0404  0.0377  0.0355  0.0353  0.0353  0.0351  0.0352  0.0350  0.0352
  0.0392  0.0391  0.0387  0.0442  0.0402  0.0364  0.0366  0.0370  0.0358  0.0363  0.0354  0.0360
  0.0414  0.0408  0.0400  0.0490  0.0437  0.0380  0.0385  0.0396  0.0369  0.0381  0.0360  0.0370
niter,ni,del,rscale     7    3    5.0000    1.2000
parameters
   -2.2145   29.9552   10.6560  -11.7467  -11.0261   -4.7622
   -9.6837    2.5779    9.1360   11.7588   -2.0799  -15.3418
eta,q 0.96544 11.71422
  0.0399  0.0387  0.0376  0.0368  0.0378  0.0372  0.0382  0.0399  0.0364  0.0377  0.0356  0.0361
  0.0373  0.0368  0.0363  0.0352  0.0361  0.0358  0.0362  0.0372  0.0354  0.0358  0.0351  0.0353
  0.0356  0.0355  0.0353  0.0346  0.0349  0.0350  0.0350  0.0353  0.0347  0.0349  0.0347  0.0347
  0.0349  0.0349  0.0349  0.0348  0.0346  0.0346  0.0346  0.0346  0.0346  0.0346  0.0346  0.0346
  0.0353  0.0350  0.0349  0.0357  0.0351  0.0349  0.0351  0.0352  0.0348  0.0348  0.0347  0.0348
  0.0366  0.0358  0.0354  0.0378  0.0367  0.0357  0.0364  0.0370  0.0355  0.0358  0.0351  0.0354
  0.0389  0.0373  0.0363  0.0415  0.0392  0.0370  0.0384  0.0397  0.0367  0.0375  0.0358  0.0363
niter,ni,del,rscale     6    3    5.0000    1.2000
parameters
   -2.2086   30.0623   10.7403  -11.7662  -11.1659   -4.6892
   -9.6817    2.5689    9.1582   11.8610   -2.1185  -15.3851
eta,q 0.96545 11.71293
  0.0391  0.0379  0.0369  0.0385  0.0382  0.0371  0.0383  0.0397  0.0366  0.0377  0.0357  0.0362
  0.0367  0.0361  0.0356  0.0362  0.0363  0.0358  0.0363  0.0371  0.0355  0.0358  0.0351  0.0353
  0.0351  0.0350  0.0348  0.0349  0.0351  0.0350  0.0350  0.0352  0.0348  0.0349  0.0347  0.0348
  0.0346  0.0346  0.0346  0.0346  0.0346  0.0346  0.0346  0.0346  0.0346  0.0346  0.0346  0.0346
  0.0351  0.0348  0.0348  0.0350  0.0350  0.0349  0.0350  0.0352  0.0348  0.0348  0.0347  0.0347
  0.0366  0.0358  0.0354  0.0361  0.0363  0.0357  0.0363  0.0370  0.0354  0.0358  0.0351  0.0353
  0.0391  0.0374  0.0365  0.0386  0.0386  0.0371  0.0383  0.0398  0.0366  0.0375  0.0358  0.0362
niter,ni,del,rscale     5    3    5.0000    1.2000
parameters
   -2.2120   30.0825   10.7585  -11.7662  -11.1890   -4.6551
   -9.6839    2.5580    9.1620   11.8846   -2.1240  -15.3994
eta,q 0.96545 11.71426
  0.0391  0.0377  0.0367  0.0386  0.0383  0.0371  0.0383  0.0397  0.0366  0.0376  0.0357  0.0362
  0.0366  0.0360  0.0356  0.0363  0.0364  0.0358  0.0363  0.0371  0.0355  0.0358  0.0351  0.0353
  0.0351  0.0349  0.0348  0.0349  0.0351  0.0349  0.0350  0.0352  0.0348  0.0348  0.0347  0.0348
  0.0346  0.0346  0.0346  0.0346  0.0346  0.0346  0.0346  0.0346  0.0346  0.0346  0.0346  0.0345
  0.0351  0.0349  0.0348  0.0350  0.0349  0.0349  0.0350  0.0352  0.0348  0.0348  0.0347  0.0347
  0.0367  0.0359  0.0355  0.0361  0.0362  0.0357  0.0364  0.0370  0.0355  0.0359  0.0351  0.0353
  0.0391  0.0376  0.0367  0.0386  0.0385  0.0371  0.0383  0.0398  0.0366  0.0375  0.0357  0.0362
registration optimization eta report
parameter search radius
    2.4000    2.4000    2.4000    9.5220    9.5220    7.2000
    7.2000    7.2000    7.2000    7.2000    7.2000    7.2000
100000*second partial in parameter space
       79.       54.       37.        4.        4.        5.
        7.       10.        4.        6.        2.        3.
  0.0391  0.0377  0.0367  0.0386  0.0383  0.0371  0.0383  0.0397  0.0366  0.0376  0.0357  0.0362
  0.0366  0.0360  0.0356  0.0363  0.0364  0.0358  0.0363  0.0371  0.0355  0.0358  0.0351  0.0353
  0.0351  0.0349  0.0348  0.0349  0.0351  0.0349  0.0350  0.0352  0.0348  0.0348  0.0347  0.0348
  0.0346  0.0346  0.0346  0.0346  0.0346  0.0346  0.0346  0.0346  0.0346  0.0346  0.0346  0.0345
  0.0351  0.0349  0.0348  0.0350  0.0349  0.0349  0.0350  0.0352  0.0348  0.0348  0.0347  0.0347
  0.0367  0.0359  0.0355  0.0361  0.0362  0.0357  0.0364  0.0370  0.0355  0.0359  0.0351  0.0353
  0.0391  0.0376  0.0367  0.0386  0.0385  0.0371  0.0383  0.0398  0.0366  0.0375  0.0357  0.0362
   -2.2120   30.0825   10.7585  -11.7662  -11.1890   -4.6551
   -9.6839    2.5580    9.1620   11.8846   -2.1240  -15.3994
eta,q 0.96545 11.71426

---------------------------------------------------------------------
imgreg_4dfp /opt/freesurfer/average/711-2C_as_mni_average_305 /opt/freesurfer/average/711-2B_as_mni_average_305_mask talsrcimg_g11 none talsrcimg_to_711-2C_as_mni_average_305_t4 2311
---------------------------------------------------------------------

freesurfer imgreg_4dfp.c
/opt/freesurfer/average/711-2C_as_mni_average_305.4dfp.img
       256       256       256         1
  1.000000  1.000000  1.000000
orientation T byte_order littleendian
Reading image: /opt/freesurfer/average/711-2C_as_mni_average_305.4dfp.img
dimensions:      256       256       256
mmppix:       1.0000   -1.0000   -1.0000
center:     128.0000 -129.0000 -129.0000
/opt/freesurfer/average/711-2B_as_mni_average_305_mask.4dfp.img
       256       256       256         1
  1.000000  1.000000  1.000000
orientation T byte_order littleendian
Reading mask: /opt/freesurfer/average/711-2B_as_mni_average_305_mask.4dfp.img (2306576 pixels)
talsrcimg_g11.4dfp.img
       256       256       256         1
  1.000000  1.000000  1.000000
orientation T byte_order littleendian
Reading image: talsrcimg_g11.4dfp.img
dimensions:      256       256       256
mmppix:       1.0000   -1.0000   -1.0000
center:     128.0000 -129.0000 -129.0000
fimgreg.f
image alignment mode   2311 decimal      907 hex
parameters
   -2.2120   30.0825   10.7585  -11.7662  -11.1890   -4.6551
   -9.6839    2.5580    9.1620   11.8846   -2.1240  -15.3994
eta,q 0.96545 11.71425
niter,ni,del,rscale     5    3    5.0000    0.8000
parameters
   -2.2164   30.0783   10.7548  -11.7849  -10.8891   -4.6076
   -9.7201    2.5766    9.2119   11.8112   -1.9879  -15.2936
eta,q 0.96545 11.72923
  0.0366  0.0360  0.0355  0.0355  0.0357  0.0358  0.0363  0.0371  0.0355  0.0358  0.0351  0.0353
  0.0355  0.0352  0.0350  0.0349  0.0351  0.0352  0.0353  0.0357  0.0350  0.0351  0.0348  0.0349
  0.0348  0.0347  0.0347  0.0346  0.0347  0.0347  0.0347  0.0348  0.0347  0.0347  0.0346  0.0347
  0.0346  0.0346  0.0345  0.0346  0.0346  0.0345  0.0345  0.0345  0.0345  0.0345  0.0345  0.0345
  0.0348  0.0347  0.0347  0.0347  0.0346  0.0347  0.0348  0.0348  0.0346  0.0346  0.0346  0.0346
  0.0355  0.0352  0.0350  0.0350  0.0349  0.0351  0.0354  0.0357  0.0349  0.0351  0.0348  0.0349
  0.0367  0.0360  0.0355  0.0355  0.0355  0.0357  0.0363  0.0370  0.0355  0.0359  0.0351  0.0353
niter,ni,del,rscale     4    3    5.0000    0.7000
parameters
   -2.2116   30.0417   10.7559  -11.7792  -10.8268   -4.6025
   -9.7272    2.5861    9.2159   11.7718   -1.9449  -15.2196
eta,q 0.96545 11.73181
  0.0362  0.0356  0.0353  0.0353  0.0354  0.0355  0.0359  0.0365  0.0352  0.0355  0.0350  0.0352
  0.0353  0.0350  0.0349  0.0349  0.0349  0.0350  0.0352  0.0354  0.0349  0.0349  0.0348  0.0348
  0.0347  0.0346  0.0346  0.0346  0.0347  0.0347  0.0347  0.0348  0.0346  0.0347  0.0346  0.0346
  0.0345  0.0345  0.0345  0.0345  0.0345  0.0345  0.0345  0.0345  0.0345  0.0345  0.0345  0.0345
  0.0347  0.0347  0.0346  0.0346  0.0346  0.0347  0.0347  0.0348  0.0346  0.0346  0.0346  0.0346
  0.0353  0.0351  0.0349  0.0349  0.0349  0.0350  0.0352  0.0354  0.0348  0.0349  0.0347  0.0348
  0.0362  0.0357  0.0353  0.0352  0.0353  0.0355  0.0359  0.0365  0.0352  0.0355  0.0350  0.0351
niter,ni,del,rscale     3    3    5.0000    0.6000
parameters
   -2.2093   30.0277   10.7582  -11.8028  -10.7858   -4.5878
   -9.7288    2.5846    9.2138   11.7692   -1.9005  -15.1610
eta,q 0.96546 11.73281
  0.0357  0.0353  0.0351  0.0351  0.0351  0.0353  0.0356  0.0360  0.0351  0.0352  0.0349  0.0350
  0.0351  0.0349  0.0348  0.0348  0.0348  0.0349  0.0350  0.0352  0.0348  0.0348  0.0347  0.0348
  0.0347  0.0346  0.0346  0.0346  0.0346  0.0346  0.0347  0.0347  0.0346  0.0346  0.0346  0.0346
  0.0345  0.0345  0.0345  0.0345  0.0345  0.0345  0.0345  0.0345  0.0345  0.0345  0.0345  0.0345
  0.0347  0.0346  0.0346  0.0346  0.0346  0.0346  0.0347  0.0347  0.0346  0.0346  0.0346  0.0346
  0.0351  0.0349  0.0348  0.0348  0.0348  0.0349  0.0350  0.0352  0.0348  0.0348  0.0347  0.0347
  0.0357  0.0354  0.0351  0.0351  0.0351  0.0353  0.0356  0.0360  0.0351  0.0352  0.0349  0.0350
niter,ni,del,rscale     2    3    5.0000    0.5000
parameters
   -2.2076   30.0181   10.7611  -11.8092  -10.7436   -4.5948
   -9.7365    2.5822    9.2257   11.8069   -1.8757  -15.1330
eta,q 0.96546 11.73457
  0.0354  0.0351  0.0349  0.0349  0.0350  0.0351  0.0353  0.0356  0.0349  0.0350  0.0348  0.0349
  0.0349  0.0348  0.0347  0.0347  0.0347  0.0348  0.0349  0.0350  0.0347  0.0348  0.0346  0.0347
  0.0346  0.0346  0.0346  0.0346  0.0346  0.0346  0.0346  0.0347  0.0346  0.0346  0.0346  0.0346
  0.0345  0.0345  0.0345  0.0345  0.0345  0.0345  0.0345  0.0345  0.0345  0.0345  0.0345  0.0345
  0.0346  0.0346  0.0346  0.0346  0.0346  0.0346  0.0346  0.0347  0.0346  0.0346  0.0346  0.0346
  0.0349  0.0348  0.0347  0.0347  0.0347  0.0348  0.0349  0.0350  0.0347  0.0347  0.0346  0.0347
  0.0354  0.0351  0.0349  0.0349  0.0349  0.0351  0.0353  0.0356  0.0349  0.0350  0.0348  0.0349
niter,ni,del,rscale     1    3    5.0000    0.4000
parameters
   -2.2090   30.0173   10.7501  -11.8291  -10.7260   -4.5810
   -9.7324    2.5710    9.2412   11.8710   -1.8596  -15.1236
eta,q 0.96546 11.73596
  0.0351  0.0349  0.0348  0.0348  0.0348  0.0349  0.0350  0.0352  0.0348  0.0348  0.0347  0.0347
  0.0348  0.0347  0.0346  0.0346  0.0347  0.0347  0.0347  0.0348  0.0346  0.0347  0.0346  0.0346
  0.0346  0.0346  0.0346  0.0346  0.0346  0.0346  0.0346  0.0346  0.0346  0.0346  0.0346  0.0346
  0.0345  0.0345  0.0345  0.0345  0.0345  0.0345  0.0345  0.0345  0.0345  0.0345  0.0345  0.0345
  0.0346  0.0346  0.0346  0.0346  0.0346  0.0346  0.0346  0.0346  0.0346  0.0345  0.0346  0.0346
  0.0348  0.0347  0.0347  0.0347  0.0347  0.0347  0.0347  0.0348  0.0346  0.0346  0.0346  0.0346
  0.0351  0.0349  0.0348  0.0348  0.0348  0.0349  0.0350  0.0352  0.0348  0.0348  0.0347  0.0347
registration optimization eta report
parameter search radius
    0.8000    0.8000    0.8000    2.4000    2.4000    2.4000
    2.4000    2.4000    2.4000    2.4000    2.4000    2.4000
100000*second partial in parameter space
       83.       56.       39.        4.        5.        6.
        8.       12.        4.        5.        3.        4.
  0.0351  0.0349  0.0348  0.0348  0.0348  0.0349  0.0350  0.0352  0.0348  0.0348  0.0347  0.0347
  0.0348  0.0347  0.0346  0.0346  0.0347  0.0347  0.0347  0.0348  0.0346  0.0347  0.0346  0.0346
  0.0346  0.0346  0.0346  0.0346  0.0346  0.0346  0.0346  0.0346  0.0346  0.0346  0.0346  0.0346
  0.0345  0.0345  0.0345  0.0345  0.0345  0.0345  0.0345  0.0345  0.0345  0.0345  0.0345  0.0345
  0.0346  0.0346  0.0346  0.0346  0.0346  0.0346  0.0346  0.0346  0.0346  0.0345  0.0346  0.0346
  0.0348  0.0347  0.0347  0.0347  0.0347  0.0347  0.0347  0.0348  0.0346  0.0346  0.0346  0.0346
  0.0351  0.0349  0.0348  0.0348  0.0348  0.0349  0.0350  0.0352  0.0348  0.0348  0.0347  0.0347
   -2.2090   30.0173   10.7501  -11.8291  -10.7260   -4.5810
   -9.7324    2.5710    9.2412   11.8710   -1.8596  -15.1236
eta,q 0.96546 11.73596

---------------------------------------------------------------------
imgreg_4dfp /opt/freesurfer/average/711-2C_as_mni_average_305 /opt/freesurfer/average/711-2B_as_mni_average_305_mask talsrcimg_g11 none talsrcimg_to_711-2C_as_mni_average_305_t4 2311
---------------------------------------------------------------------

freesurfer imgreg_4dfp.c
/opt/freesurfer/average/711-2C_as_mni_average_305.4dfp.img
       256       256       256         1
  1.000000  1.000000  1.000000
orientation T byte_order littleendian
Reading image: /opt/freesurfer/average/711-2C_as_mni_average_305.4dfp.img
dimensions:      256       256       256
mmppix:       1.0000   -1.0000   -1.0000
center:     128.0000 -129.0000 -129.0000
/opt/freesurfer/average/711-2B_as_mni_average_305_mask.4dfp.img
       256       256       256         1
  1.000000  1.000000  1.000000
orientation T byte_order littleendian
Reading mask: /opt/freesurfer/average/711-2B_as_mni_average_305_mask.4dfp.img (2306576 pixels)
talsrcimg_g11.4dfp.img
       256       256       256         1
  1.000000  1.000000  1.000000
orientation T byte_order littleendian
Reading image: talsrcimg_g11.4dfp.img
dimensions:      256       256       256
mmppix:       1.0000   -1.0000   -1.0000
center:     128.0000 -129.0000 -129.0000
fimgreg.f
image alignment mode   2311 decimal      907 hex
parameters
   -2.2090   30.0173   10.7501  -11.8291  -10.7260   -4.5810
   -9.7324    2.5710    9.2412   11.8710   -1.8596  -15.1236
eta,q 0.96546 11.73596
niter,ni,del,rscale     5    3    5.0000    0.8000
parameters
   -2.2097   30.0333   10.7589  -11.6993  -10.8067   -4.5987
   -9.7106    2.5856    9.1809   11.7511   -1.9657  -15.2174
eta,q 0.96545 11.73746
  0.0366  0.0360  0.0355  0.0355  0.0355  0.0357  0.0363  0.0371  0.0354  0.0358  0.0351  0.0353
  0.0355  0.0352  0.0350  0.0350  0.0350  0.0351  0.0354  0.0357  0.0349  0.0350  0.0348  0.0349
  0.0348  0.0347  0.0347  0.0347  0.0347  0.0347  0.0347  0.0348  0.0346  0.0347  0.0346  0.0346
  0.0345  0.0345  0.0345  0.0345  0.0345  0.0345  0.0345  0.0345  0.0345  0.0345  0.0345  0.0345
  0.0348  0.0347  0.0347  0.0346  0.0347  0.0347  0.0347  0.0348  0.0346  0.0346  0.0346  0.0346
  0.0355  0.0352  0.0350  0.0349  0.0350  0.0351  0.0353  0.0357  0.0350  0.0351  0.0348  0.0349
  0.0366  0.0359  0.0355  0.0354  0.0356  0.0358  0.0363  0.0370  0.0355  0.0359  0.0351  0.0354
niter,ni,del,rscale     4    3    5.0000    0.7000
parameters
   -2.2094   30.0246   10.7601  -11.7640  -10.8049   -4.6077
   -9.7253    2.5917    9.2041   11.7466   -1.9386  -15.1925
eta,q 0.96546 11.73286
  0.0362  0.0356  0.0353  0.0352  0.0353  0.0355  0.0359  0.0365  0.0352  0.0355  0.0350  0.0351
  0.0353  0.0350  0.0349  0.0348  0.0349  0.0350  0.0352  0.0354  0.0349  0.0349  0.0348  0.0348
  0.0347  0.0346  0.0346  0.0346  0.0346  0.0347  0.0347  0.0348  0.0346  0.0347  0.0346  0.0346
  0.0345  0.0345  0.0345  0.0345  0.0345  0.0345  0.0345  0.0345  0.0345  0.0345  0.0345  0.0345
  0.0347  0.0347  0.0346  0.0346  0.0346  0.0347  0.0347  0.0348  0.0346  0.0346  0.0346  0.0346
  0.0353  0.0350  0.0349  0.0349  0.0349  0.0350  0.0352  0.0354  0.0348  0.0349  0.0347  0.0348
  0.0362  0.0356  0.0353  0.0353  0.0354  0.0355  0.0359  0.0365  0.0352  0.0355  0.0350  0.0351
niter,ni,del,rscale     3    3    5.0000    0.6000
parameters
   -2.2076   30.0211   10.7605  -11.8033  -10.7911   -4.5961
   -9.7315    2.5899    9.2150   11.7614   -1.9099  -15.1586
eta,q 0.96546 11.73190
  0.0357  0.0353  0.0351  0.0351  0.0351  0.0353  0.0356  0.0360  0.0351  0.0352  0.0349  0.0350
  0.0351  0.0349  0.0348  0.0348  0.0348  0.0349  0.0350  0.0352  0.0348  0.0348  0.0347  0.0348
  0.0347  0.0346  0.0346  0.0346  0.0346  0.0346  0.0347  0.0347  0.0346  0.0346  0.0346  0.0346
  0.0345  0.0345  0.0345  0.0345  0.0345  0.0345  0.0345  0.0345  0.0345  0.0345  0.0345  0.0345
  0.0347  0.0346  0.0346  0.0346  0.0346  0.0346  0.0347  0.0347  0.0346  0.0346  0.0346  0.0346
  0.0351  0.0349  0.0348  0.0348  0.0348  0.0349  0.0350  0.0352  0.0348  0.0348  0.0347  0.0347
  0.0357  0.0353  0.0351  0.0351  0.0351  0.0353  0.0356  0.0360  0.0351  0.0352  0.0349  0.0350
niter,ni,del,rscale     2    3    5.0000    0.5000
parameters
   -2.2078   30.0188   10.7622  -11.8174  -10.7468   -4.5996
   -9.7316    2.5831    9.2232   11.8004   -1.8812  -15.1442
eta,q 0.96546 11.73343
  0.0354  0.0351  0.0349  0.0349  0.0350  0.0351  0.0353  0.0356  0.0349  0.0350  0.0348  0.0349
  0.0349  0.0348  0.0347  0.0347  0.0347  0.0348  0.0349  0.0350  0.0347  0.0348  0.0347  0.0347
  0.0346  0.0346  0.0346  0.0346  0.0346  0.0346  0.0346  0.0347  0.0346  0.0346  0.0346  0.0346
  0.0345  0.0345  0.0345  0.0345  0.0345  0.0345  0.0345  0.0345  0.0345  0.0345  0.0345  0.0345
  0.0346  0.0346  0.0346  0.0346  0.0346  0.0346  0.0346  0.0347  0.0346  0.0346  0.0346  0.0346
  0.0349  0.0348  0.0347  0.0347  0.0347  0.0348  0.0349  0.0350  0.0347  0.0347  0.0346  0.0347
  0.0354  0.0351  0.0349  0.0349  0.0349  0.0351  0.0353  0.0356  0.0349  0.0350  0.0348  0.0349
niter,ni,del,rscale     1    3    5.0000    0.4000
parameters
   -2.2090   30.0176   10.7508  -11.8323  -10.7215   -4.5790
   -9.7354    2.5749    9.2428   11.8781   -1.8634  -15.1287
eta,q 0.96546 11.73627
  0.0351  0.0349  0.0348  0.0348  0.0348  0.0349  0.0350  0.0352  0.0348  0.0348  0.0347  0.0347
  0.0348  0.0347  0.0347  0.0346  0.0347  0.0347  0.0347  0.0348  0.0346  0.0347  0.0346  0.0346
  0.0346  0.0346  0.0346  0.0346  0.0346  0.0346  0.0346  0.0346  0.0346  0.0346  0.0346  0.0346
  0.0345  0.0345  0.0345  0.0345  0.0345  0.0345  0.0345  0.0345  0.0345  0.0345  0.0345  0.0345
  0.0346  0.0346  0.0346  0.0346  0.0346  0.0346  0.0346  0.0346  0.0346  0.0345  0.0346  0.0346
  0.0348  0.0347  0.0347  0.0347  0.0347  0.0347  0.0347  0.0348  0.0346  0.0346  0.0346  0.0346
  0.0351  0.0349  0.0348  0.0348  0.0348  0.0349  0.0350  0.0352  0.0348  0.0348  0.0347  0.0347
registration optimization eta report
parameter search radius
    0.8000    0.8000    0.8000    2.4000    2.4000    2.4000
    2.4000    2.4000    2.4000    2.4000    2.4000    2.4000
100000*second partial in parameter space
       84.       56.       39.        4.        5.        6.
        8.       11.        4.        5.        3.        4.
  0.0351  0.0349  0.0348  0.0348  0.0348  0.0349  0.0350  0.0352  0.0348  0.0348  0.0347  0.0347
  0.0348  0.0347  0.0347  0.0346  0.0347  0.0347  0.0347  0.0348  0.0346  0.0347  0.0346  0.0346
  0.0346  0.0346  0.0346  0.0346  0.0346  0.0346  0.0346  0.0346  0.0346  0.0346  0.0346  0.0346
  0.0345  0.0345  0.0345  0.0345  0.0345  0.0345  0.0345  0.0345  0.0345  0.0345  0.0345  0.0345
  0.0346  0.0346  0.0346  0.0346  0.0346  0.0346  0.0346  0.0346  0.0346  0.0345  0.0346  0.0346
  0.0348  0.0347  0.0347  0.0347  0.0347  0.0347  0.0347  0.0348  0.0346  0.0346  0.0346  0.0346
  0.0351  0.0349  0.0348  0.0348  0.0348  0.0349  0.0350  0.0352  0.0348  0.0348  0.0347  0.0347
   -2.2090   30.0176   10.7508  -11.8323  -10.7215   -4.5790
   -9.7354    2.5749    9.2428   11.8781   -1.8634  -15.1287
eta,q 0.96546 11.73627

---------------------------------------------------------------------
compute_vox2vox talsrcimg talsrcimg_to_711-2C_as_mni_average_305_t4 /opt/freesurfer/average/711-2C_as_mni_average_305
---------------------------------------------------------------------

freesurfer compute_vox2vox.c
Reading: talsrcimg.4dfp.ifh
Reading: talsrcimg_to_711-2C_as_mni_average_305_t4
Reading: /opt/freesurfer/average/711-2C_as_mni_average_305.4dfp.ifh
Writing: talsrcimg_to_711-2C_as_mni_average_305_t4_vox2vox.txt

start time Tue Mar 10 04:29:23 CET 2026
end		time Tue Mar 10 04:30:59 CET 2026

mpr2mni305 success

avi2talxfm orig_nu.mgz /opt/freesurfer/average/mni305.cor.mgz talsrcimg_to_711-2C_as_mni_average_305_t4_vox2vox.txt transforms/talairach.auto.xfm
avi2talxfm done
mv -f /out/sourcedata/freesurfer/sub-v1s5x0050740_ses-1/mri/talsrcimg_to_711-2C_as_mni_average_305_t4_vox2vox.txt /out/sourcedata/freesurfer/sub-v1s5x0050740_ses-1/mri/transforms/talsrcimg_to_711-2C_as_mni_average_305_t4_vox2vox.txt
lta_convert --src orig_nu.mgz --trg /opt/freesurfer/average/mni305.cor.mgz --inxfm transforms/talairach.auto.xfm --outlta transforms/talairach.auto.xfm.lta --subject fsaverage
7.3.2

--src: orig_nu.mgz src image (geometry).
--trg: /opt/freesurfer/average/mni305.cor.mgz trg image (geometry).
--inmni: transforms/talairach.auto.xfm input MNI/XFM transform.
--outlta: transforms/talairach.auto.xfm.lta output LTA.
--s: fsaverage subject name
 LTA read, type : 1
 1.12124  -0.04454   0.11472  -1.98851;
 0.00342   1.02620   0.17427  -24.20229;
-0.11653  -0.13192   1.08503  -24.65671;
 0.00000   0.00000   0.00000   1.00000;
setting subject to fsaverage
Writing  LTA to file transforms/talairach.auto.xfm.lta...
lta_convert successful.
 
 
Started at Tue Mar 10 04:29:23 CET 2026
Ended   at Tue Mar 10 04:31:00 CET 2026
talairach_avi done
