status file for recon-all
Tue Mar 10 06:29:43 CET 2026
#@# Tessellate rh Tue Mar 10 06:29:43 CET 2026
#@# Smooth1 rh Tue Mar 10 06:29:46 CET 2026
#@# Inflation1 rh Tue Mar 10 06:29:47 CET 2026
#@# QSphere rh Tue Mar 10 06:29:57 CET 2026
#@# Fix Topology rh Tue Mar 10 06:30:38 CET 2026
#@# Smooth2 rh Tue Mar 10 06:36:28 CET 2026
#@# Inflation2 rh Tue Mar 10 06:36:30 CET 2026
#@# Curv .H and .K rh Tue Mar 10 06:36:39 CET 2026
#@# Sphere rh Tue Mar 10 06:37:08 CET 2026
#@# Surf Reg rh Tue Mar 10 06:40:23 CET 2026
#@# Jacobian white rh Tue Mar 10 06:43:07 CET 2026
#@# AvgCurv rh Tue Mar 10 06:43:07 CET 2026
#@# Cortical Parc rh Tue Mar 10 06:43:08 CET 2026
#@# white curv rh Tue Mar 10 06:47:52 CET 2026
#@# white area rh Tue Mar 10 06:47:53 CET 2026
#@# pial curv rh Tue Mar 10 06:47:53 CET 2026
#@# pial area rh Tue Mar 10 06:47:54 CET 2026
#@# thickness rh Tue Mar 10 06:47:55 CET 2026
#@# area and vertex vol rh Tue Mar 10 06:48:09 CET 2026
#@# Curvature Stats rh Tue Mar 10 06:48:10 CET 2026
#@# Cortical Parc 2 rh Tue Mar 10 06:48:11 CET 2026
#@# Cortical Parc 3 rh Tue Mar 10 06:48:19 CET 2026
#@# WM/GM Contrast rh Tue Mar 10 06:48:25 CET 2026
recon-all -s sub-v1s5x0050744_ses-1 finished without error at Tue Mar 10 06:48:27 CET 2026



#New# invocation of recon-all 



status file for recon-all
Tue Mar 10 06:53:35 CET 2026
#@# white curv rh Tue Mar 10 06:53:35 CET 2026
#@# white area rh Tue Mar 10 06:53:35 CET 2026
#@# pial curv rh Tue Mar 10 06:53:35 CET 2026
#@# pial area rh Tue Mar 10 06:53:35 CET 2026
#@# thickness rh Tue Mar 10 06:53:35 CET 2026
#@# area and vertex vol rh Tue Mar 10 06:53:35 CET 2026
#@# Parcellation Stats rh Tue Mar 10 06:53:35 CET 2026
#@# Parcellation Stats 2 rh Tue Mar 10 06:53:44 CET 2026
#@# Parcellation Stats 3 rh Tue Mar 10 06:53:49 CET 2026
#@# BA_exvivo Labels rh Tue Mar 10 06:53:54 CET 2026
recon-all -s sub-v1s5x0050744_ses-1 finished without error at Tue Mar 10 06:55:30 CET 2026
