status file for recon-all
Tue Mar 10 04:46:47 CET 2026
#@# MotionCor Tue Mar 10 04:46:49 CET 2026
#@# Talairach Tue Mar 10 04:46:55 CET 2026
#@# Talairach Failure Detection Tue Mar 10 04:49:44 CET 2026
#@# Nu Intensity Correction Tue Mar 10 04:49:44 CET 2026
#@# Intensity Normalization Tue Mar 10 04:52:30 CET 2026
recon-all -s sub-v1s5x0050744_ses-1 finished without error at Tue Mar 10 04:53:31 CET 2026



#New# invocation of recon-all 



status file for recon-all
Tue Mar 10 04:59:21 CET 2026
#@# EM Registration Tue Mar 10 04:59:21 CET 2026
recon-all -s sub-v1s5x0050744_ses-1 finished without error at Tue Mar 10 05:00:48 CET 2026



#New# invocation of recon-all 



status file for recon-all
Tue Mar 10 05:00:51 CET 2026
#@# CA Normalize Tue Mar 10 05:00:51 CET 2026
#@# CA Reg Tue Mar 10 05:01:46 CET 2026
#@# SubCort Seg Tue Mar 10 05:45:27 CET 2026
#@# CC Seg Tue Mar 10 06:07:36 CET 2026
#@# Merge ASeg Tue Mar 10 06:08:00 CET 2026
#@# Intensity Normalization2 Tue Mar 10 06:08:00 CET 2026
#@# Mask BFS Tue Mar 10 06:09:27 CET 2026
#@# WM Segmentation Tue Mar 10 06:09:28 CET 2026
#@# Fill Tue Mar 10 06:10:52 CET 2026
recon-all -s sub-v1s5x0050744_ses-1 finished without error at Tue Mar 10 06:11:30 CET 2026



#New# invocation of recon-all 



status file for recon-all
Tue Mar 10 06:48:31 CET 2026
#@# white curv lh Tue Mar 10 06:48:31 CET 2026
#@# white area lh Tue Mar 10 06:48:31 CET 2026
#@# pial curv lh Tue Mar 10 06:48:31 CET 2026
#@# pial area lh Tue Mar 10 06:48:31 CET 2026
#@# thickness lh Tue Mar 10 06:48:31 CET 2026
#@# area and vertex vol lh Tue Mar 10 06:48:31 CET 2026
#@# white curv rh Tue Mar 10 06:48:31 CET 2026
#@# white area rh Tue Mar 10 06:48:31 CET 2026
#@# pial curv rh Tue Mar 10 06:48:31 CET 2026
#@# pial area rh Tue Mar 10 06:48:31 CET 2026
#@# thickness rh Tue Mar 10 06:48:31 CET 2026
#@# area and vertex vol rh Tue Mar 10 06:48:31 CET 2026
#@# Cortical ribbon mask Tue Mar 10 06:48:31 CET 2026
recon-all -s sub-v1s5x0050744_ses-1 finished without error at Tue Mar 10 06:51:35 CET 2026



#New# invocation of recon-all 



status file for recon-all
Tue Mar 10 06:55:33 CET 2026
#@# white curv lh Tue Mar 10 06:55:33 CET 2026
#@# white area lh Tue Mar 10 06:55:33 CET 2026
#@# pial curv lh Tue Mar 10 06:55:33 CET 2026
#@# pial area lh Tue Mar 10 06:55:33 CET 2026
#@# thickness lh Tue Mar 10 06:55:33 CET 2026
#@# area and vertex vol lh Tue Mar 10 06:55:33 CET 2026
#@# white curv rh Tue Mar 10 06:55:33 CET 2026
#@# white area rh Tue Mar 10 06:55:33 CET 2026
#@# pial curv rh Tue Mar 10 06:55:34 CET 2026
#@# pial area rh Tue Mar 10 06:55:34 CET 2026
#@# thickness rh Tue Mar 10 06:55:34 CET 2026
#@# area and vertex vol rh Tue Mar 10 06:55:34 CET 2026
#@# Curvature Stats lh Tue Mar 10 06:55:34 CET 2026
#@# Curvature Stats rh Tue Mar 10 06:55:35 CET 2026
#@# Relabel Hypointensities Tue Mar 10 06:55:36 CET 2026
#@# APas-to-ASeg Tue Mar 10 06:55:45 CET 2026
#@# AParc-to-ASeg aparc Tue Mar 10 06:55:51 CET 2026
#@# AParc-to-ASeg aparc.a2009s Tue Mar 10 06:56:05 CET 2026
#@# AParc-to-ASeg aparc.DKTatlas Tue Mar 10 06:56:22 CET 2026
#@# WMParc Tue Mar 10 06:56:34 CET 2026
#@# ASeg Stats Tue Mar 10 06:58:07 CET 2026
recon-all -s sub-v1s5x0050744_ses-1 finished without error at Tue Mar 10 06:58:27 CET 2026
