/out/sourcedata/freesurfer/sub-v1s5x0050735_ses-1/mri
/opt/freesurfer/bin/talairach_avi
--i orig_nu.mgz --xfm transforms/talairach.auto.xfm
talairach_avi 7.3.2
Linux dna052 5.14.0-427.37.1.el9_4.x86_64 #1 SMP PREEMPT_DYNAMIC Fri Sep 13 12:41:50 EDT 2024 x86_64 x86_64 x86_64 GNU/Linux
Tue Mar 10 04:01:20 CET 2026
mri_convert orig_nu.mgz talsrcimg.img 
reading from orig_nu.mgz...
TR=0.00, TE=0.00, TI=0.00, flip angle=0.00
i_ras = (-1, 1.04774e-09, -1.86265e-09)
j_ras = (-1.86265e-09, 7.45058e-09, -1)
k_ras = (-1.04774e-09, 1, 0)
writing to talsrcimg.img...
Analyze Output Matrix
-1.00000  -0.00000  -0.00000   129.40317;
 0.00000   0.00000   1.00000  -124.97558;
-0.00000  -1.00000   0.00000   111.75677;
 0.00000   0.00000   0.00000   1.00000;
--------------------
INFO: set hdr.hist.orient to -1
mpr2mni305 talsrcimg
Tue Mar 10 04:01:21 CET 2026
/opt/freesurfer/bin/mpr2mni305 talsrcimg
mpr2mni305 7.3.2
target=711-2C_as_mni_average_305

---------------------------------------------------------------------
analyzeto4dfp talsrcimg -O0 -y
---------------------------------------------------------------------

freesurfer ifh2hdr.c
Tue Mar 10 04:01:21 2026
Writing: talsrcimg.4dfp.hdr
freesurfer analyzeto4dfp.c
Reading: talsrcimg.hdr
header size 348 bytes
hdr.dime.datatype	offset=70	value=2
hdr.dime.bitpix		offset=72	value=8
hdr.hist.orient		offset=252	value=-1
dimensionality     4
dimensions       256       256       256         1
Reading: talsrcimg.img
Writing: talsrcimg.4dfp.img
Writing: talsrcimg.4dfp.ifh
ifh2hdr talsrcimg -r0to239
ori=2

---------------------------------------------------------------------
gauss_4dfp talsrcimg 1.1
---------------------------------------------------------------------

freesurfer gauss_4dfp.c
Reading: talsrcimg.4dfp.img
Writing: talsrcimg_g11.4dfp.img
image dimensions 256 256 256 padded to 288 288 288
processing volume 1freesurfer ifh2hdr.c
Tue Mar 10 04:01:22 2026
Writing: talsrcimg_g11.4dfp.hdr

Writing: talsrcimg_g11.4dfp.ifh
including: talsrcimg.4dfp.img.rec in talsrcimg_g11.4dfp.img.rec

---------------------------------------------------------------------
imgreg_4dfp /opt/freesurfer/average/711-2C_as_mni_average_305 none talsrcimg_g11 none talsrcimg_to_711-2C_as_mni_average_305_t4 4355
---------------------------------------------------------------------

freesurfer imgreg_4dfp.c
/opt/freesurfer/average/711-2C_as_mni_average_305.4dfp.img
       256       256       256         1
  1.000000  1.000000  1.000000
orientation T byte_order littleendian
Reading image: /opt/freesurfer/average/711-2C_as_mni_average_305.4dfp.img
dimensions:      256       256       256
mmppix:       1.0000   -1.0000   -1.0000
center:     128.0000 -129.0000 -129.0000
talsrcimg_g11.4dfp.img
       256       256       256         1
  1.000000  1.000000  1.000000
orientation T byte_order littleendian
Reading image: talsrcimg_g11.4dfp.img
dimensions:      256       256       256
mmppix:       1.0000   -1.0000   -1.0000
center:     128.0000 -129.0000 -129.0000
t4_read: open error in t4_sub.f l:  41 t4_file(1:l)talsrcimg_to_711-2C_as_mni_average_305_t4 
t4_read: transform initialized to I4
rotation matrix determinant  1.000000
image alignment mode   4355 decimal     1103 hex
   -7.5000  -45.0000  -45.0000 7399.9551   22.2294
    0.0000  -45.0000  -45.0000 7737.6548   22.1672
    7.5000  -45.0000  -45.0000 7449.7339   22.1165
   -7.5000  -37.5000  -45.0000 7867.3198   21.8883
    0.0000  -37.5000  -45.0000 8230.6572   21.8336
    7.5000  -37.5000  -45.0000 7948.5366   21.7841
   -7.5000  -30.0000  -45.0000 8716.0547   21.7149
    0.0000  -30.0000  -45.0000 9118.6533   21.6613
    7.5000  -30.0000  -45.0000 8809.7246   21.6131
   -7.5000  -22.5000  -45.0000 9567.3779   21.6998
    0.0000  -22.5000  -45.000010045.3252   21.6420
    7.5000  -22.5000  -45.0000 9696.2744   21.5972
   -7.5000  -15.0000  -45.000010427.3955   21.7378
    0.0000  -15.0000  -45.000010984.4697   21.6754
    7.5000  -15.0000  -45.000010602.1113   21.6326
   -7.5000   -7.5000  -45.000011242.7334   21.7328
    0.0000   -7.5000  -45.000011852.8887   21.6703
    7.5000   -7.5000  -45.000011409.3594   21.6256
   -7.5000    0.0000  -45.000011924.4404   21.6921
    0.0000    0.0000  -45.000012552.2861   21.6337
    7.5000    0.0000  -45.000012109.1748   21.5863
   -7.5000    7.5000  -45.000011520.5957   21.6542
    0.0000    7.5000  -45.000012100.3848   21.6006
    7.5000    7.5000  -45.000011669.4316   21.5521
   -7.5000   15.0000  -45.000010953.8916   21.6567
    0.0000   15.0000  -45.000011534.0088   21.6035
    7.5000   15.0000  -45.000011103.0879   21.5556
   -7.5000   22.5000  -45.000010393.2412   21.6965
    0.0000   22.5000  -45.000010940.6318   21.6387
    7.5000   22.5000  -45.000010507.2344   21.5939
   -7.5000   30.0000  -45.0000 9769.5713   21.4481
    0.0000   30.0000  -45.000010270.7646   21.3866
    7.5000   30.0000  -45.0000 9876.6455   21.3444
   -7.5000   37.5000  -45.0000 9444.0059   21.4447
    0.0000   37.5000  -45.0000 9917.4795   21.3831
    7.5000   37.5000  -45.0000 9577.3408   21.3390
   -7.5000   45.0000  -45.0000 8752.2256   21.0673
    0.0000   45.0000  -45.0000 9186.6426   21.0090
    7.5000   45.0000  -45.0000 8865.3438   20.9608
   -7.5000  -45.0000  -37.5000 7841.9941   22.2028
    0.0000  -45.0000  -37.5000 8212.1494   22.1509
    7.5000  -45.0000  -37.5000 7889.9834   22.1084
   -7.5000  -37.5000  -37.5000 8362.5127   21.8817
    0.0000  -37.5000  -37.5000 8759.3311   21.8302
    7.5000  -37.5000  -37.5000 8425.4775   21.7859
   -7.5000  -30.0000  -37.5000 9260.8604   21.7173
    0.0000  -30.0000  -37.5000 9728.1670   21.6630
    7.5000  -30.0000  -37.5000 9349.3594   21.6175
   -7.5000  -22.5000  -37.500010191.7275   21.6896
    0.0000  -22.5000  -37.500010722.5332   21.6348
    7.5000  -22.5000  -37.500010314.0352   21.5934
   -7.5000  -15.0000  -37.500011123.6406   21.7087
    0.0000  -15.0000  -37.500011687.5928   21.6569
    7.5000  -15.0000  -37.500011275.5674   21.6202
   -7.5000   -7.5000  -37.500011951.2402   21.6982
    0.0000   -7.5000  -37.500012545.4424   21.6490
    7.5000   -7.5000  -37.500012069.8340   21.6119
   -7.5000    0.0000  -37.500012659.4951   21.6676
    0.0000    0.0000  -37.500013305.9053   21.6189
    7.5000    0.0000  -37.500012786.8652   21.5789
   -7.5000    7.5000  -37.500012190.0137   21.6480
    0.0000    7.5000  -37.500012848.1211   21.5976
    7.5000    7.5000  -37.500012336.4014   21.5543
   -7.5000   15.0000  -37.500011568.2373   21.6592
    0.0000   15.0000  -37.500012220.2578   21.6053
    7.5000   15.0000  -37.500011730.5947   21.5602
   -7.5000   22.5000  -37.500010956.9180   21.6863
    0.0000   22.5000  -37.500011574.7051   21.6315
    7.5000   22.5000  -37.500011090.8545   21.5901
   -7.5000   30.0000  -37.500010301.4287   21.4194
    0.0000   30.0000  -37.500010870.4238   21.3683
    7.5000   30.0000  -37.500010414.7588   21.3321
   -7.5000   37.5000  -37.5000 9963.9238   21.4104
    0.0000   37.5000  -37.500010504.1445   21.3620
    7.5000   37.5000  -37.500010070.6875   21.3253
   -7.5000   45.0000  -37.5000 9227.5820   21.0401
    0.0000   45.0000  -37.5000 9709.1260   20.9923
    7.5000   45.0000  -37.5000 9312.3643   20.9504
   -7.5000  -45.0000  -30.0000 8357.9893   23.0375
    0.0000  -45.0000  -30.0000 8767.5498   23.0051
    7.5000  -45.0000  -30.0000 8430.9678   22.9886
   -7.5000  -37.5000  -30.0000 8946.3662   22.7258
    0.0000  -37.5000  -30.0000 9390.2578   22.6866
    7.5000  -37.5000  -30.0000 9035.4287   22.6673
   -7.5000  -30.0000  -30.0000 9920.3662   22.5707
    0.0000  -30.0000  -30.000010422.8623   22.5233
    7.5000  -30.0000  -30.000010035.7607   22.5040
   -7.5000  -22.5000  -30.000010909.9512   22.5369
    0.0000  -22.5000  -30.000011490.2803   22.4914
    7.5000  -22.5000  -30.000011079.7041   22.4780
   -7.5000  -15.0000  -30.000011896.9697   22.5389
    0.0000  -15.0000  -30.000012536.5635   22.5031
    7.5000  -15.0000  -30.000012087.3223   22.4953
   -7.5000   -7.5000  -30.000012740.5127   22.5151
    0.0000   -7.5000  -30.000013378.0488   22.4855
    7.5000   -7.5000  -30.000012859.9990   22.4749
   -7.5000    0.0000  -30.000013463.1045   22.4861
    0.0000    0.0000  -30.000014150.0977   22.4554
    7.5000    0.0000  -30.000013594.3447   22.4396
   -7.5000    7.5000  -30.000012918.8643   22.4840
    0.0000    7.5000  -30.000013611.0303   22.4457
    7.5000    7.5000  -30.000013109.5938   22.4269
   -7.5000   15.0000  -30.000012260.7334   22.5106
    0.0000   15.0000  -30.000012978.3574   22.4636
    7.5000   15.0000  -30.000012480.4365   22.4445
   -7.5000   22.5000  -30.000011616.8486   22.5312
    0.0000   22.5000  -30.000012301.2402   22.4856
    7.5000   22.5000  -30.000011790.6895   22.4723
   -7.5000   30.0000  -30.000010931.8965   22.2406
    0.0000   30.0000  -30.000011581.3398   22.2054
    7.5000   30.0000  -30.000011069.3730   22.1976
   -7.5000   37.5000  -30.000010560.1201   22.2185
    0.0000   37.5000  -30.000011187.0137   22.1893
    7.5000   37.5000  -30.000010688.3711   22.1789
   -7.5000   45.0000  -30.0000 9761.8252   21.8504
    0.0000   45.0000  -30.000010323.4678   21.8205
    7.5000   45.0000  -30.0000 9861.1162   21.8012
   -7.5000  -45.0000  -22.5000 8853.0244   23.7568
    0.0000  -45.0000  -22.5000 9266.6084   23.7349
    7.5000  -45.0000  -22.5000 8945.8008   23.7388
   -7.5000  -37.5000  -22.5000 9467.4912   23.4350
    0.0000  -37.5000  -22.5000 9923.0146   23.4069
    7.5000  -37.5000  -22.5000 9569.7578   23.4112
   -7.5000  -30.0000  -22.500010485.0195   23.2793
    0.0000  -30.0000  -22.500011035.7314   23.2411
    7.5000  -30.0000  -22.500010636.4443   23.2492
   -7.5000  -22.5000  -22.500011562.2217   23.2518
    0.0000  -22.5000  -22.500012177.7852   23.2126
    7.5000  -22.5000  -22.500011750.1719   23.2267
   -7.5000  -15.0000  -22.500012616.3662   23.2566
    0.0000  -15.0000  -22.500013264.9473   23.2257
    7.5000  -15.0000  -22.500012808.7295   23.2421
   -7.5000   -7.5000  -22.500013481.3691   23.2269
    0.0000   -7.5000  -22.500014136.1475   23.2037
    7.5000   -7.5000  -22.500013599.9443   23.2134
   -7.5000    0.0000  -22.500014222.3896   23.1906
    0.0000    0.0000  -22.500014951.1523   23.1694
    7.5000    0.0000  -22.500014366.9385   23.1730
   -7.5000    7.5000  -22.500013662.7080   23.1862
    0.0000    7.5000  -22.500014375.1152   23.1587
    7.5000    7.5000  -22.500013826.9717   23.1630
   -7.5000   15.0000  -22.500012973.0908   23.2174
    0.0000   15.0000  -22.500013698.6230   23.1795
    7.5000   15.0000  -22.500013139.9873   23.1877
   -7.5000   22.5000  -22.500012244.6797   23.2443
    0.0000   22.5000  -22.500012968.2432   23.2051
    7.5000   22.5000  -22.500012410.9932   23.2191
   -7.5000   30.0000  -22.500011527.2529   22.9524
    0.0000   30.0000  -22.500012222.9805   22.9219
    7.5000   30.0000  -22.500011676.7363   22.9380
   -7.5000   37.5000  -22.500011110.6650   22.9245
    0.0000   37.5000  -22.500011809.6299   22.9016
    7.5000   37.5000  -22.500011262.2070   22.9112
   -7.5000   45.0000  -22.500010257.0303   22.5550
    0.0000   45.0000  -22.500010904.4121   22.5336
    7.5000   45.0000  -22.500010400.5674   22.5334
   -7.5000  -45.0000  -15.0000 9300.9941   24.3482
    0.0000  -45.0000  -15.0000 9769.7539   24.3174
    7.5000  -45.0000  -15.0000 9426.8018   24.3149
   -7.5000  -37.5000  -15.0000 9962.4004   23.9997
    0.0000  -37.5000  -15.000010467.5723   23.9701
    7.5000  -37.5000  -15.000010096.3574   23.9716
   -7.5000  -30.0000  -15.000011019.9531   23.8326
    0.0000  -30.0000  -15.000011610.3408   23.7965
    7.5000  -30.0000  -15.000011204.5771   23.8044
   -7.5000  -22.5000  -15.000012138.8623   23.8178
    0.0000  -22.5000  -15.000012798.5117   23.7763
    7.5000  -22.5000  -15.000012362.3379   23.7888
   -7.5000  -15.0000  -15.000013264.5352   23.8410
    0.0000  -15.0000  -15.000013957.1445   23.7999
    7.5000  -15.0000  -15.000013489.5762   23.8115
   -7.5000   -7.5000  -15.000014142.3311   23.8146
    0.0000   -7.5000  -15.000014868.0820   23.7786
    7.5000   -7.5000  -15.000014344.9863   23.7822
   -7.5000    0.0000  -15.000014923.7266   23.7666
    0.0000    0.0000  -15.000015654.0947   23.7370
    7.5000    0.0000  -15.000015103.4443   23.7349
   -7.5000    7.5000  -15.000014364.4697   23.7446
    0.0000    7.5000  -15.000015084.1621   23.7155
    7.5000    7.5000  -15.000014506.0215   23.7169
   -7.5000   15.0000  -15.000013651.0469   23.7691
    0.0000   15.0000  -15.000014369.3223   23.7332
    7.5000   15.0000  -15.000013795.4727   23.7412
   -7.5000   22.5000  -15.000012871.0518   23.8090
    0.0000   22.5000  -15.000013607.6680   23.7676
    7.5000   22.5000  -15.000013000.2998   23.7801
   -7.5000   30.0000  -15.000012094.4541   23.5324
    0.0000   30.0000  -15.000012825.8535   23.4919
    7.5000   30.0000  -15.000012235.7783   23.5033
   -7.5000   37.5000  -15.000011656.5693   23.5079
    0.0000   37.5000  -15.000012371.5752   23.4724
    7.5000   37.5000  -15.000011777.1074   23.4759
   -7.5000   45.0000  -15.000010751.4854   23.1332
    0.0000   45.0000  -15.000011465.0186   23.1022
    7.5000   45.0000  -15.000010890.3750   23.0973
   -7.5000  -45.0000   -7.5000 9843.4697   24.7388
    0.0000  -45.0000   -7.500010297.4346   24.6842
    7.5000  -45.0000   -7.5000 9945.2998   24.6507
   -7.5000  -37.5000   -7.500010547.6602   24.3632
    0.0000  -37.5000   -7.500011034.6914   24.3168
    7.5000  -37.5000   -7.500010665.6211   24.2872
   -7.5000  -30.0000   -7.500011639.3496   24.1793
    0.0000  -30.0000   -7.500012184.7070   24.1324
    7.5000  -30.0000   -7.500011805.8125   24.1081
   -7.5000  -22.5000   -7.500012804.5029   24.1706
    0.0000  -22.5000   -7.500013432.5498   24.1171
    7.5000  -22.5000   -7.500012999.2783   24.0971
   -7.5000  -15.0000   -7.500013938.2578   24.2121
    0.0000  -15.0000   -7.500014649.8750   24.1526
    7.5000  -15.0000   -7.500014179.4502   24.1321
   -7.5000   -7.5000   -7.500014828.6865   24.1968
    0.0000   -7.5000   -7.500015550.5322   24.1382
    7.5000   -7.5000   -7.500015063.3506   24.1117
   -7.5000    0.0000   -7.500015657.5469   24.1436
    0.0000    0.0000   -7.500016376.8711   24.0922
    7.5000    0.0000   -7.500015861.2695   24.0610
   -7.5000    7.5000   -7.500015133.0742   24.1033
    0.0000    7.5000   -7.500015866.6660   24.0577
    7.5000    7.5000   -7.500015311.3965   24.0286
   -7.5000   15.0000   -7.500014447.4053   24.1146
    0.0000   15.0000   -7.500015218.2305   24.0680
    7.5000   15.0000   -7.500014610.4727   24.0440
   -7.5000   22.5000   -7.500013660.8438   24.1591
    0.0000   22.5000   -7.500014422.7529   24.1056
    7.5000   22.5000   -7.500013800.1973   24.0856
   -7.5000   30.0000   -7.500012771.8447   23.8982
    0.0000   30.0000   -7.500013507.4092   23.8393
    7.5000   30.0000   -7.500012908.1426   23.8192
   -7.5000   37.5000   -7.500012244.0283   23.8847
    0.0000   37.5000   -7.500012943.9590   23.8268
    7.5000   37.5000   -7.500012364.5342   23.8007
   -7.5000   45.0000   -7.500011276.0010   23.5051
    0.0000   45.0000   -7.500011989.2598   23.4524
    7.5000   45.0000   -7.500011409.6357   23.4200
   -7.5000  -45.0000    0.000010295.6328   24.8748
    0.0000  -45.0000    0.000010776.1514   24.8053
    7.5000  -45.0000    0.000010408.7959   24.7486
   -7.5000  -37.5000    0.000011032.6250   24.4931
    0.0000  -37.5000    0.000011585.8174   24.4319
    7.5000  -37.5000    0.000011170.3467   24.3766
   -7.5000  -30.0000    0.000012203.7109   24.2992
    0.0000  -30.0000    0.000012770.9922   24.2392
    7.5000  -30.0000    0.000012343.4326   24.1853
   -7.5000  -22.5000    0.000013398.7393   24.2823
    0.0000  -22.5000    0.000014005.7764   24.2177
    7.5000  -22.5000    0.000013567.0195   24.1675
   -7.5000  -15.0000    0.000014554.1709   24.3248
    0.0000  -15.0000    0.000015210.8213   24.2550
    7.5000  -15.0000    0.000014754.5957   24.2072
   -7.5000   -7.5000    0.000015434.8105   24.3192
    0.0000   -7.5000    0.000016121.7803   24.2493
    7.5000   -7.5000    0.000015642.4277   24.1993
   -7.5000    0.0000    0.000016274.7314   24.2736
    0.0000    0.0000    0.000016976.7402   24.2083
    7.5000    0.0000    0.000016491.5293   24.1552
   -7.5000    7.5000    0.000015789.8936   24.2312
    0.0000    7.5000    0.000016564.6797   24.1712
    7.5000    7.5000    0.000016025.7002   24.1170
   -7.5000   15.0000    0.000015106.8135   24.2341
    0.0000   15.0000    0.000015816.8877   24.1745
    7.5000   15.0000    0.000015241.3691   24.1210
   -7.5000   22.5000    0.000014237.3623   24.2707
    0.0000   22.5000    0.000014809.5898   24.2061
    7.5000   22.5000    0.000014310.3379   24.1559
   -7.5000   30.0000    0.000013285.0361   24.0100
    0.0000   30.0000    0.000013750.9629   23.9411
    7.5000   30.0000    0.000013307.0479   23.8939
   -7.5000   37.5000    0.000012691.3828   24.0062
    0.0000   37.5000    0.000013156.8076   23.9372
    7.5000   37.5000    0.000012724.1719   23.8878
   -7.5000   45.0000    0.000011698.8740   23.6300
    0.0000   45.0000    0.000012199.3232   23.5646
    7.5000   45.0000    0.000011756.7324   23.5106
   -7.5000  -45.0000    7.500010008.6553   24.8455
    0.0000  -45.0000    7.500010488.8486   24.7875
    7.5000  -45.0000    7.500010104.8154   24.7399
   -7.5000  -37.5000    7.500010711.7178   24.4862
    0.0000  -37.5000    7.500011269.0830   24.4286
    7.5000  -37.5000    7.500010847.1367   24.3790
   -7.5000  -30.0000    7.500011816.0498   24.3022
    0.0000  -30.0000    7.500012397.2588   24.2414
    7.5000  -30.0000    7.500011956.5156   24.1906
   -7.5000  -22.5000    7.500012972.3301   24.2713
    0.0000  -22.5000    7.500013592.9287   24.2100
    7.5000  -22.5000    7.500013138.9326   24.1636
   -7.5000  -15.0000    7.500014060.2461   24.2926
    0.0000  -15.0000    7.500014705.1885   24.2346
    7.5000  -15.0000    7.500014237.0928   24.1936
   -7.5000   -7.5000    7.500014874.5068   24.2808
    0.0000   -7.5000    7.500015509.3408   24.2258
    7.5000   -7.5000    7.500015034.9014   24.1843
   -7.5000    0.0000    7.500015672.9668   24.2466
    0.0000    0.0000    7.500016326.3525   24.1921
    7.5000    0.0000    7.500015855.6982   24.1473
   -7.5000    7.5000    7.500015266.3428   24.2247
    0.0000    7.5000    7.500015977.7920   24.1682
    7.5000    7.5000    7.500015474.5088   24.1198
   -7.5000   15.0000    7.500014673.5625   24.2372
    0.0000   15.0000    7.500015162.0811   24.1769
    7.5000   15.0000    7.500014750.9805   24.1265
   -7.5000   22.5000    7.500013874.6494   24.2597
    0.0000   22.5000    7.500014171.3633   24.1984
    7.5000   22.5000    7.500013826.5586   24.1521
   -7.5000   30.0000    7.500012969.2158   23.9783
    0.0000   30.0000    7.500013194.0967   23.9210
    7.5000   30.0000    7.500012884.1465   23.8805
   -7.5000   37.5000    7.500012398.1113   23.9682
    0.0000   37.5000    7.500012702.2881   23.9139
    7.5000   37.5000    7.500012335.1562   23.8729
   -7.5000   45.0000    7.500011378.6484   23.5999
    0.0000   45.0000    7.500011772.0186   23.5462
    7.5000   45.0000    7.500011348.3574   23.4992
   -7.5000  -45.0000   15.0000 9564.9404   24.7385
    0.0000  -45.0000   15.000010029.5205   24.7037
    7.5000  -45.0000   15.0000 9669.7158   24.6860
   -7.5000  -37.5000   15.000010232.6826   24.4038
    0.0000  -37.5000   15.000010793.7461   24.3617
    7.5000  -37.5000   15.000010375.2432   24.3409
   -7.5000  -30.0000   15.000011295.3906   24.2373
    0.0000  -30.0000   15.000011901.3174   24.1863
    7.5000  -30.0000   15.000011430.4121   24.1656
   -7.5000  -22.5000   15.000012406.3164   24.2009
    0.0000  -22.5000   15.000013024.3057   24.1521
    7.5000  -22.5000   15.000012573.0000   24.1377
   -7.5000  -15.0000   15.000013460.0596   24.2030
    0.0000  -15.0000   15.000014058.9355   24.1646
    7.5000  -15.0000   15.000013621.1406   24.1562
   -7.5000   -7.5000   15.000014265.5977   24.1775
    0.0000   -7.5000   15.000014830.7109   24.1457
    7.5000   -7.5000   15.000014413.4131   24.1343
   -7.5000    0.0000   15.000014983.6436   24.1464
    0.0000    0.0000   15.000015601.8877   24.1134
    7.5000    0.0000   15.000015142.7900   24.0964
   -7.5000    7.5000   15.000014576.9697   24.1441
    0.0000    7.5000   15.000015178.3281   24.1030
    7.5000    7.5000   15.000014765.5693   24.0828
   -7.5000   15.0000   15.000014029.5420   24.1727
    0.0000   15.0000   15.000014519.5332   24.1222
    7.5000   15.0000   15.000014162.2793   24.1017
   -7.5000   22.5000   15.000013316.9551   24.1894
    0.0000   22.5000   15.000013734.4551   24.1406
    7.5000   22.5000   15.000013377.6602   24.1262
   -7.5000   30.0000   15.000012426.7480   23.8898
    0.0000   30.0000   15.000012812.2764   23.8519
    7.5000   30.0000   15.000012417.0400   23.8436
   -7.5000   37.5000   15.000011854.0752   23.8661
    0.0000   37.5000   15.000012241.5000   23.8347
    7.5000   37.5000   15.000011819.5127   23.8235
   -7.5000   45.0000   15.000010890.7021   23.5017
    0.0000   45.0000   15.000011299.0752   23.4695
    7.5000   45.0000   15.000010870.8994   23.4489
   -7.5000  -45.0000   22.5000 9018.6279   24.6615
    0.0000  -45.0000   22.5000 9464.0186   24.6388
    7.5000  -45.0000   22.5000 9125.3076   24.6429
   -7.5000  -37.5000   22.5000 9643.1230   24.3275
    0.0000  -37.5000   22.500010139.6709   24.2983
    7.5000  -37.5000   22.5000 9795.5654   24.3028
   -7.5000  -30.0000   22.500010648.3740   24.1658
    0.0000  -30.0000   22.500011208.9727   24.1262
    7.5000  -30.0000   22.500010843.8486   24.1347
   -7.5000  -22.5000   22.500011714.9395   24.1373
    0.0000  -22.5000   22.500012280.3623   24.0967
    7.5000  -22.5000   22.500011897.0547   24.1112
   -7.5000  -15.0000   22.500012751.2354   24.1423
    0.0000  -15.0000   22.500013349.1875   24.1103
    7.5000  -15.0000   22.500012924.1191   24.1272
   -7.5000   -7.5000   22.500013545.1787   24.1115
    0.0000   -7.5000   22.500014205.1738   24.0874
    7.5000   -7.5000   22.500013755.5752   24.0975
   -7.5000    0.0000   22.500014219.3916   24.0738
    0.0000    0.0000   22.500014953.6973   24.0518
    7.5000    0.0000   22.500014462.8887   24.0556
   -7.5000    7.5000   22.500013790.6035   24.0692
    0.0000    7.5000   22.500014452.0244   24.0407
    7.5000    7.5000   22.500013991.4580   24.0452
   -7.5000   15.0000   22.500013230.6582   24.1016
    0.0000   15.0000   22.500013773.3877   24.0623
    7.5000   15.0000   22.500013320.4863   24.0708
   -7.5000   22.5000   22.500012486.0107   24.1258
    0.0000   22.5000   22.500013009.9561   24.0852
    7.5000   22.5000   22.500012549.6797   24.0997
   -7.5000   30.0000   22.500011634.6895   23.8298
    0.0000   30.0000   22.500012127.7383   23.7983
    7.5000   30.0000   22.500011672.4961   23.8150
   -7.5000   37.5000   22.500011104.9209   23.8009
    0.0000   37.5000   22.500011580.9111   23.7771
    7.5000   37.5000   22.500011134.7539   23.7871
   -7.5000   45.0000   22.500010242.3906   23.4343
    0.0000   45.0000   22.500010701.2324   23.4120
    7.5000   45.0000   22.500010286.7012   23.4118
   -7.5000  -45.0000   30.0000 8430.1973   24.6847
    0.0000  -45.0000   30.0000 8840.3271   24.6533
    7.5000  -45.0000   30.0000 8527.3350   24.6509
   -7.5000  -37.5000   30.0000 8999.1152   24.3313
    0.0000  -37.5000   30.0000 9473.3926   24.3012
    7.5000  -37.5000   30.0000 9153.3027   24.3028
   -7.5000  -30.0000   30.0000 9942.7910   24.1618
    0.0000  -30.0000   30.000010482.0146   24.1252
    7.5000  -30.0000   30.000010128.3398   24.1332
   -7.5000  -22.5000   30.000010942.1846   24.1468
    0.0000  -22.5000   30.000011514.4404   24.1048
    7.5000  -22.5000   30.000011134.2754   24.1175
   -7.5000  -15.0000   30.000011976.9863   24.1704
    0.0000  -15.0000   30.000012620.1924   24.1287
    7.5000  -15.0000   30.000012169.4062   24.1404
   -7.5000   -7.5000   30.000012773.1904   24.1436
    0.0000   -7.5000   30.000013465.1816   24.1071
    7.5000   -7.5000   30.000013002.9873   24.1107
   -7.5000    0.0000   30.000013350.2510   24.0949
    0.0000    0.0000   30.000014081.4561   24.0650
    7.5000    0.0000   30.000013597.9717   24.0628
   -7.5000    7.5000   30.000012876.5205   24.0726
    0.0000    7.5000   30.000013515.3340   24.0431
    7.5000    7.5000   30.000013075.5957   24.0446
   -7.5000   15.0000   30.000012286.4717   24.0974
    0.0000   15.0000   30.000012844.4746   24.0611
    7.5000   15.0000   30.000012441.2178   24.0691
   -7.5000   22.5000   30.000011601.9775   24.1353
    0.0000   22.5000   30.000012100.9941   24.0933
    7.5000   22.5000   30.000011729.9023   24.1060
   -7.5000   30.0000   30.000010785.2422   23.8575
    0.0000   30.0000   30.000011240.2861   23.8165
    7.5000   30.0000   30.000010900.8896   23.8280
   -7.5000   37.5000   30.000010295.1123   23.8327
    0.0000   37.5000   30.000010746.2227   23.7967
    7.5000   37.5000   30.000010401.5332   23.8003
   -7.5000   45.0000   30.0000 9499.2539   23.4590
    0.0000   45.0000   30.0000 9951.6025   23.4276
    7.5000   45.0000   30.0000 9617.3662   23.4226
   -7.5000  -45.0000   37.5000 8143.8628   24.9114
    0.0000  -45.0000   37.5000 8550.1514   24.8560
    7.5000  -45.0000   37.5000 8235.8203   24.8217
   -7.5000  -37.5000   37.5000 8735.0039   24.5311
    0.0000  -37.5000   37.5000 9188.3936   24.4838
    7.5000  -37.5000   37.5000 8868.8730   24.4533
   -7.5000  -30.0000   37.5000 9689.4756   24.3447
    0.0000  -30.0000   37.500010216.8369   24.2969
    7.5000  -30.0000   37.5000 9847.7607   24.2718
   -7.5000  -22.5000   37.500010661.3750   24.3360
    0.0000  -22.5000   37.500011235.0264   24.2817
    7.5000  -22.5000   37.500010814.9990   24.2611
   -7.5000  -15.0000   37.500011630.9082   24.3783
    0.0000  -15.0000   37.500012252.1992   24.3180
    7.5000  -15.0000   37.500011786.3984   24.2971
   -7.5000   -7.5000   37.500012388.3457   24.3631
    0.0000   -7.5000   37.500013081.1504   24.3036
    7.5000   -7.5000   37.500012576.0469   24.2767
   -7.5000    0.0000   37.500012894.0713   24.3092
    0.0000    0.0000   37.500013612.1865   24.2570
    7.5000    0.0000   37.500013100.3291   24.2251
   -7.5000    7.5000   37.500012399.1064   24.2681
    0.0000    7.5000   37.500013041.4902   24.2217
    7.5000    7.5000   37.500012571.9434   24.1917
   -7.5000   15.0000   37.500011801.9043   24.2793
    0.0000   15.0000   37.500012381.7207   24.2318
    7.5000   15.0000   37.500011956.2305   24.2070
   -7.5000   22.5000   37.500011139.8613   24.3244
    0.0000   22.5000   37.500011666.6445   24.2701
    7.5000   22.5000   37.500011280.5234   24.2495
   -7.5000   30.0000   37.500010370.4512   24.0628
    0.0000   30.0000   37.500010864.2744   24.0032
    7.5000   30.0000   37.500010505.5703   23.9827
   -7.5000   37.5000   37.5000 9912.2314   24.0495
    0.0000   37.5000   37.500010351.3818   23.9908
    7.5000   37.5000   37.500010014.1035   23.9642
   -7.5000   45.0000   37.5000 9157.3369   23.6693
    0.0000   45.0000   37.5000 9597.6279   23.6158
    7.5000   45.0000   37.5000 9274.1357   23.5826
   -7.5000  -45.0000   45.0000 7535.3521   25.1393
    0.0000  -45.0000   45.0000 7903.7861   25.0665
    7.5000  -45.0000   45.0000 7605.6802   25.0090
   -7.5000  -37.5000   45.0000 8112.2534   24.7479
    0.0000  -37.5000   45.0000 8532.0215   24.6840
    7.5000  -37.5000   45.0000 8210.3076   24.6287
   -7.5000  -30.0000   45.0000 8977.3232   24.5488
    0.0000  -30.0000   45.0000 9454.9717   24.4863
    7.5000  -30.0000   45.0000 9087.8408   24.4328
   -7.5000  -22.5000   45.0000 9847.2021   24.5307
    0.0000  -22.5000   45.000010366.3594   24.4635
    7.5000  -22.5000   45.0000 9958.6475   24.4132
   -7.5000  -15.0000   45.000010736.1855   24.5732
    0.0000  -15.0000   45.000011300.7080   24.5006
    7.5000  -15.0000   45.000010839.7090   24.4521
   -7.5000   -7.5000   45.000011380.6621   24.5673
    0.0000   -7.5000   45.000012031.0137   24.4943
    7.5000   -7.5000   45.000011546.5371   24.4434
   -7.5000    0.0000   45.000011838.0439   24.5213
    0.0000    0.0000   45.000012518.1045   24.4531
    7.5000    0.0000   45.000012025.4756   24.3993
   -7.5000    7.5000   45.000011375.3418   24.4788
    0.0000    7.5000   45.000011982.0371   24.4162
    7.5000    7.5000   45.000011535.4365   24.3620
   -7.5000   15.0000   45.000010817.1699   24.4819
    0.0000   15.0000   45.000011380.8955   24.4199
    7.5000   15.0000   45.000010966.6777   24.3667
   -7.5000   22.5000   45.000010178.3018   24.5189
    0.0000   22.5000   45.000010708.8252   24.4517
    7.5000   22.5000   45.000010320.1836   24.4015
   -7.5000   30.0000   45.0000 9471.8994   24.2531
    0.0000   30.0000   45.0000 9946.2764   24.1814
    7.5000   30.0000   45.0000 9612.4463   24.1336
   -7.5000   37.5000   45.0000 9074.8818   24.2490
    0.0000   37.5000   45.0000 9505.6211   24.1770
    7.5000   37.5000   45.0000 9191.4951   24.1267
   -7.5000   45.0000   45.0000 8413.3574   23.8860
    0.0000   45.0000   45.0000 8839.5117   23.8176
    7.5000   45.0000   45.0000 8533.5547   23.7629

---------------------------------------------------------------------
imgreg_4dfp /opt/freesurfer/average/711-2C_as_mni_average_305 /opt/freesurfer/average/711-2B_as_mni_average_305_mask talsrcimg_g11 none talsrcimg_to_711-2C_as_mni_average_305_t4 4355
---------------------------------------------------------------------

freesurfer imgreg_4dfp.c
/opt/freesurfer/average/711-2C_as_mni_average_305.4dfp.img
       256       256       256         1
  1.000000  1.000000  1.000000
orientation T byte_order littleendian
Reading image: /opt/freesurfer/average/711-2C_as_mni_average_305.4dfp.img
dimensions:      256       256       256
mmppix:       1.0000   -1.0000   -1.0000
center:     128.0000 -129.0000 -129.0000
/opt/freesurfer/average/711-2B_as_mni_average_305_mask.4dfp.img
       256       256       256         1
  1.000000  1.000000  1.000000
orientation T byte_order littleendian
Reading mask: /opt/freesurfer/average/711-2B_as_mni_average_305_mask.4dfp.img (2306576 pixels)
talsrcimg_g11.4dfp.img
       256       256       256         1
  1.000000  1.000000  1.000000
orientation T byte_order littleendian
Reading image: talsrcimg_g11.4dfp.img
dimensions:      256       256       256
mmppix:       1.0000   -1.0000   -1.0000
center:     128.0000 -129.0000 -129.0000
rotation matrix determinant  1.000000
image alignment mode   4355 decimal     1103 hex
   -7.5000  -45.0000  -45.0000 1972.2240   27.9700
    0.0000  -45.0000  -45.0000 1988.1823   27.6077
    7.5000  -45.0000  -45.0000 1975.1819   27.8323
   -7.5000  -37.5000  -45.0000 2008.8683   26.2893
    0.0000  -37.5000  -45.0000 2035.9198   25.9056
    7.5000  -37.5000  -45.0000 2024.9454   26.1508
   -7.5000  -30.0000  -45.0000 2051.4443   25.0797
    0.0000  -30.0000  -45.0000 2079.2783   24.5943
    7.5000  -30.0000  -45.0000 2064.2874   24.7730
   -7.5000  -22.5000  -45.0000 2088.3931   24.1695
    0.0000  -22.5000  -45.0000 2124.1189   23.6677
    7.5000  -22.5000  -45.0000 2107.7539   23.7538
   -7.5000  -15.0000  -45.0000 2130.7786   23.4194
    0.0000  -15.0000  -45.0000 2166.8579   23.0395
    7.5000  -15.0000  -45.0000 2154.3584   23.0669
   -7.5000   -7.5000  -45.0000 2166.5522   22.8298
    0.0000   -7.5000  -45.0000 2202.9548   22.4926
    7.5000   -7.5000  -45.0000 2194.0364   22.4825
   -7.5000    0.0000  -45.0000 2186.1033   22.4832
    0.0000    0.0000  -45.0000 2218.1187   22.1614
    7.5000    0.0000  -45.0000 2209.4966   22.1043
   -7.5000    7.5000  -45.0000 2194.8857   22.2859
    0.0000    7.5000  -45.0000 2224.9600   22.0038
    7.5000    7.5000  -45.0000 2215.7007   21.9675
   -7.5000   15.0000  -45.0000 2186.0647   22.3147
    0.0000   15.0000  -45.0000 2220.3711   21.9755
    7.5000   15.0000  -45.0000 2211.4143   22.0064
   -7.5000   22.5000  -45.0000 2170.3784   22.5426
    0.0000   22.5000  -45.0000 2208.0359   22.1566
    7.5000   22.5000  -45.0000 2199.2139   22.1674
   -7.5000   30.0000  -45.0000 2151.9758   23.0712
    0.0000   30.0000  -45.0000 2186.9153   22.6421
    7.5000   30.0000  -45.0000 2175.9897   22.6457
   -7.5000   37.5000  -45.0000 2110.1584   24.1162
    0.0000   37.5000  -45.0000 2147.6438   23.6913
    7.5000   37.5000  -45.0000 2138.0742   23.6995
   -7.5000   45.0000  -45.0000 2051.8276   25.7081
    0.0000   45.0000  -45.0000 2089.7527   25.2416
    7.5000   45.0000  -45.0000 2080.0164   25.2327
   -7.5000  -45.0000  -37.5000 2070.4788   25.6986
    0.0000  -45.0000  -37.5000 2089.3748   25.3293
    7.5000  -45.0000  -37.5000 2070.2856   25.5386
   -7.5000  -37.5000  -37.5000 2115.4761   24.1379
    0.0000  -37.5000  -37.5000 2137.6741   23.7538
    7.5000  -37.5000  -37.5000 2117.1233   23.9640
   -7.5000  -30.0000  -37.5000 2153.5256   23.0173
    0.0000  -30.0000  -37.5000 2182.1133   22.6903
    7.5000  -30.0000  -37.5000 2162.7505   22.8159
   -7.5000  -22.5000  -37.5000 2197.1548   22.1711
    0.0000  -22.5000  -37.5000 2229.7656   21.8520
    7.5000  -22.5000  -37.5000 2214.0535   21.8784
   -7.5000  -15.0000  -37.5000 2242.3665   21.4700
    0.0000  -15.0000  -37.5000 2273.1418   21.1566
    7.5000  -15.0000  -37.5000 2263.6843   21.1780
   -7.5000   -7.5000  -37.5000 2275.4807   20.8928
    0.0000   -7.5000  -37.5000 2304.9480   20.6019
    7.5000   -7.5000  -37.5000 2294.6641   20.6115
   -7.5000    0.0000  -37.5000 2293.4900   20.5894
    0.0000    0.0000  -37.5000 2326.1221   20.3147
    7.5000    0.0000  -37.5000 2311.5913   20.2607
   -7.5000    7.5000  -37.5000 2300.6746   20.4539
    0.0000    7.5000  -37.5000 2335.5933   20.1902
    7.5000    7.5000  -37.5000 2321.6116   20.1508
   -7.5000   15.0000  -37.5000 2295.4307   20.5152
    0.0000   15.0000  -37.5000 2336.8083   20.2750
    7.5000   15.0000  -37.5000 2322.8667   20.1997
   -7.5000   22.5000  -37.5000 2277.7148   20.8229
    0.0000   22.5000  -37.5000 2322.7366   20.5298
    7.5000   22.5000  -37.5000 2311.7793   20.5147
   -7.5000   30.0000  -37.5000 2251.3044   21.3500
    0.0000   30.0000  -37.5000 2292.2729   21.0310
    7.5000   30.0000  -37.5000 2283.7576   21.0399
   -7.5000   37.5000  -37.5000 2209.9604   22.3336
    0.0000   37.5000  -37.5000 2252.9050   21.9858
    7.5000   37.5000  -37.5000 2239.9136   21.9400
   -7.5000   45.0000  -37.5000 2144.5410   23.7997
    0.0000   45.0000  -37.5000 2185.1694   23.3913
    7.5000   45.0000  -37.5000 2170.2417   23.3251
   -7.5000  -45.0000  -30.0000 2188.5852   24.5617
    0.0000  -45.0000  -30.0000 2208.8352   24.2371
    7.5000  -45.0000  -30.0000 2194.5188   24.5340
   -7.5000  -37.5000  -30.0000 2237.2063   23.0202
    0.0000  -37.5000  -30.0000 2260.8618   22.6925
    7.5000  -37.5000  -30.0000 2246.1226   22.9719
   -7.5000  -30.0000  -30.0000 2284.9902   21.9149
    0.0000  -30.0000  -30.0000 2311.8425   21.6228
    7.5000  -30.0000  -30.0000 2296.8503   21.8038
   -7.5000  -22.5000  -30.0000 2335.4258   21.1408
    0.0000  -22.5000  -30.0000 2365.6023   20.8438
    7.5000  -22.5000  -30.0000 2351.7834   20.9193
   -7.5000  -15.0000  -30.0000 2378.5776   20.4444
    0.0000  -15.0000  -30.0000 2415.2449   20.1730
    7.5000  -15.0000  -30.0000 2402.0212   20.2237
   -7.5000   -7.5000  -30.0000 2412.1101   19.9121
    0.0000   -7.5000  -30.0000 2448.5281   19.6375
    7.5000   -7.5000  -30.0000 2431.1160   19.6439
   -7.5000    0.0000  -30.0000 2432.2686   19.4902
    0.0000    0.0000  -30.0000 2469.0635   19.2239
    7.5000    0.0000  -30.0000 2455.6021   19.2013
   -7.5000    7.5000  -30.0000 2441.4307   19.3984
    0.0000    7.5000  -30.0000 2482.8638   19.1383
    7.5000    7.5000  -30.0000 2471.6157   19.1189
   -7.5000   15.0000  -30.0000 2441.4795   19.5211
    0.0000   15.0000  -30.0000 2489.5352   19.2678
    7.5000   15.0000  -30.0000 2476.8210   19.2356
   -7.5000   22.5000  -30.0000 2426.6902   19.9405
    0.0000   22.5000  -30.0000 2480.0676   19.7085
    7.5000   22.5000  -30.0000 2463.9919   19.6436
   -7.5000   30.0000  -30.0000 2400.0625   20.5785
    0.0000   30.0000  -30.0000 2450.5796   20.3010
    7.5000   30.0000  -30.0000 2435.8276   20.2435
   -7.5000   37.5000  -30.0000 2351.0430   21.5187
    0.0000   37.5000  -30.0000 2398.8210   21.2604
    7.5000   37.5000  -30.0000 2383.6099   21.1632
   -7.5000   45.0000  -30.0000 2278.1340   22.8514
    0.0000   45.0000  -30.0000 2323.1924   22.5360
    7.5000   45.0000  -30.0000 2306.3528   22.4642
   -7.5000  -45.0000  -22.5000 2266.9702   23.4688
    0.0000  -45.0000  -22.5000 2284.1970   23.1928
    7.5000  -45.0000  -22.5000 2283.9880   23.4751
   -7.5000  -37.5000  -22.5000 2321.5989   21.9259
    0.0000  -37.5000  -22.5000 2346.9607   21.6576
    7.5000  -37.5000  -22.5000 2337.1228   21.9114
   -7.5000  -30.0000  -22.5000 2372.8857   20.7731
    0.0000  -30.0000  -22.5000 2402.0847   20.4440
    7.5000  -30.0000  -22.5000 2398.0942   20.6730
   -7.5000  -22.5000  -22.5000 2428.0613   19.9273
    0.0000  -22.5000  -22.5000 2464.9600   19.6323
    7.5000  -22.5000  -22.5000 2456.1826   19.7890
   -7.5000  -15.0000  -22.5000 2479.0879   19.2881
    0.0000  -15.0000  -22.5000 2518.4656   19.0088
    7.5000  -15.0000  -22.5000 2505.3564   19.0785
   -7.5000   -7.5000  -22.5000 2514.8689   18.8040
    0.0000   -7.5000  -22.5000 2551.7993   18.5583
    7.5000   -7.5000  -22.5000 2534.0986   18.5944
   -7.5000    0.0000  -22.5000 2542.6924   18.3909
    0.0000    0.0000  -22.5000 2581.3608   18.2161
    7.5000    0.0000  -22.5000 2569.5664   18.2091
   -7.5000    7.5000  -22.5000 2562.4211   18.2936
    0.0000    7.5000  -22.5000 2599.6780   18.0672
    7.5000    7.5000  -22.5000 2596.1357   18.0453
   -7.5000   15.0000  -22.5000 2565.3162   18.4533
    0.0000   15.0000  -22.5000 2611.4978   18.2227
    7.5000   15.0000  -22.5000 2596.4875   18.1750
   -7.5000   22.5000  -22.5000 2554.3628   18.8936
    0.0000   22.5000  -22.5000 2604.5977   18.6776
    7.5000   22.5000  -22.5000 2587.8303   18.6155
   -7.5000   30.0000  -22.5000 2524.2407   19.5981
    0.0000   30.0000  -22.5000 2581.6143   19.4050
    7.5000   30.0000  -22.5000 2569.4392   19.3250
   -7.5000   37.5000  -22.5000 2468.7490   20.5107
    0.0000   37.5000  -22.5000 2525.0994   20.3285
    7.5000   37.5000  -22.5000 2511.8721   20.2321
   -7.5000   45.0000  -22.5000 2388.7686   21.7832
    0.0000   45.0000  -22.5000 2441.8953   21.4928
    7.5000   45.0000  -22.5000 2428.2844   21.4407
   -7.5000  -45.0000  -15.0000 2310.3442   22.7322
    0.0000  -45.0000  -15.0000 2334.8645   22.4546
    7.5000  -45.0000  -15.0000 2334.1128   22.7181
   -7.5000  -37.5000  -15.0000 2370.7244   21.0615
    0.0000  -37.5000  -15.0000 2400.2327   20.7984
    7.5000  -37.5000  -15.0000 2395.7917   21.0265
   -7.5000  -30.0000  -15.0000 2424.1379   19.8260
    0.0000  -30.0000  -15.0000 2458.5295   19.5348
    7.5000  -30.0000  -15.0000 2454.7881   19.7625
   -7.5000  -22.5000  -15.0000 2474.3999   18.9850
    0.0000  -22.5000  -15.0000 2517.7544   18.6986
    7.5000  -22.5000  -15.0000 2512.0750   18.8645
   -7.5000  -15.0000  -15.0000 2535.8438   18.3260
    0.0000  -15.0000  -15.0000 2576.8447   18.0476
    7.5000  -15.0000  -15.0000 2571.4817   18.1614
   -7.5000   -7.5000  -15.0000 2580.5757   17.8285
    0.0000   -7.5000  -15.0000 2622.6997   17.6063
    7.5000   -7.5000  -15.0000 2610.5605   17.6518
   -7.5000    0.0000  -15.0000 2617.7292   17.4827
    0.0000    0.0000  -15.0000 2661.3440   17.2507
    7.5000    0.0000  -15.0000 2654.2288   17.2663
   -7.5000    7.5000  -15.0000 2649.3669   17.3643
    0.0000    7.5000  -15.0000 2696.9688   17.1018
    7.5000    7.5000  -15.0000 2686.8086   17.0910
   -7.5000   15.0000  -15.0000 2653.3555   17.5078
    0.0000   15.0000  -15.0000 2711.1514   17.2428
    7.5000   15.0000  -15.0000 2696.1665   17.2544
   -7.5000   22.5000  -15.0000 2646.7642   17.9426
    0.0000   22.5000  -15.0000 2707.7578   17.7174
    7.5000   22.5000  -15.0000 2687.8916   17.7091
   -7.5000   30.0000  -15.0000 2622.7991   18.6651
    0.0000   30.0000  -15.0000 2685.0945   18.4568
    7.5000   30.0000  -15.0000 2669.9795   18.4384
   -7.5000   37.5000  -15.0000 2563.9644   19.5426
    0.0000   37.5000  -15.0000 2619.8149   19.3783
    7.5000   37.5000  -15.0000 2609.7849   19.3017
   -7.5000   45.0000  -15.0000 2476.6538   20.7315
    0.0000   45.0000  -15.0000 2528.3228   20.5034
    7.5000   45.0000  -15.0000 2520.9041   20.4270
   -7.5000  -45.0000   -7.5000 2341.0476   22.3445
    0.0000  -45.0000   -7.5000 2363.3113   22.0085
    7.5000  -45.0000   -7.5000 2362.0376   22.2575
   -7.5000  -37.5000   -7.5000 2406.7434   20.6193
    0.0000  -37.5000   -7.5000 2428.9736   20.2540
    7.5000  -37.5000   -7.5000 2428.7869   20.4460
   -7.5000  -30.0000   -7.5000 2455.6201   19.2780
    0.0000  -30.0000   -7.5000 2481.7883   18.9166
    7.5000  -30.0000   -7.5000 2485.2761   19.0986
   -7.5000  -22.5000   -7.5000 2507.6787   18.3924
    0.0000  -22.5000   -7.5000 2544.4675   17.9567
    7.5000  -22.5000   -7.5000 2542.4685   18.1672
   -7.5000  -15.0000   -7.5000 2563.4465   17.6535
    0.0000  -15.0000   -7.5000 2611.3472   17.2737
    7.5000  -15.0000   -7.5000 2604.4114   17.4201
   -7.5000   -7.5000   -7.5000 2620.2104   17.1150
    0.0000   -7.5000   -7.5000 2664.4897   16.7489
    7.5000   -7.5000   -7.5000 2657.4973   16.8397
   -7.5000    0.0000   -7.5000 2672.6628   16.7661
    0.0000    0.0000   -7.5000 2715.2109   16.3984
    7.5000    0.0000   -7.5000 2712.1914   16.4290
   -7.5000    7.5000   -7.5000 2713.1963   16.6255
    0.0000    7.5000   -7.5000 2774.6111   16.2866
    7.5000    7.5000   -7.5000 2763.5327   16.3054
   -7.5000   15.0000   -7.5000 2734.8918   16.7202
    0.0000   15.0000   -7.5000 2808.1758   16.3981
    7.5000   15.0000   -7.5000 2790.5986   16.4136
   -7.5000   22.5000   -7.5000 2741.6116   17.1201
    0.0000   22.5000   -7.5000 2811.2595   16.8240
    7.5000   22.5000   -7.5000 2792.1221   16.8487
   -7.5000   30.0000   -7.5000 2707.3242   17.8146
    0.0000   30.0000   -7.5000 2774.6560   17.5797
    7.5000   30.0000   -7.5000 2760.3782   17.5655
   -7.5000   37.5000   -7.5000 2634.2266   18.6676
    0.0000   37.5000   -7.5000 2692.4629   18.4511
    7.5000   37.5000   -7.5000 2682.9321   18.3892
   -7.5000   45.0000   -7.5000 2533.5032   19.8154
    0.0000   45.0000   -7.5000 2590.5415   19.5552
    7.5000   45.0000   -7.5000 2579.2136   19.5044
   -7.5000  -45.0000    0.0000 2360.4780   22.1517
    0.0000  -45.0000    0.0000 2385.6250   21.7652
    7.5000  -45.0000    0.0000 2383.3174   22.0725
   -7.5000  -37.5000    0.0000 2423.5852   20.3772
    0.0000  -37.5000    0.0000 2455.2734   19.9658
    7.5000  -37.5000    0.0000 2449.4236   20.1900
   -7.5000  -30.0000    0.0000 2477.9397   18.9542
    0.0000  -30.0000    0.0000 2510.4175   18.5503
    7.5000  -30.0000    0.0000 2503.9321   18.7423
   -7.5000  -22.5000    0.0000 2525.4771   17.9843
    0.0000  -22.5000    0.0000 2561.7261   17.5310
    7.5000  -22.5000    0.0000 2555.8447   17.7135
   -7.5000  -15.0000    0.0000 2577.8870   17.2100
    0.0000  -15.0000    0.0000 2616.6450   16.7344
    7.5000  -15.0000    0.0000 2611.5906   16.9097
   -7.5000   -7.5000    0.0000 2635.9119   16.6289
    0.0000   -7.5000    0.0000 2683.3508   16.1295
    7.5000   -7.5000    0.0000 2678.2288   16.2838
   -7.5000    0.0000    0.0000 2699.8459   16.2472
    0.0000    0.0000    0.0000 2747.6270   15.7956
    7.5000    0.0000    0.0000 2742.3909   15.8932
   -7.5000    7.5000    0.0000 2756.1770   16.1721
    0.0000    7.5000    0.0000 2823.8691   15.7246
    7.5000    7.5000    0.0000 2810.7554   15.8170
   -7.5000   15.0000    0.0000 2792.7642   16.2604
    0.0000   15.0000    0.0000 2878.9810   15.7819
    7.5000   15.0000    0.0000 2852.2700   15.8774
   -7.5000   22.5000    0.0000 2806.0269   16.5724
    0.0000   22.5000    0.0000 2892.0471   16.0689
    7.5000   22.5000    0.0000 2867.4668   16.1655
   -7.5000   30.0000    0.0000 2766.2881   17.2244
    0.0000   30.0000    0.0000 2834.6575   16.6969
    7.5000   30.0000    0.0000 2816.8596   16.7697
   -7.5000   37.5000    0.0000 2676.2817   18.0803
    0.0000   37.5000    0.0000 2738.3638   17.5834
    7.5000   37.5000    0.0000 2727.5369   17.6246
   -7.5000   45.0000    0.0000 2569.0442   19.2386
    0.0000   45.0000    0.0000 2624.0332   18.8172
    7.5000   45.0000    0.0000 2617.9937   18.8227
   -7.5000  -45.0000    7.5000 2377.2258   22.1021
    0.0000  -45.0000    7.5000 2407.3044   21.6897
    7.5000  -45.0000    7.5000 2398.4900   21.9694
   -7.5000  -37.5000    7.5000 2438.4294   20.1877
    0.0000  -37.5000    7.5000 2477.6270   19.7759
    7.5000  -37.5000    7.5000 2466.3044   20.0319
   -7.5000  -30.0000    7.5000 2487.8425   18.7155
    0.0000  -30.0000    7.5000 2528.8928   18.2856
    7.5000  -30.0000    7.5000 2515.4414   18.4817
   -7.5000  -22.5000    7.5000 2535.9375   17.7054
    0.0000  -22.5000    7.5000 2576.5867   17.2408
    7.5000  -22.5000    7.5000 2567.2622   17.4168
   -7.5000  -15.0000    7.5000 2584.2881   16.9393
    0.0000  -15.0000    7.5000 2627.7830   16.4414
    7.5000  -15.0000    7.5000 2619.1875   16.6074
   -7.5000   -7.5000    7.5000 2639.2161   16.3541
    0.0000   -7.5000    7.5000 2685.7144   15.8522
    7.5000   -7.5000    7.5000 2677.6372   15.9969
   -7.5000    0.0000    7.5000 2703.6426   15.9856
    0.0000    0.0000    7.5000 2752.8967   15.4743
    7.5000    0.0000    7.5000 2748.2305   15.6292
   -7.5000    7.5000    7.5000 2767.8374   15.9734
    0.0000    7.5000    7.5000 2831.9841   15.4245
    7.5000    7.5000    7.5000 2818.9697   15.5712
   -7.5000   15.0000    7.5000 2807.5056   16.1783
    0.0000   15.0000    7.5000 2885.2283   15.5584
    7.5000   15.0000    7.5000 2868.9680   15.7451
   -7.5000   22.5000    7.5000 2823.5266   16.5664
    0.0000   22.5000    7.5000 2903.3794   15.8215
    7.5000   22.5000    7.5000 2885.4446   16.0409
   -7.5000   30.0000    7.5000 2790.7432   17.0739
    0.0000   30.0000    7.5000 2853.4377   16.3971
    7.5000   30.0000    7.5000 2846.0645   16.5424
   -7.5000   37.5000    7.5000 2702.7366   17.8036
    0.0000   37.5000    7.5000 2767.4697   17.2528
    7.5000   37.5000    7.5000 2755.7854   17.3270
   -7.5000   45.0000    7.5000 2581.9626   18.9494
    0.0000   45.0000    7.5000 2638.7988   18.4774
    7.5000   45.0000    7.5000 2628.7075   18.4769
   -7.5000  -45.0000   15.0000 2363.9880   22.1285
    0.0000  -45.0000   15.0000 2386.6267   21.7805
    7.5000  -45.0000   15.0000 2379.5576   22.0299
   -7.5000  -37.5000   15.0000 2427.2058   20.0913
    0.0000  -37.5000   15.0000 2465.9661   19.7935
    7.5000  -37.5000   15.0000 2453.4485   20.0340
   -7.5000  -30.0000   15.0000 2477.9705   18.6238
    0.0000  -30.0000   15.0000 2522.7141   18.2014
    7.5000  -30.0000   15.0000 2504.1521   18.4051
   -7.5000  -22.5000   15.0000 2535.5894   17.5820
    0.0000  -22.5000   15.0000 2580.0498   17.1015
    7.5000  -22.5000   15.0000 2563.4631   17.2896
   -7.5000  -15.0000   15.0000 2581.8584   16.8231
    0.0000  -15.0000   15.0000 2623.6003   16.3337
    7.5000  -15.0000   15.0000 2616.4338   16.5101
   -7.5000   -7.5000   15.0000 2635.6733   16.3121
    0.0000   -7.5000   15.0000 2674.6084   15.7864
    7.5000   -7.5000   15.0000 2672.2395   15.9582
   -7.5000    0.0000   15.0000 2688.4097   16.0605
    0.0000    0.0000   15.0000 2732.4956   15.5034
    7.5000    0.0000   15.0000 2726.4939   15.6805
   -7.5000    7.5000   15.0000 2747.9546   16.0952
    0.0000    7.5000   15.0000 2798.2219   15.5545
    7.5000    7.5000   15.0000 2791.7275   15.7229
   -7.5000   15.0000   15.0000 2780.2139   16.3590
    0.0000   15.0000   15.0000 2846.6272   15.7439
    7.5000   15.0000   15.0000 2835.6721   15.9717
   -7.5000   22.5000   15.0000 2791.2065   16.8473
    0.0000   22.5000   15.0000 2861.6963   16.1739
    7.5000   22.5000   15.0000 2850.2073   16.3368
   -7.5000   30.0000   15.0000 2755.4529   17.2742
    0.0000   30.0000   15.0000 2820.4343   16.7385
    7.5000   30.0000   15.0000 2813.4983   16.8047
   -7.5000   37.5000   15.0000 2680.0347   17.9189
    0.0000   37.5000   15.0000 2743.1233   17.4723
    7.5000   37.5000   15.0000 2735.5010   17.5085
   -7.5000   45.0000   15.0000 2572.6023   18.9845
    0.0000   45.0000   15.0000 2629.0461   18.5313
    7.5000   45.0000   15.0000 2621.0896   18.5297
   -7.5000  -45.0000   22.5000 2317.2542   22.4654
    0.0000  -45.0000   22.5000 2337.0662   22.2005
    7.5000  -45.0000   22.5000 2336.6445   22.4364
   -7.5000  -37.5000   22.5000 2384.5298   20.3692
    0.0000  -37.5000   22.5000 2413.4260   20.0533
    7.5000  -37.5000   22.5000 2409.1294   20.2588
   -7.5000  -30.0000   22.5000 2439.7961   18.8038
    0.0000  -30.0000   22.5000 2481.3076   18.4039
    7.5000  -30.0000   22.5000 2475.4595   18.6007
   -7.5000  -22.5000   22.5000 2501.7166   17.7606
    0.0000  -22.5000   22.5000 2544.9927   17.2457
    7.5000  -22.5000   22.5000 2536.5115   17.4718
   -7.5000  -15.0000   22.5000 2549.0815   17.0858
    0.0000  -15.0000   22.5000 2592.4080   16.5734
    7.5000  -15.0000   22.5000 2585.0771   16.7307
   -7.5000   -7.5000   22.5000 2596.7302   16.6626
    0.0000   -7.5000   22.5000 2645.1545   16.1649
    7.5000   -7.5000   22.5000 2636.8613   16.3169
   -7.5000    0.0000   22.5000 2645.8699   16.4491
    0.0000    0.0000   22.5000 2697.0989   15.9942
    7.5000    0.0000   22.5000 2686.6970   16.1069
   -7.5000    7.5000   22.5000 2692.2634   16.4800
    0.0000    7.5000   22.5000 2746.5681   16.0203
    7.5000    7.5000   22.5000 2737.7627   16.1114
   -7.5000   15.0000   22.5000 2726.7739   16.7561
    0.0000   15.0000   22.5000 2786.5127   16.1573
    7.5000   15.0000   22.5000 2774.0645   16.2838
   -7.5000   22.5000   22.5000 2731.6599   17.1739
    0.0000   22.5000   22.5000 2790.7249   16.6199
    7.5000   22.5000   22.5000 2782.4373   16.6827
   -7.5000   30.0000   22.5000 2692.3625   17.7117
    0.0000   30.0000   22.5000 2746.8289   17.2885
    7.5000   30.0000   22.5000 2741.3611   17.2718
   -7.5000   37.5000   22.5000 2618.7520   18.4692
    0.0000   37.5000   22.5000 2672.7722   18.0329
    7.5000   37.5000   22.5000 2668.0464   18.0409
   -7.5000   45.0000   22.5000 2517.7388   19.5027
    0.0000   45.0000   22.5000 2570.0417   19.0958
    7.5000   45.0000   22.5000 2562.8940   19.0811
   -7.5000  -45.0000   30.0000 2269.8423   23.1472
    0.0000  -45.0000   30.0000 2289.7949   22.8109
    7.5000  -45.0000   30.0000 2290.0024   23.0190
   -7.5000  -37.5000   30.0000 2331.2783   21.0165
    0.0000  -37.5000   30.0000 2363.9497   20.6637
    7.5000  -37.5000   30.0000 2361.0278   20.8316
   -7.5000  -30.0000   30.0000 2383.8721   19.4461
    0.0000  -30.0000   30.0000 2420.3252   19.0642
    7.5000  -30.0000   30.0000 2419.8362   19.2432
   -7.5000  -22.5000   30.0000 2444.3477   18.3511
    0.0000  -22.5000   30.0000 2485.2578   17.9269
    7.5000  -22.5000   30.0000 2480.8826   18.0883
   -7.5000  -15.0000   30.0000 2493.3979   17.7679
    0.0000  -15.0000   30.0000 2536.6113   17.3124
    7.5000  -15.0000   30.0000 2525.8008   17.4494
   -7.5000   -7.5000   30.0000 2538.1067   17.3305
    0.0000   -7.5000   30.0000 2588.0305   16.9451
    7.5000   -7.5000   30.0000 2577.2886   17.0394
   -7.5000    0.0000   30.0000 2579.2654   17.1047
    0.0000    0.0000   30.0000 2637.5625   16.6975
    7.5000    0.0000   30.0000 2622.9912   16.7748
   -7.5000    7.5000   30.0000 2616.7478   17.1399
    0.0000    7.5000   30.0000 2678.7678   16.6631
    7.5000    7.5000   30.0000 2667.1604   16.7595
   -7.5000   15.0000   30.0000 2637.2014   17.3683
    0.0000   15.0000   30.0000 2703.7571   16.8124
    7.5000   15.0000   30.0000 2693.7024   16.9266
   -7.5000   22.5000   30.0000 2641.5559   17.7892
    0.0000   22.5000   30.0000 2695.0210   17.2971
    7.5000   22.5000   30.0000 2690.7983   17.3732
   -7.5000   30.0000   30.0000 2601.2917   18.4601
    0.0000   30.0000   30.0000 2646.9160   18.0077
    7.5000   30.0000   30.0000 2643.6528   18.0363
   -7.5000   37.5000   30.0000 2528.1133   19.2674
    0.0000   37.5000   30.0000 2578.5771   18.7962
    7.5000   37.5000   30.0000 2575.7288   18.8316
   -7.5000   45.0000   30.0000 2434.4875   20.3248
    0.0000   45.0000   30.0000 2488.2620   19.8569
    7.5000   45.0000   30.0000 2481.9226   19.8756
   -7.5000  -45.0000   37.5000 2209.6553   24.4122
    0.0000  -45.0000   37.5000 2235.2800   23.9719
    7.5000  -45.0000   37.5000 2231.0911   24.1897
   -7.5000  -37.5000   37.5000 2273.8223   22.2158
    0.0000  -37.5000   37.5000 2306.3267   21.8469
    7.5000  -37.5000   37.5000 2302.1968   22.0291
   -7.5000  -30.0000   37.5000 2332.4934   20.5929
    0.0000  -30.0000   37.5000 2366.9744   20.2419
    7.5000  -30.0000   37.5000 2359.0928   20.3820
   -7.5000  -22.5000   37.5000 2385.5166   19.4902
    0.0000  -22.5000   37.5000 2426.3345   19.0572
    7.5000  -22.5000   37.5000 2414.4385   19.1943
   -7.5000  -15.0000   37.5000 2422.4546   18.8101
    0.0000  -15.0000   37.5000 2469.5007   18.4192
    7.5000  -15.0000   37.5000 2458.0486   18.4721
   -7.5000   -7.5000   37.5000 2468.9397   18.3587
    0.0000   -7.5000   37.5000 2523.5566   17.9743
    7.5000   -7.5000   37.5000 2507.9185   18.0502
   -7.5000    0.0000   37.5000 2504.4490   18.0940
    0.0000    0.0000   37.5000 2562.3647   17.6989
    7.5000    0.0000   37.5000 2548.1707   17.7502
   -7.5000    7.5000   37.5000 2536.0698   18.0646
    0.0000    7.5000   37.5000 2594.2981   17.6185
    7.5000    7.5000   37.5000 2581.1968   17.6997
   -7.5000   15.0000   37.5000 2550.3108   18.2676
    0.0000   15.0000   37.5000 2607.4080   17.8015
    7.5000   15.0000   37.5000 2595.2986   17.8886
   -7.5000   22.5000   37.5000 2545.7917   18.7642
    0.0000   22.5000   37.5000 2594.9172   18.3403
    7.5000   22.5000   37.5000 2590.2432   18.3966
   -7.5000   30.0000   37.5000 2503.1335   19.4624
    0.0000   30.0000   37.5000 2549.2468   19.0538
    7.5000   30.0000   37.5000 2544.7278   19.0552
   -7.5000   37.5000   37.5000 2438.7178   20.3421
    0.0000   37.5000   37.5000 2476.8618   19.9153
    7.5000   37.5000   37.5000 2475.2568   19.9073
   -7.5000   45.0000   37.5000 2353.7007   21.3935
    0.0000   45.0000   37.5000 2400.4700   20.9266
    7.5000   45.0000   37.5000 2396.2651   20.9385
   -7.5000  -45.0000   45.0000 2134.7302   26.2044
    0.0000  -45.0000   45.0000 2160.7148   25.7828
    7.5000  -45.0000   45.0000 2153.4456   25.9952
   -7.5000  -37.5000   45.0000 2207.8713   23.8249
    0.0000  -37.5000   45.0000 2237.6536   23.4794
    7.5000  -37.5000   45.0000 2227.3740   23.6277
   -7.5000  -30.0000   45.0000 2271.6660   22.0300
    0.0000  -30.0000   45.0000 2301.6338   21.6837
    7.5000  -30.0000   45.0000 2290.5366   21.8103
   -7.5000  -22.5000   45.0000 2319.5776   20.8568
    0.0000  -22.5000   45.0000 2356.3616   20.5064
    7.5000  -22.5000   45.0000 2344.7251   20.5680
   -7.5000  -15.0000   45.0000 2354.1770   20.1710
    0.0000  -15.0000   45.0000 2393.3101   19.8025
    7.5000  -15.0000   45.0000 2378.9434   19.8387
   -7.5000   -7.5000   45.0000 2388.2217   19.6291
    0.0000   -7.5000   45.0000 2435.4004   19.2876
    7.5000   -7.5000   45.0000 2423.8418   19.3280
   -7.5000    0.0000   45.0000 2422.1240   19.3362
    0.0000    0.0000   45.0000 2472.3525   18.9915
    7.5000    0.0000   45.0000 2462.3303   19.0114
   -7.5000    7.5000   45.0000 2445.2720   19.3209
    0.0000    7.5000   45.0000 2493.9246   18.9214
    7.5000    7.5000   45.0000 2484.5747   18.9659
   -7.5000   15.0000   45.0000 2451.6211   19.5194
    0.0000   15.0000   45.0000 2499.6770   19.1493
    7.5000   15.0000   45.0000 2488.9048   19.1756
   -7.5000   22.5000   45.0000 2432.8518   20.0806
    0.0000   22.5000   45.0000 2478.5161   19.7015
    7.5000   22.5000   45.0000 2470.2078   19.6865
   -7.5000   30.0000   45.0000 2393.8022   20.8060
    0.0000   30.0000   45.0000 2435.0442   20.4640
    7.5000   30.0000   45.0000 2428.4866   20.4452
   -7.5000   37.5000   45.0000 2344.5571   21.6987
    0.0000   37.5000   45.0000 2377.8174   21.3252
    7.5000   37.5000   45.0000 2375.8359   21.3260
   -7.5000   45.0000   45.0000 2267.4360   22.7724
    0.0000   45.0000   45.0000 2309.2795   22.3967
    7.5000   45.0000   45.0000 2305.9758   22.3631

---------------------------------------------------------------------
imgreg_4dfp /opt/freesurfer/average/711-2C_as_mni_average_305 /opt/freesurfer/average/711-2B_as_mni_average_305_mask talsrcimg_g11 none talsrcimg_to_711-2C_as_mni_average_305_t4 1283
---------------------------------------------------------------------

freesurfer imgreg_4dfp.c
/opt/freesurfer/average/711-2C_as_mni_average_305.4dfp.img
       256       256       256         1
  1.000000  1.000000  1.000000
orientation T byte_order littleendian
Reading image: /opt/freesurfer/average/711-2C_as_mni_average_305.4dfp.img
dimensions:      256       256       256
mmppix:       1.0000   -1.0000   -1.0000
center:     128.0000 -129.0000 -129.0000
/opt/freesurfer/average/711-2B_as_mni_average_305_mask.4dfp.img
       256       256       256         1
  1.000000  1.000000  1.000000
orientation T byte_order littleendian
Reading mask: /opt/freesurfer/average/711-2B_as_mni_average_305_mask.4dfp.img (2306576 pixels)
talsrcimg_g11.4dfp.img
       256       256       256         1
  1.000000  1.000000  1.000000
orientation T byte_order littleendian
Reading image: talsrcimg_g11.4dfp.img
dimensions:      256       256       256
mmppix:       1.0000   -1.0000   -1.0000
center:     128.0000 -129.0000 -129.0000
rotation matrix determinant  1.000000
fimgreg.f
image alignment mode   1283 decimal      503 hex
parameters
    0.0000   22.5000    7.5000    0.0000    0.0000    0.0000
eta,q 0.91162 15.76457
niter,ni,del,rscale     5    3   12.0000    1.2000
parameter  4  0.606679 ->  0.500000 qaram    1.1500
parameters
    2.6205   20.2843    5.4680   -3.4500   -0.0040   -0.0563
eta,q 0.91380 15.70306
  0.1065  0.0911  0.0918  0.0853  0.0903  0.0906
  0.0993  0.0882  0.0885  0.0860  0.0889  0.0886
  0.0955  0.0879  0.0863  0.0866  0.0876  0.0873
  0.0920  0.0896  0.0879  0.0863  0.0862  0.0862
  0.0899  0.0913  0.0924  0.0878  0.0865  0.0866
  0.0910  0.0951  0.0974  0.0907  0.0884  0.0883
  0.0929  0.1004  0.1000  0.0948  0.0910  0.0913
niter,ni,del,rscale     5    3   12.0000    1.2000
parameters
    2.0912   22.6917    4.0728   -6.0962    0.0827    0.3288
eta,q 0.91857 15.55983
  0.0941  0.0983  0.0898  0.0865  0.0869  0.0888
  0.0908  0.0931  0.0852  0.0832  0.0837  0.0850
  0.0875  0.0891  0.0834  0.0815  0.0822  0.0823
  0.0862  0.0864  0.0835  0.0832  0.0816  0.0815
  0.0885  0.0838  0.0875  0.0878  0.0817  0.0819
  0.0920  0.0839  0.0931  0.0935  0.0837  0.0835
  0.0982  0.0881  0.0960  0.0970  0.0867  0.0872
niter,ni,del,rscale     4    3   12.0000    1.2000
parameters
    2.1040   22.9186    3.4351   -7.2502    0.1586    0.5186
eta,q 0.91844 15.61835
  0.0911  0.0933  0.0896  0.0860  0.0868  0.0877
  0.0875  0.0865  0.0850  0.0858  0.0840  0.0844
  0.0845  0.0827  0.0822  0.0828  0.0826  0.0823
  0.0814  0.0814  0.0814  0.0813  0.0817  0.0816
  0.0820  0.0822  0.0839  0.0827  0.0820  0.0817
  0.0863  0.0866  0.0890  0.0871  0.0838  0.0834
  0.0926  0.0909  0.0926  0.0936  0.0867  0.0874
niter,ni,del,rscale     3    3   12.0000    1.2000
parameters
    2.0923   23.0537    2.9517   -8.3330    0.0834    0.6520
eta,q 0.91765 15.68514
  0.0916  0.0922  0.0891  0.0842  0.0872  0.0875
  0.0876  0.0851  0.0849  0.0854  0.0848  0.0849
  0.0844  0.0815  0.0826  0.0839  0.0832  0.0832
  0.0816  0.0816  0.0816  0.0816  0.0824  0.0824
  0.0823  0.0832  0.0838  0.0819  0.0831  0.0823
  0.0868  0.0866  0.0876  0.0847  0.0848  0.0839
  0.0930  0.0894  0.0909  0.0907  0.0876  0.0877
niter,ni,del,rscale     2    3   12.0000    1.2000
parameters
    2.1266   23.2853    2.4958  -10.1375    0.1365    0.6218
eta,q 0.91605 15.74660
  0.0929  0.0912  0.0887  0.0824  0.0886  0.0866
  0.0884  0.0845  0.0846  0.0842  0.0868  0.0850
  0.0849  0.0817  0.0831  0.0843  0.0848  0.0843
  0.0823  0.0823  0.0825  0.0824  0.0839  0.0839
  0.0834  0.0840  0.0844  0.0819  0.0845  0.0837
  0.0878  0.0860  0.0870  0.0834  0.0863  0.0845
  0.0934  0.0877  0.0898  0.0878  0.0888  0.0873
niter,ni,del,rscale     1    3   12.0000    1.2000
parameter  4 -1.790276 ->  0.500000 qaram    1.3225
parameters
    2.1505   24.5846    1.8807  -14.1050    1.3548    0.3841
eta,q 0.92016 15.58136
  0.0942  0.0895  0.0880  0.0794  0.0856  0.0828
  0.0895  0.0842  0.0837  0.0802  0.0846  0.0815
  0.0861  0.0831  0.0831  0.0821  0.0830  0.0808
  0.0839  0.0839  0.0841  0.0836  0.0806  0.0797
  0.0853  0.0839  0.0852  0.0840  0.0797  0.0793
  0.0895  0.0840  0.0859  0.0841  0.0811  0.0810
  0.0943  0.0845  0.0886  0.0856  0.0840  0.0846
niter,ni,del,rscale     1    3   12.0000    1.2000
parameters
    1.9578   26.1732    1.2800  -14.8398    1.5177    0.4057
eta,q 0.92273 15.61503
  0.0921  0.0873  0.0850  0.0861  0.0826  0.0817
  0.0861  0.0840  0.0792  0.0807  0.0812  0.0797
  0.0817  0.0825  0.0771  0.0777  0.0789  0.0783
  0.0798  0.0798  0.0782  0.0775  0.0773  0.0773
  0.0821  0.0781  0.0811  0.0811  0.0776  0.0769
  0.0872  0.0793  0.0828  0.0848  0.0794  0.0786
  0.0938  0.0830  0.0857  0.0871  0.0832  0.0828
registration optimization eta report
parameter search radius
    6.0000    6.0000    6.0000    7.9350    6.0000    6.0000
100000*second partial in parameter space
       35.       15.       20.       14.       15.       14.
  0.0921  0.0873  0.0850  0.0861  0.0826  0.0817
  0.0861  0.0840  0.0792  0.0807  0.0812  0.0797
  0.0817  0.0825  0.0771  0.0777  0.0789  0.0783
  0.0798  0.0798  0.0782  0.0775  0.0773  0.0773
  0.0821  0.0781  0.0811  0.0811  0.0776  0.0769
  0.0872  0.0793  0.0828  0.0848  0.0794  0.0786
  0.0938  0.0830  0.0857  0.0871  0.0832  0.0828
    1.9578   26.1732    1.2800  -14.8398    1.5177    0.4057
eta,q 0.92273 15.61503

---------------------------------------------------------------------
imgreg_4dfp /opt/freesurfer/average/711-2C_as_mni_average_305 /opt/freesurfer/average/711-2B_as_mni_average_305_mask talsrcimg_g11 none talsrcimg_to_711-2C_as_mni_average_305_t4 3335
---------------------------------------------------------------------

freesurfer imgreg_4dfp.c
/opt/freesurfer/average/711-2C_as_mni_average_305.4dfp.img
       256       256       256         1
  1.000000  1.000000  1.000000
orientation T byte_order littleendian
Reading image: /opt/freesurfer/average/711-2C_as_mni_average_305.4dfp.img
dimensions:      256       256       256
mmppix:       1.0000   -1.0000   -1.0000
center:     128.0000 -129.0000 -129.0000
/opt/freesurfer/average/711-2B_as_mni_average_305_mask.4dfp.img
       256       256       256         1
  1.000000  1.000000  1.000000
orientation T byte_order littleendian
Reading mask: /opt/freesurfer/average/711-2B_as_mni_average_305_mask.4dfp.img (2306576 pixels)
talsrcimg_g11.4dfp.img
       256       256       256         1
  1.000000  1.000000  1.000000
orientation T byte_order littleendian
Reading image: talsrcimg_g11.4dfp.img
dimensions:      256       256       256
mmppix:       1.0000   -1.0000   -1.0000
center:     128.0000 -129.0000 -129.0000
fimgreg.f
image alignment mode   3335 decimal      D07 hex
parameters
    1.9578   26.1732    1.2800   -0.0376   -3.3331   -3.3694
   -0.0061   -2.7415    0.7078   25.5930    2.6486  -25.6028
eta,q 0.92454 15.60105
niter,ni,del,rscale     5    3    5.0000    1.2000
parameter  4  2.637035 ->  0.500000 qaram    1.1500
parameter  5  4.842271 ->  0.500000 qaram    1.1500
parameter  6  1.710766 ->  0.500000 qaram    1.1500
parameter 10  1.526712 ->  0.500000 qaram    1.1500
parameter 11  0.500108 ->  0.500000 qaram    1.1500
parameter 12 -1.300858 -> -0.500000 qaram    1.1500
parameters
    1.6457   26.2624    1.9038   -4.1776   -7.4731   -7.5094
   -0.1709   -0.8553   -0.1247   21.4530   -1.4914  -21.4628
eta,q 0.94921 14.82804
  0.0774  0.0768  0.0777  0.0650  0.0592  0.0536  0.0592  0.0629  0.0570  0.0523  0.0533  0.0586
  0.0761  0.0759  0.0766  0.0677  0.0621  0.0556  0.0576  0.0598  0.0564  0.0530  0.0529  0.0563
  0.0755  0.0755  0.0758  0.0712  0.0653  0.0587  0.0566  0.0575  0.0561  0.0542  0.0529  0.0545
  0.0755  0.0754  0.0754  0.0753  0.0686  0.0629  0.0563  0.0563  0.0561  0.0560  0.0532  0.0528
  0.0760  0.0755  0.0753  0.0798  0.0719  0.0681  0.0567  0.0561  0.0563  0.0583  0.0539  0.0515
  0.0770  0.0759  0.0755  0.0847  0.0756  0.0740  0.0578  0.0568  0.0568  0.0607  0.0550  0.0506
  0.0787  0.0765  0.0761  0.0903  0.0800  0.0802  0.0595  0.0584  0.0575  0.0635  0.0562  0.0503
niter,ni,del,rscale     7    3    5.0000    1.2000
parameter  2 -0.531118 -> -0.500000 qaram    1.1500
parameter  4  1.330216 ->  0.500000 qaram    1.3225
parameter  5  1.449492 ->  0.500000 qaram    1.3225
parameter  6  0.613230 ->  0.500000 qaram    1.3225
parameter 10  0.538084 ->  0.500000 qaram    1.3225
parameters
    1.9799   27.6424    2.2758   -8.9386  -12.2341  -12.2704
    1.9149    0.4918    0.1883   16.6920   -0.9740  -17.5105
eta,q 0.96336 14.25481
  0.0552  0.0554  0.0535  0.0433  0.0391  0.0392  0.0437  0.0454  0.0406  0.0382  0.0394  0.0415
  0.0531  0.0535  0.0518  0.0446  0.0404  0.0391  0.0416  0.0425  0.0395  0.0373  0.0383  0.0396
  0.0516  0.0519  0.0506  0.0467  0.0422  0.0392  0.0401  0.0401  0.0387  0.0373  0.0376  0.0381
  0.0508  0.0507  0.0500  0.0499  0.0451  0.0408  0.0390  0.0387  0.0384  0.0384  0.0372  0.0372
  0.0508  0.0501  0.0500  0.0543  0.0486  0.0444  0.0387  0.0384  0.0385  0.0402  0.0373  0.0367
  0.0516  0.0501  0.0507  0.0594  0.0527  0.0496  0.0391  0.0396  0.0392  0.0428  0.0379  0.0367
  0.0534  0.0506  0.0519  0.0650  0.0574  0.0562  0.0404  0.0420  0.0404  0.0461  0.0389  0.0373
niter,ni,del,rscale     7    3    5.0000    1.2000
parameter  4  0.701973 ->  0.500000 qaram    1.5209
parameter  5  0.610730 ->  0.500000 qaram    1.5209
parameters
    1.8799   26.9729    1.9707  -14.4137  -17.7092  -15.6078
    1.5519    0.2645   -0.4192   15.1581   -2.3775  -18.2887
eta,q 0.96817 13.17028
  0.0405  0.0388  0.0378  0.0343  0.0337  0.0341  0.0354  0.0370  0.0344  0.0362  0.0329  0.0337
  0.0383  0.0372  0.0369  0.0345  0.0332  0.0326  0.0336  0.0343  0.0332  0.0333  0.0323  0.0326
  0.0370  0.0365  0.0365  0.0352  0.0334  0.0323  0.0325  0.0327  0.0324  0.0319  0.0319  0.0320
  0.0366  0.0366  0.0364  0.0364  0.0346  0.0332  0.0323  0.0323  0.0323  0.0323  0.0319  0.0319
  0.0373  0.0378  0.0368  0.0389  0.0367  0.0342  0.0329  0.0330  0.0328  0.0339  0.0323  0.0323
  0.0388  0.0398  0.0376  0.0428  0.0399  0.0367  0.0342  0.0348  0.0338  0.0361  0.0330  0.0332
  0.0412  0.0426  0.0388  0.0479  0.0438  0.0417  0.0359  0.0375  0.0351  0.0389  0.0339  0.0345
niter,ni,del,rscale     7    3    5.0000    1.2000
parameters
    1.7902   27.2560    2.1752  -17.2793  -19.1753  -15.8900
    1.5500    0.1685   -0.2985   15.1128   -2.5015  -18.2465
eta,q 0.96886 12.82133
  0.0356  0.0368  0.0341  0.0341  0.0349  0.0358  0.0346  0.0365  0.0338  0.0372  0.0327  0.0333
  0.0334  0.0343  0.0329  0.0321  0.0327  0.0333  0.0327  0.0337  0.0324  0.0337  0.0319  0.0321
  0.0321  0.0326  0.0321  0.0312  0.0315  0.0316  0.0315  0.0318  0.0315  0.0316  0.0314  0.0314
  0.0318  0.0318  0.0318  0.0318  0.0312  0.0312  0.0311  0.0311  0.0311  0.0311  0.0311  0.0311
  0.0324  0.0321  0.0319  0.0333  0.0323  0.0323  0.0316  0.0319  0.0315  0.0323  0.0313  0.0314
  0.0339  0.0332  0.0324  0.0354  0.0344  0.0338  0.0328  0.0339  0.0323  0.0343  0.0319  0.0321
  0.0361  0.0351  0.0334  0.0392  0.0376  0.0361  0.0345  0.0367  0.0336  0.0368  0.0328  0.0332
niter,ni,del,rscale     6    3    5.0000    1.2000
parameters
    1.7428   27.4024    2.0641  -17.3207  -19.2806  -16.0299
    1.5411    0.1336   -0.2234   15.2140   -2.6380  -18.3657
eta,q 0.96887 12.80696
  0.0351  0.0355  0.0328  0.0361  0.0358  0.0359  0.0345  0.0365  0.0337  0.0373  0.0327  0.0332
  0.0329  0.0332  0.0318  0.0334  0.0334  0.0334  0.0327  0.0338  0.0324  0.0338  0.0318  0.0320
  0.0315  0.0317  0.0313  0.0316  0.0318  0.0316  0.0315  0.0318  0.0314  0.0317  0.0314  0.0313
  0.0311  0.0311  0.0311  0.0311  0.0311  0.0311  0.0311  0.0311  0.0311  0.0311  0.0311  0.0311
  0.0317  0.0315  0.0314  0.0320  0.0317  0.0322  0.0316  0.0318  0.0314  0.0322  0.0313  0.0314
  0.0332  0.0327  0.0321  0.0336  0.0334  0.0337  0.0328  0.0338  0.0323  0.0342  0.0319  0.0322
  0.0354  0.0346  0.0332  0.0360  0.0361  0.0359  0.0345  0.0366  0.0336  0.0365  0.0328  0.0332
niter,ni,del,rscale     5    3    5.0000    1.2000
parameters
    1.7352   27.4330    2.0190  -17.3350  -19.3024  -16.0651
    1.5336    0.1248   -0.1730   15.2792   -2.6857  -18.4054
eta,q 0.96886 12.80428
  0.0352  0.0351  0.0329  0.0362  0.0358  0.0360  0.0346  0.0365  0.0337  0.0372  0.0327  0.0332
  0.0330  0.0329  0.0319  0.0334  0.0334  0.0335  0.0327  0.0338  0.0323  0.0338  0.0319  0.0320
  0.0316  0.0316  0.0313  0.0317  0.0318  0.0317  0.0315  0.0319  0.0314  0.0316  0.0314  0.0313
  0.0311  0.0311  0.0311  0.0311  0.0311  0.0311  0.0311  0.0311  0.0311  0.0311  0.0311  0.0311
  0.0316  0.0316  0.0314  0.0320  0.0316  0.0322  0.0316  0.0318  0.0315  0.0322  0.0313  0.0314
  0.0330  0.0329  0.0320  0.0336  0.0333  0.0337  0.0328  0.0338  0.0323  0.0342  0.0319  0.0321
  0.0352  0.0348  0.0331  0.0360  0.0360  0.0358  0.0345  0.0366  0.0336  0.0365  0.0328  0.0332
niter,ni,del,rscale     4    3    5.0000    1.2000
parameters
    1.7333   27.4455    2.0057  -17.3365  -19.3123  -16.0740
    1.5278    0.1250   -0.1559   15.3019   -2.6972  -18.4183
eta,q 0.96886 12.80369
  0.0352  0.0350  0.0330  0.0362  0.0358  0.0361  0.0346  0.0366  0.0337  0.0372  0.0327  0.0333
  0.0330  0.0329  0.0320  0.0335  0.0335  0.0335  0.0327  0.0338  0.0323  0.0337  0.0319  0.0320
  0.0316  0.0315  0.0313  0.0317  0.0318  0.0317  0.0315  0.0319  0.0315  0.0316  0.0314  0.0313
  0.0311  0.0311  0.0311  0.0311  0.0311  0.0311  0.0311  0.0311  0.0311  0.0311  0.0311  0.0311
  0.0316  0.0316  0.0314  0.0320  0.0316  0.0322  0.0316  0.0318  0.0315  0.0323  0.0313  0.0314
  0.0330  0.0329  0.0320  0.0336  0.0333  0.0337  0.0328  0.0338  0.0324  0.0342  0.0319  0.0321
  0.0352  0.0349  0.0330  0.0360  0.0360  0.0358  0.0345  0.0366  0.0336  0.0365  0.0328  0.0332
registration optimization eta report
parameter search radius
    2.4000    2.7600    2.4000   10.9503   10.9503    9.5220
    7.2000    7.2000    7.2000    9.5220    8.2800    8.2800
100000*second partial in parameter space
       71.       50.       32.        4.        4.        5.
        6.       10.        5.        6.        2.        3.
  0.0352  0.0350  0.0330  0.0362  0.0358  0.0361  0.0346  0.0366  0.0337  0.0372  0.0327  0.0333
  0.0330  0.0329  0.0320  0.0335  0.0335  0.0335  0.0327  0.0338  0.0323  0.0337  0.0319  0.0320
  0.0316  0.0315  0.0313  0.0317  0.0318  0.0317  0.0315  0.0319  0.0315  0.0316  0.0314  0.0313
  0.0311  0.0311  0.0311  0.0311  0.0311  0.0311  0.0311  0.0311  0.0311  0.0311  0.0311  0.0311
  0.0316  0.0316  0.0314  0.0320  0.0316  0.0322  0.0316  0.0318  0.0315  0.0323  0.0313  0.0314
  0.0330  0.0329  0.0320  0.0336  0.0333  0.0337  0.0328  0.0338  0.0324  0.0342  0.0319  0.0321
  0.0352  0.0349  0.0330  0.0360  0.0360  0.0358  0.0345  0.0366  0.0336  0.0365  0.0328  0.0332
    1.7333   27.4455    2.0057  -17.3365  -19.3123  -16.0740
    1.5278    0.1250   -0.1559   15.3019   -2.6972  -18.4183
eta,q 0.96886 12.80369

---------------------------------------------------------------------
imgreg_4dfp /opt/freesurfer/average/711-2C_as_mni_average_305 /opt/freesurfer/average/711-2B_as_mni_average_305_mask talsrcimg_g11 none talsrcimg_to_711-2C_as_mni_average_305_t4 2311
---------------------------------------------------------------------

freesurfer imgreg_4dfp.c
/opt/freesurfer/average/711-2C_as_mni_average_305.4dfp.img
       256       256       256         1
  1.000000  1.000000  1.000000
orientation T byte_order littleendian
Reading image: /opt/freesurfer/average/711-2C_as_mni_average_305.4dfp.img
dimensions:      256       256       256
mmppix:       1.0000   -1.0000   -1.0000
center:     128.0000 -129.0000 -129.0000
/opt/freesurfer/average/711-2B_as_mni_average_305_mask.4dfp.img
       256       256       256         1
  1.000000  1.000000  1.000000
orientation T byte_order littleendian
Reading mask: /opt/freesurfer/average/711-2B_as_mni_average_305_mask.4dfp.img (2306576 pixels)
talsrcimg_g11.4dfp.img
       256       256       256         1
  1.000000  1.000000  1.000000
orientation T byte_order littleendian
Reading image: talsrcimg_g11.4dfp.img
dimensions:      256       256       256
mmppix:       1.0000   -1.0000   -1.0000
center:     128.0000 -129.0000 -129.0000
fimgreg.f
image alignment mode   2311 decimal      907 hex
parameters
    1.7333   27.4455    2.0057  -17.3365  -19.3123  -16.0740
    1.5278    0.1250   -0.1559   15.3019   -2.6972  -18.4183
eta,q 0.96885 12.80369
niter,ni,del,rscale     5    3    5.0000    0.8000
parameters
    1.7259   27.4062    1.9969  -17.7007  -19.0087  -16.5317
    1.4385    0.1458   -0.1963   14.6887   -2.5176  -18.3391
eta,q 0.96896 12.75243
  0.0330  0.0324  0.0320  0.0321  0.0322  0.0325  0.0327  0.0338  0.0323  0.0324  0.0317  0.0318
  0.0320  0.0317  0.0315  0.0315  0.0317  0.0317  0.0318  0.0324  0.0316  0.0316  0.0314  0.0314
  0.0313  0.0313  0.0312  0.0312  0.0313  0.0312  0.0312  0.0314  0.0312  0.0311  0.0311  0.0311
  0.0311  0.0311  0.0311  0.0311  0.0311  0.0311  0.0311  0.0311  0.0311  0.0311  0.0310  0.0310
  0.0314  0.0313  0.0312  0.0314  0.0312  0.0315  0.0313  0.0314  0.0313  0.0315  0.0311  0.0311
  0.0320  0.0318  0.0315  0.0318  0.0315  0.0322  0.0319  0.0323  0.0317  0.0322  0.0313  0.0314
  0.0330  0.0325  0.0320  0.0324  0.0320  0.0330  0.0328  0.0337  0.0323  0.0332  0.0316  0.0317
niter,ni,del,rscale     4    3    5.0000    0.7000
parameters
    1.7336   27.3455    1.9101  -17.7327  -18.9479  -16.6811
    1.3981    0.1512   -0.3318   14.5876   -2.4256  -18.3634
eta,q 0.96897 12.74187
  0.0325  0.0320  0.0316  0.0319  0.0318  0.0323  0.0323  0.0331  0.0319  0.0324  0.0315  0.0316
  0.0317  0.0314  0.0313  0.0314  0.0314  0.0316  0.0316  0.0320  0.0314  0.0316  0.0313  0.0313
  0.0312  0.0311  0.0311  0.0311  0.0311  0.0312  0.0312  0.0313  0.0311  0.0311  0.0311  0.0311
  0.0310  0.0310  0.0310  0.0310  0.0310  0.0310  0.0310  0.0310  0.0310  0.0310  0.0310  0.0310
  0.0312  0.0312  0.0311  0.0312  0.0311  0.0312  0.0312  0.0313  0.0312  0.0312  0.0311  0.0311
  0.0317  0.0316  0.0314  0.0315  0.0314  0.0318  0.0316  0.0320  0.0315  0.0318  0.0312  0.0313
  0.0325  0.0322  0.0318  0.0319  0.0318  0.0325  0.0323  0.0331  0.0320  0.0325  0.0315  0.0316
niter,ni,del,rscale     3    3    5.0000    0.6000
parameters
    1.7393   27.3324    1.8823  -17.7563  -18.8868  -16.7132
    1.3931    0.1567   -0.3702   14.5391   -2.3483  -18.3654
eta,q 0.96898 12.74101
  0.0321  0.0318  0.0315  0.0317  0.0316  0.0321  0.0320  0.0326  0.0317  0.0321  0.0314  0.0314
  0.0315  0.0314  0.0312  0.0313  0.0313  0.0315  0.0314  0.0318  0.0313  0.0315  0.0312  0.0312
  0.0311  0.0311  0.0311  0.0311  0.0311  0.0312  0.0311  0.0312  0.0311  0.0311  0.0311  0.0311
  0.0310  0.0310  0.0310  0.0310  0.0310  0.0310  0.0310  0.0310  0.0310  0.0310  0.0310  0.0310
  0.0312  0.0311  0.0311  0.0311  0.0311  0.0311  0.0311  0.0312  0.0311  0.0312  0.0310  0.0311
  0.0315  0.0314  0.0313  0.0313  0.0313  0.0315  0.0315  0.0318  0.0314  0.0315  0.0312  0.0312
  0.0321  0.0318  0.0315  0.0317  0.0316  0.0321  0.0320  0.0326  0.0317  0.0321  0.0314  0.0314
niter,ni,del,rscale     2    3    5.0000    0.5000
parameters
    1.7415   27.3238    1.8790  -17.7675  -18.8528  -16.7014
    1.3816    0.1506   -0.3982   14.5210   -2.2789  -18.3492
eta,q 0.96897 12.74269
  0.0318  0.0316  0.0314  0.0315  0.0314  0.0318  0.0317  0.0321  0.0315  0.0318  0.0313  0.0313
  0.0314  0.0313  0.0312  0.0312  0.0312  0.0314  0.0313  0.0315  0.0312  0.0314  0.0311  0.0312
  0.0311  0.0311  0.0311  0.0311  0.0311  0.0311  0.0311  0.0312  0.0311  0.0311  0.0311  0.0311
  0.0310  0.0310  0.0310  0.0310  0.0310  0.0310  0.0310  0.0310  0.0310  0.0310  0.0310  0.0310
  0.0311  0.0311  0.0311  0.0311  0.0311  0.0311  0.0311  0.0312  0.0311  0.0311  0.0310  0.0310
  0.0314  0.0313  0.0312  0.0312  0.0312  0.0314  0.0313  0.0315  0.0313  0.0314  0.0311  0.0311
  0.0318  0.0316  0.0314  0.0315  0.0314  0.0318  0.0317  0.0322  0.0315  0.0318  0.0313  0.0313
niter,ni,del,rscale     1    3    5.0000    0.4000
parameters
    1.7400   27.3196    1.8808  -17.7827  -18.8199  -16.6701
    1.3747    0.1485   -0.4082   14.4954   -2.2129  -18.3590
eta,q 0.96898 12.74540
  0.0315  0.0314  0.0312  0.0313  0.0313  0.0315  0.0314  0.0318  0.0313  0.0315  0.0312  0.0312
  0.0312  0.0312  0.0311  0.0312  0.0312  0.0313  0.0312  0.0314  0.0312  0.0312  0.0311  0.0311
  0.0311  0.0311  0.0310  0.0311  0.0311  0.0311  0.0311  0.0311  0.0311  0.0311  0.0310  0.0310
  0.0310  0.0310  0.0310  0.0310  0.0310  0.0310  0.0310  0.0310  0.0310  0.0310  0.0310  0.0310
  0.0311  0.0311  0.0310  0.0311  0.0310  0.0311  0.0311  0.0311  0.0311  0.0311  0.0310  0.0310
  0.0312  0.0312  0.0311  0.0312  0.0311  0.0312  0.0312  0.0314  0.0312  0.0313  0.0311  0.0311
  0.0315  0.0314  0.0312  0.0313  0.0313  0.0315  0.0314  0.0318  0.0314  0.0315  0.0312  0.0312
registration optimization eta report
parameter search radius
    0.8000    0.8000    0.8000    2.4000    2.4000    2.4000
    2.4000    2.4000    2.4000    2.4000    2.4000    2.4000
100000*second partial in parameter space
       75.       54.       33.        5.        5.        9.
        7.       13.        6.        9.        3.        3.
  0.0315  0.0314  0.0312  0.0313  0.0313  0.0315  0.0314  0.0318  0.0313  0.0315  0.0312  0.0312
  0.0312  0.0312  0.0311  0.0312  0.0312  0.0313  0.0312  0.0314  0.0312  0.0312  0.0311  0.0311
  0.0311  0.0311  0.0310  0.0311  0.0311  0.0311  0.0311  0.0311  0.0311  0.0311  0.0310  0.0310
  0.0310  0.0310  0.0310  0.0310  0.0310  0.0310  0.0310  0.0310  0.0310  0.0310  0.0310  0.0310
  0.0311  0.0311  0.0310  0.0311  0.0310  0.0311  0.0311  0.0311  0.0311  0.0311  0.0310  0.0310
  0.0312  0.0312  0.0311  0.0312  0.0311  0.0312  0.0312  0.0314  0.0312  0.0313  0.0311  0.0311
  0.0315  0.0314  0.0312  0.0313  0.0313  0.0315  0.0314  0.0318  0.0314  0.0315  0.0312  0.0312
    1.7400   27.3196    1.8808  -17.7827  -18.8199  -16.6701
    1.3747    0.1485   -0.4082   14.4954   -2.2129  -18.3590
eta,q 0.96898 12.74540

---------------------------------------------------------------------
imgreg_4dfp /opt/freesurfer/average/711-2C_as_mni_average_305 /opt/freesurfer/average/711-2B_as_mni_average_305_mask talsrcimg_g11 none talsrcimg_to_711-2C_as_mni_average_305_t4 2311
---------------------------------------------------------------------

freesurfer imgreg_4dfp.c
/opt/freesurfer/average/711-2C_as_mni_average_305.4dfp.img
       256       256       256         1
  1.000000  1.000000  1.000000
orientation T byte_order littleendian
Reading image: /opt/freesurfer/average/711-2C_as_mni_average_305.4dfp.img
dimensions:      256       256       256
mmppix:       1.0000   -1.0000   -1.0000
center:     128.0000 -129.0000 -129.0000
/opt/freesurfer/average/711-2B_as_mni_average_305_mask.4dfp.img
       256       256       256         1
  1.000000  1.000000  1.000000
orientation T byte_order littleendian
Reading mask: /opt/freesurfer/average/711-2B_as_mni_average_305_mask.4dfp.img (2306576 pixels)
talsrcimg_g11.4dfp.img
       256       256       256         1
  1.000000  1.000000  1.000000
orientation T byte_order littleendian
Reading image: talsrcimg_g11.4dfp.img
dimensions:      256       256       256
mmppix:       1.0000   -1.0000   -1.0000
center:     128.0000 -129.0000 -129.0000
fimgreg.f
image alignment mode   2311 decimal      907 hex
parameters
    1.7400   27.3196    1.8808  -17.7827  -18.8199  -16.6700
    1.3747    0.1485   -0.4082   14.4954   -2.2129  -18.3590
eta,q 0.96898 12.74541
niter,ni,del,rscale     5    3    5.0000    0.8000
parameters
    1.7496   27.3238    1.8851  -17.7209  -18.9422  -16.6985
    1.4135    0.1406   -0.4064   14.5723   -2.4071  -18.3685
eta,q 0.96897 12.74154
  0.0329  0.0324  0.0319  0.0322  0.0320  0.0327  0.0327  0.0337  0.0322  0.0329  0.0316  0.0317
  0.0319  0.0316  0.0314  0.0316  0.0315  0.0319  0.0318  0.0323  0.0316  0.0319  0.0313  0.0313
  0.0312  0.0312  0.0311  0.0312  0.0311  0.0313  0.0312  0.0314  0.0312  0.0312  0.0311  0.0311
  0.0310  0.0310  0.0310  0.0310  0.0310  0.0310  0.0310  0.0310  0.0310  0.0310  0.0310  0.0310
  0.0312  0.0312  0.0311  0.0312  0.0311  0.0312  0.0312  0.0313  0.0312  0.0313  0.0311  0.0311
  0.0319  0.0316  0.0314  0.0316  0.0315  0.0319  0.0318  0.0323  0.0316  0.0319  0.0313  0.0314
  0.0329  0.0324  0.0319  0.0321  0.0321  0.0328  0.0326  0.0337  0.0322  0.0327  0.0317  0.0318
niter,ni,del,rscale     4    3    5.0000    0.7000
parameters
    1.7380   27.3344    1.8830  -17.7405  -18.9155  -16.7117
    1.4063    0.1491   -0.3696   14.5835   -2.3958  -18.3638
eta,q 0.96897 12.74131
  0.0325  0.0321  0.0317  0.0319  0.0318  0.0324  0.0323  0.0331  0.0320  0.0325  0.0315  0.0316
  0.0317  0.0315  0.0313  0.0314  0.0314  0.0317  0.0316  0.0320  0.0315  0.0317  0.0312  0.0313
  0.0312  0.0311  0.0311  0.0311  0.0311  0.0312  0.0312  0.0313  0.0311  0.0312  0.0311  0.0311
  0.0310  0.0310  0.0310  0.0310  0.0310  0.0310  0.0310  0.0310  0.0310  0.0310  0.0310  0.0310
  0.0312  0.0311  0.0311  0.0311  0.0311  0.0312  0.0312  0.0313  0.0311  0.0312  0.0311  0.0311
  0.0317  0.0315  0.0313  0.0315  0.0314  0.0317  0.0316  0.0320  0.0315  0.0317  0.0312  0.0313
  0.0325  0.0321  0.0317  0.0319  0.0318  0.0324  0.0323  0.0331  0.0319  0.0324  0.0315  0.0316
registration optimization eta report
parameter search radius
    1.4000    1.4000    1.4000    4.2000    4.2000    4.2000
    4.2000    4.2000    4.2000    4.2000    4.2000    4.2000
100000*second partial in parameter space
       74.       53.       33.        5.        4.        8.
        7.       12.        5.        8.        3.        3.
  0.0325  0.0321  0.0317  0.0319  0.0318  0.0324  0.0323  0.0331  0.0320  0.0325  0.0315  0.0316
  0.0317  0.0315  0.0313  0.0314  0.0314  0.0317  0.0316  0.0320  0.0315  0.0317  0.0312  0.0313
  0.0312  0.0311  0.0311  0.0311  0.0311  0.0312  0.0312  0.0313  0.0311  0.0312  0.0311  0.0311
  0.0310  0.0310  0.0310  0.0310  0.0310  0.0310  0.0310  0.0310  0.0310  0.0310  0.0310  0.0310
  0.0312  0.0311  0.0311  0.0311  0.0311  0.0312  0.0312  0.0313  0.0311  0.0312  0.0311  0.0311
  0.0317  0.0315  0.0313  0.0315  0.0314  0.0317  0.0316  0.0320  0.0315  0.0317  0.0312  0.0313
  0.0325  0.0321  0.0317  0.0319  0.0318  0.0324  0.0323  0.0331  0.0319  0.0324  0.0315  0.0316
    1.7380   27.3344    1.8830  -17.7405  -18.9155  -16.7117
    1.4063    0.1491   -0.3696   14.5835   -2.3958  -18.3638
eta,q 0.96897 12.74131

---------------------------------------------------------------------
compute_vox2vox talsrcimg talsrcimg_to_711-2C_as_mni_average_305_t4 /opt/freesurfer/average/711-2C_as_mni_average_305
---------------------------------------------------------------------

freesurfer compute_vox2vox.c
Reading: talsrcimg.4dfp.ifh
Reading: talsrcimg_to_711-2C_as_mni_average_305_t4
Reading: /opt/freesurfer/average/711-2C_as_mni_average_305.4dfp.ifh
Writing: talsrcimg_to_711-2C_as_mni_average_305_t4_vox2vox.txt

start time Tue Mar 10 04:01:21 CET 2026
end		time Tue Mar 10 04:02:47 CET 2026

mpr2mni305 success

avi2talxfm orig_nu.mgz /opt/freesurfer/average/mni305.cor.mgz talsrcimg_to_711-2C_as_mni_average_305_t4_vox2vox.txt transforms/talairach.auto.xfm
avi2talxfm done
mv -f /out/sourcedata/freesurfer/sub-v1s5x0050735_ses-1/mri/talsrcimg_to_711-2C_as_mni_average_305_t4_vox2vox.txt /out/sourcedata/freesurfer/sub-v1s5x0050735_ses-1/mri/transforms/talsrcimg_to_711-2C_as_mni_average_305_t4_vox2vox.txt
lta_convert --src orig_nu.mgz --trg /opt/freesurfer/average/mni305.cor.mgz --inxfm transforms/talairach.auto.xfm --outlta transforms/talairach.auto.xfm.lta --subject fsaverage
7.3.2

--src: orig_nu.mgz src image (geometry).
--trg: /opt/freesurfer/average/mni305.cor.mgz trg image (geometry).
--inmni: transforms/talairach.auto.xfm input MNI/XFM transform.
--outlta: transforms/talairach.auto.xfm.lta output LTA.
--s: fsaverage subject name
 LTA read, type : 1
 1.21561   0.00146  -0.02075  -2.40059;
 0.03481   1.15489   0.26095  -9.37545;
-0.00072  -0.20771   1.18625  -10.94975;
 0.00000   0.00000   0.00000   1.00000;
setting subject to fsaverage
Writing  LTA to file transforms/talairach.auto.xfm.lta...
lta_convert successful.
 
 
Started at Tue Mar 10 04:01:20 CET 2026
Ended   at Tue Mar 10 04:02:47 CET 2026
talairach_avi done
