status file for recon-all
Tue Mar 10 06:22:37 CET 2026
#@# Tessellate rh Tue Mar 10 06:22:37 CET 2026
#@# Smooth1 rh Tue Mar 10 06:22:39 CET 2026
#@# Inflation1 rh Tue Mar 10 06:22:41 CET 2026
#@# QSphere rh Tue Mar 10 06:22:47 CET 2026
#@# Fix Topology rh Tue Mar 10 06:23:30 CET 2026
#@# Smooth2 rh Tue Mar 10 06:28:50 CET 2026
#@# Inflation2 rh Tue Mar 10 06:28:52 CET 2026
#@# Curv .H and .K rh Tue Mar 10 06:28:59 CET 2026
#@# Sphere rh Tue Mar 10 06:29:33 CET 2026
#@# Surf Reg rh Tue Mar 10 06:32:35 CET 2026
#@# Jacobian white rh Tue Mar 10 06:36:12 CET 2026
#@# AvgCurv rh Tue Mar 10 06:36:13 CET 2026
#@# Cortical Parc rh Tue Mar 10 06:36:13 CET 2026
#@# white curv rh Tue Mar 10 06:44:14 CET 2026
#@# white area rh Tue Mar 10 06:44:15 CET 2026
#@# pial curv rh Tue Mar 10 06:44:16 CET 2026
#@# pial area rh Tue Mar 10 06:44:17 CET 2026
#@# thickness rh Tue Mar 10 06:44:18 CET 2026
#@# area and vertex vol rh Tue Mar 10 06:44:35 CET 2026
#@# Curvature Stats rh Tue Mar 10 06:44:36 CET 2026
#@# Cortical Parc 2 rh Tue Mar 10 06:44:38 CET 2026
#@# Cortical Parc 3 rh Tue Mar 10 06:44:47 CET 2026
#@# WM/GM Contrast rh Tue Mar 10 06:44:54 CET 2026
recon-all -s sub-v1s5x0050746_ses-1 finished without error at Tue Mar 10 06:44:56 CET 2026



#New# invocation of recon-all 



status file for recon-all
Tue Mar 10 06:50:29 CET 2026
#@# white curv rh Tue Mar 10 06:50:29 CET 2026
#@# white area rh Tue Mar 10 06:50:29 CET 2026
#@# pial curv rh Tue Mar 10 06:50:29 CET 2026
#@# pial area rh Tue Mar 10 06:50:29 CET 2026
#@# thickness rh Tue Mar 10 06:50:29 CET 2026
#@# area and vertex vol rh Tue Mar 10 06:50:29 CET 2026
#@# Parcellation Stats rh Tue Mar 10 06:50:29 CET 2026
#@# Parcellation Stats 2 rh Tue Mar 10 06:50:42 CET 2026
#@# Parcellation Stats 3 rh Tue Mar 10 06:50:48 CET 2026
#@# BA_exvivo Labels rh Tue Mar 10 06:50:54 CET 2026
recon-all -s sub-v1s5x0050746_ses-1 finished without error at Tue Mar 10 06:52:38 CET 2026
