/out/sourcedata/freesurfer/sub-v1s5x0050722_ses-1/mri
/opt/freesurfer/bin/talairach_avi
--i orig_nu.mgz --xfm transforms/talairach.auto.xfm
talairach_avi 7.3.2
Linux dna087 5.14.0-427.37.1.el9_4.x86_64 #1 SMP PREEMPT_DYNAMIC Fri Sep 13 12:41:50 EDT 2024 x86_64 x86_64 x86_64 GNU/Linux
Tue Mar 10 03:29:59 CET 2026
mri_convert orig_nu.mgz talsrcimg.img 
reading from orig_nu.mgz...
TR=0.00, TE=0.00, TI=0.00, flip angle=0.00
i_ras = (-1, 3.20142e-09, -7.45058e-09)
j_ras = (0, -9.31323e-10, -1)
k_ras = (-3.0268e-09, 1, 0)
writing to talsrcimg.img...
Analyze Output Matrix
-1.00000   0.00000  -0.00000   125.67693;
 0.00000  -0.00000   1.00000  -121.18532;
-0.00000  -1.00000   0.00000   124.34342;
 0.00000   0.00000   0.00000   1.00000;
--------------------
INFO: set hdr.hist.orient to -1
mpr2mni305 talsrcimg
Tue Mar 10 03:30:00 CET 2026
/opt/freesurfer/bin/mpr2mni305 talsrcimg
mpr2mni305 7.3.2
target=711-2C_as_mni_average_305

---------------------------------------------------------------------
analyzeto4dfp talsrcimg -O0 -y
---------------------------------------------------------------------

freesurfer ifh2hdr.c
Tue Mar 10 03:30:00 2026
Writing: talsrcimg.4dfp.hdr
freesurfer analyzeto4dfp.c
Reading: talsrcimg.hdr
header size 348 bytes
hdr.dime.datatype	offset=70	value=2
hdr.dime.bitpix		offset=72	value=8
hdr.hist.orient		offset=252	value=-1
dimensionality     4
dimensions       256       256       256         1
Reading: talsrcimg.img
Writing: talsrcimg.4dfp.img
Writing: talsrcimg.4dfp.ifh
ifh2hdr talsrcimg -r0to237
ori=2

---------------------------------------------------------------------
gauss_4dfp talsrcimg 1.1
---------------------------------------------------------------------

freesurfer gauss_4dfp.c
Reading: talsrcimg.4dfp.img
Writing: talsrcimg_g11.4dfp.img
image dimensions 256 256 256 padded to 288 288 288
processing volume 1freesurfer ifh2hdr.c
Tue Mar 10 03:30:01 2026
Writing: talsrcimg_g11.4dfp.hdr

Writing: talsrcimg_g11.4dfp.ifh
including: talsrcimg.4dfp.img.rec in talsrcimg_g11.4dfp.img.rec

---------------------------------------------------------------------
imgreg_4dfp /opt/freesurfer/average/711-2C_as_mni_average_305 none talsrcimg_g11 none talsrcimg_to_711-2C_as_mni_average_305_t4 4355
---------------------------------------------------------------------

freesurfer imgreg_4dfp.c
/opt/freesurfer/average/711-2C_as_mni_average_305.4dfp.img
       256       256       256         1
  1.000000  1.000000  1.000000
orientation T byte_order littleendian
Reading image: /opt/freesurfer/average/711-2C_as_mni_average_305.4dfp.img
dimensions:      256       256       256
mmppix:       1.0000   -1.0000   -1.0000
center:     128.0000 -129.0000 -129.0000
talsrcimg_g11.4dfp.img
       256       256       256         1
  1.000000  1.000000  1.000000
orientation T byte_order littleendian
Reading image: talsrcimg_g11.4dfp.img
dimensions:      256       256       256
mmppix:       1.0000   -1.0000   -1.0000
center:     128.0000 -129.0000 -129.0000
t4_read: open error in t4_sub.f l:  41 t4_file(1:l)talsrcimg_to_711-2C_as_mni_average_305_t4 
t4_read: transform initialized to I4
rotation matrix determinant  1.000000
image alignment mode   4355 decimal     1103 hex
   -7.5000  -45.0000  -45.0000 8055.3413   18.5385
    0.0000  -45.0000  -45.0000 8371.3936   18.4958
    7.5000  -45.0000  -45.0000 8036.6772   18.5089
   -7.5000  -37.5000  -45.0000 8487.2051   18.2104
    0.0000  -37.5000  -45.0000 8814.5879   18.1727
    7.5000  -37.5000  -45.0000 8463.6709   18.1930
   -7.5000  -30.0000  -45.0000 9298.8379   17.9877
    0.0000  -30.0000  -45.0000 9633.2002   17.9555
    7.5000  -30.0000  -45.0000 9215.3311   17.9758
   -7.5000  -22.5000  -45.000010098.0479   17.8833
    0.0000  -22.5000  -45.000010439.8564   17.8512
    7.5000  -22.5000  -45.0000 9943.7012   17.8601
   -7.5000  -15.0000  -45.000010899.6230   17.8741
    0.0000  -15.0000  -45.000011262.2754   17.8388
    7.5000  -15.0000  -45.000010712.7949   17.8384
   -7.5000   -7.5000  -45.000011452.9570   17.8848
    0.0000   -7.5000  -45.000011855.2744   17.8453
    7.5000   -7.5000  -45.000011273.0039   17.8450
   -7.5000    0.0000  -45.000011895.6553   17.8918
    0.0000    0.0000  -45.000012320.2949   17.8515
    7.5000    0.0000  -45.000011722.3232   17.8599
   -7.5000    7.5000  -45.000011424.0840   17.8850
    0.0000    7.5000  -45.000011820.8291   17.8498
    7.5000    7.5000  -45.000011238.2764   17.8690
   -7.5000   15.0000  -45.000010817.2549   17.8763
    0.0000   15.0000  -45.000011222.9072   17.8450
    7.5000   15.0000  -45.000010628.1875   17.8650
   -7.5000   22.5000  -45.000010203.3438   17.8701
    0.0000   22.5000  -45.000010588.4980   17.8382
    7.5000   22.5000  -45.000010006.3584   17.8471
   -7.5000   30.0000  -45.0000 9554.8809   17.7684
    0.0000   30.0000  -45.0000 9896.4131   17.7351
    7.5000   30.0000  -45.0000 9381.2969   17.7347
   -7.5000   37.5000  -45.0000 9305.6270   18.1697
    0.0000   37.5000  -45.0000 9629.8730   18.1297
    7.5000   37.5000  -45.0000 9093.4775   18.1229
   -7.5000   45.0000  -45.0000 8755.1250   18.1739
    0.0000   45.0000  -45.0000 9021.6006   18.1289
    7.5000   45.0000  -45.0000 8497.6260   18.1284
   -7.5000  -45.0000  -37.5000 8523.6982   18.5867
    0.0000  -45.0000  -37.5000 8887.2119   18.5360
    7.5000  -45.0000  -37.5000 8520.7871   18.5279
   -7.5000  -37.5000  -37.5000 8989.2568   18.2576
    0.0000  -37.5000  -37.5000 9374.2900   18.2107
    7.5000  -37.5000  -37.5000 8998.9492   18.2105
   -7.5000  -30.0000  -37.5000 9903.8438   18.0371
    0.0000  -30.0000  -37.500010303.4639   17.9967
    7.5000  -30.0000  -37.5000 9858.4453   17.9962
   -7.5000  -22.5000  -37.500010784.5869   17.9349
    0.0000  -22.5000  -37.500011192.4961   17.8970
    7.5000  -22.5000  -37.500010649.3281   17.8847
   -7.5000  -15.0000  -37.500011639.3115   17.9255
    0.0000  -15.0000  -37.500012060.5342   17.8864
    7.5000  -15.0000  -37.500011458.9707   17.8649
   -7.5000   -7.5000  -37.500012252.5986   17.9342
    0.0000   -7.5000  -37.500012713.3945   17.8899
    7.5000   -7.5000  -37.500012055.9541   17.8693
   -7.5000    0.0000  -37.500012703.3965   17.9378
    0.0000    0.0000  -37.500013187.5146   17.8901
    7.5000    0.0000  -37.500012504.5391   17.8790
   -7.5000    7.5000  -37.500012200.5752   17.9304
    0.0000    7.5000  -37.500012646.0449   17.8864
    7.5000    7.5000  -37.500011969.0400   17.8860
   -7.5000   15.0000  -37.500011558.7285   17.9250
    0.0000   15.0000  -37.500011987.1670   17.8857
    7.5000   15.0000  -37.500011322.2354   17.8850
   -7.5000   22.5000  -37.500010900.6377   17.9216
    0.0000   22.5000  -37.500011283.2324   17.8838
    7.5000   22.5000  -37.500010644.8018   17.8715
   -7.5000   30.0000  -37.500010211.6572   17.8170
    0.0000   30.0000  -37.500010533.7861   17.7804
    7.5000   30.0000  -37.5000 9932.6973   17.7599
   -7.5000   37.5000  -37.5000 9933.4238   18.2137
    0.0000   37.5000  -37.500010235.7754   18.1677
    7.5000   37.5000  -37.5000 9616.4316   18.1404
   -7.5000   45.0000  -37.5000 9300.7969   18.2160
    0.0000   45.0000  -37.5000 9560.3975   18.1610
    7.5000   45.0000  -37.5000 8959.2988   18.1397
   -7.5000  -45.0000  -30.0000 9106.1709   19.4220
    0.0000  -45.0000  -30.0000 9502.4395   19.3785
    7.5000  -45.0000  -30.0000 9061.5840   19.3579
   -7.5000  -37.5000  -30.0000 9650.1377   19.0847
    0.0000  -37.5000  -30.000010052.1641   19.0420
    7.5000  -37.5000  -30.0000 9600.3662   19.0286
   -7.5000  -30.0000  -30.000010654.8037   18.8565
    0.0000  -30.0000  -30.000011084.6699   18.8182
    7.5000  -30.0000  -30.000010559.2939   18.8074
   -7.5000  -22.5000  -30.000011586.9922   18.7449
    0.0000  -22.5000  -30.000012044.3721   18.7089
    7.5000  -22.5000  -30.000011454.1445   18.6894
   -7.5000  -15.0000  -30.000012489.6855   18.7281
    0.0000  -15.0000  -30.000012945.5381   18.6929
    7.5000  -15.0000  -30.000012309.6738   18.6654
   -7.5000   -7.5000  -30.000013133.1221   18.7349
    0.0000   -7.5000  -30.000013627.2422   18.6971
    7.5000   -7.5000  -30.000012936.1279   18.6684
   -7.5000    0.0000  -30.000013647.9502   18.7424
    0.0000    0.0000  -30.000014142.9355   18.7014
    7.5000    0.0000  -30.000013422.8281   18.6788
   -7.5000    7.5000  -30.000013096.3770   18.7415
    0.0000    7.5000  -30.000013538.0439   18.7017
    7.5000    7.5000  -30.000012845.0830   18.6887
   -7.5000   15.0000  -30.000012411.5225   18.7390
    0.0000   15.0000  -30.000012875.2002   18.7018
    7.5000   15.0000  -30.000012127.5732   18.6908
   -7.5000   22.5000  -30.000011709.0938   18.7290
    0.0000   22.5000  -30.000012126.4521   18.6931
    7.5000   22.5000  -30.000011394.5576   18.6738
   -7.5000   30.0000  -30.000010957.1768   18.6148
    0.0000   30.0000  -30.000011321.4600   18.5824
    7.5000   30.0000  -30.000010628.2031   18.5559
   -7.5000   37.5000  -30.000010652.9648   19.0251
    0.0000   37.5000  -30.000010966.5654   18.9847
    7.5000   37.5000  -30.000010299.2969   18.9488
   -7.5000   45.0000  -30.0000 9960.6758   19.0492
    0.0000   45.0000  -30.000010247.1445   18.9982
    7.5000   45.0000  -30.0000 9600.8447   18.9624
   -7.5000  -45.0000  -22.5000 9733.1094   20.0868
    0.0000  -45.0000  -22.500010127.8281   20.0626
    7.5000  -45.0000  -22.5000 9631.1191   20.0541
   -7.5000  -37.5000  -22.500010333.7861   19.7440
    0.0000  -37.5000  -22.500010718.8975   19.7180
    7.5000  -37.5000  -22.500010214.6787   19.7146
   -7.5000  -30.0000  -22.500011413.9258   19.5068
    0.0000  -30.0000  -22.500011828.6748   19.4816
    7.5000  -30.0000  -22.500011260.4346   19.4842
   -7.5000  -22.5000  -22.500012391.9619   19.3842
    0.0000  -22.5000  -22.500012836.7939   19.3587
    7.5000  -22.5000  -22.500012202.0459   19.3573
   -7.5000  -15.0000  -22.500013309.8555   19.3606
    0.0000  -15.0000  -22.500013761.4414   19.3367
    7.5000  -15.0000  -22.500013077.6123   19.3286
   -7.5000   -7.5000  -22.500014012.8584   19.3680
    0.0000   -7.5000  -22.500014498.9951   19.3453
    7.5000   -7.5000  -22.500013762.1455   19.3328
   -7.5000    0.0000  -22.500014557.5225   19.3829
    0.0000    0.0000  -22.500015050.9268   19.3596
    7.5000    0.0000  -22.500014296.9678   19.3483
   -7.5000    7.5000  -22.500013948.0469   19.3887
    0.0000    7.5000  -22.500014433.9814   19.3652
    7.5000    7.5000  -22.500013673.2666   19.3619
   -7.5000   15.0000  -22.500013209.7080   19.3854
    0.0000   15.0000  -22.500013730.7100   19.3609
    7.5000   15.0000  -22.500012922.9404   19.3632
   -7.5000   22.5000  -22.500012469.8955   19.3665
    0.0000   22.5000  -22.500012957.4434   19.3411
    7.5000   22.5000  -22.500012160.7490   19.3398
   -7.5000   30.0000  -22.500011650.2402   19.2473
    0.0000   30.0000  -22.500012108.8037   19.2259
    7.5000   30.0000  -22.500011345.3369   19.2178
   -7.5000   37.5000  -22.500011327.5381   19.6744
    0.0000   37.5000  -22.500011749.7764   19.6495
    7.5000   37.5000  -22.500010985.6768   19.6295
   -7.5000   45.0000  -22.500010566.6445   19.7226
    0.0000   45.0000  -22.500010957.7656   19.6896
    7.5000   45.0000  -22.500010212.4580   19.6628
   -7.5000  -45.0000  -15.000010311.4805   20.5144
    0.0000  -45.0000  -15.000010677.9443   20.5003
    7.5000  -45.0000  -15.000010183.4502   20.5156
   -7.5000  -37.5000  -15.000010954.2871   20.1642
    0.0000  -37.5000  -15.000011306.8965   20.1491
    7.5000  -37.5000  -15.000010801.3730   20.1687
   -7.5000  -30.0000  -15.000012072.5537   19.9187
    0.0000  -30.0000  -15.000012468.7676   19.9028
    7.5000  -30.0000  -15.000011897.8320   19.9293
   -7.5000  -22.5000  -15.000013071.6797   19.7904
    0.0000  -22.5000  -15.000013509.5195   19.7719
    7.5000  -22.5000  -15.000012872.5361   19.7952
   -7.5000  -15.0000  -15.000014002.7988   19.7663
    0.0000  -15.0000  -15.000014479.3770   19.7477
    7.5000  -15.0000  -15.000013755.5654   19.7640
   -7.5000   -7.5000  -15.000014773.1299   19.7770
    0.0000   -7.5000  -15.000015310.3760   19.7606
    7.5000   -7.5000  -15.000014528.9980   19.7713
   -7.5000    0.0000  -15.000015390.1201   19.7961
    0.0000    0.0000  -15.000015990.3271   19.7820
    7.5000    0.0000  -15.000015121.4678   19.7925
   -7.5000    7.5000  -15.000014759.8398   19.8024
    0.0000    7.5000  -15.000015336.3164   19.7893
    7.5000    7.5000  -15.000014470.6357   19.8080
   -7.5000   15.0000  -15.000013961.5615   19.7951
    0.0000   15.0000  -15.000014532.5176   19.7799
    7.5000   15.0000  -15.000013666.2373   19.8058
   -7.5000   22.5000  -15.000013148.8984   19.7715
    0.0000   22.5000  -15.000013721.8896   19.7531
    7.5000   22.5000  -15.000012881.5029   19.7764
   -7.5000   30.0000  -15.000012287.5615   19.6560
    0.0000   30.0000  -15.000012837.1953   19.6392
    7.5000   30.0000  -15.000012029.0488   19.6545
   -7.5000   37.5000  -15.000011939.9092   20.0990
    0.0000   37.5000  -15.000012459.3887   20.0818
    7.5000   37.5000  -15.000011648.4062   20.0848
   -7.5000   45.0000  -15.000011118.0195   20.1602
    0.0000   45.0000  -15.000011580.0918   20.1389
    7.5000   45.0000  -15.000010818.7383   20.1348
   -7.5000  -45.0000   -7.500010918.5752   20.7001
    0.0000  -45.0000   -7.500011256.9580   20.6732
    7.5000  -45.0000   -7.500010769.3818   20.6991
   -7.5000  -37.5000   -7.500011553.7715   20.3405
    0.0000  -37.5000   -7.500011948.5205   20.3169
    7.5000  -37.5000   -7.500011387.5869   20.3486
   -7.5000  -30.0000   -7.500012725.9307   20.0909
    0.0000  -30.0000   -7.500013165.4209   20.0693
    7.5000  -30.0000   -7.500012526.0332   20.1048
   -7.5000  -22.5000   -7.500013756.7432   19.9661
    0.0000  -22.5000   -7.500014243.8213   19.9417
    7.5000  -22.5000   -7.500013568.5732   19.9698
   -7.5000  -15.0000   -7.500014699.2139   19.9486
    0.0000  -15.0000   -7.500015216.0439   19.9211
    7.5000  -15.0000   -7.500014520.5967   19.9402
   -7.5000   -7.5000   -7.500015574.0967   19.9613
    0.0000   -7.5000   -7.500016145.0098   19.9331
    7.5000   -7.5000   -7.500015362.4795   19.9489
   -7.5000    0.0000   -7.500016264.0400   19.9770
    0.0000    0.0000   -7.500016885.4199   19.9511
    7.5000    0.0000   -7.500016015.1250   19.9712
   -7.5000    7.5000   -7.500015598.7109   19.9768
    0.0000    7.5000   -7.500016222.9912   19.9554
    7.5000    7.5000   -7.500015350.0010   19.9857
   -7.5000   15.0000   -7.500014730.3906   19.9665
    0.0000   15.0000   -7.500015359.8018   19.9458
    7.5000   15.0000   -7.500014531.2744   19.9807
   -7.5000   22.5000   -7.500013855.9463   19.9450
    0.0000   22.5000   -7.500014477.2676   19.9207
    7.5000   22.5000   -7.500013705.8828   19.9487
   -7.5000   30.0000   -7.500012948.3838   19.8386
    0.0000   30.0000   -7.500013538.1709   19.8129
    7.5000   30.0000   -7.500012793.4658   19.8309
   -7.5000   37.5000   -7.500012562.9932   20.2892
    0.0000   37.5000   -7.500013141.0537   20.2608
    7.5000   37.5000   -7.500012399.2100   20.2693
   -7.5000   45.0000   -7.500011687.2920   20.3454
    0.0000   45.0000   -7.500012202.3936   20.3145
    7.5000   45.0000   -7.500011486.0762   20.3229
   -7.5000  -45.0000    0.000011403.9609   20.7400
    0.0000  -45.0000    0.000011763.1807   20.6922
    7.5000  -45.0000    0.000011230.2812   20.7070
   -7.5000  -37.5000    0.000012106.5000   20.3729
    0.0000  -37.5000    0.000012517.8936   20.3309
    7.5000  -37.5000    0.000011916.1660   20.3535
   -7.5000  -30.0000    0.000013312.7920   20.1238
    0.0000  -30.0000    0.000013767.1562   20.0879
    7.5000  -30.0000    0.000013111.5596   20.1106
   -7.5000  -22.5000    0.000014357.6660   20.0071
    0.0000  -22.5000    0.000014833.3281   19.9713
    7.5000  -22.5000    0.000014183.5625   19.9813
   -7.5000  -15.0000    0.000015277.1172   19.9969
    0.0000  -15.0000    0.000015774.6426   19.9574
    7.5000  -15.0000    0.000015152.5312   19.9571
   -7.5000   -7.5000    0.000016171.8242   20.0089
    0.0000   -7.5000    0.000016740.5898   19.9648
    7.5000   -7.5000    0.000016059.3496   19.9645
   -7.5000    0.0000    0.000016964.3809   20.0167
    0.0000    0.0000    0.000017579.1855   19.9716
    7.5000    0.0000    0.000016806.5996   19.9811
   -7.5000    7.5000    0.000016354.8242   20.0090
    0.0000    7.5000    0.000017035.2227   19.9697
    7.5000    7.5000    0.000016171.7422   19.9912
   -7.5000   15.0000    0.000015519.2480   19.9992
    0.0000   15.0000    0.000016280.4307   19.9643
    7.5000   15.0000    0.000015423.1494   19.9867
   -7.5000   22.5000    0.000014561.2686   19.9859
    0.0000   22.5000    0.000015317.9111   19.9502
    7.5000   22.5000    0.000014591.4873   19.9602
   -7.5000   30.0000    0.000013498.7529   19.8864
    0.0000   30.0000    0.000014221.3203   19.8491
    7.5000   30.0000    0.000013577.2529   19.8488
   -7.5000   37.5000    0.000013080.0996   20.3354
    0.0000   37.5000    0.000013761.9014   20.2907
    7.5000   37.5000    0.000013083.5332   20.2832
   -7.5000   45.0000    0.000012212.6260   20.3799
    0.0000   45.0000    0.000012804.2061   20.3295
    7.5000   45.0000    0.000012093.6221   20.3290
   -7.5000  -45.0000    7.500011034.9600   20.7984
    0.0000  -45.0000    7.500011350.1211   20.7417
    7.5000  -45.0000    7.500010816.8066   20.7326
   -7.5000  -37.5000    7.500011747.3506   20.4301
    0.0000  -37.5000    7.500012115.7881   20.3777
    7.5000  -37.5000    7.500011527.8975   20.3775
   -7.5000  -30.0000    7.500012918.7393   20.1834
    0.0000  -30.0000    7.500013329.8350   20.1383
    7.5000  -30.0000    7.500012725.7881   20.1377
   -7.5000  -22.5000    7.500013926.2578   20.0691
    0.0000  -22.5000    7.500014349.6094   20.0267
    7.5000  -22.5000    7.500013762.9971   20.0129
   -7.5000  -15.0000    7.500014788.1084   20.0586
    0.0000  -15.0000    7.500015211.9199   20.0149
    7.5000  -15.0000    7.500014675.1611   19.9908
   -7.5000   -7.5000    7.500015583.1553   20.0683
    0.0000   -7.5000    7.500016068.3135   20.0187
    7.5000   -7.5000    7.500015538.2598   19.9957
   -7.5000    0.0000    7.500016311.1699   20.0723
    0.0000    0.0000    7.500016852.8594   20.0190
    7.5000    0.0000    7.500016290.1904   20.0066
   -7.5000    7.5000    7.500015890.3633   20.0641
    0.0000    7.5000    7.500016539.6699   20.0149
    7.5000    7.5000    7.500015783.9756   20.0144
   -7.5000   15.0000    7.500015215.1943   20.0580
    0.0000   15.0000    7.500015916.5449   20.0140
    7.5000   15.0000    7.500015173.9395   20.0133
   -7.5000   22.5000    7.500014225.9600   20.0478
    0.0000   22.5000    7.500014899.8281   20.0055
    7.5000   22.5000    7.500014296.6924   19.9918
   -7.5000   30.0000    7.500013048.5986   19.9450
    0.0000   30.0000    7.500013679.9785   19.9040
    7.5000   30.0000    7.500013189.7432   19.8810
   -7.5000   37.5000    7.500012574.3730   20.3890
    0.0000   37.5000    7.500013170.2568   20.3375
    7.5000   37.5000    7.500012634.3145   20.3069
   -7.5000   45.0000    7.500011700.1816   20.4316
    0.0000   45.0000    7.500012209.2578   20.3699
    7.5000   45.0000    7.500011640.5625   20.3460
   -7.5000  -45.0000   15.000010531.2256   20.8560
    0.0000  -45.0000   15.000010844.9971   20.8093
    7.5000  -45.0000   15.000010335.6113   20.7872
   -7.5000  -37.5000   15.000011251.6855   20.4939
    0.0000  -37.5000   15.000011598.2061   20.4479
    7.5000  -37.5000   15.000011057.1787   20.4336
   -7.5000  -30.0000   15.000012392.3994   20.2487
    0.0000  -30.0000   15.000012767.5537   20.2077
    7.5000  -30.0000   15.000012241.0674   20.1960
   -7.5000  -22.5000   15.000013340.2539   20.1289
    0.0000  -22.5000   15.000013740.7021   20.0903
    7.5000  -22.5000   15.000013239.7432   20.0694
   -7.5000  -15.0000   15.000014121.9863   20.1109
    0.0000  -15.0000   15.000014536.6221   20.0731
    7.5000  -15.0000   15.000014052.0439   20.0436
   -7.5000   -7.5000   15.000014847.8037   20.1182
    0.0000   -7.5000   15.000015352.8105   20.0776
    7.5000   -7.5000   15.000014824.3623   20.0467
   -7.5000    0.0000   15.000015615.2305   20.1263
    0.0000    0.0000   15.000016146.9824   20.0822
    7.5000    0.0000   15.000015517.6162   20.0580
   -7.5000    7.5000   15.000015282.6807   20.1253
    0.0000    7.5000   15.000015884.7100   20.0826
    7.5000    7.5000   15.000015048.6055   20.0686
   -7.5000   15.0000   15.000014679.1309   20.1227
    0.0000   15.0000   15.000015236.9707   20.0826
    7.5000   15.0000   15.000014394.9355   20.0708
   -7.5000   22.5000   15.000013722.6836   20.1075
    0.0000   22.5000   15.000014236.7676   20.0689
    7.5000   22.5000   15.000013526.3965   20.0481
   -7.5000   30.0000   15.000012570.9150   19.9951
    0.0000   30.0000   15.000013102.7402   19.9603
    7.5000   30.0000   15.000012498.7246   19.9319
   -7.5000   37.5000   15.000012084.6621   20.4359
    0.0000   37.5000   15.000012616.6104   20.3925
    7.5000   37.5000   15.000012033.4492   20.3539
   -7.5000   45.0000   15.000011142.1348   20.4888
    0.0000   45.0000   15.000011602.8242   20.4340
    7.5000   45.0000   15.000011090.8975   20.3954
   -7.5000  -45.0000   22.5000 9930.0508   20.8517
    0.0000  -45.0000   22.500010254.3457   20.8266
    7.5000  -45.0000   22.5000 9823.8115   20.8178
   -7.5000  -37.5000   22.500010598.3203   20.4958
    0.0000  -37.5000   22.500010975.5020   20.4688
    7.5000  -37.5000   22.500010512.3750   20.4653
   -7.5000  -30.0000   22.500011711.9307   20.2496
    0.0000  -30.0000   22.500012128.8867   20.2235
    7.5000  -30.0000   22.500011618.1768   20.2262
   -7.5000  -22.5000   22.500012669.1094   20.1224
    0.0000  -22.5000   22.500013104.8945   20.0959
    7.5000  -22.5000   22.500012567.6846   20.0945
   -7.5000  -15.0000   22.500013489.2412   20.0978
    0.0000  -15.0000   22.500013924.1270   20.0731
    7.5000  -15.0000   22.500013309.1426   20.0646
   -7.5000   -7.5000   22.500014203.8125   20.1056
    0.0000   -7.5000   22.500014682.7793   20.0820
    7.5000   -7.5000   22.500014013.4570   20.0691
   -7.5000    0.0000   22.500014900.3301   20.1211
    0.0000    0.0000   22.500015405.1055   20.0969
    7.5000    0.0000   22.500014670.7324   20.0851
   -7.5000    7.5000   22.500014451.7969   20.1270
    0.0000    7.5000   22.500014948.4785   20.1026
    7.5000    7.5000   22.500014188.3779   20.0992
   -7.5000   15.0000   22.500013730.6104   20.1236
    0.0000   15.0000   22.500014169.6260   20.0982
    7.5000   15.0000   22.500013482.2715   20.1006
   -7.5000   22.5000   22.500012813.9707   20.1010
    0.0000   22.5000   22.500013227.9863   20.0746
    7.5000   22.5000   22.500012631.9336   20.0732
   -7.5000   30.0000   22.500011854.9639   19.9830
    0.0000   30.0000   22.500012273.1973   19.9608
    7.5000   30.0000   22.500011718.8457   19.9525
   -7.5000   37.5000   22.500011475.3252   20.4265
    0.0000   37.5000   22.500011921.0703   20.4007
    7.5000   37.5000   22.500011364.8760   20.3799
   -7.5000   45.0000   22.500010628.7100   20.4915
    0.0000   45.0000   22.500011035.5811   20.4571
    7.5000   45.0000   22.500010525.7480   20.4293
   -7.5000  -45.0000   30.0000 9282.1328   20.8019
    0.0000  -45.0000   30.0000 9615.5938   20.7875
    7.5000  -45.0000   30.0000 9224.6289   20.8030
   -7.5000  -37.5000   30.0000 9943.1514   20.4466
    0.0000  -37.5000   30.000010284.7207   20.4313
    7.5000  -37.5000   30.0000 9848.1689   20.4510
   -7.5000  -30.0000   30.000011013.6914   20.1976
    0.0000  -30.0000   30.000011366.8281   20.1814
    7.5000  -30.0000   30.000010839.3857   20.2082
   -7.5000  -22.5000   30.000011955.9336   20.0675
    0.0000  -22.5000   30.000012284.0410   20.0487
    7.5000  -22.5000   30.000011721.8008   20.0722
   -7.5000  -15.0000   30.000012674.5049   20.0431
    0.0000  -15.0000   30.000013035.4990   20.0242
    7.5000  -15.0000   30.000012411.0420   20.0406
   -7.5000   -7.5000   30.000013328.9258   20.0539
    0.0000   -7.5000   30.000013730.6094   20.0373
    7.5000   -7.5000   30.000013058.4580   20.0481
   -7.5000    0.0000   30.000013847.9873   20.0733
    0.0000    0.0000   30.000014333.9580   20.0589
    7.5000    0.0000   30.000013612.2422   20.0696
   -7.5000    7.5000   30.000013321.4932   20.0796
    0.0000    7.5000   30.000013795.5596   20.0663
    7.5000    7.5000   30.000013132.2617   20.0852
   -7.5000   15.0000   30.000012603.0469   20.0722
    0.0000   15.0000   30.000013044.8447   20.0568
    7.5000   15.0000   30.000012459.1064   20.0830
   -7.5000   22.5000   30.000011778.1357   20.0462
    0.0000   22.5000   30.000012213.5127   20.0275
    7.5000   22.5000   30.000011686.7695   20.0510
   -7.5000   30.0000   30.000010923.9912   19.9313
    0.0000   30.0000   30.000011330.7549   19.9143
    7.5000   30.0000   30.000010851.3008   19.9296
   -7.5000   37.5000   30.000010617.9180   20.3806
    0.0000   37.5000   30.000011023.7422   20.3631
    7.5000   37.5000   30.000010538.4453   20.3662
   -7.5000   45.0000   30.0000 9893.9561   20.4482
    0.0000   45.0000   30.000010261.3887   20.4266
    7.5000   45.0000   30.0000 9795.3564   20.4223
   -7.5000  -45.0000   37.5000 9054.7168   20.8825
    0.0000  -45.0000   37.5000 9383.3936   20.8554
    7.5000  -45.0000   37.5000 8947.1104   20.8818
   -7.5000  -37.5000   37.5000 9672.9297   20.5174
    0.0000  -37.5000   37.5000 9974.6826   20.4936
    7.5000  -37.5000   37.5000 9537.5918   20.5258
   -7.5000  -30.0000   37.500010688.9639   20.2639
    0.0000  -30.0000   37.500010989.0107   20.2420
    7.5000  -30.0000   37.500010482.9189   20.2780
   -7.5000  -22.5000   37.500011574.7861   20.1372
    0.0000  -22.5000   37.500011902.1621   20.1122
    7.5000  -22.5000   37.500011328.2891   20.1407
   -7.5000  -15.0000   37.500012239.2656   20.1192
    0.0000  -15.0000   37.500012605.5303   20.0913
    7.5000  -15.0000   37.500012012.1973   20.1108
   -7.5000   -7.5000   37.500012843.2773   20.1322
    0.0000   -7.5000   37.500013259.3398   20.1037
    7.5000   -7.5000   37.500012636.1797   20.1198
   -7.5000    0.0000   37.500013327.1279   20.1483
    0.0000    0.0000   37.500013819.7207   20.1222
    7.5000    0.0000   37.500013153.0107   20.1427
   -7.5000    7.5000   37.500012771.2500   20.1482
    0.0000    7.5000   37.500013248.1104   20.1265
    7.5000    7.5000   37.500012621.2148   20.1573
   -7.5000   15.0000   37.500012063.9609   20.1376
    0.0000   15.0000   37.500012509.1357   20.1165
    7.5000   15.0000   37.500011915.7002   20.1520
   -7.5000   22.5000   37.500011297.0176   20.1157
    0.0000   22.5000   37.500011722.0088   20.0909
    7.5000   22.5000   37.500011194.0547   20.1194
   -7.5000   30.0000   37.500010475.4209   20.0098
    0.0000   30.0000   37.500010860.1592   19.9836
    7.5000   30.0000   37.500010397.6045   20.0020
   -7.5000   37.5000   37.500010182.6406   20.4674
    0.0000   37.5000   37.500010568.8906   20.4387
    7.5000   37.5000   37.500010104.7656   20.4474
   -7.5000   45.0000   37.5000 9494.4883   20.5289
    0.0000   45.0000   37.5000 9861.9580   20.4979
    7.5000   45.0000   37.5000 9415.1523   20.5065
   -7.5000  -45.0000   45.0000 8397.4121   21.0173
    0.0000  -45.0000   45.0000 8687.6768   20.9689
    7.5000  -45.0000   45.0000 8284.5645   20.9855
   -7.5000  -37.5000   45.0000 8941.5527   20.6372
    0.0000  -37.5000   45.0000 9221.9385   20.5950
    7.5000  -37.5000   45.0000 8796.1348   20.6195
   -7.5000  -30.0000   45.0000 9861.5400   20.3794
    0.0000  -30.0000   45.000010145.1729   20.3435
    7.5000  -30.0000   45.0000 9666.8359   20.3684
   -7.5000  -22.5000   45.000010695.9463   20.2591
    0.0000  -22.5000   45.000011012.5293   20.2232
    7.5000  -22.5000   45.000010460.2480   20.2354
   -7.5000  -15.0000   45.000011303.4131   20.2493
    0.0000  -15.0000   45.000011669.3564   20.2093
    7.5000  -15.0000   45.000011100.8027   20.2111
   -7.5000   -7.5000   45.000011827.0332   20.2622
    0.0000   -7.5000   45.000012234.3906   20.2174
    7.5000   -7.5000   45.000011650.9814   20.2190
   -7.5000    0.0000   45.000012243.2617   20.2701
    0.0000    0.0000   45.000012700.4463   20.2245
    7.5000    0.0000   45.000012094.5049   20.2356
   -7.5000    7.5000   45.000011714.9463   20.2615
    0.0000    7.5000   45.000012139.0684   20.2220
    7.5000    7.5000   45.000011564.3105   20.2453
   -7.5000   15.0000   45.000011047.0264   20.2507
    0.0000   15.0000   45.000011465.0762   20.2160
    7.5000   15.0000   45.000010928.3535   20.2404
   -7.5000   22.5000   45.000010348.0039   20.2373
    0.0000   22.5000   45.000010742.9004   20.2015
    7.5000   22.5000   45.000010239.8789   20.2138
   -7.5000   30.0000   45.0000 9612.2881   20.1384
    0.0000   30.0000   45.0000 9957.2549   20.1008
    7.5000   30.0000   45.0000 9507.4326   20.1025
   -7.5000   37.5000   45.0000 9332.9473   20.6029
    0.0000   37.5000   45.0000 9673.8496   20.5574
    7.5000   37.5000   45.0000 9225.3262   20.5515
   -7.5000   45.0000   45.0000 8710.4639   20.6698
    0.0000   45.0000   45.0000 9052.5732   20.6185
    7.5000   45.0000   45.0000 8621.4746   20.6193

---------------------------------------------------------------------
imgreg_4dfp /opt/freesurfer/average/711-2C_as_mni_average_305 /opt/freesurfer/average/711-2B_as_mni_average_305_mask talsrcimg_g11 none talsrcimg_to_711-2C_as_mni_average_305_t4 4355
---------------------------------------------------------------------

freesurfer imgreg_4dfp.c
/opt/freesurfer/average/711-2C_as_mni_average_305.4dfp.img
       256       256       256         1
  1.000000  1.000000  1.000000
orientation T byte_order littleendian
Reading image: /opt/freesurfer/average/711-2C_as_mni_average_305.4dfp.img
dimensions:      256       256       256
mmppix:       1.0000   -1.0000   -1.0000
center:     128.0000 -129.0000 -129.0000
/opt/freesurfer/average/711-2B_as_mni_average_305_mask.4dfp.img
       256       256       256         1
  1.000000  1.000000  1.000000
orientation T byte_order littleendian
Reading mask: /opt/freesurfer/average/711-2B_as_mni_average_305_mask.4dfp.img (2306576 pixels)
talsrcimg_g11.4dfp.img
       256       256       256         1
  1.000000  1.000000  1.000000
orientation T byte_order littleendian
Reading image: talsrcimg_g11.4dfp.img
dimensions:      256       256       256
mmppix:       1.0000   -1.0000   -1.0000
center:     128.0000 -129.0000 -129.0000
rotation matrix determinant  1.000000
image alignment mode   4355 decimal     1103 hex
   -7.5000  -45.0000  -45.0000 2116.8521   24.4212
    0.0000  -45.0000  -45.0000 2111.8074   24.4529
    7.5000  -45.0000  -45.0000 2086.4526   24.7556
   -7.5000  -37.5000  -45.0000 2130.5271   23.5051
    0.0000  -37.5000  -45.0000 2124.0081   23.5961
    7.5000  -37.5000  -45.0000 2106.1667   23.9557
   -7.5000  -30.0000  -45.0000 2161.2625   22.7796
    0.0000  -30.0000  -45.0000 2149.6694   22.8371
    7.5000  -30.0000  -45.0000 2122.3616   23.2172
   -7.5000  -22.5000  -45.0000 2202.7944   22.3257
    0.0000  -22.5000  -45.0000 2193.7925   22.3948
    7.5000  -22.5000  -45.0000 2156.9250   22.6696
   -7.5000  -15.0000  -45.0000 2228.0769   21.9840
    0.0000  -15.0000  -45.0000 2222.0042   22.0481
    7.5000  -15.0000  -45.0000 2189.6592   22.3292
   -7.5000   -7.5000  -45.0000 2250.3643   21.7622
    0.0000   -7.5000  -45.0000 2247.4341   21.7900
    7.5000   -7.5000  -45.0000 2215.1643   22.0844
   -7.5000    0.0000  -45.0000 2259.6958   21.5701
    0.0000    0.0000  -45.0000 2257.1433   21.5873
    7.5000    0.0000  -45.0000 2222.9661   21.8743
   -7.5000    7.5000  -45.0000 2263.3833   21.2988
    0.0000    7.5000  -45.0000 2255.8711   21.3466
    7.5000    7.5000  -45.0000 2221.5164   21.6778
   -7.5000   15.0000  -45.0000 2258.7012   21.2163
    0.0000   15.0000  -45.0000 2253.2563   21.2979
    7.5000   15.0000  -45.0000 2219.7837   21.6465
   -7.5000   22.5000  -45.0000 2254.3447   21.4128
    0.0000   22.5000  -45.0000 2244.4009   21.4886
    7.5000   22.5000  -45.0000 2212.3447   21.9147
   -7.5000   30.0000  -45.0000 2238.1838   22.0770
    0.0000   30.0000  -45.0000 2229.4067   22.1160
    7.5000   30.0000  -45.0000 2196.0894   22.5957
   -7.5000   37.5000  -45.0000 2202.4355   23.1314
    0.0000   37.5000  -45.0000 2198.9167   23.1769
    7.5000   37.5000  -45.0000 2159.2295   23.6694
   -7.5000   45.0000  -45.0000 2151.8445   24.5404
    0.0000   45.0000  -45.0000 2140.0667   24.5588
    7.5000   45.0000  -45.0000 2105.4810   25.0569
   -7.5000  -45.0000  -37.5000 2210.2400   22.3248
    0.0000  -45.0000  -37.5000 2207.6472   22.3400
    7.5000  -45.0000  -37.5000 2181.1321   22.6638
   -7.5000  -37.5000  -37.5000 2230.2854   21.4892
    0.0000  -37.5000  -37.5000 2229.3911   21.5685
    7.5000  -37.5000  -37.5000 2203.9873   21.8835
   -7.5000  -30.0000  -37.5000 2266.5603   20.9130
    0.0000  -30.0000  -37.5000 2259.1250   21.0107
    7.5000  -30.0000  -37.5000 2227.5525   21.2767
   -7.5000  -22.5000  -37.5000 2305.7056   20.5021
    0.0000  -22.5000  -37.5000 2294.8225   20.5620
    7.5000  -22.5000  -37.5000 2258.2695   20.7696
   -7.5000  -15.0000  -37.5000 2335.6646   20.1751
    0.0000  -15.0000  -37.5000 2326.7393   20.2159
    7.5000  -15.0000  -37.5000 2287.7908   20.4124
   -7.5000   -7.5000  -37.5000 2361.4463   19.9082
    0.0000   -7.5000  -37.5000 2349.0740   19.9153
    7.5000   -7.5000  -37.5000 2310.3547   20.1368
   -7.5000    0.0000  -37.5000 2366.7627   19.7164
    0.0000    0.0000  -37.5000 2361.6667   19.7310
    7.5000    0.0000  -37.5000 2322.5447   19.9607
   -7.5000    7.5000  -37.5000 2374.2319   19.6386
    0.0000    7.5000  -37.5000 2365.7791   19.6355
    7.5000    7.5000  -37.5000 2323.0044   19.8741
   -7.5000   15.0000  -37.5000 2371.7747   19.6225
    0.0000   15.0000  -37.5000 2362.9631   19.6496
    7.5000   15.0000  -37.5000 2328.6182   19.8626
   -7.5000   22.5000  -37.5000 2364.0759   19.8096
    0.0000   22.5000  -37.5000 2353.7141   19.8238
    7.5000   22.5000  -37.5000 2318.9231   20.1830
   -7.5000   30.0000  -37.5000 2343.6401   20.4115
    0.0000   30.0000  -37.5000 2329.5266   20.3689
    7.5000   30.0000  -37.5000 2292.2996   20.7491
   -7.5000   37.5000  -37.5000 2305.9841   21.3872
    0.0000   37.5000  -37.5000 2296.9424   21.3314
    7.5000   37.5000  -37.5000 2256.9656   21.7041
   -7.5000   45.0000  -37.5000 2247.5369   22.6432
    0.0000   45.0000  -37.5000 2235.6699   22.6035
    7.5000   45.0000  -37.5000 2198.8167   23.0004
   -7.5000  -45.0000  -30.0000 2339.8540   21.3510
    0.0000  -45.0000  -30.0000 2345.4797   21.3670
    7.5000  -45.0000  -30.0000 2311.6099   21.6414
   -7.5000  -37.5000  -30.0000 2369.8867   20.5616
    0.0000  -37.5000  -30.0000 2368.3992   20.5804
    7.5000  -37.5000  -30.0000 2335.7021   20.8439
   -7.5000  -30.0000  -30.0000 2407.8672   19.9631
    0.0000  -30.0000  -30.0000 2401.5117   19.9925
    7.5000  -30.0000  -30.0000 2360.5283   20.2379
   -7.5000  -22.5000  -30.0000 2445.9287   19.5191
    0.0000  -22.5000  -30.0000 2436.8723   19.5416
    7.5000  -22.5000  -30.0000 2397.8455   19.7586
   -7.5000  -15.0000  -30.0000 2473.4375   19.1316
    0.0000  -15.0000  -30.0000 2464.3796   19.1639
    7.5000  -15.0000  -30.0000 2423.8457   19.4408
   -7.5000   -7.5000  -30.0000 2488.2549   18.8393
    0.0000   -7.5000  -30.0000 2483.7373   18.8457
    7.5000   -7.5000  -30.0000 2448.0444   19.1053
   -7.5000    0.0000  -30.0000 2505.7197   18.7226
    0.0000    0.0000  -30.0000 2499.4458   18.7091
    7.5000    0.0000  -30.0000 2462.9026   18.9141
   -7.5000    7.5000  -30.0000 2521.8083   18.6830
    0.0000    7.5000  -30.0000 2507.6204   18.6306
    7.5000    7.5000  -30.0000 2474.0107   18.8560
   -7.5000   15.0000  -30.0000 2521.8772   18.6995
    0.0000   15.0000  -30.0000 2511.6431   18.6796
    7.5000   15.0000  -30.0000 2470.5933   18.8989
   -7.5000   22.5000  -30.0000 2513.8901   18.9869
    0.0000   22.5000  -30.0000 2505.0618   18.9452
    7.5000   22.5000  -30.0000 2461.3667   19.2741
   -7.5000   30.0000  -30.0000 2491.1877   19.5818
    0.0000   30.0000  -30.0000 2483.8875   19.5626
    7.5000   30.0000  -30.0000 2434.7190   19.8717
   -7.5000   37.5000  -30.0000 2455.7820   20.4715
    0.0000   37.5000  -30.0000 2445.6807   20.4481
    7.5000   37.5000  -30.0000 2401.2583   20.7559
   -7.5000   45.0000  -30.0000 2389.5796   21.6680
    0.0000   45.0000  -30.0000 2383.8301   21.6430
    7.5000   45.0000  -30.0000 2340.8760   21.9536
   -7.5000  -45.0000  -22.5000 2442.5059   20.4464
    0.0000  -45.0000  -22.5000 2444.2505   20.4809
    7.5000  -45.0000  -22.5000 2413.3562   20.8063
   -7.5000  -37.5000  -22.5000 2472.6284   19.6147
    0.0000  -37.5000  -22.5000 2469.9590   19.6560
    7.5000  -37.5000  -22.5000 2441.0071   19.9644
   -7.5000  -30.0000  -22.5000 2516.0881   18.9782
    0.0000  -30.0000  -22.5000 2507.8867   19.0135
    7.5000  -30.0000  -22.5000 2467.7217   19.3048
   -7.5000  -22.5000  -22.5000 2554.2708   18.4431
    0.0000  -22.5000  -22.5000 2543.1116   18.4561
    7.5000  -22.5000  -22.5000 2499.2429   18.7692
   -7.5000  -15.0000  -22.5000 2578.5051   18.0420
    0.0000  -15.0000  -22.5000 2569.3850   18.0380
    7.5000  -15.0000  -22.5000 2524.7000   18.4064
   -7.5000   -7.5000  -22.5000 2598.5454   17.7298
    0.0000   -7.5000  -22.5000 2591.1045   17.7314
    7.5000   -7.5000  -22.5000 2552.7017   18.0968
   -7.5000    0.0000  -22.5000 2617.0122   17.6016
    0.0000    0.0000  -22.5000 2610.6997   17.5992
    7.5000    0.0000  -22.5000 2576.8845   17.9105
   -7.5000    7.5000  -22.5000 2632.3823   17.5383
    0.0000    7.5000  -22.5000 2624.6790   17.5227
    7.5000    7.5000  -22.5000 2589.1143   17.8054
   -7.5000   15.0000  -22.5000 2643.3069   17.6071
    0.0000   15.0000  -22.5000 2634.9307   17.6297
    7.5000   15.0000  -22.5000 2588.3286   17.9070
   -7.5000   22.5000  -22.5000 2643.1145   17.9263
    0.0000   22.5000  -22.5000 2639.0117   17.9635
    7.5000   22.5000  -22.5000 2584.8186   18.2186
   -7.5000   30.0000  -22.5000 2617.1616   18.5559
    0.0000   30.0000  -22.5000 2619.1404   18.6006
    7.5000   30.0000  -22.5000 2560.5957   18.8416
   -7.5000   37.5000  -22.5000 2579.2671   19.4519
    0.0000   37.5000  -22.5000 2579.8374   19.4303
    7.5000   37.5000  -22.5000 2530.1162   19.6987
   -7.5000   45.0000  -22.5000 2509.1628   20.5269
    0.0000   45.0000  -22.5000 2510.0259   20.4910
    7.5000   45.0000  -22.5000 2462.5039   20.8288
   -7.5000  -45.0000  -15.0000 2506.5469   19.5628
    0.0000  -45.0000  -15.0000 2504.1626   19.6033
    7.5000  -45.0000  -15.0000 2474.9927   19.9697
   -7.5000  -37.5000  -15.0000 2542.8359   18.6910
    0.0000  -37.5000  -15.0000 2528.7939   18.7147
    7.5000  -37.5000  -15.0000 2505.8855   19.0676
   -7.5000  -30.0000  -15.0000 2576.8430   18.0076
    0.0000  -30.0000  -15.0000 2565.1423   18.0339
    7.5000  -30.0000  -15.0000 2537.3486   18.4058
   -7.5000  -22.5000  -15.0000 2614.8174   17.4661
    0.0000  -22.5000  -15.0000 2603.5530   17.4784
    7.5000  -22.5000  -15.0000 2569.9690   17.8538
   -7.5000  -15.0000  -15.0000 2636.5706   17.0390
    0.0000  -15.0000  -15.0000 2629.7473   17.0501
    7.5000  -15.0000  -15.0000 2590.7373   17.4782
   -7.5000   -7.5000  -15.0000 2663.8281   16.7899
    0.0000   -7.5000  -15.0000 2659.3979   16.8081
    7.5000   -7.5000  -15.0000 2622.9216   17.1954
   -7.5000    0.0000  -15.0000 2692.9614   16.6508
    0.0000    0.0000  -15.0000 2696.2375   16.6445
    7.5000    0.0000  -15.0000 2653.2036   16.9911
   -7.5000    7.5000  -15.0000 2718.0271   16.5126
    0.0000    7.5000  -15.0000 2715.1821   16.5646
    7.5000    7.5000  -15.0000 2671.8955   16.8800
   -7.5000   15.0000  -15.0000 2734.9998   16.5379
    0.0000   15.0000  -15.0000 2730.1694   16.6279
    7.5000   15.0000  -15.0000 2675.7368   16.9606
   -7.5000   22.5000  -15.0000 2740.9629   16.8686
    0.0000   22.5000  -15.0000 2738.9221   16.9342
    7.5000   22.5000  -15.0000 2679.4326   17.2628
   -7.5000   30.0000  -15.0000 2720.1963   17.5298
    0.0000   30.0000  -15.0000 2729.8999   17.5759
    7.5000   30.0000  -15.0000 2668.1284   17.8952
   -7.5000   37.5000  -15.0000 2669.2839   18.3719
    0.0000   37.5000  -15.0000 2681.6638   18.3754
    7.5000   37.5000  -15.0000 2631.3030   18.6669
   -7.5000   45.0000  -15.0000 2593.8159   19.3957
    0.0000   45.0000  -15.0000 2603.4944   19.3591
    7.5000   45.0000  -15.0000 2558.8042   19.7348
   -7.5000  -45.0000   -7.5000 2557.3840   18.8284
    0.0000  -45.0000   -7.5000 2546.0901   18.8044
    7.5000  -45.0000   -7.5000 2523.3508   19.2408
   -7.5000  -37.5000   -7.5000 2582.4248   17.9319
    0.0000  -37.5000   -7.5000 2573.3379   17.8929
    7.5000  -37.5000   -7.5000 2543.6848   18.2896
   -7.5000  -30.0000   -7.5000 2609.7632   17.2532
    0.0000  -30.0000   -7.5000 2603.9524   17.2082
    7.5000  -30.0000   -7.5000 2574.2671   17.5994
   -7.5000  -22.5000   -7.5000 2646.8792   16.6339
    0.0000  -22.5000   -7.5000 2644.1013   16.6456
    7.5000  -22.5000   -7.5000 2609.4797   17.0759
   -7.5000  -15.0000   -7.5000 2677.1807   16.1854
    0.0000  -15.0000   -7.5000 2670.4692   16.2112
    7.5000  -15.0000   -7.5000 2642.0903   16.6600
   -7.5000   -7.5000   -7.5000 2716.4092   15.9612
    0.0000   -7.5000   -7.5000 2710.7493   15.9874
    7.5000   -7.5000   -7.5000 2677.7104   16.3926
   -7.5000    0.0000   -7.5000 2754.4731   15.8159
    0.0000    0.0000   -7.5000 2752.3911   15.8214
    7.5000    0.0000   -7.5000 2713.8857   16.2395
   -7.5000    7.5000   -7.5000 2790.1064   15.6776
    0.0000    7.5000   -7.5000 2786.6719   15.7202
    7.5000    7.5000   -7.5000 2741.4263   16.1009
   -7.5000   15.0000   -7.5000 2816.7512   15.6731
    0.0000   15.0000   -7.5000 2810.2375   15.7591
    7.5000   15.0000   -7.5000 2757.5068   16.2036
   -7.5000   22.5000   -7.5000 2820.6482   15.9690
    0.0000   22.5000   -7.5000 2822.6084   16.0341
    7.5000   22.5000   -7.5000 2767.5710   16.5201
   -7.5000   30.0000   -7.5000 2793.9143   16.5967
    0.0000   30.0000   -7.5000 2811.4897   16.6110
    7.5000   30.0000   -7.5000 2757.8230   17.0255
   -7.5000   37.5000   -7.5000 2738.1597   17.4023
    0.0000   37.5000   -7.5000 2754.5979   17.4367
    7.5000   37.5000   -7.5000 2716.0803   17.8002
   -7.5000   45.0000   -7.5000 2659.2065   18.3958
    0.0000   45.0000   -7.5000 2673.0620   18.4090
    7.5000   45.0000   -7.5000 2630.4749   18.8456
   -7.5000  -45.0000    0.0000 2585.7522   18.4174
    0.0000  -45.0000    0.0000 2570.9492   18.3507
    7.5000  -45.0000    0.0000 2537.2539   18.7527
   -7.5000  -37.5000    0.0000 2611.4822   17.4690
    0.0000  -37.5000    0.0000 2603.4363   17.4342
    7.5000  -37.5000    0.0000 2569.6392   17.8154
   -7.5000  -30.0000    0.0000 2626.4260   16.7457
    0.0000  -30.0000    0.0000 2624.5767   16.7000
    7.5000  -30.0000    0.0000 2595.6448   17.1098
   -7.5000  -22.5000    0.0000 2660.7026   16.1009
    0.0000  -22.5000    0.0000 2654.6887   16.0677
    7.5000  -22.5000    0.0000 2627.8948   16.5301
   -7.5000  -15.0000    0.0000 2693.8892   15.6299
    0.0000  -15.0000    0.0000 2685.0820   15.5810
    7.5000  -15.0000    0.0000 2658.1724   16.0776
   -7.5000   -7.5000    0.0000 2735.6902   15.3799
    0.0000   -7.5000    0.0000 2728.7461   15.3285
    7.5000   -7.5000    0.0000 2702.7356   15.8119
   -7.5000    0.0000    0.0000 2784.8809   15.2180
    0.0000    0.0000    0.0000 2781.3752   15.1950
    7.5000    0.0000    0.0000 2750.7856   15.6932
   -7.5000    7.5000    0.0000 2830.9187   15.1650
    0.0000    7.5000    0.0000 2832.5332   15.1381
    7.5000    7.5000    0.0000 2787.1147   15.6424
   -7.5000   15.0000    0.0000 2874.8740   15.1617
    0.0000   15.0000    0.0000 2879.2932   15.2308
    7.5000   15.0000    0.0000 2815.3811   15.7664
   -7.5000   22.5000    0.0000 2882.6594   15.3927
    0.0000   22.5000    0.0000 2896.2336   15.4501
    7.5000   22.5000    0.0000 2830.4065   16.0919
   -7.5000   30.0000    0.0000 2841.3777   15.9117
    0.0000   30.0000    0.0000 2875.4937   15.9597
    7.5000   30.0000    0.0000 2815.0344   16.5330
   -7.5000   37.5000    0.0000 2778.5789   16.6830
    0.0000   37.5000    0.0000 2805.6084   16.7202
    7.5000   37.5000    0.0000 2762.1018   17.2247
   -7.5000   45.0000    0.0000 2700.2952   17.7191
    0.0000   45.0000    0.0000 2717.7180   17.7248
    7.5000   45.0000    0.0000 2674.4863   18.2431
   -7.5000  -45.0000    7.5000 2589.8582   18.1669
    0.0000  -45.0000    7.5000 2579.1562   18.0442
    7.5000  -45.0000    7.5000 2540.4331   18.5356
   -7.5000  -37.5000    7.5000 2621.7568   17.2543
    0.0000  -37.5000    7.5000 2623.8992   17.1287
    7.5000  -37.5000    7.5000 2580.9346   17.5813
   -7.5000  -30.0000    7.5000 2633.7917   16.4980
    0.0000  -30.0000    7.5000 2635.3140   16.3728
    7.5000  -30.0000    7.5000 2600.4990   16.8838
   -7.5000  -22.5000    7.5000 2660.1621   15.8794
    0.0000  -22.5000    7.5000 2655.4795   15.7297
    7.5000  -22.5000    7.5000 2622.5608   16.2764
   -7.5000  -15.0000    7.5000 2693.5608   15.3858
    0.0000  -15.0000    7.5000 2687.7759   15.2270
    7.5000  -15.0000    7.5000 2654.0134   15.8102
   -7.5000   -7.5000    7.5000 2736.5779   15.0924
    0.0000   -7.5000    7.5000 2736.5657   14.9339
    7.5000   -7.5000    7.5000 2701.9136   15.5294
   -7.5000    0.0000    7.5000 2785.5222   14.9600
    0.0000    0.0000    7.5000 2790.4165   14.7967
    7.5000    0.0000    7.5000 2758.3047   15.4105
   -7.5000    7.5000    7.5000 2845.7566   15.0326
    0.0000    7.5000    7.5000 2851.7148   14.8761
    7.5000    7.5000    7.5000 2808.0908   15.4512
   -7.5000   15.0000    7.5000 2903.5461   15.1648
    0.0000   15.0000    7.5000 2912.4800   15.0961
    7.5000   15.0000    7.5000 2847.3640   15.6358
   -7.5000   22.5000    7.5000 2921.8206   15.2525
    0.0000   22.5000    7.5000 2942.0015   15.2063
    7.5000   22.5000    7.5000 2861.4426   15.8721
   -7.5000   30.0000    7.5000 2869.3875   15.5579
    0.0000   30.0000    7.5000 2896.7478   15.4825
    7.5000   30.0000    7.5000 2835.0159   16.1509
   -7.5000   37.5000    7.5000 2801.2410   16.2821
    0.0000   37.5000    7.5000 2826.7524   16.2074
    7.5000   37.5000    7.5000 2779.2546   16.8483
   -7.5000   45.0000    7.5000 2705.6565   17.4279
    0.0000   45.0000    7.5000 2723.7649   17.3645
    7.5000   45.0000    7.5000 2688.4727   17.8775
   -7.5000  -45.0000   15.0000 2567.7520   18.2291
    0.0000  -45.0000   15.0000 2561.2927   18.0037
    7.5000  -45.0000   15.0000 2520.5024   18.5952
   -7.5000  -37.5000   15.0000 2612.6584   17.2829
    0.0000  -37.5000   15.0000 2610.9827   17.0837
    7.5000  -37.5000   15.0000 2567.6868   17.6042
   -7.5000  -30.0000   15.0000 2622.0166   16.5377
    0.0000  -30.0000   15.0000 2625.1736   16.3505
    7.5000  -30.0000   15.0000 2589.6094   16.8897
   -7.5000  -22.5000   15.0000 2641.1501   15.8605
    0.0000  -22.5000   15.0000 2643.4773   15.6981
    7.5000  -22.5000   15.0000 2613.5583   16.3020
   -7.5000  -15.0000   15.0000 2671.1301   15.3838
    0.0000  -15.0000   15.0000 2670.4526   15.2101
    7.5000  -15.0000   15.0000 2642.2866   15.8432
   -7.5000   -7.5000   15.0000 2712.2493   15.1295
    0.0000   -7.5000   15.0000 2719.2292   14.9648
    7.5000   -7.5000   15.0000 2683.7148   15.5743
   -7.5000    0.0000   15.0000 2767.1960   15.1149
    0.0000    0.0000   15.0000 2776.3025   14.9026
    7.5000    0.0000   15.0000 2740.5547   15.4504
   -7.5000    7.5000   15.0000 2825.9453   15.2800
    0.0000    7.5000   15.0000 2837.3806   15.0579
    7.5000    7.5000   15.0000 2791.1548   15.5057
   -7.5000   15.0000   15.0000 2880.2429   15.4760
    0.0000   15.0000   15.0000 2894.1289   15.2997
    7.5000   15.0000   15.0000 2830.1462   15.7020
   -7.5000   22.5000   15.0000 2900.3579   15.5792
    0.0000   22.5000   15.0000 2912.5674   15.3872
    7.5000   22.5000   15.0000 2844.4150   15.8904
   -7.5000   30.0000   15.0000 2851.4080   15.7877
    0.0000   30.0000   15.0000 2873.0637   15.6294
    7.5000   30.0000   15.0000 2818.3052   16.1576
   -7.5000   37.5000   15.0000 2791.5701   16.4355
    0.0000   37.5000   15.0000 2817.0415   16.3312
    7.5000   37.5000   15.0000 2765.9319   16.7995
   -7.5000   45.0000   15.0000 2692.7229   17.5082
    0.0000   45.0000   15.0000 2710.9087   17.4183
    7.5000   45.0000   15.0000 2679.9448   17.8717
   -7.5000  -45.0000   22.5000 2512.3384   18.4896
    0.0000  -45.0000   22.5000 2511.6692   18.3004
    7.5000  -45.0000   22.5000 2484.8362   18.8920
   -7.5000  -37.5000   22.5000 2560.1580   17.5503
    0.0000  -37.5000   22.5000 2569.3508   17.3324
    7.5000  -37.5000   22.5000 2540.1562   17.8981
   -7.5000  -30.0000   22.5000 2576.2175   16.7864
    0.0000  -30.0000   22.5000 2589.0127   16.6025
    7.5000  -30.0000   22.5000 2562.1772   17.1274
   -7.5000  -22.5000   22.5000 2605.4946   16.1899
    0.0000  -22.5000   22.5000 2614.4941   16.0211
    7.5000  -22.5000   22.5000 2586.5842   16.5356
   -7.5000  -15.0000   22.5000 2634.3792   15.7806
    0.0000  -15.0000   22.5000 2644.7229   15.6093
    7.5000  -15.0000   22.5000 2613.3145   16.1159
   -7.5000   -7.5000   22.5000 2672.1084   15.5549
    0.0000   -7.5000   22.5000 2688.7861   15.3962
    7.5000   -7.5000   22.5000 2655.3618   15.8441
   -7.5000    0.0000   22.5000 2722.5620   15.5070
    0.0000    0.0000   22.5000 2741.4512   15.3159
    7.5000    0.0000   22.5000 2709.2329   15.7404
   -7.5000    7.5000   22.5000 2781.9065   15.5851
    0.0000    7.5000   22.5000 2794.7268   15.4005
    7.5000    7.5000   22.5000 2758.0913   15.8154
   -7.5000   15.0000   22.5000 2825.1182   15.6832
    0.0000   15.0000   22.5000 2837.2273   15.5181
    7.5000   15.0000   22.5000 2789.2515   15.9639
   -7.5000   22.5000   22.5000 2843.1990   15.8337
    0.0000   22.5000   22.5000 2852.8674   15.6230
    7.5000   22.5000   22.5000 2799.0916   16.1486
   -7.5000   30.0000   22.5000 2808.8892   16.2296
    0.0000   30.0000   22.5000 2824.6431   16.0479
    7.5000   30.0000   22.5000 2773.0813   16.5212
   -7.5000   37.5000   22.5000 2754.2920   16.9907
    0.0000   37.5000   22.5000 2774.7449   16.8380
    7.5000   37.5000   22.5000 2727.3708   17.2528
   -7.5000   45.0000   22.5000 2660.5845   18.0349
    0.0000   45.0000   22.5000 2677.7068   17.9472
    7.5000   45.0000   22.5000 2640.4675   18.3309
   -7.5000  -45.0000   30.0000 2444.2866   19.0186
    0.0000  -45.0000   30.0000 2451.7590   18.8838
    7.5000  -45.0000   30.0000 2434.6831   19.4790
   -7.5000  -37.5000   30.0000 2494.6790   18.1296
    0.0000  -37.5000   30.0000 2504.2202   17.8901
    7.5000  -37.5000   30.0000 2485.8862   18.3997
   -7.5000  -30.0000   30.0000 2511.8511   17.4373
    0.0000  -30.0000   30.0000 2524.3699   17.1899
    7.5000  -30.0000   30.0000 2504.3447   17.6345
   -7.5000  -22.5000   30.0000 2547.8728   16.8175
    0.0000  -22.5000   30.0000 2553.1707   16.5814
    7.5000  -22.5000   30.0000 2533.2092   17.0112
   -7.5000  -15.0000   30.0000 2580.3679   16.3647
    0.0000  -15.0000   30.0000 2597.2922   16.1658
    7.5000  -15.0000   30.0000 2565.1077   16.6077
   -7.5000   -7.5000   30.0000 2621.5676   16.1051
    0.0000   -7.5000   30.0000 2641.9165   15.9142
    7.5000   -7.5000   30.0000 2609.4648   16.3374
   -7.5000    0.0000   30.0000 2665.2070   15.9975
    0.0000    0.0000   30.0000 2688.4668   15.8580
    7.5000    0.0000   30.0000 2653.8684   16.2383
   -7.5000    7.5000   30.0000 2712.4419   16.0008
    0.0000    7.5000   30.0000 2732.0154   15.8762
    7.5000    7.5000   30.0000 2696.7485   16.2564
   -7.5000   15.0000   30.0000 2749.2917   16.0764
    0.0000   15.0000   30.0000 2762.4573   15.9289
    7.5000   15.0000   30.0000 2719.8472   16.4056
   -7.5000   22.5000   30.0000 2763.5603   16.3314
    0.0000   22.5000   30.0000 2772.7644   16.1897
    7.5000   22.5000   30.0000 2728.4216   16.6609
   -7.5000   30.0000   30.0000 2736.7517   16.8106
    0.0000   30.0000   30.0000 2744.8315   16.6611
    7.5000   30.0000   30.0000 2707.3618   17.1093
   -7.5000   37.5000   30.0000 2686.2156   17.5933
    0.0000   37.5000   30.0000 2701.0293   17.4647
    7.5000   37.5000   30.0000 2661.0347   17.9001
   -7.5000   45.0000   30.0000 2603.5676   18.7027
    0.0000   45.0000   30.0000 2615.8809   18.5841
    7.5000   45.0000   30.0000 2580.1299   18.9777
   -7.5000  -45.0000   37.5000 2374.6472   20.0428
    0.0000  -45.0000   37.5000 2390.9451   19.8048
    7.5000  -45.0000   37.5000 2369.1272   20.3047
   -7.5000  -37.5000   37.5000 2424.8904   19.0181
    0.0000  -37.5000   37.5000 2435.9685   18.7127
    7.5000  -37.5000   37.5000 2420.7703   19.1322
   -7.5000  -30.0000   37.5000 2450.4185   18.2231
    0.0000  -30.0000   37.5000 2458.4775   17.9223
    7.5000  -30.0000   37.5000 2442.5237   18.3249
   -7.5000  -22.5000   37.5000 2485.2688   17.5426
    0.0000  -22.5000   37.5000 2502.8477   17.2539
    7.5000  -22.5000   37.5000 2474.5293   17.6594
   -7.5000  -15.0000   37.5000 2524.8591   17.0763
    0.0000  -15.0000   37.5000 2547.2644   16.8247
    7.5000  -15.0000   37.5000 2515.5376   17.2332
   -7.5000   -7.5000   37.5000 2568.3389   16.7782
    0.0000   -7.5000   37.5000 2589.2739   16.5857
    7.5000   -7.5000   37.5000 2560.0906   16.9893
   -7.5000    0.0000   37.5000 2604.4607   16.6421
    0.0000    0.0000   37.5000 2626.9343   16.5101
    7.5000    0.0000   37.5000 2593.6099   16.8933
   -7.5000    7.5000   37.5000 2637.0359   16.6505
    0.0000    7.5000   37.5000 2662.3181   16.5121
    7.5000    7.5000   37.5000 2623.5435   16.9457
   -7.5000   15.0000   37.5000 2660.3811   16.7672
    0.0000   15.0000   37.5000 2680.9800   16.6252
    7.5000   15.0000   37.5000 2635.9890   17.0746
   -7.5000   22.5000   37.5000 2670.3608   17.1282
    0.0000   22.5000   37.5000 2685.4856   16.9919
    7.5000   22.5000   37.5000 2642.1770   17.3922
   -7.5000   30.0000   37.5000 2642.3582   17.6743
    0.0000   30.0000   37.5000 2653.8857   17.5597
    7.5000   30.0000   37.5000 2618.1362   17.9519
   -7.5000   37.5000   37.5000 2599.0547   18.4498
    0.0000   37.5000   37.5000 2612.9521   18.3588
    7.5000   37.5000   37.5000 2582.5894   18.7702
   -7.5000   45.0000   37.5000 2524.7390   19.4979
    0.0000   45.0000   37.5000 2542.9751   19.3967
    7.5000   45.0000   37.5000 2507.1521   19.7917
   -7.5000  -45.0000   45.0000 2301.0640   21.2908
    0.0000  -45.0000   45.0000 2320.6609   20.9497
    7.5000  -45.0000   45.0000 2301.6743   21.4636
   -7.5000  -37.5000   45.0000 2350.9788   20.1374
    0.0000  -37.5000   45.0000 2366.6362   19.7693
    7.5000  -37.5000   45.0000 2347.4395   20.1699
   -7.5000  -30.0000   45.0000 2377.9756   19.2958
    0.0000  -30.0000   45.0000 2391.8840   18.8718
    7.5000  -30.0000   45.0000 2374.1162   19.2391
   -7.5000  -22.5000   45.0000 2420.1477   18.6018
    0.0000  -22.5000   45.0000 2437.5608   18.2134
    7.5000  -22.5000   45.0000 2407.4326   18.5296
   -7.5000  -15.0000   45.0000 2459.0630   18.0677
    0.0000  -15.0000   45.0000 2484.4746   17.7732
    7.5000  -15.0000   45.0000 2450.5447   18.0963
   -7.5000   -7.5000   45.0000 2498.6653   17.7267
    0.0000   -7.5000   45.0000 2522.7292   17.5222
    7.5000   -7.5000   45.0000 2491.3591   17.8518
   -7.5000    0.0000   45.0000 2528.7136   17.6287
    0.0000    0.0000   45.0000 2553.8667   17.4483
    7.5000    0.0000   45.0000 2521.7473   17.8072
   -7.5000    7.5000   45.0000 2556.1187   17.6447
    0.0000    7.5000   45.0000 2579.1482   17.4744
    7.5000    7.5000   45.0000 2541.3601   17.9086
   -7.5000   15.0000   45.0000 2569.3511   17.8132
    0.0000   15.0000   45.0000 2588.9329   17.6725
    7.5000   15.0000   45.0000 2549.4885   18.0813
   -7.5000   22.5000   45.0000 2570.4629   18.2330
    0.0000   22.5000   45.0000 2587.2563   18.0826
    7.5000   22.5000   45.0000 2544.9895   18.4452
   -7.5000   30.0000   45.0000 2548.9038   18.8612
    0.0000   30.0000   45.0000 2558.8064   18.7241
    7.5000   30.0000   45.0000 2522.7566   19.0846
   -7.5000   37.5000   45.0000 2506.1396   19.6956
    0.0000   37.5000   45.0000 2516.5076   19.5815
    7.5000   37.5000   45.0000 2485.5249   19.9072
   -7.5000   45.0000   45.0000 2442.8074   20.6993
    0.0000   45.0000   45.0000 2463.4714   20.5762
    7.5000   45.0000   45.0000 2435.0391   20.8917

---------------------------------------------------------------------
imgreg_4dfp /opt/freesurfer/average/711-2C_as_mni_average_305 /opt/freesurfer/average/711-2B_as_mni_average_305_mask talsrcimg_g11 none talsrcimg_to_711-2C_as_mni_average_305_t4 1283
---------------------------------------------------------------------

freesurfer imgreg_4dfp.c
/opt/freesurfer/average/711-2C_as_mni_average_305.4dfp.img
       256       256       256         1
  1.000000  1.000000  1.000000
orientation T byte_order littleendian
Reading image: /opt/freesurfer/average/711-2C_as_mni_average_305.4dfp.img
dimensions:      256       256       256
mmppix:       1.0000   -1.0000   -1.0000
center:     128.0000 -129.0000 -129.0000
/opt/freesurfer/average/711-2B_as_mni_average_305_mask.4dfp.img
       256       256       256         1
  1.000000  1.000000  1.000000
orientation T byte_order littleendian
Reading mask: /opt/freesurfer/average/711-2B_as_mni_average_305_mask.4dfp.img (2306576 pixels)
talsrcimg_g11.4dfp.img
       256       256       256         1
  1.000000  1.000000  1.000000
orientation T byte_order littleendian
Reading image: talsrcimg_g11.4dfp.img
dimensions:      256       256       256
mmppix:       1.0000   -1.0000   -1.0000
center:     128.0000 -129.0000 -129.0000
rotation matrix determinant  1.000000
fimgreg.f
image alignment mode   1283 decimal      503 hex
parameters
    0.0000   22.5000    7.5000    0.0000    0.0000    0.0000
eta,q 0.92273 15.33865
niter,ni,del,rscale     5    3   12.0000    1.2000
parameter  4  1.191500 ->  0.500000 qaram    1.1500
parameter  5  1.327309 ->  0.500000 qaram    1.1500
parameters
   -1.5035   21.5952    7.3031   -3.4500   -3.4500    0.0046
eta,q 0.93001 15.11034
  0.0837  0.0819  0.0837  0.0736  0.0706  0.0742
  0.0797  0.0796  0.0802  0.0741  0.0699  0.0720
  0.0780  0.0778  0.0775  0.0757  0.0713  0.0705
  0.0767  0.0770  0.0772  0.0773  0.0744  0.0700
  0.0798  0.0776  0.0783  0.0797  0.0789  0.0699
  0.0894  0.0818  0.0818  0.0828  0.0820  0.0713
  0.0986  0.0882  0.0837  0.0865  0.0846  0.0748
niter,ni,del,rscale     6    3   12.0000    1.2000
parameter  4  0.695870 ->  0.500000 qaram    1.3225
parameters
   -1.6020   23.3775    7.5322   -7.4175   -6.1623   -0.5748
eta,q 0.93648 15.21838
  0.0815  0.0825  0.0776  0.0657  0.0687  0.0693
  0.0760  0.0765  0.0741  0.0656  0.0654  0.0664
  0.0714  0.0727  0.0702  0.0669  0.0636  0.0640
  0.0700  0.0699  0.0685  0.0685  0.0658  0.0636
  0.0724  0.0685  0.0694  0.0711  0.0705  0.0656
  0.0760  0.0699  0.0726  0.0754  0.0753  0.0684
  0.0823  0.0733  0.0768  0.0825  0.0788  0.0712
niter,ni,del,rscale     6    3   12.0000    1.2000
parameter  4  0.520112 ->  0.500000 qaram    1.5209
parameters
   -0.8051   25.1876    6.4595  -11.9801   -6.7466    0.2947
eta,q 0.93968 15.23519
  0.0799  0.0778  0.0716  0.0616  0.0674  0.0680
  0.0720  0.0712  0.0651  0.0607  0.0635  0.0646
  0.0667  0.0664  0.0620  0.0599  0.0608  0.0617
  0.0635  0.0638  0.0620  0.0616  0.0604  0.0604
  0.0653  0.0619  0.0661  0.0666  0.0610  0.0606
  0.0685  0.0632  0.0733  0.0714  0.0651  0.0620
  0.0727  0.0674  0.0791  0.0792  0.0712  0.0648
niter,ni,del,rscale     6    3   12.0000    1.2000
parameters
   -0.8659   25.9140    6.1766  -11.5020   -6.7516    0.1937
eta,q 0.94028 15.24719
  0.0722  0.0752  0.0690  0.0724  0.0677  0.0659
  0.0644  0.0689  0.0634  0.0663  0.0633  0.0623
  0.0609  0.0630  0.0606  0.0618  0.0603  0.0602
  0.0603  0.0603  0.0599  0.0599  0.0597  0.0597
  0.0634  0.0601  0.0612  0.0597  0.0600  0.0606
  0.0665  0.0636  0.0652  0.0645  0.0625  0.0628
  0.0706  0.0703  0.0705  0.0705  0.0684  0.0661
niter,ni,del,rscale     5    3   12.0000    1.2000
parameters
   -0.8205   25.9086    6.2408  -11.4982   -6.7422    0.1961
eta,q 0.94024 15.24443
  0.0718  0.0723  0.0706  0.0714  0.0678  0.0661
  0.0641  0.0663  0.0645  0.0653  0.0634  0.0625
  0.0605  0.0617  0.0609  0.0615  0.0604  0.0602
  0.0597  0.0598  0.0598  0.0598  0.0598  0.0598
  0.0627  0.0607  0.0605  0.0601  0.0600  0.0606
  0.0658  0.0655  0.0645  0.0655  0.0625  0.0627
  0.0695  0.0732  0.0700  0.0717  0.0684  0.0659
niter,ni,del,rscale     4    3   12.0000    1.2000
parameters
   -0.8252   25.9230    6.2509  -11.4952   -6.7428    0.1951
eta,q 0.94026 15.24374
  0.0716  0.0724  0.0704  0.0715  0.0678  0.0661
  0.0640  0.0664  0.0643  0.0653  0.0634  0.0625
  0.0605  0.0617  0.0609  0.0615  0.0604  0.0602
  0.0598  0.0598  0.0597  0.0597  0.0597  0.0597
  0.0628  0.0607  0.0606  0.0601  0.0600  0.0606
  0.0659  0.0654  0.0646  0.0655  0.0625  0.0627
  0.0696  0.0731  0.0702  0.0717  0.0684  0.0659
registration optimization eta report
parameter search radius
    6.0000    6.0000    6.0000    9.1253    6.9000    6.0000
100000*second partial in parameter space
       29.       36.       30.       14.       18.       17.
  0.0716  0.0724  0.0704  0.0715  0.0678  0.0661
  0.0640  0.0664  0.0643  0.0653  0.0634  0.0625
  0.0605  0.0617  0.0609  0.0615  0.0604  0.0602
  0.0598  0.0598  0.0597  0.0597  0.0597  0.0597
  0.0628  0.0607  0.0606  0.0601  0.0600  0.0606
  0.0659  0.0654  0.0646  0.0655  0.0625  0.0627
  0.0696  0.0731  0.0702  0.0717  0.0684  0.0659
   -0.8252   25.9230    6.2509  -11.4952   -6.7428    0.1951
eta,q 0.94026 15.24374

---------------------------------------------------------------------
imgreg_4dfp /opt/freesurfer/average/711-2C_as_mni_average_305 /opt/freesurfer/average/711-2B_as_mni_average_305_mask talsrcimg_g11 none talsrcimg_to_711-2C_as_mni_average_305_t4 3335
---------------------------------------------------------------------

freesurfer imgreg_4dfp.c
/opt/freesurfer/average/711-2C_as_mni_average_305.4dfp.img
       256       256       256         1
  1.000000  1.000000  1.000000
orientation T byte_order littleendian
Reading image: /opt/freesurfer/average/711-2C_as_mni_average_305.4dfp.img
dimensions:      256       256       256
mmppix:       1.0000   -1.0000   -1.0000
center:     128.0000 -129.0000 -129.0000
/opt/freesurfer/average/711-2B_as_mni_average_305_mask.4dfp.img
       256       256       256         1
  1.000000  1.000000  1.000000
orientation T byte_order littleendian
Reading mask: /opt/freesurfer/average/711-2B_as_mni_average_305_mask.4dfp.img (2306576 pixels)
talsrcimg_g11.4dfp.img
       256       256       256         1
  1.000000  1.000000  1.000000
orientation T byte_order littleendian
Reading image: talsrcimg_g11.4dfp.img
dimensions:      256       256       256
mmppix:       1.0000   -1.0000   -1.0000
center:     128.0000 -129.0000 -129.0000
fimgreg.f
image alignment mode   3335 decimal      D07 hex
parameters
   -0.8252   25.9230    6.2509   -0.6922   -2.0144   -2.6836
   -2.6734   11.4378    0.3381   19.9676  -11.7412  -19.7907
eta,q 0.94390 15.03027
niter,ni,del,rscale     5    3    5.0000    1.2000
parameter  4  4.416712 ->  0.500000 qaram    1.1500
parameter  5  2.819504 ->  0.500000 qaram    1.1500
parameter  6  1.059329 ->  0.500000 qaram    1.1500
parameter 12 -1.144565 -> -0.500000 qaram    1.1500
parameters
   -1.0721   25.9662    5.8811   -4.8322   -6.1544   -6.8236
   -1.9645   10.6379    0.2909   18.8973  -11.5679  -15.6507
eta,q 0.96236 14.79836
  0.0584  0.0583  0.0577  0.0445  0.0419  0.0386  0.0444  0.0445  0.0422  0.0421  0.0416  0.0459
  0.0569  0.0571  0.0567  0.0477  0.0433  0.0395  0.0423  0.0418  0.0409  0.0405  0.0405  0.0434
  0.0562  0.0563  0.0561  0.0517  0.0457  0.0411  0.0406  0.0401  0.0400  0.0397  0.0398  0.0413
  0.0561  0.0561  0.0561  0.0560  0.0487  0.0439  0.0399  0.0398  0.0397  0.0397  0.0396  0.0396
  0.0566  0.0563  0.0566  0.0602  0.0518  0.0484  0.0401  0.0411  0.0400  0.0405  0.0398  0.0383
  0.0578  0.0570  0.0577  0.0650  0.0548  0.0537  0.0412  0.0436  0.0409  0.0419  0.0405  0.0374
  0.0596  0.0581  0.0591  0.0702  0.0583  0.0594  0.0430  0.0470  0.0422  0.0439  0.0414  0.0372
niter,ni,del,rscale     7    3    5.0000    1.2000
parameter  4  1.115499 ->  0.500000 qaram    1.3225
parameters
   -0.9694   25.7015    6.1273   -9.5932  -10.1971  -10.2451
   -1.6380   10.5274    0.4476   16.3725  -12.5570  -13.0423
eta,q 0.96925 14.26684
  0.0430  0.0404  0.0407  0.0322  0.0331  0.0326  0.0357  0.0372  0.0340  0.0324  0.0322  0.0355
  0.0402  0.0387  0.0392  0.0325  0.0323  0.0317  0.0336  0.0343  0.0327  0.0313  0.0315  0.0335
  0.0383  0.0378  0.0381  0.0341  0.0320  0.0316  0.0321  0.0323  0.0319  0.0311  0.0311  0.0320
  0.0376  0.0376  0.0376  0.0376  0.0328  0.0321  0.0315  0.0315  0.0315  0.0315  0.0311  0.0310
  0.0381  0.0383  0.0377  0.0424  0.0348  0.0336  0.0319  0.0322  0.0318  0.0326  0.0314  0.0308
  0.0396  0.0398  0.0384  0.0474  0.0377  0.0376  0.0331  0.0343  0.0326  0.0340  0.0321  0.0311
  0.0422  0.0419  0.0397  0.0526  0.0407  0.0430  0.0351  0.0378  0.0338  0.0359  0.0331  0.0321
niter,ni,del,rscale     7    3    5.0000    1.2000
parameters
   -0.8725   25.6700    5.9761  -13.3463  -10.3249  -11.7599
   -1.6880   10.3462    0.5590   15.6469  -13.4483  -13.4256
eta,q 0.97011 13.92094
  0.0362  0.0338  0.0328  0.0319  0.0330  0.0325  0.0337  0.0351  0.0324  0.0327  0.0310  0.0324
  0.0333  0.0321  0.0316  0.0306  0.0314  0.0308  0.0317  0.0323  0.0312  0.0308  0.0303  0.0309
  0.0315  0.0311  0.0309  0.0303  0.0306  0.0300  0.0305  0.0305  0.0303  0.0300  0.0299  0.0301
  0.0308  0.0307  0.0307  0.0307  0.0303  0.0303  0.0300  0.0300  0.0300  0.0300  0.0299  0.0299
  0.0312  0.0311  0.0311  0.0327  0.0303  0.0311  0.0305  0.0307  0.0303  0.0308  0.0302  0.0304
  0.0328  0.0322  0.0320  0.0368  0.0313  0.0323  0.0318  0.0326  0.0311  0.0320  0.0308  0.0314
  0.0354  0.0340  0.0334  0.0419  0.0335  0.0355  0.0338  0.0356  0.0323  0.0336  0.0317  0.0327
niter,ni,del,rscale     6    3    5.0000    1.2000
parameters
   -0.8197   25.6995    5.7720  -13.9551  -10.4448  -12.2464
   -1.7972   10.3097    0.6514   15.6104  -13.6166  -13.6632
eta,q 0.97021 13.83873
  0.0346  0.0330  0.0319  0.0341  0.0327  0.0333  0.0334  0.0353  0.0322  0.0333  0.0312  0.0323
  0.0321  0.0313  0.0307  0.0317  0.0310  0.0313  0.0315  0.0323  0.0309  0.0311  0.0304  0.0309
  0.0305  0.0302  0.0300  0.0302  0.0301  0.0300  0.0302  0.0304  0.0301  0.0301  0.0299  0.0300
  0.0299  0.0299  0.0299  0.0299  0.0299  0.0299  0.0298  0.0298  0.0298  0.0298  0.0298  0.0298
  0.0303  0.0302  0.0303  0.0304  0.0300  0.0307  0.0303  0.0305  0.0301  0.0304  0.0300  0.0302
  0.0318  0.0312  0.0313  0.0321  0.0309  0.0319  0.0316  0.0324  0.0309  0.0315  0.0305  0.0312
  0.0343  0.0329  0.0327  0.0358  0.0330  0.0340  0.0337  0.0353  0.0321  0.0330  0.0314  0.0326
niter,ni,del,rscale     5    3    5.0000    1.2000
parameters
   -0.8314   25.7099    5.6963  -13.9956  -10.4415  -12.3500
   -1.8282   10.2894    0.6828   15.6313  -13.6312  -13.7515
eta,q 0.97022 13.83014
  0.0343  0.0328  0.0321  0.0345  0.0327  0.0336  0.0334  0.0353  0.0322  0.0333  0.0313  0.0324
  0.0319  0.0311  0.0308  0.0320  0.0310  0.0315  0.0315  0.0323  0.0309  0.0312  0.0305  0.0310
  0.0303  0.0301  0.0300  0.0303  0.0301  0.0301  0.0302  0.0304  0.0301  0.0300  0.0299  0.0301
  0.0298  0.0298  0.0298  0.0298  0.0298  0.0298  0.0298  0.0298  0.0298  0.0298  0.0298  0.0298
  0.0303  0.0301  0.0301  0.0302  0.0299  0.0306  0.0302  0.0305  0.0301  0.0303  0.0300  0.0302
  0.0319  0.0311  0.0310  0.0316  0.0308  0.0318  0.0315  0.0324  0.0309  0.0315  0.0305  0.0311
  0.0344  0.0328  0.0324  0.0349  0.0328  0.0336  0.0336  0.0353  0.0321  0.0329  0.0313  0.0325
niter,ni,del,rscale     4    3    5.0000    1.2000
parameters
   -0.8369   25.7124    5.6696  -14.0020  -10.4348  -12.3818
   -1.8362   10.2793    0.6906   15.6433  -13.6286  -13.7800
eta,q 0.97023 13.82834
  0.0343  0.0328  0.0322  0.0346  0.0327  0.0337  0.0335  0.0353  0.0322  0.0333  0.0313  0.0325
  0.0319  0.0311  0.0309  0.0320  0.0310  0.0315  0.0315  0.0323  0.0309  0.0311  0.0305  0.0310
  0.0303  0.0301  0.0301  0.0303  0.0301  0.0301  0.0302  0.0304  0.0301  0.0300  0.0299  0.0301
  0.0298  0.0298  0.0298  0.0298  0.0298  0.0298  0.0298  0.0298  0.0298  0.0298  0.0298  0.0298
  0.0303  0.0301  0.0301  0.0302  0.0299  0.0305  0.0302  0.0305  0.0301  0.0303  0.0300  0.0302
  0.0319  0.0311  0.0309  0.0316  0.0308  0.0317  0.0315  0.0324  0.0309  0.0315  0.0305  0.0311
  0.0344  0.0328  0.0323  0.0349  0.0328  0.0335  0.0335  0.0353  0.0322  0.0329  0.0313  0.0324
niter,ni,del,rscale     3    3    5.0000    1.2000
parameters
   -0.8412   25.7137    5.6599  -14.0022  -10.4311  -12.3908
   -1.8377   10.2752    0.6918   15.6459  -13.6252  -13.7881
eta,q 0.97023 13.82808
  0.0343  0.0328  0.0322  0.0346  0.0327  0.0337  0.0335  0.0353  0.0322  0.0333  0.0313  0.0325
  0.0319  0.0311  0.0309  0.0320  0.0310  0.0316  0.0315  0.0323  0.0309  0.0311  0.0305  0.0310
  0.0303  0.0301  0.0301  0.0303  0.0301  0.0301  0.0302  0.0304  0.0301  0.0300  0.0299  0.0301
  0.0298  0.0298  0.0298  0.0298  0.0298  0.0298  0.0298  0.0298  0.0298  0.0298  0.0298  0.0298
  0.0303  0.0301  0.0301  0.0301  0.0299  0.0305  0.0302  0.0305  0.0301  0.0304  0.0300  0.0302
  0.0319  0.0311  0.0309  0.0316  0.0308  0.0317  0.0315  0.0324  0.0309  0.0315  0.0305  0.0311
  0.0344  0.0328  0.0323  0.0349  0.0328  0.0335  0.0335  0.0352  0.0322  0.0329  0.0313  0.0324
registration optimization eta report
parameter search radius
    2.4000    2.4000    2.4000    9.5220    8.2800    8.2800
    7.2000    7.2000    7.2000    7.2000    7.2000    8.2800
100000*second partial in parameter space
       80.       52.       42.        6.        4.        6.
        7.       11.        5.        6.        3.        4.
  0.0343  0.0328  0.0322  0.0346  0.0327  0.0337  0.0335  0.0353  0.0322  0.0333  0.0313  0.0325
  0.0319  0.0311  0.0309  0.0320  0.0310  0.0316  0.0315  0.0323  0.0309  0.0311  0.0305  0.0310
  0.0303  0.0301  0.0301  0.0303  0.0301  0.0301  0.0302  0.0304  0.0301  0.0300  0.0299  0.0301
  0.0298  0.0298  0.0298  0.0298  0.0298  0.0298  0.0298  0.0298  0.0298  0.0298  0.0298  0.0298
  0.0303  0.0301  0.0301  0.0301  0.0299  0.0305  0.0302  0.0305  0.0301  0.0304  0.0300  0.0302
  0.0319  0.0311  0.0309  0.0316  0.0308  0.0317  0.0315  0.0324  0.0309  0.0315  0.0305  0.0311
  0.0344  0.0328  0.0323  0.0349  0.0328  0.0335  0.0335  0.0352  0.0322  0.0329  0.0313  0.0324
   -0.8412   25.7137    5.6599  -14.0022  -10.4311  -12.3908
   -1.8377   10.2752    0.6918   15.6459  -13.6252  -13.7881
eta,q 0.97023 13.82808

---------------------------------------------------------------------
imgreg_4dfp /opt/freesurfer/average/711-2C_as_mni_average_305 /opt/freesurfer/average/711-2B_as_mni_average_305_mask talsrcimg_g11 none talsrcimg_to_711-2C_as_mni_average_305_t4 2311
---------------------------------------------------------------------

freesurfer imgreg_4dfp.c
/opt/freesurfer/average/711-2C_as_mni_average_305.4dfp.img
       256       256       256         1
  1.000000  1.000000  1.000000
orientation T byte_order littleendian
Reading image: /opt/freesurfer/average/711-2C_as_mni_average_305.4dfp.img
dimensions:      256       256       256
mmppix:       1.0000   -1.0000   -1.0000
center:     128.0000 -129.0000 -129.0000
/opt/freesurfer/average/711-2B_as_mni_average_305_mask.4dfp.img
       256       256       256         1
  1.000000  1.000000  1.000000
orientation T byte_order littleendian
Reading mask: /opt/freesurfer/average/711-2B_as_mni_average_305_mask.4dfp.img (2306576 pixels)
talsrcimg_g11.4dfp.img
       256       256       256         1
  1.000000  1.000000  1.000000
orientation T byte_order littleendian
Reading image: talsrcimg_g11.4dfp.img
dimensions:      256       256       256
mmppix:       1.0000   -1.0000   -1.0000
center:     128.0000 -129.0000 -129.0000
fimgreg.f
image alignment mode   2311 decimal      907 hex
parameters
   -0.8412   25.7137    5.6599  -14.0022  -10.4311  -12.3908
   -1.8377   10.2752    0.6918   15.6459  -13.6252  -13.7881
eta,q 0.97023 13.82807
niter,ni,del,rscale     5    3    5.0000    0.8000
parameters
   -0.8347   25.7144    5.6623  -13.6621  -10.0747  -12.6736
   -1.7963   10.2243    0.6539   15.3228  -13.5903  -13.8158
eta,q 0.97028 13.84420
  0.0319  0.0311  0.0309  0.0310  0.0307  0.0311  0.0315  0.0323  0.0308  0.0311  0.0305  0.0307
  0.0307  0.0304  0.0303  0.0303  0.0302  0.0303  0.0306  0.0308  0.0302  0.0303  0.0300  0.0302
  0.0300  0.0299  0.0299  0.0299  0.0299  0.0298  0.0300  0.0300  0.0299  0.0298  0.0298  0.0298
  0.0298  0.0298  0.0298  0.0298  0.0298  0.0298  0.0297  0.0297  0.0297  0.0297  0.0297  0.0297
  0.0300  0.0299  0.0299  0.0299  0.0298  0.0301  0.0299  0.0301  0.0299  0.0300  0.0298  0.0299
  0.0307  0.0303  0.0303  0.0302  0.0300  0.0307  0.0305  0.0309  0.0303  0.0306  0.0300  0.0302
  0.0318  0.0311  0.0309  0.0307  0.0305  0.0313  0.0315  0.0323  0.0309  0.0314  0.0304  0.0307
niter,ni,del,rscale     4    3    5.0000    0.7000
parameters
   -0.8430   25.6793    5.5841  -13.7017  -10.0454  -12.9103
   -1.7890   10.1816    0.6460   15.2141  -13.5826  -13.8530
eta,q 0.97029 13.82326
  0.0313  0.0307  0.0305  0.0306  0.0303  0.0308  0.0311  0.0317  0.0306  0.0309  0.0303  0.0305
  0.0304  0.0301  0.0301  0.0301  0.0300  0.0302  0.0303  0.0305  0.0301  0.0302  0.0300  0.0300
  0.0299  0.0298  0.0298  0.0298  0.0298  0.0298  0.0299  0.0299  0.0298  0.0298  0.0298  0.0298
  0.0297  0.0297  0.0297  0.0297  0.0297  0.0297  0.0297  0.0297  0.0297  0.0297  0.0297  0.0297
  0.0299  0.0299  0.0299  0.0298  0.0297  0.0300  0.0299  0.0300  0.0298  0.0299  0.0298  0.0298
  0.0304  0.0302  0.0302  0.0301  0.0299  0.0304  0.0303  0.0306  0.0301  0.0303  0.0300  0.0301
  0.0313  0.0308  0.0307  0.0306  0.0303  0.0311  0.0311  0.0317  0.0306  0.0310  0.0303  0.0305
niter,ni,del,rscale     3    3    5.0000    0.6000
parameters
   -0.8529   25.6653    5.5447  -13.7469   -9.9712  -13.0256
   -1.7950   10.1452    0.6350   15.1588  -13.5908  -13.8662
eta,q 0.97030 13.81497
  0.0309  0.0304  0.0303  0.0303  0.0301  0.0306  0.0307  0.0312  0.0303  0.0306  0.0301  0.0303
  0.0302  0.0300  0.0300  0.0300  0.0299  0.0301  0.0302  0.0303  0.0300  0.0301  0.0299  0.0300
  0.0298  0.0298  0.0298  0.0298  0.0298  0.0298  0.0298  0.0298  0.0298  0.0298  0.0297  0.0298
  0.0297  0.0297  0.0297  0.0297  0.0297  0.0297  0.0297  0.0297  0.0297  0.0297  0.0297  0.0297
  0.0298  0.0298  0.0298  0.0298  0.0297  0.0299  0.0298  0.0299  0.0298  0.0298  0.0298  0.0298
  0.0303  0.0300  0.0300  0.0300  0.0298  0.0302  0.0302  0.0304  0.0300  0.0302  0.0299  0.0300
  0.0309  0.0305  0.0304  0.0303  0.0301  0.0307  0.0307  0.0312  0.0303  0.0306  0.0301  0.0303
niter,ni,del,rscale     2    3    5.0000    0.5000
parameters
   -0.8616   25.6554    5.5247  -13.7851   -9.8905  -13.0839
   -1.8044   10.1197    0.6205   15.1324  -13.6095  -13.8832
eta,q 0.97030 13.81245
  0.0305  0.0302  0.0301  0.0301  0.0300  0.0304  0.0304  0.0307  0.0301  0.0303  0.0300  0.0301
  0.0301  0.0299  0.0299  0.0299  0.0298  0.0300  0.0300  0.0301  0.0299  0.0300  0.0298  0.0299
  0.0298  0.0298  0.0298  0.0297  0.0298  0.0298  0.0298  0.0298  0.0297  0.0298  0.0297  0.0297
  0.0297  0.0297  0.0297  0.0297  0.0297  0.0297  0.0297  0.0297  0.0297  0.0297  0.0297  0.0297
  0.0298  0.0298  0.0298  0.0298  0.0297  0.0298  0.0298  0.0298  0.0298  0.0298  0.0297  0.0297
  0.0301  0.0299  0.0299  0.0299  0.0298  0.0300  0.0300  0.0302  0.0299  0.0300  0.0298  0.0299
  0.0305  0.0302  0.0302  0.0301  0.0300  0.0304  0.0304  0.0307  0.0302  0.0303  0.0300  0.0301
niter,ni,del,rscale     1    3    5.0000    0.4000
parameters
   -0.8645   25.6485    5.5139  -13.8147   -9.7863  -13.1343
   -1.8159   10.0992    0.6087   15.1180  -13.6035  -13.8742
eta,q 0.97030 13.81248
  0.0302  0.0300  0.0300  0.0300  0.0299  0.0301  0.0301  0.0303  0.0300  0.0301  0.0299  0.0300
  0.0299  0.0298  0.0298  0.0298  0.0298  0.0299  0.0299  0.0300  0.0298  0.0299  0.0298  0.0298
  0.0298  0.0297  0.0297  0.0297  0.0297  0.0297  0.0298  0.0298  0.0297  0.0297  0.0297  0.0297
  0.0297  0.0297  0.0297  0.0297  0.0297  0.0297  0.0297  0.0297  0.0297  0.0297  0.0297  0.0297
  0.0298  0.0297  0.0297  0.0297  0.0297  0.0298  0.0298  0.0298  0.0297  0.0297  0.0297  0.0297
  0.0299  0.0299  0.0298  0.0298  0.0298  0.0299  0.0299  0.0300  0.0298  0.0299  0.0298  0.0298
  0.0302  0.0300  0.0300  0.0300  0.0299  0.0302  0.0302  0.0304  0.0300  0.0301  0.0299  0.0300
registration optimization eta report
parameter search radius
    0.8000    0.8000    0.8000    2.4000    2.4000    2.4000
    2.4000    2.4000    2.4000    2.4000    2.4000    2.4000
100000*second partial in parameter space
       83.       51.       47.        5.        3.        8.
        8.       11.        5.        7.        3.        4.
  0.0302  0.0300  0.0300  0.0300  0.0299  0.0301  0.0301  0.0303  0.0300  0.0301  0.0299  0.0300
  0.0299  0.0298  0.0298  0.0298  0.0298  0.0299  0.0299  0.0300  0.0298  0.0299  0.0298  0.0298
  0.0298  0.0297  0.0297  0.0297  0.0297  0.0297  0.0298  0.0298  0.0297  0.0297  0.0297  0.0297
  0.0297  0.0297  0.0297  0.0297  0.0297  0.0297  0.0297  0.0297  0.0297  0.0297  0.0297  0.0297
  0.0298  0.0297  0.0297  0.0297  0.0297  0.0298  0.0298  0.0298  0.0297  0.0297  0.0297  0.0297
  0.0299  0.0299  0.0298  0.0298  0.0298  0.0299  0.0299  0.0300  0.0298  0.0299  0.0298  0.0298
  0.0302  0.0300  0.0300  0.0300  0.0299  0.0302  0.0302  0.0304  0.0300  0.0301  0.0299  0.0300
   -0.8645   25.6485    5.5139  -13.8147   -9.7863  -13.1343
   -1.8159   10.0992    0.6087   15.1180  -13.6035  -13.8742
eta,q 0.97030 13.81248

---------------------------------------------------------------------
imgreg_4dfp /opt/freesurfer/average/711-2C_as_mni_average_305 /opt/freesurfer/average/711-2B_as_mni_average_305_mask talsrcimg_g11 none talsrcimg_to_711-2C_as_mni_average_305_t4 2311
---------------------------------------------------------------------

freesurfer imgreg_4dfp.c
/opt/freesurfer/average/711-2C_as_mni_average_305.4dfp.img
       256       256       256         1
  1.000000  1.000000  1.000000
orientation T byte_order littleendian
Reading image: /opt/freesurfer/average/711-2C_as_mni_average_305.4dfp.img
dimensions:      256       256       256
mmppix:       1.0000   -1.0000   -1.0000
center:     128.0000 -129.0000 -129.0000
/opt/freesurfer/average/711-2B_as_mni_average_305_mask.4dfp.img
       256       256       256         1
  1.000000  1.000000  1.000000
orientation T byte_order littleendian
Reading mask: /opt/freesurfer/average/711-2B_as_mni_average_305_mask.4dfp.img (2306576 pixels)
talsrcimg_g11.4dfp.img
       256       256       256         1
  1.000000  1.000000  1.000000
orientation T byte_order littleendian
Reading image: talsrcimg_g11.4dfp.img
dimensions:      256       256       256
mmppix:       1.0000   -1.0000   -1.0000
center:     128.0000 -129.0000 -129.0000
fimgreg.f
image alignment mode   2311 decimal      907 hex
parameters
   -0.8645   25.6485    5.5139  -13.8147   -9.7863  -13.1343
   -1.8159   10.0992    0.6087   15.1180  -13.6035  -13.8742
eta,q 0.97030 13.81248
niter,ni,del,rscale     5    3    5.0000    0.8000
parameters
   -0.8732   25.6409    5.4895  -13.7216  -10.1056  -13.0410
   -1.7997   10.1568    0.6624   15.2182  -13.5537  -13.9140
eta,q 0.97029 13.80911
  0.0318  0.0310  0.0308  0.0309  0.0304  0.0314  0.0315  0.0324  0.0308  0.0314  0.0305  0.0307
  0.0306  0.0303  0.0302  0.0302  0.0300  0.0305  0.0305  0.0309  0.0302  0.0304  0.0300  0.0301
  0.0299  0.0298  0.0298  0.0298  0.0298  0.0299  0.0299  0.0300  0.0298  0.0299  0.0298  0.0298
  0.0297  0.0297  0.0297  0.0297  0.0297  0.0297  0.0297  0.0297  0.0297  0.0297  0.0297  0.0297
  0.0299  0.0298  0.0298  0.0298  0.0298  0.0299  0.0299  0.0300  0.0298  0.0299  0.0298  0.0298
  0.0306  0.0303  0.0302  0.0302  0.0301  0.0305  0.0305  0.0309  0.0302  0.0304  0.0300  0.0302
  0.0318  0.0311  0.0309  0.0308  0.0307  0.0312  0.0315  0.0322  0.0308  0.0312  0.0304  0.0307
niter,ni,del,rscale     4    3    5.0000    0.7000
parameters
   -0.8642   25.6660    5.5207  -13.7436  -10.0439  -13.0242
   -1.7969   10.1552    0.6450   15.1934  -13.5627  -13.8964
eta,q 0.97030 13.81208
  0.0313  0.0308  0.0306  0.0306  0.0303  0.0310  0.0311  0.0317  0.0306  0.0309  0.0303  0.0305
  0.0304  0.0302  0.0301  0.0301  0.0300  0.0303  0.0303  0.0306  0.0301  0.0302  0.0299  0.0300
  0.0299  0.0298  0.0298  0.0298  0.0298  0.0298  0.0299  0.0299  0.0298  0.0298  0.0298  0.0298
  0.0297  0.0297  0.0297  0.0297  0.0297  0.0297  0.0297  0.0297  0.0297  0.0297  0.0297  0.0297
  0.0299  0.0298  0.0298  0.0298  0.0297  0.0299  0.0299  0.0299  0.0298  0.0299  0.0298  0.0298
  0.0304  0.0301  0.0301  0.0301  0.0299  0.0303  0.0303  0.0306  0.0301  0.0303  0.0300  0.0301
  0.0313  0.0307  0.0306  0.0305  0.0303  0.0310  0.0311  0.0317  0.0306  0.0309  0.0303  0.0304
niter,ni,del,rscale     3    3    5.0000    0.6000
parameters
   -0.8621   25.6617    5.5256  -13.7598   -9.9875  -13.0581
   -1.7968   10.1361    0.6382   15.1501  -13.5854  -13.8872
eta,q 0.97030 13.81066
  0.0309  0.0304  0.0304  0.0303  0.0301  0.0307  0.0307  0.0312  0.0303  0.0306  0.0301  0.0303
  0.0302  0.0300  0.0300  0.0300  0.0299  0.0301  0.0302  0.0303  0.0300  0.0301  0.0299  0.0300
  0.0298  0.0298  0.0298  0.0298  0.0298  0.0298  0.0298  0.0298  0.0298  0.0298  0.0297  0.0298
  0.0297  0.0297  0.0297  0.0297  0.0297  0.0297  0.0297  0.0297  0.0297  0.0297  0.0297  0.0297
  0.0298  0.0298  0.0298  0.0298  0.0297  0.0298  0.0298  0.0299  0.0298  0.0298  0.0298  0.0298
  0.0302  0.0300  0.0300  0.0300  0.0298  0.0302  0.0302  0.0304  0.0300  0.0302  0.0299  0.0300
  0.0309  0.0305  0.0304  0.0303  0.0301  0.0307  0.0307  0.0312  0.0303  0.0306  0.0301  0.0303
niter,ni,del,rscale     2    3    5.0000    0.5000
parameters
   -0.8646   25.6536    5.5198  -13.7922   -9.8933  -13.0960
   -1.8067   10.1142    0.6168   15.1324  -13.6059  -13.8871
eta,q 0.97030 13.81091
  0.0305  0.0302  0.0302  0.0301  0.0300  0.0304  0.0304  0.0307  0.0301  0.0303  0.0300  0.0301
  0.0301  0.0299  0.0299  0.0299  0.0298  0.0300  0.0300  0.0301  0.0299  0.0300  0.0298  0.0299
  0.0298  0.0298  0.0298  0.0297  0.0297  0.0298  0.0298  0.0298  0.0297  0.0298  0.0297  0.0297
  0.0297  0.0297  0.0297  0.0297  0.0297  0.0297  0.0297  0.0297  0.0297  0.0297  0.0297  0.0297
  0.0298  0.0298  0.0298  0.0298  0.0297  0.0298  0.0298  0.0298  0.0298  0.0298  0.0297  0.0297
  0.0301  0.0299  0.0299  0.0299  0.0298  0.0300  0.0300  0.0302  0.0299  0.0300  0.0298  0.0299
  0.0305  0.0302  0.0302  0.0301  0.0300  0.0304  0.0304  0.0307  0.0302  0.0303  0.0300  0.0301
niter,ni,del,rscale     1    3    5.0000    0.4000
parameters
   -0.8667   25.6525    5.5092  -13.8220   -9.7990  -13.1337
   -1.8126   10.0953    0.6071   15.1229  -13.6110  -13.8945
eta,q 0.97030 13.81157
  0.0302  0.0300  0.0300  0.0300  0.0299  0.0301  0.0302  0.0303  0.0300  0.0301  0.0299  0.0300
  0.0299  0.0299  0.0298  0.0298  0.0298  0.0299  0.0299  0.0300  0.0298  0.0299  0.0298  0.0298
  0.0298  0.0297  0.0297  0.0297  0.0297  0.0297  0.0298  0.0298  0.0297  0.0298  0.0297  0.0297
  0.0297  0.0297  0.0297  0.0297  0.0297  0.0297  0.0297  0.0297  0.0297  0.0297  0.0297  0.0297
  0.0298  0.0297  0.0297  0.0297  0.0297  0.0298  0.0298  0.0298  0.0297  0.0298  0.0297  0.0297
  0.0299  0.0298  0.0298  0.0298  0.0298  0.0299  0.0299  0.0300  0.0298  0.0299  0.0298  0.0298
  0.0302  0.0300  0.0300  0.0300  0.0299  0.0302  0.0302  0.0304  0.0300  0.0301  0.0299  0.0300
registration optimization eta report
parameter search radius
    0.8000    0.8000    0.8000    2.4000    2.4000    2.4000
    2.4000    2.4000    2.4000    2.4000    2.4000    2.4000
100000*second partial in parameter space
       83.       51.       46.        5.        3.        8.
        8.       11.        5.        7.        3.        4.
  0.0302  0.0300  0.0300  0.0300  0.0299  0.0301  0.0302  0.0303  0.0300  0.0301  0.0299  0.0300
  0.0299  0.0299  0.0298  0.0298  0.0298  0.0299  0.0299  0.0300  0.0298  0.0299  0.0298  0.0298
  0.0298  0.0297  0.0297  0.0297  0.0297  0.0297  0.0298  0.0298  0.0297  0.0298  0.0297  0.0297
  0.0297  0.0297  0.0297  0.0297  0.0297  0.0297  0.0297  0.0297  0.0297  0.0297  0.0297  0.0297
  0.0298  0.0297  0.0297  0.0297  0.0297  0.0298  0.0298  0.0298  0.0297  0.0298  0.0297  0.0297
  0.0299  0.0298  0.0298  0.0298  0.0298  0.0299  0.0299  0.0300  0.0298  0.0299  0.0298  0.0298
  0.0302  0.0300  0.0300  0.0300  0.0299  0.0302  0.0302  0.0304  0.0300  0.0301  0.0299  0.0300
   -0.8667   25.6525    5.5092  -13.8220   -9.7990  -13.1337
   -1.8126   10.0953    0.6071   15.1229  -13.6110  -13.8945
eta,q 0.97030 13.81157

---------------------------------------------------------------------
compute_vox2vox talsrcimg talsrcimg_to_711-2C_as_mni_average_305_t4 /opt/freesurfer/average/711-2C_as_mni_average_305
---------------------------------------------------------------------

freesurfer compute_vox2vox.c
Reading: talsrcimg.4dfp.ifh
Reading: talsrcimg_to_711-2C_as_mni_average_305_t4
Reading: /opt/freesurfer/average/711-2C_as_mni_average_305.4dfp.ifh
Writing: talsrcimg_to_711-2C_as_mni_average_305_t4_vox2vox.txt

start time Tue Mar 10 03:30:00 CET 2026
end		time Tue Mar 10 03:30:14 CET 2026

mpr2mni305 success

avi2talxfm orig_nu.mgz /opt/freesurfer/average/mni305.cor.mgz talsrcimg_to_711-2C_as_mni_average_305_t4_vox2vox.txt transforms/talairach.auto.xfm
avi2talxfm done
mv -f /out/sourcedata/freesurfer/sub-v1s5x0050722_ses-1/mri/talsrcimg_to_711-2C_as_mni_average_305_t4_vox2vox.txt /out/sourcedata/freesurfer/sub-v1s5x0050722_ses-1/mri/transforms/talsrcimg_to_711-2C_as_mni_average_305_t4_vox2vox.txt
lta_convert --src orig_nu.mgz --trg /opt/freesurfer/average/mni305.cor.mgz --inxfm transforms/talairach.auto.xfm --outlta transforms/talairach.auto.xfm.lta --subject fsaverage
7.3.2

--src: orig_nu.mgz src image (geometry).
--trg: /opt/freesurfer/average/mni305.cor.mgz trg image (geometry).
--inmni: transforms/talairach.auto.xfm input MNI/XFM transform.
--outlta: transforms/talairach.auto.xfm.lta output LTA.
--s: fsaverage subject name
 LTA read, type : 1
 1.13939  -0.13284   0.00243   6.35980;
 0.17267   1.10100   0.17307  -17.47885;
-0.03662  -0.18370   1.07960  -20.55679;
 0.00000   0.00000   0.00000   1.00000;
setting subject to fsaverage
Writing  LTA to file transforms/talairach.auto.xfm.lta...
lta_convert successful.
 
 
Started at Tue Mar 10 03:29:59 CET 2026
Ended   at Tue Mar 10 03:30:15 CET 2026
talairach_avi done
