status file for recon-all
Tue Mar 10 05:09:51 CET 2026
#@# Tessellate lh Tue Mar 10 05:09:51 CET 2026
#@# Smooth1 lh Tue Mar 10 05:09:54 CET 2026
#@# Inflation1 lh Tue Mar 10 05:09:56 CET 2026
#@# QSphere lh Tue Mar 10 05:10:10 CET 2026
#@# Fix Topology lh Tue Mar 10 05:11:23 CET 2026
#@# Smooth2 lh Tue Mar 10 05:16:34 CET 2026
#@# Inflation2 lh Tue Mar 10 05:16:37 CET 2026
#@# Curv .H and .K lh Tue Mar 10 05:16:51 CET 2026
#@# Sphere lh Tue Mar 10 05:17:30 CET 2026
#@# Surf Reg lh Tue Mar 10 05:19:34 CET 2026
#@# Jacobian white lh Tue Mar 10 05:23:13 CET 2026
#@# AvgCurv lh Tue Mar 10 05:23:14 CET 2026
#@# Cortical Parc lh Tue Mar 10 05:23:15 CET 2026
#@# white curv lh Tue Mar 10 05:29:53 CET 2026
#@# white area lh Tue Mar 10 05:29:55 CET 2026
#@# pial curv lh Tue Mar 10 05:29:56 CET 2026
#@# pial area lh Tue Mar 10 05:29:57 CET 2026
#@# thickness lh Tue Mar 10 05:29:58 CET 2026
#@# area and vertex vol lh Tue Mar 10 05:30:18 CET 2026
#@# Curvature Stats lh Tue Mar 10 05:30:19 CET 2026
#@# Cortical Parc 2 lh Tue Mar 10 05:30:21 CET 2026
#@# Cortical Parc 3 lh Tue Mar 10 05:30:31 CET 2026
#@# WM/GM Contrast lh Tue Mar 10 05:30:39 CET 2026
recon-all -s sub-v1s5x0050725_ses-1 finished without error at Tue Mar 10 05:30:42 CET 2026



#New# invocation of recon-all 



status file for recon-all
Tue Mar 10 05:57:10 CET 2026
#@# white curv lh Tue Mar 10 05:57:10 CET 2026
#@# white area lh Tue Mar 10 05:57:10 CET 2026
#@# pial curv lh Tue Mar 10 05:57:10 CET 2026
#@# pial area lh Tue Mar 10 05:57:10 CET 2026
#@# thickness lh Tue Mar 10 05:57:10 CET 2026
#@# area and vertex vol lh Tue Mar 10 05:57:10 CET 2026
#@# Parcellation Stats lh Tue Mar 10 05:57:10 CET 2026
#@# Parcellation Stats 2 lh Tue Mar 10 05:57:27 CET 2026
#@# Parcellation Stats 3 lh Tue Mar 10 05:57:35 CET 2026
#@# BA_exvivo Labels lh Tue Mar 10 05:57:43 CET 2026
recon-all -s sub-v1s5x0050725_ses-1 finished without error at Tue Mar 10 05:59:55 CET 2026
