status file for recon-all
Tue Mar 10 03:34:47 CET 2026
#@# MotionCor Tue Mar 10 03:34:49 CET 2026
#@# Talairach Tue Mar 10 03:34:55 CET 2026
#@# Talairach Failure Detection Tue Mar 10 03:37:45 CET 2026
#@# Nu Intensity Correction Tue Mar 10 03:37:45 CET 2026
#@# Intensity Normalization Tue Mar 10 03:40:31 CET 2026
recon-all -s sub-v1s5x0050725_ses-1 finished without error at Tue Mar 10 03:41:34 CET 2026



#New# invocation of recon-all 



status file for recon-all
Tue Mar 10 03:47:34 CET 2026
#@# EM Registration Tue Mar 10 03:47:34 CET 2026
recon-all -s sub-v1s5x0050725_ses-1 finished without error at Tue Mar 10 03:49:10 CET 2026



#New# invocation of recon-all 



status file for recon-all
Tue Mar 10 03:49:12 CET 2026
#@# CA Normalize Tue Mar 10 03:49:12 CET 2026
#@# CA Reg Tue Mar 10 03:50:05 CET 2026
#@# SubCort Seg Tue Mar 10 04:42:05 CET 2026
#@# CC Seg Tue Mar 10 05:05:45 CET 2026
#@# Merge ASeg Tue Mar 10 05:06:02 CET 2026
#@# Intensity Normalization2 Tue Mar 10 05:06:02 CET 2026
#@# Mask BFS Tue Mar 10 05:07:36 CET 2026
#@# WM Segmentation Tue Mar 10 05:07:37 CET 2026
#@# Fill Tue Mar 10 05:09:09 CET 2026
recon-all -s sub-v1s5x0050725_ses-1 finished without error at Tue Mar 10 05:09:47 CET 2026



#New# invocation of recon-all 



status file for recon-all
Tue Mar 10 05:54:20 CET 2026
#@# white curv lh Tue Mar 10 05:54:20 CET 2026
#@# white area lh Tue Mar 10 05:54:20 CET 2026
#@# pial curv lh Tue Mar 10 05:54:20 CET 2026
#@# pial area lh Tue Mar 10 05:54:20 CET 2026
#@# thickness lh Tue Mar 10 05:54:20 CET 2026
#@# area and vertex vol lh Tue Mar 10 05:54:20 CET 2026
#@# white curv rh Tue Mar 10 05:54:20 CET 2026
#@# white area rh Tue Mar 10 05:54:20 CET 2026
#@# pial curv rh Tue Mar 10 05:54:20 CET 2026
#@# pial area rh Tue Mar 10 05:54:20 CET 2026
#@# thickness rh Tue Mar 10 05:54:20 CET 2026
#@# area and vertex vol rh Tue Mar 10 05:54:20 CET 2026
#@# Cortical ribbon mask Tue Mar 10 05:54:20 CET 2026
recon-all -s sub-v1s5x0050725_ses-1 finished without error at Tue Mar 10 05:57:06 CET 2026



#New# invocation of recon-all 



status file for recon-all
Tue Mar 10 06:02:48 CET 2026
#@# white curv lh Tue Mar 10 06:02:48 CET 2026
#@# white area lh Tue Mar 10 06:02:48 CET 2026
#@# pial curv lh Tue Mar 10 06:02:48 CET 2026
#@# pial area lh Tue Mar 10 06:02:48 CET 2026
#@# thickness lh Tue Mar 10 06:02:48 CET 2026
#@# area and vertex vol lh Tue Mar 10 06:02:48 CET 2026
#@# white curv rh Tue Mar 10 06:02:48 CET 2026
#@# white area rh Tue Mar 10 06:02:48 CET 2026
#@# pial curv rh Tue Mar 10 06:02:48 CET 2026
#@# pial area rh Tue Mar 10 06:02:48 CET 2026
#@# thickness rh Tue Mar 10 06:02:48 CET 2026
#@# area and vertex vol rh Tue Mar 10 06:02:48 CET 2026
#@# Curvature Stats lh Tue Mar 10 06:02:48 CET 2026
#@# Curvature Stats rh Tue Mar 10 06:02:50 CET 2026
#@# Relabel Hypointensities Tue Mar 10 06:02:52 CET 2026
#@# APas-to-ASeg Tue Mar 10 06:03:03 CET 2026
#@# AParc-to-ASeg aparc Tue Mar 10 06:03:11 CET 2026
#@# AParc-to-ASeg aparc.a2009s Tue Mar 10 06:03:39 CET 2026
#@# AParc-to-ASeg aparc.DKTatlas Tue Mar 10 06:04:06 CET 2026
#@# WMParc Tue Mar 10 06:04:34 CET 2026
#@# ASeg Stats Tue Mar 10 06:06:26 CET 2026
recon-all -s sub-v1s5x0050725_ses-1 finished without error at Tue Mar 10 06:06:43 CET 2026
