status file for recon-all
Tue Mar 10 05:30:45 CET 2026
#@# Tessellate rh Tue Mar 10 05:30:45 CET 2026
#@# Smooth1 rh Tue Mar 10 05:30:48 CET 2026
#@# Inflation1 rh Tue Mar 10 05:30:50 CET 2026
#@# QSphere rh Tue Mar 10 05:31:04 CET 2026
#@# Fix Topology rh Tue Mar 10 05:32:12 CET 2026
#@# Smooth2 rh Tue Mar 10 05:37:47 CET 2026
#@# Inflation2 rh Tue Mar 10 05:37:50 CET 2026
#@# Curv .H and .K rh Tue Mar 10 05:38:04 CET 2026
#@# Sphere rh Tue Mar 10 05:38:43 CET 2026
#@# Surf Reg rh Tue Mar 10 05:42:32 CET 2026
#@# Jacobian white rh Tue Mar 10 05:46:46 CET 2026
#@# AvgCurv rh Tue Mar 10 05:46:47 CET 2026
#@# Cortical Parc rh Tue Mar 10 05:46:48 CET 2026
#@# white curv rh Tue Mar 10 05:53:26 CET 2026
#@# white area rh Tue Mar 10 05:53:28 CET 2026
#@# pial curv rh Tue Mar 10 05:53:28 CET 2026
#@# pial area rh Tue Mar 10 05:53:30 CET 2026
#@# thickness rh Tue Mar 10 05:53:30 CET 2026
#@# area and vertex vol rh Tue Mar 10 05:53:50 CET 2026
#@# Curvature Stats rh Tue Mar 10 05:53:52 CET 2026
#@# Cortical Parc 2 rh Tue Mar 10 05:53:54 CET 2026
#@# Cortical Parc 3 rh Tue Mar 10 05:54:04 CET 2026
#@# WM/GM Contrast rh Tue Mar 10 05:54:13 CET 2026
recon-all -s sub-v1s5x0050725_ses-1 finished without error at Tue Mar 10 05:54:15 CET 2026



#New# invocation of recon-all 



status file for recon-all
Tue Mar 10 05:59:59 CET 2026
#@# white curv rh Tue Mar 10 05:59:59 CET 2026
#@# white area rh Tue Mar 10 05:59:59 CET 2026
#@# pial curv rh Tue Mar 10 05:59:59 CET 2026
#@# pial area rh Tue Mar 10 05:59:59 CET 2026
#@# thickness rh Tue Mar 10 05:59:59 CET 2026
#@# area and vertex vol rh Tue Mar 10 05:59:59 CET 2026
#@# Parcellation Stats rh Tue Mar 10 05:59:59 CET 2026
#@# Parcellation Stats 2 rh Tue Mar 10 06:00:16 CET 2026
#@# Parcellation Stats 3 rh Tue Mar 10 06:00:24 CET 2026
#@# BA_exvivo Labels rh Tue Mar 10 06:00:32 CET 2026
recon-all -s sub-v1s5x0050725_ses-1 finished without error at Tue Mar 10 06:02:45 CET 2026
