01b08849-f779-44a6-8325-352160f17b82 oesteban@dna075:/tmp/59440167/oesteban/bootstrap-fmriprep/59440167_668/project/derivatives/v1s5 timestamp=1773115560.525275214s
0852c8ee-6553-4159-bc14-66ce547a3561 oesteban@curnagl:/scratch/oesteban/abide_fmriprep/derivatives/v1s5 timestamp=1772982586.899213004s
0c1659e7-d776-4e80-b6a3-5e4c77253532 oesteban@dna050:/tmp/59439826/oesteban/bootstrap-fmriprep/59439826_646/project/derivatives/v1s5 timestamp=1773110133.854105808s
13ca7051-86d3-4f14-a0aa-8327ec0ca9bb oesteban@dna087:/tmp/59439803/oesteban/bootstrap-fmriprep/59439803_639/project/derivatives/v1s5 timestamp=1773109414.415060949s
1ee46f61-fac6-4efa-8658-547015f2bb76 oesteban@dna067:/tmp/59439824/oesteban/bootstrap-fmriprep/59439824_645/project/derivatives/v1s5 timestamp=1773110104.230732529s
2473bfef-fc70-442a-888a-9afd3ac9426b oesteban@dna086:/tmp/59440171/oesteban/bootstrap-fmriprep/59440171_672/project/derivatives/v1s5 timestamp=1773115898.277659085s
2bc05b94-327d-414e-abf1-0534d0af262f oesteban@dna020:/tmp/59439933/oesteban/bootstrap-fmriprep/59439933_657/project/derivatives/v1s5 timestamp=1773113435.125483181s
2c19429f-b0ba-4bcb-9485-b63ac4e6dc37 oesteban@dna078:/tmp/59439838/oesteban/bootstrap-fmriprep/59439838_648/project/derivatives/v1s5 timestamp=1773110464.6234033s
35845875-bc78-4648-9c32-1bc79f1cd389 oesteban@dna025:/tmp/59439862/oesteban/bootstrap-fmriprep/59439862_650/project/derivatives/v1s5 timestamp=1773111094.156522395s
3fe0e7a4-a44a-4d54-9569-a1d9db617ebc oesteban@dna075:/tmp/59440163/oesteban/bootstrap-fmriprep/59440163_667/project/derivatives/v1s5 timestamp=1773115201.611677906s
44a478f4-591b-4094-875e-218d6d32d8fd oesteban@dna013:/tmp/59439822/oesteban/bootstrap-fmriprep/59439822_644/project/derivatives/v1s5 timestamp=1773110073.486419962s
5c69e482-e8f8-48c4-897a-b350e11d8654 oesteban@dna069:/tmp/59439816/oesteban/bootstrap-fmriprep/59439816_642/project/derivatives/v1s5 timestamp=1773109863.79742437s
5e7ef8a1-849a-4f88-bfc0-3f386e606761 oesteban@dna003:/tmp/59440168/oesteban/bootstrap-fmriprep/59440168_669/project/derivatives/v1s5 timestamp=1773115640.028047479s
69d02080-ee50-4e0a-a20d-9aa166a8a692 oesteban@dna087:/tmp/59439969/oesteban/bootstrap-fmriprep/59439969_660/project/derivatives/v1s5 timestamp=1773114186.122583186s
6c9d89c5-680b-4dc9-9e0d-9e73c4b394bf oesteban@dna065:/tmp/59440027/oesteban/bootstrap-fmriprep/59440027_662/project/derivatives/v1s5 timestamp=1773114546.742748467s
6f618614-0c66-4dd3-9173-54bb08e4a66b oesteban@dna020:/tmp/59439945/oesteban/bootstrap-fmriprep/59439945_658/project/derivatives/v1s5 timestamp=1773113645.138744293s
764bef8c-ede6-48bd-bcfe-26ccd23315be oesteban@dna067:/tmp/59439813/oesteban/bootstrap-fmriprep/59439813_641/project/derivatives/v1s5 timestamp=1773109774.461017951s
7a503a11-8511-4d97-a178-2fab46127ee2 oesteban@dna052:/tmp/59439833/oesteban/bootstrap-fmriprep/59439833_647/project/derivatives/v1s5 timestamp=1773110313.978158256s
7d7d67da-311a-4065-a54e-ea0ccbf13790 oesteban@dna061:/tmp/59439817/oesteban/bootstrap-fmriprep/59439817_643/project/derivatives/v1s5 timestamp=1773109893.277135225s
9625fa5e-32a5-4bd7-8e48-cf1cfd96c47a oesteban@dna007:/tmp/59440076/oesteban/bootstrap-fmriprep/59440076_663/project/derivatives/v1s5 timestamp=1773114665.502274293s
a59bbed4-8b64-4227-90e7-19c73c91ef8d oesteban@dna087:/tmp/59439901/oesteban/bootstrap-fmriprep/59439901_653/project/derivatives/v1s5 timestamp=1773112295.018445349s
a7af6063-06a7-4dec-8136-57a5070c6475 oesteban@dna061:/tmp/59439914/oesteban/bootstrap-fmriprep/59439914_656/project/derivatives/v1s5 timestamp=1773112924.803187255s
bfd47da3-9b07-4e1c-ae8f-54b6d3e44b89 oesteban@dna013:/tmp/59439806/oesteban/bootstrap-fmriprep/59439806_640/project/derivatives/v1s5 timestamp=1773109563.324216475s
c32348cc-723d-4356-83b9-0e6e2d70659d oesteban@dna020:/tmp/59439950/oesteban/bootstrap-fmriprep/59439950_659/project/derivatives/v1s5 timestamp=1773113794.814562313s
ca5a0502-435a-499a-82d0-72a1eb99934c oesteban@dna052:/tmp/59439864/oesteban/bootstrap-fmriprep/59439864_651/project/derivatives/v1s5 timestamp=1773111244.039321353s
d3746218-6a0c-444b-a40f-a38a1eb5ea72 oesteban@dna059:/tmp/59439842/oesteban/bootstrap-fmriprep/59439842_649/project/derivatives/v1s5 timestamp=1773110553.378931109s
d6745023-335d-4306-97e6-962577ef4734 oesteban@dna061:/tmp/59439877/oesteban/bootstrap-fmriprep/59439877_652/project/derivatives/v1s5 timestamp=1773111783.851349408s
da5a2007-e3c4-47cd-80bd-95caebf6edbe git@0cf3a9a26dcd:/data/repos/abide-fmriprep/v1s5.git timestamp=1773109416.732163749s
e650378a-05f3-4ad5-a0d6-443ba01d0dee oesteban@dna078:/tmp/59439907/oesteban/bootstrap-fmriprep/59439907_654/project/derivatives/v1s5 timestamp=1773112655.454276506s
e76ec670-fe20-492b-a0f6-5dd3c3bac1ec oesteban@dna052:/tmp/59440158/oesteban/bootstrap-fmriprep/59440158_664/project/derivatives/v1s5 timestamp=1773114944.598741486s
eca93d13-9847-4cde-a2b8-013240c53aa8 oesteban@dna014:/tmp/59439981/oesteban/bootstrap-fmriprep/59439981_661/project/derivatives/v1s5 timestamp=1773114335.427713312s
f237afe9-4608-4244-b3b9-067ecc240ce2 oesteban@dna030:/tmp/59439911/oesteban/bootstrap-fmriprep/59439911_655/project/derivatives/v1s5 timestamp=1773112864.785366459s
fdd35295-7f99-478b-b0d4-e5a1eac3b1ff oesteban@Mac:~/workspace/abide_preproc/derivatives/v1s5 timestamp=1772959755s
