/out/sourcedata/freesurfer/sub-v1s5x0050753_ses-1/mri
/opt/freesurfer/bin/talairach_avi
--i orig_nu.mgz --xfm transforms/talairach.auto.xfm
talairach_avi 7.3.2
Linux dna003 5.14.0-427.37.1.el9_4.x86_64 #1 SMP PREEMPT_DYNAMIC Fri Sep 13 12:41:50 EDT 2024 x86_64 x86_64 x86_64 GNU/Linux
Tue Mar 10 05:14:37 CET 2026
mri_convert orig_nu.mgz talsrcimg.img 
reading from orig_nu.mgz...
TR=0.00, TE=0.00, TI=0.00, flip angle=0.00
i_ras = (-1, -6.51926e-09, 0)
j_ras = (2.98023e-08, 7.45058e-09, -1)
k_ras = (0, 1, -1.49012e-08)
writing to talsrcimg.img...
Analyze Output Matrix
-1.00000   0.00000   0.00000   131.70865;
-0.00000   0.00000   1.00000  -124.73882;
 0.00000  -1.00000  -0.00000   145.17926;
 0.00000   0.00000   0.00000   1.00000;
--------------------
INFO: set hdr.hist.orient to -1
mpr2mni305 talsrcimg
Tue Mar 10 05:14:37 CET 2026
/opt/freesurfer/bin/mpr2mni305 talsrcimg
mpr2mni305 7.3.2
target=711-2C_as_mni_average_305

---------------------------------------------------------------------
analyzeto4dfp talsrcimg -O0 -y
---------------------------------------------------------------------

freesurfer ifh2hdr.c
Tue Mar 10 05:14:37 2026
Writing: talsrcimg.4dfp.hdr
freesurfer analyzeto4dfp.c
Reading: talsrcimg.hdr
header size 348 bytes
hdr.dime.datatype	offset=70	value=2
hdr.dime.bitpix		offset=72	value=8
hdr.hist.orient		offset=252	value=-1
dimensionality     4
dimensions       256       256       256         1
Reading: talsrcimg.img
Writing: talsrcimg.4dfp.img
Writing: talsrcimg.4dfp.ifh
ifh2hdr talsrcimg -r0to228
ori=2

---------------------------------------------------------------------
gauss_4dfp talsrcimg 1.1
---------------------------------------------------------------------

freesurfer gauss_4dfp.c
Reading: talsrcimg.4dfp.img
Writing: talsrcimg_g11.4dfp.img
image dimensions 256 256 256 padded to 288 288 288
processing volume 1freesurfer ifh2hdr.c
Tue Mar 10 05:14:39 2026
Writing: talsrcimg_g11.4dfp.hdr

Writing: talsrcimg_g11.4dfp.ifh
including: talsrcimg.4dfp.img.rec in talsrcimg_g11.4dfp.img.rec

---------------------------------------------------------------------
imgreg_4dfp /opt/freesurfer/average/711-2C_as_mni_average_305 none talsrcimg_g11 none talsrcimg_to_711-2C_as_mni_average_305_t4 4355
---------------------------------------------------------------------

freesurfer imgreg_4dfp.c
/opt/freesurfer/average/711-2C_as_mni_average_305.4dfp.img
       256       256       256         1
  1.000000  1.000000  1.000000
orientation T byte_order littleendian
Reading image: /opt/freesurfer/average/711-2C_as_mni_average_305.4dfp.img
dimensions:      256       256       256
mmppix:       1.0000   -1.0000   -1.0000
center:     128.0000 -129.0000 -129.0000
talsrcimg_g11.4dfp.img
       256       256       256         1
  1.000000  1.000000  1.000000
orientation T byte_order littleendian
Reading image: talsrcimg_g11.4dfp.img
dimensions:      256       256       256
mmppix:       1.0000   -1.0000   -1.0000
center:     128.0000 -129.0000 -129.0000
t4_read: open error in t4_sub.f l:  41 t4_file(1:l)talsrcimg_to_711-2C_as_mni_average_305_t4 
t4_read: transform initialized to I4
rotation matrix determinant  1.000000
image alignment mode   4355 decimal     1103 hex
   -7.5000  -45.0000  -45.0000 9058.4668   15.4011
    0.0000  -45.0000  -45.0000 9366.8926   15.3774
    7.5000  -45.0000  -45.0000 8849.7891   15.3728
   -7.5000  -37.5000  -45.0000 9509.3457   15.1995
    0.0000  -37.5000  -45.0000 9871.1758   15.1707
    7.5000  -37.5000  -45.0000 9308.0020   15.1664
   -7.5000  -30.0000  -45.000010338.7998   15.0486
    0.0000  -30.0000  -45.000010762.2285   15.0115
    7.5000  -30.0000  -45.000010127.2559   15.0057
   -7.5000  -22.5000  -45.000011009.1670   15.0213
    0.0000  -22.5000  -45.000011485.9736   14.9812
    7.5000  -22.5000  -45.000010788.8018   14.9731
   -7.5000  -15.0000  -45.000011504.6592   15.0600
    0.0000  -15.0000  -45.000011925.4590   15.0247
    7.5000  -15.0000  -45.000011209.0088   15.0161
   -7.5000   -7.5000  -45.000011793.2520   15.0951
    0.0000   -7.5000  -45.000012214.7646   15.0688
    7.5000   -7.5000  -45.000011517.2510   15.0626
   -7.5000    0.0000  -45.000011925.8213   15.0937
    0.0000    0.0000  -45.000012403.6904   15.0713
    7.5000    0.0000  -45.000011739.2949   15.0672
   -7.5000    7.5000  -45.000011184.3701   15.0519
    0.0000    7.5000  -45.000011679.1377   15.0237
    7.5000    7.5000  -45.000011102.7100   15.0197
   -7.5000   15.0000  -45.000010432.6357   15.0148
    0.0000   15.0000  -45.000010925.0049   14.9777
    7.5000   15.0000  -45.000010411.8125   14.9720
   -7.5000   22.5000  -45.0000 9720.8350   15.1715
    0.0000   22.5000  -45.000010189.7217   15.1326
    7.5000   22.5000  -45.0000 9737.2031   15.1236
   -7.5000   30.0000  -45.0000 9041.1807   15.3778
    0.0000   30.0000  -45.0000 9502.5771   15.3429
    7.5000   30.0000  -45.0000 9096.7939   15.3342
   -7.5000   37.5000  -45.0000 8817.3086   15.9703
    0.0000   37.5000  -45.0000 9257.7832   15.9407
    7.5000   37.5000  -45.0000 8849.0635   15.9341
   -7.5000   45.0000  -45.0000 8271.0547   16.1563
    0.0000   45.0000  -45.0000 8697.9736   16.1281
    7.5000   45.0000  -45.0000 8304.9883   16.1259
   -7.5000  -45.0000  -37.5000 9541.7432   15.4419
    0.0000  -45.0000  -37.5000 9890.3301   15.4170
    7.5000  -45.0000  -37.5000 9305.2275   15.4021
   -7.5000  -37.5000  -37.500010052.5986   15.2417
    0.0000  -37.5000  -37.500010440.2607   15.2117
    7.5000  -37.5000  -37.5000 9798.5996   15.1974
   -7.5000  -30.0000  -37.500010988.1074   15.0993
    0.0000  -30.0000  -37.500011403.0273   15.0632
    7.5000  -30.0000  -37.500010707.0371   15.0490
   -7.5000  -22.5000  -37.500011721.3760   15.0776
    0.0000  -22.5000  -37.500012160.0010   15.0411
    7.5000  -22.5000  -37.500011420.1895   15.0262
   -7.5000  -15.0000  -37.500012219.9102   15.1139
    0.0000  -15.0000  -37.500012653.9766   15.0825
    7.5000  -15.0000  -37.500011907.9189   15.0674
   -7.5000   -7.5000  -37.500012493.0049   15.1402
    0.0000   -7.5000  -37.500012955.5928   15.1153
    7.5000   -7.5000  -37.500012255.4922   15.1007
   -7.5000    0.0000  -37.500012645.1426   15.1319
    0.0000    0.0000  -37.500013157.7520   15.1084
    7.5000    0.0000  -37.500012497.1445   15.0944
   -7.5000    7.5000  -37.500011880.3242   15.0933
    0.0000    7.5000  -37.500012402.0742   15.0639
    7.5000    7.5000  -37.500011806.5430   15.0501
   -7.5000   15.0000  -37.500011096.5020   15.0652
    0.0000   15.0000  -37.500011605.4346   15.0292
    7.5000   15.0000  -37.500011061.4609   15.0151
   -7.5000   22.5000  -37.500010318.0820   15.2280
    0.0000   22.5000  -37.500010809.8809   15.1925
    7.5000   22.5000  -37.500010330.3643   15.1763
   -7.5000   30.0000  -37.5000 9615.2861   15.4303
    0.0000   30.0000  -37.500010037.2002   15.3982
    7.5000   30.0000  -37.5000 9602.7549   15.3822
   -7.5000   37.5000  -37.5000 9353.8525   16.0096
    0.0000   37.5000  -37.5000 9815.0957   15.9796
    7.5000   37.5000  -37.5000 9377.4561   15.9642
   -7.5000   45.0000  -37.5000 8756.1914   16.1831
    0.0000   45.0000  -37.5000 9222.7666   16.1539
    7.5000   45.0000  -37.5000 8814.3213   16.1413
   -7.5000  -45.0000  -30.000010178.4531   16.0886
    0.0000  -45.0000  -30.000010559.1387   16.0531
    7.5000  -45.0000  -30.0000 9910.5918   16.0337
   -7.5000  -37.5000  -30.000010754.4180   15.8786
    0.0000  -37.5000  -30.000011166.4766   15.8434
    7.5000  -37.5000  -30.000010450.1875   15.8254
   -7.5000  -30.0000  -30.000011775.2090   15.7416
    0.0000  -30.0000  -30.000012210.3857   15.7062
    7.5000  -30.0000  -30.000011444.1943   15.6889
   -7.5000  -22.5000  -30.000012595.1631   15.7302
    0.0000  -22.5000  -30.000013019.5518   15.6950
    7.5000  -22.5000  -30.000012215.7559   15.6778
   -7.5000  -15.0000  -30.000013069.5537   15.7690
    0.0000  -15.0000  -30.000013532.6045   15.7344
    7.5000  -15.0000  -30.000012718.9609   15.7166
   -7.5000   -7.5000  -30.000013335.1191   15.7850
    0.0000   -7.5000  -30.000013841.6787   15.7511
    7.5000   -7.5000  -30.000013089.7510   15.7330
   -7.5000    0.0000  -30.000013514.3066   15.7642
    0.0000    0.0000  -30.000014059.8828   15.7305
    7.5000    0.0000  -30.000013345.0283   15.7125
   -7.5000    7.5000  -30.000012741.5488   15.7244
    0.0000    7.5000  -30.000013278.9512   15.6898
    7.5000    7.5000  -30.000012631.9658   15.6723
   -7.5000   15.0000  -30.000011893.8574   15.7063
    0.0000   15.0000  -30.000012428.5107   15.6711
    7.5000   15.0000  -30.000011863.5410   15.6539
   -7.5000   22.5000  -30.000011033.2002   15.8846
    0.0000   22.5000  -30.000011582.9688   15.8503
    7.5000   22.5000  -30.000011050.1152   15.8310
   -7.5000   30.0000  -30.000010279.0020   16.0967
    0.0000   30.0000  -30.000010781.1992   16.0610
    7.5000   30.0000  -30.000010268.4199   16.0422
   -7.5000   37.5000  -30.0000 9985.7959   16.6855
    0.0000   37.5000  -30.000010512.1748   16.6456
    7.5000   37.5000  -30.000010044.6328   16.6266
   -7.5000   45.0000  -30.0000 9353.0752   16.8608
    0.0000   45.0000  -30.0000 9873.9258   16.8218
    7.5000   45.0000  -30.0000 9457.7637   16.8062
   -7.5000  -45.0000  -22.500010753.2578   16.5802
    0.0000  -45.0000  -22.500011200.0391   16.5356
    7.5000  -45.0000  -22.500010507.0820   16.5239
   -7.5000  -37.5000  -22.500011384.5596   16.3608
    0.0000  -37.5000  -22.500011837.7207   16.3228
    7.5000  -37.5000  -22.500011093.2461   16.3125
   -7.5000  -30.0000  -22.500012455.1162   16.2223
    0.0000  -30.0000  -22.500012933.8975   16.1884
    7.5000  -30.0000  -22.500012148.7979   16.1776
   -7.5000  -22.5000  -22.500013297.8145   16.2159
    0.0000  -22.5000  -22.500013780.5830   16.1802
    7.5000  -22.5000  -22.500012957.8955   16.1682
   -7.5000  -15.0000  -22.500013749.9336   16.2586
    0.0000  -15.0000  -22.500014283.5654   16.2177
    7.5000  -15.0000  -22.500013451.3721   16.2057
   -7.5000   -7.5000  -22.500014083.7461   16.2730
    0.0000   -7.5000  -22.500014675.2266   16.2291
    7.5000   -7.5000  -22.500013890.1172   16.2176
   -7.5000    0.0000  -22.500014304.3252   16.2468
    0.0000    0.0000  -22.500014907.4805   16.2042
    7.5000    0.0000  -22.500014183.0732   16.1938
   -7.5000    7.5000  -22.500013480.9072   16.2029
    0.0000    7.5000  -22.500014105.1387   16.1655
    7.5000    7.5000  -22.500013426.1670   16.1556
   -7.5000   15.0000  -22.500012634.8311   16.1865
    0.0000   15.0000  -22.500013261.5254   16.1527
    7.5000   15.0000  -22.500012626.2441   16.1419
   -7.5000   22.5000  -22.500011755.6572   16.3731
    0.0000   22.5000  -22.500012382.6875   16.3385
    7.5000   22.5000  -22.500011770.5820   16.3241
   -7.5000   30.0000  -22.500010946.2080   16.5972
    0.0000   30.0000  -22.500011527.7324   16.5561
    7.5000   30.0000  -22.500010951.4688   16.5436
   -7.5000   37.5000  -22.500010598.5938   17.2056
    0.0000   37.5000  -22.500011186.6768   17.1568
    7.5000   37.5000  -22.500010664.2920   17.1448
   -7.5000   45.0000  -22.5000 9904.9883   17.3946
    0.0000   45.0000  -22.500010466.5869   17.3473
    7.5000   45.0000  -22.500010035.5400   17.3412
   -7.5000  -45.0000  -15.000011290.9639   16.9221
    0.0000  -45.0000  -15.000011771.4365   16.8772
    7.5000  -45.0000  -15.000011099.6084   16.8770
   -7.5000  -37.5000  -15.000011960.0039   16.6944
    0.0000  -37.5000  -15.000012453.3242   16.6576
    7.5000  -37.5000  -15.000011745.4053   16.6590
   -7.5000  -30.0000  -15.000013056.3711   16.5439
    0.0000  -30.0000  -15.000013596.5400   16.5102
    7.5000  -30.0000  -15.000012814.3076   16.5094
   -7.5000  -22.5000  -15.000013906.8291   16.5332
    0.0000  -22.5000  -15.000014462.9551   16.4944
    7.5000  -22.5000  -15.000013623.9209   16.4910
   -7.5000  -15.0000  -15.000014460.5049   16.5807
    0.0000  -15.0000  -15.000015023.5762   16.5351
    7.5000  -15.0000  -15.000014151.8477   16.5313
   -7.5000   -7.5000  -15.000014854.6680   16.6050
    0.0000   -7.5000  -15.000015473.5996   16.5578
    7.5000   -7.5000  -15.000014624.2617   16.5558
   -7.5000    0.0000  -15.000015056.6104   16.5838
    0.0000    0.0000  -15.000015731.7422   16.5408
    7.5000    0.0000  -15.000014960.3594   16.5415
   -7.5000    7.5000  -15.000014188.9561   16.5339
    0.0000    7.5000  -15.000014865.5771   16.4978
    7.5000    7.5000  -15.000014161.1406   16.4992
   -7.5000   15.0000  -15.000013294.8125   16.5076
    0.0000   15.0000  -15.000013993.2920   16.4739
    7.5000   15.0000  -15.000013341.2354   16.4732
   -7.5000   22.5000  -15.000012404.4551   16.6928
    0.0000   22.5000  -15.000013089.0762   16.6554
    7.5000   22.5000  -15.000012465.3203   16.6500
   -7.5000   30.0000  -15.000011531.7119   16.9310
    0.0000   30.0000  -15.000012217.1758   16.8862
    7.5000   30.0000  -15.000011618.6035   16.8829
   -7.5000   37.5000  -15.000011177.0381   17.5688
    0.0000   37.5000  -15.000011829.3623   17.5187
    7.5000   37.5000  -15.000011256.1133   17.5165
   -7.5000   45.0000  -15.000010431.4531   17.7821
    0.0000   45.0000  -15.000011037.5977   17.7341
    7.5000   45.0000  -15.000010560.4746   17.7401
   -7.5000  -45.0000   -7.500011870.2266   17.1307
    0.0000  -45.0000   -7.500012384.3652   17.0946
    7.5000  -45.0000   -7.500011745.9033   17.0975
   -7.5000  -37.5000   -7.500012572.3535   16.9011
    0.0000  -37.5000   -7.500013123.3535   16.8669
    7.5000  -37.5000   -7.500012435.1699   16.8710
   -7.5000  -30.0000   -7.500013700.2246   16.7362
    0.0000  -30.0000   -7.500014269.9893   16.6983
    7.5000  -30.0000   -7.500013490.0859   16.6996
   -7.5000  -22.5000   -7.500014554.9678   16.7136
    0.0000  -22.5000   -7.500015148.3652   16.6697
    7.5000  -22.5000   -7.500014324.5557   16.6676
   -7.5000  -15.0000   -7.500015176.9512   16.7614
    0.0000  -15.0000   -7.500015758.0078   16.7160
    7.5000  -15.0000   -7.500014917.7842   16.7131
   -7.5000   -7.5000   -7.500015627.2715   16.7982
    0.0000   -7.5000   -7.500016235.7686   16.7581
    7.5000   -7.5000   -7.500015414.5801   16.7579
   -7.5000    0.0000   -7.500015911.7617   16.7895
    0.0000    0.0000   -7.500016599.0684   16.7551
    7.5000    0.0000   -7.500015763.7773   16.7583
   -7.5000    7.5000   -7.500015023.1006   16.7381
    0.0000    7.5000   -7.500015745.0146   16.7046
    7.5000    7.5000   -7.500015028.6953   16.7087
   -7.5000   15.0000   -7.500014041.8320   16.6991
    0.0000   15.0000   -7.500014826.0645   16.6612
    7.5000   15.0000   -7.500014173.9307   16.6626
   -7.5000   22.5000   -7.500013051.2695   16.8743
    0.0000   22.5000   -7.500013821.7539   16.8318
    7.5000   22.5000   -7.500013206.4697   16.8285
   -7.5000   30.0000   -7.500012145.6191   17.1195
    0.0000   30.0000   -7.500012877.2266   17.0753
    7.5000   30.0000   -7.500012271.2754   17.0730
   -7.5000   37.5000   -7.500011781.7783   17.7797
    0.0000   37.5000   -7.500012501.5498   17.7373
    7.5000   37.5000   -7.500011884.4434   17.7372
   -7.5000   45.0000   -7.500011011.7119   18.0158
    0.0000   45.0000   -7.500011672.4170   17.9757
    7.5000   45.0000   -7.500011140.1738   17.9830
   -7.5000  -45.0000    0.000012359.2002   17.2250
    0.0000  -45.0000    0.000012921.9609   17.1985
    7.5000  -45.0000    0.000012314.0576   17.1933
   -7.5000  -37.5000    0.000013091.2979   16.9997
    0.0000  -37.5000    0.000013707.1729   16.9675
    7.5000  -37.5000    0.000013032.3086   16.9627
   -7.5000  -30.0000    0.000014208.9072   16.8310
    0.0000  -30.0000    0.000014856.2510   16.7895
    7.5000  -30.0000    0.000014124.2031   16.7830
   -7.5000  -22.5000    0.000015059.9980   16.8004
    0.0000  -22.5000    0.000015721.5244   16.7556
    7.5000  -22.5000    0.000014970.3535   16.7465
   -7.5000  -15.0000    0.000015704.3418   16.8435
    0.0000  -15.0000    0.000016353.9629   16.8041
    7.5000  -15.0000    0.000015592.7393   16.7945
   -7.5000   -7.5000    0.000016231.5879   16.8828
    0.0000   -7.5000    0.000016914.9551   16.8534
    7.5000   -7.5000    0.000016165.5664   16.8465
   -7.5000    0.0000    0.000016692.4434   16.8813
    0.0000    0.0000    0.000017481.7734   16.8563
    7.5000    0.0000    0.000016643.6016   16.8517
   -7.5000    7.5000    0.000015857.0605   16.8347
    0.0000    7.5000    0.000016808.9160   16.8032
    7.5000    7.5000    0.000016015.3662   16.7987
   -7.5000   15.0000    0.000014873.2139   16.7932
    0.0000   15.0000    0.000015826.4902   16.7518
    7.5000   15.0000    0.000015083.1602   16.7454
   -7.5000   22.5000    0.000013791.7227   16.9628
    0.0000   22.5000    0.000014671.6367   16.9193
    7.5000   22.5000    0.000014001.8203   16.9093
   -7.5000   30.0000    0.000012777.5439   17.2053
    0.0000   30.0000    0.000013600.1514   17.1663
    7.5000   30.0000    0.000012959.0410   17.1566
   -7.5000   37.5000    0.000012417.5146   17.8679
    0.0000   37.5000    0.000013195.7402   17.8348
    7.5000   37.5000    0.000012532.5020   17.8275
   -7.5000   45.0000    0.000011641.6123   18.1112
    0.0000   45.0000    0.000012331.4551   18.0797
    7.5000   45.0000    0.000011742.9268   18.0772
   -7.5000  -45.0000    7.500011890.3428   17.2790
    0.0000  -45.0000    7.500012486.2979   17.2511
    7.5000  -45.0000    7.500011967.1133   17.2344
   -7.5000  -37.5000    7.500012622.4355   17.0550
    0.0000  -37.5000    7.500013287.6055   17.0214
    7.5000  -37.5000    7.500012705.0879   17.0055
   -7.5000  -30.0000    7.500013681.0938   16.8957
    0.0000  -30.0000    7.500014386.2998   16.8553
    7.5000  -30.0000    7.500013769.1553   16.8394
   -7.5000  -22.5000    7.500014490.5449   16.8713
    0.0000  -22.5000    7.500015214.3535   16.8305
    7.5000  -22.5000    7.500014563.0996   16.8139
   -7.5000  -15.0000    7.500015086.8740   16.9119
    0.0000  -15.0000    7.500015832.6006   16.8769
    7.5000  -15.0000    7.500015140.2861   16.8600
   -7.5000   -7.5000    7.500015656.4785   16.9414
    0.0000   -7.5000    7.500016398.6387   16.9136
    7.5000   -7.5000    7.500015688.3857   16.8973
   -7.5000    0.0000    7.500016231.0264   16.9321
    0.0000    0.0000    7.500017111.1016   16.9058
    7.5000    0.0000    7.500016262.8828   16.8902
   -7.5000    7.5000    7.500015565.5449   16.8890
    0.0000    7.5000    7.500016561.2207   16.8560
    7.5000    7.5000    7.500015671.8047   16.8407
   -7.5000   15.0000    7.500014646.9268   16.8575
    0.0000   15.0000    7.500015518.0283   16.8173
    7.5000   15.0000    7.500014643.6377   16.8015
   -7.5000   22.5000    7.500013586.1455   17.0342
    0.0000   22.5000    7.500014359.1562   16.9944
    7.5000   22.5000    7.500013498.6260   16.9764
   -7.5000   30.0000    7.500012513.3604   17.2727
    0.0000   30.0000    7.500013226.7979   17.2368
    7.5000   30.0000    7.500012453.0947   17.2189
   -7.5000   37.5000    7.500012116.3271   17.9211
    0.0000   37.5000    7.500012805.8389   17.8875
    7.5000   37.5000    7.500012083.5801   17.8704
   -7.5000   45.0000    7.500011321.7568   18.1509
    0.0000   45.0000    7.500011946.3516   18.1181
    7.5000   45.0000    7.500011339.9580   18.1040
   -7.5000  -45.0000   15.000011384.7871   17.2765
    0.0000  -45.0000   15.000012069.4971   17.2383
    7.5000  -45.0000   15.000011516.0332   17.2175
   -7.5000  -37.5000   15.000012091.6240   17.0509
    0.0000  -37.5000   15.000012843.1611   17.0132
    7.5000  -37.5000   15.000012229.9814   16.9938
   -7.5000  -30.0000   15.000013116.2539   16.9039
    0.0000  -30.0000   15.000013909.2646   16.8659
    7.5000  -30.0000   15.000013262.1641   16.8473
   -7.5000  -22.5000   15.000013889.6191   16.8916
    0.0000  -22.5000   15.000014655.7861   16.8539
    7.5000  -22.5000   15.000013989.3018   16.8353
   -7.5000  -15.0000   15.000014465.1221   16.9333
    0.0000  -15.0000   15.000015160.0742   16.8961
    7.5000  -15.0000   15.000014482.8789   16.8770
   -7.5000   -7.5000   15.000015065.7988   16.9505
    0.0000   -7.5000   15.000015684.3047   16.9141
    7.5000   -7.5000   15.000014992.9082   16.8946
   -7.5000    0.0000   15.000015600.9482   16.9282
    0.0000    0.0000   15.000016297.4688   16.8920
    7.5000    0.0000   15.000015540.8252   16.8726
   -7.5000    7.5000   15.000015000.5908   16.8854
    0.0000    7.5000   15.000015721.5625   16.8483
    7.5000    7.5000   15.000014881.8096   16.8295
   -7.5000   15.0000   15.000014156.9248   16.8660
    0.0000   15.0000   15.000014758.6924   16.8281
    7.5000   15.0000   15.000013829.4619   16.8097
   -7.5000   22.5000   15.000013112.4170   17.0537
    0.0000   22.5000   15.000013723.2178   17.0169
    7.5000   22.5000   15.000012787.1455   16.9961
   -7.5000   30.0000   15.000012051.8340   17.2903
    0.0000   30.0000   15.000012704.3857   17.2519
    7.5000   30.0000   15.000011838.0498   17.2317
   -7.5000   37.5000   15.000011622.0254   17.9228
    0.0000   37.5000   15.000012293.6787   17.8799
    7.5000   37.5000   15.000011518.0186   17.8594
   -7.5000   45.0000   15.000010824.6191   18.1350
    0.0000   45.0000   15.000011452.5000   18.0931
    7.5000   45.0000   15.000010822.1396   18.0763
   -7.5000  -45.0000   22.500010822.4033   17.2116
    0.0000  -45.0000   22.500011407.3613   17.1653
    7.5000  -45.0000   22.500010843.9248   17.1532
   -7.5000  -37.5000   22.500011537.3281   16.9838
    0.0000  -37.5000   22.500012131.4326   16.9443
    7.5000  -37.5000   22.500011529.6777   16.9337
   -7.5000  -30.0000   22.500012529.9102   16.8401
    0.0000  -30.0000   22.500013149.2139   16.8049
    7.5000  -30.0000   22.500012484.2676   16.7936
   -7.5000  -22.5000   22.500013245.6719   16.8335
    0.0000  -22.5000   22.500013845.1396   16.7963
    7.5000  -22.5000   22.500013177.6572   16.7839
   -7.5000  -15.0000   22.500013778.5889   16.8777
    0.0000  -15.0000   22.500014318.4873   16.8353
    7.5000  -15.0000   22.500013653.4912   16.8228
   -7.5000   -7.5000   22.500014254.4219   16.8927
    0.0000   -7.5000   22.500014796.3232   16.8471
    7.5000   -7.5000   22.500014142.0967   16.8352
   -7.5000    0.0000   22.500014602.8877   16.8655
    0.0000    0.0000   22.500015236.5557   16.8213
    7.5000    0.0000   22.500014603.9844   16.8105
   -7.5000    7.5000   22.500013898.0410   16.8199
    0.0000    7.5000   22.500014583.4072   16.7811
    7.5000    7.5000   22.500013931.3154   16.7708
   -7.5000   15.0000   22.500013080.2793   16.8029
    0.0000   15.0000   22.500013653.1758   16.7678
    7.5000   15.0000   22.500012996.4287   16.7566
   -7.5000   22.5000   22.500012177.9131   16.9940
    0.0000   22.5000   22.500012751.0439   16.9581
    7.5000   22.5000   22.500012098.9629   16.9432
   -7.5000   30.0000   22.500011294.8926   17.2316
    0.0000   30.0000   22.500011890.2979   17.1890
    7.5000   30.0000   22.500011276.7861   17.1760
   -7.5000   37.5000   22.500010964.8828   17.8633
    0.0000   37.5000   22.500011558.1113   17.8127
    7.5000   37.5000   22.500010994.7207   17.8002
   -7.5000   45.0000   22.500010249.0508   18.0727
    0.0000   45.0000   22.500010800.6328   18.0235
    7.5000   45.0000   22.500010308.7627   18.0172
   -7.5000  -45.0000   30.000010079.6855   17.1580
    0.0000  -45.0000   30.000010549.2119   17.1125
    7.5000  -45.0000   30.000010020.8926   17.1124
   -7.5000  -37.5000   30.000010726.8184   16.9271
    0.0000  -37.5000   30.000011235.5850   16.8898
    7.5000  -37.5000   30.000010679.0371   16.8912
   -7.5000  -30.0000   30.000011637.2832   16.7745
    0.0000  -30.0000   30.000012182.3877   16.7403
    7.5000  -30.0000   30.000011568.7861   16.7395
   -7.5000  -22.5000   30.000012286.7598   16.7636
    0.0000  -22.5000   30.000012843.5459   16.7242
    7.5000  -22.5000   30.000012219.1406   16.7208
   -7.5000  -15.0000   30.000012785.6123   16.8118
    0.0000  -15.0000   30.000013286.8848   16.7655
    7.5000  -15.0000   30.000012701.1289   16.7617
   -7.5000   -7.5000   30.000013190.3008   16.8364
    0.0000   -7.5000   30.000013702.6250   16.7886
    7.5000   -7.5000   30.000013130.1836   16.7865
   -7.5000    0.0000   30.000013472.8145   16.8150
    0.0000    0.0000   30.000014043.0693   16.7714
    7.5000    0.0000   30.000013498.8613   16.7721
   -7.5000    7.5000   30.000012789.3262   16.7644
    0.0000    7.5000   30.000013364.2559   16.7277
    7.5000    7.5000   30.000012845.9707   16.7291
   -7.5000   15.0000   30.000011996.2549   16.7376
    0.0000   15.0000   30.000012510.1055   16.7035
    7.5000   15.0000   30.000012016.6074   16.7027
   -7.5000   22.5000   30.000011200.1836   16.9237
    0.0000   22.5000   30.000011687.1406   16.8857
    7.5000   22.5000   30.000011219.9463   16.8803
   -7.5000   30.0000   30.000010436.3008   17.1671
    0.0000   30.0000   30.000010933.9717   17.1217
    7.5000   30.0000   30.000010517.6895   17.1184
   -7.5000   37.5000   30.000010184.0820   17.8139
    0.0000   37.5000   30.000010695.5986   17.7631
    7.5000   37.5000   30.000010277.4951   17.7610
   -7.5000   45.0000   30.0000 9563.5957   18.0352
    0.0000   45.0000   30.000010024.6836   17.9865
    7.5000   45.0000   30.0000 9632.6230   17.9925
   -7.5000  -45.0000   37.5000 9627.4209   17.2741
    0.0000  -45.0000   37.500010074.2451   17.2376
    7.5000  -45.0000   37.5000 9591.0117   17.2404
   -7.5000  -37.5000   37.500010225.6953   17.0413
    0.0000  -37.5000   37.500010726.5459   17.0067
    7.5000  -37.5000   37.500010219.3398   17.0106
   -7.5000  -30.0000   37.500011076.1367   16.8740
    0.0000  -30.0000   37.500011626.4463   16.8354
    7.5000  -30.0000   37.500011081.6064   16.8367
   -7.5000  -22.5000   37.500011699.9463   16.8509
    0.0000  -22.5000   37.500012274.4072   16.8063
    7.5000  -22.5000   37.500011704.3154   16.8041
   -7.5000  -15.0000   37.500012165.3359   16.8992
    0.0000  -15.0000   37.500012714.6357   16.8532
    7.5000  -15.0000   37.500012157.6494   16.8502
   -7.5000   -7.5000   37.500012559.4346   16.9365
    0.0000   -7.5000   37.500013107.2812   16.8960
    7.5000   -7.5000   37.500012556.7227   16.8957
   -7.5000    0.0000   37.500012844.7207   16.9279
    0.0000    0.0000   37.500013399.9668   16.8931
    7.5000    0.0000   37.500012871.1230   16.8963
   -7.5000    7.5000   37.500012172.9814   16.8759
    0.0000    7.5000   37.500012724.5000   16.8420
    7.5000    7.5000   37.500012245.4932   16.8459
   -7.5000   15.0000   37.500011397.5020   16.8363
    0.0000   15.0000   37.500011906.0869   16.7979
    7.5000   15.0000   37.500011452.1406   16.7992
   -7.5000   22.5000   37.500010648.7432   17.0139
    0.0000   22.5000   37.500011111.9883   16.9708
    7.5000   22.5000   37.500010702.7598   16.9674
   -7.5000   30.0000   37.5000 9965.4502   17.2644
    0.0000   30.0000   37.500010428.6846   17.2195
    7.5000   30.0000   37.500010062.5195   17.2172
   -7.5000   37.5000   37.5000 9767.0010   17.9345
    0.0000   37.5000   37.500010226.4668   17.8916
    7.5000   37.5000   37.5000 9857.2158   17.8914
   -7.5000   45.0000   37.5000 9170.4629   18.1781
    0.0000   45.0000   37.5000 9586.1172   18.1376
    7.5000   45.0000   37.5000 9243.5449   18.1448
   -7.5000  -45.0000   45.0000 8820.6211   17.5824
    0.0000  -45.0000   45.0000 9234.8418   17.5555
    7.5000  -45.0000   45.0000 8832.1738   17.5487
   -7.5000  -37.5000   45.0000 9358.9512   17.3457
    0.0000  -37.5000   45.0000 9822.0947   17.3124
    7.5000  -37.5000   45.0000 9386.6025   17.3061
   -7.5000  -30.0000   45.000010145.0664   17.1685
    0.0000  -30.0000   45.000010661.9727   17.1249
    7.5000  -30.0000   45.000010169.7305   17.1169
   -7.5000  -22.5000   45.000010729.7100   17.1366
    0.0000  -22.5000   45.000011279.9863   17.0893
    7.5000  -22.5000   45.000010748.7373   17.0786
   -7.5000  -15.0000   45.000011122.9990   17.1823
    0.0000  -15.0000   45.000011659.9355   17.1409
    7.5000  -15.0000   45.000011146.7109   17.1297
   -7.5000   -7.5000   45.000011489.2344   17.2238
    0.0000   -7.5000   45.000012014.5576   17.1934
    7.5000   -7.5000   45.000011511.3652   17.1849
   -7.5000    0.0000   45.000011744.9893   17.2222
    0.0000    0.0000   45.000012257.8213   17.1968
    7.5000    0.0000   45.000011806.5000   17.1906
   -7.5000    7.5000   45.000011134.3936   17.1728
    0.0000    7.5000   45.000011638.7520   17.1403
    7.5000    7.5000   45.000011230.4922   17.1343
   -7.5000   15.0000   45.000010426.3662   17.1288
    0.0000   15.0000   45.000010903.5723   17.0854
    7.5000   15.0000   45.000010512.1338   17.0775
   -7.5000   22.5000   45.0000 9730.6768   17.3049
    0.0000   22.5000   45.000010161.4727   17.2591
    7.5000   22.5000   45.0000 9800.7578   17.2474
   -7.5000   30.0000   45.0000 9128.8086   17.5589
    0.0000   30.0000   45.0000 9543.3682   17.5178
    7.5000   30.0000   45.0000 9214.7334   17.5064
   -7.5000   37.5000   45.0000 8959.3008   18.2492
    0.0000   37.5000   45.0000 9392.0703   18.2150
    7.5000   37.5000   45.0000 9058.9600   18.2059
   -7.5000   45.0000   45.0000 8453.2930   18.5203
    0.0000   45.0000   45.0000 8856.7236   18.4883
    7.5000   45.0000   45.0000 8513.8320   18.4842

---------------------------------------------------------------------
imgreg_4dfp /opt/freesurfer/average/711-2C_as_mni_average_305 /opt/freesurfer/average/711-2B_as_mni_average_305_mask talsrcimg_g11 none talsrcimg_to_711-2C_as_mni_average_305_t4 4355
---------------------------------------------------------------------

freesurfer imgreg_4dfp.c
/opt/freesurfer/average/711-2C_as_mni_average_305.4dfp.img
       256       256       256         1
  1.000000  1.000000  1.000000
orientation T byte_order littleendian
Reading image: /opt/freesurfer/average/711-2C_as_mni_average_305.4dfp.img
dimensions:      256       256       256
mmppix:       1.0000   -1.0000   -1.0000
center:     128.0000 -129.0000 -129.0000
/opt/freesurfer/average/711-2B_as_mni_average_305_mask.4dfp.img
       256       256       256         1
  1.000000  1.000000  1.000000
orientation T byte_order littleendian
Reading mask: /opt/freesurfer/average/711-2B_as_mni_average_305_mask.4dfp.img (2306576 pixels)
talsrcimg_g11.4dfp.img
       256       256       256         1
  1.000000  1.000000  1.000000
orientation T byte_order littleendian
Reading image: talsrcimg_g11.4dfp.img
dimensions:      256       256       256
mmppix:       1.0000   -1.0000   -1.0000
center:     128.0000 -129.0000 -129.0000
rotation matrix determinant  1.000000
image alignment mode   4355 decimal     1103 hex
   -7.5000  -45.0000  -45.0000 2230.2134   20.0373
    0.0000  -45.0000  -45.0000 2210.8491   20.2056
    7.5000  -45.0000  -45.0000 2178.4963   20.5663
   -7.5000  -37.5000  -45.0000 2240.4924   19.8240
    0.0000  -37.5000  -45.0000 2231.3118   19.9354
    7.5000  -37.5000  -45.0000 2197.8857   20.2107
   -7.5000  -30.0000  -45.0000 2257.5525   19.6603
    0.0000  -30.0000  -45.0000 2253.4207   19.7452
    7.5000  -30.0000  -45.0000 2216.4995   19.9529
   -7.5000  -22.5000  -45.0000 2276.5059   19.6176
    0.0000  -22.5000  -45.0000 2277.8237   19.6979
    7.5000  -22.5000  -45.0000 2247.3586   19.8911
   -7.5000  -15.0000  -45.0000 2293.1033   19.6253
    0.0000  -15.0000  -45.0000 2286.7427   19.6995
    7.5000  -15.0000  -45.0000 2264.8335   19.8669
   -7.5000   -7.5000  -45.0000 2298.2859   19.6583
    0.0000   -7.5000  -45.0000 2292.1372   19.7132
    7.5000   -7.5000  -45.0000 2275.5320   19.8670
   -7.5000    0.0000  -45.0000 2286.6287   19.8099
    0.0000    0.0000  -45.0000 2291.6279   19.7437
    7.5000    0.0000  -45.0000 2277.8113   19.9187
   -7.5000    7.5000  -45.0000 2271.1484   19.9873
    0.0000    7.5000  -45.0000 2286.7351   19.8404
    7.5000    7.5000  -45.0000 2280.5864   19.9770
   -7.5000   15.0000  -45.0000 2256.6560   20.2247
    0.0000   15.0000  -45.0000 2273.6985   20.0399
    7.5000   15.0000  -45.0000 2275.4854   20.1489
   -7.5000   22.5000  -45.0000 2236.5042   20.7210
    0.0000   22.5000  -45.0000 2260.4104   20.5186
    7.5000   22.5000  -45.0000 2264.4849   20.6630
   -7.5000   30.0000  -45.0000 2198.7249   21.6662
    0.0000   30.0000  -45.0000 2233.6687   21.4740
    7.5000   30.0000  -45.0000 2235.9629   21.5075
   -7.5000   37.5000  -45.0000 2148.8191   23.0276
    0.0000   37.5000  -45.0000 2179.0061   22.7541
    7.5000   37.5000  -45.0000 2180.5720   22.7653
   -7.5000   45.0000  -45.0000 2083.3022   24.7421
    0.0000   45.0000  -45.0000 2111.1145   24.3771
    7.5000   45.0000  -45.0000 2110.0371   24.4170
   -7.5000  -45.0000  -37.5000 2321.0979   18.4888
    0.0000  -45.0000  -37.5000 2309.9006   18.6233
    7.5000  -45.0000  -37.5000 2276.5801   18.8782
   -7.5000  -37.5000  -37.5000 2343.6235   18.2505
    0.0000  -37.5000  -37.5000 2332.9753   18.3494
    7.5000  -37.5000  -37.5000 2298.9756   18.5080
   -7.5000  -30.0000  -37.5000 2370.1431   18.0753
    0.0000  -30.0000  -37.5000 2363.0698   18.1389
    7.5000  -30.0000  -37.5000 2320.3503   18.2780
   -7.5000  -22.5000  -37.5000 2389.0308   18.0274
    0.0000  -22.5000  -37.5000 2389.2229   18.0398
    7.5000  -22.5000  -37.5000 2347.4951   18.2000
   -7.5000  -15.0000  -37.5000 2402.4434   18.0763
    0.0000  -15.0000  -37.5000 2400.3350   18.0324
    7.5000  -15.0000  -37.5000 2367.3687   18.1932
   -7.5000   -7.5000  -37.5000 2405.0427   18.0590
    0.0000   -7.5000  -37.5000 2404.1133   18.0122
    7.5000   -7.5000  -37.5000 2385.9292   18.2021
   -7.5000    0.0000  -37.5000 2395.6731   18.2129
    0.0000    0.0000  -37.5000 2406.0598   18.1244
    7.5000    0.0000  -37.5000 2391.0820   18.2715
   -7.5000    7.5000  -37.5000 2381.4312   18.4668
    0.0000    7.5000  -37.5000 2399.8560   18.3084
    7.5000    7.5000  -37.5000 2389.2148   18.4173
   -7.5000   15.0000  -37.5000 2365.2664   18.7726
    0.0000   15.0000  -37.5000 2379.8997   18.5393
    7.5000   15.0000  -37.5000 2379.7886   18.6084
   -7.5000   22.5000  -37.5000 2338.2007   19.2461
    0.0000   22.5000  -37.5000 2360.2180   18.9697
    7.5000   22.5000  -37.5000 2361.7908   19.0890
   -7.5000   30.0000  -37.5000 2301.7864   20.0942
    0.0000   30.0000  -37.5000 2323.7026   19.7993
    7.5000   30.0000  -37.5000 2328.0627   19.8682
   -7.5000   37.5000  -37.5000 2249.2339   21.2727
    0.0000   37.5000  -37.5000 2278.0337   20.9472
    7.5000   37.5000  -37.5000 2282.3223   20.9888
   -7.5000   45.0000  -37.5000 2176.1790   22.8150
    0.0000   45.0000  -37.5000 2207.0273   22.4886
    7.5000   45.0000  -37.5000 2208.2080   22.4829
   -7.5000  -45.0000  -30.0000 2455.5776   17.6821
    0.0000  -45.0000  -30.0000 2444.7065   17.7988
    7.5000  -45.0000  -30.0000 2413.5315   18.1191
   -7.5000  -37.5000  -30.0000 2481.3184   17.4478
    0.0000  -37.5000  -30.0000 2471.6501   17.5134
    7.5000  -37.5000  -30.0000 2434.2986   17.7249
   -7.5000  -30.0000  -30.0000 2507.7083   17.2528
    0.0000  -30.0000  -30.0000 2500.8352   17.3134
    7.5000  -30.0000  -30.0000 2461.7690   17.4756
   -7.5000  -22.5000  -30.0000 2532.1479   17.1933
    0.0000  -22.5000  -30.0000 2529.2239   17.2196
    7.5000  -22.5000  -30.0000 2484.7056   17.3531
   -7.5000  -15.0000  -30.0000 2536.0469   17.1834
    0.0000  -15.0000  -30.0000 2540.0659   17.1405
    7.5000  -15.0000  -30.0000 2507.0051   17.3369
   -7.5000   -7.5000  -30.0000 2536.3789   17.2051
    0.0000   -7.5000  -30.0000 2545.6748   17.1331
    7.5000   -7.5000  -30.0000 2525.6873   17.3297
   -7.5000    0.0000  -30.0000 2539.0684   17.3344
    0.0000    0.0000  -30.0000 2551.6106   17.2145
    7.5000    0.0000  -30.0000 2537.9839   17.3563
   -7.5000    7.5000  -30.0000 2534.2012   17.5265
    0.0000    7.5000  -30.0000 2548.6260   17.3701
    7.5000    7.5000  -30.0000 2536.2517   17.4617
   -7.5000   15.0000  -30.0000 2517.6602   17.8707
    0.0000   15.0000  -30.0000 2531.1140   17.6856
    7.5000   15.0000  -30.0000 2534.4084   17.7331
   -7.5000   22.5000  -30.0000 2484.1011   18.4469
    0.0000   22.5000  -30.0000 2508.0098   18.1756
    7.5000   22.5000  -30.0000 2509.8831   18.2604
   -7.5000   30.0000  -30.0000 2445.5034   19.2909
    0.0000   30.0000  -30.0000 2473.6152   18.9474
    7.5000   30.0000  -30.0000 2472.5928   19.0103
   -7.5000   37.5000  -30.0000 2388.3074   20.3759
    0.0000   37.5000  -30.0000 2425.8735   20.0112
    7.5000   37.5000  -30.0000 2429.8005   20.0449
   -7.5000   45.0000  -30.0000 2310.9521   21.7252
    0.0000   45.0000  -30.0000 2348.2083   21.4295
    7.5000   45.0000  -30.0000 2349.4626   21.4342
   -7.5000  -45.0000  -22.5000 2554.5889   16.8571
    0.0000  -45.0000  -22.5000 2547.0056   17.0034
    7.5000  -45.0000  -22.5000 2512.2427   17.3709
   -7.5000  -37.5000  -22.5000 2583.4382   16.5466
    0.0000  -37.5000  -22.5000 2575.8784   16.6471
    7.5000  -37.5000  -22.5000 2530.5398   16.9408
   -7.5000  -30.0000  -22.5000 2603.0974   16.3445
    0.0000  -30.0000  -22.5000 2600.6755   16.3813
    7.5000  -30.0000  -22.5000 2561.1204   16.6384
   -7.5000  -22.5000  -22.5000 2625.7288   16.2239
    0.0000  -22.5000  -22.5000 2627.7021   16.2222
    7.5000  -22.5000  -22.5000 2585.0142   16.4659
   -7.5000  -15.0000  -22.5000 2630.1328   16.1712
    0.0000  -15.0000  -22.5000 2638.3872   16.1284
    7.5000  -15.0000  -22.5000 2605.9106   16.3468
   -7.5000   -7.5000  -22.5000 2641.6238   16.2090
    0.0000   -7.5000  -22.5000 2653.9272   16.1370
    7.5000   -7.5000  -22.5000 2636.1804   16.3327
   -7.5000    0.0000  -22.5000 2649.0259   16.2824
    0.0000    0.0000  -22.5000 2657.4170   16.1844
    7.5000    0.0000  -22.5000 2656.1970   16.3223
   -7.5000    7.5000  -22.5000 2645.0051   16.4435
    0.0000    7.5000  -22.5000 2667.8660   16.2927
    7.5000    7.5000  -22.5000 2662.3428   16.4166
   -7.5000   15.0000  -22.5000 2642.3909   16.7838
    0.0000   15.0000  -22.5000 2664.6316   16.6258
    7.5000   15.0000  -22.5000 2661.6133   16.7130
   -7.5000   22.5000  -22.5000 2619.1555   17.4005
    0.0000   22.5000  -22.5000 2647.4763   17.2160
    7.5000   22.5000  -22.5000 2637.1863   17.2885
   -7.5000   30.0000  -22.5000 2576.5488   18.2487
    0.0000   30.0000  -22.5000 2608.7485   17.9636
    7.5000   30.0000  -22.5000 2604.3452   18.0447
   -7.5000   37.5000  -22.5000 2507.7615   19.2617
    0.0000   37.5000  -22.5000 2545.2029   18.8971
    7.5000   37.5000  -22.5000 2550.3379   18.9521
   -7.5000   45.0000  -22.5000 2421.7202   20.5208
    0.0000   45.0000  -22.5000 2459.9158   20.1610
    7.5000   45.0000  -22.5000 2463.9548   20.2077
   -7.5000  -45.0000  -15.0000 2608.4905   16.1332
    0.0000  -45.0000  -15.0000 2604.8782   16.2766
    7.5000  -45.0000  -15.0000 2568.7378   16.7337
   -7.5000  -37.5000  -15.0000 2639.7051   15.8229
    0.0000  -37.5000  -15.0000 2633.4236   15.8983
    7.5000  -37.5000  -15.0000 2590.1118   16.2792
   -7.5000  -30.0000  -15.0000 2656.6711   15.5772
    0.0000  -30.0000  -15.0000 2662.3940   15.5880
    7.5000  -30.0000  -15.0000 2619.0466   15.8997
   -7.5000  -22.5000  -15.0000 2673.9731   15.3930
    0.0000  -22.5000  -15.0000 2681.6223   15.3727
    7.5000  -22.5000  -15.0000 2645.2148   15.6610
   -7.5000  -15.0000  -15.0000 2690.3801   15.2752
    0.0000  -15.0000  -15.0000 2703.3977   15.2380
    7.5000  -15.0000  -15.0000 2674.6465   15.4710
   -7.5000   -7.5000  -15.0000 2715.9224   15.3051
    0.0000   -7.5000  -15.0000 2729.8552   15.2406
    7.5000   -7.5000  -15.0000 2716.7783   15.4117
   -7.5000    0.0000  -15.0000 2725.7480   15.3541
    0.0000    0.0000  -15.0000 2742.9895   15.2801
    7.5000    0.0000  -15.0000 2747.1409   15.4038
   -7.5000    7.5000  -15.0000 2730.7988   15.4548
    0.0000    7.5000  -15.0000 2758.1975   15.3408
    7.5000    7.5000  -15.0000 2758.3027   15.5127
   -7.5000   15.0000  -15.0000 2728.1484   15.7640
    0.0000   15.0000  -15.0000 2765.8210   15.6330
    7.5000   15.0000  -15.0000 2760.3962   15.7877
   -7.5000   22.5000  -15.0000 2717.3286   16.3764
    0.0000   22.5000  -15.0000 2749.5105   16.1835
    7.5000   22.5000  -15.0000 2744.3779   16.3452
   -7.5000   30.0000  -15.0000 2668.7327   17.2006
    0.0000   30.0000  -15.0000 2709.1035   16.9148
    7.5000   30.0000  -15.0000 2710.1958   17.0304
   -7.5000   37.5000  -15.0000 2598.3464   18.1604
    0.0000   37.5000  -15.0000 2636.5105   17.7877
    7.5000   37.5000  -15.0000 2642.8367   17.8745
   -7.5000   45.0000  -15.0000 2507.6733   19.3832
    0.0000   45.0000  -15.0000 2544.5076   18.9988
    7.5000   45.0000  -15.0000 2553.0076   19.0689
   -7.5000  -45.0000   -7.5000 2640.9109   15.6029
    0.0000  -45.0000   -7.5000 2634.1230   15.7261
    7.5000  -45.0000   -7.5000 2598.7996   16.2178
   -7.5000  -37.5000   -7.5000 2663.8928   15.2379
    0.0000  -37.5000   -7.5000 2660.1509   15.3071
    7.5000  -37.5000   -7.5000 2624.5308   15.7394
   -7.5000  -30.0000   -7.5000 2686.1736   14.9679
    0.0000  -30.0000   -7.5000 2688.0251   14.9509
    7.5000  -30.0000   -7.5000 2644.7952   15.3270
   -7.5000  -22.5000   -7.5000 2704.6150   14.7142
    0.0000  -22.5000   -7.5000 2709.1890   14.6839
    7.5000  -22.5000   -7.5000 2677.5107   15.0262
   -7.5000  -15.0000   -7.5000 2731.1541   14.5434
    0.0000  -15.0000   -7.5000 2740.2021   14.5070
    7.5000  -15.0000   -7.5000 2720.5720   14.8169
   -7.5000   -7.5000   -7.5000 2762.1191   14.5418
    0.0000   -7.5000   -7.5000 2778.6057   14.4576
    7.5000   -7.5000   -7.5000 2769.5447   14.7058
   -7.5000    0.0000   -7.5000 2786.3196   14.6128
    0.0000    0.0000   -7.5000 2813.8906   14.4898
    7.5000    0.0000   -7.5000 2812.4163   14.7098
   -7.5000    7.5000   -7.5000 2804.3948   14.7392
    0.0000    7.5000   -7.5000 2841.4207   14.6098
    7.5000    7.5000   -7.5000 2841.1252   14.8398
   -7.5000   15.0000   -7.5000 2806.0332   15.0196
    0.0000   15.0000   -7.5000 2852.0417   14.8667
    7.5000   15.0000   -7.5000 2849.6018   15.1082
   -7.5000   22.5000   -7.5000 2788.7922   15.5265
    0.0000   22.5000   -7.5000 2832.3799   15.3578
    7.5000   22.5000   -7.5000 2835.3577   15.5916
   -7.5000   30.0000   -7.5000 2744.0415   16.2332
    0.0000   30.0000   -7.5000 2786.8601   15.9601
    7.5000   30.0000   -7.5000 2793.8689   16.1440
   -7.5000   37.5000   -7.5000 2664.0923   17.2314
    0.0000   37.5000   -7.5000 2710.9680   16.8407
    7.5000   37.5000   -7.5000 2718.0120   16.9343
   -7.5000   45.0000   -7.5000 2572.0178   18.4625
    0.0000   45.0000   -7.5000 2609.2036   18.0719
    7.5000   45.0000   -7.5000 2616.7109   18.1705
   -7.5000  -45.0000    0.0000 2659.8984   15.2980
    0.0000  -45.0000    0.0000 2649.7585   15.4494
    7.5000  -45.0000    0.0000 2614.6018   15.9977
   -7.5000  -37.5000    0.0000 2673.2554   14.9155
    0.0000  -37.5000    0.0000 2670.6663   14.9870
    7.5000  -37.5000    0.0000 2634.8645   15.4892
   -7.5000  -30.0000    0.0000 2688.9375   14.5504
    0.0000  -30.0000    0.0000 2693.3081   14.5705
    7.5000  -30.0000    0.0000 2654.7651   15.0083
   -7.5000  -22.5000    0.0000 2709.4495   14.2713
    0.0000  -22.5000    0.0000 2720.3062   14.2317
    7.5000  -22.5000    0.0000 2693.4055   14.6387
   -7.5000  -15.0000    0.0000 2739.9583   14.1361
    0.0000  -15.0000    0.0000 2755.5247   14.0383
    7.5000  -15.0000    0.0000 2739.6931   14.3875
   -7.5000   -7.5000    0.0000 2774.5974   14.1313
    0.0000   -7.5000    0.0000 2797.9656   13.9997
    7.5000   -7.5000    0.0000 2797.3752   14.2934
   -7.5000    0.0000    0.0000 2820.9758   14.2274
    0.0000    0.0000    0.0000 2851.3950   14.0970
    7.5000    0.0000    0.0000 2846.0154   14.3379
   -7.5000    7.5000    0.0000 2858.8992   14.3511
    0.0000    7.5000    0.0000 2902.3721   14.2837
    7.5000    7.5000    0.0000 2889.9294   14.4786
   -7.5000   15.0000    0.0000 2873.3225   14.5742
    0.0000   15.0000    0.0000 2926.8220   14.4906
    7.5000   15.0000    0.0000 2911.2197   14.7152
   -7.5000   22.5000    0.0000 2846.5090   15.0156
    0.0000   22.5000    0.0000 2899.8625   14.8837
    7.5000   22.5000    0.0000 2899.9553   15.0664
   -7.5000   30.0000    0.0000 2789.4763   15.6521
    0.0000   30.0000    0.0000 2844.7358   15.4257
    7.5000   30.0000    0.0000 2847.0984   15.5487
   -7.5000   37.5000    0.0000 2709.4053   16.6294
    0.0000   37.5000    0.0000 2760.3037   16.2530
    7.5000   37.5000    0.0000 2766.0452   16.3150
   -7.5000   45.0000    0.0000 2615.4077   17.8826
    0.0000   45.0000    0.0000 2653.3315   17.4721
    7.5000   45.0000    0.0000 2662.2195   17.5207
   -7.5000  -45.0000    7.5000 2650.6982   15.1603
    0.0000  -45.0000    7.5000 2641.5386   15.3173
    7.5000  -45.0000    7.5000 2612.9690   16.0195
   -7.5000  -37.5000    7.5000 2663.9446   14.7775
    0.0000  -37.5000    7.5000 2667.9043   14.8569
    7.5000  -37.5000    7.5000 2639.3884   15.4673
   -7.5000  -30.0000    7.5000 2670.6931   14.4307
    0.0000  -30.0000    7.5000 2681.5139   14.4251
    7.5000  -30.0000    7.5000 2657.9941   14.9577
   -7.5000  -22.5000    7.5000 2690.5471   14.1452
    0.0000  -22.5000    7.5000 2709.2615   14.1089
    7.5000  -22.5000    7.5000 2697.8335   14.5824
   -7.5000  -15.0000    7.5000 2726.9160   14.0297
    0.0000  -15.0000    7.5000 2751.1450   13.9566
    7.5000  -15.0000    7.5000 2743.5581   14.3248
   -7.5000   -7.5000    7.5000 2770.8472   14.0524
    0.0000   -7.5000    7.5000 2800.8750   13.9399
    7.5000   -7.5000    7.5000 2799.7639   14.2160
   -7.5000    0.0000    7.5000 2824.5510   14.1869
    0.0000    0.0000    7.5000 2862.3933   14.0543
    7.5000    0.0000    7.5000 2856.7021   14.2109
   -7.5000    7.5000    7.5000 2878.3516   14.3453
    0.0000    7.5000    7.5000 2921.4563   14.2762
    7.5000    7.5000    7.5000 2905.2229   14.3399
   -7.5000   15.0000    7.5000 2905.5732   14.5336
    0.0000   15.0000    7.5000 2964.8645   14.4201
    7.5000   15.0000    7.5000 2937.9170   14.4465
   -7.5000   22.5000    7.5000 2877.9397   14.9040
    0.0000   22.5000    7.5000 2950.0728   14.6160
    7.5000   22.5000    7.5000 2933.4592   14.6702
   -7.5000   30.0000    7.5000 2814.2683   15.4618
    0.0000   30.0000    7.5000 2877.9001   15.1347
    7.5000   30.0000    7.5000 2871.0137   15.1898
   -7.5000   37.5000    7.5000 2730.5151   16.3909
    0.0000   37.5000    7.5000 2781.4102   15.9740
    7.5000   37.5000    7.5000 2783.8293   15.9696
   -7.5000   45.0000    7.5000 2629.4871   17.6115
    0.0000   45.0000    7.5000 2668.0669   17.1831
    7.5000   45.0000    7.5000 2678.8154   17.1362
   -7.5000  -45.0000   15.0000 2608.5935   15.3160
    0.0000  -45.0000   15.0000 2612.9006   15.5749
    7.5000  -45.0000   15.0000 2587.7505   16.2214
   -7.5000  -37.5000   15.0000 2624.4265   14.9271
    0.0000  -37.5000   15.0000 2643.1018   15.0631
    7.5000  -37.5000   15.0000 2614.3958   15.6515
   -7.5000  -30.0000   15.0000 2636.9419   14.5669
    0.0000  -30.0000   15.0000 2659.1152   14.5920
    7.5000  -30.0000   15.0000 2640.3499   15.1192
   -7.5000  -22.5000   15.0000 2661.0720   14.3655
    0.0000  -22.5000   15.0000 2688.5679   14.2799
    7.5000  -22.5000   15.0000 2680.9207   14.7109
   -7.5000  -15.0000   15.0000 2695.7168   14.3042
    0.0000  -15.0000   15.0000 2725.1230   14.1100
    7.5000  -15.0000   15.0000 2724.0952   14.4316
   -7.5000   -7.5000   15.0000 2745.1614   14.3589
    0.0000   -7.5000   15.0000 2773.6455   14.0715
    7.5000   -7.5000   15.0000 2780.9341   14.3186
   -7.5000    0.0000   15.0000 2801.6465   14.4933
    0.0000    0.0000   15.0000 2830.0388   14.1757
    7.5000    0.0000   15.0000 2834.8325   14.2880
   -7.5000    7.5000   15.0000 2857.9749   14.6448
    0.0000    7.5000   15.0000 2884.5168   14.3975
    7.5000    7.5000   15.0000 2883.8152   14.3779
   -7.5000   15.0000   15.0000 2884.8499   14.8261
    0.0000   15.0000   15.0000 2920.4868   14.5320
    7.5000   15.0000   15.0000 2910.1606   14.4148
   -7.5000   22.5000   15.0000 2866.1340   15.1382
    0.0000   22.5000   15.0000 2930.3362   14.7423
    7.5000   22.5000   15.0000 2917.8447   14.5909
   -7.5000   30.0000   15.0000 2806.4622   15.6391
    0.0000   30.0000   15.0000 2870.5142   15.2781
    7.5000   30.0000   15.0000 2858.4521   15.2018
   -7.5000   37.5000   15.0000 2725.9900   16.4743
    0.0000   37.5000   15.0000 2771.4343   16.0920
    7.5000   37.5000   15.0000 2769.6704   16.0593
   -7.5000   45.0000   15.0000 2617.4631   17.6501
    0.0000   45.0000   15.0000 2653.4561   17.2465
    7.5000   45.0000   15.0000 2664.1416   17.1993
   -7.5000  -45.0000   22.5000 2544.8403   15.8222
    0.0000  -45.0000   22.5000 2557.0146   16.0374
    7.5000  -45.0000   22.5000 2536.5317   16.6693
   -7.5000  -37.5000   22.5000 2571.7898   15.4472
    0.0000  -37.5000   22.5000 2585.8069   15.4882
    7.5000  -37.5000   22.5000 2570.2686   16.0305
   -7.5000  -30.0000   22.5000 2597.5620   15.0848
    0.0000  -30.0000   22.5000 2612.3269   15.0162
    7.5000  -30.0000   22.5000 2596.3528   15.4561
   -7.5000  -22.5000   22.5000 2622.9473   14.8566
    0.0000  -22.5000   22.5000 2650.8481   14.6641
    7.5000  -22.5000   22.5000 2639.4233   15.0474
   -7.5000  -15.0000   22.5000 2656.7883   14.7571
    0.0000  -15.0000   22.5000 2685.6526   14.4457
    7.5000  -15.0000   22.5000 2682.0632   14.7654
   -7.5000   -7.5000   22.5000 2704.5464   14.7740
    0.0000   -7.5000   22.5000 2734.7478   14.3996
    7.5000   -7.5000   22.5000 2737.2686   14.6292
   -7.5000    0.0000   22.5000 2756.9304   14.8248
    0.0000    0.0000   22.5000 2787.3564   14.5026
    7.5000    0.0000   22.5000 2792.6865   14.5899
   -7.5000    7.5000   22.5000 2801.1621   14.9083
    0.0000    7.5000   22.5000 2837.7136   14.6372
    7.5000    7.5000   22.5000 2842.7012   14.6197
   -7.5000   15.0000   22.5000 2824.1389   15.0865
    0.0000   15.0000   22.5000 2860.6221   14.7322
    7.5000   15.0000   22.5000 2870.0908   14.6793
   -7.5000   22.5000   22.5000 2813.9570   15.4246
    0.0000   22.5000   22.5000 2872.1042   15.0148
    7.5000   22.5000   22.5000 2877.9241   14.9334
   -7.5000   30.0000   22.5000 2764.4736   16.0071
    0.0000   30.0000   22.5000 2823.3098   15.6377
    7.5000   30.0000   22.5000 2823.9670   15.5973
   -7.5000   37.5000   22.5000 2686.2280   16.9007
    0.0000   37.5000   22.5000 2732.5645   16.5153
    7.5000   37.5000   22.5000 2736.0349   16.5311
   -7.5000   45.0000   22.5000 2580.3401   18.0345
    0.0000   45.0000   22.5000 2618.1152   17.6219
    7.5000   45.0000   22.5000 2628.3538   17.6418
   -7.5000  -45.0000   30.0000 2471.3376   16.5721
    0.0000  -45.0000   30.0000 2479.4583   16.7352
    7.5000  -45.0000   30.0000 2473.0837   17.3157
   -7.5000  -37.5000   30.0000 2501.7253   16.1387
    0.0000  -37.5000   30.0000 2519.3259   16.1419
    7.5000  -37.5000   30.0000 2508.2883   16.6369
   -7.5000  -30.0000   30.0000 2541.1562   15.7439
    0.0000  -30.0000   30.0000 2559.9756   15.6643
    7.5000  -30.0000   30.0000 2542.1184   16.0663
   -7.5000  -22.5000   30.0000 2571.8298   15.4452
    0.0000  -22.5000   30.0000 2603.2288   15.2590
    7.5000  -22.5000   30.0000 2589.5127   15.5894
   -7.5000  -15.0000   30.0000 2612.2000   15.3012
    0.0000  -15.0000   30.0000 2640.8948   15.0114
    7.5000  -15.0000   30.0000 2633.6479   15.3072
   -7.5000   -7.5000   30.0000 2656.7568   15.2642
    0.0000   -7.5000   30.0000 2687.1929   14.9295
    7.5000   -7.5000   30.0000 2685.3806   15.1566
   -7.5000    0.0000   30.0000 2699.5925   15.3025
    0.0000    0.0000   30.0000 2730.4221   14.9536
    7.5000    0.0000   30.0000 2734.4521   15.0552
   -7.5000    7.5000   30.0000 2735.1614   15.3662
    0.0000    7.5000   30.0000 2769.6692   15.0099
    7.5000    7.5000   30.0000 2777.1448   15.0160
   -7.5000   15.0000   30.0000 2744.7507   15.5624
    0.0000   15.0000   30.0000 2792.2070   15.1412
    7.5000   15.0000   30.0000 2803.3887   15.1404
   -7.5000   22.5000   30.0000 2738.2378   15.9029
    0.0000   22.5000   30.0000 2795.8062   15.4618
    7.5000   22.5000   30.0000 2808.5466   15.4496
   -7.5000   30.0000   30.0000 2689.8857   16.5489
    0.0000   30.0000   30.0000 2751.7537   16.1397
    7.5000   30.0000   30.0000 2763.8765   16.1493
   -7.5000   37.5000   30.0000 2622.2131   17.4915
    0.0000   37.5000   30.0000 2674.4377   17.0996
    7.5000   37.5000   30.0000 2686.8833   17.0916
   -7.5000   45.0000   30.0000 2527.7310   18.6770
    0.0000   45.0000   30.0000 2566.2605   18.2895
    7.5000   45.0000   30.0000 2580.8142   18.2570
   -7.5000  -45.0000   37.5000 2403.9338   17.5297
    0.0000  -45.0000   37.5000 2413.6562   17.6548
    7.5000  -45.0000   37.5000 2404.0212   18.1975
   -7.5000  -37.5000   37.5000 2433.7024   16.9833
    0.0000  -37.5000   37.5000 2453.8838   17.0349
    7.5000  -37.5000   37.5000 2443.5674   17.4812
   -7.5000  -30.0000   37.5000 2475.9119   16.6113
    0.0000  -30.0000   37.5000 2503.1907   16.5698
    7.5000  -30.0000   37.5000 2489.2092   16.9077
   -7.5000  -22.5000   37.5000 2511.6399   16.2715
    0.0000  -22.5000   37.5000 2549.0762   16.1302
    7.5000  -22.5000   37.5000 2536.3599   16.4472
   -7.5000  -15.0000   37.5000 2551.5581   16.0698
    0.0000  -15.0000   37.5000 2585.9548   15.8163
    7.5000  -15.0000   37.5000 2578.1843   16.1295
   -7.5000   -7.5000   37.5000 2591.7971   16.0315
    0.0000   -7.5000   37.5000 2623.3872   15.7103
    7.5000   -7.5000   37.5000 2624.0447   15.9278
   -7.5000    0.0000   37.5000 2629.1836   16.0770
    0.0000    0.0000   37.5000 2662.1724   15.6753
    7.5000    0.0000   37.5000 2669.1321   15.7684
   -7.5000    7.5000   37.5000 2655.3833   16.1200
    0.0000    7.5000   37.5000 2696.5630   15.7159
    7.5000    7.5000   37.5000 2707.7502   15.7483
   -7.5000   15.0000   37.5000 2657.9521   16.2961
    0.0000   15.0000   37.5000 2714.8662   15.8499
    7.5000   15.0000   37.5000 2724.2017   15.8614
   -7.5000   22.5000   37.5000 2649.6899   16.7314
    0.0000   22.5000   37.5000 2708.7295   16.2595
    7.5000   22.5000   37.5000 2723.0020   16.2394
   -7.5000   30.0000   37.5000 2606.5740   17.4084
    0.0000   30.0000   37.5000 2665.8508   16.9548
    7.5000   30.0000   37.5000 2687.0376   16.9163
   -7.5000   37.5000   37.5000 2545.5930   18.3420
    0.0000   37.5000   37.5000 2599.9312   17.9149
    7.5000   37.5000   37.5000 2615.8325   17.8633
   -7.5000   45.0000   37.5000 2456.0874   19.5604
    0.0000   45.0000   37.5000 2498.8994   19.1048
    7.5000   45.0000   37.5000 2515.6606   19.0427
   -7.5000  -45.0000   45.0000 2326.3887   18.6665
    0.0000  -45.0000   45.0000 2334.2551   18.8134
    7.5000  -45.0000   45.0000 2321.9465   19.4235
   -7.5000  -37.5000   45.0000 2367.1208   18.0633
    0.0000  -37.5000   45.0000 2385.5366   18.1568
    7.5000  -37.5000   45.0000 2366.8184   18.6383
   -7.5000  -30.0000   45.0000 2404.6509   17.6664
    0.0000  -30.0000   45.0000 2433.5154   17.6225
    7.5000  -30.0000   45.0000 2418.5017   18.0256
   -7.5000  -22.5000   45.0000 2446.5811   17.3268
    0.0000  -22.5000   45.0000 2486.2920   17.2111
    7.5000  -22.5000   45.0000 2468.2866   17.5327
   -7.5000  -15.0000   45.0000 2482.1946   17.0964
    0.0000  -15.0000   45.0000 2517.2776   16.8844
    7.5000  -15.0000   45.0000 2507.5762   17.1359
   -7.5000   -7.5000   45.0000 2515.6152   17.0689
    0.0000   -7.5000   45.0000 2550.7307   16.7486
    7.5000   -7.5000   45.0000 2552.3315   16.9028
   -7.5000    0.0000   45.0000 2546.1133   17.1492
    0.0000    0.0000   45.0000 2582.0376   16.7083
    7.5000    0.0000   45.0000 2594.0205   16.7748
   -7.5000    7.5000   45.0000 2568.2241   17.2109
    0.0000    7.5000   45.0000 2608.4312   16.7436
    7.5000    7.5000   45.0000 2627.6704   16.7654
   -7.5000   15.0000   45.0000 2568.4324   17.4009
    0.0000   15.0000   45.0000 2619.4731   16.9086
    7.5000   15.0000   45.0000 2636.7424   16.9054
   -7.5000   22.5000   45.0000 2553.2671   17.8500
    0.0000   22.5000   45.0000 2603.9746   17.3851
    7.5000   22.5000   45.0000 2624.4504   17.3725
   -7.5000   30.0000   45.0000 2516.2656   18.5581
    0.0000   30.0000   45.0000 2568.7239   18.0800
    7.5000   30.0000   45.0000 2591.7957   18.0513
   -7.5000   37.5000   45.0000 2462.0383   19.5171
    0.0000   37.5000   45.0000 2515.8271   19.0229
    7.5000   37.5000   45.0000 2535.7234   18.9549
   -7.5000   45.0000   45.0000 2383.6292   20.7490
    0.0000   45.0000   45.0000 2428.3376   20.2047
    7.5000   45.0000   45.0000 2438.9375   20.0501

---------------------------------------------------------------------
imgreg_4dfp /opt/freesurfer/average/711-2C_as_mni_average_305 /opt/freesurfer/average/711-2B_as_mni_average_305_mask talsrcimg_g11 none talsrcimg_to_711-2C_as_mni_average_305_t4 1283
---------------------------------------------------------------------

freesurfer imgreg_4dfp.c
/opt/freesurfer/average/711-2C_as_mni_average_305.4dfp.img
       256       256       256         1
  1.000000  1.000000  1.000000
orientation T byte_order littleendian
Reading image: /opt/freesurfer/average/711-2C_as_mni_average_305.4dfp.img
dimensions:      256       256       256
mmppix:       1.0000   -1.0000   -1.0000
center:     128.0000 -129.0000 -129.0000
/opt/freesurfer/average/711-2B_as_mni_average_305_mask.4dfp.img
       256       256       256         1
  1.000000  1.000000  1.000000
orientation T byte_order littleendian
Reading mask: /opt/freesurfer/average/711-2B_as_mni_average_305_mask.4dfp.img (2306576 pixels)
talsrcimg_g11.4dfp.img
       256       256       256         1
  1.000000  1.000000  1.000000
orientation T byte_order littleendian
Reading image: talsrcimg_g11.4dfp.img
dimensions:      256       256       256
mmppix:       1.0000   -1.0000   -1.0000
center:     128.0000 -129.0000 -129.0000
rotation matrix determinant  1.000000
fimgreg.f
image alignment mode   1283 decimal      503 hex
parameters
    0.0000   15.0000    7.5000    0.0000    0.0000    0.0000
eta,q 0.93031 14.49915
niter,ni,del,rscale     5    3   12.0000    1.2000
parameter  2 -0.531490 -> -0.500000 qaram    1.1500
parameter  4  1.108167 ->  0.500000 qaram    1.1500
parameter  5  1.108697 ->  0.500000 qaram    1.1500
parameter  6 -4.688109 ->  0.500000 qaram    1.1500
parameters
    2.2740   18.4500    9.2801   -3.4500   -3.4500   -3.4500
eta,q 0.94336 14.47190
  0.0843  0.0830  0.0788  0.0695  0.0658  0.0510
  0.0795  0.0781  0.0767  0.0696  0.0670  0.0552
  0.0769  0.0744  0.0754  0.0706  0.0684  0.0608
  0.0744  0.0734  0.0728  0.0715  0.0698  0.0675
  0.0737  0.0737  0.0714  0.0728  0.0721  0.0744
  0.0744  0.0730  0.0724  0.0742  0.0761  0.0789
  0.0758  0.0725  0.0753  0.0767  0.0802  0.0809
niter,ni,del,rscale     7    3   12.0000    1.2000
parameter  4  0.797080 ->  0.500000 qaram    1.3225
parameter  6  1.037542 ->  0.500000 qaram    1.3225
parameters
    3.3066   19.2355    7.3202   -7.4175   -4.8279   -7.4175
eta,q 0.95524 14.57448
  0.0773  0.0710  0.0590  0.0519  0.0578  0.0444
  0.0655  0.0636  0.0547  0.0517  0.0539  0.0445
  0.0586  0.0592  0.0546  0.0530  0.0515  0.0461
  0.0566  0.0569  0.0566  0.0546  0.0519  0.0511
  0.0576  0.0569  0.0588  0.0568  0.0553  0.0593
  0.0601  0.0599  0.0613  0.0615  0.0589  0.0674
  0.0653  0.0660  0.0668  0.0660  0.0640  0.0741
niter,ni,del,rscale     7    3   12.0000    1.2000
parameters
    3.1999   19.3261    7.2958   -6.9556   -4.7737   -9.1907
eta,q 0.95572 14.60026
  0.0632  0.0650  0.0550  0.0570  0.0553  0.0525
  0.0512  0.0546  0.0483  0.0499  0.0487  0.0470
  0.0455  0.0475  0.0446  0.0451  0.0451  0.0443
  0.0448  0.0447  0.0447  0.0446  0.0448  0.0448
  0.0475  0.0463  0.0461  0.0462  0.0468  0.0480
  0.0537  0.0541  0.0488  0.0490  0.0496  0.0556
  0.0630  0.0642  0.0543  0.0534  0.0537  0.0654
niter,ni,del,rscale     6    3   12.0000    1.2000
parameters
    3.0405   19.3779    7.4669   -6.6775   -4.4607   -9.3908
eta,q 0.95556 14.59778
  0.0615  0.0643  0.0555  0.0564  0.0555  0.0567
  0.0508  0.0542  0.0487  0.0489  0.0494  0.0505
  0.0456  0.0477  0.0448  0.0450  0.0451  0.0458
  0.0443  0.0443  0.0442  0.0443  0.0443  0.0445
  0.0464  0.0456  0.0458  0.0460  0.0462  0.0457
  0.0529  0.0538  0.0487  0.0488  0.0491  0.0502
  0.0627  0.0644  0.0534  0.0538  0.0527  0.0591
niter,ni,del,rscale     5    3   12.0000    1.2000
parameters
    2.9521   19.3769    7.5018   -6.6475   -4.3978   -9.4236
eta,q 0.95551 14.59858
  0.0620  0.0642  0.0550  0.0558  0.0548  0.0571
  0.0510  0.0541  0.0484  0.0483  0.0490  0.0508
  0.0457  0.0478  0.0448  0.0449  0.0450  0.0461
  0.0444  0.0444  0.0444  0.0445  0.0445  0.0445
  0.0466  0.0459  0.0463  0.0463  0.0465  0.0455
  0.0528  0.0541  0.0492  0.0493  0.0495  0.0497
  0.0622  0.0648  0.0536  0.0544  0.0534  0.0584
niter,ni,del,rscale     4    3   12.0000    1.2000
parameters
    2.9368   19.3781    7.4984   -6.6495   -4.3843   -9.4290
eta,q 0.95551 14.59896
  0.0625  0.0642  0.0549  0.0557  0.0546  0.0572
  0.0512  0.0542  0.0483  0.0483  0.0490  0.0508
  0.0458  0.0479  0.0448  0.0448  0.0449  0.0461
  0.0445  0.0445  0.0445  0.0445  0.0445  0.0445
  0.0465  0.0460  0.0464  0.0464  0.0466  0.0455
  0.0525  0.0541  0.0493  0.0494  0.0496  0.0496
  0.0617  0.0648  0.0537  0.0544  0.0535  0.0582
registration optimization eta report
parameter search radius
    6.0000    6.9000    6.0000    7.9350    6.9000    7.9350
100000*second partial in parameter space
       50.       42.       27.       17.       20.       21.
  0.0625  0.0642  0.0549  0.0557  0.0546  0.0572
  0.0512  0.0542  0.0483  0.0483  0.0490  0.0508
  0.0458  0.0479  0.0448  0.0448  0.0449  0.0461
  0.0445  0.0445  0.0445  0.0445  0.0445  0.0445
  0.0465  0.0460  0.0464  0.0464  0.0466  0.0455
  0.0525  0.0541  0.0493  0.0494  0.0496  0.0496
  0.0617  0.0648  0.0537  0.0544  0.0535  0.0582
    2.9368   19.3781    7.4984   -6.6495   -4.3843   -9.4290
eta,q 0.95551 14.59896

---------------------------------------------------------------------
imgreg_4dfp /opt/freesurfer/average/711-2C_as_mni_average_305 /opt/freesurfer/average/711-2B_as_mni_average_305_mask talsrcimg_g11 none talsrcimg_to_711-2C_as_mni_average_305_t4 3335
---------------------------------------------------------------------

freesurfer imgreg_4dfp.c
/opt/freesurfer/average/711-2C_as_mni_average_305.4dfp.img
       256       256       256         1
  1.000000  1.000000  1.000000
orientation T byte_order littleendian
Reading image: /opt/freesurfer/average/711-2C_as_mni_average_305.4dfp.img
dimensions:      256       256       256
mmppix:       1.0000   -1.0000   -1.0000
center:     128.0000 -129.0000 -129.0000
/opt/freesurfer/average/711-2B_as_mni_average_305_mask.4dfp.img
       256       256       256         1
  1.000000  1.000000  1.000000
orientation T byte_order littleendian
Reading mask: /opt/freesurfer/average/711-2B_as_mni_average_305_mask.4dfp.img (2306576 pixels)
talsrcimg_g11.4dfp.img
       256       256       256         1
  1.000000  1.000000  1.000000
orientation T byte_order littleendian
Reading image: talsrcimg_g11.4dfp.img
dimensions:      256       256       256
mmppix:       1.0000   -1.0000   -1.0000
center:     128.0000 -129.0000 -129.0000
fimgreg.f
image alignment mode   3335 decimal      D07 hex
parameters
    2.9368   19.3781    7.4984   -1.6397   -1.8696   -0.9633
   15.3991    9.3876  -16.3346   10.1791   -7.6446  -11.5456
eta,q 0.95776 14.53661
niter,ni,del,rscale     5    3    5.0000    1.2000
parameter  4  0.872663 ->  0.500000 qaram    1.1500
parameter  5  1.009601 ->  0.500000 qaram    1.1500
parameter  6  0.813901 ->  0.500000 qaram    1.1500
parameter 11 -0.559971 -> -0.500000 qaram    1.1500
parameters
    2.7862   19.3169    6.8822   -5.7797   -6.0096   -5.1033
   14.7141   10.4981  -14.8236   10.9904   -3.5046  -10.4221
eta,q 0.96665 14.32507
  0.0460  0.0454  0.0433  0.0396  0.0369  0.0343  0.0375  0.0412  0.0377  0.0381  0.0374  0.0360
  0.0438  0.0437  0.0424  0.0395  0.0371  0.0343  0.0355  0.0381  0.0360  0.0361  0.0360  0.0348
  0.0425  0.0426  0.0420  0.0403  0.0379  0.0351  0.0345  0.0357  0.0348  0.0348  0.0348  0.0339
  0.0422  0.0422  0.0422  0.0420  0.0397  0.0373  0.0344  0.0343  0.0341  0.0340  0.0339  0.0334
  0.0429  0.0427  0.0429  0.0444  0.0422  0.0407  0.0351  0.0343  0.0341  0.0340  0.0335  0.0334
  0.0446  0.0439  0.0440  0.0476  0.0451  0.0450  0.0366  0.0356  0.0346  0.0350  0.0334  0.0339
  0.0470  0.0457  0.0455  0.0512  0.0484  0.0504  0.0387  0.0382  0.0356  0.0368  0.0338  0.0348
niter,ni,del,rscale     7    3    5.0000    1.2000
parameters
    2.9879   19.2877    6.2915   -6.6061   -7.9345   -7.3950
   14.2173   10.1301  -15.5053   11.3030   -3.8393  -11.0057
eta,q 0.96690 14.12406
  0.0388  0.0366  0.0347  0.0365  0.0352  0.0354  0.0366  0.0377  0.0351  0.0363  0.0348  0.0348
  0.0360  0.0347  0.0336  0.0347  0.0338  0.0341  0.0346  0.0352  0.0339  0.0347  0.0338  0.0338
  0.0341  0.0336  0.0331  0.0336  0.0331  0.0333  0.0334  0.0336  0.0333  0.0337  0.0332  0.0332
  0.0333  0.0333  0.0333  0.0331  0.0332  0.0331  0.0332  0.0332  0.0332  0.0332  0.0331  0.0331
  0.0336  0.0337  0.0341  0.0336  0.0341  0.0344  0.0339  0.0339  0.0336  0.0333  0.0334  0.0335
  0.0349  0.0349  0.0354  0.0355  0.0362  0.0379  0.0354  0.0358  0.0346  0.0342  0.0340  0.0342
  0.0372  0.0367  0.0371  0.0387  0.0390  0.0427  0.0375  0.0389  0.0359  0.0359  0.0350  0.0354
niter,ni,del,rscale     6    3    5.0000    1.2000
parameters
    3.0174   19.5357    5.8885   -6.1537   -8.0109   -8.0317
   14.1920   10.2245  -15.4872   11.9211   -3.8549  -11.6705
eta,q 0.96706 14.12022
  0.0376  0.0366  0.0346  0.0369  0.0362  0.0367  0.0368  0.0382  0.0354  0.0363  0.0348  0.0346
  0.0351  0.0348  0.0335  0.0351  0.0345  0.0348  0.0348  0.0354  0.0341  0.0347  0.0337  0.0337
  0.0336  0.0336  0.0330  0.0337  0.0334  0.0336  0.0334  0.0336  0.0333  0.0336  0.0331  0.0331
  0.0331  0.0331  0.0331  0.0330  0.0329  0.0329  0.0330  0.0330  0.0330  0.0330  0.0330  0.0330
  0.0336  0.0332  0.0336  0.0329  0.0331  0.0331  0.0335  0.0335  0.0333  0.0331  0.0332  0.0334
  0.0350  0.0340  0.0346  0.0341  0.0344  0.0352  0.0349  0.0352  0.0341  0.0339  0.0338  0.0342
  0.0373  0.0355  0.0360  0.0366  0.0366  0.0391  0.0368  0.0380  0.0353  0.0355  0.0347  0.0353
niter,ni,del,rscale     5    3    5.0000    1.2000
parameters
    3.0407   19.6923    5.6692   -6.1196   -8.1638   -8.1394
   14.1070   10.3566  -15.4640   12.4152   -3.8945  -12.1239
eta,q 0.96715 14.11874
  0.0374  0.0362  0.0348  0.0365  0.0361  0.0372  0.0367  0.0381  0.0352  0.0360  0.0347  0.0346
  0.0350  0.0345  0.0336  0.0348  0.0345  0.0351  0.0346  0.0353  0.0340  0.0345  0.0337  0.0337
  0.0335  0.0334  0.0330  0.0336  0.0333  0.0337  0.0333  0.0336  0.0332  0.0335  0.0330  0.0331
  0.0329  0.0329  0.0329  0.0329  0.0329  0.0329  0.0329  0.0329  0.0329  0.0329  0.0329  0.0329
  0.0334  0.0331  0.0334  0.0330  0.0332  0.0329  0.0334  0.0334  0.0332  0.0330  0.0332  0.0332
  0.0349  0.0340  0.0343  0.0343  0.0344  0.0346  0.0348  0.0350  0.0339  0.0338  0.0337  0.0340
  0.0372  0.0355  0.0356  0.0370  0.0366  0.0382  0.0368  0.0378  0.0352  0.0354  0.0347  0.0351
niter,ni,del,rscale     4    3    5.0000    1.2000
parameters
    3.0631   19.8086    5.5567   -6.1106   -8.3516   -8.1671
   14.0240   10.4631  -15.4376   12.7924   -3.9423  -12.4235
eta,q 0.96720 14.11584
  0.0373  0.0361  0.0350  0.0365  0.0360  0.0372  0.0366  0.0380  0.0352  0.0359  0.0347  0.0347
  0.0349  0.0344  0.0337  0.0348  0.0344  0.0351  0.0345  0.0353  0.0339  0.0344  0.0336  0.0337
  0.0334  0.0333  0.0330  0.0335  0.0333  0.0337  0.0332  0.0335  0.0331  0.0334  0.0329  0.0330
  0.0328  0.0329  0.0328  0.0328  0.0328  0.0328  0.0328  0.0328  0.0328  0.0328  0.0328  0.0328
  0.0333  0.0331  0.0332  0.0329  0.0331  0.0328  0.0334  0.0333  0.0331  0.0329  0.0331  0.0331
  0.0348  0.0340  0.0341  0.0343  0.0344  0.0345  0.0348  0.0350  0.0339  0.0338  0.0337  0.0339
  0.0372  0.0355  0.0353  0.0369  0.0366  0.0380  0.0367  0.0378  0.0351  0.0355  0.0346  0.0350
niter,ni,del,rscale     3    3    5.0000    1.2000
parameters
    3.0851   19.9037    5.4853   -6.1053   -8.5079   -8.1916
   13.9572   10.5508  -15.4204   13.0848   -3.9804  -12.6319
eta,q 0.96723 14.11267
  0.0373  0.0360  0.0350  0.0365  0.0360  0.0372  0.0366  0.0380  0.0351  0.0357  0.0347  0.0347
  0.0348  0.0343  0.0337  0.0347  0.0344  0.0351  0.0345  0.0352  0.0339  0.0343  0.0336  0.0337
  0.0333  0.0332  0.0330  0.0335  0.0332  0.0337  0.0332  0.0335  0.0331  0.0333  0.0329  0.0330
  0.0328  0.0328  0.0328  0.0328  0.0328  0.0328  0.0328  0.0328  0.0328  0.0328  0.0328  0.0328
  0.0333  0.0330  0.0332  0.0329  0.0331  0.0328  0.0333  0.0333  0.0331  0.0329  0.0331  0.0331
  0.0348  0.0340  0.0340  0.0343  0.0344  0.0345  0.0347  0.0350  0.0339  0.0338  0.0337  0.0339
  0.0371  0.0355  0.0352  0.0369  0.0365  0.0380  0.0367  0.0378  0.0351  0.0355  0.0346  0.0349
niter,ni,del,rscale     2    3    5.0000    1.2000
parameters
    3.1050   19.9804    5.4316   -6.0998   -8.6419   -8.2183
   13.9016   10.6223  -15.3979   13.3211   -4.0065  -12.7836
eta,q 0.96725 14.10929
  0.0373  0.0359  0.0350  0.0364  0.0360  0.0372  0.0366  0.0379  0.0351  0.0357  0.0346  0.0347
  0.0348  0.0343  0.0337  0.0347  0.0344  0.0351  0.0345  0.0352  0.0338  0.0342  0.0335  0.0337
  0.0333  0.0332  0.0330  0.0335  0.0332  0.0337  0.0332  0.0334  0.0331  0.0333  0.0329  0.0330
  0.0328  0.0328  0.0328  0.0328  0.0328  0.0328  0.0328  0.0328  0.0328  0.0328  0.0328  0.0327
  0.0333  0.0330  0.0331  0.0329  0.0331  0.0328  0.0333  0.0333  0.0330  0.0329  0.0331  0.0330
  0.0347  0.0340  0.0339  0.0342  0.0343  0.0345  0.0347  0.0350  0.0338  0.0338  0.0336  0.0338
  0.0371  0.0356  0.0352  0.0369  0.0364  0.0380  0.0366  0.0378  0.0351  0.0355  0.0346  0.0349
niter,ni,del,rscale     1    3    5.0000    1.2000
parameters
    3.1228   20.0426    5.3905   -6.1019   -8.7513   -8.2438
   13.8561   10.6832  -15.3824   13.5130   -4.0323  -12.8991
eta,q 0.96726 14.10596
  0.0372  0.0359  0.0350  0.0364  0.0360  0.0372  0.0366  0.0379  0.0351  0.0356  0.0346  0.0347
  0.0348  0.0342  0.0337  0.0347  0.0344  0.0351  0.0345  0.0352  0.0338  0.0342  0.0335  0.0337
  0.0333  0.0332  0.0330  0.0334  0.0332  0.0337  0.0331  0.0334  0.0330  0.0332  0.0329  0.0330
  0.0328  0.0328  0.0327  0.0327  0.0327  0.0327  0.0328  0.0328  0.0327  0.0327  0.0327  0.0327
  0.0332  0.0330  0.0331  0.0329  0.0331  0.0327  0.0333  0.0333  0.0330  0.0329  0.0330  0.0330
  0.0347  0.0340  0.0339  0.0342  0.0343  0.0345  0.0346  0.0350  0.0338  0.0338  0.0336  0.0338
  0.0371  0.0356  0.0351  0.0369  0.0364  0.0380  0.0366  0.0378  0.0351  0.0355  0.0345  0.0348
registration optimization eta report
parameter search radius
    2.4000    2.4000    2.4000    8.2800    8.2800    8.2800
    7.2000    7.2000    7.2000    7.2000    8.2800    7.2000
100000*second partial in parameter space
       77.       52.       40.        6.        5.        7.
        7.       10.        5.        5.        3.        4.
  0.0372  0.0359  0.0350  0.0364  0.0360  0.0372  0.0366  0.0379  0.0351  0.0356  0.0346  0.0347
  0.0348  0.0342  0.0337  0.0347  0.0344  0.0351  0.0345  0.0352  0.0338  0.0342  0.0335  0.0337
  0.0333  0.0332  0.0330  0.0334  0.0332  0.0337  0.0331  0.0334  0.0330  0.0332  0.0329  0.0330
  0.0328  0.0328  0.0327  0.0327  0.0327  0.0327  0.0328  0.0328  0.0327  0.0327  0.0327  0.0327
  0.0332  0.0330  0.0331  0.0329  0.0331  0.0327  0.0333  0.0333  0.0330  0.0329  0.0330  0.0330
  0.0347  0.0340  0.0339  0.0342  0.0343  0.0345  0.0346  0.0350  0.0338  0.0338  0.0336  0.0338
  0.0371  0.0356  0.0351  0.0369  0.0364  0.0380  0.0366  0.0378  0.0351  0.0355  0.0345  0.0348
    3.1228   20.0426    5.3905   -6.1019   -8.7513   -8.2438
   13.8561   10.6832  -15.3824   13.5130   -4.0323  -12.8991
eta,q 0.96726 14.10596

---------------------------------------------------------------------
imgreg_4dfp /opt/freesurfer/average/711-2C_as_mni_average_305 /opt/freesurfer/average/711-2B_as_mni_average_305_mask talsrcimg_g11 none talsrcimg_to_711-2C_as_mni_average_305_t4 2311
---------------------------------------------------------------------

freesurfer imgreg_4dfp.c
/opt/freesurfer/average/711-2C_as_mni_average_305.4dfp.img
       256       256       256         1
  1.000000  1.000000  1.000000
orientation T byte_order littleendian
Reading image: /opt/freesurfer/average/711-2C_as_mni_average_305.4dfp.img
dimensions:      256       256       256
mmppix:       1.0000   -1.0000   -1.0000
center:     128.0000 -129.0000 -129.0000
/opt/freesurfer/average/711-2B_as_mni_average_305_mask.4dfp.img
       256       256       256         1
  1.000000  1.000000  1.000000
orientation T byte_order littleendian
Reading mask: /opt/freesurfer/average/711-2B_as_mni_average_305_mask.4dfp.img (2306576 pixels)
talsrcimg_g11.4dfp.img
       256       256       256         1
  1.000000  1.000000  1.000000
orientation T byte_order littleendian
Reading image: talsrcimg_g11.4dfp.img
dimensions:      256       256       256
mmppix:       1.0000   -1.0000   -1.0000
center:     128.0000 -129.0000 -129.0000
fimgreg.f
image alignment mode   2311 decimal      907 hex
parameters
    3.1228   20.0426    5.3905   -6.1019   -8.7513   -8.2438
   13.8561   10.6832  -15.3824   13.5130   -4.0323  -12.8991
eta,q 0.96726 14.10596
niter,ni,del,rscale     5    3    5.0000    0.8000
parameters
    3.1320   20.1177    5.3185   -5.4420   -8.6663   -7.5048
   13.7444   10.8984  -15.3234   13.9724   -3.9918  -13.1575
eta,q 0.96749 14.17960
  0.0348  0.0342  0.0337  0.0343  0.0339  0.0346  0.0343  0.0353  0.0337  0.0341  0.0333  0.0334
  0.0336  0.0334  0.0331  0.0336  0.0333  0.0338  0.0333  0.0339  0.0331  0.0334  0.0328  0.0329
  0.0330  0.0329  0.0328  0.0330  0.0328  0.0331  0.0327  0.0329  0.0327  0.0328  0.0326  0.0326
  0.0327  0.0327  0.0327  0.0327  0.0327  0.0327  0.0325  0.0325  0.0325  0.0325  0.0325  0.0325
  0.0330  0.0328  0.0329  0.0327  0.0328  0.0325  0.0328  0.0327  0.0326  0.0325  0.0326  0.0326
  0.0336  0.0332  0.0333  0.0330  0.0332  0.0329  0.0335  0.0335  0.0330  0.0329  0.0329  0.0330
  0.0347  0.0340  0.0339  0.0337  0.0339  0.0339  0.0345  0.0349  0.0336  0.0337  0.0332  0.0337
niter,ni,del,rscale     4    3    5.0000    0.7000
parameters
    3.1334   20.1633    5.3500   -5.4642   -8.8794   -7.3039
   13.6732   10.9964  -15.3057   14.2200   -4.0574  -13.2423
eta,q 0.96754 14.18142
  0.0341  0.0336  0.0334  0.0336  0.0334  0.0339  0.0339  0.0345  0.0334  0.0337  0.0330  0.0332
  0.0332  0.0331  0.0329  0.0330  0.0329  0.0333  0.0331  0.0335  0.0329  0.0331  0.0327  0.0328
  0.0327  0.0327  0.0326  0.0327  0.0326  0.0328  0.0326  0.0328  0.0326  0.0327  0.0325  0.0326
  0.0325  0.0325  0.0325  0.0325  0.0325  0.0325  0.0325  0.0325  0.0325  0.0325  0.0325  0.0325
  0.0327  0.0326  0.0326  0.0326  0.0326  0.0325  0.0327  0.0326  0.0326  0.0325  0.0326  0.0325
  0.0332  0.0329  0.0329  0.0330  0.0330  0.0329  0.0332  0.0333  0.0329  0.0328  0.0327  0.0328
  0.0341  0.0335  0.0333  0.0337  0.0336  0.0339  0.0340  0.0344  0.0333  0.0335  0.0330  0.0333
niter,ni,del,rscale     3    3    5.0000    0.6000
parameters
    3.1484   20.2232    5.3541   -5.3890   -9.0239   -7.1599
   13.6267   11.0903  -15.2821   14.4506   -4.0777  -13.3369
eta,q 0.96757 14.18703
  0.0337  0.0334  0.0331  0.0333  0.0331  0.0336  0.0335  0.0340  0.0331  0.0333  0.0329  0.0330
  0.0330  0.0329  0.0327  0.0329  0.0327  0.0331  0.0329  0.0332  0.0327  0.0329  0.0326  0.0327
  0.0326  0.0326  0.0325  0.0326  0.0325  0.0327  0.0325  0.0327  0.0325  0.0326  0.0325  0.0325
  0.0325  0.0325  0.0325  0.0325  0.0325  0.0325  0.0324  0.0324  0.0324  0.0324  0.0324  0.0324
  0.0326  0.0325  0.0325  0.0325  0.0326  0.0325  0.0326  0.0326  0.0325  0.0325  0.0325  0.0325
  0.0330  0.0328  0.0328  0.0328  0.0328  0.0328  0.0329  0.0330  0.0327  0.0327  0.0326  0.0327
  0.0336  0.0332  0.0331  0.0333  0.0333  0.0336  0.0335  0.0339  0.0331  0.0332  0.0328  0.0331
niter,ni,del,rscale     2    3    5.0000    0.5000
parameters
    3.1630   20.2781    5.3475   -5.3299   -9.1462   -7.0394
   13.5817   11.1746  -15.2721   14.6738   -4.1211  -13.4125
eta,q 0.96760 14.19158
  0.0333  0.0331  0.0329  0.0330  0.0329  0.0332  0.0331  0.0335  0.0329  0.0331  0.0327  0.0328
  0.0328  0.0327  0.0326  0.0327  0.0326  0.0329  0.0327  0.0329  0.0326  0.0327  0.0325  0.0326
  0.0325  0.0325  0.0325  0.0325  0.0325  0.0326  0.0325  0.0326  0.0325  0.0325  0.0324  0.0325
  0.0324  0.0324  0.0324  0.0324  0.0324  0.0324  0.0324  0.0324  0.0324  0.0324  0.0324  0.0324
  0.0325  0.0325  0.0325  0.0325  0.0325  0.0324  0.0325  0.0325  0.0325  0.0324  0.0325  0.0324
  0.0328  0.0326  0.0326  0.0326  0.0327  0.0327  0.0328  0.0328  0.0326  0.0326  0.0325  0.0326
  0.0332  0.0329  0.0329  0.0330  0.0330  0.0332  0.0332  0.0334  0.0329  0.0329  0.0327  0.0328
niter,ni,del,rscale     1    3    5.0000    0.4000
parameters
    3.1750   20.3318    5.3396   -5.2944   -9.2687   -6.9467
   13.5397   11.2552  -15.2486   14.8750   -4.1597  -13.4966
eta,q 0.96761 14.19378
  0.0330  0.0328  0.0327  0.0328  0.0327  0.0330  0.0328  0.0331  0.0327  0.0328  0.0326  0.0326
  0.0326  0.0326  0.0325  0.0326  0.0325  0.0327  0.0326  0.0327  0.0325  0.0326  0.0325  0.0325
  0.0325  0.0325  0.0324  0.0325  0.0324  0.0325  0.0324  0.0325  0.0324  0.0325  0.0324  0.0324
  0.0324  0.0324  0.0324  0.0324  0.0324  0.0324  0.0324  0.0324  0.0324  0.0324  0.0324  0.0324
  0.0325  0.0324  0.0324  0.0324  0.0324  0.0324  0.0324  0.0324  0.0324  0.0324  0.0324  0.0324
  0.0326  0.0325  0.0325  0.0325  0.0326  0.0326  0.0326  0.0327  0.0325  0.0325  0.0325  0.0325
  0.0329  0.0327  0.0327  0.0328  0.0328  0.0329  0.0329  0.0330  0.0327  0.0327  0.0326  0.0327
registration optimization eta report
parameter search radius
    0.8000    0.8000    0.8000    2.4000    2.4000    2.4000
    2.4000    2.4000    2.4000    2.4000    2.4000    2.4000
100000*second partial in parameter space
       83.       59.       46.        7.        6.        9.
        8.       12.        5.        7.        3.        5.
  0.0330  0.0328  0.0327  0.0328  0.0327  0.0330  0.0328  0.0331  0.0327  0.0328  0.0326  0.0326
  0.0326  0.0326  0.0325  0.0326  0.0325  0.0327  0.0326  0.0327  0.0325  0.0326  0.0325  0.0325
  0.0325  0.0325  0.0324  0.0325  0.0324  0.0325  0.0324  0.0325  0.0324  0.0325  0.0324  0.0324
  0.0324  0.0324  0.0324  0.0324  0.0324  0.0324  0.0324  0.0324  0.0324  0.0324  0.0324  0.0324
  0.0325  0.0324  0.0324  0.0324  0.0324  0.0324  0.0324  0.0324  0.0324  0.0324  0.0324  0.0324
  0.0326  0.0325  0.0325  0.0325  0.0326  0.0326  0.0326  0.0327  0.0325  0.0325  0.0325  0.0325
  0.0329  0.0327  0.0327  0.0328  0.0328  0.0329  0.0329  0.0330  0.0327  0.0327  0.0326  0.0327
    3.1750   20.3318    5.3396   -5.2944   -9.2687   -6.9467
   13.5397   11.2552  -15.2486   14.8750   -4.1597  -13.4966
eta,q 0.96761 14.19378

---------------------------------------------------------------------
imgreg_4dfp /opt/freesurfer/average/711-2C_as_mni_average_305 /opt/freesurfer/average/711-2B_as_mni_average_305_mask talsrcimg_g11 none talsrcimg_to_711-2C_as_mni_average_305_t4 2311
---------------------------------------------------------------------

freesurfer imgreg_4dfp.c
/opt/freesurfer/average/711-2C_as_mni_average_305.4dfp.img
       256       256       256         1
  1.000000  1.000000  1.000000
orientation T byte_order littleendian
Reading image: /opt/freesurfer/average/711-2C_as_mni_average_305.4dfp.img
dimensions:      256       256       256
mmppix:       1.0000   -1.0000   -1.0000
center:     128.0000 -129.0000 -129.0000
/opt/freesurfer/average/711-2B_as_mni_average_305_mask.4dfp.img
       256       256       256         1
  1.000000  1.000000  1.000000
orientation T byte_order littleendian
Reading mask: /opt/freesurfer/average/711-2B_as_mni_average_305_mask.4dfp.img (2306576 pixels)
talsrcimg_g11.4dfp.img
       256       256       256         1
  1.000000  1.000000  1.000000
orientation T byte_order littleendian
Reading image: talsrcimg_g11.4dfp.img
dimensions:      256       256       256
mmppix:       1.0000   -1.0000   -1.0000
center:     128.0000 -129.0000 -129.0000
fimgreg.f
image alignment mode   2311 decimal      907 hex
parameters
    3.1750   20.3318    5.3396   -5.2944   -9.2687   -6.9467
   13.5397   11.2552  -15.2486   14.8750   -4.1597  -13.4966
eta,q 0.96761 14.19378
niter,ni,del,rscale     5    3    5.0000    0.8000
parameters
    3.1923   20.3623    5.3579   -5.6289   -9.3539   -7.4045
   13.5497   11.1445  -15.2729   14.7192   -4.1842  -13.5042
eta,q 0.96755 14.15606
  0.0346  0.0339  0.0336  0.0337  0.0338  0.0339  0.0343  0.0349  0.0336  0.0337  0.0332  0.0334
  0.0334  0.0331  0.0329  0.0330  0.0330  0.0332  0.0333  0.0335  0.0330  0.0331  0.0327  0.0329
  0.0326  0.0326  0.0325  0.0326  0.0326  0.0327  0.0326  0.0327  0.0326  0.0326  0.0325  0.0326
  0.0324  0.0324  0.0324  0.0324  0.0324  0.0324  0.0324  0.0324  0.0324  0.0324  0.0324  0.0325
  0.0326  0.0325  0.0325  0.0325  0.0326  0.0326  0.0327  0.0327  0.0326  0.0326  0.0326  0.0325
  0.0333  0.0330  0.0329  0.0332  0.0331  0.0335  0.0333  0.0337  0.0330  0.0331  0.0328  0.0329
  0.0345  0.0338  0.0335  0.0343  0.0339  0.0351  0.0343  0.0351  0.0337  0.0340  0.0332  0.0335
niter,ni,del,rscale     4    3    5.0000    0.7000
parameters
    3.1975   20.3700    5.2741   -5.4541   -9.2803   -7.3976
   13.5395   11.1803  -15.2651   14.8259   -4.1661  -13.5646
eta,q 0.96757 14.16749
  0.0341  0.0336  0.0332  0.0336  0.0335  0.0338  0.0339  0.0344  0.0334  0.0335  0.0330  0.0332
  0.0332  0.0330  0.0328  0.0331  0.0330  0.0332  0.0331  0.0334  0.0329  0.0330  0.0327  0.0328
  0.0326  0.0326  0.0325  0.0327  0.0326  0.0327  0.0326  0.0327  0.0325  0.0326  0.0325  0.0325
  0.0325  0.0325  0.0325  0.0324  0.0324  0.0324  0.0324  0.0324  0.0324  0.0324  0.0324  0.0324
  0.0326  0.0326  0.0326  0.0325  0.0325  0.0325  0.0326  0.0326  0.0325  0.0325  0.0325  0.0325
  0.0332  0.0329  0.0329  0.0328  0.0329  0.0330  0.0331  0.0333  0.0329  0.0328  0.0327  0.0328
  0.0340  0.0336  0.0334  0.0335  0.0335  0.0340  0.0339  0.0344  0.0334  0.0335  0.0330  0.0332
niter,ni,del,rscale     3    3    5.0000    0.6000
parameters
    3.1951   20.3899    5.2467   -5.3951   -9.3167   -7.2792
   13.5199   11.2323  -15.2543   14.9692   -4.1939  -13.6387
eta,q 0.96759 14.17482
  0.0336  0.0333  0.0330  0.0333  0.0332  0.0335  0.0335  0.0339  0.0331  0.0333  0.0328  0.0329
  0.0329  0.0328  0.0327  0.0329  0.0328  0.0330  0.0329  0.0331  0.0327  0.0329  0.0326  0.0327
  0.0326  0.0325  0.0325  0.0326  0.0325  0.0327  0.0325  0.0326  0.0325  0.0326  0.0324  0.0325
  0.0324  0.0324  0.0324  0.0324  0.0324  0.0324  0.0324  0.0324  0.0324  0.0324  0.0324  0.0324
  0.0326  0.0325  0.0325  0.0325  0.0325  0.0324  0.0325  0.0326  0.0325  0.0325  0.0325  0.0325
  0.0330  0.0328  0.0327  0.0327  0.0328  0.0328  0.0329  0.0330  0.0327  0.0327  0.0326  0.0327
  0.0336  0.0333  0.0331  0.0333  0.0333  0.0335  0.0335  0.0339  0.0331  0.0332  0.0328  0.0330
niter,ni,del,rscale     2    3    5.0000    0.5000
parameters
    3.1976   20.4197    5.2448   -5.3384   -9.3948   -7.1503
   13.4968   11.2963  -15.2425   15.1216   -4.2010  -13.6990
eta,q 0.96760 14.18059
  0.0332  0.0330  0.0329  0.0330  0.0329  0.0332  0.0331  0.0335  0.0329  0.0330  0.0327  0.0328
  0.0328  0.0327  0.0326  0.0327  0.0327  0.0329  0.0327  0.0329  0.0326  0.0327  0.0325  0.0326
  0.0325  0.0325  0.0325  0.0325  0.0325  0.0326  0.0325  0.0325  0.0324  0.0325  0.0324  0.0324
  0.0324  0.0324  0.0324  0.0324  0.0324  0.0324  0.0324  0.0324  0.0324  0.0324  0.0324  0.0324
  0.0325  0.0325  0.0325  0.0324  0.0325  0.0324  0.0325  0.0325  0.0325  0.0324  0.0324  0.0324
  0.0328  0.0326  0.0326  0.0326  0.0327  0.0327  0.0327  0.0328  0.0326  0.0326  0.0325  0.0326
  0.0332  0.0330  0.0329  0.0330  0.0330  0.0332  0.0331  0.0334  0.0329  0.0329  0.0327  0.0328
niter,ni,del,rscale     1    3    5.0000    0.4000
parameters
    3.2027   20.4523    5.2461   -5.3016   -9.4597   -7.0337
   13.4743   11.3532  -15.2432   15.2518   -4.2145  -13.7394
eta,q 0.96762 14.18531
  0.0329  0.0328  0.0327  0.0328  0.0327  0.0329  0.0328  0.0331  0.0327  0.0328  0.0326  0.0326
  0.0326  0.0326  0.0325  0.0326  0.0325  0.0327  0.0326  0.0327  0.0325  0.0326  0.0325  0.0325
  0.0325  0.0324  0.0324  0.0324  0.0324  0.0325  0.0324  0.0325  0.0324  0.0324  0.0324  0.0324
  0.0324  0.0324  0.0324  0.0324  0.0324  0.0324  0.0324  0.0324  0.0324  0.0324  0.0324  0.0324
  0.0324  0.0324  0.0324  0.0324  0.0324  0.0324  0.0324  0.0324  0.0324  0.0324  0.0324  0.0324
  0.0326  0.0325  0.0325  0.0325  0.0326  0.0326  0.0326  0.0327  0.0325  0.0325  0.0325  0.0325
  0.0329  0.0328  0.0327  0.0328  0.0328  0.0329  0.0329  0.0330  0.0327  0.0327  0.0326  0.0327
registration optimization eta report
parameter search radius
    0.8000    0.8000    0.8000    2.4000    2.4000    2.4000
    2.4000    2.4000    2.4000    2.4000    2.4000    2.4000
100000*second partial in parameter space
       83.       61.       46.        7.        7.        9.
        8.       12.        6.        7.        3.        5.
  0.0329  0.0328  0.0327  0.0328  0.0327  0.0329  0.0328  0.0331  0.0327  0.0328  0.0326  0.0326
  0.0326  0.0326  0.0325  0.0326  0.0325  0.0327  0.0326  0.0327  0.0325  0.0326  0.0325  0.0325
  0.0325  0.0324  0.0324  0.0324  0.0324  0.0325  0.0324  0.0325  0.0324  0.0324  0.0324  0.0324
  0.0324  0.0324  0.0324  0.0324  0.0324  0.0324  0.0324  0.0324  0.0324  0.0324  0.0324  0.0324
  0.0324  0.0324  0.0324  0.0324  0.0324  0.0324  0.0324  0.0324  0.0324  0.0324  0.0324  0.0324
  0.0326  0.0325  0.0325  0.0325  0.0326  0.0326  0.0326  0.0327  0.0325  0.0325  0.0325  0.0325
  0.0329  0.0328  0.0327  0.0328  0.0328  0.0329  0.0329  0.0330  0.0327  0.0327  0.0326  0.0327
    3.2027   20.4523    5.2461   -5.3016   -9.4597   -7.0337
   13.4743   11.3532  -15.2432   15.2518   -4.2145  -13.7394
eta,q 0.96762 14.18531

---------------------------------------------------------------------
compute_vox2vox talsrcimg talsrcimg_to_711-2C_as_mni_average_305_t4 /opt/freesurfer/average/711-2C_as_mni_average_305
---------------------------------------------------------------------

freesurfer compute_vox2vox.c
Reading: talsrcimg.4dfp.ifh
Reading: talsrcimg_to_711-2C_as_mni_average_305_t4
Reading: /opt/freesurfer/average/711-2C_as_mni_average_305.4dfp.ifh
Writing: talsrcimg_to_711-2C_as_mni_average_305_t4_vox2vox.txt

start time Tue Mar 10 05:14:37 CET 2026
end		time Tue Mar 10 05:16:06 CET 2026

mpr2mni305 success

avi2talxfm orig_nu.mgz /opt/freesurfer/average/mni305.cor.mgz talsrcimg_to_711-2C_as_mni_average_305_t4_vox2vox.txt transforms/talairach.auto.xfm
avi2talxfm done
mv -f /out/sourcedata/freesurfer/sub-v1s5x0050753_ses-1/mri/talsrcimg_to_711-2C_as_mni_average_305_t4_vox2vox.txt /out/sourcedata/freesurfer/sub-v1s5x0050753_ses-1/mri/transforms/talsrcimg_to_711-2C_as_mni_average_305_t4_vox2vox.txt
lta_convert --src orig_nu.mgz --trg /opt/freesurfer/average/mni305.cor.mgz --inxfm transforms/talairach.auto.xfm --outlta transforms/talairach.auto.xfm.lta --subject fsaverage
7.3.2

--src: orig_nu.mgz src image (geometry).
--trg: /opt/freesurfer/average/mni305.cor.mgz trg image (geometry).
--inmni: transforms/talairach.auto.xfm input MNI/XFM transform.
--outlta: transforms/talairach.auto.xfm.lta output LTA.
--s: fsaverage subject name
 LTA read, type : 1
 1.02470  -0.09769  -0.16732   0.90291;
 0.07020   1.04284   0.14780  -15.70090;
 0.16069  -0.19212   1.05141  -37.83041;
 0.00000   0.00000   0.00000   1.00000;
setting subject to fsaverage
Writing  LTA to file transforms/talairach.auto.xfm.lta...
lta_convert successful.
 
 
Started at Tue Mar 10 05:14:37 CET 2026
Ended   at Tue Mar 10 05:16:06 CET 2026
talairach_avi done
