status file for recon-all
Tue Mar 10 05:33:53 CET 2026
#@# Tessellate rh Tue Mar 10 05:33:53 CET 2026
#@# Smooth1 rh Tue Mar 10 05:33:55 CET 2026
#@# Inflation1 rh Tue Mar 10 05:33:58 CET 2026
#@# QSphere rh Tue Mar 10 05:34:11 CET 2026
#@# Fix Topology rh Tue Mar 10 05:35:04 CET 2026
#@# Smooth2 rh Tue Mar 10 05:40:04 CET 2026
#@# Inflation2 rh Tue Mar 10 05:40:06 CET 2026
#@# Curv .H and .K rh Tue Mar 10 05:40:23 CET 2026
#@# Sphere rh Tue Mar 10 05:41:02 CET 2026
#@# Surf Reg rh Tue Mar 10 05:44:37 CET 2026
#@# Jacobian white rh Tue Mar 10 05:49:07 CET 2026
#@# AvgCurv rh Tue Mar 10 05:49:07 CET 2026
#@# Cortical Parc rh Tue Mar 10 05:49:08 CET 2026
#@# white curv rh Tue Mar 10 05:56:03 CET 2026
#@# white area rh Tue Mar 10 05:56:05 CET 2026
#@# pial curv rh Tue Mar 10 05:56:06 CET 2026
#@# pial area rh Tue Mar 10 05:56:07 CET 2026
#@# thickness rh Tue Mar 10 05:56:08 CET 2026
#@# area and vertex vol rh Tue Mar 10 05:56:28 CET 2026
#@# Curvature Stats rh Tue Mar 10 05:56:29 CET 2026
#@# Cortical Parc 2 rh Tue Mar 10 05:56:31 CET 2026
#@# Cortical Parc 3 rh Tue Mar 10 05:56:41 CET 2026
#@# WM/GM Contrast rh Tue Mar 10 05:56:48 CET 2026
recon-all -s sub-v1s5x0050724_ses-1 finished without error at Tue Mar 10 05:56:51 CET 2026



#New# invocation of recon-all 



status file for recon-all
Tue Mar 10 06:03:35 CET 2026
#@# white curv rh Tue Mar 10 06:03:35 CET 2026
#@# white area rh Tue Mar 10 06:03:35 CET 2026
#@# pial curv rh Tue Mar 10 06:03:35 CET 2026
#@# pial area rh Tue Mar 10 06:03:35 CET 2026
#@# thickness rh Tue Mar 10 06:03:35 CET 2026
#@# area and vertex vol rh Tue Mar 10 06:03:35 CET 2026
#@# Parcellation Stats rh Tue Mar 10 06:03:35 CET 2026
#@# Parcellation Stats 2 rh Tue Mar 10 06:03:51 CET 2026
#@# Parcellation Stats 3 rh Tue Mar 10 06:03:59 CET 2026
#@# BA_exvivo Labels rh Tue Mar 10 06:04:08 CET 2026
recon-all -s sub-v1s5x0050724_ses-1 finished without error at Tue Mar 10 06:06:14 CET 2026
