status file for recon-all
Tue Mar 10 05:05:41 CET 2026
#@# Tessellate lh Tue Mar 10 05:05:41 CET 2026
#@# Smooth1 lh Tue Mar 10 05:05:43 CET 2026
#@# Inflation1 lh Tue Mar 10 05:05:46 CET 2026
#@# QSphere lh Tue Mar 10 05:05:59 CET 2026
#@# Fix Topology lh Tue Mar 10 05:07:52 CET 2026
#@# Smooth2 lh Tue Mar 10 05:13:48 CET 2026
#@# Inflation2 lh Tue Mar 10 05:13:51 CET 2026
#@# Curv .H and .K lh Tue Mar 10 05:14:04 CET 2026
#@# Sphere lh Tue Mar 10 05:14:43 CET 2026
#@# Surf Reg lh Tue Mar 10 05:20:19 CET 2026
#@# Jacobian white lh Tue Mar 10 05:26:35 CET 2026
#@# AvgCurv lh Tue Mar 10 05:26:36 CET 2026
#@# Cortical Parc lh Tue Mar 10 05:26:37 CET 2026
#@# white curv lh Tue Mar 10 05:33:03 CET 2026
#@# white area lh Tue Mar 10 05:33:04 CET 2026
#@# pial curv lh Tue Mar 10 05:33:05 CET 2026
#@# pial area lh Tue Mar 10 05:33:07 CET 2026
#@# thickness lh Tue Mar 10 05:33:07 CET 2026
#@# area and vertex vol lh Tue Mar 10 05:33:27 CET 2026
#@# Curvature Stats lh Tue Mar 10 05:33:28 CET 2026
#@# Cortical Parc 2 lh Tue Mar 10 05:33:30 CET 2026
#@# Cortical Parc 3 lh Tue Mar 10 05:33:41 CET 2026
#@# WM/GM Contrast lh Tue Mar 10 05:33:48 CET 2026
recon-all -s sub-v1s5x0050724_ses-1 finished without error at Tue Mar 10 05:33:51 CET 2026



#New# invocation of recon-all 



status file for recon-all
Tue Mar 10 06:00:50 CET 2026
#@# white curv lh Tue Mar 10 06:00:50 CET 2026
#@# white area lh Tue Mar 10 06:00:50 CET 2026
#@# pial curv lh Tue Mar 10 06:00:50 CET 2026
#@# pial area lh Tue Mar 10 06:00:50 CET 2026
#@# thickness lh Tue Mar 10 06:00:50 CET 2026
#@# area and vertex vol lh Tue Mar 10 06:00:50 CET 2026
#@# Parcellation Stats lh Tue Mar 10 06:00:50 CET 2026
#@# Parcellation Stats 2 lh Tue Mar 10 06:01:06 CET 2026
#@# Parcellation Stats 3 lh Tue Mar 10 06:01:15 CET 2026
#@# BA_exvivo Labels lh Tue Mar 10 06:01:23 CET 2026
recon-all -s sub-v1s5x0050724_ses-1 finished without error at Tue Mar 10 06:03:32 CET 2026
