status file for recon-all
Tue Mar 10 06:58:45 CET 2026
#@# Tessellate lh Tue Mar 10 06:58:45 CET 2026
#@# Smooth1 lh Tue Mar 10 06:58:49 CET 2026
#@# Inflation1 lh Tue Mar 10 06:58:52 CET 2026
#@# QSphere lh Tue Mar 10 06:59:06 CET 2026
#@# Fix Topology lh Tue Mar 10 07:00:20 CET 2026
#@# Smooth2 lh Tue Mar 10 07:11:35 CET 2026
#@# Inflation2 lh Tue Mar 10 07:11:38 CET 2026
#@# Curv .H and .K lh Tue Mar 10 07:11:51 CET 2026
#@# Sphere lh Tue Mar 10 07:12:34 CET 2026
#@# Surf Reg lh Tue Mar 10 07:17:38 CET 2026
#@# Jacobian white lh Tue Mar 10 07:23:42 CET 2026
#@# AvgCurv lh Tue Mar 10 07:23:43 CET 2026
#@# Cortical Parc lh Tue Mar 10 07:23:44 CET 2026
#@# white curv lh Tue Mar 10 07:37:10 CET 2026
#@# white area lh Tue Mar 10 07:37:12 CET 2026
#@# pial curv lh Tue Mar 10 07:37:12 CET 2026
#@# pial area lh Tue Mar 10 07:37:14 CET 2026
#@# thickness lh Tue Mar 10 07:37:15 CET 2026
#@# area and vertex vol lh Tue Mar 10 07:37:45 CET 2026
#@# Curvature Stats lh Tue Mar 10 07:37:46 CET 2026
#@# Cortical Parc 2 lh Tue Mar 10 07:37:48 CET 2026
#@# Cortical Parc 3 lh Tue Mar 10 07:38:01 CET 2026
#@# WM/GM Contrast lh Tue Mar 10 07:38:11 CET 2026
recon-all -s sub-v1s5x0050749_ses-1 finished without error at Tue Mar 10 07:38:14 CET 2026



#New# invocation of recon-all 



status file for recon-all
Tue Mar 10 08:04:06 CET 2026
#@# white curv lh Tue Mar 10 08:04:06 CET 2026
#@# white area lh Tue Mar 10 08:04:06 CET 2026
#@# pial curv lh Tue Mar 10 08:04:06 CET 2026
#@# pial area lh Tue Mar 10 08:04:06 CET 2026
#@# thickness lh Tue Mar 10 08:04:06 CET 2026
#@# area and vertex vol lh Tue Mar 10 08:04:06 CET 2026
#@# Parcellation Stats lh Tue Mar 10 08:04:06 CET 2026
#@# Parcellation Stats 2 lh Tue Mar 10 08:04:24 CET 2026
#@# Parcellation Stats 3 lh Tue Mar 10 08:04:33 CET 2026
#@# BA_exvivo Labels lh Tue Mar 10 08:04:42 CET 2026
recon-all -s sub-v1s5x0050749_ses-1 finished without error at Tue Mar 10 08:07:32 CET 2026
