status file for recon-all
Tue Mar 10 07:38:16 CET 2026
#@# Tessellate rh Tue Mar 10 07:38:16 CET 2026
#@# Smooth1 rh Tue Mar 10 07:38:19 CET 2026
#@# Inflation1 rh Tue Mar 10 07:38:22 CET 2026
#@# QSphere rh Tue Mar 10 07:38:34 CET 2026
#@# Fix Topology rh Tue Mar 10 07:39:53 CET 2026
#@# Smooth2 rh Tue Mar 10 07:45:23 CET 2026
#@# Inflation2 rh Tue Mar 10 07:45:26 CET 2026
#@# Curv .H and .K rh Tue Mar 10 07:45:39 CET 2026
#@# Sphere rh Tue Mar 10 07:46:25 CET 2026
#@# Surf Reg rh Tue Mar 10 07:49:15 CET 2026
#@# Jacobian white rh Tue Mar 10 07:53:25 CET 2026
#@# AvgCurv rh Tue Mar 10 07:53:26 CET 2026
#@# Cortical Parc rh Tue Mar 10 07:53:27 CET 2026
#@# white curv rh Tue Mar 10 07:59:44 CET 2026
#@# white area rh Tue Mar 10 07:59:46 CET 2026
#@# pial curv rh Tue Mar 10 07:59:47 CET 2026
#@# pial area rh Tue Mar 10 07:59:49 CET 2026
#@# thickness rh Tue Mar 10 07:59:50 CET 2026
#@# area and vertex vol rh Tue Mar 10 08:00:17 CET 2026
#@# Curvature Stats rh Tue Mar 10 08:00:18 CET 2026
#@# Cortical Parc 2 rh Tue Mar 10 08:00:21 CET 2026
#@# Cortical Parc 3 rh Tue Mar 10 08:00:34 CET 2026
#@# WM/GM Contrast rh Tue Mar 10 08:00:45 CET 2026
recon-all -s sub-v1s5x0050749_ses-1 finished without error at Tue Mar 10 08:00:48 CET 2026



#New# invocation of recon-all 



status file for recon-all
Tue Mar 10 08:07:35 CET 2026
#@# white curv rh Tue Mar 10 08:07:35 CET 2026
#@# white area rh Tue Mar 10 08:07:35 CET 2026
#@# pial curv rh Tue Mar 10 08:07:35 CET 2026
#@# pial area rh Tue Mar 10 08:07:35 CET 2026
#@# thickness rh Tue Mar 10 08:07:35 CET 2026
#@# area and vertex vol rh Tue Mar 10 08:07:35 CET 2026
#@# Parcellation Stats rh Tue Mar 10 08:07:35 CET 2026
#@# Parcellation Stats 2 rh Tue Mar 10 08:07:54 CET 2026
#@# Parcellation Stats 3 rh Tue Mar 10 08:08:04 CET 2026
#@# BA_exvivo Labels rh Tue Mar 10 08:08:13 CET 2026
recon-all -s sub-v1s5x0050749_ses-1 finished without error at Tue Mar 10 08:11:06 CET 2026
