status file for recon-all
Tue Mar 10 05:01:04 CET 2026
#@# MotionCor Tue Mar 10 05:01:06 CET 2026
#@# Talairach Tue Mar 10 05:01:16 CET 2026
#@# Talairach Failure Detection Tue Mar 10 05:05:45 CET 2026
#@# Nu Intensity Correction Tue Mar 10 05:05:45 CET 2026
#@# Intensity Normalization Tue Mar 10 05:09:02 CET 2026
recon-all -s sub-v1s5x0050749_ses-1 finished without error at Tue Mar 10 05:10:33 CET 2026



#New# invocation of recon-all 



status file for recon-all
Tue Mar 10 05:17:53 CET 2026
#@# EM Registration Tue Mar 10 05:17:53 CET 2026
recon-all -s sub-v1s5x0050749_ses-1 finished without error at Tue Mar 10 05:19:57 CET 2026



#New# invocation of recon-all 



status file for recon-all
Tue Mar 10 05:20:01 CET 2026
#@# CA Normalize Tue Mar 10 05:20:01 CET 2026
#@# CA Reg Tue Mar 10 05:21:23 CET 2026
#@# SubCort Seg Tue Mar 10 06:21:33 CET 2026
#@# CC Seg Tue Mar 10 06:52:43 CET 2026
#@# Merge ASeg Tue Mar 10 06:53:28 CET 2026
#@# Intensity Normalization2 Tue Mar 10 06:53:29 CET 2026
#@# Mask BFS Tue Mar 10 06:55:48 CET 2026
#@# WM Segmentation Tue Mar 10 06:55:49 CET 2026
#@# Fill Tue Mar 10 06:57:37 CET 2026
recon-all -s sub-v1s5x0050749_ses-1 finished without error at Tue Mar 10 06:58:42 CET 2026



#New# invocation of recon-all 



status file for recon-all
Tue Mar 10 08:00:54 CET 2026
#@# white curv lh Tue Mar 10 08:00:54 CET 2026
#@# white area lh Tue Mar 10 08:00:54 CET 2026
#@# pial curv lh Tue Mar 10 08:00:54 CET 2026
#@# pial area lh Tue Mar 10 08:00:54 CET 2026
#@# thickness lh Tue Mar 10 08:00:54 CET 2026
#@# area and vertex vol lh Tue Mar 10 08:00:54 CET 2026
#@# white curv rh Tue Mar 10 08:00:54 CET 2026
#@# white area rh Tue Mar 10 08:00:54 CET 2026
#@# pial curv rh Tue Mar 10 08:00:54 CET 2026
#@# pial area rh Tue Mar 10 08:00:54 CET 2026
#@# thickness rh Tue Mar 10 08:00:54 CET 2026
#@# area and vertex vol rh Tue Mar 10 08:00:54 CET 2026
#@# Cortical ribbon mask Tue Mar 10 08:00:54 CET 2026
recon-all -s sub-v1s5x0050749_ses-1 finished without error at Tue Mar 10 08:04:01 CET 2026



#New# invocation of recon-all 



status file for recon-all
Tue Mar 10 08:11:11 CET 2026
#@# white curv lh Tue Mar 10 08:11:11 CET 2026
#@# white area lh Tue Mar 10 08:11:11 CET 2026
#@# pial curv lh Tue Mar 10 08:11:11 CET 2026
#@# pial area lh Tue Mar 10 08:11:11 CET 2026
#@# thickness lh Tue Mar 10 08:11:11 CET 2026
#@# area and vertex vol lh Tue Mar 10 08:11:11 CET 2026
#@# white curv rh Tue Mar 10 08:11:12 CET 2026
#@# white area rh Tue Mar 10 08:11:12 CET 2026
#@# pial curv rh Tue Mar 10 08:11:12 CET 2026
#@# pial area rh Tue Mar 10 08:11:12 CET 2026
#@# thickness rh Tue Mar 10 08:11:12 CET 2026
#@# area and vertex vol rh Tue Mar 10 08:11:12 CET 2026
#@# Curvature Stats lh Tue Mar 10 08:11:12 CET 2026
#@# Curvature Stats rh Tue Mar 10 08:11:14 CET 2026
#@# Relabel Hypointensities Tue Mar 10 08:11:17 CET 2026
#@# APas-to-ASeg Tue Mar 10 08:11:33 CET 2026
#@# AParc-to-ASeg aparc Tue Mar 10 08:11:43 CET 2026
#@# AParc-to-ASeg aparc.a2009s Tue Mar 10 08:12:10 CET 2026
#@# AParc-to-ASeg aparc.DKTatlas Tue Mar 10 08:12:38 CET 2026
#@# WMParc Tue Mar 10 08:13:06 CET 2026
#@# ASeg Stats Tue Mar 10 08:17:11 CET 2026
recon-all -s sub-v1s5x0050749_ses-1 finished without error at Tue Mar 10 08:17:53 CET 2026
