status file for recon-all
Tue Mar 10 05:39:13 CET 2026
#@# Tessellate lh Tue Mar 10 05:39:13 CET 2026
#@# Smooth1 lh Tue Mar 10 05:39:17 CET 2026
#@# Inflation1 lh Tue Mar 10 05:39:19 CET 2026
#@# QSphere lh Tue Mar 10 05:39:30 CET 2026
#@# Fix Topology lh Tue Mar 10 05:40:21 CET 2026
#@# Smooth2 lh Tue Mar 10 05:46:26 CET 2026
#@# Inflation2 lh Tue Mar 10 05:46:29 CET 2026
#@# Curv .H and .K lh Tue Mar 10 05:46:43 CET 2026
#@# Sphere lh Tue Mar 10 05:47:30 CET 2026
#@# Surf Reg lh Tue Mar 10 05:51:17 CET 2026
#@# Jacobian white lh Tue Mar 10 05:55:15 CET 2026
#@# AvgCurv lh Tue Mar 10 05:55:16 CET 2026
#@# Cortical Parc lh Tue Mar 10 05:55:17 CET 2026
#@# white curv lh Tue Mar 10 06:01:49 CET 2026
#@# white area lh Tue Mar 10 06:01:50 CET 2026
#@# pial curv lh Tue Mar 10 06:01:51 CET 2026
#@# pial area lh Tue Mar 10 06:01:52 CET 2026
#@# thickness lh Tue Mar 10 06:01:53 CET 2026
#@# area and vertex vol lh Tue Mar 10 06:02:20 CET 2026
#@# Curvature Stats lh Tue Mar 10 06:02:21 CET 2026
#@# Cortical Parc 2 lh Tue Mar 10 06:02:24 CET 2026
#@# Cortical Parc 3 lh Tue Mar 10 06:02:37 CET 2026
#@# WM/GM Contrast lh Tue Mar 10 06:02:47 CET 2026
recon-all -s sub-v1s5x0050734_ses-1 finished without error at Tue Mar 10 06:02:50 CET 2026



#New# invocation of recon-all 



status file for recon-all
Tue Mar 10 06:30:19 CET 2026
#@# white curv lh Tue Mar 10 06:30:19 CET 2026
#@# white area lh Tue Mar 10 06:30:19 CET 2026
#@# pial curv lh Tue Mar 10 06:30:19 CET 2026
#@# pial area lh Tue Mar 10 06:30:19 CET 2026
#@# thickness lh Tue Mar 10 06:30:19 CET 2026
#@# area and vertex vol lh Tue Mar 10 06:30:19 CET 2026
#@# Parcellation Stats lh Tue Mar 10 06:30:19 CET 2026
#@# Parcellation Stats 2 lh Tue Mar 10 06:30:36 CET 2026
#@# Parcellation Stats 3 lh Tue Mar 10 06:30:45 CET 2026
#@# BA_exvivo Labels lh Tue Mar 10 06:30:54 CET 2026
recon-all -s sub-v1s5x0050734_ses-1 finished without error at Tue Mar 10 06:33:31 CET 2026
