status file for recon-all
Tue Mar 10 03:55:54 CET 2026
#@# MotionCor Tue Mar 10 03:55:56 CET 2026
#@# Talairach Tue Mar 10 03:56:06 CET 2026
#@# Talairach Failure Detection Tue Mar 10 04:00:33 CET 2026
#@# Nu Intensity Correction Tue Mar 10 04:00:33 CET 2026
#@# Intensity Normalization Tue Mar 10 04:03:50 CET 2026
recon-all -s sub-v1s5x0050734_ses-1 finished without error at Tue Mar 10 04:05:21 CET 2026



#New# invocation of recon-all 



status file for recon-all
Tue Mar 10 04:12:32 CET 2026
#@# EM Registration Tue Mar 10 04:12:32 CET 2026
recon-all -s sub-v1s5x0050734_ses-1 finished without error at Tue Mar 10 04:14:28 CET 2026



#New# invocation of recon-all 



status file for recon-all
Tue Mar 10 04:14:32 CET 2026
#@# CA Normalize Tue Mar 10 04:14:32 CET 2026
#@# CA Reg Tue Mar 10 04:15:55 CET 2026
#@# SubCort Seg Tue Mar 10 05:00:07 CET 2026
#@# CC Seg Tue Mar 10 05:33:21 CET 2026
#@# Merge ASeg Tue Mar 10 05:33:55 CET 2026
#@# Intensity Normalization2 Tue Mar 10 05:33:55 CET 2026
#@# Mask BFS Tue Mar 10 05:36:17 CET 2026
#@# WM Segmentation Tue Mar 10 05:36:18 CET 2026
#@# Fill Tue Mar 10 05:38:07 CET 2026
recon-all -s sub-v1s5x0050734_ses-1 finished without error at Tue Mar 10 05:39:08 CET 2026



#New# invocation of recon-all 



status file for recon-all
Tue Mar 10 06:25:51 CET 2026
#@# white curv lh Tue Mar 10 06:25:51 CET 2026
#@# white area lh Tue Mar 10 06:25:51 CET 2026
#@# pial curv lh Tue Mar 10 06:25:51 CET 2026
#@# pial area lh Tue Mar 10 06:25:51 CET 2026
#@# thickness lh Tue Mar 10 06:25:51 CET 2026
#@# area and vertex vol lh Tue Mar 10 06:25:51 CET 2026
#@# white curv rh Tue Mar 10 06:25:51 CET 2026
#@# white area rh Tue Mar 10 06:25:51 CET 2026
#@# pial curv rh Tue Mar 10 06:25:51 CET 2026
#@# pial area rh Tue Mar 10 06:25:51 CET 2026
#@# thickness rh Tue Mar 10 06:25:51 CET 2026
#@# area and vertex vol rh Tue Mar 10 06:25:51 CET 2026
#@# Cortical ribbon mask Tue Mar 10 06:25:51 CET 2026
recon-all -s sub-v1s5x0050734_ses-1 finished without error at Tue Mar 10 06:30:14 CET 2026



#New# invocation of recon-all 



status file for recon-all
Tue Mar 10 06:36:59 CET 2026
#@# white curv lh Tue Mar 10 06:36:59 CET 2026
#@# white area lh Tue Mar 10 06:36:59 CET 2026
#@# pial curv lh Tue Mar 10 06:36:59 CET 2026
#@# pial area lh Tue Mar 10 06:36:59 CET 2026
#@# thickness lh Tue Mar 10 06:36:59 CET 2026
#@# area and vertex vol lh Tue Mar 10 06:36:59 CET 2026
#@# white curv rh Tue Mar 10 06:36:59 CET 2026
#@# white area rh Tue Mar 10 06:36:59 CET 2026
#@# pial curv rh Tue Mar 10 06:36:59 CET 2026
#@# pial area rh Tue Mar 10 06:36:59 CET 2026
#@# thickness rh Tue Mar 10 06:36:59 CET 2026
#@# area and vertex vol rh Tue Mar 10 06:36:59 CET 2026
#@# Curvature Stats lh Tue Mar 10 06:36:59 CET 2026
#@# Curvature Stats rh Tue Mar 10 06:37:02 CET 2026
#@# Relabel Hypointensities Tue Mar 10 06:37:05 CET 2026
#@# APas-to-ASeg Tue Mar 10 06:37:20 CET 2026
#@# AParc-to-ASeg aparc Tue Mar 10 06:37:29 CET 2026
#@# AParc-to-ASeg aparc.a2009s Tue Mar 10 06:38:05 CET 2026
#@# AParc-to-ASeg aparc.DKTatlas Tue Mar 10 06:38:37 CET 2026
#@# WMParc Tue Mar 10 06:39:12 CET 2026
#@# ASeg Stats Tue Mar 10 06:43:05 CET 2026
recon-all -s sub-v1s5x0050734_ses-1 finished without error at Tue Mar 10 06:43:43 CET 2026
