/out/sourcedata/freesurfer/sub-v1s5x0050754_ses-1/mri
/opt/freesurfer/bin/talairach_avi
--i orig_nu.mgz --xfm transforms/talairach.auto.xfm
talairach_avi 7.3.2
Linux dna030 5.14.0-427.37.1.el9_4.x86_64 #1 SMP PREEMPT_DYNAMIC Fri Sep 13 12:41:50 EDT 2024 x86_64 x86_64 x86_64 GNU/Linux
Tue Mar 10 05:15:19 CET 2026
mri_convert orig_nu.mgz talsrcimg.img 
reading from orig_nu.mgz...
TR=0.00, TE=0.00, TI=0.00, flip angle=0.00
i_ras = (-1, -4.65661e-10, 7.45058e-09)
j_ras = (0, 0, -1)
k_ras = (4.65661e-10, 1, 0)
writing to talsrcimg.img...
Analyze Output Matrix
-1.00000   0.00000   0.00000   131.50630;
-0.00000   0.00000   1.00000  -123.61445;
 0.00000  -1.00000   0.00000   140.59927;
 0.00000   0.00000   0.00000   1.00000;
--------------------
INFO: set hdr.hist.orient to -1
mpr2mni305 talsrcimg
Tue Mar 10 05:15:20 CET 2026
/opt/freesurfer/bin/mpr2mni305 talsrcimg
mpr2mni305 7.3.2
target=711-2C_as_mni_average_305

---------------------------------------------------------------------
analyzeto4dfp talsrcimg -O0 -y
---------------------------------------------------------------------

freesurfer ifh2hdr.c
Tue Mar 10 05:15:20 2026
Writing: talsrcimg.4dfp.hdr
freesurfer analyzeto4dfp.c
Reading: talsrcimg.hdr
header size 348 bytes
hdr.dime.datatype	offset=70	value=2
hdr.dime.bitpix		offset=72	value=8
hdr.hist.orient		offset=252	value=-1
dimensionality     4
dimensions       256       256       256         1
Reading: talsrcimg.img
Writing: talsrcimg.4dfp.img
Writing: talsrcimg.4dfp.ifh
ifh2hdr talsrcimg -r0to239
ori=2

---------------------------------------------------------------------
gauss_4dfp talsrcimg 1.1
---------------------------------------------------------------------

freesurfer gauss_4dfp.c
Reading: talsrcimg.4dfp.img
Writing: talsrcimg_g11.4dfp.img
image dimensions 256 256 256 padded to 288 288 288
processing volume 1freesurfer ifh2hdr.c
Tue Mar 10 05:15:22 2026
Writing: talsrcimg_g11.4dfp.hdr

Writing: talsrcimg_g11.4dfp.ifh
including: talsrcimg.4dfp.img.rec in talsrcimg_g11.4dfp.img.rec

---------------------------------------------------------------------
imgreg_4dfp /opt/freesurfer/average/711-2C_as_mni_average_305 none talsrcimg_g11 none talsrcimg_to_711-2C_as_mni_average_305_t4 4355
---------------------------------------------------------------------

freesurfer imgreg_4dfp.c
/opt/freesurfer/average/711-2C_as_mni_average_305.4dfp.img
       256       256       256         1
  1.000000  1.000000  1.000000
orientation T byte_order littleendian
Reading image: /opt/freesurfer/average/711-2C_as_mni_average_305.4dfp.img
dimensions:      256       256       256
mmppix:       1.0000   -1.0000   -1.0000
center:     128.0000 -129.0000 -129.0000
talsrcimg_g11.4dfp.img
       256       256       256         1
  1.000000  1.000000  1.000000
orientation T byte_order littleendian
Reading image: talsrcimg_g11.4dfp.img
dimensions:      256       256       256
mmppix:       1.0000   -1.0000   -1.0000
center:     128.0000 -129.0000 -129.0000
t4_read: open error in t4_sub.f l:  41 t4_file(1:l)talsrcimg_to_711-2C_as_mni_average_305_t4 
t4_read: transform initialized to I4
rotation matrix determinant  1.000000
image alignment mode   4355 decimal     1103 hex
   -7.5000  -45.0000  -45.0000 8589.0723   18.8552
    0.0000  -45.0000  -45.0000 8943.6826   18.8444
    7.5000  -45.0000  -45.0000 8569.4932   18.8292
   -7.5000  -37.5000  -45.0000 9051.6455   18.6827
    0.0000  -37.5000  -45.0000 9417.6738   18.6682
    7.5000  -37.5000  -45.0000 9029.2002   18.6584
   -7.5000  -30.0000  -45.0000 9908.4160   18.5868
    0.0000  -30.0000  -45.000010317.2188   18.5725
    7.5000  -30.0000  -45.0000 9868.1807   18.5709
   -7.5000  -22.5000  -45.000010824.4795   18.5470
    0.0000  -22.5000  -45.000011276.7900   18.5379
    7.5000  -22.5000  -45.000010756.1533   18.5392
   -7.5000  -15.0000  -45.000011389.2217   18.5364
    0.0000  -15.0000  -45.000011885.2295   18.5333
    7.5000  -15.0000  -45.000011301.7100   18.5317
   -7.5000   -7.5000  -45.000011851.3223   18.5609
    0.0000   -7.5000  -45.000012368.9844   18.5572
    7.5000   -7.5000  -45.000011723.7861   18.5477
   -7.5000    0.0000  -45.000012144.4219   18.5910
    0.0000    0.0000  -45.000012659.2822   18.5816
    7.5000    0.0000  -45.000011989.7598   18.5672
   -7.5000    7.5000  -45.000011470.8750   18.5965
    0.0000    7.5000  -45.000011981.1660   18.5822
    7.5000    7.5000  -45.000011332.5771   18.5728
   -7.5000   15.0000  -45.000010761.7100   18.5758
    0.0000   15.0000  -45.000011232.2461   18.5615
    7.5000   15.0000  -45.000010622.3838   18.5598
   -7.5000   22.5000  -45.000010011.4404   18.5684
    0.0000   22.5000  -45.000010423.2686   18.5589
    7.5000   22.5000  -45.0000 9839.6543   18.5598
   -7.5000   30.0000  -45.0000 9347.5947   18.5912
    0.0000   30.0000  -45.0000 9738.5479   18.5929
    7.5000   30.0000  -45.0000 9177.7227   18.5959
   -7.5000   37.5000  -45.0000 9020.0342   19.1112
    0.0000   37.5000  -45.0000 9384.0469   19.1168
    7.5000   37.5000  -45.0000 8896.7832   19.1208
   -7.5000   45.0000  -45.0000 8354.4131   19.2363
    0.0000   45.0000  -45.0000 8688.1777   19.2353
    7.5000   45.0000  -45.0000 8222.7188   19.2278
   -7.5000  -45.0000  -37.5000 9061.7461   18.7576
    0.0000  -45.0000  -37.5000 9449.0479   18.7480
    7.5000  -45.0000  -37.5000 9026.0420   18.7334
   -7.5000  -37.5000  -37.5000 9574.6533   18.5850
    0.0000  -37.5000  -37.5000 9981.8379   18.5713
    7.5000  -37.5000  -37.5000 9546.7783   18.5622
   -7.5000  -30.0000  -37.500010528.9629   18.4898
    0.0000  -30.0000  -37.500010987.9346   18.4789
    7.5000  -30.0000  -37.500010477.8066   18.4773
   -7.5000  -22.5000  -37.500011495.8389   18.4488
    0.0000  -22.5000  -37.500011992.0273   18.4470
    7.5000  -22.5000  -37.500011389.9365   18.4478
   -7.5000  -15.0000  -37.500012078.1172   18.4376
    0.0000  -15.0000  -37.500012591.5674   18.4428
    7.5000  -15.0000  -37.500011942.7969   18.4404
   -7.5000   -7.5000  -37.500012534.9277   18.4632
    0.0000   -7.5000  -37.500013085.2285   18.4647
    7.5000   -7.5000  -37.500012388.8652   18.4548
   -7.5000    0.0000  -37.500012865.3926   18.4943
    0.0000    0.0000  -37.500013442.3135   18.4861
    7.5000    0.0000  -37.500012701.6650   18.4722
   -7.5000    7.5000  -37.500012165.3213   18.4998
    0.0000    7.5000  -37.500012727.4922   18.4863
    7.5000    7.5000  -37.500012010.3506   18.4775
   -7.5000   15.0000  -37.500011397.3203   18.4789
    0.0000   15.0000  -37.500011910.4326   18.4680
    7.5000   15.0000  -37.500011228.3877   18.4663
   -7.5000   22.5000  -37.500010564.0967   18.4716
    0.0000   22.5000  -37.500011019.9600   18.4695
    7.5000   22.5000  -37.500010365.8867   18.4699
   -7.5000   30.0000  -37.5000 9841.1074   18.4936
    0.0000   30.0000  -37.500010290.3584   18.5040
    7.5000   30.0000  -37.5000 9677.5459   18.5056
   -7.5000   37.5000  -37.5000 9498.2002   19.0147
    0.0000   37.5000  -37.5000 9947.8047   19.0277
    7.5000   37.5000  -37.5000 9385.5654   19.0302
   -7.5000   45.0000  -37.5000 8795.8477   19.1363
    0.0000   45.0000  -37.5000 9181.0449   19.1412
    7.5000   45.0000  -37.5000 8674.7822   19.1348
   -7.5000  -45.0000  -30.0000 9667.5850   19.5258
    0.0000  -45.0000  -30.000010068.9521   19.5059
    7.5000  -45.0000  -30.0000 9626.9863   19.4896
   -7.5000  -37.5000  -30.000010232.3672   19.3562
    0.0000  -37.5000  -30.000010659.4346   19.3307
    7.5000  -37.5000  -30.000010207.6133   19.3153
   -7.5000  -30.0000  -30.000011303.8467   19.2714
    0.0000  -30.0000  -30.000011775.3574   19.2516
    7.5000  -30.0000  -30.000011239.5410   19.2411
   -7.5000  -22.5000  -30.000012312.9229   19.2319
    0.0000  -22.5000  -30.000012824.3857   19.2267
    7.5000  -22.5000  -30.000012189.8672   19.2212
   -7.5000  -15.0000  -30.000012960.0332   19.2113
    0.0000  -15.0000  -30.000013488.3027   19.2157
    7.5000  -15.0000  -30.000012799.7480   19.2110
   -7.5000   -7.5000  -30.000013437.1035   19.2249
    0.0000   -7.5000  -30.000013999.2666   19.2215
    7.5000   -7.5000  -30.000013259.6250   19.2113
   -7.5000    0.0000  -30.000013817.2559   19.2517
    0.0000    0.0000  -30.000014421.2725   19.2335
    7.5000    0.0000  -30.000013587.4619   19.2179
   -7.5000    7.5000  -30.000013121.3027   19.2674
    0.0000    7.5000  -30.000013708.8721   19.2423
    7.5000    7.5000  -30.000012879.1846   19.2273
   -7.5000   15.0000  -30.000012274.3379   19.2601
    0.0000   15.0000  -30.000012844.0742   19.2403
    7.5000   15.0000  -30.000012028.2402   19.2298
   -7.5000   22.5000  -30.000011323.0781   19.2538
    0.0000   22.5000  -30.000011850.8496   19.2484
    7.5000   22.5000  -30.000011068.5615   19.2426
   -7.5000   30.0000  -30.000010510.2373   19.2702
    0.0000   30.0000  -30.000011018.5596   19.2799
    7.5000   30.0000  -30.000010310.5977   19.2784
   -7.5000   37.5000  -30.000010163.9043   19.7983
    0.0000   37.5000  -30.000010676.4141   19.8076
    7.5000   37.5000  -30.000010025.7168   19.8092
   -7.5000   45.0000  -30.0000 9374.7744   19.9279
    0.0000   45.0000  -30.0000 9832.1875   19.9256
    7.5000   45.0000  -30.0000 9273.0332   19.9194
   -7.5000  -45.0000  -22.500010264.9229   20.1807
    0.0000  -45.0000  -22.500010687.9443   20.1488
    7.5000  -45.0000  -22.500010244.7676   20.1316
   -7.5000  -37.5000  -22.500010884.8340   20.0165
    0.0000  -37.5000  -22.500011353.2822   19.9779
    7.5000  -37.5000  -22.500010881.1602   19.9563
   -7.5000  -30.0000  -22.500012009.3301   19.9430
    0.0000  -30.0000  -22.500012515.3027   19.9090
    7.5000  -30.0000  -22.500011967.1191   19.8894
   -7.5000  -22.5000  -22.500013077.3096   19.9073
    0.0000  -22.5000  -22.500013597.8682   19.8887
    7.5000  -22.5000  -22.500012954.0273   19.8767
   -7.5000  -15.0000  -22.500013768.2393   19.8788
    0.0000  -15.0000  -22.500014342.9375   19.8709
    7.5000  -15.0000  -22.500013610.0000   19.8648
   -7.5000   -7.5000  -22.500014298.9932   19.8785
    0.0000   -7.5000  -22.500014904.2773   19.8637
    7.5000   -7.5000  -22.500014104.2686   19.8548
   -7.5000    0.0000  -22.500014677.3105   19.8994
    0.0000    0.0000  -22.500015315.0205   19.8695
    7.5000    0.0000  -22.500014472.2979   19.8531
   -7.5000    7.5000  -22.500013977.6514   19.9247
    0.0000    7.5000  -22.500014651.3516   19.8865
    7.5000    7.5000  -22.500013737.2539   19.8654
   -7.5000   15.0000  -22.500013088.1504   19.9313
    0.0000   15.0000  -22.500013753.7930   19.8974
    7.5000   15.0000  -22.500012859.7295   19.8778
   -7.5000   22.5000  -22.500012088.1035   19.9271
    0.0000   22.5000  -22.500012696.2012   19.9082
    7.5000   22.5000  -22.500011857.4795   19.8961
   -7.5000   30.0000  -22.500011194.2227   19.9382
    0.0000   30.0000  -22.500011769.4824   19.9353
    7.5000   30.0000  -22.500010987.9873   19.9322
   -7.5000   37.5000  -22.500010786.2783   20.4626
    0.0000   37.5000  -22.500011350.7969   20.4589
    7.5000   37.5000  -22.500010650.6543   20.4621
   -7.5000   45.0000  -22.5000 9968.6455   20.5982
    0.0000   45.0000  -22.500010467.8086   20.5817
    7.5000   45.0000  -22.5000 9852.8691   20.5768
   -7.5000  -45.0000  -15.000010894.4834   20.6646
    0.0000  -45.0000  -15.000011337.0303   20.6300
    7.5000  -45.0000  -15.000010882.2842   20.6126
   -7.5000  -37.5000  -15.000011568.8545   20.4983
    0.0000  -37.5000  -15.000012067.0723   20.4574
    7.5000  -37.5000  -15.000011557.3896   20.4351
   -7.5000  -30.0000  -15.000012736.5459   20.4234
    0.0000  -30.0000  -15.000013281.2295   20.3839
    7.5000  -30.0000  -15.000012700.2441   20.3639
   -7.5000  -22.5000  -15.000013767.4287   20.3886
    0.0000  -22.5000  -15.000014354.8096   20.3604
    7.5000  -22.5000  -15.000013699.0693   20.3481
   -7.5000  -15.0000  -15.000014492.9795   20.3602
    0.0000  -15.0000  -15.000015114.4775   20.3419
    7.5000  -15.0000  -15.000014400.2402   20.3359
   -7.5000   -7.5000  -15.000015095.8516   20.3584
    0.0000   -7.5000  -15.000015746.1660   20.3369
    7.5000   -7.5000  -15.000014938.6387   20.3283
   -7.5000    0.0000  -15.000015504.5254   20.3786
    0.0000    0.0000  -15.000016205.9463   20.3460
    7.5000    0.0000  -15.000015326.8320   20.3295
   -7.5000    7.5000  -15.000014717.6289   20.4042
    0.0000    7.5000  -15.000015454.1484   20.3638
    7.5000    7.5000  -15.000014531.1846   20.3420
   -7.5000   15.0000  -15.000013810.4932   20.4114
    0.0000   15.0000  -15.000014525.8828   20.3719
    7.5000   15.0000  -15.000013584.2051   20.3519
   -7.5000   22.5000  -15.000012797.3193   20.4063
    0.0000   22.5000  -15.000013446.5303   20.3778
    7.5000   22.5000  -15.000012554.8018   20.3652
   -7.5000   30.0000  -15.000011806.7256   20.4205
    0.0000   30.0000  -15.000012422.6494   20.4067
    7.5000   30.0000  -15.000011619.6025   20.4044
   -7.5000   37.5000  -15.000011345.9961   20.9494
    0.0000   37.5000  -15.000011943.5996   20.9368
    7.5000   37.5000  -15.000011234.9404   20.9420
   -7.5000   45.0000  -15.000010526.6113   21.0970
    0.0000   45.0000  -15.000011053.8721   21.0734
    7.5000   45.0000  -15.000010405.7021   21.0688
   -7.5000  -45.0000   -7.500011569.9209   20.9249
    0.0000  -45.0000   -7.500012005.2754   20.9008
    7.5000  -45.0000   -7.500011547.3594   20.8828
   -7.5000  -37.5000   -7.500012260.2500   20.7465
    0.0000  -37.5000   -7.500012742.4346   20.7174
    7.5000  -37.5000   -7.500012224.2549   20.6999
   -7.5000  -30.0000   -7.500013454.3496   20.6551
    0.0000  -30.0000   -7.500013985.3301   20.6257
    7.5000  -30.0000   -7.500013416.4434   20.6142
   -7.5000  -22.5000   -7.500014464.6094   20.6155
    0.0000  -22.5000   -7.500015036.7461   20.5926
    7.5000  -22.5000   -7.500014419.8369   20.5872
   -7.5000  -15.0000   -7.500015187.3428   20.5954
    0.0000  -15.0000   -7.500015836.8633   20.5803
    7.5000  -15.0000   -7.500015159.6582   20.5763
   -7.5000   -7.5000   -7.500015883.6289   20.6081
    0.0000   -7.5000   -7.500016547.6914   20.5927
    7.5000   -7.5000   -7.500015795.6924   20.5827
   -7.5000    0.0000   -7.500016363.7266   20.6352
    0.0000    0.0000   -7.500017088.2715   20.6129
    7.5000    0.0000   -7.500016233.5117   20.5957
   -7.5000    7.5000   -7.500015542.3564   20.6512
    0.0000    7.5000   -7.500016331.3955   20.6225
    7.5000    7.5000   -7.500015385.8291   20.6055
   -7.5000   15.0000   -7.500014547.8545   20.6429
    0.0000   15.0000   -7.500015292.7373   20.6135
    7.5000   15.0000   -7.500014352.1016   20.6019
   -7.5000   22.5000   -7.500013449.7207   20.6310
    0.0000   22.5000   -7.500014113.8945   20.6077
    7.5000   22.5000   -7.500013258.7412   20.6020
   -7.5000   30.0000   -7.500012401.4453   20.6570
    0.0000   30.0000   -7.500013021.6514   20.6467
    7.5000   30.0000   -7.500012259.2949   20.6475
   -7.5000   37.5000   -7.500011886.1318   21.2089
    0.0000   37.5000   -7.500012484.1367   21.2020
    7.5000   37.5000   -7.500011804.6992   21.2072
   -7.5000   45.0000   -7.500011036.3398   21.3747
    0.0000   45.0000   -7.500011587.9736   21.3589
    7.5000   45.0000   -7.500010923.5898   21.3518
   -7.5000  -45.0000    0.000012112.0596   20.9860
    0.0000  -45.0000    0.000012600.2461   20.9744
    7.5000  -45.0000    0.000012073.0527   20.9575
   -7.5000  -37.5000    0.000012811.8525   20.7945
    0.0000  -37.5000    0.000013286.9990   20.7787
    7.5000  -37.5000    0.000012789.6045   20.7677
   -7.5000  -30.0000    0.000014063.6895   20.6871
    0.0000  -30.0000    0.000014525.3662   20.6714
    7.5000  -30.0000    0.000014029.0889   20.6694
   -7.5000  -22.5000    0.000015078.4883   20.6422
    0.0000  -22.5000    0.000015565.6729   20.6321
    7.5000  -22.5000    0.000015019.5264   20.6335
   -7.5000  -15.0000    0.000015846.4111   20.6308
    0.0000  -15.0000    0.000016400.5547   20.6273
    7.5000  -15.0000    0.000015768.2695   20.6255
   -7.5000   -7.5000    0.000016557.4746   20.6592
    0.0000   -7.5000    0.000017132.3438   20.6554
    7.5000   -7.5000    0.000016434.2988   20.6448
   -7.5000    0.0000    0.000017145.9395   20.6935
    0.0000    0.0000    0.000017862.0918   20.6834
    7.5000    0.0000    0.000017004.1094   20.6674
   -7.5000    7.5000    0.000016376.5947   20.6990
    0.0000    7.5000    0.000017189.2715   20.6835
    7.5000    7.5000    0.000016227.1113   20.6729
   -7.5000   15.0000    0.000015313.3525   20.6749
    0.0000   15.0000    0.000016044.9463   20.6591
    7.5000   15.0000    0.000015154.2129   20.6571
   -7.5000   22.5000    0.000014078.9229   20.6592
    0.0000   22.5000    0.000014668.1484   20.6486
    7.5000   22.5000    0.000013940.9395   20.6496
   -7.5000   30.0000    0.000012937.9707   20.6980
    0.0000   30.0000    0.000013506.4697   20.6998
    7.5000   30.0000    0.000012852.2500   20.7032
   -7.5000   37.5000    0.000012415.8906   21.2751
    0.0000   37.5000    0.000012971.7822   21.2815
    7.5000   37.5000    0.000012342.7734   21.2859
   -7.5000   45.0000    0.000011530.3301   21.4535
    0.0000   45.0000    0.000012067.2275   21.4528
    7.5000   45.0000    0.000011406.0830   21.4444
   -7.5000  -45.0000    7.500011688.3574   20.9848
    0.0000  -45.0000    7.500012190.7412   20.9741
    7.5000  -45.0000    7.500011640.8086   20.9578
   -7.5000  -37.5000    7.500012386.2705   20.7918
    0.0000  -37.5000    7.500012864.3477   20.7765
    7.5000  -37.5000    7.500012329.9316   20.7663
   -7.5000  -30.0000    7.500013582.7061   20.6854
    0.0000  -30.0000    7.500014078.5938   20.6732
    7.5000  -30.0000    7.500013549.7949   20.6713
   -7.5000  -22.5000    7.500014593.5420   20.6395
    0.0000  -22.5000    7.500015077.9346   20.6376
    7.5000  -22.5000    7.500014523.8848   20.6384
   -7.5000  -15.0000    7.500015319.2393   20.6270
    0.0000  -15.0000    7.500015806.6152   20.6329
    7.5000  -15.0000    7.500015242.9971   20.6302
   -7.5000   -7.5000    7.500015996.6758   20.6557
    0.0000   -7.5000    7.500016519.4375   20.6573
    7.5000   -7.5000    7.500015909.0244   20.6462
   -7.5000    0.0000    7.500016654.9199   20.6904
    0.0000    0.0000    7.500017302.9102   20.6812
    7.5000    0.0000    7.500016539.9004   20.6657
   -7.5000    7.5000    7.500016056.2227   20.6965
    0.0000    7.5000    7.500016790.4199   20.6814
    7.5000    7.5000    7.500015913.1670   20.6715
   -7.5000   15.0000    7.500015103.7432   20.6732
    0.0000   15.0000    7.500015793.9980   20.6610
    7.5000   15.0000    7.500014914.4727   20.6590
   -7.5000   22.5000    7.500013824.8164   20.6583
    0.0000   22.5000    7.500014394.5811   20.6560
    7.5000   22.5000    7.500013680.0645   20.6564
   -7.5000   30.0000    7.500012659.5342   20.6977
    0.0000   30.0000    7.500013177.9814   20.7093
    7.5000   30.0000    7.500012522.5967   20.7111
   -7.5000   37.5000    7.500012130.1074   21.2807
    0.0000   37.5000    7.500012630.2461   21.2952
    7.5000   37.5000    7.500012000.3545   21.2981
   -7.5000   45.0000    7.500011237.5898   21.4586
    0.0000   45.0000    7.500011694.1104   21.4642
    7.5000   45.0000    7.500011102.9736   21.4569
   -7.5000  -45.0000   15.000011178.4316   20.9670
    0.0000  -45.0000   15.000011685.2715   20.9456
    7.5000  -45.0000   15.000011172.5469   20.9281
   -7.5000  -37.5000   15.000011869.3662   20.7848
    0.0000  -37.5000   15.000012371.3164   20.7575
    7.5000  -37.5000   15.000011853.6299   20.7410
   -7.5000  -30.0000   15.000013018.8330   20.6938
    0.0000  -30.0000   15.000013533.0840   20.6725
    7.5000  -30.0000   15.000013002.5889   20.6612
   -7.5000  -22.5000   15.000013972.9863   20.6514
    0.0000  -22.5000   15.000014459.1748   20.6458
    7.5000  -22.5000   15.000013945.9297   20.6399
   -7.5000  -15.0000   15.000014674.1484   20.6293
    0.0000  -15.0000   15.000015160.4180   20.6340
    7.5000  -15.0000   15.000014632.2822   20.6289
   -7.5000   -7.5000   15.000015298.7910   20.6439
    0.0000   -7.5000   15.000015821.7842   20.6402
    7.5000   -7.5000   15.000015213.4141   20.6293
   -7.5000    0.0000   15.000015881.3672   20.6727
    0.0000    0.0000   15.000016426.1465   20.6531
    7.5000    0.0000   15.000015707.7822   20.6363
   -7.5000    7.5000   15.000015290.2920   20.6895
    0.0000    7.5000   15.000015828.3223   20.6626
    7.5000    7.5000   15.000015026.3906   20.6465
   -7.5000   15.0000   15.000014423.5156   20.6817
    0.0000   15.0000   15.000014947.2393   20.6604
    7.5000   15.0000   15.000014109.8320   20.6491
   -7.5000   22.5000   15.000013282.4717   20.6704
    0.0000   22.5000   15.000013772.6436   20.6646
    7.5000   22.5000   15.000013006.5859   20.6583
   -7.5000   30.0000   15.000012195.4395   20.6986
    0.0000   30.0000   15.000012635.1807   20.7090
    7.5000   30.0000   15.000011962.3076   20.7074
   -7.5000   37.5000   15.000011640.9512   21.2658
    0.0000   37.5000   15.000012076.9824   21.2758
    7.5000   37.5000   15.000011475.0488   21.2775
   -7.5000   45.0000   15.000010786.1885   21.4333
    0.0000   45.0000   15.000011182.7168   21.4309
    7.5000   45.0000   15.000010651.1670   21.4242
   -7.5000  -45.0000   22.500010605.3154   20.9492
    0.0000  -45.0000   22.500011086.5498   20.9160
    7.5000  -45.0000   22.500010678.3320   20.8983
   -7.5000  -37.5000   22.500011265.3203   20.7788
    0.0000  -37.5000   22.500011758.7432   20.7386
    7.5000  -37.5000   22.500011297.4326   20.7163
   -7.5000  -30.0000   22.500012404.5166   20.7025
    0.0000  -30.0000   22.500012939.5352   20.6671
    7.5000  -30.0000   22.500012409.6475   20.6468
   -7.5000  -22.5000   22.500013308.7793   20.6654
    0.0000  -22.5000   22.500013848.7979   20.6460
    7.5000  -22.5000   22.500013263.8750   20.6337
   -7.5000  -15.0000   22.500014014.4092   20.6358
    0.0000  -15.0000   22.500014570.1201   20.6276
    7.5000  -15.0000   22.500013910.1885   20.6213
   -7.5000   -7.5000   22.500014564.4941   20.6355
    0.0000   -7.5000   22.500015128.5156   20.6201
    7.5000   -7.5000   22.500014428.2754   20.6109
   -7.5000    0.0000   22.500015018.8457   20.6572
    0.0000    0.0000   22.500015558.2910   20.6261
    7.5000    0.0000   22.500014801.1006   20.6092
   -7.5000    7.5000   22.500014329.7334   20.6834
    0.0000    7.5000   22.500014814.3271   20.6438
    7.5000    7.5000   22.500014083.6162   20.6219
   -7.5000   15.0000   22.500013468.5400   20.6903
    0.0000   15.0000   22.500013948.5547   20.6551
    7.5000   15.0000   22.500013235.0381   20.6347
   -7.5000   22.5000   22.500012453.3037   20.6828
    0.0000   22.5000   22.500012916.4307   20.6632
    7.5000   22.5000   22.500012264.9912   20.6506
   -7.5000   30.0000   22.500011506.5938   20.7004
    0.0000   30.0000   22.500011935.2119   20.6973
    7.5000   30.0000   22.500011338.3711   20.6942
   -7.5000   37.5000   22.500011024.6914   21.2448
    0.0000   37.5000   22.500011453.7959   21.2410
    7.5000   37.5000   22.500010886.6406   21.2443
   -7.5000   45.0000   22.500010254.8301   21.4011
    0.0000   45.0000   22.500010641.3496   21.3839
    7.5000   45.0000   22.500010125.3330   21.3789
   -7.5000  -45.0000   30.000010011.0234   20.9770
    0.0000  -45.0000   30.000010487.5459   20.9418
    7.5000  -45.0000   30.000010053.4824   20.9241
   -7.5000  -37.5000   30.000010638.4521   20.8080
    0.0000  -37.5000   30.000011124.8525   20.7664
    7.5000  -37.5000   30.000010643.1592   20.7437
   -7.5000  -30.0000   30.000011707.8721   20.7317
    0.0000  -30.0000   30.000012203.1748   20.6916
    7.5000  -30.0000   30.000011669.0420   20.6712
   -7.5000  -22.5000   30.000012521.6582   20.6962
    0.0000  -22.5000   30.000013036.9619   20.6676
    7.5000  -22.5000   30.000012447.4814   20.6551
   -7.5000  -15.0000   30.000013148.6182   20.6673
    0.0000  -15.0000   30.000013674.5840   20.6488
    7.5000  -15.0000   30.000013058.2256   20.6427
   -7.5000   -7.5000   30.000013649.4395   20.6656
    0.0000   -7.5000   30.000014182.9668   20.6439
    7.5000   -7.5000   30.000013544.4990   20.6351
   -7.5000    0.0000   30.000014000.5068   20.6862
    0.0000    0.0000   30.000014513.5371   20.6532
    7.5000    0.0000   30.000013858.2969   20.6364
   -7.5000    7.5000   30.000013279.5068   20.7123
    0.0000    7.5000   30.000013763.9297   20.6713
    7.5000    7.5000   30.000013161.0654   20.6491
   -7.5000   15.0000   30.000012454.4570   20.7195
    0.0000   15.0000   30.000012933.2588   20.6794
    7.5000   15.0000   30.000012320.1035   20.6590
   -7.5000   22.5000   30.000011546.3574   20.7120
    0.0000   22.5000   30.000011989.8467   20.6831
    7.5000   22.5000   30.000011428.3135   20.6703
   -7.5000   30.0000   30.000010677.8447   20.7290
    0.0000   30.0000   30.000011089.0225   20.7151
    7.5000   30.0000   30.000010593.1719   20.7128
   -7.5000   37.5000   30.000010279.4307   21.2667
    0.0000   37.5000   30.000010668.6631   21.2540
    7.5000   37.5000   30.000010172.0771   21.2594
   -7.5000   45.0000   30.0000 9589.8789   21.4233
    0.0000   45.0000   30.0000 9957.4590   21.3993
    7.5000   45.0000   30.0000 9477.6533   21.3946
   -7.5000  -45.0000   37.5000 9785.1338   21.0987
    0.0000  -45.0000   37.500010233.7666   21.0743
    7.5000  -45.0000   37.5000 9767.1865   21.0553
   -7.5000  -37.5000   37.500010363.3994   20.9178
    0.0000  -37.5000   37.500010839.5244   20.8883
    7.5000  -37.5000   37.500010344.4209   20.8696
   -7.5000  -30.0000   37.500011363.7812   20.8254
    0.0000  -30.0000   37.500011846.9844   20.7953
    7.5000  -30.0000   37.500011314.7529   20.7827
   -7.5000  -22.5000   37.500012074.0254   20.7853
    0.0000  -22.5000   37.500012582.6543   20.7618
    7.5000  -22.5000   37.500012033.3594   20.7554
   -7.5000  -15.0000   37.500012663.5254   20.7647
    0.0000  -15.0000   37.500013181.3486   20.7492
    7.5000  -15.0000   37.500012615.4346   20.7445
   -7.5000   -7.5000   37.500013104.2832   20.7773
    0.0000   -7.5000   37.500013650.2695   20.7616
    7.5000   -7.5000   37.500013043.4053   20.7510
   -7.5000    0.0000   37.500013423.0908   20.8047
    0.0000    0.0000   37.500013967.9785   20.7821
    7.5000    0.0000   37.500013341.5088   20.7641
   -7.5000    7.5000   37.500012705.0078   20.8211
    0.0000    7.5000   37.500013212.4131   20.7920
    7.5000    7.5000   37.500012626.5566   20.7739
   -7.5000   15.0000   37.500011892.3086   20.8131
    0.0000   15.0000   37.500012366.0859   20.7830
    7.5000   15.0000   37.500011790.8867   20.7703
   -7.5000   22.5000   37.500011039.1943   20.8011
    0.0000   22.5000   37.500011453.0293   20.7772
    7.5000   22.5000   37.500010929.0986   20.7705
   -7.5000   30.0000   37.500010233.4404   20.8294
    0.0000   30.0000   37.500010612.3633   20.8188
    7.5000   30.0000   37.500010144.4717   20.8189
   -7.5000   37.5000   37.5000 9884.1035   21.3893
    0.0000   37.5000   37.500010246.1777   21.3822
    7.5000   37.5000   37.5000 9782.6768   21.3869
   -7.5000   45.0000   37.5000 9229.5879   21.5618
    0.0000   45.0000   37.5000 9556.9355   21.5459
    7.5000   45.0000   37.5000 9121.9150   21.5379
   -7.5000  -45.0000   45.0000 9037.7871   21.2651
    0.0000  -45.0000   45.0000 9450.2549   21.2528
    7.5000  -45.0000   45.0000 9021.9492   21.2350
   -7.5000  -37.5000   45.0000 9563.8174   21.0675
    0.0000  -37.5000   45.000010017.6885   21.0501
    7.5000  -37.5000   45.0000 9557.5850   21.0382
   -7.5000  -30.0000   45.000010466.1055   20.9577
    0.0000  -30.0000   45.000010941.7080   20.9396
    7.5000  -30.0000   45.000010446.7520   20.9369
   -7.5000  -22.5000   45.000011130.2432   20.9120
    0.0000  -22.5000   45.000011599.0449   20.8996
    7.5000  -22.5000   45.000011079.1230   20.9007
   -7.5000  -15.0000   45.000011604.7773   20.8999
    0.0000  -15.0000   45.000012098.6172   20.8951
    7.5000  -15.0000   45.000011574.2061   20.8931
   -7.5000   -7.5000   45.000011976.4375   20.9283
    0.0000   -7.5000   45.000012516.7539   20.9239
    7.5000   -7.5000   45.000011964.8701   20.9128
   -7.5000    0.0000   45.000012245.1357   20.9629
    0.0000    0.0000   45.000012786.9561   20.9521
    7.5000    0.0000   45.000012226.2246   20.9352
   -7.5000    7.5000   45.000011602.7695   20.9689
    0.0000    7.5000   45.000012073.1680   20.9519
    7.5000    7.5000   45.000011538.9316   20.9403
   -7.5000   15.0000   45.000010865.5322   20.9451
    0.0000   15.0000   45.000011301.5801   20.9269
    7.5000   15.0000   45.000010776.8076   20.9241
   -7.5000   22.5000   45.000010099.2529   20.9297
    0.0000   22.5000   45.000010491.8408   20.9169
    7.5000   22.5000   45.0000 9980.5684   20.9174
   -7.5000   30.0000   45.0000 9362.9863   20.9729
    0.0000   30.0000   45.0000 9728.7871   20.9736
    7.5000   30.0000   45.0000 9271.5742   20.9770
   -7.5000   37.5000   45.0000 9059.5479   21.5685
    0.0000   37.5000   45.0000 9416.3359   21.5746
    7.5000   37.5000   45.0000 8971.4375   21.5792
   -7.5000   45.0000   45.0000 8463.4785   21.7748
    0.0000   45.0000   45.0000 8778.5957   21.7737
    7.5000   45.0000   45.0000 8382.0527   21.7646

---------------------------------------------------------------------
imgreg_4dfp /opt/freesurfer/average/711-2C_as_mni_average_305 /opt/freesurfer/average/711-2B_as_mni_average_305_mask talsrcimg_g11 none talsrcimg_to_711-2C_as_mni_average_305_t4 4355
---------------------------------------------------------------------

freesurfer imgreg_4dfp.c
/opt/freesurfer/average/711-2C_as_mni_average_305.4dfp.img
       256       256       256         1
  1.000000  1.000000  1.000000
orientation T byte_order littleendian
Reading image: /opt/freesurfer/average/711-2C_as_mni_average_305.4dfp.img
dimensions:      256       256       256
mmppix:       1.0000   -1.0000   -1.0000
center:     128.0000 -129.0000 -129.0000
/opt/freesurfer/average/711-2B_as_mni_average_305_mask.4dfp.img
       256       256       256         1
  1.000000  1.000000  1.000000
orientation T byte_order littleendian
Reading mask: /opt/freesurfer/average/711-2B_as_mni_average_305_mask.4dfp.img (2306576 pixels)
talsrcimg_g11.4dfp.img
       256       256       256         1
  1.000000  1.000000  1.000000
orientation T byte_order littleendian
Reading image: talsrcimg_g11.4dfp.img
dimensions:      256       256       256
mmppix:       1.0000   -1.0000   -1.0000
center:     128.0000 -129.0000 -129.0000
rotation matrix determinant  1.000000
image alignment mode   4355 decimal     1103 hex
   -7.5000  -45.0000  -45.0000 2162.7961   23.6228
    0.0000  -45.0000  -45.0000 2171.4087   23.5490
    7.5000  -45.0000  -45.0000 2155.1677   23.8856
   -7.5000  -37.5000  -45.0000 2185.8477   22.9223
    0.0000  -37.5000  -45.0000 2193.0146   22.9010
    7.5000  -37.5000  -45.0000 2177.5962   23.2338
   -7.5000  -30.0000  -45.0000 2218.4568   22.3506
    0.0000  -30.0000  -45.0000 2228.2629   22.4187
    7.5000  -30.0000  -45.0000 2203.3997   22.6896
   -7.5000  -22.5000  -45.0000 2257.1458   21.9870
    0.0000  -22.5000  -45.0000 2260.8528   22.0534
    7.5000  -22.5000  -45.0000 2233.4800   22.3305
   -7.5000  -15.0000  -45.0000 2271.5298   21.6890
    0.0000  -15.0000  -45.0000 2280.6689   21.7357
    7.5000  -15.0000  -45.0000 2248.7585   21.9688
   -7.5000   -7.5000  -45.0000 2286.4082   21.5390
    0.0000   -7.5000  -45.0000 2294.6401   21.5601
    7.5000   -7.5000  -45.0000 2262.5635   21.7564
   -7.5000    0.0000  -45.0000 2273.4326   21.4685
    0.0000    0.0000  -45.0000 2283.1860   21.4869
    7.5000    0.0000  -45.0000 2254.2949   21.6569
   -7.5000    7.5000  -45.0000 2268.1235   21.5703
    0.0000    7.5000  -45.0000 2277.3772   21.5798
    7.5000    7.5000  -45.0000 2249.1023   21.7957
   -7.5000   15.0000  -45.0000 2249.5774   21.7874
    0.0000   15.0000  -45.0000 2263.1484   21.8194
    7.5000   15.0000  -45.0000 2234.9094   22.0577
   -7.5000   22.5000  -45.0000 2232.0823   22.3446
    0.0000   22.5000  -45.0000 2249.2466   22.3439
    7.5000   22.5000  -45.0000 2218.3848   22.6370
   -7.5000   30.0000  -45.0000 2203.3923   23.3669
    0.0000   30.0000  -45.0000 2219.2502   23.3139
    7.5000   30.0000  -45.0000 2184.2053   23.6569
   -7.5000   37.5000  -45.0000 2150.6543   24.9578
    0.0000   37.5000  -45.0000 2167.8816   24.8599
    7.5000   37.5000  -45.0000 2133.7278   25.2221
   -7.5000   45.0000  -45.0000 2073.2981   27.1364
    0.0000   45.0000  -45.0000 2093.3242   26.9677
    7.5000   45.0000  -45.0000 2058.6829   27.3908
   -7.5000  -45.0000  -37.5000 2253.8176   21.6240
    0.0000  -45.0000  -37.5000 2260.9067   21.5447
    7.5000  -45.0000  -37.5000 2247.1477   21.8513
   -7.5000  -37.5000  -37.5000 2284.0933   20.9569
    0.0000  -37.5000  -37.5000 2291.0549   20.9182
    7.5000  -37.5000  -37.5000 2273.0505   21.2104
   -7.5000  -30.0000  -37.5000 2319.9858   20.4318
    0.0000  -30.0000  -37.5000 2332.0898   20.4202
    7.5000  -30.0000  -37.5000 2303.7766   20.6947
   -7.5000  -22.5000  -37.5000 2360.1936   20.0520
    0.0000  -22.5000  -37.5000 2370.9204   20.0492
    7.5000  -22.5000  -37.5000 2338.3774   20.2887
   -7.5000  -15.0000  -37.5000 2375.6682   19.7521
    0.0000  -15.0000  -37.5000 2386.7603   19.7523
    7.5000  -15.0000  -37.5000 2353.5237   19.9885
   -7.5000   -7.5000  -37.5000 2384.6934   19.6160
    0.0000   -7.5000  -37.5000 2393.5703   19.6303
    7.5000   -7.5000  -37.5000 2362.4392   19.8191
   -7.5000    0.0000  -37.5000 2383.6812   19.6358
    0.0000    0.0000  -37.5000 2395.3447   19.6202
    7.5000    0.0000  -37.5000 2361.4634   19.8003
   -7.5000    7.5000  -37.5000 2377.7195   19.7659
    0.0000    7.5000  -37.5000 2388.7625   19.8314
    7.5000    7.5000  -37.5000 2358.6428   19.9522
   -7.5000   15.0000  -37.5000 2361.7996   20.0478
    0.0000   15.0000  -37.5000 2372.6118   20.1014
    7.5000   15.0000  -37.5000 2345.7249   20.2462
   -7.5000   22.5000  -37.5000 2340.7166   20.5960
    0.0000   22.5000  -37.5000 2356.2180   20.5869
    7.5000   22.5000  -37.5000 2322.1716   20.7870
   -7.5000   30.0000  -37.5000 2304.9602   21.5546
    0.0000   30.0000  -37.5000 2323.3225   21.4969
    7.5000   30.0000  -37.5000 2289.3870   21.7407
   -7.5000   37.5000  -37.5000 2247.0142   22.9565
    0.0000   37.5000  -37.5000 2269.9480   22.9188
    7.5000   37.5000  -37.5000 2234.4644   23.1349
   -7.5000   45.0000  -37.5000 2167.4333   24.9013
    0.0000   45.0000  -37.5000 2189.2839   24.8603
    7.5000   45.0000  -37.5000 2156.1929   25.1926
   -7.5000  -45.0000  -30.0000 2373.5637   20.5967
    0.0000  -45.0000  -30.0000 2385.5974   20.5077
    7.5000  -45.0000  -30.0000 2366.5413   20.7824
   -7.5000  -37.5000  -30.0000 2409.8625   20.0063
    0.0000  -37.5000  -30.0000 2421.8015   19.9040
    7.5000  -37.5000  -30.0000 2400.5693   20.1469
   -7.5000  -30.0000  -30.0000 2452.2849   19.4017
    0.0000  -30.0000  -30.0000 2463.4226   19.3557
    7.5000  -30.0000  -30.0000 2439.4526   19.6219
   -7.5000  -22.5000  -30.0000 2495.5952   18.9645
    0.0000  -22.5000  -30.0000 2504.6865   18.9459
    7.5000  -22.5000  -30.0000 2472.5881   19.1738
   -7.5000  -15.0000  -30.0000 2512.4338   18.6920
    0.0000  -15.0000  -30.0000 2520.1653   18.6815
    7.5000  -15.0000  -30.0000 2486.5308   18.8878
   -7.5000   -7.5000  -30.0000 2517.0000   18.5304
    0.0000   -7.5000  -30.0000 2523.8853   18.5263
    7.5000   -7.5000  -30.0000 2494.3586   18.7262
   -7.5000    0.0000  -30.0000 2526.4385   18.5585
    0.0000    0.0000  -30.0000 2540.2771   18.5048
    7.5000    0.0000  -30.0000 2501.1802   18.6972
   -7.5000    7.5000  -30.0000 2532.1387   18.7724
    0.0000    7.5000  -30.0000 2545.8174   18.7116
    7.5000    7.5000  -30.0000 2507.2693   18.8613
   -7.5000   15.0000  -30.0000 2522.9832   19.0756
    0.0000   15.0000  -30.0000 2537.8289   19.0543
    7.5000   15.0000  -30.0000 2500.3420   19.1932
   -7.5000   22.5000  -30.0000 2497.9077   19.6639
    0.0000   22.5000  -30.0000 2521.1877   19.6556
    7.5000   22.5000  -30.0000 2475.9434   19.8135
   -7.5000   30.0000  -30.0000 2456.8621   20.5991
    0.0000   30.0000  -30.0000 2484.0256   20.5799
    7.5000   30.0000  -30.0000 2439.2681   20.7247
   -7.5000   37.5000  -30.0000 2392.0486   21.9333
    0.0000   37.5000  -30.0000 2420.1445   21.9117
    7.5000   37.5000  -30.0000 2378.4495   22.0706
   -7.5000   45.0000  -30.0000 2297.0679   23.7553
    0.0000   45.0000  -30.0000 2323.0579   23.7258
    7.5000   45.0000  -30.0000 2285.9072   23.9764
   -7.5000  -45.0000  -22.5000 2470.9475   19.6960
    0.0000  -45.0000  -22.5000 2484.4297   19.5138
    7.5000  -45.0000  -22.5000 2461.3562   19.7855
   -7.5000  -37.5000  -22.5000 2509.1287   19.0641
    0.0000  -37.5000  -22.5000 2522.9546   18.9345
    7.5000  -37.5000  -22.5000 2505.1663   19.1489
   -7.5000  -30.0000  -22.5000 2551.2229   18.3932
    0.0000  -30.0000  -22.5000 2564.7849   18.3240
    7.5000  -30.0000  -22.5000 2541.8103   18.5755
   -7.5000  -22.5000  -22.5000 2596.9343   17.8759
    0.0000  -22.5000  -22.5000 2609.4795   17.8477
    7.5000  -22.5000  -22.5000 2576.1841   18.0573
   -7.5000  -15.0000  -22.5000 2616.5776   17.5511
    0.0000  -15.0000  -22.5000 2627.3691   17.5024
    7.5000  -15.0000  -22.5000 2597.1462   17.7153
   -7.5000   -7.5000  -22.5000 2622.8145   17.4074
    0.0000   -7.5000  -22.5000 2635.4602   17.3865
    7.5000   -7.5000  -22.5000 2609.1355   17.5698
   -7.5000    0.0000  -22.5000 2637.4653   17.4692
    0.0000    0.0000  -22.5000 2652.0974   17.4038
    7.5000    0.0000  -22.5000 2621.6587   17.5568
   -7.5000    7.5000  -22.5000 2653.8035   17.6088
    0.0000    7.5000  -22.5000 2675.0908   17.5778
    7.5000    7.5000  -22.5000 2633.7266   17.7234
   -7.5000   15.0000  -22.5000 2652.0801   17.9244
    0.0000   15.0000  -22.5000 2674.2488   17.9144
    7.5000   15.0000  -22.5000 2632.9043   18.0410
   -7.5000   22.5000  -22.5000 2630.1846   18.5608
    0.0000   22.5000  -22.5000 2660.9465   18.5604
    7.5000   22.5000  -22.5000 2613.1101   18.7138
   -7.5000   30.0000  -22.5000 2584.9177   19.5456
    0.0000   30.0000  -22.5000 2616.6611   19.5200
    7.5000   30.0000  -22.5000 2567.4702   19.6719
   -7.5000   37.5000  -22.5000 2504.7463   20.8275
    0.0000   37.5000  -22.5000 2538.0818   20.7770
    7.5000   37.5000  -22.5000 2495.1433   20.9456
   -7.5000   45.0000  -22.5000 2399.1975   22.5498
    0.0000   45.0000  -22.5000 2422.7439   22.4893
    7.5000   45.0000  -22.5000 2389.2444   22.6935
   -7.5000  -45.0000  -15.0000 2538.6174   18.8944
    0.0000  -45.0000  -15.0000 2554.6865   18.7026
    7.5000  -45.0000  -15.0000 2529.4504   18.9926
   -7.5000  -37.5000  -15.0000 2582.5066   18.2282
    0.0000  -37.5000  -15.0000 2599.4856   18.0086
    7.5000  -37.5000  -15.0000 2577.0093   18.2987
   -7.5000  -30.0000  -15.0000 2617.3701   17.5433
    0.0000  -30.0000  -15.0000 2632.1116   17.4007
    7.5000  -30.0000  -15.0000 2611.3252   17.6554
   -7.5000  -22.5000  -15.0000 2655.3235   16.9833
    0.0000  -22.5000  -15.0000 2671.7112   16.9073
    7.5000  -22.5000  -15.0000 2641.7437   17.1361
   -7.5000  -15.0000  -15.0000 2683.2488   16.5776
    0.0000  -15.0000  -15.0000 2699.2339   16.5373
    7.5000  -15.0000  -15.0000 2670.6011   16.7498
   -7.5000   -7.5000  -15.0000 2709.3372   16.4082
    0.0000   -7.5000  -15.0000 2724.8745   16.3498
    7.5000   -7.5000  -15.0000 2697.3083   16.5565
   -7.5000    0.0000  -15.0000 2727.4119   16.4701
    0.0000    0.0000  -15.0000 2746.1396   16.4396
    7.5000    0.0000  -15.0000 2714.3655   16.5754
   -7.5000    7.5000  -15.0000 2750.9709   16.6090
    0.0000    7.5000  -15.0000 2774.7341   16.5844
    7.5000    7.5000  -15.0000 2729.2888   16.7408
   -7.5000   15.0000  -15.0000 2750.9451   16.9085
    0.0000   15.0000  -15.0000 2776.1421   16.8868
    7.5000   15.0000  -15.0000 2728.7947   17.0192
   -7.5000   22.5000  -15.0000 2731.5920   17.5391
    0.0000   22.5000  -15.0000 2761.4519   17.4779
    7.5000   22.5000  -15.0000 2713.5261   17.6163
   -7.5000   30.0000  -15.0000 2673.2148   18.5070
    0.0000   30.0000  -15.0000 2705.2417   18.4267
    7.5000   30.0000  -15.0000 2662.0146   18.5703
   -7.5000   37.5000  -15.0000 2586.1868   19.7761
    0.0000   37.5000  -15.0000 2615.6162   19.7257
    7.5000   37.5000  -15.0000 2578.6506   19.8849
   -7.5000   45.0000  -15.0000 2474.8120   21.4797
    0.0000   45.0000  -15.0000 2498.6951   21.4312
    7.5000   45.0000  -15.0000 2466.8003   21.6028
   -7.5000  -45.0000   -7.5000 2587.2957   18.3040
    0.0000  -45.0000   -7.5000 2598.5427   18.0471
    7.5000  -45.0000   -7.5000 2577.9500   18.3690
   -7.5000  -37.5000   -7.5000 2630.5024   17.5116
    0.0000  -37.5000   -7.5000 2645.6555   17.2722
    7.5000  -37.5000   -7.5000 2618.9106   17.5480
   -7.5000  -30.0000   -7.5000 2660.3579   16.7562
    0.0000  -30.0000   -7.5000 2672.7925   16.5509
    7.5000  -30.0000   -7.5000 2652.4023   16.8625
   -7.5000  -22.5000   -7.5000 2693.4004   16.1730
    0.0000  -22.5000   -7.5000 2709.8130   16.0247
    7.5000  -22.5000   -7.5000 2683.6172   16.3447
   -7.5000  -15.0000   -7.5000 2729.1753   15.7584
    0.0000  -15.0000   -7.5000 2747.1072   15.6505
    7.5000  -15.0000   -7.5000 2721.2224   15.9450
   -7.5000   -7.5000   -7.5000 2777.2190   15.5782
    0.0000   -7.5000   -7.5000 2793.9497   15.4832
    7.5000   -7.5000   -7.5000 2763.9897   15.7213
   -7.5000    0.0000   -7.5000 2812.5544   15.6340
    0.0000    0.0000   -7.5000 2833.9119   15.5423
    7.5000    0.0000   -7.5000 2795.0713   15.7551
   -7.5000    7.5000   -7.5000 2839.7825   15.7841
    0.0000    7.5000   -7.5000 2872.0981   15.7429
    7.5000    7.5000   -7.5000 2819.4614   15.9460
   -7.5000   15.0000   -7.5000 2844.1685   16.1100
    0.0000   15.0000   -7.5000 2875.4094   16.0623
    7.5000   15.0000   -7.5000 2818.0635   16.2438
   -7.5000   22.5000   -7.5000 2813.6963   16.6431
    0.0000   22.5000   -7.5000 2844.7935   16.5699
    7.5000   22.5000   -7.5000 2797.2168   16.7540
   -7.5000   30.0000   -7.5000 2741.3582   17.5845
    0.0000   30.0000   -7.5000 2773.7803   17.4826
    7.5000   30.0000   -7.5000 2735.3247   17.6568
   -7.5000   37.5000   -7.5000 2639.8679   18.8907
    0.0000   37.5000   -7.5000 2668.8853   18.7997
    7.5000   37.5000   -7.5000 2636.1636   19.0053
   -7.5000   45.0000   -7.5000 2517.5767   20.6590
    0.0000   45.0000   -7.5000 2543.9607   20.5789
    7.5000   45.0000   -7.5000 2509.8794   20.8152
   -7.5000  -45.0000    0.0000 2617.1023   17.8436
    0.0000  -45.0000    0.0000 2639.4297   17.5820
    7.5000  -45.0000    0.0000 2601.3845   17.8958
   -7.5000  -37.5000    0.0000 2655.1963   16.9650
    0.0000  -37.5000    0.0000 2674.6516   16.6848
    7.5000  -37.5000    0.0000 2643.3123   16.9994
   -7.5000  -30.0000    0.0000 2684.0466   16.2136
    0.0000  -30.0000    0.0000 2697.1160   15.9264
    7.5000  -30.0000    0.0000 2677.0417   16.3127
   -7.5000  -22.5000    0.0000 2718.5466   15.6615
    0.0000  -22.5000    0.0000 2737.2205   15.3726
    7.5000  -22.5000    0.0000 2713.3765   15.7941
   -7.5000  -15.0000    0.0000 2759.7483   15.2659
    0.0000  -15.0000    0.0000 2782.4121   15.0362
    7.5000  -15.0000    0.0000 2749.5908   15.4032
   -7.5000   -7.5000    0.0000 2814.8486   15.0996
    0.0000   -7.5000    0.0000 2838.7893   14.8992
    7.5000   -7.5000    0.0000 2801.1448   15.1996
   -7.5000    0.0000    0.0000 2867.5781   15.1421
    0.0000    0.0000    0.0000 2899.8447   14.9677
    7.5000    0.0000    0.0000 2852.4961   15.2185
   -7.5000    7.5000    0.0000 2914.6318   15.2964
    0.0000    7.5000    0.0000 2963.6074   15.1802
    7.5000    7.5000    0.0000 2893.0798   15.4197
   -7.5000   15.0000    0.0000 2923.8701   15.5888
    0.0000   15.0000    0.0000 2970.7190   15.4719
    7.5000   15.0000    0.0000 2897.8555   15.8140
   -7.5000   22.5000    0.0000 2875.5386   16.0767
    0.0000   22.5000    0.0000 2906.9246   15.9435
    7.5000   22.5000    0.0000 2858.4053   16.2847
   -7.5000   30.0000    0.0000 2784.7239   16.9542
    0.0000   30.0000    0.0000 2817.5330   16.8487
    7.5000   30.0000    0.0000 2780.4343   17.1134
   -7.5000   37.5000    0.0000 2673.0918   18.2993
    0.0000   37.5000    0.0000 2703.6421   18.1996
    7.5000   37.5000    0.0000 2668.7129   18.4375
   -7.5000   45.0000    0.0000 2546.4875   20.0955
    0.0000   45.0000    0.0000 2572.9219   20.0099
    7.5000   45.0000    0.0000 2534.7954   20.2679
   -7.5000  -45.0000    7.5000 2619.9463   17.5951
    0.0000  -45.0000    7.5000 2647.0891   17.2429
    7.5000  -45.0000    7.5000 2603.6416   17.6029
   -7.5000  -37.5000    7.5000 2660.2568   16.6312
    0.0000  -37.5000    7.5000 2679.5020   16.3126
    7.5000  -37.5000    7.5000 2641.9763   16.6140
   -7.5000  -30.0000    7.5000 2686.9280   15.9000
    0.0000  -30.0000    7.5000 2704.4580   15.5869
    7.5000  -30.0000    7.5000 2679.1118   15.9601
   -7.5000  -22.5000    7.5000 2731.2446   15.3323
    0.0000  -22.5000    7.5000 2751.8252   15.0527
    7.5000  -22.5000    7.5000 2723.5774   15.4434
   -7.5000  -15.0000    7.5000 2774.9402   14.9654
    0.0000  -15.0000    7.5000 2797.7117   14.7137
    7.5000  -15.0000    7.5000 2768.6353   15.0994
   -7.5000   -7.5000    7.5000 2829.9016   14.8436
    0.0000   -7.5000    7.5000 2861.4629   14.5642
    7.5000   -7.5000    7.5000 2823.7456   14.9466
   -7.5000    0.0000    7.5000 2884.3601   14.8854
    0.0000    0.0000    7.5000 2929.3184   14.6258
    7.5000    0.0000    7.5000 2881.2437   14.9815
   -7.5000    7.5000    7.5000 2944.3337   15.0895
    0.0000    7.5000    7.5000 3015.4585   14.8872
    7.5000    7.5000    7.5000 2936.4548   15.2011
   -7.5000   15.0000    7.5000 2966.0212   15.4665
    0.0000   15.0000    7.5000 3039.7146   15.2723
    7.5000   15.0000    7.5000 2943.2500   15.6168
   -7.5000   22.5000    7.5000 2906.1023   15.9295
    0.0000   22.5000    7.5000 2954.2761   15.7785
    7.5000   22.5000    7.5000 2893.2207   16.1217
   -7.5000   30.0000    7.5000 2807.3960   16.6764
    0.0000   30.0000    7.5000 2842.3149   16.5777
    7.5000   30.0000    7.5000 2796.5813   16.8712
   -7.5000   37.5000    7.5000 2688.0710   17.9609
    0.0000   37.5000    7.5000 2717.9529   17.8954
    7.5000   37.5000    7.5000 2683.4705   18.1011
   -7.5000   45.0000    7.5000 2555.8892   19.7117
    0.0000   45.0000    7.5000 2579.5215   19.6306
    7.5000   45.0000    7.5000 2553.1152   19.8637
   -7.5000  -45.0000   15.0000 2589.8767   17.5750
    0.0000  -45.0000   15.0000 2617.6851   17.2291
    7.5000  -45.0000   15.0000 2575.4490   17.5289
   -7.5000  -37.5000   15.0000 2638.4299   16.5904
    0.0000  -37.5000   15.0000 2663.5588   16.2042
    7.5000  -37.5000   15.0000 2623.4417   16.5363
   -7.5000  -30.0000   15.0000 2671.8181   15.8267
    0.0000  -30.0000   15.0000 2698.9868   15.5021
    7.5000  -30.0000   15.0000 2666.0728   15.8714
   -7.5000  -22.5000   15.0000 2716.4534   15.2985
    0.0000  -22.5000   15.0000 2743.4639   14.9983
    7.5000  -22.5000   15.0000 2719.3665   15.3645
   -7.5000  -15.0000   15.0000 2765.3655   14.9684
    0.0000  -15.0000   15.0000 2792.3171   14.7114
    7.5000  -15.0000   15.0000 2770.9141   15.0724
   -7.5000   -7.5000   15.0000 2815.9160   14.8783
    0.0000   -7.5000   15.0000 2850.6541   14.6256
    7.5000   -7.5000   15.0000 2821.0535   14.9666
   -7.5000    0.0000   15.0000 2872.2639   14.9255
    0.0000    0.0000   15.0000 2914.3679   14.6647
    7.5000    0.0000   15.0000 2873.5366   14.9732
   -7.5000    7.5000   15.0000 2930.1331   15.0972
    0.0000    7.5000   15.0000 2988.3269   14.8507
    7.5000    7.5000   15.0000 2925.8516   15.1637
   -7.5000   15.0000   15.0000 2934.5938   15.5007
    0.0000   15.0000   15.0000 2994.3936   15.2893
    7.5000   15.0000   15.0000 2931.1548   15.5656
   -7.5000   22.5000   15.0000 2880.4917   16.0898
    0.0000   22.5000   15.0000 2926.8210   15.9370
    7.5000   22.5000   15.0000 2874.6689   16.1439
   -7.5000   30.0000   15.0000 2795.0146   16.8279
    0.0000   30.0000   15.0000 2825.8162   16.7333
    7.5000   30.0000   15.0000 2783.6074   16.9503
   -7.5000   37.5000   15.0000 2672.8164   17.9970
    0.0000   37.5000   15.0000 2699.7742   17.9212
    7.5000   37.5000   15.0000 2668.2109   18.1495
   -7.5000   45.0000   15.0000 2539.8206   19.5896
    0.0000   45.0000   15.0000 2565.8000   19.5188
    7.5000   45.0000   15.0000 2538.9009   19.7350
   -7.5000  -45.0000   22.5000 2551.8931   17.7617
    0.0000  -45.0000   22.5000 2577.0024   17.3862
    7.5000  -45.0000   22.5000 2550.6946   17.7066
   -7.5000  -37.5000   22.5000 2601.0530   16.7843
    0.0000  -37.5000   22.5000 2631.6021   16.3877
    7.5000  -37.5000   22.5000 2600.6375   16.7207
   -7.5000  -30.0000   22.5000 2645.5413   16.1088
    0.0000  -30.0000   22.5000 2679.3101   15.7512
    7.5000  -30.0000   22.5000 2644.2246   16.0778
   -7.5000  -22.5000   22.5000 2690.3591   15.5947
    0.0000  -22.5000   22.5000 2719.9216   15.3215
    7.5000  -22.5000   22.5000 2694.1953   15.6130
   -7.5000  -15.0000   22.5000 2739.3225   15.3116
    0.0000  -15.0000   22.5000 2769.9819   15.0781
    7.5000  -15.0000   22.5000 2744.6279   15.3200
   -7.5000   -7.5000   22.5000 2784.4497   15.2332
    0.0000   -7.5000   22.5000 2819.8989   14.9709
    7.5000   -7.5000   22.5000 2792.1433   15.1893
   -7.5000    0.0000   22.5000 2829.0859   15.2574
    0.0000    0.0000   22.5000 2870.4836   14.9728
    7.5000    0.0000   22.5000 2835.0776   15.2280
   -7.5000    7.5000   22.5000 2867.4939   15.4115
    0.0000    7.5000   22.5000 2913.9575   15.1255
    7.5000    7.5000   22.5000 2875.5728   15.4086
   -7.5000   15.0000   22.5000 2869.1914   15.7769
    0.0000   15.0000   22.5000 2917.0923   15.5752
    7.5000   15.0000   22.5000 2875.7024   15.7957
   -7.5000   22.5000   22.5000 2818.9285   16.4055
    0.0000   22.5000   22.5000 2863.7703   16.2443
    7.5000   22.5000   22.5000 2822.3306   16.4562
   -7.5000   30.0000   22.5000 2742.4519   17.2818
    0.0000   30.0000   22.5000 2776.3752   17.1436
    7.5000   30.0000   22.5000 2739.8782   17.3214
   -7.5000   37.5000   22.5000 2630.0718   18.4603
    0.0000   37.5000   22.5000 2659.1658   18.3520
    7.5000   37.5000   22.5000 2628.5024   18.5444
   -7.5000   45.0000   22.5000 2507.4268   19.9146
    0.0000   45.0000   22.5000 2532.4602   19.8541
    7.5000   45.0000   22.5000 2509.7058   20.0320
   -7.5000  -45.0000   30.0000 2496.8127   18.2475
    0.0000  -45.0000   30.0000 2526.3950   17.9014
    7.5000  -45.0000   30.0000 2506.2361   18.1617
   -7.5000  -37.5000   30.0000 2553.5583   17.3099
    0.0000  -37.5000   30.0000 2582.1592   16.9527
    7.5000  -37.5000   30.0000 2559.9622   17.1796
   -7.5000  -30.0000   30.0000 2598.6624   16.6304
    0.0000  -30.0000   30.0000 2632.2637   16.3080
    7.5000  -30.0000   30.0000 2606.2805   16.5438
   -7.5000  -22.5000   30.0000 2649.1838   16.1681
    0.0000  -22.5000   30.0000 2684.9067   15.8788
    7.5000  -22.5000   30.0000 2656.9727   16.0890
   -7.5000  -15.0000   30.0000 2691.9331   15.9115
    0.0000  -15.0000   30.0000 2732.2627   15.6353
    7.5000  -15.0000   30.0000 2704.3445   15.8525
   -7.5000   -7.5000   30.0000 2741.4111   15.8259
    0.0000   -7.5000   30.0000 2784.6572   15.5408
    7.5000   -7.5000   30.0000 2753.0759   15.7407
   -7.5000    0.0000   30.0000 2778.1335   15.8531
    0.0000    0.0000   30.0000 2823.9653   15.5331
    7.5000    0.0000   30.0000 2789.1536   15.7623
   -7.5000    7.5000   30.0000 2801.2173   16.0130
    0.0000    7.5000   30.0000 2842.8362   15.7199
    7.5000    7.5000   30.0000 2813.4377   15.9683
   -7.5000   15.0000   30.0000 2785.8364   16.3933
    0.0000   15.0000   30.0000 2832.5205   16.1920
    7.5000   15.0000   30.0000 2794.9395   16.4003
   -7.5000   22.5000   30.0000 2736.2239   17.0323
    0.0000   22.5000   30.0000 2776.8481   16.8295
    7.5000   22.5000   30.0000 2738.7710   17.0182
   -7.5000   30.0000   30.0000 2666.7715   17.8793
    0.0000   30.0000   30.0000 2700.3711   17.7040
    7.5000   30.0000   30.0000 2669.6650   17.9053
   -7.5000   37.5000   30.0000 2567.5347   19.1010
    0.0000   37.5000   30.0000 2598.2083   18.9730
    7.5000   37.5000   30.0000 2567.8269   19.1710
   -7.5000   45.0000   30.0000 2447.9866   20.5999
    0.0000   45.0000   30.0000 2481.1150   20.5005
    7.5000   45.0000   30.0000 2455.4751   20.6691
   -7.5000  -45.0000   37.5000 2445.6887   19.0404
    0.0000  -45.0000   37.5000 2474.6472   18.7117
    7.5000  -45.0000   37.5000 2450.9990   18.8946
   -7.5000  -37.5000   37.5000 2501.0347   18.0712
    0.0000  -37.5000   37.5000 2532.8196   17.6899
    7.5000  -37.5000   37.5000 2508.1450   17.8417
   -7.5000  -30.0000   37.5000 2550.1030   17.3685
    0.0000  -30.0000   37.5000 2581.9407   17.0487
    7.5000  -30.0000   37.5000 2556.5588   17.2218
   -7.5000  -22.5000   37.5000 2595.1289   16.9087
    0.0000  -22.5000   37.5000 2627.7214   16.6403
    7.5000  -22.5000   37.5000 2605.5488   16.8401
   -7.5000  -15.0000   37.5000 2641.6516   16.6558
    0.0000  -15.0000   37.5000 2676.3740   16.4397
    7.5000  -15.0000   37.5000 2651.6711   16.6357
   -7.5000   -7.5000   37.5000 2687.0916   16.6147
    0.0000   -7.5000   37.5000 2726.3533   16.3526
    7.5000   -7.5000   37.5000 2694.8682   16.5297
   -7.5000    0.0000   37.5000 2711.0305   16.7090
    0.0000    0.0000   37.5000 2753.5085   16.4295
    7.5000    0.0000   37.5000 2722.6370   16.5942
   -7.5000    7.5000   37.5000 2725.8591   16.9105
    0.0000    7.5000   37.5000 2766.3015   16.6719
    7.5000    7.5000   37.5000 2735.7419   16.8411
   -7.5000   15.0000   37.5000 2699.4790   17.3037
    0.0000   15.0000   37.5000 2741.8484   17.1358
    7.5000   15.0000   37.5000 2710.4036   17.2856
   -7.5000   22.5000   37.5000 2646.0925   17.8825
    0.0000   22.5000   37.5000 2681.6360   17.7043
    7.5000   22.5000   37.5000 2656.8369   17.8544
   -7.5000   30.0000   37.5000 2579.7700   18.7403
    0.0000   30.0000   37.5000 2610.8323   18.5765
    7.5000   30.0000   37.5000 2585.3523   18.7216
   -7.5000   37.5000   37.5000 2492.5945   19.9896
    0.0000   37.5000   37.5000 2518.4646   19.8710
    7.5000   37.5000   37.5000 2493.3254   20.0382
   -7.5000   45.0000   37.5000 2382.7532   21.5168
    0.0000   45.0000   37.5000 2406.0347   21.3825
    7.5000   45.0000   37.5000 2386.1711   21.5606
   -7.5000  -45.0000   45.0000 2378.7166   20.1356
    0.0000  -45.0000   45.0000 2404.8997   19.8067
    7.5000  -45.0000   45.0000 2382.0188   19.9479
   -7.5000  -37.5000   45.0000 2435.3755   19.0916
    0.0000  -37.5000   45.0000 2466.6450   18.7173
    7.5000  -37.5000   45.0000 2441.1934   18.8733
   -7.5000  -30.0000   45.0000 2483.7188   18.3987
    0.0000  -30.0000   45.0000 2516.7676   18.0919
    7.5000  -30.0000   45.0000 2492.7190   18.2357
   -7.5000  -22.5000   45.0000 2534.0378   17.9285
    0.0000  -22.5000   45.0000 2559.5730   17.6283
    7.5000  -22.5000   45.0000 2540.0945   17.8109
   -7.5000  -15.0000   45.0000 2573.2625   17.6392
    0.0000  -15.0000   45.0000 2605.9329   17.4055
    7.5000  -15.0000   45.0000 2584.1042   17.6109
   -7.5000   -7.5000   45.0000 2609.5129   17.6049
    0.0000   -7.5000   45.0000 2647.8542   17.3870
    7.5000   -7.5000   45.0000 2619.7710   17.5640
   -7.5000    0.0000   45.0000 2628.5481   17.7692
    0.0000    0.0000   45.0000 2662.6372   17.5370
    7.5000    0.0000   45.0000 2638.9692   17.6999
   -7.5000    7.5000   45.0000 2635.7671   18.0383
    0.0000    7.5000   45.0000 2665.5847   17.8777
    7.5000    7.5000   45.0000 2641.1428   18.0040
   -7.5000   15.0000   45.0000 2610.8171   18.4406
    0.0000   15.0000   45.0000 2644.7192   18.3085
    7.5000   15.0000   45.0000 2619.3572   18.4798
   -7.5000   22.5000   45.0000 2559.9873   19.0174
    0.0000   22.5000   45.0000 2592.9307   18.8737
    7.5000   22.5000   45.0000 2563.8020   19.0476
   -7.5000   30.0000   45.0000 2491.4565   19.8851
    0.0000   30.0000   45.0000 2520.3206   19.7791
    7.5000   30.0000   45.0000 2492.5776   19.9158
   -7.5000   37.5000   45.0000 2406.9810   21.1242
    0.0000   37.5000   45.0000 2434.5059   21.0386
    7.5000   37.5000   45.0000 2407.1055   21.1589
   -7.5000   45.0000   45.0000 2303.6826   22.6749
    0.0000   45.0000   45.0000 2319.7163   22.5821
    7.5000   45.0000   45.0000 2302.3618   22.7334

---------------------------------------------------------------------
imgreg_4dfp /opt/freesurfer/average/711-2C_as_mni_average_305 /opt/freesurfer/average/711-2B_as_mni_average_305_mask talsrcimg_g11 none talsrcimg_to_711-2C_as_mni_average_305_t4 1283
---------------------------------------------------------------------

freesurfer imgreg_4dfp.c
/opt/freesurfer/average/711-2C_as_mni_average_305.4dfp.img
       256       256       256         1
  1.000000  1.000000  1.000000
orientation T byte_order littleendian
Reading image: /opt/freesurfer/average/711-2C_as_mni_average_305.4dfp.img
dimensions:      256       256       256
mmppix:       1.0000   -1.0000   -1.0000
center:     128.0000 -129.0000 -129.0000
/opt/freesurfer/average/711-2B_as_mni_average_305_mask.4dfp.img
       256       256       256         1
  1.000000  1.000000  1.000000
orientation T byte_order littleendian
Reading mask: /opt/freesurfer/average/711-2B_as_mni_average_305_mask.4dfp.img (2306576 pixels)
talsrcimg_g11.4dfp.img
       256       256       256         1
  1.000000  1.000000  1.000000
orientation T byte_order littleendian
Reading image: talsrcimg_g11.4dfp.img
dimensions:      256       256       256
mmppix:       1.0000   -1.0000   -1.0000
center:     128.0000 -129.0000 -129.0000
rotation matrix determinant  1.000000
fimgreg.f
image alignment mode   1283 decimal      503 hex
parameters
    0.0000   15.0000    7.5000    0.0000    0.0000    0.0000
eta,q 0.95472 15.24032
niter,ni,del,rscale     5    3   12.0000    1.2000
parameters
   -0.3633   12.9266    8.4700    2.3859   -1.8350   -0.7880
eta,q 0.95829 15.21693
  0.0666  0.0527  0.0624  0.0559  0.0470  0.0487
  0.0571  0.0464  0.0538  0.0532  0.0429  0.0445
  0.0509  0.0451  0.0471  0.0491  0.0419  0.0421
  0.0488  0.0486  0.0449  0.0450  0.0430  0.0419
  0.0520  0.0532  0.0456  0.0430  0.0461  0.0438
  0.0606  0.0583  0.0487  0.0443  0.0517  0.0478
  0.0714  0.0649  0.0533  0.0476  0.0587  0.0534
niter,ni,del,rscale     4    3   12.0000    1.2000
parameters
   -0.1963   12.3589    8.9923    2.7654   -1.6137   -1.0001
eta,q 0.95873 15.21490
  0.0656  0.0575  0.0562  0.0530  0.0538  0.0500
  0.0546  0.0476  0.0487  0.0478  0.0467  0.0455
  0.0459  0.0421  0.0431  0.0432  0.0426  0.0423
  0.0417  0.0417  0.0412  0.0414  0.0413  0.0413
  0.0440  0.0468  0.0429  0.0424  0.0425  0.0427
  0.0524  0.0545  0.0466  0.0460  0.0458  0.0461
  0.0638  0.0616  0.0511  0.0504  0.0518  0.0515
niter,ni,del,rscale     3    3   12.0000    1.2000
parameters
   -0.1886   12.1775    9.1626    2.9844   -1.5827   -1.0796
eta,q 0.95870 15.21775
  0.0645  0.0600  0.0545  0.0526  0.0532  0.0504
  0.0536  0.0497  0.0473  0.0470  0.0463  0.0459
  0.0452  0.0430  0.0424  0.0428  0.0425  0.0426
  0.0413  0.0413  0.0412  0.0413  0.0413  0.0413
  0.0442  0.0451  0.0434  0.0427  0.0429  0.0426
  0.0532  0.0530  0.0473  0.0463  0.0463  0.0459
  0.0649  0.0606  0.0521  0.0508  0.0527  0.0511
niter,ni,del,rscale     2    3   12.0000    1.2000
parameters
   -0.1765   12.0985    9.2378    3.0743   -1.5783   -1.1098
eta,q 0.95867 15.21986
  0.0645  0.0607  0.0540  0.0523  0.0532  0.0505
  0.0537  0.0504  0.0470  0.0465  0.0463  0.0461
  0.0452  0.0434  0.0424  0.0426  0.0426  0.0427
  0.0413  0.0413  0.0413  0.0413  0.0413  0.0413
  0.0442  0.0446  0.0436  0.0430  0.0430  0.0425
  0.0532  0.0525  0.0475  0.0465  0.0465  0.0459
  0.0649  0.0604  0.0523  0.0512  0.0529  0.0510
niter,ni,del,rscale     1    3   12.0000    1.2000
parameters
   -0.1663   12.0632    9.2696    3.1129   -1.5797   -1.1225
eta,q 0.95865 15.22093
  0.0645  0.0610  0.0538  0.0521  0.0532  0.0506
  0.0537  0.0507  0.0469  0.0463  0.0464  0.0461
  0.0453  0.0435  0.0424  0.0426  0.0426  0.0428
  0.0413  0.0413  0.0413  0.0413  0.0413  0.0413
  0.0443  0.0444  0.0437  0.0431  0.0430  0.0425
  0.0532  0.0523  0.0476  0.0466  0.0465  0.0459
  0.0649  0.0604  0.0525  0.0513  0.0530  0.0510
registration optimization eta report
parameter search radius
    6.0000    6.0000    6.0000    6.0000    6.0000    6.0000
100000*second partial in parameter space
       63.       53.       32.       28.       32.       26.
  0.0645  0.0610  0.0538  0.0521  0.0532  0.0506
  0.0537  0.0507  0.0469  0.0463  0.0464  0.0461
  0.0453  0.0435  0.0424  0.0426  0.0426  0.0428
  0.0413  0.0413  0.0413  0.0413  0.0413  0.0413
  0.0443  0.0444  0.0437  0.0431  0.0430  0.0425
  0.0532  0.0523  0.0476  0.0466  0.0465  0.0459
  0.0649  0.0604  0.0525  0.0513  0.0530  0.0510
   -0.1663   12.0632    9.2696    3.1129   -1.5797   -1.1225
eta,q 0.95865 15.22093

---------------------------------------------------------------------
imgreg_4dfp /opt/freesurfer/average/711-2C_as_mni_average_305 /opt/freesurfer/average/711-2B_as_mni_average_305_mask talsrcimg_g11 none talsrcimg_to_711-2C_as_mni_average_305_t4 3335
---------------------------------------------------------------------

freesurfer imgreg_4dfp.c
/opt/freesurfer/average/711-2C_as_mni_average_305.4dfp.img
       256       256       256         1
  1.000000  1.000000  1.000000
orientation T byte_order littleendian
Reading image: /opt/freesurfer/average/711-2C_as_mni_average_305.4dfp.img
dimensions:      256       256       256
mmppix:       1.0000   -1.0000   -1.0000
center:     128.0000 -129.0000 -129.0000
/opt/freesurfer/average/711-2B_as_mni_average_305_mask.4dfp.img
       256       256       256         1
  1.000000  1.000000  1.000000
orientation T byte_order littleendian
Reading mask: /opt/freesurfer/average/711-2B_as_mni_average_305_mask.4dfp.img (2306576 pixels)
talsrcimg_g11.4dfp.img
       256       256       256         1
  1.000000  1.000000  1.000000
orientation T byte_order littleendian
Reading image: talsrcimg_g11.4dfp.img
dimensions:      256       256       256
mmppix:       1.0000   -1.0000   -1.0000
center:     128.0000 -129.0000 -129.0000
fimgreg.f
image alignment mode   3335 decimal      D07 hex
parameters
   -0.1663   12.0632    9.2696   -0.0572   -0.1696   -0.1855
    2.1057    2.6457   -1.9582   -5.4833   -2.7567    5.4283
eta,q 0.95992 15.15043
niter,ni,del,rscale     5    3    5.0000    1.2000
parameter  4  1.312407 ->  0.500000 qaram    1.1500
parameter  5  0.853337 ->  0.500000 qaram    1.1500
parameters
   -0.1212   12.2155    9.3790   -4.1972   -4.3096   -2.4739
    2.0536    3.8847   -1.9977   -7.3775   -2.5348    2.3053
eta,q 0.96791 14.65141
  0.0446  0.0430  0.0425  0.0336  0.0331  0.0344  0.0368  0.0404  0.0349  0.0344  0.0342  0.0328
  0.0422  0.0413  0.0412  0.0345  0.0330  0.0334  0.0348  0.0371  0.0337  0.0329  0.0333  0.0322
  0.0407  0.0404  0.0404  0.0366  0.0338  0.0330  0.0335  0.0346  0.0330  0.0325  0.0327  0.0321
  0.0401  0.0401  0.0401  0.0401  0.0350  0.0332  0.0330  0.0330  0.0328  0.0328  0.0325  0.0325
  0.0405  0.0403  0.0403  0.0446  0.0366  0.0341  0.0336  0.0329  0.0330  0.0338  0.0326  0.0333
  0.0419  0.0410  0.0409  0.0496  0.0388  0.0366  0.0349  0.0342  0.0338  0.0353  0.0332  0.0344
  0.0443  0.0422  0.0421  0.0550  0.0419  0.0404  0.0369  0.0369  0.0350  0.0373  0.0340  0.0359
niter,ni,del,rscale     6    3    5.0000    1.2000
parameter  4  0.581091 ->  0.500000 qaram    1.3225
parameters
    0.0251   12.3451    8.9481   -8.9582   -5.1427   -1.8508
    2.0891    4.0544   -2.0732   -6.5978   -2.5540    1.4740
eta,q 0.96950 14.38104
  0.0374  0.0355  0.0334  0.0309  0.0335  0.0334  0.0342  0.0357  0.0329  0.0343  0.0319  0.0321
  0.0347  0.0338  0.0325  0.0307  0.0320  0.0320  0.0323  0.0331  0.0316  0.0323  0.0311  0.0311
  0.0329  0.0326  0.0320  0.0308  0.0309  0.0311  0.0310  0.0313  0.0308  0.0310  0.0307  0.0306
  0.0321  0.0321  0.0320  0.0320  0.0307  0.0306  0.0305  0.0305  0.0305  0.0305  0.0305  0.0305
  0.0324  0.0323  0.0326  0.0345  0.0315  0.0304  0.0310  0.0310  0.0308  0.0307  0.0307  0.0309
  0.0338  0.0332  0.0336  0.0388  0.0329  0.0309  0.0323  0.0326  0.0317  0.0315  0.0311  0.0318
  0.0363  0.0349  0.0349  0.0441  0.0349  0.0330  0.0341  0.0354  0.0330  0.0329  0.0319  0.0330
niter,ni,del,rscale     6    3    5.0000    1.2000
parameters
    0.1570   12.6250    8.8959  -10.8143   -5.3850   -1.9466
    1.9900    4.1394   -2.2284   -5.9609   -2.6110    1.1000
eta,q 0.96951 14.22992
  0.0352  0.0342  0.0324  0.0329  0.0337  0.0328  0.0340  0.0352  0.0327  0.0338  0.0317  0.0323
  0.0328  0.0324  0.0313  0.0313  0.0322  0.0315  0.0321  0.0327  0.0315  0.0321  0.0310  0.0313
  0.0312  0.0311  0.0306  0.0306  0.0310  0.0308  0.0309  0.0311  0.0307  0.0310  0.0307  0.0307
  0.0305  0.0305  0.0304  0.0304  0.0305  0.0305  0.0305  0.0305  0.0305  0.0305  0.0305  0.0305
  0.0308  0.0306  0.0307  0.0310  0.0310  0.0304  0.0310  0.0309  0.0308  0.0307  0.0306  0.0308
  0.0321  0.0314  0.0314  0.0331  0.0324  0.0311  0.0323  0.0324  0.0316  0.0314  0.0311  0.0316
  0.0344  0.0329  0.0325  0.0374  0.0341  0.0335  0.0341  0.0351  0.0328  0.0328  0.0318  0.0327
niter,ni,del,rscale     5    3    5.0000    1.2000
parameters
    0.1817   12.8090    8.8511  -10.9401   -5.5525   -1.9296
    1.9747    4.1638   -2.2682   -5.5793   -2.6565    0.8215
eta,q 0.96953 14.21420
  0.0346  0.0339  0.0324  0.0340  0.0336  0.0328  0.0340  0.0351  0.0327  0.0334  0.0317  0.0323
  0.0324  0.0322  0.0313  0.0320  0.0322  0.0315  0.0321  0.0326  0.0315  0.0319  0.0310  0.0313
  0.0310  0.0310  0.0306  0.0309  0.0310  0.0308  0.0309  0.0311  0.0307  0.0309  0.0306  0.0307
  0.0305  0.0305  0.0305  0.0305  0.0305  0.0305  0.0305  0.0305  0.0305  0.0305  0.0305  0.0305
  0.0309  0.0307  0.0308  0.0305  0.0309  0.0304  0.0309  0.0309  0.0308  0.0307  0.0306  0.0308
  0.0323  0.0316  0.0315  0.0317  0.0322  0.0310  0.0322  0.0325  0.0315  0.0315  0.0310  0.0315
  0.0345  0.0331  0.0325  0.0346  0.0340  0.0333  0.0340  0.0351  0.0327  0.0329  0.0317  0.0326
niter,ni,del,rscale     4    3    5.0000    1.2000
parameters
    0.1832   12.9039    8.8147  -11.0048   -5.6476   -1.9219
    1.9753    4.1665   -2.2679   -5.3712   -2.7097    0.6550
eta,q 0.96953 14.20545
  0.0345  0.0337  0.0325  0.0340  0.0336  0.0329  0.0340  0.0350  0.0327  0.0332  0.0317  0.0324
  0.0323  0.0320  0.0313  0.0320  0.0322  0.0315  0.0321  0.0326  0.0314  0.0318  0.0310  0.0313
  0.0309  0.0309  0.0306  0.0309  0.0311  0.0308  0.0309  0.0310  0.0307  0.0308  0.0306  0.0307
  0.0305  0.0305  0.0305  0.0305  0.0305  0.0305  0.0305  0.0305  0.0305  0.0305  0.0305  0.0305
  0.0309  0.0307  0.0308  0.0305  0.0309  0.0303  0.0309  0.0309  0.0308  0.0307  0.0306  0.0307
  0.0323  0.0317  0.0315  0.0316  0.0322  0.0310  0.0322  0.0325  0.0315  0.0316  0.0310  0.0315
  0.0345  0.0332  0.0325  0.0345  0.0339  0.0333  0.0339  0.0351  0.0326  0.0329  0.0317  0.0325
niter,ni,del,rscale     3    3    5.0000    1.2000
parameters
    0.1814   12.9592    8.7890  -11.0466   -5.7015   -1.9222
    1.9760    4.1657   -2.2443   -5.2421   -2.7618    0.5501
eta,q 0.96953 14.19981
  0.0345  0.0336  0.0325  0.0340  0.0336  0.0329  0.0340  0.0350  0.0326  0.0331  0.0317  0.0324
  0.0323  0.0320  0.0313  0.0320  0.0322  0.0316  0.0321  0.0326  0.0314  0.0317  0.0310  0.0314
  0.0309  0.0309  0.0306  0.0309  0.0311  0.0308  0.0309  0.0310  0.0307  0.0308  0.0306  0.0307
  0.0305  0.0305  0.0305  0.0305  0.0305  0.0305  0.0305  0.0305  0.0305  0.0305  0.0305  0.0305
  0.0309  0.0308  0.0308  0.0305  0.0308  0.0304  0.0309  0.0309  0.0307  0.0307  0.0306  0.0307
  0.0323  0.0318  0.0314  0.0316  0.0321  0.0311  0.0322  0.0324  0.0315  0.0316  0.0311  0.0314
  0.0345  0.0333  0.0325  0.0345  0.0339  0.0334  0.0339  0.0351  0.0326  0.0330  0.0318  0.0325
niter,ni,del,rscale     2    3    5.0000    1.2000
parameters
    0.1776   12.9939    8.7718  -11.0717   -5.7338   -1.9298
    1.9762    4.1594   -2.2254   -5.1685   -2.7971    0.4834
eta,q 0.96953 14.19592
  0.0345  0.0335  0.0325  0.0340  0.0336  0.0329  0.0340  0.0350  0.0326  0.0331  0.0317  0.0324
  0.0323  0.0319  0.0313  0.0320  0.0322  0.0316  0.0321  0.0326  0.0314  0.0317  0.0310  0.0314
  0.0309  0.0308  0.0307  0.0309  0.0311  0.0308  0.0309  0.0310  0.0307  0.0308  0.0306  0.0307
  0.0305  0.0305  0.0305  0.0305  0.0305  0.0305  0.0305  0.0305  0.0305  0.0305  0.0305  0.0305
  0.0309  0.0308  0.0308  0.0305  0.0308  0.0303  0.0309  0.0309  0.0307  0.0307  0.0306  0.0307
  0.0323  0.0318  0.0314  0.0316  0.0321  0.0311  0.0322  0.0324  0.0315  0.0316  0.0311  0.0314
  0.0345  0.0333  0.0325  0.0344  0.0339  0.0334  0.0339  0.0351  0.0326  0.0330  0.0318  0.0325
niter,ni,del,rscale     1    3    5.0000    1.2000
parameters
    0.1764   13.0159    8.7575  -11.0888   -5.7533   -1.9368
    1.9795    4.1548   -2.2076   -5.1127   -2.8254    0.4382
eta,q 0.96952 14.19322
  0.0345  0.0335  0.0325  0.0340  0.0336  0.0329  0.0340  0.0350  0.0326  0.0330  0.0317  0.0324
  0.0323  0.0319  0.0313  0.0320  0.0322  0.0316  0.0321  0.0326  0.0314  0.0317  0.0310  0.0314
  0.0309  0.0308  0.0307  0.0309  0.0311  0.0308  0.0309  0.0310  0.0307  0.0308  0.0306  0.0307
  0.0305  0.0305  0.0305  0.0305  0.0305  0.0305  0.0305  0.0305  0.0305  0.0305  0.0305  0.0305
  0.0309  0.0308  0.0308  0.0305  0.0308  0.0304  0.0309  0.0309  0.0307  0.0307  0.0306  0.0307
  0.0323  0.0318  0.0314  0.0316  0.0321  0.0311  0.0322  0.0324  0.0315  0.0316  0.0311  0.0314
  0.0345  0.0334  0.0325  0.0344  0.0338  0.0334  0.0339  0.0351  0.0325  0.0330  0.0318  0.0325
registration optimization eta report
parameter search radius
    2.4000    2.4000    2.4000    9.5220    8.2800    7.2000
    7.2000    7.2000    7.2000    7.2000    7.2000    7.2000
100000*second partial in parameter space
       70.       51.       35.        4.        5.        5.
        7.        9.        4.        5.        2.        4.
  0.0345  0.0335  0.0325  0.0340  0.0336  0.0329  0.0340  0.0350  0.0326  0.0330  0.0317  0.0324
  0.0323  0.0319  0.0313  0.0320  0.0322  0.0316  0.0321  0.0326  0.0314  0.0317  0.0310  0.0314
  0.0309  0.0308  0.0307  0.0309  0.0311  0.0308  0.0309  0.0310  0.0307  0.0308  0.0306  0.0307
  0.0305  0.0305  0.0305  0.0305  0.0305  0.0305  0.0305  0.0305  0.0305  0.0305  0.0305  0.0305
  0.0309  0.0308  0.0308  0.0305  0.0308  0.0304  0.0309  0.0309  0.0307  0.0307  0.0306  0.0307
  0.0323  0.0318  0.0314  0.0316  0.0321  0.0311  0.0322  0.0324  0.0315  0.0316  0.0311  0.0314
  0.0345  0.0334  0.0325  0.0344  0.0338  0.0334  0.0339  0.0351  0.0325  0.0330  0.0318  0.0325
    0.1764   13.0159    8.7575  -11.0888   -5.7533   -1.9368
    1.9795    4.1548   -2.2076   -5.1127   -2.8254    0.4382
eta,q 0.96952 14.19322

---------------------------------------------------------------------
imgreg_4dfp /opt/freesurfer/average/711-2C_as_mni_average_305 /opt/freesurfer/average/711-2B_as_mni_average_305_mask talsrcimg_g11 none talsrcimg_to_711-2C_as_mni_average_305_t4 2311
---------------------------------------------------------------------

freesurfer imgreg_4dfp.c
/opt/freesurfer/average/711-2C_as_mni_average_305.4dfp.img
       256       256       256         1
  1.000000  1.000000  1.000000
orientation T byte_order littleendian
Reading image: /opt/freesurfer/average/711-2C_as_mni_average_305.4dfp.img
dimensions:      256       256       256
mmppix:       1.0000   -1.0000   -1.0000
center:     128.0000 -129.0000 -129.0000
/opt/freesurfer/average/711-2B_as_mni_average_305_mask.4dfp.img
       256       256       256         1
  1.000000  1.000000  1.000000
orientation T byte_order littleendian
Reading mask: /opt/freesurfer/average/711-2B_as_mni_average_305_mask.4dfp.img (2306576 pixels)
talsrcimg_g11.4dfp.img
       256       256       256         1
  1.000000  1.000000  1.000000
orientation T byte_order littleendian
Reading image: talsrcimg_g11.4dfp.img
dimensions:      256       256       256
mmppix:       1.0000   -1.0000   -1.0000
center:     128.0000 -129.0000 -129.0000
fimgreg.f
image alignment mode   2311 decimal      907 hex
parameters
    0.1764   13.0159    8.7575  -11.0888   -5.7533   -1.9368
    1.9795    4.1548   -2.2076   -5.1127   -2.8254    0.4382
eta,q 0.96952 14.19323
niter,ni,del,rscale     5    3    5.0000    0.8000
parameters
    0.1769   13.0232    8.7074  -10.2353   -5.3759   -1.0469
    2.0501    4.3077   -2.1286   -5.3481   -2.8498    0.1728
eta,q 0.96970 14.33977
  0.0323  0.0319  0.0313  0.0313  0.0319  0.0316  0.0321  0.0327  0.0314  0.0314  0.0310  0.0312
  0.0313  0.0311  0.0308  0.0309  0.0312  0.0310  0.0312  0.0314  0.0308  0.0307  0.0306  0.0307
  0.0307  0.0306  0.0305  0.0306  0.0307  0.0306  0.0305  0.0306  0.0304  0.0304  0.0304  0.0304
  0.0305  0.0305  0.0305  0.0305  0.0304  0.0304  0.0303  0.0303  0.0303  0.0303  0.0303  0.0303
  0.0307  0.0306  0.0306  0.0304  0.0305  0.0303  0.0305  0.0305  0.0304  0.0305  0.0304  0.0305
  0.0313  0.0311  0.0309  0.0305  0.0309  0.0304  0.0311  0.0312  0.0307  0.0309  0.0306  0.0308
  0.0323  0.0318  0.0314  0.0309  0.0316  0.0310  0.0320  0.0324  0.0313  0.0316  0.0310  0.0314
niter,ni,del,rscale     4    3    5.0000    0.7000
parameters
    0.1990   12.9860    8.7517   -9.9265   -5.2559   -0.8161
    2.0428    4.3553   -2.1350   -5.4899   -2.9387    0.1668
eta,q 0.96974 14.38317
  0.0318  0.0313  0.0311  0.0309  0.0314  0.0311  0.0316  0.0321  0.0310  0.0311  0.0308  0.0310
  0.0310  0.0308  0.0307  0.0306  0.0309  0.0307  0.0309  0.0311  0.0306  0.0306  0.0305  0.0306
  0.0305  0.0304  0.0304  0.0304  0.0305  0.0305  0.0304  0.0305  0.0303  0.0303  0.0303  0.0303
  0.0303  0.0303  0.0303  0.0303  0.0303  0.0303  0.0303  0.0303  0.0303  0.0303  0.0303  0.0303
  0.0305  0.0304  0.0304  0.0303  0.0304  0.0302  0.0304  0.0304  0.0304  0.0304  0.0303  0.0303
  0.0309  0.0308  0.0306  0.0304  0.0307  0.0304  0.0309  0.0310  0.0306  0.0307  0.0305  0.0306
  0.0317  0.0315  0.0310  0.0308  0.0313  0.0311  0.0316  0.0320  0.0310  0.0312  0.0308  0.0310
niter,ni,del,rscale     3    3    5.0000    0.6000
parameters
    0.2105   12.9615    8.7705   -9.7262   -5.1848   -0.5194
    2.0484    4.3964   -2.1102   -5.6241   -2.9940    0.1160
eta,q 0.96978 14.41912
  0.0314  0.0310  0.0309  0.0307  0.0311  0.0309  0.0312  0.0316  0.0308  0.0308  0.0307  0.0308
  0.0308  0.0306  0.0305  0.0305  0.0307  0.0306  0.0307  0.0308  0.0305  0.0305  0.0304  0.0305
  0.0304  0.0303  0.0303  0.0304  0.0304  0.0304  0.0303  0.0304  0.0303  0.0303  0.0303  0.0303
  0.0303  0.0303  0.0303  0.0303  0.0303  0.0302  0.0302  0.0302  0.0302  0.0302  0.0302  0.0302
  0.0304  0.0304  0.0303  0.0303  0.0303  0.0302  0.0303  0.0304  0.0303  0.0303  0.0303  0.0303
  0.0307  0.0306  0.0305  0.0304  0.0306  0.0303  0.0307  0.0308  0.0305  0.0305  0.0304  0.0305
  0.0313  0.0311  0.0308  0.0307  0.0311  0.0308  0.0312  0.0316  0.0308  0.0309  0.0307  0.0308
niter,ni,del,rscale     2    3    5.0000    0.5000
parameters
    0.2177   12.9473    8.8030   -9.5147   -5.1223   -0.1952
    2.0461    4.4270   -2.1001   -5.7571   -3.1305    0.0546
eta,q 0.96982 14.45638
  0.0310  0.0308  0.0307  0.0306  0.0308  0.0307  0.0309  0.0312  0.0306  0.0306  0.0305  0.0306
  0.0306  0.0305  0.0304  0.0304  0.0305  0.0305  0.0305  0.0306  0.0304  0.0304  0.0303  0.0304
  0.0303  0.0303  0.0303  0.0303  0.0303  0.0303  0.0303  0.0303  0.0302  0.0302  0.0302  0.0302
  0.0302  0.0302  0.0302  0.0302  0.0302  0.0302  0.0302  0.0302  0.0302  0.0302  0.0302  0.0302
  0.0303  0.0303  0.0303  0.0302  0.0303  0.0301  0.0303  0.0303  0.0302  0.0302  0.0302  0.0302
  0.0306  0.0305  0.0304  0.0303  0.0305  0.0302  0.0305  0.0306  0.0304  0.0304  0.0303  0.0304
  0.0310  0.0308  0.0306  0.0305  0.0308  0.0306  0.0309  0.0312  0.0306  0.0307  0.0306  0.0306
niter,ni,del,rscale     1    3    5.0000    0.4000
parameters
    0.2172   12.9317    8.8339   -9.3328   -5.0744    0.1090
    2.0422    4.4435   -2.0739   -5.8776   -3.1407    0.0090
eta,q 0.96985 14.48812
  0.0307  0.0305  0.0305  0.0304  0.0306  0.0305  0.0306  0.0308  0.0304  0.0304  0.0304  0.0304
  0.0304  0.0303  0.0303  0.0303  0.0304  0.0304  0.0304  0.0305  0.0303  0.0303  0.0302  0.0303
  0.0302  0.0302  0.0302  0.0302  0.0302  0.0303  0.0302  0.0302  0.0302  0.0302  0.0302  0.0302
  0.0302  0.0302  0.0302  0.0302  0.0302  0.0302  0.0301  0.0301  0.0301  0.0301  0.0301  0.0301
  0.0302  0.0302  0.0302  0.0302  0.0302  0.0301  0.0302  0.0302  0.0302  0.0302  0.0302  0.0302
  0.0304  0.0304  0.0303  0.0302  0.0303  0.0302  0.0304  0.0304  0.0303  0.0303  0.0303  0.0303
  0.0307  0.0306  0.0304  0.0304  0.0306  0.0304  0.0306  0.0308  0.0304  0.0305  0.0304  0.0304
registration optimization eta report
parameter search radius
    0.8000    0.8000    0.8000    2.4000    2.4000    2.4000
    2.4000    2.4000    2.4000    2.4000    2.4000    2.4000
100000*second partial in parameter space
       80.       58.       44.        4.        7.        5.
        8.       11.        5.        5.        4.        5.
  0.0307  0.0305  0.0305  0.0304  0.0306  0.0305  0.0306  0.0308  0.0304  0.0304  0.0304  0.0304
  0.0304  0.0303  0.0303  0.0303  0.0304  0.0304  0.0304  0.0305  0.0303  0.0303  0.0302  0.0303
  0.0302  0.0302  0.0302  0.0302  0.0302  0.0303  0.0302  0.0302  0.0302  0.0302  0.0302  0.0302
  0.0302  0.0302  0.0302  0.0302  0.0302  0.0302  0.0301  0.0301  0.0301  0.0301  0.0301  0.0301
  0.0302  0.0302  0.0302  0.0302  0.0302  0.0301  0.0302  0.0302  0.0302  0.0302  0.0302  0.0302
  0.0304  0.0304  0.0303  0.0302  0.0303  0.0302  0.0304  0.0304  0.0303  0.0303  0.0303  0.0303
  0.0307  0.0306  0.0304  0.0304  0.0306  0.0304  0.0306  0.0308  0.0304  0.0305  0.0304  0.0304
    0.2172   12.9317    8.8339   -9.3328   -5.0744    0.1090
    2.0422    4.4435   -2.0739   -5.8776   -3.1407    0.0090
eta,q 0.96985 14.48812

---------------------------------------------------------------------
imgreg_4dfp /opt/freesurfer/average/711-2C_as_mni_average_305 /opt/freesurfer/average/711-2B_as_mni_average_305_mask talsrcimg_g11 none talsrcimg_to_711-2C_as_mni_average_305_t4 2311
---------------------------------------------------------------------

freesurfer imgreg_4dfp.c
/opt/freesurfer/average/711-2C_as_mni_average_305.4dfp.img
       256       256       256         1
  1.000000  1.000000  1.000000
orientation T byte_order littleendian
Reading image: /opt/freesurfer/average/711-2C_as_mni_average_305.4dfp.img
dimensions:      256       256       256
mmppix:       1.0000   -1.0000   -1.0000
center:     128.0000 -129.0000 -129.0000
/opt/freesurfer/average/711-2B_as_mni_average_305_mask.4dfp.img
       256       256       256         1
  1.000000  1.000000  1.000000
orientation T byte_order littleendian
Reading mask: /opt/freesurfer/average/711-2B_as_mni_average_305_mask.4dfp.img (2306576 pixels)
talsrcimg_g11.4dfp.img
       256       256       256         1
  1.000000  1.000000  1.000000
orientation T byte_order littleendian
Reading image: talsrcimg_g11.4dfp.img
dimensions:      256       256       256
mmppix:       1.0000   -1.0000   -1.0000
center:     128.0000 -129.0000 -129.0000
fimgreg.f
image alignment mode   2311 decimal      907 hex
parameters
    0.2172   12.9317    8.8339   -9.3328   -5.0744    0.1090
    2.0422    4.4435   -2.0739   -5.8776   -3.1407    0.0090
eta,q 0.96985 14.48812
niter,ni,del,rscale     5    3    5.0000    0.8000
parameters
    0.2032   12.9030    8.9337   -9.8580   -5.2614   -0.6751
    2.0332    4.3315   -2.0586   -5.6395   -3.0428    0.4055
eta,q 0.96974 14.39618
  0.0321  0.0315  0.0314  0.0309  0.0314  0.0310  0.0320  0.0325  0.0313  0.0316  0.0310  0.0314
  0.0310  0.0308  0.0307  0.0305  0.0308  0.0307  0.0311  0.0312  0.0307  0.0309  0.0306  0.0308
  0.0304  0.0303  0.0303  0.0303  0.0303  0.0304  0.0305  0.0305  0.0304  0.0304  0.0303  0.0304
  0.0301  0.0301  0.0301  0.0301  0.0302  0.0302  0.0303  0.0303  0.0303  0.0303  0.0303  0.0303
  0.0304  0.0303  0.0303  0.0302  0.0304  0.0302  0.0305  0.0305  0.0304  0.0303  0.0303  0.0303
  0.0311  0.0308  0.0306  0.0307  0.0309  0.0310  0.0311  0.0313  0.0307  0.0307  0.0306  0.0306
  0.0322  0.0317  0.0311  0.0315  0.0317  0.0325  0.0320  0.0327  0.0313  0.0313  0.0309  0.0311
niter,ni,del,rscale     4    3    5.0000    0.7000
parameters
    0.2056   12.8979    8.8507   -9.8156   -5.2548   -0.7300
    2.0362    4.3657   -2.0759   -5.6919   -2.9342    0.3574
eta,q 0.96974 14.39574
  0.0318  0.0314  0.0309  0.0308  0.0313  0.0310  0.0316  0.0321  0.0310  0.0311  0.0308  0.0310
  0.0309  0.0308  0.0305  0.0306  0.0308  0.0307  0.0309  0.0311  0.0306  0.0306  0.0305  0.0306
  0.0304  0.0304  0.0303  0.0304  0.0304  0.0304  0.0304  0.0305  0.0303  0.0303  0.0303  0.0303
  0.0303  0.0303  0.0303  0.0302  0.0302  0.0302  0.0303  0.0303  0.0303  0.0303  0.0303  0.0303
  0.0304  0.0304  0.0304  0.0303  0.0304  0.0302  0.0304  0.0304  0.0303  0.0303  0.0303  0.0303
  0.0309  0.0308  0.0307  0.0304  0.0308  0.0304  0.0309  0.0310  0.0306  0.0307  0.0305  0.0306
  0.0318  0.0314  0.0311  0.0309  0.0314  0.0313  0.0316  0.0320  0.0310  0.0312  0.0308  0.0310
niter,ni,del,rscale     3    3    5.0000    0.6000
parameters
    0.2127   12.9037    8.8188   -9.6607   -5.1780   -0.4752
    2.0373    4.3983   -2.1210   -5.7651   -2.9596    0.2333
eta,q 0.96978 14.42637
  0.0314  0.0311  0.0308  0.0307  0.0311  0.0309  0.0312  0.0316  0.0308  0.0309  0.0307  0.0308
  0.0308  0.0306  0.0305  0.0305  0.0307  0.0306  0.0307  0.0308  0.0305  0.0305  0.0304  0.0304
  0.0304  0.0303  0.0303  0.0304  0.0304  0.0304  0.0303  0.0304  0.0303  0.0303  0.0303  0.0303
  0.0303  0.0303  0.0303  0.0302  0.0302  0.0302  0.0302  0.0302  0.0302  0.0302  0.0302  0.0302
  0.0304  0.0303  0.0303  0.0302  0.0303  0.0302  0.0303  0.0304  0.0303  0.0303  0.0303  0.0303
  0.0307  0.0306  0.0305  0.0304  0.0306  0.0303  0.0307  0.0308  0.0305  0.0305  0.0304  0.0305
  0.0314  0.0311  0.0308  0.0307  0.0311  0.0308  0.0312  0.0316  0.0308  0.0309  0.0306  0.0308
niter,ni,del,rscale     2    3    5.0000    0.5000
parameters
    0.2176   12.9122    8.8259   -9.4812   -5.1180   -0.1748
    2.0430    4.4284   -2.1128   -5.8402   -3.1312    0.1145
eta,q 0.96982 14.45979
  0.0310  0.0308  0.0306  0.0306  0.0308  0.0307  0.0309  0.0312  0.0306  0.0306  0.0305  0.0306
  0.0306  0.0305  0.0304  0.0304  0.0305  0.0305  0.0305  0.0306  0.0304  0.0304  0.0303  0.0303
  0.0303  0.0303  0.0303  0.0303  0.0303  0.0303  0.0303  0.0303  0.0302  0.0302  0.0302  0.0302
  0.0302  0.0302  0.0302  0.0302  0.0302  0.0302  0.0302  0.0302  0.0302  0.0302  0.0302  0.0302
  0.0303  0.0303  0.0303  0.0302  0.0303  0.0301  0.0303  0.0303  0.0302  0.0302  0.0302  0.0302
  0.0306  0.0305  0.0304  0.0303  0.0305  0.0302  0.0305  0.0306  0.0304  0.0304  0.0303  0.0304
  0.0310  0.0308  0.0306  0.0305  0.0308  0.0306  0.0309  0.0312  0.0306  0.0307  0.0306  0.0306
niter,ni,del,rscale     1    3    5.0000    0.4000
parameters
    0.2192   12.9139    8.8486   -9.3259   -5.0641    0.1269
    2.0488    4.4493   -2.0671   -5.9272   -3.1394    0.0366
eta,q 0.96986 14.48996
  0.0307  0.0305  0.0305  0.0304  0.0306  0.0305  0.0306  0.0308  0.0304  0.0304  0.0304  0.0304
  0.0304  0.0303  0.0303  0.0303  0.0304  0.0304  0.0304  0.0305  0.0303  0.0303  0.0302  0.0303
  0.0302  0.0302  0.0302  0.0302  0.0302  0.0303  0.0302  0.0302  0.0302  0.0302  0.0302  0.0302
  0.0302  0.0302  0.0302  0.0302  0.0302  0.0302  0.0301  0.0301  0.0301  0.0301  0.0301  0.0301
  0.0302  0.0302  0.0302  0.0302  0.0302  0.0301  0.0302  0.0302  0.0302  0.0302  0.0302  0.0302
  0.0304  0.0303  0.0303  0.0302  0.0303  0.0302  0.0304  0.0304  0.0303  0.0303  0.0302  0.0303
  0.0307  0.0305  0.0304  0.0304  0.0306  0.0304  0.0306  0.0308  0.0304  0.0305  0.0304  0.0304
registration optimization eta report
parameter search radius
    0.8000    0.8000    0.8000    2.4000    2.4000    2.4000
    2.4000    2.4000    2.4000    2.4000    2.4000    2.4000
100000*second partial in parameter space
       80.       58.       43.        4.        7.        5.
        8.       11.        5.        5.        4.        5.
  0.0307  0.0305  0.0305  0.0304  0.0306  0.0305  0.0306  0.0308  0.0304  0.0304  0.0304  0.0304
  0.0304  0.0303  0.0303  0.0303  0.0304  0.0304  0.0304  0.0305  0.0303  0.0303  0.0302  0.0303
  0.0302  0.0302  0.0302  0.0302  0.0302  0.0303  0.0302  0.0302  0.0302  0.0302  0.0302  0.0302
  0.0302  0.0302  0.0302  0.0302  0.0302  0.0302  0.0301  0.0301  0.0301  0.0301  0.0301  0.0301
  0.0302  0.0302  0.0302  0.0302  0.0302  0.0301  0.0302  0.0302  0.0302  0.0302  0.0302  0.0302
  0.0304  0.0303  0.0303  0.0302  0.0303  0.0302  0.0304  0.0304  0.0303  0.0303  0.0302  0.0303
  0.0307  0.0305  0.0304  0.0304  0.0306  0.0304  0.0306  0.0308  0.0304  0.0305  0.0304  0.0304
    0.2192   12.9139    8.8486   -9.3259   -5.0641    0.1269
    2.0488    4.4493   -2.0671   -5.9272   -3.1394    0.0366
eta,q 0.96986 14.48996

---------------------------------------------------------------------
compute_vox2vox talsrcimg talsrcimg_to_711-2C_as_mni_average_305_t4 /opt/freesurfer/average/711-2C_as_mni_average_305
---------------------------------------------------------------------

freesurfer compute_vox2vox.c
Reading: talsrcimg.4dfp.ifh
Reading: talsrcimg_to_711-2C_as_mni_average_305_t4
Reading: /opt/freesurfer/average/711-2C_as_mni_average_305.4dfp.ifh
Writing: talsrcimg_to_711-2C_as_mni_average_305_t4_vox2vox.txt

start time Tue Mar 10 05:15:20 CET 2026
end		time Tue Mar 10 05:16:45 CET 2026

mpr2mni305 success

avi2talxfm orig_nu.mgz /opt/freesurfer/average/mni305.cor.mgz talsrcimg_to_711-2C_as_mni_average_305_t4_vox2vox.txt transforms/talairach.auto.xfm
avi2talxfm done
mv -f /out/sourcedata/freesurfer/sub-v1s5x0050754_ses-1/mri/talsrcimg_to_711-2C_as_mni_average_305_t4_vox2vox.txt /out/sourcedata/freesurfer/sub-v1s5x0050754_ses-1/mri/transforms/talsrcimg_to_711-2C_as_mni_average_305_t4_vox2vox.txt
lta_convert --src orig_nu.mgz --trg /opt/freesurfer/average/mni305.cor.mgz --inxfm transforms/talairach.auto.xfm --outlta transforms/talairach.auto.xfm.lta --subject fsaverage
7.3.2

--src: orig_nu.mgz src image (geometry).
--trg: /opt/freesurfer/average/mni305.cor.mgz trg image (geometry).
--inmni: transforms/talairach.auto.xfm input MNI/XFM transform.
--outlta: transforms/talairach.auto.xfm.lta output LTA.
--s: fsaverage subject name
 LTA read, type : 1
 1.10057  -0.05031  -0.02373  -1.75206;
 0.03450   0.99713  -0.00113  -14.26260;
 0.02612   0.06116   1.05275  -26.68695;
 0.00000   0.00000   0.00000   1.00000;
setting subject to fsaverage
Writing  LTA to file transforms/talairach.auto.xfm.lta...
lta_convert successful.
 
 
Started at Tue Mar 10 05:15:19 CET 2026
Ended   at Tue Mar 10 05:16:45 CET 2026
talairach_avi done
