/out/sourcedata/freesurfer/sub-v1s5x0050745_ses-1/mri
/opt/freesurfer/bin/talairach_avi
--i orig_nu.mgz --xfm transforms/talairach.auto.xfm
talairach_avi 7.3.2
Linux dna014 5.14.0-427.37.1.el9_4.x86_64 #1 SMP PREEMPT_DYNAMIC Fri Sep 13 12:41:50 EDT 2024 x86_64 x86_64 x86_64 GNU/Linux
Tue Mar 10 04:52:57 CET 2026
mri_convert orig_nu.mgz talsrcimg.img 
reading from orig_nu.mgz...
TR=0.00, TE=0.00, TI=0.00, flip angle=0.00
i_ras = (-1, 0, 0)
j_ras = (-3.72529e-09, 3.72529e-09, -1)
k_ras = (1.62981e-09, 1, 0)
writing to talsrcimg.img...
Analyze Output Matrix
-1.00000  -0.00000   0.00000   128.20880;
 0.00000   0.00000   1.00000  -128.56334;
 0.00000  -1.00000   0.00000   143.22810;
 0.00000   0.00000   0.00000   1.00000;
--------------------
INFO: set hdr.hist.orient to -1
mpr2mni305 talsrcimg
Tue Mar 10 04:52:58 CET 2026
/opt/freesurfer/bin/mpr2mni305 talsrcimg
mpr2mni305 7.3.2
target=711-2C_as_mni_average_305

---------------------------------------------------------------------
analyzeto4dfp talsrcimg -O0 -y
---------------------------------------------------------------------

freesurfer ifh2hdr.c
Tue Mar 10 04:52:58 2026
Writing: talsrcimg.4dfp.hdr
freesurfer analyzeto4dfp.c
Reading: talsrcimg.hdr
header size 348 bytes
hdr.dime.datatype	offset=70	value=2
hdr.dime.bitpix		offset=72	value=8
hdr.hist.orient		offset=252	value=-1
dimensionality     4
dimensions       256       256       256         1
Reading: talsrcimg.img
Writing: talsrcimg.4dfp.img
Writing: talsrcimg.4dfp.ifh
ifh2hdr talsrcimg -r0to231
ori=2

---------------------------------------------------------------------
gauss_4dfp talsrcimg 1.1
---------------------------------------------------------------------

freesurfer gauss_4dfp.c
Reading: talsrcimg.4dfp.img
Writing: talsrcimg_g11.4dfp.img
image dimensions 256 256 256 padded to 288 288 288
processing volume 1freesurfer ifh2hdr.c
Tue Mar 10 04:52:59 2026
Writing: talsrcimg_g11.4dfp.hdr

Writing: talsrcimg_g11.4dfp.ifh
including: talsrcimg.4dfp.img.rec in talsrcimg_g11.4dfp.img.rec

---------------------------------------------------------------------
imgreg_4dfp /opt/freesurfer/average/711-2C_as_mni_average_305 none talsrcimg_g11 none talsrcimg_to_711-2C_as_mni_average_305_t4 4355
---------------------------------------------------------------------

freesurfer imgreg_4dfp.c
/opt/freesurfer/average/711-2C_as_mni_average_305.4dfp.img
       256       256       256         1
  1.000000  1.000000  1.000000
orientation T byte_order littleendian
Reading image: /opt/freesurfer/average/711-2C_as_mni_average_305.4dfp.img
dimensions:      256       256       256
mmppix:       1.0000   -1.0000   -1.0000
center:     128.0000 -129.0000 -129.0000
talsrcimg_g11.4dfp.img
       256       256       256         1
  1.000000  1.000000  1.000000
orientation T byte_order littleendian
Reading image: talsrcimg_g11.4dfp.img
dimensions:      256       256       256
mmppix:       1.0000   -1.0000   -1.0000
center:     128.0000 -129.0000 -129.0000
t4_read: open error in t4_sub.f l:  41 t4_file(1:l)talsrcimg_to_711-2C_as_mni_average_305_t4 
t4_read: transform initialized to I4
rotation matrix determinant  1.000000
image alignment mode   4355 decimal     1103 hex
   -7.5000  -45.0000  -45.0000 7803.1650   18.2470
    0.0000  -45.0000  -45.0000 8133.6973   18.2060
    7.5000  -45.0000  -45.0000 7809.3418   18.1980
   -7.5000  -37.5000  -45.0000 8274.2705   18.0287
    0.0000  -37.5000  -45.0000 8595.0840   17.9766
    7.5000  -37.5000  -45.0000 8253.0098   17.9611
   -7.5000  -30.0000  -45.0000 9093.9834   17.8562
    0.0000  -30.0000  -45.0000 9451.6357   17.8035
    7.5000  -30.0000  -45.0000 9055.6250   17.7878
   -7.5000  -22.5000  -45.0000 9959.0547   17.8162
    0.0000  -22.5000  -45.000010369.4453   17.7744
    7.5000  -22.5000  -45.0000 9925.2070   17.7657
   -7.5000  -15.0000  -45.000010740.8242   17.8521
    0.0000  -15.0000  -45.000011202.6787   17.8217
    7.5000  -15.0000  -45.000010695.8369   17.8199
   -7.5000   -7.5000  -45.000011401.0996   17.9145
    0.0000   -7.5000  -45.000011871.4893   17.8855
    7.5000   -7.5000  -45.000011320.6729   17.8840
   -7.5000    0.0000  -45.000011830.9375   17.9416
    0.0000    0.0000  -45.000012301.2002   17.9028
    7.5000    0.0000  -45.000011738.4824   17.8949
   -7.5000    7.5000  -45.000011305.2158   17.9007
    0.0000    7.5000  -45.000011735.5537   17.8496
    7.5000    7.5000  -45.000011184.9932   17.8342
   -7.5000   15.0000  -45.000010707.2295   17.8372
    0.0000   15.0000  -45.000011125.3428   17.7847
    7.5000   15.0000  -45.000010596.4463   17.7689
   -7.5000   22.5000  -45.000010082.9668   17.8134
    0.0000   22.5000  -45.000010461.6514   17.7716
    7.5000   22.5000  -45.0000 9977.7744   17.7629
   -7.5000   30.0000  -45.0000 9413.4678   17.6142
    0.0000   30.0000  -45.0000 9765.7842   17.5842
    7.5000   30.0000  -45.0000 9336.2764   17.5824
   -7.5000   37.5000  -45.0000 9094.3203   17.8358
    0.0000   37.5000  -45.0000 9446.3623   17.8071
    7.5000   37.5000  -45.0000 9012.7773   17.8056
   -7.5000   45.0000  -45.0000 8478.9561   17.7798
    0.0000   45.0000  -45.0000 8791.8262   17.7421
    7.5000   45.0000  -45.0000 8359.4785   17.7365
   -7.5000  -45.0000  -37.5000 8236.2656   18.2379
    0.0000  -45.0000  -37.5000 8572.2178   18.1886
    7.5000  -45.0000  -37.5000 8242.4502   18.1813
   -7.5000  -37.5000  -37.5000 8759.3945   18.0162
    0.0000  -37.5000  -37.5000 9107.3916   17.9540
    7.5000  -37.5000  -37.5000 8733.1748   17.9339
   -7.5000  -30.0000  -37.5000 9680.0156   17.8439
    0.0000  -30.0000  -37.500010074.4600   17.7805
    7.5000  -30.0000  -37.5000 9635.2861   17.7577
   -7.5000  -22.5000  -37.500010624.1230   17.8071
    0.0000  -22.5000  -37.500011063.6455   17.7564
    7.5000  -22.5000  -37.500010578.1016   17.7438
   -7.5000  -15.0000  -37.500011410.8115   17.8461
    0.0000  -15.0000  -37.500011870.7422   17.8088
    7.5000  -15.0000  -37.500011335.1348   17.8083
   -7.5000   -7.5000  -37.500012089.9805   17.9086
    0.0000   -7.5000  -37.500012580.2744   17.8727
    7.5000   -7.5000  -37.500011987.4434   17.8746
   -7.5000    0.0000  -37.500012544.7822   17.9328
    0.0000    0.0000  -37.500013058.3369   17.8857
    7.5000    0.0000  -37.500012424.6455   17.8786
   -7.5000    7.5000  -37.500012000.8945   17.8883
    0.0000    7.5000  -37.500012488.6211   17.8272
    7.5000    7.5000  -37.500011869.3535   17.8074
   -7.5000   15.0000  -37.500011375.2158   17.8249
    0.0000   15.0000  -37.500011822.0293   17.7617
    7.5000   15.0000  -37.500011234.2432   17.7388
   -7.5000   22.5000  -37.500010716.4268   17.8043
    0.0000   22.5000  -37.500011117.2783   17.7537
    7.5000   22.5000  -37.500010573.7910   17.7411
   -7.5000   30.0000  -37.500010000.7842   17.6083
    0.0000   30.0000  -37.500010380.4551   17.5715
    7.5000   30.0000  -37.5000 9876.1689   17.5710
   -7.5000   37.5000  -37.5000 9658.8848   17.8272
    0.0000   37.5000  -37.500010010.8135   17.7925
    7.5000   37.5000  -37.5000 9514.6309   17.7944
   -7.5000   45.0000  -37.5000 8974.4766   17.7624
    0.0000   45.0000  -37.5000 9301.6250   17.7172
    7.5000   45.0000  -37.5000 8828.9902   17.7141
   -7.5000  -45.0000  -30.0000 8801.2197   18.9501
    0.0000  -45.0000  -30.0000 9168.8594   18.9000
    7.5000  -45.0000  -30.0000 8804.3936   18.8890
   -7.5000  -37.5000  -30.0000 9374.4883   18.7232
    0.0000  -37.5000  -30.0000 9770.9385   18.6608
    7.5000  -37.5000  -30.0000 9357.1611   18.6361
   -7.5000  -30.0000  -30.000010366.0996   18.5471
    0.0000  -30.0000  -30.000010818.9297   18.4842
    7.5000  -30.0000  -30.000010350.2520   18.4577
   -7.5000  -22.5000  -30.000011373.1875   18.5081
    0.0000  -22.5000  -30.000011858.7051   18.4592
    7.5000  -22.5000  -30.000011353.9229   18.4453
   -7.5000  -15.0000  -30.000012190.1533   18.5463
    0.0000  -15.0000  -30.000012665.0117   18.5112
    7.5000  -15.0000  -30.000012106.3086   18.5106
   -7.5000   -7.5000  -30.000012968.2637   18.6091
    0.0000   -7.5000  -30.000013434.5283   18.5738
    7.5000   -7.5000  -30.000012822.6523   18.5743
   -7.5000    0.0000  -30.000013465.1992   18.6344
    0.0000    0.0000  -30.000013979.7881   18.5867
    7.5000    0.0000  -30.000013303.3359   18.5760
   -7.5000    7.5000  -30.000012870.1240   18.5908
    0.0000    7.5000  -30.000013379.1602   18.5294
    7.5000    7.5000  -30.000012730.2578   18.5052
   -7.5000   15.0000  -30.000012222.6533   18.5273
    0.0000   15.0000  -30.000012695.7988   18.4645
    7.5000   15.0000  -30.000012048.0537   18.4380
   -7.5000   22.5000  -30.000011508.8877   18.5033
    0.0000   22.5000  -30.000011965.8857   18.4545
    7.5000   22.5000  -30.000011346.0791   18.4405
   -7.5000   30.0000  -30.000010714.5898   18.3008
    0.0000   30.0000  -30.000011170.6660   18.2662
    7.5000   30.0000  -30.000010565.6719   18.2656
   -7.5000   37.5000  -30.000010319.7783   18.5237
    0.0000   37.5000  -30.000010735.0547   18.4905
    7.5000   37.5000  -30.000010168.1523   18.4911
   -7.5000   45.0000  -30.0000 9581.2012   18.4685
    0.0000   45.0000  -30.0000 9958.4844   18.4227
    7.5000   45.0000  -30.0000 9424.6748   18.4174
   -7.5000  -45.0000  -22.5000 9339.1719   19.5516
    0.0000  -45.0000  -22.5000 9741.0859   19.5097
    7.5000  -45.0000  -22.5000 9321.7773   19.4912
   -7.5000  -37.5000  -22.5000 9965.3584   19.3249
    0.0000  -37.5000  -22.500010387.8359   19.2735
    7.5000  -37.5000  -22.5000 9926.9785   19.2475
   -7.5000  -30.0000  -22.500011033.1689   19.1446
    0.0000  -30.0000  -22.500011513.7061   19.0949
    7.5000  -30.0000  -22.500010992.8496   19.0721
   -7.5000  -22.5000  -22.500012104.8730   19.0987
    0.0000  -22.5000  -22.500012614.4873   19.0629
    7.5000  -22.5000  -22.500012053.2266   19.0519
   -7.5000  -15.0000  -22.500012976.1895   19.1324
    0.0000  -15.0000  -22.500013470.6738   19.1080
    7.5000  -15.0000  -22.500012862.7822   19.1051
   -7.5000   -7.5000  -22.500013792.2891   19.1962
    0.0000   -7.5000  -22.500014311.1416   19.1693
    7.5000   -7.5000  -22.500013636.3477   19.1624
   -7.5000    0.0000  -22.500014341.4395   19.2270
    0.0000    0.0000  -22.500014857.9727   19.1877
    7.5000    0.0000  -22.500014149.1982   19.1699
   -7.5000    7.5000  -22.500013719.0029   19.1887
    0.0000    7.5000  -22.500014225.6514   19.1382
    7.5000    7.5000  -22.500013528.3975   19.1126
   -7.5000   15.0000  -22.500013030.3799   19.1240
    0.0000   15.0000  -22.500013518.3457   19.0745
    7.5000   15.0000  -22.500012792.3574   19.0516
   -7.5000   22.5000  -22.500012250.4268   19.0925
    0.0000   22.5000  -22.500012756.8281   19.0567
    7.5000   22.5000  -22.500012028.2520   19.0456
   -7.5000   30.0000  -22.500011382.3779   18.8821
    0.0000   30.0000  -22.500011913.3916   18.8581
    7.5000   30.0000  -22.500011204.1182   18.8552
   -7.5000   37.5000  -22.500010945.4980   19.1110
    0.0000   37.5000  -22.500011430.1660   19.0863
    7.5000   37.5000  -22.500010778.8438   19.0799
   -7.5000   45.0000  -22.500010129.0068   19.0772
    0.0000   45.0000  -22.500010572.0039   19.0392
    7.5000   45.0000  -22.5000 9962.7402   19.0265
   -7.5000  -45.0000  -15.0000 9911.4971   20.0214
    0.0000  -45.0000  -15.000010332.9463   19.9867
    7.5000  -45.0000  -15.0000 9876.5449   19.9643
   -7.5000  -37.5000  -15.000010569.6484   19.7921
    0.0000  -37.5000  -15.000011009.7588   19.7496
    7.5000  -37.5000  -15.000010501.0176   19.7260
   -7.5000  -30.0000  -15.000011682.5479   19.6070
    0.0000  -30.0000  -15.000012196.6924   19.5673
    7.5000  -30.0000  -15.000011613.5850   19.5506
   -7.5000  -22.5000  -15.000012818.2227   19.5572
    0.0000  -22.5000  -15.000013355.3311   19.5300
    7.5000  -22.5000  -15.000012745.2842   19.5224
   -7.5000  -15.0000  -15.000013706.7559   19.5895
    0.0000  -15.0000  -15.000014261.1377   19.5718
    7.5000  -15.0000  -15.000013617.9141   19.5664
   -7.5000   -7.5000  -15.000014516.3828   19.6549
    0.0000   -7.5000  -15.000015101.2451   19.6344
    7.5000   -7.5000  -15.000014388.3438   19.6217
   -7.5000    0.0000  -15.000015107.2188   19.6890
    0.0000    0.0000  -15.000015683.3525   19.6570
    7.5000    0.0000  -15.000014928.4912   19.6355
   -7.5000    7.5000  -15.000014449.8057   19.6526
    0.0000    7.5000  -15.000015023.4443   19.6110
    7.5000    7.5000  -15.000014238.4570   19.5876
   -7.5000   15.0000  -15.000013691.6162   19.5860
    0.0000   15.0000  -15.000014255.7637   19.5464
    7.5000   15.0000  -15.000013445.0146   19.5296
   -7.5000   22.5000  -15.000012876.6953   19.5499
    0.0000   22.5000  -15.000013460.3926   19.5227
    7.5000   22.5000  -15.000012660.0908   19.5150
   -7.5000   30.0000  -15.000011992.4980   19.3360
    0.0000   30.0000  -15.000012558.9834   19.3185
    7.5000   30.0000  -15.000011772.2646   19.3131
   -7.5000   37.5000  -15.000011503.2188   19.5729
    0.0000   37.5000  -15.000012047.9531   19.5537
    7.5000   37.5000  -15.000011302.0244   19.5416
   -7.5000   45.0000  -15.000010623.8057   19.5566
    0.0000   45.0000  -15.000011139.6260   19.5255
    7.5000   45.0000  -15.000010457.4561   19.5075
   -7.5000  -45.0000   -7.500010531.8359   20.3163
    0.0000  -45.0000   -7.500010939.5898   20.2804
    7.5000  -45.0000   -7.500010451.5439   20.2640
   -7.5000  -37.5000   -7.500011212.9277   20.0799
    0.0000  -37.5000   -7.500011647.2090   20.0346
    7.5000  -37.5000   -7.500011113.9980   20.0162
   -7.5000  -30.0000   -7.500012355.2607   19.8905
    0.0000  -30.0000   -7.500012901.5684   19.8463
    7.5000  -30.0000   -7.500012284.1348   19.8325
   -7.5000  -22.5000   -7.500013517.7959   19.8423
    0.0000  -22.5000   -7.500014101.3281   19.8095
    7.5000  -22.5000   -7.500013479.5312   19.8026
   -7.5000  -15.0000   -7.500014425.6777   19.8776
    0.0000  -15.0000   -7.500015038.9229   19.8549
    7.5000  -15.0000   -7.500014385.8477   19.8502
   -7.5000   -7.5000   -7.500015271.7090   19.9446
    0.0000   -7.5000   -7.500015872.6465   19.9216
    7.5000   -7.5000   -7.500015157.9551   19.9125
   -7.5000    0.0000   -7.500015882.2314   19.9775
    0.0000    0.0000   -7.500016539.1426   19.9442
    7.5000    0.0000   -7.500015739.2861   19.9283
   -7.5000    7.5000   -7.500015202.8691   19.9378
    0.0000    7.5000   -7.500015846.3906   19.8934
    7.5000    7.5000   -7.500015019.3584   19.8752
   -7.5000   15.0000   -7.500014373.5205   19.8693
    0.0000   15.0000   -7.500015015.9346   19.8252
    7.5000   15.0000   -7.500014163.8418   19.8113
   -7.5000   22.5000   -7.500013526.6553   19.8328
    0.0000   22.5000   -7.500014163.5049   19.8000
    7.5000   22.5000   -7.500013333.6113   19.7930
   -7.5000   30.0000   -7.500012588.9658   19.6198
    0.0000   30.0000   -7.500013183.8682   19.5974
    7.5000   30.0000   -7.500012392.7949   19.5928
   -7.5000   37.5000   -7.500012056.5215   19.8639
    0.0000   37.5000   -7.500012648.2783   19.8413
    7.5000   37.5000   -7.500011892.7725   19.8324
   -7.5000   45.0000   -7.500011165.8330   19.8493
    0.0000   45.0000   -7.500011720.3643   19.8165
    7.5000   45.0000   -7.500010982.4502   19.8029
   -7.5000  -45.0000    0.000011064.7451   20.4166
    0.0000  -45.0000    0.000011489.1846   20.3707
    7.5000  -45.0000    0.000010984.1377   20.3617
   -7.5000  -37.5000    0.000011753.6855   20.1724
    0.0000  -37.5000    0.000012227.1143   20.1140
    7.5000  -37.5000    0.000011684.6221   20.0967
   -7.5000  -30.0000    0.000012952.7773   19.9794
    0.0000  -30.0000    0.000013476.4434   19.9205
    7.5000  -30.0000    0.000012868.3965   19.9029
   -7.5000  -22.5000    0.000014177.0195   19.9347
    0.0000  -22.5000    0.000014737.8633   19.8879
    7.5000  -22.5000    0.000014119.1875   19.8782
   -7.5000  -15.0000    0.000015090.2109   19.9749
    0.0000  -15.0000    0.000015697.4609   19.9408
    7.5000  -15.0000    0.000015032.7637   19.9388
   -7.5000   -7.5000    0.000015874.6641   20.0445
    0.0000   -7.5000    0.000016506.6641   20.0121
    7.5000   -7.5000    0.000015814.0977   20.0104
   -7.5000    0.0000    0.000016560.0391   20.0748
    0.0000    0.0000    0.000017237.8301   20.0314
    7.5000    0.0000    0.000016460.8105   20.0225
   -7.5000    7.5000    0.000015912.2520   20.0291
    0.0000    7.5000    0.000016606.6641   19.9719
    7.5000    7.5000    0.000015784.3945   19.9547
   -7.5000   15.0000    0.000015061.0605   19.9582
    0.0000   15.0000    0.000015713.8994   19.8994
    7.5000   15.0000    0.000014896.7432   19.8817
   -7.5000   22.5000    0.000014090.4551   19.9251
    0.0000   22.5000    0.000014733.7822   19.8784
    7.5000   22.5000    0.000013987.5928   19.8686
   -7.5000   30.0000    0.000013074.6006   19.7164
    0.0000   30.0000    0.000013631.9375   19.6828
    7.5000   30.0000    0.000012936.6484   19.6807
   -7.5000   37.5000    0.000012516.7910   19.9643
    0.0000   37.5000    0.000013070.8008   19.9321
    7.5000   37.5000    0.000012373.2568   19.9304
   -7.5000   45.0000    0.000011587.2852   19.9406
    0.0000   45.0000    0.000012110.7578   19.8983
    7.5000   45.0000    0.000011421.0146   19.8920
   -7.5000  -45.0000    7.500010761.4717   20.4086
    0.0000  -45.0000    7.500011212.0977   20.3535
    7.5000  -45.0000    7.500010698.8750   20.3454
   -7.5000  -37.5000    7.500011435.3154   20.1605
    0.0000  -37.5000    7.500011914.7100   20.0909
    7.5000  -37.5000    7.500011376.0088   20.0684
   -7.5000  -30.0000    7.500012587.6816   19.9677
    0.0000  -30.0000    7.500013086.4141   19.8968
    7.5000  -30.0000    7.500012503.8350   19.8713
   -7.5000  -22.5000    7.500013781.7734   19.9266
    0.0000  -22.5000    7.500014287.7734   19.8699
    7.5000  -22.5000    7.500013696.2207   19.8558
   -7.5000  -15.0000    7.500014654.6367   19.9703
    0.0000  -15.0000    7.500015174.2051   19.9285
    7.5000  -15.0000    7.500014546.2246   19.9279
   -7.5000   -7.5000    7.500015390.6113   20.0402
    0.0000   -7.5000    7.500015906.7559   20.0000
    7.5000   -7.5000    7.500015290.5850   20.0021
   -7.5000    0.0000    7.500016068.5547   20.0672
    0.0000    0.0000    7.500016661.5254   20.0145
    7.5000    0.0000    7.500015955.8389   20.0066
   -7.5000    7.5000    7.500015525.1816   20.0174
    0.0000    7.5000    7.500016102.6562   19.9491
    7.5000    7.5000    7.500015416.7500   19.9269
   -7.5000   15.0000    7.500014678.0596   19.9465
    0.0000   15.0000    7.500015152.0293   19.8757
    7.5000   15.0000    7.500014586.4365   19.8501
   -7.5000   22.5000    7.500013676.7373   19.9170
    0.0000   22.5000    7.500014136.2100   19.8603
    7.5000   22.5000    7.500013639.9609   19.8463
   -7.5000   30.0000    7.500012626.6787   19.7118
    0.0000   30.0000    7.500013063.9131   19.6706
    7.5000   30.0000    7.500012581.1943   19.6700
   -7.5000   37.5000    7.500012096.6855   19.9569
    0.0000   37.5000    7.500012542.7217   19.9180
    7.5000   37.5000    7.500011998.1699   19.9201
   -7.5000   45.0000    7.500011167.5352   19.9234
    0.0000   45.0000    7.500011580.4590   19.8727
    7.5000   45.0000    7.500011043.6729   19.8692
   -7.5000  -45.0000   15.000010312.5850   20.3493
    0.0000  -45.0000   15.000010750.5352   20.2955
    7.5000  -45.0000   15.000010259.6221   20.2836
   -7.5000  -37.5000   15.000010970.4668   20.1057
    0.0000  -37.5000   15.000011473.4170   20.0386
    7.5000  -37.5000   15.000010934.4219   20.0121
   -7.5000  -30.0000   15.000012081.9121   19.9166
    0.0000  -30.0000   15.000012609.9180   19.8490
    7.5000  -30.0000   15.000012024.8828   19.8206
   -7.5000  -22.5000   15.000013210.9287   19.8747
    0.0000  -22.5000   15.000013744.4678   19.8222
    7.5000  -22.5000   15.000013143.3428   19.8072
   -7.5000  -15.0000   15.000014048.1963   19.9156
    0.0000  -15.0000   15.000014578.4941   19.8780
    7.5000  -15.0000   15.000013967.7285   19.8773
   -7.5000   -7.5000   15.000014768.3994   19.9831
    0.0000   -7.5000   15.000015253.2783   19.9453
    7.5000   -7.5000   15.000014680.4521   19.9457
   -7.5000    0.0000   15.000015426.6465   20.0103
    0.0000    0.0000   15.000015951.4258   19.9590
    7.5000    0.0000   15.000015341.4131   19.9476
   -7.5000    7.5000   15.000014982.5879   19.9635
    0.0000    7.5000   15.000015434.6055   19.8976
    7.5000    7.5000   15.000014873.4707   19.8715
   -7.5000   15.0000   15.000014240.1826   19.8953
    0.0000   15.0000   15.000014625.9385   19.8278
    7.5000   15.0000   15.000014133.1016   19.7993
   -7.5000   22.5000   15.000013265.4102   19.8652
    0.0000   22.5000   15.000013659.7812   19.8127
    7.5000   22.5000   15.000013218.3760   19.7977
   -7.5000   30.0000   15.000012206.7422   19.6579
    0.0000   30.0000   15.000012618.9268   19.6207
    7.5000   30.0000   15.000012151.5352   19.6200
   -7.5000   37.5000   15.000011641.2373   19.8973
    0.0000   37.5000   15.000012080.4854   19.8616
    7.5000   37.5000   15.000011568.1729   19.8622
   -7.5000   45.0000   15.000010685.2090   19.8643
    0.0000   45.0000   15.000011107.2500   19.8150
    7.5000   45.0000   15.000010607.1357   19.8093
   -7.5000  -45.0000   22.5000 9799.8145   20.2961
    0.0000  -45.0000   22.500010229.4258   20.2526
    7.5000  -45.0000   22.5000 9757.8740   20.2334
   -7.5000  -37.5000   22.500010435.5703   20.0608
    0.0000  -37.5000   22.500010905.8799   20.0074
    7.5000  -37.5000   22.500010407.5791   19.9805
   -7.5000  -30.0000   22.500011512.7402   19.8736
    0.0000  -30.0000   22.500011974.8994   19.8221
    7.5000  -30.0000   22.500011454.0439   19.7984
   -7.5000  -22.5000   22.500012607.3369   19.8260
    0.0000  -22.5000   22.500013110.7334   19.7888
    7.5000  -22.5000   22.500012562.6621   19.7774
   -7.5000  -15.0000   22.500013440.9023   19.8609
    0.0000  -15.0000   22.500013964.7588   19.8357
    7.5000  -15.0000   22.500013370.3564   19.8326
   -7.5000   -7.5000   22.500014142.4268   19.9272
    0.0000   -7.5000   22.500014671.2715   19.8993
    7.5000   -7.5000   22.500014064.5967   19.8922
   -7.5000    0.0000   22.500014744.7080   19.9592
    0.0000    0.0000   22.500015295.0732   19.9183
    7.5000    0.0000   22.500014637.7324   19.8999
   -7.5000    7.5000   22.500014260.7031   19.9194
    0.0000    7.5000   22.500014754.2715   19.8670
    7.5000    7.5000   22.500014081.1582   19.8404
   -7.5000   15.0000   22.500013530.3506   19.8523
    0.0000   15.0000   22.500013970.5420   19.8009
    7.5000   15.0000   22.500013308.3828   19.7771
   -7.5000   22.5000   22.500012673.4297   19.8165
    0.0000   22.5000   22.500013101.6270   19.7793
    7.5000   22.5000   22.500012472.3105   19.7679
   -7.5000   30.0000   22.500011689.7920   19.6039
    0.0000   30.0000   22.500012077.7285   19.5789
    7.5000   30.0000   22.500011526.4941   19.5759
   -7.5000   37.5000   22.500011137.7588   19.8416
    0.0000   37.5000   22.500011505.4346   19.8159
    7.5000   37.5000   22.500010986.2373   19.8093
   -7.5000   45.0000   22.500010223.4424   19.8208
    0.0000   45.0000   22.500010573.3320   19.7814
    7.5000   45.0000   22.500010110.4717   19.7682
   -7.5000  -45.0000   30.0000 9199.6914   20.2968
    0.0000  -45.0000   30.0000 9614.6475   20.2617
    7.5000  -45.0000   30.0000 9214.8359   20.2390
   -7.5000  -37.5000   30.0000 9822.2891   20.0643
    0.0000  -37.5000   30.000010254.0957   20.0213
    7.5000  -37.5000   30.0000 9821.4795   19.9974
   -7.5000  -30.0000   30.000010870.2217   19.8767
    0.0000  -30.0000   30.000011312.9111   19.8365
    7.5000  -30.0000   30.000010837.6758   19.8196
   -7.5000  -22.5000   30.000011941.2637   19.8263
    0.0000  -22.5000   30.000012459.5107   19.7987
    7.5000  -22.5000   30.000011902.1602   19.7910
   -7.5000  -15.0000   30.000012740.9248   19.8590
    0.0000  -15.0000   30.000013295.2090   19.8410
    7.5000  -15.0000   30.000012658.6982   19.8356
   -7.5000   -7.5000   30.000013392.0830   19.9252
    0.0000   -7.5000   30.000013944.7412   19.9045
    7.5000   -7.5000   30.000013293.0293   19.8917
   -7.5000    0.0000   30.000013925.0361   19.9598
    0.0000    0.0000   30.000014435.4062   19.9274
    7.5000    0.0000   30.000013780.5010   19.9056
   -7.5000    7.5000   30.000013363.6094   19.9229
    0.0000    7.5000   30.000013816.5742   19.8807
    7.5000    7.5000   30.000013177.6533   19.8571
   -7.5000   15.0000   30.000012618.1006   19.8554
    0.0000   15.0000   30.000013016.9346   19.8153
    7.5000   15.0000   30.000012415.1602   19.7983
   -7.5000   22.5000   30.000011817.4922   19.8167
    0.0000   22.5000   30.000012207.5156   19.7892
    7.5000   22.5000   30.000011621.4336   19.7814
   -7.5000   30.0000   30.000010937.4902   19.6020
    0.0000   30.0000   30.000011313.5889   19.5842
    7.5000   30.0000   30.000010758.4609   19.5788
   -7.5000   37.5000   30.000010448.3027   19.8421
    0.0000   37.5000   30.000010829.4619   19.8227
    7.5000   37.5000   30.000010281.8574   19.8105
   -7.5000   45.0000   30.0000 9623.3643   19.8308
    0.0000   45.0000   30.0000 9988.4121   19.7993
    7.5000   45.0000   30.0000 9486.2969   19.7811
   -7.5000  -45.0000   37.5000 8963.8027   20.3769
    0.0000  -45.0000   37.5000 9374.0566   20.3410
    7.5000  -45.0000   37.5000 8997.5547   20.3246
   -7.5000  -37.5000   37.5000 9586.2295   20.1398
    0.0000  -37.5000   37.500010012.7832   20.0944
    7.5000  -37.5000   37.5000 9581.9092   20.0759
   -7.5000  -30.0000   37.500010565.0850   19.9499
    0.0000  -30.0000   37.500011029.1914   19.9055
    7.5000  -30.0000   37.500010535.1934   19.8917
   -7.5000  -22.5000   37.500011585.1729   19.9015
    0.0000  -22.5000   37.500012109.0283   19.8686
    7.5000  -22.5000   37.500011533.3281   19.8616
   -7.5000  -15.0000   37.500012342.4219   19.9367
    0.0000  -15.0000   37.500012879.9297   19.9140
    7.5000  -15.0000   37.500012265.5879   19.9093
   -7.5000   -7.5000   37.500012950.2920   20.0038
    0.0000   -7.5000   37.500013483.1943   19.9808
    7.5000   -7.5000   37.500012826.3359   19.9717
   -7.5000    0.0000   37.500013413.4580   20.0369
    0.0000    0.0000   37.500013923.9014   20.0034
    7.5000    0.0000   37.500013261.0410   19.9876
   -7.5000    7.5000   37.500012828.1465   19.9972
    0.0000    7.5000   37.500013301.1943   19.9527
    7.5000    7.5000   37.500012690.6035   19.9344
   -7.5000   15.0000   37.500012120.0869   19.9287
    0.0000   15.0000   37.500012540.8926   19.8843
    7.5000   15.0000   37.500011953.0117   19.8704
   -7.5000   22.5000   37.500011337.0635   19.8919
    0.0000   22.5000   37.500011749.6064   19.8590
    7.5000   22.5000   37.500011201.3926   19.8520
   -7.5000   30.0000   37.500010455.1260   19.6786
    0.0000   30.0000   37.500010851.2344   19.6562
    7.5000   30.0000   37.500010344.7188   19.6516
   -7.5000   37.5000   37.500010030.3730   19.9235
    0.0000   37.5000   37.500010412.9727   19.9009
    7.5000   37.5000   37.5000 9897.3135   19.8921
   -7.5000   45.0000   37.5000 9294.1348   19.9103
    0.0000   45.0000   37.5000 9639.2168   19.8775
    7.5000   45.0000   37.5000 9165.5283   19.8639
   -7.5000  -45.0000   45.0000 8274.8877   20.4598
    0.0000  -45.0000   45.0000 8638.7461   20.4140
    7.5000  -45.0000   45.0000 8281.3857   20.4056
   -7.5000  -37.5000   45.0000 8851.4688   20.2137
    0.0000  -37.5000   45.0000 9244.1260   20.1552
    7.5000  -37.5000   45.0000 8832.7754   20.1381
   -7.5000  -30.0000   45.0000 9739.0234   20.0190
    0.0000  -30.0000   45.000010179.3604   19.9597
    7.5000  -30.0000   45.0000 9708.2510   19.9422
   -7.5000  -22.5000   45.000010675.0264   19.9733
    0.0000  -22.5000   45.000011162.7617   19.9264
    7.5000  -22.5000   45.000010616.2881   19.9168
   -7.5000  -15.0000   45.000011350.6230   20.0131
    0.0000  -15.0000   45.000011861.9229   19.9793
    7.5000  -15.0000   45.000011294.7393   19.9776
   -7.5000   -7.5000   45.000011881.3818   20.0832
    0.0000   -7.5000   45.000012396.1982   20.0512
    7.5000   -7.5000   45.000011797.3252   20.0501
   -7.5000    0.0000   45.000012293.4590   20.1143
    0.0000    0.0000   45.000012782.3398   20.0711
    7.5000    0.0000   45.000012162.8398   20.0628
   -7.5000    7.5000   45.000011744.8115   20.0689
    0.0000    7.5000   45.000012211.0625   20.0115
    7.5000    7.5000   45.000011615.9072   19.9947
   -7.5000   15.0000   45.000011086.0752   19.9976
    0.0000   15.0000   45.000011505.7734   19.9384
    7.5000   15.0000   45.000010940.7256   19.9208
   -7.5000   22.5000   45.000010377.2246   19.9637
    0.0000   22.5000   45.000010776.9150   19.9167
    7.5000   22.5000   45.000010268.8848   19.9071
   -7.5000   30.0000   45.0000 9578.7412   19.7524
    0.0000   30.0000   45.0000 9942.5195   19.7190
    7.5000   30.0000   45.0000 9495.5859   19.7173
   -7.5000   37.5000   45.0000 9195.5195   20.0026
    0.0000   37.5000   45.0000 9553.4004   19.9709
    7.5000   37.5000   45.0000 9090.2451   19.9697
   -7.5000   45.0000   45.0000 8527.8262   19.9942
    0.0000   45.0000   45.0000 8856.6309   19.9520
    7.5000   45.0000   45.0000 8419.9248   19.9464

---------------------------------------------------------------------
imgreg_4dfp /opt/freesurfer/average/711-2C_as_mni_average_305 /opt/freesurfer/average/711-2B_as_mni_average_305_mask talsrcimg_g11 none talsrcimg_to_711-2C_as_mni_average_305_t4 4355
---------------------------------------------------------------------

freesurfer imgreg_4dfp.c
/opt/freesurfer/average/711-2C_as_mni_average_305.4dfp.img
       256       256       256         1
  1.000000  1.000000  1.000000
orientation T byte_order littleendian
Reading image: /opt/freesurfer/average/711-2C_as_mni_average_305.4dfp.img
dimensions:      256       256       256
mmppix:       1.0000   -1.0000   -1.0000
center:     128.0000 -129.0000 -129.0000
/opt/freesurfer/average/711-2B_as_mni_average_305_mask.4dfp.img
       256       256       256         1
  1.000000  1.000000  1.000000
orientation T byte_order littleendian
Reading mask: /opt/freesurfer/average/711-2B_as_mni_average_305_mask.4dfp.img (2306576 pixels)
talsrcimg_g11.4dfp.img
       256       256       256         1
  1.000000  1.000000  1.000000
orientation T byte_order littleendian
Reading image: talsrcimg_g11.4dfp.img
dimensions:      256       256       256
mmppix:       1.0000   -1.0000   -1.0000
center:     128.0000 -129.0000 -129.0000
rotation matrix determinant  1.000000
image alignment mode   4355 decimal     1103 hex
   -7.5000  -45.0000  -45.0000 2046.9355   22.3116
    0.0000  -45.0000  -45.0000 2065.3428   22.1396
    7.5000  -45.0000  -45.0000 2042.2257   22.4418
   -7.5000  -37.5000  -45.0000 2080.2886   21.2831
    0.0000  -37.5000  -45.0000 2092.6030   21.0552
    7.5000  -37.5000  -45.0000 2074.7986   21.4247
   -7.5000  -30.0000  -45.0000 2107.3440   20.5562
    0.0000  -30.0000  -45.0000 2121.2637   20.3880
    7.5000  -30.0000  -45.0000 2095.3706   20.7697
   -7.5000  -22.5000  -45.0000 2138.0789   20.0431
    0.0000  -22.5000  -45.0000 2148.3276   19.9105
    7.5000  -22.5000  -45.0000 2123.8706   20.2637
   -7.5000  -15.0000  -45.0000 2167.0903   19.7000
    0.0000  -15.0000  -45.0000 2177.6145   19.6457
    7.5000  -15.0000  -45.0000 2148.7170   19.9598
   -7.5000   -7.5000  -45.0000 2182.5847   19.4721
    0.0000   -7.5000  -45.0000 2187.4155   19.4386
    7.5000   -7.5000  -45.0000 2158.1089   19.7095
   -7.5000    0.0000  -45.0000 2183.6396   19.2344
    0.0000    0.0000  -45.0000 2185.1177   19.1852
    7.5000    0.0000  -45.0000 2154.2246   19.4964
   -7.5000    7.5000  -45.0000 2178.4912   19.0935
    0.0000    7.5000  -45.0000 2175.4941   19.0340
    7.5000    7.5000  -45.0000 2146.4255   19.3537
   -7.5000   15.0000  -45.0000 2167.4097   19.2143
    0.0000   15.0000  -45.0000 2164.6165   19.1532
    7.5000   15.0000  -45.0000 2132.6697   19.4905
   -7.5000   22.5000  -45.0000 2148.9519   19.6544
    0.0000   22.5000  -45.0000 2147.5842   19.6088
    7.5000   22.5000  -45.0000 2111.5967   19.9947
   -7.5000   30.0000  -45.0000 2112.8909   20.5601
    0.0000   30.0000  -45.0000 2112.6504   20.5061
    7.5000   30.0000  -45.0000 2075.2844   20.9214
   -7.5000   37.5000  -45.0000 2064.1692   21.8643
    0.0000   37.5000  -45.0000 2067.9373   21.8172
    7.5000   37.5000  -45.0000 2031.6205   22.2955
   -7.5000   45.0000  -45.0000 1998.3167   23.5775
    0.0000   45.0000  -45.0000 1996.5780   23.4622
    7.5000   45.0000  -45.0000 1954.1959   23.9527
   -7.5000  -45.0000  -37.5000 2141.5881   20.3906
    0.0000  -45.0000  -37.5000 2156.0847   20.2220
    7.5000  -45.0000  -37.5000 2139.1887   20.5847
   -7.5000  -37.5000  -37.5000 2178.8547   19.4091
    0.0000  -37.5000  -37.5000 2196.2563   19.2358
    7.5000  -37.5000  -37.5000 2173.4443   19.5348
   -7.5000  -30.0000  -37.5000 2216.2000   18.7299
    0.0000  -30.0000  -37.5000 2235.1184   18.6271
    7.5000  -30.0000  -37.5000 2208.2939   18.8662
   -7.5000  -22.5000  -37.5000 2255.2341   18.2535
    0.0000  -22.5000  -37.5000 2269.7148   18.1647
    7.5000  -22.5000  -37.5000 2241.9080   18.4074
   -7.5000  -15.0000  -37.5000 2281.4033   17.9000
    0.0000  -15.0000  -37.5000 2290.9373   17.8677
    7.5000  -15.0000  -37.5000 2263.2302   18.1172
   -7.5000   -7.5000  -37.5000 2295.3140   17.7270
    0.0000   -7.5000  -37.5000 2300.8472   17.6835
    7.5000   -7.5000  -37.5000 2268.9321   17.8889
   -7.5000    0.0000  -37.5000 2291.5984   17.5824
    0.0000    0.0000  -37.5000 2299.1619   17.5316
    7.5000    0.0000  -37.5000 2266.1970   17.7274
   -7.5000    7.5000  -37.5000 2291.6311   17.5153
    0.0000    7.5000  -37.5000 2296.3870   17.4413
    7.5000    7.5000  -37.5000 2258.0964   17.6582
   -7.5000   15.0000  -37.5000 2275.5364   17.6492
    0.0000   15.0000  -37.5000 2281.1956   17.6025
    7.5000   15.0000  -37.5000 2246.4163   17.8800
   -7.5000   22.5000  -37.5000 2258.4688   18.0770
    0.0000   22.5000  -37.5000 2256.1357   18.0437
    7.5000   22.5000  -37.5000 2221.9795   18.3434
   -7.5000   30.0000  -37.5000 2223.3804   18.9157
    0.0000   30.0000  -37.5000 2223.8787   18.8712
    7.5000   30.0000  -37.5000 2186.5552   19.1506
   -7.5000   37.5000  -37.5000 2171.0925   20.0914
    0.0000   37.5000  -37.5000 2174.6313   20.0194
    7.5000   37.5000  -37.5000 2133.8909   20.3718
   -7.5000   45.0000  -37.5000 2092.0186   21.6043
    0.0000   45.0000  -37.5000 2096.1272   21.5178
    7.5000   45.0000  -37.5000 2056.0393   21.9132
   -7.5000  -45.0000  -30.0000 2263.2202   19.3833
    0.0000  -45.0000  -30.0000 2284.1985   19.2451
    7.5000  -45.0000  -30.0000 2266.8240   19.5976
   -7.5000  -37.5000  -30.0000 2311.5295   18.4548
    0.0000  -37.5000  -30.0000 2332.5007   18.3054
    7.5000  -37.5000  -30.0000 2307.8757   18.5868
   -7.5000  -30.0000  -30.0000 2354.6541   17.8000
    0.0000  -30.0000  -30.0000 2373.4365   17.6876
    7.5000  -30.0000  -30.0000 2349.3755   17.9246
   -7.5000  -22.5000  -30.0000 2398.3433   17.2759
    0.0000  -22.5000  -30.0000 2414.9136   17.2422
    7.5000  -22.5000  -30.0000 2389.9199   17.4323
   -7.5000  -15.0000  -30.0000 2424.5911   16.9088
    0.0000  -15.0000  -30.0000 2432.4807   16.9001
    7.5000  -15.0000  -30.0000 2402.5190   17.0818
   -7.5000   -7.5000  -30.0000 2444.8181   16.7233
    0.0000   -7.5000  -30.0000 2448.4248   16.6844
    7.5000   -7.5000  -30.0000 2420.4470   16.8467
   -7.5000    0.0000  -30.0000 2448.6653   16.6297
    0.0000    0.0000  -30.0000 2453.8308   16.5603
    7.5000    0.0000  -30.0000 2419.8799   16.7098
   -7.5000    7.5000  -30.0000 2448.2522   16.5972
    0.0000    7.5000  -30.0000 2454.5850   16.5336
    7.5000    7.5000  -30.0000 2414.4216   16.7114
   -7.5000   15.0000  -30.0000 2439.4216   16.7949
    0.0000   15.0000  -30.0000 2443.3972   16.7288
    7.5000   15.0000  -30.0000 2403.3604   16.9265
   -7.5000   22.5000  -30.0000 2421.8096   17.2400
    0.0000   22.5000  -30.0000 2423.8711   17.1980
    7.5000   22.5000  -30.0000 2378.1802   17.4383
   -7.5000   30.0000  -30.0000 2379.8115   18.0324
    0.0000   30.0000  -30.0000 2386.2891   18.0069
    7.5000   30.0000  -30.0000 2338.3323   18.2266
   -7.5000   37.5000  -30.0000 2316.9888   19.1339
    0.0000   37.5000  -30.0000 2324.9480   19.1082
    7.5000   37.5000  -30.0000 2278.4807   19.3761
   -7.5000   45.0000  -30.0000 2230.5916   20.5715
    0.0000   45.0000  -30.0000 2235.7080   20.5358
    7.5000   45.0000  -30.0000 2194.7844   20.8247
   -7.5000  -45.0000  -22.5000 2350.9941   18.5686
    0.0000  -45.0000  -22.5000 2375.7090   18.4241
    7.5000  -45.0000  -22.5000 2356.0452   18.6877
   -7.5000  -37.5000  -22.5000 2412.7935   17.5580
    0.0000  -37.5000  -22.5000 2431.2622   17.4034
    7.5000  -37.5000  -22.5000 2407.1858   17.6546
   -7.5000  -30.0000  -22.5000 2463.1934   16.8360
    0.0000  -30.0000  -22.5000 2483.2937   16.7230
    7.5000  -30.0000  -22.5000 2452.9602   16.9362
   -7.5000  -22.5000  -22.5000 2512.7048   16.2664
    0.0000  -22.5000  -22.5000 2528.8655   16.2437
    7.5000  -22.5000  -22.5000 2495.0444   16.4370
   -7.5000  -15.0000  -22.5000 2542.4038   15.8866
    0.0000  -15.0000  -22.5000 2546.3071   15.8854
    7.5000  -15.0000  -22.5000 2514.8149   16.0978
   -7.5000   -7.5000  -22.5000 2566.8667   15.6837
    0.0000   -7.5000  -22.5000 2569.9077   15.6910
    7.5000   -7.5000  -22.5000 2538.5891   15.8367
   -7.5000    0.0000  -22.5000 2574.9956   15.5592
    0.0000    0.0000  -22.5000 2576.9197   15.5442
    7.5000    0.0000  -22.5000 2546.2144   15.6887
   -7.5000    7.5000  -22.5000 2579.7639   15.5563
    0.0000    7.5000  -22.5000 2579.9766   15.5148
    7.5000    7.5000  -22.5000 2545.1750   15.6930
   -7.5000   15.0000  -22.5000 2577.3274   15.7888
    0.0000   15.0000  -22.5000 2580.0491   15.7303
    7.5000   15.0000  -22.5000 2533.9209   15.9131
   -7.5000   22.5000  -22.5000 2558.2520   16.2973
    0.0000   22.5000  -22.5000 2564.2034   16.2535
    7.5000   22.5000  -22.5000 2512.3066   16.4368
   -7.5000   30.0000  -22.5000 2508.3772   17.0631
    0.0000   30.0000  -22.5000 2522.6807   17.0286
    7.5000   30.0000  -22.5000 2467.6008   17.1987
   -7.5000   37.5000  -22.5000 2443.6843   18.0649
    0.0000   37.5000  -22.5000 2453.7678   18.0611
    7.5000   37.5000  -22.5000 2402.6128   18.2678
   -7.5000   45.0000  -22.5000 2345.6614   19.4143
    0.0000   45.0000  -22.5000 2357.8516   19.4117
    7.5000   45.0000  -22.5000 2313.3223   19.6895
   -7.5000  -45.0000  -15.0000 2417.2339   17.9126
    0.0000  -45.0000  -15.0000 2435.4404   17.7833
    7.5000  -45.0000  -15.0000 2413.2363   17.9902
   -7.5000  -37.5000  -15.0000 2478.9697   16.8090
    0.0000  -37.5000  -15.0000 2493.6851   16.6881
    7.5000  -37.5000  -15.0000 2464.6267   16.9438
   -7.5000  -30.0000  -15.0000 2529.1125   16.0302
    0.0000  -30.0000  -15.0000 2550.9629   15.9093
    7.5000  -30.0000  -15.0000 2517.4849   16.1585
   -7.5000  -22.5000  -15.0000 2577.3401   15.4329
    0.0000  -22.5000  -15.0000 2596.6406   15.3691
    7.5000  -22.5000  -15.0000 2565.3103   15.6074
   -7.5000  -15.0000  -15.0000 2614.7400   15.0888
    0.0000  -15.0000  -15.0000 2624.8145   15.0190
    7.5000  -15.0000  -15.0000 2594.2317   15.2462
   -7.5000   -7.5000  -15.0000 2646.6597   14.8267
    0.0000   -7.5000  -15.0000 2656.4880   14.8176
    7.5000   -7.5000  -15.0000 2617.9702   14.9749
   -7.5000    0.0000  -15.0000 2668.2009   14.6664
    0.0000    0.0000  -15.0000 2671.7905   14.6401
    7.5000    0.0000  -15.0000 2638.1123   14.8009
   -7.5000    7.5000  -15.0000 2679.3733   14.6559
    0.0000    7.5000  -15.0000 2680.2759   14.5973
    7.5000    7.5000  -15.0000 2642.7444   14.7724
   -7.5000   15.0000  -15.0000 2681.5300   14.8526
    0.0000   15.0000  -15.0000 2685.2874   14.8115
    7.5000   15.0000  -15.0000 2638.5825   14.9746
   -7.5000   22.5000  -15.0000 2666.3740   15.3581
    0.0000   22.5000  -15.0000 2677.9375   15.3409
    7.5000   22.5000  -15.0000 2620.4956   15.4752
   -7.5000   30.0000  -15.0000 2614.8882   16.1351
    0.0000   30.0000  -15.0000 2629.8857   16.1239
    7.5000   30.0000  -15.0000 2574.2654   16.2421
   -7.5000   37.5000  -15.0000 2540.8423   17.0810
    0.0000   37.5000  -15.0000 2552.0618   17.0738
    7.5000   37.5000  -15.0000 2500.2148   17.2678
   -7.5000   45.0000  -15.0000 2432.0947   18.3711
    0.0000   45.0000  -15.0000 2443.4849   18.3327
    7.5000   45.0000  -15.0000 2402.0193   18.5648
   -7.5000  -45.0000   -7.5000 2458.5618   17.4013
    0.0000  -45.0000   -7.5000 2470.4763   17.2552
    7.5000  -45.0000   -7.5000 2447.8586   17.4577
   -7.5000  -37.5000   -7.5000 2520.0613   16.2464
    0.0000  -37.5000   -7.5000 2526.3032   16.0991
    7.5000  -37.5000   -7.5000 2500.5322   16.3064
   -7.5000  -30.0000   -7.5000 2570.8894   15.3612
    0.0000  -30.0000   -7.5000 2583.9932   15.2299
    7.5000  -30.0000   -7.5000 2556.9761   15.4734
   -7.5000  -22.5000   -7.5000 2615.4219   14.7423
    0.0000  -22.5000   -7.5000 2630.0005   14.6399
    7.5000  -22.5000   -7.5000 2605.6306   14.9247
   -7.5000  -15.0000   -7.5000 2658.3157   14.3578
    0.0000  -15.0000   -7.5000 2673.5100   14.3028
    7.5000  -15.0000   -7.5000 2646.1853   14.5310
   -7.5000   -7.5000   -7.5000 2703.6062   14.1087
    0.0000   -7.5000   -7.5000 2717.0232   14.0336
    7.5000   -7.5000   -7.5000 2678.7917   14.2281
   -7.5000    0.0000   -7.5000 2741.9285   13.9284
    0.0000    0.0000   -7.5000 2752.9634   13.8764
    7.5000    0.0000   -7.5000 2712.3032   14.0506
   -7.5000    7.5000   -7.5000 2767.2690   13.9175
    0.0000    7.5000   -7.5000 2775.9849   13.8612
    7.5000    7.5000   -7.5000 2735.0737   14.0170
   -7.5000   15.0000   -7.5000 2776.6707   14.0978
    0.0000   15.0000   -7.5000 2789.6277   14.0655
    7.5000   15.0000   -7.5000 2738.3442   14.2277
   -7.5000   22.5000   -7.5000 2759.1748   14.5930
    0.0000   22.5000   -7.5000 2776.5806   14.5617
    7.5000   22.5000   -7.5000 2718.3472   14.7152
   -7.5000   30.0000   -7.5000 2703.2080   15.3357
    0.0000   30.0000   -7.5000 2718.9814   15.2958
    7.5000   30.0000   -7.5000 2665.7134   15.4348
   -7.5000   37.5000   -7.5000 2613.3035   16.2552
    0.0000   37.5000   -7.5000 2628.2715   16.2242
    7.5000   37.5000   -7.5000 2584.9832   16.4099
   -7.5000   45.0000   -7.5000 2498.4343   17.5077
    0.0000   45.0000   -7.5000 2513.9006   17.4287
    7.5000   45.0000   -7.5000 2474.2024   17.6705
   -7.5000  -45.0000    0.0000 2482.8389   17.1121
    0.0000  -45.0000    0.0000 2493.0137   16.9380
    7.5000  -45.0000    0.0000 2473.0181   17.1525
   -7.5000  -37.5000    0.0000 2537.2029   15.8832
    0.0000  -37.5000    0.0000 2550.7742   15.7077
    7.5000  -37.5000    0.0000 2527.6699   15.8995
   -7.5000  -30.0000    0.0000 2591.8831   14.8996
    0.0000  -30.0000    0.0000 2607.4490   14.7602
    7.5000  -30.0000    0.0000 2579.3320   14.9856
   -7.5000  -22.5000    0.0000 2646.2668   14.2791
    0.0000  -22.5000    0.0000 2658.4631   14.0933
    7.5000  -22.5000    0.0000 2628.9819   14.3987
   -7.5000  -15.0000    0.0000 2693.2095   13.8529
    0.0000  -15.0000    0.0000 2707.4690   13.6849
    7.5000  -15.0000    0.0000 2678.1069   13.9767
   -7.5000   -7.5000    0.0000 2742.5176   13.5390
    0.0000   -7.5000    0.0000 2755.9373   13.4096
    7.5000   -7.5000    0.0000 2722.7966   13.6842
   -7.5000    0.0000    0.0000 2798.2612   13.3836
    0.0000    0.0000    0.0000 2814.4561   13.2795
    7.5000    0.0000    0.0000 2771.1750   13.5308
   -7.5000    7.5000    0.0000 2842.5720   13.3752
    0.0000    7.5000    0.0000 2864.1343   13.3203
    7.5000    7.5000    0.0000 2807.2754   13.5104
   -7.5000   15.0000    0.0000 2864.6929   13.5521
    0.0000   15.0000    0.0000 2888.3799   13.4954
    7.5000   15.0000    0.0000 2818.3931   13.7181
   -7.5000   22.5000    0.0000 2836.0825   14.0357
    0.0000   22.5000    0.0000 2866.3508   13.9587
    7.5000   22.5000    0.0000 2799.5459   14.1694
   -7.5000   30.0000    0.0000 2765.6868   14.7304
    0.0000   30.0000    0.0000 2788.5657   14.6469
    7.5000   30.0000    0.0000 2730.6931   14.8610
   -7.5000   37.5000    0.0000 2662.5522   15.6779
    0.0000   37.5000    0.0000 2681.7773   15.5919
    7.5000   37.5000    0.0000 2633.0164   15.8208
   -7.5000   45.0000    0.0000 2539.7996   16.9115
    0.0000   45.0000    0.0000 2557.0095   16.8066
    7.5000   45.0000    0.0000 2514.7683   17.0594
   -7.5000  -45.0000    7.5000 2493.5442   16.9640
    0.0000  -45.0000    7.5000 2510.5698   16.7714
    7.5000  -45.0000    7.5000 2483.2866   17.0353
   -7.5000  -37.5000    7.5000 2545.9900   15.6458
    0.0000  -37.5000    7.5000 2570.2861   15.4696
    7.5000  -37.5000    7.5000 2544.5125   15.7131
   -7.5000  -30.0000    7.5000 2597.7871   14.6214
    0.0000  -30.0000    7.5000 2618.7883   14.4285
    7.5000  -30.0000    7.5000 2590.3081   14.6674
   -7.5000  -22.5000    7.5000 2656.2173   13.9654
    0.0000  -22.5000    7.5000 2668.8181   13.7487
    7.5000  -22.5000    7.5000 2640.3152   14.0535
   -7.5000  -15.0000    7.5000 2708.8777   13.5138
    0.0000  -15.0000    7.5000 2723.7935   13.2992
    7.5000  -15.0000    7.5000 2687.8215   13.6211
   -7.5000   -7.5000    7.5000 2762.3647   13.2137
    0.0000   -7.5000    7.5000 2779.4841   12.9899
    7.5000   -7.5000    7.5000 2740.2283   13.3444
   -7.5000    0.0000    7.5000 2823.9690   13.0886
    0.0000    0.0000    7.5000 2851.3965   12.8726
    7.5000    0.0000    7.5000 2799.3599   13.2038
   -7.5000    7.5000    7.5000 2883.0989   13.1401
    0.0000    7.5000    7.5000 2918.1567   12.9393
    7.5000    7.5000    7.5000 2849.1414   13.2540
   -7.5000   15.0000    7.5000 2920.3962   13.2906
    0.0000   15.0000    7.5000 2956.7324   13.1147
    7.5000   15.0000    7.5000 2871.6516   13.4739
   -7.5000   22.5000    7.5000 2890.7822   13.6828
    0.0000   22.5000    7.5000 2926.7795   13.4934
    7.5000   22.5000    7.5000 2848.8511   13.8732
   -7.5000   30.0000    7.5000 2802.7114   14.3558
    0.0000   30.0000    7.5000 2827.5862   14.1707
    7.5000   30.0000    7.5000 2771.1162   14.5255
   -7.5000   37.5000    7.5000 2683.3652   15.3270
    0.0000   37.5000    7.5000 2706.2334   15.2019
    7.5000   37.5000    7.5000 2661.7434   15.4683
   -7.5000   45.0000    7.5000 2554.7446   16.6134
    0.0000   45.0000    7.5000 2567.7766   16.4645
    7.5000   45.0000    7.5000 2534.2747   16.7437
   -7.5000  -45.0000   15.0000 2477.2937   16.9940
    0.0000  -45.0000   15.0000 2492.9958   16.7904
    7.5000  -45.0000   15.0000 2469.8601   17.0453
   -7.5000  -37.5000   15.0000 2534.6270   15.6014
    0.0000  -37.5000   15.0000 2563.2041   15.4058
    7.5000  -37.5000   15.0000 2533.3154   15.6337
   -7.5000  -30.0000   15.0000 2588.7913   14.5473
    0.0000  -30.0000   15.0000 2616.4053   14.3331
    7.5000  -30.0000   15.0000 2583.8953   14.5794
   -7.5000  -22.5000   15.0000 2643.5691   13.8536
    0.0000  -22.5000   15.0000 2662.9780   13.6396
    7.5000  -22.5000   15.0000 2626.7996   13.9327
   -7.5000  -15.0000   15.0000 2695.2185   13.3818
    0.0000  -15.0000   15.0000 2715.9224   13.1549
    7.5000  -15.0000   15.0000 2676.9429   13.4784
   -7.5000   -7.5000   15.0000 2750.9121   13.1229
    0.0000   -7.5000   15.0000 2774.1279   12.8590
    7.5000   -7.5000   15.0000 2731.2593   13.2238
   -7.5000    0.0000   15.0000 2813.0933   13.0638
    0.0000    0.0000   15.0000 2844.2446   12.7670
    7.5000    0.0000   15.0000 2790.6694   13.1527
   -7.5000    7.5000   15.0000 2873.7539   13.1890
    0.0000    7.5000   15.0000 2912.5291   12.8901
    7.5000    7.5000   15.0000 2843.8159   13.2698
   -7.5000   15.0000   15.0000 2914.7490   13.4104
    0.0000   15.0000   15.0000 2955.5435   13.1287
    7.5000   15.0000   15.0000 2868.8906   13.5247
   -7.5000   22.5000   15.0000 2883.6367   13.7111
    0.0000   22.5000   15.0000 2922.2241   13.4898
    7.5000   22.5000   15.0000 2847.4341   13.8699
   -7.5000   30.0000   15.0000 2800.9065   14.3031
    0.0000   30.0000   15.0000 2834.2361   14.1419
    7.5000   30.0000   15.0000 2774.3926   14.4676
   -7.5000   37.5000   15.0000 2679.5249   15.2509
    0.0000   37.5000   15.0000 2708.9114   15.1226
    7.5000   37.5000   15.0000 2663.7595   15.3884
   -7.5000   45.0000   15.0000 2540.0686   16.5403
    0.0000   45.0000   15.0000 2557.6702   16.4494
    7.5000   45.0000   15.0000 2525.3782   16.6699
   -7.5000  -45.0000   22.5000 2440.9648   17.2234
    0.0000  -45.0000   22.5000 2460.7114   17.0390
    7.5000  -45.0000   22.5000 2434.6912   17.2437
   -7.5000  -37.5000   22.5000 2501.7397   15.7714
    0.0000  -37.5000   22.5000 2531.8542   15.5405
    7.5000  -37.5000   22.5000 2498.6702   15.7868
   -7.5000  -30.0000   22.5000 2561.3728   14.7085
    0.0000  -30.0000   22.5000 2585.3757   14.4260
    7.5000  -30.0000   22.5000 2552.6218   14.7167
   -7.5000  -22.5000   22.5000 2610.1345   14.0275
    0.0000  -22.5000   22.5000 2638.2700   13.7692
    7.5000  -22.5000   22.5000 2604.6272   14.0977
   -7.5000  -15.0000   22.5000 2661.7231   13.6077
    0.0000  -15.0000   22.5000 2686.4861   13.3670
    7.5000  -15.0000   22.5000 2650.4265   13.6787
   -7.5000   -7.5000   22.5000 2712.6450   13.3727
    0.0000   -7.5000   22.5000 2740.3323   13.1515
    7.5000   -7.5000   22.5000 2705.5684   13.4550
   -7.5000    0.0000   22.5000 2769.8232   13.3160
    0.0000    0.0000   22.5000 2799.9692   13.0883
    7.5000    0.0000   22.5000 2757.6580   13.4078
   -7.5000    7.5000   22.5000 2822.9583   13.4613
    0.0000    7.5000   22.5000 2859.7791   13.2026
    7.5000    7.5000   22.5000 2803.5237   13.5359
   -7.5000   15.0000   22.5000 2850.4136   13.6689
    0.0000   15.0000   22.5000 2881.9248   13.4244
    7.5000   15.0000   22.5000 2816.2388   13.7504
   -7.5000   22.5000   22.5000 2823.6848   14.0593
    0.0000   22.5000   22.5000 2853.5908   13.8903
    7.5000   22.5000   22.5000 2788.8765   14.1612
   -7.5000   30.0000   22.5000 2754.3811   14.6807
    0.0000   30.0000   22.5000 2780.5359   14.5607
    7.5000   30.0000   22.5000 2727.2681   14.8047
   -7.5000   37.5000   22.5000 2649.5088   15.5609
    0.0000   37.5000   22.5000 2672.7283   15.4282
    7.5000   37.5000   22.5000 2627.9487   15.6746
   -7.5000   45.0000   22.5000 2515.3721   16.7724
    0.0000   45.0000   22.5000 2531.6445   16.6160
    7.5000   45.0000   22.5000 2502.9236   16.8646
   -7.5000  -45.0000   30.0000 2387.5938   17.7139
    0.0000  -45.0000   30.0000 2413.2419   17.5061
    7.5000  -45.0000   30.0000 2394.7781   17.7780
   -7.5000  -37.5000   30.0000 2450.9026   16.2764
    0.0000  -37.5000   30.0000 2475.1260   16.0462
    7.5000  -37.5000   30.0000 2453.3423   16.3242
   -7.5000  -30.0000   30.0000 2509.9749   15.2049
    0.0000  -30.0000   30.0000 2531.4839   14.9557
    7.5000  -30.0000   30.0000 2506.1968   15.2265
   -7.5000  -22.5000   30.0000 2560.7808   14.5892
    0.0000  -22.5000   30.0000 2588.2434   14.3475
    7.5000  -22.5000   30.0000 2556.9939   14.6302
   -7.5000  -15.0000   30.0000 2605.3804   14.1648
    0.0000  -15.0000   30.0000 2636.7434   13.9487
    7.5000  -15.0000   30.0000 2597.3462   14.1881
   -7.5000   -7.5000   30.0000 2653.7659   13.9172
    0.0000   -7.5000   30.0000 2688.0024   13.7041
    7.5000   -7.5000   30.0000 2647.3860   13.9548
   -7.5000    0.0000   30.0000 2704.4739   13.8268
    0.0000    0.0000   30.0000 2735.4255   13.6018
    7.5000    0.0000   30.0000 2695.2327   13.8926
   -7.5000    7.5000   30.0000 2741.5046   13.9170
    0.0000    7.5000   30.0000 2778.4456   13.6557
    7.5000    7.5000   30.0000 2730.8979   13.9934
   -7.5000   15.0000   30.0000 2757.7012   14.1302
    0.0000   15.0000   30.0000 2784.4360   13.8922
    7.5000   15.0000   30.0000 2733.5786   14.1943
   -7.5000   22.5000   30.0000 2730.3188   14.5916
    0.0000   22.5000   30.0000 2752.4961   14.3923
    7.5000   22.5000   30.0000 2703.6816   14.6652
   -7.5000   30.0000   30.0000 2669.8516   15.2557
    0.0000   30.0000   30.0000 2693.3074   15.1001
    7.5000   30.0000   30.0000 2645.1404   15.3322
   -7.5000   37.5000   30.0000 2574.5000   16.1627
    0.0000   37.5000   30.0000 2593.9829   16.0268
    7.5000   37.5000   30.0000 2546.6985   16.2376
   -7.5000   45.0000   30.0000 2458.2654   17.3013
    0.0000   45.0000   30.0000 2474.4360   17.2228
    7.5000   45.0000   30.0000 2438.7454   17.4248
   -7.5000  -45.0000   37.5000 2332.9453   18.6349
    0.0000  -45.0000   37.5000 2361.2190   18.4486
    7.5000  -45.0000   37.5000 2346.8086   18.7171
   -7.5000  -37.5000   37.5000 2395.3271   17.1526
    0.0000  -37.5000   37.5000 2419.6440   16.9444
    7.5000  -37.5000   37.5000 2405.4331   17.1907
   -7.5000  -30.0000   37.5000 2444.7788   16.0424
    0.0000  -30.0000   37.5000 2469.2104   15.8226
    7.5000  -30.0000   37.5000 2453.0476   16.0633
   -7.5000  -22.5000   37.5000 2495.6846   15.3649
    0.0000  -22.5000   37.5000 2524.6479   15.1566
    7.5000  -22.5000   37.5000 2496.6196   15.3875
   -7.5000  -15.0000   37.5000 2539.5027   14.9381
    0.0000  -15.0000   37.5000 2572.0757   14.7454
    7.5000  -15.0000   37.5000 2537.0210   14.9811
   -7.5000   -7.5000   37.5000 2586.0452   14.6779
    0.0000   -7.5000   37.5000 2617.9888   14.4823
    7.5000   -7.5000   37.5000 2577.0103   14.7111
   -7.5000    0.0000   37.5000 2623.5000   14.5646
    0.0000    0.0000   37.5000 2655.3613   14.3380
    7.5000    0.0000   37.5000 2609.2751   14.6352
   -7.5000    7.5000   37.5000 2649.0911   14.6086
    0.0000    7.5000   37.5000 2684.5703   14.4145
    7.5000    7.5000   37.5000 2638.7332   14.7320
   -7.5000   15.0000   37.5000 2659.4604   14.8641
    0.0000   15.0000   37.5000 2683.5576   14.6996
    7.5000   15.0000   37.5000 2638.1157   14.9884
   -7.5000   22.5000   37.5000 2628.0757   15.3802
    0.0000   22.5000   37.5000 2646.4021   15.2170
    7.5000   22.5000   37.5000 2608.1831   15.4965
   -7.5000   30.0000   37.5000 2562.8967   16.0604
    0.0000   30.0000   37.5000 2584.2686   15.9133
    7.5000   30.0000   37.5000 2544.6589   16.1673
   -7.5000   37.5000   37.5000 2485.2498   16.9636
    0.0000   37.5000   37.5000 2505.6519   16.8205
    7.5000   37.5000   37.5000 2460.9778   17.0579
   -7.5000   45.0000   37.5000 2387.8330   18.0645
    0.0000   45.0000   37.5000 2399.8560   17.9578
    7.5000   45.0000   37.5000 2365.5896   18.2042
   -7.5000  -45.0000   45.0000 2262.1025   19.8671
    0.0000  -45.0000   45.0000 2287.4619   19.6632
    7.5000  -45.0000   45.0000 2273.2310   19.9396
   -7.5000  -37.5000   45.0000 2326.3259   18.2784
    0.0000  -37.5000   45.0000 2354.0989   18.0454
    7.5000  -37.5000   45.0000 2338.8845   18.3005
   -7.5000  -30.0000   45.0000 2375.1206   17.1000
    0.0000  -30.0000   45.0000 2407.3281   16.8676
    7.5000  -30.0000   45.0000 2387.5520   17.0938
   -7.5000  -22.5000   45.0000 2425.2996   16.3430
    0.0000  -22.5000   45.0000 2458.7708   16.1333
    7.5000  -22.5000   45.0000 2428.1521   16.3840
   -7.5000  -15.0000   45.0000 2466.5647   15.8998
    0.0000  -15.0000   45.0000 2498.8489   15.7195
    7.5000  -15.0000   45.0000 2466.0132   15.9269
   -7.5000   -7.5000   45.0000 2504.6011   15.6088
    0.0000   -7.5000   45.0000 2535.8286   15.4326
    7.5000   -7.5000   45.0000 2500.1787   15.6522
   -7.5000    0.0000   45.0000 2534.8623   15.5100
    0.0000    0.0000   45.0000 2565.8311   15.3085
    7.5000    0.0000   45.0000 2524.2769   15.5773
   -7.5000    7.5000   45.0000 2551.5266   15.6056
    0.0000    7.5000   45.0000 2580.5530   15.4322
    7.5000    7.5000   45.0000 2540.2695   15.7162
   -7.5000   15.0000   45.0000 2548.7563   15.8804
    0.0000   15.0000   45.0000 2572.7327   15.7321
    7.5000   15.0000   45.0000 2533.6899   16.0076
   -7.5000   22.5000   45.0000 2521.7112   16.4442
    0.0000   22.5000   45.0000 2541.2336   16.3029
    7.5000   22.5000   45.0000 2504.7185   16.5611
   -7.5000   30.0000   45.0000 2463.3726   17.1566
    0.0000   30.0000   45.0000 2478.0015   17.0440
    7.5000   30.0000   45.0000 2447.3384   17.3040
   -7.5000   37.5000   45.0000 2392.2244   18.0473
    0.0000   37.5000   45.0000 2410.3730   17.9410
    7.5000   37.5000   45.0000 2372.8499   18.1864
   -7.5000   45.0000   45.0000 2301.9280   19.0898
    0.0000   45.0000   45.0000 2318.7959   18.9724
    7.5000   45.0000   45.0000 2288.0137   19.2244

---------------------------------------------------------------------
imgreg_4dfp /opt/freesurfer/average/711-2C_as_mni_average_305 /opt/freesurfer/average/711-2B_as_mni_average_305_mask talsrcimg_g11 none talsrcimg_to_711-2C_as_mni_average_305_t4 1283
---------------------------------------------------------------------

freesurfer imgreg_4dfp.c
/opt/freesurfer/average/711-2C_as_mni_average_305.4dfp.img
       256       256       256         1
  1.000000  1.000000  1.000000
orientation T byte_order littleendian
Reading image: /opt/freesurfer/average/711-2C_as_mni_average_305.4dfp.img
dimensions:      256       256       256
mmppix:       1.0000   -1.0000   -1.0000
center:     128.0000 -129.0000 -129.0000
/opt/freesurfer/average/711-2B_as_mni_average_305_mask.4dfp.img
       256       256       256         1
  1.000000  1.000000  1.000000
orientation T byte_order littleendian
Reading mask: /opt/freesurfer/average/711-2B_as_mni_average_305_mask.4dfp.img (2306576 pixels)
talsrcimg_g11.4dfp.img
       256       256       256         1
  1.000000  1.000000  1.000000
orientation T byte_order littleendian
Reading image: talsrcimg_g11.4dfp.img
dimensions:      256       256       256
mmppix:       1.0000   -1.0000   -1.0000
center:     128.0000 -129.0000 -129.0000
rotation matrix determinant  1.000000
fimgreg.f
image alignment mode   1283 decimal      503 hex
parameters
    0.0000   15.0000    7.5000    0.0000    0.0000    0.0000
eta,q 0.92603 13.16206
niter,ni,del,rscale     5    3   12.0000    1.2000
parameter  4216.824509 ->  0.500000 qaram    1.1500
parameters
   -1.8154   15.4545    9.7239   -3.4500   -1.2233    2.6531
eta,q 0.93137 13.06497
  0.0807  0.0815  0.0857  0.0678  0.0733  0.0781
  0.0749  0.0768  0.0772  0.0687  0.0706  0.0744
  0.0732  0.0735  0.0733  0.0713  0.0692  0.0712
  0.0750  0.0730  0.0727  0.0738  0.0693  0.0690
  0.0796  0.0736  0.0736  0.0753  0.0713  0.0686
  0.0866  0.0752  0.0736  0.0766  0.0745  0.0688
  0.0949  0.0790  0.0728  0.0792  0.0779  0.0697
niter,ni,del,rscale     5    3   12.0000    1.2000
parameters
   -1.1346   17.3696    9.8394   -6.8559   -2.5420    2.4562
eta,q 0.93516 12.98793
  0.0857  0.0814  0.0732  0.0669  0.0692  0.0706
  0.0781  0.0751  0.0699  0.0653  0.0664  0.0669
  0.0723  0.0703  0.0681  0.0655  0.0651  0.0648
  0.0686  0.0682  0.0668  0.0668  0.0652  0.0649
  0.0686  0.0668  0.0677  0.0691  0.0670  0.0661
  0.0728  0.0670  0.0701  0.0724  0.0706  0.0679
  0.0804  0.0711  0.0725  0.0769  0.0758  0.0707
niter,ni,del,rscale     4    3   12.0000    1.2000
parameter  4  0.603991 ->  0.500000 qaram    1.3225
parameters
   -0.8459   19.7921    8.7974  -10.8234   -3.3045    3.5058
eta,q 0.93726 12.97509
  0.0815  0.0774  0.0694  0.0635  0.0676  0.0700
  0.0734  0.0729  0.0672  0.0624  0.0641  0.0660
  0.0676  0.0679  0.0653  0.0634  0.0632  0.0635
  0.0648  0.0648  0.0647  0.0647  0.0626  0.0628
  0.0660  0.0646  0.0667  0.0663  0.0633  0.0628
  0.0712  0.0650  0.0702  0.0696  0.0665  0.0637
  0.0789  0.0666  0.0744  0.0744  0.0716  0.0660
niter,ni,del,rscale     4    3   12.0000    1.2000
parameters
   -0.6271   20.5170    7.9117  -10.5608   -3.4188    3.4458
eta,q 0.93763 13.05449
  0.0773  0.0758  0.0662  0.0728  0.0681  0.0684
  0.0696  0.0705  0.0643  0.0672  0.0642  0.0647
  0.0647  0.0658  0.0627  0.0622  0.0628  0.0631
  0.0627  0.0626  0.0619  0.0621  0.0623  0.0624
  0.0630  0.0617  0.0622  0.0646  0.0624  0.0629
  0.0674  0.0650  0.0659  0.0669  0.0647  0.0650
  0.0761  0.0722  0.0721  0.0703  0.0686  0.0686
niter,ni,del,rscale     3    3   12.0000    1.2000
parameters
   -0.6939   20.3383    7.9322  -10.4631   -3.3250    3.4333
eta,q 0.93747 13.04747
  0.0759  0.0734  0.0681  0.0723  0.0687  0.0685
  0.0682  0.0682  0.0650  0.0665  0.0646  0.0648
  0.0637  0.0646  0.0636  0.0621  0.0630  0.0632
  0.0624  0.0624  0.0625  0.0625  0.0625  0.0625
  0.0635  0.0634  0.0620  0.0649  0.0625  0.0631
  0.0684  0.0682  0.0638  0.0668  0.0645  0.0651
  0.0768  0.0760  0.0693  0.0704  0.0684  0.0685
niter,ni,del,rscale     2    3   12.0000    1.2000
parameters
   -0.7098   20.3124    7.9241  -10.4533   -3.3088    3.4347
eta,q 0.93744 13.04692
  0.0763  0.0737  0.0680  0.0720  0.0685  0.0686
  0.0686  0.0685  0.0650  0.0662  0.0646  0.0648
  0.0639  0.0648  0.0636  0.0620  0.0630  0.0632
  0.0625  0.0625  0.0625  0.0626  0.0626  0.0626
  0.0636  0.0631  0.0621  0.0649  0.0625  0.0631
  0.0684  0.0676  0.0639  0.0669  0.0647  0.0651
  0.0768  0.0752  0.0693  0.0705  0.0686  0.0685
registration optimization eta report
parameter search radius
    6.0000    6.0000    6.0000    7.9350    6.0000    6.0000
100000*second partial in parameter space
       40.       33.       18.       14.       17.       17.
  0.0763  0.0737  0.0680  0.0720  0.0685  0.0686
  0.0686  0.0685  0.0650  0.0662  0.0646  0.0648
  0.0639  0.0648  0.0636  0.0620  0.0630  0.0632
  0.0625  0.0625  0.0625  0.0626  0.0626  0.0626
  0.0636  0.0631  0.0621  0.0649  0.0625  0.0631
  0.0684  0.0676  0.0639  0.0669  0.0647  0.0651
  0.0768  0.0752  0.0693  0.0705  0.0686  0.0685
   -0.7098   20.3124    7.9241  -10.4533   -3.3088    3.4347
eta,q 0.93744 13.04692

---------------------------------------------------------------------
imgreg_4dfp /opt/freesurfer/average/711-2C_as_mni_average_305 /opt/freesurfer/average/711-2B_as_mni_average_305_mask talsrcimg_g11 none talsrcimg_to_711-2C_as_mni_average_305_t4 3335
---------------------------------------------------------------------

freesurfer imgreg_4dfp.c
/opt/freesurfer/average/711-2C_as_mni_average_305.4dfp.img
       256       256       256         1
  1.000000  1.000000  1.000000
orientation T byte_order littleendian
Reading image: /opt/freesurfer/average/711-2C_as_mni_average_305.4dfp.img
dimensions:      256       256       256
mmppix:       1.0000   -1.0000   -1.0000
center:     128.0000 -129.0000 -129.0000
/opt/freesurfer/average/711-2B_as_mni_average_305_mask.4dfp.img
       256       256       256         1
  1.000000  1.000000  1.000000
orientation T byte_order littleendian
Reading mask: /opt/freesurfer/average/711-2B_as_mni_average_305_mask.4dfp.img (2306576 pixels)
talsrcimg_g11.4dfp.img
       256       256       256         1
  1.000000  1.000000  1.000000
orientation T byte_order littleendian
Reading image: talsrcimg_g11.4dfp.img
dimensions:      256       256       256
mmppix:       1.0000   -1.0000   -1.0000
center:     128.0000 -129.0000 -129.0000
fimgreg.f
image alignment mode   3335 decimal      D07 hex
parameters
   -0.7098   20.3124    7.9241   -0.3460   -1.8991   -1.8236
   -6.9369    4.5787    5.9810   18.4509   -5.7717  -18.1132
eta,q 0.94060 13.02269
niter,ni,del,rscale     5    3    5.0000    1.2000
parameter  4  2.171571 ->  0.500000 qaram    1.1500
parameter  5  2.484001 ->  0.500000 qaram    1.1500
parameter  6  1.887664 ->  0.500000 qaram    1.1500
parameter 12 -1.042771 -> -0.500000 qaram    1.1500
parameters
   -0.8255   20.5728    7.9709   -4.4860   -6.0391   -5.9636
   -5.4055    4.6235    4.7910   16.0828   -5.7753  -13.9732
eta,q 0.96099 12.38121
  0.0621  0.0613  0.0606  0.0501  0.0458  0.0390  0.0465  0.0471  0.0427  0.0424  0.0427  0.0463
  0.0605  0.0604  0.0599  0.0523  0.0474  0.0406  0.0441  0.0439  0.0417  0.0411  0.0415  0.0441
  0.0596  0.0597  0.0595  0.0553  0.0499  0.0438  0.0423  0.0418  0.0411  0.0406  0.0408  0.0421
  0.0594  0.0594  0.0593  0.0593  0.0530  0.0480  0.0413  0.0411  0.0411  0.0411  0.0406  0.0406
  0.0599  0.0594  0.0595  0.0639  0.0564  0.0531  0.0412  0.0418  0.0417  0.0425  0.0409  0.0395
  0.0609  0.0598  0.0599  0.0687  0.0600  0.0583  0.0419  0.0438  0.0427  0.0444  0.0416  0.0389
  0.0626  0.0607  0.0605  0.0741  0.0639  0.0639  0.0435  0.0469  0.0441  0.0466  0.0426  0.0386
niter,ni,del,rscale     7    3    5.0000    1.2000
parameter  4  0.809043 ->  0.500000 qaram    1.3225
parameter  5  0.750344 ->  0.500000 qaram    1.3225
parameter  6  0.558040 ->  0.500000 qaram    1.3225
parameter 12 -0.594612 -> -0.500000 qaram    1.3225
parameters
   -0.7762   21.1257    7.5804   -9.2470  -10.8001  -10.7246
   -4.6443    4.9007    5.7711   15.3212   -6.4152   -9.2122
eta,q 0.96808 11.81866
  0.0435  0.0433  0.0404  0.0355  0.0340  0.0334  0.0364  0.0383  0.0352  0.0347  0.0337  0.0357
  0.0411  0.0414  0.0393  0.0356  0.0340  0.0328  0.0345  0.0355  0.0340  0.0333  0.0329  0.0343
  0.0396  0.0399  0.0388  0.0366  0.0345  0.0325  0.0332  0.0334  0.0330  0.0325  0.0325  0.0332
  0.0390  0.0390  0.0388  0.0387  0.0358  0.0340  0.0326  0.0326  0.0326  0.0325  0.0324  0.0324
  0.0394  0.0388  0.0394  0.0422  0.0380  0.0377  0.0327  0.0330  0.0326  0.0331  0.0327  0.0320
  0.0408  0.0394  0.0404  0.0472  0.0411  0.0428  0.0336  0.0348  0.0331  0.0341  0.0333  0.0319
  0.0432  0.0407  0.0419  0.0526  0.0448  0.0488  0.0351  0.0376  0.0341  0.0357  0.0341  0.0322
niter,ni,del,rscale     7    3    5.0000    1.2000
parameters
   -0.7423   20.8649    7.2168  -11.5891  -12.5790  -12.9457
   -4.9119    5.1323    6.0417   14.2224   -5.6261   -9.5015
eta,q 0.96809 11.45132
  0.0360  0.0341  0.0331  0.0337  0.0340  0.0345  0.0349  0.0371  0.0340  0.0340  0.0328  0.0339
  0.0338  0.0327  0.0323  0.0325  0.0326  0.0330  0.0333  0.0345  0.0330  0.0325  0.0324  0.0328
  0.0324  0.0320  0.0318  0.0319  0.0319  0.0322  0.0324  0.0327  0.0324  0.0319  0.0321  0.0321
  0.0319  0.0319  0.0318  0.0318  0.0319  0.0318  0.0321  0.0321  0.0321  0.0321  0.0319  0.0319
  0.0323  0.0325  0.0322  0.0326  0.0325  0.0326  0.0325  0.0325  0.0323  0.0327  0.0319  0.0322
  0.0336  0.0336  0.0330  0.0348  0.0342  0.0359  0.0337  0.0340  0.0328  0.0338  0.0321  0.0330
  0.0358  0.0352  0.0342  0.0389  0.0369  0.0415  0.0353  0.0366  0.0338  0.0353  0.0325  0.0341
niter,ni,del,rscale     6    3    5.0000    1.2000
parameters
   -0.7352   20.8252    7.0520  -11.7817  -12.8564  -13.4439
   -5.0186    5.1130    5.6474   14.1186   -5.5029   -9.6294
eta,q 0.96809 11.39174
  0.0355  0.0345  0.0331  0.0348  0.0350  0.0356  0.0348  0.0366  0.0337  0.0348  0.0327  0.0340
  0.0335  0.0330  0.0324  0.0331  0.0332  0.0336  0.0332  0.0341  0.0327  0.0330  0.0323  0.0328
  0.0323  0.0321  0.0320  0.0322  0.0322  0.0323  0.0322  0.0324  0.0321  0.0320  0.0321  0.0322
  0.0319  0.0319  0.0319  0.0319  0.0319  0.0319  0.0319  0.0319  0.0319  0.0319  0.0319  0.0319
  0.0323  0.0323  0.0321  0.0320  0.0322  0.0319  0.0323  0.0324  0.0323  0.0324  0.0319  0.0322
  0.0335  0.0332  0.0326  0.0329  0.0334  0.0334  0.0334  0.0341  0.0330  0.0333  0.0322  0.0329
  0.0355  0.0346  0.0335  0.0353  0.0355  0.0375  0.0350  0.0367  0.0341  0.0346  0.0327  0.0341
niter,ni,del,rscale     5    3    5.0000    1.2000
parameters
   -0.7371   20.8532    6.9964  -11.8114  -12.9234  -13.4896
   -5.0035    5.0957    5.5913   14.1605   -5.5305   -9.7138
eta,q 0.96808 11.38487
  0.0354  0.0347  0.0332  0.0348  0.0351  0.0359  0.0349  0.0366  0.0338  0.0349  0.0327  0.0340
  0.0335  0.0331  0.0325  0.0331  0.0333  0.0338  0.0333  0.0341  0.0328  0.0330  0.0323  0.0329
  0.0323  0.0322  0.0321  0.0322  0.0322  0.0324  0.0323  0.0324  0.0321  0.0320  0.0320  0.0322
  0.0319  0.0319  0.0319  0.0319  0.0319  0.0319  0.0319  0.0319  0.0319  0.0319  0.0319  0.0319
  0.0323  0.0323  0.0321  0.0320  0.0322  0.0318  0.0322  0.0324  0.0322  0.0324  0.0320  0.0322
  0.0335  0.0331  0.0326  0.0329  0.0333  0.0330  0.0333  0.0340  0.0328  0.0333  0.0322  0.0329
  0.0354  0.0344  0.0334  0.0351  0.0353  0.0367  0.0349  0.0367  0.0339  0.0345  0.0327  0.0341
niter,ni,del,rscale     4    3    5.0000    1.2000
parameters
   -0.7406   20.8679    6.9795  -11.8065  -12.9293  -13.4884
   -4.9980    5.0902    5.6075   14.1913   -5.5545   -9.7440
eta,q 0.96807 11.38600
  0.0354  0.0346  0.0333  0.0349  0.0352  0.0360  0.0349  0.0366  0.0339  0.0349  0.0327  0.0340
  0.0335  0.0331  0.0325  0.0331  0.0334  0.0338  0.0333  0.0341  0.0328  0.0330  0.0323  0.0329
  0.0323  0.0322  0.0321  0.0322  0.0323  0.0324  0.0323  0.0324  0.0322  0.0320  0.0321  0.0322
  0.0319  0.0319  0.0319  0.0319  0.0319  0.0319  0.0319  0.0319  0.0319  0.0319  0.0319  0.0319
  0.0323  0.0323  0.0321  0.0320  0.0322  0.0318  0.0323  0.0324  0.0322  0.0324  0.0320  0.0322
  0.0335  0.0331  0.0326  0.0329  0.0333  0.0330  0.0333  0.0340  0.0328  0.0333  0.0322  0.0329
  0.0355  0.0344  0.0333  0.0350  0.0353  0.0367  0.0349  0.0367  0.0339  0.0345  0.0327  0.0340
registration optimization eta report
parameter search radius
    2.4000    2.4000    2.4000    9.5220    9.5220    9.5220
    7.2000    7.2000    7.2000    7.2000    7.2000    9.5220
100000*second partial in parameter space
       61.       45.       24.        3.        4.        5.
        6.        9.        4.        5.        2.        2.
  0.0354  0.0346  0.0333  0.0349  0.0352  0.0360  0.0349  0.0366  0.0339  0.0349  0.0327  0.0340
  0.0335  0.0331  0.0325  0.0331  0.0334  0.0338  0.0333  0.0341  0.0328  0.0330  0.0323  0.0329
  0.0323  0.0322  0.0321  0.0322  0.0323  0.0324  0.0323  0.0324  0.0322  0.0320  0.0321  0.0322
  0.0319  0.0319  0.0319  0.0319  0.0319  0.0319  0.0319  0.0319  0.0319  0.0319  0.0319  0.0319
  0.0323  0.0323  0.0321  0.0320  0.0322  0.0318  0.0323  0.0324  0.0322  0.0324  0.0320  0.0322
  0.0335  0.0331  0.0326  0.0329  0.0333  0.0330  0.0333  0.0340  0.0328  0.0333  0.0322  0.0329
  0.0355  0.0344  0.0333  0.0350  0.0353  0.0367  0.0349  0.0367  0.0339  0.0345  0.0327  0.0340
   -0.7406   20.8679    6.9795  -11.8065  -12.9293  -13.4884
   -4.9980    5.0902    5.6075   14.1913   -5.5545   -9.7440
eta,q 0.96807 11.38600

---------------------------------------------------------------------
imgreg_4dfp /opt/freesurfer/average/711-2C_as_mni_average_305 /opt/freesurfer/average/711-2B_as_mni_average_305_mask talsrcimg_g11 none talsrcimg_to_711-2C_as_mni_average_305_t4 2311
---------------------------------------------------------------------

freesurfer imgreg_4dfp.c
/opt/freesurfer/average/711-2C_as_mni_average_305.4dfp.img
       256       256       256         1
  1.000000  1.000000  1.000000
orientation T byte_order littleendian
Reading image: /opt/freesurfer/average/711-2C_as_mni_average_305.4dfp.img
dimensions:      256       256       256
mmppix:       1.0000   -1.0000   -1.0000
center:     128.0000 -129.0000 -129.0000
/opt/freesurfer/average/711-2B_as_mni_average_305_mask.4dfp.img
       256       256       256         1
  1.000000  1.000000  1.000000
orientation T byte_order littleendian
Reading mask: /opt/freesurfer/average/711-2B_as_mni_average_305_mask.4dfp.img (2306576 pixels)
talsrcimg_g11.4dfp.img
       256       256       256         1
  1.000000  1.000000  1.000000
orientation T byte_order littleendian
Reading image: talsrcimg_g11.4dfp.img
dimensions:      256       256       256
mmppix:       1.0000   -1.0000   -1.0000
center:     128.0000 -129.0000 -129.0000
fimgreg.f
image alignment mode   2311 decimal      907 hex
parameters
   -0.7406   20.8679    6.9795  -11.8065  -12.9293  -13.4884
   -4.9980    5.0902    5.6075   14.1913   -5.5545   -9.7440
eta,q 0.96807 11.38601
niter,ni,del,rscale     5    3    5.0000    0.8000
parameters
   -0.7450   20.8266    6.9846  -11.3265  -12.7103  -11.7862
   -4.8900    5.0886    5.7027   14.4584   -5.6773   -9.8161
eta,q 0.96815 11.52677
  0.0335  0.0331  0.0325  0.0325  0.0327  0.0331  0.0333  0.0341  0.0328  0.0332  0.0322  0.0323
  0.0326  0.0324  0.0322  0.0322  0.0323  0.0324  0.0325  0.0328  0.0323  0.0324  0.0320  0.0321
  0.0321  0.0320  0.0320  0.0320  0.0320  0.0321  0.0320  0.0321  0.0320  0.0319  0.0319  0.0319
  0.0319  0.0319  0.0319  0.0319  0.0319  0.0319  0.0318  0.0318  0.0318  0.0318  0.0318  0.0318
  0.0321  0.0321  0.0320  0.0319  0.0320  0.0318  0.0320  0.0321  0.0319  0.0320  0.0319  0.0319
  0.0326  0.0325  0.0322  0.0320  0.0322  0.0318  0.0324  0.0328  0.0322  0.0323  0.0320  0.0321
  0.0335  0.0331  0.0325  0.0323  0.0326  0.0321  0.0332  0.0341  0.0327  0.0329  0.0322  0.0324
niter,ni,del,rscale     4    3    5.0000    0.7000
parameters
   -0.7278   20.7363    7.1728  -10.7153  -12.3940  -11.5833
   -4.8363    5.0914    5.7673   14.3358   -5.6552   -9.4244
eta,q 0.96823 11.58581
  0.0331  0.0326  0.0324  0.0324  0.0325  0.0324  0.0329  0.0336  0.0326  0.0327  0.0321  0.0322
  0.0324  0.0322  0.0321  0.0321  0.0321  0.0321  0.0323  0.0326  0.0321  0.0321  0.0319  0.0320
  0.0320  0.0319  0.0319  0.0319  0.0319  0.0319  0.0319  0.0320  0.0319  0.0318  0.0318  0.0318
  0.0318  0.0318  0.0318  0.0318  0.0318  0.0318  0.0318  0.0318  0.0318  0.0318  0.0318  0.0318
  0.0320  0.0320  0.0318  0.0318  0.0318  0.0317  0.0319  0.0320  0.0319  0.0319  0.0318  0.0318
  0.0324  0.0323  0.0320  0.0319  0.0320  0.0319  0.0322  0.0326  0.0321  0.0323  0.0319  0.0319
  0.0331  0.0328  0.0322  0.0322  0.0323  0.0325  0.0328  0.0336  0.0325  0.0328  0.0321  0.0321
niter,ni,del,rscale     3    3    5.0000    0.6000
parameters
   -0.7040   20.6957    7.2109  -10.6546  -12.2904  -11.4020
   -4.8218    5.1034    5.7351   14.2852   -5.6149   -9.2692
eta,q 0.96826 11.60170
  0.0327  0.0324  0.0321  0.0321  0.0322  0.0322  0.0326  0.0331  0.0323  0.0325  0.0320  0.0320
  0.0322  0.0320  0.0319  0.0319  0.0320  0.0320  0.0321  0.0323  0.0320  0.0320  0.0319  0.0319
  0.0319  0.0318  0.0318  0.0318  0.0318  0.0319  0.0318  0.0319  0.0318  0.0318  0.0318  0.0318
  0.0318  0.0318  0.0318  0.0318  0.0318  0.0318  0.0317  0.0317  0.0317  0.0317  0.0317  0.0318
  0.0319  0.0319  0.0318  0.0318  0.0318  0.0317  0.0318  0.0319  0.0318  0.0319  0.0318  0.0318
  0.0322  0.0321  0.0319  0.0319  0.0319  0.0318  0.0321  0.0323  0.0320  0.0321  0.0318  0.0318
  0.0327  0.0325  0.0321  0.0321  0.0322  0.0323  0.0326  0.0331  0.0323  0.0325  0.0320  0.0320
niter,ni,del,rscale     2    3    5.0000    0.5000
parameters
   -0.6976   20.6695    7.2523  -10.5322  -12.2265  -11.1321
   -4.7866    5.0841    5.7112   14.3031   -5.6508   -9.1483
eta,q 0.96829 11.62470
  0.0324  0.0322  0.0320  0.0320  0.0320  0.0321  0.0323  0.0327  0.0321  0.0322  0.0319  0.0319
  0.0320  0.0319  0.0319  0.0319  0.0319  0.0320  0.0320  0.0321  0.0319  0.0319  0.0318  0.0318
  0.0318  0.0318  0.0318  0.0318  0.0318  0.0318  0.0318  0.0318  0.0318  0.0318  0.0317  0.0317
  0.0317  0.0317  0.0317  0.0317  0.0317  0.0317  0.0317  0.0317  0.0317  0.0317  0.0317  0.0317
  0.0318  0.0318  0.0318  0.0317  0.0318  0.0317  0.0318  0.0318  0.0318  0.0318  0.0317  0.0317
  0.0320  0.0320  0.0318  0.0318  0.0318  0.0318  0.0319  0.0321  0.0319  0.0319  0.0318  0.0318
  0.0324  0.0323  0.0320  0.0320  0.0320  0.0321  0.0323  0.0327  0.0321  0.0322  0.0319  0.0319
niter,ni,del,rscale     1    3    5.0000    0.4000
parameters
   -0.6941   20.6516    7.2866  -10.3719  -12.1168  -10.8393
   -4.7528    5.0573    5.6962   14.3571   -5.7058   -9.0433
eta,q 0.96832 11.65378
  0.0321  0.0320  0.0319  0.0319  0.0319  0.0320  0.0320  0.0323  0.0319  0.0321  0.0318  0.0318
  0.0319  0.0318  0.0318  0.0318  0.0318  0.0319  0.0318  0.0319  0.0318  0.0318  0.0317  0.0317
  0.0318  0.0317  0.0317  0.0317  0.0317  0.0318  0.0317  0.0317  0.0317  0.0317  0.0317  0.0317
  0.0317  0.0317  0.0317  0.0317  0.0317  0.0317  0.0317  0.0317  0.0317  0.0317  0.0317  0.0317
  0.0318  0.0318  0.0317  0.0317  0.0317  0.0317  0.0317  0.0318  0.0317  0.0317  0.0317  0.0317
  0.0319  0.0319  0.0318  0.0317  0.0318  0.0317  0.0318  0.0320  0.0318  0.0318  0.0317  0.0317
  0.0321  0.0320  0.0319  0.0318  0.0319  0.0319  0.0320  0.0323  0.0320  0.0320  0.0318  0.0318
registration optimization eta report
parameter search radius
    0.8000    0.8000    0.8000    2.4000    2.4000    2.4000
    2.4000    2.4000    2.4000    2.4000    2.4000    2.4000
100000*second partial in parameter space
       66.       50.       27.        3.        3.        4.
        6.       11.        5.        6.        2.        2.
  0.0321  0.0320  0.0319  0.0319  0.0319  0.0320  0.0320  0.0323  0.0319  0.0321  0.0318  0.0318
  0.0319  0.0318  0.0318  0.0318  0.0318  0.0319  0.0318  0.0319  0.0318  0.0318  0.0317  0.0317
  0.0318  0.0317  0.0317  0.0317  0.0317  0.0318  0.0317  0.0317  0.0317  0.0317  0.0317  0.0317
  0.0317  0.0317  0.0317  0.0317  0.0317  0.0317  0.0317  0.0317  0.0317  0.0317  0.0317  0.0317
  0.0318  0.0318  0.0317  0.0317  0.0317  0.0317  0.0317  0.0318  0.0317  0.0317  0.0317  0.0317
  0.0319  0.0319  0.0318  0.0317  0.0318  0.0317  0.0318  0.0320  0.0318  0.0318  0.0317  0.0317
  0.0321  0.0320  0.0319  0.0318  0.0319  0.0319  0.0320  0.0323  0.0320  0.0320  0.0318  0.0318
   -0.6941   20.6516    7.2866  -10.3719  -12.1168  -10.8393
   -4.7528    5.0573    5.6962   14.3571   -5.7058   -9.0433
eta,q 0.96832 11.65378

---------------------------------------------------------------------
imgreg_4dfp /opt/freesurfer/average/711-2C_as_mni_average_305 /opt/freesurfer/average/711-2B_as_mni_average_305_mask talsrcimg_g11 none talsrcimg_to_711-2C_as_mni_average_305_t4 2311
---------------------------------------------------------------------

freesurfer imgreg_4dfp.c
/opt/freesurfer/average/711-2C_as_mni_average_305.4dfp.img
       256       256       256         1
  1.000000  1.000000  1.000000
orientation T byte_order littleendian
Reading image: /opt/freesurfer/average/711-2C_as_mni_average_305.4dfp.img
dimensions:      256       256       256
mmppix:       1.0000   -1.0000   -1.0000
center:     128.0000 -129.0000 -129.0000
/opt/freesurfer/average/711-2B_as_mni_average_305_mask.4dfp.img
       256       256       256         1
  1.000000  1.000000  1.000000
orientation T byte_order littleendian
Reading mask: /opt/freesurfer/average/711-2B_as_mni_average_305_mask.4dfp.img (2306576 pixels)
talsrcimg_g11.4dfp.img
       256       256       256         1
  1.000000  1.000000  1.000000
orientation T byte_order littleendian
Reading image: talsrcimg_g11.4dfp.img
dimensions:      256       256       256
mmppix:       1.0000   -1.0000   -1.0000
center:     128.0000 -129.0000 -129.0000
fimgreg.f
image alignment mode   2311 decimal      907 hex
parameters
   -0.6941   20.6516    7.2866  -10.3719  -12.1168  -10.8393
   -4.7528    5.0573    5.6962   14.3571   -5.7058   -9.0433
eta,q 0.96832 11.65377
niter,ni,del,rscale     5    3    5.0000    0.8000
parameters
   -0.7000   20.6806    7.3477  -10.9453  -12.3001  -11.7437
   -4.8508    5.1529    5.7402   14.1965   -5.4050   -9.0758
eta,q 0.96823 11.56252
  0.0334  0.0330  0.0325  0.0322  0.0324  0.0324  0.0331  0.0342  0.0328  0.0331  0.0322  0.0323
  0.0324  0.0323  0.0320  0.0319  0.0320  0.0321  0.0324  0.0329  0.0322  0.0323  0.0320  0.0320
  0.0319  0.0318  0.0318  0.0318  0.0318  0.0319  0.0319  0.0321  0.0319  0.0319  0.0318  0.0319
  0.0317  0.0317  0.0317  0.0317  0.0317  0.0317  0.0318  0.0318  0.0318  0.0318  0.0318  0.0318
  0.0319  0.0318  0.0318  0.0317  0.0318  0.0318  0.0319  0.0320  0.0319  0.0320  0.0318  0.0318
  0.0324  0.0322  0.0320  0.0321  0.0321  0.0325  0.0325  0.0327  0.0322  0.0325  0.0319  0.0320
  0.0334  0.0329  0.0324  0.0327  0.0326  0.0338  0.0333  0.0340  0.0327  0.0331  0.0321  0.0324
niter,ni,del,rscale     4    3    5.0000    0.7000
parameters
   -0.7102   20.6803    7.2604  -10.8725  -12.3645  -11.7383
   -4.8613    5.1256    5.6681   14.1597   -5.3707   -9.1856
eta,q 0.96823 11.56357
  0.0330  0.0328  0.0322  0.0322  0.0323  0.0324  0.0328  0.0335  0.0325  0.0328  0.0321  0.0322
  0.0323  0.0322  0.0320  0.0320  0.0320  0.0321  0.0322  0.0325  0.0321  0.0322  0.0319  0.0320
  0.0319  0.0319  0.0318  0.0318  0.0318  0.0319  0.0319  0.0320  0.0318  0.0318  0.0318  0.0318
  0.0318  0.0318  0.0318  0.0318  0.0318  0.0318  0.0318  0.0318  0.0318  0.0318  0.0318  0.0318
  0.0319  0.0319  0.0318  0.0318  0.0318  0.0317  0.0319  0.0320  0.0319  0.0319  0.0318  0.0318
  0.0323  0.0322  0.0320  0.0319  0.0320  0.0319  0.0323  0.0326  0.0321  0.0323  0.0319  0.0320
  0.0331  0.0327  0.0323  0.0322  0.0324  0.0326  0.0329  0.0336  0.0326  0.0328  0.0321  0.0322
niter,ni,del,rscale     3    3    5.0000    0.6000
parameters
   -0.7096   20.6701    7.2530  -10.7677  -12.3338  -11.4934
   -4.8320    5.1044    5.6403   14.1854   -5.4180   -9.1436
eta,q 0.96825 11.58420
  0.0327  0.0325  0.0321  0.0321  0.0322  0.0322  0.0326  0.0331  0.0323  0.0325  0.0320  0.0320
  0.0322  0.0321  0.0319  0.0319  0.0320  0.0320  0.0321  0.0323  0.0320  0.0321  0.0318  0.0319
  0.0319  0.0318  0.0318  0.0318  0.0318  0.0319  0.0318  0.0319  0.0318  0.0318  0.0318  0.0318
  0.0318  0.0318  0.0318  0.0318  0.0318  0.0318  0.0317  0.0317  0.0317  0.0317  0.0317  0.0317
  0.0319  0.0319  0.0318  0.0318  0.0318  0.0317  0.0318  0.0319  0.0318  0.0319  0.0318  0.0318
  0.0322  0.0321  0.0319  0.0319  0.0319  0.0318  0.0321  0.0323  0.0320  0.0321  0.0318  0.0319
  0.0327  0.0325  0.0321  0.0321  0.0322  0.0322  0.0325  0.0331  0.0323  0.0325  0.0320  0.0321
niter,ni,del,rscale     2    3    5.0000    0.5000
parameters
   -0.7035   20.6548    7.2852  -10.5979  -12.2429  -11.1718
   -4.7863    5.0766    5.6507   14.2509   -5.5191   -9.0685
eta,q 0.96828 11.61577
  0.0324  0.0322  0.0320  0.0320  0.0321  0.0321  0.0323  0.0326  0.0321  0.0323  0.0319  0.0319
  0.0320  0.0320  0.0319  0.0319  0.0319  0.0319  0.0320  0.0321  0.0319  0.0320  0.0318  0.0318
  0.0318  0.0318  0.0318  0.0318  0.0318  0.0318  0.0318  0.0318  0.0318  0.0318  0.0317  0.0317
  0.0317  0.0318  0.0317  0.0317  0.0317  0.0317  0.0317  0.0317  0.0317  0.0317  0.0317  0.0317
  0.0318  0.0318  0.0318  0.0317  0.0318  0.0317  0.0318  0.0318  0.0318  0.0318  0.0317  0.0317
  0.0320  0.0320  0.0318  0.0318  0.0319  0.0318  0.0319  0.0321  0.0319  0.0319  0.0318  0.0318
  0.0324  0.0323  0.0320  0.0320  0.0320  0.0320  0.0323  0.0327  0.0321  0.0322  0.0319  0.0319
niter,ni,del,rscale     1    3    5.0000    0.4000
parameters
   -0.6970   20.6466    7.3124  -10.4396  -12.1282  -10.8528
   -4.7491    5.0533    5.6626   14.3166   -5.6424   -8.9429
eta,q 0.96831 11.64723
  0.0321  0.0320  0.0319  0.0319  0.0319  0.0320  0.0321  0.0323  0.0320  0.0321  0.0318  0.0318
  0.0319  0.0319  0.0318  0.0318  0.0318  0.0319  0.0318  0.0319  0.0318  0.0318  0.0317  0.0318
  0.0318  0.0317  0.0317  0.0317  0.0317  0.0318  0.0317  0.0317  0.0317  0.0317  0.0317  0.0317
  0.0317  0.0317  0.0317  0.0317  0.0317  0.0317  0.0317  0.0317  0.0317  0.0317  0.0317  0.0317
  0.0318  0.0318  0.0317  0.0317  0.0317  0.0317  0.0317  0.0318  0.0317  0.0317  0.0317  0.0317
  0.0319  0.0319  0.0318  0.0317  0.0318  0.0317  0.0318  0.0320  0.0318  0.0318  0.0317  0.0317
  0.0321  0.0320  0.0319  0.0318  0.0319  0.0319  0.0320  0.0323  0.0319  0.0320  0.0318  0.0318
registration optimization eta report
parameter search radius
    0.8000    0.8000    0.8000    2.4000    2.4000    2.4000
    2.4000    2.4000    2.4000    2.4000    2.4000    2.4000
100000*second partial in parameter space
       65.       50.       27.        3.        3.        4.
        6.       11.        5.        6.        2.        2.
  0.0321  0.0320  0.0319  0.0319  0.0319  0.0320  0.0321  0.0323  0.0320  0.0321  0.0318  0.0318
  0.0319  0.0319  0.0318  0.0318  0.0318  0.0319  0.0318  0.0319  0.0318  0.0318  0.0317  0.0318
  0.0318  0.0317  0.0317  0.0317  0.0317  0.0318  0.0317  0.0317  0.0317  0.0317  0.0317  0.0317
  0.0317  0.0317  0.0317  0.0317  0.0317  0.0317  0.0317  0.0317  0.0317  0.0317  0.0317  0.0317
  0.0318  0.0318  0.0317  0.0317  0.0317  0.0317  0.0317  0.0318  0.0317  0.0317  0.0317  0.0317
  0.0319  0.0319  0.0318  0.0317  0.0318  0.0317  0.0318  0.0320  0.0318  0.0318  0.0317  0.0317
  0.0321  0.0320  0.0319  0.0318  0.0319  0.0319  0.0320  0.0323  0.0319  0.0320  0.0318  0.0318
   -0.6970   20.6466    7.3124  -10.4396  -12.1282  -10.8528
   -4.7491    5.0533    5.6626   14.3166   -5.6424   -8.9429
eta,q 0.96831 11.64723

---------------------------------------------------------------------
compute_vox2vox talsrcimg talsrcimg_to_711-2C_as_mni_average_305_t4 /opt/freesurfer/average/711-2C_as_mni_average_305
---------------------------------------------------------------------

freesurfer compute_vox2vox.c
Reading: talsrcimg.4dfp.ifh
Reading: talsrcimg_to_711-2C_as_mni_average_305_t4
Reading: /opt/freesurfer/average/711-2C_as_mni_average_305.4dfp.ifh
Writing: talsrcimg_to_711-2C_as_mni_average_305_t4_vox2vox.txt

start time Tue Mar 10 04:52:58 CET 2026
end		time Tue Mar 10 04:54:26 CET 2026

mpr2mni305 success

avi2talxfm orig_nu.mgz /opt/freesurfer/average/mni305.cor.mgz talsrcimg_to_711-2C_as_mni_average_305_t4_vox2vox.txt transforms/talairach.auto.xfm
avi2talxfm done
mv -f /out/sourcedata/freesurfer/sub-v1s5x0050745_ses-1/mri/talsrcimg_to_711-2C_as_mni_average_305_t4_vox2vox.txt /out/sourcedata/freesurfer/sub-v1s5x0050745_ses-1/mri/transforms/talsrcimg_to_711-2C_as_mni_average_305_t4_vox2vox.txt
lta_convert --src orig_nu.mgz --trg /opt/freesurfer/average/mni305.cor.mgz --inxfm transforms/talairach.auto.xfm --outlta transforms/talairach.auto.xfm.lta --subject fsaverage
7.3.2

--src: orig_nu.mgz src image (geometry).
--trg: /opt/freesurfer/average/mni305.cor.mgz trg image (geometry).
--inmni: transforms/talairach.auto.xfm input MNI/XFM transform.
--outlta: transforms/talairach.auto.xfm.lta output LTA.
--s: fsaverage subject name
 LTA read, type : 1
 1.10874  -0.07131   0.05267   0.29454;
 0.06199   1.09971   0.11527  -12.34982;
-0.08155  -0.17458   1.11585  -37.85791;
 0.00000   0.00000   0.00000   1.00000;
setting subject to fsaverage
Writing  LTA to file transforms/talairach.auto.xfm.lta...
lta_convert successful.
 
 
Started at Tue Mar 10 04:52:57 CET 2026
Ended   at Tue Mar 10 04:54:26 CET 2026
talairach_avi done
