/out/sourcedata/freesurfer/sub-v1s5x0050741_ses-1/mri
/opt/freesurfer/bin/talairach_avi
--i orig_nu.mgz --xfm transforms/talairach.auto.xfm
talairach_avi 7.3.2
Linux dna020 5.14.0-427.37.1.el9_4.x86_64 #1 SMP PREEMPT_DYNAMIC Fri Sep 13 12:41:50 EDT 2024 x86_64 x86_64 x86_64 GNU/Linux
Tue Mar 10 04:37:54 CET 2026
mri_convert orig_nu.mgz talsrcimg.img 
reading from orig_nu.mgz...
TR=0.00, TE=0.00, TI=0.00, flip angle=0.00
i_ras = (-1, -4.65661e-10, -7.45058e-09)
j_ras = (0, 0, -1)
k_ras = (4.65661e-10, 1, 0)
writing to talsrcimg.img...
Analyze Output Matrix
-1.00000   0.00000   0.00000   134.05672;
-0.00000   0.00000   1.00000  -119.50760;
-0.00000  -1.00000   0.00000   128.84749;
 0.00000   0.00000   0.00000   1.00000;
--------------------
INFO: set hdr.hist.orient to -1
mpr2mni305 talsrcimg
Tue Mar 10 04:37:55 CET 2026
/opt/freesurfer/bin/mpr2mni305 talsrcimg
mpr2mni305 7.3.2
target=711-2C_as_mni_average_305

---------------------------------------------------------------------
analyzeto4dfp talsrcimg -O0 -y
---------------------------------------------------------------------

freesurfer ifh2hdr.c
Tue Mar 10 04:37:55 2026
Writing: talsrcimg.4dfp.hdr
freesurfer analyzeto4dfp.c
Reading: talsrcimg.hdr
header size 348 bytes
hdr.dime.datatype	offset=70	value=2
hdr.dime.bitpix		offset=72	value=8
hdr.hist.orient		offset=252	value=-1
dimensionality     4
dimensions       256       256       256         1
Reading: talsrcimg.img
Writing: talsrcimg.4dfp.img
Writing: talsrcimg.4dfp.ifh
ifh2hdr talsrcimg -r0to243
ori=2

---------------------------------------------------------------------
gauss_4dfp talsrcimg 1.1
---------------------------------------------------------------------

freesurfer gauss_4dfp.c
Reading: talsrcimg.4dfp.img
Writing: talsrcimg_g11.4dfp.img
image dimensions 256 256 256 padded to 288 288 288
processing volume 1freesurfer ifh2hdr.c
Tue Mar 10 04:37:56 2026
Writing: talsrcimg_g11.4dfp.hdr

Writing: talsrcimg_g11.4dfp.ifh
including: talsrcimg.4dfp.img.rec in talsrcimg_g11.4dfp.img.rec

---------------------------------------------------------------------
imgreg_4dfp /opt/freesurfer/average/711-2C_as_mni_average_305 none talsrcimg_g11 none talsrcimg_to_711-2C_as_mni_average_305_t4 4355
---------------------------------------------------------------------

freesurfer imgreg_4dfp.c
/opt/freesurfer/average/711-2C_as_mni_average_305.4dfp.img
       256       256       256         1
  1.000000  1.000000  1.000000
orientation T byte_order littleendian
Reading image: /opt/freesurfer/average/711-2C_as_mni_average_305.4dfp.img
dimensions:      256       256       256
mmppix:       1.0000   -1.0000   -1.0000
center:     128.0000 -129.0000 -129.0000
talsrcimg_g11.4dfp.img
       256       256       256         1
  1.000000  1.000000  1.000000
orientation T byte_order littleendian
Reading image: talsrcimg_g11.4dfp.img
dimensions:      256       256       256
mmppix:       1.0000   -1.0000   -1.0000
center:     128.0000 -129.0000 -129.0000
t4_read: open error in t4_sub.f l:  41 t4_file(1:l)talsrcimg_to_711-2C_as_mni_average_305_t4 
t4_read: transform initialized to I4
rotation matrix determinant  1.000000
image alignment mode   4355 decimal     1103 hex
   -7.5000  -45.0000  -45.0000 7794.2744   16.0240
    0.0000  -45.0000  -45.0000 8058.8340   16.0139
    7.5000  -45.0000  -45.0000 7722.2925   15.9839
   -7.5000  -37.5000  -45.0000 8239.4121   15.7470
    0.0000  -37.5000  -45.0000 8556.7490   15.7450
    7.5000  -37.5000  -45.0000 8209.1387   15.7212
   -7.5000  -30.0000  -45.0000 9028.1572   15.5641
    0.0000  -30.0000  -45.0000 9414.6943   15.5697
    7.5000  -30.0000  -45.0000 9047.2275   15.5508
   -7.5000  -22.5000  -45.0000 9923.9990   15.4531
    0.0000  -22.5000  -45.000010390.8359   15.4590
    7.5000  -22.5000  -45.0000 9967.2490   15.4380
   -7.5000  -15.0000  -45.000010869.9131   15.4268
    0.0000  -15.0000  -45.000011375.9570   15.4258
    7.5000  -15.0000  -45.000010885.1514   15.3991
   -7.5000   -7.5000  -45.000011664.1748   15.4429
    0.0000   -7.5000  -45.000012198.8877   15.4341
    7.5000   -7.5000  -45.000011658.3457   15.4037
   -7.5000    0.0000  -45.000012189.9668   15.4617
    0.0000    0.0000  -45.000012753.5430   15.4521
    7.5000    0.0000  -45.000012184.4951   15.4234
   -7.5000    7.5000  -45.000011773.9570   15.4634
    0.0000    7.5000  -45.000012320.8633   15.4609
    7.5000    7.5000  -45.000011770.4893   15.4377
   -7.5000   15.0000  -45.000011194.3066   15.4496
    0.0000   15.0000  -45.000011717.7627   15.4550
    7.5000   15.0000  -45.000011217.2246   15.4362
   -7.5000   22.5000  -45.000010551.9531   15.4298
    0.0000   22.5000  -45.000011062.2090   15.4358
    7.5000   22.5000  -45.000010603.7881   15.4150
   -7.5000   30.0000  -45.0000 9940.9902   15.2215
    0.0000   30.0000  -45.000010386.3428   15.2205
    7.5000   30.0000  -45.0000 9960.2451   15.1941
   -7.5000   37.5000  -45.0000 9661.7842   15.3384
    0.0000   37.5000  -45.000010085.9941   15.3306
    7.5000   37.5000  -45.0000 9668.0703   15.3004
   -7.5000   45.0000  -45.0000 9064.7197   15.3007
    0.0000   45.0000  -45.0000 9461.4990   15.2914
    7.5000   45.0000  -45.0000 9063.6680   15.2593
   -7.5000  -45.0000  -37.5000 8249.9854   15.9829
    0.0000  -45.0000  -37.5000 8558.1855   15.9764
    7.5000  -45.0000  -37.5000 8203.2393   15.9481
   -7.5000  -37.5000  -37.5000 8722.6621   15.7130
    0.0000  -37.5000  -37.5000 9082.4893   15.7104
    7.5000  -37.5000  -37.5000 8701.9365   15.6868
   -7.5000  -30.0000  -37.5000 9574.0254   15.5249
    0.0000  -30.0000  -37.500010013.6426   15.5294
    7.5000  -30.0000  -37.5000 9616.8320   15.5113
   -7.5000  -22.5000  -37.500010562.8135   15.4039
    0.0000  -22.5000  -37.500011068.6963   15.4123
    7.5000  -22.5000  -37.500010620.4854   15.3949
   -7.5000  -15.0000  -37.500011592.1182   15.3721
    0.0000  -15.0000  -37.500012127.9502   15.3778
    7.5000  -15.0000  -37.500011597.2139   15.3567
   -7.5000   -7.5000  -37.500012412.8594   15.3954
    0.0000   -7.5000  -37.500013000.0537   15.3933
    7.5000   -7.5000  -37.500012419.6963   15.3674
   -7.5000    0.0000  -37.500012958.4678   15.4260
    0.0000    0.0000  -37.500013584.7021   15.4197
    7.5000    0.0000  -37.500013000.5459   15.3927
   -7.5000    7.5000  -37.500012491.5166   15.4311
    0.0000    7.5000  -37.500013100.0488   15.4284
    7.5000    7.5000  -37.500012555.4746   15.4054
   -7.5000   15.0000  -37.500011886.9385   15.4112
    0.0000   15.0000  -37.500012470.6826   15.4156
    7.5000   15.0000  -37.500011953.4424   15.3976
   -7.5000   22.5000  -37.500011188.1494   15.3807
    0.0000   22.5000  -37.500011761.9736   15.3892
    7.5000   22.5000  -37.500011272.2129   15.3721
   -7.5000   30.0000  -37.500010508.1670   15.1674
    0.0000   30.0000  -37.500011003.9043   15.1731
    7.5000   30.0000  -37.500010534.6514   15.1523
   -7.5000   37.5000  -37.500010207.7676   15.2911
    0.0000   37.5000  -37.500010649.8154   15.2901
    7.5000   37.5000  -37.500010190.3145   15.2640
   -7.5000   45.0000  -37.5000 9541.1230   15.2656
    0.0000   45.0000  -37.500010003.7705   15.2596
    7.5000   45.0000  -37.5000 9549.8047   15.2292
   -7.5000  -45.0000  -30.0000 8783.3389   16.6528
    0.0000  -45.0000  -30.0000 9102.4102   16.6457
    7.5000  -45.0000  -30.0000 8738.9590   16.6133
   -7.5000  -37.5000  -30.0000 9308.1367   16.3742
    0.0000  -37.5000  -30.0000 9683.5801   16.3666
    7.5000  -37.5000  -30.0000 9286.9404   16.3403
   -7.5000  -30.0000  -30.000010249.7734   16.1715
    0.0000  -30.0000  -30.000010724.6318   16.1708
    7.5000  -30.0000  -30.000010271.6807   16.1519
   -7.5000  -22.5000  -30.000011349.4561   16.0361
    0.0000  -22.5000  -30.000011879.9395   16.0434
    7.5000  -22.5000  -30.000011375.9268   16.0257
   -7.5000  -15.0000  -30.000012433.9775   15.9995
    0.0000  -15.0000  -30.000012994.0322   16.0084
    7.5000  -15.0000  -30.000012415.1426   15.9862
   -7.5000   -7.5000  -30.000013256.1221   16.0311
    0.0000   -7.5000  -30.000013877.8105   16.0323
    7.5000   -7.5000  -30.000013265.2764   16.0037
   -7.5000    0.0000  -30.000013819.9609   16.0739
    0.0000    0.0000  -30.000014495.1602   16.0667
    7.5000    0.0000  -30.000013900.3867   16.0359
   -7.5000    7.5000  -30.000013351.1045   16.0812
    0.0000    7.5000  -30.000014014.0459   16.0738
    7.5000    7.5000  -30.000013439.2705   16.0482
   -7.5000   15.0000  -30.000012716.4004   16.0532
    0.0000   15.0000  -30.000013358.5098   16.0525
    7.5000   15.0000  -30.000012777.3779   16.0338
   -7.5000   22.5000  -30.000011982.5596   16.0102
    0.0000   22.5000  -30.000012619.6396   16.0177
    7.5000   22.5000  -30.000012054.3574   16.0001
   -7.5000   30.0000  -30.000011218.5176   15.7880
    0.0000   30.0000  -30.000011773.8213   15.7969
    7.5000   30.0000  -30.000011245.6895   15.7749
   -7.5000   37.5000  -30.000010869.6641   15.9242
    0.0000   37.5000  -30.000011379.0703   15.9264
    7.5000   37.5000  -30.000010843.4473   15.8969
   -7.5000   45.0000  -30.000010153.6992   15.9162
    0.0000   45.0000  -30.000010641.7979   15.9086
    7.5000   45.0000  -30.000010179.5225   15.8737
   -7.5000  -45.0000  -22.5000 9324.6982   17.2469
    0.0000  -45.0000  -22.5000 9672.3184   17.2346
    7.5000  -45.0000  -22.5000 9283.1436   17.1962
   -7.5000  -37.5000  -22.5000 9888.6787   16.9549
    0.0000  -37.5000  -22.500010299.2148   16.9425
    7.5000  -37.5000  -22.5000 9896.9619   16.9133
   -7.5000  -30.0000  -22.500010923.2197   16.7470
    0.0000  -30.0000  -22.500011405.1240   16.7421
    7.5000  -30.0000  -22.500010944.0361   16.7218
   -7.5000  -22.5000  -22.500012072.1660   16.6111
    0.0000  -22.5000  -22.500012627.9873   16.6145
    7.5000  -22.5000  -22.500012101.6357   16.5919
   -7.5000  -15.0000  -22.500013165.9775   16.5757
    0.0000  -15.0000  -22.500013776.6738   16.5806
    7.5000  -15.0000  -22.500013197.0508   16.5497
   -7.5000   -7.5000  -22.500014014.6221   16.6053
    0.0000   -7.5000  -22.500014685.1152   16.6019
    7.5000   -7.5000  -22.500014071.7422   16.5645
   -7.5000    0.0000  -22.500014647.3350   16.6447
    0.0000    0.0000  -22.500015369.6777   16.6328
    7.5000    0.0000  -22.500014735.8545   16.5959
   -7.5000    7.5000  -22.500014132.6045   16.6511
    0.0000    7.5000  -22.500014851.6914   16.6390
    7.5000    7.5000  -22.500014225.7373   16.6110
   -7.5000   15.0000  -22.500013459.4170   16.6243
    0.0000   15.0000  -22.500014148.9043   16.6194
    7.5000   15.0000  -22.500013508.1572   16.5993
   -7.5000   22.5000  -22.500012699.5137   16.5831
    0.0000   22.5000  -22.500013387.6572   16.5866
    7.5000   22.5000  -22.500012770.6992   16.5642
   -7.5000   30.0000  -22.500011881.1592   16.3591
    0.0000   30.0000  -22.500012517.1963   16.3640
    7.5000   30.0000  -22.500011933.4150   16.3335
   -7.5000   37.5000  -22.500011497.9268   16.4969
    0.0000   37.5000  -22.500012086.8916   16.4946
    7.5000   37.5000  -22.500011503.6641   16.4560
   -7.5000   45.0000  -22.500010730.1133   16.4902
    0.0000   45.0000  -22.500011277.7266   16.4770
    7.5000   45.0000  -22.500010769.1475   16.4354
   -7.5000  -45.0000  -15.0000 9844.2139   17.6843
    0.0000  -45.0000  -15.000010223.3799   17.6669
    7.5000  -45.0000  -15.0000 9812.8320   17.6244
   -7.5000  -37.5000  -15.000010458.8682   17.3776
    0.0000  -37.5000  -15.000010902.8760   17.3641
    7.5000  -37.5000  -15.000010479.4248   17.3333
   -7.5000  -30.0000  -15.000011577.8115   17.1722
    0.0000  -30.0000  -15.000012073.2598   17.1670
    7.5000  -30.0000  -15.000011598.4258   17.1449
   -7.5000  -22.5000  -15.000012758.1445   17.0462
    0.0000  -22.5000  -15.000013324.4277   17.0463
    7.5000  -22.5000  -15.000012789.3223   17.0184
   -7.5000  -15.0000  -15.000013856.3926   17.0167
    0.0000  -15.0000  -15.000014492.6631   17.0145
    7.5000  -15.0000  -15.000013891.3672   16.9751
   -7.5000   -7.5000  -15.000014752.3770   17.0380
    0.0000   -7.5000  -15.000015452.7656   17.0270
    7.5000   -7.5000  -15.000014805.1582   16.9818
   -7.5000    0.0000  -15.000015460.4082   17.0634
    0.0000    0.0000  -15.000016227.8281   17.0466
    7.5000    0.0000  -15.000015540.0596   17.0058
   -7.5000    7.5000  -15.000014894.2324   17.0653
    0.0000    7.5000  -15.000015637.1016   17.0520
    7.5000    7.5000  -15.000014993.5557   17.0224
   -7.5000   15.0000  -15.000014159.6514   17.0460
    0.0000   15.0000  -15.000014867.6055   17.0408
    7.5000   15.0000  -15.000014217.2246   17.0187
   -7.5000   22.5000  -15.000013354.3799   17.0168
    0.0000   22.5000  -15.000014033.9443   17.0169
    7.5000   22.5000  -15.000013396.0449   16.9892
   -7.5000   30.0000  -15.000012506.0967   16.7967
    0.0000   30.0000  -15.000013145.9766   16.7946
    7.5000   30.0000  -15.000012547.6641   16.7557
   -7.5000   37.5000  -15.000012094.6426   16.9289
    0.0000   37.5000  -15.000012713.6318   16.9190
    7.5000   37.5000  -15.000012110.7295   16.8729
   -7.5000   45.0000  -15.000011273.8447   16.9144
    0.0000   45.0000  -15.000011849.8760   16.8962
    7.5000   45.0000  -15.000011306.7480   16.8502
   -7.5000  -45.0000   -7.500010381.3486   17.8927
    0.0000  -45.0000   -7.500010790.8594   17.8763
    7.5000  -45.0000   -7.500010386.2939   17.8366
   -7.5000  -37.5000   -7.500011029.7471   17.5796
    0.0000  -37.5000   -7.500011525.9150   17.5714
    7.5000  -37.5000   -7.500011108.6719   17.5418
   -7.5000  -30.0000   -7.500012207.3506   17.3764
    0.0000  -30.0000   -7.500012766.2939   17.3767
    7.5000  -30.0000   -7.500012286.5117   17.3543
   -7.5000  -22.5000   -7.500013431.4219   17.2562
    0.0000  -22.5000   -7.500014077.6973   17.2578
    7.5000  -22.5000   -7.500013517.5693   17.2301
   -7.5000  -15.0000   -7.500014550.4473   17.2300
    0.0000  -15.0000   -7.500015270.6270   17.2248
    7.5000  -15.0000   -7.500014685.6162   17.1869
   -7.5000   -7.5000   -7.500015490.9033   17.2463
    0.0000   -7.5000   -7.500016257.3457   17.2324
    7.5000   -7.5000   -7.500015633.7734   17.1900
   -7.5000    0.0000   -7.500016230.8086   17.2635
    0.0000    0.0000   -7.500017043.1816   17.2478
    7.5000    0.0000   -7.500016383.3232   17.2096
   -7.5000    7.5000   -7.500015669.3145   17.2630
    0.0000    7.5000   -7.500016466.1113   17.2547
    7.5000    7.5000   -7.500015795.5908   17.2261
   -7.5000   15.0000   -7.500014903.7334   17.2485
    0.0000   15.0000   -7.500015654.4404   17.2487
    7.5000   15.0000   -7.500015044.5967   17.2263
   -7.5000   22.5000   -7.500014077.6396   17.2246
    0.0000   22.5000   -7.500014740.0244   17.2263
    7.5000   22.5000   -7.500014159.3057   17.1988
   -7.5000   30.0000   -7.500013158.5479   17.0068
    0.0000   30.0000   -7.500013755.4473   17.0017
    7.5000   30.0000   -7.500013207.3037   16.9643
   -7.5000   37.5000   -7.500012713.5625   17.1355
    0.0000   37.5000   -7.500013289.5820   17.1227
    7.5000   37.5000   -7.500012732.5127   17.0800
   -7.5000   45.0000   -7.500011852.3193   17.1188
    0.0000   45.0000   -7.500012421.3906   17.1024
    7.5000   45.0000   -7.500011869.6357   17.0597
   -7.5000  -45.0000    0.000010834.5488   17.9076
    0.0000  -45.0000    0.000011295.7490   17.8964
    7.5000  -45.0000    0.000010859.8740   17.8629
   -7.5000  -37.5000    0.000011535.3057   17.5987
    0.0000  -37.5000    0.000012093.9053   17.5965
    7.5000  -37.5000    0.000011650.3867   17.5698
   -7.5000  -30.0000    0.000012761.6328   17.3949
    0.0000  -30.0000    0.000013391.4873   17.4013
    7.5000  -30.0000    0.000012908.1992   17.3800
   -7.5000  -22.5000    0.000014012.3535   17.2712
    0.0000  -22.5000    0.000014718.9287   17.2779
    7.5000  -22.5000    0.000014209.7979   17.2544
   -7.5000  -15.0000    0.000015191.8389   17.2417
    0.0000  -15.0000    0.000015947.5645   17.2406
    7.5000  -15.0000    0.000015423.0430   17.2107
   -7.5000   -7.5000    0.000016082.3096   17.2592
    0.0000   -7.5000    0.000016901.7617   17.2495
    7.5000   -7.5000    0.000016356.4824   17.2156
   -7.5000    0.0000    0.000016815.7793   17.2801
    0.0000    0.0000    0.000017682.0488   17.2694
    7.5000    0.0000    0.000017096.4277   17.2373
   -7.5000    7.5000    0.000016311.8545   17.2821
    0.0000    7.5000    0.000017198.7109   17.2794
    7.5000    7.5000    0.000016580.5312   17.2535
   -7.5000   15.0000    0.000015671.7910   17.2671
    0.0000   15.0000    0.000016477.6602   17.2732
    7.5000   15.0000    0.000015906.6104   17.2521
   -7.5000   22.5000    0.000014848.7100   17.2396
    0.0000   22.5000    0.000015499.1240   17.2464
    7.5000   22.5000    0.000014993.3916   17.2231
   -7.5000   30.0000    0.000013772.8438   17.0188
    0.0000   30.0000    0.000014354.5693   17.0178
    7.5000   30.0000    0.000013893.1680   16.9883
   -7.5000   37.5000    0.000013249.8770   17.1490
    0.0000   37.5000    0.000013821.4502   17.1404
    7.5000   37.5000    0.000013342.7168   17.1066
   -7.5000   45.0000    0.000012370.0605   17.1397
    0.0000   45.0000    0.000012915.7598   17.1294
    7.5000   45.0000    0.000012404.1514   17.0934
   -7.5000  -45.0000    7.500010477.6250   17.8845
    0.0000  -45.0000    7.500010902.3145   17.8773
    7.5000  -45.0000    7.500010484.9600   17.8456
   -7.5000  -37.5000    7.500011216.1865   17.5825
    0.0000  -37.5000    7.500011718.4609   17.5796
    7.5000  -37.5000    7.500011272.4150   17.5532
   -7.5000  -30.0000    7.500012349.0918   17.3721
    0.0000  -30.0000    7.500012974.3525   17.3772
    7.5000  -30.0000    7.500012509.5645   17.3569
   -7.5000  -22.5000    7.500013538.6123   17.2367
    0.0000  -22.5000    7.500014256.1143   17.2461
    7.5000  -22.5000    7.500013782.3154   17.2267
   -7.5000  -15.0000    7.500014656.3682   17.2011
    0.0000  -15.0000    7.500015412.7666   17.2075
    7.5000  -15.0000    7.500014964.6816   17.1839
   -7.5000   -7.5000    7.500015458.9521   17.2271
    0.0000   -7.5000    7.500016245.6924   17.2248
    7.5000   -7.5000    7.500015832.3223   17.1959
   -7.5000    0.0000    7.500016132.4307   17.2614
    0.0000    0.0000    7.500016969.4395   17.2543
    7.5000    0.0000    7.500016544.4180   17.2242
   -7.5000    7.5000    7.500015719.8857   17.2672
    0.0000    7.5000    7.500016608.6289   17.2641
    7.5000    7.5000    7.500016118.7598   17.2383
   -7.5000   15.0000    7.500015260.7148   17.2448
    0.0000   15.0000    7.500016054.0107   17.2498
    7.5000   15.0000    7.500015522.9014   17.2296
   -7.5000   22.5000    7.500014609.9199   17.2052
    0.0000   22.5000    7.500015198.2998   17.2148
    7.5000   22.5000    7.500014634.0986   17.1955
   -7.5000   30.0000    7.500013563.5986   16.9787
    0.0000   30.0000    7.500014071.4600   16.9851
    7.5000   30.0000    7.500013537.4277   16.9618
   -7.5000   37.5000    7.500012936.4570   17.1171
    0.0000   37.5000    7.500013451.6367   17.1160
    7.5000   37.5000    7.500012934.9131   17.0868
   -7.5000   45.0000    7.500011993.7549   17.1221
    0.0000   45.0000    7.500012491.1973   17.1154
    7.5000   45.0000    7.500011980.8252   17.0813
   -7.5000  -45.0000   15.0000 9969.6270   17.8824
    0.0000  -45.0000   15.000010414.6191   17.8748
    7.5000  -45.0000   15.000010018.1553   17.8400
   -7.5000  -37.5000   15.000010727.6953   17.5832
    0.0000  -37.5000   15.000011220.3711   17.5751
    7.5000  -37.5000   15.000010815.1992   17.5467
   -7.5000  -30.0000   15.000011841.5234   17.3655
    0.0000  -30.0000   15.000012411.5801   17.3647
    7.5000  -30.0000   15.000011992.9463   17.3445
   -7.5000  -22.5000   15.000013001.9062   17.2201
    0.0000  -22.5000   15.000013657.6338   17.2280
    7.5000  -22.5000   15.000013226.3164   17.2089
   -7.5000  -15.0000   15.000014045.4951   17.1808
    0.0000  -15.0000   15.000014759.6455   17.1904
    7.5000  -15.0000   15.000014359.0859   17.1665
   -7.5000   -7.5000   15.000014773.0693   17.2148
    0.0000   -7.5000   15.000015565.5742   17.2161
    7.5000   -7.5000   15.000015191.5430   17.1853
   -7.5000    0.0000   15.000015436.2656   17.2607
    0.0000    0.0000   15.000016267.2227   17.2530
    7.5000    0.0000   15.000015889.2783   17.2199
   -7.5000    7.5000   15.000015051.4980   17.2686
    0.0000    7.5000   15.000015897.5244   17.2606
    7.5000    7.5000   15.000015388.6338   17.2332
   -7.5000   15.0000   15.000014593.6904   17.2385
    0.0000   15.0000   15.000015284.1094   17.2378
    7.5000   15.0000   15.000014700.4375   17.2176
   -7.5000   22.5000   15.000013944.2285   17.1885
    0.0000   22.5000   15.000014497.7285   17.1965
    7.5000   22.5000   15.000013840.5771   17.1777
   -7.5000   30.0000   15.000012983.2949   16.9587
    0.0000   30.0000   15.000013548.6309   16.9682
    7.5000   30.0000   15.000012883.3965   16.9447
   -7.5000   37.5000   15.000012387.9053   17.1049
    0.0000   37.5000   15.000012958.7773   17.1073
    7.5000   37.5000   15.000012346.9092   17.0756
   -7.5000   45.0000   15.000011456.7285   17.1191
    0.0000   45.0000   15.000011990.3105   17.1109
    7.5000   45.0000   15.000011467.7227   17.0733
   -7.5000  -45.0000   22.5000 9429.9629   17.9036
    0.0000  -45.0000   22.5000 9857.6279   17.8909
    7.5000  -45.0000   22.5000 9521.1543   17.8511
   -7.5000  -37.5000   22.500010145.0967   17.6005
    0.0000  -37.5000   22.500010625.5020   17.5876
    7.5000  -37.5000   22.500010276.9775   17.5574
   -7.5000  -30.0000   22.500011235.3242   17.3848
    0.0000  -30.0000   22.500011779.1982   17.3796
    7.5000  -30.0000   22.500011398.8711   17.3586
   -7.5000  -22.5000   22.500012395.7617   17.2437
    0.0000  -22.5000   22.500013017.4033   17.2471
    7.5000  -22.5000   22.500012578.1582   17.2237
   -7.5000  -15.0000   22.500013393.7295   17.2069
    0.0000  -15.0000   22.500014079.2969   17.2120
    7.5000  -15.0000   22.500013618.0527   17.1799
   -7.5000   -7.5000   22.500014097.7891   17.2377
    0.0000   -7.5000   22.500014847.7441   17.2342
    7.5000   -7.5000   22.500014392.4189   17.1953
   -7.5000    0.0000   22.500014696.8330   17.2785
    0.0000    0.0000   22.500015519.0117   17.2661
    7.5000    0.0000   22.500015037.3682   17.2279
   -7.5000    7.5000   22.500014273.7266   17.2852
    0.0000    7.5000   22.500015027.3379   17.2727
    7.5000    7.5000   22.500014523.0537   17.2436
   -7.5000   15.0000   22.500013733.0771   17.2573
    0.0000   15.0000   22.500014325.7959   17.2523
    7.5000   15.0000   22.500013801.8691   17.2314
   -7.5000   22.5000   22.500013009.5557   17.2120
    0.0000   22.5000   22.500013493.5713   17.2156
    7.5000   22.5000   22.500012981.0244   17.1924
   -7.5000   30.0000   22.500012135.0283   16.9845
    0.0000   30.0000   22.500012634.6777   16.9895
    7.5000   30.0000   22.500012156.5527   16.9579
   -7.5000   37.5000   22.500011644.9375   17.1275
    0.0000   37.5000   22.500012165.4551   17.1251
    7.5000   37.5000   22.500011679.4795   17.0850
   -7.5000   45.0000   22.500010818.5361   17.1330
    0.0000   45.0000   22.500011314.6406   17.1193
    7.5000   45.0000   22.500010881.1387   17.0760
   -7.5000  -45.0000   30.0000 8867.6670   17.9526
    0.0000  -45.0000   30.0000 9283.9492   17.9349
    7.5000  -45.0000   30.0000 8928.9648   17.8918
   -7.5000  -37.5000   30.0000 9525.9355   17.6407
    0.0000  -37.5000   30.0000 9971.1387   17.6270
    7.5000  -37.5000   30.0000 9606.4043   17.5957
   -7.5000  -30.0000   30.000010552.3359   17.4319
    0.0000  -30.0000   30.000011071.9541   17.4266
    7.5000  -30.0000   30.000010650.6738   17.4041
   -7.5000  -22.5000   30.000011647.5996   17.3039
    0.0000  -22.5000   30.000012213.6094   17.3039
    7.5000  -22.5000   30.000011750.9746   17.2755
   -7.5000  -15.0000   30.000012600.2080   17.2739
    0.0000  -15.0000   30.000013201.5029   17.2717
    7.5000  -15.0000   30.000012734.2852   17.2316
   -7.5000   -7.5000   30.000013245.2070   17.2956
    0.0000   -7.5000   30.000013887.1123   17.2845
    7.5000   -7.5000   30.000013421.3350   17.2386
   -7.5000    0.0000   30.000013792.8223   17.3213
    0.0000    0.0000   30.000014469.5205   17.3044
    7.5000    0.0000   30.000014006.4590   17.2629
   -7.5000    7.5000   30.000013334.4082   17.3232
    0.0000    7.5000   30.000013954.2842   17.3097
    7.5000    7.5000   30.000013507.4131   17.2797
   -7.5000   15.0000   30.000012754.1777   17.3036
    0.0000   15.0000   30.000013279.1729   17.2982
    7.5000   15.0000   30.000012828.9775   17.2759
   -7.5000   22.5000   30.000012019.0898   17.2721
    0.0000   22.5000   30.000012496.8379   17.2721
    7.5000   22.5000   30.000012082.3545   17.2440
   -7.5000   30.0000   30.000011220.5068   17.0506
    0.0000   30.0000   30.000011688.2617   17.0485
    7.5000   30.0000   30.000011315.6689   17.0089
   -7.5000   37.5000   30.000010800.2002   17.1850
    0.0000   37.5000   30.000011282.9141   17.1750
    7.5000   37.5000   30.000010923.3818   17.1282
   -7.5000   45.0000   30.000010090.6602   17.1753
    0.0000   45.0000   30.000010542.3320   17.1569
    7.5000   45.0000   30.000010191.7881   17.1102
   -7.5000  -45.0000   37.5000 8616.8496   18.0603
    0.0000  -45.0000   37.5000 8983.7109   18.0434
    7.5000  -45.0000   37.5000 8598.4814   18.0028
   -7.5000  -37.5000   37.5000 9251.5391   17.7423
    0.0000  -37.5000   37.5000 9650.3184   17.7338
    7.5000  -37.5000   37.5000 9242.5850   17.7035
   -7.5000  -30.0000   37.500010230.3252   17.5353
    0.0000  -30.0000   37.500010683.1318   17.5356
    7.5000  -30.0000   37.500010262.4873   17.5125
   -7.5000  -22.5000   37.500011262.3486   17.4124
    0.0000  -22.5000   37.500011781.8174   17.4140
    7.5000  -22.5000   37.500011327.4844   17.3855
   -7.5000  -15.0000   37.500012164.9297   17.3853
    0.0000  -15.0000   37.500012740.5303   17.3800
    7.5000  -15.0000   37.500012255.8818   17.3412
   -7.5000   -7.5000   37.500012779.2637   17.4024
    0.0000   -7.5000   37.500013404.0283   17.3882
    7.5000   -7.5000   37.500012906.4473   17.3448
   -7.5000    0.0000   37.500013274.0400   17.4207
    0.0000    0.0000   37.500013939.8105   17.4046
    7.5000    0.0000   37.500013447.6982   17.3655
   -7.5000    7.5000   37.500012816.4297   17.4205
    0.0000    7.5000   37.500013446.5654   17.4119
    7.5000    7.5000   37.500012969.8457   17.3826
   -7.5000   15.0000   37.500012216.9170   17.4054
    0.0000   15.0000   37.500012766.1543   17.4055
    7.5000   15.0000   37.500012328.1094   17.3825
   -7.5000   22.5000   37.500011489.3105   17.3803
    0.0000   22.5000   37.500011990.6094   17.3820
    7.5000   22.5000   37.500011605.2188   17.3537
   -7.5000   30.0000   37.500010712.3525   17.1606
    0.0000   30.0000   37.500011183.0762   17.1554
    7.5000   30.0000   37.500010825.2588   17.1171
   -7.5000   37.5000   37.500010335.6436   17.2919
    0.0000   37.5000   37.500010805.9531   17.2788
    7.5000   37.5000   37.500010462.1582   17.2351
   -7.5000   45.0000   37.5000 9674.1934   17.2795
    0.0000   45.0000   37.500010114.0332   17.2627
    7.5000   45.0000   37.5000 9788.5723   17.2190
   -7.5000  -45.0000   45.0000 7958.1035   18.1896
    0.0000  -45.0000   45.0000 8264.7490   18.1777
    7.5000  -45.0000   45.0000 7900.0010   18.1420
   -7.5000  -37.5000   45.0000 8548.7227   17.8692
    0.0000  -37.5000   45.0000 8878.8975   17.8659
    7.5000  -37.5000   45.0000 8490.4932   17.8369
   -7.5000  -30.0000   45.0000 9438.0693   17.6579
    0.0000  -30.0000   45.0000 9832.3555   17.6631
    7.5000  -30.0000   45.0000 9427.5693   17.6395
   -7.5000  -22.5000   45.000010379.6826   17.5293
    0.0000  -22.5000   45.000010845.8164   17.5353
    7.5000  -22.5000   45.000010416.9111   17.5096
   -7.5000  -15.0000   45.000011184.0771   17.4982
    0.0000  -15.0000   45.000011722.8086   17.4971
    7.5000  -15.0000   45.000011248.4248   17.4651
   -7.5000   -7.5000   45.000011738.8525   17.5164
    0.0000   -7.5000   45.000012308.4570   17.5064
    7.5000   -7.5000   45.000011832.6836   17.4706
   -7.5000    0.0000   45.000012183.7422   17.5383
    0.0000    0.0000   45.000012788.4531   17.5269
    7.5000    0.0000   45.000012328.9980   17.4930
   -7.5000    7.5000   45.000011719.6963   17.5407
    0.0000    7.5000   45.000012303.0918   17.5370
    7.5000    7.5000   45.000011875.5693   17.5089
   -7.5000   15.0000   45.000011154.1270   17.5253
    0.0000   15.0000   45.000011680.1699   17.5303
    7.5000   15.0000   45.000011291.2979   17.5069
   -7.5000   22.5000   45.000010483.8857   17.4967
    0.0000   22.5000   45.000010974.3271   17.5028
    7.5000   22.5000   45.000010627.5801   17.4773
   -7.5000   30.0000   45.0000 9766.8994   17.2705
    0.0000   30.0000   45.000010223.3896   17.2694
    7.5000   30.0000   45.0000 9885.7158   17.2379
   -7.5000   37.5000   45.0000 9436.0400   17.4055
    0.0000   37.5000   45.0000 9871.0566   17.3967
    7.5000   37.5000   45.0000 9550.2441   17.3609
   -7.5000   45.0000   45.0000 8828.8057   17.4147
    0.0000   45.0000   45.0000 9255.4023   17.4037
    7.5000   45.0000   45.0000 8942.8975   17.3655

---------------------------------------------------------------------
imgreg_4dfp /opt/freesurfer/average/711-2C_as_mni_average_305 /opt/freesurfer/average/711-2B_as_mni_average_305_mask talsrcimg_g11 none talsrcimg_to_711-2C_as_mni_average_305_t4 4355
---------------------------------------------------------------------

freesurfer imgreg_4dfp.c
/opt/freesurfer/average/711-2C_as_mni_average_305.4dfp.img
       256       256       256         1
  1.000000  1.000000  1.000000
orientation T byte_order littleendian
Reading image: /opt/freesurfer/average/711-2C_as_mni_average_305.4dfp.img
dimensions:      256       256       256
mmppix:       1.0000   -1.0000   -1.0000
center:     128.0000 -129.0000 -129.0000
/opt/freesurfer/average/711-2B_as_mni_average_305_mask.4dfp.img
       256       256       256         1
  1.000000  1.000000  1.000000
orientation T byte_order littleendian
Reading mask: /opt/freesurfer/average/711-2B_as_mni_average_305_mask.4dfp.img (2306576 pixels)
talsrcimg_g11.4dfp.img
       256       256       256         1
  1.000000  1.000000  1.000000
orientation T byte_order littleendian
Reading image: talsrcimg_g11.4dfp.img
dimensions:      256       256       256
mmppix:       1.0000   -1.0000   -1.0000
center:     128.0000 -129.0000 -129.0000
rotation matrix determinant  1.000000
image alignment mode   4355 decimal     1103 hex
   -7.5000  -45.0000  -45.0000 2115.8010   20.9794
    0.0000  -45.0000  -45.0000 2093.6096   20.9093
    7.5000  -45.0000  -45.0000 2051.3096   21.3306
   -7.5000  -37.5000  -45.0000 2129.1975   19.8974
    0.0000  -37.5000  -45.0000 2118.3391   19.8851
    7.5000  -37.5000  -45.0000 2077.8308   20.2316
   -7.5000  -30.0000  -45.0000 2145.4231   19.0487
    0.0000  -30.0000  -45.0000 2145.7031   19.0798
    7.5000  -30.0000  -45.0000 2113.1025   19.4146
   -7.5000  -22.5000  -45.0000 2179.9897   18.4105
    0.0000  -22.5000  -45.0000 2184.8704   18.4140
    7.5000  -22.5000  -45.0000 2156.8752   18.6743
   -7.5000  -15.0000  -45.0000 2217.7485   17.9209
    0.0000  -15.0000  -45.0000 2221.1968   17.8778
    7.5000  -15.0000  -45.0000 2194.7366   18.0049
   -7.5000   -7.5000  -45.0000 2250.3979   17.5356
    0.0000   -7.5000  -45.0000 2253.7871   17.4718
    7.5000   -7.5000  -45.0000 2235.3750   17.5294
   -7.5000    0.0000  -45.0000 2262.1458   17.2475
    0.0000    0.0000  -45.0000 2271.9641   17.1576
    7.5000    0.0000  -45.0000 2256.9307   17.1549
   -7.5000    7.5000  -45.0000 2263.8943   17.0604
    0.0000    7.5000  -45.0000 2283.3628   16.9291
    7.5000    7.5000  -45.0000 2270.4421   16.9437
   -7.5000   15.0000  -45.0000 2249.0066   17.0327
    0.0000   15.0000  -45.0000 2275.1138   16.8776
    7.5000   15.0000  -45.0000 2269.7356   16.8645
   -7.5000   22.5000  -45.0000 2232.9246   17.0997
    0.0000   22.5000  -45.0000 2264.3445   16.9150
    7.5000   22.5000  -45.0000 2269.6658   16.9290
   -7.5000   30.0000  -45.0000 2220.0129   17.4487
    0.0000   30.0000  -45.0000 2250.2500   17.2756
    7.5000   30.0000  -45.0000 2258.1379   17.2920
   -7.5000   37.5000  -45.0000 2192.3555   18.1796
    0.0000   37.5000  -45.0000 2223.4678   17.9670
    7.5000   37.5000  -45.0000 2231.0691   17.9327
   -7.5000   45.0000  -45.0000 2139.6484   19.3813
    0.0000   45.0000  -45.0000 2170.9390   19.0323
    7.5000   45.0000  -45.0000 2181.0298   18.9420
   -7.5000  -45.0000  -37.5000 2202.9041   19.2067
    0.0000  -45.0000  -37.5000 2182.8098   19.1793
    7.5000  -45.0000  -37.5000 2143.8643   19.5352
   -7.5000  -37.5000  -37.5000 2220.3401   18.1357
    0.0000  -37.5000  -37.5000 2215.2637   18.1865
    7.5000  -37.5000  -37.5000 2177.1213   18.5128
   -7.5000  -30.0000  -37.5000 2245.2363   17.3759
    0.0000  -30.0000  -37.5000 2247.5134   17.4357
    7.5000  -30.0000  -37.5000 2215.0962   17.7046
   -7.5000  -22.5000  -37.5000 2288.2437   16.8240
    0.0000  -22.5000  -37.5000 2292.3467   16.8116
    7.5000  -22.5000  -37.5000 2257.0498   17.0569
   -7.5000  -15.0000  -37.5000 2326.9575   16.3915
    0.0000  -15.0000  -37.5000 2333.6035   16.3215
    7.5000  -15.0000  -37.5000 2295.4368   16.4704
   -7.5000   -7.5000  -37.5000 2358.6948   16.0514
    0.0000   -7.5000  -37.5000 2366.6399   15.9678
    7.5000   -7.5000  -37.5000 2339.3713   15.9922
   -7.5000    0.0000  -37.5000 2372.5073   15.7677
    0.0000    0.0000  -37.5000 2388.0693   15.6664
    7.5000    0.0000  -37.5000 2366.5515   15.7079
   -7.5000    7.5000  -37.5000 2372.0166   15.6768
    0.0000    7.5000  -37.5000 2395.6418   15.5137
    7.5000    7.5000  -37.5000 2377.6455   15.5100
   -7.5000   15.0000  -37.5000 2357.3765   15.6784
    0.0000   15.0000  -37.5000 2391.0781   15.5010
    7.5000   15.0000  -37.5000 2382.9304   15.4529
   -7.5000   22.5000  -37.5000 2337.9580   15.7711
    0.0000   22.5000  -37.5000 2376.4927   15.5861
    7.5000   22.5000  -37.5000 2381.9277   15.5285
   -7.5000   30.0000  -37.5000 2320.5903   16.1014
    0.0000   30.0000  -37.5000 2357.3821   15.9168
    7.5000   30.0000  -37.5000 2363.5325   15.8768
   -7.5000   37.5000  -37.5000 2287.7043   16.7909
    0.0000   37.5000  -37.5000 2325.6399   16.5843
    7.5000   37.5000  -37.5000 2331.5728   16.5175
   -7.5000   45.0000  -37.5000 2228.7368   17.8754
    0.0000   45.0000  -37.5000 2272.5364   17.5827
    7.5000   45.0000  -37.5000 2273.1167   17.4789
   -7.5000  -45.0000  -30.0000 2318.6016   18.3519
    0.0000  -45.0000  -30.0000 2310.6182   18.4013
    7.5000  -45.0000  -30.0000 2273.0422   18.7400
   -7.5000  -37.5000  -30.0000 2350.7078   17.3184
    0.0000  -37.5000  -30.0000 2346.3357   17.3443
    7.5000  -37.5000  -30.0000 2307.1443   17.6689
   -7.5000  -30.0000  -30.0000 2386.6541   16.5644
    0.0000  -30.0000  -30.0000 2384.2310   16.5928
    7.5000  -30.0000  -30.0000 2344.2839   16.8621
   -7.5000  -22.5000  -30.0000 2433.7881   15.9995
    0.0000  -22.5000  -30.0000 2437.2029   16.0072
    7.5000  -22.5000  -30.0000 2394.8459   16.2083
   -7.5000  -15.0000  -30.0000 2473.5679   15.5770
    0.0000  -15.0000  -30.0000 2476.4663   15.4860
    7.5000  -15.0000  -30.0000 2434.4231   15.6218
   -7.5000   -7.5000  -30.0000 2498.4448   15.2171
    0.0000   -7.5000  -30.0000 2508.9185   15.1093
    7.5000   -7.5000  -30.0000 2475.5085   15.1741
   -7.5000    0.0000  -30.0000 2507.4688   14.9635
    0.0000    0.0000  -30.0000 2530.2412   14.8597
    7.5000    0.0000  -30.0000 2510.0784   14.9029
   -7.5000    7.5000  -30.0000 2517.1997   14.8539
    0.0000    7.5000  -30.0000 2541.7849   14.7243
    7.5000    7.5000  -30.0000 2534.0081   14.7218
   -7.5000   15.0000  -30.0000 2513.0640   14.8880
    0.0000   15.0000  -30.0000 2543.7566   14.7170
    7.5000   15.0000  -30.0000 2535.6921   14.6958
   -7.5000   22.5000  -30.0000 2499.1252   15.0522
    0.0000   22.5000  -30.0000 2538.2524   14.8772
    7.5000   22.5000  -30.0000 2533.9456   14.8346
   -7.5000   30.0000  -30.0000 2474.6960   15.4139
    0.0000   30.0000  -30.0000 2514.1665   15.2333
    7.5000   30.0000  -30.0000 2513.2908   15.1636
   -7.5000   37.5000  -30.0000 2431.0964   16.0851
    0.0000   37.5000  -30.0000 2474.5137   15.8786
    7.5000   37.5000  -30.0000 2475.5063   15.7780
   -7.5000   45.0000  -30.0000 2363.7566   17.1041
    0.0000   45.0000  -30.0000 2409.1992   16.8440
    7.5000   45.0000  -30.0000 2416.9614   16.7249
   -7.5000  -45.0000  -22.5000 2410.1409   17.7069
    0.0000  -45.0000  -22.5000 2407.8999   17.7604
    7.5000  -45.0000  -22.5000 2376.0500   18.0714
   -7.5000  -37.5000  -22.5000 2447.1228   16.6479
    0.0000  -37.5000  -22.5000 2444.9822   16.6537
    7.5000  -37.5000  -22.5000 2411.2803   16.9785
   -7.5000  -30.0000  -22.5000 2489.0278   15.8309
    0.0000  -30.0000  -22.5000 2487.3899   15.8440
    7.5000  -30.0000  -22.5000 2446.2156   16.1300
   -7.5000  -22.5000  -22.5000 2535.5200   15.2536
    0.0000  -22.5000  -22.5000 2539.7922   15.1954
    7.5000  -22.5000  -22.5000 2495.3777   15.4067
   -7.5000  -15.0000  -22.5000 2569.8188   14.7764
    0.0000  -15.0000  -22.5000 2575.2871   14.6934
    7.5000  -15.0000  -22.5000 2532.9072   14.8475
   -7.5000   -7.5000  -22.5000 2596.3560   14.3944
    0.0000   -7.5000  -22.5000 2606.2576   14.3107
    7.5000   -7.5000  -22.5000 2579.0166   14.4213
   -7.5000    0.0000  -22.5000 2614.4023   14.1471
    0.0000    0.0000  -22.5000 2635.7578   14.0342
    7.5000    0.0000  -22.5000 2623.2705   14.1073
   -7.5000    7.5000  -22.5000 2626.3750   14.0069
    0.0000    7.5000  -22.5000 2652.3542   13.9169
    7.5000    7.5000  -22.5000 2652.2566   13.9465
   -7.5000   15.0000  -22.5000 2628.7441   14.0342
    0.0000   15.0000  -22.5000 2663.3376   13.8914
    7.5000   15.0000  -22.5000 2658.8499   13.9173
   -7.5000   22.5000  -22.5000 2621.9248   14.2389
    0.0000   22.5000  -22.5000 2665.5378   14.0844
    7.5000   22.5000  -22.5000 2663.1450   14.0739
   -7.5000   30.0000  -22.5000 2597.0764   14.6376
    0.0000   30.0000  -22.5000 2639.8713   14.4954
    7.5000   30.0000  -22.5000 2639.7761   14.4250
   -7.5000   37.5000  -22.5000 2554.6033   15.3164
    0.0000   37.5000  -22.5000 2598.0586   15.1290
    7.5000   37.5000  -22.5000 2599.7915   15.0487
   -7.5000   45.0000  -22.5000 2477.9363   16.2840
    0.0000   45.0000  -22.5000 2525.9565   16.0284
    7.5000   45.0000  -22.5000 2539.6152   15.9415
   -7.5000  -45.0000  -15.0000 2473.1943   17.2217
    0.0000  -45.0000  -15.0000 2467.3137   17.2414
    7.5000  -45.0000  -15.0000 2437.9626   17.6234
   -7.5000  -37.5000  -15.0000 2512.2803   16.0661
    0.0000  -37.5000  -15.0000 2510.4226   16.1116
    7.5000  -37.5000  -15.0000 2477.9077   16.4623
   -7.5000  -30.0000  -15.0000 2556.3079   15.2353
    0.0000  -30.0000  -15.0000 2555.7979   15.2390
    7.5000  -30.0000  -15.0000 2511.3391   15.5231
   -7.5000  -22.5000  -15.0000 2596.0342   14.6038
    0.0000  -22.5000  -15.0000 2602.3281   14.5658
    7.5000  -22.5000  -15.0000 2558.3936   14.7998
   -7.5000  -15.0000  -15.0000 2627.7722   14.0630
    0.0000  -15.0000  -15.0000 2633.7471   13.9907
    7.5000  -15.0000  -15.0000 2596.5737   14.2132
   -7.5000   -7.5000  -15.0000 2665.1111   13.6879
    0.0000   -7.5000  -15.0000 2676.6206   13.6153
    7.5000   -7.5000  -15.0000 2645.4368   13.7557
   -7.5000    0.0000  -15.0000 2692.6040   13.4448
    0.0000    0.0000  -15.0000 2718.5361   13.3320
    7.5000    0.0000  -15.0000 2703.1733   13.4266
   -7.5000    7.5000  -15.0000 2705.4348   13.2797
    0.0000    7.5000  -15.0000 2738.8359   13.1780
    7.5000    7.5000  -15.0000 2742.7563   13.2324
   -7.5000   15.0000  -15.0000 2713.4749   13.2743
    0.0000   15.0000  -15.0000 2751.4192   13.1471
    7.5000   15.0000  -15.0000 2755.6445   13.2091
   -7.5000   22.5000  -15.0000 2710.5583   13.4556
    0.0000   22.5000  -15.0000 2759.0312   13.3417
    7.5000   22.5000  -15.0000 2756.9382   13.3650
   -7.5000   30.0000  -15.0000 2689.0039   13.8845
    0.0000   30.0000  -15.0000 2738.6470   13.7330
    7.5000   30.0000  -15.0000 2735.2056   13.7440
   -7.5000   37.5000  -15.0000 2644.0085   14.5630
    0.0000   37.5000  -15.0000 2692.7092   14.3541
    7.5000   37.5000  -15.0000 2699.9692   14.3276
   -7.5000   45.0000  -15.0000 2564.7834   15.4894
    0.0000   45.0000  -15.0000 2611.8835   15.2121
    7.5000   45.0000  -15.0000 2630.1833   15.1779
   -7.5000  -45.0000   -7.5000 2519.8818   16.7484
    0.0000  -45.0000   -7.5000 2506.3438   16.7446
    7.5000  -45.0000   -7.5000 2479.1506   17.1232
   -7.5000  -37.5000   -7.5000 2557.6145   15.5846
    0.0000  -37.5000   -7.5000 2552.1489   15.6138
    7.5000  -37.5000   -7.5000 2520.2974   15.9481
   -7.5000  -30.0000   -7.5000 2595.5120   14.6992
    0.0000  -30.0000   -7.5000 2594.2178   14.7112
    7.5000  -30.0000   -7.5000 2556.1313   14.9975
   -7.5000  -22.5000   -7.5000 2628.5320   14.0379
    0.0000  -22.5000   -7.5000 2634.4600   13.9858
    7.5000  -22.5000   -7.5000 2593.7031   14.2177
   -7.5000  -15.0000   -7.5000 2657.8274   13.5023
    0.0000  -15.0000   -7.5000 2672.1992   13.4251
    7.5000  -15.0000   -7.5000 2635.9473   13.6204
   -7.5000   -7.5000   -7.5000 2703.5935   13.1025
    0.0000   -7.5000   -7.5000 2726.2971   12.9874
    7.5000   -7.5000   -7.5000 2697.5442   13.1786
   -7.5000    0.0000   -7.5000 2738.4736   12.8530
    0.0000    0.0000   -7.5000 2771.3938   12.7043
    7.5000    0.0000   -7.5000 2757.0332   12.8478
   -7.5000    7.5000   -7.5000 2769.1333   12.6844
    0.0000    7.5000   -7.5000 2812.4937   12.5324
    7.5000    7.5000   -7.5000 2808.7190   12.6407
   -7.5000   15.0000   -7.5000 2785.4919   12.6736
    0.0000   15.0000   -7.5000 2835.1833   12.5064
    7.5000   15.0000   -7.5000 2837.4387   12.6082
   -7.5000   22.5000   -7.5000 2792.2009   12.8452
    0.0000   22.5000   -7.5000 2847.2737   12.6575
    7.5000   22.5000   -7.5000 2842.4006   12.7842
   -7.5000   30.0000   -7.5000 2766.6257   13.2171
    0.0000   30.0000   -7.5000 2813.0132   13.0440
    7.5000   30.0000   -7.5000 2817.4114   13.1576
   -7.5000   37.5000   -7.5000 2713.4604   13.8651
    0.0000   37.5000   -7.5000 2758.6089   13.6460
    7.5000   37.5000   -7.5000 2779.2720   13.6716
   -7.5000   45.0000   -7.5000 2623.4736   14.7895
    0.0000   45.0000   -7.5000 2676.6421   14.5075
    7.5000   45.0000   -7.5000 2693.5400   14.4997
   -7.5000  -45.0000    0.0000 2553.9692   16.4128
    0.0000  -45.0000    0.0000 2542.1194   16.4293
    7.5000  -45.0000    0.0000 2499.5884   16.7680
   -7.5000  -37.5000    0.0000 2587.3848   15.2921
    0.0000  -37.5000    0.0000 2587.0972   15.2834
    7.5000  -37.5000    0.0000 2546.8496   15.6115
   -7.5000  -30.0000    0.0000 2614.8408   14.3828
    0.0000  -30.0000    0.0000 2620.5354   14.3220
    7.5000  -30.0000    0.0000 2579.1956   14.6217
   -7.5000  -22.5000    0.0000 2641.8728   13.6405
    0.0000  -22.5000    0.0000 2654.3052   13.5463
    7.5000  -22.5000    0.0000 2614.8162   13.8190
   -7.5000  -15.0000    0.0000 2677.1350   13.0769
    0.0000  -15.0000    0.0000 2694.6003   12.9644
    7.5000  -15.0000    0.0000 2662.7664   13.2051
   -7.5000   -7.5000    0.0000 2722.0872   12.6823
    0.0000   -7.5000    0.0000 2749.9500   12.5275
    7.5000   -7.5000    0.0000 2725.0703   12.7420
   -7.5000    0.0000    0.0000 2766.3394   12.4399
    0.0000    0.0000    0.0000 2800.7520   12.2457
    7.5000    0.0000    0.0000 2785.8203   12.4385
   -7.5000    7.5000    0.0000 2811.9905   12.3108
    0.0000    7.5000    0.0000 2862.3206   12.0981
    7.5000    7.5000    0.0000 2850.2058   12.2653
   -7.5000   15.0000    0.0000 2846.1521   12.3511
    0.0000   15.0000    0.0000 2903.6609   12.1238
    7.5000   15.0000    0.0000 2890.8728   12.2929
   -7.5000   22.5000    0.0000 2860.1357   12.5487
    0.0000   22.5000    0.0000 2918.6970   12.2685
    7.5000   22.5000    0.0000 2908.5898   12.4644
   -7.5000   30.0000    0.0000 2823.5415   12.8626
    0.0000   30.0000    0.0000 2877.3267   12.5991
    7.5000   30.0000    0.0000 2880.3274   12.7831
   -7.5000   37.5000    0.0000 2758.2769   13.4202
    0.0000   37.5000    0.0000 2812.9866   13.1622
    7.5000   37.5000    0.0000 2828.9033   13.2627
   -7.5000   45.0000    0.0000 2660.6863   14.2910
    0.0000   45.0000    0.0000 2718.4104   13.9758
    7.5000   45.0000    0.0000 2733.4573   14.0067
   -7.5000  -45.0000    7.5000 2566.1025   16.2546
    0.0000  -45.0000    7.5000 2551.1123   16.2325
    7.5000  -45.0000    7.5000 2503.4951   16.6117
   -7.5000  -37.5000    7.5000 2611.1406   15.1575
    0.0000  -37.5000    7.5000 2606.0808   15.0961
    7.5000  -37.5000    7.5000 2558.2126   15.4242
   -7.5000  -30.0000    7.5000 2630.6851   14.2068
    0.0000  -30.0000    7.5000 2632.6978   14.1069
    7.5000  -30.0000    7.5000 2585.7627   14.3873
   -7.5000  -22.5000    7.5000 2643.9805   13.4104
    0.0000  -22.5000    7.5000 2663.3635   13.2995
    7.5000  -22.5000    7.5000 2623.7358   13.5850
   -7.5000  -15.0000    7.5000 2678.3247   12.8520
    0.0000  -15.0000    7.5000 2698.6470   12.7267
    7.5000  -15.0000    7.5000 2673.1560   12.9763
   -7.5000   -7.5000    7.5000 2720.9060   12.4487
    0.0000   -7.5000    7.5000 2747.5107   12.2601
    7.5000   -7.5000    7.5000 2732.5874   12.5100
   -7.5000    0.0000    7.5000 2765.9827   12.2160
    0.0000    0.0000    7.5000 2803.6423   11.9859
    7.5000    0.0000    7.5000 2794.3413   12.2380
   -7.5000    7.5000    7.5000 2825.5732   12.1530
    0.0000    7.5000    7.5000 2877.9844   11.8949
    7.5000    7.5000    7.5000 2863.6494   12.1118
   -7.5000   15.0000    7.5000 2883.5027   12.2649
    0.0000   15.0000    7.5000 2933.1411   11.9940
    7.5000   15.0000    7.5000 2912.8923   12.1660
   -7.5000   22.5000    7.5000 2906.0435   12.4890
    0.0000   22.5000    7.5000 2963.0801   12.1847
    7.5000   22.5000    7.5000 2937.2568   12.3191
   -7.5000   30.0000    7.5000 2852.5339   12.8256
    0.0000   30.0000    7.5000 2916.3252   12.5281
    7.5000   30.0000    7.5000 2910.4351   12.6059
   -7.5000   37.5000    7.5000 2775.9692   13.2702
    0.0000   37.5000    7.5000 2839.9165   12.9965
    7.5000   37.5000    7.5000 2845.1282   13.0607
   -7.5000   45.0000    7.5000 2673.0706   14.0531
    0.0000   45.0000    7.5000 2725.6855   13.7639
    7.5000   45.0000    7.5000 2740.6450   13.7595
   -7.5000  -45.0000   15.0000 2529.8826   16.3672
    0.0000  -45.0000   15.0000 2523.6313   16.3162
    7.5000  -45.0000   15.0000 2474.8945   16.7052
   -7.5000  -37.5000   15.0000 2593.1460   15.2028
    0.0000  -37.5000   15.0000 2588.0024   15.1511
    7.5000  -37.5000   15.0000 2535.8032   15.4639
   -7.5000  -30.0000   15.0000 2619.1716   14.1742
    0.0000  -30.0000   15.0000 2619.0520   14.0624
    7.5000  -30.0000   15.0000 2566.6399   14.3965
   -7.5000  -22.5000   15.0000 2637.5686   13.3790
    0.0000  -22.5000   15.0000 2654.6472   13.2298
    7.5000  -22.5000   15.0000 2610.5225   13.5718
   -7.5000  -15.0000   15.0000 2661.4443   12.8618
    0.0000  -15.0000   15.0000 2686.7766   12.6610
    7.5000  -15.0000   15.0000 2661.7048   12.9860
   -7.5000   -7.5000   15.0000 2692.6228   12.5056
    0.0000   -7.5000   15.0000 2732.4868   12.2871
    7.5000   -7.5000   15.0000 2717.3975   12.5678
   -7.5000    0.0000   15.0000 2742.1414   12.2992
    0.0000    0.0000   15.0000 2781.7749   12.0676
    7.5000    0.0000   15.0000 2780.2065   12.3036
   -7.5000    7.5000   15.0000 2799.6750   12.2649
    0.0000    7.5000   15.0000 2847.5244   12.0236
    7.5000    7.5000   15.0000 2841.8743   12.1897
   -7.5000   15.0000   15.0000 2857.1221   12.3525
    0.0000   15.0000   15.0000 2899.2849   12.1096
    7.5000   15.0000   15.0000 2888.7004   12.2266
   -7.5000   22.5000   15.0000 2882.7551   12.5742
    0.0000   22.5000   15.0000 2933.8159   12.2852
    7.5000   22.5000   15.0000 2918.5212   12.3277
   -7.5000   30.0000   15.0000 2838.1282   12.9087
    0.0000   30.0000   15.0000 2903.1106   12.6348
    7.5000   30.0000   15.0000 2894.6333   12.5908
   -7.5000   37.5000   15.0000 2753.6697   13.4040
    0.0000   37.5000   15.0000 2817.1233   13.1982
    7.5000   37.5000   15.0000 2820.1028   13.1546
   -7.5000   45.0000   15.0000 2651.9553   14.1825
    0.0000   45.0000   15.0000 2700.6538   13.9580
    7.5000   45.0000   15.0000 2710.6475   13.9266
   -7.5000  -45.0000   22.5000 2485.1633   16.7546
    0.0000  -45.0000   22.5000 2473.5557   16.6825
    7.5000  -45.0000   22.5000 2429.5601   17.0905
   -7.5000  -37.5000   22.5000 2540.6128   15.4906
    0.0000  -37.5000   22.5000 2536.0566   15.4038
    7.5000  -37.5000   22.5000 2496.9956   15.8136
   -7.5000  -30.0000   22.5000 2578.2996   14.3917
    0.0000  -30.0000   22.5000 2574.3845   14.3092
    7.5000  -30.0000   22.5000 2531.0200   14.6749
   -7.5000  -22.5000   22.5000 2611.7390   13.6578
    0.0000  -22.5000   22.5000 2621.2439   13.5146
    7.5000  -22.5000   22.5000 2578.8447   13.8678
   -7.5000  -15.0000   22.5000 2633.0671   13.1830
    0.0000  -15.0000   22.5000 2657.4951   13.0017
    7.5000  -15.0000   22.5000 2626.4214   13.2718
   -7.5000   -7.5000   22.5000 2662.1375   12.8488
    0.0000   -7.5000   22.5000 2699.9365   12.6409
    7.5000   -7.5000   22.5000 2683.8840   12.8647
   -7.5000    0.0000   22.5000 2703.5107   12.6767
    0.0000    0.0000   22.5000 2747.5266   12.4305
    7.5000    0.0000   22.5000 2746.8674   12.6061
   -7.5000    7.5000   22.5000 2754.7585   12.6314
    0.0000    7.5000   22.5000 2805.0532   12.3455
    7.5000    7.5000   22.5000 2805.2283   12.4881
   -7.5000   15.0000   22.5000 2791.8289   12.7127
    0.0000   15.0000   22.5000 2843.7124   12.3938
    7.5000   15.0000   22.5000 2844.3884   12.5138
   -7.5000   22.5000   22.5000 2805.2283   12.9054
    0.0000   22.5000   22.5000 2859.5671   12.5599
    7.5000   22.5000   22.5000 2861.5693   12.6140
   -7.5000   30.0000   22.5000 2771.3540   13.2543
    0.0000   30.0000   22.5000 2836.9878   12.9384
    7.5000   30.0000   22.5000 2842.0964   12.9242
   -7.5000   37.5000   22.5000 2703.2622   13.7837
    0.0000   37.5000   22.5000 2765.4526   13.5158
    7.5000   37.5000   22.5000 2767.7473   13.4975
   -7.5000   45.0000   22.5000 2600.8635   14.5735
    0.0000   45.0000   22.5000 2653.5159   14.3099
    7.5000   45.0000   22.5000 2664.1963   14.3014
   -7.5000  -45.0000   30.0000 2431.2024   17.3918
    0.0000  -45.0000   30.0000 2422.6365   17.3132
    7.5000  -45.0000   30.0000 2381.2021   17.7198
   -7.5000  -37.5000   30.0000 2477.1826   16.1007
    0.0000  -37.5000   30.0000 2475.2354   16.0142
    7.5000  -37.5000   30.0000 2445.4878   16.3454
   -7.5000  -30.0000   30.0000 2513.4727   14.9684
    0.0000  -30.0000   30.0000 2516.6042   14.8697
    7.5000  -30.0000   30.0000 2481.6125   15.2000
   -7.5000  -22.5000   30.0000 2560.8755   14.1925
    0.0000  -22.5000   30.0000 2569.2446   14.0977
    7.5000  -22.5000   30.0000 2533.6445   14.3716
   -7.5000  -15.0000   30.0000 2592.8108   13.7216
    0.0000  -15.0000   30.0000 2613.6885   13.5774
    7.5000  -15.0000   30.0000 2586.2249   13.8091
   -7.5000   -7.5000   30.0000 2620.8296   13.4061
    0.0000   -7.5000   30.0000 2654.1821   13.2025
    7.5000   -7.5000   30.0000 2638.5818   13.3689
   -7.5000    0.0000   30.0000 2655.7678   13.2438
    0.0000    0.0000   30.0000 2695.7571   12.9692
    7.5000    0.0000   30.0000 2692.5107   13.0988
   -7.5000    7.5000   30.0000 2695.5659   13.1905
    0.0000    7.5000   30.0000 2743.5232   12.8578
    7.5000    7.5000   30.0000 2746.8953   12.9830
   -7.5000   15.0000   30.0000 2718.5657   13.2392
    0.0000   15.0000   30.0000 2771.5205   12.8795
    7.5000   15.0000   30.0000 2774.1138   12.9897
   -7.5000   22.5000   30.0000 2716.7786   13.4321
    0.0000   22.5000   30.0000 2771.5891   13.0787
    7.5000   22.5000   30.0000 2779.1851   13.1484
   -7.5000   30.0000   30.0000 2685.4661   13.7955
    0.0000   30.0000   30.0000 2742.1775   13.4749
    7.5000   30.0000   30.0000 2758.3726   13.5151
   -7.5000   37.5000   30.0000 2622.7961   14.3942
    0.0000   37.5000   30.0000 2681.2327   14.0794
    7.5000   37.5000   30.0000 2694.3728   14.1025
   -7.5000   45.0000   30.0000 2533.6660   15.1874
    0.0000   45.0000   30.0000 2584.8428   14.8964
    7.5000   45.0000   30.0000 2600.4089   14.8859
   -7.5000  -45.0000   37.5000 2369.6531   18.3425
    0.0000  -45.0000   37.5000 2364.9219   18.2303
    7.5000  -45.0000   37.5000 2320.0496   18.5423
   -7.5000  -37.5000   37.5000 2417.6533   16.9780
    0.0000  -37.5000   37.5000 2417.8733   16.8335
    7.5000  -37.5000   37.5000 2384.9146   17.0947
   -7.5000  -30.0000   37.5000 2452.5796   15.7784
    0.0000  -30.0000   37.5000 2457.7209   15.6384
    7.5000  -30.0000   37.5000 2428.1152   15.9103
   -7.5000  -22.5000   37.5000 2494.0208   14.9472
    0.0000  -22.5000   37.5000 2510.0442   14.8193
    7.5000  -22.5000   37.5000 2484.0857   15.0565
   -7.5000  -15.0000   37.5000 2528.9861   14.4582
    0.0000  -15.0000   37.5000 2557.5889   14.2988
    7.5000  -15.0000   37.5000 2535.5452   14.4685
   -7.5000   -7.5000   37.5000 2567.8560   14.1335
    0.0000   -7.5000   37.5000 2603.0222   13.9255
    7.5000   -7.5000   37.5000 2585.4001   14.0637
   -7.5000    0.0000   37.5000 2595.1194   13.9569
    0.0000    0.0000   37.5000 2636.5291   13.6777
    7.5000    0.0000   37.5000 2629.3582   13.7931
   -7.5000    7.5000   37.5000 2626.3279   13.8995
    0.0000    7.5000   37.5000 2676.1794   13.5804
    7.5000    7.5000   37.5000 2674.3318   13.6669
   -7.5000   15.0000   37.5000 2638.9399   13.9438
    0.0000   15.0000   37.5000 2692.0398   13.6101
    7.5000   15.0000   37.5000 2694.0037   13.7140
   -7.5000   22.5000   37.5000 2630.0266   14.1661
    0.0000   22.5000   37.5000 2682.6047   13.8417
    7.5000   22.5000   37.5000 2691.0671   13.9061
   -7.5000   30.0000   37.5000 2594.4128   14.5906
    0.0000   30.0000   37.5000 2647.4285   14.2862
    7.5000   30.0000   37.5000 2660.1055   14.3218
   -7.5000   37.5000   37.5000 2536.3005   15.2277
    0.0000   37.5000   37.5000 2591.4978   14.8715
    7.5000   37.5000   37.5000 2605.8813   14.8834
   -7.5000   45.0000   37.5000 2454.7000   16.0220
    0.0000   45.0000   37.5000 2506.4663   15.6735
    7.5000   45.0000   37.5000 2521.6790   15.6534
   -7.5000  -45.0000   45.0000 2297.0901   19.5106
    0.0000  -45.0000   45.0000 2289.9890   19.3752
    7.5000  -45.0000   45.0000 2250.7185   19.6468
   -7.5000  -37.5000   45.0000 2354.5261   18.0634
    0.0000  -37.5000   45.0000 2348.9666   17.8818
    7.5000  -37.5000   45.0000 2309.0337   18.1067
   -7.5000  -30.0000   45.0000 2389.4854   16.7558
    0.0000  -30.0000   45.0000 2391.5330   16.6070
    7.5000  -30.0000   45.0000 2360.4895   16.8713
   -7.5000  -22.5000   45.0000 2425.8086   15.8762
    0.0000  -22.5000   45.0000 2440.6960   15.7335
    7.5000  -22.5000   45.0000 2417.7107   15.9634
   -7.5000  -15.0000   45.0000 2463.1814   15.3282
    0.0000  -15.0000   45.0000 2491.0808   15.1671
    7.5000  -15.0000   45.0000 2470.7703   15.3355
   -7.5000   -7.5000   45.0000 2498.0037   15.0004
    0.0000   -7.5000   45.0000 2528.8835   14.7945
    7.5000   -7.5000   45.0000 2513.3242   14.9097
   -7.5000    0.0000   45.0000 2518.6499   14.8502
    0.0000    0.0000   45.0000 2557.7593   14.5875
    7.5000    0.0000   45.0000 2554.1621   14.6796
   -7.5000    7.5000   45.0000 2539.9368   14.7633
    0.0000    7.5000   45.0000 2588.4985   14.4828
    7.5000    7.5000   45.0000 2590.9666   14.5807
   -7.5000   15.0000   45.0000 2547.6562   14.8362
    0.0000   15.0000   45.0000 2598.3191   14.5471
    7.5000   15.0000   45.0000 2603.2280   14.6320
   -7.5000   22.5000   45.0000 2536.4785   15.0766
    0.0000   22.5000   45.0000 2583.1707   14.8094
    7.5000   22.5000   45.0000 2596.0725   14.8564
   -7.5000   30.0000   45.0000 2498.3848   15.5656
    0.0000   30.0000   45.0000 2543.9487   15.2986
    7.5000   30.0000   45.0000 2556.7747   15.3080
   -7.5000   37.5000   45.0000 2448.9592   16.2095
    0.0000   37.5000   45.0000 2494.8408   15.8976
    7.5000   37.5000   45.0000 2507.9648   15.8674
   -7.5000   45.0000   45.0000 2372.6340   16.9817
    0.0000   45.0000   45.0000 2421.3494   16.6554
    7.5000   45.0000   45.0000 2433.4070   16.5957

---------------------------------------------------------------------
imgreg_4dfp /opt/freesurfer/average/711-2C_as_mni_average_305 /opt/freesurfer/average/711-2B_as_mni_average_305_mask talsrcimg_g11 none talsrcimg_to_711-2C_as_mni_average_305_t4 1283
---------------------------------------------------------------------

freesurfer imgreg_4dfp.c
/opt/freesurfer/average/711-2C_as_mni_average_305.4dfp.img
       256       256       256         1
  1.000000  1.000000  1.000000
orientation T byte_order littleendian
Reading image: /opt/freesurfer/average/711-2C_as_mni_average_305.4dfp.img
dimensions:      256       256       256
mmppix:       1.0000   -1.0000   -1.0000
center:     128.0000 -129.0000 -129.0000
/opt/freesurfer/average/711-2B_as_mni_average_305_mask.4dfp.img
       256       256       256         1
  1.000000  1.000000  1.000000
orientation T byte_order littleendian
Reading mask: /opt/freesurfer/average/711-2B_as_mni_average_305_mask.4dfp.img (2306576 pixels)
talsrcimg_g11.4dfp.img
       256       256       256         1
  1.000000  1.000000  1.000000
orientation T byte_order littleendian
Reading image: talsrcimg_g11.4dfp.img
dimensions:      256       256       256
mmppix:       1.0000   -1.0000   -1.0000
center:     128.0000 -129.0000 -129.0000
rotation matrix determinant  1.000000
fimgreg.f
image alignment mode   1283 decimal      503 hex
parameters
    0.0000   22.5000    7.5000    0.0000    0.0000    0.0000
eta,q 0.93088 12.18046
niter,ni,del,rscale     5    3   12.0000    1.2000
parameter  4  0.689669 ->  0.500000 qaram    1.1500
parameter  5  0.611842 ->  0.500000 qaram    1.1500
parameter  6 82.573547 ->  0.500000 qaram    1.1500
parameters
    1.7368   21.2997    7.2801   -3.4500   -3.4500   -3.4500
eta,q 0.93797 11.96919
  0.0849  0.0779  0.0795  0.0710  0.0702  0.0565
  0.0795  0.0742  0.0750  0.0707  0.0683  0.0608
  0.0758  0.0729  0.0728  0.0711  0.0685  0.0648
  0.0748  0.0736  0.0731  0.0731  0.0706  0.0681
  0.0738  0.0754  0.0737  0.0751  0.0735  0.0725
  0.0736  0.0785  0.0760  0.0778  0.0759  0.0769
  0.0773  0.0826  0.0802  0.0830  0.0792  0.0805
niter,ni,del,rscale     7    3   12.0000    1.2000
parameter  2 -0.560147 -> -0.500000 qaram    1.1500
parameter  6  1.448174 ->  0.500000 qaram    1.3225
parameters
    2.7749   24.7497    7.7399   -6.6145   -5.0375   -7.4175
eta,q 0.94990 12.21651
  0.0820  0.0730  0.0723  0.0598  0.0632  0.0495
  0.0732  0.0675  0.0663  0.0585  0.0598  0.0496
  0.0666  0.0637  0.0607  0.0581  0.0581  0.0527
  0.0620  0.0609  0.0585  0.0586  0.0582  0.0579
  0.0612  0.0588  0.0605  0.0617  0.0611  0.0636
  0.0658  0.0586  0.0643  0.0666  0.0652  0.0694
  0.0725  0.0601  0.0684  0.0702  0.0703  0.0754
niter,ni,del,rscale     7    3   12.0000    1.2000
parameters
    3.2584   25.2344    7.7615   -6.4626   -4.3828  -10.5875
eta,q 0.95079 12.24237
  0.0742  0.0683  0.0622  0.0587  0.0630  0.0527
  0.0628  0.0603  0.0559  0.0548  0.0571  0.0499
  0.0536  0.0536  0.0514  0.0517  0.0520  0.0491
  0.0501  0.0502  0.0500  0.0500  0.0500  0.0500
  0.0523  0.0513  0.0517  0.0508  0.0506  0.0544
  0.0585  0.0561  0.0558  0.0541  0.0534  0.0613
  0.0673  0.0648  0.0619  0.0583  0.0593  0.0676
niter,ni,del,rscale     6    3   12.0000    1.2000
parameters
    3.2423   25.3459    8.2321   -6.3445   -4.0181  -10.7732
eta,q 0.95105 12.21601
  0.0687  0.0673  0.0620  0.0569  0.0624  0.0589
  0.0587  0.0571  0.0562  0.0526  0.0555  0.0534
  0.0514  0.0505  0.0515  0.0498  0.0509  0.0497
  0.0492  0.0492  0.0492  0.0491  0.0491  0.0489
  0.0515  0.0503  0.0499  0.0490  0.0493  0.0497
  0.0584  0.0563  0.0533  0.0519  0.0531  0.0537
  0.0693  0.0661  0.0590  0.0568  0.0604  0.0603
niter,ni,del,rscale     5    3   12.0000    1.2000
parameters
    3.2432   25.3642    8.2956   -6.2840   -3.9862  -10.7910
eta,q 0.95108 12.21333
  0.0689  0.0670  0.0607  0.0566  0.0614  0.0595
  0.0590  0.0568  0.0551  0.0525  0.0547  0.0537
  0.0517  0.0503  0.0506  0.0496  0.0505  0.0498
  0.0489  0.0489  0.0489  0.0489  0.0489  0.0489
  0.0510  0.0503  0.0504  0.0488  0.0497  0.0495
  0.0583  0.0568  0.0543  0.0518  0.0541  0.0534
  0.0695  0.0667  0.0605  0.0569  0.0617  0.0599
niter,ni,del,rscale     4    3   12.0000    1.2000
parameters
    3.2478   25.3604    8.3132   -6.2659   -3.9869  -10.7929
eta,q 0.95108 12.21265
  0.0689  0.0670  0.0607  0.0565  0.0613  0.0595
  0.0590  0.0567  0.0550  0.0524  0.0547  0.0537
  0.0517  0.0502  0.0505  0.0496  0.0505  0.0498
  0.0489  0.0489  0.0489  0.0489  0.0489  0.0489
  0.0509  0.0504  0.0505  0.0488  0.0498  0.0495
  0.0583  0.0568  0.0545  0.0519  0.0542  0.0533
  0.0695  0.0669  0.0607  0.0570  0.0619  0.0599
registration optimization eta report
parameter search radius
    6.0000    6.9000    6.0000    6.9000    6.9000    7.9350
100000*second partial in parameter space
       56.       39.       32.       17.       27.       18.
  0.0689  0.0670  0.0607  0.0565  0.0613  0.0595
  0.0590  0.0567  0.0550  0.0524  0.0547  0.0537
  0.0517  0.0502  0.0505  0.0496  0.0505  0.0498
  0.0489  0.0489  0.0489  0.0489  0.0489  0.0489
  0.0509  0.0504  0.0505  0.0488  0.0498  0.0495
  0.0583  0.0568  0.0545  0.0519  0.0542  0.0533
  0.0695  0.0669  0.0607  0.0570  0.0619  0.0599
    3.2478   25.3604    8.3132   -6.2659   -3.9869  -10.7929
eta,q 0.95108 12.21265

---------------------------------------------------------------------
imgreg_4dfp /opt/freesurfer/average/711-2C_as_mni_average_305 /opt/freesurfer/average/711-2B_as_mni_average_305_mask talsrcimg_g11 none talsrcimg_to_711-2C_as_mni_average_305_t4 3335
---------------------------------------------------------------------

freesurfer imgreg_4dfp.c
/opt/freesurfer/average/711-2C_as_mni_average_305.4dfp.img
       256       256       256         1
  1.000000  1.000000  1.000000
orientation T byte_order littleendian
Reading image: /opt/freesurfer/average/711-2C_as_mni_average_305.4dfp.img
dimensions:      256       256       256
mmppix:       1.0000   -1.0000   -1.0000
center:     128.0000 -129.0000 -129.0000
/opt/freesurfer/average/711-2B_as_mni_average_305_mask.4dfp.img
       256       256       256         1
  1.000000  1.000000  1.000000
orientation T byte_order littleendian
Reading mask: /opt/freesurfer/average/711-2B_as_mni_average_305_mask.4dfp.img (2306576 pixels)
talsrcimg_g11.4dfp.img
       256       256       256         1
  1.000000  1.000000  1.000000
orientation T byte_order littleendian
Reading image: talsrcimg_g11.4dfp.img
dimensions:      256       256       256
mmppix:       1.0000   -1.0000   -1.0000
center:     128.0000 -129.0000 -129.0000
fimgreg.f
image alignment mode   3335 decimal      D07 hex
parameters
    3.2478   25.3604    8.3132   -2.0067   -2.2137   -0.8380
   17.8687    8.8329  -18.6807    9.4271   -6.9529  -10.8879
eta,q 0.95445 12.18759
niter,ni,del,rscale     5    3    5.0000    1.2000
parameter  4  1.741802 ->  0.500000 qaram    1.1500
parameter  5  1.385057 ->  0.500000 qaram    1.1500
parameter  6  0.556044 ->  0.500000 qaram    1.1500
parameter  9 -0.502405 -> -0.500000 qaram    1.1500
parameters
    2.9109   25.7472    8.2437   -6.1467   -6.3537   -4.9780
   15.1095    8.2234  -14.5407    8.3082   -8.2877   -9.6828
eta,q 0.96498 11.67314
  0.0482  0.0488  0.0477  0.0382  0.0364  0.0369  0.0373  0.0406  0.0395  0.0377  0.0359  0.0373
  0.0465  0.0471  0.0465  0.0397  0.0371  0.0364  0.0360  0.0379  0.0379  0.0361  0.0354  0.0362
  0.0456  0.0460  0.0457  0.0422  0.0385  0.0364  0.0358  0.0362  0.0366  0.0352  0.0351  0.0354
  0.0455  0.0455  0.0454  0.0454  0.0403  0.0374  0.0363  0.0357  0.0357  0.0352  0.0351  0.0350
  0.0463  0.0455  0.0457  0.0493  0.0426  0.0399  0.0377  0.0367  0.0352  0.0361  0.0354  0.0351
  0.0479  0.0460  0.0466  0.0538  0.0454  0.0436  0.0398  0.0392  0.0352  0.0377  0.0361  0.0354
  0.0503  0.0472  0.0480  0.0586  0.0486  0.0481  0.0424  0.0427  0.0357  0.0399  0.0370  0.0362
niter,ni,del,rscale     7    3    5.0000    1.2000
parameter  4  0.733908 ->  0.500000 qaram    1.3225
parameters
    3.0730   25.8099    7.8972  -10.9077  -10.0332   -6.1282
   14.8449    8.0459  -15.2445    7.5968   -9.0350  -10.6245
eta,q 0.96774 11.23076
  0.0402  0.0383  0.0365  0.0329  0.0334  0.0349  0.0357  0.0372  0.0345  0.0349  0.0332  0.0335
  0.0375  0.0366  0.0355  0.0329  0.0326  0.0334  0.0339  0.0346  0.0333  0.0333  0.0326  0.0327
  0.0358  0.0354  0.0350  0.0335  0.0324  0.0326  0.0328  0.0329  0.0326  0.0324  0.0324  0.0323
  0.0350  0.0350  0.0350  0.0349  0.0330  0.0324  0.0324  0.0324  0.0324  0.0324  0.0323  0.0323
  0.0353  0.0353  0.0354  0.0375  0.0344  0.0327  0.0329  0.0331  0.0328  0.0330  0.0325  0.0327
  0.0367  0.0363  0.0364  0.0412  0.0365  0.0343  0.0343  0.0348  0.0339  0.0342  0.0329  0.0333
  0.0390  0.0380  0.0377  0.0457  0.0392  0.0377  0.0363  0.0377  0.0355  0.0360  0.0336  0.0342
niter,ni,del,rscale     7    3    5.0000    1.2000
parameters
    3.3150   26.0647    8.1647  -13.8704  -10.7786   -6.2327
   14.6602    8.0019  -15.3063    7.6223   -9.3215  -11.0009
eta,q 0.96814 11.01840
  0.0375  0.0358  0.0346  0.0336  0.0342  0.0352  0.0352  0.0369  0.0345  0.0350  0.0329  0.0332
  0.0349  0.0340  0.0334  0.0323  0.0328  0.0334  0.0333  0.0343  0.0331  0.0332  0.0323  0.0325
  0.0331  0.0328  0.0326  0.0319  0.0320  0.0322  0.0322  0.0324  0.0322  0.0321  0.0320  0.0320
  0.0323  0.0322  0.0322  0.0321  0.0319  0.0319  0.0319  0.0319  0.0319  0.0319  0.0319  0.0319
  0.0324  0.0323  0.0322  0.0333  0.0323  0.0323  0.0324  0.0325  0.0322  0.0323  0.0320  0.0322
  0.0336  0.0331  0.0328  0.0356  0.0334  0.0332  0.0336  0.0343  0.0331  0.0333  0.0325  0.0327
  0.0358  0.0346  0.0337  0.0393  0.0353  0.0355  0.0355  0.0370  0.0346  0.0348  0.0331  0.0335
niter,ni,del,rscale     6    3    5.0000    1.2000
parameters
    3.3315   26.1897    8.2171  -14.0206  -10.9151   -6.2020
   14.6207    8.0032  -15.2507    7.7748   -9.3656  -11.1000
eta,q 0.96813 11.00651
  0.0362  0.0351  0.0340  0.0355  0.0345  0.0353  0.0353  0.0370  0.0345  0.0351  0.0330  0.0333
  0.0338  0.0334  0.0328  0.0334  0.0330  0.0334  0.0334  0.0343  0.0331  0.0332  0.0324  0.0326
  0.0324  0.0323  0.0321  0.0322  0.0321  0.0322  0.0322  0.0325  0.0322  0.0321  0.0320  0.0320
  0.0319  0.0319  0.0319  0.0319  0.0319  0.0319  0.0319  0.0319  0.0319  0.0319  0.0319  0.0319
  0.0323  0.0321  0.0321  0.0322  0.0321  0.0323  0.0323  0.0325  0.0321  0.0323  0.0320  0.0321
  0.0338  0.0330  0.0327  0.0335  0.0331  0.0332  0.0335  0.0343  0.0331  0.0332  0.0324  0.0326
  0.0361  0.0345  0.0338  0.0359  0.0348  0.0354  0.0354  0.0370  0.0345  0.0347  0.0330  0.0334
niter,ni,del,rscale     5    3    5.0000    1.2000
parameters
    3.3342   26.2199    8.2142  -14.0245  -10.9304   -6.1916
   14.6092    8.0166  -15.2255    7.8231   -9.3784  -11.1365
eta,q 0.96813 11.00681
  0.0362  0.0348  0.0339  0.0357  0.0346  0.0353  0.0354  0.0370  0.0345  0.0350  0.0331  0.0334
  0.0338  0.0332  0.0328  0.0335  0.0331  0.0334  0.0335  0.0343  0.0331  0.0332  0.0324  0.0326
  0.0324  0.0322  0.0321  0.0322  0.0321  0.0322  0.0323  0.0325  0.0322  0.0321  0.0320  0.0320
  0.0319  0.0319  0.0319  0.0319  0.0319  0.0319  0.0319  0.0319  0.0319  0.0319  0.0319  0.0319
  0.0324  0.0322  0.0321  0.0322  0.0321  0.0323  0.0323  0.0325  0.0322  0.0323  0.0320  0.0321
  0.0338  0.0331  0.0328  0.0334  0.0330  0.0332  0.0335  0.0343  0.0331  0.0333  0.0324  0.0326
  0.0362  0.0347  0.0339  0.0357  0.0347  0.0354  0.0353  0.0370  0.0345  0.0347  0.0330  0.0334
niter,ni,del,rscale     4    3    5.0000    1.2000
parameters
    3.3372   26.2268    8.2116  -14.0218  -10.9325   -6.1886
   14.6065    8.0221  -15.2261    7.8376   -9.3807  -11.1489
eta,q 0.96812 11.00729
  0.0362  0.0348  0.0339  0.0357  0.0346  0.0353  0.0354  0.0370  0.0345  0.0350  0.0331  0.0334
  0.0338  0.0332  0.0328  0.0335  0.0331  0.0334  0.0335  0.0343  0.0331  0.0331  0.0324  0.0326
  0.0324  0.0322  0.0321  0.0322  0.0322  0.0322  0.0323  0.0325  0.0322  0.0320  0.0320  0.0320
  0.0319  0.0319  0.0319  0.0319  0.0319  0.0319  0.0319  0.0319  0.0319  0.0319  0.0319  0.0319
  0.0324  0.0322  0.0321  0.0322  0.0321  0.0323  0.0323  0.0325  0.0322  0.0323  0.0320  0.0321
  0.0338  0.0332  0.0328  0.0334  0.0330  0.0332  0.0335  0.0343  0.0331  0.0333  0.0324  0.0326
  0.0362  0.0347  0.0339  0.0357  0.0347  0.0354  0.0353  0.0370  0.0346  0.0348  0.0330  0.0334
registration optimization eta report
parameter search radius
    2.4000    2.4000    2.4000    9.5220    8.2800    8.2800
    7.2000    7.2000    8.2800    7.2000    7.2000    7.2000
100000*second partial in parameter space
       75.       50.       34.        4.        4.        5.
        7.       10.        4.        6.        2.        3.
  0.0362  0.0348  0.0339  0.0357  0.0346  0.0353  0.0354  0.0370  0.0345  0.0350  0.0331  0.0334
  0.0338  0.0332  0.0328  0.0335  0.0331  0.0334  0.0335  0.0343  0.0331  0.0331  0.0324  0.0326
  0.0324  0.0322  0.0321  0.0322  0.0322  0.0322  0.0323  0.0325  0.0322  0.0320  0.0320  0.0320
  0.0319  0.0319  0.0319  0.0319  0.0319  0.0319  0.0319  0.0319  0.0319  0.0319  0.0319  0.0319
  0.0324  0.0322  0.0321  0.0322  0.0321  0.0323  0.0323  0.0325  0.0322  0.0323  0.0320  0.0321
  0.0338  0.0332  0.0328  0.0334  0.0330  0.0332  0.0335  0.0343  0.0331  0.0333  0.0324  0.0326
  0.0362  0.0347  0.0339  0.0357  0.0347  0.0354  0.0353  0.0370  0.0346  0.0348  0.0330  0.0334
    3.3372   26.2268    8.2116  -14.0218  -10.9325   -6.1886
   14.6065    8.0221  -15.2261    7.8376   -9.3807  -11.1489
eta,q 0.96812 11.00729

---------------------------------------------------------------------
imgreg_4dfp /opt/freesurfer/average/711-2C_as_mni_average_305 /opt/freesurfer/average/711-2B_as_mni_average_305_mask talsrcimg_g11 none talsrcimg_to_711-2C_as_mni_average_305_t4 2311
---------------------------------------------------------------------

freesurfer imgreg_4dfp.c
/opt/freesurfer/average/711-2C_as_mni_average_305.4dfp.img
       256       256       256         1
  1.000000  1.000000  1.000000
orientation T byte_order littleendian
Reading image: /opt/freesurfer/average/711-2C_as_mni_average_305.4dfp.img
dimensions:      256       256       256
mmppix:       1.0000   -1.0000   -1.0000
center:     128.0000 -129.0000 -129.0000
/opt/freesurfer/average/711-2B_as_mni_average_305_mask.4dfp.img
       256       256       256         1
  1.000000  1.000000  1.000000
orientation T byte_order littleendian
Reading mask: /opt/freesurfer/average/711-2B_as_mni_average_305_mask.4dfp.img (2306576 pixels)
talsrcimg_g11.4dfp.img
       256       256       256         1
  1.000000  1.000000  1.000000
orientation T byte_order littleendian
Reading image: talsrcimg_g11.4dfp.img
dimensions:      256       256       256
mmppix:       1.0000   -1.0000   -1.0000
center:     128.0000 -129.0000 -129.0000
fimgreg.f
image alignment mode   2311 decimal      907 hex
parameters
    3.3372   26.2268    8.2116  -14.0218  -10.9325   -6.1886
   14.6065    8.0221  -15.2261    7.8376   -9.3807  -11.1489
eta,q 0.96812 11.00729
niter,ni,del,rscale     5    3    5.0000    0.8000
parameters
    3.3368   26.2143    8.1972  -13.8875  -10.8068   -6.0359
   14.5832    8.0389  -15.1602    7.6081   -9.4296  -11.1767
eta,q 0.96814 11.02701
  0.0338  0.0332  0.0328  0.0327  0.0328  0.0331  0.0335  0.0343  0.0328  0.0331  0.0324  0.0326
  0.0327  0.0324  0.0323  0.0322  0.0323  0.0324  0.0326  0.0330  0.0323  0.0323  0.0321  0.0322
  0.0321  0.0320  0.0320  0.0320  0.0320  0.0320  0.0321  0.0321  0.0320  0.0319  0.0319  0.0319
  0.0319  0.0319  0.0319  0.0319  0.0319  0.0319  0.0319  0.0319  0.0319  0.0319  0.0319  0.0319
  0.0321  0.0320  0.0320  0.0319  0.0319  0.0320  0.0321  0.0322  0.0320  0.0321  0.0319  0.0320
  0.0327  0.0325  0.0323  0.0322  0.0322  0.0324  0.0326  0.0330  0.0323  0.0326  0.0321  0.0322
  0.0338  0.0332  0.0328  0.0327  0.0327  0.0329  0.0335  0.0343  0.0328  0.0333  0.0324  0.0326
niter,ni,del,rscale     4    3    5.0000    0.7000
parameters
    3.3434   26.1788    8.2239  -13.8414  -10.8078   -6.1058
   14.5692    8.0255  -15.1477    7.4931   -9.4101  -11.1380
eta,q 0.96815 11.02346
  0.0334  0.0328  0.0326  0.0325  0.0325  0.0327  0.0331  0.0337  0.0326  0.0329  0.0322  0.0324
  0.0325  0.0323  0.0322  0.0321  0.0321  0.0322  0.0324  0.0327  0.0322  0.0322  0.0320  0.0321
  0.0320  0.0319  0.0319  0.0319  0.0319  0.0319  0.0320  0.0320  0.0319  0.0319  0.0319  0.0319
  0.0319  0.0319  0.0319  0.0319  0.0319  0.0319  0.0318  0.0319  0.0319  0.0319  0.0318  0.0318
  0.0320  0.0320  0.0319  0.0319  0.0319  0.0320  0.0320  0.0321  0.0319  0.0320  0.0319  0.0319
  0.0325  0.0323  0.0322  0.0321  0.0321  0.0323  0.0324  0.0327  0.0322  0.0324  0.0320  0.0321
  0.0333  0.0329  0.0325  0.0325  0.0325  0.0327  0.0331  0.0337  0.0326  0.0329  0.0322  0.0324
niter,ni,del,rscale     3    3    5.0000    0.6000
parameters
    3.3434   26.1625    8.2195  -13.8400  -10.8171   -6.1964
   14.5684    8.0082  -15.1259    7.3835   -9.4172  -11.1475
eta,q 0.96817 11.01583
  0.0330  0.0326  0.0324  0.0323  0.0323  0.0325  0.0328  0.0332  0.0324  0.0326  0.0321  0.0323
  0.0323  0.0322  0.0321  0.0320  0.0321  0.0321  0.0323  0.0324  0.0321  0.0321  0.0320  0.0320
  0.0320  0.0319  0.0319  0.0319  0.0319  0.0319  0.0319  0.0320  0.0319  0.0319  0.0319  0.0319
  0.0318  0.0318  0.0318  0.0318  0.0318  0.0318  0.0318  0.0318  0.0318  0.0318  0.0318  0.0318
  0.0320  0.0319  0.0319  0.0319  0.0319  0.0320  0.0319  0.0320  0.0319  0.0320  0.0319  0.0319
  0.0323  0.0322  0.0321  0.0320  0.0321  0.0322  0.0323  0.0325  0.0321  0.0322  0.0320  0.0321
  0.0330  0.0326  0.0324  0.0323  0.0323  0.0325  0.0328  0.0333  0.0324  0.0326  0.0321  0.0323
niter,ni,del,rscale     2    3    5.0000    0.5000
parameters
    3.3408   26.1511    8.2026  -13.8359  -10.8132   -6.2963
   14.5644    7.9834  -15.1020    7.2972   -9.4386  -11.1672
eta,q 0.96817 11.00889
  0.0326  0.0324  0.0322  0.0321  0.0322  0.0323  0.0325  0.0328  0.0322  0.0324  0.0320  0.0321
  0.0322  0.0321  0.0320  0.0320  0.0320  0.0320  0.0321  0.0322  0.0320  0.0320  0.0319  0.0320
  0.0319  0.0319  0.0319  0.0319  0.0319  0.0319  0.0319  0.0319  0.0319  0.0319  0.0319  0.0319
  0.0318  0.0318  0.0318  0.0318  0.0318  0.0318  0.0318  0.0318  0.0318  0.0318  0.0318  0.0318
  0.0319  0.0319  0.0319  0.0319  0.0319  0.0319  0.0319  0.0320  0.0319  0.0319  0.0319  0.0319
  0.0322  0.0321  0.0320  0.0320  0.0320  0.0321  0.0321  0.0323  0.0320  0.0321  0.0319  0.0320
  0.0326  0.0324  0.0322  0.0321  0.0322  0.0323  0.0325  0.0328  0.0322  0.0324  0.0320  0.0321
niter,ni,del,rscale     1    3    5.0000    0.4000
parameters
    3.3373   26.1456    8.1864  -13.8646  -10.8193   -6.3865
   14.5635    7.9670  -15.0682    7.2196   -9.4291  -11.1986
eta,q 0.96817 11.00000
  0.0323  0.0322  0.0321  0.0320  0.0320  0.0321  0.0322  0.0325  0.0321  0.0322  0.0320  0.0320
  0.0320  0.0320  0.0319  0.0319  0.0319  0.0319  0.0320  0.0321  0.0319  0.0320  0.0319  0.0319
  0.0319  0.0319  0.0319  0.0319  0.0319  0.0319  0.0319  0.0319  0.0319  0.0318  0.0318  0.0318
  0.0318  0.0318  0.0318  0.0318  0.0318  0.0318  0.0318  0.0318  0.0318  0.0318  0.0318  0.0318
  0.0319  0.0319  0.0319  0.0318  0.0319  0.0319  0.0319  0.0319  0.0319  0.0319  0.0318  0.0319
  0.0320  0.0320  0.0319  0.0319  0.0319  0.0320  0.0320  0.0321  0.0319  0.0320  0.0319  0.0319
  0.0323  0.0322  0.0321  0.0320  0.0320  0.0322  0.0322  0.0325  0.0321  0.0322  0.0320  0.0320
registration optimization eta report
parameter search radius
    0.8000    0.8000    0.8000    2.4000    2.4000    2.4000
    2.4000    2.4000    2.4000    2.4000    2.4000    2.4000
100000*second partial in parameter space
       77.       52.       38.        3.        4.        5.
        7.       11.        4.        6.        2.        4.
  0.0323  0.0322  0.0321  0.0320  0.0320  0.0321  0.0322  0.0325  0.0321  0.0322  0.0320  0.0320
  0.0320  0.0320  0.0319  0.0319  0.0319  0.0319  0.0320  0.0321  0.0319  0.0320  0.0319  0.0319
  0.0319  0.0319  0.0319  0.0319  0.0319  0.0319  0.0319  0.0319  0.0319  0.0318  0.0318  0.0318
  0.0318  0.0318  0.0318  0.0318  0.0318  0.0318  0.0318  0.0318  0.0318  0.0318  0.0318  0.0318
  0.0319  0.0319  0.0319  0.0318  0.0319  0.0319  0.0319  0.0319  0.0319  0.0319  0.0318  0.0319
  0.0320  0.0320  0.0319  0.0319  0.0319  0.0320  0.0320  0.0321  0.0319  0.0320  0.0319  0.0319
  0.0323  0.0322  0.0321  0.0320  0.0320  0.0322  0.0322  0.0325  0.0321  0.0322  0.0320  0.0320
    3.3373   26.1456    8.1864  -13.8646  -10.8193   -6.3865
   14.5635    7.9670  -15.0682    7.2196   -9.4291  -11.1986
eta,q 0.96817 11.00000

---------------------------------------------------------------------
imgreg_4dfp /opt/freesurfer/average/711-2C_as_mni_average_305 /opt/freesurfer/average/711-2B_as_mni_average_305_mask talsrcimg_g11 none talsrcimg_to_711-2C_as_mni_average_305_t4 2311
---------------------------------------------------------------------

freesurfer imgreg_4dfp.c
/opt/freesurfer/average/711-2C_as_mni_average_305.4dfp.img
       256       256       256         1
  1.000000  1.000000  1.000000
orientation T byte_order littleendian
Reading image: /opt/freesurfer/average/711-2C_as_mni_average_305.4dfp.img
dimensions:      256       256       256
mmppix:       1.0000   -1.0000   -1.0000
center:     128.0000 -129.0000 -129.0000
/opt/freesurfer/average/711-2B_as_mni_average_305_mask.4dfp.img
       256       256       256         1
  1.000000  1.000000  1.000000
orientation T byte_order littleendian
Reading mask: /opt/freesurfer/average/711-2B_as_mni_average_305_mask.4dfp.img (2306576 pixels)
talsrcimg_g11.4dfp.img
       256       256       256         1
  1.000000  1.000000  1.000000
orientation T byte_order littleendian
Reading image: talsrcimg_g11.4dfp.img
dimensions:      256       256       256
mmppix:       1.0000   -1.0000   -1.0000
center:     128.0000 -129.0000 -129.0000
fimgreg.f
image alignment mode   2311 decimal      907 hex
parameters
    3.3373   26.1456    8.1864  -13.8646  -10.8193   -6.3865
   14.5635    7.9670  -15.0682    7.2196   -9.4291  -11.1986
eta,q 0.96817 10.99999
niter,ni,del,rscale     5    3    5.0000    0.8000
parameters
    3.3334   26.1558    8.1835  -13.9423  -10.8672   -6.2129
   14.5499    8.0030  -15.1678    7.5262   -9.4169  -11.1200
eta,q 0.96816 11.00827
  0.0338  0.0332  0.0328  0.0326  0.0327  0.0331  0.0335  0.0343  0.0328  0.0335  0.0324  0.0326
  0.0327  0.0324  0.0322  0.0322  0.0322  0.0324  0.0326  0.0330  0.0323  0.0325  0.0321  0.0322
  0.0320  0.0320  0.0319  0.0319  0.0319  0.0320  0.0320  0.0321  0.0319  0.0320  0.0319  0.0319
  0.0318  0.0318  0.0318  0.0318  0.0318  0.0318  0.0318  0.0318  0.0318  0.0318  0.0318  0.0318
  0.0320  0.0320  0.0319  0.0319  0.0319  0.0320  0.0320  0.0321  0.0319  0.0320  0.0319  0.0320
  0.0327  0.0324  0.0323  0.0322  0.0322  0.0324  0.0326  0.0329  0.0323  0.0324  0.0321  0.0322
  0.0338  0.0331  0.0328  0.0327  0.0327  0.0329  0.0335  0.0343  0.0329  0.0330  0.0324  0.0325
niter,ni,del,rscale     4    3    5.0000    0.7000
parameters
    3.3362   26.1761    8.2065  -13.8871  -10.8308   -6.1599
   14.5707    8.0107  -15.1404    7.4751   -9.4331  -11.1395
eta,q 0.96816 11.01604
  0.0333  0.0329  0.0326  0.0325  0.0325  0.0328  0.0331  0.0338  0.0326  0.0329  0.0322  0.0324
  0.0325  0.0323  0.0322  0.0321  0.0321  0.0322  0.0324  0.0327  0.0322  0.0323  0.0320  0.0321
  0.0320  0.0320  0.0319  0.0319  0.0319  0.0319  0.0320  0.0320  0.0319  0.0319  0.0319  0.0319
  0.0318  0.0318  0.0318  0.0318  0.0318  0.0318  0.0318  0.0318  0.0318  0.0318  0.0318  0.0318
  0.0320  0.0320  0.0319  0.0319  0.0319  0.0320  0.0320  0.0321  0.0319  0.0320  0.0319  0.0319
  0.0325  0.0323  0.0322  0.0321  0.0321  0.0323  0.0324  0.0327  0.0322  0.0324  0.0320  0.0321
  0.0333  0.0328  0.0325  0.0325  0.0325  0.0327  0.0331  0.0337  0.0326  0.0329  0.0322  0.0324
niter,ni,del,rscale     3    3    5.0000    0.6000
parameters
    3.3388   26.1651    8.2114  -13.8635  -10.8205   -6.2187
   14.5651    8.0027  -15.1192    7.3941   -9.4272  -11.1425
eta,q 0.96816 11.01305
  0.0330  0.0326  0.0324  0.0323  0.0323  0.0325  0.0328  0.0333  0.0324  0.0326  0.0321  0.0323
  0.0323  0.0322  0.0321  0.0320  0.0321  0.0321  0.0322  0.0325  0.0321  0.0321  0.0320  0.0320
  0.0320  0.0319  0.0319  0.0319  0.0319  0.0319  0.0319  0.0320  0.0319  0.0319  0.0319  0.0319
  0.0318  0.0318  0.0318  0.0318  0.0318  0.0318  0.0318  0.0318  0.0318  0.0318  0.0318  0.0318
  0.0320  0.0319  0.0319  0.0319  0.0319  0.0320  0.0319  0.0320  0.0319  0.0320  0.0319  0.0319
  0.0323  0.0322  0.0321  0.0320  0.0320  0.0322  0.0323  0.0325  0.0321  0.0322  0.0320  0.0321
  0.0329  0.0326  0.0324  0.0323  0.0323  0.0325  0.0328  0.0332  0.0324  0.0326  0.0321  0.0323
niter,ni,del,rscale     2    3    5.0000    0.5000
parameters
    3.3388   26.1551    8.2026  -13.8567  -10.8290   -6.3013
   14.5647    7.9851  -15.0940    7.2962   -9.4310  -11.1743
eta,q 0.96817 11.00645
  0.0326  0.0324  0.0322  0.0321  0.0322  0.0323  0.0325  0.0328  0.0322  0.0324  0.0320  0.0321
  0.0322  0.0321  0.0320  0.0320  0.0320  0.0320  0.0321  0.0322  0.0320  0.0320  0.0319  0.0320
  0.0319  0.0319  0.0319  0.0319  0.0319  0.0319  0.0319  0.0319  0.0319  0.0319  0.0318  0.0319
  0.0318  0.0318  0.0318  0.0318  0.0318  0.0318  0.0318  0.0318  0.0318  0.0318  0.0318  0.0318
  0.0319  0.0319  0.0319  0.0319  0.0319  0.0319  0.0319  0.0320  0.0319  0.0319  0.0319  0.0319
  0.0322  0.0321  0.0320  0.0320  0.0320  0.0321  0.0321  0.0323  0.0320  0.0321  0.0319  0.0320
  0.0326  0.0324  0.0322  0.0321  0.0322  0.0323  0.0325  0.0328  0.0322  0.0324  0.0320  0.0321
niter,ni,del,rscale     1    3    5.0000    0.4000
parameters
    3.3382   26.1458    8.1864  -13.8563  -10.8237   -6.3868
   14.5637    7.9645  -15.0790    7.2196   -9.4244  -11.2007
eta,q 0.96817 11.00035
  0.0323  0.0322  0.0321  0.0320  0.0320  0.0321  0.0322  0.0325  0.0321  0.0322  0.0320  0.0320
  0.0320  0.0320  0.0319  0.0319  0.0319  0.0319  0.0320  0.0321  0.0319  0.0320  0.0319  0.0319
  0.0319  0.0319  0.0319  0.0318  0.0319  0.0319  0.0319  0.0319  0.0319  0.0318  0.0318  0.0318
  0.0318  0.0318  0.0318  0.0318  0.0318  0.0318  0.0318  0.0318  0.0318  0.0318  0.0318  0.0318
  0.0319  0.0319  0.0319  0.0318  0.0318  0.0319  0.0319  0.0319  0.0319  0.0319  0.0318  0.0319
  0.0320  0.0320  0.0319  0.0319  0.0319  0.0320  0.0320  0.0321  0.0319  0.0320  0.0319  0.0319
  0.0323  0.0322  0.0321  0.0320  0.0320  0.0322  0.0322  0.0325  0.0321  0.0322  0.0320  0.0320
registration optimization eta report
parameter search radius
    0.8000    0.8000    0.8000    2.4000    2.4000    2.4000
    2.4000    2.4000    2.4000    2.4000    2.4000    2.4000
100000*second partial in parameter space
       77.       52.       38.        3.        4.        5.
        7.       11.        4.        6.        2.        3.
  0.0323  0.0322  0.0321  0.0320  0.0320  0.0321  0.0322  0.0325  0.0321  0.0322  0.0320  0.0320
  0.0320  0.0320  0.0319  0.0319  0.0319  0.0319  0.0320  0.0321  0.0319  0.0320  0.0319  0.0319
  0.0319  0.0319  0.0319  0.0318  0.0319  0.0319  0.0319  0.0319  0.0319  0.0318  0.0318  0.0318
  0.0318  0.0318  0.0318  0.0318  0.0318  0.0318  0.0318  0.0318  0.0318  0.0318  0.0318  0.0318
  0.0319  0.0319  0.0319  0.0318  0.0318  0.0319  0.0319  0.0319  0.0319  0.0319  0.0318  0.0319
  0.0320  0.0320  0.0319  0.0319  0.0319  0.0320  0.0320  0.0321  0.0319  0.0320  0.0319  0.0319
  0.0323  0.0322  0.0321  0.0320  0.0320  0.0322  0.0322  0.0325  0.0321  0.0322  0.0320  0.0320
    3.3382   26.1458    8.1864  -13.8563  -10.8237   -6.3868
   14.5637    7.9645  -15.0790    7.2196   -9.4244  -11.2007
eta,q 0.96817 11.00035

---------------------------------------------------------------------
compute_vox2vox talsrcimg talsrcimg_to_711-2C_as_mni_average_305_t4 /opt/freesurfer/average/711-2C_as_mni_average_305
---------------------------------------------------------------------

freesurfer compute_vox2vox.c
Reading: talsrcimg.4dfp.ifh
Reading: talsrcimg_to_711-2C_as_mni_average_305_t4
Reading: /opt/freesurfer/average/711-2C_as_mni_average_305.4dfp.ifh
Writing: talsrcimg_to_711-2C_as_mni_average_305_t4_vox2vox.txt

start time Tue Mar 10 04:37:55 CET 2026
end		time Tue Mar 10 04:39:21 CET 2026

mpr2mni305 success

avi2talxfm orig_nu.mgz /opt/freesurfer/average/mni305.cor.mgz talsrcimg_to_711-2C_as_mni_average_305_t4_vox2vox.txt transforms/talairach.auto.xfm
avi2talxfm done
mv -f /out/sourcedata/freesurfer/sub-v1s5x0050741_ses-1/mri/talsrcimg_to_711-2C_as_mni_average_305_t4_vox2vox.txt /out/sourcedata/freesurfer/sub-v1s5x0050741_ses-1/mri/transforms/talsrcimg_to_711-2C_as_mni_average_305_t4_vox2vox.txt
lta_convert --src orig_nu.mgz --trg /opt/freesurfer/average/mni305.cor.mgz --inxfm transforms/talairach.auto.xfm --outlta transforms/talairach.auto.xfm.lta --subject fsaverage
7.3.2

--src: orig_nu.mgz src image (geometry).
--trg: /opt/freesurfer/average/mni305.cor.mgz trg image (geometry).
--inmni: transforms/talairach.auto.xfm input MNI/XFM transform.
--outlta: transforms/talairach.auto.xfm.lta output LTA.
--s: fsaverage subject name
 LTA read, type : 1
 1.11833  -0.08028  -0.19272  -3.03984;
 0.13392   1.04836   0.10981  -22.46387;
 0.17826  -0.09845   1.07990  -27.92448;
 0.00000   0.00000   0.00000   1.00000;
setting subject to fsaverage
Writing  LTA to file transforms/talairach.auto.xfm.lta...
lta_convert successful.
 
 
Started at Tue Mar 10 04:37:54 CET 2026
Ended   at Tue Mar 10 04:39:21 CET 2026
talairach_avi done
