/out/sourcedata/freesurfer/sub-v1s5x0050743_ses-1/mri
/opt/freesurfer/bin/talairach_avi
--i orig_nu.mgz --xfm transforms/talairach.auto.xfm
talairach_avi 7.3.2
Linux dna020 5.14.0-427.37.1.el9_4.x86_64 #1 SMP PREEMPT_DYNAMIC Fri Sep 13 12:41:50 EDT 2024 x86_64 x86_64 x86_64 GNU/Linux
Tue Mar 10 04:43:51 CET 2026
mri_convert orig_nu.mgz talsrcimg.img 
reading from orig_nu.mgz...
TR=0.00, TE=0.00, TI=0.00, flip angle=0.00
i_ras = (-1, -3.72529e-09, 3.72529e-09)
j_ras = (3.72529e-09, 0, -1)
k_ras = (4.65661e-09, 1, -7.45058e-09)
writing to talsrcimg.img...
Analyze Output Matrix
-1.00000   0.00000   0.00000   124.84630;
-0.00000   0.00000   1.00000  -122.19528;
 0.00000  -1.00000  -0.00000   126.16778;
 0.00000   0.00000   0.00000   1.00000;
--------------------
INFO: set hdr.hist.orient to -1
mpr2mni305 talsrcimg
Tue Mar 10 04:43:52 CET 2026
/opt/freesurfer/bin/mpr2mni305 talsrcimg
mpr2mni305 7.3.2
target=711-2C_as_mni_average_305

---------------------------------------------------------------------
analyzeto4dfp talsrcimg -O0 -y
---------------------------------------------------------------------

freesurfer ifh2hdr.c
Tue Mar 10 04:43:52 2026
Writing: talsrcimg.4dfp.hdr
freesurfer analyzeto4dfp.c
Reading: talsrcimg.hdr
header size 348 bytes
hdr.dime.datatype	offset=70	value=2
hdr.dime.bitpix		offset=72	value=8
hdr.hist.orient		offset=252	value=-1
dimensionality     4
dimensions       256       256       256         1
Reading: talsrcimg.img
Writing: talsrcimg.4dfp.img
Writing: talsrcimg.4dfp.ifh
ifh2hdr talsrcimg -r0to239
ori=2

---------------------------------------------------------------------
gauss_4dfp talsrcimg 1.1
---------------------------------------------------------------------

freesurfer gauss_4dfp.c
Reading: talsrcimg.4dfp.img
Writing: talsrcimg_g11.4dfp.img
image dimensions 256 256 256 padded to 288 288 288
processing volume 1freesurfer ifh2hdr.c
Tue Mar 10 04:43:54 2026
Writing: talsrcimg_g11.4dfp.hdr

Writing: talsrcimg_g11.4dfp.ifh
including: talsrcimg.4dfp.img.rec in talsrcimg_g11.4dfp.img.rec

---------------------------------------------------------------------
imgreg_4dfp /opt/freesurfer/average/711-2C_as_mni_average_305 none talsrcimg_g11 none talsrcimg_to_711-2C_as_mni_average_305_t4 4355
---------------------------------------------------------------------

freesurfer imgreg_4dfp.c
/opt/freesurfer/average/711-2C_as_mni_average_305.4dfp.img
       256       256       256         1
  1.000000  1.000000  1.000000
orientation T byte_order littleendian
Reading image: /opt/freesurfer/average/711-2C_as_mni_average_305.4dfp.img
dimensions:      256       256       256
mmppix:       1.0000   -1.0000   -1.0000
center:     128.0000 -129.0000 -129.0000
talsrcimg_g11.4dfp.img
       256       256       256         1
  1.000000  1.000000  1.000000
orientation T byte_order littleendian
Reading image: talsrcimg_g11.4dfp.img
dimensions:      256       256       256
mmppix:       1.0000   -1.0000   -1.0000
center:     128.0000 -129.0000 -129.0000
t4_read: open error in t4_sub.f l:  41 t4_file(1:l)talsrcimg_to_711-2C_as_mni_average_305_t4 
t4_read: transform initialized to I4
rotation matrix determinant  1.000000
image alignment mode   4355 decimal     1103 hex
   -7.5000  -45.0000  -45.0000 8438.5156   17.4361
    0.0000  -45.0000  -45.0000 8786.8652   17.4571
    7.5000  -45.0000  -45.0000 8491.5840   17.4601
   -7.5000  -37.5000  -45.0000 8887.5654   17.3090
    0.0000  -37.5000  -45.0000 9273.1592   17.3286
    7.5000  -37.5000  -45.0000 8947.3945   17.3328
   -7.5000  -30.0000  -45.0000 9779.8721   17.2750
    0.0000  -30.0000  -45.000010201.2100   17.2951
    7.5000  -30.0000  -45.0000 9808.2510   17.2936
   -7.5000  -22.5000  -45.000010719.1045   17.2865
    0.0000  -22.5000  -45.000011154.1152   17.3081
    7.5000  -22.5000  -45.000010721.0850   17.2988
   -7.5000  -15.0000  -45.000011390.1113   17.2941
    0.0000  -15.0000  -45.000011828.9609   17.3174
    7.5000  -15.0000  -45.000011342.1348   17.3062
   -7.5000   -7.5000  -45.000011758.0488   17.2877
    0.0000   -7.5000  -45.000012192.1084   17.3098
    7.5000   -7.5000  -45.000011697.2676   17.3050
   -7.5000    0.0000  -45.000011987.4746   17.2727
    0.0000    0.0000  -45.000012441.3721   17.2926
    7.5000    0.0000  -45.000011882.3779   17.2956
   -7.5000    7.5000  -45.000011321.6670   17.2671
    0.0000    7.5000  -45.000011734.1279   17.2864
    7.5000    7.5000  -45.000011193.2266   17.2907
   -7.5000   15.0000  -45.000010604.5010   17.2743
    0.0000   15.0000  -45.000010976.6885   17.2943
    7.5000   15.0000  -45.000010490.1768   17.2928
   -7.5000   22.5000  -45.0000 9873.5518   17.2913
    0.0000   22.5000  -45.000010228.5156   17.3126
    7.5000   22.5000  -45.0000 9742.6191   17.3034
   -7.5000   30.0000  -45.0000 9188.3555   17.2699
    0.0000   30.0000  -45.0000 9515.1221   17.2947
    7.5000   30.0000  -45.0000 9026.6094   17.2831
   -7.5000   37.5000  -45.0000 8898.6387   17.7369
    0.0000   37.5000  -45.0000 9219.1963   17.7630
    7.5000   37.5000  -45.0000 8760.2100   17.7604
   -7.5000   45.0000  -45.0000 8279.4727   17.8300
    0.0000   45.0000  -45.0000 8556.5771   17.8499
    7.5000   45.0000  -45.0000 8121.1660   17.8543
   -7.5000  -45.0000  -37.5000 8869.1992   17.4541
    0.0000  -45.0000  -37.5000 9254.1914   17.4677
    7.5000  -45.0000  -37.5000 8954.4492   17.4774
   -7.5000  -37.5000  -37.5000 9378.5303   17.3255
    0.0000  -37.5000  -37.5000 9799.8643   17.3390
    7.5000  -37.5000  -37.5000 9448.1260   17.3439
   -7.5000  -30.0000  -37.500010350.0068   17.2812
    0.0000  -30.0000  -37.500010805.4111   17.2950
    7.5000  -30.0000  -37.500010386.6533   17.2916
   -7.5000  -22.5000  -37.500011341.1279   17.2834
    0.0000  -22.5000  -37.500011829.1016   17.2971
    7.5000  -22.5000  -37.500011351.0801   17.2898
   -7.5000  -15.0000  -37.500012023.4707   17.2904
    0.0000  -15.0000  -37.500012471.1094   17.3045
    7.5000  -15.0000  -37.500011964.3125   17.3008
   -7.5000   -7.5000  -37.500012387.9600   17.2943
    0.0000   -7.5000  -37.500012867.9131   17.3077
    7.5000   -7.5000  -37.500012308.9062   17.3126
   -7.5000    0.0000  -37.500012634.8076   17.2905
    0.0000    0.0000  -37.500013099.7080   17.3030
    7.5000    0.0000  -37.500012525.3145   17.3126
   -7.5000    7.5000  -37.500011924.0439   17.2836
    0.0000    7.5000  -37.500012396.8965   17.2968
    7.5000    7.5000  -37.500011845.1260   17.3018
   -7.5000   15.0000  -37.500011176.2822   17.2804
    0.0000   15.0000  -37.500011610.4775   17.2942
    7.5000   15.0000  -37.500011090.8535   17.2908
   -7.5000   22.5000  -37.500010379.4092   17.2887
    0.0000   22.5000  -37.500010782.4668   17.3023
    7.5000   22.5000  -37.500010254.9229   17.2948
   -7.5000   30.0000  -37.5000 9601.9189   17.2680
    0.0000   30.0000  -37.5000 9989.9688   17.2827
    7.5000   30.0000  -37.5000 9476.0693   17.2788
   -7.5000   37.5000  -37.5000 9303.7275   17.7459
    0.0000   37.5000  -37.5000 9667.7539   17.7630
    7.5000   37.5000  -37.5000 9173.9385   17.7697
   -7.5000   45.0000  -37.5000 8658.1406   17.8551
    0.0000   45.0000  -37.5000 8983.5811   17.8679
    7.5000   45.0000  -37.5000 8529.2090   17.8788
   -7.5000  -45.0000  -30.0000 9493.4619   18.2543
    0.0000  -45.0000  -30.0000 9902.1699   18.2630
    7.5000  -45.0000  -30.0000 9565.8564   18.2698
   -7.5000  -37.5000  -30.000010061.3799   18.1057
    0.0000  -37.5000  -30.000010483.6709   18.1196
    7.5000  -37.5000  -30.000010114.3340   18.1222
   -7.5000  -30.0000  -30.000011088.0566   18.0421
    0.0000  -30.0000  -30.000011573.9736   18.0587
    7.5000  -30.0000  -30.000011113.2686   18.0551
   -7.5000  -22.5000  -30.000012099.3613   18.0429
    0.0000  -22.5000  -30.000012652.1982   18.0564
    7.5000  -22.5000  -30.000012126.1992   18.0497
   -7.5000  -15.0000  -30.000012780.5791   18.0630
    0.0000  -15.0000  -30.000013317.0361   18.0710
    7.5000  -15.0000  -30.000012755.5312   18.0669
   -7.5000   -7.5000  -30.000013180.0322   18.0826
    0.0000   -7.5000  -30.000013732.6523   18.0879
    7.5000   -7.5000  -30.000013109.0000   18.0905
   -7.5000    0.0000  -30.000013422.7002   18.0831
    0.0000    0.0000  -30.000013964.9102   18.0908
    7.5000    0.0000  -30.000013359.0078   18.0972
   -7.5000    7.5000  -30.000012712.5889   18.0618
    0.0000    7.5000  -30.000013248.6230   18.0754
    7.5000    7.5000  -30.000012665.3682   18.0780
   -7.5000   15.0000  -30.000011891.2598   18.0412
    0.0000   15.0000  -30.000012392.3115   18.0578
    7.5000   15.0000  -30.000011854.4785   18.0542
   -7.5000   22.5000  -30.000011027.1475   18.0471
    0.0000   22.5000  -30.000011521.4053   18.0605
    7.5000   22.5000  -30.000010957.8115   18.0535
   -7.5000   30.0000  -30.000010169.3262   18.0444
    0.0000   30.0000  -30.000010660.6631   18.0520
    7.5000   30.0000  -30.000010106.5869   18.0466
   -7.5000   37.5000  -30.0000 9832.1641   18.5578
    0.0000   37.5000  -30.000010289.5674   18.5672
    7.5000   37.5000  -30.0000 9734.1787   18.5714
   -7.5000   45.0000  -30.0000 9135.8174   18.6980
    0.0000   45.0000  -30.0000 9535.8018   18.7076
    7.5000   45.0000  -30.0000 9055.4258   18.7160
   -7.5000  -45.0000  -22.500010108.9941   18.9297
    0.0000  -45.0000  -22.500010494.4834   18.9425
    7.5000  -45.0000  -22.500010122.7998   18.9378
   -7.5000  -37.5000  -22.500010704.4492   18.7622
    0.0000  -37.5000  -22.500011133.2354   18.7842
    7.5000  -37.5000  -22.500010721.3564   18.7833
   -7.5000  -30.0000  -22.500011791.4365   18.6910
    0.0000  -30.0000  -22.500012290.2812   18.7180
    7.5000  -30.0000  -22.500011800.5918   18.7161
   -7.5000  -22.5000  -22.500012823.3398   18.7013
    0.0000  -22.5000  -22.500013414.6572   18.7237
    7.5000  -22.5000  -22.500012866.4443   18.7159
   -7.5000  -15.0000  -22.500013518.7969   18.7360
    0.0000  -15.0000  -22.500014132.1025   18.7487
    7.5000  -15.0000  -22.500013541.8057   18.7357
   -7.5000   -7.5000  -22.500013930.0664   18.7600
    0.0000   -7.5000  -22.500014575.3262   18.7676
    7.5000   -7.5000  -22.500013927.8799   18.7566
   -7.5000    0.0000  -22.500014177.6992   18.7521
    0.0000    0.0000  -22.500014795.3193   18.7637
    7.5000    0.0000  -22.500014168.3564   18.7590
   -7.5000    7.5000  -22.500013440.0859   18.7167
    0.0000    7.5000  -22.500014050.4521   18.7383
    7.5000    7.5000  -22.500013451.5156   18.7375
   -7.5000   15.0000  -22.500012581.5557   18.6901
    0.0000   15.0000  -22.500013171.8340   18.7171
    7.5000   15.0000  -22.500012598.5498   18.7152
   -7.5000   22.5000  -22.500011661.6768   18.7042
    0.0000   22.5000  -22.500012260.0547   18.7266
    7.5000   22.5000  -22.500011656.9346   18.7188
   -7.5000   30.0000  -22.500010758.7832   18.7210
    0.0000   30.0000  -22.500011325.6113   18.7332
    7.5000   30.0000  -22.500010739.9980   18.7175
   -7.5000   37.5000  -22.500010372.5918   19.2546
    0.0000   37.5000  -22.500010896.1416   19.2669
    7.5000   37.5000  -22.500010337.0234   19.2580
   -7.5000   45.0000  -22.5000 9642.7119   19.4076
    0.0000   45.0000  -22.500010105.9688   19.4223
    7.5000   45.0000  -22.5000 9607.7334   19.4199
   -7.5000  -45.0000  -15.000010716.2129   19.3682
    0.0000  -45.0000  -15.000011107.4893   19.3902
    7.5000  -45.0000  -15.000010644.2812   19.3783
   -7.5000  -37.5000  -15.000011352.7773   19.1954
    0.0000  -37.5000  -15.000011777.4180   19.2251
    7.5000  -37.5000  -15.000011297.2139   19.2244
   -7.5000  -30.0000  -15.000012462.7627   19.1314
    0.0000  -30.0000  -15.000012960.4727   19.1664
    7.5000  -30.0000  -15.000012451.2246   19.1683
   -7.5000  -22.5000  -15.000013490.7158   19.1523
    0.0000  -22.5000  -15.000014093.2988   19.1846
    7.5000  -22.5000  -15.000013528.2412   19.1764
   -7.5000  -15.0000  -15.000014174.2959   19.1907
    0.0000  -15.0000  -15.000014836.6846   19.2152
    7.5000  -15.0000  -15.000014229.5752   19.1949
   -7.5000   -7.5000  -15.000014589.0488   19.2066
    0.0000   -7.5000  -15.000015338.5879   19.2252
    7.5000   -7.5000  -15.000014669.9785   19.2038
   -7.5000    0.0000  -15.000014858.7812   19.1865
    0.0000    0.0000  -15.000015598.7041   19.2072
    7.5000    0.0000  -15.000014936.7109   19.1956
   -7.5000    7.5000  -15.000014066.6396   19.1489
    0.0000    7.5000  -15.000014793.3154   19.1781
    7.5000    7.5000  -15.000014183.1201   19.1775
   -7.5000   15.0000  -15.000013169.9199   19.1305
    0.0000   15.0000  -15.000013866.1748   19.1655
    7.5000   15.0000  -15.000013336.1650   19.1674
   -7.5000   22.5000  -15.000012226.0664   19.1537
    0.0000   22.5000  -15.000012882.1885   19.1862
    7.5000   22.5000  -15.000012362.3105   19.1781
   -7.5000   30.0000  -15.000011279.6436   19.1765
    0.0000   30.0000  -15.000011869.5361   19.2012
    7.5000   30.0000  -15.000011341.0107   19.1778
   -7.5000   37.5000  -15.000010857.8691   19.7127
    0.0000   37.5000  -15.000011431.8916   19.7367
    7.5000   37.5000  -15.000010913.4512   19.7180
   -7.5000   45.0000  -15.000010090.8623   19.8618
    0.0000   45.0000  -15.000010602.3682   19.8856
    7.5000   45.0000  -15.000010129.0850   19.8764
   -7.5000  -45.0000   -7.500011305.3291   19.5235
    0.0000  -45.0000   -7.500011710.7559   19.5501
    7.5000  -45.0000   -7.500011203.4287   19.5423
   -7.5000  -37.5000   -7.500011964.7158   19.3643
    0.0000  -37.5000   -7.500012410.4346   19.3935
    7.5000  -37.5000   -7.500011895.6436   19.3956
   -7.5000  -30.0000   -7.500013111.3770   19.3169
    0.0000  -30.0000   -7.500013608.8281   19.3490
    7.5000  -30.0000   -7.500013080.0342   19.3510
   -7.5000  -22.5000   -7.500014172.9307   19.3385
    0.0000  -22.5000   -7.500014742.1826   19.3710
    7.5000  -22.5000   -7.500014153.5645   19.3616
   -7.5000  -15.0000   -7.500014856.5020   19.3637
    0.0000  -15.0000   -7.500015464.1494   19.3941
    7.5000  -15.0000   -7.500014844.4971   19.3741
   -7.5000   -7.5000   -7.500015334.9365   19.3643
    0.0000   -7.5000   -7.500016016.9922   19.3907
    7.5000   -7.5000   -7.500015342.4209   19.3724
   -7.5000    0.0000   -7.500015629.1885   19.3405
    0.0000    0.0000   -7.500016403.8008   19.3657
    7.5000    0.0000   -7.500015717.2744   19.3582
   -7.5000    7.5000   -7.500014771.3975   19.3174
    0.0000    7.5000   -7.500015548.4131   19.3462
    7.5000    7.5000   -7.500014993.6455   19.3485
   -7.5000   15.0000   -7.500013821.4717   19.3160
    0.0000   15.0000   -7.500014557.2676   19.3481
    7.5000   15.0000   -7.500014102.3164   19.3501
   -7.5000   22.5000   -7.500012823.8232   19.3374
    0.0000   22.5000   -7.500013492.4678   19.3699
    7.5000   22.5000   -7.500013063.5049   19.3606
   -7.5000   30.0000   -7.500011801.2666   19.3453
    0.0000   30.0000   -7.500012373.7715   19.3771
    7.5000   30.0000   -7.500011920.0225   19.3551
   -7.5000   37.5000   -7.500011321.8770   19.8729
    0.0000   37.5000   -7.500011909.2988   19.9044
    7.5000   37.5000   -7.500011444.6963   19.8890
   -7.5000   45.0000   -7.500010534.9209   20.0138
    0.0000   45.0000   -7.500011072.0439   20.0407
    7.5000   45.0000   -7.500010623.1992   20.0354
   -7.5000  -45.0000    0.000011740.9834   19.5087
    0.0000  -45.0000    0.000012182.3125   19.5322
    7.5000  -45.0000    0.000011662.2080   19.5354
   -7.5000  -37.5000    0.000012422.2373   19.3664
    0.0000  -37.5000    0.000012898.1250   19.3883
    7.5000  -37.5000    0.000012382.8262   19.3929
   -7.5000  -30.0000    0.000013632.4580   19.3283
    0.0000  -30.0000    0.000014159.0127   19.3507
    7.5000  -30.0000    0.000013591.6748   19.3490
   -7.5000  -22.5000    0.000014725.4980   19.3411
    0.0000  -22.5000    0.000015284.2246   19.3653
    7.5000  -22.5000    0.000014658.3857   19.3549
   -7.5000  -15.0000    0.000015426.8027   19.3497
    0.0000  -15.0000    0.000016028.7754   19.3757
    7.5000  -15.0000    0.000015346.1846   19.3632
   -7.5000   -7.5000    0.000015993.3428   19.3426
    0.0000   -7.5000    0.000016666.1641   19.3673
    7.5000   -7.5000    0.000015922.0059   19.3619
   -7.5000    0.0000    0.000016392.7305   19.3259
    0.0000    0.0000    0.000017181.1191   19.3481
    7.5000    0.0000    0.000016442.0449   19.3514
   -7.5000    7.5000    0.000015493.7549   19.3195
    0.0000    7.5000    0.000016234.1465   19.3411
    7.5000    7.5000    0.000015669.9463   19.3459
   -7.5000   15.0000    0.000014485.7979   19.3275
    0.0000   15.0000    0.000015139.6055   19.3498
    7.5000   15.0000    0.000014725.5312   19.3481
   -7.5000   22.5000    0.000013393.7227   19.3402
    0.0000   22.5000    0.000014024.5742   19.3641
    7.5000   22.5000    0.000013625.3545   19.3537
   -7.5000   30.0000    0.000012262.0732   19.3301
    0.0000   30.0000    0.000012826.0732   19.3579
    7.5000   30.0000    0.000012413.7979   19.3449
   -7.5000   37.5000    0.000011763.9580   19.8529
    0.0000   37.5000    0.000012328.0195   19.8820
    7.5000   37.5000    0.000011879.3330   19.8791
   -7.5000   45.0000    0.000010924.4150   19.9962
    0.0000   45.0000    0.000011459.6895   20.0184
    7.5000   45.0000    0.000011006.5840   20.0234
   -7.5000  -45.0000    7.500011354.2393   19.5314
    0.0000  -45.0000    7.500011785.2383   19.5466
    7.5000  -45.0000    7.500011301.8740   19.5575
   -7.5000  -37.5000    7.500012017.4033   19.3875
    0.0000  -37.5000    7.500012482.4199   19.4026
    7.5000  -37.5000    7.500011946.6416   19.4081
   -7.5000  -30.0000    7.500013192.1650   19.3380
    0.0000  -30.0000    7.500013697.2402   19.3534
    7.5000  -30.0000    7.500013081.4443   19.3496
   -7.5000  -22.5000    7.500014212.9639   19.3403
    0.0000  -22.5000    7.500014733.6846   19.3558
    7.5000  -22.5000    7.500014050.6025   19.3476
   -7.5000  -15.0000    7.500014833.4531   19.3482
    0.0000  -15.0000    7.500015364.0977   19.3639
    7.5000  -15.0000    7.500014695.9453   19.3599
   -7.5000   -7.5000    7.500015367.7031   19.3526
    0.0000   -7.5000    7.500015964.6924   19.3675
    7.5000   -7.5000    7.500015257.5059   19.3730
   -7.5000    0.0000    7.500015811.1348   19.3483
    0.0000    0.0000    7.500016347.3232   19.3623
    7.5000    0.0000    7.500015663.9961   19.3730
   -7.5000    7.5000    7.500015016.0674   19.3406
    0.0000    7.5000    7.500015496.7471   19.3554
    7.5000    7.5000    7.500014958.1191   19.3609
   -7.5000   15.0000    7.500014074.8760   19.3371
    0.0000   15.0000    7.500014539.4375   19.3525
    7.5000   15.0000    7.500014125.8613   19.3487
   -7.5000   22.5000    7.500012976.7979   19.3401
    0.0000   22.5000    7.500013463.6211   19.3553
    7.5000   22.5000    7.500013087.7607   19.3468
   -7.5000   30.0000    7.500011863.1875   19.3307
    0.0000   30.0000    7.500012317.9482   19.3471
    7.5000   30.0000    7.500011906.4531   19.3428
   -7.5000   37.5000    7.500011385.5547   19.8657
    0.0000   37.5000    7.500011819.6875   19.8848
    7.5000   37.5000    7.500011346.6299   19.8923
   -7.5000   45.0000    7.500010532.5752   20.0271
    0.0000   45.0000    7.500010945.3613   20.0415
    7.5000   45.0000    7.500010487.7910   20.0538
   -7.5000  -45.0000   15.000010869.2607   19.6021
    0.0000  -45.0000   15.000011263.2725   19.6115
    7.5000  -45.0000   15.000010829.1055   19.6187
   -7.5000  -37.5000   15.000011558.5127   19.4425
    0.0000  -37.5000   15.000011959.9736   19.4574
    7.5000  -37.5000   15.000011453.6758   19.4602
   -7.5000  -30.0000   15.000012692.5518   19.3742
    0.0000  -30.0000   15.000013132.0869   19.3920
    7.5000  -30.0000   15.000012541.9385   19.3882
   -7.5000  -22.5000   15.000013653.1348   19.3751
    0.0000  -22.5000   15.000014118.2930   19.3895
    7.5000  -22.5000   15.000013467.3477   19.3823
   -7.5000  -15.0000   15.000014234.5713   19.3967
    0.0000  -15.0000   15.000014741.4951   19.4053
    7.5000  -15.0000   15.000014114.8643   19.4009
   -7.5000   -7.5000   15.000014707.8613   19.4177
    0.0000   -7.5000   15.000015252.0010   19.4234
    7.5000   -7.5000   15.000014612.5361   19.4262
   -7.5000    0.0000   15.000015091.6592   19.4182
    0.0000    0.0000   15.000015568.1611   19.4265
    7.5000    0.0000   15.000014942.5957   19.4334
   -7.5000    7.5000   15.000014430.0625   19.3954
    0.0000    7.5000   15.000014883.4277   19.4100
    7.5000    7.5000   15.000014229.9756   19.4128
   -7.5000   15.0000   15.000013621.7910   19.3733
    0.0000   15.0000   15.000014106.9326   19.3911
    7.5000   15.0000   15.000013476.5312   19.3872
   -7.5000   22.5000   15.000012570.1650   19.3754
    0.0000   22.5000   15.000013045.2402   19.3897
    7.5000   22.5000   15.000012453.7227   19.3822
   -7.5000   30.0000   15.000011465.2559   19.3824
    0.0000   30.0000   15.000011859.0547   19.3905
    7.5000   30.0000   15.000011330.2568   19.3848
   -7.5000   37.5000   15.000010909.3721   19.9339
    0.0000   37.5000   15.000011260.1152   19.9439
    7.5000   37.5000   15.000010772.9033   19.9485
   -7.5000   45.0000   15.000010048.0400   20.1111
    0.0000   45.0000   15.000010400.3369   20.1215
    7.5000   45.0000   15.0000 9963.7637   20.1304
   -7.5000  -45.0000   22.500010345.3750   19.6507
    0.0000  -45.0000   22.500010676.2734   19.6639
    7.5000  -45.0000   22.500010327.7832   19.6591
   -7.5000  -37.5000   22.500010982.6533   19.4768
    0.0000  -37.5000   22.500011347.8330   19.4996
    7.5000  -37.5000   22.500010931.4609   19.4986
   -7.5000  -30.0000   22.500012091.1367   19.4028
    0.0000  -30.0000   22.500012508.0264   19.4309
    7.5000  -30.0000   22.500012000.6289   19.4289
   -7.5000  -22.5000   22.500012995.0186   19.4136
    0.0000  -22.5000   22.500013457.7656   19.4367
    7.5000  -22.5000   22.500012871.8301   19.4287
   -7.5000  -15.0000   22.500013546.5576   19.4495
    0.0000  -15.0000   22.500014107.6709   19.4628
    7.5000  -15.0000   22.500013455.7920   19.4493
   -7.5000   -7.5000   22.500014013.9238   19.4745
    0.0000   -7.5000   22.500014626.4395   19.4823
    7.5000   -7.5000   22.500013912.4727   19.4709
   -7.5000    0.0000   22.500014328.9355   19.4663
    0.0000    0.0000   22.500014911.2441   19.4783
    7.5000    0.0000   22.500014178.0000   19.4734
   -7.5000    7.5000   22.500013605.6914   19.4296
    0.0000    7.5000   22.500014148.4570   19.4519
    7.5000    7.5000   22.500013452.6895   19.4511
   -7.5000   15.0000   22.500012761.9951   19.4019
    0.0000   15.0000   22.500013277.0762   19.4299
    7.5000   15.0000   22.500012651.0898   19.4279
   -7.5000   22.5000   22.500011811.8281   19.4136
    0.0000   22.5000   22.500012265.7998   19.4369
    7.5000   22.5000   22.500011685.7246   19.4287
   -7.5000   30.0000   22.500010809.6172   19.4367
    0.0000   30.0000   22.500011196.0361   19.4494
    7.5000   30.0000   22.500010685.8467   19.4331
   -7.5000   37.5000   22.500010306.8750   19.9908
    0.0000   37.5000   22.500010655.9863   20.0035
    7.5000   37.5000   22.500010197.4863   19.9942
   -7.5000   45.0000   22.5000 9526.1982   20.1642
    0.0000   45.0000   22.5000 9844.1650   20.1795
    7.5000   45.0000   22.5000 9446.7471   20.1770
   -7.5000  -45.0000   30.0000 9678.8779   19.6353
    0.0000  -45.0000   30.000010049.3730   19.6575
    7.5000  -45.0000   30.0000 9719.8564   19.6455
   -7.5000  -37.5000   30.000010274.8867   19.4600
    0.0000  -37.5000   30.000010682.0156   19.4901
    7.5000  -37.5000   30.000010288.1289   19.4893
   -7.5000  -30.0000   30.000011314.6436   19.3951
    0.0000  -30.0000   30.000011787.4395   19.4306
    7.5000  -30.0000   30.000011303.8457   19.4325
   -7.5000  -22.5000   30.000012122.1660   19.4163
    0.0000  -22.5000   30.000012637.4531   19.4490
    7.5000  -22.5000   30.000012058.5293   19.4407
   -7.5000  -15.0000   30.000012610.1367   19.4552
    0.0000  -15.0000   30.000013187.2734   19.4800
    7.5000  -15.0000   30.000012560.4141   19.4595
   -7.5000   -7.5000   30.000013025.9932   19.4713
    0.0000   -7.5000   30.000013639.1973   19.4902
    7.5000   -7.5000   30.000012969.5850   19.4685
   -7.5000    0.0000   30.000013305.6758   19.4511
    0.0000    0.0000   30.000013893.4766   19.4720
    7.5000    0.0000   30.000013218.8438   19.4602
   -7.5000    7.5000   30.000012573.3457   19.4129
    0.0000    7.5000   30.000013131.1748   19.4425
    7.5000    7.5000   30.000012497.4814   19.4419
   -7.5000   15.0000   30.000011761.3828   19.3942
    0.0000   15.0000   30.000012265.2461   19.4297
    7.5000   15.0000   30.000011713.0273   19.4316
   -7.5000   22.5000   30.000010910.1562   19.4157
    0.0000   22.5000   30.000011355.1719   19.4486
    7.5000   22.5000   30.000010836.0195   19.4403
   -7.5000   30.0000   30.000010036.5859   19.4408
    0.0000   30.0000   30.000010422.4629   19.4659
    7.5000   30.0000   30.0000 9946.7314   19.4421
   -7.5000   37.5000   30.0000 9632.3037   19.9845
    0.0000   37.5000   30.0000 9981.9414   20.0088
    7.5000   37.5000   30.0000 9523.2627   19.9899
   -7.5000   45.0000   30.0000 8943.5781   20.1410
    0.0000   45.0000   30.0000 9285.6055   20.1651
    7.5000   45.0000   30.0000 8877.0557   20.1558
   -7.5000  -45.0000   37.5000 9313.3818   19.6508
    0.0000  -45.0000   37.5000 9694.0371   19.6779
    7.5000  -45.0000   37.5000 9371.6787   19.6703
   -7.5000  -37.5000   37.5000 9895.1543   19.4897
    0.0000  -37.5000   37.500010292.6553   19.5195
    7.5000  -37.5000   37.5000 9938.6221   19.5219
   -7.5000  -30.0000   37.500010886.3711   19.4417
    0.0000  -30.0000   37.500011328.0000   19.4743
    7.5000  -30.0000   37.500010890.6699   19.4765
   -7.5000  -22.5000   37.500011597.6826   19.4635
    0.0000  -22.5000   37.500012089.4053   19.4964
    7.5000  -22.5000   37.500011592.9033   19.4869
   -7.5000  -15.0000   37.500012068.8711   19.4892
    0.0000  -15.0000   37.500012607.9766   19.5199
    7.5000  -15.0000   37.500012058.3564   19.4997
   -7.5000   -7.5000   37.500012462.2422   19.4898
    0.0000   -7.5000   37.500013029.1348   19.5168
    7.5000   -7.5000   37.500012458.2061   19.4982
   -7.5000    0.0000   37.500012734.5186   19.4658
    0.0000    0.0000   37.500013286.5420   19.4916
    7.5000    0.0000   37.500012685.0293   19.4842
   -7.5000    7.5000   37.500012061.4346   19.4424
    0.0000    7.5000   37.500012573.5547   19.4716
    7.5000    7.5000   37.500011976.4346   19.4743
   -7.5000   15.0000   37.500011267.2832   19.4408
    0.0000   15.0000   37.500011732.3018   19.4734
    7.5000   15.0000   37.500011202.4326   19.4756
   -7.5000   22.5000   37.500010459.0557   19.4625
    0.0000   22.5000   37.500010871.7832   19.4954
    7.5000   22.5000   37.500010391.1953   19.4860
   -7.5000   30.0000   37.5000 9645.1396   19.4722
    0.0000   30.0000   37.500010004.2090   19.5044
    7.5000   30.0000   37.5000 9548.3330   19.4821
   -7.5000   37.5000   37.5000 9302.3848   20.0058
    0.0000   37.5000   37.5000 9652.6172   20.0378
    7.5000   37.5000   37.5000 9193.7412   20.0223
   -7.5000   45.0000   37.5000 8654.3271   20.1514
    0.0000   45.0000   37.5000 8992.6172   20.1789
    7.5000   45.0000   37.5000 8586.8369   20.1737
   -7.5000  -45.0000   45.0000 8498.3955   19.6967
    0.0000  -45.0000   45.0000 8831.0381   19.7205
    7.5000  -45.0000   45.0000 8533.4170   19.7244
   -7.5000  -37.5000   45.0000 9019.7656   19.5533
    0.0000  -37.5000   45.0000 9394.4512   19.5753
    7.5000  -37.5000   45.0000 9076.0430   19.5803
   -7.5000  -30.0000   45.0000 9923.3184   19.5165
    0.0000  -30.0000   45.000010330.3965   19.5388
    7.5000  -30.0000   45.0000 9957.6650   19.5373
   -7.5000  -22.5000   45.000010563.7158   19.5289
    0.0000  -22.5000   45.000011035.5566   19.5531
    7.5000  -22.5000   45.000010602.4521   19.5431
   -7.5000  -15.0000   45.000010985.7666   19.5348
    0.0000  -15.0000   45.000011497.9336   19.5613
    7.5000  -15.0000   45.000011022.3770   19.5494
   -7.5000   -7.5000   45.000011356.4473   19.5256
    0.0000   -7.5000   45.000011881.8760   19.5509
    7.5000   -7.5000   45.000011381.2754   19.5462
   -7.5000    0.0000   45.000011618.2236   19.5091
    0.0000    0.0000   45.000012113.8496   19.5317
    7.5000    0.0000   45.000011598.9355   19.5356
   -7.5000    7.5000   45.000010996.7793   19.5053
    0.0000    7.5000   45.000011425.3711   19.5269
    7.5000    7.5000   45.000010935.5420   19.5320
   -7.5000   15.0000   45.000010271.9824   19.5156
    0.0000   15.0000   45.000010685.9414   19.5378
    7.5000   15.0000   45.000010207.3047   19.5363
   -7.5000   22.5000   45.0000 9548.9023   19.5280
    0.0000   22.5000   45.0000 9923.3906   19.5520
    7.5000   22.5000   45.0000 9484.1689   19.5420
   -7.5000   30.0000   45.0000 8827.3564   19.5172
    0.0000   30.0000   45.0000 9142.2666   19.5455
    7.5000   30.0000   45.0000 8742.1836   19.5330
   -7.5000   37.5000   45.0000 8540.3369   20.0474
    0.0000   37.5000   45.0000 8825.7041   20.0774
    7.5000   37.5000   45.0000 8433.0674   20.0752
   -7.5000   45.0000   45.0000 7948.1426   20.2011
    0.0000   45.0000   45.0000 8226.0420   20.2237
    7.5000   45.0000   45.0000 7873.7910   20.2293

---------------------------------------------------------------------
imgreg_4dfp /opt/freesurfer/average/711-2C_as_mni_average_305 /opt/freesurfer/average/711-2B_as_mni_average_305_mask talsrcimg_g11 none talsrcimg_to_711-2C_as_mni_average_305_t4 4355
---------------------------------------------------------------------

freesurfer imgreg_4dfp.c
/opt/freesurfer/average/711-2C_as_mni_average_305.4dfp.img
       256       256       256         1
  1.000000  1.000000  1.000000
orientation T byte_order littleendian
Reading image: /opt/freesurfer/average/711-2C_as_mni_average_305.4dfp.img
dimensions:      256       256       256
mmppix:       1.0000   -1.0000   -1.0000
center:     128.0000 -129.0000 -129.0000
/opt/freesurfer/average/711-2B_as_mni_average_305_mask.4dfp.img
       256       256       256         1
  1.000000  1.000000  1.000000
orientation T byte_order littleendian
Reading mask: /opt/freesurfer/average/711-2B_as_mni_average_305_mask.4dfp.img (2306576 pixels)
talsrcimg_g11.4dfp.img
       256       256       256         1
  1.000000  1.000000  1.000000
orientation T byte_order littleendian
Reading image: talsrcimg_g11.4dfp.img
dimensions:      256       256       256
mmppix:       1.0000   -1.0000   -1.0000
center:     128.0000 -129.0000 -129.0000
rotation matrix determinant  1.000000
image alignment mode   4355 decimal     1103 hex
   -7.5000  -45.0000  -45.0000 2122.1621   20.7938
    0.0000  -45.0000  -45.0000 2137.6042   20.6949
    7.5000  -45.0000  -45.0000 2134.1272   20.9674
   -7.5000  -37.5000  -45.0000 2144.4087   20.0926
    0.0000  -37.5000  -45.0000 2155.6230   20.0166
    7.5000  -37.5000  -45.0000 2151.8191   20.3242
   -7.5000  -30.0000  -45.0000 2168.3450   19.6266
    0.0000  -30.0000  -45.0000 2180.2180   19.5298
    7.5000  -30.0000  -45.0000 2161.9683   19.8182
   -7.5000  -22.5000  -45.0000 2201.0305   19.3354
    0.0000  -22.5000  -45.0000 2204.4766   19.2020
    7.5000  -22.5000  -45.0000 2183.3333   19.4508
   -7.5000  -15.0000  -45.0000 2225.2590   19.1278
    0.0000  -15.0000  -45.0000 2228.1375   19.0674
    7.5000  -15.0000  -45.0000 2205.6587   19.2653
   -7.5000   -7.5000  -45.0000 2234.9106   19.0501
    0.0000   -7.5000  -45.0000 2233.5364   18.9965
    7.5000   -7.5000  -45.0000 2210.6970   19.2013
   -7.5000    0.0000  -45.0000 2230.5906   18.9503
    0.0000    0.0000  -45.0000 2225.2517   18.9305
    7.5000    0.0000  -45.0000 2196.3010   19.1780
   -7.5000    7.5000  -45.0000 2218.1055   19.0091
    0.0000    7.5000  -45.0000 2211.1460   18.9951
    7.5000    7.5000  -45.0000 2183.5908   19.2774
   -7.5000   15.0000  -45.0000 2201.6152   19.2718
    0.0000   15.0000  -45.0000 2197.9121   19.2598
    7.5000   15.0000  -45.0000 2167.9741   19.5836
   -7.5000   22.5000  -45.0000 2183.6763   19.8271
    0.0000   22.5000  -45.0000 2182.0710   19.8403
    7.5000   22.5000  -45.0000 2149.6025   20.2299
   -7.5000   30.0000  -45.0000 2153.5911   20.8344
    0.0000   30.0000  -45.0000 2152.4934   20.8500
    7.5000   30.0000  -45.0000 2113.0940   21.2748
   -7.5000   37.5000  -45.0000 2100.3584   22.2022
    0.0000   37.5000  -45.0000 2105.0588   22.1874
    7.5000   37.5000  -45.0000 2060.9124   22.6646
   -7.5000   45.0000  -45.0000 2021.8729   24.1033
    0.0000   45.0000  -45.0000 2021.5396   24.0966
    7.5000   45.0000  -45.0000 1979.7821   24.6341
   -7.5000  -45.0000  -37.5000 2205.4470   19.1408
    0.0000  -45.0000  -37.5000 2221.1755   18.9431
    7.5000  -45.0000  -37.5000 2223.4866   19.2549
   -7.5000  -37.5000  -37.5000 2232.8604   18.4718
    0.0000  -37.5000  -37.5000 2253.1418   18.3832
    7.5000  -37.5000  -37.5000 2243.5107   18.5789
   -7.5000  -30.0000  -37.5000 2265.3494   17.9951
    0.0000  -30.0000  -37.5000 2281.2424   17.9066
    7.5000  -30.0000  -37.5000 2265.3521   18.0913
   -7.5000  -22.5000  -37.5000 2304.2402   17.6476
    0.0000  -22.5000  -37.5000 2313.9106   17.5798
    7.5000  -22.5000  -37.5000 2291.9646   17.7681
   -7.5000  -15.0000  -37.5000 2324.7524   17.4324
    0.0000  -15.0000  -37.5000 2325.9326   17.3883
    7.5000  -15.0000  -37.5000 2309.8352   17.5547
   -7.5000   -7.5000  -37.5000 2330.2249   17.3767
    0.0000   -7.5000  -37.5000 2329.0332   17.3038
    7.5000   -7.5000  -37.5000 2306.3250   17.4434
   -7.5000    0.0000  -37.5000 2336.3364   17.3551
    0.0000    0.0000  -37.5000 2326.8892   17.3140
    7.5000    0.0000  -37.5000 2296.6724   17.4963
   -7.5000    7.5000  -37.5000 2326.4846   17.4253
    0.0000    7.5000  -37.5000 2322.3787   17.4228
    7.5000    7.5000  -37.5000 2294.8809   17.6424
   -7.5000   15.0000  -37.5000 2314.1282   17.7621
    0.0000   15.0000  -37.5000 2310.1746   17.7375
    7.5000   15.0000  -37.5000 2282.8992   18.0101
   -7.5000   22.5000  -37.5000 2294.2097   18.3192
    0.0000   22.5000  -37.5000 2292.3762   18.3220
    7.5000   22.5000  -37.5000 2256.4500   18.5895
   -7.5000   30.0000  -37.5000 2250.6445   19.2860
    0.0000   30.0000  -37.5000 2256.7056   19.2369
    7.5000   30.0000  -37.5000 2215.7581   19.5824
   -7.5000   37.5000  -37.5000 2191.9973   20.6110
    0.0000   37.5000  -37.5000 2198.0703   20.5527
    7.5000   37.5000  -37.5000 2156.1777   20.9351
   -7.5000   45.0000  -37.5000 2104.8979   22.3696
    0.0000   45.0000  -37.5000 2109.9358   22.3378
    7.5000   45.0000  -37.5000 2072.1882   22.7791
   -7.5000  -45.0000  -30.0000 2327.8904   18.3826
    0.0000  -45.0000  -30.0000 2345.1519   18.1674
    7.5000  -45.0000  -30.0000 2341.5999   18.4727
   -7.5000  -37.5000  -30.0000 2365.2007   17.7212
    0.0000  -37.5000  -30.0000 2377.3340   17.5312
    7.5000  -37.5000  -30.0000 2371.5303   17.7730
   -7.5000  -30.0000  -30.0000 2402.0618   17.1638
    0.0000  -30.0000  -30.0000 2412.5833   17.0395
    7.5000  -30.0000  -30.0000 2401.7554   17.2202
   -7.5000  -22.5000  -30.0000 2440.6890   16.7920
    0.0000  -22.5000  -30.0000 2451.8176   16.6942
    7.5000  -22.5000  -30.0000 2426.9106   16.8772
   -7.5000  -15.0000  -30.0000 2462.1123   16.5439
    0.0000  -15.0000  -30.0000 2466.7524   16.5045
    7.5000  -15.0000  -30.0000 2441.0332   16.6616
   -7.5000   -7.5000  -30.0000 2471.8679   16.4373
    0.0000   -7.5000  -30.0000 2471.5554   16.3999
    7.5000   -7.5000  -30.0000 2445.8440   16.5490
   -7.5000    0.0000  -30.0000 2478.5959   16.4964
    0.0000    0.0000  -30.0000 2468.9575   16.4284
    7.5000    0.0000  -30.0000 2445.6948   16.6338
   -7.5000    7.5000  -30.0000 2483.9023   16.6472
    0.0000    7.5000  -30.0000 2477.4351   16.6708
    7.5000    7.5000  -30.0000 2446.3367   16.8260
   -7.5000   15.0000  -30.0000 2475.2397   17.0024
    0.0000   15.0000  -30.0000 2470.9888   16.9916
    7.5000   15.0000  -30.0000 2439.8025   17.1702
   -7.5000   22.5000  -30.0000 2444.2998   17.6323
    0.0000   22.5000  -30.0000 2453.3499   17.6051
    7.5000   22.5000  -30.0000 2411.0386   17.8172
   -7.5000   30.0000  -30.0000 2390.7493   18.5940
    0.0000   30.0000  -30.0000 2406.7400   18.5718
    7.5000   30.0000  -30.0000 2363.3215   18.8205
   -7.5000   37.5000  -30.0000 2324.3501   19.9063
    0.0000   37.5000  -30.0000 2337.3633   19.8779
    7.5000   37.5000  -30.0000 2288.3726   20.1306
   -7.5000   45.0000  -30.0000 2228.4412   21.5315
    0.0000   45.0000  -30.0000 2233.1035   21.5501
    7.5000   45.0000  -30.0000 2195.4126   21.8834
   -7.5000  -45.0000  -22.5000 2421.3853   17.6283
    0.0000  -45.0000  -22.5000 2434.7717   17.3966
    7.5000  -45.0000  -22.5000 2430.9290   17.6636
   -7.5000  -37.5000  -22.5000 2463.6357   16.9036
    0.0000  -37.5000  -22.5000 2475.9795   16.7117
    7.5000  -37.5000  -22.5000 2466.2009   16.9692
   -7.5000  -30.0000  -22.5000 2510.6829   16.2891
    0.0000  -30.0000  -22.5000 2521.5967   16.2016
    7.5000  -30.0000  -22.5000 2503.7581   16.3688
   -7.5000  -22.5000  -22.5000 2545.5190   15.8955
    0.0000  -22.5000  -22.5000 2559.1182   15.8238
    7.5000  -22.5000  -22.5000 2534.3271   15.9989
   -7.5000  -15.0000  -22.5000 2572.4297   15.6431
    0.0000  -15.0000  -22.5000 2582.2627   15.6043
    7.5000  -15.0000  -22.5000 2557.2791   15.7948
   -7.5000   -7.5000  -22.5000 2584.1973   15.5132
    0.0000   -7.5000  -22.5000 2590.7798   15.4843
    7.5000   -7.5000  -22.5000 2568.5039   15.6417
   -7.5000    0.0000  -22.5000 2594.4590   15.5841
    0.0000    0.0000  -22.5000 2596.4792   15.5425
    7.5000    0.0000  -22.5000 2571.2021   15.6908
   -7.5000    7.5000  -22.5000 2610.5129   15.7427
    0.0000    7.5000  -22.5000 2611.7224   15.7415
    7.5000    7.5000  -22.5000 2582.1099   15.9267
   -7.5000   15.0000  -22.5000 2604.9751   16.1071
    0.0000   15.0000  -22.5000 2608.8303   16.1470
    7.5000   15.0000  -22.5000 2573.1511   16.2910
   -7.5000   22.5000  -22.5000 2571.7668   16.7455
    0.0000   22.5000  -22.5000 2588.8691   16.7896
    7.5000   22.5000  -22.5000 2542.3777   16.9299
   -7.5000   30.0000  -22.5000 2513.9216   17.7247
    0.0000   30.0000  -22.5000 2536.7908   17.7493
    7.5000   30.0000  -22.5000 2490.1428   17.8963
   -7.5000   37.5000  -22.5000 2433.8835   18.9977
    0.0000   37.5000  -22.5000 2452.7195   18.9917
    7.5000   37.5000  -22.5000 2409.4893   19.2120
   -7.5000   45.0000  -22.5000 2327.1267   20.5941
    0.0000   45.0000  -22.5000 2337.8884   20.5562
    7.5000   45.0000  -22.5000 2301.9617   20.8736
   -7.5000  -45.0000  -15.0000 2483.7483   17.0655
    0.0000  -45.0000  -15.0000 2496.6094   16.7743
    7.5000  -45.0000  -15.0000 2489.6721   16.9252
   -7.5000  -37.5000  -15.0000 2530.5474   16.2583
    0.0000  -37.5000  -15.0000 2539.9504   16.0483
    7.5000  -37.5000  -15.0000 2530.0100   16.2229
   -7.5000  -30.0000  -15.0000 2576.0818   15.5621
    0.0000  -30.0000  -15.0000 2587.1907   15.4310
    7.5000  -30.0000  -15.0000 2572.5818   15.5860
   -7.5000  -22.5000  -15.0000 2610.4661   15.1264
    0.0000  -22.5000  -15.0000 2626.6060   15.0281
    7.5000  -22.5000  -15.0000 2607.5786   15.2099
   -7.5000  -15.0000  -15.0000 2642.8508   14.8322
    0.0000  -15.0000  -15.0000 2653.4663   14.7751
    7.5000  -15.0000  -15.0000 2633.4734   14.9720
   -7.5000   -7.5000  -15.0000 2666.7429   14.6913
    0.0000   -7.5000  -15.0000 2679.8608   14.6446
    7.5000   -7.5000  -15.0000 2654.5674   14.8090
   -7.5000    0.0000  -15.0000 2688.7544   14.7322
    0.0000    0.0000  -15.0000 2700.0881   14.6831
    7.5000    0.0000  -15.0000 2673.1980   14.8261
   -7.5000    7.5000  -15.0000 2707.3918   14.8850
    0.0000    7.5000  -15.0000 2716.0928   14.8892
    7.5000    7.5000  -15.0000 2688.5063   15.0613
   -7.5000   15.0000  -15.0000 2702.5791   15.2870
    0.0000   15.0000  -15.0000 2720.2000   15.3146
    7.5000   15.0000  -15.0000 2684.2349   15.4735
   -7.5000   22.5000  -15.0000 2671.4766   15.9006
    0.0000   22.5000  -15.0000 2694.7056   15.9531
    7.5000   22.5000  -15.0000 2654.7549   16.1317
   -7.5000   30.0000  -15.0000 2607.5925   16.8370
    0.0000   30.0000  -15.0000 2635.1782   16.8373
    7.5000   30.0000  -15.0000 2589.8350   17.0353
   -7.5000   37.5000  -15.0000 2511.1187   18.0395
    0.0000   37.5000  -15.0000 2535.9199   17.9814
    7.5000   37.5000  -15.0000 2499.9871   18.2254
   -7.5000   45.0000  -15.0000 2394.0378   19.5629
    0.0000   45.0000  -15.0000 2406.5754   19.5147
    7.5000   45.0000  -15.0000 2379.6240   19.8218
   -7.5000  -45.0000   -7.5000 2523.5586   16.5656
    0.0000  -45.0000   -7.5000 2534.7058   16.2705
    7.5000  -45.0000   -7.5000 2525.8342   16.3151
   -7.5000  -37.5000   -7.5000 2566.7131   15.6777
    0.0000  -37.5000   -7.5000 2581.3176   15.4441
    7.5000  -37.5000   -7.5000 2570.9741   15.5602
   -7.5000  -30.0000   -7.5000 2602.3984   14.9774
    0.0000  -30.0000   -7.5000 2618.2385   14.7770
    7.5000  -30.0000   -7.5000 2609.7732   14.9241
   -7.5000  -22.5000   -7.5000 2643.9971   14.5070
    0.0000  -22.5000   -7.5000 2660.7019   14.3440
    7.5000  -22.5000   -7.5000 2645.8508   14.5261
   -7.5000  -15.0000   -7.5000 2687.7610   14.2225
    0.0000  -15.0000   -7.5000 2697.7236   14.0419
    7.5000  -15.0000   -7.5000 2685.6543   14.2386
   -7.5000   -7.5000   -7.5000 2729.8137   14.0250
    0.0000   -7.5000   -7.5000 2740.9282   13.9245
    7.5000   -7.5000   -7.5000 2720.5452   14.0958
   -7.5000    0.0000   -7.5000 2766.7080   14.0360
    0.0000    0.0000   -7.5000 2783.8733   13.9291
    7.5000    0.0000   -7.5000 2750.8508   14.1263
   -7.5000    7.5000   -7.5000 2797.0210   14.1889
    0.0000    7.5000   -7.5000 2816.6226   14.1316
    7.5000    7.5000   -7.5000 2782.1028   14.3544
   -7.5000   15.0000   -7.5000 2801.7632   14.5713
    0.0000   15.0000   -7.5000 2826.9563   14.5486
    7.5000   15.0000   -7.5000 2787.2004   14.8402
   -7.5000   22.5000   -7.5000 2760.0811   15.2106
    0.0000   22.5000   -7.5000 2785.6980   15.1854
    7.5000   22.5000   -7.5000 2750.2124   15.4590
   -7.5000   30.0000   -7.5000 2679.5454   16.0785
    0.0000   30.0000   -7.5000 2700.7805   15.9858
    7.5000   30.0000   -7.5000 2669.1533   16.2715
   -7.5000   37.5000   -7.5000 2562.7019   17.1848
    0.0000   37.5000   -7.5000 2589.6421   17.1031
    7.5000   37.5000   -7.5000 2563.4775   17.3975
   -7.5000   45.0000   -7.5000 2439.5422   18.6721
    0.0000   45.0000   -7.5000 2454.3706   18.5914
    7.5000   45.0000   -7.5000 2427.9460   18.9509
   -7.5000  -45.0000    0.0000 2540.2048   16.2107
    0.0000  -45.0000    0.0000 2551.6858   15.8854
    7.5000  -45.0000    0.0000 2543.0962   15.8915
   -7.5000  -37.5000    0.0000 2575.0657   15.2981
    0.0000  -37.5000    0.0000 2592.9766   15.0472
    7.5000  -37.5000    0.0000 2587.4106   15.1082
   -7.5000  -30.0000    0.0000 2610.8496   14.5719
    0.0000  -30.0000    0.0000 2633.2913   14.3426
    7.5000  -30.0000    0.0000 2622.6821   14.4645
   -7.5000  -22.5000    0.0000 2655.6682   14.1244
    0.0000  -22.5000    0.0000 2676.0513   13.8804
    7.5000  -22.5000    0.0000 2662.5569   14.0132
   -7.5000  -15.0000    0.0000 2709.2036   13.8200
    0.0000  -15.0000    0.0000 2726.1455   13.5708
    7.5000  -15.0000    0.0000 2710.9246   13.7247
   -7.5000   -7.5000    0.0000 2757.5027   13.6483
    0.0000   -7.5000    0.0000 2777.9556   13.4560
    7.5000   -7.5000    0.0000 2757.6182   13.6197
   -7.5000    0.0000    0.0000 2808.0691   13.6696
    0.0000    0.0000    0.0000 2832.1052   13.4874
    7.5000    0.0000    0.0000 2804.3201   13.6977
   -7.5000    7.5000    0.0000 2853.2068   13.7766
    0.0000    7.5000    0.0000 2890.3030   13.6706
    7.5000    7.5000    0.0000 2844.9705   13.9658
   -7.5000   15.0000    0.0000 2867.3767   14.1367
    0.0000   15.0000    0.0000 2904.7349   13.9862
    7.5000   15.0000    0.0000 2861.1865   14.4076
   -7.5000   22.5000    0.0000 2814.4182   14.8164
    0.0000   22.5000    0.0000 2848.6680   14.6740
    7.5000   22.5000    0.0000 2811.1516   15.0191
   -7.5000   30.0000    0.0000 2712.5203   15.5980
    0.0000   30.0000    0.0000 2741.5681   15.4832
    7.5000   30.0000    0.0000 2713.1096   15.8363
   -7.5000   37.5000    0.0000 2593.2063   16.6737
    0.0000   37.5000    0.0000 2618.3137   16.5972
    7.5000   37.5000    0.0000 2590.0393   16.9287
   -7.5000   45.0000    0.0000 2463.1260   18.0966
    0.0000   45.0000    0.0000 2475.5735   18.0904
    7.5000   45.0000    0.0000 2448.5186   18.4179
   -7.5000  -45.0000    7.5000 2535.3054   16.0349
    0.0000  -45.0000    7.5000 2554.7791   15.6851
    7.5000  -45.0000    7.5000 2543.3999   15.6667
   -7.5000  -37.5000    7.5000 2569.9309   15.1171
    0.0000  -37.5000    7.5000 2595.4077   14.8184
    7.5000  -37.5000    7.5000 2586.7249   14.8423
   -7.5000  -30.0000    7.5000 2608.5742   14.4285
    0.0000  -30.0000    7.5000 2633.7964   14.1412
    7.5000  -30.0000    7.5000 2621.4485   14.1817
   -7.5000  -22.5000    7.5000 2654.1426   13.9656
    0.0000  -22.5000    7.5000 2679.5437   13.6669
    7.5000  -22.5000    7.5000 2663.7419   13.7373
   -7.5000  -15.0000    7.5000 2703.0874   13.6789
    0.0000  -15.0000    7.5000 2725.7810   13.3578
    7.5000  -15.0000    7.5000 2710.3896   13.4813
   -7.5000   -7.5000    7.5000 2756.9382   13.5437
    0.0000   -7.5000    7.5000 2783.2705   13.2375
    7.5000   -7.5000    7.5000 2761.7983   13.3977
   -7.5000    0.0000    7.5000 2814.9607   13.5394
    0.0000    0.0000    7.5000 2833.4548   13.2771
    7.5000    0.0000    7.5000 2814.7146   13.4835
   -7.5000    7.5000    7.5000 2869.0000   13.6973
    0.0000    7.5000    7.5000 2902.8723   13.4575
    7.5000    7.5000    7.5000 2860.3259   13.7351
   -7.5000   15.0000    7.5000 2896.4434   14.0559
    0.0000   15.0000    7.5000 2931.2209   13.7810
    7.5000   15.0000    7.5000 2880.9937   14.1949
   -7.5000   22.5000    7.5000 2834.6123   14.6809
    0.0000   22.5000    7.5000 2868.7793   14.5077
    7.5000   22.5000    7.5000 2827.7761   14.8580
   -7.5000   30.0000    7.5000 2721.3345   15.4921
    0.0000   30.0000    7.5000 2750.1504   15.3839
    7.5000   30.0000    7.5000 2715.0532   15.6937
   -7.5000   37.5000    7.5000 2598.3572   16.5070
    0.0000   37.5000    7.5000 2618.3835   16.4268
    7.5000   37.5000    7.5000 2592.6968   16.7413
   -7.5000   45.0000    7.5000 2454.4343   17.9270
    0.0000   45.0000    7.5000 2469.0867   17.8964
    7.5000   45.0000    7.5000 2446.7229   18.2176
   -7.5000  -45.0000   15.0000 2502.8594   16.1892
    0.0000  -45.0000   15.0000 2524.6526   15.7571
    7.5000  -45.0000   15.0000 2523.3923   15.7095
   -7.5000  -37.5000   15.0000 2545.8816   15.2647
    0.0000  -37.5000   15.0000 2570.6772   14.8846
    7.5000  -37.5000   15.0000 2563.5991   14.8790
   -7.5000  -30.0000   15.0000 2586.2434   14.5709
    0.0000  -30.0000   15.0000 2618.8645   14.2277
    7.5000  -30.0000   15.0000 2603.9966   14.2598
   -7.5000  -22.5000   15.0000 2634.2993   14.0941
    0.0000  -22.5000   15.0000 2670.6089   13.7574
    7.5000  -22.5000   15.0000 2653.6450   13.8330
   -7.5000  -15.0000   15.0000 2683.0391   13.8320
    0.0000  -15.0000   15.0000 2715.2156   13.4694
    7.5000  -15.0000   15.0000 2703.7263   13.6126
   -7.5000   -7.5000   15.0000 2735.7188   13.7299
    0.0000   -7.5000   15.0000 2767.4365   13.3678
    7.5000   -7.5000   15.0000 2756.5557   13.5620
   -7.5000    0.0000   15.0000 2789.0754   13.7815
    0.0000    0.0000   15.0000 2816.5105   13.4471
    7.5000    0.0000   15.0000 2805.0815   13.6560
   -7.5000    7.5000   15.0000 2838.2075   13.9892
    0.0000    7.5000   15.0000 2873.2876   13.6594
    7.5000    7.5000   15.0000 2840.9114   13.8832
   -7.5000   15.0000   15.0000 2852.7988   14.4342
    0.0000   15.0000   15.0000 2890.3123   14.1554
    7.5000   15.0000   15.0000 2853.6865   14.3566
   -7.5000   22.5000   15.0000 2797.5474   15.0353
    0.0000   22.5000   15.0000 2833.1877   14.8797
    7.5000   22.5000   15.0000 2794.4260   15.0282
   -7.5000   30.0000   15.0000 2700.4341   15.7657
    0.0000   30.0000   15.0000 2723.3779   15.6229
    7.5000   30.0000   15.0000 2689.7861   15.7948
   -7.5000   37.5000   15.0000 2576.1584   16.7201
    0.0000   37.5000   15.0000 2592.0684   16.5785
    7.5000   37.5000   15.0000 2567.7810   16.8312
   -7.5000   45.0000   15.0000 2433.3535   18.0694
    0.0000   45.0000   15.0000 2448.5449   17.9840
    7.5000   45.0000   15.0000 2424.6404   18.3011
   -7.5000  -45.0000   22.5000 2453.7578   16.6364
    0.0000  -45.0000   22.5000 2478.3962   16.1288
    7.5000  -45.0000   22.5000 2489.6492   16.0980
   -7.5000  -37.5000   22.5000 2501.3516   15.6639
    0.0000  -37.5000   22.5000 2532.8042   15.2409
    7.5000  -37.5000   22.5000 2537.6177   15.2373
   -7.5000  -30.0000   22.5000 2554.6753   15.0144
    0.0000  -30.0000   22.5000 2586.7925   14.6530
    7.5000  -30.0000   22.5000 2587.1057   14.6605
   -7.5000  -22.5000   22.5000 2599.0408   14.6023
    0.0000  -22.5000   22.5000 2635.1338   14.2404
    7.5000  -22.5000   22.5000 2632.8406   14.2878
   -7.5000  -15.0000   22.5000 2644.9126   14.3120
    0.0000  -15.0000   22.5000 2686.5522   14.0243
    7.5000  -15.0000   22.5000 2678.8853   14.1122
   -7.5000   -7.5000   22.5000 2692.2600   14.2253
    0.0000   -7.5000   22.5000 2736.7776   13.9447
    7.5000   -7.5000   22.5000 2725.2378   14.0440
   -7.5000    0.0000   22.5000 2735.5706   14.3023
    0.0000    0.0000   22.5000 2778.6680   13.9556
    7.5000    0.0000   22.5000 2761.4165   14.0907
   -7.5000    7.5000   22.5000 2776.8945   14.4556
    0.0000    7.5000   22.5000 2816.1929   14.1604
    7.5000    7.5000   22.5000 2792.0730   14.3165
   -7.5000   15.0000   22.5000 2775.2180   14.8283
    0.0000   15.0000   22.5000 2815.8784   14.6048
    7.5000   15.0000   22.5000 2793.1887   14.7404
   -7.5000   22.5000   22.5000 2725.1499   15.4567
    0.0000   22.5000   22.5000 2755.3975   15.3027
    7.5000   22.5000   22.5000 2730.0945   15.3871
   -7.5000   30.0000   22.5000 2635.8613   16.2449
    0.0000   30.0000   22.5000 2656.7571   16.0898
    7.5000   30.0000   22.5000 2630.6143   16.1934
   -7.5000   37.5000   22.5000 2523.6648   17.2806
    0.0000   37.5000   22.5000 2544.0427   17.1269
    7.5000   37.5000   22.5000 2520.4128   17.2908
   -7.5000   45.0000   22.5000 2392.1667   18.5819
    0.0000   45.0000   22.5000 2408.4587   18.4693
    7.5000   45.0000   22.5000 2383.2141   18.7417
   -7.5000  -45.0000   30.0000 2397.6079   17.2902
    0.0000  -45.0000   30.0000 2425.7007   16.7800
    7.5000  -45.0000   30.0000 2444.0183   16.7376
   -7.5000  -37.5000   30.0000 2450.8865   16.3106
    0.0000  -37.5000   30.0000 2483.7634   15.8642
    7.5000  -37.5000   30.0000 2494.7158   15.8617
   -7.5000  -30.0000   30.0000 2499.7959   15.6787
    0.0000  -30.0000   30.0000 2540.3777   15.3225
    7.5000  -30.0000   30.0000 2543.2461   15.3140
   -7.5000  -22.5000   30.0000 2545.4600   15.2603
    0.0000  -22.5000   30.0000 2587.4351   14.9575
    7.5000  -22.5000   30.0000 2583.5229   14.9721
   -7.5000  -15.0000   30.0000 2586.6350   14.9686
    0.0000  -15.0000   30.0000 2631.8623   14.7169
    7.5000  -15.0000   30.0000 2625.6404   14.7810
   -7.5000   -7.5000   30.0000 2631.5156   14.8521
    0.0000   -7.5000   30.0000 2679.8179   14.6085
    7.5000   -7.5000   30.0000 2664.8970   14.6533
   -7.5000    0.0000   30.0000 2665.2769   14.8691
    0.0000    0.0000   30.0000 2716.6719   14.6074
    7.5000    0.0000   30.0000 2697.4937   14.6858
   -7.5000    7.5000   30.0000 2693.5190   15.0100
    0.0000    7.5000   30.0000 2734.1628   14.7841
    7.5000    7.5000   30.0000 2710.9490   14.9164
   -7.5000   15.0000   30.0000 2683.5740   15.3858
    0.0000   15.0000   30.0000 2715.6445   15.1828
    7.5000   15.0000   30.0000 2700.6936   15.3185
   -7.5000   22.5000   30.0000 2634.4219   16.0256
    0.0000   22.5000   30.0000 2663.9175   15.8557
    7.5000   22.5000   30.0000 2645.7078   15.9456
   -7.5000   30.0000   30.0000 2549.4131   16.8017
    0.0000   30.0000   30.0000 2574.2668   16.6502
    7.5000   30.0000   30.0000 2557.5654   16.7787
   -7.5000   37.5000   30.0000 2453.1897   17.8870
    0.0000   37.5000   30.0000 2470.7415   17.7270
    7.5000   37.5000   30.0000 2446.3958   17.8799
   -7.5000   45.0000   30.0000 2329.7163   19.2677
    0.0000   45.0000   30.0000 2350.4668   19.1444
    7.5000   45.0000   30.0000 2327.7815   19.3282
   -7.5000  -45.0000   37.5000 2333.2341   18.1698
    0.0000  -45.0000   37.5000 2367.0518   17.6224
    7.5000  -45.0000   37.5000 2382.6697   17.6142
   -7.5000  -37.5000   37.5000 2392.4919   17.1471
    0.0000  -37.5000   37.5000 2424.7878   16.6924
    7.5000  -37.5000   37.5000 2440.3875   16.6928
   -7.5000  -30.0000   37.5000 2439.0542   16.4981
    0.0000  -30.0000   37.5000 2481.7083   16.1158
    7.5000  -30.0000   37.5000 2490.1606   16.0930
   -7.5000  -22.5000   37.5000 2482.3628   16.0250
    0.0000  -22.5000   37.5000 2526.1206   15.7228
    7.5000  -22.5000   37.5000 2530.0632   15.7136
   -7.5000  -15.0000   37.5000 2523.3745   15.7978
    0.0000  -15.0000   37.5000 2567.0989   15.4941
    7.5000  -15.0000   37.5000 2564.7561   15.5166
   -7.5000   -7.5000   37.5000 2558.4929   15.6464
    0.0000   -7.5000   37.5000 2602.3921   15.3892
    7.5000   -7.5000   37.5000 2598.0063   15.4310
   -7.5000    0.0000   37.5000 2588.9548   15.6246
    0.0000    0.0000   37.5000 2632.3523   15.3954
    7.5000    0.0000   37.5000 2620.9795   15.5034
   -7.5000    7.5000   37.5000 2607.7073   15.8154
    0.0000    7.5000   37.5000 2638.9995   15.6249
    7.5000    7.5000   37.5000 2620.1111   15.7283
   -7.5000   15.0000   37.5000 2587.6929   16.1897
    0.0000   15.0000   37.5000 2613.6069   16.0203
    7.5000   15.0000   37.5000 2596.3484   16.1153
   -7.5000   22.5000   37.5000 2541.5742   16.7989
    0.0000   22.5000   37.5000 2568.4839   16.6484
    7.5000   22.5000   37.5000 2552.2788   16.7604
   -7.5000   30.0000   37.5000 2464.4983   17.5811
    0.0000   30.0000   37.5000 2487.5754   17.4645
    7.5000   30.0000   37.5000 2471.1592   17.5901
   -7.5000   37.5000   37.5000 2375.6343   18.6296
    0.0000   37.5000   37.5000 2393.8296   18.5134
    7.5000   37.5000   37.5000 2370.6350   18.6687
   -7.5000   45.0000   37.5000 2267.4517   20.0231
    0.0000   45.0000   37.5000 2284.6321   19.8995
    7.5000   45.0000   37.5000 2264.0483   20.0870
   -7.5000  -45.0000   45.0000 2255.5508   19.3333
    0.0000  -45.0000   45.0000 2288.2290   18.6465
    7.5000  -45.0000   45.0000 2308.5864   18.6275
   -7.5000  -37.5000   45.0000 2311.8000   18.2270
    0.0000  -37.5000   45.0000 2352.4182   17.7110
    7.5000  -37.5000   45.0000 2368.1458   17.6594
   -7.5000  -30.0000   45.0000 2362.7129   17.5734
    0.0000  -30.0000   45.0000 2402.3665   17.1489
    7.5000  -30.0000   45.0000 2418.9768   17.0907
   -7.5000  -22.5000   45.0000 2407.8149   17.0894
    0.0000  -22.5000   45.0000 2450.0215   16.7112
    7.5000  -22.5000   45.0000 2458.1516   16.7129
   -7.5000  -15.0000   45.0000 2442.6702   16.7978
    0.0000  -15.0000   45.0000 2486.0801   16.4812
    7.5000  -15.0000   45.0000 2487.7847   16.4666
   -7.5000   -7.5000   45.0000 2473.2710   16.6436
    0.0000   -7.5000   45.0000 2517.3406   16.3845
    7.5000   -7.5000   45.0000 2518.2544   16.4151
   -7.5000    0.0000   45.0000 2496.4202   16.6479
    0.0000    0.0000   45.0000 2530.5571   16.4137
    7.5000    0.0000   45.0000 2528.8235   16.4819
   -7.5000    7.5000   45.0000 2504.0129   16.8250
    0.0000    7.5000   45.0000 2527.4695   16.6358
    7.5000    7.5000   45.0000 2521.3086   16.7423
   -7.5000   15.0000   45.0000 2478.4866   17.2495
    0.0000   15.0000   45.0000 2505.9990   17.0793
    7.5000   15.0000   45.0000 2489.2314   17.1773
   -7.5000   22.5000   45.0000 2442.5798   17.8670
    0.0000   22.5000   45.0000 2466.1406   17.7430
    7.5000   22.5000   45.0000 2451.8323   17.8404
   -7.5000   30.0000   45.0000 2374.2224   18.6688
    0.0000   30.0000   45.0000 2392.2661   18.5882
    7.5000   30.0000   45.0000 2381.1592   18.6940
   -7.5000   37.5000   45.0000 2296.6821   19.6917
    0.0000   37.5000   45.0000 2309.1379   19.6114
    7.5000   37.5000   45.0000 2294.4744   19.7518
   -7.5000   45.0000   45.0000 2193.3030   21.1010
    0.0000   45.0000   45.0000 2207.4905   20.9620
    7.5000   45.0000   45.0000 2192.7644   21.1109

---------------------------------------------------------------------
imgreg_4dfp /opt/freesurfer/average/711-2C_as_mni_average_305 /opt/freesurfer/average/711-2B_as_mni_average_305_mask talsrcimg_g11 none talsrcimg_to_711-2C_as_mni_average_305_t4 1283
---------------------------------------------------------------------

freesurfer imgreg_4dfp.c
/opt/freesurfer/average/711-2C_as_mni_average_305.4dfp.img
       256       256       256         1
  1.000000  1.000000  1.000000
orientation T byte_order littleendian
Reading image: /opt/freesurfer/average/711-2C_as_mni_average_305.4dfp.img
dimensions:      256       256       256
mmppix:       1.0000   -1.0000   -1.0000
center:     128.0000 -129.0000 -129.0000
/opt/freesurfer/average/711-2B_as_mni_average_305_mask.4dfp.img
       256       256       256         1
  1.000000  1.000000  1.000000
orientation T byte_order littleendian
Reading mask: /opt/freesurfer/average/711-2B_as_mni_average_305_mask.4dfp.img (2306576 pixels)
talsrcimg_g11.4dfp.img
       256       256       256         1
  1.000000  1.000000  1.000000
orientation T byte_order littleendian
Reading image: talsrcimg_g11.4dfp.img
dimensions:      256       256       256
mmppix:       1.0000   -1.0000   -1.0000
center:     128.0000 -129.0000 -129.0000
rotation matrix determinant  1.000000
fimgreg.f
image alignment mode   1283 decimal      503 hex
parameters
    0.0000   15.0000    7.5000    0.0000    0.0000    0.0000
eta,q 0.91946 13.77937
niter,ni,del,rscale     5    3   12.0000    1.2000
parameter  5  2.076679 ->  0.500000 qaram    1.1500
parameter  6 -0.761496 -> -0.500000 qaram    1.1500
parameters
    0.1872   14.1003    6.2048    0.1948   -3.4500    3.4500
eta,q 0.92480 13.66659
  0.0934  0.0899  0.0858  0.0875  0.0745  0.0870
  0.0897  0.0862  0.0827  0.0857  0.0771  0.0832
  0.0864  0.0831  0.0821  0.0827  0.0802  0.0799
  0.0833  0.0828  0.0824  0.0823  0.0824  0.0780
  0.0834  0.0854  0.0835  0.0837  0.0853  0.0762
  0.0874  0.0894  0.0867  0.0850  0.0902  0.0750
  0.0940  0.0965  0.0907  0.0867  0.0952  0.0761
niter,ni,del,rscale     6    3   12.0000    1.2000
parameter  5  0.977459 ->  0.500000 qaram    1.3225
parameters
    2.3016   13.7697    5.6012    0.2065   -7.4175    3.5167
eta,q 0.93250 13.65411
  0.0912  0.0854  0.0784  0.0812  0.0681  0.0778
  0.0857  0.0799  0.0756  0.0780  0.0672  0.0736
  0.0799  0.0750  0.0740  0.0742  0.0694  0.0694
  0.0752  0.0734  0.0733  0.0733  0.0733  0.0675
  0.0734  0.0761  0.0745  0.0755  0.0784  0.0690
  0.0748  0.0818  0.0769  0.0781  0.0841  0.0732
  0.0792  0.0883  0.0813  0.0807  0.0905  0.0776
niter,ni,del,rscale     6    3   12.0000    1.2000
parameters
    2.4739   13.8136    6.1618    0.1425   -9.3410    3.4663
eta,q 0.93295 13.69549
  0.0835  0.0830  0.0749  0.0761  0.0730  0.0772
  0.0765  0.0769  0.0720  0.0739  0.0696  0.0727
  0.0702  0.0710  0.0697  0.0698  0.0676  0.0689
  0.0675  0.0675  0.0675  0.0673  0.0673  0.0670
  0.0696  0.0699  0.0678  0.0686  0.0709  0.0687
  0.0741  0.0760  0.0696  0.0731  0.0761  0.0729
  0.0826  0.0833  0.0734  0.0777  0.0828  0.0777
niter,ni,del,rscale     5    3   12.0000    1.2000
parameters
    2.8581   13.8037    5.9875   -0.0328   -9.5215    3.5553
eta,q 0.93320 13.70042
  0.0826  0.0814  0.0739  0.0744  0.0769  0.0777
  0.0766  0.0757  0.0712  0.0723  0.0717  0.0730
  0.0714  0.0698  0.0684  0.0686  0.0685  0.0688
  0.0670  0.0667  0.0667  0.0667  0.0668  0.0668
  0.0676  0.0693  0.0679  0.0680  0.0685  0.0684
  0.0727  0.0749  0.0704  0.0718  0.0722  0.0725
  0.0809  0.0823  0.0760  0.0763  0.0781  0.0773
niter,ni,del,rscale     4    3   12.0000    1.2000
parameters
    2.8808   13.8093    5.9047   -0.1009   -9.5442    3.5850
eta,q 0.93317 13.70404
  0.0812  0.0814  0.0740  0.0743  0.0773  0.0775
  0.0757  0.0758  0.0713  0.0725  0.0720  0.0728
  0.0706  0.0699  0.0687  0.0688  0.0686  0.0687
  0.0668  0.0668  0.0668  0.0668  0.0668  0.0668
  0.0683  0.0692  0.0681  0.0678  0.0683  0.0685
  0.0742  0.0749  0.0703  0.0714  0.0719  0.0727
  0.0826  0.0822  0.0755  0.0759  0.0777  0.0774
niter,ni,del,rscale     3    3   12.0000    1.2000
parameters
    2.8675   13.8124    5.8760   -0.1255   -9.5458    3.5919
eta,q 0.93314 13.70547
  0.0811  0.0814  0.0741  0.0743  0.0774  0.0775
  0.0755  0.0758  0.0713  0.0725  0.0720  0.0728
  0.0705  0.0699  0.0688  0.0689  0.0687  0.0687
  0.0668  0.0668  0.0668  0.0668  0.0669  0.0669
  0.0684  0.0693  0.0681  0.0677  0.0683  0.0686
  0.0743  0.0749  0.0702  0.0712  0.0719  0.0728
  0.0828  0.0822  0.0753  0.0757  0.0776  0.0774
registration optimization eta report
parameter search radius
    6.0000    6.0000    6.0000    6.0000    7.9350    6.9000
100000*second partial in parameter space
       40.       40.       21.       22.       16.       21.
  0.0811  0.0814  0.0741  0.0743  0.0774  0.0775
  0.0755  0.0758  0.0713  0.0725  0.0720  0.0728
  0.0705  0.0699  0.0688  0.0689  0.0687  0.0687
  0.0668  0.0668  0.0668  0.0668  0.0669  0.0669
  0.0684  0.0693  0.0681  0.0677  0.0683  0.0686
  0.0743  0.0749  0.0702  0.0712  0.0719  0.0728
  0.0828  0.0822  0.0753  0.0757  0.0776  0.0774
    2.8675   13.8124    5.8760   -0.1255   -9.5458    3.5919
eta,q 0.93314 13.70547

---------------------------------------------------------------------
imgreg_4dfp /opt/freesurfer/average/711-2C_as_mni_average_305 /opt/freesurfer/average/711-2B_as_mni_average_305_mask talsrcimg_g11 none talsrcimg_to_711-2C_as_mni_average_305_t4 3335
---------------------------------------------------------------------

freesurfer imgreg_4dfp.c
/opt/freesurfer/average/711-2C_as_mni_average_305.4dfp.img
       256       256       256         1
  1.000000  1.000000  1.000000
orientation T byte_order littleendian
Reading image: /opt/freesurfer/average/711-2C_as_mni_average_305.4dfp.img
dimensions:      256       256       256
mmppix:       1.0000   -1.0000   -1.0000
center:     128.0000 -129.0000 -129.0000
/opt/freesurfer/average/711-2B_as_mni_average_305_mask.4dfp.img
       256       256       256         1
  1.000000  1.000000  1.000000
orientation T byte_order littleendian
Reading mask: /opt/freesurfer/average/711-2B_as_mni_average_305_mask.4dfp.img (2306576 pixels)
talsrcimg_g11.4dfp.img
       256       256       256         1
  1.000000  1.000000  1.000000
orientation T byte_order littleendian
Reading image: talsrcimg_g11.4dfp.img
dimensions:      256       256       256
mmppix:       1.0000   -1.0000   -1.0000
center:     128.0000 -129.0000 -129.0000
fimgreg.f
image alignment mode   3335 decimal      D07 hex
parameters
    2.8675   13.8124    5.8760   -1.5784   -0.1990   -1.3849
   -6.3011   16.5372    6.1781    1.2576  -16.5835   -0.2160
eta,q 0.93500 13.60034
niter,ni,del,rscale     5    3    5.0000    1.2000
parameter  4  4.545264 ->  0.500000 qaram    1.1500
parameter  5  1.682793 ->  0.500000 qaram    1.1500
parameter  6  2.464564 ->  0.500000 qaram    1.1500
parameter 10  0.873312 ->  0.500000 qaram    1.1500
parameter 11 -0.545968 -> -0.500000 qaram    1.1500
parameter 12  0.682462 ->  0.500000 qaram    1.1500
parameters
    2.5701   14.1344    6.3235   -5.7184   -4.3390   -5.5249
   -5.7763   15.2448    5.5409   -2.8824  -12.4435   -4.3560
eta,q 0.95738 13.10454
  0.0672  0.0677  0.0669  0.0532  0.0523  0.0437  0.0506  0.0500  0.0478  0.0445  0.0481  0.0430
  0.0659  0.0664  0.0659  0.0567  0.0537  0.0457  0.0486  0.0478  0.0470  0.0442  0.0465  0.0426
  0.0651  0.0654  0.0653  0.0609  0.0555  0.0496  0.0472  0.0466  0.0465  0.0449  0.0452  0.0428
  0.0650  0.0650  0.0649  0.0648  0.0579  0.0541  0.0466  0.0466  0.0464  0.0464  0.0443  0.0437
  0.0656  0.0650  0.0649  0.0692  0.0608  0.0587  0.0469  0.0479  0.0467  0.0485  0.0437  0.0450
  0.0668  0.0655  0.0652  0.0745  0.0641  0.0640  0.0479  0.0503  0.0473  0.0510  0.0437  0.0466
  0.0687  0.0666  0.0659  0.0795  0.0681  0.0696  0.0496  0.0537  0.0483  0.0538  0.0442  0.0486
niter,ni,del,rscale     7    3    5.0000    1.2000
parameter  4  1.193231 ->  0.500000 qaram    1.3225
parameter  5  0.573194 ->  0.500000 qaram    1.3225
parameter  6  0.571898 ->  0.500000 qaram    1.3225
parameters
    2.3760   14.9625    6.3032  -10.4794   -9.1000  -10.2859
   -5.6291   14.8965    6.0606   -2.6903  -15.2312   -3.3374
eta,q 0.96675 12.66848
  0.0466  0.0482  0.0457  0.0357  0.0360  0.0337  0.0379  0.0388  0.0364  0.0385  0.0344  0.0365
  0.0443  0.0457  0.0437  0.0362  0.0349  0.0336  0.0357  0.0361  0.0351  0.0359  0.0336  0.0350
  0.0429  0.0438  0.0425  0.0382  0.0351  0.0340  0.0342  0.0343  0.0341  0.0342  0.0333  0.0340
  0.0426  0.0426  0.0421  0.0421  0.0366  0.0348  0.0337  0.0337  0.0337  0.0337  0.0337  0.0333
  0.0434  0.0421  0.0426  0.0475  0.0392  0.0382  0.0341  0.0344  0.0338  0.0342  0.0344  0.0333
  0.0453  0.0425  0.0439  0.0527  0.0428  0.0440  0.0355  0.0367  0.0345  0.0357  0.0354  0.0340
  0.0481  0.0437  0.0457  0.0587  0.0473  0.0510  0.0376  0.0402  0.0358  0.0380  0.0366  0.0354
niter,ni,del,rscale     7    3    5.0000    1.2000
parameters
    2.5083   15.2600    6.5416  -15.1759   -9.8367  -12.2312
   -5.7732   15.0041    6.7215   -2.8962  -15.5278   -3.3168
eta,q 0.96783 12.24496
  0.0389  0.0376  0.0361  0.0331  0.0363  0.0353  0.0358  0.0377  0.0348  0.0366  0.0338  0.0347
  0.0360  0.0355  0.0347  0.0325  0.0345  0.0333  0.0339  0.0350  0.0335  0.0340  0.0329  0.0334
  0.0340  0.0340  0.0337  0.0324  0.0330  0.0323  0.0326  0.0330  0.0326  0.0325  0.0324  0.0325
  0.0332  0.0332  0.0332  0.0331  0.0324  0.0324  0.0322  0.0322  0.0322  0.0322  0.0322  0.0322
  0.0337  0.0333  0.0333  0.0355  0.0331  0.0332  0.0327  0.0328  0.0323  0.0329  0.0324  0.0324
  0.0352  0.0342  0.0339  0.0402  0.0351  0.0355  0.0340  0.0346  0.0329  0.0345  0.0330  0.0333
  0.0378  0.0359  0.0352  0.0454  0.0383  0.0408  0.0361  0.0375  0.0340  0.0368  0.0341  0.0347
niter,ni,del,rscale     6    3    5.0000    1.2000
parameters
    2.6601   15.2656    6.4662  -16.2216  -10.0477  -12.4179
   -5.9041   15.1044    6.7217   -2.9393  -15.4929   -3.3916
eta,q 0.96786 12.14680
  0.0373  0.0356  0.0344  0.0351  0.0363  0.0366  0.0358  0.0377  0.0343  0.0367  0.0339  0.0346
  0.0347  0.0337  0.0331  0.0333  0.0344  0.0342  0.0338  0.0349  0.0332  0.0341  0.0330  0.0333
  0.0329  0.0325  0.0323  0.0323  0.0329  0.0326  0.0326  0.0330  0.0324  0.0326  0.0324  0.0325
  0.0322  0.0321  0.0321  0.0321  0.0321  0.0322  0.0321  0.0321  0.0321  0.0321  0.0321  0.0321
  0.0325  0.0326  0.0325  0.0325  0.0326  0.0328  0.0326  0.0327  0.0324  0.0328  0.0323  0.0324
  0.0338  0.0337  0.0333  0.0340  0.0343  0.0339  0.0340  0.0346  0.0331  0.0343  0.0329  0.0334
  0.0362  0.0355  0.0346  0.0375  0.0371  0.0373  0.0361  0.0375  0.0343  0.0366  0.0340  0.0348
niter,ni,del,rscale     5    3    5.0000    1.2000
parameters
    2.6731   15.2783    6.4471  -16.1684  -10.0612  -12.3874
   -5.9088   15.1176    6.7107   -2.9153  -15.5063   -3.4186
eta,q 0.96786 12.15253
  0.0368  0.0355  0.0345  0.0359  0.0364  0.0368  0.0359  0.0375  0.0343  0.0368  0.0339  0.0347
  0.0343  0.0337  0.0331  0.0337  0.0345  0.0343  0.0339  0.0349  0.0332  0.0342  0.0330  0.0333
  0.0327  0.0325  0.0324  0.0325  0.0330  0.0326  0.0326  0.0329  0.0324  0.0326  0.0324  0.0325
  0.0321  0.0321  0.0321  0.0321  0.0321  0.0321  0.0321  0.0321  0.0321  0.0321  0.0321  0.0321
  0.0327  0.0326  0.0324  0.0324  0.0325  0.0327  0.0326  0.0328  0.0324  0.0327  0.0323  0.0324
  0.0342  0.0337  0.0332  0.0334  0.0341  0.0337  0.0339  0.0347  0.0331  0.0343  0.0329  0.0333
  0.0367  0.0354  0.0345  0.0361  0.0369  0.0370  0.0359  0.0376  0.0343  0.0365  0.0340  0.0347
registration optimization eta report
parameter search radius
    2.4000    2.4000    2.4000    9.5220    9.5220    9.5220
    7.2000    7.2000    7.2000    8.2800    8.2800    8.2800
100000*second partial in parameter space
       80.       58.       40.        4.        5.        5.
        7.       10.        4.        7.        3.        4.
  0.0368  0.0355  0.0345  0.0359  0.0364  0.0368  0.0359  0.0375  0.0343  0.0368  0.0339  0.0347
  0.0343  0.0337  0.0331  0.0337  0.0345  0.0343  0.0339  0.0349  0.0332  0.0342  0.0330  0.0333
  0.0327  0.0325  0.0324  0.0325  0.0330  0.0326  0.0326  0.0329  0.0324  0.0326  0.0324  0.0325
  0.0321  0.0321  0.0321  0.0321  0.0321  0.0321  0.0321  0.0321  0.0321  0.0321  0.0321  0.0321
  0.0327  0.0326  0.0324  0.0324  0.0325  0.0327  0.0326  0.0328  0.0324  0.0327  0.0323  0.0324
  0.0342  0.0337  0.0332  0.0334  0.0341  0.0337  0.0339  0.0347  0.0331  0.0343  0.0329  0.0333
  0.0367  0.0354  0.0345  0.0361  0.0369  0.0370  0.0359  0.0376  0.0343  0.0365  0.0340  0.0347
    2.6731   15.2783    6.4471  -16.1684  -10.0612  -12.3874
   -5.9088   15.1176    6.7107   -2.9153  -15.5063   -3.4186
eta,q 0.96786 12.15253

---------------------------------------------------------------------
imgreg_4dfp /opt/freesurfer/average/711-2C_as_mni_average_305 /opt/freesurfer/average/711-2B_as_mni_average_305_mask talsrcimg_g11 none talsrcimg_to_711-2C_as_mni_average_305_t4 2311
---------------------------------------------------------------------

freesurfer imgreg_4dfp.c
/opt/freesurfer/average/711-2C_as_mni_average_305.4dfp.img
       256       256       256         1
  1.000000  1.000000  1.000000
orientation T byte_order littleendian
Reading image: /opt/freesurfer/average/711-2C_as_mni_average_305.4dfp.img
dimensions:      256       256       256
mmppix:       1.0000   -1.0000   -1.0000
center:     128.0000 -129.0000 -129.0000
/opt/freesurfer/average/711-2B_as_mni_average_305_mask.4dfp.img
       256       256       256         1
  1.000000  1.000000  1.000000
orientation T byte_order littleendian
Reading mask: /opt/freesurfer/average/711-2B_as_mni_average_305_mask.4dfp.img (2306576 pixels)
talsrcimg_g11.4dfp.img
       256       256       256         1
  1.000000  1.000000  1.000000
orientation T byte_order littleendian
Reading image: talsrcimg_g11.4dfp.img
dimensions:      256       256       256
mmppix:       1.0000   -1.0000   -1.0000
center:     128.0000 -129.0000 -129.0000
fimgreg.f
image alignment mode   2311 decimal      907 hex
parameters
    2.6731   15.2783    6.4471  -16.1684  -10.0612  -12.3874
   -5.9088   15.1176    6.7107   -2.9153  -15.5063   -3.4186
eta,q 0.96786 12.15254
niter,ni,del,rscale     5    3    5.0000    0.8000
parameters
    2.6756   15.2679    6.4264  -15.8115   -9.3958  -12.1548
   -5.8534   15.2009    6.8451   -3.0570  -15.4052   -3.2953
eta,q 0.96791 12.23277
  0.0343  0.0337  0.0332  0.0330  0.0337  0.0334  0.0339  0.0348  0.0332  0.0337  0.0327  0.0330
  0.0331  0.0328  0.0326  0.0325  0.0330  0.0326  0.0330  0.0334  0.0326  0.0328  0.0324  0.0326
  0.0324  0.0323  0.0322  0.0322  0.0325  0.0322  0.0323  0.0325  0.0322  0.0322  0.0322  0.0322
  0.0321  0.0321  0.0321  0.0322  0.0321  0.0321  0.0321  0.0321  0.0321  0.0321  0.0321  0.0321
  0.0324  0.0323  0.0323  0.0322  0.0321  0.0323  0.0323  0.0324  0.0322  0.0324  0.0321  0.0322
  0.0331  0.0329  0.0326  0.0324  0.0325  0.0326  0.0329  0.0332  0.0325  0.0329  0.0323  0.0325
  0.0342  0.0337  0.0332  0.0328  0.0331  0.0330  0.0339  0.0347  0.0331  0.0338  0.0327  0.0330
niter,ni,del,rscale     4    3    5.0000    0.7000
parameters
    2.6797   15.2195    6.4485  -15.6694   -9.2868  -12.1892
   -5.8256   15.2286    6.8433   -3.1433  -15.3341   -3.1699
eta,q 0.96792 12.24462
  0.0337  0.0332  0.0329  0.0327  0.0332  0.0330  0.0335  0.0342  0.0329  0.0334  0.0325  0.0328
  0.0328  0.0326  0.0325  0.0323  0.0327  0.0324  0.0327  0.0331  0.0325  0.0326  0.0323  0.0324
  0.0323  0.0322  0.0322  0.0321  0.0323  0.0321  0.0323  0.0323  0.0322  0.0322  0.0321  0.0322
  0.0321  0.0321  0.0321  0.0321  0.0321  0.0321  0.0321  0.0321  0.0321  0.0321  0.0321  0.0321
  0.0323  0.0323  0.0322  0.0321  0.0322  0.0323  0.0322  0.0323  0.0322  0.0323  0.0321  0.0321
  0.0328  0.0327  0.0324  0.0323  0.0325  0.0326  0.0327  0.0330  0.0325  0.0327  0.0323  0.0324
  0.0337  0.0334  0.0329  0.0326  0.0332  0.0329  0.0335  0.0341  0.0329  0.0334  0.0325  0.0328
niter,ni,del,rscale     3    3    5.0000    0.6000
parameters
    2.6876   15.1924    6.4431  -15.6737   -9.2175  -12.3322
   -5.8085   15.2444    6.8339   -3.2291  -15.2161   -3.0921
eta,q 0.96793 12.23579
  0.0333  0.0330  0.0327  0.0325  0.0329  0.0327  0.0331  0.0336  0.0327  0.0330  0.0324  0.0326
  0.0326  0.0324  0.0323  0.0322  0.0325  0.0323  0.0326  0.0328  0.0323  0.0325  0.0322  0.0323
  0.0322  0.0322  0.0321  0.0321  0.0322  0.0321  0.0322  0.0323  0.0321  0.0321  0.0321  0.0322
  0.0321  0.0321  0.0321  0.0321  0.0321  0.0321  0.0321  0.0321  0.0321  0.0321  0.0321  0.0321
  0.0322  0.0322  0.0322  0.0321  0.0321  0.0322  0.0322  0.0323  0.0321  0.0322  0.0321  0.0321
  0.0326  0.0325  0.0324  0.0322  0.0324  0.0325  0.0325  0.0328  0.0323  0.0326  0.0322  0.0323
  0.0333  0.0330  0.0327  0.0325  0.0329  0.0327  0.0331  0.0336  0.0327  0.0331  0.0324  0.0326
niter,ni,del,rscale     2    3    5.0000    0.5000
parameters
    2.6910   15.1741    6.4103  -15.7344   -9.1680  -12.5130
   -5.7968   15.2531    6.7983   -3.3152  -15.1009   -3.0474
eta,q 0.96795 12.21917
  0.0329  0.0327  0.0325  0.0323  0.0327  0.0325  0.0328  0.0332  0.0325  0.0327  0.0323  0.0325
  0.0324  0.0323  0.0322  0.0322  0.0324  0.0322  0.0324  0.0326  0.0322  0.0323  0.0322  0.0323
  0.0322  0.0321  0.0321  0.0321  0.0321  0.0321  0.0322  0.0322  0.0321  0.0321  0.0321  0.0321
  0.0321  0.0321  0.0321  0.0321  0.0321  0.0321  0.0321  0.0321  0.0321  0.0321  0.0321  0.0321
  0.0322  0.0321  0.0321  0.0321  0.0321  0.0322  0.0321  0.0322  0.0321  0.0322  0.0321  0.0321
  0.0324  0.0324  0.0323  0.0322  0.0323  0.0323  0.0324  0.0326  0.0323  0.0324  0.0321  0.0322
  0.0329  0.0327  0.0325  0.0323  0.0327  0.0326  0.0328  0.0331  0.0325  0.0328  0.0323  0.0325
niter,ni,del,rscale     1    3    5.0000    0.4000
parameters
    2.6884   15.1603    6.3620  -15.8207   -9.1075  -12.6826
   -5.8113   15.2505    6.7648   -3.3932  -14.9853   -3.0227
eta,q 0.96796 12.20217
  0.0326  0.0325  0.0323  0.0322  0.0324  0.0324  0.0325  0.0328  0.0323  0.0325  0.0322  0.0323
  0.0323  0.0322  0.0321  0.0321  0.0322  0.0322  0.0323  0.0324  0.0322  0.0322  0.0321  0.0322
  0.0321  0.0321  0.0321  0.0321  0.0321  0.0321  0.0321  0.0321  0.0321  0.0321  0.0321  0.0321
  0.0321  0.0321  0.0321  0.0321  0.0321  0.0321  0.0320  0.0320  0.0320  0.0320  0.0321  0.0320
  0.0321  0.0321  0.0321  0.0321  0.0321  0.0321  0.0321  0.0321  0.0321  0.0321  0.0321  0.0321
  0.0323  0.0322  0.0322  0.0321  0.0322  0.0322  0.0323  0.0324  0.0322  0.0323  0.0321  0.0322
  0.0326  0.0325  0.0324  0.0322  0.0324  0.0324  0.0325  0.0328  0.0323  0.0325  0.0322  0.0323
registration optimization eta report
parameter search radius
    0.8000    0.8000    0.8000    2.4000    2.4000    2.4000
    2.4000    2.4000    2.4000    2.4000    2.4000    2.4000
100000*second partial in parameter space
       85.       65.       43.        3.        7.        6.
        8.       12.        5.        8.        3.        4.
  0.0326  0.0325  0.0323  0.0322  0.0324  0.0324  0.0325  0.0328  0.0323  0.0325  0.0322  0.0323
  0.0323  0.0322  0.0321  0.0321  0.0322  0.0322  0.0323  0.0324  0.0322  0.0322  0.0321  0.0322
  0.0321  0.0321  0.0321  0.0321  0.0321  0.0321  0.0321  0.0321  0.0321  0.0321  0.0321  0.0321
  0.0321  0.0321  0.0321  0.0321  0.0321  0.0321  0.0320  0.0320  0.0320  0.0320  0.0321  0.0320
  0.0321  0.0321  0.0321  0.0321  0.0321  0.0321  0.0321  0.0321  0.0321  0.0321  0.0321  0.0321
  0.0323  0.0322  0.0322  0.0321  0.0322  0.0322  0.0323  0.0324  0.0322  0.0323  0.0321  0.0322
  0.0326  0.0325  0.0324  0.0322  0.0324  0.0324  0.0325  0.0328  0.0323  0.0325  0.0322  0.0323
    2.6884   15.1603    6.3620  -15.8207   -9.1075  -12.6826
   -5.8113   15.2505    6.7648   -3.3932  -14.9853   -3.0227
eta,q 0.96796 12.20217

---------------------------------------------------------------------
imgreg_4dfp /opt/freesurfer/average/711-2C_as_mni_average_305 /opt/freesurfer/average/711-2B_as_mni_average_305_mask talsrcimg_g11 none talsrcimg_to_711-2C_as_mni_average_305_t4 2311
---------------------------------------------------------------------

freesurfer imgreg_4dfp.c
/opt/freesurfer/average/711-2C_as_mni_average_305.4dfp.img
       256       256       256         1
  1.000000  1.000000  1.000000
orientation T byte_order littleendian
Reading image: /opt/freesurfer/average/711-2C_as_mni_average_305.4dfp.img
dimensions:      256       256       256
mmppix:       1.0000   -1.0000   -1.0000
center:     128.0000 -129.0000 -129.0000
/opt/freesurfer/average/711-2B_as_mni_average_305_mask.4dfp.img
       256       256       256         1
  1.000000  1.000000  1.000000
orientation T byte_order littleendian
Reading mask: /opt/freesurfer/average/711-2B_as_mni_average_305_mask.4dfp.img (2306576 pixels)
talsrcimg_g11.4dfp.img
       256       256       256         1
  1.000000  1.000000  1.000000
orientation T byte_order littleendian
Reading image: talsrcimg_g11.4dfp.img
dimensions:      256       256       256
mmppix:       1.0000   -1.0000   -1.0000
center:     128.0000 -129.0000 -129.0000
fimgreg.f
image alignment mode   2311 decimal      907 hex
parameters
    2.6884   15.1603    6.3620  -15.8207   -9.1075  -12.6826
   -5.8113   15.2505    6.7648   -3.3932  -14.9853   -3.0227
eta,q 0.96796 12.20218
niter,ni,del,rscale     5    3    5.0000    0.8000
parameters
    2.6845   15.1729    6.3344  -15.8323   -9.3261  -12.4782
   -5.8242   15.2247    6.7148   -3.2009  -15.1713   -3.2404
eta,q 0.96794 12.20572
  0.0342  0.0337  0.0331  0.0328  0.0333  0.0334  0.0338  0.0347  0.0331  0.0339  0.0326  0.0329
  0.0330  0.0328  0.0325  0.0323  0.0327  0.0326  0.0329  0.0333  0.0325  0.0329  0.0323  0.0325
  0.0323  0.0322  0.0321  0.0321  0.0322  0.0322  0.0323  0.0324  0.0322  0.0323  0.0321  0.0322
  0.0320  0.0320  0.0320  0.0320  0.0320  0.0320  0.0321  0.0321  0.0321  0.0321  0.0321  0.0321
  0.0323  0.0322  0.0322  0.0321  0.0322  0.0322  0.0323  0.0324  0.0322  0.0323  0.0321  0.0322
  0.0330  0.0328  0.0326  0.0324  0.0328  0.0326  0.0329  0.0333  0.0326  0.0328  0.0324  0.0326
  0.0342  0.0336  0.0332  0.0328  0.0337  0.0331  0.0339  0.0347  0.0332  0.0336  0.0328  0.0331
niter,ni,del,rscale     4    3    5.0000    0.7000
parameters
    2.6803   15.2063    6.3683  -15.7917   -9.2783  -12.4373
   -5.8254   15.2330    6.7690   -3.1810  -15.2165   -3.2179
eta,q 0.96793 12.21626
  0.0337  0.0334  0.0330  0.0326  0.0332  0.0330  0.0335  0.0341  0.0329  0.0334  0.0325  0.0328
  0.0328  0.0326  0.0325  0.0323  0.0326  0.0325  0.0327  0.0330  0.0325  0.0327  0.0323  0.0324
  0.0322  0.0322  0.0322  0.0321  0.0322  0.0321  0.0322  0.0323  0.0322  0.0322  0.0321  0.0322
  0.0321  0.0321  0.0321  0.0321  0.0321  0.0321  0.0321  0.0321  0.0321  0.0321  0.0321  0.0321
  0.0322  0.0322  0.0322  0.0321  0.0321  0.0322  0.0322  0.0323  0.0321  0.0322  0.0321  0.0321
  0.0328  0.0326  0.0324  0.0323  0.0325  0.0325  0.0327  0.0330  0.0324  0.0327  0.0323  0.0324
  0.0337  0.0332  0.0329  0.0326  0.0332  0.0329  0.0335  0.0341  0.0329  0.0334  0.0326  0.0328
niter,ni,del,rscale     3    3    5.0000    0.6000
parameters
    2.6835   15.2007    6.3753  -15.7598   -9.2163  -12.5022
   -5.8166   15.2413    6.7959   -3.2333  -15.1661   -3.1605
eta,q 0.96794 12.21674
  0.0333  0.0330  0.0327  0.0325  0.0329  0.0327  0.0331  0.0336  0.0327  0.0330  0.0324  0.0326
  0.0326  0.0325  0.0323  0.0322  0.0325  0.0323  0.0325  0.0328  0.0323  0.0325  0.0322  0.0323
  0.0322  0.0322  0.0321  0.0321  0.0322  0.0321  0.0322  0.0322  0.0321  0.0321  0.0321  0.0321
  0.0321  0.0321  0.0321  0.0321  0.0321  0.0321  0.0321  0.0321  0.0321  0.0321  0.0321  0.0321
  0.0322  0.0322  0.0321  0.0321  0.0321  0.0322  0.0322  0.0322  0.0321  0.0322  0.0321  0.0321
  0.0326  0.0325  0.0323  0.0322  0.0324  0.0324  0.0325  0.0328  0.0323  0.0325  0.0322  0.0323
  0.0333  0.0330  0.0327  0.0324  0.0329  0.0327  0.0331  0.0336  0.0327  0.0331  0.0324  0.0326
niter,ni,del,rscale     2    3    5.0000    0.5000
parameters
    2.6873   15.1861    6.3581  -15.8004   -9.1603  -12.6265
   -5.8125   15.2508    6.7849   -3.3092  -15.0719   -3.1093
eta,q 0.96795 12.20644
  0.0329  0.0327  0.0325  0.0323  0.0327  0.0325  0.0328  0.0332  0.0325  0.0327  0.0323  0.0324
  0.0324  0.0323  0.0322  0.0322  0.0324  0.0322  0.0324  0.0326  0.0322  0.0323  0.0322  0.0322
  0.0322  0.0321  0.0321  0.0321  0.0321  0.0321  0.0321  0.0322  0.0321  0.0321  0.0321  0.0321
  0.0321  0.0321  0.0321  0.0321  0.0321  0.0321  0.0321  0.0321  0.0321  0.0321  0.0321  0.0321
  0.0322  0.0321  0.0321  0.0321  0.0321  0.0321  0.0321  0.0322  0.0321  0.0322  0.0321  0.0321
  0.0324  0.0324  0.0323  0.0322  0.0323  0.0323  0.0324  0.0326  0.0322  0.0324  0.0321  0.0322
  0.0329  0.0327  0.0325  0.0323  0.0326  0.0326  0.0328  0.0331  0.0325  0.0328  0.0323  0.0324
niter,ni,del,rscale     1    3    5.0000    0.4000
parameters
    2.6854   15.1745    6.3208  -15.8672   -9.1059  -12.7791
   -5.8181   15.2473    6.7394   -3.3806  -14.9476   -3.0675
eta,q 0.96796 12.19157
  0.0326  0.0324  0.0323  0.0322  0.0324  0.0324  0.0325  0.0328  0.0323  0.0325  0.0322  0.0323
  0.0323  0.0322  0.0322  0.0321  0.0322  0.0322  0.0323  0.0324  0.0322  0.0322  0.0321  0.0322
  0.0321  0.0321  0.0321  0.0321  0.0321  0.0321  0.0321  0.0321  0.0321  0.0321  0.0321  0.0321
  0.0320  0.0321  0.0320  0.0320  0.0320  0.0321  0.0320  0.0320  0.0320  0.0320  0.0320  0.0320
  0.0321  0.0321  0.0321  0.0321  0.0321  0.0321  0.0321  0.0321  0.0321  0.0321  0.0320  0.0321
  0.0323  0.0322  0.0322  0.0321  0.0322  0.0322  0.0323  0.0324  0.0322  0.0323  0.0321  0.0321
  0.0326  0.0325  0.0324  0.0322  0.0324  0.0324  0.0325  0.0328  0.0323  0.0325  0.0322  0.0323
registration optimization eta report
parameter search radius
    0.8000    0.8000    0.8000    2.4000    2.4000    2.4000
    2.4000    2.4000    2.4000    2.4000    2.4000    2.4000
100000*second partial in parameter space
       84.       64.       44.        3.        7.        6.
        8.       12.        5.        8.        3.        4.
  0.0326  0.0324  0.0323  0.0322  0.0324  0.0324  0.0325  0.0328  0.0323  0.0325  0.0322  0.0323
  0.0323  0.0322  0.0322  0.0321  0.0322  0.0322  0.0323  0.0324  0.0322  0.0322  0.0321  0.0322
  0.0321  0.0321  0.0321  0.0321  0.0321  0.0321  0.0321  0.0321  0.0321  0.0321  0.0321  0.0321
  0.0320  0.0321  0.0320  0.0320  0.0320  0.0321  0.0320  0.0320  0.0320  0.0320  0.0320  0.0320
  0.0321  0.0321  0.0321  0.0321  0.0321  0.0321  0.0321  0.0321  0.0321  0.0321  0.0320  0.0321
  0.0323  0.0322  0.0322  0.0321  0.0322  0.0322  0.0323  0.0324  0.0322  0.0323  0.0321  0.0321
  0.0326  0.0325  0.0324  0.0322  0.0324  0.0324  0.0325  0.0328  0.0323  0.0325  0.0322  0.0323
    2.6854   15.1745    6.3208  -15.8672   -9.1059  -12.7791
   -5.8181   15.2473    6.7394   -3.3806  -14.9476   -3.0675
eta,q 0.96796 12.19157

---------------------------------------------------------------------
compute_vox2vox talsrcimg talsrcimg_to_711-2C_as_mni_average_305_t4 /opt/freesurfer/average/711-2C_as_mni_average_305
---------------------------------------------------------------------

freesurfer compute_vox2vox.c
Reading: talsrcimg.4dfp.ifh
Reading: talsrcimg_to_711-2C_as_mni_average_305_t4
Reading: /opt/freesurfer/average/711-2C_as_mni_average_305.4dfp.ifh
Writing: talsrcimg_to_711-2C_as_mni_average_305_t4_vox2vox.txt

start time Tue Mar 10 04:43:52 CET 2026
end		time Tue Mar 10 04:45:18 CET 2026

mpr2mni305 success

avi2talxfm orig_nu.mgz /opt/freesurfer/average/mni305.cor.mgz talsrcimg_to_711-2C_as_mni_average_305_t4_vox2vox.txt transforms/talairach.auto.xfm
avi2talxfm done
mv -f /out/sourcedata/freesurfer/sub-v1s5x0050743_ses-1/mri/talsrcimg_to_711-2C_as_mni_average_305_t4_vox2vox.txt /out/sourcedata/freesurfer/sub-v1s5x0050743_ses-1/mri/transforms/talsrcimg_to_711-2C_as_mni_average_305_t4_vox2vox.txt
lta_convert --src orig_nu.mgz --trg /opt/freesurfer/average/mni305.cor.mgz --inxfm transforms/talairach.auto.xfm --outlta transforms/talairach.auto.xfm.lta --subject fsaverage
7.3.2

--src: orig_nu.mgz src image (geometry).
--trg: /opt/freesurfer/average/mni305.cor.mgz trg image (geometry).
--inmni: transforms/talairach.auto.xfm input MNI/XFM transform.
--outlta: transforms/talairach.auto.xfm.lta output LTA.
--s: fsaverage subject name
 LTA read, type : 1
 1.14805  -0.19810   0.06680   3.26329;
 0.19401   1.11454   0.05003  -14.84700;
-0.07791   0.05614   1.09709  -14.33565;
 0.00000   0.00000   0.00000   1.00000;
setting subject to fsaverage
Writing  LTA to file transforms/talairach.auto.xfm.lta...
lta_convert successful.
 
 
Started at Tue Mar 10 04:43:51 CET 2026
Ended   at Tue Mar 10 04:45:18 CET 2026
talairach_avi done
