/out/sourcedata/freesurfer/sub-v1s5x0050744_ses-1/mri
/opt/freesurfer/bin/talairach_avi
--i orig_nu.mgz --xfm transforms/talairach.auto.xfm
talairach_avi 7.3.2
Linux dna087 5.14.0-427.37.1.el9_4.x86_64 #1 SMP PREEMPT_DYNAMIC Fri Sep 13 12:41:50 EDT 2024 x86_64 x86_64 x86_64 GNU/Linux
Tue Mar 10 04:49:28 CET 2026
mri_convert orig_nu.mgz talsrcimg.img 
reading from orig_nu.mgz...
TR=0.00, TE=0.00, TI=0.00, flip angle=0.00
i_ras = (-1, -4.65661e-10, 1.86265e-09)
j_ras = (3.72529e-09, -1.49012e-08, -1)
k_ras = (1.86265e-09, 1, 0)
writing to talsrcimg.img...
Analyze Output Matrix
-1.00000   0.00000   0.00000   131.13663;
-0.00000  -0.00000   1.00000  -125.18042;
 0.00000  -1.00000   0.00000   138.35109;
 0.00000   0.00000   0.00000   1.00000;
--------------------
INFO: set hdr.hist.orient to -1
mpr2mni305 talsrcimg
Tue Mar 10 04:49:28 CET 2026
/opt/freesurfer/bin/mpr2mni305 talsrcimg
mpr2mni305 7.3.2
target=711-2C_as_mni_average_305

---------------------------------------------------------------------
analyzeto4dfp talsrcimg -O0 -y
---------------------------------------------------------------------

freesurfer ifh2hdr.c
Tue Mar 10 04:49:28 2026
Writing: talsrcimg.4dfp.hdr
freesurfer analyzeto4dfp.c
Reading: talsrcimg.hdr
header size 348 bytes
hdr.dime.datatype	offset=70	value=2
hdr.dime.bitpix		offset=72	value=8
hdr.hist.orient		offset=252	value=-1
dimensionality     4
dimensions       256       256       256         1
Reading: talsrcimg.img
Writing: talsrcimg.4dfp.img
Writing: talsrcimg.4dfp.ifh
ifh2hdr talsrcimg -r0to230
ori=2

---------------------------------------------------------------------
gauss_4dfp talsrcimg 1.1
---------------------------------------------------------------------

freesurfer gauss_4dfp.c
Reading: talsrcimg.4dfp.img
Writing: talsrcimg_g11.4dfp.img
image dimensions 256 256 256 padded to 288 288 288
processing volume 1freesurfer ifh2hdr.c
Tue Mar 10 04:49:30 2026
Writing: talsrcimg_g11.4dfp.hdr

Writing: talsrcimg_g11.4dfp.ifh
including: talsrcimg.4dfp.img.rec in talsrcimg_g11.4dfp.img.rec

---------------------------------------------------------------------
imgreg_4dfp /opt/freesurfer/average/711-2C_as_mni_average_305 none talsrcimg_g11 none talsrcimg_to_711-2C_as_mni_average_305_t4 4355
---------------------------------------------------------------------

freesurfer imgreg_4dfp.c
/opt/freesurfer/average/711-2C_as_mni_average_305.4dfp.img
       256       256       256         1
  1.000000  1.000000  1.000000
orientation T byte_order littleendian
Reading image: /opt/freesurfer/average/711-2C_as_mni_average_305.4dfp.img
dimensions:      256       256       256
mmppix:       1.0000   -1.0000   -1.0000
center:     128.0000 -129.0000 -129.0000
talsrcimg_g11.4dfp.img
       256       256       256         1
  1.000000  1.000000  1.000000
orientation T byte_order littleendian
Reading image: talsrcimg_g11.4dfp.img
dimensions:      256       256       256
mmppix:       1.0000   -1.0000   -1.0000
center:     128.0000 -129.0000 -129.0000
t4_read: open error in t4_sub.f l:  41 t4_file(1:l)talsrcimg_to_711-2C_as_mni_average_305_t4 
t4_read: transform initialized to I4
rotation matrix determinant  1.000000
image alignment mode   4355 decimal     1103 hex
   -7.5000  -45.0000  -45.0000 7667.5239   18.3872
    0.0000  -45.0000  -45.0000 7989.4741   18.3569
    7.5000  -45.0000  -45.0000 7674.8198   18.3504
   -7.5000  -37.5000  -45.0000 8063.4004   18.0736
    0.0000  -37.5000  -45.0000 8379.8701   18.0522
    7.5000  -37.5000  -45.0000 8082.6348   18.0414
   -7.5000  -30.0000  -45.0000 8822.2783   17.8869
    0.0000  -30.0000  -45.0000 9159.1875   17.8680
    7.5000  -30.0000  -45.0000 8866.4756   17.8523
   -7.5000  -22.5000  -45.0000 9633.3652   17.7584
    0.0000  -22.5000  -45.000010014.9629   17.7345
    7.5000  -22.5000  -45.0000 9646.6221   17.7188
   -7.5000  -15.0000  -45.000010507.2109   17.7196
    0.0000  -15.0000  -45.000010932.0127   17.6903
    7.5000  -15.0000  -45.000010515.9932   17.6799
   -7.5000   -7.5000  -45.000011378.2500   17.7171
    0.0000   -7.5000  -45.000011845.6709   17.6867
    7.5000   -7.5000  -45.000011385.9287   17.6812
   -7.5000    0.0000  -45.000011962.5391   17.7080
    0.0000    0.0000  -45.000012433.5811   17.6814
    7.5000    0.0000  -45.000011923.8271   17.6753
   -7.5000    7.5000  -45.000011433.1924   17.6963
    0.0000    7.5000  -45.000011927.0430   17.6758
    7.5000    7.5000  -45.000011382.5742   17.6647
   -7.5000   15.0000  -45.000010789.0889   17.6952
    0.0000   15.0000  -45.000011274.6123   17.6766
    7.5000   15.0000  -45.000010716.8662   17.6607
   -7.5000   22.5000  -45.000010114.8838   17.7053
    0.0000   22.5000  -45.000010573.9746   17.6816
    7.5000   22.5000  -45.000010034.0664   17.6658
   -7.5000   30.0000  -45.0000 9452.6006   17.4817
    0.0000   30.0000  -45.0000 9865.5215   17.4528
    7.5000   30.0000  -45.0000 9381.6729   17.4425
   -7.5000   37.5000  -45.0000 9109.9707   17.4833
    0.0000   37.5000  -45.0000 9495.1953   17.4533
    7.5000   37.5000  -45.0000 9025.3301   17.4481
   -7.5000   45.0000  -45.0000 8447.0527   17.3091
    0.0000   45.0000  -45.0000 8800.5400   17.2799
    7.5000   45.0000  -45.0000 8351.7949   17.2718
   -7.5000  -45.0000  -37.5000 8112.3335   18.3047
    0.0000  -45.0000  -37.5000 8454.6143   18.2741
    7.5000  -45.0000  -37.5000 8138.0273   18.2582
   -7.5000  -37.5000  -37.5000 8537.5293   17.9809
    0.0000  -37.5000  -37.5000 8888.8672   17.9603
    7.5000  -37.5000  -37.5000 8576.0410   17.9420
   -7.5000  -30.0000  -37.5000 9355.1309   17.7884
    0.0000  -30.0000  -37.5000 9746.3193   17.7728
    7.5000  -30.0000  -37.5000 9404.0537   17.7512
   -7.5000  -22.5000  -37.500010245.6367   17.6686
    0.0000  -22.5000  -37.500010679.2744   17.6492
    7.5000  -22.5000  -37.500010272.6621   17.6265
   -7.5000  -15.0000  -37.500011187.3906   17.6430
    0.0000  -15.0000  -37.500011669.8877   17.6172
    7.5000  -15.0000  -37.500011197.1367   17.5975
   -7.5000   -7.5000  -37.500012079.0059   17.6456
    0.0000   -7.5000  -37.500012594.0762   17.6165
    7.5000   -7.5000  -37.500012083.7783   17.6006
   -7.5000    0.0000  -37.500012649.2783   17.6305
    0.0000    0.0000  -37.500013205.1250   17.6038
    7.5000    0.0000  -37.500012623.6768   17.5883
   -7.5000    7.5000  -37.500012146.2139   17.6069
    0.0000    7.5000  -37.500012688.6748   17.5875
    7.5000    7.5000  -37.500012079.8936   17.5692
   -7.5000   15.0000  -37.500011486.7812   17.5991
    0.0000   15.0000  -37.500012015.7402   17.5838
    7.5000   15.0000  -37.500011388.5342   17.5622
   -7.5000   22.5000  -37.500010762.6719   17.6160
    0.0000   22.5000  -37.500011280.4795   17.5968
    7.5000   22.5000  -37.500010670.7490   17.5741
   -7.5000   30.0000  -37.500010018.2373   17.4062
    0.0000   30.0000  -37.500010494.8604   17.3807
    7.5000   30.0000  -37.5000 9943.4512   17.3613
   -7.5000   37.5000  -37.5000 9645.2881   17.4126
    0.0000   37.5000  -37.500010070.9414   17.3839
    7.5000   37.5000  -37.5000 9528.7197   17.3684
   -7.5000   45.0000  -37.5000 8908.1182   17.2307
    0.0000   45.0000  -37.5000 9324.2900   17.2022
    7.5000   45.0000  -37.5000 8809.3662   17.1850
   -7.5000  -45.0000  -30.0000 8658.2588   19.0726
    0.0000  -45.0000  -30.0000 9015.6104   19.0354
    7.5000  -45.0000  -30.0000 8678.7617   19.0105
   -7.5000  -37.5000  -30.0000 9144.1855   18.7171
    0.0000  -37.5000  -30.0000 9524.8477   18.6927
    7.5000  -37.5000  -30.0000 9163.2598   18.6691
   -7.5000  -30.0000  -30.000010053.3301   18.5059
    0.0000  -30.0000  -30.000010464.7012   18.4884
    7.5000  -30.0000  -30.000010071.3408   18.4640
   -7.5000  -22.5000  -30.000011047.9736   18.3879
    0.0000  -22.5000  -30.000011514.9102   18.3665
    7.5000  -22.5000  -30.000011069.9434   18.3395
   -7.5000  -15.0000  -30.000012083.0957   18.3777
    0.0000  -15.0000  -30.000012580.9785   18.3483
    7.5000  -15.0000  -30.000012070.6738   18.3209
   -7.5000   -7.5000  -30.000013015.7686   18.3883
    0.0000   -7.5000  -30.000013555.2764   18.3539
    7.5000   -7.5000  -30.000012990.9844   18.3291
   -7.5000    0.0000  -30.000013593.5479   18.3660
    0.0000    0.0000  -30.000014213.3916   18.3339
    7.5000    0.0000  -30.000013558.1338   18.3109
   -7.5000    7.5000  -30.000013037.7451   18.3264
    0.0000    7.5000  -30.000013631.7490   18.3035
    7.5000    7.5000  -30.000012979.1904   18.2807
   -7.5000   15.0000  -30.000012374.7041   18.3086
    0.0000   15.0000  -30.000012943.1729   18.2914
    7.5000   15.0000  -30.000012271.9990   18.2672
   -7.5000   22.5000  -30.000011622.9922   18.3314
    0.0000   22.5000  -30.000012194.5771   18.3101
    7.5000   22.5000  -30.000011490.4561   18.2832
   -7.5000   30.0000  -30.000010786.6064   18.1328
    0.0000   30.0000  -30.000011330.1963   18.1038
    7.5000   30.0000  -30.000010652.3027   18.0768
   -7.5000   37.5000  -30.000010330.0635   18.1473
    0.0000   37.5000  -30.000010818.4492   18.1135
    7.5000   37.5000  -30.000010172.7432   18.0891
   -7.5000   45.0000  -30.0000 9516.0850   17.9634
    0.0000   45.0000  -30.0000 9978.4902   17.9307
    7.5000   45.0000  -30.0000 9370.6523   17.9069
   -7.5000  -45.0000  -22.5000 9206.3545   19.7101
    0.0000  -45.0000  -22.5000 9578.9951   19.6667
    7.5000  -45.0000  -22.5000 9221.0527   19.6424
   -7.5000  -37.5000  -22.5000 9746.8965   19.3352
    0.0000  -37.5000  -22.500010145.9336   19.3060
    7.5000  -37.5000  -22.5000 9762.5400   19.2857
   -7.5000  -30.0000  -22.500010733.4395   19.1111
    0.0000  -30.0000  -22.500011167.8604   19.0885
    7.5000  -30.0000  -22.500010746.0732   19.0679
   -7.5000  -22.5000  -22.500011824.9775   18.9887
    0.0000  -22.5000  -22.500012286.8301   18.9605
    7.5000  -22.5000  -22.500011803.3711   18.9360
   -7.5000  -15.0000  -22.500012950.5928   18.9839
    0.0000  -15.0000  -22.500013409.5137   18.9469
    7.5000  -15.0000  -22.500012893.8809   18.9203
   -7.5000   -7.5000  -22.500013931.5732   19.0004
    0.0000   -7.5000  -22.500014482.0234   18.9594
    7.5000   -7.5000  -22.500013861.2100   18.9352
   -7.5000    0.0000  -22.500014504.0176   18.9771
    0.0000    0.0000  -22.500015153.3311   18.9401
    7.5000    0.0000  -22.500014455.0391   18.9189
   -7.5000    7.5000  -22.500013875.3350   18.9305
    0.0000    7.5000  -22.500014508.5527   18.9031
    7.5000    7.5000  -22.500013826.7949   18.8838
   -7.5000   15.0000  -22.500013231.5420   18.9065
    0.0000   15.0000  -22.500013819.7588   18.8843
    7.5000   15.0000  -22.500013085.7861   18.8638
   -7.5000   22.5000  -22.500012467.2676   18.9291
    0.0000   22.5000  -22.500013032.9072   18.9010
    7.5000   22.5000  -22.500012239.2480   18.8765
   -7.5000   30.0000  -22.500011572.4033   18.7338
    0.0000   30.0000  -22.500012124.0254   18.6973
    7.5000   30.0000  -22.500011338.5742   18.6710
   -7.5000   37.5000  -22.500011065.1230   18.7546
    0.0000   37.5000  -22.500011572.6934   18.7142
    7.5000   37.5000  -22.500010823.7236   18.6905
   -7.5000   45.0000  -22.500010157.4922   18.5769
    0.0000   45.0000  -22.500010638.7070   18.5396
    7.5000   45.0000  -22.5000 9936.2002   18.5184
   -7.5000  -45.0000  -15.0000 9735.1416   20.1572
    0.0000  -45.0000  -15.000010107.6641   20.1116
    7.5000  -45.0000  -15.0000 9758.6787   20.0954
   -7.5000  -37.5000  -15.000010315.8438   19.7853
    0.0000  -37.5000  -15.000010724.4053   19.7537
    7.5000  -37.5000  -15.000010373.7285   19.7400
   -7.5000  -30.0000  -15.000011369.5156   19.5615
    0.0000  -30.0000  -15.000011810.6963   19.5347
    7.5000  -30.0000  -15.000011417.1484   19.5190
   -7.5000  -22.5000  -15.000012531.9092   19.4283
    0.0000  -22.5000  -15.000013007.3555   19.3945
    7.5000  -22.5000  -15.000012535.8525   19.3752
   -7.5000  -15.0000  -15.000013704.4951   19.4118
    0.0000  -15.0000  -15.000014197.4648   19.3691
    7.5000  -15.0000  -15.000013693.4336   19.3497
   -7.5000   -7.5000  -15.000014731.7061   19.4259
    0.0000   -7.5000  -15.000015283.9521   19.3811
    7.5000   -7.5000  -15.000014683.0146   19.3656
   -7.5000    0.0000  -15.000015359.5732   19.4092
    0.0000    0.0000  -15.000015973.7227   19.3699
    7.5000    0.0000  -15.000015287.6543   19.3570
   -7.5000    7.5000  -15.000014698.8301   19.3718
    0.0000    7.5000  -15.000015295.1426   19.3418
    7.5000    7.5000  -15.000014606.1270   19.3287
   -7.5000   15.0000  -15.000014015.0137   19.3517
    0.0000   15.0000  -15.000014599.2217   19.3252
    7.5000   15.0000  -15.000013811.6631   19.3096
   -7.5000   22.5000  -15.000013232.7227   19.3663
    0.0000   22.5000  -15.000013787.1660   19.3327
    7.5000   22.5000  -15.000012944.9385   19.3134
   -7.5000   30.0000  -15.000012317.2393   19.1587
    0.0000   30.0000  -15.000012850.7822   19.1166
    7.5000   30.0000  -15.000011998.8691   19.0974
   -7.5000   37.5000  -15.000011773.6299   19.1775
    0.0000   37.5000  -15.000012291.3301   19.1333
    7.5000   37.5000  -15.000011447.7656   19.1182
   -7.5000   45.0000  -15.000010778.2861   19.0125
    0.0000   45.0000  -15.000011256.1611   18.9724
    7.5000   45.0000  -15.000010502.6875   18.9592
   -7.5000  -45.0000   -7.500010272.7969   20.3846
    0.0000  -45.0000   -7.500010684.0713   20.3444
    7.5000  -45.0000   -7.500010323.9541   20.3369
   -7.5000  -37.5000   -7.500010943.6201   20.0308
    0.0000  -37.5000   -7.500011368.8428   20.0022
    7.5000  -37.5000   -7.500011003.6426   19.9928
   -7.5000  -30.0000   -7.500012058.3799   19.8177
    0.0000  -30.0000   -7.500012511.2178   19.7921
    7.5000  -30.0000   -7.500012124.4248   19.7779
   -7.5000  -22.5000   -7.500013257.1973   19.6744
    0.0000  -22.5000   -7.500013742.9336   19.6419
    7.5000  -22.5000   -7.500013289.2715   19.6264
   -7.5000  -15.0000   -7.500014446.2490   19.6374
    0.0000  -15.0000   -7.500014973.6104   19.5975
    7.5000  -15.0000   -7.500014473.4717   19.5861
   -7.5000   -7.5000   -7.500015463.0977   19.6419
    0.0000   -7.5000   -7.500016017.6045   19.6013
    7.5000   -7.5000   -7.500015456.7334   19.5950
   -7.5000    0.0000   -7.500016147.9844   19.6330
    0.0000    0.0000   -7.500016755.6855   19.5979
    7.5000    0.0000   -7.500016089.8408   19.5924
   -7.5000    7.5000   -7.500015555.7637   19.6139
    0.0000    7.5000   -7.500016138.1230   19.5865
    7.5000    7.5000   -7.500015424.8467   19.5771
   -7.5000   15.0000   -7.500014861.9531   19.6056
    0.0000   15.0000   -7.500015434.9062   19.5803
    7.5000   15.0000   -7.500014636.8271   19.5662
   -7.5000   22.5000   -7.500014011.1084   19.6095
    0.0000   22.5000   -7.500014517.5908   19.5772
    7.5000   22.5000   -7.500013702.5312   19.5617
   -7.5000   30.0000   -7.500013041.5332   19.3808
    0.0000   30.0000   -7.500013536.1738   19.3415
    7.5000   30.0000   -7.500012712.7422   19.3302
   -7.5000   37.5000   -7.500012447.4688   19.3900
    0.0000   37.5000   -7.500012948.8945   19.3500
    7.5000   37.5000   -7.500012144.8379   19.3440
   -7.5000   45.0000   -7.500011423.5713   19.2347
    0.0000   45.0000   -7.500011877.0020   19.1975
    7.5000   45.0000   -7.500011145.7070   19.1906
   -7.5000  -45.0000    0.000010737.0342   20.4419
    0.0000  -45.0000    0.000011171.6055   20.4085
    7.5000  -45.0000    0.000010781.5889   20.4012
   -7.5000  -37.5000    0.000011480.7910   20.0952
    0.0000  -37.5000    0.000011936.6172   20.0718
    7.5000  -37.5000    0.000011525.0234   20.0598
   -7.5000  -30.0000    0.000012643.2861   19.8879
    0.0000  -30.0000    0.000013143.8418   19.8674
    7.5000  -30.0000    0.000012703.4170   19.8498
   -7.5000  -22.5000    0.000013843.4551   19.7449
    0.0000  -22.5000    0.000014357.1230   19.7188
    7.5000  -22.5000    0.000013908.5205   19.7009
   -7.5000  -15.0000    0.000015088.8896   19.7018
    0.0000  -15.0000    0.000015601.7021   19.6696
    7.5000  -15.0000    0.000015128.3320   19.6574
   -7.5000   -7.5000    0.000016066.3477   19.7004
    0.0000   -7.5000    0.000016575.0723   19.6669
    7.5000   -7.5000    0.000016083.0322   19.6603
   -7.5000    0.0000    0.000016779.7617   19.6916
    0.0000    0.0000    0.000017325.1855   19.6623
    7.5000    0.0000    0.000016738.2207   19.6554
   -7.5000    7.5000    0.000016297.0312   19.6783
    0.0000    7.5000    0.000016850.1602   19.6559
    7.5000    7.5000    0.000016170.4111   19.6436
   -7.5000   15.0000    0.000015725.3740   19.6760
    0.0000   15.0000    0.000016240.4756   19.6558
    7.5000   15.0000    0.000015443.6133   19.6381
   -7.5000   22.5000    0.000014814.9697   19.6798
    0.0000   22.5000    0.000015261.6709   19.6539
    7.5000   22.5000    0.000014469.1406   19.6360
   -7.5000   30.0000    0.000013723.2207   19.4449
    0.0000   30.0000    0.000014152.6865   19.4131
    7.5000   30.0000    0.000013397.0811   19.4010
   -7.5000   37.5000    0.000013040.4717   19.4480
    0.0000   37.5000    0.000013475.4727   19.4150
    7.5000   37.5000    0.000012774.6172   19.4086
   -7.5000   45.0000    0.000011938.3691   19.2913
    0.0000   45.0000    0.000012357.2334   19.2591
    7.5000   45.0000    0.000011724.9189   19.2500
   -7.5000  -45.0000    7.500010376.0059   20.4684
    0.0000  -45.0000    7.500010815.4912   20.4342
    7.5000  -45.0000    7.500010411.8994   20.4163
   -7.5000  -37.5000    7.500011124.8008   20.1068
    0.0000  -37.5000    7.500011595.1582   20.0838
    7.5000  -37.5000    7.500011142.7480   20.0632
   -7.5000  -30.0000    7.500012270.1523   19.8919
    0.0000  -30.0000    7.500012766.4004   19.8745
    7.5000  -30.0000    7.500012288.1035   19.8503
   -7.5000  -22.5000    7.500013407.8887   19.7580
    0.0000  -22.5000    7.500013901.1865   19.7363
    7.5000  -22.5000    7.500013457.6816   19.7109
   -7.5000  -15.0000    7.500014593.7939   19.7291
    0.0000  -15.0000    7.500015080.0049   19.7004
    7.5000  -15.0000    7.500014630.2637   19.6783
   -7.5000   -7.5000    7.500015496.5703   19.7318
    0.0000   -7.5000    7.500015983.0195   19.6993
    7.5000   -7.5000    7.500015500.2402   19.6816
   -7.5000    0.0000    7.500016201.5801   19.7150
    0.0000    0.0000    7.500016706.1348   19.6852
    7.5000    0.0000    7.500016144.4902   19.6678
   -7.5000    7.5000    7.500015857.7861   19.6889
    0.0000    7.5000    7.500016394.5938   19.6672
    7.5000    7.5000    7.500015650.2246   19.6466
   -7.5000   15.0000    7.500015355.0146   19.6804
    0.0000   15.0000    7.500015814.3789   19.6633
    7.5000   15.0000    7.500015132.1113   19.6391
   -7.5000   22.5000    7.500014549.6475   19.6929
    0.0000   22.5000    7.500014869.5244   19.6714
    7.5000   22.5000    7.500014258.7480   19.6460
   -7.5000   30.0000    7.500013549.5107   19.4718
    0.0000   30.0000    7.500013813.3262   19.4435
    7.5000   30.0000    7.500013218.7061   19.4217
   -7.5000   37.5000    7.500012861.0400   19.4789
    0.0000   37.5000    7.500013154.3613   19.4468
    7.5000   37.5000    7.500012590.3945   19.4294
   -7.5000   45.0000    7.500011700.4346   19.3131
    0.0000   45.0000    7.500012064.5723   19.2812
    7.5000   45.0000    7.500011520.8857   19.2619
   -7.5000  -45.0000   15.0000 9921.0410   20.4789
    0.0000  -45.0000   15.000010336.1963   20.4389
    7.5000  -45.0000   15.0000 9916.2041   20.4122
   -7.5000  -37.5000   15.000010631.0898   20.0973
    0.0000  -37.5000   15.000011098.0020   20.0710
    7.5000  -37.5000   15.000010606.7119   20.0458
   -7.5000  -30.0000   15.000011735.1973   19.8705
    0.0000  -30.0000   15.000012253.5654   19.8517
    7.5000  -30.0000   15.000011719.3037   19.8256
   -7.5000  -22.5000   15.000012844.4326   19.7438
    0.0000  -22.5000   15.000013367.4375   19.7208
    7.5000  -22.5000   15.000012858.9980   19.6919
   -7.5000  -15.0000   15.000013994.1465   19.7328
    0.0000  -15.0000   15.000014495.9834   19.7013
    7.5000  -15.0000   15.000014011.6221   19.6719
   -7.5000   -7.5000   15.000014874.4170   19.7442
    0.0000   -7.5000   15.000015347.7168   19.7073
    7.5000   -7.5000   15.000014876.1396   19.6806
   -7.5000    0.0000   15.000015525.2158   19.7203
    0.0000    0.0000   15.000015972.6348   19.6859
    7.5000    0.0000   15.000015503.1328   19.6611
   -7.5000    7.5000   15.000015068.0508   19.6778
    0.0000    7.5000   15.000015544.7900   19.6532
    7.5000    7.5000   15.000015018.4766   19.6287
   -7.5000   15.0000   15.000014508.0674   19.6587
    0.0000   15.0000   15.000014973.8037   19.6403
    7.5000   15.0000   15.000014465.9150   19.6143
   -7.5000   22.5000   15.000013829.8047   19.6788
    0.0000   22.5000   15.000014232.6123   19.6560
    7.5000   22.5000   15.000013696.5244   19.6271
   -7.5000   30.0000   15.000012989.5488   19.4756
    0.0000   30.0000   15.000013369.1260   19.4444
    7.5000   30.0000   15.000012734.7344   19.4154
   -7.5000   37.5000   15.000012349.5811   19.4912
    0.0000   37.5000   15.000012735.9590   19.4548
    7.5000   37.5000   15.000012097.3281   19.4286
   -7.5000   45.0000   15.000011194.2627   19.3192
    0.0000   45.0000   15.000011604.3779   19.2840
    7.5000   45.0000   15.000011031.5459   19.2584
   -7.5000  -45.0000   22.5000 9455.2021   20.4606
    0.0000  -45.0000   22.5000 9841.1836   20.4156
    7.5000  -45.0000   22.5000 9435.1172   20.3903
   -7.5000  -37.5000   22.500010118.2490   20.0714
    0.0000  -37.5000   22.500010545.1553   20.0411
    7.5000  -37.5000   22.500010098.3701   20.0201
   -7.5000  -30.0000   22.500011145.3809   19.8388
    0.0000  -30.0000   22.500011614.4170   19.8153
    7.5000  -30.0000   22.500011156.3525   19.7939
   -7.5000  -22.5000   22.500012238.7285   19.7117
    0.0000  -22.5000   22.500012733.1582   19.6825
    7.5000  -22.5000   22.500012277.0264   19.6570
   -7.5000  -15.0000   22.500013384.6133   19.7067
    0.0000  -15.0000   22.500013922.2734   19.6683
    7.5000  -15.0000   22.500013409.1621   19.6407
   -7.5000   -7.5000   22.500014217.0381   19.7239
    0.0000   -7.5000   22.500014784.7344   19.6813
    7.5000   -7.5000   22.500014237.1357   19.6562
   -7.5000    0.0000   22.500014799.4648   19.6997
    0.0000    0.0000   22.500015415.7979   19.6613
    7.5000    0.0000   22.500014826.6504   19.6393
   -7.5000    7.5000   22.500014291.9316   19.6514
    0.0000    7.5000   22.500014888.9795   19.6229
    7.5000    7.5000   22.500014262.8389   19.6029
   -7.5000   15.0000   22.500013672.5908   19.6264
    0.0000   15.0000   22.500014194.4443   19.6033
    7.5000   15.0000   22.500013596.4053   19.5821
   -7.5000   22.5000   22.500012967.5693   19.6468
    0.0000   22.5000   22.500013423.4912   19.6177
    7.5000   22.5000   22.500012823.2363   19.5922
   -7.5000   30.0000   22.500012157.3545   19.4498
    0.0000   30.0000   22.500012587.8203   19.4119
    7.5000   30.0000   22.500011932.6553   19.3846
   -7.5000   37.5000   22.500011568.9844   19.4714
    0.0000   37.5000   22.500011992.6670   19.4294
    7.5000   37.5000   22.500011377.3262   19.4048
   -7.5000   45.0000   22.500010526.6660   19.3009
    0.0000   45.0000   22.500010956.9746   19.2622
    7.5000   45.0000   22.500010413.6309   19.2402
   -7.5000  -45.0000   30.0000 8966.3760   20.4384
    0.0000  -45.0000   30.0000 9310.7725   20.3922
    7.5000  -45.0000   30.0000 8929.5928   20.3757
   -7.5000  -37.5000   30.0000 9552.1387   20.0613
    0.0000  -37.5000   30.0000 9947.3564   20.0293
    7.5000  -37.5000   30.0000 9541.2188   20.0153
   -7.5000  -30.0000   30.000010503.5127   19.8344
    0.0000  -30.0000   30.000010959.5459   19.8071
    7.5000  -30.0000   30.000010521.0342   19.7910
   -7.5000  -22.5000   30.000011549.1836   19.6991
    0.0000  -22.5000   30.000012044.9150   19.6647
    7.5000  -22.5000   30.000011574.3721   19.6450
   -7.5000  -15.0000   30.000012646.6660   19.6822
    0.0000  -15.0000   30.000013186.9326   19.6389
    7.5000  -15.0000   30.000012639.1641   19.6191
   -7.5000   -7.5000   30.000013417.8750   19.6966
    0.0000   -7.5000   30.000013982.0410   19.6512
    7.5000   -7.5000   30.000013364.0381   19.6354
   -7.5000    0.0000   30.000013931.9219   19.6798
    0.0000    0.0000   30.000014517.9316   19.6399
    7.5000    0.0000   30.000013867.1377   19.6268
   -7.5000    7.5000   30.000013397.2725   19.6420
    0.0000    7.5000   30.000013907.0293   19.6115
    7.5000    7.5000   30.000013304.6338   19.5982
   -7.5000   15.0000   30.000012732.7168   19.6216
    0.0000   15.0000   30.000013179.6250   19.5946
    7.5000   15.0000   30.000012615.3271   19.5787
   -7.5000   22.5000   30.000011997.2256   19.6341
    0.0000   22.5000   30.000012397.7627   19.6000
    7.5000   22.5000   30.000011877.4053   19.5802
   -7.5000   30.0000   30.000011211.7363   19.4256
    0.0000   30.0000   30.000011603.5186   19.3828
    7.5000   30.0000   30.000011044.1006   19.3633
   -7.5000   37.5000   30.000010711.3057   19.4447
    0.0000   37.5000   30.000011119.6074   19.3999
    7.5000   37.5000   30.000010575.8760   19.3845
   -7.5000   45.0000   30.0000 9796.2666   19.2828
    0.0000   45.0000   30.000010188.7539   19.2420
    7.5000   45.0000   30.0000 9733.9414   19.2286
   -7.5000  -45.0000   37.5000 8775.3545   20.5465
    0.0000  -45.0000   37.5000 9125.1533   20.5058
    7.5000  -45.0000   37.5000 8750.4209   20.4987
   -7.5000  -37.5000   37.5000 9333.7188   20.1876
    0.0000  -37.5000   37.5000 9717.8291   20.1588
    7.5000  -37.5000   37.5000 9312.5947   20.1499
   -7.5000  -30.0000   37.500010254.6377   19.9713
    0.0000  -30.0000   37.500010701.1484   19.9456
    7.5000  -30.0000   37.500010252.1553   19.9319
   -7.5000  -22.5000   37.500011259.6279   19.8259
    0.0000  -22.5000   37.500011729.4668   19.7933
    7.5000  -22.5000   37.500011223.7236   19.7783
   -7.5000  -15.0000   37.500012280.7900   19.7887
    0.0000  -15.0000   37.500012786.6680   19.7485
    7.5000  -15.0000   37.500012218.7520   19.7375
   -7.5000   -7.5000   37.500012955.6309   19.7936
    0.0000   -7.5000   37.500013484.3281   19.7525
    7.5000   -7.5000   37.500012889.5918   19.7466
   -7.5000    0.0000   37.500013426.6357   19.7847
    0.0000    0.0000   37.500013981.4121   19.7491
    7.5000    0.0000   37.500013354.9971   19.7439
   -7.5000    7.5000   37.500012888.0332   19.7651
    0.0000    7.5000   37.500013397.7178   19.7374
    7.5000    7.5000   37.500012803.6104   19.7285
   -7.5000   15.0000   37.500012227.8779   19.7564
    0.0000   15.0000   37.500012678.8467   19.7310
    7.5000   15.0000   37.500012133.9502   19.7173
   -7.5000   22.5000   37.500011489.8916   19.7603
    0.0000   22.5000   37.500011899.9004   19.7279
    7.5000   22.5000   37.500011408.5723   19.7128
   -7.5000   30.0000   37.500010687.8623   19.5307
    0.0000   30.0000   37.500011078.9082   19.4910
    7.5000   30.0000   37.500010593.1895   19.4801
   -7.5000   37.5000   37.500010223.7656   19.5403
    0.0000   37.5000   37.500010628.7070   19.4998
    7.5000   37.5000   37.500010155.9629   19.4941
   -7.5000   45.0000   37.5000 9410.5576   19.3866
    0.0000   45.0000   37.5000 9801.0176   19.3489
    7.5000   45.0000   37.5000 9366.5781   19.3423
   -7.5000  -45.0000   45.0000 8149.3032   20.6866
    0.0000  -45.0000   45.0000 8470.4297   20.6528
    7.5000  -45.0000   45.0000 8112.4697   20.6465
   -7.5000  -37.5000   45.0000 8668.9355   20.3290
    0.0000  -37.5000   45.0000 9019.4189   20.3057
    7.5000  -37.5000   45.0000 8628.4707   20.2945
   -7.5000  -30.0000   45.0000 9522.8262   20.1163
    0.0000  -30.0000   45.0000 9921.5049   20.0955
    7.5000  -30.0000   45.0000 9495.9629   20.0781
   -7.5000  -22.5000   45.000010418.4873   19.9705
    0.0000  -22.5000   45.000010844.9863   19.9434
    7.5000  -22.5000   45.000010381.3057   19.9251
   -7.5000  -15.0000   45.000011362.0215   19.9266
    0.0000  -15.0000   45.000011839.8672   19.8930
    7.5000  -15.0000   45.000011282.5742   19.8807
   -7.5000   -7.5000   45.000011931.4434   19.9240
    0.0000   -7.5000   45.000012429.9932   19.8896
    7.5000   -7.5000   45.000011876.1357   19.8835
   -7.5000    0.0000   45.000012339.6729   19.9136
    0.0000    0.0000   45.000012856.4805   19.8840
    7.5000    0.0000   45.000012280.1152   19.8781
   -7.5000    7.5000   45.000011836.6797   19.8996
    0.0000    7.5000   45.000012318.6211   19.8773
    7.5000    7.5000   45.000011791.1338   19.8657
   -7.5000   15.0000   45.000011206.5332   19.8982
    0.0000   15.0000   45.000011647.9619   19.8778
    7.5000   15.0000   45.000011171.3096   19.8601
   -7.5000   22.5000   45.000010516.2178   19.9036
    0.0000   22.5000   45.000010912.0928   19.8767
    7.5000   22.5000   45.000010482.6299   19.8584
   -7.5000   30.0000   45.0000 9763.2646   19.6650
    0.0000   30.0000   45.000010133.5918   19.6319
    7.5000   30.0000   45.0000 9709.3193   19.6197
   -7.5000   37.5000   45.0000 9334.7305   19.6671
    0.0000   37.5000   45.0000 9711.3682   19.6332
    7.5000   37.5000   45.0000 9288.4678   19.6273
   -7.5000   45.0000   45.0000 8618.3486   19.5234
    0.0000   45.0000   45.0000 8967.6914   19.4908
    7.5000   45.0000   45.0000 8571.6973   19.4826

---------------------------------------------------------------------
imgreg_4dfp /opt/freesurfer/average/711-2C_as_mni_average_305 /opt/freesurfer/average/711-2B_as_mni_average_305_mask talsrcimg_g11 none talsrcimg_to_711-2C_as_mni_average_305_t4 4355
---------------------------------------------------------------------

freesurfer imgreg_4dfp.c
/opt/freesurfer/average/711-2C_as_mni_average_305.4dfp.img
       256       256       256         1
  1.000000  1.000000  1.000000
orientation T byte_order littleendian
Reading image: /opt/freesurfer/average/711-2C_as_mni_average_305.4dfp.img
dimensions:      256       256       256
mmppix:       1.0000   -1.0000   -1.0000
center:     128.0000 -129.0000 -129.0000
/opt/freesurfer/average/711-2B_as_mni_average_305_mask.4dfp.img
       256       256       256         1
  1.000000  1.000000  1.000000
orientation T byte_order littleendian
Reading mask: /opt/freesurfer/average/711-2B_as_mni_average_305_mask.4dfp.img (2306576 pixels)
talsrcimg_g11.4dfp.img
       256       256       256         1
  1.000000  1.000000  1.000000
orientation T byte_order littleendian
Reading image: talsrcimg_g11.4dfp.img
dimensions:      256       256       256
mmppix:       1.0000   -1.0000   -1.0000
center:     128.0000 -129.0000 -129.0000
rotation matrix determinant  1.000000
image alignment mode   4355 decimal     1103 hex
   -7.5000  -45.0000  -45.0000 2069.5923   24.5168
    0.0000  -45.0000  -45.0000 2084.8813   24.2451
    7.5000  -45.0000  -45.0000 2053.2976   24.4813
   -7.5000  -37.5000  -45.0000 2089.4001   23.2915
    0.0000  -37.5000  -45.0000 2107.6675   23.0409
    7.5000  -37.5000  -45.0000 2084.8901   23.2657
   -7.5000  -30.0000  -45.0000 2107.7957   22.4112
    0.0000  -30.0000  -45.0000 2125.3748   22.1765
    7.5000  -30.0000  -45.0000 2113.7954   22.4095
   -7.5000  -22.5000  -45.0000 2128.4058   21.9785
    0.0000  -22.5000  -45.0000 2149.8765   21.7291
    7.5000  -22.5000  -45.0000 2131.8931   21.9406
   -7.5000  -15.0000  -45.0000 2159.2927   21.5811
    0.0000  -15.0000  -45.0000 2178.7415   21.4349
    7.5000  -15.0000  -45.0000 2160.8438   21.5162
   -7.5000   -7.5000  -45.0000 2196.4504   21.3394
    0.0000   -7.5000  -45.0000 2214.2571   21.2447
    7.5000   -7.5000  -45.0000 2201.4368   21.3020
   -7.5000    0.0000  -45.0000 2222.7083   21.1858
    0.0000    0.0000  -45.0000 2237.9873   21.0990
    7.5000    0.0000  -45.0000 2227.0591   21.1714
   -7.5000    7.5000  -45.0000 2226.8184   21.1692
    0.0000    7.5000  -45.0000 2246.4448   21.0788
    7.5000    7.5000  -45.0000 2229.1990   21.1020
   -7.5000   15.0000  -45.0000 2215.6123   21.1846
    0.0000   15.0000  -45.0000 2243.9319   21.0505
    7.5000   15.0000  -45.0000 2222.0933   21.1549
   -7.5000   22.5000  -45.0000 2192.4355   21.3832
    0.0000   22.5000  -45.0000 2223.0359   21.1711
    7.5000   22.5000  -45.0000 2209.2356   21.3187
   -7.5000   30.0000  -45.0000 2174.6665   21.7444
    0.0000   30.0000  -45.0000 2204.7681   21.5356
    7.5000   30.0000  -45.0000 2189.2029   21.6479
   -7.5000   37.5000  -45.0000 2155.7212   22.5217
    0.0000   37.5000  -45.0000 2181.7439   22.2643
    7.5000   37.5000  -45.0000 2159.0984   22.4617
   -7.5000   45.0000  -45.0000 2116.8425   23.8156
    0.0000   45.0000  -45.0000 2141.1296   23.5098
    7.5000   45.0000  -45.0000 2115.8369   23.7348
   -7.5000  -45.0000  -37.5000 2148.7197   22.4784
    0.0000  -45.0000  -37.5000 2160.6880   22.2649
    7.5000  -45.0000  -37.5000 2137.3809   22.4607
   -7.5000  -37.5000  -37.5000 2172.0186   21.2798
    0.0000  -37.5000  -37.5000 2186.6167   21.0238
    7.5000  -37.5000  -37.5000 2170.8584   21.2133
   -7.5000  -30.0000  -37.5000 2201.1279   20.4503
    0.0000  -30.0000  -37.5000 2219.9805   20.2231
    7.5000  -30.0000  -37.5000 2204.7234   20.3855
   -7.5000  -22.5000  -37.5000 2225.6106   19.9867
    0.0000  -22.5000  -37.5000 2250.9988   19.8017
    7.5000  -22.5000  -37.5000 2231.8872   19.9746
   -7.5000  -15.0000  -37.5000 2265.0557   19.6812
    0.0000  -15.0000  -37.5000 2288.4595   19.5657
    7.5000  -15.0000  -37.5000 2267.3367   19.6083
   -7.5000   -7.5000  -37.5000 2303.1301   19.4543
    0.0000   -7.5000  -37.5000 2322.3198   19.3771
    7.5000   -7.5000  -37.5000 2306.3674   19.4080
   -7.5000    0.0000  -37.5000 2325.4971   19.2657
    0.0000    0.0000  -37.5000 2344.9651   19.2299
    7.5000    0.0000  -37.5000 2326.1638   19.2328
   -7.5000    7.5000  -37.5000 2330.6055   19.2803
    0.0000    7.5000  -37.5000 2357.2915   19.2141
    7.5000    7.5000  -37.5000 2340.3103   19.1993
   -7.5000   15.0000  -37.5000 2324.1465   19.4230
    0.0000   15.0000  -37.5000 2353.1375   19.3362
    7.5000   15.0000  -37.5000 2332.5115   19.2989
   -7.5000   22.5000  -37.5000 2304.3242   19.7144
    0.0000   22.5000  -37.5000 2335.8264   19.5953
    7.5000   22.5000  -37.5000 2318.5183   19.5836
   -7.5000   30.0000  -37.5000 2277.4937   20.0511
    0.0000   30.0000  -37.5000 2304.6045   19.9806
    7.5000   30.0000  -37.5000 2291.2107   19.9883
   -7.5000   37.5000  -37.5000 2253.5674   20.7362
    0.0000   37.5000  -37.5000 2278.5942   20.5962
    7.5000   37.5000  -37.5000 2258.7119   20.7190
   -7.5000   45.0000  -37.5000 2210.0718   21.8610
    0.0000   45.0000  -37.5000 2239.3433   21.6883
    7.5000   45.0000  -37.5000 2214.2935   21.8417
   -7.5000  -45.0000  -30.0000 2261.2646   21.4845
    0.0000  -45.0000  -30.0000 2269.1748   21.2017
    7.5000  -45.0000  -30.0000 2252.4800   21.4157
   -7.5000  -37.5000  -30.0000 2288.1355   20.1939
    0.0000  -37.5000  -30.0000 2305.5940   19.9733
    7.5000  -37.5000  -30.0000 2286.4719   20.2014
   -7.5000  -30.0000  -30.0000 2325.3472   19.3296
    0.0000  -30.0000  -30.0000 2345.1421   19.1625
    7.5000  -30.0000  -30.0000 2326.7517   19.3371
   -7.5000  -22.5000  -30.0000 2365.7092   18.8720
    0.0000  -22.5000  -30.0000 2386.8843   18.7401
    7.5000  -22.5000  -30.0000 2368.6370   18.8316
   -7.5000  -15.0000  -30.0000 2406.2102   18.6010
    0.0000  -15.0000  -30.0000 2426.8677   18.5089
    7.5000  -15.0000  -30.0000 2404.7664   18.5384
   -7.5000   -7.5000  -30.0000 2441.3367   18.3465
    0.0000   -7.5000  -30.0000 2461.3596   18.2692
    7.5000   -7.5000  -30.0000 2442.7178   18.3182
   -7.5000    0.0000  -30.0000 2460.5212   18.1779
    0.0000    0.0000  -30.0000 2488.3003   18.1161
    7.5000    0.0000  -30.0000 2464.3845   18.1349
   -7.5000    7.5000  -30.0000 2471.4163   18.1512
    0.0000    7.5000  -30.0000 2499.4812   18.1154
    7.5000    7.5000  -30.0000 2486.1868   18.1137
   -7.5000   15.0000  -30.0000 2469.8723   18.3107
    0.0000   15.0000  -30.0000 2500.4465   18.3055
    7.5000   15.0000  -30.0000 2482.0725   18.2811
   -7.5000   22.5000  -30.0000 2463.6985   18.6709
    0.0000   22.5000  -30.0000 2495.1902   18.6629
    7.5000   22.5000  -30.0000 2475.5518   18.5755
   -7.5000   30.0000  -30.0000 2435.5703   19.1119
    0.0000   30.0000  -30.0000 2463.7957   19.0706
    7.5000   30.0000  -30.0000 2446.7297   19.0713
   -7.5000   37.5000  -30.0000 2403.4031   19.7721
    0.0000   37.5000  -30.0000 2428.9314   19.7268
    7.5000   37.5000  -30.0000 2405.9106   19.7843
   -7.5000   45.0000  -30.0000 2350.5769   20.9120
    0.0000   45.0000  -30.0000 2380.1150   20.8313
    7.5000   45.0000  -30.0000 2351.1138   20.8944
   -7.5000  -45.0000  -22.5000 2344.5293   20.4528
    0.0000  -45.0000  -22.5000 2356.5918   20.1610
    7.5000  -45.0000  -22.5000 2342.6177   20.4010
   -7.5000  -37.5000  -22.5000 2382.7280   19.1877
    0.0000  -37.5000  -22.5000 2397.6147   18.9488
    7.5000  -37.5000  -22.5000 2380.0039   19.1934
   -7.5000  -30.0000  -22.5000 2423.2891   18.2674
    0.0000  -30.0000  -22.5000 2441.2271   18.0951
    7.5000  -30.0000  -22.5000 2420.9839   18.3131
   -7.5000  -22.5000  -22.5000 2473.9158   17.8306
    0.0000  -22.5000  -22.5000 2492.2090   17.6394
    7.5000  -22.5000  -22.5000 2465.0444   17.7404
   -7.5000  -15.0000  -22.5000 2511.7256   17.4989
    0.0000  -15.0000  -22.5000 2529.3694   17.3462
    7.5000  -15.0000  -22.5000 2511.1665   17.4020
   -7.5000   -7.5000  -22.5000 2549.6321   17.2188
    0.0000   -7.5000  -22.5000 2571.4468   17.0880
    7.5000   -7.5000  -22.5000 2548.5312   17.1348
   -7.5000    0.0000  -22.5000 2568.7163   17.0414
    0.0000    0.0000  -22.5000 2598.5476   16.9542
    7.5000    0.0000  -22.5000 2578.4045   17.0050
   -7.5000    7.5000  -22.5000 2577.4255   16.9656
    0.0000    7.5000  -22.5000 2611.5549   16.9034
    7.5000    7.5000  -22.5000 2597.9932   16.9643
   -7.5000   15.0000  -22.5000 2595.7854   17.1548
    0.0000   15.0000  -22.5000 2625.4441   17.1627
    7.5000   15.0000  -22.5000 2601.1536   17.1861
   -7.5000   22.5000  -22.5000 2595.2854   17.5468
    0.0000   22.5000  -22.5000 2620.5034   17.5099
    7.5000   22.5000  -22.5000 2599.1609   17.4791
   -7.5000   30.0000  -22.5000 2573.5154   18.0229
    0.0000   30.0000  -22.5000 2601.4990   18.0026
    7.5000   30.0000  -22.5000 2570.7092   17.9516
   -7.5000   37.5000  -22.5000 2532.8748   18.7518
    0.0000   37.5000  -22.5000 2564.3374   18.7125
    7.5000   37.5000  -22.5000 2529.0261   18.7268
   -7.5000   45.0000  -22.5000 2478.7200   19.8106
    0.0000   45.0000  -22.5000 2506.8530   19.7796
    7.5000   45.0000  -22.5000 2469.1465   19.8091
   -7.5000  -45.0000  -15.0000 2398.4546   19.6639
    0.0000  -45.0000  -15.0000 2404.2874   19.3175
    7.5000  -45.0000  -15.0000 2400.7163   19.6260
   -7.5000  -37.5000  -15.0000 2441.1101   18.4005
    0.0000  -37.5000  -15.0000 2454.5718   18.1182
    7.5000  -37.5000  -15.0000 2446.9727   18.4188
   -7.5000  -30.0000  -15.0000 2484.3516   17.4307
    0.0000  -30.0000  -15.0000 2502.2913   17.1779
    7.5000  -30.0000  -15.0000 2489.4680   17.4410
   -7.5000  -22.5000  -15.0000 2538.3474   16.9091
    0.0000  -22.5000  -15.0000 2557.0925   16.6655
    7.5000  -22.5000  -15.0000 2538.1355   16.8216
   -7.5000  -15.0000  -15.0000 2574.8103   16.4955
    0.0000  -15.0000  -15.0000 2597.0593   16.2972
    7.5000  -15.0000  -15.0000 2586.6599   16.4113
   -7.5000   -7.5000  -15.0000 2615.8882   16.1828
    0.0000   -7.5000  -15.0000 2641.5405   16.0369
    7.5000   -7.5000  -15.0000 2626.4783   16.1429
   -7.5000    0.0000  -15.0000 2646.5737   15.9839
    0.0000    0.0000  -15.0000 2676.8611   15.8714
    7.5000    0.0000  -15.0000 2656.5022   15.9610
   -7.5000    7.5000  -15.0000 2668.3191   15.9420
    0.0000    7.5000  -15.0000 2697.2380   15.8578
    7.5000    7.5000  -15.0000 2684.3359   15.9497
   -7.5000   15.0000  -15.0000 2688.0720   16.1343
    0.0000   15.0000  -15.0000 2716.3264   16.0800
    7.5000   15.0000  -15.0000 2686.9897   16.1145
   -7.5000   22.5000  -15.0000 2702.7371   16.4685
    0.0000   22.5000  -15.0000 2729.9707   16.4494
    7.5000   22.5000  -15.0000 2691.0530   16.4464
   -7.5000   30.0000  -15.0000 2684.6855   16.9584
    0.0000   30.0000  -15.0000 2713.7568   16.9283
    7.5000   30.0000  -15.0000 2671.1638   16.9374
   -7.5000   37.5000  -15.0000 2641.0842   17.7072
    0.0000   37.5000  -15.0000 2674.4827   17.6812
    7.5000   37.5000  -15.0000 2630.8145   17.7081
   -7.5000   45.0000  -15.0000 2576.1284   18.7470
    0.0000   45.0000  -15.0000 2595.7886   18.7142
    7.5000   45.0000  -15.0000 2559.2424   18.7796
   -7.5000  -45.0000   -7.5000 2436.6548   19.0322
    0.0000  -45.0000   -7.5000 2448.3142   18.7319
    7.5000  -45.0000   -7.5000 2442.8894   19.0459
   -7.5000  -37.5000   -7.5000 2487.0745   17.8283
    0.0000  -37.5000   -7.5000 2503.9890   17.5217
    7.5000  -37.5000   -7.5000 2494.3132   17.8507
   -7.5000  -30.0000   -7.5000 2533.0361   16.8364
    0.0000  -30.0000   -7.5000 2549.2834   16.5428
    7.5000  -30.0000   -7.5000 2539.8960   16.8451
   -7.5000  -22.5000   -7.5000 2580.5015   16.1678
    0.0000  -22.5000   -7.5000 2599.3425   15.8783
    7.5000  -22.5000   -7.5000 2587.3042   16.1269
   -7.5000  -15.0000   -7.5000 2617.4651   15.6901
    0.0000  -15.0000   -7.5000 2639.5720   15.4396
    7.5000  -15.0000   -7.5000 2627.6301   15.6737
   -7.5000   -7.5000   -7.5000 2661.1765   15.3250
    0.0000   -7.5000   -7.5000 2687.2634   15.1497
    7.5000   -7.5000   -7.5000 2670.0352   15.3392
   -7.5000    0.0000   -7.5000 2702.7561   15.1143
    0.0000    0.0000   -7.5000 2734.5591   14.9773
    7.5000    0.0000   -7.5000 2709.9941   15.1538
   -7.5000    7.5000   -7.5000 2743.8062   15.1026
    0.0000    7.5000   -7.5000 2775.0535   14.9846
    7.5000    7.5000   -7.5000 2750.7380   15.1410
   -7.5000   15.0000   -7.5000 2770.9126   15.2821
    0.0000   15.0000   -7.5000 2807.4873   15.1915
    7.5000   15.0000   -7.5000 2770.4697   15.3018
   -7.5000   22.5000   -7.5000 2792.3599   15.6041
    0.0000   22.5000   -7.5000 2827.2900   15.5371
    7.5000   22.5000   -7.5000 2776.1135   15.6178
   -7.5000   30.0000   -7.5000 2778.7673   16.0979
    0.0000   30.0000   -7.5000 2811.9314   16.0042
    7.5000   30.0000   -7.5000 2759.5088   16.1046
   -7.5000   37.5000   -7.5000 2728.6011   16.7604
    0.0000   37.5000   -7.5000 2754.5125   16.6788
    7.5000   37.5000   -7.5000 2715.4751   16.8145
   -7.5000   45.0000   -7.5000 2650.2510   17.7252
    0.0000   45.0000   -7.5000 2669.1467   17.6525
    7.5000   45.0000   -7.5000 2634.5938   17.8131
   -7.5000  -45.0000    0.0000 2467.8184   18.5901
    0.0000  -45.0000    0.0000 2477.6013   18.3240
    7.5000  -45.0000    0.0000 2468.9514   18.6695
   -7.5000  -37.5000    0.0000 2524.9258   17.3992
    0.0000  -37.5000    0.0000 2541.1562   17.1249
    7.5000  -37.5000    0.0000 2529.3303   17.4873
   -7.5000  -30.0000    0.0000 2565.4451   16.4139
    0.0000  -30.0000    0.0000 2585.8337   16.1046
    7.5000  -30.0000    0.0000 2572.7612   16.4097
   -7.5000  -22.5000    0.0000 2601.7090   15.6217
    0.0000  -22.5000    0.0000 2626.4956   15.3539
    7.5000  -22.5000    0.0000 2612.1306   15.6667
   -7.5000  -15.0000    0.0000 2638.4954   15.1384
    0.0000  -15.0000    0.0000 2664.1726   14.8661
    7.5000  -15.0000    0.0000 2648.4531   15.1844
   -7.5000   -7.5000    0.0000 2684.8572   14.8066
    0.0000   -7.5000    0.0000 2710.9829   14.5170
    7.5000   -7.5000    0.0000 2693.8315   14.8377
   -7.5000    0.0000    0.0000 2732.3894   14.5789
    0.0000    0.0000    0.0000 2765.1223   14.3386
    7.5000    0.0000    0.0000 2737.0435   14.6504
   -7.5000    7.5000    0.0000 2784.1187   14.5575
    0.0000    7.5000    0.0000 2820.5105   14.3698
    7.5000    7.5000    0.0000 2788.9075   14.6189
   -7.5000   15.0000    0.0000 2832.8394   14.7699
    0.0000   15.0000    0.0000 2876.0972   14.5982
    7.5000   15.0000    0.0000 2829.6658   14.8085
   -7.5000   22.5000    0.0000 2867.9998   15.0543
    0.0000   22.5000    0.0000 2913.6597   14.8485
    7.5000   22.5000    0.0000 2848.0310   15.1159
   -7.5000   30.0000    0.0000 2856.9546   15.5094
    0.0000   30.0000    0.0000 2896.1616   15.3219
    7.5000   30.0000    0.0000 2830.3572   15.5902
   -7.5000   37.5000    0.0000 2792.1030   16.1457
    0.0000   37.5000    0.0000 2814.7371   15.9827
    7.5000   37.5000    0.0000 2774.4180   16.2491
   -7.5000   45.0000    0.0000 2701.1050   17.0682
    0.0000   45.0000    0.0000 2719.2798   16.9289
    7.5000   45.0000    0.0000 2687.8943   17.1845
   -7.5000  -45.0000    7.5000 2467.1458   18.3037
    0.0000  -45.0000    7.5000 2482.6218   18.0830
    7.5000  -45.0000    7.5000 2475.3984   18.4268
   -7.5000  -37.5000    7.5000 2539.9333   17.1245
    0.0000  -37.5000    7.5000 2561.7563   16.8421
    7.5000  -37.5000    7.5000 2541.8953   17.1820
   -7.5000  -30.0000    7.5000 2590.3179   16.0511
    0.0000  -30.0000    7.5000 2610.9861   15.7574
    7.5000  -30.0000    7.5000 2589.8640   16.0740
   -7.5000  -22.5000    7.5000 2617.4983   15.2812
    0.0000  -22.5000    7.5000 2644.1892   14.9789
    7.5000  -22.5000    7.5000 2633.0378   15.3231
   -7.5000  -15.0000    7.5000 2650.9304   14.8186
    0.0000  -15.0000    7.5000 2673.3145   14.5140
    7.5000  -15.0000    7.5000 2661.9829   14.8828
   -7.5000   -7.5000    7.5000 2695.5232   14.4791
    0.0000   -7.5000    7.5000 2717.8467   14.1827
    7.5000   -7.5000    7.5000 2700.4192   14.5295
   -7.5000    0.0000    7.5000 2745.4985   14.2515
    0.0000    0.0000    7.5000 2775.9014   13.9880
    7.5000    0.0000    7.5000 2745.2424   14.3478
   -7.5000    7.5000    7.5000 2805.2717   14.2359
    0.0000    7.5000    7.5000 2838.1399   13.9994
    7.5000    7.5000    7.5000 2801.7732   14.3260
   -7.5000   15.0000    7.5000 2858.8093   14.4877
    0.0000   15.0000    7.5000 2899.0618   14.2724
    7.5000   15.0000    7.5000 2859.8735   14.5662
   -7.5000   22.5000    7.5000 2924.0894   14.8121
    0.0000   22.5000    7.5000 2971.0776   14.5071
    7.5000   22.5000    7.5000 2890.4307   14.9516
   -7.5000   30.0000    7.5000 2927.0525   15.2592
    0.0000   30.0000    7.5000 2959.7639   14.9504
    7.5000   30.0000    7.5000 2879.5305   15.4616
   -7.5000   37.5000    7.5000 2837.0691   15.9717
    0.0000   37.5000    7.5000 2860.2192   15.7369
    7.5000   37.5000    7.5000 2810.9678   16.1262
   -7.5000   45.0000    7.5000 2725.5632   16.8193
    0.0000   45.0000    7.5000 2747.0598   16.6134
    7.5000   45.0000    7.5000 2713.0720   16.9392
   -7.5000  -45.0000   15.0000 2439.3376   18.1679
    0.0000  -45.0000   15.0000 2459.0493   17.9751
    7.5000  -45.0000   15.0000 2448.7720   18.2527
   -7.5000  -37.5000   15.0000 2519.7644   16.8993
    0.0000  -37.5000   15.0000 2537.9568   16.6810
    7.5000  -37.5000   15.0000 2515.6077   16.9594
   -7.5000  -30.0000   15.0000 2571.0376   15.8591
    0.0000  -30.0000   15.0000 2593.8999   15.6125
    7.5000  -30.0000   15.0000 2563.9604   15.8978
   -7.5000  -22.5000   15.0000 2611.7825   15.1213
    0.0000  -22.5000   15.0000 2636.2393   14.8495
    7.5000  -22.5000   15.0000 2614.2776   15.1961
   -7.5000  -15.0000   15.0000 2647.9814   14.7022
    0.0000  -15.0000   15.0000 2671.8640   14.4118
    7.5000  -15.0000   15.0000 2647.6697   14.7721
   -7.5000   -7.5000   15.0000 2694.3652   14.3873
    0.0000   -7.5000   15.0000 2717.0176   14.0751
    7.5000   -7.5000   15.0000 2690.3281   14.4785
   -7.5000    0.0000   15.0000 2741.7734   14.2166
    0.0000    0.0000   15.0000 2764.1487   13.8955
    7.5000    0.0000   15.0000 2739.4124   14.3171
   -7.5000    7.5000   15.0000 2796.5684   14.2346
    0.0000    7.5000   15.0000 2819.7263   13.9426
    7.5000    7.5000   15.0000 2793.6089   14.3178
   -7.5000   15.0000   15.0000 2848.2332   14.4265
    0.0000   15.0000   15.0000 2883.5134   14.1939
    7.5000   15.0000   15.0000 2842.6560   14.5812
   -7.5000   22.5000   15.0000 2907.4395   14.7338
    0.0000   22.5000   15.0000 2943.3418   14.4986
    7.5000   22.5000   15.0000 2873.6335   14.9343
   -7.5000   30.0000   15.0000 2911.3545   15.2652
    0.0000   30.0000   15.0000 2947.7151   15.0752
    7.5000   30.0000   15.0000 2864.6389   15.4761
   -7.5000   37.5000   15.0000 2828.7766   16.0226
    0.0000   37.5000   15.0000 2859.2390   15.8819
    7.5000   37.5000   15.0000 2800.1423   16.1658
   -7.5000   45.0000   15.0000 2712.8857   16.8221
    0.0000   45.0000   15.0000 2742.5308   16.6683
    7.5000   45.0000   15.0000 2700.6318   16.9202
   -7.5000  -45.0000   22.5000 2406.1643   18.3412
    0.0000  -45.0000   22.5000 2424.5715   18.1475
    7.5000  -45.0000   22.5000 2413.0728   18.3676
   -7.5000  -37.5000   22.5000 2477.8494   17.0081
    0.0000  -37.5000   22.5000 2497.4336   16.8312
    7.5000  -37.5000   22.5000 2476.9282   17.0993
   -7.5000  -30.0000   22.5000 2529.6194   15.9298
    0.0000  -30.0000   22.5000 2548.0564   15.7078
    7.5000  -30.0000   22.5000 2525.5720   16.0435
   -7.5000  -22.5000   22.5000 2582.1685   15.2381
    0.0000  -22.5000   22.5000 2601.2944   14.9830
    7.5000  -22.5000   22.5000 2582.5310   15.3364
   -7.5000  -15.0000   22.5000 2628.4023   14.8794
    0.0000  -15.0000   22.5000 2648.2668   14.6162
    7.5000  -15.0000   22.5000 2620.0154   14.9617
   -7.5000   -7.5000   22.5000 2674.8052   14.6185
    0.0000   -7.5000   22.5000 2698.0020   14.3838
    7.5000   -7.5000   22.5000 2665.4902   14.7093
   -7.5000    0.0000   22.5000 2728.0623   14.4925
    0.0000    0.0000   22.5000 2750.5398   14.2639
    7.5000    0.0000   22.5000 2713.8164   14.6133
   -7.5000    7.5000   22.5000 2774.9395   14.5193
    0.0000    7.5000   22.5000 2800.1528   14.3179
    7.5000    7.5000   22.5000 2761.1875   14.6223
   -7.5000   15.0000   22.5000 2817.4763   14.6631
    0.0000   15.0000   22.5000 2842.6858   14.4815
    7.5000   15.0000   22.5000 2797.9082   14.8022
   -7.5000   22.5000   22.5000 2857.5295   14.9800
    0.0000   22.5000   22.5000 2878.8262   14.8010
    7.5000   22.5000   22.5000 2826.4395   15.1389
   -7.5000   30.0000   22.5000 2854.4067   15.5443
    0.0000   30.0000   22.5000 2879.1790   15.4243
    7.5000   30.0000   22.5000 2818.0901   15.6636
   -7.5000   37.5000   22.5000 2783.2593   16.2860
    0.0000   37.5000   22.5000 2810.6804   16.1806
    7.5000   37.5000   22.5000 2757.7520   16.3582
   -7.5000   45.0000   22.5000 2674.6223   17.1460
    0.0000   45.0000   22.5000 2702.9846   17.0672
    7.5000   45.0000   22.5000 2660.4595   17.2171
   -7.5000  -45.0000   30.0000 2369.5918   18.8185
    0.0000  -45.0000   30.0000 2389.3088   18.5899
    7.5000  -45.0000   30.0000 2366.0750   18.8469
   -7.5000  -37.5000   30.0000 2433.3848   17.4240
    0.0000  -37.5000   30.0000 2456.2505   17.2224
    7.5000  -37.5000   30.0000 2431.9768   17.5315
   -7.5000  -30.0000   30.0000 2479.1394   16.3608
    0.0000  -30.0000   30.0000 2504.2676   16.1769
    7.5000  -30.0000   30.0000 2475.8816   16.5251
   -7.5000  -22.5000   30.0000 2542.6311   15.6973
    0.0000  -22.5000   30.0000 2560.7520   15.5186
    7.5000  -22.5000   30.0000 2536.0178   15.8232
   -7.5000  -15.0000   30.0000 2591.0164   15.3634
    0.0000  -15.0000   30.0000 2611.8689   15.1784
    7.5000  -15.0000   30.0000 2577.2146   15.4504
   -7.5000   -7.5000   30.0000 2638.7783   15.1549
    0.0000   -7.5000   30.0000 2661.7295   14.9563
    7.5000   -7.5000   30.0000 2621.0386   15.2409
   -7.5000    0.0000   30.0000 2686.4617   15.0221
    0.0000    0.0000   30.0000 2711.4844   14.8310
    7.5000    0.0000   30.0000 2668.8499   15.0868
   -7.5000    7.5000   30.0000 2733.8687   15.0285
    0.0000    7.5000   30.0000 2753.4363   14.8363
    7.5000    7.5000   30.0000 2710.6614   15.1236
   -7.5000   15.0000   30.0000 2766.4619   15.1578
    0.0000   15.0000   30.0000 2787.4824   14.9748
    7.5000   15.0000   30.0000 2735.0315   15.3050
   -7.5000   22.5000   30.0000 2785.2317   15.5123
    0.0000   22.5000   30.0000 2803.5356   15.3439
    7.5000   22.5000   30.0000 2760.3450   15.6446
   -7.5000   30.0000   30.0000 2769.5300   16.0813
    0.0000   30.0000   30.0000 2793.6880   15.9430
    7.5000   30.0000   30.0000 2739.2358   16.1659
   -7.5000   37.5000   30.0000 2707.6716   16.8080
    0.0000   37.5000   30.0000 2736.7971   16.6728
    7.5000   37.5000   30.0000 2680.1292   16.8612
   -7.5000   45.0000   30.0000 2607.0896   17.6978
    0.0000   45.0000   30.0000 2633.7412   17.5818
    7.5000   45.0000   30.0000 2593.4912   17.7579
   -7.5000  -45.0000   37.5000 2327.4807   19.6521
    0.0000  -45.0000   37.5000 2345.0952   19.4368
    7.5000  -45.0000   37.5000 2321.2056   19.7122
   -7.5000  -37.5000   37.5000 2388.8999   18.1673
    0.0000  -37.5000   37.5000 2405.9780   17.9994
    7.5000  -37.5000   37.5000 2382.1921   18.2609
   -7.5000  -30.0000   37.5000 2433.1284   17.0700
    0.0000  -30.0000   37.5000 2452.8958   16.9386
    7.5000  -30.0000   37.5000 2426.4731   17.2167
   -7.5000  -22.5000   37.5000 2495.0068   16.3955
    0.0000  -22.5000   37.5000 2509.0537   16.2221
    7.5000  -22.5000   37.5000 2480.3831   16.4584
   -7.5000  -15.0000   37.5000 2543.8604   16.0107
    0.0000  -15.0000   37.5000 2562.4194   15.8541
    7.5000  -15.0000   37.5000 2523.4084   16.0701
   -7.5000   -7.5000   37.5000 2587.9419   15.7761
    0.0000   -7.5000   37.5000 2613.1304   15.5994
    7.5000   -7.5000   37.5000 2570.4521   15.8271
   -7.5000    0.0000   37.5000 2634.5664   15.6907
    0.0000    0.0000   37.5000 2659.2837   15.4984
    7.5000    0.0000   37.5000 2616.5393   15.7389
   -7.5000    7.5000   37.5000 2676.4458   15.7255
    0.0000    7.5000   37.5000 2699.5042   15.5316
    7.5000    7.5000   37.5000 2649.9653   15.8037
   -7.5000   15.0000   37.5000 2702.9685   15.9149
    0.0000   15.0000   37.5000 2722.8154   15.7230
    7.5000   15.0000   37.5000 2670.4768   15.9998
   -7.5000   22.5000   37.5000 2707.9277   16.2906
    0.0000   22.5000   37.5000 2724.0269   16.1171
    7.5000   22.5000   37.5000 2682.1328   16.3752
   -7.5000   30.0000   37.5000 2679.7817   16.8513
    0.0000   30.0000   37.5000 2699.5845   16.7070
    7.5000   30.0000   37.5000 2656.6687   16.9320
   -7.5000   37.5000   37.5000 2616.4082   17.5826
    0.0000   37.5000   37.5000 2642.0535   17.4489
    7.5000   37.5000   37.5000 2597.1978   17.6634
   -7.5000   45.0000   37.5000 2530.9749   18.5265
    0.0000   45.0000   37.5000 2554.5193   18.3763
    7.5000   45.0000   37.5000 2514.7083   18.5987
   -7.5000  -45.0000   45.0000 2263.2285   20.7131
    0.0000  -45.0000   45.0000 2275.6589   20.5003
    7.5000  -45.0000   45.0000 2258.8381   20.7802
   -7.5000  -37.5000   45.0000 2330.0061   19.1926
    0.0000  -37.5000   45.0000 2340.9246   19.0228
    7.5000  -37.5000   45.0000 2319.4116   19.2195
   -7.5000  -30.0000   45.0000 2376.9219   18.0148
    0.0000  -30.0000   45.0000 2390.3091   17.8519
    7.5000  -30.0000   45.0000 2372.0232   18.0941
   -7.5000  -22.5000   45.0000 2434.2910   17.2444
    0.0000  -22.5000   45.0000 2447.6497   17.0551
    7.5000  -22.5000   45.0000 2421.4607   17.2554
   -7.5000  -15.0000   45.0000 2488.0100   16.8463
    0.0000  -15.0000   45.0000 2503.1375   16.6569
    7.5000  -15.0000   45.0000 2461.1675   16.8504
   -7.5000   -7.5000   45.0000 2530.0820   16.5916
    0.0000   -7.5000   45.0000 2548.7927   16.4167
    7.5000   -7.5000   45.0000 2506.7502   16.6057
   -7.5000    0.0000   45.0000 2565.8259   16.5007
    0.0000    0.0000   45.0000 2588.1567   16.3218
    7.5000    0.0000   45.0000 2545.7559   16.5561
   -7.5000    7.5000   45.0000 2603.7747   16.5864
    0.0000    7.5000   45.0000 2624.2163   16.4054
    7.5000    7.5000   45.0000 2578.8562   16.6654
   -7.5000   15.0000   45.0000 2618.7554   16.8273
    0.0000   15.0000   45.0000 2635.5227   16.6767
    7.5000   15.0000   45.0000 2593.4934   16.9287
   -7.5000   22.5000   45.0000 2612.2522   17.2830
    0.0000   22.5000   45.0000 2629.0300   17.1236
    7.5000   22.5000   45.0000 2593.3733   17.3455
   -7.5000   30.0000   45.0000 2583.0383   17.9113
    0.0000   30.0000   45.0000 2600.7002   17.7547
    7.5000   30.0000   45.0000 2566.6829   17.9523
   -7.5000   37.5000   45.0000 2527.0164   18.6479
    0.0000   37.5000   45.0000 2547.4929   18.4970
    7.5000   37.5000   45.0000 2511.3977   18.7044
   -7.5000   45.0000   45.0000 2450.7522   19.6099
    0.0000   45.0000   45.0000 2469.4797   19.4866
    7.5000   45.0000   45.0000 2431.5498   19.6774

---------------------------------------------------------------------
imgreg_4dfp /opt/freesurfer/average/711-2C_as_mni_average_305 /opt/freesurfer/average/711-2B_as_mni_average_305_mask talsrcimg_g11 none talsrcimg_to_711-2C_as_mni_average_305_t4 1283
---------------------------------------------------------------------

freesurfer imgreg_4dfp.c
/opt/freesurfer/average/711-2C_as_mni_average_305.4dfp.img
       256       256       256         1
  1.000000  1.000000  1.000000
orientation T byte_order littleendian
Reading image: /opt/freesurfer/average/711-2C_as_mni_average_305.4dfp.img
dimensions:      256       256       256
mmppix:       1.0000   -1.0000   -1.0000
center:     128.0000 -129.0000 -129.0000
/opt/freesurfer/average/711-2B_as_mni_average_305_mask.4dfp.img
       256       256       256         1
  1.000000  1.000000  1.000000
orientation T byte_order littleendian
Reading mask: /opt/freesurfer/average/711-2B_as_mni_average_305_mask.4dfp.img (2306576 pixels)
talsrcimg_g11.4dfp.img
       256       256       256         1
  1.000000  1.000000  1.000000
orientation T byte_order littleendian
Reading image: talsrcimg_g11.4dfp.img
dimensions:      256       256       256
mmppix:       1.0000   -1.0000   -1.0000
center:     128.0000 -129.0000 -129.0000
rotation matrix determinant  1.000000
fimgreg.f
image alignment mode   1283 decimal      503 hex
parameters
    0.0000   22.5000    7.5000    0.0000    0.0000    0.0000
eta,q 0.92930 14.49926
niter,ni,del,rscale     5    3   12.0000    1.2000
parameter  2 -0.592744 -> -0.500000 qaram    1.1500
parameter  3 -0.520330 -> -0.500000 qaram    1.1500
parameter  5 -0.546974 -> -0.500000 qaram    1.1500
parameters
   -1.2264   25.9500   10.9500    0.9508    3.4500   -1.9646
eta,q 0.93774 14.71319
  0.0803  0.0846  0.0798  0.0743  0.0813  0.0655
  0.0749  0.0791  0.0750  0.0714  0.0756  0.0625
  0.0728  0.0751  0.0722  0.0682  0.0707  0.0623
  0.0724  0.0720  0.0699  0.0671  0.0664  0.0634
  0.0755  0.0696  0.0674  0.0662  0.0638  0.0652
  0.0826  0.0696  0.0670  0.0676  0.0637  0.0681
  0.0906  0.0709  0.0697  0.0715  0.0663  0.0725
niter,ni,del,rscale     7    3   12.0000    1.2000
parameters
   -1.8126   26.4959   10.1209   -0.2124    3.1426   -1.6759
eta,q 0.93862 14.67625
  0.0756  0.0770  0.0730  0.0665  0.0737  0.0689
  0.0687  0.0728  0.0668  0.0628  0.0674  0.0639
  0.0634  0.0664  0.0621  0.0614  0.0627  0.0612
  0.0623  0.0620  0.0616  0.0612  0.0613  0.0613
  0.0664  0.0629  0.0657  0.0629  0.0644  0.0621
  0.0727  0.0676  0.0725  0.0679  0.0692  0.0636
  0.0815  0.0750  0.0782  0.0730  0.0755  0.0668
niter,ni,del,rscale     6    3   12.0000    1.2000
parameters
   -1.7823   26.5626    9.6618   -0.4434    3.1687   -1.5852
eta,q 0.93866 14.66396
  0.0775  0.0743  0.0742  0.0685  0.0747  0.0682
  0.0705  0.0703  0.0685  0.0646  0.0683  0.0633
  0.0644  0.0644  0.0630  0.0617  0.0635  0.0610
  0.0614  0.0614  0.0614  0.0613  0.0613  0.0613
  0.0636  0.0625  0.0642  0.0618  0.0636  0.0622
  0.0695  0.0677  0.0714  0.0651  0.0682  0.0637
  0.0780  0.0758  0.0778  0.0702  0.0744  0.0670
niter,ni,del,rscale     5    3   12.0000    1.2000
parameters
   -1.8037   26.4988    9.4642   -0.4715    3.1945   -1.5430
eta,q 0.93857 14.65886
  0.0772  0.0734  0.0750  0.0690  0.0745  0.0680
  0.0703  0.0694  0.0694  0.0652  0.0684  0.0632
  0.0642  0.0639  0.0637  0.0620  0.0636  0.0611
  0.0613  0.0613  0.0614  0.0614  0.0614  0.0614
  0.0635  0.0625  0.0634  0.0619  0.0636  0.0622
  0.0696  0.0678  0.0702  0.0647  0.0682  0.0637
  0.0783  0.0757  0.0772  0.0696  0.0744  0.0670
niter,ni,del,rscale     4    3   12.0000    1.2000
parameters
   -1.8040   26.4477    9.3962   -0.4663    3.2050   -1.5220
eta,q 0.93851 14.65738
  0.0773  0.0732  0.0753  0.0691  0.0744  0.0679
  0.0704  0.0693  0.0699  0.0653  0.0684  0.0631
  0.0642  0.0639  0.0641  0.0621  0.0637  0.0611
  0.0614  0.0614  0.0615  0.0615  0.0615  0.0615
  0.0635  0.0625  0.0631  0.0619  0.0636  0.0622
  0.0694  0.0676  0.0696  0.0646  0.0682  0.0637
  0.0782  0.0754  0.0767  0.0695  0.0745  0.0670
registration optimization eta report
parameter search radius
    6.0000    6.9000    6.9000    6.0000    6.9000    6.0000
100000*second partial in parameter space
       44.       27.       30.       22.       26.       17.
  0.0773  0.0732  0.0753  0.0691  0.0744  0.0679
  0.0704  0.0693  0.0699  0.0653  0.0684  0.0631
  0.0642  0.0639  0.0641  0.0621  0.0637  0.0611
  0.0614  0.0614  0.0615  0.0615  0.0615  0.0615
  0.0635  0.0625  0.0631  0.0619  0.0636  0.0622
  0.0694  0.0676  0.0696  0.0646  0.0682  0.0637
  0.0782  0.0754  0.0767  0.0695  0.0745  0.0670
   -1.8040   26.4477    9.3962   -0.4663    3.2050   -1.5220
eta,q 0.93851 14.65738

---------------------------------------------------------------------
imgreg_4dfp /opt/freesurfer/average/711-2C_as_mni_average_305 /opt/freesurfer/average/711-2B_as_mni_average_305_mask talsrcimg_g11 none talsrcimg_to_711-2C_as_mni_average_305_t4 3335
---------------------------------------------------------------------

freesurfer imgreg_4dfp.c
/opt/freesurfer/average/711-2C_as_mni_average_305.4dfp.img
       256       256       256         1
  1.000000  1.000000  1.000000
orientation T byte_order littleendian
Reading image: /opt/freesurfer/average/711-2C_as_mni_average_305.4dfp.img
dimensions:      256       256       256
mmppix:       1.0000   -1.0000   -1.0000
center:     128.0000 -129.0000 -129.0000
/opt/freesurfer/average/711-2B_as_mni_average_305_mask.4dfp.img
       256       256       256         1
  1.000000  1.000000  1.000000
orientation T byte_order littleendian
Reading mask: /opt/freesurfer/average/711-2B_as_mni_average_305_mask.4dfp.img (2306576 pixels)
talsrcimg_g11.4dfp.img
       256       256       256         1
  1.000000  1.000000  1.000000
orientation T byte_order littleendian
Reading image: talsrcimg_g11.4dfp.img
dimensions:      256       256       256
mmppix:       1.0000   -1.0000   -1.0000
center:     128.0000 -129.0000 -129.0000
fimgreg.f
image alignment mode   3335 decimal      D07 hex
parameters
   -1.8040   26.4477    9.3962   -0.1916   -0.0398   -0.1597
    2.7015   -5.5670   -2.6519    0.9621    5.5908   -0.8126
eta,q 0.93844 14.58067
niter,ni,del,rscale     5    3    5.0000    1.2000
parameter  4  4.036639 ->  0.500000 qaram    1.1500
parameter  5  7.657988 ->  0.500000 qaram    1.1500
parameter  6  0.953469 ->  0.500000 qaram    1.1500
parameters
   -2.0774   26.8372    9.4978   -4.3316   -4.1798   -4.2997
    2.5501   -5.5102   -1.0907   -2.3614    3.6666   -3.8663
eta,q 0.95649 14.36599
  0.0636  0.0636  0.0633  0.0506  0.0453  0.0450  0.0483  0.0517  0.0478  0.0454  0.0450  0.0442
  0.0623  0.0625  0.0623  0.0535  0.0478  0.0449  0.0465  0.0483  0.0465  0.0442  0.0443  0.0437
  0.0616  0.0618  0.0617  0.0571  0.0510  0.0460  0.0454  0.0460  0.0455  0.0441  0.0439  0.0435
  0.0616  0.0615  0.0615  0.0615  0.0544  0.0487  0.0450  0.0450  0.0450  0.0449  0.0440  0.0439
  0.0621  0.0615  0.0616  0.0660  0.0577  0.0525  0.0455  0.0458  0.0450  0.0467  0.0446  0.0447
  0.0631  0.0618  0.0621  0.0705  0.0610  0.0569  0.0467  0.0482  0.0453  0.0491  0.0458  0.0460
  0.0648  0.0626  0.0630  0.0754  0.0646  0.0614  0.0486  0.0515  0.0462  0.0519  0.0474  0.0476
niter,ni,del,rscale     7    3    5.0000    1.2000
parameter  4  0.965153 ->  0.500000 qaram    1.3225
parameter  5  1.260926 ->  0.500000 qaram    1.3225
parameters
   -2.1843   26.8264    9.0844   -9.0926   -8.9408   -5.2443
    2.9014   -5.6302   -0.7616   -1.8040    4.0555   -4.7158
eta,q 0.96403 14.09408
  0.0477  0.0467  0.0451  0.0390  0.0351  0.0395  0.0401  0.0420  0.0386  0.0407  0.0376  0.0373
  0.0453  0.0449  0.0440  0.0394  0.0356  0.0377  0.0381  0.0387  0.0373  0.0383  0.0368  0.0365
  0.0439  0.0439  0.0435  0.0408  0.0370  0.0365  0.0367  0.0366  0.0364  0.0367  0.0363  0.0360
  0.0435  0.0435  0.0435  0.0434  0.0397  0.0359  0.0361  0.0360  0.0360  0.0360  0.0360  0.0360
  0.0442  0.0439  0.0440  0.0475  0.0432  0.0359  0.0363  0.0369  0.0362  0.0363  0.0360  0.0363
  0.0459  0.0450  0.0452  0.0527  0.0470  0.0384  0.0375  0.0390  0.0369  0.0375  0.0365  0.0370
  0.0486  0.0467  0.0468  0.0582  0.0508  0.0435  0.0395  0.0423  0.0382  0.0395  0.0374  0.0381
niter,ni,del,rscale     7    3    5.0000    1.2000
parameters
   -2.0409   27.2328    9.1379  -13.2784  -13.6790   -4.5284
    3.2194   -6.2056   -0.9625   -1.0521    3.5941   -6.1017
eta,q 0.96583 13.62768
  0.0412  0.0406  0.0380  0.0361  0.0352  0.0381  0.0380  0.0389  0.0362  0.0383  0.0352  0.0351
  0.0385  0.0384  0.0368  0.0353  0.0345  0.0362  0.0361  0.0360  0.0352  0.0362  0.0346  0.0345
  0.0367  0.0369  0.0361  0.0353  0.0345  0.0350  0.0349  0.0345  0.0345  0.0348  0.0343  0.0342
  0.0360  0.0359  0.0358  0.0358  0.0352  0.0345  0.0344  0.0343  0.0343  0.0343  0.0342  0.0342
  0.0363  0.0359  0.0360  0.0376  0.0372  0.0340  0.0346  0.0354  0.0345  0.0344  0.0344  0.0346
  0.0377  0.0367  0.0366  0.0410  0.0406  0.0346  0.0357  0.0373  0.0353  0.0353  0.0348  0.0352
  0.0401  0.0384  0.0378  0.0462  0.0448  0.0375  0.0374  0.0403  0.0365  0.0369  0.0355  0.0363
niter,ni,del,rscale     6    3    5.0000    1.2000
parameters
   -2.0550   27.6232    9.5962  -14.2608  -14.6738   -4.1162
    3.3107   -6.4006   -0.9193   -0.5577    3.3035   -6.4164
eta,q 0.96615 13.52124
  0.0385  0.0383  0.0366  0.0369  0.0369  0.0375  0.0373  0.0390  0.0360  0.0376  0.0349  0.0352
  0.0361  0.0362  0.0353  0.0350  0.0351  0.0357  0.0355  0.0360  0.0349  0.0356  0.0343  0.0344
  0.0347  0.0349  0.0345  0.0341  0.0341  0.0345  0.0343  0.0342  0.0342  0.0343  0.0339  0.0340
  0.0342  0.0342  0.0341  0.0340  0.0340  0.0339  0.0339  0.0339  0.0338  0.0338  0.0339  0.0339
  0.0347  0.0342  0.0340  0.0345  0.0345  0.0335  0.0343  0.0347  0.0341  0.0341  0.0340  0.0341
  0.0362  0.0349  0.0344  0.0359  0.0359  0.0343  0.0354  0.0366  0.0348  0.0351  0.0344  0.0345
  0.0386  0.0363  0.0352  0.0387  0.0389  0.0375  0.0372  0.0394  0.0360  0.0366  0.0351  0.0354
niter,ni,del,rscale     5    3    5.0000    1.2000
parameters
   -2.1068   27.7398    9.6680  -14.3570  -14.7954   -4.0912
    3.3727   -6.4700   -0.8398   -0.4114    3.2675   -6.5113
eta,q 0.96618 13.50953
  0.0381  0.0373  0.0358  0.0374  0.0374  0.0373  0.0373  0.0392  0.0360  0.0372  0.0349  0.0352
  0.0357  0.0355  0.0347  0.0353  0.0354  0.0355  0.0355  0.0361  0.0349  0.0353  0.0343  0.0344
  0.0343  0.0343  0.0340  0.0342  0.0342  0.0344  0.0343  0.0342  0.0341  0.0342  0.0339  0.0340
  0.0339  0.0338  0.0338  0.0338  0.0338  0.0338  0.0338  0.0338  0.0338  0.0338  0.0338  0.0338
  0.0344  0.0341  0.0340  0.0341  0.0342  0.0335  0.0342  0.0346  0.0341  0.0342  0.0339  0.0340
  0.0360  0.0350  0.0346  0.0353  0.0353  0.0346  0.0354  0.0365  0.0348  0.0352  0.0343  0.0345
  0.0385  0.0367  0.0355  0.0377  0.0379  0.0382  0.0372  0.0392  0.0359  0.0369  0.0350  0.0353
niter,ni,del,rscale     4    3    5.0000    1.2000
parameters
   -2.1253   27.7677    9.6560  -14.3823  -14.8087   -4.0898
    3.4017   -6.4940   -0.8225   -0.3602    3.2725   -6.5497
eta,q 0.96619 13.50783
  0.0382  0.0370  0.0356  0.0375  0.0375  0.0373  0.0372  0.0393  0.0360  0.0371  0.0349  0.0352
  0.0358  0.0353  0.0346  0.0353  0.0355  0.0355  0.0355  0.0361  0.0348  0.0353  0.0343  0.0345
  0.0343  0.0342  0.0340  0.0342  0.0342  0.0344  0.0343  0.0343  0.0341  0.0341  0.0339  0.0340
  0.0338  0.0338  0.0338  0.0338  0.0338  0.0338  0.0338  0.0338  0.0338  0.0338  0.0338  0.0338
  0.0344  0.0341  0.0340  0.0341  0.0341  0.0335  0.0342  0.0346  0.0341  0.0342  0.0339  0.0340
  0.0359  0.0352  0.0346  0.0352  0.0352  0.0346  0.0354  0.0364  0.0348  0.0353  0.0343  0.0344
  0.0383  0.0369  0.0356  0.0376  0.0377  0.0382  0.0372  0.0391  0.0360  0.0369  0.0349  0.0353
niter,ni,del,rscale     3    3    5.0000    1.2000
parameters
   -2.1308   27.7794    9.6506  -14.3886  -14.8190   -4.0894
    3.4096   -6.5016   -0.8178   -0.3368    3.2665   -6.5698
eta,q 0.96619 13.50709
  0.0383  0.0370  0.0356  0.0375  0.0375  0.0373  0.0372  0.0393  0.0360  0.0371  0.0349  0.0352
  0.0358  0.0353  0.0346  0.0353  0.0355  0.0355  0.0354  0.0361  0.0348  0.0352  0.0343  0.0345
  0.0343  0.0342  0.0340  0.0342  0.0342  0.0344  0.0342  0.0343  0.0341  0.0341  0.0339  0.0340
  0.0338  0.0338  0.0338  0.0338  0.0338  0.0338  0.0338  0.0338  0.0338  0.0338  0.0338  0.0338
  0.0343  0.0341  0.0340  0.0341  0.0341  0.0335  0.0342  0.0346  0.0341  0.0342  0.0339  0.0340
  0.0359  0.0352  0.0346  0.0352  0.0352  0.0346  0.0354  0.0364  0.0348  0.0353  0.0343  0.0344
  0.0383  0.0370  0.0356  0.0376  0.0377  0.0382  0.0372  0.0391  0.0360  0.0369  0.0349  0.0353
registration optimization eta report
parameter search radius
    2.4000    2.4000    2.4000    9.5220    9.5220    8.2800
    7.2000    7.2000    7.2000    7.2000    7.2000    7.2000
100000*second partial in parameter space
       77.       55.       32.        4.        4.        6.
        7.       10.        4.        6.        2.        3.
  0.0383  0.0370  0.0356  0.0375  0.0375  0.0373  0.0372  0.0393  0.0360  0.0371  0.0349  0.0352
  0.0358  0.0353  0.0346  0.0353  0.0355  0.0355  0.0354  0.0361  0.0348  0.0352  0.0343  0.0345
  0.0343  0.0342  0.0340  0.0342  0.0342  0.0344  0.0342  0.0343  0.0341  0.0341  0.0339  0.0340
  0.0338  0.0338  0.0338  0.0338  0.0338  0.0338  0.0338  0.0338  0.0338  0.0338  0.0338  0.0338
  0.0343  0.0341  0.0340  0.0341  0.0341  0.0335  0.0342  0.0346  0.0341  0.0342  0.0339  0.0340
  0.0359  0.0352  0.0346  0.0352  0.0352  0.0346  0.0354  0.0364  0.0348  0.0353  0.0343  0.0344
  0.0383  0.0370  0.0356  0.0376  0.0377  0.0382  0.0372  0.0391  0.0360  0.0369  0.0349  0.0353
   -2.1308   27.7794    9.6506  -14.3886  -14.8190   -4.0894
    3.4096   -6.5016   -0.8178   -0.3368    3.2665   -6.5698
eta,q 0.96619 13.50709

---------------------------------------------------------------------
imgreg_4dfp /opt/freesurfer/average/711-2C_as_mni_average_305 /opt/freesurfer/average/711-2B_as_mni_average_305_mask talsrcimg_g11 none talsrcimg_to_711-2C_as_mni_average_305_t4 2311
---------------------------------------------------------------------

freesurfer imgreg_4dfp.c
/opt/freesurfer/average/711-2C_as_mni_average_305.4dfp.img
       256       256       256         1
  1.000000  1.000000  1.000000
orientation T byte_order littleendian
Reading image: /opt/freesurfer/average/711-2C_as_mni_average_305.4dfp.img
dimensions:      256       256       256
mmppix:       1.0000   -1.0000   -1.0000
center:     128.0000 -129.0000 -129.0000
/opt/freesurfer/average/711-2B_as_mni_average_305_mask.4dfp.img
       256       256       256         1
  1.000000  1.000000  1.000000
orientation T byte_order littleendian
Reading mask: /opt/freesurfer/average/711-2B_as_mni_average_305_mask.4dfp.img (2306576 pixels)
talsrcimg_g11.4dfp.img
       256       256       256         1
  1.000000  1.000000  1.000000
orientation T byte_order littleendian
Reading image: talsrcimg_g11.4dfp.img
dimensions:      256       256       256
mmppix:       1.0000   -1.0000   -1.0000
center:     128.0000 -129.0000 -129.0000
fimgreg.f
image alignment mode   2311 decimal      907 hex
parameters
   -2.1308   27.7794    9.6506  -14.3886  -14.8190   -4.0894
    3.4096   -6.5016   -0.8178   -0.3368    3.2665   -6.5698
eta,q 0.96619 13.50710
niter,ni,del,rscale     5    3    5.0000    0.8000
parameters
   -2.1369   27.8007    9.6233  -14.2449  -14.5908   -2.3681
    3.4896   -6.6654   -0.6605   -0.2882    3.2236   -6.9863
eta,q 0.96651 13.62874
  0.0358  0.0353  0.0346  0.0346  0.0348  0.0352  0.0352  0.0361  0.0346  0.0351  0.0340  0.0341
  0.0347  0.0345  0.0341  0.0342  0.0342  0.0346  0.0343  0.0345  0.0340  0.0342  0.0337  0.0337
  0.0340  0.0340  0.0339  0.0339  0.0339  0.0341  0.0337  0.0336  0.0336  0.0337  0.0335  0.0335
  0.0338  0.0338  0.0338  0.0338  0.0338  0.0338  0.0335  0.0335  0.0335  0.0335  0.0335  0.0335
  0.0340  0.0339  0.0339  0.0339  0.0339  0.0335  0.0337  0.0340  0.0336  0.0337  0.0336  0.0336
  0.0347  0.0344  0.0342  0.0341  0.0341  0.0335  0.0342  0.0349  0.0339  0.0342  0.0337  0.0339
  0.0359  0.0352  0.0346  0.0345  0.0345  0.0341  0.0351  0.0363  0.0345  0.0350  0.0340  0.0344
niter,ni,del,rscale     4    3    5.0000    0.7000
parameters
   -2.1395   27.7361    9.6343  -13.9770  -14.5355   -2.5983
    3.4902   -6.7155   -0.6274   -0.3324    3.2488   -6.8278
eta,q 0.96648 13.63727
  0.0351  0.0345  0.0343  0.0342  0.0342  0.0344  0.0348  0.0356  0.0343  0.0347  0.0339  0.0341
  0.0342  0.0339  0.0338  0.0338  0.0338  0.0341  0.0341  0.0344  0.0339  0.0340  0.0337  0.0338
  0.0337  0.0336  0.0336  0.0336  0.0335  0.0337  0.0337  0.0337  0.0336  0.0336  0.0336  0.0336
  0.0335  0.0335  0.0335  0.0335  0.0335  0.0335  0.0335  0.0335  0.0335  0.0335  0.0335  0.0335
  0.0337  0.0336  0.0336  0.0335  0.0336  0.0335  0.0337  0.0338  0.0336  0.0337  0.0336  0.0336
  0.0342  0.0341  0.0338  0.0337  0.0338  0.0339  0.0341  0.0345  0.0339  0.0341  0.0337  0.0337
  0.0351  0.0347  0.0342  0.0341  0.0341  0.0350  0.0348  0.0356  0.0343  0.0347  0.0339  0.0340
niter,ni,del,rscale     3    3    5.0000    0.6000
parameters
   -2.1476   27.7210    9.5999  -13.9756  -14.5263   -2.3594
    3.5085   -6.7573   -0.6032   -0.3514    3.2846   -6.8981
eta,q 0.96652 13.64971
  0.0347  0.0343  0.0340  0.0340  0.0340  0.0343  0.0345  0.0351  0.0341  0.0344  0.0338  0.0339
  0.0340  0.0339  0.0337  0.0337  0.0337  0.0340  0.0339  0.0341  0.0337  0.0339  0.0336  0.0337
  0.0336  0.0336  0.0336  0.0336  0.0336  0.0337  0.0336  0.0336  0.0336  0.0336  0.0335  0.0335
  0.0335  0.0335  0.0335  0.0335  0.0335  0.0335  0.0335  0.0335  0.0335  0.0335  0.0335  0.0335
  0.0337  0.0336  0.0336  0.0336  0.0336  0.0334  0.0336  0.0337  0.0335  0.0336  0.0335  0.0335
  0.0341  0.0339  0.0338  0.0337  0.0337  0.0337  0.0339  0.0343  0.0337  0.0339  0.0336  0.0337
  0.0347  0.0344  0.0341  0.0340  0.0340  0.0343  0.0344  0.0350  0.0341  0.0344  0.0338  0.0339
niter,ni,del,rscale     2    3    5.0000    0.5000
parameters
   -2.1519   27.7166    9.6038  -13.9702  -14.6076   -2.1051
    3.5291   -6.8024   -0.5856   -0.3560    3.3560   -6.9698
eta,q 0.96656 13.65685
  0.0343  0.0340  0.0339  0.0338  0.0338  0.0341  0.0341  0.0346  0.0339  0.0341  0.0337  0.0337
  0.0338  0.0337  0.0336  0.0336  0.0336  0.0339  0.0338  0.0339  0.0336  0.0337  0.0336  0.0336
  0.0336  0.0335  0.0335  0.0335  0.0335  0.0337  0.0335  0.0335  0.0335  0.0335  0.0335  0.0335
  0.0335  0.0335  0.0335  0.0335  0.0335  0.0335  0.0334  0.0334  0.0334  0.0334  0.0334  0.0334
  0.0336  0.0335  0.0335  0.0335  0.0335  0.0334  0.0335  0.0336  0.0335  0.0335  0.0335  0.0335
  0.0338  0.0337  0.0337  0.0336  0.0337  0.0336  0.0337  0.0340  0.0336  0.0337  0.0335  0.0336
  0.0343  0.0341  0.0339  0.0338  0.0338  0.0340  0.0341  0.0346  0.0339  0.0341  0.0337  0.0338
niter,ni,del,rscale     1    3    5.0000    0.4000
parameters
   -2.1616   27.7171    9.6205  -13.9949  -14.6822   -1.8857
    3.5425   -6.8554   -0.5836   -0.3637    3.4150   -7.0601
eta,q 0.96658 13.66027
  0.0340  0.0338  0.0337  0.0337  0.0337  0.0339  0.0339  0.0341  0.0337  0.0338  0.0336  0.0336
  0.0337  0.0336  0.0336  0.0335  0.0335  0.0337  0.0336  0.0337  0.0335  0.0336  0.0335  0.0335
  0.0335  0.0335  0.0335  0.0335  0.0335  0.0336  0.0335  0.0335  0.0335  0.0335  0.0334  0.0334
  0.0334  0.0334  0.0334  0.0334  0.0334  0.0334  0.0334  0.0334  0.0334  0.0334  0.0334  0.0334
  0.0335  0.0335  0.0335  0.0335  0.0335  0.0334  0.0335  0.0335  0.0335  0.0335  0.0334  0.0335
  0.0337  0.0336  0.0336  0.0335  0.0336  0.0335  0.0336  0.0338  0.0335  0.0336  0.0335  0.0335
  0.0340  0.0338  0.0337  0.0337  0.0337  0.0338  0.0339  0.0342  0.0337  0.0338  0.0336  0.0336
registration optimization eta report
parameter search radius
    0.8000    0.8000    0.8000    2.4000    2.4000    2.4000
    2.4000    2.4000    2.4000    2.4000    2.4000    2.4000
100000*second partial in parameter space
       84.       58.       40.        4.        4.        7.
        8.       13.        5.        7.        3.        3.
  0.0340  0.0338  0.0337  0.0337  0.0337  0.0339  0.0339  0.0341  0.0337  0.0338  0.0336  0.0336
  0.0337  0.0336  0.0336  0.0335  0.0335  0.0337  0.0336  0.0337  0.0335  0.0336  0.0335  0.0335
  0.0335  0.0335  0.0335  0.0335  0.0335  0.0336  0.0335  0.0335  0.0335  0.0335  0.0334  0.0334
  0.0334  0.0334  0.0334  0.0334  0.0334  0.0334  0.0334  0.0334  0.0334  0.0334  0.0334  0.0334
  0.0335  0.0335  0.0335  0.0335  0.0335  0.0334  0.0335  0.0335  0.0335  0.0335  0.0334  0.0335
  0.0337  0.0336  0.0336  0.0335  0.0336  0.0335  0.0336  0.0338  0.0335  0.0336  0.0335  0.0335
  0.0340  0.0338  0.0337  0.0337  0.0337  0.0338  0.0339  0.0342  0.0337  0.0338  0.0336  0.0336
   -2.1616   27.7171    9.6205  -13.9949  -14.6822   -1.8857
    3.5425   -6.8554   -0.5836   -0.3637    3.4150   -7.0601
eta,q 0.96658 13.66027

---------------------------------------------------------------------
imgreg_4dfp /opt/freesurfer/average/711-2C_as_mni_average_305 /opt/freesurfer/average/711-2B_as_mni_average_305_mask talsrcimg_g11 none talsrcimg_to_711-2C_as_mni_average_305_t4 2311
---------------------------------------------------------------------

freesurfer imgreg_4dfp.c
/opt/freesurfer/average/711-2C_as_mni_average_305.4dfp.img
       256       256       256         1
  1.000000  1.000000  1.000000
orientation T byte_order littleendian
Reading image: /opt/freesurfer/average/711-2C_as_mni_average_305.4dfp.img
dimensions:      256       256       256
mmppix:       1.0000   -1.0000   -1.0000
center:     128.0000 -129.0000 -129.0000
/opt/freesurfer/average/711-2B_as_mni_average_305_mask.4dfp.img
       256       256       256         1
  1.000000  1.000000  1.000000
orientation T byte_order littleendian
Reading mask: /opt/freesurfer/average/711-2B_as_mni_average_305_mask.4dfp.img (2306576 pixels)
talsrcimg_g11.4dfp.img
       256       256       256         1
  1.000000  1.000000  1.000000
orientation T byte_order littleendian
Reading image: talsrcimg_g11.4dfp.img
dimensions:      256       256       256
mmppix:       1.0000   -1.0000   -1.0000
center:     128.0000 -129.0000 -129.0000
fimgreg.f
image alignment mode   2311 decimal      907 hex
parameters
   -2.1616   27.7171    9.6205  -13.9949  -14.6822   -1.8857
    3.5425   -6.8554   -0.5836   -0.3637    3.4150   -7.0601
eta,q 0.96658 13.66027
niter,ni,del,rscale     5    3    5.0000    0.8000
parameters
   -2.1724   27.7014    9.7062  -14.0556  -14.5832   -2.6922
    3.5068   -6.7150   -0.6622   -0.3608    3.1920   -6.7200
eta,q 0.96646 13.62194
  0.0355  0.0349  0.0346  0.0343  0.0344  0.0345  0.0352  0.0364  0.0345  0.0351  0.0340  0.0344
  0.0344  0.0341  0.0339  0.0338  0.0338  0.0340  0.0343  0.0348  0.0340  0.0342  0.0337  0.0339
  0.0336  0.0336  0.0336  0.0335  0.0335  0.0337  0.0337  0.0338  0.0337  0.0337  0.0336  0.0337
  0.0334  0.0334  0.0334  0.0334  0.0334  0.0334  0.0335  0.0335  0.0335  0.0335  0.0335  0.0335
  0.0337  0.0336  0.0335  0.0335  0.0335  0.0336  0.0337  0.0339  0.0337  0.0337  0.0336  0.0336
  0.0344  0.0341  0.0338  0.0338  0.0338  0.0345  0.0343  0.0347  0.0340  0.0342  0.0338  0.0338
  0.0356  0.0349  0.0343  0.0344  0.0343  0.0362  0.0352  0.0360  0.0346  0.0351  0.0341  0.0342
niter,ni,del,rscale     4    3    5.0000    0.7000
parameters
   -2.1506   27.7096    9.6208  -13.9833  -14.5072   -2.6271
    3.4872   -6.7172   -0.6090   -0.3749    3.2282   -6.7892
eta,q 0.96648 13.63640
  0.0352  0.0347  0.0342  0.0342  0.0342  0.0345  0.0348  0.0357  0.0343  0.0347  0.0339  0.0341
  0.0343  0.0341  0.0338  0.0338  0.0338  0.0341  0.0341  0.0344  0.0339  0.0340  0.0337  0.0338
  0.0337  0.0337  0.0336  0.0336  0.0336  0.0338  0.0337  0.0337  0.0336  0.0336  0.0336  0.0336
  0.0335  0.0335  0.0335  0.0335  0.0335  0.0335  0.0335  0.0335  0.0335  0.0335  0.0335  0.0335
  0.0337  0.0337  0.0337  0.0336  0.0336  0.0334  0.0337  0.0338  0.0336  0.0337  0.0336  0.0336
  0.0342  0.0340  0.0339  0.0338  0.0338  0.0338  0.0341  0.0345  0.0339  0.0341  0.0337  0.0338
  0.0351  0.0347  0.0343  0.0342  0.0342  0.0347  0.0348  0.0355  0.0343  0.0347  0.0339  0.0341
niter,ni,del,rscale     3    3    5.0000    0.6000
parameters
   -2.1472   27.7158    9.6023  -13.9659  -14.5343   -2.3547
    3.5017   -6.7527   -0.5988   -0.3638    3.2776   -6.8942
eta,q 0.96652 13.64981
  0.0347  0.0344  0.0340  0.0340  0.0340  0.0343  0.0345  0.0351  0.0341  0.0344  0.0338  0.0339
  0.0341  0.0339  0.0337  0.0337  0.0337  0.0340  0.0339  0.0341  0.0337  0.0339  0.0336  0.0336
  0.0337  0.0336  0.0336  0.0336  0.0336  0.0338  0.0336  0.0336  0.0336  0.0336  0.0335  0.0335
  0.0335  0.0335  0.0335  0.0335  0.0335  0.0335  0.0335  0.0335  0.0335  0.0335  0.0335  0.0335
  0.0336  0.0336  0.0336  0.0336  0.0336  0.0334  0.0336  0.0337  0.0335  0.0336  0.0335  0.0335
  0.0340  0.0339  0.0338  0.0337  0.0338  0.0336  0.0339  0.0342  0.0337  0.0339  0.0336  0.0337
  0.0347  0.0343  0.0341  0.0340  0.0340  0.0343  0.0344  0.0350  0.0341  0.0344  0.0338  0.0339
niter,ni,del,rscale     2    3    5.0000    0.5000
parameters
   -2.1504   27.7150    9.6066  -13.9683  -14.6020   -2.1071
    3.5244   -6.8035   -0.5832   -0.3554    3.3484   -6.9811
eta,q 0.96655 13.65709
  0.0343  0.0341  0.0339  0.0338  0.0338  0.0341  0.0341  0.0346  0.0339  0.0341  0.0337  0.0337
  0.0338  0.0337  0.0336  0.0336  0.0336  0.0339  0.0338  0.0339  0.0336  0.0337  0.0335  0.0336
  0.0336  0.0335  0.0335  0.0335  0.0335  0.0337  0.0335  0.0335  0.0335  0.0335  0.0335  0.0335
  0.0335  0.0335  0.0335  0.0335  0.0335  0.0335  0.0334  0.0334  0.0334  0.0334  0.0334  0.0334
  0.0336  0.0335  0.0335  0.0335  0.0335  0.0334  0.0335  0.0336  0.0335  0.0335  0.0335  0.0335
  0.0338  0.0337  0.0337  0.0336  0.0336  0.0336  0.0337  0.0340  0.0336  0.0337  0.0335  0.0336
  0.0343  0.0341  0.0339  0.0338  0.0338  0.0340  0.0341  0.0346  0.0339  0.0341  0.0337  0.0338
niter,ni,del,rscale     1    3    5.0000    0.4000
parameters
   -2.1608   27.7187    9.6220  -13.9926  -14.6892   -1.8857
    3.5410   -6.8578   -0.5886   -0.3675    3.4278   -7.0511
eta,q 0.96658 13.66005
  0.0340  0.0338  0.0337  0.0336  0.0337  0.0339  0.0339  0.0341  0.0337  0.0338  0.0336  0.0336
  0.0337  0.0336  0.0336  0.0335  0.0335  0.0337  0.0336  0.0337  0.0335  0.0336  0.0335  0.0335
  0.0335  0.0335  0.0335  0.0335  0.0335  0.0336  0.0335  0.0335  0.0335  0.0335  0.0334  0.0334
  0.0334  0.0334  0.0334  0.0334  0.0334  0.0334  0.0334  0.0334  0.0334  0.0334  0.0334  0.0334
  0.0335  0.0335  0.0335  0.0335  0.0335  0.0334  0.0335  0.0335  0.0334  0.0335  0.0334  0.0335
  0.0337  0.0336  0.0336  0.0335  0.0336  0.0335  0.0336  0.0338  0.0335  0.0336  0.0335  0.0335
  0.0340  0.0338  0.0337  0.0337  0.0337  0.0338  0.0339  0.0342  0.0337  0.0338  0.0336  0.0336
registration optimization eta report
parameter search radius
    0.8000    0.8000    0.8000    2.4000    2.4000    2.4000
    2.4000    2.4000    2.4000    2.4000    2.4000    2.4000
100000*second partial in parameter space
       84.       57.       40.        4.        4.        7.
        8.       13.        5.        7.        2.        3.
  0.0340  0.0338  0.0337  0.0336  0.0337  0.0339  0.0339  0.0341  0.0337  0.0338  0.0336  0.0336
  0.0337  0.0336  0.0336  0.0335  0.0335  0.0337  0.0336  0.0337  0.0335  0.0336  0.0335  0.0335
  0.0335  0.0335  0.0335  0.0335  0.0335  0.0336  0.0335  0.0335  0.0335  0.0335  0.0334  0.0334
  0.0334  0.0334  0.0334  0.0334  0.0334  0.0334  0.0334  0.0334  0.0334  0.0334  0.0334  0.0334
  0.0335  0.0335  0.0335  0.0335  0.0335  0.0334  0.0335  0.0335  0.0334  0.0335  0.0334  0.0335
  0.0337  0.0336  0.0336  0.0335  0.0336  0.0335  0.0336  0.0338  0.0335  0.0336  0.0335  0.0335
  0.0340  0.0338  0.0337  0.0337  0.0337  0.0338  0.0339  0.0342  0.0337  0.0338  0.0336  0.0336
   -2.1608   27.7187    9.6220  -13.9926  -14.6892   -1.8857
    3.5410   -6.8578   -0.5886   -0.3675    3.4278   -7.0511
eta,q 0.96658 13.66005

---------------------------------------------------------------------
compute_vox2vox talsrcimg talsrcimg_to_711-2C_as_mni_average_305_t4 /opt/freesurfer/average/711-2C_as_mni_average_305
---------------------------------------------------------------------

freesurfer compute_vox2vox.c
Reading: talsrcimg.4dfp.ifh
Reading: talsrcimg_to_711-2C_as_mni_average_305_t4
Reading: /opt/freesurfer/average/711-2C_as_mni_average_305.4dfp.ifh
Writing: talsrcimg_to_711-2C_as_mni_average_305_t4_vox2vox.txt

start time Tue Mar 10 04:49:28 CET 2026
end		time Tue Mar 10 04:49:41 CET 2026

mpr2mni305 success

avi2talxfm orig_nu.mgz /opt/freesurfer/average/mni305.cor.mgz talsrcimg_to_711-2C_as_mni_average_305_t4_vox2vox.txt transforms/talairach.auto.xfm
avi2talxfm done
mv -f /out/sourcedata/freesurfer/sub-v1s5x0050744_ses-1/mri/talsrcimg_to_711-2C_as_mni_average_305_t4_vox2vox.txt /out/sourcedata/freesurfer/sub-v1s5x0050744_ses-1/mri/transforms/talsrcimg_to_711-2C_as_mni_average_305_t4_vox2vox.txt
lta_convert --src orig_nu.mgz --trg /opt/freesurfer/average/mni305.cor.mgz --inxfm transforms/talairach.auto.xfm --outlta transforms/talairach.auto.xfm.lta --subject fsaverage
7.3.2

--src: orig_nu.mgz src image (geometry).
--trg: /opt/freesurfer/average/mni305.cor.mgz trg image (geometry).
--inmni: transforms/talairach.auto.xfm input MNI/XFM transform.
--outlta: transforms/talairach.auto.xfm.lta output LTA.
--s: fsaverage subject name
 LTA read, type : 1
 1.15918   0.08087  -0.04143   0.55766;
-0.03994   1.01675   0.08569  -16.82755;
 0.00783   0.00494   1.17227  -43.51692;
 0.00000   0.00000   0.00000   1.00000;
setting subject to fsaverage
Writing  LTA to file transforms/talairach.auto.xfm.lta...
lta_convert successful.
 
 
Started at Tue Mar 10 04:49:28 CET 2026
Ended   at Tue Mar 10 04:49:42 CET 2026
talairach_avi done
