status file for recon-all
Tue Mar 10 04:25:27 CET 2026
#@# MotionCor Tue Mar 10 04:25:29 CET 2026
#@# Talairach Tue Mar 10 04:25:38 CET 2026
#@# Talairach Failure Detection Tue Mar 10 04:30:02 CET 2026
#@# Nu Intensity Correction Tue Mar 10 04:30:02 CET 2026
#@# Intensity Normalization Tue Mar 10 04:33:16 CET 2026
recon-all -s sub-v1s5x0050739_ses-1 finished without error at Tue Mar 10 04:34:48 CET 2026



#New# invocation of recon-all 



status file for recon-all
Tue Mar 10 04:41:46 CET 2026
#@# EM Registration Tue Mar 10 04:41:47 CET 2026
recon-all -s sub-v1s5x0050739_ses-1 finished without error at Tue Mar 10 04:43:24 CET 2026



#New# invocation of recon-all 



status file for recon-all
Tue Mar 10 04:43:28 CET 2026
#@# CA Normalize Tue Mar 10 04:43:28 CET 2026
#@# CA Reg Tue Mar 10 04:44:48 CET 2026
#@# SubCort Seg Tue Mar 10 05:26:55 CET 2026
#@# CC Seg Tue Mar 10 06:00:21 CET 2026
#@# Merge ASeg Tue Mar 10 06:01:01 CET 2026
#@# Intensity Normalization2 Tue Mar 10 06:01:01 CET 2026
#@# Mask BFS Tue Mar 10 06:03:16 CET 2026
#@# WM Segmentation Tue Mar 10 06:03:16 CET 2026
#@# Fill Tue Mar 10 06:05:08 CET 2026
recon-all -s sub-v1s5x0050739_ses-1 finished without error at Tue Mar 10 06:06:09 CET 2026



#New# invocation of recon-all 



status file for recon-all
Tue Mar 10 06:52:20 CET 2026
#@# white curv lh Tue Mar 10 06:52:20 CET 2026
#@# white area lh Tue Mar 10 06:52:20 CET 2026
#@# pial curv lh Tue Mar 10 06:52:20 CET 2026
#@# pial area lh Tue Mar 10 06:52:20 CET 2026
#@# thickness lh Tue Mar 10 06:52:20 CET 2026
#@# area and vertex vol lh Tue Mar 10 06:52:20 CET 2026
#@# white curv rh Tue Mar 10 06:52:20 CET 2026
#@# white area rh Tue Mar 10 06:52:20 CET 2026
#@# pial curv rh Tue Mar 10 06:52:20 CET 2026
#@# pial area rh Tue Mar 10 06:52:20 CET 2026
#@# thickness rh Tue Mar 10 06:52:20 CET 2026
#@# area and vertex vol rh Tue Mar 10 06:52:20 CET 2026
#@# Cortical ribbon mask Tue Mar 10 06:52:20 CET 2026
recon-all -s sub-v1s5x0050739_ses-1 finished without error at Tue Mar 10 06:57:42 CET 2026



#New# invocation of recon-all 



status file for recon-all
Tue Mar 10 07:04:30 CET 2026
#@# white curv lh Tue Mar 10 07:04:30 CET 2026
#@# white area lh Tue Mar 10 07:04:30 CET 2026
#@# pial curv lh Tue Mar 10 07:04:30 CET 2026
#@# pial area lh Tue Mar 10 07:04:30 CET 2026
#@# thickness lh Tue Mar 10 07:04:30 CET 2026
#@# area and vertex vol lh Tue Mar 10 07:04:30 CET 2026
#@# white curv rh Tue Mar 10 07:04:30 CET 2026
#@# white area rh Tue Mar 10 07:04:30 CET 2026
#@# pial curv rh Tue Mar 10 07:04:30 CET 2026
#@# pial area rh Tue Mar 10 07:04:31 CET 2026
#@# thickness rh Tue Mar 10 07:04:31 CET 2026
#@# area and vertex vol rh Tue Mar 10 07:04:31 CET 2026
#@# Curvature Stats lh Tue Mar 10 07:04:31 CET 2026
#@# Curvature Stats rh Tue Mar 10 07:04:33 CET 2026
#@# Relabel Hypointensities Tue Mar 10 07:04:35 CET 2026
#@# APas-to-ASeg Tue Mar 10 07:04:51 CET 2026
#@# AParc-to-ASeg aparc Tue Mar 10 07:04:59 CET 2026
#@# AParc-to-ASeg aparc.a2009s Tue Mar 10 07:05:37 CET 2026
#@# AParc-to-ASeg aparc.DKTatlas Tue Mar 10 07:06:15 CET 2026
#@# WMParc Tue Mar 10 07:06:54 CET 2026
#@# ASeg Stats Tue Mar 10 07:10:30 CET 2026
recon-all -s sub-v1s5x0050739_ses-1 finished without error at Tue Mar 10 07:11:01 CET 2026
