status file for recon-all
Tue Mar 10 03:38:45 CET 2026
#@# MotionCor Tue Mar 10 03:38:46 CET 2026
#@# Talairach Tue Mar 10 03:38:52 CET 2026
#@# Talairach Failure Detection Tue Mar 10 03:41:43 CET 2026
#@# Nu Intensity Correction Tue Mar 10 03:41:43 CET 2026
#@# Intensity Normalization Tue Mar 10 03:44:29 CET 2026
recon-all -s sub-v1s5x0050728_ses-1 finished without error at Tue Mar 10 03:45:33 CET 2026



#New# invocation of recon-all 



status file for recon-all
Tue Mar 10 03:51:37 CET 2026
#@# EM Registration Tue Mar 10 03:51:37 CET 2026
recon-all -s sub-v1s5x0050728_ses-1 finished without error at Tue Mar 10 03:54:04 CET 2026



#New# invocation of recon-all 



status file for recon-all
Tue Mar 10 03:54:07 CET 2026
#@# CA Normalize Tue Mar 10 03:54:07 CET 2026
#@# CA Reg Tue Mar 10 03:55:01 CET 2026
#@# SubCort Seg Tue Mar 10 04:39:55 CET 2026
#@# CC Seg Tue Mar 10 05:00:27 CET 2026
#@# Merge ASeg Tue Mar 10 05:00:54 CET 2026
#@# Intensity Normalization2 Tue Mar 10 05:00:54 CET 2026
#@# Mask BFS Tue Mar 10 05:02:23 CET 2026
#@# WM Segmentation Tue Mar 10 05:02:24 CET 2026
#@# Fill Tue Mar 10 05:03:51 CET 2026
recon-all -s sub-v1s5x0050728_ses-1 finished without error at Tue Mar 10 05:04:28 CET 2026



#New# invocation of recon-all 



status file for recon-all
Tue Mar 10 05:50:24 CET 2026
#@# white curv lh Tue Mar 10 05:50:24 CET 2026
#@# white area lh Tue Mar 10 05:50:24 CET 2026
#@# pial curv lh Tue Mar 10 05:50:24 CET 2026
#@# pial area lh Tue Mar 10 05:50:24 CET 2026
#@# thickness lh Tue Mar 10 05:50:24 CET 2026
#@# area and vertex vol lh Tue Mar 10 05:50:24 CET 2026
#@# white curv rh Tue Mar 10 05:50:24 CET 2026
#@# white area rh Tue Mar 10 05:50:24 CET 2026
#@# pial curv rh Tue Mar 10 05:50:24 CET 2026
#@# pial area rh Tue Mar 10 05:50:24 CET 2026
#@# thickness rh Tue Mar 10 05:50:25 CET 2026
#@# area and vertex vol rh Tue Mar 10 05:50:25 CET 2026
#@# Cortical ribbon mask Tue Mar 10 05:50:25 CET 2026
recon-all -s sub-v1s5x0050728_ses-1 finished without error at Tue Mar 10 05:53:05 CET 2026



#New# invocation of recon-all 



status file for recon-all
Tue Mar 10 05:57:51 CET 2026
#@# white curv lh Tue Mar 10 05:57:51 CET 2026
#@# white area lh Tue Mar 10 05:57:51 CET 2026
#@# pial curv lh Tue Mar 10 05:57:51 CET 2026
#@# pial area lh Tue Mar 10 05:57:51 CET 2026
#@# thickness lh Tue Mar 10 05:57:51 CET 2026
#@# area and vertex vol lh Tue Mar 10 05:57:51 CET 2026
#@# white curv rh Tue Mar 10 05:57:51 CET 2026
#@# white area rh Tue Mar 10 05:57:51 CET 2026
#@# pial curv rh Tue Mar 10 05:57:51 CET 2026
#@# pial area rh Tue Mar 10 05:57:51 CET 2026
#@# thickness rh Tue Mar 10 05:57:51 CET 2026
#@# area and vertex vol rh Tue Mar 10 05:57:51 CET 2026
#@# Curvature Stats lh Tue Mar 10 05:57:51 CET 2026
#@# Curvature Stats rh Tue Mar 10 05:57:52 CET 2026
#@# Relabel Hypointensities Tue Mar 10 05:57:54 CET 2026
#@# APas-to-ASeg Tue Mar 10 05:58:04 CET 2026
#@# AParc-to-ASeg aparc Tue Mar 10 05:58:10 CET 2026
#@# AParc-to-ASeg aparc.a2009s Tue Mar 10 05:58:29 CET 2026
#@# AParc-to-ASeg aparc.DKTatlas Tue Mar 10 05:58:47 CET 2026
#@# WMParc Tue Mar 10 05:59:06 CET 2026
#@# ASeg Stats Tue Mar 10 06:00:53 CET 2026
recon-all -s sub-v1s5x0050728_ses-1 finished without error at Tue Mar 10 06:01:14 CET 2026
