status file for recon-all
Tue Mar 10 05:26:18 CET 2026
#@# Tessellate rh Tue Mar 10 05:26:18 CET 2026
#@# Smooth1 rh Tue Mar 10 05:26:21 CET 2026
#@# Inflation1 rh Tue Mar 10 05:26:23 CET 2026
#@# QSphere rh Tue Mar 10 05:26:34 CET 2026
#@# Fix Topology rh Tue Mar 10 05:27:46 CET 2026
#@# Smooth2 rh Tue Mar 10 05:32:42 CET 2026
#@# Inflation2 rh Tue Mar 10 05:32:44 CET 2026
#@# Curv .H and .K rh Tue Mar 10 05:32:55 CET 2026
#@# Sphere rh Tue Mar 10 05:33:27 CET 2026
#@# Surf Reg rh Tue Mar 10 05:37:10 CET 2026
#@# Jacobian white rh Tue Mar 10 05:44:06 CET 2026
#@# AvgCurv rh Tue Mar 10 05:44:06 CET 2026
#@# Cortical Parc rh Tue Mar 10 05:44:07 CET 2026
#@# white curv rh Tue Mar 10 05:49:38 CET 2026
#@# white area rh Tue Mar 10 05:49:40 CET 2026
#@# pial curv rh Tue Mar 10 05:49:40 CET 2026
#@# pial area rh Tue Mar 10 05:49:42 CET 2026
#@# thickness rh Tue Mar 10 05:49:42 CET 2026
#@# area and vertex vol rh Tue Mar 10 05:49:59 CET 2026
#@# Curvature Stats rh Tue Mar 10 05:50:00 CET 2026
#@# Cortical Parc 2 rh Tue Mar 10 05:50:01 CET 2026
#@# Cortical Parc 3 rh Tue Mar 10 05:50:11 CET 2026
#@# WM/GM Contrast rh Tue Mar 10 05:50:17 CET 2026
recon-all -s sub-v1s5x0050728_ses-1 finished without error at Tue Mar 10 05:50:20 CET 2026



#New# invocation of recon-all 



status file for recon-all
Tue Mar 10 05:55:33 CET 2026
#@# white curv rh Tue Mar 10 05:55:33 CET 2026
#@# white area rh Tue Mar 10 05:55:33 CET 2026
#@# pial curv rh Tue Mar 10 05:55:33 CET 2026
#@# pial area rh Tue Mar 10 05:55:33 CET 2026
#@# thickness rh Tue Mar 10 05:55:33 CET 2026
#@# area and vertex vol rh Tue Mar 10 05:55:33 CET 2026
#@# Parcellation Stats rh Tue Mar 10 05:55:33 CET 2026
#@# Parcellation Stats 2 rh Tue Mar 10 05:55:47 CET 2026
#@# Parcellation Stats 3 rh Tue Mar 10 05:55:53 CET 2026
#@# BA_exvivo Labels rh Tue Mar 10 05:55:59 CET 2026
recon-all -s sub-v1s5x0050728_ses-1 finished without error at Tue Mar 10 05:57:47 CET 2026
