/out/sourcedata/freesurfer/sub-v1s5x0050728_ses-1/mri
/opt/freesurfer/bin/talairach_avi
--i orig_nu.mgz --xfm transforms/talairach.auto.xfm
talairach_avi 7.3.2
Linux dna067 5.14.0-427.37.1.el9_4.x86_64 #1 SMP PREEMPT_DYNAMIC Fri Sep 13 12:41:50 EDT 2024 x86_64 x86_64 x86_64 GNU/Linux
Tue Mar 10 03:41:26 CET 2026
mri_convert orig_nu.mgz talsrcimg.img 
reading from orig_nu.mgz...
TR=0.00, TE=0.00, TI=0.00, flip angle=0.00
i_ras = (-1, 6.0536e-09, 7.45058e-09)
j_ras = (0, 4.65661e-10, -1)
k_ras = (-2.38651e-09, 1, -9.31323e-10)
writing to talsrcimg.img...
Analyze Output Matrix
-1.00000   0.00000  -0.00000   131.51175;
 0.00000   0.00000   1.00000  -124.64241;
 0.00000  -1.00000  -0.00000   147.02083;
 0.00000   0.00000   0.00000   1.00000;
--------------------
INFO: set hdr.hist.orient to -1
mpr2mni305 talsrcimg
Tue Mar 10 03:41:26 CET 2026
/opt/freesurfer/bin/mpr2mni305 talsrcimg
mpr2mni305 7.3.2
target=711-2C_as_mni_average_305

---------------------------------------------------------------------
analyzeto4dfp talsrcimg -O0 -y
---------------------------------------------------------------------

freesurfer ifh2hdr.c
Tue Mar 10 03:41:26 2026
Writing: talsrcimg.4dfp.hdr
freesurfer analyzeto4dfp.c
Reading: talsrcimg.hdr
header size 348 bytes
hdr.dime.datatype	offset=70	value=2
hdr.dime.bitpix		offset=72	value=8
hdr.hist.orient		offset=252	value=-1
dimensionality     4
dimensions       256       256       256         1
Reading: talsrcimg.img
Writing: talsrcimg.4dfp.img
Writing: talsrcimg.4dfp.ifh
ifh2hdr talsrcimg -r0to236
ori=2

---------------------------------------------------------------------
gauss_4dfp talsrcimg 1.1
---------------------------------------------------------------------

freesurfer gauss_4dfp.c
Reading: talsrcimg.4dfp.img
Writing: talsrcimg_g11.4dfp.img
image dimensions 256 256 256 padded to 288 288 288
processing volume 1freesurfer ifh2hdr.c
Tue Mar 10 03:41:28 2026
Writing: talsrcimg_g11.4dfp.hdr

Writing: talsrcimg_g11.4dfp.ifh
including: talsrcimg.4dfp.img.rec in talsrcimg_g11.4dfp.img.rec

---------------------------------------------------------------------
imgreg_4dfp /opt/freesurfer/average/711-2C_as_mni_average_305 none talsrcimg_g11 none talsrcimg_to_711-2C_as_mni_average_305_t4 4355
---------------------------------------------------------------------

freesurfer imgreg_4dfp.c
/opt/freesurfer/average/711-2C_as_mni_average_305.4dfp.img
       256       256       256         1
  1.000000  1.000000  1.000000
orientation T byte_order littleendian
Reading image: /opt/freesurfer/average/711-2C_as_mni_average_305.4dfp.img
dimensions:      256       256       256
mmppix:       1.0000   -1.0000   -1.0000
center:     128.0000 -129.0000 -129.0000
talsrcimg_g11.4dfp.img
       256       256       256         1
  1.000000  1.000000  1.000000
orientation T byte_order littleendian
Reading image: talsrcimg_g11.4dfp.img
dimensions:      256       256       256
mmppix:       1.0000   -1.0000   -1.0000
center:     128.0000 -129.0000 -129.0000
t4_read: open error in t4_sub.f l:  41 t4_file(1:l)talsrcimg_to_711-2C_as_mni_average_305_t4 
t4_read: transform initialized to I4
rotation matrix determinant  1.000000
image alignment mode   4355 decimal     1103 hex
   -7.5000  -45.0000  -45.0000 8101.4888   16.7767
    0.0000  -45.0000  -45.0000 8445.0957   16.7683
    7.5000  -45.0000  -45.0000 8164.8525   16.7617
   -7.5000  -37.5000  -45.0000 8573.9238   16.6653
    0.0000  -37.5000  -45.0000 8945.3984   16.6580
    7.5000  -37.5000  -45.0000 8620.7236   16.6396
   -7.5000  -30.0000  -45.0000 9401.0439   16.5935
    0.0000  -30.0000  -45.0000 9814.1729   16.5875
    7.5000  -30.0000  -45.0000 9432.7754   16.5619
   -7.5000  -22.5000  -45.000010256.3359   16.5690
    0.0000  -22.5000  -45.000010715.5645   16.5629
    7.5000  -22.5000  -45.000010303.5488   16.5420
   -7.5000  -15.0000  -45.000011023.2832   16.5578
    0.0000  -15.0000  -45.000011478.1650   16.5494
    7.5000  -15.0000  -45.000011029.3779   16.5392
   -7.5000   -7.5000  -45.000011568.3750   16.5657
    0.0000   -7.5000  -45.000012027.9277   16.5565
    7.5000   -7.5000  -45.000011531.9688   16.5528
   -7.5000    0.0000  -45.000011911.4775   16.5833
    0.0000    0.0000  -45.000012357.6152   16.5753
    7.5000    0.0000  -45.000011818.2363   16.5683
   -7.5000    7.5000  -45.000011312.1221   16.5932
    0.0000    7.5000  -45.000011729.0830   16.5861
    7.5000    7.5000  -45.000011188.6250   16.5680
   -7.5000   15.0000  -45.000010606.4766   16.5865
    0.0000   15.0000  -45.000011003.0566   16.5804
    7.5000   15.0000  -45.000010469.8115   16.5549
   -7.5000   22.5000  -45.0000 9884.6250   16.5664
    0.0000   22.5000  -45.000010237.5234   16.5603
    7.5000   22.5000  -45.0000 9758.3457   16.5395
   -7.5000   30.0000  -45.0000 9147.7529   16.3818
    0.0000   30.0000  -45.0000 9462.5117   16.3747
    7.5000   30.0000  -45.0000 9032.8350   16.3649
   -7.5000   37.5000  -45.0000 8860.5967   16.7281
    0.0000   37.5000  -45.0000 9138.6416   16.7214
    7.5000   37.5000  -45.0000 8714.8320   16.7174
   -7.5000   45.0000  -45.0000 8259.1992   16.8130
    0.0000   45.0000  -45.0000 8500.6641   16.8062
    7.5000   45.0000  -45.0000 8090.5918   16.7940
   -7.5000  -45.0000  -37.5000 8522.7539   16.7515
    0.0000  -45.0000  -37.5000 8918.6240   16.7410
    7.5000  -45.0000  -37.5000 8636.1426   16.7317
   -7.5000  -37.5000  -37.5000 9076.2129   16.6400
    0.0000  -37.5000  -37.5000 9468.1904   16.6311
    7.5000  -37.5000  -37.5000 9142.7100   16.6126
   -7.5000  -30.0000  -37.5000 9992.9414   16.5712
    0.0000  -30.0000  -37.500010426.3428   16.5648
    7.5000  -30.0000  -37.500010030.0254   16.5395
   -7.5000  -22.5000  -37.500010895.7803   16.5506
    0.0000  -22.5000  -37.500011393.1533   16.5449
    7.5000  -22.5000  -37.500010954.6768   16.5223
   -7.5000  -15.0000  -37.500011687.0469   16.5402
    0.0000  -15.0000  -37.500012187.9932   16.5319
    7.5000  -15.0000  -37.500011686.8740   16.5176
   -7.5000   -7.5000  -37.500012230.4482   16.5444
    0.0000   -7.5000  -37.500012745.5557   16.5340
    7.5000   -7.5000  -37.500012174.7549   16.5258
   -7.5000    0.0000  -37.500012592.7939   16.5582
    0.0000    0.0000  -37.500013084.4258   16.5481
    7.5000    0.0000  -37.500012487.7090   16.5385
   -7.5000    7.5000  -37.500011974.5967   16.5678
    0.0000    7.5000  -37.500012437.3486   16.5592
    7.5000    7.5000  -37.500011843.5137   16.5408
   -7.5000   15.0000  -37.500011241.2393   16.5642
    0.0000   15.0000  -37.500011663.2012   16.5578
    7.5000   15.0000  -37.500011099.3291   16.5325
   -7.5000   22.5000  -37.500010447.8105   16.5481
    0.0000   22.5000  -37.500010829.6709   16.5423
    7.5000   22.5000  -37.500010305.6543   16.5197
   -7.5000   30.0000  -37.5000 9641.2686   16.3638
    0.0000   30.0000  -37.500010017.4697   16.3569
    7.5000   30.0000  -37.5000 9543.5029   16.3429
   -7.5000   37.5000  -37.5000 9347.4834   16.7020
    0.0000   37.5000  -37.5000 9693.6084   16.6929
    7.5000   37.5000  -37.5000 9216.9668   16.6838
   -7.5000   45.0000  -37.5000 8686.9043   16.7832
    0.0000   45.0000  -37.5000 9003.3652   16.7740
    7.5000   45.0000  -37.5000 8546.7910   16.7606
   -7.5000  -45.0000  -30.0000 9118.0264   17.4512
    0.0000  -45.0000  -30.0000 9537.7441   17.4366
    7.5000  -45.0000  -30.0000 9217.9336   17.4208
   -7.5000  -37.5000  -30.0000 9740.4922   17.3311
    0.0000  -37.5000  -30.000010151.6211   17.3190
    7.5000  -37.5000  -30.0000 9786.3389   17.2974
   -7.5000  -30.0000  -30.000010724.0605   17.2607
    0.0000  -30.0000  -30.000011188.0371   17.2544
    7.5000  -30.0000  -30.000010753.4883   17.2282
   -7.5000  -22.5000  -30.000011688.4258   17.2460
    0.0000  -22.5000  -30.000012197.6641   17.2428
    7.5000  -22.5000  -30.000011725.1963   17.2171
   -7.5000  -15.0000  -30.000012537.8281   17.2388
    0.0000  -15.0000  -30.000013044.6836   17.2327
    7.5000  -15.0000  -30.000012501.2695   17.2124
   -7.5000   -7.5000  -30.000013090.2354   17.2407
    0.0000   -7.5000  -30.000013610.0186   17.2294
    7.5000   -7.5000  -30.000013026.7793   17.2139
   -7.5000    0.0000  -30.000013461.8340   17.2497
    0.0000    0.0000  -30.000013968.0361   17.2357
    7.5000    0.0000  -30.000013341.8311   17.2198
   -7.5000    7.5000  -30.000012836.2119   17.2557
    0.0000    7.5000  -30.000013342.8574   17.2438
    7.5000    7.5000  -30.000012676.5703   17.2224
   -7.5000   15.0000  -30.000012070.0547   17.2536
    0.0000   15.0000  -30.000012546.0225   17.2472
    7.5000   15.0000  -30.000011896.0547   17.2210
   -7.5000   22.5000  -30.000011191.1904   17.2415
    0.0000   22.5000  -30.000011645.2773   17.2383
    7.5000   22.5000  -30.000011016.3828   17.2127
   -7.5000   30.0000  -30.000010295.1768   17.0553
    0.0000   30.0000  -30.000010726.2207   17.0510
    7.5000   30.0000  -30.000010155.1279   17.0310
   -7.5000   37.5000  -30.0000 9942.4668   17.4042
    0.0000   37.5000  -30.000010342.8008   17.3933
    7.5000   37.5000  -30.0000 9785.9629   17.3760
   -7.5000   45.0000  -30.0000 9254.4473   17.4953
    0.0000   45.0000  -30.0000 9596.2715   17.4805
    7.5000   45.0000  -30.0000 9064.3428   17.4605
   -7.5000  -45.0000  -22.5000 9768.1377   18.0553
    0.0000  -45.0000  -22.500010166.1455   18.0381
    7.5000  -45.0000  -22.5000 9782.0361   18.0179
   -7.5000  -37.5000  -22.500010391.4404   17.9288
    0.0000  -37.5000  -22.500010820.0947   17.9141
    7.5000  -37.5000  -22.500010390.1387   17.8891
   -7.5000  -30.0000  -22.500011431.5605   17.8544
    0.0000  -30.0000  -22.500011911.8018   17.8474
    7.5000  -30.0000  -22.500011412.7842   17.8194
   -7.5000  -22.5000  -22.500012451.7119   17.8397
    0.0000  -22.5000  -22.500012975.3018   17.8382
    7.5000  -22.5000  -22.500012419.0684   17.8111
   -7.5000  -15.0000  -22.500013291.3340   17.8333
    0.0000  -15.0000  -22.500013861.5352   17.8297
    7.5000  -15.0000  -22.500013244.8867   17.8074
   -7.5000   -7.5000  -22.500013880.4531   17.8373
    0.0000   -7.5000  -22.500014442.2295   17.8263
    7.5000   -7.5000  -22.500013789.8594   17.8075
   -7.5000    0.0000  -22.500014281.0078   17.8471
    0.0000    0.0000  -22.500014818.2285   17.8307
    7.5000    0.0000  -22.500014142.4766   17.8106
   -7.5000    7.5000  -22.500013656.5371   17.8508
    0.0000    7.5000  -22.500014196.7744   17.8364
    7.5000    7.5000  -22.500013462.0449   17.8117
   -7.5000   15.0000  -22.500012867.4600   17.8471
    0.0000   15.0000  -22.500013372.6533   17.8401
    7.5000   15.0000  -22.500012650.9131   17.8120
   -7.5000   22.5000  -22.500011938.5078   17.8339
    0.0000   22.5000  -22.500012427.2910   17.8324
    7.5000   22.5000  -22.500011743.7188   17.8053
   -7.5000   30.0000  -22.500010956.0576   17.6454
    0.0000   30.0000  -22.500011435.8701   17.6436
    7.5000   30.0000  -22.500010804.0586   17.6218
   -7.5000   37.5000  -22.500010562.2939   18.0115
    0.0000   37.5000  -22.500011003.4248   18.0013
    7.5000   37.5000  -22.500010381.3818   17.9805
   -7.5000   45.0000  -22.5000 9815.3096   18.1178
    0.0000   45.0000  -22.500010180.0957   18.0984
    7.5000   45.0000  -22.5000 9603.2988   18.0723
   -7.5000  -45.0000  -15.000010383.2598   18.4979
    0.0000  -45.0000  -15.000010777.5469   18.4812
    7.5000  -45.0000  -15.000010354.3281   18.4622
   -7.5000  -37.5000  -15.000011047.2246   18.3685
    0.0000  -37.5000  -15.000011490.0977   18.3539
    7.5000  -37.5000  -15.000010997.6133   18.3274
   -7.5000  -30.0000  -15.000012129.9844   18.2885
    0.0000  -30.0000  -15.000012614.3701   18.2809
    7.5000  -30.0000  -15.000012063.6289   18.2510
   -7.5000  -22.5000  -15.000013168.4287   18.2686
    0.0000  -22.5000  -15.000013709.7930   18.2658
    7.5000  -22.5000  -15.000013127.0059   18.2395
   -7.5000  -15.0000  -15.000014037.0254   18.2611
    0.0000  -15.0000  -15.000014615.3691   18.2564
    7.5000  -15.0000  -15.000013960.5488   18.2376
   -7.5000   -7.5000  -15.000014653.1436   18.2699
    0.0000   -7.5000  -15.000015231.7188   18.2588
    7.5000   -7.5000  -15.000014530.9844   18.2434
   -7.5000    0.0000  -15.000015067.6982   18.2849
    0.0000    0.0000  -15.000015641.9697   18.2691
    7.5000    0.0000  -15.000014913.9355   18.2501
   -7.5000    7.5000  -15.000014377.3359   18.2888
    0.0000    7.5000  -15.000014939.0996   18.2745
    7.5000    7.5000  -15.000014173.3350   18.2485
   -7.5000   15.0000  -15.000013562.3662   18.2811
    0.0000   15.0000  -15.000014089.3271   18.2733
    7.5000   15.0000  -15.000013306.5928   18.2435
   -7.5000   22.5000  -15.000012610.7275   18.2619
    0.0000   22.5000  -15.000013114.0244   18.2590
    7.5000   22.5000  -15.000012400.4482   18.2328
   -7.5000   30.0000  -15.000011594.1025   18.0717
    0.0000   30.0000  -15.000012083.4766   18.0685
    7.5000   30.0000  -15.000011393.3789   18.0504
   -7.5000   37.5000  -15.000011182.7100   18.4556
    0.0000   37.5000  -15.000011624.1846   18.4466
    7.5000   37.5000  -15.000010955.0381   18.4297
   -7.5000   45.0000  -15.000010364.9258   18.5776
    0.0000   45.0000  -15.000010762.4443   18.5587
    7.5000   45.0000  -15.000010149.6260   18.5320
   -7.5000  -45.0000   -7.500011018.9717   18.7190
    0.0000  -45.0000   -7.500011436.6689   18.7065
    7.5000  -45.0000   -7.500010988.6602   18.6944
   -7.5000  -37.5000   -7.500011725.7334   18.5907
    0.0000  -37.5000   -7.500012196.8604   18.5798
    7.5000  -37.5000   -7.500011673.8896   18.5562
   -7.5000  -30.0000   -7.500012855.3867   18.5083
    0.0000  -30.0000   -7.500013379.7119   18.5011
    7.5000  -30.0000   -7.500012809.2500   18.4715
   -7.5000  -22.5000   -7.500013937.9170   18.4827
    0.0000  -22.5000   -7.500014501.3398   18.4775
    7.5000  -22.5000   -7.500013879.2178   18.4534
   -7.5000  -15.0000   -7.500014804.7988   18.4730
    0.0000  -15.0000   -7.500015385.1963   18.4655
    7.5000  -15.0000   -7.500014693.7373   18.4523
   -7.5000   -7.5000   -7.500015401.8438   18.4843
    0.0000   -7.5000   -7.500016003.8467   18.4738
    7.5000   -7.5000   -7.500015278.5967   18.4659
   -7.5000    0.0000   -7.500015863.4746   18.5036
    0.0000    0.0000   -7.500016477.2129   18.4919
    7.5000    0.0000   -7.500015691.6816   18.4794
   -7.5000    7.5000   -7.500015119.0889   18.5104
    0.0000    7.5000   -7.500015691.9814   18.4998
    7.5000    7.5000   -7.500014885.8359   18.4765
   -7.5000   15.0000   -7.500014259.0088   18.5006
    0.0000   15.0000   -7.500014795.4424   18.4934
    7.5000   15.0000   -7.500013975.6582   18.4637
   -7.5000   22.5000   -7.500013273.0957   18.4739
    0.0000   22.5000   -7.500013793.0654   18.4687
    7.5000   22.5000   -7.500013043.0615   18.4446
   -7.5000   30.0000   -7.500012204.5879   18.2824
    0.0000   30.0000   -7.500012686.9082   18.2762
    7.5000   30.0000   -7.500012008.0703   18.2637
   -7.5000   37.5000   -7.500011748.9531   18.6740
    0.0000   37.5000   -7.500012223.8945   18.6664
    7.5000   37.5000   -7.500011545.8164   18.6580
   -7.5000   45.0000   -7.500010900.9775   18.8041
    0.0000   45.0000   -7.500011326.2754   18.7917
    7.5000   45.0000   -7.500010682.8477   18.7718
   -7.5000  -45.0000    0.000011554.0098   18.7524
    0.0000  -45.0000    0.000012005.4502   18.7430
    7.5000  -45.0000    0.000011528.1602   18.7357
   -7.5000  -37.5000    0.000012284.6582   18.6281
    0.0000  -37.5000    0.000012775.9639   18.6199
    7.5000  -37.5000    0.000012230.3984   18.5993
   -7.5000  -30.0000    0.000013487.0537   18.5477
    0.0000  -30.0000    0.000014013.3398   18.5409
    7.5000  -30.0000    0.000013398.0020   18.5122
   -7.5000  -22.5000    0.000014619.4189   18.5200
    0.0000  -22.5000    0.000015162.2334   18.5132
    7.5000  -22.5000    0.000014511.0859   18.4897
   -7.5000  -15.0000    0.000015457.1699   18.5074
    0.0000  -15.0000    0.000016032.4111   18.4980
    7.5000  -15.0000    0.000015352.7930   18.4866
   -7.5000   -7.5000    0.000016087.2441   18.5165
    0.0000   -7.5000    0.000016625.3457   18.5062
    7.5000   -7.5000    0.000015921.7422   18.5020
   -7.5000    0.0000    0.000016617.3164   18.5365
    0.0000    0.0000    0.000017188.2148   18.5276
    7.5000    0.0000    0.000016380.7715   18.5198
   -7.5000    7.5000    0.000015945.7314   18.5476
    0.0000    7.5000    0.000016506.2949   18.5396
    7.5000    7.5000    0.000015653.5908   18.5193
   -7.5000   15.0000    0.000015058.2158   18.5399
    0.0000   15.0000    0.000015543.5605   18.5330
    7.5000   15.0000    0.000014731.6055   18.5044
   -7.5000   22.5000    0.000013957.3838   18.5112
    0.0000   22.5000    0.000014447.2939   18.5043
    7.5000   22.5000    0.000013707.5547   18.4809
   -7.5000   30.0000    0.000012800.7207   18.3178
    0.0000   30.0000    0.000013227.4912   18.3098
    7.5000   30.0000    0.000012567.5518   18.2987
   -7.5000   37.5000    0.000012268.6289   18.7048
    0.0000   37.5000    0.000012699.4160   18.6973
    7.5000   37.5000    0.000012077.8652   18.6929
   -7.5000   45.0000    0.000011386.4326   18.8364
    0.0000   45.0000    0.000011768.8203   18.8288
    7.5000   45.0000    0.000011163.6787   18.8152
   -7.5000  -45.0000    7.500011205.9785   18.7443
    0.0000  -45.0000    7.500011681.1953   18.7326
    7.5000  -45.0000    7.500011229.1807   18.7222
   -7.5000  -37.5000    7.500011923.7666   18.6196
    0.0000  -37.5000    7.500012396.9648   18.6097
    7.5000  -37.5000    7.500011874.8027   18.5889
   -7.5000  -30.0000    7.500013108.2158   18.5425
    0.0000  -30.0000    7.500013570.8281   18.5354
    7.5000  -30.0000    7.500012979.2578   18.5071
   -7.5000  -22.5000    7.500014220.6924   18.5195
    0.0000  -22.5000    7.500014688.9658   18.5131
    7.5000  -22.5000    7.500014062.8096   18.4878
   -7.5000  -15.0000    7.500015032.2158   18.5079
    0.0000  -15.0000    7.500015512.0293   18.4985
    7.5000  -15.0000    7.500014810.6221   18.4825
   -7.5000   -7.5000    7.500015655.0010   18.5126
    0.0000   -7.5000    7.500016101.7119   18.5010
    7.5000   -7.5000    7.500015373.1250   18.4918
   -7.5000    0.0000    7.500016231.4912   18.5281
    0.0000    0.0000    7.500016668.5078   18.5168
    7.5000    0.0000    7.500015864.2939   18.5060
   -7.5000    7.5000    7.500015587.8184   18.5388
    0.0000    7.5000    7.500015989.1699   18.5291
    7.5000    7.5000    7.500015280.5420   18.5086
   -7.5000   15.0000    7.500014706.0908   18.5347
    0.0000   15.0000    7.500015099.8408   18.5276
    7.5000   15.0000    7.500014501.8027   18.4993
   -7.5000   22.5000    7.500013652.9248   18.5107
    0.0000   22.5000    7.500014066.2588   18.5042
    7.5000   22.5000    7.500013471.2656   18.4790
   -7.5000   30.0000    7.500012472.7354   18.3175
    0.0000   30.0000    7.500012862.2266   18.3099
    7.5000   30.0000    7.500012278.0527   18.2941
   -7.5000   37.5000    7.500011875.5117   18.6962
    0.0000   37.5000    7.500012258.4199   18.6859
    7.5000   37.5000    7.500011702.9824   18.6758
   -7.5000   45.0000    7.500010992.5254   18.8239
    0.0000   45.0000    7.500011347.8994   18.8137
    7.5000   45.0000    7.500010785.4834   18.7986
   -7.5000  -45.0000   15.000010785.4004   18.7397
    0.0000  -45.0000   15.000011239.3926   18.7240
    7.5000  -45.0000   15.000010766.2148   18.7070
   -7.5000  -37.5000   15.000011489.8105   18.6108
    0.0000  -37.5000   15.000011944.1367   18.5978
    7.5000  -37.5000   15.000011441.2461   18.5745
   -7.5000  -30.0000   15.000012650.1113   18.5351
    0.0000  -30.0000   15.000013073.7568   18.5283
    7.5000  -30.0000   15.000012523.8379   18.5002
   -7.5000  -22.5000   15.000013733.6611   18.5193
    0.0000  -22.5000   15.000014127.9014   18.5158
    7.5000  -22.5000   15.000013520.1484   18.4882
   -7.5000  -15.0000   15.000014516.1553   18.5115
    0.0000  -15.0000   15.000014874.4355   18.5050
    7.5000  -15.0000   15.000014228.4131   18.4831
   -7.5000   -7.5000   15.000015094.7646   18.5135
    0.0000   -7.5000   15.000015401.2617   18.5015
    7.5000   -7.5000   15.000014749.8789   18.4848
   -7.5000    0.0000   15.000015567.3145   18.5233
    0.0000    0.0000   15.000015887.7021   18.5082
    7.5000    0.0000   15.000015208.3916   18.4911
   -7.5000    7.5000   15.000014893.4395   18.5297
    0.0000    7.5000   15.000015224.7275   18.5170
    7.5000    7.5000   15.000014625.7012   18.4940
   -7.5000   15.0000   15.000014077.7148   18.5275
    0.0000   15.0000   15.000014471.4717   18.5206
    7.5000   15.0000   15.000013897.0508   18.4924
   -7.5000   22.5000   15.000013133.9043   18.5104
    0.0000   22.5000   15.000013580.5117   18.5070
    7.5000   22.5000   15.000012955.7061   18.4794
   -7.5000   30.0000   15.000011977.3203   18.3198
    0.0000   30.0000   15.000012406.6016   18.3153
    7.5000   30.0000   15.000011823.2100   18.2937
   -7.5000   37.5000   15.000011405.3066   18.6946
    0.0000   37.5000   15.000011759.8721   18.6829
    7.5000   37.5000   15.000011235.9717   18.6644
   -7.5000   45.0000   15.000010502.2480   18.8175
    0.0000   45.0000   15.000010831.0361   18.8015
    7.5000   45.0000   15.000010360.6152   18.7800
   -7.5000  -45.0000   22.500010288.3633   18.7429
    0.0000  -45.0000   22.500010669.1084   18.7250
    7.5000  -45.0000   22.500010218.2129   18.7040
   -7.5000  -37.5000   22.500010958.3057   18.6116
    0.0000  -37.5000   22.500011347.5645   18.5963
    7.5000  -37.5000   22.500010879.0186   18.5704
   -7.5000  -30.0000   22.500012091.5244   18.5343
    0.0000  -30.0000   22.500012472.4629   18.5271
    7.5000  -30.0000   22.500011953.5693   18.4979
   -7.5000  -22.5000   22.500013120.8340   18.5191
    0.0000  -22.5000   22.500013502.7031   18.5175
    7.5000  -22.5000   22.500012923.7598   18.4893
   -7.5000  -15.0000   22.500013844.9658   18.5124
    0.0000  -15.0000   22.500014260.3350   18.5087
    7.5000  -15.0000   22.500013614.3730   18.4855
   -7.5000   -7.5000   22.500014399.0674   18.5165
    0.0000   -7.5000   22.500014832.5000   18.5051
    7.5000   -7.5000   22.500014136.1064   18.4856
   -7.5000    0.0000   22.500014824.6855   18.5267
    0.0000    0.0000   22.500015264.1055   18.5096
    7.5000    0.0000   22.500014546.2451   18.4888
   -7.5000    7.5000   22.500014101.8770   18.5306
    0.0000    7.5000   22.500014514.6963   18.5156
    7.5000    7.5000   22.500013890.3066   18.4900
   -7.5000   15.0000   22.500013285.1514   18.5267
    0.0000   15.0000   22.500013660.5752   18.5194
    7.5000   15.0000   22.500013072.6016   18.4903
   -7.5000   22.5000   22.500012397.5996   18.5102
    0.0000   22.5000   22.500012760.9766   18.5087
    7.5000   22.5000   22.500012179.8389   18.4805
   -7.5000   30.0000   22.500011345.2988   18.3200
    0.0000   30.0000   22.500011702.7979   18.3180
    7.5000   30.0000   22.500011179.3721   18.2954
   -7.5000   37.5000   22.500010839.4219   18.7000
    0.0000   37.5000   22.500011174.1201   18.6894
    7.5000   37.5000   22.500010667.2070   18.6678
   -7.5000   45.0000   22.5000 9988.2227   18.8240
    0.0000   45.0000   22.500010330.0273   18.8038
    7.5000   45.0000   22.5000 9874.2676   18.7768
   -7.5000  -45.0000   30.0000 9704.0312   18.7523
    0.0000  -45.0000   30.000010067.9873   18.7354
    7.5000  -45.0000   30.0000 9640.9756   18.7161
   -7.5000  -37.5000   30.000010319.8096   18.6211
    0.0000  -37.5000   30.000010709.8379   18.6063
    7.5000  -37.5000   30.000010273.5332   18.5795
   -7.5000  -30.0000   30.000011393.3926   18.5400
    0.0000  -30.0000   30.000011789.7812   18.5323
    7.5000  -30.0000   30.000011305.4170   18.5019
   -7.5000  -22.5000   30.000012384.1436   18.5199
    0.0000  -22.5000   30.000012785.3857   18.5170
    7.5000  -22.5000   30.000012225.2686   18.4903
   -7.5000  -15.0000   30.000013023.0986   18.5123
    0.0000  -15.0000   30.000013477.1123   18.5075
    7.5000  -15.0000   30.000012848.8203   18.4884
   -7.5000   -7.5000   30.000013540.8008   18.5212
    0.0000   -7.5000   30.000013978.0029   18.5100
    7.5000   -7.5000   30.000013336.1533   18.4943
   -7.5000    0.0000   30.000013897.2969   18.5364
    0.0000    0.0000   30.000014327.1631   18.5204
    7.5000    0.0000   30.000013690.8867   18.5011
   -7.5000    7.5000   30.000013182.2676   18.5403
    0.0000    7.5000   30.000013602.3369   18.5259
    7.5000    7.5000   30.000013017.2178   18.4994
   -7.5000   15.0000   30.000012370.6299   18.5324
    0.0000   15.0000   30.000012738.4834   18.5246
    7.5000   15.0000   30.000012196.3545   18.4943
   -7.5000   22.5000   30.000011551.3320   18.5111
    0.0000   22.5000   30.000011870.1289   18.5082
    7.5000   22.5000   30.000011348.9473   18.4815
   -7.5000   30.0000   30.000010630.5664   18.3202
    0.0000   30.0000   30.000010911.6797   18.3170
    7.5000   30.0000   30.000010436.9131   18.2987
   -7.5000   37.5000   30.000010197.3936   18.7095
    0.0000   37.5000   30.000010486.8662   18.7004
    7.5000   37.5000   30.000010029.4307   18.6832
   -7.5000   45.0000   30.0000 9422.8887   18.8381
    0.0000   45.0000   30.0000 9722.4316   18.8189
    7.5000   45.0000   30.0000 9284.6152   18.7918
   -7.5000  -45.0000   37.5000 9402.9844   18.8258
    0.0000  -45.0000   37.5000 9805.8691   18.8133
    7.5000  -45.0000   37.5000 9414.4980   18.8010
   -7.5000  -37.5000   37.500010014.9434   18.6964
    0.0000  -37.5000   37.500010427.2314   18.6854
    7.5000  -37.5000   37.500010013.6562   18.6614
   -7.5000  -30.0000   37.500011045.7754   18.6134
    0.0000  -30.0000   37.500011471.2520   18.6061
    7.5000  -30.0000   37.500010984.3594   18.5760
   -7.5000  -22.5000   37.500011986.1943   18.5877
    0.0000  -22.5000   37.500012433.5791   18.5824
    7.5000  -22.5000   37.500011864.5039   18.5579
   -7.5000  -15.0000   37.500012573.5469   18.5779
    0.0000  -15.0000   37.500013063.2578   18.5703
    7.5000  -15.0000   37.500012454.2090   18.5568
   -7.5000   -7.5000   37.500013043.6240   18.5892
    0.0000   -7.5000   37.500013513.2686   18.5785
    7.5000   -7.5000   37.500012897.7754   18.5705
   -7.5000    0.0000   37.500013386.6240   18.6085
    0.0000    0.0000   37.500013854.8760   18.5966
    7.5000    0.0000   37.500013206.2539   18.5840
   -7.5000    7.5000   37.500012685.4736   18.6153
    0.0000    7.5000   37.500013119.2539   18.6046
    7.5000    7.5000   37.500012520.3975   18.5810
   -7.5000   15.0000   37.500011886.5947   18.6056
    0.0000   15.0000   37.500012274.5625   18.5983
    7.5000   15.0000   37.500011724.3467   18.5682
   -7.5000   22.5000   37.500011075.9385   18.5788
    0.0000   22.5000   37.500011432.0068   18.5735
    7.5000   22.5000   37.500010904.8193   18.5490
   -7.5000   30.0000   37.500010202.2480   18.3868
    0.0000   30.0000   37.500010518.6123   18.3806
    7.5000   30.0000   37.500010054.2236   18.3678
   -7.5000   37.5000   37.5000 9825.2686   18.7820
    0.0000   37.5000   37.500010115.2988   18.7744
    7.5000   37.5000   37.5000 9676.8242   18.7658
   -7.5000   45.0000   37.5000 9108.2529   18.9158
    0.0000   45.0000   37.5000 9400.9883   18.9033
    7.5000   45.0000   37.5000 8977.0342   18.8832
   -7.5000  -45.0000   45.0000 8622.1602   18.8672
    0.0000  -45.0000   45.0000 9040.4170   18.8577
    7.5000  -45.0000   45.0000 8679.4209   18.8501
   -7.5000  -37.5000   45.0000 9200.2256   18.7401
    0.0000  -37.5000   45.0000 9605.7861   18.7316
    7.5000  -37.5000   45.0000 9216.0127   18.7100
   -7.5000  -30.0000   45.000010159.9648   18.6577
    0.0000  -30.0000   45.000010592.2207   18.6505
    7.5000  -30.0000   45.000010120.1445   18.6202
   -7.5000  -22.5000   45.000011021.9238   18.6294
    0.0000  -22.5000   45.000011480.2080   18.6220
    7.5000  -22.5000   45.000010951.5176   18.5971
   -7.5000  -15.0000   45.000011557.2822   18.6169
    0.0000  -15.0000   45.000012014.9590   18.6070
    7.5000  -15.0000   45.000011462.1602   18.5948
   -7.5000   -7.5000   45.000011966.4727   18.6267
    0.0000   -7.5000   45.000012415.5869   18.6162
    7.5000   -7.5000   45.000011852.5166   18.6118
   -7.5000    0.0000   45.000012286.9912   18.6472
    0.0000    0.0000   45.000012716.5078   18.6382
    7.5000    0.0000   45.000012103.6836   18.6300
   -7.5000    7.5000   45.000011632.1885   18.6581
    0.0000    7.5000   45.000012026.1992   18.6499
    7.5000    7.5000   45.000011470.7451   18.6286
   -7.5000   15.0000   45.000010881.9600   18.6498
    0.0000   15.0000   45.000011229.9014   18.6425
    7.5000   15.0000   45.000010722.1631   18.6122
   -7.5000   22.5000   45.000010125.8818   18.6205
    0.0000   22.5000   45.000010465.8887   18.6130
    7.5000   22.5000   45.0000 9989.1152   18.5882
   -7.5000   30.0000   45.0000 9373.2998   18.4252
    0.0000   30.0000   45.0000 9679.6270   18.4167
    7.5000   30.0000   45.0000 9229.4824   18.4049
   -7.5000   37.5000   45.0000 9034.1982   18.8195
    0.0000   37.5000   45.0000 9323.9502   18.8118
    7.5000   37.5000   45.0000 8907.9512   18.8071
   -7.5000   45.0000   45.0000 8394.3555   18.9691
    0.0000   45.0000   45.0000 8674.7939   18.9613
    7.5000   45.0000   45.0000 8263.8271   18.9473

---------------------------------------------------------------------
imgreg_4dfp /opt/freesurfer/average/711-2C_as_mni_average_305 /opt/freesurfer/average/711-2B_as_mni_average_305_mask talsrcimg_g11 none talsrcimg_to_711-2C_as_mni_average_305_t4 4355
---------------------------------------------------------------------

freesurfer imgreg_4dfp.c
/opt/freesurfer/average/711-2C_as_mni_average_305.4dfp.img
       256       256       256         1
  1.000000  1.000000  1.000000
orientation T byte_order littleendian
Reading image: /opt/freesurfer/average/711-2C_as_mni_average_305.4dfp.img
dimensions:      256       256       256
mmppix:       1.0000   -1.0000   -1.0000
center:     128.0000 -129.0000 -129.0000
/opt/freesurfer/average/711-2B_as_mni_average_305_mask.4dfp.img
       256       256       256         1
  1.000000  1.000000  1.000000
orientation T byte_order littleendian
Reading mask: /opt/freesurfer/average/711-2B_as_mni_average_305_mask.4dfp.img (2306576 pixels)
talsrcimg_g11.4dfp.img
       256       256       256         1
  1.000000  1.000000  1.000000
orientation T byte_order littleendian
Reading image: talsrcimg_g11.4dfp.img
dimensions:      256       256       256
mmppix:       1.0000   -1.0000   -1.0000
center:     128.0000 -129.0000 -129.0000
rotation matrix determinant  1.000000
image alignment mode   4355 decimal     1103 hex
   -7.5000  -45.0000  -45.0000 2081.3730   20.5244
    0.0000  -45.0000  -45.0000 2106.1499   20.2037
    7.5000  -45.0000  -45.0000 2104.2878   20.2944
   -7.5000  -37.5000  -45.0000 2106.0051   19.7401
    0.0000  -37.5000  -45.0000 2132.1782   19.4312
    7.5000  -37.5000  -45.0000 2122.0415   19.5211
   -7.5000  -30.0000  -45.0000 2122.4866   19.1960
    0.0000  -30.0000  -45.0000 2153.8933   18.9042
    7.5000  -30.0000  -45.0000 2141.1021   19.0971
   -7.5000  -22.5000  -45.0000 2155.5144   18.8919
    0.0000  -22.5000  -45.0000 2186.4961   18.6528
    7.5000  -22.5000  -45.0000 2171.6748   18.8466
   -7.5000  -15.0000  -45.0000 2186.4028   18.6335
    0.0000  -15.0000  -45.0000 2210.3850   18.4644
    7.5000  -15.0000  -45.0000 2194.3110   18.6646
   -7.5000   -7.5000  -45.0000 2202.2036   18.4861
    0.0000   -7.5000  -45.0000 2221.8550   18.3209
    7.5000   -7.5000  -45.0000 2203.6394   18.4960
   -7.5000    0.0000  -45.0000 2202.9250   18.3999
    0.0000    0.0000  -45.0000 2216.2649   18.2636
    7.5000    0.0000  -45.0000 2193.8281   18.3941
   -7.5000    7.5000  -45.0000 2195.3503   18.4609
    0.0000    7.5000  -45.0000 2202.9456   18.3272
    7.5000    7.5000  -45.0000 2172.6743   18.4832
   -7.5000   15.0000  -45.0000 2177.5471   18.6950
    0.0000   15.0000  -45.0000 2179.5903   18.5378
    7.5000   15.0000  -45.0000 2150.2793   18.7010
   -7.5000   22.5000  -45.0000 2157.1851   19.1815
    0.0000   22.5000  -45.0000 2159.9067   19.0108
    7.5000   22.5000  -45.0000 2129.3579   19.2394
   -7.5000   30.0000  -45.0000 2122.5879   20.0060
    0.0000   30.0000  -45.0000 2126.0273   19.8366
    7.5000   30.0000  -45.0000 2092.1155   20.1357
   -7.5000   37.5000  -45.0000 2076.1262   21.2717
    0.0000   37.5000  -45.0000 2076.4348   21.0872
    7.5000   37.5000  -45.0000 2040.6052   21.4847
   -7.5000   45.0000  -45.0000 2001.9514   23.0221
    0.0000   45.0000  -45.0000 2000.0048   22.8367
    7.5000   45.0000  -45.0000 1963.4551   23.2998
   -7.5000  -45.0000  -37.5000 2168.2834   18.8454
    0.0000  -45.0000  -37.5000 2195.4272   18.5014
    7.5000  -45.0000  -37.5000 2196.5166   18.6116
   -7.5000  -37.5000  -37.5000 2199.5576   18.0960
    0.0000  -37.5000  -37.5000 2227.1763   17.8103
    7.5000  -37.5000  -37.5000 2220.8123   17.9094
   -7.5000  -30.0000  -37.5000 2223.6484   17.5684
    0.0000  -30.0000  -37.5000 2254.9104   17.3263
    7.5000  -30.0000  -37.5000 2245.8538   17.4584
   -7.5000  -22.5000  -37.5000 2260.0095   17.1883
    0.0000  -22.5000  -37.5000 2293.6697   17.0161
    7.5000  -22.5000  -37.5000 2278.9170   17.1408
   -7.5000  -15.0000  -37.5000 2286.3191   16.9215
    0.0000  -15.0000  -37.5000 2317.6294   16.7802
    7.5000  -15.0000  -37.5000 2299.0801   16.9319
   -7.5000   -7.5000  -37.5000 2301.4482   16.8020
    0.0000   -7.5000  -37.5000 2329.4644   16.6421
    7.5000   -7.5000  -37.5000 2304.5723   16.7859
   -7.5000    0.0000  -37.5000 2311.4312   16.7879
    0.0000    0.0000  -37.5000 2324.9856   16.6692
    7.5000    0.0000  -37.5000 2300.7012   16.7866
   -7.5000    7.5000  -37.5000 2303.8923   16.8996
    0.0000    7.5000  -37.5000 2309.7957   16.8149
    7.5000    7.5000  -37.5000 2278.7314   16.9374
   -7.5000   15.0000  -37.5000 2284.6282   17.1824
    0.0000   15.0000  -37.5000 2286.8982   17.0851
    7.5000   15.0000  -37.5000 2255.1594   17.1936
   -7.5000   22.5000  -37.5000 2257.2046   17.6332
    0.0000   22.5000  -37.5000 2255.0396   17.5389
    7.5000   22.5000  -37.5000 2226.2932   17.7294
   -7.5000   30.0000  -37.5000 2213.6165   18.4381
    0.0000   30.0000  -37.5000 2218.5232   18.3263
    7.5000   30.0000  -37.5000 2187.4900   18.5476
   -7.5000   37.5000  -37.5000 2161.6729   19.6095
    0.0000   37.5000  -37.5000 2164.1877   19.4856
    7.5000   37.5000  -37.5000 2129.2070   19.7620
   -7.5000   45.0000  -37.5000 2083.1494   21.2466
    0.0000   45.0000  -37.5000 2080.9839   21.1010
    7.5000   45.0000  -37.5000 2046.7340   21.4602
   -7.5000  -45.0000  -30.0000 2291.4558   18.1116
    0.0000  -45.0000  -30.0000 2324.6604   17.7573
    7.5000  -45.0000  -30.0000 2324.4138   17.7988
   -7.5000  -37.5000  -30.0000 2330.0232   17.3426
    0.0000  -37.5000  -30.0000 2362.3516   17.0420
    7.5000  -37.5000  -30.0000 2354.7908   17.0942
   -7.5000  -30.0000  -30.0000 2359.6677   16.7719
    0.0000  -30.0000  -30.0000 2392.5703   16.5187
    7.5000  -30.0000  -30.0000 2380.0725   16.6012
   -7.5000  -22.5000  -30.0000 2394.7500   16.2830
    0.0000  -22.5000  -30.0000 2430.8857   16.1289
    7.5000  -22.5000  -30.0000 2417.4834   16.2561
   -7.5000  -15.0000  -30.0000 2421.2263   16.0186
    0.0000  -15.0000  -30.0000 2450.5134   15.8457
    7.5000  -15.0000  -30.0000 2434.1904   15.9750
   -7.5000   -7.5000  -30.0000 2437.4214   15.8995
    0.0000   -7.5000  -30.0000 2463.2925   15.6997
    7.5000   -7.5000  -30.0000 2443.0605   15.8214
   -7.5000    0.0000  -30.0000 2452.0894   15.9240
    0.0000    0.0000  -30.0000 2464.0820   15.7706
    7.5000    0.0000  -30.0000 2437.1279   15.8150
   -7.5000    7.5000  -30.0000 2454.3201   15.9925
    0.0000    7.5000  -30.0000 2463.4158   15.9419
    7.5000    7.5000  -30.0000 2427.1729   16.0039
   -7.5000   15.0000  -30.0000 2444.7817   16.2898
    0.0000   15.0000  -30.0000 2446.3064   16.2627
    7.5000   15.0000  -30.0000 2408.4985   16.3161
   -7.5000   22.5000  -30.0000 2413.1001   16.8200
    0.0000   22.5000  -30.0000 2417.0190   16.7751
    7.5000   22.5000  -30.0000 2376.2087   16.9112
   -7.5000   30.0000  -30.0000 2360.0908   17.6428
    0.0000   30.0000  -30.0000 2368.5713   17.5835
    7.5000   30.0000  -30.0000 2328.5078   17.7253
   -7.5000   37.5000  -30.0000 2294.4688   18.7762
    0.0000   37.5000  -30.0000 2296.7485   18.6876
    7.5000   37.5000  -30.0000 2258.6069   18.8977
   -7.5000   45.0000  -30.0000 2211.1609   20.3436
    0.0000   45.0000  -30.0000 2207.3865   20.2317
    7.5000   45.0000  -30.0000 2166.5913   20.4810
   -7.5000  -45.0000  -22.5000 2390.9753   17.4082
    0.0000  -45.0000  -22.5000 2417.9783   17.0513
    7.5000  -45.0000  -22.5000 2414.2021   17.0815
   -7.5000  -37.5000  -22.5000 2427.7380   16.5893
    0.0000  -37.5000  -22.5000 2460.2478   16.2673
    7.5000  -37.5000  -22.5000 2452.3472   16.3118
   -7.5000  -30.0000  -22.5000 2464.2375   15.9230
    0.0000  -30.0000  -22.5000 2496.0247   15.6914
    7.5000  -30.0000  -22.5000 2482.4829   15.7642
   -7.5000  -22.5000  -22.5000 2500.0471   15.4167
    0.0000  -22.5000  -22.5000 2531.8369   15.2505
    7.5000  -22.5000  -22.5000 2516.5762   15.3257
   -7.5000  -15.0000  -22.5000 2526.3159   15.0633
    0.0000  -15.0000  -22.5000 2559.3083   14.9433
    7.5000  -15.0000  -22.5000 2540.3635   15.0107
   -7.5000   -7.5000  -22.5000 2552.2295   14.9127
    0.0000   -7.5000  -22.5000 2574.0239   14.7751
    7.5000   -7.5000  -22.5000 2554.3035   14.8310
   -7.5000    0.0000  -22.5000 2570.2051   14.9391
    0.0000    0.0000  -22.5000 2578.3311   14.8054
    7.5000    0.0000  -22.5000 2552.9846   14.8558
   -7.5000    7.5000  -22.5000 2587.2212   15.0586
    0.0000    7.5000  -22.5000 2592.7363   14.9784
    7.5000    7.5000  -22.5000 2550.9417   15.0203
   -7.5000   15.0000  -22.5000 2580.7510   15.3828
    0.0000   15.0000  -22.5000 2585.4927   15.3272
    7.5000   15.0000  -22.5000 2540.4209   15.3969
   -7.5000   22.5000  -22.5000 2548.3088   15.9244
    0.0000   22.5000  -22.5000 2554.3137   15.9120
    7.5000   22.5000  -22.5000 2509.7000   15.9697
   -7.5000   30.0000  -22.5000 2491.3657   16.7317
    0.0000   30.0000  -22.5000 2503.0300   16.7246
    7.5000   30.0000  -22.5000 2459.2185   16.8176
   -7.5000   37.5000  -22.5000 2417.1689   17.8333
    0.0000   37.5000  -22.5000 2421.2683   17.7706
    7.5000   37.5000  -22.5000 2377.8821   17.8998
   -7.5000   45.0000  -22.5000 2319.2151   19.3084
    0.0000   45.0000  -22.5000 2315.1887   19.2091
    7.5000   45.0000  -22.5000 2272.1182   19.3879
   -7.5000  -45.0000  -15.0000 2453.3313   16.7424
    0.0000  -45.0000  -15.0000 2476.4441   16.4325
    7.5000  -45.0000  -15.0000 2473.5454   16.4755
   -7.5000  -37.5000  -15.0000 2495.4673   15.8512
    0.0000  -37.5000  -15.0000 2526.2876   15.5544
    7.5000  -37.5000  -15.0000 2514.8721   15.6158
   -7.5000  -30.0000  -15.0000 2531.1687   15.1359
    0.0000  -30.0000  -15.0000 2560.9094   14.9112
    7.5000  -30.0000  -15.0000 2546.1423   14.9968
   -7.5000  -22.5000  -15.0000 2565.3328   14.6312
    0.0000  -22.5000  -15.0000 2594.6824   14.4253
    7.5000  -22.5000  -15.0000 2584.7473   14.5137
   -7.5000  -15.0000  -15.0000 2606.0039   14.2423
    0.0000  -15.0000  -15.0000 2634.5044   14.1021
    7.5000  -15.0000  -15.0000 2614.6785   14.1850
   -7.5000   -7.5000  -15.0000 2641.6892   14.0110
    0.0000   -7.5000  -15.0000 2660.4312   13.8911
    7.5000   -7.5000  -15.0000 2634.8186   13.9982
   -7.5000    0.0000  -15.0000 2671.2043   14.0126
    0.0000    0.0000  -15.0000 2679.1687   13.9044
    7.5000    0.0000  -15.0000 2645.1191   14.0097
   -7.5000    7.5000  -15.0000 2693.3438   14.1585
    0.0000    7.5000  -15.0000 2695.8997   14.0816
    7.5000    7.5000  -15.0000 2651.7717   14.1711
   -7.5000   15.0000  -15.0000 2688.2185   14.5080
    0.0000   15.0000  -15.0000 2694.2058   14.4348
    7.5000   15.0000  -15.0000 2642.2356   14.4973
   -7.5000   22.5000  -15.0000 2652.5742   15.0668
    0.0000   22.5000  -15.0000 2662.1990   15.0225
    7.5000   22.5000  -15.0000 2617.3674   15.0819
   -7.5000   30.0000  -15.0000 2592.4683   15.8463
    0.0000   30.0000  -15.0000 2603.6245   15.8157
    7.5000   30.0000  -15.0000 2556.5925   15.9018
   -7.5000   37.5000  -15.0000 2513.2773   16.8855
    0.0000   37.5000  -15.0000 2515.4775   16.8421
    7.5000   37.5000  -15.0000 2468.5698   16.9620
   -7.5000   45.0000  -15.0000 2399.7910   18.2920
    0.0000   45.0000  -15.0000 2395.1309   18.2157
    7.5000   45.0000  -15.0000 2351.8684   18.3530
   -7.5000  -45.0000   -7.5000 2494.9341   16.1676
    0.0000  -45.0000   -7.5000 2519.4407   15.8771
    7.5000  -45.0000   -7.5000 2519.6206   15.9380
   -7.5000  -37.5000   -7.5000 2539.3757   15.1923
    0.0000  -37.5000   -7.5000 2569.4656   14.9462
    7.5000  -37.5000   -7.5000 2561.8022   14.9910
   -7.5000  -30.0000   -7.5000 2572.5308   14.4566
    0.0000  -30.0000   -7.5000 2604.3357   14.2300
    7.5000  -30.0000   -7.5000 2596.0012   14.3147
   -7.5000  -22.5000   -7.5000 2610.8374   13.9094
    0.0000  -22.5000   -7.5000 2642.4202   13.7023
    7.5000  -22.5000   -7.5000 2631.5752   13.7932
   -7.5000  -15.0000   -7.5000 2661.7373   13.5111
    0.0000  -15.0000   -7.5000 2687.5698   13.3311
    7.5000  -15.0000   -7.5000 2665.8591   13.4587
   -7.5000   -7.5000   -7.5000 2708.7373   13.2717
    0.0000   -7.5000   -7.5000 2729.8430   13.1014
    7.5000   -7.5000   -7.5000 2696.1948   13.2447
   -7.5000    0.0000   -7.5000 2756.7803   13.2554
    0.0000    0.0000   -7.5000 2768.8269   13.1178
    7.5000    0.0000   -7.5000 2725.7400   13.2453
   -7.5000    7.5000   -7.5000 2785.6653   13.4215
    0.0000    7.5000   -7.5000 2791.1951   13.3293
    7.5000    7.5000   -7.5000 2740.0369   13.4565
   -7.5000   15.0000   -7.5000 2791.2126   13.7888
    0.0000   15.0000   -7.5000 2796.3586   13.6955
    7.5000   15.0000   -7.5000 2734.4707   13.7867
   -7.5000   22.5000   -7.5000 2752.4893   14.3324
    0.0000   22.5000   -7.5000 2758.6941   14.2451
    7.5000   22.5000   -7.5000 2708.5281   14.3266
   -7.5000   30.0000   -7.5000 2680.2942   15.0562
    0.0000   30.0000   -7.5000 2683.2976   14.9889
    7.5000   30.0000   -7.5000 2639.5608   15.0832
   -7.5000   37.5000   -7.5000 2579.4375   16.0053
    0.0000   37.5000   -7.5000 2582.1235   15.9572
    7.5000   37.5000   -7.5000 2535.4756   16.1171
   -7.5000   45.0000   -7.5000 2453.3931   17.4237
    0.0000   45.0000   -7.5000 2452.3328   17.3323
    7.5000   45.0000   -7.5000 2408.6633   17.5028
   -7.5000  -45.0000    0.0000 2520.3042   15.7379
    0.0000  -45.0000    0.0000 2553.6624   15.4741
    7.5000  -45.0000    0.0000 2551.4275   15.5337
   -7.5000  -37.5000    0.0000 2566.0693   14.7523
    0.0000  -37.5000    0.0000 2598.2261   14.5079
    7.5000  -37.5000    0.0000 2589.7771   14.5661
   -7.5000  -30.0000    0.0000 2602.4478   13.9636
    0.0000  -30.0000    0.0000 2632.4475   13.7337
    7.5000  -30.0000    0.0000 2618.8320   13.8083
   -7.5000  -22.5000    0.0000 2646.8401   13.3919
    0.0000  -22.5000    0.0000 2672.5635   13.1466
    7.5000  -22.5000    0.0000 2657.3042   13.2591
   -7.5000  -15.0000    0.0000 2695.7192   12.9775
    0.0000  -15.0000    0.0000 2720.4238   12.7412
    7.5000  -15.0000    0.0000 2697.9534   12.9139
   -7.5000   -7.5000    0.0000 2750.4800   12.7699
    0.0000   -7.5000    0.0000 2772.5542   12.5403
    7.5000   -7.5000    0.0000 2737.6143   12.7040
   -7.5000    0.0000    0.0000 2809.4734   12.7685
    0.0000    0.0000    0.0000 2828.2336   12.5580
    7.5000    0.0000    0.0000 2780.6758   12.7152
   -7.5000    7.5000    0.0000 2860.8936   12.9758
    0.0000    7.5000    0.0000 2878.4282   12.8045
    7.5000    7.5000    0.0000 2817.4661   12.9379
   -7.5000   15.0000    0.0000 2884.5403   13.3111
    0.0000   15.0000    0.0000 2892.5493   13.1511
    7.5000   15.0000    0.0000 2820.5688   13.3402
   -7.5000   22.5000    0.0000 2833.3584   13.8540
    0.0000   22.5000    0.0000 2839.4612   13.6976
    7.5000   22.5000    0.0000 2781.1711   13.8573
   -7.5000   30.0000    0.0000 2743.9534   14.5151
    0.0000   30.0000    0.0000 2740.7388   14.3809
    7.5000   30.0000    0.0000 2693.3186   14.5555
   -7.5000   37.5000    0.0000 2622.2004   15.4464
    0.0000   37.5000    0.0000 2623.2832   15.3388
    7.5000   37.5000    0.0000 2579.3386   15.5718
   -7.5000   45.0000    0.0000 2488.9919   16.8393
    0.0000   45.0000    0.0000 2487.7539   16.7132
    7.5000   45.0000    0.0000 2444.1965   16.9371
   -7.5000  -45.0000    7.5000 2531.4536   15.4762
    0.0000  -45.0000    7.5000 2578.6248   15.1948
    7.5000  -45.0000    7.5000 2572.8867   15.2511
   -7.5000  -37.5000    7.5000 2577.6663   14.4694
    0.0000  -37.5000    7.5000 2620.6472   14.1950
    7.5000  -37.5000    7.5000 2607.1665   14.2690
   -7.5000  -30.0000    7.5000 2615.5955   13.6793
    0.0000  -30.0000    7.5000 2647.6870   13.3942
    7.5000  -30.0000    7.5000 2627.6016   13.4760
   -7.5000  -22.5000    7.5000 2663.1201   13.0870
    0.0000  -22.5000    7.5000 2687.8220   12.8147
    7.5000  -22.5000    7.5000 2668.7683   12.9383
   -7.5000  -15.0000    7.5000 2715.5273   12.7043
    0.0000  -15.0000    7.5000 2740.3135   12.4305
    7.5000  -15.0000    7.5000 2708.9451   12.6137
   -7.5000   -7.5000    7.5000 2774.4595   12.5032
    0.0000   -7.5000    7.5000 2796.4421   12.2233
    7.5000   -7.5000    7.5000 2755.3120   12.4235
   -7.5000    0.0000    7.5000 2834.7668   12.5459
    0.0000    0.0000    7.5000 2854.1399   12.2819
    7.5000    0.0000    7.5000 2808.2681   12.4668
   -7.5000    7.5000    7.5000 2897.3477   12.7738
    0.0000    7.5000    7.5000 2919.5483   12.5192
    7.5000    7.5000    7.5000 2863.4253   12.7088
   -7.5000   15.0000    7.5000 2934.5815   13.0996
    0.0000   15.0000    7.5000 2956.2874   12.8628
    7.5000   15.0000    7.5000 2876.0400   13.1406
   -7.5000   22.5000    7.5000 2883.5864   13.5853
    0.0000   22.5000    7.5000 2900.2710   13.4024
    7.5000   22.5000    7.5000 2824.9087   13.7103
   -7.5000   30.0000    7.5000 2769.5437   14.2896
    0.0000   30.0000    7.5000 2775.6396   14.1445
    7.5000   30.0000    7.5000 2722.1145   14.3623
   -7.5000   37.5000    7.5000 2635.3203   15.1489
    0.0000   37.5000    7.5000 2637.1394   15.0355
    7.5000   37.5000    7.5000 2598.1870   15.2613
   -7.5000   45.0000    7.5000 2504.5269   16.4644
    0.0000   45.0000    7.5000 2501.9780   16.3482
    7.5000   45.0000    7.5000 2457.4072   16.5429
   -7.5000  -45.0000   15.0000 2518.7673   15.4086
    0.0000  -45.0000   15.0000 2564.4673   15.0963
    7.5000  -45.0000   15.0000 2553.8296   15.1789
   -7.5000  -37.5000   15.0000 2565.8074   14.3724
    0.0000  -37.5000   15.0000 2613.4199   14.0687
    7.5000  -37.5000   15.0000 2598.1729   14.1805
   -7.5000  -30.0000   15.0000 2610.5161   13.6282
    0.0000  -30.0000   15.0000 2647.9023   13.3104
    7.5000  -30.0000   15.0000 2626.8142   13.4321
   -7.5000  -22.5000   15.0000 2660.0298   13.0441
    0.0000  -22.5000   15.0000 2688.2532   12.7262
    7.5000  -22.5000   15.0000 2661.5840   12.8895
   -7.5000  -15.0000   15.0000 2714.8691   12.6731
    0.0000  -15.0000   15.0000 2737.3386   12.3629
    7.5000  -15.0000   15.0000 2701.6709   12.5534
   -7.5000   -7.5000   15.0000 2773.6133   12.4959
    0.0000   -7.5000   15.0000 2792.5891   12.1670
    7.5000   -7.5000   15.0000 2751.4839   12.4027
   -7.5000    0.0000   15.0000 2830.7278   12.5411
    0.0000    0.0000   15.0000 2845.1875   12.2354
    7.5000    0.0000   15.0000 2799.1160   12.4641
   -7.5000    7.5000   15.0000 2886.1694   12.7275
    0.0000    7.5000   15.0000 2900.9185   12.4755
    7.5000    7.5000   15.0000 2848.8435   12.7118
   -7.5000   15.0000   15.0000 2909.8105   13.0461
    0.0000   15.0000   15.0000 2928.6179   12.8613
    7.5000   15.0000   15.0000 2858.3787   13.1384
   -7.5000   22.5000   15.0000 2862.3552   13.6027
    0.0000   22.5000   15.0000 2886.9446   13.4737
    7.5000   22.5000   15.0000 2810.2432   13.7075
   -7.5000   30.0000   15.0000 2753.7722   14.2858
    0.0000   30.0000   15.0000 2767.5671   14.1600
    7.5000   30.0000   15.0000 2711.8311   14.3682
   -7.5000   37.5000   15.0000 2628.2981   15.1616
    0.0000   37.5000   15.0000 2630.7939   15.0149
    7.5000   37.5000   15.0000 2589.7427   15.2359
   -7.5000   45.0000   15.0000 2488.4678   16.4365
    0.0000   45.0000   15.0000 2491.5359   16.2863
    7.5000   45.0000   15.0000 2449.3943   16.4731
   -7.5000  -45.0000   22.5000 2478.3948   15.6687
    0.0000  -45.0000   22.5000 2520.6301   15.2756
    7.5000  -45.0000   22.5000 2504.7180   15.3876
   -7.5000  -37.5000   22.5000 2534.2678   14.6054
    0.0000  -37.5000   22.5000 2579.7273   14.2161
    7.5000  -37.5000   22.5000 2562.3391   14.3591
   -7.5000  -30.0000   22.5000 2587.7385   13.8558
    0.0000  -30.0000   22.5000 2626.8420   13.4767
    7.5000  -30.0000   22.5000 2605.9250   13.6214
   -7.5000  -22.5000   22.5000 2640.3601   13.2885
    0.0000  -22.5000   22.5000 2666.2964   12.9519
    7.5000  -22.5000   22.5000 2639.7053   13.1021
   -7.5000  -15.0000   22.5000 2690.3118   12.9227
    0.0000  -15.0000   22.5000 2715.3948   12.6317
    7.5000  -15.0000   22.5000 2677.8362   12.8075
   -7.5000   -7.5000   22.5000 2750.8020   12.7653
    0.0000   -7.5000   22.5000 2770.5798   12.5018
    7.5000   -7.5000   22.5000 2724.2371   12.6745
   -7.5000    0.0000   22.5000 2802.0205   12.8004
    0.0000    0.0000   22.5000 2814.7234   12.5598
    7.5000    0.0000   22.5000 2765.0930   12.7413
   -7.5000    7.5000   22.5000 2840.8804   12.9851
    0.0000    7.5000   22.5000 2850.0676   12.7492
    7.5000    7.5000   22.5000 2797.1387   12.9709
   -7.5000   15.0000   22.5000 2845.1521   13.2739
    0.0000   15.0000   22.5000 2854.2883   13.0865
    7.5000   15.0000   22.5000 2794.4482   13.3318
   -7.5000   22.5000   22.5000 2803.9917   13.7930
    0.0000   22.5000   22.5000 2818.6570   13.6659
    7.5000   22.5000   22.5000 2753.4075   13.8510
   -7.5000   30.0000   22.5000 2704.0715   14.4823
    0.0000   30.0000   22.5000 2718.9670   14.3619
    7.5000   30.0000   22.5000 2666.1807   14.5338
   -7.5000   37.5000   22.5000 2589.4602   15.4181
    0.0000   37.5000   22.5000 2595.5513   15.3045
    7.5000   37.5000   22.5000 2548.7649   15.4820
   -7.5000   45.0000   22.5000 2455.8716   16.6852
    0.0000   45.0000   22.5000 2462.9536   16.5502
    7.5000   45.0000   22.5000 2419.5027   16.7308
   -7.5000  -45.0000   30.0000 2428.6877   16.1512
    0.0000  -45.0000   30.0000 2465.2070   15.7440
    7.5000  -45.0000   30.0000 2453.3752   15.8606
   -7.5000  -37.5000   30.0000 2493.4297   15.0802
    0.0000  -37.5000   30.0000 2528.3154   14.6872
    7.5000  -37.5000   30.0000 2515.4966   14.8418
   -7.5000  -30.0000   30.0000 2551.2864   14.3412
    0.0000  -30.0000   30.0000 2580.9517   13.9749
    7.5000  -30.0000   30.0000 2563.8967   14.1116
   -7.5000  -22.5000   30.0000 2604.9749   13.8109
    0.0000  -22.5000   30.0000 2627.4753   13.4810
    7.5000  -22.5000   30.0000 2597.7332   13.6138
   -7.5000  -15.0000   30.0000 2645.8352   13.4523
    0.0000  -15.0000   30.0000 2672.1479   13.1573
    7.5000  -15.0000   30.0000 2636.6917   13.3047
   -7.5000   -7.5000   30.0000 2702.1089   13.2924
    0.0000   -7.5000   30.0000 2722.7903   13.0411
    7.5000   -7.5000   30.0000 2679.1125   13.1889
   -7.5000    0.0000   30.0000 2740.9912   13.2989
    0.0000    0.0000   30.0000 2758.0735   13.0508
    7.5000    0.0000   30.0000 2711.5000   13.2561
   -7.5000    7.5000   30.0000 2763.0742   13.4653
    0.0000    7.5000   30.0000 2778.4749   13.2262
    7.5000    7.5000   30.0000 2726.1599   13.4648
   -7.5000   15.0000   30.0000 2756.8831   13.7825
    0.0000   15.0000   30.0000 2764.1355   13.5694
    7.5000   15.0000   30.0000 2712.4519   13.8264
   -7.5000   22.5000   30.0000 2719.0513   14.2736
    0.0000   22.5000   30.0000 2727.2690   14.0796
    7.5000   22.5000   30.0000 2668.7515   14.3028
   -7.5000   30.0000   30.0000 2633.0518   14.9533
    0.0000   30.0000   30.0000 2644.0579   14.7869
    7.5000   30.0000   30.0000 2591.5005   14.9513
   -7.5000   37.5000   30.0000 2526.9868   15.9016
    0.0000   37.5000   30.0000 2532.7256   15.7480
    7.5000   37.5000   30.0000 2491.6287   15.9356
   -7.5000   45.0000   30.0000 2403.9985   17.1387
    0.0000   45.0000   30.0000 2409.1052   17.0207
    7.5000   45.0000   30.0000 2369.2939   17.1987
   -7.5000  -45.0000   37.5000 2370.5208   16.8897
    0.0000  -45.0000   37.5000 2407.0305   16.5086
    7.5000  -45.0000   37.5000 2397.8369   16.6146
   -7.5000  -37.5000   37.5000 2438.1938   15.8130
    0.0000  -37.5000   37.5000 2469.6873   15.4348
    7.5000  -37.5000   37.5000 2459.2830   15.5596
   -7.5000  -30.0000   37.5000 2496.5493   15.0318
    0.0000  -30.0000   37.5000 2524.5249   14.6840
    7.5000  -30.0000   37.5000 2504.6704   14.7980
   -7.5000  -22.5000   37.5000 2550.7983   14.4826
    0.0000  -22.5000   37.5000 2576.1042   14.1754
    7.5000  -22.5000   37.5000 2546.3030   14.2873
   -7.5000  -15.0000   37.5000 2590.4280   14.0948
    0.0000  -15.0000   37.5000 2620.4438   13.8505
    7.5000  -15.0000   37.5000 2585.8167   13.9809
   -7.5000   -7.5000   37.5000 2635.7910   13.9606
    0.0000   -7.5000   37.5000 2657.8665   13.7415
    7.5000   -7.5000   37.5000 2618.0415   13.9033
   -7.5000    0.0000   37.5000 2668.7329   14.0132
    0.0000    0.0000   37.5000 2687.5908   13.8002
    7.5000    0.0000   37.5000 2638.5693   13.9749
   -7.5000    7.5000   37.5000 2678.8638   14.1756
    0.0000    7.5000   37.5000 2688.5166   13.9940
    7.5000    7.5000   37.5000 2641.5623   14.1802
   -7.5000   15.0000   37.5000 2660.7434   14.4938
    0.0000   15.0000   37.5000 2669.0854   14.3046
    7.5000   15.0000   37.5000 2626.1431   14.5217
   -7.5000   22.5000   37.5000 2622.1570   14.9775
    0.0000   22.5000   37.5000 2626.8943   14.7886
    7.5000   22.5000   37.5000 2576.8506   15.0382
   -7.5000   30.0000   37.5000 2543.0078   15.6548
    0.0000   30.0000   37.5000 2549.3882   15.4813
    7.5000   30.0000   37.5000 2502.9243   15.6928
   -7.5000   37.5000   37.5000 2448.2253   16.5669
    0.0000   37.5000   37.5000 2449.5811   16.4048
    7.5000   37.5000   37.5000 2412.2590   16.6243
   -7.5000   45.0000   37.5000 2338.5757   17.7635
    0.0000   45.0000   37.5000 2341.7031   17.6845
    7.5000   45.0000   37.5000 2303.0132   17.8949
   -7.5000  -45.0000   45.0000 2296.5876   17.8958
    0.0000  -45.0000   45.0000 2336.5315   17.5201
    7.5000  -45.0000   45.0000 2327.8652   17.6166
   -7.5000  -37.5000   45.0000 2367.2954   16.7762
    0.0000  -37.5000   45.0000 2398.5671   16.4023
    7.5000  -37.5000   45.0000 2390.0059   16.5065
   -7.5000  -30.0000   45.0000 2431.9897   15.9569
    0.0000  -30.0000   45.0000 2460.1379   15.6140
    7.5000  -30.0000   45.0000 2438.0464   15.6762
   -7.5000  -22.5000   45.0000 2484.2668   15.3371
    0.0000  -22.5000   45.0000 2511.5334   15.0560
    7.5000  -22.5000   45.0000 2483.1250   15.1294
   -7.5000  -15.0000   45.0000 2526.3757   14.9941
    0.0000  -15.0000   45.0000 2547.9954   14.7273
    7.5000  -15.0000   45.0000 2516.5156   14.8288
   -7.5000   -7.5000   45.0000 2560.8975   14.8655
    0.0000   -7.5000   45.0000 2574.0403   14.6312
    7.5000   -7.5000   45.0000 2544.3906   14.7684
   -7.5000    0.0000   45.0000 2586.0417   14.9289
    0.0000    0.0000   45.0000 2595.4858   14.6999
    7.5000    0.0000   45.0000 2546.4021   14.8372
   -7.5000    7.5000   45.0000 2586.0276   15.0905
    0.0000    7.5000   45.0000 2590.8730   14.9124
    7.5000    7.5000   45.0000 2546.8735   15.0527
   -7.5000   15.0000   45.0000 2560.1311   15.4138
    0.0000   15.0000   45.0000 2562.9851   15.2214
    7.5000   15.0000   45.0000 2525.2317   15.4187
   -7.5000   22.5000   45.0000 2515.7014   15.9155
    0.0000   22.5000   45.0000 2521.3433   15.7476
    7.5000   22.5000   45.0000 2484.3728   15.9804
   -7.5000   30.0000   45.0000 2456.6704   16.5733
    0.0000   30.0000   45.0000 2460.9121   16.4145
    7.5000   30.0000   45.0000 2415.8193   16.6677
   -7.5000   37.5000   45.0000 2367.6853   17.4933
    0.0000   37.5000   45.0000 2368.4817   17.3330
    7.5000   37.5000   45.0000 2334.7212   17.5855
   -7.5000   45.0000   45.0000 2264.3682   18.7037
    0.0000   45.0000   45.0000 2269.4526   18.6085
    7.5000   45.0000   45.0000 2232.1785   18.8588

---------------------------------------------------------------------
imgreg_4dfp /opt/freesurfer/average/711-2C_as_mni_average_305 /opt/freesurfer/average/711-2B_as_mni_average_305_mask talsrcimg_g11 none talsrcimg_to_711-2C_as_mni_average_305_t4 1283
---------------------------------------------------------------------

freesurfer imgreg_4dfp.c
/opt/freesurfer/average/711-2C_as_mni_average_305.4dfp.img
       256       256       256         1
  1.000000  1.000000  1.000000
orientation T byte_order littleendian
Reading image: /opt/freesurfer/average/711-2C_as_mni_average_305.4dfp.img
dimensions:      256       256       256
mmppix:       1.0000   -1.0000   -1.0000
center:     128.0000 -129.0000 -129.0000
/opt/freesurfer/average/711-2B_as_mni_average_305_mask.4dfp.img
       256       256       256         1
  1.000000  1.000000  1.000000
orientation T byte_order littleendian
Reading mask: /opt/freesurfer/average/711-2B_as_mni_average_305_mask.4dfp.img (2306576 pixels)
talsrcimg_g11.4dfp.img
       256       256       256         1
  1.000000  1.000000  1.000000
orientation T byte_order littleendian
Reading image: talsrcimg_g11.4dfp.img
dimensions:      256       256       256
mmppix:       1.0000   -1.0000   -1.0000
center:     128.0000 -129.0000 -129.0000
rotation matrix determinant  1.000000
fimgreg.f
image alignment mode   1283 decimal      503 hex
parameters
    0.0000   15.0000    7.5000    0.0000    0.0000    0.0000
eta,q 0.92789 12.80030
niter,ni,del,rscale     5    3   12.0000    1.2000
parameter  1  0.522518 ->  0.500000 qaram    1.1500
parameter  5 -0.630832 -> -0.500000 qaram    1.1500
parameter  6 -0.794638 -> -0.500000 qaram    1.1500
parameters
   -3.4500   14.4980    8.3458   -2.3920    3.4500    3.4500
eta,q 0.93533 12.78453
  0.0754  0.0802  0.0829  0.0728  0.0825  0.0798
  0.0725  0.0766  0.0778  0.0710  0.0780  0.0748
  0.0726  0.0733  0.0741  0.0704  0.0743  0.0708
  0.0750  0.0718  0.0716  0.0713  0.0705  0.0679
  0.0800  0.0736  0.0716  0.0739  0.0682  0.0654
  0.0869  0.0782  0.0740  0.0756  0.0681  0.0646
  0.0935  0.0844  0.0784  0.0779  0.0696  0.0651
niter,ni,del,rscale     7    3   12.0000    1.2000
parameters
   -2.5099   15.5371    8.0892   -2.1044    3.7024    5.7242
eta,q 0.93733 12.89072
  0.0889  0.0781  0.0747  0.0707  0.0759  0.0748
  0.0765  0.0724  0.0691  0.0660  0.0709  0.0698
  0.0691  0.0670  0.0651  0.0637  0.0653  0.0660
  0.0647  0.0639  0.0634  0.0634  0.0635  0.0636
  0.0646  0.0636  0.0658  0.0643  0.0648  0.0627
  0.0699  0.0659  0.0710  0.0657  0.0685  0.0633
  0.0786  0.0718  0.0763  0.0688  0.0750  0.0661
niter,ni,del,rscale     6    3   12.0000    1.2000
parameters
   -2.4235   15.8033    8.2932   -2.2480    3.8360    5.7036
eta,q 0.93770 12.89540
  0.0839  0.0754  0.0764  0.0691  0.0750  0.0700
  0.0723  0.0704  0.0705  0.0651  0.0693  0.0660
  0.0660  0.0661  0.0653  0.0631  0.0640  0.0635
  0.0627  0.0626  0.0623  0.0622  0.0623  0.0623
  0.0651  0.0620  0.0640  0.0628  0.0640  0.0630
  0.0721  0.0668  0.0692  0.0657  0.0680  0.0657
  0.0828  0.0757  0.0751  0.0699  0.0744  0.0705
niter,ni,del,rscale     5    3   12.0000    1.2000
parameters
   -2.4581   15.8431    8.3010   -2.2316    3.8620    5.7182
eta,q 0.93773 12.89593
  0.0829  0.0746  0.0755  0.0695  0.0747  0.0700
  0.0717  0.0698  0.0697  0.0653  0.0689  0.0661
  0.0654  0.0657  0.0647  0.0632  0.0638  0.0636
  0.0623  0.0623  0.0623  0.0623  0.0623  0.0623
  0.0651  0.0622  0.0644  0.0626  0.0641  0.0629
  0.0723  0.0675  0.0697  0.0654  0.0683  0.0657
  0.0833  0.0767  0.0756  0.0695  0.0747  0.0704
registration optimization eta report
parameter search radius
    6.9000    6.0000    6.0000    6.0000    6.9000    6.9000
100000*second partial in parameter space
       43.       37.       35.       21.       26.       17.
  0.0829  0.0746  0.0755  0.0695  0.0747  0.0700
  0.0717  0.0698  0.0697  0.0653  0.0689  0.0661
  0.0654  0.0657  0.0647  0.0632  0.0638  0.0636
  0.0623  0.0623  0.0623  0.0623  0.0623  0.0623
  0.0651  0.0622  0.0644  0.0626  0.0641  0.0629
  0.0723  0.0675  0.0697  0.0654  0.0683  0.0657
  0.0833  0.0767  0.0756  0.0695  0.0747  0.0704
   -2.4581   15.8431    8.3010   -2.2316    3.8620    5.7182
eta,q 0.93773 12.89593

---------------------------------------------------------------------
imgreg_4dfp /opt/freesurfer/average/711-2C_as_mni_average_305 /opt/freesurfer/average/711-2B_as_mni_average_305_mask talsrcimg_g11 none talsrcimg_to_711-2C_as_mni_average_305_t4 3335
---------------------------------------------------------------------

freesurfer imgreg_4dfp.c
/opt/freesurfer/average/711-2C_as_mni_average_305.4dfp.img
       256       256       256         1
  1.000000  1.000000  1.000000
orientation T byte_order littleendian
Reading image: /opt/freesurfer/average/711-2C_as_mni_average_305.4dfp.img
dimensions:      256       256       256
mmppix:       1.0000   -1.0000   -1.0000
center:     128.0000 -129.0000 -129.0000
/opt/freesurfer/average/711-2B_as_mni_average_305_mask.4dfp.img
       256       256       256         1
  1.000000  1.000000  1.000000
orientation T byte_order littleendian
Reading mask: /opt/freesurfer/average/711-2B_as_mni_average_305_mask.4dfp.img (2306576 pixels)
talsrcimg_g11.4dfp.img
       256       256       256         1
  1.000000  1.000000  1.000000
orientation T byte_order littleendian
Reading image: talsrcimg_g11.4dfp.img
dimensions:      256       256       256
mmppix:       1.0000   -1.0000   -1.0000
center:     128.0000 -129.0000 -129.0000
fimgreg.f
image alignment mode   3335 decimal      D07 hex
parameters
   -2.4581   15.8431    8.3010   -0.7235   -0.5469   -0.3027
   -9.6950   -7.0847    9.9409    3.2039    6.7353   -3.8850
eta,q 0.94012 12.77837
niter,ni,del,rscale     5    3    5.0000    1.2000
parameter  4  2.338957 ->  0.500000 qaram    1.1500
parameter  5  2.378267 ->  0.500000 qaram    1.1500
parameter  6  0.982481 ->  0.500000 qaram    1.1500
parameters
   -2.3359   15.9563    8.4595   -4.8635   -4.6869   -4.4427
   -9.8660   -5.0218    9.0330    1.2024    4.6588   -4.9328
eta,q 0.95712 12.17815
  0.0636  0.0623  0.0622  0.0498  0.0457  0.0435  0.0471  0.0527  0.0449  0.0451  0.0438  0.0443
  0.0617  0.0610  0.0610  0.0524  0.0476  0.0438  0.0454  0.0489  0.0440  0.0436  0.0432  0.0435
  0.0604  0.0602  0.0602  0.0559  0.0501  0.0452  0.0443  0.0459  0.0435  0.0430  0.0429  0.0430
  0.0599  0.0599  0.0599  0.0598  0.0533  0.0482  0.0440  0.0440  0.0434  0.0434  0.0430  0.0429
  0.0601  0.0600  0.0600  0.0645  0.0569  0.0524  0.0444  0.0435  0.0439  0.0446  0.0436  0.0433
  0.0611  0.0607  0.0606  0.0699  0.0608  0.0573  0.0456  0.0444  0.0447  0.0464  0.0445  0.0442
  0.0630  0.0619  0.0617  0.0755  0.0650  0.0630  0.0474  0.0465  0.0460  0.0487  0.0458  0.0453
niter,ni,del,rscale     7    3    5.0000    1.2000
parameter  4  1.087475 ->  0.500000 qaram    1.3225
parameter  5  1.029859 ->  0.500000 qaram    1.3225
parameters
   -2.2415   16.6289    8.2145   -9.6245   -9.4479   -8.3768
   -9.3410   -4.6135   10.0660    1.0296    4.7831   -5.4414
eta,q 0.96534 11.51207
  0.0473  0.0475  0.0446  0.0372  0.0347  0.0354  0.0387  0.0405  0.0376  0.0383  0.0359  0.0361
  0.0450  0.0454  0.0434  0.0381  0.0352  0.0347  0.0367  0.0376  0.0362  0.0362  0.0353  0.0353
  0.0435  0.0439  0.0427  0.0397  0.0364  0.0349  0.0353  0.0356  0.0352  0.0350  0.0349  0.0348
  0.0429  0.0429  0.0426  0.0425  0.0385  0.0354  0.0348  0.0347  0.0347  0.0347  0.0347  0.0347
  0.0432  0.0426  0.0431  0.0465  0.0414  0.0372  0.0350  0.0351  0.0348  0.0352  0.0348  0.0349
  0.0445  0.0431  0.0441  0.0512  0.0450  0.0410  0.0360  0.0367  0.0353  0.0366  0.0352  0.0356
  0.0467  0.0443  0.0456  0.0570  0.0494  0.0463  0.0377  0.0394  0.0363  0.0385  0.0359  0.0367
niter,ni,del,rscale     7    3    5.0000    1.2000
parameter  4  0.717312 ->  0.500000 qaram    1.5209
parameters
   -2.1692   16.6553    7.7618  -15.0996  -13.3030   -9.8756
   -9.5495   -4.7051    9.5010    0.8992    4.3575   -6.5033
eta,q 0.96854 10.83644
  0.0391  0.0380  0.0359  0.0326  0.0334  0.0342  0.0350  0.0370  0.0336  0.0350  0.0328  0.0327
  0.0368  0.0362  0.0350  0.0324  0.0321  0.0325  0.0331  0.0341  0.0324  0.0329  0.0321  0.0319
  0.0352  0.0351  0.0346  0.0331  0.0318  0.0316  0.0319  0.0322  0.0317  0.0318  0.0316  0.0315
  0.0347  0.0347  0.0346  0.0346  0.0325  0.0318  0.0315  0.0315  0.0315  0.0315  0.0315  0.0315
  0.0351  0.0350  0.0352  0.0369  0.0342  0.0327  0.0321  0.0323  0.0320  0.0321  0.0317  0.0319
  0.0364  0.0361  0.0361  0.0405  0.0369  0.0342  0.0334  0.0344  0.0329  0.0333  0.0323  0.0326
  0.0387  0.0379  0.0374  0.0452  0.0405  0.0371  0.0354  0.0372  0.0343  0.0350  0.0332  0.0336
niter,ni,del,rscale     7    3    5.0000    1.2000
parameters
   -2.2958   16.9245    7.7726  -16.7870  -13.7985  -10.0150
   -9.4427   -4.7300    9.5293    1.3015    4.2597   -6.7966
eta,q 0.96884 10.69226
  0.0355  0.0353  0.0336  0.0354  0.0346  0.0350  0.0348  0.0368  0.0336  0.0351  0.0327  0.0326
  0.0332  0.0334  0.0324  0.0327  0.0328  0.0330  0.0329  0.0339  0.0323  0.0329  0.0318  0.0318
  0.0318  0.0321  0.0316  0.0313  0.0315  0.0316  0.0316  0.0319  0.0315  0.0316  0.0313  0.0313
  0.0315  0.0314  0.0314  0.0314  0.0311  0.0311  0.0311  0.0311  0.0311  0.0311  0.0312  0.0312
  0.0321  0.0316  0.0317  0.0328  0.0317  0.0319  0.0316  0.0319  0.0314  0.0316  0.0314  0.0314
  0.0338  0.0324  0.0324  0.0351  0.0332  0.0331  0.0328  0.0340  0.0323  0.0326  0.0319  0.0320
  0.0364  0.0339  0.0335  0.0388  0.0356  0.0352  0.0346  0.0369  0.0336  0.0341  0.0327  0.0328
niter,ni,del,rscale     6    3    5.0000    1.2000
parameters
   -2.3740   17.1038    7.6851  -16.9002  -13.9350  -10.1101
   -9.3657   -4.8090    9.6285    1.5970    4.2150   -7.0714
eta,q 0.96886 10.67622
  0.0353  0.0346  0.0331  0.0369  0.0348  0.0351  0.0348  0.0367  0.0336  0.0348  0.0327  0.0326
  0.0330  0.0329  0.0320  0.0337  0.0329  0.0330  0.0329  0.0338  0.0323  0.0327  0.0318  0.0318
  0.0315  0.0317  0.0313  0.0317  0.0316  0.0316  0.0316  0.0318  0.0314  0.0315  0.0313  0.0313
  0.0312  0.0312  0.0311  0.0311  0.0311  0.0311  0.0311  0.0311  0.0311  0.0311  0.0311  0.0311
  0.0318  0.0314  0.0315  0.0320  0.0316  0.0319  0.0316  0.0319  0.0314  0.0316  0.0313  0.0314
  0.0334  0.0323  0.0322  0.0340  0.0329  0.0331  0.0328  0.0340  0.0322  0.0326  0.0319  0.0319
  0.0359  0.0337  0.0334  0.0370  0.0351  0.0352  0.0346  0.0369  0.0335  0.0340  0.0327  0.0328
niter,ni,del,rscale     5    3    5.0000    1.2000
parameters
   -2.4080   17.1917    7.6207  -16.9651  -14.0041  -10.1650
   -9.3385   -4.8596    9.6940    1.7779    4.1922   -7.2198
eta,q 0.96885 10.66748
  0.0355  0.0343  0.0332  0.0370  0.0348  0.0351  0.0347  0.0367  0.0335  0.0347  0.0327  0.0326
  0.0331  0.0326  0.0320  0.0337  0.0330  0.0330  0.0328  0.0339  0.0323  0.0326  0.0319  0.0318
  0.0316  0.0315  0.0313  0.0317  0.0317  0.0316  0.0316  0.0318  0.0314  0.0314  0.0313  0.0313
  0.0311  0.0311  0.0311  0.0311  0.0311  0.0311  0.0311  0.0311  0.0311  0.0311  0.0311  0.0311
  0.0317  0.0314  0.0315  0.0320  0.0315  0.0319  0.0316  0.0319  0.0314  0.0316  0.0313  0.0314
  0.0333  0.0324  0.0322  0.0339  0.0329  0.0331  0.0328  0.0339  0.0322  0.0326  0.0319  0.0319
  0.0357  0.0339  0.0333  0.0369  0.0350  0.0351  0.0346  0.0369  0.0335  0.0341  0.0327  0.0327
niter,ni,del,rscale     4    3    5.0000    1.2000
parameters
   -2.4257   17.2440    7.5832  -17.0071  -14.0490  -10.1983
   -9.3207   -4.8875    9.7275    1.8843    4.1906   -7.3115
eta,q 0.96885 10.66177
  0.0355  0.0342  0.0332  0.0370  0.0347  0.0351  0.0347  0.0367  0.0335  0.0346  0.0327  0.0326
  0.0331  0.0326  0.0320  0.0338  0.0330  0.0330  0.0328  0.0339  0.0323  0.0325  0.0319  0.0318
  0.0316  0.0315  0.0313  0.0317  0.0317  0.0316  0.0316  0.0319  0.0314  0.0314  0.0313  0.0313
  0.0311  0.0311  0.0312  0.0311  0.0311  0.0311  0.0311  0.0311  0.0311  0.0311  0.0312  0.0312
  0.0317  0.0315  0.0314  0.0320  0.0315  0.0319  0.0316  0.0319  0.0314  0.0317  0.0313  0.0314
  0.0332  0.0324  0.0322  0.0339  0.0328  0.0331  0.0328  0.0339  0.0322  0.0327  0.0319  0.0319
  0.0356  0.0339  0.0333  0.0369  0.0350  0.0351  0.0346  0.0368  0.0335  0.0341  0.0327  0.0327
niter,ni,del,rscale     3    3    5.0000    1.2000
parameters
   -2.4368   17.2753    7.5592  -17.0298  -14.0785  -10.2166
   -9.3092   -4.9097    9.7433    1.9490    4.1854   -7.3667
eta,q 0.96884 10.65842
  0.0355  0.0342  0.0333  0.0370  0.0347  0.0352  0.0347  0.0367  0.0335  0.0345  0.0327  0.0326
  0.0331  0.0325  0.0321  0.0338  0.0330  0.0330  0.0328  0.0339  0.0323  0.0325  0.0319  0.0318
  0.0316  0.0315  0.0314  0.0317  0.0317  0.0316  0.0316  0.0319  0.0314  0.0313  0.0313  0.0313
  0.0312  0.0312  0.0312  0.0312  0.0311  0.0312  0.0312  0.0311  0.0311  0.0311  0.0312  0.0312
  0.0317  0.0315  0.0314  0.0320  0.0315  0.0319  0.0316  0.0319  0.0314  0.0317  0.0313  0.0314
  0.0332  0.0325  0.0322  0.0339  0.0328  0.0331  0.0328  0.0339  0.0322  0.0327  0.0319  0.0319
  0.0356  0.0339  0.0333  0.0369  0.0350  0.0351  0.0346  0.0368  0.0335  0.0341  0.0327  0.0327
niter,ni,del,rscale     2    3    5.0000    1.2000
parameters
   -2.4440   17.2959    7.5452  -17.0484  -14.0998  -10.2324
   -9.3021   -4.9223    9.7553    1.9933    4.1795   -7.4069
eta,q 0.96884 10.65561
  0.0356  0.0341  0.0333  0.0370  0.0347  0.0352  0.0347  0.0367  0.0335  0.0345  0.0327  0.0327
  0.0331  0.0325  0.0321  0.0338  0.0330  0.0330  0.0328  0.0339  0.0323  0.0325  0.0319  0.0318
  0.0316  0.0315  0.0314  0.0317  0.0317  0.0316  0.0316  0.0319  0.0314  0.0313  0.0313  0.0313
  0.0312  0.0312  0.0312  0.0312  0.0312  0.0312  0.0312  0.0312  0.0312  0.0312  0.0312  0.0312
  0.0317  0.0315  0.0314  0.0320  0.0315  0.0319  0.0316  0.0319  0.0314  0.0317  0.0313  0.0313
  0.0332  0.0325  0.0322  0.0339  0.0328  0.0331  0.0328  0.0339  0.0322  0.0327  0.0319  0.0319
  0.0356  0.0340  0.0333  0.0369  0.0350  0.0351  0.0347  0.0368  0.0335  0.0341  0.0327  0.0327
registration optimization eta report
parameter search radius
    2.4000    2.4000    2.4000   10.9503    9.5220    8.2800
    7.2000    7.2000    7.2000    7.2000    7.2000    7.2000
100000*second partial in parameter space
       76.       50.       37.        5.        4.        6.
        7.       11.        4.        6.        3.        3.
  0.0356  0.0341  0.0333  0.0370  0.0347  0.0352  0.0347  0.0367  0.0335  0.0345  0.0327  0.0327
  0.0331  0.0325  0.0321  0.0338  0.0330  0.0330  0.0328  0.0339  0.0323  0.0325  0.0319  0.0318
  0.0316  0.0315  0.0314  0.0317  0.0317  0.0316  0.0316  0.0319  0.0314  0.0313  0.0313  0.0313
  0.0312  0.0312  0.0312  0.0312  0.0312  0.0312  0.0312  0.0312  0.0312  0.0312  0.0312  0.0312
  0.0317  0.0315  0.0314  0.0320  0.0315  0.0319  0.0316  0.0319  0.0314  0.0317  0.0313  0.0313
  0.0332  0.0325  0.0322  0.0339  0.0328  0.0331  0.0328  0.0339  0.0322  0.0327  0.0319  0.0319
  0.0356  0.0340  0.0333  0.0369  0.0350  0.0351  0.0347  0.0368  0.0335  0.0341  0.0327  0.0327
   -2.4440   17.2959    7.5452  -17.0484  -14.0998  -10.2324
   -9.3021   -4.9223    9.7553    1.9933    4.1795   -7.4069
eta,q 0.96884 10.65561

---------------------------------------------------------------------
imgreg_4dfp /opt/freesurfer/average/711-2C_as_mni_average_305 /opt/freesurfer/average/711-2B_as_mni_average_305_mask talsrcimg_g11 none talsrcimg_to_711-2C_as_mni_average_305_t4 2311
---------------------------------------------------------------------

freesurfer imgreg_4dfp.c
/opt/freesurfer/average/711-2C_as_mni_average_305.4dfp.img
       256       256       256         1
  1.000000  1.000000  1.000000
orientation T byte_order littleendian
Reading image: /opt/freesurfer/average/711-2C_as_mni_average_305.4dfp.img
dimensions:      256       256       256
mmppix:       1.0000   -1.0000   -1.0000
center:     128.0000 -129.0000 -129.0000
/opt/freesurfer/average/711-2B_as_mni_average_305_mask.4dfp.img
       256       256       256         1
  1.000000  1.000000  1.000000
orientation T byte_order littleendian
Reading mask: /opt/freesurfer/average/711-2B_as_mni_average_305_mask.4dfp.img (2306576 pixels)
talsrcimg_g11.4dfp.img
       256       256       256         1
  1.000000  1.000000  1.000000
orientation T byte_order littleendian
Reading image: talsrcimg_g11.4dfp.img
dimensions:      256       256       256
mmppix:       1.0000   -1.0000   -1.0000
center:     128.0000 -129.0000 -129.0000
fimgreg.f
image alignment mode   2311 decimal      907 hex
parameters
   -2.4440   17.2959    7.5452  -17.0484  -14.0998  -10.2324
   -9.3021   -4.9223    9.7553    1.9933    4.1795   -7.4069
eta,q 0.96884 10.65561
niter,ni,del,rscale     5    3    5.0000    0.8000
parameters
   -2.4574   17.2837    7.5042  -17.3646  -13.7966  -10.4305
   -9.3482   -4.9254    9.7987    1.6928    4.1399   -7.3208
eta,q 0.96890 10.63942
  0.0332  0.0325  0.0321  0.0323  0.0323  0.0326  0.0328  0.0339  0.0322  0.0324  0.0318  0.0318
  0.0320  0.0317  0.0316  0.0316  0.0317  0.0318  0.0319  0.0324  0.0316  0.0316  0.0314  0.0314
  0.0314  0.0313  0.0312  0.0312  0.0313  0.0313  0.0313  0.0314  0.0313  0.0311  0.0312  0.0312
  0.0312  0.0312  0.0312  0.0312  0.0311  0.0311  0.0311  0.0311  0.0311  0.0311  0.0311  0.0311
  0.0314  0.0313  0.0313  0.0314  0.0312  0.0314  0.0313  0.0315  0.0312  0.0314  0.0312  0.0312
  0.0321  0.0318  0.0316  0.0318  0.0315  0.0320  0.0319  0.0324  0.0316  0.0319  0.0314  0.0314
  0.0332  0.0325  0.0322  0.0325  0.0320  0.0327  0.0328  0.0339  0.0322  0.0327  0.0318  0.0318
niter,ni,del,rscale     4    3    5.0000    0.7000
parameters
   -2.4608   17.2236    7.4672  -17.3517  -13.7310  -10.5404
   -9.3660   -4.9047    9.7995    1.5439    4.1548   -7.2629
eta,q 0.96891 10.63569
  0.0327  0.0321  0.0318  0.0321  0.0319  0.0323  0.0324  0.0333  0.0319  0.0322  0.0317  0.0316
  0.0318  0.0315  0.0314  0.0315  0.0315  0.0316  0.0317  0.0321  0.0315  0.0315  0.0313  0.0314
  0.0313  0.0312  0.0312  0.0312  0.0312  0.0312  0.0312  0.0313  0.0312  0.0311  0.0312  0.0312
  0.0311  0.0311  0.0311  0.0311  0.0311  0.0311  0.0311  0.0311  0.0311  0.0311  0.0311  0.0311
  0.0313  0.0313  0.0312  0.0312  0.0312  0.0313  0.0313  0.0313  0.0312  0.0313  0.0312  0.0311
  0.0318  0.0316  0.0315  0.0316  0.0314  0.0318  0.0317  0.0321  0.0315  0.0317  0.0313  0.0313
  0.0327  0.0322  0.0319  0.0321  0.0319  0.0324  0.0324  0.0332  0.0319  0.0323  0.0316  0.0316
niter,ni,del,rscale     3    3    5.0000    0.6000
parameters
   -2.4543   17.1958    7.4517  -17.3581  -13.7074  -10.5959
   -9.3810   -4.8944    9.7875    1.4400    4.1553   -7.2152
eta,q 0.96892 10.63230
  0.0323  0.0318  0.0316  0.0318  0.0317  0.0320  0.0320  0.0327  0.0317  0.0319  0.0315  0.0315
  0.0316  0.0314  0.0313  0.0314  0.0314  0.0315  0.0315  0.0318  0.0314  0.0314  0.0313  0.0313
  0.0312  0.0312  0.0311  0.0312  0.0312  0.0312  0.0312  0.0313  0.0312  0.0311  0.0311  0.0311
  0.0311  0.0311  0.0311  0.0311  0.0311  0.0311  0.0311  0.0311  0.0311  0.0311  0.0311  0.0311
  0.0312  0.0312  0.0312  0.0312  0.0311  0.0312  0.0312  0.0313  0.0312  0.0312  0.0311  0.0311
  0.0316  0.0315  0.0314  0.0314  0.0313  0.0316  0.0315  0.0318  0.0314  0.0315  0.0313  0.0313
  0.0322  0.0319  0.0316  0.0318  0.0317  0.0321  0.0320  0.0327  0.0317  0.0320  0.0315  0.0315
niter,ni,del,rscale     2    3    5.0000    0.5000
parameters
   -2.4513   17.1777    7.4464  -17.3713  -13.6913  -10.6387
   -9.4040   -4.8869    9.7697    1.3458    4.1579   -7.1970
eta,q 0.96893 10.62906
  0.0319  0.0316  0.0315  0.0316  0.0315  0.0318  0.0317  0.0322  0.0315  0.0317  0.0314  0.0314
  0.0314  0.0313  0.0313  0.0313  0.0313  0.0314  0.0314  0.0316  0.0313  0.0313  0.0312  0.0312
  0.0312  0.0311  0.0311  0.0311  0.0311  0.0312  0.0311  0.0312  0.0311  0.0311  0.0311  0.0311
  0.0311  0.0311  0.0311  0.0311  0.0311  0.0311  0.0311  0.0311  0.0311  0.0311  0.0311  0.0311
  0.0312  0.0312  0.0311  0.0311  0.0311  0.0312  0.0312  0.0312  0.0311  0.0312  0.0311  0.0311
  0.0314  0.0313  0.0313  0.0313  0.0313  0.0314  0.0314  0.0316  0.0313  0.0314  0.0312  0.0312
  0.0319  0.0316  0.0315  0.0316  0.0315  0.0318  0.0318  0.0322  0.0315  0.0317  0.0314  0.0314
niter,ni,del,rscale     1    3    5.0000    0.4000
parameters
   -2.4497   17.1613    7.4416  -17.3740  -13.6806  -10.6573
   -9.4233   -4.8855    9.7563    1.2704    4.1466   -7.1435
eta,q 0.96893 10.62770
  0.0316  0.0314  0.0313  0.0314  0.0313  0.0315  0.0315  0.0318  0.0314  0.0315  0.0313  0.0313
  0.0313  0.0312  0.0312  0.0312  0.0312  0.0313  0.0313  0.0314  0.0312  0.0312  0.0312  0.0312
  0.0311  0.0311  0.0311  0.0311  0.0311  0.0311  0.0311  0.0312  0.0311  0.0311  0.0311  0.0311
  0.0311  0.0311  0.0311  0.0311  0.0311  0.0311  0.0311  0.0311  0.0311  0.0311  0.0311  0.0311
  0.0311  0.0311  0.0311  0.0311  0.0311  0.0311  0.0311  0.0312  0.0311  0.0311  0.0311  0.0311
  0.0313  0.0312  0.0312  0.0312  0.0312  0.0313  0.0313  0.0314  0.0312  0.0313  0.0312  0.0311
  0.0316  0.0314  0.0313  0.0314  0.0313  0.0316  0.0315  0.0318  0.0314  0.0315  0.0313  0.0313
registration optimization eta report
parameter search radius
    0.8000    0.8000    0.8000    2.4000    2.4000    2.4000
    2.4000    2.4000    2.4000    2.4000    2.4000    2.4000
100000*second partial in parameter space
       80.       55.       39.        6.        5.        8.
        8.       13.        5.        7.        3.        3.
  0.0316  0.0314  0.0313  0.0314  0.0313  0.0315  0.0315  0.0318  0.0314  0.0315  0.0313  0.0313
  0.0313  0.0312  0.0312  0.0312  0.0312  0.0313  0.0313  0.0314  0.0312  0.0312  0.0312  0.0312
  0.0311  0.0311  0.0311  0.0311  0.0311  0.0311  0.0311  0.0312  0.0311  0.0311  0.0311  0.0311
  0.0311  0.0311  0.0311  0.0311  0.0311  0.0311  0.0311  0.0311  0.0311  0.0311  0.0311  0.0311
  0.0311  0.0311  0.0311  0.0311  0.0311  0.0311  0.0311  0.0312  0.0311  0.0311  0.0311  0.0311
  0.0313  0.0312  0.0312  0.0312  0.0312  0.0313  0.0313  0.0314  0.0312  0.0313  0.0312  0.0311
  0.0316  0.0314  0.0313  0.0314  0.0313  0.0316  0.0315  0.0318  0.0314  0.0315  0.0313  0.0313
   -2.4497   17.1613    7.4416  -17.3740  -13.6806  -10.6573
   -9.4233   -4.8855    9.7563    1.2704    4.1466   -7.1435
eta,q 0.96893 10.62770

---------------------------------------------------------------------
imgreg_4dfp /opt/freesurfer/average/711-2C_as_mni_average_305 /opt/freesurfer/average/711-2B_as_mni_average_305_mask talsrcimg_g11 none talsrcimg_to_711-2C_as_mni_average_305_t4 2311
---------------------------------------------------------------------

freesurfer imgreg_4dfp.c
/opt/freesurfer/average/711-2C_as_mni_average_305.4dfp.img
       256       256       256         1
  1.000000  1.000000  1.000000
orientation T byte_order littleendian
Reading image: /opt/freesurfer/average/711-2C_as_mni_average_305.4dfp.img
dimensions:      256       256       256
mmppix:       1.0000   -1.0000   -1.0000
center:     128.0000 -129.0000 -129.0000
/opt/freesurfer/average/711-2B_as_mni_average_305_mask.4dfp.img
       256       256       256         1
  1.000000  1.000000  1.000000
orientation T byte_order littleendian
Reading mask: /opt/freesurfer/average/711-2B_as_mni_average_305_mask.4dfp.img (2306576 pixels)
talsrcimg_g11.4dfp.img
       256       256       256         1
  1.000000  1.000000  1.000000
orientation T byte_order littleendian
Reading image: talsrcimg_g11.4dfp.img
dimensions:      256       256       256
mmppix:       1.0000   -1.0000   -1.0000
center:     128.0000 -129.0000 -129.0000
fimgreg.f
image alignment mode   2311 decimal      907 hex
parameters
   -2.4497   17.1613    7.4416  -17.3740  -13.6806  -10.6573
   -9.4233   -4.8855    9.7563    1.2704    4.1466   -7.1435
eta,q 0.96893 10.62770
niter,ni,del,rscale     5    3    5.0000    0.8000
parameters
   -2.4393   17.1654    7.4691  -17.2803  -13.7419  -10.5249
   -9.3756   -4.8555    9.7606    1.5043    4.1714   -7.2146
eta,q 0.96892 10.63909
  0.0331  0.0325  0.0321  0.0324  0.0321  0.0328  0.0328  0.0339  0.0322  0.0328  0.0318  0.0318
  0.0320  0.0317  0.0315  0.0317  0.0315  0.0319  0.0319  0.0324  0.0316  0.0318  0.0314  0.0314
  0.0313  0.0312  0.0312  0.0312  0.0312  0.0313  0.0313  0.0314  0.0312  0.0312  0.0312  0.0312
  0.0311  0.0311  0.0311  0.0311  0.0311  0.0311  0.0311  0.0311  0.0311  0.0311  0.0311  0.0311
  0.0313  0.0312  0.0312  0.0312  0.0312  0.0313  0.0313  0.0314  0.0312  0.0313  0.0312  0.0312
  0.0320  0.0317  0.0315  0.0316  0.0316  0.0319  0.0318  0.0324  0.0316  0.0317  0.0314  0.0314
  0.0331  0.0324  0.0320  0.0323  0.0321  0.0325  0.0327  0.0338  0.0322  0.0324  0.0318  0.0318
niter,ni,del,rscale     4    3    5.0000    0.7000
parameters
   -2.4380   17.1886    7.4683  -17.3186  -13.7164  -10.5531
   -9.3860   -4.8728    9.7649    1.4871    4.1672   -7.2106
eta,q 0.96891 10.63682
  0.0326  0.0322  0.0318  0.0321  0.0319  0.0323  0.0324  0.0332  0.0319  0.0323  0.0316  0.0316
  0.0318  0.0316  0.0314  0.0315  0.0315  0.0317  0.0317  0.0321  0.0315  0.0316  0.0313  0.0313
  0.0313  0.0312  0.0312  0.0312  0.0312  0.0312  0.0312  0.0313  0.0312  0.0312  0.0311  0.0312
  0.0311  0.0311  0.0311  0.0311  0.0311  0.0311  0.0311  0.0311  0.0311  0.0311  0.0311  0.0311
  0.0313  0.0312  0.0312  0.0312  0.0312  0.0313  0.0312  0.0313  0.0312  0.0313  0.0312  0.0311
  0.0318  0.0315  0.0314  0.0316  0.0314  0.0318  0.0317  0.0321  0.0315  0.0317  0.0313  0.0313
  0.0326  0.0321  0.0318  0.0321  0.0319  0.0323  0.0324  0.0333  0.0319  0.0322  0.0316  0.0316
niter,ni,del,rscale     3    3    5.0000    0.6000
parameters
   -2.4437   17.1846    7.4577  -17.3491  -13.7022  -10.6002
   -9.3959   -4.8816    9.7698    1.4181    4.1684   -7.1927
eta,q 0.96892 10.63261
  0.0322  0.0319  0.0316  0.0318  0.0317  0.0320  0.0320  0.0327  0.0317  0.0319  0.0315  0.0315
  0.0316  0.0314  0.0313  0.0314  0.0314  0.0315  0.0315  0.0318  0.0314  0.0314  0.0313  0.0313
  0.0312  0.0312  0.0311  0.0312  0.0312  0.0312  0.0312  0.0313  0.0312  0.0311  0.0311  0.0311
  0.0311  0.0311  0.0311  0.0311  0.0311  0.0311  0.0311  0.0311  0.0311  0.0311  0.0311  0.0311
  0.0312  0.0312  0.0312  0.0312  0.0311  0.0312  0.0312  0.0313  0.0312  0.0312  0.0311  0.0311
  0.0316  0.0314  0.0313  0.0314  0.0313  0.0316  0.0315  0.0318  0.0314  0.0315  0.0313  0.0313
  0.0322  0.0319  0.0316  0.0318  0.0317  0.0321  0.0320  0.0327  0.0317  0.0319  0.0315  0.0315
niter,ni,del,rscale     2    3    5.0000    0.5000
parameters
   -2.4471   17.1740    7.4474  -17.3653  -13.6906  -10.6397
   -9.4099   -4.8788    9.7667    1.3364    4.1570   -7.1770
eta,q 0.96893 10.62931
  0.0319  0.0316  0.0315  0.0316  0.0315  0.0318  0.0317  0.0322  0.0315  0.0317  0.0314  0.0314
  0.0314  0.0313  0.0312  0.0313  0.0313  0.0314  0.0314  0.0316  0.0313  0.0313  0.0312  0.0312
  0.0312  0.0311  0.0311  0.0311  0.0311  0.0312  0.0311  0.0312  0.0311  0.0311  0.0311  0.0311
  0.0311  0.0311  0.0311  0.0311  0.0311  0.0311  0.0311  0.0311  0.0311  0.0311  0.0311  0.0311
  0.0312  0.0311  0.0311  0.0311  0.0311  0.0312  0.0312  0.0312  0.0311  0.0312  0.0311  0.0311
  0.0314  0.0313  0.0313  0.0313  0.0313  0.0314  0.0314  0.0316  0.0313  0.0314  0.0312  0.0312
  0.0319  0.0316  0.0315  0.0316  0.0315  0.0318  0.0318  0.0322  0.0315  0.0317  0.0314  0.0314
niter,ni,del,rscale     1    3    5.0000    0.4000
parameters
   -2.4476   17.1594    7.4372  -17.3713  -13.6848  -10.6666
   -9.4182   -4.8815    9.7578    1.2659    4.1625   -7.1540
eta,q 0.96893 10.62704
  0.0316  0.0314  0.0313  0.0314  0.0313  0.0315  0.0315  0.0318  0.0314  0.0315  0.0313  0.0313
  0.0313  0.0312  0.0312  0.0312  0.0312  0.0313  0.0313  0.0314  0.0312  0.0312  0.0312  0.0312
  0.0311  0.0311  0.0311  0.0311  0.0311  0.0311  0.0311  0.0312  0.0311  0.0311  0.0311  0.0311
  0.0311  0.0311  0.0311  0.0311  0.0311  0.0311  0.0311  0.0311  0.0311  0.0311  0.0311  0.0311
  0.0311  0.0311  0.0311  0.0311  0.0311  0.0311  0.0311  0.0312  0.0311  0.0311  0.0311  0.0311
  0.0313  0.0312  0.0312  0.0312  0.0312  0.0313  0.0313  0.0314  0.0312  0.0313  0.0312  0.0312
  0.0316  0.0314  0.0313  0.0314  0.0313  0.0316  0.0315  0.0318  0.0314  0.0315  0.0313  0.0313
registration optimization eta report
parameter search radius
    0.8000    0.8000    0.8000    2.4000    2.4000    2.4000
    2.4000    2.4000    2.4000    2.4000    2.4000    2.4000
100000*second partial in parameter space
       81.       56.       39.        6.        5.        8.
        8.       13.        5.        7.        3.        3.
  0.0316  0.0314  0.0313  0.0314  0.0313  0.0315  0.0315  0.0318  0.0314  0.0315  0.0313  0.0313
  0.0313  0.0312  0.0312  0.0312  0.0312  0.0313  0.0313  0.0314  0.0312  0.0312  0.0312  0.0312
  0.0311  0.0311  0.0311  0.0311  0.0311  0.0311  0.0311  0.0312  0.0311  0.0311  0.0311  0.0311
  0.0311  0.0311  0.0311  0.0311  0.0311  0.0311  0.0311  0.0311  0.0311  0.0311  0.0311  0.0311
  0.0311  0.0311  0.0311  0.0311  0.0311  0.0311  0.0311  0.0312  0.0311  0.0311  0.0311  0.0311
  0.0313  0.0312  0.0312  0.0312  0.0312  0.0313  0.0313  0.0314  0.0312  0.0313  0.0312  0.0312
  0.0316  0.0314  0.0313  0.0314  0.0313  0.0316  0.0315  0.0318  0.0314  0.0315  0.0313  0.0313
   -2.4476   17.1594    7.4372  -17.3713  -13.6848  -10.6666
   -9.4182   -4.8815    9.7578    1.2659    4.1625   -7.1540
eta,q 0.96893 10.62704

---------------------------------------------------------------------
compute_vox2vox talsrcimg talsrcimg_to_711-2C_as_mni_average_305_t4 /opt/freesurfer/average/711-2C_as_mni_average_305
---------------------------------------------------------------------

freesurfer compute_vox2vox.c
Reading: talsrcimg.4dfp.ifh
Reading: talsrcimg_to_711-2C_as_mni_average_305_t4
Reading: /opt/freesurfer/average/711-2C_as_mni_average_305.4dfp.ifh
Writing: talsrcimg_to_711-2C_as_mni_average_305_t4_vox2vox.txt

start time Tue Mar 10 03:41:26 CET 2026
end		time Tue Mar 10 03:41:40 CET 2026

mpr2mni305 success

avi2talxfm orig_nu.mgz /opt/freesurfer/average/mni305.cor.mgz talsrcimg_to_711-2C_as_mni_average_305_t4_vox2vox.txt transforms/talairach.auto.xfm
avi2talxfm done
mv -f /out/sourcedata/freesurfer/sub-v1s5x0050728_ses-1/mri/talsrcimg_to_711-2C_as_mni_average_305_t4_vox2vox.txt /out/sourcedata/freesurfer/sub-v1s5x0050728_ses-1/mri/transforms/talsrcimg_to_711-2C_as_mni_average_305_t4_vox2vox.txt
lta_convert --src orig_nu.mgz --trg /opt/freesurfer/average/mni305.cor.mgz --inxfm transforms/talairach.auto.xfm --outlta transforms/talairach.auto.xfm.lta --subject fsaverage
7.3.2

--src: orig_nu.mgz src image (geometry).
--trg: /opt/freesurfer/average/mni305.cor.mgz trg image (geometry).
--inmni: transforms/talairach.auto.xfm input MNI/XFM transform.
--outlta: transforms/talairach.auto.xfm.lta output LTA.
--s: fsaverage subject name
 LTA read, type : 1
 1.19108   0.06317   0.13520  -5.51465;
-0.06620   1.11458   0.08516  -16.02319;
-0.13368  -0.02349   1.14201  -39.91420;
 0.00000   0.00000   0.00000   1.00000;
setting subject to fsaverage
Writing  LTA to file transforms/talairach.auto.xfm.lta...
lta_convert successful.
 
 
Started at Tue Mar 10 03:41:26 CET 2026
Ended   at Tue Mar 10 03:41:40 CET 2026
talairach_avi done
