/out/sourcedata/freesurfer/sub-v1s5x0050752_ses-1/mri
/opt/freesurfer/bin/talairach_avi
--i orig_nu.mgz --xfm transforms/talairach.auto.xfm
talairach_avi 7.3.2
Linux dna075 5.14.0-427.37.1.el9_4.x86_64 #1 SMP PREEMPT_DYNAMIC Fri Sep 13 12:41:50 EDT 2024 x86_64 x86_64 x86_64 GNU/Linux
Tue Mar 10 05:12:30 CET 2026
mri_convert orig_nu.mgz talsrcimg.img 
reading from orig_nu.mgz...
TR=0.00, TE=0.00, TI=0.00, flip angle=0.00
i_ras = (-1, 0, -7.45058e-09)
j_ras = (1.49012e-08, 0, -1)
k_ras = (0, 1, 0)
writing to talsrcimg.img...
Analyze Output Matrix
-1.00000   0.00000   0.00000   127.71027;
 0.00000   0.00000   1.00000  -123.67637;
-0.00000  -1.00000   0.00000   138.44957;
 0.00000   0.00000   0.00000   1.00000;
--------------------
INFO: set hdr.hist.orient to -1
mpr2mni305 talsrcimg
Tue Mar 10 05:12:30 CET 2026
/opt/freesurfer/bin/mpr2mni305 talsrcimg
mpr2mni305 7.3.2
target=711-2C_as_mni_average_305

---------------------------------------------------------------------
analyzeto4dfp talsrcimg -O0 -y
---------------------------------------------------------------------

freesurfer ifh2hdr.c
Tue Mar 10 05:12:30 2026
Writing: talsrcimg.4dfp.hdr
freesurfer analyzeto4dfp.c
Reading: talsrcimg.hdr
header size 348 bytes
hdr.dime.datatype	offset=70	value=2
hdr.dime.bitpix		offset=72	value=8
hdr.hist.orient		offset=252	value=-1
dimensionality     4
dimensions       256       256       256         1
Reading: talsrcimg.img
Writing: talsrcimg.4dfp.img
Writing: talsrcimg.4dfp.ifh
ifh2hdr talsrcimg -r0to232
ori=2

---------------------------------------------------------------------
gauss_4dfp talsrcimg 1.1
---------------------------------------------------------------------

freesurfer gauss_4dfp.c
Reading: talsrcimg.4dfp.img
Writing: talsrcimg_g11.4dfp.img
image dimensions 256 256 256 padded to 288 288 288
processing volume 1freesurfer ifh2hdr.c
Tue Mar 10 05:12:32 2026
Writing: talsrcimg_g11.4dfp.hdr

Writing: talsrcimg_g11.4dfp.ifh
including: talsrcimg.4dfp.img.rec in talsrcimg_g11.4dfp.img.rec

---------------------------------------------------------------------
imgreg_4dfp /opt/freesurfer/average/711-2C_as_mni_average_305 none talsrcimg_g11 none talsrcimg_to_711-2C_as_mni_average_305_t4 4355
---------------------------------------------------------------------

freesurfer imgreg_4dfp.c
/opt/freesurfer/average/711-2C_as_mni_average_305.4dfp.img
       256       256       256         1
  1.000000  1.000000  1.000000
orientation T byte_order littleendian
Reading image: /opt/freesurfer/average/711-2C_as_mni_average_305.4dfp.img
dimensions:      256       256       256
mmppix:       1.0000   -1.0000   -1.0000
center:     128.0000 -129.0000 -129.0000
talsrcimg_g11.4dfp.img
       256       256       256         1
  1.000000  1.000000  1.000000
orientation T byte_order littleendian
Reading image: talsrcimg_g11.4dfp.img
dimensions:      256       256       256
mmppix:       1.0000   -1.0000   -1.0000
center:     128.0000 -129.0000 -129.0000
t4_read: open error in t4_sub.f l:  41 t4_file(1:l)talsrcimg_to_711-2C_as_mni_average_305_t4 
t4_read: transform initialized to I4
rotation matrix determinant  1.000000
image alignment mode   4355 decimal     1103 hex
   -7.5000  -45.0000  -45.0000 8354.4873   16.8963
    0.0000  -45.0000  -45.0000 8690.1738   16.8651
    7.5000  -45.0000  -45.0000 8357.2510   16.8540
   -7.5000  -37.5000  -45.0000 8841.5977   16.7946
    0.0000  -37.5000  -45.0000 9194.0918   16.7504
    7.5000  -37.5000  -45.0000 8802.7100   16.7367
   -7.5000  -30.0000  -45.0000 9670.9805   16.7618
    0.0000  -30.0000  -45.000010080.2852   16.6981
    7.5000  -30.0000  -45.0000 9625.8184   16.6748
   -7.5000  -22.5000  -45.000010522.0176   16.7380
    0.0000  -22.5000  -45.000010942.7363   16.6696
    7.5000  -22.5000  -45.000010424.5166   16.6414
   -7.5000  -15.0000  -45.000011223.4590   16.7116
    0.0000  -15.0000  -45.000011656.5107   16.6567
    7.5000  -15.0000  -45.000011092.4385   16.6314
   -7.5000   -7.5000  -45.000011684.5049   16.7105
    0.0000   -7.5000  -45.000012129.9424   16.6748
    7.5000   -7.5000  -45.000011508.3623   16.6581
   -7.5000    0.0000  -45.000011985.4346   16.7310
    0.0000    0.0000  -45.000012472.1641   16.7014
    7.5000    0.0000  -45.000011821.6250   16.6917
   -7.5000    7.5000  -45.000011387.2871   16.7552
    0.0000    7.5000  -45.000011865.3291   16.7112
    7.5000    7.5000  -45.000011243.2168   16.6979
   -7.5000   15.0000  -45.000010789.4541   16.7612
    0.0000   15.0000  -45.000011211.2959   16.6975
    7.5000   15.0000  -45.000010604.9180   16.6743
   -7.5000   22.5000  -45.000010122.2080   16.7728
    0.0000   22.5000  -45.000010487.0791   16.7043
    7.5000   22.5000  -45.0000 9943.0977   16.6756
   -7.5000   30.0000  -45.0000 9437.0898   16.7104
    0.0000   30.0000  -45.0000 9786.5977   16.6559
    7.5000   30.0000  -45.0000 9251.9287   16.6283
   -7.5000   37.5000  -45.0000 9092.6104   17.1000
    0.0000   37.5000  -45.0000 9430.4014   17.0652
    7.5000   37.5000  -45.0000 8900.1270   17.0454
   -7.5000   45.0000  -45.0000 8461.6230   17.1644
    0.0000   45.0000  -45.0000 8770.9023   17.1331
    7.5000   45.0000  -45.0000 8270.8232   17.1196
   -7.5000  -45.0000  -37.5000 8886.4766   16.8759
    0.0000  -45.0000  -37.5000 9268.1758   16.8464
    7.5000  -45.0000  -37.5000 8904.0186   16.8381
   -7.5000  -37.5000  -37.5000 9445.3857   16.7812
    0.0000  -37.5000  -37.5000 9866.1758   16.7359
    7.5000  -37.5000  -37.5000 9434.0850   16.7211
   -7.5000  -30.0000  -37.500010377.6143   16.7465
    0.0000  -30.0000  -37.500010832.5371   16.6846
    7.5000  -30.0000  -37.500010326.4658   16.6590
   -7.5000  -22.5000  -37.500011274.6562   16.7129
    0.0000  -22.5000  -37.500011753.7100   16.6521
    7.5000  -22.5000  -37.500011169.4521   16.6247
   -7.5000  -15.0000  -37.500012015.3545   16.6799
    0.0000  -15.0000  -37.500012508.4082   16.6357
    7.5000  -15.0000  -37.500011871.8750   16.6147
   -7.5000   -7.5000  -37.500012492.3438   16.6816
    0.0000   -7.5000  -37.500013013.2910   16.6535
    7.5000   -7.5000  -37.500012289.4355   16.6418
   -7.5000    0.0000  -37.500012795.0742   16.7104
    0.0000    0.0000  -37.500013328.0000   16.6827
    7.5000    0.0000  -37.500012592.1836   16.6756
   -7.5000    7.5000  -37.500012155.9492   16.7417
    0.0000    7.5000  -37.500012647.1504   16.6967
    7.5000    7.5000  -37.500011927.7725   16.6823
   -7.5000   15.0000  -37.500011490.8164   16.7459
    0.0000   15.0000  -37.500011942.1436   16.6840
    7.5000   15.0000  -37.500011242.8682   16.6584
   -7.5000   22.5000  -37.500010760.3887   16.7457
    0.0000   22.5000  -37.500011185.7334   16.6846
    7.5000   22.5000  -37.500010550.9521   16.6569
   -7.5000   30.0000  -37.500010021.0332   16.6789
    0.0000   30.0000  -37.500010425.8662   16.6353
    7.5000   30.0000  -37.5000 9805.2119   16.6133
   -7.5000   37.5000  -37.5000 9623.5801   17.0821
    0.0000   37.5000  -37.5000 9993.3652   17.0523
    7.5000   37.5000  -37.5000 9413.0742   17.0365
   -7.5000   45.0000  -37.5000 8905.7012   17.1597
    0.0000   45.0000  -37.5000 9253.5635   17.1271
    7.5000   45.0000  -37.5000 8716.8193   17.1173
   -7.5000  -45.0000  -30.0000 9529.6592   17.5736
    0.0000  -45.0000  -30.0000 9958.5303   17.5392
    7.5000  -45.0000  -30.0000 9534.9814   17.5364
   -7.5000  -37.5000  -30.000010167.1240   17.4843
    0.0000  -37.5000  -30.000010641.1836   17.4335
    7.5000  -37.5000  -30.000010143.4766   17.4183
   -7.5000  -30.0000  -30.000011167.6289   17.4514
    0.0000  -30.0000  -30.000011687.7617   17.3883
    7.5000  -30.0000  -30.000011125.8203   17.3615
   -7.5000  -22.5000  -30.000012081.8994   17.4081
    0.0000  -22.5000  -30.000012622.2705   17.3521
    7.5000  -22.5000  -30.000011957.3232   17.3299
   -7.5000  -15.0000  -30.000012902.6562   17.3642
    0.0000  -15.0000  -30.000013455.4443   17.3262
    7.5000  -15.0000  -30.000012703.4258   17.3163
   -7.5000   -7.5000  -30.000013407.4941   17.3647
    0.0000   -7.5000  -30.000013969.3262   17.3377
    7.5000   -7.5000  -30.000013167.4277   17.3366
   -7.5000    0.0000  -30.000013736.8018   17.4010
    0.0000    0.0000  -30.000014280.4678   17.3687
    7.5000    0.0000  -30.000013467.8066   17.3671
   -7.5000    7.5000  -30.000013037.8232   17.4431
    0.0000    7.5000  -30.000013579.4648   17.3927
    7.5000    7.5000  -30.000012760.8477   17.3778
   -7.5000   15.0000  -30.000012317.1680   17.4507
    0.0000   15.0000  -30.000012813.8691   17.3877
    7.5000   15.0000  -30.000012011.8008   17.3609
   -7.5000   22.5000  -30.000011532.1270   17.4401
    0.0000   22.5000  -30.000012001.4824   17.3838
    7.5000   22.5000  -30.000011229.7891   17.3614
   -7.5000   30.0000  -30.000010721.2295   17.3685
    0.0000   30.0000  -30.000011165.3652   17.3311
    7.5000   30.0000  -30.000010449.8486   17.3215
   -7.5000   37.5000  -30.000010283.0986   17.7888
    0.0000   37.5000  -30.000010710.5635   17.7574
    7.5000   37.5000  -30.000010060.5645   17.7518
   -7.5000   45.0000  -30.0000 9488.3887   17.8857
    0.0000   45.0000  -30.0000 9876.8262   17.8457
    7.5000   45.0000  -30.0000 9296.7422   17.8420
   -7.5000  -45.0000  -22.500010182.1748   18.1872
    0.0000  -45.0000  -22.500010672.4727   18.1450
    7.5000  -45.0000  -22.500010165.5381   18.1439
   -7.5000  -37.5000  -22.500010868.9092   18.0973
    0.0000  -37.5000  -22.500011375.8975   18.0418
    7.5000  -37.5000  -22.500010841.0957   18.0274
   -7.5000  -30.0000  -22.500011896.6670   18.0689
    0.0000  -30.0000  -22.500012437.8438   18.0034
    7.5000  -30.0000  -22.500011843.5371   17.9792
   -7.5000  -22.5000  -22.500012823.6152   18.0262
    0.0000  -22.5000  -22.500013387.0176   17.9677
    7.5000  -22.5000  -22.500012682.7646   17.9514
   -7.5000  -15.0000  -22.500013719.4463   17.9775
    0.0000  -15.0000  -22.500014271.9307   17.9346
    7.5000  -15.0000  -22.500013484.6650   17.9324
   -7.5000   -7.5000  -22.500014294.9814   17.9737
    0.0000   -7.5000  -22.500014826.9902   17.9389
    7.5000   -7.5000  -22.500014009.4453   17.9431
   -7.5000    0.0000  -22.500014612.4434   18.0088
    0.0000    0.0000  -22.500015152.2861   17.9689
    7.5000    0.0000  -22.500014294.5977   17.9692
   -7.5000    7.5000  -22.500013855.5029   18.0547
    0.0000    7.5000  -22.500014413.3291   17.9996
    7.5000    7.5000  -22.500013536.9971   17.9856
   -7.5000   15.0000  -22.500013066.1484   18.0682
    0.0000   15.0000  -22.500013629.0527   18.0027
    7.5000   15.0000  -22.500012744.1406   17.9785
   -7.5000   22.5000  -22.500012232.3574   18.0600
    0.0000   22.5000  -22.500012761.8320   18.0014
    7.5000   22.5000  -22.500011895.0537   17.9849
   -7.5000   30.0000  -22.500011353.5869   17.9881
    0.0000   30.0000  -22.500011849.6641   17.9455
    7.5000   30.0000  -22.500011062.8955   17.9435
   -7.5000   37.5000  -22.500010889.5068   18.4081
    0.0000   37.5000  -22.500011344.1318   18.3691
    7.5000   37.5000  -22.500010628.4893   18.3694
   -7.5000   45.0000  -22.500010042.9883   18.5093
    0.0000   45.0000  -22.500010439.2803   18.4624
    7.5000   45.0000  -22.5000 9803.8447   18.4598
   -7.5000  -45.0000  -15.000010777.9033   18.6425
    0.0000  -45.0000  -15.000011274.6367   18.5963
    7.5000  -45.0000  -15.000010742.9629   18.5922
   -7.5000  -37.5000  -15.000011459.1123   18.5429
    0.0000  -37.5000  -15.000012001.1230   18.4864
    7.5000  -37.5000  -15.000011439.3467   18.4729
   -7.5000  -30.0000  -15.000012547.1836   18.5162
    0.0000  -30.0000  -15.000013085.2344   18.4475
    7.5000  -30.0000  -15.000012466.6699   18.4259
   -7.5000  -22.5000  -15.000013522.7061   18.4833
    0.0000  -22.5000  -15.000014076.7393   18.4163
    7.5000  -22.5000  -15.000013355.1543   18.4000
   -7.5000  -15.0000  -15.000014471.3027   18.4404
    0.0000  -15.0000  -15.000014988.0430   18.3858
    7.5000  -15.0000  -15.000014173.9600   18.3802
   -7.5000   -7.5000  -15.000015124.6992   18.4333
    0.0000   -7.5000  -15.000015639.8281   18.3892
    7.5000   -7.5000  -15.000014781.6230   18.3890
   -7.5000    0.0000  -15.000015463.3086   18.4599
    0.0000    0.0000  -15.000016006.0566   18.4161
    7.5000    0.0000  -15.000015093.1523   18.4137
   -7.5000    7.5000  -15.000014657.1680   18.4993
    0.0000    7.5000  -15.000015203.2773   18.4432
    7.5000    7.5000  -15.000014280.9238   18.4301
   -7.5000   15.0000  -15.000013791.4141   18.5156
    0.0000   15.0000  -15.000014380.6777   18.4468
    7.5000   15.0000  -15.000013452.1504   18.4252
   -7.5000   22.5000  -15.000012893.7480   18.5192
    0.0000   22.5000  -15.000013451.4062   18.4523
    7.5000   22.5000  -15.000012518.9805   18.4357
   -7.5000   30.0000  -15.000011914.9590   18.4530
    0.0000   30.0000  -15.000012442.5889   18.3985
    7.5000   30.0000  -15.000011574.4941   18.3920
   -7.5000   37.5000  -15.000011406.3291   18.8694
    0.0000   37.5000  -15.000011893.8857   18.8236
    7.5000   37.5000  -15.000011104.9805   18.8203
   -7.5000   45.0000  -15.000010505.6113   18.9682
    0.0000   45.0000  -15.000010926.3643   18.9203
    7.5000   45.0000  -15.000010257.8750   18.9137
   -7.5000  -45.0000   -7.500011368.9258   18.8736
    0.0000  -45.0000   -7.500011822.1162   18.8318
    7.5000  -45.0000   -7.500011299.0186   18.8225
   -7.5000  -37.5000   -7.500012071.9336   18.7625
    0.0000  -37.5000   -7.500012587.9648   18.7094
    7.5000  -37.5000   -7.500012021.5029   18.6958
   -7.5000  -30.0000   -7.500013192.5488   18.7316
    0.0000  -30.0000   -7.500013745.4043   18.6603
    7.5000  -30.0000   -7.500013116.6074   18.6376
   -7.5000  -22.5000   -7.500014190.5371   18.7073
    0.0000  -22.5000   -7.500014748.3037   18.6315
    7.5000  -22.5000   -7.500014031.8525   18.6072
   -7.5000  -15.0000   -7.500015153.1875   18.6745
    0.0000  -15.0000   -7.500015686.4492   18.6111
    7.5000  -15.0000   -7.500014893.2949   18.5923
   -7.5000   -7.5000   -7.500015907.5273   18.6687
    0.0000   -7.5000   -7.500016421.7949   18.6227
    7.5000   -7.5000   -7.500015547.1992   18.6114
   -7.5000    0.0000   -7.500016379.6572   18.6890
    0.0000    0.0000   -7.500016933.4414   18.6492
    7.5000    0.0000   -7.500015953.8398   18.6418
   -7.5000    7.5000   -7.500015543.5840   18.7185
    0.0000    7.5000   -7.500016123.1943   18.6657
    7.5000    7.5000   -7.500015133.4229   18.6525
   -7.5000   15.0000   -7.500014600.1367   18.7310
    0.0000   15.0000   -7.500015174.8623   18.6597
    7.5000   15.0000   -7.500014210.0439   18.6369
   -7.5000   22.5000   -7.500013565.7314   18.7420
    0.0000   22.5000   -7.500014110.8965   18.6662
    7.5000   22.5000   -7.500013154.8525   18.6413
   -7.5000   30.0000   -7.500012526.8359   18.6831
    0.0000   30.0000   -7.500013046.8369   18.6198
    7.5000   30.0000   -7.500012155.2686   18.5987
   -7.5000   37.5000   -7.500011956.1133   19.1043
    0.0000   37.5000   -7.500012453.7363   19.0593
    7.5000   37.5000   -7.500011616.5322   19.0452
   -7.5000   45.0000   -7.500011020.4199   19.2043
    0.0000   45.0000   -7.500011456.5566   19.1630
    7.5000   45.0000   -7.500010729.0879   19.1508
   -7.5000  -45.0000    0.000011903.8994   18.9065
    0.0000  -45.0000    0.000012322.3672   18.8715
    7.5000  -45.0000    0.000011787.7939   18.8591
   -7.5000  -37.5000    0.000012609.9102   18.7927
    0.0000  -37.5000    0.000013070.9717   18.7431
    7.5000  -37.5000    0.000012534.8076   18.7279
   -7.5000  -30.0000    0.000013752.2588   18.7560
    0.0000  -30.0000    0.000014222.4639   18.6847
    7.5000  -30.0000    0.000013641.0215   18.6586
   -7.5000  -22.5000    0.000014771.1328   18.7294
    0.0000  -22.5000    0.000015258.6963   18.6528
    7.5000  -22.5000    0.000014604.2363   18.6212
   -7.5000  -15.0000    0.000015732.2764   18.6998
    0.0000  -15.0000    0.000016177.3594   18.6384
    7.5000  -15.0000    0.000015481.6113   18.6100
   -7.5000   -7.5000    0.000016568.0742   18.6986
    0.0000   -7.5000    0.000017070.8945   18.6586
    7.5000   -7.5000    0.000016221.9102   18.6399
   -7.5000    0.0000    0.000017213.4160   18.7215
    0.0000    0.0000    0.000017771.0508   18.6883
    7.5000    0.0000    0.000016765.6641   18.6775
   -7.5000    7.5000    0.000016299.0303   18.7486
    0.0000    7.5000    0.000016849.8008   18.6993
    7.5000    7.5000    0.000015929.7227   18.6844
   -7.5000   15.0000    0.000015185.7100   18.7553
    0.0000   15.0000    0.000015720.8174   18.6840
    7.5000   15.0000    0.000014875.7471   18.6580
   -7.5000   22.5000    0.000014016.1406   18.7623
    0.0000   22.5000    0.000014540.3076   18.6855
    7.5000   22.5000    0.000013738.9951   18.6534
   -7.5000   30.0000    0.000012965.6963   18.7058
    0.0000   30.0000    0.000013503.9629   18.6447
    7.5000   30.0000    0.000012683.2168   18.6138
   -7.5000   37.5000    0.000012412.0771   19.1418
    0.0000   37.5000    0.000012957.8438   19.1029
    7.5000   37.5000    0.000012157.0664   19.0806
   -7.5000   45.0000    0.000011460.0459   19.2517
    0.0000   45.0000    0.000011935.3115   19.2164
    7.5000   45.0000    0.000011208.9160   19.2014
   -7.5000  -45.0000    7.500011479.3428   18.8845
    0.0000  -45.0000    7.500011899.1846   18.8514
    7.5000  -45.0000    7.500011380.3232   18.8422
   -7.5000  -37.5000    7.500012153.2988   18.7785
    0.0000  -37.5000    7.500012577.6084   18.7278
    7.5000  -37.5000    7.500012057.7861   18.7113
   -7.5000  -30.0000    7.500013260.5439   18.7397
    0.0000  -30.0000    7.500013676.8340   18.6704
    7.5000  -30.0000    7.500013126.2852   18.6418
   -7.5000  -22.5000    7.500014236.6582   18.7021
    0.0000  -22.5000    7.500014646.7119   18.6341
    7.5000  -22.5000    7.500014048.8955   18.6034
   -7.5000  -15.0000    7.500015110.8799   18.6652
    0.0000  -15.0000    7.500015490.9062   18.6157
    7.5000  -15.0000    7.500014873.4414   18.5922
   -7.5000   -7.5000    7.500015976.5391   18.6671
    0.0000   -7.5000    7.500016371.3125   18.6356
    7.5000   -7.5000    7.500015625.5361   18.6226
   -7.5000    0.0000    7.500016538.8555   18.6993
    0.0000    0.0000    7.500017024.4062   18.6682
    7.5000    0.0000    7.500016194.5830   18.6603
   -7.5000    7.5000    7.500015627.3994   18.7344
    0.0000    7.5000    7.500016160.7109   18.6840
    7.5000    7.5000    7.500015477.2783   18.6678
   -7.5000   15.0000    7.500014600.0225   18.7390
    0.0000   15.0000    7.500015144.8320   18.6698
    7.5000   15.0000    7.500014504.4316   18.6411
   -7.5000   22.5000    7.500013494.4980   18.7327
    0.0000   22.5000    7.500014024.3486   18.6644
    7.5000   22.5000    7.500013349.9932   18.6334
   -7.5000   30.0000    7.500012457.1387   18.6713
    0.0000   30.0000    7.500012985.5586   18.6225
    7.5000   30.0000    7.500012246.1426   18.5979
   -7.5000   37.5000    7.500011909.0459   19.1227
    0.0000   37.5000    7.500012416.7070   19.0893
    7.5000   37.5000    7.500011696.2051   19.0716
   -7.5000   45.0000    7.500010987.6621   19.2473
    0.0000   45.0000    7.500011423.8389   19.2107
    7.5000   45.0000    7.500010787.7578   19.1997
   -7.5000  -45.0000   15.000010947.8818   18.8711
    0.0000  -45.0000   15.000011360.4082   18.8342
    7.5000  -45.0000   15.000010873.7070   18.8312
   -7.5000  -37.5000   15.000011573.9072   18.7753
    0.0000  -37.5000   15.000011973.8711   18.7207
    7.5000  -37.5000   15.000011472.5645   18.7044
   -7.5000  -30.0000   15.000012631.8135   18.7399
    0.0000  -30.0000   15.000013010.1895   18.6721
    7.5000  -30.0000   15.000012469.1045   18.6434
   -7.5000  -22.5000   15.000013537.7686   18.6935
    0.0000  -22.5000   15.000013891.3623   18.6333
    7.5000  -22.5000   15.000013331.5781   18.6095
   -7.5000  -15.0000   15.000014327.0029   18.6463
    0.0000  -15.0000   15.000014685.1006   18.6055
    7.5000  -15.0000   15.000014085.8262   18.5949
   -7.5000   -7.5000   15.000015116.7090   18.6469
    0.0000   -7.5000   15.000015552.4297   18.6179
    7.5000   -7.5000   15.000014817.7236   18.6167
   -7.5000    0.0000   15.000015637.4414   18.6859
    0.0000    0.0000   15.000016210.3076   18.6511
    7.5000    0.0000   15.000015402.4053   18.6494
   -7.5000    7.5000   15.000014824.4346   18.7311
    0.0000    7.5000   15.000015526.2080   18.6769
    7.5000    7.5000   15.000014774.7461   18.6609
   -7.5000   15.0000   15.000013924.8613   18.7392
    0.0000   15.0000   15.000014632.0332   18.6715
    7.5000   15.0000   15.000013866.9189   18.6428
   -7.5000   22.5000   15.000012913.7754   18.7236
    0.0000   22.5000   15.000013557.9014   18.6632
    7.5000   22.5000   15.000012780.1768   18.6392
   -7.5000   30.0000   15.000011894.8652   18.6564
    0.0000   30.0000   15.000012462.6855   18.6162
    7.5000   30.0000   15.000011717.7656   18.6059
   -7.5000   37.5000   15.000011348.8389   19.1079
    0.0000   37.5000   15.000011839.5088   19.0742
    7.5000   37.5000   15.000011164.4062   19.0681
   -7.5000   45.0000   15.000010450.4570   19.2374
    0.0000   45.0000   15.000010866.9375   19.1944
    7.5000   45.0000   15.000010267.3633   19.1904
   -7.5000  -45.0000   22.500010336.1387   18.8799
    0.0000  -45.0000   22.500010736.9707   18.8361
    7.5000  -45.0000   22.500010244.0293   18.8350
   -7.5000  -37.5000   22.500010933.9580   18.7865
    0.0000  -37.5000   22.500011334.5703   18.7290
    7.5000  -37.5000   22.500010823.2705   18.7141
   -7.5000  -30.0000   22.500011932.5771   18.7571
    0.0000  -30.0000   22.500012327.2402   18.6891
    7.5000  -30.0000   22.500011785.2949   18.6640
   -7.5000  -22.5000   22.500012778.6670   18.7128
    0.0000  -22.5000   22.500013140.9541   18.6521
    7.5000  -22.5000   22.500012595.2041   18.6352
   -7.5000  -15.0000   22.500013548.3652   18.6623
    0.0000  -15.0000   22.500013938.7148   18.6177
    7.5000  -15.0000   22.500013334.7051   18.6154
   -7.5000   -7.5000   22.500014280.1299   18.6582
    0.0000   -7.5000   22.500014717.5088   18.6221
    7.5000   -7.5000   22.500014015.2588   18.6265
   -7.5000    0.0000   22.500014762.2734   18.6947
    0.0000    0.0000   22.500015262.7031   18.6533
    7.5000    0.0000   22.500014538.4678   18.6536
   -7.5000    7.5000   22.500014039.9111   18.7423
    0.0000    7.5000   22.500014557.0205   18.6852
    7.5000    7.5000   22.500013906.6221   18.6706
   -7.5000   15.0000   22.500013174.3389   18.7564
    0.0000   15.0000   22.500013649.6797   18.6884
    7.5000   15.0000   22.500013017.2783   18.6633
   -7.5000   22.5000   22.500012204.2354   18.7450
    0.0000   22.5000   22.500012629.2471   18.6842
    7.5000   22.5000   22.500011990.4141   18.6670
   -7.5000   30.0000   22.500011260.0244   18.6759
    0.0000   30.0000   22.500011653.6035   18.6316
    7.5000   30.0000   22.500011040.6455   18.6296
   -7.5000   37.5000   22.500010760.7949   19.1119
    0.0000   37.5000   22.500011132.5732   19.0714
    7.5000   37.5000   22.500010559.2617   19.0718
   -7.5000   45.0000   22.5000 9867.8037   19.2310
    0.0000   45.0000   22.500010233.0566   19.1822
    7.5000   45.0000   22.5000 9704.7969   19.1796
   -7.5000  -45.0000   30.0000 9618.3350   18.9167
    0.0000  -45.0000   30.000010026.2637   18.8699
    7.5000  -45.0000   30.0000 9555.2871   18.8658
   -7.5000  -37.5000   30.000010232.0010   18.8155
    0.0000  -37.5000   30.000010632.8174   18.7582
    7.5000  -37.5000   30.000010135.4326   18.7446
   -7.5000  -30.0000   30.000011190.5195   18.7884
    0.0000  -30.0000   30.000011595.6289   18.7187
    7.5000  -30.0000   30.000011088.6230   18.6968
   -7.5000  -22.5000   30.000012039.7822   18.7551
    0.0000  -22.5000   30.000012430.6143   18.6871
    7.5000  -22.5000   30.000011877.4102   18.6706
   -7.5000  -15.0000   30.000012765.9941   18.7116
    0.0000  -15.0000   30.000013155.5830   18.6562
    7.5000  -15.0000   30.000012502.1270   18.6506
   -7.5000   -7.5000   30.000013346.0225   18.7043
    0.0000   -7.5000   30.000013752.5400   18.6597
    7.5000   -7.5000   30.000013048.8965   18.6595
   -7.5000    0.0000   30.000013716.0771   18.7313
    0.0000    0.0000   30.000014136.9365   18.6868
    7.5000    0.0000   30.000013462.1904   18.6845
   -7.5000    7.5000   30.000013005.6807   18.7712
    0.0000    7.5000   30.000013400.8750   18.7143
    7.5000    7.5000   30.000012806.1709   18.7011
   -7.5000   15.0000   30.000012195.0752   18.7878
    0.0000   15.0000   30.000012551.6572   18.7180
    7.5000   15.0000   30.000011984.4277   18.6962
   -7.5000   22.5000   30.000011268.5605   18.7896
    0.0000   22.5000   30.000011612.0518   18.7217
    7.5000   22.5000   30.000011054.2568   18.7049
   -7.5000   30.0000   30.000010410.4404   18.7247
    0.0000   30.0000   30.000010764.8340   18.6694
    7.5000   30.0000   30.000010216.6523   18.6628
   -7.5000   37.5000   30.0000 9989.9072   19.1476
    0.0000   37.5000   30.000010337.0137   19.1011
    7.5000   37.5000   30.0000 9799.1562   19.0978
   -7.5000   45.0000   30.0000 9212.3320   19.2534
    0.0000   45.0000   30.0000 9529.9609   19.2047
    7.5000   45.0000   30.0000 9049.1426   19.1981
   -7.5000  -45.0000   37.5000 9298.0166   19.0686
    0.0000  -45.0000   37.5000 9699.8164   19.0253
    7.5000  -45.0000   37.5000 9246.3203   19.0155
   -7.5000  -37.5000   37.5000 9920.5088   18.9557
    0.0000  -37.5000   37.500010328.4971   18.9010
    7.5000  -37.5000   37.5000 9848.0010   18.8868
   -7.5000  -30.0000   37.500010857.6357   18.9248
    0.0000  -30.0000   37.500011294.3877   18.8516
    7.5000  -30.0000   37.500010778.9590   18.8281
   -7.5000  -22.5000   37.500011668.1807   18.9004
    0.0000  -22.5000   37.500012089.5859   18.8227
    7.5000  -22.5000   37.500011506.7734   18.7974
   -7.5000  -15.0000   37.500012289.5127   18.8669
    0.0000  -15.0000   37.500012716.0498   18.8016
    7.5000  -15.0000   37.500012063.1709   18.7819
   -7.5000   -7.5000   37.500012780.1211   18.8603
    0.0000   -7.5000   37.500013216.9619   18.8128
    7.5000   -7.5000   37.500012546.3750   18.8008
   -7.5000    0.0000   37.500013104.9980   18.8805
    0.0000    0.0000   37.500013517.2354   18.8394
    7.5000    0.0000   37.500012894.7197   18.8314
   -7.5000    7.5000   37.500012395.2188   18.9108
    0.0000    7.5000   37.500012780.5605   18.8565
    7.5000    7.5000   37.500012194.0576   18.8427
   -7.5000   15.0000   37.500011622.4492   18.9241
    0.0000   15.0000   37.500011976.2656   18.8510
    7.5000   15.0000   37.500011417.9053   18.8275
   -7.5000   22.5000   37.500010750.3564   18.9358
    0.0000   22.5000   37.500011079.6934   18.8581
    7.5000   22.5000   37.500010560.8047   18.8323
   -7.5000   30.0000   37.5000 9947.0586   18.8782
    0.0000   30.0000   37.500010272.4941   18.8130
    7.5000   30.0000   37.5000 9775.9180   18.7909
   -7.5000   37.5000   37.5000 9543.1436   19.3067
    0.0000   37.5000   37.5000 9884.1338   19.2601
    7.5000   37.5000   37.5000 9369.6914   19.2452
   -7.5000   45.0000   37.5000 8808.5889   19.4131
    0.0000   45.0000   37.5000 9125.9209   19.3703
    7.5000   45.0000   37.5000 8658.1963   19.3574
   -7.5000  -45.0000   45.0000 8605.0352   19.2170
    0.0000  -45.0000   45.0000 8973.6250   19.1789
    7.5000  -45.0000   45.0000 8584.8330   19.1662
   -7.5000  -37.5000   45.0000 9111.4482   19.0989
    0.0000  -37.5000   45.0000 9506.2861   19.0448
    7.5000  -37.5000   45.0000 9071.7744   19.0291
   -7.5000  -30.0000   45.0000 9985.5840   19.0629
    0.0000  -30.0000   45.000010408.7559   18.9865
    7.5000  -30.0000   45.0000 9912.6650   18.9596
   -7.5000  -22.5000   45.000010728.9648   19.0375
    0.0000  -22.5000   45.000011155.8330   18.9567
    7.5000  -22.5000   45.000010584.4199   18.9240
   -7.5000  -15.0000   45.000011248.3701   19.0066
    0.0000  -15.0000   45.000011667.0879   18.9425
    7.5000  -15.0000   45.000011060.8770   18.9133
   -7.5000   -7.5000   45.000011648.7002   19.0030
    0.0000   -7.5000   45.000012047.8936   18.9608
    7.5000   -7.5000   45.000011444.9688   18.9418
   -7.5000    0.0000   45.000011912.2695   19.0247
    0.0000    0.0000   45.000012297.6377   18.9884
    7.5000    0.0000   45.000011720.6221   18.9775
   -7.5000    7.5000   45.000011258.3242   19.0530
    0.0000    7.5000   45.000011609.0430   18.9993
    7.5000    7.5000   45.000011060.2480   18.9840
   -7.5000   15.0000   45.000010547.9941   19.0622
    0.0000   15.0000   45.000010890.8613   18.9858
    7.5000   15.0000   45.000010366.6436   18.9589
   -7.5000   22.5000   45.0000 9775.2471   19.0718
    0.0000   22.5000   45.000010077.8516   18.9909
    7.5000   22.5000   45.0000 9611.8184   18.9577
   -7.5000   30.0000   45.0000 9064.5557   19.0169
    0.0000   30.0000   45.0000 9339.2002   18.9531
    7.5000   30.0000   45.0000 8892.7793   18.9213
   -7.5000   37.5000   45.0000 8713.5420   19.4683
    0.0000   37.5000   45.0000 9010.9639   19.4272
    7.5000   37.5000   45.0000 8550.7246   19.4044
   -7.5000   45.0000   45.0000 8030.7710   19.6024
    0.0000   45.0000   45.0000 8325.8828   19.5637
    7.5000   45.0000   45.0000 7912.7886   19.5482

---------------------------------------------------------------------
imgreg_4dfp /opt/freesurfer/average/711-2C_as_mni_average_305 /opt/freesurfer/average/711-2B_as_mni_average_305_mask talsrcimg_g11 none talsrcimg_to_711-2C_as_mni_average_305_t4 4355
---------------------------------------------------------------------

freesurfer imgreg_4dfp.c
/opt/freesurfer/average/711-2C_as_mni_average_305.4dfp.img
       256       256       256         1
  1.000000  1.000000  1.000000
orientation T byte_order littleendian
Reading image: /opt/freesurfer/average/711-2C_as_mni_average_305.4dfp.img
dimensions:      256       256       256
mmppix:       1.0000   -1.0000   -1.0000
center:     128.0000 -129.0000 -129.0000
/opt/freesurfer/average/711-2B_as_mni_average_305_mask.4dfp.img
       256       256       256         1
  1.000000  1.000000  1.000000
orientation T byte_order littleendian
Reading mask: /opt/freesurfer/average/711-2B_as_mni_average_305_mask.4dfp.img (2306576 pixels)
talsrcimg_g11.4dfp.img
       256       256       256         1
  1.000000  1.000000  1.000000
orientation T byte_order littleendian
Reading image: talsrcimg_g11.4dfp.img
dimensions:      256       256       256
mmppix:       1.0000   -1.0000   -1.0000
center:     128.0000 -129.0000 -129.0000
rotation matrix determinant  1.000000
image alignment mode   4355 decimal     1103 hex
   -7.5000  -45.0000  -45.0000 2081.5342   21.1250
    0.0000  -45.0000  -45.0000 2102.4124   21.0431
    7.5000  -45.0000  -45.0000 2096.7761   21.2314
   -7.5000  -37.5000  -45.0000 2128.8232   20.4401
    0.0000  -37.5000  -45.0000 2141.8228   20.4006
    7.5000  -37.5000  -45.0000 2128.4673   20.5413
   -7.5000  -30.0000  -45.0000 2175.8477   19.8322
    0.0000  -30.0000  -45.0000 2183.6953   19.8206
    7.5000  -30.0000  -45.0000 2173.8450   19.9437
   -7.5000  -22.5000  -45.0000 2218.5732   19.2490
    0.0000  -22.5000  -45.0000 2224.2747   19.2897
    7.5000  -22.5000  -45.0000 2208.5735   19.4191
   -7.5000  -15.0000  -45.0000 2248.4255   18.7381
    0.0000  -15.0000  -45.0000 2255.5847   18.8004
    7.5000  -15.0000  -45.0000 2237.9446   18.9276
   -7.5000   -7.5000  -45.0000 2273.3738   18.3401
    0.0000   -7.5000  -45.0000 2272.5315   18.4125
    7.5000   -7.5000  -45.0000 2248.0144   18.5916
   -7.5000    0.0000  -45.0000 2282.6204   18.0805
    0.0000    0.0000  -45.0000 2281.1228   18.1369
    7.5000    0.0000  -45.0000 2248.1526   18.4105
   -7.5000    7.5000  -45.0000 2289.2756   17.9958
    0.0000    7.5000  -45.0000 2283.8367   18.0752
    7.5000    7.5000  -45.0000 2247.9973   18.3748
   -7.5000   15.0000  -45.0000 2284.7251   18.2257
    0.0000   15.0000  -45.0000 2274.5684   18.2779
    7.5000   15.0000  -45.0000 2236.4893   18.6047
   -7.5000   22.5000  -45.0000 2259.4124   18.8303
    0.0000   22.5000  -45.0000 2246.1414   18.8771
    7.5000   22.5000  -45.0000 2211.5115   19.2262
   -7.5000   30.0000  -45.0000 2213.5889   19.7875
    0.0000   30.0000  -45.0000 2203.9692   19.8636
    7.5000   30.0000  -45.0000 2163.3530   20.2673
   -7.5000   37.5000  -45.0000 2148.0981   21.1235
    0.0000   37.5000  -45.0000 2135.2080   21.1941
    7.5000   37.5000  -45.0000 2092.9373   21.6491
   -7.5000   45.0000  -45.0000 2060.0029   22.9499
    0.0000   45.0000  -45.0000 2045.8466   22.9941
    7.5000   45.0000  -45.0000 2000.0027   23.4933
   -7.5000  -45.0000  -37.5000 2173.0076   19.1872
    0.0000  -45.0000  -37.5000 2199.9456   19.1903
    7.5000  -45.0000  -37.5000 2197.3081   19.3546
   -7.5000  -37.5000  -37.5000 2222.4146   18.6253
    0.0000  -37.5000  -37.5000 2244.4824   18.6356
    7.5000  -37.5000  -37.5000 2236.5151   18.7532
   -7.5000  -30.0000  -37.5000 2273.3237   18.1588
    0.0000  -30.0000  -37.5000 2288.4448   18.1266
    7.5000  -30.0000  -37.5000 2275.2798   18.2168
   -7.5000  -22.5000  -37.5000 2323.0256   17.6556
    0.0000  -22.5000  -37.5000 2331.9333   17.6332
    7.5000  -22.5000  -37.5000 2312.8848   17.7320
   -7.5000  -15.0000  -37.5000 2347.0210   17.2071
    0.0000  -15.0000  -37.5000 2360.3430   17.2341
    7.5000  -15.0000  -37.5000 2339.0007   17.3507
   -7.5000   -7.5000  -37.5000 2369.6877   16.9226
    0.0000   -7.5000  -37.5000 2371.8967   16.9440
    7.5000   -7.5000  -37.5000 2340.5417   17.0732
   -7.5000    0.0000  -37.5000 2385.4231   16.7428
    0.0000    0.0000  -37.5000 2380.0374   16.8063
    7.5000    0.0000  -37.5000 2341.9348   16.9995
   -7.5000    7.5000  -37.5000 2388.8855   16.6854
    0.0000    7.5000  -37.5000 2384.9441   16.7568
    7.5000    7.5000  -37.5000 2339.1836   17.0288
   -7.5000   15.0000  -37.5000 2386.6348   16.8971
    0.0000   15.0000  -37.5000 2376.9443   16.9391
    7.5000   15.0000  -37.5000 2330.2383   17.2523
   -7.5000   22.5000  -37.5000 2363.7290   17.4181
    0.0000   22.5000  -37.5000 2353.8394   17.4537
    7.5000   22.5000  -37.5000 2310.6711   17.7999
   -7.5000   30.0000  -37.5000 2318.1780   18.2205
    0.0000   30.0000  -37.5000 2311.2747   18.3078
    7.5000   30.0000  -37.5000 2261.5278   18.6921
   -7.5000   37.5000  -37.5000 2246.5945   19.4159
    0.0000   37.5000  -37.5000 2234.4221   19.5396
    7.5000   37.5000  -37.5000 2188.0137   19.9960
   -7.5000   45.0000  -37.5000 2147.4502   21.1067
    0.0000   45.0000  -37.5000 2136.4753   21.1806
    7.5000   45.0000  -37.5000 2090.6160   21.6542
   -7.5000  -45.0000  -30.0000 2308.3718   18.2568
    0.0000  -45.0000  -30.0000 2331.5359   18.2015
    7.5000  -45.0000  -30.0000 2325.7961   18.3183
   -7.5000  -37.5000  -30.0000 2361.6370   17.7112
    0.0000  -37.5000  -30.0000 2385.8850   17.6857
    7.5000  -37.5000  -30.0000 2370.8923   17.7626
   -7.5000  -30.0000  -30.0000 2410.0322   17.2355
    0.0000  -30.0000  -30.0000 2432.8408   17.1804
    7.5000  -30.0000  -30.0000 2417.8772   17.2155
   -7.5000  -22.5000  -30.0000 2455.5493   16.7215
    0.0000  -22.5000  -30.0000 2473.5806   16.6792
    7.5000  -22.5000  -30.0000 2452.6672   16.7631
   -7.5000  -15.0000  -30.0000 2486.6323   16.3338
    0.0000  -15.0000  -30.0000 2500.2144   16.2910
    7.5000  -15.0000  -30.0000 2476.2053   16.3940
   -7.5000   -7.5000  -30.0000 2510.8408   16.0829
    0.0000   -7.5000  -30.0000 2517.0774   16.0822
    7.5000   -7.5000  -30.0000 2485.0037   16.1628
   -7.5000    0.0000  -30.0000 2529.3357   16.0013
    0.0000    0.0000  -30.0000 2523.6604   15.9937
    7.5000    0.0000  -30.0000 2487.9280   16.1405
   -7.5000    7.5000  -30.0000 2535.4280   16.0794
    0.0000    7.5000  -30.0000 2531.7620   16.0853
    7.5000    7.5000  -30.0000 2486.4514   16.2955
   -7.5000   15.0000  -30.0000 2535.4653   16.3064
    0.0000   15.0000  -30.0000 2523.5884   16.3136
    7.5000   15.0000  -30.0000 2474.5271   16.5999
   -7.5000   22.5000  -30.0000 2512.8186   16.7854
    0.0000   22.5000  -30.0000 2501.0823   16.8170
    7.5000   22.5000  -30.0000 2452.5129   17.1358
   -7.5000   30.0000  -30.0000 2461.3672   17.5032
    0.0000   30.0000  -30.0000 2453.2478   17.5929
    7.5000   30.0000  -30.0000 2402.3713   17.9683
   -7.5000   37.5000  -30.0000 2387.8904   18.6251
    0.0000   37.5000  -30.0000 2375.6602   18.7247
    7.5000   37.5000  -30.0000 2329.9563   19.1213
   -7.5000   45.0000  -30.0000 2277.8708   20.1976
    0.0000   45.0000  -30.0000 2272.2485   20.2584
    7.5000   45.0000  -30.0000 2229.7302   20.6985
   -7.5000  -45.0000  -22.5000 2412.5115   17.5050
    0.0000  -45.0000  -22.5000 2445.4583   17.4357
    7.5000  -45.0000  -22.5000 2432.6299   17.4385
   -7.5000  -37.5000  -22.5000 2471.3147   16.9325
    0.0000  -37.5000  -22.5000 2496.8855   16.8294
    7.5000  -37.5000  -22.5000 2481.8794   16.8609
   -7.5000  -30.0000  -22.5000 2513.9207   16.3879
    0.0000  -30.0000  -22.5000 2543.1160   16.2702
    7.5000  -30.0000  -22.5000 2524.2437   16.3637
   -7.5000  -22.5000  -22.5000 2551.2354   15.8985
    0.0000  -22.5000  -22.5000 2578.6436   15.7973
    7.5000  -22.5000  -22.5000 2551.4917   15.9135
   -7.5000  -15.0000  -22.5000 2592.2126   15.5108
    0.0000  -15.0000  -22.5000 2609.3137   15.4358
    7.5000  -15.0000  -22.5000 2581.5291   15.5555
   -7.5000   -7.5000  -22.5000 2629.7549   15.2552
    0.0000   -7.5000  -22.5000 2628.8416   15.2214
    7.5000   -7.5000  -22.5000 2603.5444   15.3416
   -7.5000    0.0000  -22.5000 2647.3618   15.1524
    0.0000    0.0000  -22.5000 2640.8682   15.1212
    7.5000    0.0000  -22.5000 2610.3540   15.2603
   -7.5000    7.5000  -22.5000 2658.4531   15.2643
    0.0000    7.5000  -22.5000 2656.7734   15.2635
    7.5000    7.5000  -22.5000 2609.1096   15.4318
   -7.5000   15.0000  -22.5000 2656.8003   15.5858
    0.0000   15.0000  -22.5000 2653.7527   15.6001
    7.5000   15.0000  -22.5000 2598.6807   15.7970
   -7.5000   22.5000  -22.5000 2635.0598   16.1234
    0.0000   22.5000  -22.5000 2630.8608   16.1454
    7.5000   22.5000  -22.5000 2571.9937   16.3937
   -7.5000   30.0000  -22.5000 2579.2751   16.8041
    0.0000   30.0000  -22.5000 2574.8118   16.8499
    7.5000   30.0000  -22.5000 2520.0896   17.1651
   -7.5000   37.5000  -22.5000 2501.5911   17.8133
    0.0000   37.5000  -22.5000 2495.8430   17.8763
    7.5000   37.5000  -22.5000 2442.7266   18.2539
   -7.5000   45.0000  -22.5000 2392.3762   19.2613
    0.0000   45.0000  -22.5000 2386.5955   19.3106
    7.5000   45.0000  -22.5000 2337.2332   19.7139
   -7.5000  -45.0000  -15.0000 2485.8081   16.8541
    0.0000  -45.0000  -15.0000 2516.5776   16.6745
    7.5000  -45.0000  -15.0000 2497.3967   16.7829
   -7.5000  -37.5000  -15.0000 2528.0371   16.2069
    0.0000  -37.5000  -15.0000 2558.3406   16.0392
    7.5000  -37.5000  -15.0000 2546.6309   16.1684
   -7.5000  -30.0000  -15.0000 2571.6838   15.6001
    0.0000  -30.0000  -15.0000 2598.1384   15.4700
    7.5000  -30.0000  -15.0000 2582.1672   15.6411
   -7.5000  -22.5000  -15.0000 2614.1074   15.1314
    0.0000  -22.5000  -15.0000 2639.1729   15.0124
    7.5000  -22.5000  -15.0000 2611.2776   15.1736
   -7.5000  -15.0000  -15.0000 2659.7622   14.7881
    0.0000  -15.0000  -15.0000 2670.8950   14.6864
    7.5000  -15.0000  -15.0000 2640.9404   14.8687
   -7.5000   -7.5000  -15.0000 2701.3948   14.5625
    0.0000   -7.5000  -15.0000 2708.7854   14.4375
    7.5000   -7.5000  -15.0000 2678.6782   14.6529
   -7.5000    0.0000  -15.0000 2734.0107   14.4324
    0.0000    0.0000  -15.0000 2731.3953   14.3591
    7.5000    0.0000  -15.0000 2693.4319   14.5562
   -7.5000    7.5000  -15.0000 2765.0386   14.5172
    0.0000    7.5000  -15.0000 2754.7261   14.4767
    7.5000    7.5000  -15.0000 2701.8511   14.6888
   -7.5000   15.0000  -15.0000 2759.7903   14.8585
    0.0000   15.0000  -15.0000 2759.5071   14.8499
    7.5000   15.0000  -15.0000 2700.5288   15.0473
   -7.5000   22.5000  -15.0000 2735.4524   15.4498
    0.0000   22.5000  -15.0000 2736.4832   15.4224
    7.5000   22.5000  -15.0000 2670.7632   15.6479
   -7.5000   30.0000  -15.0000 2669.9775   16.1097
    0.0000   30.0000  -15.0000 2668.0430   16.1431
    7.5000   30.0000  -15.0000 2603.4941   16.4356
   -7.5000   37.5000  -15.0000 2583.2634   17.0499
    0.0000   37.5000  -15.0000 2577.9729   17.0970
    7.5000   37.5000  -15.0000 2517.2380   17.4806
   -7.5000   45.0000  -15.0000 2466.0603   18.4370
    0.0000   45.0000  -15.0000 2460.8665   18.4727
    7.5000   45.0000  -15.0000 2409.7310   18.8896
   -7.5000  -45.0000   -7.5000 2529.9937   16.2981
    0.0000  -45.0000   -7.5000 2545.7449   16.0451
    7.5000  -45.0000   -7.5000 2528.0913   16.2273
   -7.5000  -37.5000   -7.5000 2563.3428   15.5935
    0.0000  -37.5000   -7.5000 2590.4453   15.3525
    7.5000  -37.5000   -7.5000 2579.6802   15.5789
   -7.5000  -30.0000   -7.5000 2606.6138   14.9713
    0.0000  -30.0000   -7.5000 2634.9163   14.7599
    7.5000  -30.0000   -7.5000 2619.8469   14.9845
   -7.5000  -22.5000   -7.5000 2651.9895   14.4995
    0.0000  -22.5000   -7.5000 2675.2227   14.3244
    7.5000  -22.5000   -7.5000 2651.7236   14.5264
   -7.5000  -15.0000   -7.5000 2701.3179   14.1841
    0.0000  -15.0000   -7.5000 2715.1274   14.0271
    7.5000  -15.0000   -7.5000 2685.2693   14.2283
   -7.5000   -7.5000   -7.5000 2755.2856   13.9551
    0.0000   -7.5000   -7.5000 2770.0422   13.8184
    7.5000   -7.5000   -7.5000 2730.9885   14.0407
   -7.5000    0.0000   -7.5000 2805.9128   13.8653
    0.0000    0.0000   -7.5000 2811.8699   13.7392
    7.5000    0.0000   -7.5000 2757.1975   13.9795
   -7.5000    7.5000   -7.5000 2847.3047   13.9248
    0.0000    7.5000   -7.5000 2841.2317   13.8314
    7.5000    7.5000   -7.5000 2772.4834   14.1378
   -7.5000   15.0000   -7.5000 2853.4727   14.2534
    0.0000   15.0000   -7.5000 2844.4241   14.1513
    7.5000   15.0000   -7.5000 2776.8845   14.4670
   -7.5000   22.5000   -7.5000 2813.7063   14.7461
    0.0000   22.5000   -7.5000 2810.2815   14.7025
    7.5000   22.5000   -7.5000 2737.8086   14.9635
   -7.5000   30.0000   -7.5000 2733.4766   15.4564
    0.0000   30.0000   -7.5000 2732.9753   15.4256
    7.5000   30.0000   -7.5000 2667.6262   15.7419
   -7.5000   37.5000   -7.5000 2638.0449   16.4150
    0.0000   37.5000   -7.5000 2630.8704   16.4238
    7.5000   37.5000   -7.5000 2567.7473   16.8076
   -7.5000   45.0000   -7.5000 2511.5928   17.7451
    0.0000   45.0000   -7.5000 2501.4033   17.7513
    7.5000   45.0000   -7.5000 2451.4202   18.1948
   -7.5000  -45.0000    0.0000 2541.2065   16.0068
    0.0000  -45.0000    0.0000 2551.7695   15.6787
    7.5000  -45.0000    0.0000 2544.6189   15.8545
   -7.5000  -37.5000    0.0000 2572.9014   15.2266
    0.0000  -37.5000    0.0000 2596.3564   14.9211
    7.5000  -37.5000    0.0000 2589.3257   15.1427
   -7.5000  -30.0000    0.0000 2612.7773   14.5517
    0.0000  -30.0000    0.0000 2634.6753   14.2637
    7.5000  -30.0000    0.0000 2624.7371   14.5475
   -7.5000  -22.5000    0.0000 2665.8953   14.0709
    0.0000  -22.5000    0.0000 2684.0713   13.8014
    7.5000  -22.5000    0.0000 2663.3867   14.0941
   -7.5000  -15.0000    0.0000 2721.4844   13.7423
    0.0000  -15.0000    0.0000 2733.2212   13.4824
    7.5000  -15.0000    0.0000 2705.0071   13.8002
   -7.5000   -7.5000    0.0000 2781.5835   13.5510
    0.0000   -7.5000    0.0000 2796.6753   13.3683
    7.5000   -7.5000    0.0000 2758.8672   13.6730
   -7.5000    0.0000    0.0000 2844.2065   13.5161
    0.0000    0.0000    0.0000 2860.0361   13.3544
    7.5000    0.0000    0.0000 2800.5088   13.6383
   -7.5000    7.5000    0.0000 2895.7529   13.5916
    0.0000    7.5000    0.0000 2893.0979   13.4543
    7.5000    7.5000    0.0000 2827.0728   13.8263
   -7.5000   15.0000    0.0000 2906.5735   13.7931
    0.0000   15.0000    0.0000 2896.1797   13.6761
    7.5000   15.0000    0.0000 2816.7810   14.0582
   -7.5000   22.5000    0.0000 2851.8657   14.2383
    0.0000   22.5000    0.0000 2849.9185   14.1445
    7.5000   22.5000    0.0000 2772.4902   14.5576
   -7.5000   30.0000    0.0000 2760.1499   14.9498
    0.0000   30.0000    0.0000 2762.7305   14.8934
    7.5000   30.0000    0.0000 2692.4270   15.3157
   -7.5000   37.5000    0.0000 2653.9341   15.9878
    0.0000   37.5000    0.0000 2654.2537   15.9768
    7.5000   37.5000    0.0000 2598.0125   16.3534
   -7.5000   45.0000    0.0000 2523.5708   17.3175
    0.0000   45.0000    0.0000 2517.2070   17.3193
    7.5000   45.0000    0.0000 2472.9851   17.7489
   -7.5000  -45.0000    7.5000 2548.1763   15.8565
    0.0000  -45.0000    7.5000 2564.9546   15.5294
    7.5000  -45.0000    7.5000 2559.6060   15.7314
   -7.5000  -37.5000    7.5000 2572.8931   15.0156
    0.0000  -37.5000    7.5000 2598.2434   14.7008
    7.5000  -37.5000    7.5000 2592.2651   14.9297
   -7.5000  -30.0000    7.5000 2609.6597   14.3492
    0.0000  -30.0000    7.5000 2630.8762   14.0269
    7.5000  -30.0000    7.5000 2620.1047   14.3332
   -7.5000  -22.5000    7.5000 2666.0186   13.8535
    0.0000  -22.5000    7.5000 2682.1133   13.5426
    7.5000  -22.5000    7.5000 2660.4709   13.8566
   -7.5000  -15.0000    7.5000 2720.8704   13.4944
    0.0000  -15.0000    7.5000 2734.0154   13.2206
    7.5000  -15.0000    7.5000 2705.7886   13.5555
   -7.5000   -7.5000    7.5000 2789.8862   13.3559
    0.0000   -7.5000    7.5000 2800.7219   13.1004
    7.5000   -7.5000    7.5000 2764.3638   13.4417
   -7.5000    0.0000    7.5000 2847.2891   13.3670
    0.0000    0.0000    7.5000 2860.4810   13.1815
    7.5000    0.0000    7.5000 2810.0911   13.5054
   -7.5000    7.5000    7.5000 2897.7632   13.4552
    0.0000    7.5000    7.5000 2910.7930   13.3407
    7.5000    7.5000    7.5000 2848.4041   13.7441
   -7.5000   15.0000    7.5000 2909.8862   13.6073
    0.0000   15.0000    7.5000 2917.4092   13.5650
    7.5000   15.0000    7.5000 2837.6479   13.9911
   -7.5000   22.5000    7.5000 2860.6812   13.9825
    0.0000   22.5000    7.5000 2860.8984   13.9571
    7.5000   22.5000    7.5000 2783.5581   14.3651
   -7.5000   30.0000    7.5000 2768.5596   14.6948
    0.0000   30.0000    7.5000 2769.6863   14.6618
    7.5000   30.0000    7.5000 2699.2678   15.0215
   -7.5000   37.5000    7.5000 2651.3606   15.8345
    0.0000   37.5000    7.5000 2651.5889   15.8096
    7.5000   37.5000    7.5000 2599.2007   16.1037
   -7.5000   45.0000    7.5000 2516.7190   17.2547
    0.0000   45.0000    7.5000 2510.8252   17.2530
    7.5000   45.0000    7.5000 2470.3379   17.5959
   -7.5000  -45.0000   15.0000 2539.5737   15.9033
    0.0000  -45.0000   15.0000 2560.6711   15.5553
    7.5000  -45.0000   15.0000 2550.5244   15.7822
   -7.5000  -37.5000   15.0000 2559.5171   14.9975
    0.0000  -37.5000   15.0000 2591.2839   14.6420
    7.5000  -37.5000   15.0000 2577.2869   14.9335
   -7.5000  -30.0000   15.0000 2593.6184   14.3392
    0.0000  -30.0000   15.0000 2614.8120   13.9840
    7.5000  -30.0000   15.0000 2596.8120   14.3120
   -7.5000  -22.5000   15.0000 2645.1926   13.8651
    0.0000  -22.5000   15.0000 2652.8164   13.5500
    7.5000  -22.5000   15.0000 2629.0415   13.8767
   -7.5000  -15.0000   15.0000 2690.8801   13.5328
    0.0000  -15.0000   15.0000 2702.2146   13.2711
    7.5000  -15.0000   15.0000 2669.2112   13.6082
   -7.5000   -7.5000   15.0000 2758.0032   13.4149
    0.0000   -7.5000   15.0000 2771.3257   13.2010
    7.5000   -7.5000   15.0000 2725.6245   13.5731
   -7.5000    0.0000   15.0000 2812.5603   13.4679
    0.0000    0.0000   15.0000 2830.7253   13.3584
    7.5000    0.0000   15.0000 2774.4875   13.7139
   -7.5000    7.5000   15.0000 2857.3191   13.6028
    0.0000    7.5000   15.0000 2877.8481   13.5859
    7.5000    7.5000   15.0000 2814.2842   13.9322
   -7.5000   15.0000   15.0000 2868.7578   13.7908
    0.0000   15.0000   15.0000 2880.8748   13.8255
    7.5000   15.0000   15.0000 2810.5359   14.1685
   -7.5000   22.5000   15.0000 2824.2795   14.1986
    0.0000   22.5000   15.0000 2831.7671   14.2254
    7.5000   22.5000   15.0000 2756.5579   14.5450
   -7.5000   30.0000   15.0000 2736.4082   14.8709
    0.0000   30.0000   15.0000 2738.9292   14.8790
    7.5000   30.0000   15.0000 2668.9990   15.1792
   -7.5000   37.5000   15.0000 2621.6104   15.9620
    0.0000   37.5000   15.0000 2618.6509   15.9433
    7.5000   37.5000   15.0000 2572.1475   16.2231
   -7.5000   45.0000   15.0000 2493.1589   17.4025
    0.0000   45.0000   15.0000 2485.5691   17.3689
    7.5000   45.0000   15.0000 2447.4443   17.6676
   -7.5000  -45.0000   22.5000 2516.5122   16.0948
    0.0000  -45.0000   22.5000 2539.6841   15.7383
    7.5000  -45.0000   22.5000 2518.5640   15.9980
   -7.5000  -37.5000   22.5000 2540.5833   15.1747
    0.0000  -37.5000   22.5000 2568.2371   14.7952
    7.5000  -37.5000   22.5000 2543.8315   15.1066
   -7.5000  -30.0000   22.5000 2570.1824   14.5445
    0.0000  -30.0000   22.5000 2590.2625   14.1840
    7.5000  -30.0000   22.5000 2561.5520   14.5390
   -7.5000  -22.5000   22.5000 2609.2639   14.1118
    0.0000  -22.5000   22.5000 2620.6387   13.8275
    7.5000  -22.5000   22.5000 2587.9858   14.1695
   -7.5000  -15.0000   22.5000 2654.2832   13.8600
    0.0000  -15.0000   22.5000 2663.3513   13.6581
    7.5000  -15.0000   22.5000 2627.3059   14.0174
   -7.5000   -7.5000   22.5000 2712.2354   13.7916
    0.0000   -7.5000   22.5000 2718.9138   13.6526
    7.5000   -7.5000   22.5000 2672.0562   13.9927
   -7.5000    0.0000   22.5000 2762.3975   13.8483
    0.0000    0.0000   22.5000 2773.8716   13.7227
    7.5000    0.0000   22.5000 2717.2139   14.0785
   -7.5000    7.5000   22.5000 2798.7124   14.0201
    0.0000    7.5000   22.5000 2808.6863   13.9418
    7.5000    7.5000   22.5000 2753.9399   14.3079
   -7.5000   15.0000   22.5000 2796.5891   14.3424
    0.0000   15.0000   22.5000 2797.8521   14.2450
    7.5000   15.0000   22.5000 2742.1621   14.6151
   -7.5000   22.5000   22.5000 2751.0789   14.7796
    0.0000   22.5000   22.5000 2754.3867   14.6803
    7.5000   22.5000   22.5000 2690.0339   15.0376
   -7.5000   30.0000   22.5000 2673.4067   15.4640
    0.0000   30.0000   22.5000 2675.5076   15.3971
    7.5000   30.0000   22.5000 2612.9590   15.6867
   -7.5000   37.5000   22.5000 2572.3511   16.4785
    0.0000   37.5000   22.5000 2570.9185   16.4175
    7.5000   37.5000   22.5000 2522.1765   16.7305
   -7.5000   45.0000   22.5000 2443.8379   17.8684
    0.0000   45.0000   22.5000 2440.9639   17.7891
    7.5000   45.0000   22.5000 2401.7336   18.1210
   -7.5000  -45.0000   30.0000 2457.4744   16.5100
    0.0000  -45.0000   30.0000 2484.8877   16.1957
    7.5000  -45.0000   30.0000 2457.2561   16.4569
   -7.5000  -37.5000   30.0000 2497.4028   15.6402
    0.0000  -37.5000   30.0000 2526.0332   15.2953
    7.5000  -37.5000   30.0000 2499.7349   15.6075
   -7.5000  -30.0000   30.0000 2527.4512   15.0480
    0.0000  -30.0000   30.0000 2551.4160   14.7425
    7.5000  -30.0000   30.0000 2526.2656   15.0925
   -7.5000  -22.5000   30.0000 2563.6326   14.6968
    0.0000  -22.5000   30.0000 2581.6050   14.4235
    7.5000  -22.5000   30.0000 2549.7336   14.7393
   -7.5000  -15.0000   30.0000 2604.6484   14.4573
    0.0000  -15.0000   30.0000 2619.6091   14.2401
    7.5000  -15.0000   30.0000 2574.3789   14.5405
   -7.5000   -7.5000   30.0000 2653.2688   14.3783
    0.0000   -7.5000   30.0000 2666.5806   14.2272
    7.5000   -7.5000   30.0000 2616.4250   14.5544
   -7.5000    0.0000   30.0000 2696.1050   14.4204
    0.0000    0.0000   30.0000 2703.7180   14.2945
    7.5000    0.0000   30.0000 2648.0916   14.6791
   -7.5000    7.5000   30.0000 2716.2310   14.6452
    0.0000    7.5000   30.0000 2718.5688   14.5642
    7.5000    7.5000   30.0000 2663.3708   14.9144
   -7.5000   15.0000   30.0000 2703.9583   15.1028
    0.0000   15.0000   30.0000 2698.1851   14.9525
    7.5000   15.0000   30.0000 2650.3157   15.3171
   -7.5000   22.5000   30.0000 2656.8760   15.5899
    0.0000   22.5000   30.0000 2653.3413   15.4643
    7.5000   22.5000   30.0000 2598.9851   15.8160
   -7.5000   30.0000   30.0000 2585.5408   16.2613
    0.0000   30.0000   30.0000 2589.2661   16.1765
    7.5000   30.0000   30.0000 2532.0671   16.5384
   -7.5000   37.5000   30.0000 2499.8848   17.2415
    0.0000   37.5000   30.0000 2502.7031   17.1611
    7.5000   37.5000   30.0000 2446.7932   17.5267
   -7.5000   45.0000   30.0000 2388.6589   18.5975
    0.0000   45.0000   30.0000 2382.6028   18.5370
    7.5000   45.0000   30.0000 2341.5781   18.9082
   -7.5000  -45.0000   37.5000 2387.8508   17.2626
    0.0000  -45.0000   37.5000 2420.4160   16.9661
    7.5000  -45.0000   37.5000 2397.8037   17.2120
   -7.5000  -37.5000   37.5000 2434.8503   16.4908
    0.0000  -37.5000   37.5000 2465.0486   16.1448
    7.5000  -37.5000   37.5000 2444.6182   16.4261
   -7.5000  -30.0000   37.5000 2467.2568   15.9154
    0.0000  -30.0000   37.5000 2495.1943   15.6088
    7.5000  -30.0000   37.5000 2468.5469   15.8955
   -7.5000  -22.5000   37.5000 2505.9141   15.4680
    0.0000  -22.5000   37.5000 2526.1301   15.1953
    7.5000  -22.5000   37.5000 2489.8958   15.4956
   -7.5000  -15.0000   37.5000 2540.4548   15.1971
    0.0000  -15.0000   37.5000 2562.2126   14.9922
    7.5000  -15.0000   37.5000 2515.5215   15.2678
   -7.5000   -7.5000   37.5000 2575.5562   15.1498
    0.0000   -7.5000   37.5000 2593.8647   14.9862
    7.5000   -7.5000   37.5000 2539.7905   15.2852
   -7.5000    0.0000   37.5000 2605.1689   15.2216
    0.0000    0.0000   37.5000 2612.0388   15.0972
    7.5000    0.0000   37.5000 2562.9595   15.4625
   -7.5000    7.5000   37.5000 2618.7585   15.4953
    0.0000    7.5000   37.5000 2620.2974   15.3639
    7.5000    7.5000   37.5000 2566.9297   15.7196
   -7.5000   15.0000   37.5000 2600.9832   16.0007
    0.0000   15.0000   37.5000 2597.3616   15.8513
    7.5000   15.0000   37.5000 2548.6362   16.2047
   -7.5000   22.5000   37.5000 2552.6575   16.5845
    0.0000   22.5000   37.5000 2550.4360   16.4525
    7.5000   22.5000   37.5000 2506.0781   16.7733
   -7.5000   30.0000   37.5000 2489.8181   17.3144
    0.0000   30.0000   37.5000 2489.7520   17.1943
    7.5000   30.0000   37.5000 2447.6150   17.5327
   -7.5000   37.5000   37.5000 2421.1467   18.2399
    0.0000   37.5000   37.5000 2419.2056   18.1770
    7.5000   37.5000   37.5000 2366.5879   18.5613
   -7.5000   45.0000   37.5000 2319.3137   19.5363
    0.0000   45.0000   37.5000 2314.2341   19.4801
    7.5000   45.0000   37.5000 2269.8064   19.8774
   -7.5000  -45.0000   45.0000 2313.0859   18.2870
    0.0000  -45.0000   45.0000 2341.9348   18.0198
    7.5000  -45.0000   45.0000 2328.6697   18.2528
   -7.5000  -37.5000   45.0000 2358.8882   17.4545
    0.0000  -37.5000   45.0000 2389.9951   17.1222
    7.5000  -37.5000   45.0000 2372.2969   17.3776
   -7.5000  -30.0000   45.0000 2397.1777   16.9014
    0.0000  -30.0000   45.0000 2424.5222   16.6243
    7.5000  -30.0000   45.0000 2395.9387   16.8801
   -7.5000  -22.5000   45.0000 2434.8513   16.4852
    0.0000  -22.5000   45.0000 2457.8972   16.2038
    7.5000  -22.5000   45.0000 2414.9880   16.4806
   -7.5000  -15.0000   45.0000 2464.6921   16.1996
    0.0000  -15.0000   45.0000 2482.4509   15.9747
    7.5000  -15.0000   45.0000 2432.3516   16.2666
   -7.5000   -7.5000   45.0000 2489.0581   16.1315
    0.0000   -7.5000   45.0000 2501.0364   15.9885
    7.5000   -7.5000   45.0000 2451.6592   16.2915
   -7.5000    0.0000   45.0000 2505.5029   16.2637
    0.0000    0.0000   45.0000 2510.2468   16.1515
    7.5000    0.0000   45.0000 2462.6885   16.4715
   -7.5000    7.5000   45.0000 2507.1531   16.5834
    0.0000    7.5000   45.0000 2507.2192   16.4446
    7.5000    7.5000   45.0000 2460.3394   16.7510
   -7.5000   15.0000   45.0000 2492.0322   17.1292
    0.0000   15.0000   45.0000 2488.0522   17.0344
    7.5000   15.0000   45.0000 2440.6753   17.3005
   -7.5000   22.5000   45.0000 2451.7339   17.7840
    0.0000   22.5000   45.0000 2444.3062   17.6738
    7.5000   22.5000   45.0000 2405.5322   17.9312
   -7.5000   30.0000   45.0000 2395.9109   18.6015
    0.0000   30.0000   45.0000 2387.0718   18.4796
    7.5000   30.0000   45.0000 2350.7148   18.7726
   -7.5000   37.5000   45.0000 2331.2068   19.5245
    0.0000   37.5000   45.0000 2328.2795   19.4036
    7.5000   37.5000   45.0000 2283.2437   19.7597
   -7.5000   45.0000   45.0000 2234.5928   20.7541
    0.0000   45.0000   45.0000 2233.8127   20.6598
    7.5000   45.0000   45.0000 2194.3599   21.0839

---------------------------------------------------------------------
imgreg_4dfp /opt/freesurfer/average/711-2C_as_mni_average_305 /opt/freesurfer/average/711-2B_as_mni_average_305_mask talsrcimg_g11 none talsrcimg_to_711-2C_as_mni_average_305_t4 1283
---------------------------------------------------------------------

freesurfer imgreg_4dfp.c
/opt/freesurfer/average/711-2C_as_mni_average_305.4dfp.img
       256       256       256         1
  1.000000  1.000000  1.000000
orientation T byte_order littleendian
Reading image: /opt/freesurfer/average/711-2C_as_mni_average_305.4dfp.img
dimensions:      256       256       256
mmppix:       1.0000   -1.0000   -1.0000
center:     128.0000 -129.0000 -129.0000
/opt/freesurfer/average/711-2B_as_mni_average_305_mask.4dfp.img
       256       256       256         1
  1.000000  1.000000  1.000000
orientation T byte_order littleendian
Reading mask: /opt/freesurfer/average/711-2B_as_mni_average_305_mask.4dfp.img (2306576 pixels)
talsrcimg_g11.4dfp.img
       256       256       256         1
  1.000000  1.000000  1.000000
orientation T byte_order littleendian
Reading image: talsrcimg_g11.4dfp.img
dimensions:      256       256       256
mmppix:       1.0000   -1.0000   -1.0000
center:     128.0000 -129.0000 -129.0000
rotation matrix determinant  1.000000
fimgreg.f
image alignment mode   1283 decimal      503 hex
parameters
    0.0000   15.0000    7.5000    0.0000    0.0000    0.0000
eta,q 0.91425 13.57135
niter,ni,del,rscale     5    3   12.0000    1.2000
parameter  1  0.856533 ->  0.500000 qaram    1.1500
parameter  2  0.523167 ->  0.500000 qaram    1.1500
parameter  4253.120239 ->  0.500000 qaram    1.1500
parameter  6 -1.163577 -> -0.500000 qaram    1.1500
parameters
   -3.4500   11.5500    5.2248   -3.4500    0.6134    3.4500
eta,q 0.93094 13.23006
  0.0829  0.0804  0.0821  0.0697  0.0799  0.0847
  0.0811  0.0804  0.0800  0.0727  0.0771  0.0810
  0.0836  0.0798  0.0784  0.0756  0.0752  0.0771
  0.0883  0.0810  0.0797  0.0786  0.0735  0.0735
  0.0947  0.0839  0.0835  0.0813  0.0739  0.0704
  0.1028  0.0882  0.0867  0.0845  0.0760  0.0688
  0.1109  0.0945  0.0894  0.0874  0.0778  0.0693
niter,ni,del,rscale     7    3   12.0000    1.2000
parameter  4  1.375719 ->  0.500000 qaram    1.3225
parameters
   -3.1529   12.3097    5.0204   -7.4175    0.3624    4.9079
eta,q 0.93692 13.18665
  0.0901  0.0876  0.0762  0.0631  0.0708  0.0774
  0.0813  0.0790  0.0736  0.0628  0.0669  0.0711
  0.0738  0.0711  0.0706  0.0649  0.0648  0.0655
  0.0691  0.0691  0.0694  0.0694  0.0628  0.0630
  0.0722  0.0712  0.0704  0.0739  0.0635  0.0636
  0.0790  0.0761  0.0732  0.0783  0.0674  0.0655
  0.0872  0.0797  0.0782  0.0829  0.0732  0.0688
niter,ni,del,rscale     7    3   12.0000    1.2000
parameter  4  1.386770 ->  0.500000 qaram    1.5209
parameters
   -2.7955   14.3033    4.5767  -11.9801   -0.4576    4.5233
eta,q 0.94299 13.17473
  0.0868  0.0836  0.0722  0.0572  0.0654  0.0675
  0.0766  0.0758  0.0692  0.0569  0.0605  0.0618
  0.0678  0.0682  0.0657  0.0602  0.0575  0.0579
  0.0631  0.0631  0.0635  0.0637  0.0576  0.0572
  0.0657  0.0638  0.0652  0.0684  0.0601  0.0597
  0.0735  0.0655  0.0704  0.0746  0.0647  0.0639
  0.0828  0.0694  0.0764  0.0787  0.0705  0.0694
niter,ni,del,rscale     7    3   12.0000    1.2000
parameters
   -2.7413   16.5994    3.6659  -14.6528   -0.9038    4.7872
eta,q 0.94964 13.25109
  0.0818  0.0785  0.0633  0.0630  0.0601  0.0637
  0.0719  0.0712  0.0570  0.0539  0.0555  0.0570
  0.0619  0.0646  0.0539  0.0504  0.0514  0.0520
  0.0570  0.0570  0.0545  0.0538  0.0504  0.0503
  0.0602  0.0545  0.0583  0.0617  0.0526  0.0518
  0.0695  0.0569  0.0629  0.0708  0.0574  0.0558
  0.0828  0.0636  0.0685  0.0789  0.0637  0.0617
niter,ni,del,rscale     6    3   12.0000    1.2000
parameters
   -2.8167   16.8435    3.1338  -15.3668   -0.9038    4.8855
eta,q 0.94996 13.26543
  0.0769  0.0727  0.0630  0.0661  0.0611  0.0625
  0.0643  0.0638  0.0559  0.0606  0.0563  0.0558
  0.0545  0.0551  0.0507  0.0523  0.0518  0.0511
  0.0504  0.0504  0.0502  0.0499  0.0500  0.0500
  0.0543  0.0523  0.0539  0.0545  0.0515  0.0516
  0.0650  0.0605  0.0601  0.0632  0.0558  0.0556
  0.0784  0.0712  0.0672  0.0728  0.0616  0.0614
niter,ni,del,rscale     5    3   12.0000    1.2000
parameters
   -2.8510   16.8863    2.9375  -15.6566   -0.8820    4.9230
eta,q 0.94988 13.27011
  0.0774  0.0714  0.0644  0.0664  0.0612  0.0621
  0.0642  0.0616  0.0573  0.0622  0.0564  0.0555
  0.0543  0.0537  0.0516  0.0537  0.0518  0.0510
  0.0500  0.0500  0.0500  0.0500  0.0501  0.0501
  0.0540  0.0526  0.0529  0.0528  0.0516  0.0517
  0.0647  0.0612  0.0587  0.0611  0.0557  0.0557
  0.0780  0.0712  0.0661  0.0709  0.0614  0.0614
niter,ni,del,rscale     4    3   12.0000    1.2000
parameters
   -2.8601   16.9009    2.8567  -15.7739   -0.8765    4.9395
eta,q 0.94983 13.27213
  0.0777  0.0710  0.0649  0.0664  0.0612  0.0620
  0.0644  0.0611  0.0579  0.0627  0.0563  0.0554
  0.0544  0.0534  0.0520  0.0544  0.0518  0.0510
  0.0501  0.0501  0.0501  0.0501  0.0502  0.0502
  0.0540  0.0528  0.0526  0.0522  0.0517  0.0517
  0.0646  0.0613  0.0583  0.0603  0.0558  0.0557
  0.0779  0.0709  0.0656  0.0701  0.0615  0.0614
niter,ni,del,rscale     3    3   12.0000    1.2000
parameters
   -2.8637   16.9081    2.8220  -15.8195   -0.8747    4.9460
eta,q 0.94980 13.27272
  0.0777  0.0709  0.0651  0.0664  0.0612  0.0619
  0.0644  0.0610  0.0581  0.0628  0.0563  0.0554
  0.0544  0.0533  0.0523  0.0547  0.0518  0.0511
  0.0502  0.0502  0.0502  0.0502  0.0502  0.0502
  0.0540  0.0529  0.0525  0.0520  0.0517  0.0518
  0.0646  0.0613  0.0582  0.0600  0.0558  0.0557
  0.0779  0.0707  0.0655  0.0697  0.0615  0.0614
registration optimization eta report
parameter search radius
    6.9000    6.9000    6.0000    9.1253    6.0000    6.9000
100000*second partial in parameter space
       57.       42.       41.       21.       30.       24.
  0.0777  0.0709  0.0651  0.0664  0.0612  0.0619
  0.0644  0.0610  0.0581  0.0628  0.0563  0.0554
  0.0544  0.0533  0.0523  0.0547  0.0518  0.0511
  0.0502  0.0502  0.0502  0.0502  0.0502  0.0502
  0.0540  0.0529  0.0525  0.0520  0.0517  0.0518
  0.0646  0.0613  0.0582  0.0600  0.0558  0.0557
  0.0779  0.0707  0.0655  0.0697  0.0615  0.0614
   -2.8637   16.9081    2.8220  -15.8195   -0.8747    4.9460
eta,q 0.94980 13.27272

---------------------------------------------------------------------
imgreg_4dfp /opt/freesurfer/average/711-2C_as_mni_average_305 /opt/freesurfer/average/711-2B_as_mni_average_305_mask talsrcimg_g11 none talsrcimg_to_711-2C_as_mni_average_305_t4 3335
---------------------------------------------------------------------

freesurfer imgreg_4dfp.c
/opt/freesurfer/average/711-2C_as_mni_average_305.4dfp.img
       256       256       256         1
  1.000000  1.000000  1.000000
orientation T byte_order littleendian
Reading image: /opt/freesurfer/average/711-2C_as_mni_average_305.4dfp.img
dimensions:      256       256       256
mmppix:       1.0000   -1.0000   -1.0000
center:     128.0000 -129.0000 -129.0000
/opt/freesurfer/average/711-2B_as_mni_average_305_mask.4dfp.img
       256       256       256         1
  1.000000  1.000000  1.000000
orientation T byte_order littleendian
Reading mask: /opt/freesurfer/average/711-2B_as_mni_average_305_mask.4dfp.img (2306576 pixels)
talsrcimg_g11.4dfp.img
       256       256       256         1
  1.000000  1.000000  1.000000
orientation T byte_order littleendian
Reading image: talsrcimg_g11.4dfp.img
dimensions:      256       256       256
mmppix:       1.0000   -1.0000   -1.0000
center:     128.0000 -129.0000 -129.0000
fimgreg.f
image alignment mode   3335 decimal      D07 hex
parameters
   -2.8637   16.9081    2.8220   -0.3840   -4.1816   -3.7987
   -8.7097   -0.8870    8.6206   27.2860   -1.5266  -27.2577
eta,q 0.95008 13.23203
niter,ni,del,rscale     5    3    5.0000    1.2000
parameter  4  1.657798 ->  0.500000 qaram    1.1500
parameter  5  1.383630 ->  0.500000 qaram    1.1500
parameter  6  0.912532 ->  0.500000 qaram    1.1500
parameter 10  0.822125 ->  0.500000 qaram    1.1500
parameter 11  0.856419 ->  0.500000 qaram    1.1500
parameters
   -2.9326   17.2133    2.6193   -4.5240   -8.3216   -7.9387
   -8.6338   -1.2636    6.4276   23.1460   -5.6666  -28.7054
eta,q 0.96565 12.82674
  0.0537  0.0532  0.0520  0.0421  0.0407  0.0377  0.0416  0.0431  0.0388  0.0357  0.0343  0.0356
  0.0516  0.0516  0.0508  0.0438  0.0414  0.0378  0.0397  0.0401  0.0381  0.0354  0.0344  0.0348
  0.0503  0.0505  0.0500  0.0464  0.0427  0.0392  0.0384  0.0384  0.0378  0.0361  0.0347  0.0344
  0.0499  0.0499  0.0499  0.0498  0.0444  0.0417  0.0380  0.0380  0.0380  0.0378  0.0354  0.0344
  0.0504  0.0500  0.0504  0.0542  0.0466  0.0454  0.0384  0.0389  0.0387  0.0405  0.0366  0.0349
  0.0519  0.0506  0.0514  0.0592  0.0493  0.0501  0.0396  0.0410  0.0399  0.0438  0.0380  0.0358
  0.0542  0.0519  0.0528  0.0646  0.0524  0.0557  0.0414  0.0442  0.0415  0.0472  0.0398  0.0373
niter,ni,del,rscale     7    3    5.0000    1.2000
parameter  4  0.793464 ->  0.500000 qaram    1.3225
parameters
   -2.7620   16.9956    2.0033   -9.2850  -10.6676  -10.0137
   -8.5697   -0.4335    7.0689   22.1115   -7.8357  -29.3651
eta,q 0.96874 12.46313
  0.0396  0.0372  0.0357  0.0311  0.0334  0.0342  0.0352  0.0378  0.0344  0.0348  0.0321  0.0327
  0.0369  0.0355  0.0345  0.0315  0.0320  0.0327  0.0333  0.0349  0.0329  0.0329  0.0315  0.0318
  0.0351  0.0345  0.0341  0.0324  0.0314  0.0317  0.0320  0.0327  0.0319  0.0316  0.0313  0.0314
  0.0344  0.0343  0.0343  0.0341  0.0317  0.0314  0.0315  0.0315  0.0314  0.0313  0.0313  0.0313
  0.0346  0.0349  0.0351  0.0369  0.0329  0.0327  0.0320  0.0315  0.0315  0.0322  0.0317  0.0315
  0.0360  0.0364  0.0364  0.0411  0.0349  0.0362  0.0332  0.0330  0.0322  0.0342  0.0326  0.0322
  0.0383  0.0385  0.0382  0.0465  0.0377  0.0417  0.0351  0.0357  0.0335  0.0374  0.0338  0.0334
niter,ni,del,rscale     7    3    5.0000    1.2000
parameters
   -2.7751   17.0698    1.7838  -12.7166  -10.3650  -10.8802
   -8.6477   -0.4229    7.0965   21.9710   -8.2763  -29.4068
eta,q 0.96940 12.22432
  0.0357  0.0350  0.0330  0.0322  0.0343  0.0338  0.0344  0.0359  0.0334  0.0346  0.0319  0.0323
  0.0332  0.0331  0.0319  0.0308  0.0325  0.0320  0.0324  0.0332  0.0320  0.0325  0.0312  0.0314
  0.0317  0.0318  0.0313  0.0305  0.0311  0.0309  0.0311  0.0313  0.0310  0.0311  0.0308  0.0308
  0.0313  0.0313  0.0313  0.0312  0.0305  0.0305  0.0306  0.0306  0.0306  0.0306  0.0306  0.0306
  0.0318  0.0316  0.0316  0.0325  0.0308  0.0307  0.0311  0.0312  0.0309  0.0311  0.0308  0.0308
  0.0333  0.0328  0.0325  0.0348  0.0320  0.0326  0.0325  0.0331  0.0318  0.0325  0.0314  0.0314
  0.0358  0.0346  0.0338  0.0388  0.0339  0.0366  0.0345  0.0360  0.0334  0.0351  0.0323  0.0324
niter,ni,del,rscale     6    3    5.0000    1.2000
parameters
   -2.8266   17.1632    1.7004  -12.8679  -10.3436  -11.0325
   -8.6451   -0.4688    7.1509   22.0698   -8.3939  -29.5581
eta,q 0.96940 12.21147
  0.0352  0.0344  0.0325  0.0348  0.0341  0.0343  0.0345  0.0358  0.0334  0.0348  0.0320  0.0322
  0.0327  0.0324  0.0314  0.0323  0.0323  0.0323  0.0324  0.0331  0.0320  0.0326  0.0313  0.0313
  0.0311  0.0311  0.0308  0.0309  0.0311  0.0311  0.0311  0.0313  0.0310  0.0312  0.0308  0.0308
  0.0306  0.0306  0.0306  0.0306  0.0306  0.0306  0.0306  0.0306  0.0306  0.0306  0.0306  0.0306
  0.0312  0.0309  0.0309  0.0313  0.0310  0.0306  0.0311  0.0312  0.0309  0.0310  0.0307  0.0308
  0.0330  0.0321  0.0316  0.0326  0.0322  0.0319  0.0325  0.0331  0.0318  0.0323  0.0313  0.0314
  0.0356  0.0339  0.0328  0.0348  0.0342  0.0353  0.0344  0.0361  0.0334  0.0347  0.0322  0.0324
niter,ni,del,rscale     5    3    5.0000    1.2000
parameters
   -2.8393   17.1859    1.6535  -12.9038  -10.3667  -11.0690
   -8.6450   -0.4915    7.1848   22.1186   -8.4222  -29.6347
eta,q 0.96940 12.20837
  0.0353  0.0342  0.0326  0.0349  0.0341  0.0344  0.0345  0.0359  0.0334  0.0347  0.0321  0.0323
  0.0328  0.0323  0.0315  0.0324  0.0323  0.0323  0.0324  0.0332  0.0319  0.0326  0.0313  0.0314
  0.0312  0.0310  0.0308  0.0309  0.0311  0.0311  0.0311  0.0313  0.0310  0.0312  0.0308  0.0308
  0.0306  0.0306  0.0306  0.0306  0.0306  0.0306  0.0306  0.0306  0.0306  0.0306  0.0306  0.0306
  0.0312  0.0310  0.0309  0.0313  0.0310  0.0305  0.0311  0.0312  0.0309  0.0310  0.0307  0.0308
  0.0328  0.0322  0.0316  0.0326  0.0322  0.0318  0.0325  0.0331  0.0318  0.0323  0.0313  0.0314
  0.0355  0.0340  0.0328  0.0347  0.0342  0.0351  0.0344  0.0360  0.0334  0.0348  0.0321  0.0324
niter,ni,del,rscale     4    3    5.0000    1.2000
parameters
   -2.8443   17.1946    1.6388  -12.9087  -10.3825  -11.0772
   -8.6455   -0.5009    7.1979   22.1470   -8.4349  -29.6611
eta,q 0.96940 12.20800
  0.0354  0.0341  0.0327  0.0349  0.0341  0.0344  0.0344  0.0359  0.0334  0.0347  0.0321  0.0323
  0.0328  0.0322  0.0315  0.0324  0.0323  0.0323  0.0324  0.0332  0.0319  0.0326  0.0313  0.0314
  0.0312  0.0310  0.0308  0.0310  0.0311  0.0311  0.0311  0.0313  0.0310  0.0312  0.0308  0.0308
  0.0306  0.0306  0.0306  0.0306  0.0306  0.0306  0.0306  0.0306  0.0306  0.0306  0.0306  0.0306
  0.0312  0.0310  0.0309  0.0313  0.0310  0.0305  0.0311  0.0312  0.0309  0.0310  0.0307  0.0308
  0.0328  0.0322  0.0315  0.0326  0.0322  0.0317  0.0325  0.0331  0.0319  0.0324  0.0313  0.0314
  0.0354  0.0341  0.0327  0.0347  0.0342  0.0351  0.0344  0.0360  0.0334  0.0348  0.0321  0.0324
registration optimization eta report
parameter search radius
    2.4000    2.4000    2.4000    9.5220    8.2800    8.2800
    7.2000    7.2000    7.2000    8.2800    8.2800    7.2000
100000*second partial in parameter space
       83.       60.       36.        5.        5.        6.
        7.       10.        5.        6.        2.        3.
  0.0354  0.0341  0.0327  0.0349  0.0341  0.0344  0.0344  0.0359  0.0334  0.0347  0.0321  0.0323
  0.0328  0.0322  0.0315  0.0324  0.0323  0.0323  0.0324  0.0332  0.0319  0.0326  0.0313  0.0314
  0.0312  0.0310  0.0308  0.0310  0.0311  0.0311  0.0311  0.0313  0.0310  0.0312  0.0308  0.0308
  0.0306  0.0306  0.0306  0.0306  0.0306  0.0306  0.0306  0.0306  0.0306  0.0306  0.0306  0.0306
  0.0312  0.0310  0.0309  0.0313  0.0310  0.0305  0.0311  0.0312  0.0309  0.0310  0.0307  0.0308
  0.0328  0.0322  0.0315  0.0326  0.0322  0.0317  0.0325  0.0331  0.0319  0.0324  0.0313  0.0314
  0.0354  0.0341  0.0327  0.0347  0.0342  0.0351  0.0344  0.0360  0.0334  0.0348  0.0321  0.0324
   -2.8443   17.1946    1.6388  -12.9087  -10.3825  -11.0772
   -8.6455   -0.5009    7.1979   22.1470   -8.4349  -29.6611
eta,q 0.96940 12.20800

---------------------------------------------------------------------
imgreg_4dfp /opt/freesurfer/average/711-2C_as_mni_average_305 /opt/freesurfer/average/711-2B_as_mni_average_305_mask talsrcimg_g11 none talsrcimg_to_711-2C_as_mni_average_305_t4 2311
---------------------------------------------------------------------

freesurfer imgreg_4dfp.c
/opt/freesurfer/average/711-2C_as_mni_average_305.4dfp.img
       256       256       256         1
  1.000000  1.000000  1.000000
orientation T byte_order littleendian
Reading image: /opt/freesurfer/average/711-2C_as_mni_average_305.4dfp.img
dimensions:      256       256       256
mmppix:       1.0000   -1.0000   -1.0000
center:     128.0000 -129.0000 -129.0000
/opt/freesurfer/average/711-2B_as_mni_average_305_mask.4dfp.img
       256       256       256         1
  1.000000  1.000000  1.000000
orientation T byte_order littleendian
Reading mask: /opt/freesurfer/average/711-2B_as_mni_average_305_mask.4dfp.img (2306576 pixels)
talsrcimg_g11.4dfp.img
       256       256       256         1
  1.000000  1.000000  1.000000
orientation T byte_order littleendian
Reading image: talsrcimg_g11.4dfp.img
dimensions:      256       256       256
mmppix:       1.0000   -1.0000   -1.0000
center:     128.0000 -129.0000 -129.0000
fimgreg.f
image alignment mode   2311 decimal      907 hex
parameters
   -2.8443   17.1946    1.6388  -12.9087  -10.3825  -11.0772
   -8.6455   -0.5009    7.1979   22.1470   -8.4349  -29.6611
eta,q 0.96940 12.20800
niter,ni,del,rscale     5    3    5.0000    0.8000
parameters
   -2.8413   17.1959    1.6262  -13.3335  -10.2097  -10.1344
   -8.6546   -0.4700    7.2492   22.5066   -8.2470  -29.7177
eta,q 0.96951 12.24951
  0.0328  0.0322  0.0315  0.0316  0.0319  0.0319  0.0324  0.0331  0.0318  0.0322  0.0310  0.0313
  0.0316  0.0313  0.0310  0.0310  0.0313  0.0312  0.0314  0.0317  0.0311  0.0314  0.0308  0.0308
  0.0309  0.0308  0.0307  0.0306  0.0308  0.0308  0.0307  0.0308  0.0307  0.0308  0.0306  0.0306
  0.0306  0.0306  0.0306  0.0306  0.0306  0.0306  0.0305  0.0305  0.0305  0.0305  0.0305  0.0305
  0.0309  0.0308  0.0307  0.0308  0.0307  0.0305  0.0307  0.0308  0.0306  0.0306  0.0305  0.0306
  0.0316  0.0313  0.0310  0.0313  0.0311  0.0306  0.0314  0.0316  0.0311  0.0310  0.0307  0.0309
  0.0328  0.0322  0.0315  0.0319  0.0318  0.0312  0.0324  0.0330  0.0318  0.0318  0.0310  0.0313
niter,ni,del,rscale     4    3    5.0000    0.7000
parameters
   -2.8268   17.2139    1.6922  -13.1509  -10.2650   -9.9714
   -8.6576   -0.4528    7.2636   22.5664   -8.1447  -29.6947
eta,q 0.96952 12.26838
  0.0322  0.0318  0.0313  0.0315  0.0315  0.0314  0.0319  0.0325  0.0315  0.0317  0.0309  0.0311
  0.0313  0.0311  0.0309  0.0309  0.0309  0.0309  0.0311  0.0314  0.0310  0.0311  0.0307  0.0308
  0.0307  0.0307  0.0306  0.0306  0.0306  0.0307  0.0307  0.0307  0.0306  0.0306  0.0305  0.0306
  0.0305  0.0305  0.0305  0.0305  0.0305  0.0305  0.0305  0.0305  0.0305  0.0305  0.0305  0.0305
  0.0307  0.0306  0.0306  0.0306  0.0306  0.0304  0.0307  0.0307  0.0306  0.0306  0.0305  0.0305
  0.0312  0.0310  0.0308  0.0309  0.0310  0.0307  0.0312  0.0313  0.0309  0.0310  0.0306  0.0307
  0.0322  0.0317  0.0311  0.0313  0.0316  0.0314  0.0319  0.0324  0.0315  0.0316  0.0309  0.0311
niter,ni,del,rscale     3    3    5.0000    0.6000
parameters
   -2.8218   17.2115    1.7174  -13.1344  -10.2695   -9.7539
   -8.6576   -0.4480    7.2711   22.5985   -8.0938  -29.6767
eta,q 0.96954 12.28102
  0.0318  0.0314  0.0310  0.0312  0.0312  0.0311  0.0315  0.0319  0.0312  0.0314  0.0307  0.0309
  0.0311  0.0309  0.0307  0.0308  0.0308  0.0308  0.0310  0.0311  0.0308  0.0309  0.0306  0.0307
  0.0306  0.0306  0.0305  0.0306  0.0306  0.0306  0.0306  0.0306  0.0306  0.0306  0.0305  0.0305
  0.0305  0.0305  0.0305  0.0305  0.0305  0.0305  0.0305  0.0305  0.0305  0.0305  0.0305  0.0305
  0.0306  0.0306  0.0305  0.0306  0.0306  0.0304  0.0306  0.0306  0.0305  0.0306  0.0305  0.0305
  0.0310  0.0309  0.0307  0.0308  0.0308  0.0306  0.0310  0.0311  0.0308  0.0309  0.0306  0.0307
  0.0317  0.0314  0.0310  0.0311  0.0313  0.0311  0.0315  0.0319  0.0312  0.0313  0.0307  0.0309
niter,ni,del,rscale     2    3    5.0000    0.5000
parameters
   -2.8174   17.2117    1.7464  -13.1216  -10.2794   -9.5534
   -8.6590   -0.4430    7.2734   22.6150   -8.0485  -29.6799
eta,q 0.96955 12.29190
  0.0313  0.0311  0.0309  0.0309  0.0310  0.0309  0.0312  0.0315  0.0310  0.0311  0.0306  0.0308
  0.0309  0.0308  0.0306  0.0307  0.0307  0.0307  0.0308  0.0309  0.0307  0.0307  0.0305  0.0306
  0.0306  0.0305  0.0305  0.0305  0.0305  0.0306  0.0305  0.0306  0.0305  0.0305  0.0305  0.0305
  0.0305  0.0305  0.0305  0.0305  0.0305  0.0305  0.0304  0.0304  0.0304  0.0304  0.0304  0.0304
  0.0306  0.0305  0.0305  0.0305  0.0305  0.0304  0.0305  0.0306  0.0305  0.0305  0.0305  0.0305
  0.0309  0.0308  0.0306  0.0307  0.0307  0.0305  0.0308  0.0309  0.0307  0.0307  0.0305  0.0306
  0.0313  0.0311  0.0308  0.0309  0.0310  0.0309  0.0312  0.0315  0.0310  0.0311  0.0306  0.0308
niter,ni,del,rscale     1    3    5.0000    0.4000
parameters
   -2.8121   17.2112    1.7712  -13.1000  -10.2833   -9.3662
   -8.6653   -0.4506    7.2859   22.6257   -8.0488  -29.6612
eta,q 0.96956 12.30241
  0.0310  0.0309  0.0307  0.0308  0.0308  0.0307  0.0309  0.0311  0.0308  0.0309  0.0306  0.0306
  0.0307  0.0306  0.0306  0.0306  0.0306  0.0306  0.0307  0.0307  0.0306  0.0306  0.0305  0.0305
  0.0305  0.0305  0.0305  0.0305  0.0305  0.0305  0.0305  0.0305  0.0305  0.0305  0.0305  0.0305
  0.0304  0.0304  0.0304  0.0304  0.0304  0.0304  0.0304  0.0304  0.0304  0.0304  0.0304  0.0304
  0.0305  0.0305  0.0305  0.0305  0.0305  0.0304  0.0305  0.0305  0.0305  0.0305  0.0305  0.0305
  0.0307  0.0306  0.0305  0.0306  0.0306  0.0305  0.0307  0.0307  0.0306  0.0306  0.0305  0.0305
  0.0310  0.0309  0.0307  0.0307  0.0308  0.0307  0.0309  0.0311  0.0308  0.0309  0.0306  0.0306
registration optimization eta report
parameter search radius
    0.8000    0.8000    0.8000    2.4000    2.4000    2.4000
    2.4000    2.4000    2.4000    2.4000    2.4000    2.4000
100000*second partial in parameter space
       88.       68.       38.        5.        6.        5.
        9.       11.        6.        7.        2.        4.
  0.0310  0.0309  0.0307  0.0308  0.0308  0.0307  0.0309  0.0311  0.0308  0.0309  0.0306  0.0306
  0.0307  0.0306  0.0306  0.0306  0.0306  0.0306  0.0307  0.0307  0.0306  0.0306  0.0305  0.0305
  0.0305  0.0305  0.0305  0.0305  0.0305  0.0305  0.0305  0.0305  0.0305  0.0305  0.0305  0.0305
  0.0304  0.0304  0.0304  0.0304  0.0304  0.0304  0.0304  0.0304  0.0304  0.0304  0.0304  0.0304
  0.0305  0.0305  0.0305  0.0305  0.0305  0.0304  0.0305  0.0305  0.0305  0.0305  0.0305  0.0305
  0.0307  0.0306  0.0305  0.0306  0.0306  0.0305  0.0307  0.0307  0.0306  0.0306  0.0305  0.0305
  0.0310  0.0309  0.0307  0.0307  0.0308  0.0307  0.0309  0.0311  0.0308  0.0309  0.0306  0.0306
   -2.8121   17.2112    1.7712  -13.1000  -10.2833   -9.3662
   -8.6653   -0.4506    7.2859   22.6257   -8.0488  -29.6612
eta,q 0.96956 12.30241

---------------------------------------------------------------------
imgreg_4dfp /opt/freesurfer/average/711-2C_as_mni_average_305 /opt/freesurfer/average/711-2B_as_mni_average_305_mask talsrcimg_g11 none talsrcimg_to_711-2C_as_mni_average_305_t4 2311
---------------------------------------------------------------------

freesurfer imgreg_4dfp.c
/opt/freesurfer/average/711-2C_as_mni_average_305.4dfp.img
       256       256       256         1
  1.000000  1.000000  1.000000
orientation T byte_order littleendian
Reading image: /opt/freesurfer/average/711-2C_as_mni_average_305.4dfp.img
dimensions:      256       256       256
mmppix:       1.0000   -1.0000   -1.0000
center:     128.0000 -129.0000 -129.0000
/opt/freesurfer/average/711-2B_as_mni_average_305_mask.4dfp.img
       256       256       256         1
  1.000000  1.000000  1.000000
orientation T byte_order littleendian
Reading mask: /opt/freesurfer/average/711-2B_as_mni_average_305_mask.4dfp.img (2306576 pixels)
talsrcimg_g11.4dfp.img
       256       256       256         1
  1.000000  1.000000  1.000000
orientation T byte_order littleendian
Reading image: talsrcimg_g11.4dfp.img
dimensions:      256       256       256
mmppix:       1.0000   -1.0000   -1.0000
center:     128.0000 -129.0000 -129.0000
fimgreg.f
image alignment mode   2311 decimal      907 hex
parameters
   -2.8121   17.2112    1.7712  -13.1000  -10.2833   -9.3662
   -8.6653   -0.4506    7.2859   22.6257   -8.0488  -29.6612
eta,q 0.96956 12.30241
niter,ni,del,rscale     5    3    5.0000    0.8000
parameters
   -2.8109   17.2077    1.8199  -12.9024  -10.3742   -9.9709
   -8.6527   -0.4279    7.2087   22.5217   -8.1040  -29.5881
eta,q 0.96952 12.27679
  0.0327  0.0321  0.0315  0.0317  0.0317  0.0314  0.0323  0.0330  0.0317  0.0320  0.0310  0.0313
  0.0315  0.0312  0.0309  0.0310  0.0310  0.0309  0.0314  0.0317  0.0311  0.0311  0.0307  0.0309
  0.0307  0.0306  0.0306  0.0306  0.0306  0.0306  0.0307  0.0308  0.0306  0.0306  0.0306  0.0306
  0.0304  0.0304  0.0304  0.0304  0.0304  0.0304  0.0305  0.0305  0.0305  0.0305  0.0305  0.0305
  0.0307  0.0306  0.0305  0.0306  0.0306  0.0305  0.0307  0.0308  0.0306  0.0307  0.0305  0.0306
  0.0314  0.0312  0.0309  0.0309  0.0311  0.0311  0.0313  0.0316  0.0311  0.0312  0.0307  0.0308
  0.0327  0.0321  0.0314  0.0315  0.0319  0.0325  0.0323  0.0330  0.0318  0.0321  0.0310  0.0313
niter,ni,del,rscale     4    3    5.0000    0.7000
parameters
   -2.8161   17.2029    1.7471  -13.0754  -10.2770   -9.9089
   -8.6538   -0.4348    7.2377   22.5370   -8.1063  -29.6275
eta,q 0.96953 12.27433
  0.0322  0.0318  0.0311  0.0313  0.0315  0.0313  0.0319  0.0324  0.0315  0.0317  0.0308  0.0311
  0.0312  0.0311  0.0307  0.0308  0.0310  0.0309  0.0311  0.0314  0.0309  0.0310  0.0307  0.0307
  0.0307  0.0306  0.0305  0.0305  0.0306  0.0306  0.0307  0.0307  0.0306  0.0306  0.0305  0.0305
  0.0305  0.0305  0.0305  0.0305  0.0305  0.0305  0.0305  0.0305  0.0305  0.0305  0.0305  0.0305
  0.0307  0.0306  0.0306  0.0306  0.0306  0.0305  0.0307  0.0307  0.0306  0.0306  0.0305  0.0305
  0.0313  0.0311  0.0309  0.0310  0.0309  0.0307  0.0311  0.0313  0.0309  0.0310  0.0306  0.0307
  0.0322  0.0318  0.0313  0.0314  0.0315  0.0315  0.0319  0.0325  0.0315  0.0317  0.0309  0.0311
niter,ni,del,rscale     3    3    5.0000    0.6000
parameters
   -2.8178   17.2055    1.7380  -13.1115  -10.2669   -9.7449
   -8.6517   -0.4350    7.2579   22.5812   -8.0841  -29.6529
eta,q 0.96954 12.28224
  0.0317  0.0314  0.0310  0.0311  0.0312  0.0311  0.0315  0.0319  0.0312  0.0314  0.0307  0.0309
  0.0310  0.0309  0.0307  0.0308  0.0308  0.0308  0.0310  0.0311  0.0308  0.0309  0.0306  0.0307
  0.0306  0.0306  0.0305  0.0305  0.0306  0.0306  0.0306  0.0306  0.0306  0.0306  0.0305  0.0305
  0.0305  0.0305  0.0305  0.0305  0.0305  0.0305  0.0305  0.0305  0.0305  0.0305  0.0305  0.0305
  0.0306  0.0306  0.0305  0.0306  0.0306  0.0304  0.0306  0.0306  0.0305  0.0306  0.0305  0.0305
  0.0310  0.0309  0.0307  0.0308  0.0308  0.0306  0.0310  0.0311  0.0308  0.0309  0.0306  0.0307
  0.0317  0.0314  0.0310  0.0311  0.0312  0.0311  0.0315  0.0319  0.0312  0.0313  0.0307  0.0309
niter,ni,del,rscale     2    3    5.0000    0.5000
parameters
   -2.8137   17.2094    1.7503  -13.1186  -10.2681   -9.5638
   -8.6580   -0.4385    7.2730   22.6037   -8.0471  -29.6632
eta,q 0.96956 12.29163
  0.0313  0.0311  0.0309  0.0309  0.0310  0.0309  0.0312  0.0315  0.0310  0.0311  0.0306  0.0308
  0.0309  0.0308  0.0306  0.0307  0.0307  0.0307  0.0308  0.0309  0.0307  0.0307  0.0305  0.0306
  0.0306  0.0305  0.0305  0.0305  0.0305  0.0305  0.0305  0.0306  0.0305  0.0305  0.0305  0.0305
  0.0305  0.0305  0.0305  0.0305  0.0305  0.0305  0.0304  0.0304  0.0304  0.0304  0.0304  0.0304
  0.0306  0.0305  0.0305  0.0305  0.0305  0.0304  0.0305  0.0306  0.0305  0.0305  0.0305  0.0305
  0.0309  0.0308  0.0306  0.0307  0.0307  0.0306  0.0308  0.0309  0.0307  0.0307  0.0305  0.0306
  0.0313  0.0311  0.0308  0.0309  0.0310  0.0309  0.0312  0.0315  0.0310  0.0311  0.0306  0.0308
niter,ni,del,rscale     1    3    5.0000    0.4000
parameters
   -2.8108   17.2084    1.7698  -13.0989  -10.2854   -9.3685
   -8.6670   -0.4512    7.2811   22.6186   -8.0362  -29.6544
eta,q 0.96957 12.30210
  0.0310  0.0309  0.0307  0.0308  0.0308  0.0307  0.0309  0.0311  0.0308  0.0309  0.0306  0.0306
  0.0307  0.0306  0.0306  0.0306  0.0306  0.0306  0.0307  0.0307  0.0306  0.0306  0.0305  0.0305
  0.0305  0.0305  0.0305  0.0305  0.0305  0.0305  0.0305  0.0305  0.0305  0.0305  0.0305  0.0305
  0.0304  0.0304  0.0304  0.0304  0.0304  0.0304  0.0304  0.0304  0.0304  0.0304  0.0304  0.0304
  0.0305  0.0305  0.0305  0.0305  0.0305  0.0304  0.0305  0.0305  0.0305  0.0305  0.0305  0.0305
  0.0307  0.0306  0.0306  0.0306  0.0306  0.0305  0.0307  0.0307  0.0306  0.0306  0.0305  0.0305
  0.0310  0.0309  0.0307  0.0307  0.0308  0.0307  0.0309  0.0311  0.0308  0.0309  0.0306  0.0306
registration optimization eta report
parameter search radius
    0.8000    0.8000    0.8000    2.4000    2.4000    2.4000
    2.4000    2.4000    2.4000    2.4000    2.4000    2.4000
100000*second partial in parameter space
       90.       68.       38.        5.        6.        5.
        9.       11.        6.        7.        2.        4.
  0.0310  0.0309  0.0307  0.0308  0.0308  0.0307  0.0309  0.0311  0.0308  0.0309  0.0306  0.0306
  0.0307  0.0306  0.0306  0.0306  0.0306  0.0306  0.0307  0.0307  0.0306  0.0306  0.0305  0.0305
  0.0305  0.0305  0.0305  0.0305  0.0305  0.0305  0.0305  0.0305  0.0305  0.0305  0.0305  0.0305
  0.0304  0.0304  0.0304  0.0304  0.0304  0.0304  0.0304  0.0304  0.0304  0.0304  0.0304  0.0304
  0.0305  0.0305  0.0305  0.0305  0.0305  0.0304  0.0305  0.0305  0.0305  0.0305  0.0305  0.0305
  0.0307  0.0306  0.0306  0.0306  0.0306  0.0305  0.0307  0.0307  0.0306  0.0306  0.0305  0.0305
  0.0310  0.0309  0.0307  0.0307  0.0308  0.0307  0.0309  0.0311  0.0308  0.0309  0.0306  0.0306
   -2.8108   17.2084    1.7698  -13.0989  -10.2854   -9.3685
   -8.6670   -0.4512    7.2811   22.6186   -8.0362  -29.6544
eta,q 0.96957 12.30210

---------------------------------------------------------------------
compute_vox2vox talsrcimg talsrcimg_to_711-2C_as_mni_average_305_t4 /opt/freesurfer/average/711-2C_as_mni_average_305
---------------------------------------------------------------------

freesurfer compute_vox2vox.c
Reading: talsrcimg.4dfp.ifh
Reading: talsrcimg_to_711-2C_as_mni_average_305_t4
Reading: /opt/freesurfer/average/711-2C_as_mni_average_305.4dfp.ifh
Writing: talsrcimg_to_711-2C_as_mni_average_305_t4_vox2vox.txt

start time Tue Mar 10 05:12:30 CET 2026
end		time Tue Mar 10 05:12:44 CET 2026

mpr2mni305 success

avi2talxfm orig_nu.mgz /opt/freesurfer/average/mni305.cor.mgz talsrcimg_to_711-2C_as_mni_average_305_t4_vox2vox.txt transforms/talairach.auto.xfm
avi2talxfm done
mv -f /out/sourcedata/freesurfer/sub-v1s5x0050752_ses-1/mri/talsrcimg_to_711-2C_as_mni_average_305_t4_vox2vox.txt /out/sourcedata/freesurfer/sub-v1s5x0050752_ses-1/mri/transforms/talsrcimg_to_711-2C_as_mni_average_305_t4_vox2vox.txt
lta_convert --src orig_nu.mgz --trg /opt/freesurfer/average/mni305.cor.mgz --inxfm transforms/talairach.auto.xfm --outlta transforms/talairach.auto.xfm.lta --subject fsaverage
7.3.2

--src: orig_nu.mgz src image (geometry).
--trg: /opt/freesurfer/average/mni305.cor.mgz trg image (geometry).
--inmni: transforms/talairach.auto.xfm input MNI/XFM transform.
--outlta: transforms/talairach.auto.xfm.lta output LTA.
--s: fsaverage subject name
 LTA read, type : 1
 1.14020  -0.02015   0.10349   2.03932;
 0.06543   1.01813   0.34286  -16.07542;
-0.10903  -0.25505   1.01981  -26.07898;
 0.00000   0.00000   0.00000   1.00000;
setting subject to fsaverage
Writing  LTA to file transforms/talairach.auto.xfm.lta...
lta_convert successful.
 
 
Started at Tue Mar 10 05:12:30 CET 2026
Ended   at Tue Mar 10 05:12:44 CET 2026
talairach_avi done
