/out/sourcedata/freesurfer/sub-v1s5x0050723_ses-1/mri
/opt/freesurfer/bin/talairach_avi
--i orig_nu.mgz --xfm transforms/talairach.auto.xfm
talairach_avi 7.3.2
Linux dna013 5.14.0-427.37.1.el9_4.x86_64 #1 SMP PREEMPT_DYNAMIC Fri Sep 13 12:41:50 EDT 2024 x86_64 x86_64 x86_64 GNU/Linux
Tue Mar 10 03:33:25 CET 2026
mri_convert orig_nu.mgz talsrcimg.img 
reading from orig_nu.mgz...
TR=0.00, TE=0.00, TI=0.00, flip angle=0.00
i_ras = (-1, -1.86265e-09, 0)
j_ras = (9.31323e-10, 0, -1)
k_ras = (-1.97906e-09, 1, 1.49012e-08)
writing to talsrcimg.img...
Analyze Output Matrix
-1.00000   0.00000  -0.00000   124.58965;
-0.00000   0.00000   1.00000  -125.43843;
 0.00000  -1.00000   0.00000   117.20695;
 0.00000   0.00000   0.00000   1.00000;
--------------------
INFO: set hdr.hist.orient to -1
mpr2mni305 talsrcimg
Tue Mar 10 03:33:25 CET 2026
/opt/freesurfer/bin/mpr2mni305 talsrcimg
mpr2mni305 7.3.2
target=711-2C_as_mni_average_305

---------------------------------------------------------------------
analyzeto4dfp talsrcimg -O0 -y
---------------------------------------------------------------------

freesurfer ifh2hdr.c
Tue Mar 10 03:33:25 2026
Writing: talsrcimg.4dfp.hdr
freesurfer analyzeto4dfp.c
Reading: talsrcimg.hdr
header size 348 bytes
hdr.dime.datatype	offset=70	value=2
hdr.dime.bitpix		offset=72	value=8
hdr.hist.orient		offset=252	value=-1
dimensionality     4
dimensions       256       256       256         1
Reading: talsrcimg.img
Writing: talsrcimg.4dfp.img
Writing: talsrcimg.4dfp.ifh
ifh2hdr talsrcimg -r0to236
ori=2

---------------------------------------------------------------------
gauss_4dfp talsrcimg 1.1
---------------------------------------------------------------------

freesurfer gauss_4dfp.c
Reading: talsrcimg.4dfp.img
Writing: talsrcimg_g11.4dfp.img
image dimensions 256 256 256 padded to 288 288 288
processing volume 1freesurfer ifh2hdr.c
Tue Mar 10 03:33:27 2026
Writing: talsrcimg_g11.4dfp.hdr

Writing: talsrcimg_g11.4dfp.ifh
including: talsrcimg.4dfp.img.rec in talsrcimg_g11.4dfp.img.rec

---------------------------------------------------------------------
imgreg_4dfp /opt/freesurfer/average/711-2C_as_mni_average_305 none talsrcimg_g11 none talsrcimg_to_711-2C_as_mni_average_305_t4 4355
---------------------------------------------------------------------

freesurfer imgreg_4dfp.c
/opt/freesurfer/average/711-2C_as_mni_average_305.4dfp.img
       256       256       256         1
  1.000000  1.000000  1.000000
orientation T byte_order littleendian
Reading image: /opt/freesurfer/average/711-2C_as_mni_average_305.4dfp.img
dimensions:      256       256       256
mmppix:       1.0000   -1.0000   -1.0000
center:     128.0000 -129.0000 -129.0000
talsrcimg_g11.4dfp.img
       256       256       256         1
  1.000000  1.000000  1.000000
orientation T byte_order littleendian
Reading image: talsrcimg_g11.4dfp.img
dimensions:      256       256       256
mmppix:       1.0000   -1.0000   -1.0000
center:     128.0000 -129.0000 -129.0000
t4_read: open error in t4_sub.f l:  41 t4_file(1:l)talsrcimg_to_711-2C_as_mni_average_305_t4 
t4_read: transform initialized to I4
rotation matrix determinant  1.000000
image alignment mode   4355 decimal     1103 hex
   -7.5000  -45.0000  -45.0000 8386.2588   15.7964
    0.0000  -45.0000  -45.0000 8707.6943   15.7748
    7.5000  -45.0000  -45.0000 8406.7236   15.7443
   -7.5000  -37.5000  -45.0000 8779.9834   15.6823
    0.0000  -37.5000  -45.0000 9104.7461   15.6660
    7.5000  -37.5000  -45.0000 8793.5527   15.6349
   -7.5000  -30.0000  -45.0000 9616.9785   15.6727
    0.0000  -30.0000  -45.0000 9964.0557   15.6654
    7.5000  -30.0000  -45.0000 9593.1885   15.6384
   -7.5000  -22.5000  -45.000010563.9336   15.6376
    0.0000  -22.5000  -45.000010968.4746   15.6347
    7.5000  -22.5000  -45.000010536.3691   15.6134
   -7.5000  -15.0000  -45.000011381.3428   15.5694
    0.0000  -15.0000  -45.000011803.6475   15.5622
    7.5000  -15.0000  -45.000011334.3164   15.5422
   -7.5000   -7.5000  -45.000011794.0059   15.5221
    0.0000   -7.5000  -45.000012273.6406   15.5068
    7.5000   -7.5000  -45.000011764.5254   15.4833
   -7.5000    0.0000  -45.000012050.6016   15.5431
    0.0000    0.0000  -45.000012583.7021   15.5232
    7.5000    0.0000  -45.000012046.8477   15.4945
   -7.5000    7.5000  -45.000011407.3516   15.6236
    0.0000    7.5000  -45.000011957.0029   15.6075
    7.5000    7.5000  -45.000011453.0352   15.5767
   -7.5000   15.0000  -45.000010693.3418   15.6709
    0.0000   15.0000  -45.000011226.8838   15.6635
    7.5000   15.0000  -45.000010765.6426   15.6366
   -7.5000   22.5000  -45.0000 9988.1348   15.6354
    0.0000   22.5000  -45.000010489.3916   15.6326
    7.5000   22.5000  -45.000010049.0029   15.6112
   -7.5000   30.0000  -45.0000 9252.6523   15.3629
    0.0000   30.0000  -45.0000 9700.5283   15.3558
    7.5000   30.0000  -45.0000 9290.7578   15.3361
   -7.5000   37.5000  -45.0000 8966.7812   15.7724
    0.0000   37.5000  -45.0000 9384.7168   15.7557
    7.5000   37.5000  -45.0000 8992.7168   15.7303
   -7.5000   45.0000  -45.0000 8337.3037   15.8390
    0.0000   45.0000  -45.0000 8721.2930   15.8181
    7.5000   45.0000  -45.0000 8377.2988   15.7844
   -7.5000  -45.0000  -37.5000 8803.3906   15.8201
    0.0000  -45.0000  -37.5000 9161.6338   15.7949
    7.5000  -45.0000  -37.5000 8830.2119   15.7609
   -7.5000  -37.5000  -37.5000 9239.6406   15.6969
    0.0000  -37.5000  -37.5000 9617.2354   15.6732
    7.5000  -37.5000  -37.5000 9257.4170   15.6385
   -7.5000  -30.0000  -37.500010177.5088   15.6735
    0.0000  -30.0000  -37.500010566.2998   15.6590
    7.5000  -30.0000  -37.500010171.8252   15.6314
   -7.5000  -22.5000  -37.500011199.2051   15.6338
    0.0000  -22.5000  -37.500011660.0615   15.6278
    7.5000  -22.5000  -37.500011182.2070   15.6085
   -7.5000  -15.0000  -37.500012033.2656   15.5734
    0.0000  -15.0000  -37.500012529.9971   15.5667
    7.5000  -15.0000  -37.500011977.1426   15.5491
   -7.5000   -7.5000  -37.500012469.4199   15.5396
    0.0000   -7.5000  -37.500013021.4199   15.5245
    7.5000   -7.5000  -37.500012447.2695   15.5007
   -7.5000    0.0000  -37.500012734.5098   15.5664
    0.0000    0.0000  -37.500013318.4785   15.5431
    7.5000    0.0000  -37.500012748.6738   15.5109
   -7.5000    7.5000  -37.500012071.8691   15.6382
    0.0000    7.5000  -37.500012672.3311   15.6148
    7.5000    7.5000  -37.500012113.5088   15.5804
   -7.5000   15.0000  -37.500011345.3320   15.6717
    0.0000   15.0000  -37.500011937.6162   15.6573
    7.5000   15.0000  -37.500011383.1455   15.6296
   -7.5000   22.5000  -37.500010582.5605   15.6316
    0.0000   22.5000  -37.500011120.1260   15.6256
    7.5000   22.5000  -37.500010608.3691   15.6063
   -7.5000   30.0000  -37.5000 9759.3301   15.3668
    0.0000   30.0000  -37.500010257.7363   15.3602
    7.5000   30.0000  -37.5000 9772.4443   15.3429
   -7.5000   37.5000  -37.5000 9455.6807   15.7856
    0.0000   37.5000  -37.5000 9930.9619   15.7689
    7.5000   37.5000  -37.5000 9461.5156   15.7441
   -7.5000   45.0000  -37.5000 8794.3428   15.8495
    0.0000   45.0000  -37.5000 9264.1133   15.8262
    7.5000   45.0000  -37.5000 8835.5977   15.7916
   -7.5000  -45.0000  -30.0000 9391.8838   16.5194
    0.0000  -45.0000  -30.0000 9807.7012   16.4896
    7.5000  -45.0000  -30.0000 9434.2734   16.4524
   -7.5000  -37.5000  -30.0000 9901.0898   16.3856
    0.0000  -37.5000  -30.000010309.2979   16.3552
    7.5000  -37.5000  -30.0000 9942.9238   16.3175
   -7.5000  -30.0000  -30.000010874.4502   16.3419
    0.0000  -30.0000  -30.000011329.2471   16.3228
    7.5000  -30.0000  -30.000010913.5693   16.2942
   -7.5000  -22.5000  -30.000011950.5010   16.2863
    0.0000  -22.5000  -30.000012476.5459   16.2789
    7.5000  -22.5000  -30.000011978.6328   16.2604
   -7.5000  -15.0000  -30.000012812.2373   16.2264
    0.0000  -15.0000  -30.000013395.5830   16.2205
    7.5000  -15.0000  -30.000012798.3857   16.2042
   -7.5000   -7.5000  -30.000013295.4746   16.2105
    0.0000   -7.5000  -30.000013942.0645   16.1951
    7.5000   -7.5000  -30.000013291.6514   16.1706
   -7.5000    0.0000  -30.000013613.5674   16.2545
    0.0000    0.0000  -30.000014259.2295   16.2267
    7.5000    0.0000  -30.000013616.1084   16.1916
   -7.5000    7.5000  -30.000012903.6719   16.3243
    0.0000    7.5000  -30.000013564.4023   16.2944
    7.5000    7.5000  -30.000012946.5850   16.2572
   -7.5000   15.0000  -30.000012144.7627   16.3400
    0.0000   15.0000  -30.000012792.4033   16.3210
    7.5000   15.0000  -30.000012179.3369   16.2924
   -7.5000   22.5000  -30.000011346.5225   16.2823
    0.0000   22.5000  -30.000011945.2422   16.2750
    7.5000   22.5000  -30.000011360.4668   16.2565
   -7.5000   30.0000  -30.000010439.5420   16.0127
    0.0000   30.0000  -30.000011010.3945   16.0069
    7.5000   30.0000  -30.000010457.7275   15.9907
   -7.5000   37.5000  -30.000010070.7461   16.4638
    0.0000   37.5000  -30.000010620.2861   16.4479
    7.5000   37.5000  -30.000010080.8643   16.4230
   -7.5000   45.0000  -30.0000 9364.9004   16.5511
    0.0000   45.0000  -30.0000 9901.0723   16.5234
    7.5000   45.0000  -30.0000 9416.1631   16.4870
   -7.5000  -45.0000  -22.5000 9993.2969   17.0926
    0.0000  -45.0000  -22.500010428.1777   17.0628
    7.5000  -45.0000  -22.500010037.3750   17.0269
   -7.5000  -37.5000  -22.500010522.0098   16.9601
    0.0000  -37.5000  -22.500010973.7529   16.9321
    7.5000  -37.5000  -22.500010584.7295   16.8961
   -7.5000  -30.0000  -22.500011524.9707   16.9101
    0.0000  -30.0000  -22.500012053.5283   16.8953
    7.5000  -30.0000  -22.500011617.5254   16.8672
   -7.5000  -22.5000  -22.500012630.9365   16.8409
    0.0000  -22.5000  -22.500013217.1992   16.8371
    7.5000  -22.5000  -22.500012735.5615   16.8183
   -7.5000  -15.0000  -22.500013515.6826   16.7721
    0.0000  -15.0000  -22.500014165.5068   16.7681
    7.5000  -15.0000  -22.500013554.9170   16.7514
   -7.5000   -7.5000  -22.500014073.0225   16.7615
    0.0000   -7.5000  -22.500014780.2139   16.7461
    7.5000   -7.5000  -22.500014107.4736   16.7221
   -7.5000    0.0000  -22.500014436.1865   16.8187
    0.0000    0.0000  -22.500015151.0723   16.7909
    7.5000    0.0000  -22.500014498.0986   16.7571
   -7.5000    7.5000  -22.500013706.5000   16.8967
    0.0000    7.5000  -22.500014398.1484   16.8692
    7.5000    7.5000  -22.500013779.5459   16.8336
   -7.5000   15.0000  -22.500012927.4902   16.9082
    0.0000   15.0000  -22.500013625.4170   16.8934
    7.5000   15.0000  -22.500012979.2969   16.8653
   -7.5000   22.5000  -22.500012076.4736   16.8357
    0.0000   22.5000  -22.500012756.8086   16.8319
    7.5000   22.5000  -22.500012115.5010   16.8131
   -7.5000   30.0000  -22.500011133.6016   16.5537
    0.0000   30.0000  -22.500011776.4727   16.5498
    7.5000   30.0000  -22.500011173.3770   16.5333
   -7.5000   37.5000  -22.500010705.0889   17.0254
    0.0000   37.5000  -22.500011305.4297   17.0111
    7.5000   37.5000  -22.500010730.7754   16.9865
   -7.5000   45.0000  -22.5000 9937.4863   17.1404
    0.0000   45.0000  -22.500010524.2236   17.1116
    7.5000   45.0000  -22.500010008.8223   17.0748
   -7.5000  -45.0000  -15.000010563.3975   17.4719
    0.0000  -45.0000  -15.000010998.5127   17.4456
    7.5000  -45.0000  -15.000010621.0527   17.4129
   -7.5000  -37.5000  -15.000011117.7041   17.3473
    0.0000  -37.5000  -15.000011611.4258   17.3270
    7.5000  -37.5000  -15.000011200.6934   17.2940
   -7.5000  -30.0000  -15.000012167.2852   17.3098
    0.0000  -30.0000  -15.000012725.2129   17.3033
    7.5000  -30.0000  -15.000012279.6338   17.2753
   -7.5000  -22.5000  -15.000013348.1377   17.2413
    0.0000  -22.5000  -15.000013980.8467   17.2422
    7.5000  -22.5000  -15.000013471.2539   17.2211
   -7.5000  -15.0000  -15.000014239.0430   17.1609
    0.0000  -15.0000  -15.000014931.7939   17.1578
    7.5000  -15.0000  -15.000014343.1162   17.1388
   -7.5000   -7.5000  -15.000014863.5791   17.1371
    0.0000   -7.5000  -15.000015611.8105   17.1220
    7.5000   -7.5000  -15.000014953.4609   17.0982
   -7.5000    0.0000  -15.000015269.9395   17.1920
    0.0000    0.0000  -15.000016029.1777   17.1676
    7.5000    0.0000  -15.000015376.9639   17.1371
   -7.5000    7.5000  -15.000014482.2734   17.2825
    0.0000    7.5000  -15.000015225.9863   17.2626
    7.5000    7.5000  -15.000014577.5166   17.2299
   -7.5000   15.0000  -15.000013652.1377   17.3079
    0.0000   15.0000  -15.000014413.5029   17.3013
    7.5000   15.0000  -15.000013740.1143   17.2734
   -7.5000   22.5000  -15.000012741.4990   17.2352
    0.0000   22.5000  -15.000013504.8574   17.2361
    7.5000   22.5000  -15.000012824.7314   17.2150
   -7.5000   30.0000  -15.000011742.6973   16.9399
    0.0000   30.0000  -15.000012476.1240   16.9369
    7.5000   30.0000  -15.000011831.2295   16.9181
   -7.5000   37.5000  -15.000011297.0244   17.4136
    0.0000   37.5000  -15.000011974.2119   17.4000
    7.5000   37.5000  -15.000011353.9492   17.3745
   -7.5000   45.0000  -15.000010483.1367   17.5443
    0.0000   45.0000  -15.000011134.5957   17.5179
    7.5000   45.0000  -15.000010573.6445   17.4812
   -7.5000  -45.0000   -7.500011152.0430   17.6384
    0.0000  -45.0000   -7.500011577.3496   17.6149
    7.5000  -45.0000   -7.500011208.8125   17.5832
   -7.5000  -37.5000   -7.500011731.2031   17.5167
    0.0000  -37.5000   -7.500012234.5312   17.5010
    7.5000  -37.5000   -7.500011813.2344   17.4687
   -7.5000  -30.0000   -7.500012831.2246   17.4993
    0.0000  -30.0000   -7.500013446.3535   17.4953
    7.5000  -30.0000   -7.500012957.2979   17.4662
   -7.5000  -22.5000   -7.500014098.2734   17.4468
    0.0000  -22.5000   -7.500014798.8281   17.4473
    7.5000  -22.5000   -7.500014242.2998   17.4234
   -7.5000  -15.0000   -7.500014967.9453   17.3638
    0.0000  -15.0000   -7.500015710.5986   17.3581
    7.5000  -15.0000   -7.500015112.2041   17.3359
   -7.5000   -7.5000   -7.500015674.5664   17.3189
    0.0000   -7.5000   -7.500016450.0137   17.3027
    7.5000   -7.5000   -7.500015765.9561   17.2775
   -7.5000    0.0000   -7.500016143.5176   17.3558
    0.0000    0.0000   -7.500016954.1445   17.3342
    7.5000    0.0000   -7.500016222.2383   17.3046
   -7.5000    7.5000   -7.500015338.5977   17.4512
    0.0000    7.5000   -7.500016130.9238   17.4357
    7.5000    7.5000   -7.500015405.1650   17.4038
   -7.5000   15.0000   -7.500014450.6172   17.4972
    0.0000   15.0000   -7.500015261.6934   17.4933
    7.5000   15.0000   -7.500014520.8125   17.4642
   -7.5000   22.5000   -7.500013449.7988   17.4388
    0.0000   22.5000   -7.500014290.8721   17.4392
    7.5000   22.5000   -7.500013530.8750   17.4154
   -7.5000   30.0000   -7.500012395.0625   17.1398
    0.0000   30.0000   -7.500013167.8477   17.1341
    7.5000   30.0000   -7.500012470.2402   17.1122
   -7.5000   37.5000   -7.500011912.8486   17.6033
    0.0000   37.5000   -7.500012653.9316   17.5873
    7.5000   37.5000   -7.500011978.6670   17.5596
   -7.5000   45.0000   -7.500011052.6436   17.7273
    0.0000   45.0000   -7.500011738.4609   17.7035
    7.5000   45.0000   -7.500011140.3125   17.6664
   -7.5000  -45.0000    0.000011604.4561   17.6687
    0.0000  -45.0000    0.000012055.0283   17.6445
    7.5000  -45.0000    0.000011670.1846   17.6105
   -7.5000  -37.5000    0.000012219.2959   17.5411
    0.0000  -37.5000    0.000012723.5234   17.5230
    7.5000  -37.5000    0.000012302.5576   17.4883
   -7.5000  -30.0000    0.000013380.5166   17.5303
    0.0000  -30.0000    0.000013995.7891   17.5221
    7.5000  -30.0000    0.000013493.5498   17.4920
   -7.5000  -22.5000    0.000014695.1016   17.4907
    0.0000  -22.5000    0.000015357.5527   17.4876
    7.5000  -22.5000    0.000014819.1260   17.4638
   -7.5000  -15.0000    0.000015557.5791   17.4144
    0.0000  -15.0000    0.000016255.3896   17.4064
    7.5000  -15.0000    0.000015661.5020   17.3841
   -7.5000   -7.5000    0.000016299.2568   17.3617
    0.0000   -7.5000    0.000017094.9707   17.3446
    7.5000   -7.5000    0.000016399.0938   17.3184
   -7.5000    0.0000    0.000016936.6445   17.3855
    0.0000    0.0000    0.000017850.2617   17.3632
    7.5000    0.0000    0.000017065.3496   17.3312
   -7.5000    7.5000    0.000016153.7354   17.4755
    0.0000    7.5000    0.000017043.8125   17.4575
    7.5000    7.5000    0.000016247.4023   17.4232
   -7.5000   15.0000    0.000015214.2939   17.5282
    0.0000   15.0000    0.000016019.6084   17.5201
    7.5000   15.0000    0.000015262.3174   17.4900
   -7.5000   22.5000    0.000014198.3486   17.4826
    0.0000   22.5000    0.000014969.0410   17.4795
    7.5000   22.5000    0.000014237.0215   17.4557
   -7.5000   30.0000    0.000013058.5225   17.1901
    0.0000   30.0000    0.000013765.6709   17.1822
    7.5000   30.0000    0.000013089.5273   17.1603
   -7.5000   37.5000    0.000012517.4541   17.6482
    0.0000   37.5000    0.000013221.5195   17.6297
    7.5000   37.5000    0.000012571.0244   17.6013
   -7.5000   45.0000    0.000011618.6553   17.7577
    0.0000   45.0000    0.000012271.9043   17.7343
    7.5000   45.0000    0.000011694.2598   17.6965
   -7.5000  -45.0000    7.500011191.8652   17.7015
    0.0000  -45.0000    7.500011634.5781   17.6734
    7.5000  -45.0000    7.500011252.4121   17.6353
   -7.5000  -37.5000    7.500011804.1328   17.5637
    0.0000  -37.5000    7.500012295.7139   17.5371
    7.5000  -37.5000    7.500011887.3281   17.4984
   -7.5000  -30.0000    7.500012943.8037   17.5374
    0.0000  -30.0000    7.500013492.2988   17.5212
    7.5000  -30.0000    7.500013044.6094   17.4903
   -7.5000  -22.5000    7.500014181.1123   17.4929
    0.0000  -22.5000    7.500014757.6543   17.4862
    7.5000  -22.5000    7.500014295.5527   17.4646
   -7.5000  -15.0000    7.500015010.4775   17.4253
    0.0000  -15.0000    7.500015573.9092   17.4179
    7.5000  -15.0000    7.500015089.2812   17.3983
   -7.5000   -7.5000    7.500015813.6201   17.3877
    0.0000   -7.5000    7.500016486.5977   17.3707
    7.5000   -7.5000    7.500015944.0674   17.3442
   -7.5000    0.0000    7.500016516.6035   17.4177
    0.0000    0.0000    7.500017349.0352   17.3916
    7.5000    0.0000    7.500016714.4160   17.3556
   -7.5000    7.5000    7.500015863.3223   17.4980
    0.0000    7.5000    7.500016479.5449   17.4718
    7.5000    7.5000    7.500015911.4229   17.4334
   -7.5000   15.0000    7.500014939.4619   17.5353
    0.0000   15.0000    7.500015385.6006   17.5192
    7.5000   15.0000    7.500014872.4297   17.4883
   -7.5000   22.5000    7.500013939.4863   17.4848
    0.0000   22.5000    7.500014384.7568   17.4781
    7.5000   22.5000    7.500013825.9941   17.4566
   -7.5000   30.0000    7.500012763.8027   17.2009
    0.0000   30.0000    7.500013241.5762   17.1935
    7.5000   30.0000    7.500012672.5400   17.1742
   -7.5000   37.5000    7.500012160.9316   17.6697
    0.0000   37.5000    7.500012714.9902   17.6511
    7.5000   37.5000    7.500012146.0762   17.6233
   -7.5000   45.0000    7.500011220.7275   17.7761
    0.0000   45.0000    7.500011813.2646   17.7501
    7.5000   45.0000    7.500011284.1494   17.7112
   -7.5000  -45.0000   15.000010720.2559   17.7389
    0.0000  -45.0000   15.000011157.9922   17.7068
    7.5000  -45.0000   15.000010813.2334   17.6670
   -7.5000  -37.5000   15.000011346.5820   17.5952
    0.0000  -37.5000   15.000011818.2666   17.5625
    7.5000  -37.5000   15.000011447.5068   17.5221
   -7.5000  -30.0000   15.000012455.6445   17.5483
    0.0000  -30.0000   15.000012925.6064   17.5278
    7.5000  -30.0000   15.000012569.3184   17.4970
   -7.5000  -22.5000   15.000013685.5127   17.4885
    0.0000  -22.5000   15.000014144.1699   17.4807
    7.5000  -22.5000   15.000013784.1875   17.4608
   -7.5000  -15.0000   15.000014459.1807   17.4243
    0.0000  -15.0000   15.000014909.9727   17.4180
    7.5000  -15.0000   15.000014555.1328   17.4004
   -7.5000   -7.5000   15.000015212.1357   17.4072
    0.0000   -7.5000   15.000015840.8115   17.3906
    7.5000   -7.5000   15.000015373.9248   17.3644
   -7.5000    0.0000   15.000015808.9697   17.4545
    0.0000    0.0000   15.000016628.6289   17.4246
    7.5000    0.0000   15.000016059.1279   17.3868
   -7.5000    7.5000   15.000015197.8760   17.5294
    0.0000    7.5000   15.000015865.0850   17.4973
    7.5000    7.5000   15.000015333.4854   17.4573
   -7.5000   15.0000   15.000014416.4863   17.5463
    0.0000   15.0000   15.000014922.8975   17.5258
    7.5000   15.0000   15.000014421.0293   17.4951
   -7.5000   22.5000   15.000013383.6963   17.4805
    0.0000   22.5000   15.000013867.9863   17.4726
    7.5000   22.5000   15.000013335.5039   17.4527
   -7.5000   30.0000   15.000012215.4980   17.1999
    0.0000   30.0000   15.000012706.6660   17.1936
    7.5000   30.0000   15.000012158.2920   17.1762
   -7.5000   37.5000   15.000011637.5840   17.6844
    0.0000   37.5000   15.000012163.4512   17.6673
    7.5000   37.5000   15.000011621.8467   17.6405
   -7.5000   45.0000   15.000010717.1416   17.8017
    0.0000   45.0000   15.000011259.9062   17.7719
    7.5000   45.0000   15.000010767.8369   17.7327
   -7.5000  -45.0000   22.500010221.3779   17.7438
    0.0000  -45.0000   22.500010621.1240   17.7128
    7.5000  -45.0000   22.500010328.1338   17.6756
   -7.5000  -37.5000   22.500010811.7793   17.6062
    0.0000  -37.5000   22.500011269.2842   17.5771
    7.5000  -37.5000   22.500010927.2500   17.5397
   -7.5000  -30.0000   22.500011866.6172   17.5543
    0.0000  -30.0000   22.500012360.0488   17.5389
    7.5000  -30.0000   22.500011963.3438   17.5097
   -7.5000  -22.5000   22.500013031.8809   17.4824
    0.0000  -22.5000   22.500013564.7705   17.4785
    7.5000  -22.5000   22.500013094.6641   17.4590
   -7.5000  -15.0000   22.500013738.2002   17.4110
    0.0000  -15.0000   22.500014314.4072   17.4069
    7.5000  -15.0000   22.500013797.7871   17.3895
   -7.5000   -7.5000   22.500014368.5459   17.4000
    0.0000   -7.5000   22.500015106.9961   17.3840
    7.5000   -7.5000   22.500014497.6309   17.3591
   -7.5000    0.0000   22.500014831.8154   17.4594
    0.0000    0.0000   22.500015681.4512   17.4305
    7.5000    0.0000   22.500015034.4131   17.3954
   -7.5000    7.5000   22.500014173.4531   17.5404
    0.0000    7.5000   22.500014895.4990   17.5119
    7.5000    7.5000   22.500014281.3604   17.4749
   -7.5000   15.0000   22.500013349.0781   17.5523
    0.0000   15.0000   22.500014040.1279   17.5370
    7.5000   15.0000   22.500013468.6279   17.5078
   -7.5000   22.5000   22.500012416.3516   17.4744
    0.0000   22.5000   22.500013107.1787   17.4705
    7.5000   22.5000   22.500012530.3330   17.4509
   -7.5000   30.0000   22.500011397.6465   17.1867
    0.0000   30.0000   22.500012030.0586   17.1826
    7.5000   30.0000   22.500011472.8027   17.1655
   -7.5000   37.5000   22.500010925.3828   17.6765
    0.0000   37.5000   22.500011540.7881   17.6616
    7.5000   37.5000   22.500011016.7051   17.6361
   -7.5000   45.0000   22.500010137.7295   17.8089
    0.0000   45.0000   22.500010696.6182   17.7789
    7.5000   45.0000   22.500010240.2158   17.7406
   -7.5000  -45.0000   30.0000 9565.0107   17.7133
    0.0000  -45.0000   30.0000 9992.6445   17.6866
    7.5000  -45.0000   30.0000 9631.0137   17.6535
   -7.5000  -37.5000   30.000010110.1592   17.5869
    0.0000  -37.5000   30.000010566.2471   17.5664
    7.5000  -37.5000   30.000010161.6602   17.5329
   -7.5000  -30.0000   30.000011081.5059   17.5489
    0.0000  -30.0000   30.000011564.4512   17.5423
    7.5000  -30.0000   30.000011121.4814   17.5139
   -7.5000  -22.5000   30.000012142.6094   17.4795
    0.0000  -22.5000   30.000012667.8086   17.4804
    7.5000  -22.5000   30.000012173.7803   17.4590
   -7.5000  -15.0000   30.000012761.0859   17.3979
    0.0000  -15.0000   30.000013321.4375   17.3948
    7.5000  -15.0000   30.000012796.7812   17.3755
   -7.5000   -7.5000   30.000013282.5068   17.3739
    0.0000   -7.5000   30.000013947.0166   17.3585
    7.5000   -7.5000   30.000013408.1045   17.3343
   -7.5000    0.0000   30.000013713.0146   17.4295
    0.0000    0.0000   30.000014365.9229   17.4047
    7.5000    0.0000   30.000013847.9570   17.3738
   -7.5000    7.5000   30.000013061.4805   17.5212
    0.0000    7.5000   30.000013642.4404   17.5010
    7.5000    7.5000   30.000013154.5713   17.4679
   -7.5000   15.0000   30.000012280.0420   17.5469
    0.0000   15.0000   30.000012869.3848   17.5403
    7.5000   15.0000   30.000012399.9219   17.5120
   -7.5000   22.5000   30.000011400.7031   17.4714
    0.0000   22.5000   30.000011977.7822   17.4723
    7.5000   22.5000   30.000011528.7480   17.4509
   -7.5000   30.0000   30.000010502.7148   17.1739
    0.0000   30.0000   30.000011042.2207   17.1708
    7.5000   30.0000   30.000010620.8418   17.1517
   -7.5000   37.5000   30.000010109.2852   17.6542
    0.0000   37.5000   30.000010637.3633   17.6404
    7.5000   37.5000   30.000010241.7188   17.6145
   -7.5000   45.0000   30.0000 9424.0967   17.7915
    0.0000   45.0000   30.0000 9926.3193   17.7646
    7.5000   45.0000   30.0000 9567.6299   17.7274
   -7.5000  -45.0000   37.5000 9171.6953   17.8003
    0.0000  -45.0000   37.5000 9604.7080   17.7767
    7.5000  -45.0000   37.5000 9222.0908   17.7446
   -7.5000  -37.5000   37.5000 9706.2129   17.6768
    0.0000  -37.5000   37.500010144.0342   17.6612
    7.5000  -37.5000   37.5000 9746.5234   17.6284
   -7.5000  -30.0000   37.500010640.8506   17.6592
    0.0000  -30.0000   37.500011093.0127   17.6556
    7.5000  -30.0000   37.500010674.8896   17.6261
   -7.5000  -22.5000   37.500011663.4814   17.6059
    0.0000  -22.5000   37.500012161.0732   17.6067
    7.5000  -22.5000   37.500011697.5215   17.5825
   -7.5000  -15.0000   37.500012234.0459   17.5213
    0.0000  -15.0000   37.500012776.3633   17.5158
    7.5000  -15.0000   37.500012285.9844   17.4934
   -7.5000   -7.5000   37.500012711.4277   17.4756
    0.0000   -7.5000   37.500013320.7969   17.4594
    7.5000   -7.5000   37.500012823.6182   17.4339
   -7.5000    0.0000   37.500013098.9014   17.5131
    0.0000    0.0000   37.500013697.3340   17.4914
    7.5000    0.0000   37.500013203.7158   17.4614
   -7.5000    7.5000   37.500012483.6094   17.6102
    0.0000    7.5000   37.500013019.7344   17.5948
    7.5000    7.5000   37.500012561.8887   17.5625
   -7.5000   15.0000   37.500011751.3398   17.6572
    0.0000   15.0000   37.500012297.1016   17.6535
    7.5000   15.0000   37.500011838.8379   17.6240
   -7.5000   22.5000   37.500010918.6338   17.5977
    0.0000   22.5000   37.500011433.3691   17.5985
    7.5000   22.5000   37.500010999.3174   17.5744
   -7.5000   30.0000   37.500010040.1152   17.2957
    0.0000   30.0000   37.500010509.5859   17.2903
    7.5000   30.0000   37.500010118.9707   17.2681
   -7.5000   37.5000   37.5000 9702.5898   17.7667
    0.0000   37.5000   37.500010191.2139   17.7507
    7.5000   37.5000   37.5000 9816.7354   17.7227
   -7.5000   45.0000   37.5000 9063.2764   17.8968
    0.0000   45.0000   37.5000 9527.7363   17.8729
    7.5000   45.0000   37.5000 9178.9805   17.8353
   -7.5000  -45.0000   45.0000 8400.2197   17.9957
    0.0000  -45.0000   45.0000 8764.0469   17.9702
    7.5000  -45.0000   45.0000 8450.3018   17.9354
   -7.5000  -37.5000   45.0000 8908.4658   17.8632
    0.0000  -37.5000   45.0000 9278.5312   17.8439
    7.5000  -37.5000   45.0000 8941.9844   17.8083
   -7.5000  -30.0000   45.0000 9793.9258   17.8531
    0.0000  -30.0000   45.000010194.9209   17.8445
    7.5000  -30.0000   45.0000 9820.8281   17.8135
   -7.5000  -22.5000   45.000010740.1729   17.8123
    0.0000  -22.5000   45.000011215.5400   17.8095
    7.5000  -22.5000   45.000010781.7061   17.7849
   -7.5000  -15.0000   45.000011238.6299   17.7321
    0.0000  -15.0000   45.000011783.7275   17.7243
    7.5000  -15.0000   45.000011325.7402   17.7014
   -7.5000   -7.5000   45.000011677.3301   17.6760
    0.0000   -7.5000   45.000012235.6455   17.6583
    7.5000   -7.5000   45.000011771.0693   17.6315
   -7.5000    0.0000   45.000012039.9326   17.7001
    0.0000    0.0000   45.000012567.7451   17.6766
    7.5000    0.0000   45.000012119.9658   17.6439
   -7.5000    7.5000   45.000011448.6348   17.7948
    0.0000    7.5000   45.000011945.9600   17.7756
    7.5000    7.5000   45.000011521.3076   17.7403
   -7.5000   15.0000   45.000010767.8389   17.8510
    0.0000   15.0000   45.000011258.3564   17.8424
    7.5000   15.0000   45.000010838.9990   17.8114
   -7.5000   22.5000   45.000010013.2578   17.8040
    0.0000   22.5000   45.000010482.5938   17.8012
    7.5000   22.5000   45.000010074.2617   17.7766
   -7.5000   30.0000   45.0000 9229.9316   17.5022
    0.0000   30.0000   45.0000 9646.5430   17.4945
    7.5000   30.0000   45.0000 9281.3525   17.4720
   -7.5000   37.5000   45.0000 8936.1162   17.9789
    0.0000   37.5000   45.0000 9382.4873   17.9597
    7.5000   37.5000   45.0000 9026.8457   17.9306
   -7.5000   45.0000   45.0000 8356.2617   18.1131
    0.0000   45.0000   45.0000 8771.8135   18.0884
    7.5000   45.0000   45.0000 8452.6055   18.0496

---------------------------------------------------------------------
imgreg_4dfp /opt/freesurfer/average/711-2C_as_mni_average_305 /opt/freesurfer/average/711-2B_as_mni_average_305_mask talsrcimg_g11 none talsrcimg_to_711-2C_as_mni_average_305_t4 4355
---------------------------------------------------------------------

freesurfer imgreg_4dfp.c
/opt/freesurfer/average/711-2C_as_mni_average_305.4dfp.img
       256       256       256         1
  1.000000  1.000000  1.000000
orientation T byte_order littleendian
Reading image: /opt/freesurfer/average/711-2C_as_mni_average_305.4dfp.img
dimensions:      256       256       256
mmppix:       1.0000   -1.0000   -1.0000
center:     128.0000 -129.0000 -129.0000
/opt/freesurfer/average/711-2B_as_mni_average_305_mask.4dfp.img
       256       256       256         1
  1.000000  1.000000  1.000000
orientation T byte_order littleendian
Reading mask: /opt/freesurfer/average/711-2B_as_mni_average_305_mask.4dfp.img (2306576 pixels)
talsrcimg_g11.4dfp.img
       256       256       256         1
  1.000000  1.000000  1.000000
orientation T byte_order littleendian
Reading image: talsrcimg_g11.4dfp.img
dimensions:      256       256       256
mmppix:       1.0000   -1.0000   -1.0000
center:     128.0000 -129.0000 -129.0000
rotation matrix determinant  1.000000
image alignment mode   4355 decimal     1103 hex
   -7.5000  -45.0000  -45.0000 2181.2490   19.4380
    0.0000  -45.0000  -45.0000 2201.4604   19.2159
    7.5000  -45.0000  -45.0000 2184.1870   19.2724
   -7.5000  -37.5000  -45.0000 2190.0979   18.9128
    0.0000  -37.5000  -45.0000 2211.9941   18.6668
    7.5000  -37.5000  -45.0000 2195.1948   18.7177
   -7.5000  -30.0000  -45.0000 2205.9910   18.6024
    0.0000  -30.0000  -45.0000 2224.6106   18.3261
    7.5000  -30.0000  -45.0000 2203.8281   18.3522
   -7.5000  -22.5000  -45.0000 2238.2947   18.3270
    0.0000  -22.5000  -45.0000 2258.0820   18.0597
    7.5000  -22.5000  -45.0000 2236.8818   18.0770
   -7.5000  -15.0000  -45.0000 2260.0715   18.1954
    0.0000  -15.0000  -45.0000 2272.8088   17.9673
    7.5000  -15.0000  -45.0000 2258.9099   17.9653
   -7.5000   -7.5000  -45.0000 2263.8499   18.0354
    0.0000   -7.5000  -45.0000 2280.9148   17.8521
    7.5000   -7.5000  -45.0000 2265.7300   17.8373
   -7.5000    0.0000  -45.0000 2249.2891   17.9867
    0.0000    0.0000  -45.0000 2273.1680   17.7838
    7.5000    0.0000  -45.0000 2261.0210   17.7619
   -7.5000    7.5000  -45.0000 2237.8940   18.0717
    0.0000    7.5000  -45.0000 2261.9626   17.8272
    7.5000    7.5000  -45.0000 2253.1917   17.8069
   -7.5000   15.0000  -45.0000 2223.4697   18.3582
    0.0000   15.0000  -45.0000 2249.2197   18.1042
    7.5000   15.0000  -45.0000 2240.4773   18.0953
   -7.5000   22.5000  -45.0000 2205.7380   18.8506
    0.0000   22.5000  -45.0000 2231.3989   18.5439
    7.5000   22.5000  -45.0000 2224.3286   18.5805
   -7.5000   30.0000  -45.0000 2172.1438   19.6508
    0.0000   30.0000  -45.0000 2201.4626   19.3571
    7.5000   30.0000  -45.0000 2188.2026   19.3948
   -7.5000   37.5000  -45.0000 2126.2739   20.8334
    0.0000   37.5000  -45.0000 2156.6340   20.4977
    7.5000   37.5000  -45.0000 2141.2976   20.5305
   -7.5000   45.0000  -45.0000 2052.8630   22.6214
    0.0000   45.0000  -45.0000 2079.5374   22.1360
    7.5000   45.0000  -45.0000 2071.6833   22.1366
   -7.5000  -45.0000  -37.5000 2265.8149   17.9812
    0.0000  -45.0000  -37.5000 2286.5667   17.7626
    7.5000  -45.0000  -37.5000 2276.8743   17.8009
   -7.5000  -37.5000  -37.5000 2279.4827   17.4726
    0.0000  -37.5000  -37.5000 2303.6733   17.2515
    7.5000  -37.5000  -37.5000 2290.8467   17.2562
   -7.5000  -30.0000  -37.5000 2307.1255   17.0625
    0.0000  -30.0000  -37.5000 2332.8147   16.8785
    7.5000  -30.0000  -37.5000 2315.3679   16.8900
   -7.5000  -22.5000  -37.5000 2344.4465   16.7838
    0.0000  -22.5000  -37.5000 2370.1853   16.5867
    7.5000  -22.5000  -37.5000 2349.9995   16.6097
   -7.5000  -15.0000  -37.5000 2361.6440   16.5973
    0.0000  -15.0000  -37.5000 2386.6855   16.4213
    7.5000  -15.0000  -37.5000 2369.4573   16.4446
   -7.5000   -7.5000  -37.5000 2366.6597   16.5012
    0.0000   -7.5000  -37.5000 2395.0288   16.3441
    7.5000   -7.5000  -37.5000 2377.0459   16.3294
   -7.5000    0.0000  -37.5000 2357.6028   16.4661
    0.0000    0.0000  -37.5000 2385.3425   16.3052
    7.5000    0.0000  -37.5000 2372.4553   16.2617
   -7.5000    7.5000  -37.5000 2351.0596   16.5921
    0.0000    7.5000  -37.5000 2380.1680   16.3548
    7.5000    7.5000  -37.5000 2365.7781   16.3220
   -7.5000   15.0000  -37.5000 2336.6399   16.9035
    0.0000   15.0000  -37.5000 2365.9385   16.6917
    7.5000   15.0000  -37.5000 2354.7866   16.6293
   -7.5000   22.5000  -37.5000 2311.1943   17.4022
    0.0000   22.5000  -37.5000 2339.8884   17.1857
    7.5000   22.5000  -37.5000 2333.9724   17.1231
   -7.5000   30.0000  -37.5000 2274.6055   18.1431
    0.0000   30.0000  -37.5000 2309.7397   17.9363
    7.5000   30.0000  -37.5000 2295.7583   17.9156
   -7.5000   37.5000  -37.5000 2225.0613   19.2554
    0.0000   37.5000  -37.5000 2257.7463   19.0251
    7.5000   37.5000  -37.5000 2243.2275   18.9908
   -7.5000   45.0000  -37.5000 2144.6467   20.7976
    0.0000   45.0000  -37.5000 2180.2380   20.4621
    7.5000   45.0000  -37.5000 2167.6406   20.4357
   -7.5000  -45.0000  -30.0000 2390.6592   17.3479
    0.0000  -45.0000  -30.0000 2413.9194   17.1143
    7.5000  -45.0000  -30.0000 2403.6077   17.1975
   -7.5000  -37.5000  -30.0000 2418.0874   16.7226
    0.0000  -37.5000  -30.0000 2440.4626   16.5178
    7.5000  -37.5000  -30.0000 2433.3918   16.5687
   -7.5000  -30.0000  -30.0000 2449.5015   16.3190
    0.0000  -30.0000  -30.0000 2473.1157   16.1289
    7.5000  -30.0000  -30.0000 2460.3613   16.1285
   -7.5000  -22.5000  -30.0000 2480.3240   15.9831
    0.0000  -22.5000  -30.0000 2508.8523   15.8354
    7.5000  -22.5000  -30.0000 2494.4246   15.8320
   -7.5000  -15.0000  -30.0000 2498.1760   15.7402
    0.0000  -15.0000  -30.0000 2527.5447   15.5884
    7.5000  -15.0000  -30.0000 2512.8069   15.5725
   -7.5000   -7.5000  -30.0000 2505.8542   15.6301
    0.0000   -7.5000  -30.0000 2539.8325   15.4821
    7.5000   -7.5000  -30.0000 2523.2327   15.4569
   -7.5000    0.0000  -30.0000 2500.9468   15.6643
    0.0000    0.0000  -30.0000 2529.6406   15.5119
    7.5000    0.0000  -30.0000 2519.7754   15.4515
   -7.5000    7.5000  -30.0000 2498.4771   15.7677
    0.0000    7.5000  -30.0000 2532.9417   15.5806
    7.5000    7.5000  -30.0000 2518.2046   15.5144
   -7.5000   15.0000  -30.0000 2485.4102   16.0847
    0.0000   15.0000  -30.0000 2528.1440   15.9103
    7.5000   15.0000  -30.0000 2510.1501   15.8134
   -7.5000   22.5000  -30.0000 2463.1904   16.6097
    0.0000   22.5000  -30.0000 2504.8486   16.4144
    7.5000   22.5000  -30.0000 2490.6631   16.3354
   -7.5000   30.0000  -30.0000 2416.8757   17.3592
    0.0000   30.0000  -30.0000 2462.4221   17.1982
    7.5000   30.0000  -30.0000 2448.0898   17.1355
   -7.5000   37.5000  -30.0000 2358.2063   18.3985
    0.0000   37.5000  -30.0000 2405.4575   18.2335
    7.5000   37.5000  -30.0000 2389.5083   18.1687
   -7.5000   45.0000  -30.0000 2272.0242   19.8483
    0.0000   45.0000  -30.0000 2317.7239   19.5962
    7.5000   45.0000  -30.0000 2306.3794   19.5370
   -7.5000  -45.0000  -22.5000 2485.7573   16.6348
    0.0000  -45.0000  -22.5000 2513.2021   16.3809
    7.5000  -45.0000  -22.5000 2499.4973   16.5256
   -7.5000  -37.5000  -22.5000 2519.1963   15.9899
    0.0000  -37.5000  -22.5000 2543.4407   15.7687
    7.5000  -37.5000  -22.5000 2531.8330   15.8664
   -7.5000  -30.0000  -22.5000 2551.5959   15.4998
    0.0000  -30.0000  -22.5000 2579.9138   15.2871
    7.5000  -30.0000  -22.5000 2567.7178   15.3479
   -7.5000  -22.5000  -22.5000 2579.6785   15.1214
    0.0000  -22.5000  -22.5000 2609.0786   14.9873
    7.5000  -22.5000  -22.5000 2597.1555   14.9890
   -7.5000  -15.0000  -22.5000 2599.7385   14.8984
    0.0000  -15.0000  -22.5000 2632.8132   14.7559
    7.5000  -15.0000  -22.5000 2616.1985   14.7291
   -7.5000   -7.5000  -22.5000 2612.9697   14.7538
    0.0000   -7.5000  -22.5000 2648.4917   14.6292
    7.5000   -7.5000  -22.5000 2633.4729   14.5752
   -7.5000    0.0000  -22.5000 2617.6213   14.7489
    0.0000    0.0000  -22.5000 2651.7683   14.6147
    7.5000    0.0000  -22.5000 2642.5081   14.5753
   -7.5000    7.5000  -22.5000 2618.3027   14.8563
    0.0000    7.5000  -22.5000 2653.7124   14.7088
    7.5000    7.5000  -22.5000 2642.3281   14.6585
   -7.5000   15.0000  -22.5000 2612.7649   15.1958
    0.0000   15.0000  -22.5000 2657.4563   15.0361
    7.5000   15.0000  -22.5000 2638.6104   14.9551
   -7.5000   22.5000  -22.5000 2589.4214   15.7290
    0.0000   22.5000  -22.5000 2640.3789   15.5672
    7.5000   22.5000  -22.5000 2625.0828   15.5186
   -7.5000   30.0000  -22.5000 2543.6226   16.4635
    0.0000   30.0000  -22.5000 2595.0029   16.3232
    7.5000   30.0000  -22.5000 2580.9314   16.2680
   -7.5000   37.5000  -22.5000 2478.8335   17.4348
    0.0000   37.5000  -22.5000 2528.0247   17.2835
    7.5000   37.5000  -22.5000 2515.2207   17.2455
   -7.5000   45.0000  -22.5000 2384.8052   18.7467
    0.0000   45.0000  -22.5000 2431.3630   18.5343
    7.5000   45.0000  -22.5000 2423.0332   18.4921
   -7.5000  -45.0000  -15.0000 2538.0886   16.0110
    0.0000  -45.0000  -15.0000 2564.3745   15.7901
    7.5000  -45.0000  -15.0000 2555.4287   15.9174
   -7.5000  -37.5000  -15.0000 2573.9434   15.3428
    0.0000  -37.5000  -15.0000 2600.4666   15.1417
    7.5000  -37.5000  -15.0000 2591.5994   15.2414
   -7.5000  -30.0000  -15.0000 2612.2207   14.7908
    0.0000  -30.0000  -15.0000 2638.9880   14.6232
    7.5000  -30.0000  -15.0000 2628.9749   14.6897
   -7.5000  -22.5000  -15.0000 2643.7344   14.4289
    0.0000  -22.5000  -15.0000 2674.9775   14.2852
    7.5000  -22.5000  -15.0000 2663.5464   14.3030
   -7.5000  -15.0000  -15.0000 2666.1785   14.1882
    0.0000  -15.0000  -15.0000 2698.6260   14.0389
    7.5000  -15.0000  -15.0000 2687.2222   14.0221
   -7.5000   -7.5000  -15.0000 2687.0918   14.0053
    0.0000   -7.5000  -15.0000 2725.7974   13.8869
    7.5000   -7.5000  -15.0000 2715.9348   13.8475
   -7.5000    0.0000  -15.0000 2704.1355   13.9178
    0.0000    0.0000  -15.0000 2744.0906   13.7914
    7.5000    0.0000  -15.0000 2735.4846   13.7791
   -7.5000    7.5000  -15.0000 2710.1367   14.0423
    0.0000    7.5000  -15.0000 2752.7180   13.8899
    7.5000    7.5000  -15.0000 2740.3140   13.8771
   -7.5000   15.0000  -15.0000 2707.6682   14.3672
    0.0000   15.0000  -15.0000 2755.5923   14.1979
    7.5000   15.0000  -15.0000 2739.7368   14.1660
   -7.5000   22.5000  -15.0000 2687.3022   14.9118
    0.0000   22.5000  -15.0000 2739.4570   14.7727
    7.5000   22.5000  -15.0000 2722.9248   14.7395
   -7.5000   30.0000  -15.0000 2640.1658   15.5987
    0.0000   30.0000  -15.0000 2695.9431   15.4731
    7.5000   30.0000  -15.0000 2677.9429   15.4273
   -7.5000   37.5000  -15.0000 2570.4299   16.5086
    0.0000   37.5000  -15.0000 2617.6597   16.3770
    7.5000   37.5000  -15.0000 2606.4648   16.3182
   -7.5000   45.0000  -15.0000 2468.7017   17.7526
    0.0000   45.0000  -15.0000 2516.2949   17.5475
    7.5000   45.0000  -15.0000 2506.8557   17.4814
   -7.5000  -45.0000   -7.5000 2580.0376   15.5777
    0.0000  -45.0000   -7.5000 2599.8289   15.3211
    7.5000  -45.0000   -7.5000 2594.4927   15.4557
   -7.5000  -37.5000   -7.5000 2607.9639   14.8463
    0.0000  -37.5000   -7.5000 2634.5522   14.6335
    7.5000  -37.5000   -7.5000 2623.0723   14.7225
   -7.5000  -30.0000   -7.5000 2641.8230   14.2464
    0.0000  -30.0000   -7.5000 2669.4448   14.0464
    7.5000  -30.0000   -7.5000 2658.8167   14.1108
   -7.5000  -22.5000   -7.5000 2680.0964   13.8622
    0.0000  -22.5000   -7.5000 2711.8154   13.6666
    7.5000  -22.5000   -7.5000 2701.3438   13.7380
   -7.5000  -15.0000   -7.5000 2707.8235   13.5854
    0.0000  -15.0000   -7.5000 2740.4177   13.3904
    7.5000  -15.0000   -7.5000 2730.8555   13.4452
   -7.5000   -7.5000   -7.5000 2739.7598   13.4001
    0.0000   -7.5000   -7.5000 2778.2310   13.2191
    7.5000   -7.5000   -7.5000 2768.4265   13.2382
   -7.5000    0.0000   -7.5000 2766.1819   13.3041
    0.0000    0.0000   -7.5000 2812.5876   13.1147
    7.5000    0.0000   -7.5000 2801.5364   13.1201
   -7.5000    7.5000   -7.5000 2785.5847   13.4057
    0.0000    7.5000   -7.5000 2834.3250   13.1650
    7.5000    7.5000   -7.5000 2819.8223   13.1852
   -7.5000   15.0000   -7.5000 2791.2168   13.7190
    0.0000   15.0000   -7.5000 2846.4324   13.5161
    7.5000   15.0000   -7.5000 2826.6833   13.4916
   -7.5000   22.5000   -7.5000 2772.5325   14.2487
    0.0000   22.5000   -7.5000 2834.2615   14.1026
    7.5000   22.5000   -7.5000 2808.9832   14.0520
   -7.5000   30.0000   -7.5000 2718.7578   14.8773
    0.0000   30.0000   -7.5000 2768.4766   14.7491
    7.5000   30.0000   -7.5000 2751.9351   14.7124
   -7.5000   37.5000   -7.5000 2643.1892   15.7110
    0.0000   37.5000   -7.5000 2684.4434   15.5371
    7.5000   37.5000   -7.5000 2677.2822   15.4913
   -7.5000   45.0000   -7.5000 2527.3003   16.9281
    0.0000   45.0000   -7.5000 2570.5361   16.6827
    7.5000   45.0000   -7.5000 2565.1484   16.6565
   -7.5000  -45.0000    0.0000 2590.2385   15.2866
    0.0000  -45.0000    0.0000 2621.6008   14.9835
    7.5000  -45.0000    0.0000 2609.6394   15.1086
   -7.5000  -37.5000    0.0000 2621.2976   14.5447
    0.0000  -37.5000    0.0000 2649.1184   14.2681
    7.5000  -37.5000    0.0000 2637.0066   14.3801
   -7.5000  -30.0000    0.0000 2652.8772   13.9144
    0.0000  -30.0000    0.0000 2683.2317   13.6735
    7.5000  -30.0000    0.0000 2669.4358   13.7535
   -7.5000  -22.5000    0.0000 2690.1418   13.5032
    0.0000  -22.5000    0.0000 2721.6240   13.2411
    7.5000  -22.5000    0.0000 2710.3821   13.3381
   -7.5000  -15.0000    0.0000 2721.1357   13.1970
    0.0000  -15.0000    0.0000 2753.2520   12.9174
    7.5000  -15.0000    0.0000 2743.0698   13.0279
   -7.5000   -7.5000    0.0000 2762.3035   13.0299
    0.0000   -7.5000    0.0000 2799.9763   12.7572
    7.5000   -7.5000    0.0000 2787.8694   12.8414
   -7.5000    0.0000    0.0000 2800.4609   12.9865
    0.0000    0.0000    0.0000 2849.1333   12.7074
    7.5000    0.0000    0.0000 2836.0217   12.7695
   -7.5000    7.5000    0.0000 2830.5894   13.0390
    0.0000    7.5000    0.0000 2890.5784   12.6968
    7.5000    7.5000    0.0000 2869.7422   12.7949
   -7.5000   15.0000    0.0000 2853.6953   13.2597
    0.0000   15.0000    0.0000 2918.4946   12.9225
    7.5000   15.0000    0.0000 2893.7815   13.0102
   -7.5000   22.5000    0.0000 2842.1880   13.7704
    0.0000   22.5000    0.0000 2908.5916   13.4635
    7.5000   22.5000    0.0000 2881.9102   13.5208
   -7.5000   30.0000    0.0000 2774.7849   14.4646
    0.0000   30.0000    0.0000 2825.3994   14.1610
    7.5000   30.0000    0.0000 2807.6426   14.2376
   -7.5000   37.5000    0.0000 2684.7607   15.2673
    0.0000   37.5000    0.0000 2726.0647   14.9563
    7.5000   37.5000    0.0000 2716.4873   15.0256
   -7.5000   45.0000    0.0000 2565.9124   16.4525
    0.0000   45.0000    0.0000 2605.6016   16.0949
    7.5000   45.0000    0.0000 2599.3359   16.1453
   -7.5000  -45.0000    7.5000 2583.1238   15.1458
    0.0000  -45.0000    7.5000 2612.7703   14.8165
    7.5000  -45.0000    7.5000 2603.6572   14.9592
   -7.5000  -37.5000    7.5000 2614.8625   14.3733
    0.0000  -37.5000    7.5000 2644.3359   14.0697
    7.5000  -37.5000    7.5000 2635.5432   14.1679
   -7.5000  -30.0000    7.5000 2645.4224   13.7347
    0.0000  -30.0000    7.5000 2672.4214   13.4512
    7.5000  -30.0000    7.5000 2667.6343   13.5429
   -7.5000  -22.5000    7.5000 2677.4563   13.3187
    0.0000  -22.5000    7.5000 2704.2300   13.0079
    7.5000  -22.5000    7.5000 2701.8105   13.1285
   -7.5000  -15.0000    7.5000 2714.9414   13.0497
    0.0000  -15.0000    7.5000 2742.4255   12.7004
    7.5000  -15.0000    7.5000 2738.7791   12.8444
   -7.5000   -7.5000    7.5000 2763.3555   12.9339
    0.0000   -7.5000    7.5000 2797.5791   12.5804
    7.5000   -7.5000    7.5000 2795.2163   12.7363
   -7.5000    0.0000    7.5000 2808.8274   12.9086
    0.0000    0.0000    7.5000 2851.1736   12.5399
    7.5000    0.0000    7.5000 2845.9397   12.6933
   -7.5000    7.5000    7.5000 2858.3223   13.0151
    0.0000    7.5000    7.5000 2908.3333   12.5453
    7.5000    7.5000    7.5000 2893.8098   12.7433
   -7.5000   15.0000    7.5000 2884.7920   13.1185
    0.0000   15.0000    7.5000 2943.5872   12.5468
    7.5000   15.0000    7.5000 2923.5627   12.8145
   -7.5000   22.5000    7.5000 2878.2292   13.5427
    0.0000   22.5000    7.5000 2936.2471   12.9929
    7.5000   22.5000    7.5000 2913.4446   13.2205
   -7.5000   30.0000    7.5000 2798.6614   14.1994
    0.0000   30.0000    7.5000 2850.8459   13.7317
    7.5000   30.0000    7.5000 2834.2234   13.9165
   -7.5000   37.5000    7.5000 2700.8359   15.0125
    0.0000   37.5000    7.5000 2741.2292   14.6510
    7.5000   37.5000    7.5000 2733.5312   14.7721
   -7.5000   45.0000    7.5000 2578.4922   16.2041
    0.0000   45.0000    7.5000 2617.3059   15.8366
    7.5000   45.0000    7.5000 2616.8640   15.8584
   -7.5000  -45.0000   15.0000 2543.3994   15.3437
    0.0000  -45.0000   15.0000 2571.2827   14.9503
    7.5000  -45.0000   15.0000 2565.6604   15.1801
   -7.5000  -37.5000   15.0000 2578.4109   14.5377
    0.0000  -37.5000   15.0000 2608.9968   14.1732
    7.5000  -37.5000   15.0000 2604.9478   14.3254
   -7.5000  -30.0000   15.0000 2611.2920   13.8733
    0.0000  -30.0000   15.0000 2638.4668   13.5005
    7.5000  -30.0000   15.0000 2639.0542   13.6389
   -7.5000  -22.5000   15.0000 2654.6052   13.4682
    0.0000  -22.5000   15.0000 2675.1150   13.0621
    7.5000  -22.5000   15.0000 2680.0093   13.2418
   -7.5000  -15.0000   15.0000 2694.9719   13.2070
    0.0000  -15.0000   15.0000 2714.7241   12.8203
    7.5000  -15.0000   15.0000 2722.1189   12.9923
   -7.5000   -7.5000   15.0000 2747.7666   13.0794
    0.0000   -7.5000   15.0000 2776.2773   12.7246
    7.5000   -7.5000   15.0000 2779.3872   12.8738
   -7.5000    0.0000   15.0000 2796.3914   13.0663
    0.0000    0.0000   15.0000 2834.1714   12.7551
    7.5000    0.0000   15.0000 2831.3455   12.8519
   -7.5000    7.5000   15.0000 2845.2744   13.1515
    0.0000    7.5000   15.0000 2891.7144   12.7619
    7.5000    7.5000   15.0000 2876.3032   12.9013
   -7.5000   15.0000   15.0000 2873.2932   13.3705
    0.0000   15.0000   15.0000 2915.6311   12.8606
    7.5000   15.0000   15.0000 2908.2009   13.0343
   -7.5000   22.5000   15.0000 2861.3259   13.6706
    0.0000   22.5000   15.0000 2907.1331   13.1951
    7.5000   22.5000   15.0000 2895.4976   13.3499
   -7.5000   30.0000   15.0000 2795.2529   14.1897
    0.0000   30.0000   15.0000 2843.3174   13.8015
    7.5000   30.0000   15.0000 2829.8850   13.9119
   -7.5000   37.5000   15.0000 2701.9238   15.0411
    0.0000   37.5000   15.0000 2741.9670   14.7160
    7.5000   37.5000   15.0000 2730.2849   14.7538
   -7.5000   45.0000   15.0000 2567.9026   16.2276
    0.0000   45.0000   15.0000 2603.3650   15.8936
    7.5000   45.0000   15.0000 2602.4783   15.8534
   -7.5000  -45.0000   22.5000 2492.9478   15.8579
    0.0000  -45.0000   22.5000 2510.8870   15.4048
    7.5000  -45.0000   22.5000 2518.4062   15.6620
   -7.5000  -37.5000   22.5000 2530.9070   15.0506
    0.0000  -37.5000   22.5000 2551.0486   14.6067
    7.5000  -37.5000   22.5000 2555.2751   14.7936
   -7.5000  -30.0000   22.5000 2569.0964   14.3505
    0.0000  -30.0000   22.5000 2589.5610   13.9487
    7.5000  -30.0000   22.5000 2591.7568   14.0791
   -7.5000  -22.5000   22.5000 2617.2383   13.8894
    0.0000  -22.5000   22.5000 2639.6538   13.5362
    7.5000  -22.5000   22.5000 2634.6641   13.6337
   -7.5000  -15.0000   22.5000 2657.6055   13.6316
    0.0000  -15.0000   22.5000 2684.4917   13.2931
    7.5000  -15.0000   22.5000 2680.6638   13.3724
   -7.5000   -7.5000   22.5000 2711.6016   13.4631
    0.0000   -7.5000   22.5000 2745.9529   13.1833
    7.5000   -7.5000   22.5000 2739.4382   13.2405
   -7.5000    0.0000   22.5000 2756.9451   13.4126
    0.0000    0.0000   22.5000 2803.4895   13.1631
    7.5000    0.0000   22.5000 2789.6226   13.1961
   -7.5000    7.5000   22.5000 2805.3218   13.4778
    0.0000    7.5000   22.5000 2848.8845   13.0943
    7.5000    7.5000   22.5000 2833.5273   13.1788
   -7.5000   15.0000   22.5000 2825.5520   13.6932
    0.0000   15.0000   22.5000 2870.4226   13.2941
    7.5000   15.0000   22.5000 2863.8044   13.3478
   -7.5000   22.5000   22.5000 2806.8696   14.0649
    0.0000   22.5000   22.5000 2849.2383   13.7662
    7.5000   22.5000   22.5000 2844.1804   13.7756
   -7.5000   30.0000   22.5000 2748.8936   14.6106
    0.0000   30.0000   22.5000 2794.2349   14.3699
    7.5000   30.0000   22.5000 2778.3167   14.3661
   -7.5000   37.5000   22.5000 2661.4285   15.4328
    0.0000   37.5000   22.5000 2705.8552   15.1998
    7.5000   37.5000   22.5000 2690.4390   15.1787
   -7.5000   45.0000   22.5000 2542.1978   16.5981
    0.0000   45.0000   22.5000 2577.1724   16.3115
    7.5000   45.0000   22.5000 2568.3000   16.2186
   -7.5000  -45.0000   30.0000 2435.5715   16.6030
    0.0000  -45.0000   30.0000 2455.9253   16.2038
    7.5000  -45.0000   30.0000 2457.7490   16.3849
   -7.5000  -37.5000   30.0000 2477.6406   15.7101
    0.0000  -37.5000   30.0000 2499.9749   15.3180
    7.5000  -37.5000   30.0000 2493.9910   15.4440
   -7.5000  -30.0000   30.0000 2517.2524   14.9864
    0.0000  -30.0000   30.0000 2539.4836   14.6001
    7.5000  -30.0000   30.0000 2533.6270   14.7012
   -7.5000  -22.5000   30.0000 2564.0073   14.5134
    0.0000  -22.5000   30.0000 2593.4805   14.1584
    7.5000  -22.5000   30.0000 2583.5483   14.2264
   -7.5000  -15.0000   30.0000 2610.3477   14.1997
    0.0000  -15.0000   30.0000 2646.5940   13.8633
    7.5000  -15.0000   30.0000 2634.2717   13.9001
   -7.5000   -7.5000   30.0000 2659.0825   13.9736
    0.0000   -7.5000   30.0000 2702.4187   13.6661
    7.5000   -7.5000   30.0000 2689.9607   13.7193
   -7.5000    0.0000   30.0000 2700.2551   13.8939
    0.0000    0.0000   30.0000 2747.2576   13.5734
    7.5000    0.0000   30.0000 2734.3911   13.6197
   -7.5000    7.5000   30.0000 2736.8003   13.9683
    0.0000    7.5000   30.0000 2783.6345   13.5456
    7.5000    7.5000   30.0000 2769.7681   13.6509
   -7.5000   15.0000   30.0000 2749.4097   14.2247
    0.0000   15.0000   30.0000 2797.7573   13.8380
    7.5000   15.0000   30.0000 2789.7632   13.8957
   -7.5000   22.5000   30.0000 2727.0566   14.6172
    0.0000   22.5000   30.0000 2773.7583   14.2937
    7.5000   22.5000   30.0000 2766.4451   14.3607
   -7.5000   30.0000   30.0000 2672.8542   15.2283
    0.0000   30.0000   30.0000 2718.0098   14.9071
    7.5000   30.0000   30.0000 2707.7588   14.9710
   -7.5000   37.5000   30.0000 2588.9678   16.0645
    0.0000   37.5000   30.0000 2629.4524   15.7753
    7.5000   37.5000   30.0000 2621.5430   15.8118
   -7.5000   45.0000   30.0000 2481.2983   17.1735
    0.0000   45.0000   30.0000 2518.7454   16.9247
    7.5000   45.0000   30.0000 2514.5234   16.8644
   -7.5000  -45.0000   37.5000 2367.5173   17.4756
    0.0000  -45.0000   37.5000 2396.4421   17.1252
    7.5000  -45.0000   37.5000 2390.9563   17.1953
   -7.5000  -37.5000   37.5000 2415.5012   16.4872
    0.0000  -37.5000   37.5000 2442.2935   16.1039
    7.5000  -37.5000   37.5000 2433.7964   16.1820
   -7.5000  -30.0000   37.5000 2459.1526   15.7153
    0.0000  -30.0000   37.5000 2484.5574   15.3230
    7.5000  -30.0000   37.5000 2475.3467   15.3863
   -7.5000  -22.5000   37.5000 2508.8130   15.2057
    0.0000  -22.5000   37.5000 2539.7100   14.8671
    7.5000  -22.5000   37.5000 2528.6938   14.9132
   -7.5000  -15.0000   37.5000 2556.3071   14.8384
    0.0000  -15.0000   37.5000 2595.2432   14.5288
    7.5000  -15.0000   37.5000 2580.9436   14.5832
   -7.5000   -7.5000   37.5000 2600.5942   14.5876
    0.0000   -7.5000   37.5000 2642.8066   14.2842
    7.5000   -7.5000   37.5000 2629.9441   14.3358
   -7.5000    0.0000   37.5000 2632.3535   14.5164
    0.0000    0.0000   37.5000 2677.5352   14.1716
    7.5000    0.0000   37.5000 2666.1414   14.2319
   -7.5000    7.5000   37.5000 2662.4438   14.6214
    0.0000    7.5000   37.5000 2706.3367   14.2371
    7.5000    7.5000   37.5000 2695.9421   14.3000
   -7.5000   15.0000   37.5000 2666.1462   14.9340
    0.0000   15.0000   37.5000 2711.9458   14.5743
    7.5000   15.0000   37.5000 2702.0322   14.5936
   -7.5000   22.5000   37.5000 2641.6233   15.3849
    0.0000   22.5000   37.5000 2683.6350   15.0358
    7.5000   22.5000   37.5000 2676.0339   15.0789
   -7.5000   30.0000   37.5000 2589.8320   15.9938
    0.0000   30.0000   37.5000 2624.4988   15.6705
    7.5000   30.0000   37.5000 2615.7219   15.7316
   -7.5000   37.5000   37.5000 2519.5044   16.7932
    0.0000   37.5000   37.5000 2561.4526   16.4837
    7.5000   37.5000   37.5000 2551.9150   16.5193
   -7.5000   45.0000   37.5000 2414.9719   17.9098
    0.0000   45.0000   37.5000 2453.9502   17.5665
    7.5000   45.0000   37.5000 2447.5430   17.5990
   -7.5000  -45.0000   45.0000 2284.4307   18.5640
    0.0000  -45.0000   45.0000 2312.2632   18.1646
    7.5000  -45.0000   45.0000 2310.9517   18.1881
   -7.5000  -37.5000   45.0000 2339.9490   17.4814
    0.0000  -37.5000   45.0000 2365.6038   17.0330
    7.5000  -37.5000   45.0000 2361.6694   17.0736
   -7.5000  -30.0000   45.0000 2388.0161   16.6779
    0.0000  -30.0000   45.0000 2413.2874   16.2366
    7.5000  -30.0000   45.0000 2407.9880   16.2625
   -7.5000  -22.5000   45.0000 2440.1633   16.1247
    0.0000  -22.5000   45.0000 2475.0146   15.7536
    7.5000  -22.5000   45.0000 2464.8044   15.7617
   -7.5000  -15.0000   45.0000 2487.6011   15.6874
    0.0000  -15.0000   45.0000 2530.8757   15.3586
    7.5000  -15.0000   45.0000 2514.3948   15.3870
   -7.5000   -7.5000   45.0000 2523.9949   15.4024
    0.0000   -7.5000   45.0000 2566.7415   15.0677
    7.5000   -7.5000   45.0000 2557.6770   15.1364
   -7.5000    0.0000   45.0000 2555.0950   15.3098
    0.0000    0.0000   45.0000 2592.4370   14.9835
    7.5000    0.0000   45.0000 2589.9314   15.0671
   -7.5000    7.5000   45.0000 2576.0144   15.4278
    0.0000    7.5000   45.0000 2612.7419   15.0933
    7.5000    7.5000   45.0000 2607.4509   15.1443
   -7.5000   15.0000   45.0000 2572.0637   15.8031
    0.0000   15.0000   45.0000 2609.1082   15.4741
    7.5000   15.0000   45.0000 2602.1365   15.4652
   -7.5000   22.5000   45.0000 2546.1748   16.3136
    0.0000   22.5000   45.0000 2584.1992   16.0056
    7.5000   22.5000   45.0000 2574.6482   16.0047
   -7.5000   30.0000   45.0000 2496.5776   16.9592
    0.0000   30.0000   45.0000 2526.7849   16.6686
    7.5000   30.0000   45.0000 2520.2676   16.6925
   -7.5000   37.5000   45.0000 2432.8428   17.7482
    0.0000   37.5000   45.0000 2474.4753   17.4570
    7.5000   37.5000   45.0000 2465.5129   17.4852
   -7.5000   45.0000   45.0000 2341.6292   18.8355
    0.0000   45.0000   45.0000 2378.6855   18.5256
    7.5000   45.0000   45.0000 2371.9497   18.5416

---------------------------------------------------------------------
imgreg_4dfp /opt/freesurfer/average/711-2C_as_mni_average_305 /opt/freesurfer/average/711-2B_as_mni_average_305_mask talsrcimg_g11 none talsrcimg_to_711-2C_as_mni_average_305_t4 1283
---------------------------------------------------------------------

freesurfer imgreg_4dfp.c
/opt/freesurfer/average/711-2C_as_mni_average_305.4dfp.img
       256       256       256         1
  1.000000  1.000000  1.000000
orientation T byte_order littleendian
Reading image: /opt/freesurfer/average/711-2C_as_mni_average_305.4dfp.img
dimensions:      256       256       256
mmppix:       1.0000   -1.0000   -1.0000
center:     128.0000 -129.0000 -129.0000
/opt/freesurfer/average/711-2B_as_mni_average_305_mask.4dfp.img
       256       256       256         1
  1.000000  1.000000  1.000000
orientation T byte_order littleendian
Reading mask: /opt/freesurfer/average/711-2B_as_mni_average_305_mask.4dfp.img (2306576 pixels)
talsrcimg_g11.4dfp.img
       256       256       256         1
  1.000000  1.000000  1.000000
orientation T byte_order littleendian
Reading image: talsrcimg_g11.4dfp.img
dimensions:      256       256       256
mmppix:       1.0000   -1.0000   -1.0000
center:     128.0000 -129.0000 -129.0000
rotation matrix determinant  1.000000
fimgreg.f
image alignment mode   1283 decimal      503 hex
parameters
    0.0000   15.0000    7.5000    0.0000    0.0000    0.0000
eta,q 0.92352 12.57168
niter,ni,del,rscale     5    3   12.0000    1.2000
parameters
    2.0943   17.5516    6.2953   -2.3746   -0.9437   -1.9893
eta,q 0.92364 12.65639
  0.0934  0.0873  0.0808  0.0780  0.0799  0.0789
  0.0895  0.0855  0.0783  0.0775  0.0781  0.0769
  0.0853  0.0825  0.0774  0.0771  0.0771  0.0764
  0.0808  0.0789  0.0773  0.0773  0.0771  0.0768
  0.0791  0.0776  0.0791  0.0785  0.0781  0.0787
  0.0809  0.0786  0.0819  0.0819  0.0800  0.0823
  0.0844  0.0808  0.0841  0.0855  0.0821  0.0864
niter,ni,del,rscale     4    3   12.0000    1.2000
parameters
    1.5756   19.6658    5.5326   -5.3323    0.5798   -3.7589
eta,q 0.92782 12.69152
  0.0847  0.0838  0.0802  0.0739  0.0819  0.0749
  0.0806  0.0804  0.0751  0.0734  0.0771  0.0728
  0.0775  0.0773  0.0737  0.0729  0.0742  0.0722
  0.0764  0.0764  0.0751  0.0744  0.0730  0.0727
  0.0783  0.0752  0.0777  0.0758  0.0727  0.0743
  0.0830  0.0750  0.0795  0.0776  0.0735  0.0770
  0.0881  0.0777  0.0799  0.0822  0.0756  0.0809
niter,ni,del,rscale     3    3   12.0000    1.2000
parameters
    1.0352   21.4259    5.9157   -6.7553    0.6199   -3.8861
eta,q 0.92904 12.71950
  0.0830  0.0809  0.0782  0.0733  0.0776  0.0760
  0.0775  0.0784  0.0728  0.0722  0.0739  0.0736
  0.0732  0.0756  0.0703  0.0713  0.0714  0.0715
  0.0722  0.0719  0.0704  0.0709  0.0710  0.0710
  0.0757  0.0704  0.0732  0.0723  0.0723  0.0721
  0.0807  0.0721  0.0743  0.0747  0.0743  0.0738
  0.0869  0.0757  0.0742  0.0779  0.0768  0.0763
niter,ni,del,rscale     2    3   12.0000    1.2000
parameters
    1.2492   21.5302    6.0235   -7.2370    0.5489   -4.0691
eta,q 0.92870 12.70320
  0.0840  0.0789  0.0755  0.0737  0.0770  0.0759
  0.0777  0.0757  0.0711  0.0730  0.0736  0.0734
  0.0727  0.0730  0.0694  0.0720  0.0714  0.0715
  0.0710  0.0710  0.0709  0.0711  0.0713  0.0713
  0.0728  0.0712  0.0736  0.0712  0.0725  0.0723
  0.0769  0.0742  0.0724  0.0731  0.0742  0.0739
  0.0819  0.0796  0.0730  0.0756  0.0767  0.0762
niter,ni,del,rscale     1    3   12.0000    1.2000
parameters
    1.2436   21.5880    5.9390   -7.4728    0.5253   -4.1179
eta,q 0.92880 12.70406
  0.0828  0.0788  0.0750  0.0736  0.0772  0.0759
  0.0768  0.0755  0.0709  0.0731  0.0737  0.0734
  0.0724  0.0730  0.0694  0.0720  0.0714  0.0715
  0.0713  0.0713  0.0713  0.0711  0.0712  0.0712
  0.0734  0.0713  0.0737  0.0710  0.0724  0.0721
  0.0775  0.0742  0.0721  0.0725  0.0742  0.0736
  0.0822  0.0797  0.0731  0.0750  0.0766  0.0757
registration optimization eta report
parameter search radius
    6.0000    6.0000    6.0000    6.0000    6.0000    6.0000
100000*second partial in parameter space
       30.       22.        8.        9.       16.       13.
  0.0828  0.0788  0.0750  0.0736  0.0772  0.0759
  0.0768  0.0755  0.0709  0.0731  0.0737  0.0734
  0.0724  0.0730  0.0694  0.0720  0.0714  0.0715
  0.0713  0.0713  0.0713  0.0711  0.0712  0.0712
  0.0734  0.0713  0.0737  0.0710  0.0724  0.0721
  0.0775  0.0742  0.0721  0.0725  0.0742  0.0736
  0.0822  0.0797  0.0731  0.0750  0.0766  0.0757
    1.2436   21.5880    5.9390   -7.4728    0.5253   -4.1179
eta,q 0.92880 12.70406

---------------------------------------------------------------------
imgreg_4dfp /opt/freesurfer/average/711-2C_as_mni_average_305 /opt/freesurfer/average/711-2B_as_mni_average_305_mask talsrcimg_g11 none talsrcimg_to_711-2C_as_mni_average_305_t4 3335
---------------------------------------------------------------------

freesurfer imgreg_4dfp.c
/opt/freesurfer/average/711-2C_as_mni_average_305.4dfp.img
       256       256       256         1
  1.000000  1.000000  1.000000
orientation T byte_order littleendian
Reading image: /opt/freesurfer/average/711-2C_as_mni_average_305.4dfp.img
dimensions:      256       256       256
mmppix:       1.0000   -1.0000   -1.0000
center:     128.0000 -129.0000 -129.0000
/opt/freesurfer/average/711-2B_as_mni_average_305_mask.4dfp.img
       256       256       256         1
  1.000000  1.000000  1.000000
orientation T byte_order littleendian
Reading mask: /opt/freesurfer/average/711-2B_as_mni_average_305_mask.4dfp.img (2306576 pixels)
talsrcimg_g11.4dfp.img
       256       256       256         1
  1.000000  1.000000  1.000000
orientation T byte_order littleendian
Reading image: talsrcimg_g11.4dfp.img
dimensions:      256       256       256
mmppix:       1.0000   -1.0000   -1.0000
center:     128.0000 -129.0000 -129.0000
fimgreg.f
image alignment mode   3335 decimal      D07 hex
parameters
    1.2436   21.5880    5.9390   -0.2623   -1.1139   -0.8535
    7.2388    0.0272   -7.1806   13.0373    0.9168  -13.0050
eta,q 0.93143 12.64230
niter,ni,del,rscale     5    3    5.0000    1.2000
parameter  4  7.972907 ->  0.500000 qaram    1.1500
parameter  5  3.969822 ->  0.500000 qaram    1.1500
parameter  6  3.678289 ->  0.500000 qaram    1.1500
parameter  7  0.521636 ->  0.500000 qaram    1.1500
parameter  9 -0.580907 -> -0.500000 qaram    1.1500
parameter 12 -1.101756 -> -0.500000 qaram    1.1500
parameters
    1.2593   21.8423    5.3915   -4.4023   -5.2539   -4.9935
    3.0988    0.5281   -3.0406   11.4355    0.6912   -8.8650
eta,q 0.95465 12.32381
  0.0705  0.0701  0.0690  0.0570  0.0534  0.0436  0.0478  0.0513  0.0508  0.0480  0.0475  0.0495
  0.0694  0.0693  0.0686  0.0605  0.0559  0.0467  0.0472  0.0492  0.0492  0.0468  0.0469  0.0483
  0.0687  0.0688  0.0685  0.0643  0.0585  0.0514  0.0472  0.0478  0.0480  0.0465  0.0465  0.0472
  0.0686  0.0686  0.0686  0.0685  0.0615  0.0566  0.0479  0.0472  0.0471  0.0465  0.0464  0.0464
  0.0688  0.0686  0.0687  0.0725  0.0645  0.0616  0.0491  0.0472  0.0467  0.0472  0.0466  0.0457
  0.0694  0.0689  0.0691  0.0766  0.0678  0.0676  0.0507  0.0483  0.0466  0.0485  0.0470  0.0452
  0.0704  0.0696  0.0699  0.0813  0.0718  0.0733  0.0527  0.0504  0.0469  0.0502  0.0477  0.0453
niter,ni,del,rscale     7    3    5.0000    1.2000
parameter  4  2.187533 ->  0.500000 qaram    1.3225
parameter  5  2.225236 ->  0.500000 qaram    1.3225
parameter  6  0.706668 ->  0.500000 qaram    1.3225
parameters
    1.2078   20.9324    6.4211   -9.1633  -10.0149   -9.7545
    4.1747    0.3918   -2.7852   10.1858    0.0493   -6.2654
eta,q 0.97125 12.15652
  0.0486  0.0459  0.0501  0.0350  0.0300  0.0293  0.0354  0.0355  0.0329  0.0318  0.0306  0.0330
  0.0468  0.0452  0.0479  0.0367  0.0315  0.0292  0.0326  0.0323  0.0310  0.0300  0.0297  0.0312
  0.0457  0.0451  0.0462  0.0400  0.0342  0.0297  0.0304  0.0299  0.0297  0.0291  0.0292  0.0299
  0.0453  0.0453  0.0451  0.0446  0.0374  0.0321  0.0293  0.0292  0.0292  0.0292  0.0291  0.0290
  0.0457  0.0461  0.0446  0.0499  0.0406  0.0376  0.0294  0.0301  0.0296  0.0302  0.0294  0.0287
  0.0469  0.0475  0.0448  0.0552  0.0446  0.0438  0.0308  0.0326  0.0307  0.0319  0.0301  0.0291
  0.0489  0.0495  0.0455  0.0602  0.0488  0.0514  0.0331  0.0360  0.0325  0.0344  0.0312  0.0300
niter,ni,del,rscale     7    3    5.0000    1.2000
parameter  4  0.513144 ->  0.500000 qaram    1.5209
parameters
    1.3280   20.8326    6.0586  -14.6385  -14.2447  -12.7894
    4.1053    0.0698   -2.6384    8.9986   -0.5582   -6.3274
eta,q 0.97396 11.61340
  0.0341  0.0319  0.0304  0.0284  0.0285  0.0279  0.0306  0.0305  0.0293  0.0284  0.0271  0.0281
  0.0313  0.0301  0.0293  0.0277  0.0271  0.0265  0.0282  0.0281  0.0276  0.0269  0.0265  0.0270
  0.0295  0.0291  0.0288  0.0276  0.0266  0.0262  0.0266  0.0266  0.0265  0.0261  0.0261  0.0263
  0.0287  0.0287  0.0287  0.0287  0.0276  0.0266  0.0262  0.0262  0.0262  0.0262  0.0261  0.0260
  0.0291  0.0292  0.0292  0.0316  0.0301  0.0273  0.0268  0.0269  0.0265  0.0269  0.0263  0.0263
  0.0306  0.0305  0.0302  0.0368  0.0328  0.0306  0.0284  0.0287  0.0275  0.0284  0.0268  0.0270
  0.0331  0.0325  0.0317  0.0430  0.0362  0.0369  0.0306  0.0313  0.0290  0.0306  0.0275  0.0282
niter,ni,del,rscale     7    3    5.0000    1.2000
parameters
    1.3942   21.1317    6.2382  -15.0549  -14.5747  -13.1126
    3.9628    0.0109   -2.6505    9.1083   -0.6456   -6.5141
eta,q 0.97400 11.55440
  0.0304  0.0299  0.0283  0.0309  0.0301  0.0299  0.0303  0.0309  0.0290  0.0295  0.0272  0.0279
  0.0281  0.0280  0.0271  0.0282  0.0281  0.0276  0.0280  0.0283  0.0273  0.0275  0.0266  0.0269
  0.0266  0.0267  0.0263  0.0265  0.0267  0.0263  0.0264  0.0265  0.0263  0.0264  0.0262  0.0262
  0.0260  0.0260  0.0260  0.0260  0.0260  0.0260  0.0260  0.0260  0.0260  0.0260  0.0260  0.0260
  0.0264  0.0261  0.0262  0.0265  0.0264  0.0266  0.0267  0.0267  0.0264  0.0264  0.0262  0.0263
  0.0278  0.0269  0.0267  0.0283  0.0283  0.0274  0.0283  0.0284  0.0274  0.0275  0.0266  0.0270
  0.0300  0.0284  0.0277  0.0321  0.0309  0.0308  0.0305  0.0310  0.0290  0.0293  0.0273  0.0281
niter,ni,del,rscale     6    3    5.0000    1.2000
parameters
    1.3981   21.2019    6.2037  -15.0330  -14.6178  -13.0610
    3.9516    0.0134   -2.6320    9.1998   -0.6893   -6.6223
eta,q 0.97399 11.55783
  0.0302  0.0292  0.0279  0.0312  0.0302  0.0301  0.0305  0.0309  0.0290  0.0295  0.0272  0.0280
  0.0279  0.0275  0.0268  0.0284  0.0282  0.0278  0.0281  0.0283  0.0274  0.0275  0.0266  0.0269
  0.0265  0.0264  0.0262  0.0266  0.0268  0.0264  0.0265  0.0266  0.0263  0.0264  0.0262  0.0262
  0.0260  0.0260  0.0260  0.0260  0.0260  0.0260  0.0260  0.0260  0.0260  0.0260  0.0260  0.0260
  0.0265  0.0263  0.0263  0.0264  0.0263  0.0265  0.0266  0.0266  0.0263  0.0264  0.0262  0.0262
  0.0279  0.0273  0.0269  0.0280  0.0280  0.0273  0.0282  0.0284  0.0273  0.0275  0.0266  0.0270
  0.0301  0.0288  0.0280  0.0315  0.0306  0.0303  0.0304  0.0309  0.0289  0.0293  0.0273  0.0281
niter,ni,del,rscale     5    3    5.0000    1.2000
parameters
    1.4000   21.2195    6.2075  -15.0318  -14.6358  -13.0436
    3.9494    0.0168   -2.6208    9.2269   -0.6984   -6.6427
eta,q 0.97399 11.55832
  0.0301  0.0291  0.0280  0.0312  0.0303  0.0301  0.0305  0.0309  0.0290  0.0294  0.0273  0.0280
  0.0279  0.0274  0.0269  0.0284  0.0283  0.0278  0.0281  0.0283  0.0274  0.0275  0.0266  0.0269
  0.0265  0.0264  0.0262  0.0266  0.0268  0.0264  0.0265  0.0266  0.0263  0.0264  0.0262  0.0263
  0.0260  0.0260  0.0260  0.0260  0.0260  0.0260  0.0260  0.0260  0.0260  0.0260  0.0260  0.0260
  0.0265  0.0263  0.0263  0.0264  0.0263  0.0266  0.0266  0.0266  0.0264  0.0264  0.0262  0.0262
  0.0279  0.0273  0.0269  0.0280  0.0280  0.0273  0.0282  0.0284  0.0274  0.0275  0.0266  0.0269
  0.0301  0.0290  0.0279  0.0315  0.0306  0.0303  0.0304  0.0309  0.0289  0.0293  0.0273  0.0280
registration optimization eta report
parameter search radius
    2.4000    2.4000    2.4000   10.9503    9.5220    9.5220
    8.2800    7.2000    8.2800    7.2000    7.2000    8.2800
100000*second partial in parameter space
       72.       52.       34.        5.        5.        5.
        6.        9.        4.        6.        2.        3.
  0.0301  0.0291  0.0280  0.0312  0.0303  0.0301  0.0305  0.0309  0.0290  0.0294  0.0273  0.0280
  0.0279  0.0274  0.0269  0.0284  0.0283  0.0278  0.0281  0.0283  0.0274  0.0275  0.0266  0.0269
  0.0265  0.0264  0.0262  0.0266  0.0268  0.0264  0.0265  0.0266  0.0263  0.0264  0.0262  0.0263
  0.0260  0.0260  0.0260  0.0260  0.0260  0.0260  0.0260  0.0260  0.0260  0.0260  0.0260  0.0260
  0.0265  0.0263  0.0263  0.0264  0.0263  0.0266  0.0266  0.0266  0.0264  0.0264  0.0262  0.0262
  0.0279  0.0273  0.0269  0.0280  0.0280  0.0273  0.0282  0.0284  0.0274  0.0275  0.0266  0.0269
  0.0301  0.0290  0.0279  0.0315  0.0306  0.0303  0.0304  0.0309  0.0289  0.0293  0.0273  0.0280
    1.4000   21.2195    6.2075  -15.0318  -14.6358  -13.0436
    3.9494    0.0168   -2.6208    9.2269   -0.6984   -6.6427
eta,q 0.97399 11.55832

---------------------------------------------------------------------
imgreg_4dfp /opt/freesurfer/average/711-2C_as_mni_average_305 /opt/freesurfer/average/711-2B_as_mni_average_305_mask talsrcimg_g11 none talsrcimg_to_711-2C_as_mni_average_305_t4 2311
---------------------------------------------------------------------

freesurfer imgreg_4dfp.c
/opt/freesurfer/average/711-2C_as_mni_average_305.4dfp.img
       256       256       256         1
  1.000000  1.000000  1.000000
orientation T byte_order littleendian
Reading image: /opt/freesurfer/average/711-2C_as_mni_average_305.4dfp.img
dimensions:      256       256       256
mmppix:       1.0000   -1.0000   -1.0000
center:     128.0000 -129.0000 -129.0000
/opt/freesurfer/average/711-2B_as_mni_average_305_mask.4dfp.img
       256       256       256         1
  1.000000  1.000000  1.000000
orientation T byte_order littleendian
Reading mask: /opt/freesurfer/average/711-2B_as_mni_average_305_mask.4dfp.img (2306576 pixels)
talsrcimg_g11.4dfp.img
       256       256       256         1
  1.000000  1.000000  1.000000
orientation T byte_order littleendian
Reading image: talsrcimg_g11.4dfp.img
dimensions:      256       256       256
mmppix:       1.0000   -1.0000   -1.0000
center:     128.0000 -129.0000 -129.0000
fimgreg.f
image alignment mode   2311 decimal      907 hex
parameters
    1.4000   21.2195    6.2075  -15.0318  -14.6358  -13.0436
    3.9494    0.0168   -2.6208    9.2269   -0.6984   -6.6427
eta,q 0.97399 11.55832
niter,ni,del,rscale     5    3    5.0000    0.8000
parameters
    1.4020   21.2148    6.1864  -14.6779  -14.0328  -13.1151
    3.9361   -0.0247   -2.5862    9.1801   -0.6945   -6.5853
eta,q 0.97404 11.59912
  0.0279  0.0274  0.0269  0.0271  0.0275  0.0269  0.0276  0.0282  0.0270  0.0274  0.0266  0.0267
  0.0269  0.0266  0.0264  0.0265  0.0268  0.0263  0.0267  0.0270  0.0264  0.0266  0.0262  0.0263
  0.0262  0.0262  0.0261  0.0261  0.0263  0.0260  0.0261  0.0262  0.0261  0.0261  0.0260  0.0261
  0.0260  0.0260  0.0260  0.0260  0.0260  0.0260  0.0260  0.0260  0.0260  0.0260  0.0260  0.0260
  0.0262  0.0262  0.0261  0.0261  0.0260  0.0262  0.0262  0.0262  0.0261  0.0261  0.0260  0.0260
  0.0269  0.0266  0.0264  0.0263  0.0263  0.0265  0.0267  0.0270  0.0264  0.0266  0.0263  0.0263
  0.0279  0.0274  0.0269  0.0268  0.0270  0.0268  0.0276  0.0283  0.0270  0.0275  0.0266  0.0267
niter,ni,del,rscale     4    3    5.0000    0.7000
parameters
    1.4056   21.1472    6.1087  -14.7313  -13.8905  -13.3945
    3.9095   -0.0372   -2.5628    9.0863   -0.7197   -6.5082
eta,q 0.97407 11.58506
  0.0274  0.0269  0.0266  0.0266  0.0270  0.0266  0.0272  0.0277  0.0268  0.0270  0.0264  0.0265
  0.0266  0.0264  0.0262  0.0262  0.0265  0.0262  0.0265  0.0267  0.0263  0.0264  0.0262  0.0262
  0.0261  0.0260  0.0260  0.0260  0.0261  0.0260  0.0261  0.0261  0.0260  0.0260  0.0260  0.0260
  0.0260  0.0260  0.0260  0.0260  0.0259  0.0259  0.0259  0.0259  0.0259  0.0259  0.0259  0.0259
  0.0261  0.0261  0.0261  0.0260  0.0260  0.0261  0.0261  0.0261  0.0260  0.0261  0.0260  0.0260
  0.0266  0.0265  0.0263  0.0263  0.0263  0.0264  0.0265  0.0268  0.0263  0.0265  0.0262  0.0262
  0.0274  0.0271  0.0267  0.0267  0.0269  0.0267  0.0272  0.0278  0.0267  0.0271  0.0264  0.0265
niter,ni,del,rscale     3    3    5.0000    0.6000
parameters
    1.4023   21.1228    6.0359  -14.7969  -13.7606  -13.6578
    3.8849   -0.0488   -2.5447    9.0174   -0.7313   -6.5049
eta,q 0.97409 11.57101
  0.0270  0.0267  0.0264  0.0264  0.0267  0.0264  0.0269  0.0273  0.0265  0.0267  0.0263  0.0263
  0.0264  0.0263  0.0261  0.0261  0.0263  0.0261  0.0263  0.0265  0.0262  0.0263  0.0261  0.0261
  0.0260  0.0260  0.0260  0.0260  0.0261  0.0259  0.0260  0.0261  0.0260  0.0260  0.0260  0.0260
  0.0259  0.0259  0.0259  0.0259  0.0259  0.0259  0.0259  0.0259  0.0259  0.0259  0.0259  0.0259
  0.0261  0.0260  0.0260  0.0260  0.0260  0.0261  0.0260  0.0261  0.0260  0.0260  0.0260  0.0259
  0.0264  0.0263  0.0262  0.0262  0.0262  0.0263  0.0264  0.0265  0.0262  0.0263  0.0261  0.0261
  0.0270  0.0267  0.0265  0.0265  0.0266  0.0266  0.0269  0.0273  0.0265  0.0268  0.0263  0.0263
niter,ni,del,rscale     2    3    5.0000    0.5000
parameters
    1.4020   21.1046    5.9674  -14.8386  -13.6552  -13.8652
    3.8664   -0.0568   -2.5452    8.9691   -0.7428   -6.5012
eta,q 0.97410 11.56086
  0.0267  0.0264  0.0262  0.0263  0.0264  0.0263  0.0266  0.0269  0.0263  0.0264  0.0262  0.0262
  0.0262  0.0261  0.0260  0.0261  0.0262  0.0260  0.0262  0.0263  0.0261  0.0261  0.0260  0.0260
  0.0260  0.0260  0.0259  0.0259  0.0260  0.0259  0.0260  0.0260  0.0259  0.0260  0.0259  0.0259
  0.0259  0.0259  0.0259  0.0259  0.0259  0.0259  0.0259  0.0259  0.0259  0.0259  0.0259  0.0259
  0.0260  0.0260  0.0260  0.0259  0.0259  0.0260  0.0260  0.0260  0.0260  0.0260  0.0259  0.0259
  0.0262  0.0262  0.0261  0.0261  0.0261  0.0262  0.0262  0.0263  0.0261  0.0262  0.0260  0.0260
  0.0267  0.0265  0.0263  0.0263  0.0264  0.0264  0.0266  0.0269  0.0263  0.0265  0.0262  0.0262
niter,ni,del,rscale     1    3    5.0000    0.4000
parameters
    1.4022   21.0884    5.9159  -14.8655  -13.5794  -14.0131
    3.8489   -0.0578   -2.5270    8.9406   -0.7833   -6.4648
eta,q 0.97410 11.55382
  0.0264  0.0262  0.0261  0.0261  0.0262  0.0262  0.0263  0.0265  0.0262  0.0262  0.0261  0.0261
  0.0261  0.0260  0.0260  0.0260  0.0261  0.0260  0.0261  0.0262  0.0260  0.0260  0.0260  0.0260
  0.0259  0.0259  0.0259  0.0259  0.0260  0.0259  0.0259  0.0260  0.0259  0.0259  0.0259  0.0259
  0.0259  0.0259  0.0259  0.0259  0.0259  0.0259  0.0259  0.0259  0.0259  0.0259  0.0259  0.0259
  0.0260  0.0259  0.0259  0.0259  0.0259  0.0259  0.0259  0.0260  0.0259  0.0259  0.0259  0.0259
  0.0261  0.0261  0.0260  0.0260  0.0260  0.0261  0.0261  0.0262  0.0260  0.0261  0.0260  0.0260
  0.0264  0.0263  0.0262  0.0261  0.0262  0.0262  0.0263  0.0265  0.0261  0.0263  0.0261  0.0261
registration optimization eta report
parameter search radius
    0.8000    0.8000    0.8000    2.4000    2.4000    2.4000
    2.4000    2.4000    2.4000    2.4000    2.4000    2.4000
100000*second partial in parameter space
       76.       55.       37.        4.        6.        5.
        7.       11.        5.        6.        3.        3.
  0.0264  0.0262  0.0261  0.0261  0.0262  0.0262  0.0263  0.0265  0.0262  0.0262  0.0261  0.0261
  0.0261  0.0260  0.0260  0.0260  0.0261  0.0260  0.0261  0.0262  0.0260  0.0260  0.0260  0.0260
  0.0259  0.0259  0.0259  0.0259  0.0260  0.0259  0.0259  0.0260  0.0259  0.0259  0.0259  0.0259
  0.0259  0.0259  0.0259  0.0259  0.0259  0.0259  0.0259  0.0259  0.0259  0.0259  0.0259  0.0259
  0.0260  0.0259  0.0259  0.0259  0.0259  0.0259  0.0259  0.0260  0.0259  0.0259  0.0259  0.0259
  0.0261  0.0261  0.0260  0.0260  0.0260  0.0261  0.0261  0.0262  0.0260  0.0261  0.0260  0.0260
  0.0264  0.0263  0.0262  0.0261  0.0262  0.0262  0.0263  0.0265  0.0261  0.0263  0.0261  0.0261
    1.4022   21.0884    5.9159  -14.8655  -13.5794  -14.0131
    3.8489   -0.0578   -2.5270    8.9406   -0.7833   -6.4648
eta,q 0.97410 11.55382

---------------------------------------------------------------------
imgreg_4dfp /opt/freesurfer/average/711-2C_as_mni_average_305 /opt/freesurfer/average/711-2B_as_mni_average_305_mask talsrcimg_g11 none talsrcimg_to_711-2C_as_mni_average_305_t4 2311
---------------------------------------------------------------------

freesurfer imgreg_4dfp.c
/opt/freesurfer/average/711-2C_as_mni_average_305.4dfp.img
       256       256       256         1
  1.000000  1.000000  1.000000
orientation T byte_order littleendian
Reading image: /opt/freesurfer/average/711-2C_as_mni_average_305.4dfp.img
dimensions:      256       256       256
mmppix:       1.0000   -1.0000   -1.0000
center:     128.0000 -129.0000 -129.0000
/opt/freesurfer/average/711-2B_as_mni_average_305_mask.4dfp.img
       256       256       256         1
  1.000000  1.000000  1.000000
orientation T byte_order littleendian
Reading mask: /opt/freesurfer/average/711-2B_as_mni_average_305_mask.4dfp.img (2306576 pixels)
talsrcimg_g11.4dfp.img
       256       256       256         1
  1.000000  1.000000  1.000000
orientation T byte_order littleendian
Reading image: talsrcimg_g11.4dfp.img
dimensions:      256       256       256
mmppix:       1.0000   -1.0000   -1.0000
center:     128.0000 -129.0000 -129.0000
fimgreg.f
image alignment mode   2311 decimal      907 hex
parameters
    1.4022   21.0884    5.9159  -14.8655  -13.5794  -14.0131
    3.8489   -0.0578   -2.5270    8.9406   -0.7833   -6.4648
eta,q 0.97410 11.55381
niter,ni,del,rscale     5    3    5.0000    0.8000
parameters
    1.4000   21.0884    5.9001  -14.8710  -13.8137  -13.6932
    3.8903   -0.0538   -2.5260    9.0078   -0.7633   -6.5733
eta,q 0.97409 11.56369
  0.0278  0.0273  0.0268  0.0269  0.0270  0.0272  0.0276  0.0283  0.0270  0.0275  0.0266  0.0266
  0.0268  0.0265  0.0263  0.0263  0.0264  0.0265  0.0267  0.0270  0.0264  0.0266  0.0262  0.0262
  0.0261  0.0260  0.0260  0.0260  0.0261  0.0260  0.0261  0.0262  0.0260  0.0261  0.0260  0.0260
  0.0259  0.0259  0.0259  0.0259  0.0259  0.0259  0.0259  0.0259  0.0259  0.0259  0.0259  0.0259
  0.0261  0.0261  0.0260  0.0260  0.0260  0.0261  0.0261  0.0262  0.0260  0.0261  0.0260  0.0260
  0.0268  0.0265  0.0263  0.0263  0.0265  0.0264  0.0267  0.0270  0.0264  0.0265  0.0262  0.0262
  0.0278  0.0273  0.0268  0.0269  0.0274  0.0268  0.0275  0.0283  0.0270  0.0274  0.0265  0.0267
niter,ni,del,rscale     4    3    5.0000    0.7000
parameters
    1.3991   21.1159    5.9745  -14.8305  -13.7987  -13.6770
    3.8910   -0.0547   -2.5361    9.0221   -0.7376   -6.5433
eta,q 0.97409 11.56703
  0.0274  0.0270  0.0267  0.0267  0.0269  0.0268  0.0272  0.0278  0.0267  0.0271  0.0264  0.0265
  0.0266  0.0264  0.0263  0.0262  0.0264  0.0263  0.0265  0.0267  0.0263  0.0264  0.0261  0.0262
  0.0261  0.0260  0.0260  0.0260  0.0261  0.0260  0.0260  0.0261  0.0260  0.0260  0.0260  0.0260
  0.0259  0.0259  0.0259  0.0259  0.0259  0.0259  0.0259  0.0259  0.0259  0.0259  0.0259  0.0259
  0.0261  0.0260  0.0260  0.0260  0.0260  0.0261  0.0261  0.0261  0.0260  0.0260  0.0260  0.0260
  0.0266  0.0264  0.0262  0.0262  0.0263  0.0263  0.0265  0.0267  0.0263  0.0264  0.0261  0.0261
  0.0274  0.0269  0.0265  0.0266  0.0269  0.0267  0.0272  0.0278  0.0267  0.0270  0.0264  0.0265
niter,ni,del,rscale     3    3    5.0000    0.6000
parameters
    1.4000   21.1130    5.9706  -14.8409  -13.7235  -13.7747
    3.8788   -0.0545   -2.5342    8.9985   -0.7520   -6.5193
eta,q 0.97410 11.56348
  0.0270  0.0267  0.0264  0.0264  0.0267  0.0265  0.0269  0.0273  0.0265  0.0267  0.0263  0.0263
  0.0264  0.0263  0.0261  0.0261  0.0263  0.0261  0.0263  0.0265  0.0262  0.0263  0.0261  0.0261
  0.0260  0.0260  0.0260  0.0260  0.0260  0.0259  0.0260  0.0261  0.0260  0.0260  0.0259  0.0260
  0.0259  0.0259  0.0259  0.0259  0.0259  0.0259  0.0259  0.0259  0.0259  0.0259  0.0259  0.0259
  0.0260  0.0260  0.0260  0.0260  0.0260  0.0260  0.0260  0.0261  0.0260  0.0260  0.0260  0.0259
  0.0264  0.0263  0.0262  0.0261  0.0262  0.0262  0.0263  0.0265  0.0262  0.0263  0.0261  0.0261
  0.0270  0.0267  0.0264  0.0264  0.0266  0.0265  0.0269  0.0273  0.0265  0.0267  0.0263  0.0263
niter,ni,del,rscale     2    3    5.0000    0.5000
parameters
    1.4004   21.1019    5.9410  -14.8534  -13.6358  -13.9211
    3.8619   -0.0540   -2.5291    8.9629   -0.7571   -6.4935
eta,q 0.97410 11.55763
  0.0267  0.0264  0.0263  0.0263  0.0264  0.0263  0.0266  0.0269  0.0263  0.0264  0.0262  0.0262
  0.0262  0.0261  0.0260  0.0261  0.0262  0.0261  0.0262  0.0263  0.0261  0.0261  0.0260  0.0260
  0.0260  0.0260  0.0259  0.0259  0.0260  0.0259  0.0260  0.0260  0.0259  0.0260  0.0259  0.0259
  0.0259  0.0259  0.0259  0.0259  0.0259  0.0259  0.0259  0.0259  0.0259  0.0259  0.0259  0.0259
  0.0260  0.0260  0.0259  0.0259  0.0259  0.0260  0.0260  0.0260  0.0259  0.0260  0.0259  0.0259
  0.0262  0.0262  0.0261  0.0261  0.0261  0.0262  0.0262  0.0263  0.0261  0.0262  0.0260  0.0260
  0.0267  0.0265  0.0263  0.0263  0.0264  0.0264  0.0266  0.0269  0.0263  0.0265  0.0262  0.0262
niter,ni,del,rscale     1    3    5.0000    0.4000
parameters
    1.4027   21.0870    5.9040  -14.8785  -13.5543  -14.0391
    3.8434   -0.0590   -2.5280    8.9343   -0.7786   -6.4759
eta,q 0.97411 11.55259
  0.0264  0.0262  0.0261  0.0261  0.0262  0.0262  0.0263  0.0265  0.0262  0.0262  0.0261  0.0261
  0.0261  0.0260  0.0260  0.0260  0.0261  0.0260  0.0261  0.0262  0.0260  0.0260  0.0260  0.0260
  0.0259  0.0259  0.0259  0.0259  0.0260  0.0259  0.0259  0.0260  0.0259  0.0259  0.0259  0.0259
  0.0259  0.0259  0.0259  0.0259  0.0259  0.0259  0.0259  0.0259  0.0259  0.0259  0.0259  0.0259
  0.0260  0.0259  0.0259  0.0259  0.0259  0.0259  0.0259  0.0260  0.0259  0.0259  0.0259  0.0259
  0.0261  0.0261  0.0260  0.0260  0.0260  0.0261  0.0261  0.0262  0.0260  0.0261  0.0260  0.0260
  0.0264  0.0263  0.0262  0.0261  0.0262  0.0262  0.0263  0.0265  0.0262  0.0263  0.0261  0.0261
registration optimization eta report
parameter search radius
    0.8000    0.8000    0.8000    2.4000    2.4000    2.4000
    2.4000    2.4000    2.4000    2.4000    2.4000    2.4000
100000*second partial in parameter space
       76.       55.       37.        4.        6.        5.
        7.       11.        5.        6.        3.        3.
  0.0264  0.0262  0.0261  0.0261  0.0262  0.0262  0.0263  0.0265  0.0262  0.0262  0.0261  0.0261
  0.0261  0.0260  0.0260  0.0260  0.0261  0.0260  0.0261  0.0262  0.0260  0.0260  0.0260  0.0260
  0.0259  0.0259  0.0259  0.0259  0.0260  0.0259  0.0259  0.0260  0.0259  0.0259  0.0259  0.0259
  0.0259  0.0259  0.0259  0.0259  0.0259  0.0259  0.0259  0.0259  0.0259  0.0259  0.0259  0.0259
  0.0260  0.0259  0.0259  0.0259  0.0259  0.0259  0.0259  0.0260  0.0259  0.0259  0.0259  0.0259
  0.0261  0.0261  0.0260  0.0260  0.0260  0.0261  0.0261  0.0262  0.0260  0.0261  0.0260  0.0260
  0.0264  0.0263  0.0262  0.0261  0.0262  0.0262  0.0263  0.0265  0.0262  0.0263  0.0261  0.0261
    1.4027   21.0870    5.9040  -14.8785  -13.5543  -14.0391
    3.8434   -0.0590   -2.5280    8.9343   -0.7786   -6.4759
eta,q 0.97411 11.55259

---------------------------------------------------------------------
compute_vox2vox talsrcimg talsrcimg_to_711-2C_as_mni_average_305_t4 /opt/freesurfer/average/711-2C_as_mni_average_305
---------------------------------------------------------------------

freesurfer compute_vox2vox.c
Reading: talsrcimg.4dfp.ifh
Reading: talsrcimg_to_711-2C_as_mni_average_305_t4
Reading: /opt/freesurfer/average/711-2C_as_mni_average_305.4dfp.ifh
Writing: talsrcimg_to_711-2C_as_mni_average_305_t4_vox2vox.txt

start time Tue Mar 10 03:33:25 CET 2026
end		time Tue Mar 10 03:34:50 CET 2026

mpr2mni305 success

avi2talxfm orig_nu.mgz /opt/freesurfer/average/mni305.cor.mgz talsrcimg_to_711-2C_as_mni_average_305_t4_vox2vox.txt transforms/talairach.auto.xfm
avi2talxfm done
mv -f /out/sourcedata/freesurfer/sub-v1s5x0050723_ses-1/mri/talsrcimg_to_711-2C_as_mni_average_305_t4_vox2vox.txt /out/sourcedata/freesurfer/sub-v1s5x0050723_ses-1/mri/transforms/talsrcimg_to_711-2C_as_mni_average_305_t4_vox2vox.txt
lta_convert --src orig_nu.mgz --trg /opt/freesurfer/average/mni305.cor.mgz --inxfm transforms/talairach.auto.xfm --outlta transforms/talairach.auto.xfm.lta --subject fsaverage
7.3.2

--src: orig_nu.mgz src image (geometry).
--trg: /opt/freesurfer/average/mni305.cor.mgz trg image (geometry).
--inmni: transforms/talairach.auto.xfm input MNI/XFM transform.
--outlta: transforms/talairach.auto.xfm.lta output LTA.
--s: fsaverage subject name
 LTA read, type : 1
 1.17331   0.00618  -0.05170   3.95711;
 0.01311   1.15440   0.08590  -11.53152;
 0.03296  -0.11913   1.14641  -9.54704;
 0.00000   0.00000   0.00000   1.00000;
setting subject to fsaverage
Writing  LTA to file transforms/talairach.auto.xfm.lta...
lta_convert successful.
 
 
Started at Tue Mar 10 03:33:25 CET 2026
Ended   at Tue Mar 10 03:34:51 CET 2026
talairach_avi done
