status file for recon-all
Tue Mar 10 04:56:00 CET 2026
#@# Tessellate lh Tue Mar 10 04:56:00 CET 2026
#@# Smooth1 lh Tue Mar 10 04:56:02 CET 2026
#@# Inflation1 lh Tue Mar 10 04:56:04 CET 2026
#@# QSphere lh Tue Mar 10 04:56:15 CET 2026
#@# Fix Topology lh Tue Mar 10 04:57:11 CET 2026
#@# Smooth2 lh Tue Mar 10 05:00:56 CET 2026
#@# Inflation2 lh Tue Mar 10 05:00:58 CET 2026
#@# Curv .H and .K lh Tue Mar 10 05:01:10 CET 2026
#@# Sphere lh Tue Mar 10 05:01:43 CET 2026
#@# Surf Reg lh Tue Mar 10 05:03:02 CET 2026
#@# Jacobian white lh Tue Mar 10 05:05:59 CET 2026
#@# AvgCurv lh Tue Mar 10 05:06:00 CET 2026
#@# Cortical Parc lh Tue Mar 10 05:06:01 CET 2026
#@# white curv lh Tue Mar 10 05:10:59 CET 2026
#@# white area lh Tue Mar 10 05:11:00 CET 2026
#@# pial curv lh Tue Mar 10 05:11:01 CET 2026
#@# pial area lh Tue Mar 10 05:11:02 CET 2026
#@# thickness lh Tue Mar 10 05:11:03 CET 2026
#@# area and vertex vol lh Tue Mar 10 05:11:19 CET 2026
#@# Curvature Stats lh Tue Mar 10 05:11:20 CET 2026
#@# Cortical Parc 2 lh Tue Mar 10 05:11:22 CET 2026
#@# Cortical Parc 3 lh Tue Mar 10 05:11:31 CET 2026
#@# WM/GM Contrast lh Tue Mar 10 05:11:38 CET 2026
recon-all -s sub-v1s5x0050722_ses-1 finished without error at Tue Mar 10 05:11:41 CET 2026



#New# invocation of recon-all 



status file for recon-all
Tue Mar 10 05:33:41 CET 2026
#@# white curv lh Tue Mar 10 05:33:41 CET 2026
#@# white area lh Tue Mar 10 05:33:41 CET 2026
#@# pial curv lh Tue Mar 10 05:33:41 CET 2026
#@# pial area lh Tue Mar 10 05:33:41 CET 2026
#@# thickness lh Tue Mar 10 05:33:41 CET 2026
#@# area and vertex vol lh Tue Mar 10 05:33:41 CET 2026
#@# Parcellation Stats lh Tue Mar 10 05:33:41 CET 2026
#@# Parcellation Stats 2 lh Tue Mar 10 05:33:53 CET 2026
#@# Parcellation Stats 3 lh Tue Mar 10 05:33:59 CET 2026
#@# BA_exvivo Labels lh Tue Mar 10 05:34:05 CET 2026
recon-all -s sub-v1s5x0050722_ses-1 finished without error at Tue Mar 10 05:35:59 CET 2026
