status file for recon-all
Tue Mar 10 04:59:53 CET 2026
#@# MotionCor Tue Mar 10 04:59:55 CET 2026
#@# Talairach Tue Mar 10 05:00:04 CET 2026
#@# Talairach Failure Detection Tue Mar 10 05:04:31 CET 2026
#@# Nu Intensity Correction Tue Mar 10 05:04:31 CET 2026
#@# Intensity Normalization Tue Mar 10 05:07:47 CET 2026
recon-all -s sub-v1s5x0050748_ses-1 finished without error at Tue Mar 10 05:09:13 CET 2026



#New# invocation of recon-all 



status file for recon-all
Tue Mar 10 05:16:13 CET 2026
#@# EM Registration Tue Mar 10 05:16:13 CET 2026
recon-all -s sub-v1s5x0050748_ses-1 finished without error at Tue Mar 10 05:17:43 CET 2026



#New# invocation of recon-all 



status file for recon-all
Tue Mar 10 05:17:47 CET 2026
#@# CA Normalize Tue Mar 10 05:17:47 CET 2026
#@# CA Reg Tue Mar 10 05:19:09 CET 2026
#@# SubCort Seg Tue Mar 10 06:06:51 CET 2026
#@# CC Seg Tue Mar 10 06:36:16 CET 2026
#@# Merge ASeg Tue Mar 10 06:36:49 CET 2026
#@# Intensity Normalization2 Tue Mar 10 06:36:49 CET 2026
#@# Mask BFS Tue Mar 10 06:38:57 CET 2026
#@# WM Segmentation Tue Mar 10 06:38:58 CET 2026
#@# Fill Tue Mar 10 06:40:44 CET 2026
recon-all -s sub-v1s5x0050748_ses-1 finished without error at Tue Mar 10 06:41:44 CET 2026



#New# invocation of recon-all 



status file for recon-all
Tue Mar 10 07:17:14 CET 2026
#@# white curv lh Tue Mar 10 07:17:14 CET 2026
#@# white area lh Tue Mar 10 07:17:14 CET 2026
#@# pial curv lh Tue Mar 10 07:17:14 CET 2026
#@# pial area lh Tue Mar 10 07:17:14 CET 2026
#@# thickness lh Tue Mar 10 07:17:14 CET 2026
#@# area and vertex vol lh Tue Mar 10 07:17:14 CET 2026
#@# white curv rh Tue Mar 10 07:17:14 CET 2026
#@# white area rh Tue Mar 10 07:17:14 CET 2026
#@# pial curv rh Tue Mar 10 07:17:14 CET 2026
#@# pial area rh Tue Mar 10 07:17:14 CET 2026
#@# thickness rh Tue Mar 10 07:17:14 CET 2026
#@# area and vertex vol rh Tue Mar 10 07:17:14 CET 2026
#@# Cortical ribbon mask Tue Mar 10 07:17:14 CET 2026
recon-all -s sub-v1s5x0050748_ses-1 finished without error at Tue Mar 10 07:20:25 CET 2026



#New# invocation of recon-all 



status file for recon-all
Tue Mar 10 07:26:02 CET 2026
#@# white curv lh Tue Mar 10 07:26:02 CET 2026
#@# white area lh Tue Mar 10 07:26:02 CET 2026
#@# pial curv lh Tue Mar 10 07:26:02 CET 2026
#@# pial area lh Tue Mar 10 07:26:02 CET 2026
#@# thickness lh Tue Mar 10 07:26:02 CET 2026
#@# area and vertex vol lh Tue Mar 10 07:26:02 CET 2026
#@# white curv rh Tue Mar 10 07:26:02 CET 2026
#@# white area rh Tue Mar 10 07:26:02 CET 2026
#@# pial curv rh Tue Mar 10 07:26:02 CET 2026
#@# pial area rh Tue Mar 10 07:26:02 CET 2026
#@# thickness rh Tue Mar 10 07:26:02 CET 2026
#@# area and vertex vol rh Tue Mar 10 07:26:02 CET 2026
#@# Curvature Stats lh Tue Mar 10 07:26:02 CET 2026
#@# Curvature Stats rh Tue Mar 10 07:26:04 CET 2026
#@# Relabel Hypointensities Tue Mar 10 07:26:06 CET 2026
#@# APas-to-ASeg Tue Mar 10 07:26:20 CET 2026
#@# AParc-to-ASeg aparc Tue Mar 10 07:26:27 CET 2026
#@# AParc-to-ASeg aparc.a2009s Tue Mar 10 07:26:56 CET 2026
#@# AParc-to-ASeg aparc.DKTatlas Tue Mar 10 07:27:23 CET 2026
#@# WMParc Tue Mar 10 07:27:49 CET 2026
#@# ASeg Stats Tue Mar 10 07:31:19 CET 2026
recon-all -s sub-v1s5x0050748_ses-1 finished without error at Tue Mar 10 07:31:51 CET 2026
