status file for recon-all
Tue Mar 10 06:41:48 CET 2026
#@# Tessellate lh Tue Mar 10 06:41:48 CET 2026
#@# Smooth1 lh Tue Mar 10 06:41:51 CET 2026
#@# Inflation1 lh Tue Mar 10 06:41:53 CET 2026
#@# QSphere lh Tue Mar 10 06:42:02 CET 2026
#@# Fix Topology lh Tue Mar 10 06:42:53 CET 2026
#@# Smooth2 lh Tue Mar 10 06:49:01 CET 2026
#@# Inflation2 lh Tue Mar 10 06:49:04 CET 2026
#@# Curv .H and .K lh Tue Mar 10 06:49:14 CET 2026
#@# Sphere lh Tue Mar 10 06:49:55 CET 2026
#@# Surf Reg lh Tue Mar 10 06:51:14 CET 2026
#@# Jacobian white lh Tue Mar 10 06:54:02 CET 2026
#@# AvgCurv lh Tue Mar 10 06:54:03 CET 2026
#@# Cortical Parc lh Tue Mar 10 06:54:03 CET 2026
#@# white curv lh Tue Mar 10 06:59:18 CET 2026
#@# white area lh Tue Mar 10 06:59:19 CET 2026
#@# pial curv lh Tue Mar 10 06:59:20 CET 2026
#@# pial area lh Tue Mar 10 06:59:21 CET 2026
#@# thickness lh Tue Mar 10 06:59:21 CET 2026
#@# area and vertex vol lh Tue Mar 10 06:59:47 CET 2026
#@# Curvature Stats lh Tue Mar 10 06:59:48 CET 2026
#@# Cortical Parc 2 lh Tue Mar 10 06:59:50 CET 2026
#@# Cortical Parc 3 lh Tue Mar 10 07:00:01 CET 2026
#@# WM/GM Contrast lh Tue Mar 10 07:00:10 CET 2026
recon-all -s sub-v1s5x0050748_ses-1 finished without error at Tue Mar 10 07:00:13 CET 2026



#New# invocation of recon-all 



status file for recon-all
Tue Mar 10 07:20:30 CET 2026
#@# white curv lh Tue Mar 10 07:20:30 CET 2026
#@# white area lh Tue Mar 10 07:20:30 CET 2026
#@# pial curv lh Tue Mar 10 07:20:30 CET 2026
#@# pial area lh Tue Mar 10 07:20:30 CET 2026
#@# thickness lh Tue Mar 10 07:20:30 CET 2026
#@# area and vertex vol lh Tue Mar 10 07:20:30 CET 2026
#@# Parcellation Stats lh Tue Mar 10 07:20:30 CET 2026
#@# Parcellation Stats 2 lh Tue Mar 10 07:20:45 CET 2026
#@# Parcellation Stats 3 lh Tue Mar 10 07:20:53 CET 2026
#@# BA_exvivo Labels lh Tue Mar 10 07:21:00 CET 2026
recon-all -s sub-v1s5x0050748_ses-1 finished without error at Tue Mar 10 07:23:13 CET 2026
