status file for recon-all
Tue Mar 10 06:32:03 CET 2026
#@# Tessellate lh Tue Mar 10 06:32:03 CET 2026
#@# Smooth1 lh Tue Mar 10 06:32:07 CET 2026
#@# Inflation1 lh Tue Mar 10 06:32:09 CET 2026
#@# QSphere lh Tue Mar 10 06:32:18 CET 2026
#@# Fix Topology lh Tue Mar 10 06:33:10 CET 2026
#@# Smooth2 lh Tue Mar 10 06:38:03 CET 2026
#@# Inflation2 lh Tue Mar 10 06:38:05 CET 2026
#@# Curv .H and .K lh Tue Mar 10 06:38:15 CET 2026
#@# Sphere lh Tue Mar 10 06:38:55 CET 2026
#@# Surf Reg lh Tue Mar 10 06:40:39 CET 2026
#@# Jacobian white lh Tue Mar 10 06:42:57 CET 2026
#@# AvgCurv lh Tue Mar 10 06:42:58 CET 2026
#@# Cortical Parc lh Tue Mar 10 06:42:58 CET 2026
#@# white curv lh Tue Mar 10 06:48:16 CET 2026
#@# white area lh Tue Mar 10 06:48:17 CET 2026
#@# pial curv lh Tue Mar 10 06:48:18 CET 2026
#@# pial area lh Tue Mar 10 06:48:19 CET 2026
#@# thickness lh Tue Mar 10 06:48:20 CET 2026
#@# area and vertex vol lh Tue Mar 10 06:48:44 CET 2026
#@# Curvature Stats lh Tue Mar 10 06:48:46 CET 2026
#@# Cortical Parc 2 lh Tue Mar 10 06:48:47 CET 2026
#@# Cortical Parc 3 lh Tue Mar 10 06:48:59 CET 2026
#@# WM/GM Contrast lh Tue Mar 10 06:49:07 CET 2026
recon-all -s sub-v1s5x0050745_ses-1 finished without error at Tue Mar 10 06:49:10 CET 2026



#New# invocation of recon-all 



status file for recon-all
Tue Mar 10 07:12:20 CET 2026
#@# white curv lh Tue Mar 10 07:12:20 CET 2026
#@# white area lh Tue Mar 10 07:12:20 CET 2026
#@# pial curv lh Tue Mar 10 07:12:20 CET 2026
#@# pial area lh Tue Mar 10 07:12:20 CET 2026
#@# thickness lh Tue Mar 10 07:12:20 CET 2026
#@# area and vertex vol lh Tue Mar 10 07:12:20 CET 2026
#@# Parcellation Stats lh Tue Mar 10 07:12:20 CET 2026
#@# Parcellation Stats 2 lh Tue Mar 10 07:12:34 CET 2026
#@# Parcellation Stats 3 lh Tue Mar 10 07:12:41 CET 2026
#@# BA_exvivo Labels lh Tue Mar 10 07:12:48 CET 2026
recon-all -s sub-v1s5x0050745_ses-1 finished without error at Tue Mar 10 07:14:56 CET 2026
