status file for recon-all
Tue Mar 10 06:49:11 CET 2026
#@# Tessellate rh Tue Mar 10 06:49:11 CET 2026
#@# Smooth1 rh Tue Mar 10 06:49:15 CET 2026
#@# Inflation1 rh Tue Mar 10 06:49:17 CET 2026
#@# QSphere rh Tue Mar 10 06:49:26 CET 2026
#@# Fix Topology rh Tue Mar 10 06:50:19 CET 2026
#@# Smooth2 rh Tue Mar 10 06:55:09 CET 2026
#@# Inflation2 rh Tue Mar 10 06:55:12 CET 2026
#@# Curv .H and .K rh Tue Mar 10 06:55:21 CET 2026
#@# Sphere rh Tue Mar 10 06:56:02 CET 2026
#@# Surf Reg rh Tue Mar 10 06:58:42 CET 2026
#@# Jacobian white rh Tue Mar 10 07:01:38 CET 2026
#@# AvgCurv rh Tue Mar 10 07:01:39 CET 2026
#@# Cortical Parc rh Tue Mar 10 07:01:39 CET 2026
#@# white curv rh Tue Mar 10 07:06:55 CET 2026
#@# white area rh Tue Mar 10 07:06:56 CET 2026
#@# pial curv rh Tue Mar 10 07:06:57 CET 2026
#@# pial area rh Tue Mar 10 07:06:58 CET 2026
#@# thickness rh Tue Mar 10 07:06:59 CET 2026
#@# area and vertex vol rh Tue Mar 10 07:07:24 CET 2026
#@# Curvature Stats rh Tue Mar 10 07:07:25 CET 2026
#@# Cortical Parc 2 rh Tue Mar 10 07:07:27 CET 2026
#@# Cortical Parc 3 rh Tue Mar 10 07:07:38 CET 2026
#@# WM/GM Contrast rh Tue Mar 10 07:07:47 CET 2026
recon-all -s sub-v1s5x0050745_ses-1 finished without error at Tue Mar 10 07:07:49 CET 2026



#New# invocation of recon-all 



status file for recon-all
Tue Mar 10 07:14:58 CET 2026
#@# white curv rh Tue Mar 10 07:14:58 CET 2026
#@# white area rh Tue Mar 10 07:14:58 CET 2026
#@# pial curv rh Tue Mar 10 07:14:58 CET 2026
#@# pial area rh Tue Mar 10 07:14:58 CET 2026
#@# thickness rh Tue Mar 10 07:14:58 CET 2026
#@# area and vertex vol rh Tue Mar 10 07:14:58 CET 2026
#@# Parcellation Stats rh Tue Mar 10 07:14:58 CET 2026
#@# Parcellation Stats 2 rh Tue Mar 10 07:15:12 CET 2026
#@# Parcellation Stats 3 rh Tue Mar 10 07:15:19 CET 2026
#@# BA_exvivo Labels rh Tue Mar 10 07:15:26 CET 2026
recon-all -s sub-v1s5x0050745_ses-1 finished without error at Tue Mar 10 07:17:34 CET 2026
