status file for recon-all
Tue Mar 10 04:49:50 CET 2026
#@# MotionCor Tue Mar 10 04:49:52 CET 2026
#@# Talairach Tue Mar 10 04:50:02 CET 2026
#@# Talairach Failure Detection Tue Mar 10 04:54:28 CET 2026
#@# Nu Intensity Correction Tue Mar 10 04:54:28 CET 2026
#@# Intensity Normalization Tue Mar 10 04:57:42 CET 2026
recon-all -s sub-v1s5x0050745_ses-1 finished without error at Tue Mar 10 04:59:16 CET 2026



#New# invocation of recon-all 



status file for recon-all
Tue Mar 10 05:06:07 CET 2026
#@# EM Registration Tue Mar 10 05:06:07 CET 2026
recon-all -s sub-v1s5x0050745_ses-1 finished without error at Tue Mar 10 05:08:10 CET 2026



#New# invocation of recon-all 



status file for recon-all
Tue Mar 10 05:08:13 CET 2026
#@# CA Normalize Tue Mar 10 05:08:13 CET 2026
#@# CA Reg Tue Mar 10 05:09:35 CET 2026
#@# SubCort Seg Tue Mar 10 05:54:11 CET 2026
#@# CC Seg Tue Mar 10 06:26:14 CET 2026
#@# Merge ASeg Tue Mar 10 06:26:50 CET 2026
#@# Intensity Normalization2 Tue Mar 10 06:26:50 CET 2026
#@# Mask BFS Tue Mar 10 06:29:11 CET 2026
#@# WM Segmentation Tue Mar 10 06:29:12 CET 2026
#@# Fill Tue Mar 10 06:30:56 CET 2026
recon-all -s sub-v1s5x0050745_ses-1 finished without error at Tue Mar 10 06:31:59 CET 2026



#New# invocation of recon-all 



status file for recon-all
Tue Mar 10 07:07:53 CET 2026
#@# white curv lh Tue Mar 10 07:07:53 CET 2026
#@# white area lh Tue Mar 10 07:07:53 CET 2026
#@# pial curv lh Tue Mar 10 07:07:53 CET 2026
#@# pial area lh Tue Mar 10 07:07:53 CET 2026
#@# thickness lh Tue Mar 10 07:07:53 CET 2026
#@# area and vertex vol lh Tue Mar 10 07:07:53 CET 2026
#@# white curv rh Tue Mar 10 07:07:53 CET 2026
#@# white area rh Tue Mar 10 07:07:53 CET 2026
#@# pial curv rh Tue Mar 10 07:07:53 CET 2026
#@# pial area rh Tue Mar 10 07:07:54 CET 2026
#@# thickness rh Tue Mar 10 07:07:54 CET 2026
#@# area and vertex vol rh Tue Mar 10 07:07:54 CET 2026
#@# Cortical ribbon mask Tue Mar 10 07:07:54 CET 2026
recon-all -s sub-v1s5x0050745_ses-1 finished without error at Tue Mar 10 07:12:15 CET 2026



#New# invocation of recon-all 



status file for recon-all
Tue Mar 10 07:17:38 CET 2026
#@# white curv lh Tue Mar 10 07:17:38 CET 2026
#@# white area lh Tue Mar 10 07:17:38 CET 2026
#@# pial curv lh Tue Mar 10 07:17:38 CET 2026
#@# pial area lh Tue Mar 10 07:17:38 CET 2026
#@# thickness lh Tue Mar 10 07:17:38 CET 2026
#@# area and vertex vol lh Tue Mar 10 07:17:38 CET 2026
#@# white curv rh Tue Mar 10 07:17:38 CET 2026
#@# white area rh Tue Mar 10 07:17:38 CET 2026
#@# pial curv rh Tue Mar 10 07:17:38 CET 2026
#@# pial area rh Tue Mar 10 07:17:38 CET 2026
#@# thickness rh Tue Mar 10 07:17:38 CET 2026
#@# area and vertex vol rh Tue Mar 10 07:17:38 CET 2026
#@# Curvature Stats lh Tue Mar 10 07:17:38 CET 2026
#@# Curvature Stats rh Tue Mar 10 07:17:40 CET 2026
#@# Relabel Hypointensities Tue Mar 10 07:17:42 CET 2026
#@# APas-to-ASeg Tue Mar 10 07:17:56 CET 2026
#@# AParc-to-ASeg aparc Tue Mar 10 07:18:03 CET 2026
#@# AParc-to-ASeg aparc.a2009s Tue Mar 10 07:18:28 CET 2026
#@# AParc-to-ASeg aparc.DKTatlas Tue Mar 10 07:18:53 CET 2026
#@# WMParc Tue Mar 10 07:19:18 CET 2026
#@# ASeg Stats Tue Mar 10 07:23:03 CET 2026
recon-all -s sub-v1s5x0050745_ses-1 finished without error at Tue Mar 10 07:23:34 CET 2026
