/out/sourcedata/freesurfer/sub-v1s5x0050733_ses-1/mri
/opt/freesurfer/bin/talairach_avi
--i orig_nu.mgz --xfm transforms/talairach.auto.xfm
talairach_avi 7.3.2
Linux dna059 5.14.0-427.37.1.el9_4.x86_64 #1 SMP PREEMPT_DYNAMIC Fri Sep 13 12:41:50 EDT 2024 x86_64 x86_64 x86_64 GNU/Linux
Tue Mar 10 03:49:49 CET 2026
mri_convert orig_nu.mgz talsrcimg.img 
reading from orig_nu.mgz...
TR=0.00, TE=0.00, TI=0.00, flip angle=0.00
i_ras = (-1, -2.22644e-09, 4.65661e-10)
j_ras = (0, 0, -1)
k_ras = (-5.22778e-09, 1, 4.65661e-10)
writing to talsrcimg.img...
Analyze Output Matrix
-1.00000   0.00000  -0.00000   130.80896;
-0.00000   0.00000   1.00000  -109.58527;
 0.00000  -1.00000   0.00000   107.71046;
 0.00000   0.00000   0.00000   1.00000;
--------------------
INFO: set hdr.hist.orient to -1
mpr2mni305 talsrcimg
Tue Mar 10 03:49:50 CET 2026
/opt/freesurfer/bin/mpr2mni305 talsrcimg
mpr2mni305 7.3.2
target=711-2C_as_mni_average_305

---------------------------------------------------------------------
analyzeto4dfp talsrcimg -O0 -y
---------------------------------------------------------------------

freesurfer ifh2hdr.c
Tue Mar 10 03:49:50 2026
Writing: talsrcimg.4dfp.hdr
freesurfer analyzeto4dfp.c
Reading: talsrcimg.hdr
header size 348 bytes
hdr.dime.datatype	offset=70	value=2
hdr.dime.bitpix		offset=72	value=8
hdr.hist.orient		offset=252	value=-1
dimensionality     4
dimensions       256       256       256         1
Reading: talsrcimg.img
Writing: talsrcimg.4dfp.img
Writing: talsrcimg.4dfp.ifh
ifh2hdr talsrcimg -r0to249
ori=2

---------------------------------------------------------------------
gauss_4dfp talsrcimg 1.1
---------------------------------------------------------------------

freesurfer gauss_4dfp.c
Reading: talsrcimg.4dfp.img
Writing: talsrcimg_g11.4dfp.img
image dimensions 256 256 256 padded to 288 288 288
processing volume 1freesurfer ifh2hdr.c
Tue Mar 10 03:49:52 2026
Writing: talsrcimg_g11.4dfp.hdr

Writing: talsrcimg_g11.4dfp.ifh
including: talsrcimg.4dfp.img.rec in talsrcimg_g11.4dfp.img.rec

---------------------------------------------------------------------
imgreg_4dfp /opt/freesurfer/average/711-2C_as_mni_average_305 none talsrcimg_g11 none talsrcimg_to_711-2C_as_mni_average_305_t4 4355
---------------------------------------------------------------------

freesurfer imgreg_4dfp.c
/opt/freesurfer/average/711-2C_as_mni_average_305.4dfp.img
       256       256       256         1
  1.000000  1.000000  1.000000
orientation T byte_order littleendian
Reading image: /opt/freesurfer/average/711-2C_as_mni_average_305.4dfp.img
dimensions:      256       256       256
mmppix:       1.0000   -1.0000   -1.0000
center:     128.0000 -129.0000 -129.0000
talsrcimg_g11.4dfp.img
       256       256       256         1
  1.000000  1.000000  1.000000
orientation T byte_order littleendian
Reading image: talsrcimg_g11.4dfp.img
dimensions:      256       256       256
mmppix:       1.0000   -1.0000   -1.0000
center:     128.0000 -129.0000 -129.0000
t4_read: open error in t4_sub.f l:  41 t4_file(1:l)talsrcimg_to_711-2C_as_mni_average_305_t4 
t4_read: transform initialized to I4
rotation matrix determinant  1.000000
image alignment mode   4355 decimal     1103 hex
   -7.5000  -45.0000  -45.0000 8045.8027   19.3782
    0.0000  -45.0000  -45.0000 8380.1230   19.4319
    7.5000  -45.0000  -45.0000 8068.8564   19.4454
   -7.5000  -37.5000  -45.0000 8520.8496   19.1120
    0.0000  -37.5000  -45.0000 8883.2578   19.1532
    7.5000  -37.5000  -45.0000 8539.1406   19.1666
   -7.5000  -30.0000  -45.0000 9423.1992   18.9344
    0.0000  -30.0000  -45.0000 9817.8486   18.9714
    7.5000  -30.0000  -45.0000 9418.9238   18.9748
   -7.5000  -22.5000  -45.000010316.4258   18.8912
    0.0000  -22.5000  -45.000010771.3389   18.9340
    7.5000  -22.5000  -45.000010306.4424   18.9265
   -7.5000  -15.0000  -45.000010963.9268   18.9396
    0.0000  -15.0000  -45.000011468.6885   18.9922
    7.5000  -15.0000  -45.000010969.6768   18.9835
   -7.5000   -7.5000  -45.000011540.3506   18.9873
    0.0000   -7.5000  -45.000012055.0020   19.0438
    7.5000   -7.5000  -45.000011496.5010   19.0455
   -7.5000    0.0000  -45.000011927.8398   18.9853
    0.0000    0.0000  -45.000012487.1748   19.0366
    7.5000    0.0000  -45.000011897.8408   19.0495
   -7.5000    7.5000  -45.000011403.9141   18.9310
    0.0000    7.5000  -45.000011944.7598   18.9720
    7.5000    7.5000  -45.000011373.7334   18.9860
   -7.5000   15.0000  -45.000010831.3877   18.8835
    0.0000   15.0000  -45.000011340.8828   18.9201
    7.5000   15.0000  -45.000010799.9824   18.9238
   -7.5000   22.5000  -45.000010224.4746   18.8882
    0.0000   22.5000  -45.000010693.3594   18.9310
    7.5000   22.5000  -45.000010209.0068   18.9235
   -7.5000   30.0000  -45.0000 9631.4180   18.9730
    0.0000   30.0000  -45.000010077.0400   19.0239
    7.5000   30.0000  -45.0000 9621.9717   19.0139
   -7.5000   37.5000  -45.0000 9394.6006   19.3840
    0.0000   37.5000  -45.0000 9816.5566   19.4409
    7.5000   37.5000  -45.0000 9352.1123   19.4454
   -7.5000   45.0000  -45.0000 8782.2188   19.3336
    0.0000   45.0000  -45.0000 9129.7920   19.3752
    7.5000   45.0000  -45.0000 8690.9648   19.3924
   -7.5000  -45.0000  -37.5000 8506.5977   19.3160
    0.0000  -45.0000  -37.5000 8903.4512   19.3923
    7.5000  -45.0000  -37.5000 8549.9121   19.4086
   -7.5000  -37.5000  -37.5000 9045.5488   19.0655
    0.0000  -37.5000  -37.5000 9439.1055   19.1282
    7.5000  -37.5000  -37.5000 9050.7383   19.1426
   -7.5000  -30.0000  -37.5000 9997.9062   18.8858
    0.0000  -30.0000  -37.500010443.9023   18.9413
    7.5000  -30.0000  -37.500010007.0957   18.9445
   -7.5000  -22.5000  -37.500010938.6113   18.8271
    0.0000  -22.5000  -37.500011440.6221   18.8865
    7.5000  -22.5000  -37.500010957.4355   18.8793
   -7.5000  -15.0000  -37.500011637.4463   18.8623
    0.0000  -15.0000  -37.500012189.7871   18.9328
    7.5000  -15.0000  -37.500011659.4248   18.9266
   -7.5000   -7.5000  -37.500012224.3721   18.9132
    0.0000   -7.5000  -37.500012794.8926   18.9901
    7.5000   -7.5000  -37.500012204.8828   18.9952
   -7.5000    0.0000  -37.500012641.3096   18.9277
    0.0000    0.0000  -37.500013293.8037   19.0006
    7.5000    0.0000  -37.500012655.8975   19.0160
   -7.5000    7.5000  -37.500012083.4443   18.8859
    0.0000    7.5000  -37.500012707.0615   18.9480
    7.5000    7.5000  -37.500012097.8848   18.9627
   -7.5000   15.0000  -37.500011440.5781   18.8353
    0.0000   15.0000  -37.500012038.9785   18.8902
    7.5000   15.0000  -37.500011449.1816   18.8936
   -7.5000   22.5000  -37.500010766.9414   18.8241
    0.0000   22.5000  -37.500011293.7812   18.8835
    7.5000   22.5000  -37.500010742.6504   18.8763
   -7.5000   30.0000  -37.500010166.1709   18.8980
    0.0000   30.0000  -37.500010646.3516   18.9669
    7.5000   30.0000  -37.500010120.6748   18.9594
   -7.5000   37.5000  -37.5000 9893.7695   19.3123
    0.0000   37.5000  -37.500010348.4541   19.3896
    7.5000   37.5000  -37.5000 9839.2139   19.3990
   -7.5000   45.0000  -37.5000 9210.6953   19.2716
    0.0000   45.0000  -37.5000 9630.5742   19.3320
    7.5000   45.0000  -37.5000 9142.1777   19.3520
   -7.5000  -45.0000  -30.0000 9096.7627   20.0769
    0.0000  -45.0000  -30.0000 9523.7666   20.1678
    7.5000  -45.0000  -30.0000 9136.3652   20.1883
   -7.5000  -37.5000  -30.0000 9705.0244   19.8408
    0.0000  -37.5000  -30.000010152.2402   19.9180
    7.5000  -37.5000  -30.0000 9714.9385   19.9344
   -7.5000  -30.0000  -30.000010773.3994   19.6685
    0.0000  -30.0000  -30.000011242.8799   19.7366
    7.5000  -30.0000  -30.000010774.7441   19.7395
   -7.5000  -22.5000  -30.000011752.9785   19.5971
    0.0000  -22.5000  -30.000012255.7207   19.6672
    7.5000  -22.5000  -30.000011741.7324   19.6595
   -7.5000  -15.0000  -30.000012486.7314   19.6109
    0.0000  -15.0000  -30.000013054.3916   19.6929
    7.5000  -15.0000  -30.000012481.2305   19.6880
   -7.5000   -7.5000  -30.000013081.7520   19.6510
    0.0000   -7.5000  -30.000013713.5400   19.7408
    7.5000   -7.5000  -30.000013095.3340   19.7495
   -7.5000    0.0000  -30.000013536.0137   19.6749
    0.0000    0.0000  -30.000014252.9453   19.7618
    7.5000    0.0000  -30.000013590.4365   19.7810
   -7.5000    7.5000  -30.000012948.9551   19.6549
    0.0000    7.5000  -30.000013657.1904   19.7311
    7.5000    7.5000  -30.000013006.5361   19.7476
   -7.5000   15.0000  -30.000012224.0244   19.6159
    0.0000   15.0000  -30.000012913.5410   19.6834
    7.5000   15.0000  -30.000012271.8496   19.6865
   -7.5000   22.5000  -30.000011461.2061   19.5919
    0.0000   22.5000  -30.000012084.9326   19.6621
    7.5000   22.5000  -30.000011466.5957   19.6544
   -7.5000   30.0000  -30.000010801.1064   19.6564
    0.0000   30.0000  -30.000011354.5039   19.7358
    7.5000   30.0000  -30.000010772.9521   19.7295
   -7.5000   37.5000  -30.000010502.2432   20.0782
    0.0000   37.5000  -30.000011052.3418   20.1677
    7.5000   37.5000  -30.000010474.5166   20.1809
   -7.5000   45.0000  -30.0000 9774.3906   20.0546
    0.0000   45.0000  -30.000010280.1182   20.1263
    7.5000   45.0000  -30.0000 9739.3516   20.1493
   -7.5000  -45.0000  -22.5000 9686.3867   20.7477
    0.0000  -45.0000  -22.500010146.2793   20.8254
    7.5000  -45.0000  -22.5000 9711.0459   20.8456
   -7.5000  -37.5000  -22.500010348.6318   20.5114
    0.0000  -37.5000  -22.500010822.8193   20.5769
    7.5000  -37.5000  -22.500010366.8379   20.5932
   -7.5000  -30.0000  -22.500011478.8203   20.3533
    0.0000  -30.0000  -22.500011993.8564   20.4119
    7.5000  -30.0000  -22.500011492.0791   20.4138
   -7.5000  -22.5000  -22.500012490.1025   20.2894
    0.0000  -22.5000  -22.500013038.7090   20.3512
    7.5000  -22.5000  -22.500012504.6484   20.3414
   -7.5000  -15.0000  -22.500013306.5400   20.2962
    0.0000  -15.0000  -22.500013908.4014   20.3686
    7.5000  -15.0000  -22.500013283.0205   20.3611
   -7.5000   -7.5000  -22.500013952.4160   20.3186
    0.0000   -7.5000  -22.500014598.9932   20.3966
    7.5000   -7.5000  -22.500013930.1914   20.4036
   -7.5000    0.0000  -22.500014441.9111   20.3309
    0.0000    0.0000  -22.500015148.1367   20.4052
    7.5000    0.0000  -22.500014450.0938   20.4242
   -7.5000    7.5000  -22.500013806.3174   20.3192
    0.0000    7.5000  -22.500014552.6250   20.3840
    7.5000    7.5000  -22.500013839.4355   20.4004
   -7.5000   15.0000  -22.500013053.1543   20.2989
    0.0000   15.0000  -22.500013793.7090   20.3569
    7.5000   15.0000  -22.500013105.5518   20.3589
   -7.5000   22.5000  -22.500012225.8906   20.2828
    0.0000   22.5000  -22.500012887.8262   20.3445
    7.5000   22.5000  -22.500012225.3203   20.3348
   -7.5000   30.0000  -22.500011453.3770   20.3505
    0.0000   30.0000  -22.500012084.4971   20.4190
    7.5000   30.0000  -22.500011466.1904   20.4098
   -7.5000   37.5000  -22.500011111.1699   20.7682
    0.0000   37.5000  -22.500011718.9336   20.8454
    7.5000   37.5000  -22.500011131.4414   20.8551
   -7.5000   45.0000  -22.500010338.1807   20.7483
    0.0000   45.0000  -22.500010878.5547   20.8081
    7.5000   45.0000  -22.500010336.0957   20.8290
   -7.5000  -45.0000  -15.000010265.0166   21.2727
    0.0000  -45.0000  -15.000010706.6826   21.3261
    7.5000  -45.0000  -15.000010278.9619   21.3425
   -7.5000  -37.5000  -15.000010964.2998   21.0165
    0.0000  -37.5000  -15.000011456.2432   21.0590
    7.5000  -37.5000  -15.000010979.5039   21.0732
   -7.5000  -30.0000  -15.000012159.1191   20.8613
    0.0000  -30.0000  -15.000012705.2646   20.9002
    7.5000  -30.0000  -15.000012166.4795   20.9009
   -7.5000  -22.5000  -15.000013195.4824   20.8151
    0.0000  -22.5000  -15.000013795.0967   20.8594
    7.5000  -22.5000  -15.000013202.3311   20.8474
   -7.5000  -15.0000  -15.000014046.6826   20.8349
    0.0000  -15.0000  -15.000014706.9043   20.8884
    7.5000  -15.0000  -15.000014043.0176   20.8764
   -7.5000   -7.5000  -15.000014741.5410   20.8501
    0.0000   -7.5000  -15.000015461.2168   20.9063
    7.5000   -7.5000  -15.000014737.7471   20.9083
   -7.5000    0.0000  -15.000015269.7725   20.8426
    0.0000    0.0000  -15.000016046.8740   20.8934
    7.5000    0.0000  -15.000015305.8682   20.9091
   -7.5000    7.5000  -15.000014600.5059   20.8188
    0.0000    7.5000  -15.000015400.7773   20.8611
    7.5000    7.5000  -15.000014625.2646   20.8757
   -7.5000   15.0000  -15.000013819.8633   20.8054
    0.0000   15.0000  -15.000014597.4492   20.8439
    7.5000   15.0000  -15.000013856.9355   20.8448
   -7.5000   22.5000  -15.000012939.6611   20.8074
    0.0000   22.5000  -15.000013650.6328   20.8516
    7.5000   22.5000  -15.000012948.4424   20.8396
   -7.5000   30.0000  -15.000012087.0127   20.8906
    0.0000   30.0000  -15.000012762.8184   20.9401
    7.5000   30.0000  -15.000012129.5781   20.9263
   -7.5000   37.5000  -15.000011703.2080   21.3093
    0.0000   37.5000  -15.000012353.8418   21.3649
    7.5000   37.5000  -15.000011755.4365   21.3676
   -7.5000   45.0000  -15.000010906.3857   21.2859
    0.0000   45.0000  -15.000011481.1279   21.3248
    7.5000   45.0000  -15.000010928.8428   21.3415
   -7.5000  -45.0000   -7.500010886.3701   21.5756
    0.0000  -45.0000   -7.500011309.4551   21.6211
    7.5000  -45.0000   -7.500010868.5850   21.6353
   -7.5000  -37.5000   -7.500011639.9834   21.2912
    0.0000  -37.5000   -7.500012130.1904   21.3249
    7.5000  -37.5000   -7.500011607.5391   21.3388
   -7.5000  -30.0000   -7.500012875.0361   21.1164
    0.0000  -30.0000   -7.500013444.1074   21.1472
    7.5000  -30.0000   -7.500012885.1475   21.1491
   -7.5000  -22.5000   -7.500013942.1299   21.0772
    0.0000  -22.5000   -7.500014549.3301   21.1147
    7.5000  -22.5000   -7.500013957.3418   21.1040
   -7.5000  -15.0000   -7.500014822.8047   21.1201
    0.0000  -15.0000   -7.500015494.2002   21.1671
    7.5000  -15.0000   -7.500014834.0918   21.1547
   -7.5000   -7.5000   -7.500015559.4775   21.1514
    0.0000   -7.5000   -7.500016276.8770   21.2009
    7.5000   -7.5000   -7.500015582.1357   21.2009
   -7.5000    0.0000   -7.500016164.3271   21.1377
    0.0000    0.0000   -7.500016950.8926   21.1811
    7.5000    0.0000   -7.500016186.0020   21.1949
   -7.5000    7.5000   -7.500015498.1143   21.0900
    0.0000    7.5000   -7.500016283.1621   21.1238
    7.5000    7.5000   -7.500015491.4316   21.1382
   -7.5000   15.0000   -7.500014653.5381   21.0597
    0.0000   15.0000   -7.500015427.2959   21.0901
    7.5000   15.0000   -7.500014698.0869   21.0924
   -7.5000   22.5000   -7.500013689.5371   21.0671
    0.0000   22.5000   -7.500014419.6367   21.1046
    7.5000   22.5000   -7.500013787.6719   21.0938
   -7.5000   30.0000   -7.500012728.0889   21.1687
    0.0000   30.0000   -7.500013418.7168   21.2126
    7.5000   30.0000   -7.500012858.1328   21.1986
   -7.5000   37.5000   -7.500012332.8945   21.6060
    0.0000   37.5000   -7.500013009.2383   21.6554
    7.5000   37.5000   -7.500012430.1436   21.6567
   -7.5000   45.0000   -7.500011484.2832   21.5831
    0.0000   45.0000   -7.500012114.0596   21.6163
    7.5000   45.0000   -7.500011544.1836   21.6328
   -7.5000  -45.0000    0.000011456.3955   21.6464
    0.0000  -45.0000    0.000011860.0859   21.7064
    7.5000  -45.0000    0.000011398.8809   21.7214
   -7.5000  -37.5000    0.000012217.1982   21.3493
    0.0000  -37.5000    0.000012701.0996   21.3953
    7.5000  -37.5000    0.000012189.2959   21.4100
   -7.5000  -30.0000    0.000013490.7598   21.1513
    0.0000  -30.0000    0.000014075.1738   21.1926
    7.5000  -30.0000    0.000013527.8369   21.1962
   -7.5000  -22.5000    0.000014587.5156   21.1037
    0.0000  -22.5000    0.000015210.0371   21.1515
    7.5000  -22.5000    0.000014608.1641   21.1430
   -7.5000  -15.0000    0.000015485.0996   21.1581
    0.0000  -15.0000    0.000016118.7764   21.2169
    7.5000  -15.0000    0.000015497.2881   21.2072
   -7.5000   -7.5000    0.000016233.8262   21.2111
    0.0000   -7.5000    0.000016939.1719   21.2743
    7.5000   -7.5000    0.000016279.4414   21.2761
   -7.5000    0.0000    0.000016921.8594   21.2083
    0.0000    0.0000    0.000017719.8359   21.2656
    7.5000    0.0000    0.000016969.6719   21.2800
   -7.5000    7.5000    0.000016336.1689   21.1474
    0.0000    7.5000    0.000017230.2520   21.1932
    7.5000    7.5000    0.000016446.1895   21.2086
   -7.5000   15.0000    0.000015485.1738   21.0945
    0.0000   15.0000    0.000016375.0957   21.1354
    7.5000   15.0000    0.000015675.3223   21.1394
   -7.5000   22.5000    0.000014377.8496   21.0935
    0.0000   22.5000    0.000015166.6377   21.1413
    7.5000   22.5000    0.000014621.0322   21.1328
   -7.5000   30.0000    0.000013331.3350   21.2032
    0.0000   30.0000    0.000014011.2109   21.2601
    7.5000   30.0000    0.000013520.6729   21.2489
   -7.5000   37.5000    0.000012911.9502   21.6614
    0.0000   37.5000    0.000013553.5010   21.7250
    7.5000   37.5000    0.000013010.7861   21.7301
   -7.5000   45.0000    0.000012030.4180   21.6461
    0.0000   45.0000    0.000012647.0928   21.6926
    7.5000   45.0000    0.000012069.9121   21.7118
   -7.5000  -45.0000    7.500011111.5391   21.6135
    0.0000  -45.0000    7.500011533.4883   21.6989
    7.5000  -45.0000    7.500011059.1514   21.7171
   -7.5000  -37.5000    7.500011875.3604   21.3333
    0.0000  -37.5000    7.500012341.7168   21.4035
    7.5000  -37.5000    7.500011838.7754   21.4196
   -7.5000  -30.0000    7.500013099.0518   21.1323
    0.0000  -30.0000    7.500013628.1396   21.1943
    7.5000  -30.0000    7.500013122.3232   21.1979
   -7.5000  -22.5000    7.500014129.8037   21.0666
    0.0000  -22.5000    7.500014678.4785   21.1331
    7.5000  -22.5000    7.500014111.8076   21.1250
   -7.5000  -15.0000    7.500014970.3594   21.1060
    0.0000  -15.0000    7.500015572.7969   21.1848
    7.5000  -15.0000    7.500014990.6133   21.1778
   -7.5000   -7.5000    7.500015704.6826   21.1629
    0.0000   -7.5000    7.500016375.9277   21.2489
    7.5000   -7.5000    7.500015753.2334   21.2547
   -7.5000    0.0000    7.500016430.2441   21.1790
    0.0000    0.0000    7.500017264.6152   21.2607
    7.5000    0.0000    7.500016537.2363   21.2779
   -7.5000    7.5000    7.500015984.2393   21.1324
    0.0000    7.5000    7.500016881.2988   21.2018
    7.5000    7.5000    7.500016074.0293   21.2183
   -7.5000   15.0000    7.500015288.9736   21.0758
    0.0000   15.0000    7.500016094.7598   21.1372
    7.5000   15.0000    7.500015374.6816   21.1411
   -7.5000   22.5000    7.500014141.6631   21.0565
    0.0000   22.5000    7.500014813.3496   21.1229
    7.5000   22.5000    7.500014243.4775   21.1148
   -7.5000   30.0000    7.500013013.0752   21.1541
    0.0000   30.0000    7.500013581.5703   21.2312
    7.5000   30.0000    7.500013083.5615   21.2228
   -7.5000   37.5000    7.500012524.0234   21.6179
    0.0000   37.5000    7.500013071.2812   21.7043
    7.5000   37.5000    7.500012554.4404   21.7149
   -7.5000   45.0000    7.500011654.2900   21.6146
    0.0000   45.0000    7.500012160.1777   21.6823
    7.5000   45.0000    7.500011616.9062   21.7047
   -7.5000  -45.0000   15.000010635.9697   21.5593
    0.0000  -45.0000   15.000011070.9072   21.6569
    7.5000  -45.0000   15.000010614.8701   21.6788
   -7.5000  -37.5000   15.000011380.4746   21.3057
    0.0000  -37.5000   15.000011857.3291   21.3887
    7.5000  -37.5000   15.000011370.1514   21.4063
   -7.5000  -30.0000   15.000012570.7471   21.1207
    0.0000  -30.0000   15.000013071.9062   21.1938
    7.5000  -30.0000   15.000012575.5352   21.1970
   -7.5000  -22.5000   15.000013515.7002   21.0440
    0.0000  -22.5000   15.000014036.2412   21.1194
    7.5000  -22.5000   15.000013500.6992   21.1111
   -7.5000  -15.0000   15.000014320.8652   21.0589
    0.0000  -15.0000   15.000014891.4004   21.1469
    7.5000  -15.0000   15.000014307.7217   21.1417
   -7.5000   -7.5000   15.000015081.3770   21.1019
    0.0000   -7.5000   15.000015730.9160   21.1983
    7.5000   -7.5000   15.000015067.6006   21.2077
   -7.5000    0.0000   15.000015810.5205   21.1276
    0.0000    0.0000   15.000016553.4043   21.2209
    7.5000    0.0000   15.000015760.0518   21.2416
   -7.5000    7.5000   15.000015341.7715   21.1061
    0.0000    7.5000   15.000016056.7324   21.1879
    7.5000    7.5000   15.000015213.8594   21.2056
   -7.5000   15.0000   15.000014651.3691   21.0643
    0.0000   15.0000   15.000015247.5674   21.1367
    7.5000   15.0000   15.000014473.6738   21.1400
   -7.5000   22.5000   15.000013608.9033   21.0339
    0.0000   22.5000   15.000014155.8027   21.1092
    7.5000   22.5000   15.000013482.1709   21.1009
   -7.5000   30.0000   15.000012547.0342   21.1139
    0.0000   30.0000   15.000013040.2822   21.1992
    7.5000   30.0000   15.000012459.3340   21.1925
   -7.5000   37.5000   15.000012023.7891   21.5670
    0.0000   37.5000   15.000012486.5820   21.6631
    7.5000   37.5000   15.000011953.6758   21.6774
   -7.5000   45.0000   15.000011172.7520   21.5702
    0.0000   45.0000   15.000011597.6104   21.6473
    7.5000   45.0000   15.000011076.0771   21.6720
   -7.5000  -45.0000   22.500010069.8203   21.5378
    0.0000  -45.0000   22.500010512.6055   21.6185
    7.5000  -45.0000   22.500010069.9326   21.6394
   -7.5000  -37.5000   22.500010806.9414   21.2924
    0.0000  -37.5000   22.500011276.8613   21.3605
    7.5000  -37.5000   22.500010801.9639   21.3774
   -7.5000  -30.0000   22.500011981.6318   21.1283
    0.0000  -30.0000   22.500012485.2363   21.1892
    7.5000  -30.0000   22.500011959.4443   21.1911
   -7.5000  -22.5000   22.500012880.7588   21.0620
    0.0000  -22.5000   22.500013406.3291   21.1262
    7.5000  -22.5000   22.500012824.5400   21.1160
   -7.5000  -15.0000   22.500013641.9902   21.0691
    0.0000  -15.0000   22.500014184.4014   21.1442
    7.5000  -15.0000   22.500013575.7197   21.1364
   -7.5000   -7.5000   22.500014356.4570   21.0923
    0.0000   -7.5000   22.500014933.4619   21.1733
    7.5000   -7.5000   22.500014247.1455   21.1806
   -7.5000    0.0000   22.500014973.9521   21.1051
    0.0000    0.0000   22.500015609.5908   21.1822
    7.5000    0.0000   22.500014862.0635   21.2019
   -7.5000    7.5000   22.500014419.1611   21.0930
    0.0000    7.5000   22.500014997.6953   21.1602
    7.5000    7.5000   22.500014258.3408   21.1772
   -7.5000   15.0000   22.500013673.6865   21.0719
    0.0000   15.0000   22.500014178.2451   21.1321
    7.5000   15.0000   22.500013510.9297   21.1342
   -7.5000   22.5000   22.500012737.2686   21.0519
    0.0000   22.5000   22.500013250.3682   21.1160
    7.5000   22.5000   22.500012639.2852   21.1059
   -7.5000   30.0000   22.500011838.3242   21.1284
    0.0000   30.0000   22.500012331.7891   21.1996
    7.5000   30.0000   22.500011759.5420   21.1900
   -7.5000   37.5000   22.500011392.4512   21.5621
    0.0000   37.5000   22.500011853.3818   21.6423
    7.5000   37.5000   22.500011319.9492   21.6523
   -7.5000   45.0000   22.500010613.7383   21.5571
    0.0000   45.0000   22.500011036.4678   21.6192
    7.5000   45.0000   22.500010525.1885   21.6410
   -7.5000  -45.0000   30.0000 9450.9355   21.5752
    0.0000  -45.0000   30.0000 9866.3418   21.6293
    7.5000  -45.0000   30.0000 9464.3662   21.6459
   -7.5000  -37.5000   30.000010145.4951   21.3152
    0.0000  -37.5000   30.000010595.4111   21.3584
    7.5000  -37.5000   30.000010146.2939   21.3728
   -7.5000  -30.0000   30.000011263.9834   21.1578
    0.0000  -30.0000   30.000011751.6582   21.1972
    7.5000  -30.0000   30.000011227.0098   21.1979
   -7.5000  -22.5000   30.000012089.4229   21.1108
    0.0000  -22.5000   30.000012592.2051   21.1557
    7.5000  -22.5000   30.000012042.5605   21.1435
   -7.5000  -15.0000   30.000012790.1182   21.1308
    0.0000  -15.0000   30.000013333.2119   21.1851
    7.5000  -15.0000   30.000012743.9795   21.1728
   -7.5000   -7.5000   30.000013417.3799   21.1463
    0.0000   -7.5000   30.000014011.0088   21.2033
    7.5000   -7.5000   30.000013363.0410   21.2053
   -7.5000    0.0000   30.000013969.3359   21.1388
    0.0000    0.0000   30.000014586.3701   21.1903
    7.5000    0.0000   30.000013889.9873   21.2061
   -7.5000    7.5000   30.000013402.6562   21.1147
    0.0000    7.5000   30.000013932.4756   21.1576
    7.5000    7.5000   30.000013270.7344   21.1724
   -7.5000   15.0000   30.000012685.4697   21.1010
    0.0000   15.0000   30.000013169.9951   21.1400
    7.5000   15.0000   30.000012550.8428   21.1409
   -7.5000   22.5000   30.000011856.4746   21.1007
    0.0000   22.5000   30.000012347.3154   21.1456
    7.5000   22.5000   30.000011778.2627   21.1333
   -7.5000   30.0000   30.000011054.1221   21.1875
    0.0000   30.0000   30.000011514.6191   21.2376
    7.5000   30.0000   30.000011005.2832   21.2236
   -7.5000   37.5000   30.000010701.5596   21.6124
    0.0000   37.5000   30.000011133.1953   21.6688
    7.5000   37.5000   30.000010626.9912   21.6715
   -7.5000   45.0000   30.0000 9959.9238   21.5946
    0.0000   45.0000   30.000010381.4355   21.6341
    7.5000   45.0000   30.0000 9906.3301   21.6510
   -7.5000  -45.0000   37.5000 9145.0908   21.7541
    0.0000  -45.0000   37.5000 9538.1982   21.8003
    7.5000  -45.0000   37.5000 9184.5420   21.8151
   -7.5000  -37.5000   37.5000 9801.4883   21.4658
    0.0000  -37.5000   37.500010224.1328   21.4999
    7.5000  -37.5000   37.5000 9817.7744   21.5141
   -7.5000  -30.0000   37.500010869.1621   21.2886
    0.0000  -30.0000   37.500011340.1689   21.3198
    7.5000  -30.0000   37.500010872.0371   21.3219
   -7.5000  -22.5000   37.500011650.5742   21.2488
    0.0000  -22.5000   37.500012160.6660   21.2871
    7.5000  -22.5000   37.500011671.3936   21.2763
   -7.5000  -15.0000   37.500012341.8770   21.2921
    0.0000  -15.0000   37.500012880.0498   21.3401
    7.5000  -15.0000   37.500012320.6572   21.3277
   -7.5000   -7.5000   37.500012941.7490   21.3239
    0.0000   -7.5000   37.500013533.9795   21.3741
    7.5000   -7.5000   37.500012908.4639   21.3745
   -7.5000    0.0000   37.500013455.2998   21.3100
    0.0000    0.0000   37.500014088.5020   21.3540
    7.5000    0.0000   37.500013409.2070   21.3682
   -7.5000    7.5000   37.500012884.9219   21.2617
    0.0000    7.5000   37.500013445.6084   21.2959
    7.5000    7.5000   37.500012804.7109   21.3107
   -7.5000   15.0000   37.500012152.2441   21.2310
    0.0000   15.0000   37.500012656.9570   21.2619
    7.5000   15.0000   37.500012063.0488   21.2644
   -7.5000   22.5000   37.500011371.7051   21.2386
    0.0000   22.5000   37.500011858.5898   21.2768
    7.5000   22.5000   37.500011319.0352   21.2660
   -7.5000   30.0000   37.500010622.5889   21.3438
    0.0000   30.0000   37.500011085.6621   21.3886
    7.5000   30.0000   37.500010607.1240   21.3746
   -7.5000   37.5000   37.500010321.5361   21.7874
    0.0000   37.5000   37.500010734.2471   21.8377
    7.5000   37.5000   37.500010251.9893   21.8393
   -7.5000   45.0000   37.5000 9625.5908   21.7685
    0.0000   45.0000   37.500010019.3828   21.8023
    7.5000   45.0000   37.5000 9569.7715   21.8193
   -7.5000  -45.0000   45.0000 8440.7910   21.9165
    0.0000  -45.0000   45.0000 8828.2275   21.9788
    7.5000  -45.0000   45.0000 8501.7285   21.9963
   -7.5000  -37.5000   45.0000 9026.1387   21.6096
    0.0000  -37.5000   45.0000 9431.4590   21.6577
    7.5000  -37.5000   45.0000 9075.6514   21.6748
   -7.5000  -30.0000   45.000010014.8584   21.4068
    0.0000  -30.0000   45.000010472.6846   21.4505
    7.5000  -30.0000   45.000010051.0088   21.4554
   -7.5000  -22.5000   45.000010723.5898   21.3596
    0.0000  -22.5000   45.000011226.6963   21.4102
    7.5000  -22.5000   45.000010773.7080   21.4019
   -7.5000  -15.0000   45.000011342.1689   21.4163
    0.0000  -15.0000   45.000011861.4668   21.4779
    7.5000  -15.0000   45.000011357.0869   21.4684
   -7.5000   -7.5000   45.000011866.5986   21.4694
    0.0000   -7.5000   45.000012436.3369   21.5351
    7.5000   -7.5000   45.000011890.3613   21.5382
   -7.5000    0.0000   45.000012332.4531   21.4645
    0.0000    0.0000   45.000012927.6172   21.5241
    7.5000    0.0000   45.000012326.6650   21.5408
   -7.5000    7.5000   45.000011794.1367   21.4013
    0.0000    7.5000   45.000012331.4873   21.4493
    7.5000    7.5000   45.000011760.6045   21.4670
   -7.5000   15.0000   45.000011114.6094   21.3482
    0.0000   15.0000   45.000011602.3701   21.3915
    7.5000   15.0000   45.000011089.0498   21.3968
   -7.5000   22.5000   45.000010403.2129   21.3493
    0.0000   22.5000   45.000010840.9551   21.3998
    7.5000   22.5000   45.000010382.7959   21.3915
   -7.5000   30.0000   45.0000 9745.7529   21.4663
    0.0000   30.0000   45.000010160.4121   21.5260
    7.5000   30.0000   45.0000 9743.3691   21.5150
   -7.5000   37.5000   45.0000 9466.3486   21.9376
    0.0000   37.5000   45.0000 9870.2832   22.0039
    7.5000   37.5000   45.0000 9455.4893   22.0104
   -7.5000   45.0000   45.0000 8843.3350   21.9419
    0.0000   45.0000   45.0000 9216.3096   21.9904
    7.5000   45.0000   45.0000 8816.5137   22.0123

---------------------------------------------------------------------
imgreg_4dfp /opt/freesurfer/average/711-2C_as_mni_average_305 /opt/freesurfer/average/711-2B_as_mni_average_305_mask talsrcimg_g11 none talsrcimg_to_711-2C_as_mni_average_305_t4 4355
---------------------------------------------------------------------

freesurfer imgreg_4dfp.c
/opt/freesurfer/average/711-2C_as_mni_average_305.4dfp.img
       256       256       256         1
  1.000000  1.000000  1.000000
orientation T byte_order littleendian
Reading image: /opt/freesurfer/average/711-2C_as_mni_average_305.4dfp.img
dimensions:      256       256       256
mmppix:       1.0000   -1.0000   -1.0000
center:     128.0000 -129.0000 -129.0000
/opt/freesurfer/average/711-2B_as_mni_average_305_mask.4dfp.img
       256       256       256         1
  1.000000  1.000000  1.000000
orientation T byte_order littleendian
Reading mask: /opt/freesurfer/average/711-2B_as_mni_average_305_mask.4dfp.img (2306576 pixels)
talsrcimg_g11.4dfp.img
       256       256       256         1
  1.000000  1.000000  1.000000
orientation T byte_order littleendian
Reading image: talsrcimg_g11.4dfp.img
dimensions:      256       256       256
mmppix:       1.0000   -1.0000   -1.0000
center:     128.0000 -129.0000 -129.0000
rotation matrix determinant  1.000000
image alignment mode   4355 decimal     1103 hex
   -7.5000  -45.0000  -45.0000 2090.3550   25.1137
    0.0000  -45.0000  -45.0000 2107.7334   25.0775
    7.5000  -45.0000  -45.0000 2091.8635   25.4039
   -7.5000  -37.5000  -45.0000 2115.6626   24.0030
    0.0000  -37.5000  -45.0000 2133.3274   23.8967
    7.5000  -37.5000  -45.0000 2113.4131   24.2487
   -7.5000  -30.0000  -45.0000 2155.9946   23.0831
    0.0000  -30.0000  -45.0000 2169.3726   22.9420
    7.5000  -30.0000  -45.0000 2146.4731   23.2266
   -7.5000  -22.5000  -45.0000 2195.2278   22.3386
    0.0000  -22.5000  -45.0000 2206.1948   22.2110
    7.5000  -22.5000  -45.0000 2179.4541   22.4581
   -7.5000  -15.0000  -45.0000 2223.8396   21.7308
    0.0000  -15.0000  -45.0000 2235.8442   21.6990
    7.5000  -15.0000  -45.0000 2208.0337   21.8988
   -7.5000   -7.5000  -45.0000 2245.5830   21.2621
    0.0000   -7.5000  -45.0000 2256.9668   21.2826
    7.5000   -7.5000  -45.0000 2224.8606   21.4947
   -7.5000    0.0000  -45.0000 2244.8704   20.9076
    0.0000    0.0000  -45.0000 2257.1030   20.9563
    7.5000    0.0000  -45.0000 2223.6960   21.1391
   -7.5000    7.5000  -45.0000 2244.5049   20.6722
    0.0000    7.5000  -45.0000 2254.3599   20.6652
    7.5000    7.5000  -45.0000 2226.9260   20.9122
   -7.5000   15.0000  -45.0000 2245.4517   20.6481
    0.0000   15.0000  -45.0000 2257.9631   20.5737
    7.5000   15.0000  -45.0000 2226.1006   20.8782
   -7.5000   22.5000  -45.0000 2233.0659   21.1188
    0.0000   22.5000  -45.0000 2246.9429   21.0944
    7.5000   22.5000  -45.0000 2210.8882   21.4050
   -7.5000   30.0000  -45.0000 2204.0259   22.0589
    0.0000   30.0000  -45.0000 2214.1750   22.0513
    7.5000   30.0000  -45.0000 2177.7900   22.3810
   -7.5000   37.5000  -45.0000 2158.7610   23.4294
    0.0000   37.5000  -45.0000 2171.8513   23.4017
    7.5000   37.5000  -45.0000 2133.0710   23.7285
   -7.5000   45.0000  -45.0000 2084.1550   25.1633
    0.0000   45.0000  -45.0000 2098.3477   25.0855
    7.5000   45.0000  -45.0000 2058.9834   25.4379
   -7.5000  -45.0000  -37.5000 2172.4202   22.9957
    0.0000  -45.0000  -37.5000 2200.2170   22.9608
    7.5000  -45.0000  -37.5000 2188.8789   23.3011
   -7.5000  -37.5000  -37.5000 2209.0676   22.0059
    0.0000  -37.5000  -37.5000 2234.5239   21.9728
    7.5000  -37.5000  -37.5000 2214.9370   22.2125
   -7.5000  -30.0000  -37.5000 2252.3416   21.0918
    0.0000  -30.0000  -37.5000 2276.4856   21.0383
    7.5000  -30.0000  -37.5000 2249.8477   21.2618
   -7.5000  -22.5000  -37.5000 2298.4316   20.4474
    0.0000  -22.5000  -37.5000 2317.3435   20.3874
    7.5000  -22.5000  -37.5000 2291.1528   20.5926
   -7.5000  -15.0000  -37.5000 2327.9670   19.8737
    0.0000  -15.0000  -37.5000 2347.5610   19.8652
    7.5000  -15.0000  -37.5000 2318.2043   20.0546
   -7.5000   -7.5000  -37.5000 2350.7920   19.4733
    0.0000   -7.5000  -37.5000 2364.8855   19.5292
    7.5000   -7.5000  -37.5000 2333.8760   19.6817
   -7.5000    0.0000  -37.5000 2355.4336   19.2044
    0.0000    0.0000  -37.5000 2371.4697   19.2719
    7.5000    0.0000  -37.5000 2335.9485   19.3930
   -7.5000    7.5000  -37.5000 2352.9561   19.0936
    0.0000    7.5000  -37.5000 2366.0530   19.1453
    7.5000    7.5000  -37.5000 2331.4871   19.2853
   -7.5000   15.0000  -37.5000 2350.1565   19.0957
    0.0000   15.0000  -37.5000 2360.2837   19.1073
    7.5000   15.0000  -37.5000 2328.5232   19.3098
   -7.5000   22.5000  -37.5000 2335.4983   19.5396
    0.0000   22.5000  -37.5000 2350.8088   19.5325
    7.5000   22.5000  -37.5000 2311.5784   19.7473
   -7.5000   30.0000  -37.5000 2305.9434   20.3500
    0.0000   30.0000  -37.5000 2314.1543   20.3178
    7.5000   30.0000  -37.5000 2276.4165   20.5647
   -7.5000   37.5000  -37.5000 2253.7979   21.5906
    0.0000   37.5000  -37.5000 2263.6621   21.5405
    7.5000   37.5000  -37.5000 2225.2534   21.8072
   -7.5000   45.0000  -37.5000 2174.6824   23.1636
    0.0000   45.0000  -37.5000 2188.6567   23.0906
    7.5000   45.0000  -37.5000 2151.1179   23.3927
   -7.5000  -45.0000  -30.0000 2290.9827   21.9932
    0.0000  -45.0000  -30.0000 2325.2107   21.9966
    7.5000  -45.0000  -30.0000 2310.2017   22.2524
   -7.5000  -37.5000  -30.0000 2332.4954   20.9926
    0.0000  -37.5000  -30.0000 2368.9441   20.9581
    7.5000  -37.5000  -30.0000 2348.4275   21.2020
   -7.5000  -30.0000  -30.0000 2392.4646   20.1631
    0.0000  -30.0000  -30.0000 2418.1575   20.1188
    7.5000  -30.0000  -30.0000 2394.8313   20.3072
   -7.5000  -22.5000  -30.0000 2440.0413   19.4443
    0.0000  -22.5000  -30.0000 2459.0942   19.3916
    7.5000  -22.5000  -30.0000 2436.3994   19.5981
   -7.5000  -15.0000  -30.0000 2465.0947   18.8736
    0.0000  -15.0000  -30.0000 2485.9170   18.8973
    7.5000  -15.0000  -30.0000 2459.3970   19.0423
   -7.5000   -7.5000  -30.0000 2485.7029   18.5010
    0.0000   -7.5000  -30.0000 2500.9778   18.5270
    7.5000   -7.5000  -30.0000 2476.5999   18.6517
   -7.5000    0.0000  -30.0000 2497.6833   18.2565
    0.0000    0.0000  -30.0000 2519.8826   18.3298
    7.5000    0.0000  -30.0000 2482.2026   18.4445
   -7.5000    7.5000  -30.0000 2504.8557   18.2469
    0.0000    7.5000  -30.0000 2526.5227   18.3183
    7.5000    7.5000  -30.0000 2483.9670   18.4171
   -7.5000   15.0000  -30.0000 2497.7034   18.3595
    0.0000   15.0000  -30.0000 2517.1001   18.3868
    7.5000   15.0000  -30.0000 2478.2617   18.4904
   -7.5000   22.5000  -30.0000 2483.3704   18.7613
    0.0000   22.5000  -30.0000 2501.3765   18.7919
    7.5000   22.5000  -30.0000 2458.1350   18.9027
   -7.5000   30.0000  -30.0000 2451.3191   19.5021
    0.0000   30.0000  -30.0000 2466.7136   19.5336
    7.5000   30.0000  -30.0000 2422.6516   19.6188
   -7.5000   37.5000  -30.0000 2390.0361   20.6547
    0.0000   37.5000  -30.0000 2410.5974   20.6716
    7.5000   37.5000  -30.0000 2365.3459   20.8028
   -7.5000   45.0000  -30.0000 2302.9905   22.1812
    0.0000   45.0000  -30.0000 2327.3708   22.1255
    7.5000   45.0000  -30.0000 2281.2261   22.3381
   -7.5000  -45.0000  -22.5000 2390.3511   21.0546
    0.0000  -45.0000  -22.5000 2424.9768   20.9867
    7.5000  -45.0000  -22.5000 2405.3472   21.2122
   -7.5000  -37.5000  -22.5000 2436.2571   20.0047
    0.0000  -37.5000  -22.5000 2469.6785   19.9566
    7.5000  -37.5000  -22.5000 2451.0103   20.1903
   -7.5000  -30.0000  -22.5000 2490.0027   19.1470
    0.0000  -30.0000  -22.5000 2519.7080   19.0660
    7.5000  -30.0000  -22.5000 2497.7368   19.3249
   -7.5000  -22.5000  -22.5000 2535.7617   18.3916
    0.0000  -22.5000  -22.5000 2562.0208   18.3372
    7.5000  -22.5000  -22.5000 2534.6453   18.5872
   -7.5000  -15.0000  -22.5000 2570.1235   17.8137
    0.0000  -15.0000  -22.5000 2590.3599   17.8096
    7.5000  -15.0000  -22.5000 2561.1973   18.0105
   -7.5000   -7.5000  -22.5000 2588.3511   17.4255
    0.0000   -7.5000  -22.5000 2606.7954   17.4468
    7.5000   -7.5000  -22.5000 2580.7363   17.6254
   -7.5000    0.0000  -22.5000 2607.7715   17.1936
    0.0000    0.0000  -22.5000 2622.1165   17.2157
    7.5000    0.0000  -22.5000 2592.6243   17.3692
   -7.5000    7.5000  -22.5000 2624.3984   17.1858
    0.0000    7.5000  -22.5000 2650.4243   17.2079
    7.5000    7.5000  -22.5000 2605.1497   17.3089
   -7.5000   15.0000  -22.5000 2624.5503   17.3801
    0.0000   15.0000  -22.5000 2651.0879   17.4174
    7.5000   15.0000  -22.5000 2603.8977   17.4910
   -7.5000   22.5000  -22.5000 2610.7300   17.8454
    0.0000   22.5000  -22.5000 2635.5588   17.8574
    7.5000   22.5000  -22.5000 2584.7119   17.9360
   -7.5000   30.0000  -22.5000 2574.8579   18.5675
    0.0000   30.0000  -22.5000 2600.2988   18.5872
    7.5000   30.0000  -22.5000 2554.1863   18.6544
   -7.5000   37.5000  -22.5000 2507.1118   19.6084
    0.0000   37.5000  -22.5000 2533.9138   19.6011
    7.5000   37.5000  -22.5000 2490.0193   19.7138
   -7.5000   45.0000  -22.5000 2415.5303   21.0296
    0.0000   45.0000  -22.5000 2437.5393   20.9940
    7.5000   45.0000  -22.5000 2399.5798   21.1643
   -7.5000  -45.0000  -15.0000 2455.3181   20.2461
    0.0000  -45.0000  -15.0000 2483.9785   20.1860
    7.5000  -45.0000  -15.0000 2468.2649   20.3967
   -7.5000  -37.5000  -15.0000 2503.6353   19.1911
    0.0000  -37.5000  -15.0000 2530.5901   19.0673
    7.5000  -37.5000  -15.0000 2517.3232   19.3097
   -7.5000  -30.0000  -15.0000 2553.6589   18.2877
    0.0000  -30.0000  -15.0000 2579.2993   18.1738
    7.5000  -30.0000  -15.0000 2558.5996   18.3964
   -7.5000  -22.5000  -15.0000 2595.1287   17.5383
    0.0000  -22.5000  -15.0000 2619.1614   17.4439
    7.5000  -22.5000  -15.0000 2591.9219   17.6885
   -7.5000  -15.0000  -15.0000 2635.1558   16.9415
    0.0000  -15.0000  -15.0000 2655.6921   16.8734
    7.5000  -15.0000  -15.0000 2627.8552   17.0812
   -7.5000   -7.5000  -15.0000 2665.6079   16.4680
    0.0000   -7.5000  -15.0000 2687.1074   16.4819
    7.5000   -7.5000  -15.0000 2658.4575   16.6530
   -7.5000    0.0000  -15.0000 2688.6501   16.2016
    0.0000    0.0000  -15.0000 2707.7312   16.1942
    7.5000    0.0000  -15.0000 2677.0413   16.3958
   -7.5000    7.5000  -15.0000 2715.8274   16.1769
    0.0000    7.5000  -15.0000 2741.7722   16.1541
    7.5000    7.5000  -15.0000 2692.9260   16.3467
   -7.5000   15.0000  -15.0000 2725.1787   16.4011
    0.0000   15.0000  -15.0000 2752.2588   16.4252
    7.5000   15.0000  -15.0000 2698.3960   16.5465
   -7.5000   22.5000  -15.0000 2712.0894   16.8991
    0.0000   22.5000  -15.0000 2742.5283   16.8872
    7.5000   22.5000  -15.0000 2691.2366   17.0096
   -7.5000   30.0000  -15.0000 2667.6758   17.6150
    0.0000   30.0000  -15.0000 2697.0513   17.6338
    7.5000   30.0000  -15.0000 2654.6445   17.6990
   -7.5000   37.5000  -15.0000 2596.4641   18.5793
    0.0000   37.5000  -15.0000 2620.1763   18.5797
    7.5000   37.5000  -15.0000 2586.1143   18.7106
   -7.5000   45.0000  -15.0000 2497.3389   19.9268
    0.0000   45.0000  -15.0000 2518.2324   19.8957
    7.5000   45.0000  -15.0000 2485.4792   20.0812
   -7.5000  -45.0000   -7.5000 2496.6772   19.6188
    0.0000  -45.0000   -7.5000 2519.1763   19.4877
    7.5000  -45.0000   -7.5000 2504.7798   19.7354
   -7.5000  -37.5000   -7.5000 2552.6641   18.4316
    0.0000  -37.5000   -7.5000 2570.8665   18.3051
    7.5000  -37.5000   -7.5000 2547.9287   18.5255
   -7.5000  -30.0000   -7.5000 2595.1692   17.5254
    0.0000  -30.0000   -7.5000 2615.5564   17.4153
    7.5000  -30.0000   -7.5000 2593.8923   17.6410
   -7.5000  -22.5000   -7.5000 2639.9160   16.8253
    0.0000  -22.5000   -7.5000 2657.3652   16.6883
    7.5000  -22.5000   -7.5000 2634.0012   16.9047
   -7.5000  -15.0000   -7.5000 2684.7258   16.2018
    0.0000  -15.0000   -7.5000 2704.3655   16.0954
    7.5000  -15.0000   -7.5000 2674.7817   16.3074
   -7.5000   -7.5000   -7.5000 2726.8142   15.7290
    0.0000   -7.5000   -7.5000 2746.8081   15.6545
    7.5000   -7.5000   -7.5000 2721.5122   15.8593
   -7.5000    0.0000   -7.5000 2765.9397   15.4389
    0.0000    0.0000   -7.5000 2787.4006   15.3736
    7.5000    0.0000   -7.5000 2758.3945   15.5942
   -7.5000    7.5000   -7.5000 2800.4871   15.4123
    0.0000    7.5000   -7.5000 2829.2202   15.3431
    7.5000    7.5000   -7.5000 2778.7620   15.5652
   -7.5000   15.0000   -7.5000 2813.9956   15.6172
    0.0000   15.0000   -7.5000 2849.3210   15.5597
    7.5000   15.0000   -7.5000 2788.7842   15.7728
   -7.5000   22.5000   -7.5000 2800.0693   16.0481
    0.0000   22.5000   -7.5000 2831.4368   16.0154
    7.5000   22.5000   -7.5000 2784.3298   16.2307
   -7.5000   30.0000   -7.5000 2741.0618   16.7158
    0.0000   30.0000   -7.5000 2770.6702   16.7212
    7.5000   30.0000   -7.5000 2733.8760   16.8821
   -7.5000   37.5000   -7.5000 2660.1370   17.6886
    0.0000   37.5000   -7.5000 2687.3372   17.6688
    7.5000   37.5000   -7.5000 2655.1675   17.8538
   -7.5000   45.0000   -7.5000 2554.2798   19.0214
    0.0000   45.0000   -7.5000 2583.5369   18.9683
    7.5000   45.0000   -7.5000 2546.3823   19.1929
   -7.5000  -45.0000    0.0000 2527.6152   19.2653
    0.0000  -45.0000    0.0000 2547.8271   19.0473
    7.5000  -45.0000    0.0000 2528.4141   19.3277
   -7.5000  -37.5000    0.0000 2575.5457   17.9919
    0.0000  -37.5000    0.0000 2596.8037   17.7994
    7.5000  -37.5000    0.0000 2576.7446   18.0700
   -7.5000  -30.0000    0.0000 2615.2175   17.0208
    0.0000  -30.0000    0.0000 2638.6621   16.8499
    7.5000  -30.0000    0.0000 2617.8596   17.1154
   -7.5000  -22.5000    0.0000 2656.3684   16.2941
    0.0000  -22.5000    0.0000 2681.8196   16.1072
    7.5000  -22.5000    0.0000 2660.3232   16.3348
   -7.5000  -15.0000    0.0000 2704.6553   15.6922
    0.0000  -15.0000    0.0000 2725.5298   15.4955
    7.5000  -15.0000    0.0000 2702.1794   15.7365
   -7.5000   -7.5000    0.0000 2757.9165   15.1981
    0.0000   -7.5000    0.0000 2786.2036   15.0456
    7.5000   -7.5000    0.0000 2760.2542   15.2803
   -7.5000    0.0000    0.0000 2816.7390   14.9539
    0.0000    0.0000    0.0000 2847.5798   14.8215
    7.5000    0.0000    0.0000 2812.8472   15.0453
   -7.5000    7.5000    0.0000 2865.0249   14.9656
    0.0000    7.5000    0.0000 2916.3433   14.8311
    7.5000    7.5000    0.0000 2857.3064   15.0919
   -7.5000   15.0000    0.0000 2884.7136   15.1570
    0.0000   15.0000    0.0000 2941.0051   15.0512
    7.5000   15.0000    0.0000 2868.3435   15.3894
   -7.5000   22.5000    0.0000 2863.5891   15.4724
    0.0000   22.5000    0.0000 2910.6113   15.4297
    7.5000   22.5000    0.0000 2849.1003   15.7774
   -7.5000   30.0000    0.0000 2792.5947   16.0868
    0.0000   30.0000    0.0000 2823.8672   16.0501
    7.5000   30.0000    0.0000 2782.3132   16.3064
   -7.5000   37.5000    0.0000 2702.4761   17.0709
    0.0000   37.5000    0.0000 2731.4790   16.9923
    7.5000   37.5000    0.0000 2695.6052   17.2111
   -7.5000   45.0000    0.0000 2591.0369   18.4536
    0.0000   45.0000    0.0000 2620.4421   18.3723
    7.5000   45.0000    0.0000 2581.4673   18.5999
   -7.5000  -45.0000    7.5000 2536.2024   19.0610
    0.0000  -45.0000    7.5000 2571.9565   18.8097
    7.5000  -45.0000    7.5000 2551.5576   19.0828
   -7.5000  -37.5000    7.5000 2581.2649   17.7862
    0.0000  -37.5000    7.5000 2611.8025   17.5520
    7.5000  -37.5000    7.5000 2591.8059   17.7790
   -7.5000  -30.0000    7.5000 2613.0837   16.7784
    0.0000  -30.0000    7.5000 2641.3901   16.5608
    7.5000  -30.0000    7.5000 2625.7097   16.8187
   -7.5000  -22.5000    7.5000 2661.8330   16.0380
    0.0000  -22.5000    7.5000 2684.2520   15.7803
    7.5000  -22.5000    7.5000 2660.2627   15.9904
   -7.5000  -15.0000    7.5000 2709.3906   15.3957
    0.0000  -15.0000    7.5000 2738.7610   15.1594
    7.5000  -15.0000    7.5000 2713.3079   15.4173
   -7.5000   -7.5000    7.5000 2767.6223   14.9548
    0.0000   -7.5000    7.5000 2806.5227   14.7098
    7.5000   -7.5000    7.5000 2770.0637   14.9792
   -7.5000    0.0000    7.5000 2833.2222   14.7586
    0.0000    0.0000    7.5000 2881.3176   14.5541
    7.5000    0.0000    7.5000 2835.3037   14.8139
   -7.5000    7.5000    7.5000 2895.7930   14.8516
    0.0000    7.5000    7.5000 2963.9277   14.6458
    7.5000    7.5000    7.5000 2893.6760   14.9116
   -7.5000   15.0000    7.5000 2929.8784   15.0573
    0.0000   15.0000    7.5000 3009.2786   14.8677
    7.5000   15.0000    7.5000 2923.1167   15.1637
   -7.5000   22.5000    7.5000 2894.6079   15.3284
    0.0000   22.5000    7.5000 2961.3145   15.1207
    7.5000   22.5000    7.5000 2888.4407   15.4912
   -7.5000   30.0000    7.5000 2811.5066   15.8397
    0.0000   30.0000    7.5000 2851.4619   15.6821
    7.5000   30.0000    7.5000 2807.2520   16.0047
   -7.5000   37.5000    7.5000 2714.1938   16.7921
    0.0000   37.5000    7.5000 2745.1743   16.6434
    7.5000   37.5000    7.5000 2710.5796   16.9059
   -7.5000   45.0000    7.5000 2597.3950   18.1778
    0.0000   45.0000    7.5000 2623.3870   18.0564
    7.5000   45.0000    7.5000 2586.2947   18.2842
   -7.5000  -45.0000   15.0000 2517.5483   19.0397
    0.0000  -45.0000   15.0000 2559.5479   18.7999
    7.5000  -45.0000   15.0000 2540.2637   19.0574
   -7.5000  -37.5000   15.0000 2563.1995   17.7570
    0.0000  -37.5000   15.0000 2603.5598   17.5140
    7.5000  -37.5000   15.0000 2581.9548   17.7487
   -7.5000  -30.0000   15.0000 2599.4038   16.7425
    0.0000  -30.0000   15.0000 2629.9141   16.4853
    7.5000  -30.0000   15.0000 2613.0752   16.7268
   -7.5000  -22.5000   15.0000 2641.9512   15.9884
    0.0000  -22.5000   15.0000 2672.2441   15.7051
    7.5000  -22.5000   15.0000 2654.1873   15.9210
   -7.5000  -15.0000   15.0000 2686.9775   15.3849
    0.0000  -15.0000   15.0000 2726.6538   15.1155
    7.5000  -15.0000   15.0000 2701.6807   15.3591
   -7.5000   -7.5000   15.0000 2750.2261   14.9978
    0.0000   -7.5000   15.0000 2795.0894   14.7286
    7.5000   -7.5000   15.0000 2756.1729   14.9640
   -7.5000    0.0000   15.0000 2816.3352   14.8623
    0.0000    0.0000   15.0000 2865.7319   14.5883
    7.5000    0.0000   15.0000 2820.9016   14.8199
   -7.5000    7.5000   15.0000 2876.0222   14.9307
    0.0000    7.5000   15.0000 2941.8503   14.6667
    7.5000    7.5000   15.0000 2880.7292   14.8666
   -7.5000   15.0000   15.0000 2912.2498   15.0907
    0.0000   15.0000   15.0000 2981.4282   14.7986
    7.5000   15.0000   15.0000 2909.7966   15.0391
   -7.5000   22.5000   15.0000 2876.5310   15.4085
    0.0000   22.5000   15.0000 2936.7407   15.1355
    7.5000   22.5000   15.0000 2880.0188   15.3809
   -7.5000   30.0000   15.0000 2791.8203   15.9970
    0.0000   30.0000   15.0000 2830.4436   15.8340
    7.5000   30.0000   15.0000 2792.6731   16.0419
   -7.5000   37.5000   15.0000 2696.9177   16.8798
    0.0000   37.5000   15.0000 2719.9150   16.7591
    7.5000   37.5000   15.0000 2692.0237   16.9442
   -7.5000   45.0000   15.0000 2579.3572   18.2096
    0.0000   45.0000   15.0000 2594.0994   18.0957
    7.5000   45.0000   15.0000 2569.2375   18.2962
   -7.5000  -45.0000   22.5000 2472.6655   19.3314
    0.0000  -45.0000   22.5000 2521.0198   19.0260
    7.5000  -45.0000   22.5000 2500.3877   19.2648
   -7.5000  -37.5000   22.5000 2526.8809   18.0434
    0.0000  -37.5000   22.5000 2573.4746   17.7175
    7.5000  -37.5000   22.5000 2553.1736   17.9317
   -7.5000  -30.0000   22.5000 2565.3374   17.0598
    0.0000  -30.0000   22.5000 2605.3308   16.7606
    7.5000  -30.0000   22.5000 2588.1282   16.9390
   -7.5000  -22.5000   22.5000 2606.0322   16.3016
    0.0000  -22.5000   22.5000 2646.7649   16.0412
    7.5000  -22.5000   22.5000 2628.4365   16.2052
   -7.5000  -15.0000   22.5000 2650.2615   15.7158
    0.0000  -15.0000   22.5000 2694.5020   15.4748
    7.5000  -15.0000   22.5000 2674.0984   15.6530
   -7.5000   -7.5000   22.5000 2714.9331   15.3387
    0.0000   -7.5000   22.5000 2757.0327   15.1001
    7.5000   -7.5000   22.5000 2730.1233   15.2749
   -7.5000    0.0000   22.5000 2777.1689   15.1701
    0.0000    0.0000   22.5000 2820.6384   14.9469
    7.5000    0.0000   22.5000 2790.6738   15.1276
   -7.5000    7.5000   22.5000 2827.6858   15.2124
    0.0000    7.5000   22.5000 2879.0925   14.9335
    7.5000    7.5000   22.5000 2834.3340   15.1482
   -7.5000   15.0000   22.5000 2851.5652   15.3791
    0.0000   15.0000   22.5000 2903.4216   15.0745
    7.5000   15.0000   22.5000 2852.0459   15.3135
   -7.5000   22.5000   22.5000 2821.8213   15.7200
    0.0000   22.5000   22.5000 2878.2292   15.4700
    7.5000   22.5000   22.5000 2830.5632   15.6860
   -7.5000   30.0000   22.5000 2743.4031   16.3829
    0.0000   30.0000   22.5000 2789.0132   16.2379
    7.5000   30.0000   22.5000 2753.4675   16.3872
   -7.5000   37.5000   22.5000 2641.3242   17.3250
    0.0000   37.5000   22.5000 2671.4795   17.1987
    7.5000   37.5000   22.5000 2644.9229   17.3554
   -7.5000   45.0000   22.5000 2532.6375   18.5924
    0.0000   45.0000   22.5000 2562.1443   18.4601
    7.5000   45.0000   22.5000 2533.9253   18.6505
   -7.5000  -45.0000   30.0000 2421.1145   19.9107
    0.0000  -45.0000   30.0000 2454.9827   19.5953
    7.5000  -45.0000   30.0000 2447.4487   19.8196
   -7.5000  -37.5000   30.0000 2475.2424   18.6331
    0.0000  -37.5000   30.0000 2517.4031   18.2947
    7.5000  -37.5000   30.0000 2506.6296   18.4833
   -7.5000  -30.0000   30.0000 2520.2849   17.6290
    0.0000  -30.0000   30.0000 2563.2864   17.3280
    7.5000  -30.0000   30.0000 2549.1431   17.4996
   -7.5000  -22.5000   30.0000 2567.2158   16.8909
    0.0000  -22.5000   30.0000 2609.4412   16.6184
    7.5000  -22.5000   30.0000 2593.5762   16.7392
   -7.5000  -15.0000   30.0000 2609.0115   16.3085
    0.0000  -15.0000   30.0000 2658.2747   16.0671
    7.5000  -15.0000   30.0000 2635.5059   16.1958
   -7.5000   -7.5000   30.0000 2666.5715   15.9137
    0.0000   -7.5000   30.0000 2715.6946   15.6983
    7.5000   -7.5000   30.0000 2689.1953   15.8357
   -7.5000    0.0000   30.0000 2717.7585   15.7436
    0.0000    0.0000   30.0000 2767.8877   15.4948
    7.5000    0.0000   30.0000 2736.9016   15.6487
   -7.5000    7.5000   30.0000 2755.3906   15.7387
    0.0000    7.5000   30.0000 2804.3076   15.4392
    7.5000    7.5000   30.0000 2766.9270   15.6252
   -7.5000   15.0000   30.0000 2764.3879   15.9320
    0.0000   15.0000   30.0000 2810.4958   15.6451
    7.5000   15.0000   30.0000 2770.5310   15.8395
   -7.5000   22.5000   30.0000 2740.0815   16.3385
    0.0000   22.5000   30.0000 2789.1638   16.1036
    7.5000   22.5000   30.0000 2749.7764   16.2777
   -7.5000   30.0000   30.0000 2669.0208   17.0335
    0.0000   30.0000   30.0000 2710.6931   16.8655
    7.5000   30.0000   30.0000 2681.8447   17.0061
   -7.5000   37.5000   30.0000 2582.5662   18.0145
    0.0000   37.5000   30.0000 2612.0352   17.8581
    7.5000   37.5000   30.0000 2586.9502   17.9738
   -7.5000   45.0000   30.0000 2476.9841   19.2541
    0.0000   45.0000   30.0000 2506.9719   19.0894
    7.5000   45.0000   30.0000 2484.6187   19.2396
   -7.5000  -45.0000   37.5000 2364.5481   20.8191
    0.0000  -45.0000   37.5000 2394.8262   20.4898
    7.5000  -45.0000   37.5000 2393.7019   20.7158
   -7.5000  -37.5000   37.5000 2419.6594   19.4789
    0.0000  -37.5000   37.5000 2453.0098   19.1036
    7.5000  -37.5000   37.5000 2444.9990   19.2835
   -7.5000  -30.0000   37.5000 2468.5173   18.4828
    0.0000  -30.0000   37.5000 2505.2957   18.1367
    7.5000  -30.0000   37.5000 2493.6631   18.2996
   -7.5000  -22.5000   37.5000 2521.6233   17.7370
    0.0000  -22.5000   37.5000 2562.2759   17.4442
    7.5000  -22.5000   37.5000 2549.4282   17.5787
   -7.5000  -15.0000   37.5000 2562.8447   17.1896
    0.0000  -15.0000   37.5000 2608.5408   16.9103
    7.5000  -15.0000   37.5000 2588.0955   17.0373
   -7.5000   -7.5000   37.5000 2608.1355   16.7855
    0.0000   -7.5000   37.5000 2660.5012   16.5474
    7.5000   -7.5000   37.5000 2632.8699   16.6729
   -7.5000    0.0000   37.5000 2647.5356   16.5983
    0.0000    0.0000   37.5000 2703.0918   16.3507
    7.5000    0.0000   37.5000 2672.4397   16.4615
   -7.5000    7.5000   37.5000 2676.4834   16.5603
    0.0000    7.5000   37.5000 2726.2842   16.2872
    7.5000    7.5000   37.5000 2692.4409   16.4550
   -7.5000   15.0000   37.5000 2673.8662   16.7576
    0.0000   15.0000   37.5000 2711.9185   16.5085
    7.5000   15.0000   37.5000 2682.6677   16.6802
   -7.5000   22.5000   37.5000 2645.8542   17.2324
    0.0000   22.5000   37.5000 2688.6748   16.9865
    7.5000   22.5000   37.5000 2657.6384   17.1502
   -7.5000   30.0000   37.5000 2577.9946   17.9389
    0.0000   30.0000   37.5000 2621.9766   17.7367
    7.5000   30.0000   37.5000 2600.5078   17.8753
   -7.5000   37.5000   37.5000 2507.5459   18.8848
    0.0000   37.5000   37.5000 2539.2283   18.6884
    7.5000   37.5000   37.5000 2514.4983   18.8069
   -7.5000   45.0000   37.5000 2407.4856   20.0704
    0.0000   45.0000   37.5000 2439.8928   19.9248
    7.5000   45.0000   37.5000 2415.4871   20.0531
   -7.5000  -45.0000   45.0000 2301.4568   22.0613
    0.0000  -45.0000   45.0000 2338.7549   21.7190
    7.5000  -45.0000   45.0000 2330.1472   21.9084
   -7.5000  -37.5000   45.0000 2354.4143   20.5735
    0.0000  -37.5000   45.0000 2393.6094   20.2145
    7.5000  -37.5000   45.0000 2385.6548   20.3859
   -7.5000  -30.0000   45.0000 2407.9062   19.5932
    0.0000  -30.0000   45.0000 2449.8711   19.2473
    7.5000  -30.0000   45.0000 2435.6650   19.3287
   -7.5000  -22.5000   45.0000 2458.7097   18.8031
    0.0000  -22.5000   45.0000 2501.8689   18.5534
    7.5000  -22.5000   45.0000 2489.8896   18.6099
   -7.5000  -15.0000   45.0000 2498.6531   18.2529
    0.0000  -15.0000   45.0000 2540.2771   17.9950
    7.5000  -15.0000   45.0000 2523.0017   18.0833
   -7.5000   -7.5000   45.0000 2535.3171   17.8910
    0.0000   -7.5000   45.0000 2578.0994   17.6502
    7.5000   -7.5000   45.0000 2559.4563   17.7493
   -7.5000    0.0000   45.0000 2566.7278   17.6640
    0.0000    0.0000   45.0000 2614.6084   17.4350
    7.5000    0.0000   45.0000 2590.7686   17.5779
   -7.5000    7.5000   45.0000 2585.5452   17.6680
    0.0000    7.5000   45.0000 2628.1072   17.4345
    7.5000    7.5000   45.0000 2602.3982   17.5548
   -7.5000   15.0000   45.0000 2574.3892   17.9158
    0.0000   15.0000   45.0000 2608.9565   17.6990
    7.5000   15.0000   45.0000 2586.5005   17.8318
   -7.5000   22.5000   45.0000 2545.7500   18.3876
    0.0000   22.5000   45.0000 2578.6284   18.1882
    7.5000   22.5000   45.0000 2556.8816   18.3275
   -7.5000   30.0000   45.0000 2493.1445   19.0554
    0.0000   30.0000   45.0000 2531.1072   18.8540
    7.5000   30.0000   45.0000 2511.0720   18.9687
   -7.5000   37.5000   45.0000 2424.1628   19.9767
    0.0000   37.5000   45.0000 2458.9504   19.7684
    7.5000   37.5000   45.0000 2438.8337   19.8712
   -7.5000   45.0000   45.0000 2332.8066   21.1694
    0.0000   45.0000   45.0000 2361.9321   20.9718
    7.5000   45.0000   45.0000 2341.5806   21.1094

---------------------------------------------------------------------
imgreg_4dfp /opt/freesurfer/average/711-2C_as_mni_average_305 /opt/freesurfer/average/711-2B_as_mni_average_305_mask talsrcimg_g11 none talsrcimg_to_711-2C_as_mni_average_305_t4 1283
---------------------------------------------------------------------

freesurfer imgreg_4dfp.c
/opt/freesurfer/average/711-2C_as_mni_average_305.4dfp.img
       256       256       256         1
  1.000000  1.000000  1.000000
orientation T byte_order littleendian
Reading image: /opt/freesurfer/average/711-2C_as_mni_average_305.4dfp.img
dimensions:      256       256       256
mmppix:       1.0000   -1.0000   -1.0000
center:     128.0000 -129.0000 -129.0000
/opt/freesurfer/average/711-2B_as_mni_average_305_mask.4dfp.img
       256       256       256         1
  1.000000  1.000000  1.000000
orientation T byte_order littleendian
Reading mask: /opt/freesurfer/average/711-2B_as_mni_average_305_mask.4dfp.img (2306576 pixels)
talsrcimg_g11.4dfp.img
       256       256       256         1
  1.000000  1.000000  1.000000
orientation T byte_order littleendian
Reading image: talsrcimg_g11.4dfp.img
dimensions:      256       256       256
mmppix:       1.0000   -1.0000   -1.0000
center:     128.0000 -129.0000 -129.0000
rotation matrix determinant  1.000000
fimgreg.f
image alignment mode   1283 decimal      503 hex
parameters
    0.0000   15.0000    7.5000    0.0000    0.0000    0.0000
eta,q 0.94273 14.83611
niter,ni,del,rscale     5    3   12.0000    1.2000
parameter  4  0.853752 ->  0.500000 qaram    1.1500
parameters
    0.0007   15.3429    9.4004   -3.4500   -1.4140    0.0956
eta,q 0.94813 14.98504
  0.0750  0.0677  0.0705  0.0529  0.0587  0.0586
  0.0655  0.0630  0.0653  0.0528  0.0539  0.0549
  0.0599  0.0600  0.0603  0.0536  0.0520  0.0525
  0.0574  0.0574  0.0569  0.0559  0.0527  0.0519
  0.0596  0.0577  0.0559  0.0597  0.0558  0.0522
  0.0660  0.0605  0.0566  0.0637  0.0616  0.0540
  0.0747  0.0667  0.0608  0.0685  0.0674  0.0586
niter,ni,del,rscale     5    3   12.0000    1.2000
parameters
    0.4833   16.5988    8.7185   -5.9275   -1.6293    0.3728
eta,q 0.95094 14.95172
  0.0740  0.0717  0.0591  0.0529  0.0600  0.0576
  0.0640  0.0629  0.0546  0.0496  0.0543  0.0530
  0.0564  0.0556  0.0512  0.0491  0.0503  0.0501
  0.0519  0.0516  0.0508  0.0506  0.0491  0.0491
  0.0531  0.0508  0.0528  0.0533  0.0508  0.0494
  0.0596  0.0535  0.0576  0.0571  0.0555  0.0516
  0.0686  0.0606  0.0643  0.0626  0.0616  0.0565
niter,ni,del,rscale     4    3   12.0000    1.2000
parameters
    0.3519   17.1660    7.9652   -6.2598   -1.4731    0.4222
eta,q 0.95219 14.94719
  0.0695  0.0678  0.0585  0.0573  0.0600  0.0564
  0.0587  0.0580  0.0520  0.0517  0.0542  0.0515
  0.0515  0.0517  0.0477  0.0484  0.0498  0.0486
  0.0491  0.0491  0.0488  0.0479  0.0479  0.0478
  0.0527  0.0496  0.0526  0.0505  0.0488  0.0485
  0.0608  0.0545  0.0570  0.0541  0.0531  0.0511
  0.0705  0.0616  0.0626  0.0578  0.0592  0.0563
niter,ni,del,rscale     3    3   12.0000    1.2000
parameters
    0.2600   17.2903    7.8452   -6.4207   -1.4122    0.4193
eta,q 0.95232 14.94013
  0.0695  0.0652  0.0610  0.0577  0.0595  0.0562
  0.0584  0.0554  0.0539  0.0522  0.0538  0.0513
  0.0507  0.0496  0.0484  0.0484  0.0496  0.0485
  0.0478  0.0478  0.0478  0.0477  0.0477  0.0477
  0.0514  0.0497  0.0511  0.0500  0.0488  0.0484
  0.0600  0.0558  0.0554  0.0538  0.0532  0.0511
  0.0703  0.0629  0.0606  0.0576  0.0594  0.0564
niter,ni,del,rscale     2    3   12.0000    1.2000
parameters
    0.2362   17.3402    7.8010   -6.4844   -1.3960    0.4215
eta,q 0.95236 14.93783
  0.0700  0.0649  0.0614  0.0580  0.0593  0.0562
  0.0588  0.0550  0.0541  0.0526  0.0536  0.0513
  0.0508  0.0493  0.0484  0.0485  0.0494  0.0484
  0.0477  0.0477  0.0477  0.0476  0.0476  0.0476
  0.0510  0.0498  0.0509  0.0497  0.0489  0.0484
  0.0595  0.0562  0.0552  0.0536  0.0533  0.0511
  0.0699  0.0631  0.0604  0.0574  0.0595  0.0563
registration optimization eta report
parameter search radius
    6.0000    6.0000    6.0000    6.9000    6.0000    6.0000
100000*second partial in parameter space
       60.       45.       36.       21.       32.       24.
  0.0700  0.0649  0.0614  0.0580  0.0593  0.0562
  0.0588  0.0550  0.0541  0.0526  0.0536  0.0513
  0.0508  0.0493  0.0484  0.0485  0.0494  0.0484
  0.0477  0.0477  0.0477  0.0476  0.0476  0.0476
  0.0510  0.0498  0.0509  0.0497  0.0489  0.0484
  0.0595  0.0562  0.0552  0.0536  0.0533  0.0511
  0.0699  0.0631  0.0604  0.0574  0.0595  0.0563
    0.2362   17.3402    7.8010   -6.4844   -1.3960    0.4215
eta,q 0.95236 14.93783

---------------------------------------------------------------------
imgreg_4dfp /opt/freesurfer/average/711-2C_as_mni_average_305 /opt/freesurfer/average/711-2B_as_mni_average_305_mask talsrcimg_g11 none talsrcimg_to_711-2C_as_mni_average_305_t4 3335
---------------------------------------------------------------------

freesurfer imgreg_4dfp.c
/opt/freesurfer/average/711-2C_as_mni_average_305.4dfp.img
       256       256       256         1
  1.000000  1.000000  1.000000
orientation T byte_order littleendian
Reading image: /opt/freesurfer/average/711-2C_as_mni_average_305.4dfp.img
dimensions:      256       256       256
mmppix:       1.0000   -1.0000   -1.0000
center:     128.0000 -129.0000 -129.0000
/opt/freesurfer/average/711-2B_as_mni_average_305_mask.4dfp.img
       256       256       256         1
  1.000000  1.000000  1.000000
orientation T byte_order littleendian
Reading mask: /opt/freesurfer/average/711-2B_as_mni_average_305_mask.4dfp.img (2306576 pixels)
talsrcimg_g11.4dfp.img
       256       256       256         1
  1.000000  1.000000  1.000000
orientation T byte_order littleendian
Reading image: talsrcimg_g11.4dfp.img
dimensions:      256       256       256
mmppix:       1.0000   -1.0000   -1.0000
center:     128.0000 -129.0000 -129.0000
fimgreg.f
image alignment mode   3335 decimal      D07 hex
parameters
    0.2362   17.3402    7.8010   -0.0324   -0.6445   -0.6692
   -1.0061    2.3375    0.7355   11.3108   -2.4362  -11.2900
eta,q 0.95278 14.82878
niter,ni,del,rscale     5    3    5.0000    1.2000
parameter  4  1.825027 ->  0.500000 qaram    1.1500
parameter  5  0.932342 ->  0.500000 qaram    1.1500
parameter  6  0.575687 ->  0.500000 qaram    1.1500
parameters
    0.3682   17.6031    7.9390   -4.1724   -4.7845   -4.8092
   -1.8898    3.9570    0.5051    8.2015   -0.4465  -11.6084
eta,q 0.96197 14.16562
  0.0516  0.0504  0.0503  0.0395  0.0399  0.0394  0.0419  0.0467  0.0400  0.0391  0.0402  0.0397
  0.0492  0.0488  0.0487  0.0413  0.0400  0.0390  0.0401  0.0431  0.0392  0.0383  0.0393  0.0388
  0.0478  0.0477  0.0476  0.0441  0.0407  0.0391  0.0391  0.0404  0.0388  0.0381  0.0385  0.0382
  0.0472  0.0472  0.0472  0.0472  0.0420  0.0402  0.0390  0.0389  0.0386  0.0386  0.0381  0.0380
  0.0475  0.0473  0.0474  0.0508  0.0438  0.0426  0.0398  0.0387  0.0388  0.0398  0.0380  0.0383
  0.0487  0.0480  0.0483  0.0554  0.0462  0.0465  0.0414  0.0398  0.0393  0.0416  0.0383  0.0390
  0.0507  0.0492  0.0497  0.0604  0.0491  0.0511  0.0436  0.0420  0.0402  0.0438  0.0387  0.0401
niter,ni,del,rscale     7    3    5.0000    1.2000
parameter  4  0.974802 ->  0.500000 qaram    1.3225
parameters
    0.5580   17.9108    7.9391   -8.9334   -6.9739   -6.4420
   -1.5732    3.8985    0.4649    7.9793   -0.8986  -12.3654
eta,q 0.96557 13.67882
  0.0432  0.0414  0.0401  0.0343  0.0364  0.0367  0.0386  0.0397  0.0363  0.0374  0.0356  0.0359
  0.0406  0.0397  0.0389  0.0347  0.0350  0.0353  0.0365  0.0368  0.0353  0.0356  0.0349  0.0351
  0.0388  0.0386  0.0381  0.0357  0.0346  0.0345  0.0351  0.0350  0.0347  0.0347  0.0346  0.0346
  0.0380  0.0380  0.0379  0.0379  0.0349  0.0346  0.0345  0.0345  0.0345  0.0345  0.0345  0.0345
  0.0382  0.0380  0.0382  0.0411  0.0358  0.0352  0.0348  0.0351  0.0347  0.0349  0.0347  0.0348
  0.0396  0.0387  0.0389  0.0448  0.0373  0.0369  0.0360  0.0370  0.0353  0.0360  0.0352  0.0356
  0.0419  0.0401  0.0400  0.0495  0.0395  0.0404  0.0380  0.0398  0.0364  0.0376  0.0359  0.0367
niter,ni,del,rscale     7    3    5.0000    1.2000
parameters
    0.6263   18.1884    7.9709  -13.5327   -7.3703   -7.0766
   -1.6631    3.7504    0.4211    8.1436   -1.2957  -13.0502
eta,q 0.96666 13.28995
  0.0392  0.0380  0.0366  0.0344  0.0364  0.0364  0.0372  0.0386  0.0355  0.0367  0.0346  0.0349
  0.0367  0.0362  0.0354  0.0335  0.0347  0.0346  0.0352  0.0358  0.0343  0.0348  0.0339  0.0340
  0.0351  0.0350  0.0346  0.0335  0.0336  0.0336  0.0338  0.0340  0.0336  0.0337  0.0335  0.0335
  0.0344  0.0344  0.0344  0.0344  0.0334  0.0334  0.0334  0.0334  0.0334  0.0334  0.0334  0.0334
  0.0348  0.0345  0.0346  0.0361  0.0340  0.0340  0.0339  0.0341  0.0336  0.0337  0.0336  0.0338
  0.0363  0.0353  0.0353  0.0393  0.0352  0.0352  0.0353  0.0362  0.0344  0.0348  0.0341  0.0345
  0.0388  0.0367  0.0364  0.0432  0.0368  0.0376  0.0373  0.0390  0.0355  0.0363  0.0349  0.0355
niter,ni,del,rscale     6    3    5.0000    1.2000
parameters
    0.5343   18.3750    7.9247  -13.8423   -7.5416   -7.1459
   -1.6603    3.6525    0.5055    8.4819   -1.2534  -13.4067
eta,q 0.96671 13.25898
  0.0376  0.0368  0.0354  0.0371  0.0364  0.0368  0.0372  0.0386  0.0355  0.0368  0.0347  0.0350
  0.0352  0.0350  0.0342  0.0349  0.0347  0.0349  0.0351  0.0358  0.0343  0.0349  0.0339  0.0340
  0.0337  0.0339  0.0335  0.0336  0.0336  0.0337  0.0338  0.0339  0.0336  0.0337  0.0335  0.0335
  0.0333  0.0333  0.0333  0.0333  0.0333  0.0333  0.0333  0.0333  0.0333  0.0333  0.0333  0.0333
  0.0340  0.0335  0.0336  0.0339  0.0338  0.0338  0.0338  0.0340  0.0335  0.0336  0.0334  0.0336
  0.0357  0.0344  0.0344  0.0352  0.0350  0.0348  0.0351  0.0360  0.0343  0.0346  0.0339  0.0343
  0.0383  0.0359  0.0355  0.0377  0.0365  0.0370  0.0372  0.0389  0.0354  0.0361  0.0347  0.0353
niter,ni,del,rscale     5    3    5.0000    1.2000
parameters
    0.4998   18.4617    7.8784  -13.8828   -7.6217   -7.1584
   -1.6565    3.5994    0.5147    8.6821   -1.2220  -13.5985
eta,q 0.96672 13.25468
  0.0378  0.0365  0.0353  0.0374  0.0364  0.0368  0.0372  0.0386  0.0354  0.0366  0.0347  0.0350
  0.0353  0.0348  0.0342  0.0351  0.0347  0.0349  0.0351  0.0358  0.0343  0.0348  0.0339  0.0341
  0.0338  0.0337  0.0335  0.0337  0.0336  0.0336  0.0337  0.0339  0.0336  0.0336  0.0335  0.0335
  0.0333  0.0333  0.0333  0.0333  0.0333  0.0333  0.0333  0.0333  0.0333  0.0333  0.0333  0.0333
  0.0339  0.0336  0.0336  0.0338  0.0338  0.0338  0.0338  0.0340  0.0335  0.0336  0.0334  0.0336
  0.0355  0.0346  0.0343  0.0351  0.0349  0.0348  0.0351  0.0359  0.0343  0.0347  0.0339  0.0342
  0.0380  0.0361  0.0354  0.0374  0.0365  0.0369  0.0371  0.0388  0.0354  0.0361  0.0347  0.0352
niter,ni,del,rscale     4    3    5.0000    1.2000
parameters
    0.4845   18.5088    7.8564  -13.9078   -7.6677   -7.1673
   -1.6536    3.5727    0.5160    8.7935   -1.2051  -13.6959
eta,q 0.96672 13.25173
  0.0379  0.0364  0.0353  0.0374  0.0365  0.0368  0.0372  0.0387  0.0354  0.0365  0.0347  0.0351
  0.0354  0.0347  0.0342  0.0351  0.0347  0.0349  0.0351  0.0358  0.0343  0.0347  0.0339  0.0341
  0.0338  0.0337  0.0335  0.0337  0.0336  0.0336  0.0337  0.0339  0.0336  0.0336  0.0334  0.0335
  0.0333  0.0333  0.0333  0.0333  0.0333  0.0333  0.0333  0.0333  0.0333  0.0333  0.0333  0.0333
  0.0339  0.0336  0.0336  0.0338  0.0338  0.0338  0.0338  0.0339  0.0335  0.0337  0.0334  0.0335
  0.0355  0.0346  0.0343  0.0351  0.0349  0.0348  0.0351  0.0359  0.0343  0.0347  0.0339  0.0342
  0.0380  0.0362  0.0354  0.0374  0.0364  0.0369  0.0371  0.0387  0.0354  0.0362  0.0347  0.0352
niter,ni,del,rscale     3    3    5.0000    1.2000
parameters
    0.4771   18.5338    7.8431  -13.9186   -7.6925   -7.1746
   -1.6504    3.5600    0.5217    8.8507   -1.1972  -13.7452
eta,q 0.96671 13.25013
  0.0379  0.0364  0.0354  0.0374  0.0365  0.0368  0.0372  0.0387  0.0354  0.0364  0.0347  0.0351
  0.0354  0.0347  0.0342  0.0351  0.0347  0.0349  0.0351  0.0358  0.0343  0.0347  0.0339  0.0341
  0.0338  0.0336  0.0335  0.0337  0.0336  0.0336  0.0337  0.0339  0.0336  0.0336  0.0335  0.0335
  0.0333  0.0333  0.0333  0.0333  0.0333  0.0333  0.0333  0.0333  0.0333  0.0333  0.0333  0.0333
  0.0338  0.0336  0.0335  0.0338  0.0337  0.0338  0.0338  0.0339  0.0335  0.0337  0.0334  0.0335
  0.0354  0.0346  0.0343  0.0351  0.0349  0.0348  0.0351  0.0359  0.0343  0.0348  0.0339  0.0342
  0.0379  0.0362  0.0354  0.0374  0.0364  0.0369  0.0371  0.0387  0.0354  0.0362  0.0347  0.0351
niter,ni,del,rscale     2    3    5.0000    1.2000
parameters
    0.4732   18.5492    7.8363  -13.9269   -7.7063   -7.1806
   -1.6477    3.5540    0.5185    8.8841   -1.1948  -13.7818
eta,q 0.96671 13.24898
  0.0379  0.0363  0.0354  0.0374  0.0365  0.0368  0.0372  0.0387  0.0354  0.0364  0.0347  0.0351
  0.0354  0.0347  0.0342  0.0351  0.0348  0.0349  0.0351  0.0358  0.0343  0.0347  0.0339  0.0341
  0.0338  0.0336  0.0335  0.0337  0.0336  0.0336  0.0337  0.0339  0.0336  0.0336  0.0335  0.0335
  0.0333  0.0333  0.0333  0.0333  0.0333  0.0333  0.0333  0.0333  0.0333  0.0333  0.0333  0.0333
  0.0338  0.0337  0.0335  0.0338  0.0337  0.0338  0.0338  0.0339  0.0335  0.0337  0.0334  0.0335
  0.0354  0.0347  0.0343  0.0351  0.0348  0.0348  0.0351  0.0359  0.0343  0.0348  0.0339  0.0342
  0.0379  0.0362  0.0354  0.0374  0.0364  0.0368  0.0371  0.0387  0.0354  0.0362  0.0347  0.0351
registration optimization eta report
parameter search radius
    2.4000    2.4000    2.4000    9.5220    8.2800    8.2800
    7.2000    7.2000    7.2000    7.2000    7.2000    7.2000
100000*second partial in parameter space
       80.       52.       36.        5.        5.        5.
        7.       10.        4.        6.        3.        3.
  0.0379  0.0363  0.0354  0.0374  0.0365  0.0368  0.0372  0.0387  0.0354  0.0364  0.0347  0.0351
  0.0354  0.0347  0.0342  0.0351  0.0348  0.0349  0.0351  0.0358  0.0343  0.0347  0.0339  0.0341
  0.0338  0.0336  0.0335  0.0337  0.0336  0.0336  0.0337  0.0339  0.0336  0.0336  0.0335  0.0335
  0.0333  0.0333  0.0333  0.0333  0.0333  0.0333  0.0333  0.0333  0.0333  0.0333  0.0333  0.0333
  0.0338  0.0337  0.0335  0.0338  0.0337  0.0338  0.0338  0.0339  0.0335  0.0337  0.0334  0.0335
  0.0354  0.0347  0.0343  0.0351  0.0348  0.0348  0.0351  0.0359  0.0343  0.0348  0.0339  0.0342
  0.0379  0.0362  0.0354  0.0374  0.0364  0.0368  0.0371  0.0387  0.0354  0.0362  0.0347  0.0351
    0.4732   18.5492    7.8363  -13.9269   -7.7063   -7.1806
   -1.6477    3.5540    0.5185    8.8841   -1.1948  -13.7818
eta,q 0.96671 13.24898

---------------------------------------------------------------------
imgreg_4dfp /opt/freesurfer/average/711-2C_as_mni_average_305 /opt/freesurfer/average/711-2B_as_mni_average_305_mask talsrcimg_g11 none talsrcimg_to_711-2C_as_mni_average_305_t4 2311
---------------------------------------------------------------------

freesurfer imgreg_4dfp.c
/opt/freesurfer/average/711-2C_as_mni_average_305.4dfp.img
       256       256       256         1
  1.000000  1.000000  1.000000
orientation T byte_order littleendian
Reading image: /opt/freesurfer/average/711-2C_as_mni_average_305.4dfp.img
dimensions:      256       256       256
mmppix:       1.0000   -1.0000   -1.0000
center:     128.0000 -129.0000 -129.0000
/opt/freesurfer/average/711-2B_as_mni_average_305_mask.4dfp.img
       256       256       256         1
  1.000000  1.000000  1.000000
orientation T byte_order littleendian
Reading mask: /opt/freesurfer/average/711-2B_as_mni_average_305_mask.4dfp.img (2306576 pixels)
talsrcimg_g11.4dfp.img
       256       256       256         1
  1.000000  1.000000  1.000000
orientation T byte_order littleendian
Reading image: talsrcimg_g11.4dfp.img
dimensions:      256       256       256
mmppix:       1.0000   -1.0000   -1.0000
center:     128.0000 -129.0000 -129.0000
fimgreg.f
image alignment mode   2311 decimal      907 hex
parameters
    0.4732   18.5492    7.8363  -13.9269   -7.7063   -7.1806
   -1.6477    3.5540    0.5185    8.8841   -1.1948  -13.7818
eta,q 0.96671 13.24898
niter,ni,del,rscale     5    3    5.0000    0.8000
parameters
    0.4663   18.5382    7.8147  -14.0108   -7.8341   -7.2940
   -1.6795    3.5441    0.5527    8.7112   -1.1150  -13.8346
eta,q 0.96673 13.22229
  0.0354  0.0347  0.0342  0.0343  0.0344  0.0345  0.0351  0.0358  0.0343  0.0346  0.0339  0.0341
  0.0342  0.0339  0.0337  0.0337  0.0338  0.0338  0.0341  0.0344  0.0337  0.0338  0.0336  0.0337
  0.0335  0.0334  0.0334  0.0334  0.0334  0.0333  0.0335  0.0336  0.0334  0.0334  0.0333  0.0334
  0.0333  0.0333  0.0333  0.0333  0.0333  0.0333  0.0333  0.0333  0.0333  0.0333  0.0333  0.0333
  0.0335  0.0335  0.0334  0.0334  0.0335  0.0335  0.0335  0.0335  0.0334  0.0335  0.0333  0.0334
  0.0343  0.0339  0.0337  0.0338  0.0339  0.0339  0.0342  0.0344  0.0337  0.0340  0.0335  0.0337
  0.0354  0.0347  0.0343  0.0343  0.0345  0.0345  0.0351  0.0359  0.0343  0.0348  0.0339  0.0342
niter,ni,del,rscale     4    3    5.0000    0.7000
parameters
    0.4581   18.5197    7.8024  -14.0643   -7.8586   -7.4281
   -1.6915    3.5478    0.5594    8.6549   -1.1037  -13.8354
eta,q 0.96674 13.20502
  0.0349  0.0343  0.0340  0.0341  0.0342  0.0342  0.0347  0.0353  0.0340  0.0344  0.0337  0.0339
  0.0340  0.0337  0.0336  0.0336  0.0337  0.0336  0.0339  0.0342  0.0336  0.0337  0.0335  0.0336
  0.0334  0.0334  0.0333  0.0333  0.0333  0.0333  0.0334  0.0335  0.0334  0.0334  0.0333  0.0334
  0.0333  0.0333  0.0333  0.0333  0.0333  0.0333  0.0333  0.0333  0.0333  0.0333  0.0333  0.0333
  0.0335  0.0334  0.0334  0.0334  0.0334  0.0334  0.0334  0.0335  0.0333  0.0334  0.0333  0.0333
  0.0340  0.0338  0.0336  0.0336  0.0337  0.0338  0.0339  0.0341  0.0336  0.0338  0.0335  0.0336
  0.0349  0.0344  0.0340  0.0341  0.0342  0.0342  0.0347  0.0353  0.0340  0.0344  0.0337  0.0339
niter,ni,del,rscale     3    3    5.0000    0.6000
parameters
    0.4554   18.5118    7.7682  -14.0957   -7.8695   -7.5586
   -1.7123    3.5567    0.5811    8.6212   -1.0970  -13.8383
eta,q 0.96675 13.19138
  0.0345  0.0340  0.0338  0.0338  0.0339  0.0340  0.0343  0.0347  0.0338  0.0341  0.0336  0.0337
  0.0338  0.0336  0.0335  0.0335  0.0336  0.0335  0.0337  0.0339  0.0335  0.0336  0.0334  0.0335
  0.0334  0.0333  0.0333  0.0333  0.0333  0.0333  0.0334  0.0334  0.0333  0.0333  0.0333  0.0333
  0.0333  0.0333  0.0333  0.0333  0.0333  0.0333  0.0333  0.0333  0.0333  0.0333  0.0332  0.0333
  0.0334  0.0334  0.0333  0.0333  0.0333  0.0334  0.0334  0.0334  0.0333  0.0334  0.0333  0.0333
  0.0338  0.0336  0.0335  0.0335  0.0336  0.0337  0.0338  0.0339  0.0335  0.0336  0.0334  0.0335
  0.0345  0.0341  0.0338  0.0338  0.0339  0.0340  0.0343  0.0347  0.0338  0.0341  0.0336  0.0338
niter,ni,del,rscale     2    3    5.0000    0.5000
parameters
    0.4546   18.5063    7.7335  -14.1477   -7.8689   -7.6838
   -1.7279    3.5640    0.5966    8.5933   -1.0903  -13.8531
eta,q 0.96675 13.17750
  0.0341  0.0338  0.0336  0.0336  0.0337  0.0338  0.0340  0.0343  0.0336  0.0338  0.0335  0.0336
  0.0336  0.0335  0.0334  0.0334  0.0335  0.0335  0.0336  0.0337  0.0334  0.0335  0.0334  0.0334
  0.0333  0.0333  0.0333  0.0333  0.0333  0.0333  0.0333  0.0334  0.0333  0.0333  0.0333  0.0333
  0.0333  0.0333  0.0333  0.0333  0.0332  0.0332  0.0333  0.0333  0.0333  0.0332  0.0332  0.0333
  0.0334  0.0333  0.0333  0.0333  0.0333  0.0333  0.0333  0.0334  0.0333  0.0333  0.0333  0.0333
  0.0336  0.0335  0.0334  0.0334  0.0335  0.0335  0.0336  0.0337  0.0334  0.0335  0.0334  0.0334
  0.0341  0.0338  0.0337  0.0337  0.0337  0.0338  0.0340  0.0343  0.0336  0.0338  0.0335  0.0336
niter,ni,del,rscale     1    3    5.0000    0.4000
parameters
    0.4488   18.5042    7.7069  -14.1733   -7.8710   -7.7829
   -1.7377    3.5713    0.6243    8.5820   -1.1110  -13.8562
eta,q 0.96675 13.16788
  0.0338  0.0336  0.0335  0.0335  0.0336  0.0336  0.0337  0.0339  0.0335  0.0336  0.0334  0.0335
  0.0335  0.0334  0.0333  0.0334  0.0334  0.0334  0.0335  0.0336  0.0334  0.0334  0.0333  0.0334
  0.0333  0.0333  0.0333  0.0333  0.0333  0.0333  0.0333  0.0333  0.0333  0.0333  0.0333  0.0333
  0.0333  0.0332  0.0332  0.0333  0.0332  0.0332  0.0332  0.0332  0.0332  0.0332  0.0332  0.0332
  0.0333  0.0333  0.0333  0.0333  0.0333  0.0333  0.0333  0.0333  0.0333  0.0333  0.0333  0.0333
  0.0335  0.0334  0.0334  0.0334  0.0334  0.0334  0.0335  0.0335  0.0334  0.0334  0.0333  0.0333
  0.0338  0.0336  0.0335  0.0335  0.0335  0.0336  0.0337  0.0339  0.0335  0.0336  0.0334  0.0335
registration optimization eta report
parameter search radius
    0.8000    0.8000    0.8000    2.4000    2.4000    2.4000
    2.4000    2.4000    2.4000    2.4000    2.4000    2.4000
100000*second partial in parameter space
       85.       55.       37.        4.        5.        6.
        9.       12.        4.        7.        3.        4.
  0.0338  0.0336  0.0335  0.0335  0.0336  0.0336  0.0337  0.0339  0.0335  0.0336  0.0334  0.0335
  0.0335  0.0334  0.0333  0.0334  0.0334  0.0334  0.0335  0.0336  0.0334  0.0334  0.0333  0.0334
  0.0333  0.0333  0.0333  0.0333  0.0333  0.0333  0.0333  0.0333  0.0333  0.0333  0.0333  0.0333
  0.0333  0.0332  0.0332  0.0333  0.0332  0.0332  0.0332  0.0332  0.0332  0.0332  0.0332  0.0332
  0.0333  0.0333  0.0333  0.0333  0.0333  0.0333  0.0333  0.0333  0.0333  0.0333  0.0333  0.0333
  0.0335  0.0334  0.0334  0.0334  0.0334  0.0334  0.0335  0.0335  0.0334  0.0334  0.0333  0.0333
  0.0338  0.0336  0.0335  0.0335  0.0335  0.0336  0.0337  0.0339  0.0335  0.0336  0.0334  0.0335
    0.4488   18.5042    7.7069  -14.1733   -7.8710   -7.7829
   -1.7377    3.5713    0.6243    8.5820   -1.1110  -13.8562
eta,q 0.96675 13.16788

---------------------------------------------------------------------
imgreg_4dfp /opt/freesurfer/average/711-2C_as_mni_average_305 /opt/freesurfer/average/711-2B_as_mni_average_305_mask talsrcimg_g11 none talsrcimg_to_711-2C_as_mni_average_305_t4 2311
---------------------------------------------------------------------

freesurfer imgreg_4dfp.c
/opt/freesurfer/average/711-2C_as_mni_average_305.4dfp.img
       256       256       256         1
  1.000000  1.000000  1.000000
orientation T byte_order littleendian
Reading image: /opt/freesurfer/average/711-2C_as_mni_average_305.4dfp.img
dimensions:      256       256       256
mmppix:       1.0000   -1.0000   -1.0000
center:     128.0000 -129.0000 -129.0000
/opt/freesurfer/average/711-2B_as_mni_average_305_mask.4dfp.img
       256       256       256         1
  1.000000  1.000000  1.000000
orientation T byte_order littleendian
Reading mask: /opt/freesurfer/average/711-2B_as_mni_average_305_mask.4dfp.img (2306576 pixels)
talsrcimg_g11.4dfp.img
       256       256       256         1
  1.000000  1.000000  1.000000
orientation T byte_order littleendian
Reading image: talsrcimg_g11.4dfp.img
dimensions:      256       256       256
mmppix:       1.0000   -1.0000   -1.0000
center:     128.0000 -129.0000 -129.0000
fimgreg.f
image alignment mode   2311 decimal      907 hex
parameters
    0.4488   18.5042    7.7069  -14.1733   -7.8710   -7.7829
   -1.7377    3.5713    0.6243    8.5820   -1.1110  -13.8562
eta,q 0.96675 13.16787
niter,ni,del,rscale     5    3    5.0000    0.8000
parameters
    0.4531   18.5249    7.6967  -14.0798   -7.7643   -7.5399
   -1.6980    3.5301    0.5399    8.6916   -1.1129  -13.9198
eta,q 0.96675 13.20273
  0.0354  0.0347  0.0342  0.0344  0.0345  0.0347  0.0351  0.0358  0.0342  0.0348  0.0339  0.0341
  0.0342  0.0339  0.0337  0.0337  0.0338  0.0339  0.0341  0.0344  0.0337  0.0339  0.0335  0.0337
  0.0335  0.0334  0.0333  0.0333  0.0334  0.0334  0.0335  0.0336  0.0334  0.0334  0.0333  0.0334
  0.0332  0.0332  0.0332  0.0332  0.0332  0.0332  0.0333  0.0333  0.0333  0.0333  0.0333  0.0333
  0.0335  0.0334  0.0334  0.0334  0.0334  0.0334  0.0335  0.0335  0.0334  0.0334  0.0333  0.0334
  0.0342  0.0339  0.0337  0.0337  0.0338  0.0338  0.0341  0.0344  0.0337  0.0339  0.0335  0.0337
  0.0354  0.0346  0.0342  0.0343  0.0344  0.0343  0.0351  0.0359  0.0343  0.0346  0.0339  0.0342
niter,ni,del,rscale     4    3    5.0000    0.7000
parameters
    0.4498   18.5240    7.7288  -14.0877   -7.8406   -7.5423
   -1.6949    3.5341    0.5601    8.6758   -1.0991  -13.9015
eta,q 0.96675 13.19644
  0.0349  0.0343  0.0340  0.0341  0.0341  0.0343  0.0347  0.0353  0.0340  0.0344  0.0337  0.0339
  0.0340  0.0337  0.0336  0.0336  0.0336  0.0337  0.0339  0.0342  0.0336  0.0337  0.0335  0.0336
  0.0334  0.0334  0.0334  0.0333  0.0333  0.0333  0.0334  0.0335  0.0334  0.0334  0.0333  0.0334
  0.0332  0.0333  0.0333  0.0333  0.0333  0.0332  0.0333  0.0333  0.0333  0.0333  0.0333  0.0333
  0.0334  0.0334  0.0333  0.0334  0.0334  0.0334  0.0334  0.0335  0.0333  0.0334  0.0333  0.0333
  0.0340  0.0337  0.0336  0.0336  0.0337  0.0338  0.0339  0.0341  0.0336  0.0338  0.0335  0.0336
  0.0349  0.0343  0.0340  0.0340  0.0342  0.0342  0.0347  0.0353  0.0340  0.0344  0.0337  0.0339
niter,ni,del,rscale     3    3    5.0000    0.6000
parameters
    0.4500   18.5208    7.7327  -14.1148   -7.8579   -7.6245
   -1.7081    3.5478    0.5838    8.6422   -1.1014  -13.8956
eta,q 0.96675 13.18636
  0.0345  0.0340  0.0338  0.0338  0.0339  0.0340  0.0343  0.0347  0.0338  0.0341  0.0336  0.0337
  0.0338  0.0336  0.0335  0.0335  0.0335  0.0335  0.0337  0.0339  0.0335  0.0336  0.0334  0.0335
  0.0334  0.0333  0.0333  0.0333  0.0333  0.0333  0.0334  0.0334  0.0333  0.0333  0.0333  0.0333
  0.0332  0.0332  0.0333  0.0333  0.0333  0.0333  0.0333  0.0333  0.0333  0.0333  0.0333  0.0333
  0.0334  0.0334  0.0333  0.0333  0.0333  0.0334  0.0334  0.0334  0.0333  0.0333  0.0333  0.0333
  0.0338  0.0336  0.0335  0.0335  0.0336  0.0337  0.0338  0.0339  0.0335  0.0336  0.0334  0.0335
  0.0345  0.0340  0.0338  0.0338  0.0339  0.0340  0.0343  0.0347  0.0338  0.0341  0.0336  0.0338
niter,ni,del,rscale     2    3    5.0000    0.5000
parameters
    0.4482   18.5157    7.7125  -14.1458   -7.8599   -7.7144
   -1.7266    3.5592    0.6020    8.6073   -1.0934  -13.8819
eta,q 0.96675 13.17641
  0.0341  0.0338  0.0336  0.0337  0.0337  0.0338  0.0340  0.0343  0.0336  0.0338  0.0335  0.0336
  0.0336  0.0335  0.0334  0.0334  0.0335  0.0335  0.0336  0.0337  0.0334  0.0335  0.0334  0.0334
  0.0333  0.0333  0.0333  0.0333  0.0333  0.0333  0.0333  0.0334  0.0333  0.0333  0.0333  0.0333
  0.0332  0.0332  0.0332  0.0333  0.0333  0.0333  0.0332  0.0333  0.0333  0.0332  0.0332  0.0332
  0.0334  0.0333  0.0333  0.0333  0.0333  0.0333  0.0333  0.0334  0.0333  0.0333  0.0333  0.0333
  0.0336  0.0335  0.0334  0.0334  0.0335  0.0335  0.0336  0.0337  0.0334  0.0335  0.0334  0.0334
  0.0341  0.0338  0.0336  0.0337  0.0337  0.0338  0.0340  0.0343  0.0336  0.0338  0.0335  0.0336
niter,ni,del,rscale     1    3    5.0000    0.4000
parameters
    0.4461   18.5102    7.6940  -14.1797   -7.8741   -7.7987
   -1.7407    3.5715    0.6205    8.5940   -1.1116  -13.8685
eta,q 0.96676 13.16630
  0.0338  0.0336  0.0335  0.0335  0.0335  0.0336  0.0337  0.0339  0.0335  0.0336  0.0334  0.0335
  0.0335  0.0334  0.0333  0.0333  0.0334  0.0334  0.0335  0.0336  0.0334  0.0334  0.0333  0.0334
  0.0333  0.0333  0.0333  0.0333  0.0333  0.0333  0.0333  0.0333  0.0333  0.0333  0.0333  0.0333
  0.0332  0.0332  0.0332  0.0332  0.0333  0.0332  0.0332  0.0332  0.0332  0.0332  0.0332  0.0332
  0.0333  0.0333  0.0333  0.0333  0.0333  0.0333  0.0333  0.0333  0.0333  0.0333  0.0333  0.0333
  0.0335  0.0334  0.0334  0.0334  0.0334  0.0334  0.0335  0.0335  0.0334  0.0334  0.0333  0.0333
  0.0338  0.0336  0.0335  0.0335  0.0336  0.0336  0.0337  0.0339  0.0335  0.0336  0.0334  0.0335
registration optimization eta report
parameter search radius
    0.8000    0.8000    0.8000    2.4000    2.4000    2.4000
    2.4000    2.4000    2.4000    2.4000    2.4000    2.4000
100000*second partial in parameter space
       85.       56.       38.        4.        5.        6.
        8.       12.        4.        6.        3.        4.
  0.0338  0.0336  0.0335  0.0335  0.0335  0.0336  0.0337  0.0339  0.0335  0.0336  0.0334  0.0335
  0.0335  0.0334  0.0333  0.0333  0.0334  0.0334  0.0335  0.0336  0.0334  0.0334  0.0333  0.0334
  0.0333  0.0333  0.0333  0.0333  0.0333  0.0333  0.0333  0.0333  0.0333  0.0333  0.0333  0.0333
  0.0332  0.0332  0.0332  0.0332  0.0333  0.0332  0.0332  0.0332  0.0332  0.0332  0.0332  0.0332
  0.0333  0.0333  0.0333  0.0333  0.0333  0.0333  0.0333  0.0333  0.0333  0.0333  0.0333  0.0333
  0.0335  0.0334  0.0334  0.0334  0.0334  0.0334  0.0335  0.0335  0.0334  0.0334  0.0333  0.0333
  0.0338  0.0336  0.0335  0.0335  0.0336  0.0336  0.0337  0.0339  0.0335  0.0336  0.0334  0.0335
    0.4461   18.5102    7.6940  -14.1797   -7.8741   -7.7987
   -1.7407    3.5715    0.6205    8.5940   -1.1116  -13.8685
eta,q 0.96676 13.16630

---------------------------------------------------------------------
compute_vox2vox talsrcimg talsrcimg_to_711-2C_as_mni_average_305_t4 /opt/freesurfer/average/711-2C_as_mni_average_305
---------------------------------------------------------------------

freesurfer compute_vox2vox.c
Reading: talsrcimg.4dfp.ifh
Reading: talsrcimg_to_711-2C_as_mni_average_305_t4
Reading: /opt/freesurfer/average/711-2C_as_mni_average_305.4dfp.ifh
Writing: talsrcimg_to_711-2C_as_mni_average_305_t4_vox2vox.txt

start time Tue Mar 10 03:49:50 CET 2026
end		time Tue Mar 10 03:51:16 CET 2026

mpr2mni305 success

avi2talxfm orig_nu.mgz /opt/freesurfer/average/mni305.cor.mgz talsrcimg_to_711-2C_as_mni_average_305_t4_vox2vox.txt transforms/talairach.auto.xfm
avi2talxfm done
mv -f /out/sourcedata/freesurfer/sub-v1s5x0050733_ses-1/mri/talsrcimg_to_711-2C_as_mni_average_305_t4_vox2vox.txt /out/sourcedata/freesurfer/sub-v1s5x0050733_ses-1/mri/transforms/talsrcimg_to_711-2C_as_mni_average_305_t4_vox2vox.txt
lta_convert --src orig_nu.mgz --trg /opt/freesurfer/average/mni305.cor.mgz --inxfm transforms/talairach.auto.xfm --outlta transforms/talairach.auto.xfm.lta --subject fsaverage
7.3.2

--src: orig_nu.mgz src image (geometry).
--trg: /opt/freesurfer/average/mni305.cor.mgz trg image (geometry).
--inmni: transforms/talairach.auto.xfm input MNI/XFM transform.
--outlta: transforms/talairach.auto.xfm.lta output LTA.
--s: fsaverage subject name
 LTA read, type : 1
 1.16452  -0.04651   0.01500  -1.37015;
 0.01268   1.06907   0.16118  -28.49264;
-0.00903  -0.09941   1.07034   5.59079;
 0.00000   0.00000   0.00000   1.00000;
setting subject to fsaverage
Writing  LTA to file transforms/talairach.auto.xfm.lta...
lta_convert successful.
 
 
Started at Tue Mar 10 03:49:49 CET 2026
Ended   at Tue Mar 10 03:51:17 CET 2026
talairach_avi done
