Log file for defect2seg
Tue Mar 10 07:14:34 CET 2026

setenv SUBJECTS_DIR /out/sourcedata/freesurfer
cd /out/sourcedata/freesurfer/sub-v1s5x0050754_ses-1/scripts
/opt/freesurfer/bin/defect2seg --s sub-v1s5x0050754_ses-1 --rh-only --cortex

freesurfer-linux-ubuntu22_x86_64-7.3.2-20220804-6354275
defect2seg 7.3.2
Linux dna030 5.14.0-427.37.1.el9_4.x86_64 #1 SMP PREEMPT_DYNAMIC Fri Sep 13 12:41:50 EDT 2024 x86_64 x86_64 x86_64 GNU/Linux
pid 3220386
mri_label2label --label-cortex /out/sourcedata/freesurfer/sub-v1s5x0050754_ses-1/surf/rh.orig.nofix /out/sourcedata/freesurfer/sub-v1s5x0050754_ses-1/mri/aseg.presurf.mgz 0 /out/sourcedata/freesurfer/sub-v1s5x0050754_ses-1/label/rh.nofix.cortex.label

 Generating cortex label... RemoveHipAmgy=0
 NucAccIsMedialWall=0
 mris->useRealRAS=0
29 non-cortical segments detected
only using segment with 7736 vertices
erasing segment 0 (vno[0] = 36163)
erasing segment 1 (vno[0] = 38050)
erasing segment 2 (vno[0] = 41972)
erasing segment 4 (vno[0] = 50331)
erasing segment 5 (vno[0] = 78030)
erasing segment 6 (vno[0] = 78232)
erasing segment 7 (vno[0] = 81949)
erasing segment 8 (vno[0] = 81992)
erasing segment 9 (vno[0] = 85518)
erasing segment 10 (vno[0] = 87593)
erasing segment 11 (vno[0] = 94231)
erasing segment 12 (vno[0] = 94249)
erasing segment 13 (vno[0] = 94271)
erasing segment 14 (vno[0] = 95339)
erasing segment 15 (vno[0] = 95367)
erasing segment 16 (vno[0] = 95386)
erasing segment 17 (vno[0] = 95408)
erasing segment 18 (vno[0] = 95410)
erasing segment 19 (vno[0] = 96444)
erasing segment 20 (vno[0] = 96605)
erasing segment 21 (vno[0] = 96665)
erasing segment 22 (vno[0] = 97651)
erasing segment 23 (vno[0] = 97769)
erasing segment 24 (vno[0] = 98877)
erasing segment 25 (vno[0] = 100068)
erasing segment 26 (vno[0] = 101238)
erasing segment 27 (vno[0] = 103298)
erasing segment 28 (vno[0] = 117452)
mri_label2vol --defects /out/sourcedata/freesurfer/sub-v1s5x0050754_ses-1/surf/rh.orig.nofix /out/sourcedata/freesurfer/sub-v1s5x0050754_ses-1/surf/rh.defect_labels /out/sourcedata/freesurfer/sub-v1s5x0050754_ses-1/mri/orig.mgz 2000 0 /out/sourcedata/freesurfer/sub-v1s5x0050754_ses-1/mri/rh.surface.defects.mgz /out/sourcedata/freesurfer/sub-v1s5x0050754_ses-1/label/rh.nofix.cortex.label
mri_label2vol supposed to be reproducible but seed not set
Contraining to label /out/sourcedata/freesurfer/sub-v1s5x0050754_ses-1/label/rh.nofix.cortex.label
Changing input type 0 to MRI_INT
Converting defects to volume: offset=2000, merge=0
Writing to /out/sourcedata/freesurfer/sub-v1s5x0050754_ses-1/mri/rh.surface.defects.mgz
mris_defects_pointset -s /out/sourcedata/freesurfer/sub-v1s5x0050754_ses-1/surf/rh.orig.nofix -d /out/sourcedata/freesurfer/sub-v1s5x0050754_ses-1/surf/rh.defect_labels -o /out/sourcedata/freesurfer/sub-v1s5x0050754_ses-1/surf/rh.defects.pointset --label /out/sourcedata/freesurfer/sub-v1s5x0050754_ses-1/label/rh.nofix.cortex.label
Reading in surface /out/sourcedata/freesurfer/sub-v1s5x0050754_ses-1/surf/rh.orig.nofix
Reading in defect segmentation /out/sourcedata/freesurfer/sub-v1s5x0050754_ses-1/surf/rh.defect_labels
Reading in label /out/sourcedata/freesurfer/sub-v1s5x0050754_ses-1/label/rh.nofix.cortex.label
#VMPC# mris_defects_pointset 1631992
mris_defects_pointset done
 
Started at Tue Mar 10 07:14:34 CET 2026 
Ended   at Tue Mar 10 07:14:50 CET 2026
Defect2seg-Run-Time-Sec 16
Defect2seg-Run-Time-Min 0.32
Defect2seg-Run-Time-Hours 0.00
 
defect2seg Done
