status file for recon-all
Tue Mar 10 07:12:03 CET 2026
#@# Tessellate rh Tue Mar 10 07:12:03 CET 2026
#@# Smooth1 rh Tue Mar 10 07:12:06 CET 2026
#@# Inflation1 rh Tue Mar 10 07:12:09 CET 2026
#@# QSphere rh Tue Mar 10 07:12:19 CET 2026
#@# Fix Topology rh Tue Mar 10 07:13:16 CET 2026
#@# Smooth2 rh Tue Mar 10 07:18:58 CET 2026
#@# Inflation2 rh Tue Mar 10 07:19:01 CET 2026
#@# Curv .H and .K rh Tue Mar 10 07:19:12 CET 2026
#@# Sphere rh Tue Mar 10 07:19:59 CET 2026
#@# Surf Reg rh Tue Mar 10 07:22:38 CET 2026
#@# Jacobian white rh Tue Mar 10 07:25:46 CET 2026
#@# AvgCurv rh Tue Mar 10 07:25:47 CET 2026
#@# Cortical Parc rh Tue Mar 10 07:25:48 CET 2026
#@# white curv rh Tue Mar 10 07:31:45 CET 2026
#@# white area rh Tue Mar 10 07:31:47 CET 2026
#@# pial curv rh Tue Mar 10 07:31:47 CET 2026
#@# pial area rh Tue Mar 10 07:31:49 CET 2026
#@# thickness rh Tue Mar 10 07:31:49 CET 2026
#@# area and vertex vol rh Tue Mar 10 07:32:19 CET 2026
#@# Curvature Stats rh Tue Mar 10 07:32:20 CET 2026
#@# Cortical Parc 2 rh Tue Mar 10 07:32:22 CET 2026
#@# Cortical Parc 3 rh Tue Mar 10 07:32:35 CET 2026
#@# WM/GM Contrast rh Tue Mar 10 07:32:44 CET 2026
recon-all -s sub-v1s5x0050754_ses-1 finished without error at Tue Mar 10 07:32:47 CET 2026



#New# invocation of recon-all 



status file for recon-all
Tue Mar 10 07:40:19 CET 2026
#@# white curv rh Tue Mar 10 07:40:19 CET 2026
#@# white area rh Tue Mar 10 07:40:19 CET 2026
#@# pial curv rh Tue Mar 10 07:40:19 CET 2026
#@# pial area rh Tue Mar 10 07:40:19 CET 2026
#@# thickness rh Tue Mar 10 07:40:19 CET 2026
#@# area and vertex vol rh Tue Mar 10 07:40:19 CET 2026
#@# Parcellation Stats rh Tue Mar 10 07:40:19 CET 2026
#@# Parcellation Stats 2 rh Tue Mar 10 07:40:37 CET 2026
#@# Parcellation Stats 3 rh Tue Mar 10 07:40:47 CET 2026
#@# BA_exvivo Labels rh Tue Mar 10 07:40:56 CET 2026
recon-all -s sub-v1s5x0050754_ses-1 finished without error at Tue Mar 10 07:43:19 CET 2026
