/out/sourcedata/freesurfer/sub-v1s5x0050727_ses-1/mri
/opt/freesurfer/bin/talairach_avi
--i orig_nu.mgz --xfm transforms/talairach.auto.xfm
talairach_avi 7.3.2
Linux dna013 5.14.0-427.37.1.el9_4.x86_64 #1 SMP PREEMPT_DYNAMIC Fri Sep 13 12:41:50 EDT 2024 x86_64 x86_64 x86_64 GNU/Linux
Tue Mar 10 03:42:01 CET 2026
mri_convert orig_nu.mgz talsrcimg.img 
reading from orig_nu.mgz...
TR=0.00, TE=0.00, TI=0.00, flip angle=0.00
i_ras = (-1, 9.31323e-09, -3.72529e-09)
j_ras = (-3.72529e-09, 0, -1)
k_ras = (9.31323e-09, 1, 0)
writing to talsrcimg.img...
Analyze Output Matrix
-1.00000  -0.00000   0.00000   126.61926;
 0.00000   0.00000   1.00000  -123.71892;
-0.00000  -1.00000   0.00000   136.18039;
 0.00000   0.00000   0.00000   1.00000;
--------------------
INFO: set hdr.hist.orient to -1
mpr2mni305 talsrcimg
Tue Mar 10 03:42:02 CET 2026
/opt/freesurfer/bin/mpr2mni305 talsrcimg
mpr2mni305 7.3.2
target=711-2C_as_mni_average_305

---------------------------------------------------------------------
analyzeto4dfp talsrcimg -O0 -y
---------------------------------------------------------------------

freesurfer ifh2hdr.c
Tue Mar 10 03:42:02 2026
Writing: talsrcimg.4dfp.hdr
freesurfer analyzeto4dfp.c
Reading: talsrcimg.hdr
header size 348 bytes
hdr.dime.datatype	offset=70	value=2
hdr.dime.bitpix		offset=72	value=8
hdr.hist.orient		offset=252	value=-1
dimensionality     4
dimensions       256       256       256         1
Reading: talsrcimg.img
Writing: talsrcimg.4dfp.img
Writing: talsrcimg.4dfp.ifh
ifh2hdr talsrcimg -r0to229
ori=2

---------------------------------------------------------------------
gauss_4dfp talsrcimg 1.1
---------------------------------------------------------------------

freesurfer gauss_4dfp.c
Reading: talsrcimg.4dfp.img
Writing: talsrcimg_g11.4dfp.img
image dimensions 256 256 256 padded to 288 288 288
processing volume 1freesurfer ifh2hdr.c
Tue Mar 10 03:42:03 2026
Writing: talsrcimg_g11.4dfp.hdr

Writing: talsrcimg_g11.4dfp.ifh
including: talsrcimg.4dfp.img.rec in talsrcimg_g11.4dfp.img.rec

---------------------------------------------------------------------
imgreg_4dfp /opt/freesurfer/average/711-2C_as_mni_average_305 none talsrcimg_g11 none talsrcimg_to_711-2C_as_mni_average_305_t4 4355
---------------------------------------------------------------------

freesurfer imgreg_4dfp.c
/opt/freesurfer/average/711-2C_as_mni_average_305.4dfp.img
       256       256       256         1
  1.000000  1.000000  1.000000
orientation T byte_order littleendian
Reading image: /opt/freesurfer/average/711-2C_as_mni_average_305.4dfp.img
dimensions:      256       256       256
mmppix:       1.0000   -1.0000   -1.0000
center:     128.0000 -129.0000 -129.0000
talsrcimg_g11.4dfp.img
       256       256       256         1
  1.000000  1.000000  1.000000
orientation T byte_order littleendian
Reading image: talsrcimg_g11.4dfp.img
dimensions:      256       256       256
mmppix:       1.0000   -1.0000   -1.0000
center:     128.0000 -129.0000 -129.0000
t4_read: open error in t4_sub.f l:  41 t4_file(1:l)talsrcimg_to_711-2C_as_mni_average_305_t4 
t4_read: transform initialized to I4
rotation matrix determinant  1.000000
image alignment mode   4355 decimal     1103 hex
   -7.5000  -45.0000  -45.0000 7665.9419   17.6915
    0.0000  -45.0000  -45.0000 8033.8638   17.6724
    7.5000  -45.0000  -45.0000 7768.9004   17.6171
   -7.5000  -37.5000  -45.0000 8118.5674   17.4910
    0.0000  -37.5000  -45.0000 8507.0752   17.4749
    7.5000  -37.5000  -45.0000 8239.2168   17.4182
   -7.5000  -30.0000  -45.0000 8936.5879   17.3597
    0.0000  -30.0000  -45.0000 9361.1562   17.3599
    7.5000  -30.0000  -45.0000 9053.0010   17.3107
   -7.5000  -22.5000  -45.0000 9795.6338   17.3301
    0.0000  -22.5000  -45.000010299.1699   17.3415
    7.5000  -22.5000  -45.0000 9911.8496   17.3020
   -7.5000  -15.0000  -45.000010670.5479   17.3466
    0.0000  -15.0000  -45.000011210.4512   17.3565
    7.5000  -15.0000  -45.000010778.4443   17.3210
   -7.5000   -7.5000  -45.000011441.7412   17.3753
    0.0000   -7.5000  -45.000012004.7012   17.3706
    7.5000   -7.5000  -45.000011537.7871   17.3287
   -7.5000    0.0000  -45.000011906.2373   17.3877
    0.0000    0.0000  -45.000012466.9922   17.3691
    7.5000    0.0000  -45.000011956.1426   17.3175
   -7.5000    7.5000  -45.000011362.3096   17.3683
    0.0000    7.5000  -45.000011871.8867   17.3532
    7.5000    7.5000  -45.000011408.7354   17.2985
   -7.5000   15.0000  -45.000010705.1133   17.3394
    0.0000   15.0000  -45.000011201.1592   17.3396
    7.5000   15.0000  -45.000010759.6670   17.2905
   -7.5000   22.5000  -45.000010024.6924   17.3276
    0.0000   22.5000  -45.000010462.4004   17.3391
    7.5000   22.5000  -45.000010060.8340   17.2995
   -7.5000   30.0000  -45.0000 9342.3447   17.1156
    0.0000   30.0000  -45.0000 9734.5107   17.1254
    7.5000   30.0000  -45.0000 9335.2832   17.0903
   -7.5000   37.5000  -45.0000 9001.6602   17.2240
    0.0000   37.5000  -45.0000 9367.4854   17.2173
    7.5000   37.5000  -45.0000 8994.3818   17.1777
   -7.5000   45.0000  -45.0000 8404.4814   17.1123
    0.0000   45.0000  -45.0000 8720.3184   17.0958
    7.5000   45.0000  -45.0000 8386.0576   17.0432
   -7.5000  -45.0000  -37.5000 8076.5933   17.6141
    0.0000  -45.0000  -37.5000 8490.4619   17.5909
    7.5000  -45.0000  -37.5000 8198.8232   17.5385
   -7.5000  -37.5000  -37.5000 8573.4238   17.4176
    0.0000  -37.5000  -37.5000 9004.5293   17.3993
    7.5000  -37.5000  -37.5000 8713.5195   17.3473
   -7.5000  -30.0000  -37.5000 9447.7480   17.2884
    0.0000  -30.0000  -37.5000 9929.9922   17.2892
    7.5000  -30.0000  -37.5000 9603.7021   17.2457
   -7.5000  -22.5000  -37.500010374.4434   17.2576
    0.0000  -22.5000  -37.500010916.6133   17.2710
    7.5000  -22.5000  -37.500010514.9668   17.2367
   -7.5000  -15.0000  -37.500011347.8223   17.2718
    0.0000  -15.0000  -37.500011880.4932   17.2827
    7.5000  -15.0000  -37.500011458.8359   17.2511
   -7.5000   -7.5000  -37.500012113.4346   17.3000
    0.0000   -7.5000  -37.500012702.7363   17.2929
    7.5000   -7.5000  -37.500012241.4619   17.2533
   -7.5000    0.0000  -37.500012574.1641   17.3136
    0.0000    0.0000  -37.500013171.6074   17.2909
    7.5000    0.0000  -37.500012695.2715   17.2418
   -7.5000    7.5000  -37.500012022.1807   17.2962
    0.0000    7.5000  -37.500012584.3701   17.2788
    7.5000    7.5000  -37.500012105.7402   17.2286
   -7.5000   15.0000  -37.500011360.6143   17.2682
    0.0000   15.0000  -37.500011896.0791   17.2690
    7.5000   15.0000  -37.500011407.3818   17.2256
   -7.5000   22.5000  -37.500010613.8545   17.2551
    0.0000   22.5000  -37.500011099.5234   17.2686
    7.5000   22.5000  -37.500010650.2393   17.2342
   -7.5000   30.0000  -37.5000 9850.9395   17.0418
    0.0000   30.0000  -37.500010286.3418   17.0525
    7.5000   30.0000  -37.5000 9846.3701   17.0213
   -7.5000   37.5000  -37.5000 9489.4551   17.1517
    0.0000   37.5000  -37.5000 9923.2344   17.1434
    7.5000   37.5000  -37.5000 9491.4824   17.1073
   -7.5000   45.0000  -37.5000 8846.9463   17.0456
    0.0000   45.0000  -37.5000 9233.7207   17.0247
    7.5000   45.0000  -37.5000 8833.6523   16.9755
   -7.5000  -45.0000  -30.0000 8617.6992   18.3570
    0.0000  -45.0000  -30.0000 9062.5146   18.3336
    7.5000  -45.0000  -30.0000 8737.4180   18.2827
   -7.5000  -37.5000  -30.0000 9186.1455   18.1602
    0.0000  -37.5000  -30.0000 9676.7939   18.1428
    7.5000  -37.5000  -30.0000 9314.2637   18.0930
   -7.5000  -30.0000  -30.000010124.0605   18.0400
    0.0000  -30.0000  -30.000010652.6514   18.0423
    7.5000  -30.0000  -30.000010267.4531   17.9987
   -7.5000  -22.5000  -30.000011134.3271   18.0159
    0.0000  -22.5000  -30.000011684.6855   18.0302
    7.5000  -22.5000  -30.000011265.5859   17.9934
   -7.5000  -15.0000  -30.000012170.9521   18.0256
    0.0000  -15.0000  -30.000012754.2129   18.0368
    7.5000  -15.0000  -30.000012303.4453   18.0023
   -7.5000   -7.5000  -30.000012985.4336   18.0399
    0.0000   -7.5000  -30.000013604.7646   18.0328
    7.5000   -7.5000  -30.000013120.7500   17.9920
   -7.5000    0.0000  -30.000013460.2637   18.0448
    0.0000    0.0000  -30.000014089.9033   18.0222
    7.5000    0.0000  -30.000013592.0146   17.9743
   -7.5000    7.5000  -30.000012900.2002   18.0337
    0.0000    7.5000  -30.000013503.0469   18.0174
    7.5000    7.5000  -30.000012962.5107   17.9692
   -7.5000   15.0000  -30.000012200.4561   18.0190
    0.0000   15.0000  -30.000012795.7852   18.0213
    7.5000   15.0000  -30.000012240.6182   17.9778
   -7.5000   22.5000  -30.000011408.8955   18.0115
    0.0000   22.5000  -30.000011930.7656   18.0258
    7.5000   22.5000  -30.000011449.1982   17.9890
   -7.5000   30.0000  -30.000010546.5420   17.7873
    0.0000   30.0000  -30.000011035.9629   17.7984
    7.5000   30.0000  -30.000010558.1406   17.7643
   -7.5000   37.5000  -30.000010110.7246   17.8888
    0.0000   37.5000  -30.000010599.5508   17.8807
    7.5000   37.5000  -30.000010108.2598   17.8442
   -7.5000   45.0000  -30.0000 9441.6680   17.7821
    0.0000   45.0000  -30.0000 9887.3096   17.7626
    7.5000   45.0000  -30.0000 9419.6621   17.7163
   -7.5000  -45.0000  -22.5000 9178.1855   19.0029
    0.0000  -45.0000  -22.5000 9630.6279   18.9837
    7.5000  -45.0000  -22.5000 9270.1748   18.9311
   -7.5000  -37.5000  -22.5000 9794.0771   18.8050
    0.0000  -37.5000  -22.500010299.9229   18.7905
    7.5000  -37.5000  -22.5000 9902.3574   18.7372
   -7.5000  -30.0000  -22.500010815.6865   18.6931
    0.0000  -30.0000  -22.500011353.6357   18.6955
    7.5000  -30.0000  -22.500010934.4404   18.6454
   -7.5000  -22.5000  -22.500011872.4561   18.6767
    0.0000  -22.5000  -22.500012469.3760   18.6895
    7.5000  -22.5000  -22.500011988.8779   18.6443
   -7.5000  -15.0000  -22.500012954.5664   18.6837
    0.0000  -15.0000  -22.500013581.1318   18.6943
    7.5000  -15.0000  -22.500013065.4609   18.6528
   -7.5000   -7.5000  -22.500013815.3242   18.6847
    0.0000   -7.5000  -22.500014493.6738   18.6801
    7.5000   -7.5000  -22.500013906.6055   18.6357
   -7.5000    0.0000  -22.500014295.2217   18.6799
    0.0000    0.0000  -22.500014995.0605   18.6619
    7.5000    0.0000  -22.500014428.9922   18.6123
   -7.5000    7.5000  -22.500013698.8799   18.6737
    0.0000    7.5000  -22.500014347.8193   18.6605
    7.5000    7.5000  -22.500013747.1270   18.6090
   -7.5000   15.0000  -22.500013009.5352   18.6713
    0.0000   15.0000  -22.500013616.9336   18.6737
    7.5000   15.0000  -22.500013011.2939   18.6237
   -7.5000   22.5000  -22.500012176.5615   18.6708
    0.0000   22.5000  -22.500012746.4590   18.6837
    7.5000   22.5000  -22.500012183.7607   18.6384
   -7.5000   30.0000  -22.500011273.0791   18.4395
    0.0000   30.0000  -22.500011788.8027   18.4500
    7.5000   30.0000  -22.500011249.3271   18.4090
   -7.5000   37.5000  -22.500010789.9707   18.5299
    0.0000   37.5000  -22.500011296.1416   18.5236
    7.5000   37.5000  -22.500010742.0947   18.4828
   -7.5000   45.0000  -22.500010048.1514   18.4168
    0.0000   45.0000  -22.500010524.1357   18.4037
    7.5000   45.0000  -22.500010010.3867   18.3565
   -7.5000  -45.0000  -15.0000 9745.5986   19.4683
    0.0000  -45.0000  -15.000010194.3203   19.4533
    7.5000  -45.0000  -15.0000 9827.7949   19.3958
   -7.5000  -37.5000  -15.000010448.3447   19.2645
    0.0000  -37.5000  -15.000010939.0703   19.2519
    7.5000  -37.5000  -15.000010523.9580   19.1917
   -7.5000  -30.0000  -15.000011519.3018   19.1502
    0.0000  -30.0000  -15.000012079.0498   19.1518
    7.5000  -30.0000  -15.000011613.1777   19.0940
   -7.5000  -22.5000  -15.000012616.6611   19.1351
    0.0000  -22.5000  -15.000013213.7637   19.1463
    7.5000  -22.5000  -15.000012716.7695   19.0940
   -7.5000  -15.0000  -15.000013727.0869   19.1435
    0.0000  -15.0000  -15.000014332.0225   19.1541
    7.5000  -15.0000  -15.000013792.6758   19.1069
   -7.5000   -7.5000  -15.000014607.2305   19.1434
    0.0000   -7.5000  -15.000015269.6641   19.1421
    7.5000   -7.5000  -15.000014648.4072   19.0934
   -7.5000    0.0000  -15.000015136.8066   19.1367
    0.0000    0.0000  -15.000015851.7617   19.1230
    7.5000    0.0000  -15.000015217.4316   19.0689
   -7.5000    7.5000  -15.000014507.1396   19.1296
    0.0000    7.5000  -15.000015183.5020   19.1184
    7.5000    7.5000  -15.000014512.3271   19.0604
   -7.5000   15.0000  -15.000013741.0322   19.1279
    0.0000   15.0000  -15.000014374.5117   19.1295
    7.5000   15.0000  -15.000013690.4346   19.0719
   -7.5000   22.5000  -15.000012893.5645   19.1282
    0.0000   22.5000  -15.000013490.6104   19.1394
    7.5000   22.5000  -15.000012846.5840   19.0871
   -7.5000   30.0000  -15.000011938.7676   18.8959
    0.0000   30.0000  -15.000012504.3076   18.9065
    7.5000   30.0000  -15.000011912.0908   18.8598
   -7.5000   37.5000  -15.000011430.1445   18.9852
    0.0000   37.5000  -15.000011941.8340   18.9812
    7.5000   37.5000  -15.000011352.1982   18.9348
   -7.5000   45.0000  -15.000010594.0264   18.8707
    0.0000   45.0000  -15.000011085.9805   18.8624
    7.5000   45.0000  -15.000010528.9199   18.8098
   -7.5000  -45.0000   -7.500010370.2324   19.6867
    0.0000  -45.0000   -7.500010814.7529   19.6714
    7.5000  -45.0000   -7.500010424.4473   19.6108
   -7.5000  -37.5000   -7.500011116.0957   19.4729
    0.0000  -37.5000   -7.500011599.3994   19.4595
    7.5000  -37.5000   -7.500011183.2959   19.3958
   -7.5000  -30.0000   -7.500012229.1260   19.3439
    0.0000  -30.0000   -7.500012792.2773   19.3449
    7.5000  -30.0000   -7.500012324.6914   19.2859
   -7.5000  -22.5000   -7.500013394.5215   19.3212
    0.0000  -22.5000   -7.500013967.9238   19.3325
    7.5000  -22.5000   -7.500013455.7939   19.2813
   -7.5000  -15.0000   -7.500014544.7822   19.3346
    0.0000  -15.0000   -7.500015138.6084   19.3454
    7.5000  -15.0000   -7.500014550.3633   19.2994
   -7.5000   -7.5000   -7.500015423.4160   19.3486
    0.0000   -7.5000   -7.500016072.6162   19.3471
    7.5000   -7.5000   -7.500015436.5410   19.2981
   -7.5000    0.0000   -7.500016019.9258   19.3504
    0.0000    0.0000   -7.500016709.2324   19.3360
    7.5000    0.0000   -7.500016048.5117   19.2794
   -7.5000    7.5000   -7.500015375.9033   19.3366
    0.0000    7.5000   -7.500016018.8105   19.3244
    7.5000    7.5000   -7.500015323.8848   19.2630
   -7.5000   15.0000   -7.500014547.2969   19.3213
    0.0000   15.0000   -7.500015147.2920   19.3223
    7.5000   15.0000   -7.500014448.2666   19.2635
   -7.5000   22.5000   -7.500013610.2148   19.3122
    0.0000   22.5000   -7.500014215.3672   19.3235
    7.5000   22.5000   -7.500013555.6445   19.2723
   -7.5000   30.0000   -7.500012585.2295   19.0840
    0.0000   30.0000   -7.500013130.6494   19.0947
    7.5000   30.0000   -7.500012532.3262   19.0493
   -7.5000   37.5000   -7.500012007.9639   19.1863
    0.0000   37.5000   -7.500012525.4170   19.1819
    7.5000   37.5000   -7.500011920.5957   19.1347
   -7.5000   45.0000   -7.500011074.6543   19.0814
    0.0000   45.0000   -7.500011556.5439   19.0711
    7.5000   45.0000   -7.500011015.1035   19.0141
   -7.5000  -45.0000    0.000010879.7383   19.7138
    0.0000  -45.0000    0.000011384.7012   19.6928
    7.5000  -45.0000    0.000010967.7832   19.6317
   -7.5000  -37.5000    0.000011647.6260   19.4920
    0.0000  -37.5000    0.000012198.2783   19.4745
    7.5000  -37.5000    0.000011753.0400   19.4117
   -7.5000  -30.0000    0.000012804.1064   19.3469
    0.0000  -30.0000    0.000013370.5771   19.3474
    7.5000  -30.0000    0.000012890.4863   19.2927
   -7.5000  -22.5000    0.000014015.6729   19.3138
    0.0000  -22.5000    0.000014558.4277   19.3267
    7.5000  -22.5000    0.000014049.7109   19.2827
   -7.5000  -15.0000    0.000015161.0801   19.3315
    0.0000  -15.0000    0.000015725.3867   19.3427
    7.5000  -15.0000    0.000015179.5615   19.3031
   -7.5000   -7.5000    0.000016032.1162   19.3629
    0.0000   -7.5000    0.000016677.3418   19.3577
    7.5000   -7.5000    0.000016091.7705   19.3113
   -7.5000    0.0000    0.000016729.2832   19.3766
    0.0000    0.0000    0.000017398.8262   19.3562
    7.5000    0.0000    0.000016719.5117   19.2993
   -7.5000    7.5000    0.000016121.1455   19.3559
    0.0000    7.5000    0.000016737.5293   19.3394
    7.5000    7.5000    0.000016084.1094   19.2789
   -7.5000   15.0000    0.000015251.8799   19.3243
    0.0000   15.0000    0.000015850.1943   19.3247
    7.5000   15.0000    0.000015189.1338   19.2702
   -7.5000   22.5000    0.000014267.2979   19.3048
    0.0000   22.5000    0.000014820.8086   19.3177
    7.5000   22.5000    0.000014202.2451   19.2737
   -7.5000   30.0000    0.000013170.2568   19.0815
    0.0000   30.0000    0.000013618.5352   19.0925
    7.5000   30.0000    0.000013113.6348   19.0535
   -7.5000   37.5000    0.000012507.3760   19.2013
    0.0000   37.5000    0.000012934.3574   19.1941
    7.5000   37.5000    0.000012439.3994   19.1502
   -7.5000   45.0000    0.000011529.1504   19.1128
    0.0000   45.0000    0.000011926.8223   19.0948
    7.5000   45.0000    0.000011482.7266   19.0364
   -7.5000  -45.0000    7.500010509.7188   19.7084
    0.0000  -45.0000    7.500011008.8037   19.6825
    7.5000  -45.0000    7.500010611.2256   19.6238
   -7.5000  -37.5000    7.500011252.0156   19.4885
    0.0000  -37.5000    7.500011798.2139   19.4680
    7.5000  -37.5000    7.500011343.4590   19.4099
   -7.5000  -30.0000    7.500012383.9463   19.3439
    0.0000  -30.0000    7.500012943.3721   19.3448
    7.5000  -30.0000    7.500012452.2695   19.2962
   -7.5000  -22.5000    7.500013550.6006   19.3094
    0.0000  -22.5000    7.500014105.7705   19.3244
    7.5000  -22.5000    7.500013581.3730   19.2860
   -7.5000  -15.0000    7.500014669.7617   19.3253
    0.0000  -15.0000    7.500015235.9619   19.3375
    7.5000  -15.0000    7.500014673.9121   19.3021
   -7.5000   -7.5000    7.500015530.3984   19.3570
    0.0000   -7.5000    7.500016137.4150   19.3490
    7.5000   -7.5000    7.500015544.6680   19.3047
   -7.5000    0.0000    7.500016194.6865   19.3722
    0.0000    0.0000    7.500016845.4336   19.3468
    7.5000    0.0000    7.500016194.9834   19.2919
   -7.5000    7.5000    7.500015640.2627   19.3527
    0.0000    7.5000    7.500016183.8506   19.3332
    7.5000    7.5000    7.500015609.4990   19.2771
   -7.5000   15.0000    7.500014925.2979   19.3213
    0.0000   15.0000    7.500015414.9951   19.3222
    7.5000   15.0000    7.500014871.0273   19.2737
   -7.5000   22.5000    7.500014041.7930   19.3004
    0.0000   22.5000    7.500014490.1904   19.3154
    7.5000   22.5000    7.500013974.3027   19.2770
   -7.5000   30.0000    7.500012942.5674   19.0753
    0.0000   30.0000    7.500013286.9844   19.0874
    7.5000   30.0000    7.500012863.1768   19.0525
   -7.5000   37.5000    7.500012219.8252   19.1984
    0.0000   37.5000    7.500012548.7881   19.1892
    7.5000   37.5000    7.500012157.6484   19.1489
   -7.5000   45.0000    7.500011246.4951   19.1172
    0.0000   45.0000    7.500011575.9131   19.0938
    7.5000   45.0000    7.500011169.0283   19.0387
   -7.5000  -45.0000   15.000010026.0205   19.7122
    0.0000  -45.0000   15.000010534.7256   19.6871
    7.5000  -45.0000   15.000010122.7930   19.6325
   -7.5000  -37.5000   15.000010774.2314   19.5010
    0.0000  -37.5000   15.000011299.4619   19.4823
    7.5000  -37.5000   15.000010851.4189   19.4288
   -7.5000  -30.0000   15.000011884.9131   19.3719
    0.0000  -30.0000   15.000012428.8584   19.3743
    7.5000  -30.0000   15.000011960.5039   19.3275
   -7.5000  -22.5000   15.000012978.2666   19.3460
    0.0000  -22.5000   15.000013513.8965   19.3614
    7.5000  -22.5000   15.000013052.1807   19.3218
   -7.5000  -15.0000   15.000014046.1816   19.3564
    0.0000  -15.0000   15.000014582.3350   19.3684
    7.5000  -15.0000   15.000014067.9014   19.3314
   -7.5000   -7.5000   15.000014889.3320   19.3718
    0.0000   -7.5000   15.000015392.1387   19.3641
    7.5000   -7.5000   15.000014866.3105   19.3203
   -7.5000    0.0000   15.000015440.0615   19.3770
    0.0000    0.0000   15.000015928.8574   19.3528
    7.5000    0.0000   15.000015410.8320   19.3014
   -7.5000    7.5000   15.000014828.5215   19.3651
    0.0000    7.5000   15.000015242.2734   19.3476
    7.5000    7.5000   15.000014754.6055   19.2959
   -7.5000   15.0000   15.000014171.4131   19.3493
    0.0000   15.0000   15.000014611.1143   19.3517
    7.5000   15.0000   15.000014077.1748   19.3050
   -7.5000   22.5000   15.000013421.0371   19.3370
    0.0000   22.5000   15.000013880.4736   19.3523
    7.5000   22.5000   15.000013294.1748   19.3128
   -7.5000   30.0000   15.000012359.2842   19.1061
    0.0000   30.0000   15.000012773.7695   19.1180
    7.5000   30.0000   15.000012269.6250   19.0814
   -7.5000   37.5000   15.000011704.6318   19.2151
    0.0000   37.5000   15.000012067.0029   19.2064
    7.5000   37.5000   15.000011634.7812   19.1673
   -7.5000   45.0000   15.000010779.9639   19.1258
    0.0000   45.0000   15.000011104.2930   19.1049
    7.5000   45.0000   15.000010710.7852   19.0551
   -7.5000  -45.0000   22.5000 9541.6523   19.7266
    0.0000  -45.0000   22.500010031.1191   19.7066
    7.5000  -45.0000   22.5000 9668.9990   19.6521
   -7.5000  -37.5000   22.500010239.6299   19.5212
    0.0000  -37.5000   22.500010717.1016   19.5061
    7.5000  -37.5000   22.500010325.9131   19.4508
   -7.5000  -30.0000   22.500011299.9053   19.4050
    0.0000  -30.0000   22.500011806.8018   19.4075
    7.5000  -30.0000   22.500011391.9863   19.3554
   -7.5000  -22.5000   22.500012361.2090   19.3879
    0.0000  -22.5000   22.500012906.6309   19.4013
    7.5000  -22.5000   22.500012446.6055   19.3543
   -7.5000  -15.0000   22.500013373.6934   19.3952
    0.0000  -15.0000   22.500013949.8379   19.4063
    7.5000  -15.0000   22.500013400.6465   19.3632
   -7.5000   -7.5000   22.500014159.6982   19.3963
    0.0000   -7.5000   22.500014751.2871   19.3916
    7.5000   -7.5000   22.500014155.5576   19.3454
   -7.5000    0.0000   22.500014683.4629   19.3913
    0.0000    0.0000   22.500015253.3701   19.3726
    7.5000    0.0000   22.500014635.1621   19.3212
   -7.5000    7.5000   22.500014076.6211   19.3848
    0.0000    7.5000   22.500014568.9033   19.3711
    7.5000    7.5000   22.500013981.5195   19.3177
   -7.5000   15.0000   22.500013380.8105   19.3824
    0.0000   15.0000   22.500013853.3760   19.3848
    7.5000   15.0000   22.500013279.9844   19.3329
   -7.5000   22.5000   22.500012625.6006   19.3789
    0.0000   22.5000   22.500013099.1572   19.3922
    7.5000   22.5000   22.500012519.9443   19.3453
   -7.5000   30.0000   22.500011646.8047   19.1444
    0.0000   30.0000   22.500012087.1172   19.1553
    7.5000   30.0000   22.500011582.7383   19.1128
   -7.5000   37.5000   22.500011080.0527   19.2383
    0.0000   37.5000   22.500011490.2432   19.2318
    7.5000   37.5000   22.500011018.0068   19.1895
   -7.5000   45.0000   22.500010223.8076   19.1348
    0.0000   45.0000   22.500010595.8750   19.1211
    7.5000   45.0000   22.500010166.9473   19.0721
   -7.5000  -45.0000   30.0000 9005.7705   19.7538
    0.0000  -45.0000   30.0000 9482.5205   19.7386
    7.5000  -45.0000   30.0000 9149.4395   19.6803
   -7.5000  -37.5000   30.0000 9642.8760   19.5469
    0.0000  -37.5000   30.000010128.4424   19.5342
    7.5000  -37.5000   30.0000 9760.3096   19.4731
   -7.5000  -30.0000   30.000010654.7402   19.4309
    0.0000  -30.0000   30.000011173.5273   19.4324
    7.5000  -30.0000   30.000010764.8643   19.3739
   -7.5000  -22.5000   30.000011684.7637   19.4154
    0.0000  -22.5000   30.000012237.9092   19.4268
    7.5000  -22.5000   30.000011769.6631   19.3737
   -7.5000  -15.0000   30.000012616.4375   19.4240
    0.0000  -15.0000   30.000013199.6270   19.4347
    7.5000  -15.0000   30.000012662.2705   19.3867
   -7.5000   -7.5000   30.000013292.9238   19.4239
    0.0000   -7.5000   30.000013860.3955   19.4225
    7.5000   -7.5000   30.000013285.8770   19.3730
   -7.5000    0.0000   30.000013765.5645   19.4171
    0.0000    0.0000   30.000014309.3721   19.4031
    7.5000    0.0000   30.000013745.4600   19.3483
   -7.5000    7.5000   30.000013156.4561   19.4099
    0.0000    7.5000   30.000013659.1035   19.3986
    7.5000    7.5000   30.000013110.5547   19.3397
   -7.5000   15.0000   30.000012449.9590   19.4082
    0.0000   15.0000   30.000012928.8906   19.4098
    7.5000   15.0000   30.000012419.4971   19.3514
   -7.5000   22.5000   30.000011684.8701   19.4064
    0.0000   22.5000   30.000012152.8984   19.4178
    7.5000   22.5000   30.000011631.2588   19.3647
   -7.5000   30.0000   30.000010817.1738   19.1728
    0.0000   30.0000   30.000011236.0117   19.1834
    7.5000   30.0000   30.000010769.9980   19.1360
   -7.5000   37.5000   30.000010336.4297   19.2634
    0.0000   37.5000   30.000010734.7998   19.2593
    7.5000   37.5000   30.000010292.1865   19.2123
   -7.5000   45.0000   30.0000 9565.3613   19.1527
    0.0000   45.0000   30.0000 9933.9775   19.1442
    7.5000   45.0000   30.0000 9529.2041   19.0908
   -7.5000  -45.0000   37.5000 8752.1553   19.8319
    0.0000  -45.0000   37.5000 9215.6748   19.8162
    7.5000  -45.0000   37.5000 8892.6660   19.7546
   -7.5000  -37.5000   37.5000 9350.5645   19.6151
    0.0000  -37.5000   37.5000 9838.2637   19.6015
    7.5000  -37.5000   37.5000 9484.4297   19.5369
   -7.5000  -30.0000   37.500010346.4697   19.4845
    0.0000  -30.0000   37.500010881.8418   19.4858
    7.5000  -30.0000   37.500010459.1934   19.4263
   -7.5000  -22.5000   37.500011332.0527   19.4619
    0.0000  -22.5000   37.500011895.6104   19.4736
    7.5000  -22.5000   37.500011428.1240   19.4221
   -7.5000  -15.0000   37.500012172.7988   19.4756
    0.0000  -15.0000   37.500012763.9316   19.4867
    7.5000  -15.0000   37.500012253.9385   19.4404
   -7.5000   -7.5000   37.500012779.1230   19.4898
    0.0000   -7.5000   37.500013374.5625   19.4881
    7.5000   -7.5000   37.500012823.6963   19.4384
   -7.5000    0.0000   37.500013192.0371   19.4913
    0.0000    0.0000   37.500013793.1738   19.4766
    7.5000    0.0000   37.500013236.0674   19.4190
   -7.5000    7.5000   37.500012612.1660   19.4771
    0.0000    7.5000   37.500013140.2529   19.4647
    7.5000    7.5000   37.500012624.9189   19.4025
   -7.5000   15.0000   37.500011923.9189   19.4617
    0.0000   15.0000   37.500012396.2773   19.4629
    7.5000   15.0000   37.500011918.5176   19.4036
   -7.5000   22.5000   37.500011138.2559   19.4528
    0.0000   22.5000   37.500011596.8096   19.4645
    7.5000   22.5000   37.500011126.9961   19.4131
   -7.5000   30.0000   37.500010328.1973   19.2237
    0.0000   30.0000   37.500010750.8389   19.2347
    7.5000   30.0000   37.500010314.8691   19.1890
   -7.5000   37.5000   37.5000 9885.3330   19.3273
    0.0000   37.5000   37.500010266.6084   19.3227
    7.5000   37.5000   37.5000 9852.6787   19.2749
   -7.5000   45.0000   37.5000 9187.6846   19.2242
    0.0000   45.0000   37.5000 9530.5039   19.2135
    7.5000   45.0000   37.5000 9162.9365   19.1555
   -7.5000  -45.0000   45.0000 8039.8970   19.9344
    0.0000  -45.0000   45.0000 8470.3457   19.9143
    7.5000  -45.0000   45.0000 8149.4590   19.8501
   -7.5000  -37.5000   45.0000 8583.8418   19.7080
    0.0000  -37.5000   45.0000 9055.4141   19.6918
    7.5000  -37.5000   45.0000 8705.3027   19.6267
   -7.5000  -30.0000   45.0000 9467.9346   19.5602
    0.0000  -30.0000   45.0000 9997.7744   19.5626
    7.5000  -30.0000   45.0000 9610.2432   19.5060
   -7.5000  -22.5000   45.000010397.2559   19.5257
    0.0000  -22.5000   45.000010946.8740   19.5404
    7.5000  -22.5000   45.000010503.9648   19.4944
   -7.5000  -15.0000   45.000011173.7695   19.5422
    0.0000  -15.0000   45.000011723.2207   19.5547
    7.5000  -15.0000   45.000011247.7422   19.5127
   -7.5000   -7.5000   45.000011680.3096   19.5730
    0.0000   -7.5000   45.000012236.0010   19.5687
    7.5000   -7.5000   45.000011737.4268   19.5195
   -7.5000    0.0000   45.000012038.2227   19.5875
    0.0000    0.0000   45.000012604.8711   19.5679
    7.5000    0.0000   45.000012107.4482   19.5081
   -7.5000    7.5000   45.000011476.1924   19.5680
    0.0000    7.5000   45.000011994.1680   19.5528
    7.5000    7.5000   45.000011535.4004   19.4900
   -7.5000   15.0000   45.000010830.6797   19.5370
    0.0000   15.0000   45.000011301.0928   19.5393
    7.5000   15.0000   45.000010876.8369   19.4829
   -7.5000   22.5000   45.000010128.1455   19.5166
    0.0000   22.5000   45.000010565.5527   19.5313
    7.5000   22.5000   45.000010148.6914   19.4853
   -7.5000   30.0000   45.0000 9417.2266   19.2877
    0.0000   30.0000   45.0000 9812.4434   19.3001
    7.5000   30.0000   45.0000 9429.6445   19.2586
   -7.5000   37.5000   45.0000 9011.6533   19.4096
    0.0000   37.5000   45.0000 9377.5127   19.4032
    7.5000   37.5000   45.0000 9021.8789   19.3565
   -7.5000   45.0000   45.0000 8406.1660   19.3375
    0.0000   45.0000   45.0000 8722.7803   19.3203
    7.5000   45.0000   45.0000 8407.4434   19.2590

---------------------------------------------------------------------
imgreg_4dfp /opt/freesurfer/average/711-2C_as_mni_average_305 /opt/freesurfer/average/711-2B_as_mni_average_305_mask talsrcimg_g11 none talsrcimg_to_711-2C_as_mni_average_305_t4 4355
---------------------------------------------------------------------

freesurfer imgreg_4dfp.c
/opt/freesurfer/average/711-2C_as_mni_average_305.4dfp.img
       256       256       256         1
  1.000000  1.000000  1.000000
orientation T byte_order littleendian
Reading image: /opt/freesurfer/average/711-2C_as_mni_average_305.4dfp.img
dimensions:      256       256       256
mmppix:       1.0000   -1.0000   -1.0000
center:     128.0000 -129.0000 -129.0000
/opt/freesurfer/average/711-2B_as_mni_average_305_mask.4dfp.img
       256       256       256         1
  1.000000  1.000000  1.000000
orientation T byte_order littleendian
Reading mask: /opt/freesurfer/average/711-2B_as_mni_average_305_mask.4dfp.img (2306576 pixels)
talsrcimg_g11.4dfp.img
       256       256       256         1
  1.000000  1.000000  1.000000
orientation T byte_order littleendian
Reading image: talsrcimg_g11.4dfp.img
dimensions:      256       256       256
mmppix:       1.0000   -1.0000   -1.0000
center:     128.0000 -129.0000 -129.0000
rotation matrix determinant  1.000000
image alignment mode   4355 decimal     1103 hex
   -7.5000  -45.0000  -45.0000 2041.0548   22.3909
    0.0000  -45.0000  -45.0000 2073.7705   21.9953
    7.5000  -45.0000  -45.0000 2066.9075   22.0845
   -7.5000  -37.5000  -45.0000 2078.2734   21.0929
    0.0000  -37.5000  -45.0000 2104.1660   20.6364
    7.5000  -37.5000  -45.0000 2100.1309   20.7953
   -7.5000  -30.0000  -45.0000 2115.2844   20.1981
    0.0000  -30.0000  -45.0000 2142.3352   19.7618
    7.5000  -30.0000  -45.0000 2132.8730   19.9311
   -7.5000  -22.5000  -45.0000 2144.3982   19.6521
    0.0000  -22.5000  -45.0000 2183.2266   19.3324
    7.5000  -22.5000  -45.0000 2165.0505   19.4444
   -7.5000  -15.0000  -45.0000 2181.0867   19.2818
    0.0000  -15.0000  -45.0000 2214.9932   18.9713
    7.5000  -15.0000  -45.0000 2196.6667   19.1263
   -7.5000   -7.5000  -45.0000 2212.6865   18.9390
    0.0000   -7.5000  -45.0000 2243.8970   18.6809
    7.5000   -7.5000  -45.0000 2224.2725   18.8138
   -7.5000    0.0000  -45.0000 2229.7793   18.7259
    0.0000    0.0000  -45.0000 2260.7512   18.4508
    7.5000    0.0000  -45.0000 2234.3369   18.5308
   -7.5000    7.5000  -45.0000 2225.2629   18.6131
    0.0000    7.5000  -45.0000 2254.0938   18.3461
    7.5000    7.5000  -45.0000 2232.1575   18.4277
   -7.5000   15.0000  -45.0000 2210.4485   18.7460
    0.0000   15.0000  -45.0000 2242.1777   18.4710
    7.5000   15.0000  -45.0000 2219.1428   18.5946
   -7.5000   22.5000  -45.0000 2196.3982   19.0961
    0.0000   22.5000  -45.0000 2222.8413   18.8041
    7.5000   22.5000  -45.0000 2202.0942   18.9613
   -7.5000   30.0000  -45.0000 2176.0635   19.7477
    0.0000   30.0000  -45.0000 2204.8735   19.3830
    7.5000   30.0000  -45.0000 2177.2334   19.6540
   -7.5000   37.5000  -45.0000 2139.4875   20.7436
    0.0000   37.5000  -45.0000 2161.8779   20.4105
    7.5000   37.5000  -45.0000 2133.8574   20.6820
   -7.5000   45.0000  -45.0000 2081.1399   22.2229
    0.0000   45.0000  -45.0000 2103.5876   21.8086
    7.5000   45.0000  -45.0000 2076.3735   22.1124
   -7.5000  -45.0000  -37.5000 2121.5354   20.6113
    0.0000  -45.0000  -37.5000 2144.8276   20.2158
    7.5000  -45.0000  -37.5000 2144.4402   20.3118
   -7.5000  -37.5000  -37.5000 2160.3320   19.3336
    0.0000  -37.5000  -37.5000 2187.9399   18.9751
    7.5000  -37.5000  -37.5000 2186.5330   19.0932
   -7.5000  -30.0000  -37.5000 2197.4309   18.4823
    0.0000  -30.0000  -37.5000 2234.4255   18.1702
    7.5000  -30.0000  -37.5000 2223.9783   18.2873
   -7.5000  -22.5000  -37.5000 2235.4927   17.9527
    0.0000  -22.5000  -37.5000 2277.6973   17.6880
    7.5000  -22.5000  -37.5000 2259.4756   17.8117
   -7.5000  -15.0000  -37.5000 2281.0986   17.5555
    0.0000  -15.0000  -37.5000 2314.6914   17.3095
    7.5000  -15.0000  -37.5000 2298.9368   17.4454
   -7.5000   -7.5000  -37.5000 2314.3132   17.2259
    0.0000   -7.5000  -37.5000 2348.4404   16.9759
    7.5000   -7.5000  -37.5000 2328.7998   17.1047
   -7.5000    0.0000  -37.5000 2331.3213   17.0762
    0.0000    0.0000  -37.5000 2362.5869   16.7755
    7.5000    0.0000  -37.5000 2340.7759   16.9035
   -7.5000    7.5000  -37.5000 2332.2900   17.0505
    0.0000    7.5000  -37.5000 2367.8726   16.8298
    7.5000    7.5000  -37.5000 2340.7180   16.9020
   -7.5000   15.0000  -37.5000 2324.2334   17.1946
    0.0000   15.0000  -37.5000 2358.0510   16.9996
    7.5000   15.0000  -37.5000 2329.7759   17.0750
   -7.5000   22.5000  -37.5000 2304.2671   17.5785
    0.0000   22.5000  -37.5000 2336.3118   17.3724
    7.5000   22.5000  -37.5000 2312.9744   17.4533
   -7.5000   30.0000  -37.5000 2275.1133   18.1751
    0.0000   30.0000  -37.5000 2305.9434   17.9366
    7.5000   30.0000  -37.5000 2277.7122   18.0782
   -7.5000   37.5000  -37.5000 2233.2393   19.1459
    0.0000   37.5000  -37.5000 2264.7188   18.8533
    7.5000   37.5000  -37.5000 2235.5100   19.0703
   -7.5000   45.0000  -37.5000 2170.1287   20.5295
    0.0000   45.0000  -37.5000 2197.4824   20.1772
    7.5000   45.0000  -37.5000 2170.4968   20.4121
   -7.5000  -45.0000  -30.0000 2231.4846   19.7854
    0.0000  -45.0000  -30.0000 2256.6694   19.4856
    7.5000  -45.0000  -30.0000 2248.0696   19.5341
   -7.5000  -37.5000  -30.0000 2276.8235   18.4908
    0.0000  -37.5000  -30.0000 2313.3564   18.1749
    7.5000  -37.5000  -30.0000 2300.9790   18.2944
   -7.5000  -30.0000  -30.0000 2319.1162   17.6743
    0.0000  -30.0000  -30.0000 2359.5398   17.3352
    7.5000  -30.0000  -30.0000 2346.9038   17.4927
   -7.5000  -22.5000  -30.0000 2364.5693   17.1157
    0.0000  -22.5000  -30.0000 2399.2339   16.8262
    7.5000  -22.5000  -30.0000 2388.6294   16.9613
   -7.5000  -15.0000  -30.0000 2410.0071   16.6551
    0.0000  -15.0000  -30.0000 2448.1553   16.4016
    7.5000  -15.0000  -30.0000 2431.1953   16.5391
   -7.5000   -7.5000  -30.0000 2449.4380   16.3097
    0.0000   -7.5000  -30.0000 2485.7908   16.0952
    7.5000   -7.5000  -30.0000 2466.1265   16.2110
   -7.5000    0.0000  -30.0000 2466.1594   16.1627
    0.0000    0.0000  -30.0000 2499.0461   15.9232
    7.5000    0.0000  -30.0000 2476.5500   16.0059
   -7.5000    7.5000  -30.0000 2476.1353   16.1722
    0.0000    7.5000  -30.0000 2513.6946   15.9357
    7.5000    7.5000  -30.0000 2482.5161   16.0051
   -7.5000   15.0000  -30.0000 2475.6064   16.3767
    0.0000   15.0000  -30.0000 2512.7686   16.1750
    7.5000   15.0000  -30.0000 2475.1567   16.1840
   -7.5000   22.5000  -30.0000 2463.7866   16.7671
    0.0000   22.5000  -30.0000 2496.4307   16.6166
    7.5000   22.5000  -30.0000 2469.0732   16.6770
   -7.5000   30.0000  -30.0000 2426.6763   17.4276
    0.0000   30.0000  -30.0000 2464.2700   17.2504
    7.5000   30.0000  -30.0000 2429.7483   17.3610
   -7.5000   37.5000  -30.0000 2372.4443   18.3976
    0.0000   37.5000  -30.0000 2412.5532   18.1766
    7.5000   37.5000  -30.0000 2378.9119   18.2758
   -7.5000   45.0000  -30.0000 2301.8491   19.7015
    0.0000   45.0000  -30.0000 2333.7329   19.4404
    7.5000   45.0000  -30.0000 2299.1240   19.6115
   -7.5000  -45.0000  -22.5000 2313.5574   19.0743
    0.0000  -45.0000  -22.5000 2338.4321   18.7498
    7.5000  -45.0000  -22.5000 2331.0359   18.7620
   -7.5000  -37.5000  -22.5000 2367.3411   17.7685
    0.0000  -37.5000  -22.5000 2400.8557   17.4336
    7.5000  -37.5000  -22.5000 2394.6997   17.4960
   -7.5000  -30.0000  -22.5000 2415.9263   16.8806
    0.0000  -30.0000  -22.5000 2448.8003   16.5529
    7.5000  -30.0000  -22.5000 2444.2241   16.6699
   -7.5000  -22.5000  -22.5000 2462.9221   16.2033
    0.0000  -22.5000  -22.5000 2497.5193   15.9424
    7.5000  -22.5000  -22.5000 2486.5664   16.0738
   -7.5000  -15.0000  -22.5000 2510.2778   15.7160
    0.0000  -15.0000  -22.5000 2545.4731   15.4449
    7.5000  -15.0000  -22.5000 2527.2266   15.5495
   -7.5000   -7.5000  -22.5000 2552.9861   15.3592
    0.0000   -7.5000  -22.5000 2593.8167   15.1450
    7.5000   -7.5000  -22.5000 2567.8518   15.2000
   -7.5000    0.0000  -22.5000 2577.7537   15.1827
    0.0000    0.0000  -22.5000 2612.5068   15.0162
    7.5000    0.0000  -22.5000 2594.3848   15.0609
   -7.5000    7.5000  -22.5000 2591.5039   15.2350
    0.0000    7.5000  -22.5000 2631.2375   15.0354
    7.5000    7.5000  -22.5000 2600.4099   15.0809
   -7.5000   15.0000  -22.5000 2599.8999   15.4455
    0.0000   15.0000  -22.5000 2640.4165   15.2573
    7.5000   15.0000  -22.5000 2601.0222   15.2931
   -7.5000   22.5000  -22.5000 2589.5603   15.8955
    0.0000   22.5000  -22.5000 2629.1052   15.7181
    7.5000   22.5000  -22.5000 2595.9302   15.7835
   -7.5000   30.0000  -22.5000 2554.2388   16.5628
    0.0000   30.0000  -22.5000 2596.3579   16.4137
    7.5000   30.0000  -22.5000 2556.4417   16.4519
   -7.5000   37.5000  -22.5000 2495.5405   17.5267
    0.0000   37.5000  -22.5000 2536.2153   17.3707
    7.5000   37.5000  -22.5000 2496.4441   17.4140
   -7.5000   45.0000  -22.5000 2407.8206   18.7659
    0.0000   45.0000  -22.5000 2443.5881   18.5583
    7.5000   45.0000  -22.5000 2407.9983   18.6575
   -7.5000  -45.0000  -15.0000 2370.8657   18.4474
    0.0000  -45.0000  -15.0000 2399.2395   18.0489
    7.5000  -45.0000  -15.0000 2391.6411   18.0777
   -7.5000  -37.5000  -15.0000 2433.7593   17.1287
    0.0000  -37.5000  -15.0000 2467.8684   16.7869
    7.5000  -37.5000  -15.0000 2456.5056   16.7955
   -7.5000  -30.0000  -15.0000 2479.6702   16.1824
    0.0000  -30.0000  -15.0000 2513.5540   15.8334
    7.5000  -30.0000  -15.0000 2505.9980   15.9046
   -7.5000  -22.5000  -15.0000 2527.6472   15.4155
    0.0000  -22.5000  -15.0000 2559.2717   15.1191
    7.5000  -22.5000  -15.0000 2555.5786   15.2313
   -7.5000  -15.0000  -15.0000 2577.5872   14.8932
    0.0000  -15.0000  -15.0000 2607.8767   14.5969
    7.5000  -15.0000  -15.0000 2596.8853   14.7046
   -7.5000   -7.5000  -15.0000 2627.6260   14.5422
    0.0000   -7.5000  -15.0000 2667.8875   14.2706
    7.5000   -7.5000  -15.0000 2642.4849   14.3522
   -7.5000    0.0000  -15.0000 2663.9060   14.3318
    0.0000    0.0000  -15.0000 2707.6365   14.1162
    7.5000    0.0000  -15.0000 2680.9773   14.1878
   -7.5000    7.5000  -15.0000 2691.1133   14.3621
    0.0000    7.5000  -15.0000 2732.0264   14.1635
    7.5000    7.5000  -15.0000 2698.1951   14.2171
   -7.5000   15.0000  -15.0000 2699.4607   14.6098
    0.0000   15.0000  -15.0000 2741.7217   14.4047
    7.5000   15.0000  -15.0000 2698.7322   14.4701
   -7.5000   22.5000  -15.0000 2689.9399   15.0479
    0.0000   22.5000  -15.0000 2736.8770   14.8875
    7.5000   22.5000  -15.0000 2694.9775   14.9327
   -7.5000   30.0000  -15.0000 2651.7122   15.7278
    0.0000   30.0000  -15.0000 2703.2815   15.6021
    7.5000   30.0000  -15.0000 2661.3955   15.6338
   -7.5000   37.5000  -15.0000 2585.5090   16.6473
    0.0000   37.5000  -15.0000 2625.3845   16.4889
    7.5000   37.5000  -15.0000 2588.4663   16.5660
   -7.5000   45.0000  -15.0000 2482.7229   17.8362
    0.0000   45.0000  -15.0000 2522.1367   17.6875
    7.5000   45.0000  -15.0000 2486.5190   17.7601
   -7.5000  -45.0000   -7.5000 2419.2927   17.8860
    0.0000  -45.0000   -7.5000 2447.8401   17.4390
    7.5000  -45.0000   -7.5000 2435.1777   17.4753
   -7.5000  -37.5000   -7.5000 2480.3389   16.5702
    0.0000  -37.5000   -7.5000 2510.2136   16.2153
    7.5000  -37.5000   -7.5000 2501.9531   16.2526
   -7.5000  -30.0000   -7.5000 2518.2205   15.5470
    0.0000  -30.0000   -7.5000 2558.8088   15.2085
    7.5000  -30.0000   -7.5000 2548.9500   15.2557
   -7.5000  -22.5000   -7.5000 2570.4951   14.7362
    0.0000  -22.5000   -7.5000 2609.5544   14.4032
    7.5000  -22.5000   -7.5000 2599.0671   14.5038
   -7.5000  -15.0000   -7.5000 2625.5151   14.2199
    0.0000  -15.0000   -7.5000 2656.5217   13.8596
    7.5000  -15.0000   -7.5000 2642.0085   13.9691
   -7.5000   -7.5000   -7.5000 2677.4119   13.8760
    0.0000   -7.5000   -7.5000 2718.7827   13.5396
    7.5000   -7.5000   -7.5000 2695.4153   13.6427
   -7.5000    0.0000   -7.5000 2728.7478   13.6366
    0.0000    0.0000   -7.5000 2776.4814   13.3753
    7.5000    0.0000   -7.5000 2748.6753   13.4610
   -7.5000    7.5000   -7.5000 2773.6072   13.6475
    0.0000    7.5000   -7.5000 2824.0920   13.4082
    7.5000    7.5000   -7.5000 2783.6875   13.5001
   -7.5000   15.0000   -7.5000 2795.1528   13.8742
    0.0000   15.0000   -7.5000 2847.6177   13.6450
    7.5000   15.0000   -7.5000 2798.0098   13.7293
   -7.5000   22.5000   -7.5000 2782.3945   14.3313
    0.0000   22.5000   -7.5000 2839.4224   14.1454
    7.5000   22.5000   -7.5000 2790.4221   14.2145
   -7.5000   30.0000   -7.5000 2735.1807   14.9488
    0.0000   30.0000   -7.5000 2780.9556   14.8111
    7.5000   30.0000   -7.5000 2743.9951   14.8716
   -7.5000   37.5000   -7.5000 2649.3450   15.8208
    0.0000   37.5000   -7.5000 2693.9053   15.6632
    7.5000   37.5000   -7.5000 2661.4744   15.7349
   -7.5000   45.0000   -7.5000 2529.7158   17.0152
    0.0000   45.0000   -7.5000 2574.6711   16.8502
    7.5000   45.0000   -7.5000 2543.0896   16.9416
   -7.5000  -45.0000    0.0000 2446.5891   17.4910
    0.0000  -45.0000    0.0000 2475.3484   17.0116
    7.5000  -45.0000    0.0000 2468.0925   17.0855
   -7.5000  -37.5000    0.0000 2508.2036   16.1378
    0.0000  -37.5000    0.0000 2543.6868   15.7934
    7.5000  -37.5000    0.0000 2534.5803   15.8185
   -7.5000  -30.0000    0.0000 2543.6943   15.0502
    0.0000  -30.0000    0.0000 2586.6077   14.7084
    7.5000  -30.0000    0.0000 2572.1646   14.7737
   -7.5000  -22.5000    0.0000 2599.2322   14.2487
    0.0000  -22.5000    0.0000 2633.1519   13.8679
    7.5000  -22.5000    0.0000 2623.1929   13.9684
   -7.5000  -15.0000    0.0000 2648.8789   13.7400
    0.0000  -15.0000    0.0000 2681.6653   13.3540
    7.5000  -15.0000    0.0000 2670.3782   13.4510
   -7.5000   -7.5000    0.0000 2706.4280   13.3987
    0.0000   -7.5000    0.0000 2751.2959   13.0359
    7.5000   -7.5000    0.0000 2733.3438   13.1635
   -7.5000    0.0000    0.0000 2769.5251   13.2176
    0.0000    0.0000    0.0000 2817.8975   12.8589
    7.5000    0.0000    0.0000 2791.1599   12.9857
   -7.5000    7.5000    0.0000 2829.4663   13.2497
    0.0000    7.5000    0.0000 2891.8428   12.9346
    7.5000    7.5000    0.0000 2848.7080   13.0544
   -7.5000   15.0000    0.0000 2866.5076   13.4175
    0.0000   15.0000    0.0000 2949.2249   13.0960
    7.5000   15.0000    0.0000 2875.8279   13.2737
   -7.5000   22.5000    0.0000 2862.2849   13.8414
    0.0000   22.5000    0.0000 2932.2126   13.5877
    7.5000   22.5000    0.0000 2868.5769   13.7329
   -7.5000   30.0000    0.0000 2794.3132   14.4707
    0.0000   30.0000    0.0000 2841.8381   14.2352
    7.5000   30.0000    0.0000 2804.3479   14.3719
   -7.5000   37.5000    0.0000 2691.3628   15.2765
    0.0000   37.5000    0.0000 2733.2246   15.0713
    7.5000   37.5000    0.0000 2700.8840   15.2239
   -7.5000   45.0000    0.0000 2557.3362   16.5250
    0.0000   45.0000    0.0000 2600.2856   16.2680
    7.5000   45.0000    0.0000 2573.4541   16.4118
   -7.5000  -45.0000    7.5000 2442.8987   17.2920
    0.0000  -45.0000    7.5000 2478.6667   16.8069
    7.5000  -45.0000    7.5000 2472.6680   16.8944
   -7.5000  -37.5000    7.5000 2514.5811   15.8798
    0.0000  -37.5000    7.5000 2562.2407   15.4674
    7.5000  -37.5000    7.5000 2546.3047   15.5413
   -7.5000  -30.0000    7.5000 2555.7227   14.7771
    0.0000  -30.0000    7.5000 2599.3718   14.3869
    7.5000  -30.0000    7.5000 2581.8835   14.5015
   -7.5000  -22.5000    7.5000 2605.7380   13.9864
    0.0000  -22.5000    7.5000 2644.9868   13.6220
    7.5000  -22.5000    7.5000 2631.7017   13.7221
   -7.5000  -15.0000    7.5000 2655.3718   13.4882
    0.0000  -15.0000    7.5000 2698.2776   13.1293
    7.5000  -15.0000    7.5000 2683.9883   13.2135
   -7.5000   -7.5000    7.5000 2720.1719   13.1697
    0.0000   -7.5000    7.5000 2766.5115   12.8009
    7.5000   -7.5000    7.5000 2747.3442   12.9019
   -7.5000    0.0000    7.5000 2788.0579   13.0233
    0.0000    0.0000    7.5000 2838.7488   12.6205
    7.5000    0.0000    7.5000 2813.8840   12.7669
   -7.5000    7.5000    7.5000 2849.0437   13.0680
    0.0000    7.5000    7.5000 2917.3389   12.6521
    7.5000    7.5000    7.5000 2875.2166   12.8171
   -7.5000   15.0000    7.5000 2901.8936   13.2818
    0.0000   15.0000    7.5000 2989.4810   12.8488
    7.5000   15.0000    7.5000 2918.5300   13.0707
   -7.5000   22.5000    7.5000 2903.9871   13.7416
    0.0000   22.5000    7.5000 2989.1001   13.3324
    7.5000   22.5000    7.5000 2914.0508   13.5749
   -7.5000   30.0000    7.5000 2823.6724   14.3873
    0.0000   30.0000    7.5000 2876.7417   14.0589
    7.5000   30.0000    7.5000 2833.2532   14.2481
   -7.5000   37.5000    7.5000 2702.7351   15.1203
    0.0000   37.5000    7.5000 2746.5854   14.8291
    7.5000   37.5000    7.5000 2718.0217   14.9951
   -7.5000   45.0000    7.5000 2568.2314   16.2554
    0.0000   45.0000    7.5000 2609.9883   15.9708
    7.5000   45.0000    7.5000 2581.3455   16.0946
   -7.5000  -45.0000   15.0000 2414.9861   17.2094
    0.0000  -45.0000   15.0000 2457.1711   16.8008
    7.5000  -45.0000   15.0000 2449.7317   16.8526
   -7.5000  -37.5000   15.0000 2495.6567   15.8678
    0.0000  -37.5000   15.0000 2541.4497   15.4431
    7.5000  -37.5000   15.0000 2524.6411   15.5108
   -7.5000  -30.0000   15.0000 2543.2942   14.7911
    0.0000  -30.0000   15.0000 2587.2935   14.3783
    7.5000  -30.0000   15.0000 2570.0610   14.5208
   -7.5000  -22.5000   15.0000 2592.3784   14.0036
    0.0000  -22.5000   15.0000 2638.7769   13.6309
    7.5000  -22.5000   15.0000 2621.9353   13.7554
   -7.5000  -15.0000   15.0000 2642.3901   13.4719
    0.0000  -15.0000   15.0000 2692.3237   13.0927
    7.5000  -15.0000   15.0000 2673.6965   13.2162
   -7.5000   -7.5000   15.0000 2714.7251   13.1900
    0.0000   -7.5000   15.0000 2761.4141   12.7708
    7.5000   -7.5000   15.0000 2741.7849   12.9022
   -7.5000    0.0000   15.0000 2775.1265   13.0691
    0.0000    0.0000   15.0000 2824.2639   12.6393
    7.5000    0.0000   15.0000 2803.7925   12.7835
   -7.5000    7.5000   15.0000 2837.7219   13.0865
    0.0000    7.5000   15.0000 2892.0593   12.6425
    7.5000    7.5000   15.0000 2859.9246   12.8118
   -7.5000   15.0000   15.0000 2874.5732   13.2911
    0.0000   15.0000   15.0000 2937.7905   12.8775
    7.5000   15.0000   15.0000 2890.1160   13.0592
   -7.5000   22.5000   15.0000 2866.7180   13.8243
    0.0000   22.5000   15.0000 2931.9810   13.5099
    7.5000   22.5000   15.0000 2878.9644   13.6212
   -7.5000   30.0000   15.0000 2787.1841   14.4911
    0.0000   30.0000   15.0000 2837.9370   14.2386
    7.5000   30.0000   15.0000 2800.6606   14.3047
   -7.5000   37.5000   15.0000 2682.0195   15.2260
    0.0000   37.5000   15.0000 2727.4890   14.9453
    7.5000   37.5000   15.0000 2698.0732   15.0356
   -7.5000   45.0000   15.0000 2547.1875   16.3328
    0.0000   45.0000   15.0000 2587.3889   16.0325
    7.5000   45.0000   15.0000 2560.5122   16.1581
   -7.5000  -45.0000   22.5000 2383.3315   17.3984
    0.0000  -45.0000   22.5000 2431.1641   17.0069
    7.5000  -45.0000   22.5000 2421.3525   17.0464
   -7.5000  -37.5000   22.5000 2462.9785   16.0582
    0.0000  -37.5000   22.5000 2506.5349   15.5989
    7.5000  -37.5000   22.5000 2493.7886   15.6745
   -7.5000  -30.0000   22.5000 2520.4585   15.0041
    0.0000  -30.0000   22.5000 2569.8076   14.5851
    7.5000  -30.0000   22.5000 2555.2341   14.6922
   -7.5000  -22.5000   22.5000 2574.3843   14.2248
    0.0000  -22.5000   22.5000 2626.6501   13.8476
    7.5000  -22.5000   22.5000 2608.0171   13.9616
   -7.5000  -15.0000   22.5000 2624.5474   13.7532
    0.0000  -15.0000   22.5000 2676.6370   13.3831
    7.5000  -15.0000   22.5000 2652.7573   13.4809
   -7.5000   -7.5000   22.5000 2692.0623   13.4610
    0.0000   -7.5000   22.5000 2749.3071   13.1271
    7.5000   -7.5000   22.5000 2721.1904   13.2188
   -7.5000    0.0000   22.5000 2746.8831   13.3515
    0.0000    0.0000   22.5000 2800.2842   13.0011
    7.5000    0.0000   22.5000 2769.4766   13.0679
   -7.5000    7.5000   22.5000 2790.4812   13.3990
    0.0000    7.5000   22.5000 2840.6936   13.0232
    7.5000    7.5000   22.5000 2807.4526   13.1149
   -7.5000   15.0000   22.5000 2810.6514   13.5970
    0.0000   15.0000   22.5000 2856.8528   13.2676
    7.5000   15.0000   22.5000 2829.0684   13.3555
   -7.5000   22.5000   22.5000 2797.5063   14.0978
    0.0000   22.5000   22.5000 2850.3486   13.8191
    7.5000   22.5000   22.5000 2814.0034   13.8742
   -7.5000   30.0000   22.5000 2723.0347   14.7733
    0.0000   30.0000   22.5000 2771.8740   14.5341
    7.5000   30.0000   22.5000 2739.6047   14.5710
   -7.5000   37.5000   22.5000 2629.9568   15.5817
    0.0000   37.5000   22.5000 2676.6335   15.3673
    7.5000   37.5000   22.5000 2644.2512   15.4048
   -7.5000   45.0000   22.5000 2504.6907   16.6873
    0.0000   45.0000   22.5000 2543.5427   16.4716
    7.5000   45.0000   22.5000 2517.1360   16.5359
   -7.5000  -45.0000   30.0000 2345.7727   17.8176
    0.0000  -45.0000   30.0000 2395.1084   17.3929
    7.5000  -45.0000   30.0000 2389.2866   17.4786
   -7.5000  -37.5000   30.0000 2423.7388   16.4598
    0.0000  -37.5000   30.0000 2471.4648   16.0380
    7.5000  -37.5000   30.0000 2464.2019   16.1332
   -7.5000  -30.0000   30.0000 2486.8223   15.4407
    0.0000  -30.0000   30.0000 2535.0203   15.0704
    7.5000  -30.0000   30.0000 2523.0078   15.1643
   -7.5000  -22.5000   30.0000 2541.8557   14.6912
    0.0000  -22.5000   30.0000 2593.4385   14.3569
    7.5000  -22.5000   30.0000 2573.5625   14.4595
   -7.5000  -15.0000   30.0000 2590.1729   14.2544
    0.0000  -15.0000   30.0000 2646.5005   13.9310
    7.5000  -15.0000   30.0000 2620.7146   14.0143
   -7.5000   -7.5000   30.0000 2647.1575   13.9880
    0.0000   -7.5000   30.0000 2706.2476   13.6694
    7.5000   -7.5000   30.0000 2675.7961   13.7116
   -7.5000    0.0000   30.0000 2696.6199   13.8781
    0.0000    0.0000   30.0000 2753.9534   13.5564
    7.5000    0.0000   30.0000 2723.4766   13.6182
   -7.5000    7.5000   30.0000 2728.0989   13.9548
    0.0000    7.5000   30.0000 2781.6873   13.6554
    7.5000    7.5000   30.0000 2750.2354   13.7254
   -7.5000   15.0000   30.0000 2730.6023   14.1863
    0.0000   15.0000   30.0000 2775.0491   13.9402
    7.5000   15.0000   30.0000 2751.7551   13.9942
   -7.5000   22.5000   30.0000 2704.4187   14.6261
    0.0000   22.5000   30.0000 2752.0674   14.3554
    7.5000   22.5000   30.0000 2720.1045   14.4417
   -7.5000   30.0000   30.0000 2636.8647   15.3004
    0.0000   30.0000   30.0000 2675.1226   15.0436
    7.5000   30.0000   30.0000 2650.1819   15.1047
   -7.5000   37.5000   30.0000 2553.3105   16.1463
    0.0000   37.5000   30.0000 2595.5952   15.8776
    7.5000   37.5000   30.0000 2567.5581   15.9690
   -7.5000   45.0000   30.0000 2441.7312   17.2738
    0.0000   45.0000   30.0000 2482.5022   17.0625
    7.5000   45.0000   30.0000 2455.8704   17.1463
   -7.5000  -45.0000   37.5000 2297.6963   18.5728
    0.0000  -45.0000   37.5000 2339.8196   18.1786
    7.5000  -45.0000   37.5000 2332.1550   18.2763
   -7.5000  -37.5000   37.5000 2374.7959   17.1673
    0.0000  -37.5000   37.5000 2419.3689   16.7951
    7.5000  -37.5000   37.5000 2411.4346   16.8717
   -7.5000  -30.0000   37.5000 2445.3169   16.1300
    0.0000  -30.0000   37.5000 2491.4619   15.7954
    7.5000  -30.0000   37.5000 2478.7231   15.8441
   -7.5000  -22.5000   37.5000 2501.6440   15.3974
    0.0000  -22.5000   37.5000 2551.4077   15.0857
    7.5000  -22.5000   37.5000 2532.3584   15.1178
   -7.5000  -15.0000   37.5000 2544.1980   14.9288
    0.0000  -15.0000   37.5000 2598.5825   14.6375
    7.5000  -15.0000   37.5000 2577.0559   14.6884
   -7.5000   -7.5000   37.5000 2592.7083   14.6808
    0.0000   -7.5000   37.5000 2647.7410   14.3763
    7.5000   -7.5000   37.5000 2624.5610   14.4437
   -7.5000    0.0000   37.5000 2628.4060   14.6322
    0.0000    0.0000   37.5000 2685.0779   14.3343
    7.5000    0.0000   37.5000 2657.6868   14.4102
   -7.5000    7.5000   37.5000 2652.7693   14.7204
    0.0000    7.5000   37.5000 2700.8354   14.4609
    7.5000    7.5000   37.5000 2675.2249   14.5268
   -7.5000   15.0000   37.5000 2645.0884   14.9710
    0.0000   15.0000   37.5000 2684.2705   14.7289
    7.5000   15.0000   37.5000 2663.6653   14.8030
   -7.5000   22.5000   37.5000 2605.8740   15.4008
    0.0000   22.5000   37.5000 2650.5598   15.1554
    7.5000   22.5000   37.5000 2623.3145   15.2465
   -7.5000   30.0000   37.5000 2542.4978   16.0553
    0.0000   30.0000   37.5000 2582.1533   15.8141
    7.5000   30.0000   37.5000 2557.1233   15.8867
   -7.5000   37.5000   37.5000 2470.8269   16.8774
    0.0000   37.5000   37.5000 2506.9248   16.6592
    7.5000   37.5000   37.5000 2479.9016   16.7457
   -7.5000   45.0000   37.5000 2373.6208   18.0455
    0.0000   45.0000   37.5000 2406.9651   17.8243
    7.5000   45.0000   37.5000 2382.1350   17.9378
   -7.5000  -45.0000   45.0000 2232.4604   19.6778
    0.0000  -45.0000   45.0000 2269.7886   19.2514
    7.5000  -45.0000   45.0000 2260.5789   19.3531
   -7.5000  -37.5000   45.0000 2314.6760   18.1533
    0.0000  -37.5000   45.0000 2359.1489   17.7981
    7.5000  -37.5000   45.0000 2343.7622   17.8666
   -7.5000  -30.0000   45.0000 2378.8662   17.0292
    0.0000  -30.0000   45.0000 2432.1826   16.7149
    7.5000  -30.0000   45.0000 2414.3000   16.7629
   -7.5000  -22.5000   45.0000 2440.1052   16.3172
    0.0000  -22.5000   45.0000 2491.6780   15.9879
    7.5000  -22.5000   45.0000 2470.6475   16.0231
   -7.5000  -15.0000   45.0000 2480.8572   15.8614
    0.0000  -15.0000   45.0000 2532.4971   15.5471
    7.5000  -15.0000   45.0000 2512.9976   15.6073
   -7.5000   -7.5000   45.0000 2519.4385   15.6330
    0.0000   -7.5000   45.0000 2569.5078   15.3157
    7.5000   -7.5000   45.0000 2548.7053   15.3878
   -7.5000    0.0000   45.0000 2546.9133   15.5738
    0.0000    0.0000   45.0000 2595.8037   15.2677
    7.5000    0.0000   45.0000 2575.4163   15.3598
   -7.5000    7.5000   45.0000 2561.0947   15.6940
    0.0000    7.5000   45.0000 2597.9082   15.4164
    7.5000    7.5000   45.0000 2582.1782   15.4928
   -7.5000   15.0000   45.0000 2541.1606   15.9635
    0.0000   15.0000   45.0000 2576.4236   15.7084
    7.5000   15.0000   45.0000 2561.3809   15.7885
   -7.5000   22.5000   45.0000 2509.0493   16.4068
    0.0000   22.5000   45.0000 2547.1755   16.1815
    7.5000   22.5000   45.0000 2523.4307   16.2798
   -7.5000   30.0000   45.0000 2455.3499   17.0946
    0.0000   30.0000   45.0000 2489.7393   16.8512
    7.5000   30.0000   45.0000 2466.0005   16.9717
   -7.5000   37.5000   45.0000 2386.7756   17.9279
    0.0000   37.5000   45.0000 2415.2522   17.6887
    7.5000   37.5000   45.0000 2394.2222   17.8240
   -7.5000   45.0000   45.0000 2296.5046   19.0795
    0.0000   45.0000   45.0000 2319.0647   18.8193
    7.5000   45.0000   45.0000 2302.9092   18.9607

---------------------------------------------------------------------
imgreg_4dfp /opt/freesurfer/average/711-2C_as_mni_average_305 /opt/freesurfer/average/711-2B_as_mni_average_305_mask talsrcimg_g11 none talsrcimg_to_711-2C_as_mni_average_305_t4 1283
---------------------------------------------------------------------

freesurfer imgreg_4dfp.c
/opt/freesurfer/average/711-2C_as_mni_average_305.4dfp.img
       256       256       256         1
  1.000000  1.000000  1.000000
orientation T byte_order littleendian
Reading image: /opt/freesurfer/average/711-2C_as_mni_average_305.4dfp.img
dimensions:      256       256       256
mmppix:       1.0000   -1.0000   -1.0000
center:     128.0000 -129.0000 -129.0000
/opt/freesurfer/average/711-2B_as_mni_average_305_mask.4dfp.img
       256       256       256         1
  1.000000  1.000000  1.000000
orientation T byte_order littleendian
Reading mask: /opt/freesurfer/average/711-2B_as_mni_average_305_mask.4dfp.img (2306576 pixels)
talsrcimg_g11.4dfp.img
       256       256       256         1
  1.000000  1.000000  1.000000
orientation T byte_order littleendian
Reading image: talsrcimg_g11.4dfp.img
dimensions:      256       256       256
mmppix:       1.0000   -1.0000   -1.0000
center:     128.0000 -129.0000 -129.0000
rotation matrix determinant  1.000000
fimgreg.f
image alignment mode   1283 decimal      503 hex
parameters
    0.0000   15.0000    7.5000    0.0000    0.0000    0.0000
eta,q 0.93842 12.79652
niter,ni,del,rscale     5    3   12.0000    1.2000
parameter  2 -0.744223 -> -0.500000 qaram    1.1500
parameters
    0.7206   18.4500    6.9457    0.9205    0.8953    0.5335
eta,q 0.93939 13.16292
  0.0822  0.0844  0.0710  0.0708  0.0694  0.0662
  0.0720  0.0786  0.0639  0.0665  0.0650  0.0635
  0.0672  0.0721  0.0600  0.0620  0.0620  0.0619
  0.0667  0.0665  0.0609  0.0606  0.0610  0.0608
  0.0673  0.0630  0.0641  0.0619  0.0605  0.0609
  0.0684  0.0610  0.0684  0.0638  0.0616  0.0625
  0.0752  0.0640  0.0731  0.0656  0.0658  0.0647
niter,ni,del,rscale     5    3   12.0000    1.2000
parameters
    0.3149   18.4862    7.2209    1.3290    0.6718    0.7909
eta,q 0.93914 13.18458
  0.0723  0.0755  0.0730  0.0693  0.0672  0.0654
  0.0637  0.0693  0.0663  0.0646  0.0631  0.0635
  0.0605  0.0640  0.0615  0.0611  0.0611  0.0620
  0.0606  0.0605  0.0605  0.0607  0.0609  0.0609
  0.0613  0.0623  0.0626  0.0624  0.0612  0.0613
  0.0660  0.0690  0.0658  0.0641  0.0636  0.0629
  0.0767  0.0758  0.0699  0.0662  0.0685  0.0650
niter,ni,del,rscale     4    3   12.0000    1.2000
parameters
    0.3800   18.4986    7.3511    1.4860    0.6513    0.8631
eta,q 0.93894 13.19298
  0.0746  0.0753  0.0722  0.0687  0.0677  0.0652
  0.0649  0.0695  0.0659  0.0640  0.0636  0.0635
  0.0605  0.0643  0.0616  0.0610  0.0614  0.0620
  0.0609  0.0609  0.0609  0.0609  0.0611  0.0611
  0.0614  0.0621  0.0629  0.0627  0.0612  0.0615
  0.0644  0.0687  0.0659  0.0643  0.0633  0.0632
  0.0737  0.0764  0.0704  0.0668  0.0681  0.0653
niter,ni,del,rscale     3    3   12.0000    1.2000
parameters
    0.3677   18.5065    7.4069    1.5306    0.6398    0.8913
eta,q 0.93889 13.19517
  0.0742  0.0753  0.0718  0.0684  0.0678  0.0652
  0.0646  0.0697  0.0658  0.0637  0.0637  0.0635
  0.0606  0.0645  0.0617  0.0609  0.0614  0.0620
  0.0611  0.0611  0.0610  0.0611  0.0611  0.0611
  0.0616  0.0621  0.0630  0.0628  0.0613  0.0616
  0.0647  0.0686  0.0660  0.0644  0.0634  0.0632
  0.0740  0.0767  0.0706  0.0670  0.0681  0.0654
registration optimization eta report
parameter search radius
    6.0000    6.9000    6.0000    6.0000    6.0000    6.0000
100000*second partial in parameter space
       39.       31.       28.       18.       20.       11.
  0.0742  0.0753  0.0718  0.0684  0.0678  0.0652
  0.0646  0.0697  0.0658  0.0637  0.0637  0.0635
  0.0606  0.0645  0.0617  0.0609  0.0614  0.0620
  0.0611  0.0611  0.0610  0.0611  0.0611  0.0611
  0.0616  0.0621  0.0630  0.0628  0.0613  0.0616
  0.0647  0.0686  0.0660  0.0644  0.0634  0.0632
  0.0740  0.0767  0.0706  0.0670  0.0681  0.0654
    0.3677   18.5065    7.4069    1.5306    0.6398    0.8913
eta,q 0.93889 13.19517

---------------------------------------------------------------------
imgreg_4dfp /opt/freesurfer/average/711-2C_as_mni_average_305 /opt/freesurfer/average/711-2B_as_mni_average_305_mask talsrcimg_g11 none talsrcimg_to_711-2C_as_mni_average_305_t4 3335
---------------------------------------------------------------------

freesurfer imgreg_4dfp.c
/opt/freesurfer/average/711-2C_as_mni_average_305.4dfp.img
       256       256       256         1
  1.000000  1.000000  1.000000
orientation T byte_order littleendian
Reading image: /opt/freesurfer/average/711-2C_as_mni_average_305.4dfp.img
dimensions:      256       256       256
mmppix:       1.0000   -1.0000   -1.0000
center:     128.0000 -129.0000 -129.0000
/opt/freesurfer/average/711-2B_as_mni_average_305_mask.4dfp.img
       256       256       256         1
  1.000000  1.000000  1.000000
orientation T byte_order littleendian
Reading mask: /opt/freesurfer/average/711-2B_as_mni_average_305_mask.4dfp.img (2306576 pixels)
talsrcimg_g11.4dfp.img
       256       256       256         1
  1.000000  1.000000  1.000000
orientation T byte_order littleendian
Reading image: talsrcimg_g11.4dfp.img
dimensions:      256       256       256
mmppix:       1.0000   -1.0000   -1.0000
center:     128.0000 -129.0000 -129.0000
fimgreg.f
image alignment mode   3335 decimal      D07 hex
parameters
    0.3677   18.5065    7.4069   -0.0183   -0.0482   -0.0419
   -1.5849   -1.0745    1.5555   -2.6882    1.1166    2.6710
eta,q 0.94524 13.00424
niter,ni,del,rscale     5    3    5.0000    1.2000
parameter  4  3.594466 ->  0.500000 qaram    1.1500
parameter  5  1.901978 ->  0.500000 qaram    1.1500
parameter  6  0.628705 ->  0.500000 qaram    1.1500
parameter 10  0.562530 ->  0.500000 qaram    1.1500
parameter 12  0.543685 ->  0.500000 qaram    1.1500
parameters
    0.2674   18.8592    7.9539   -4.1583   -4.1882   -4.1819
   -1.9256    0.0927    1.7618   -6.8282    0.9039   -1.4690
eta,q 0.96112 12.39174
  0.0579  0.0577  0.0577  0.0420  0.0402  0.0411  0.0439  0.0485  0.0424  0.0404  0.0409  0.0393
  0.0561  0.0564  0.0563  0.0455  0.0417  0.0408  0.0420  0.0450  0.0414  0.0395  0.0401  0.0389
  0.0551  0.0553  0.0552  0.0495  0.0438  0.0410  0.0410  0.0422  0.0408  0.0395  0.0396  0.0390
  0.0548  0.0547  0.0547  0.0545  0.0465  0.0423  0.0408  0.0408  0.0405  0.0405  0.0394  0.0394
  0.0552  0.0547  0.0545  0.0600  0.0498  0.0450  0.0413  0.0407  0.0407  0.0425  0.0396  0.0403
  0.0565  0.0553  0.0549  0.0654  0.0534  0.0487  0.0425  0.0422  0.0412  0.0448  0.0402  0.0416
  0.0586  0.0565  0.0558  0.0711  0.0574  0.0533  0.0445  0.0449  0.0422  0.0475  0.0410  0.0432
niter,ni,del,rscale     7    3    5.0000    1.2000
parameter  4  1.221160 ->  0.500000 qaram    1.3225
parameter  5  0.738427 ->  0.500000 qaram    1.3225
parameters
    0.0336   19.3677    7.7162   -8.9193   -8.9492   -4.3835
   -1.6200    0.2667    1.7922   -6.3060    0.6678   -2.9304
eta,q 0.96959 12.01905
  0.0424  0.0430  0.0403  0.0313  0.0308  0.0341  0.0350  0.0370  0.0331  0.0362  0.0318  0.0319
  0.0402  0.0411  0.0393  0.0322  0.0304  0.0320  0.0326  0.0337  0.0317  0.0333  0.0310  0.0310
  0.0390  0.0397  0.0387  0.0347  0.0311  0.0309  0.0311  0.0314  0.0308  0.0314  0.0306  0.0305
  0.0389  0.0388  0.0386  0.0386  0.0327  0.0305  0.0305  0.0305  0.0305  0.0305  0.0305  0.0305
  0.0397  0.0386  0.0390  0.0434  0.0353  0.0303  0.0309  0.0311  0.0308  0.0310  0.0306  0.0310
  0.0414  0.0392  0.0398  0.0495  0.0387  0.0315  0.0322  0.0332  0.0317  0.0326  0.0311  0.0320
  0.0441  0.0407  0.0412  0.0559  0.0428  0.0352  0.0342  0.0365  0.0330  0.0349  0.0320  0.0334
niter,ni,del,rscale     7    3    5.0000    1.2000
parameter  4  0.528880 ->  0.500000 qaram    1.5209
parameters
    0.0763   19.5985    7.9520  -14.3944  -10.5941   -4.1206
   -1.5413   -0.0491    1.7975   -6.2204   -0.4292   -3.4559
eta,q 0.97090 11.70952
  0.0357  0.0348  0.0328  0.0299  0.0322  0.0323  0.0327  0.0339  0.0315  0.0337  0.0299  0.0308
  0.0329  0.0326  0.0315  0.0292  0.0304  0.0303  0.0307  0.0311  0.0302  0.0311  0.0294  0.0298
  0.0311  0.0311  0.0307  0.0292  0.0294  0.0292  0.0295  0.0295  0.0294  0.0296  0.0291  0.0293
  0.0304  0.0304  0.0304  0.0304  0.0291  0.0291  0.0291  0.0291  0.0291  0.0291  0.0291  0.0291
  0.0310  0.0306  0.0305  0.0335  0.0301  0.0292  0.0296  0.0299  0.0294  0.0298  0.0294  0.0294
  0.0327  0.0317  0.0310  0.0382  0.0324  0.0297  0.0307  0.0318  0.0302  0.0313  0.0299  0.0302
  0.0354  0.0334  0.0320  0.0445  0.0359  0.0321  0.0325  0.0346  0.0315  0.0333  0.0306  0.0313
niter,ni,del,rscale     7    3    5.0000    1.2000
parameters
    0.2424   19.8376    8.2949  -15.0497  -11.0802   -3.9541
   -1.6100    0.0029    1.9621   -5.9751   -0.7084   -3.5075
eta,q 0.97088 11.65619
  0.0343  0.0332  0.0315  0.0345  0.0329  0.0322  0.0325  0.0344  0.0315  0.0338  0.0302  0.0310
  0.0316  0.0311  0.0303  0.0314  0.0309  0.0303  0.0306  0.0315  0.0302  0.0311  0.0296  0.0300
  0.0299  0.0297  0.0294  0.0297  0.0296  0.0292  0.0294  0.0297  0.0294  0.0295  0.0292  0.0294
  0.0291  0.0291  0.0290  0.0290  0.0291  0.0291  0.0291  0.0291  0.0291  0.0291  0.0291  0.0291
  0.0293  0.0293  0.0291  0.0295  0.0295  0.0292  0.0296  0.0297  0.0293  0.0297  0.0293  0.0293
  0.0307  0.0302  0.0295  0.0319  0.0312  0.0297  0.0308  0.0315  0.0301  0.0311  0.0297  0.0300
  0.0331  0.0318  0.0304  0.0367  0.0341  0.0322  0.0325  0.0341  0.0313  0.0329  0.0304  0.0311
niter,ni,del,rscale     6    3    5.0000    1.2000
parameters
    0.2489   19.8898    8.3765  -15.0637  -11.1472   -3.9047
   -1.6232   -0.0123    2.0491   -5.9065   -0.7809   -3.5141
eta,q 0.97086 11.65510
  0.0337  0.0326  0.0312  0.0351  0.0331  0.0322  0.0326  0.0343  0.0314  0.0336  0.0303  0.0310
  0.0312  0.0307  0.0301  0.0319  0.0311  0.0303  0.0307  0.0314  0.0302  0.0309  0.0296  0.0300
  0.0297  0.0295  0.0294  0.0299  0.0298  0.0293  0.0295  0.0297  0.0294  0.0294  0.0292  0.0294
  0.0291  0.0291  0.0291  0.0291  0.0291  0.0291  0.0291  0.0291  0.0291  0.0291  0.0291  0.0291
  0.0296  0.0295  0.0293  0.0294  0.0294  0.0292  0.0296  0.0298  0.0294  0.0298  0.0293  0.0293
  0.0311  0.0306  0.0299  0.0313  0.0309  0.0298  0.0308  0.0316  0.0301  0.0312  0.0297  0.0300
  0.0337  0.0322  0.0309  0.0358  0.0336  0.0324  0.0325  0.0342  0.0313  0.0331  0.0303  0.0311
niter,ni,del,rscale     5    3    5.0000    1.2000
parameters
    0.2455   19.8979    8.3884  -15.0711  -11.1560   -3.9005
   -1.6267   -0.0242    2.0758   -5.8937   -0.8024   -3.5152
eta,q 0.97086 11.65452
  0.0337  0.0324  0.0310  0.0351  0.0332  0.0322  0.0326  0.0343  0.0314  0.0335  0.0303  0.0310
  0.0312  0.0306  0.0300  0.0319  0.0312  0.0302  0.0307  0.0314  0.0302  0.0309  0.0297  0.0300
  0.0297  0.0294  0.0294  0.0300  0.0298  0.0293  0.0295  0.0297  0.0294  0.0294  0.0293  0.0294
  0.0291  0.0291  0.0291  0.0291  0.0291  0.0291  0.0291  0.0291  0.0291  0.0291  0.0291  0.0291
  0.0296  0.0296  0.0293  0.0294  0.0293  0.0292  0.0296  0.0298  0.0294  0.0298  0.0293  0.0293
  0.0312  0.0306  0.0300  0.0313  0.0309  0.0298  0.0308  0.0316  0.0301  0.0312  0.0297  0.0300
  0.0337  0.0323  0.0310  0.0358  0.0335  0.0325  0.0325  0.0342  0.0314  0.0331  0.0303  0.0311
registration optimization eta report
parameter search radius
    2.4000    2.4000    2.4000   10.9503    9.5220    8.2800
    7.2000    7.2000    7.2000    8.2800    7.2000    8.2800
100000*second partial in parameter space
       79.       56.       33.        5.        5.        5.
        7.       10.        4.        6.        2.        3.
  0.0337  0.0324  0.0310  0.0351  0.0332  0.0322  0.0326  0.0343  0.0314  0.0335  0.0303  0.0310
  0.0312  0.0306  0.0300  0.0319  0.0312  0.0302  0.0307  0.0314  0.0302  0.0309  0.0297  0.0300
  0.0297  0.0294  0.0294  0.0300  0.0298  0.0293  0.0295  0.0297  0.0294  0.0294  0.0293  0.0294
  0.0291  0.0291  0.0291  0.0291  0.0291  0.0291  0.0291  0.0291  0.0291  0.0291  0.0291  0.0291
  0.0296  0.0296  0.0293  0.0294  0.0293  0.0292  0.0296  0.0298  0.0294  0.0298  0.0293  0.0293
  0.0312  0.0306  0.0300  0.0313  0.0309  0.0298  0.0308  0.0316  0.0301  0.0312  0.0297  0.0300
  0.0337  0.0323  0.0310  0.0358  0.0335  0.0325  0.0325  0.0342  0.0314  0.0331  0.0303  0.0311
    0.2455   19.8979    8.3884  -15.0711  -11.1560   -3.9005
   -1.6267   -0.0242    2.0758   -5.8937   -0.8024   -3.5152
eta,q 0.97086 11.65452

---------------------------------------------------------------------
imgreg_4dfp /opt/freesurfer/average/711-2C_as_mni_average_305 /opt/freesurfer/average/711-2B_as_mni_average_305_mask talsrcimg_g11 none talsrcimg_to_711-2C_as_mni_average_305_t4 2311
---------------------------------------------------------------------

freesurfer imgreg_4dfp.c
/opt/freesurfer/average/711-2C_as_mni_average_305.4dfp.img
       256       256       256         1
  1.000000  1.000000  1.000000
orientation T byte_order littleendian
Reading image: /opt/freesurfer/average/711-2C_as_mni_average_305.4dfp.img
dimensions:      256       256       256
mmppix:       1.0000   -1.0000   -1.0000
center:     128.0000 -129.0000 -129.0000
/opt/freesurfer/average/711-2B_as_mni_average_305_mask.4dfp.img
       256       256       256         1
  1.000000  1.000000  1.000000
orientation T byte_order littleendian
Reading mask: /opt/freesurfer/average/711-2B_as_mni_average_305_mask.4dfp.img (2306576 pixels)
talsrcimg_g11.4dfp.img
       256       256       256         1
  1.000000  1.000000  1.000000
orientation T byte_order littleendian
Reading image: talsrcimg_g11.4dfp.img
dimensions:      256       256       256
mmppix:       1.0000   -1.0000   -1.0000
center:     128.0000 -129.0000 -129.0000
fimgreg.f
image alignment mode   2311 decimal      907 hex
parameters
    0.2455   19.8979    8.3884  -15.0711  -11.1560   -3.9005
   -1.6267   -0.0242    2.0758   -5.8937   -0.8024   -3.5152
eta,q 0.97086 11.65453
niter,ni,del,rscale     5    3    5.0000    0.8000
parameters
    0.2573   19.8608    8.3962  -14.1685  -10.4579   -2.6900
   -1.7122   -0.1009    2.1149   -6.2478   -1.0340   -3.5033
eta,q 0.97103 11.81129
  0.0312  0.0306  0.0300  0.0304  0.0304  0.0299  0.0306  0.0314  0.0301  0.0304  0.0294  0.0296
  0.0301  0.0297  0.0295  0.0298  0.0298  0.0293  0.0297  0.0300  0.0295  0.0295  0.0291  0.0293
  0.0294  0.0293  0.0292  0.0294  0.0294  0.0291  0.0291  0.0292  0.0291  0.0291  0.0290  0.0290
  0.0291  0.0291  0.0291  0.0291  0.0291  0.0290  0.0290  0.0290  0.0290  0.0290  0.0290  0.0290
  0.0293  0.0293  0.0292  0.0291  0.0290  0.0290  0.0292  0.0294  0.0291  0.0293  0.0291  0.0290
  0.0300  0.0299  0.0295  0.0293  0.0293  0.0290  0.0298  0.0302  0.0295  0.0299  0.0292  0.0292
  0.0312  0.0306  0.0300  0.0298  0.0299  0.0292  0.0306  0.0315  0.0300  0.0308  0.0295  0.0296
niter,ni,del,rscale     4    3    5.0000    0.7000
parameters
    0.2700   19.7481    8.4682  -13.7727  -10.3512   -2.6644
   -1.7303   -0.0841    2.1075   -6.3967   -1.0199   -3.2110
eta,q 0.97108 11.83897
  0.0306  0.0300  0.0297  0.0299  0.0299  0.0293  0.0302  0.0309  0.0298  0.0302  0.0293  0.0295
  0.0297  0.0294  0.0293  0.0295  0.0294  0.0291  0.0295  0.0298  0.0293  0.0295  0.0291  0.0292
  0.0292  0.0290  0.0290  0.0291  0.0291  0.0290  0.0291  0.0291  0.0290  0.0290  0.0290  0.0290
  0.0290  0.0290  0.0290  0.0290  0.0289  0.0289  0.0289  0.0289  0.0289  0.0289  0.0289  0.0289
  0.0291  0.0292  0.0290  0.0290  0.0290  0.0289  0.0291  0.0292  0.0290  0.0291  0.0290  0.0289
  0.0297  0.0297  0.0292  0.0292  0.0293  0.0290  0.0295  0.0298  0.0293  0.0296  0.0291  0.0291
  0.0306  0.0304  0.0295  0.0297  0.0299  0.0294  0.0302  0.0308  0.0298  0.0303  0.0293  0.0294
niter,ni,del,rscale     3    3    5.0000    0.6000
parameters
    0.2701   19.6920    8.4837  -13.6844  -10.2633   -2.4158
   -1.7484   -0.1134    2.0875   -6.4552   -1.0530   -3.1386
eta,q 0.97110 11.86095
  0.0301  0.0298  0.0294  0.0296  0.0296  0.0292  0.0298  0.0303  0.0296  0.0299  0.0292  0.0293
  0.0295  0.0293  0.0291  0.0293  0.0293  0.0290  0.0293  0.0295  0.0292  0.0293  0.0290  0.0291
  0.0291  0.0290  0.0290  0.0290  0.0290  0.0289  0.0290  0.0290  0.0290  0.0290  0.0289  0.0289
  0.0289  0.0289  0.0289  0.0289  0.0289  0.0289  0.0289  0.0289  0.0289  0.0289  0.0289  0.0289
  0.0290  0.0291  0.0290  0.0290  0.0289  0.0289  0.0290  0.0291  0.0290  0.0290  0.0289  0.0289
  0.0295  0.0294  0.0291  0.0292  0.0292  0.0289  0.0293  0.0296  0.0292  0.0294  0.0290  0.0290
  0.0301  0.0299  0.0294  0.0296  0.0296  0.0292  0.0298  0.0303  0.0296  0.0299  0.0292  0.0293
niter,ni,del,rscale     2    3    5.0000    0.5000
parameters
    0.2670   19.6666    8.5046  -13.5734  -10.1719   -2.1230
   -1.7535   -0.1399    2.0765   -6.4658   -1.0588   -3.1376
eta,q 0.97113 11.88630
  0.0297  0.0295  0.0292  0.0294  0.0294  0.0291  0.0295  0.0299  0.0293  0.0296  0.0291  0.0291
  0.0293  0.0292  0.0291  0.0291  0.0292  0.0290  0.0292  0.0293  0.0291  0.0292  0.0290  0.0290
  0.0290  0.0290  0.0289  0.0290  0.0290  0.0289  0.0289  0.0290  0.0289  0.0290  0.0289  0.0289
  0.0289  0.0289  0.0289  0.0289  0.0289  0.0289  0.0289  0.0289  0.0289  0.0289  0.0289  0.0289
  0.0290  0.0290  0.0289  0.0289  0.0289  0.0289  0.0289  0.0290  0.0289  0.0290  0.0289  0.0289
  0.0293  0.0292  0.0290  0.0291  0.0291  0.0289  0.0292  0.0294  0.0291  0.0292  0.0290  0.0290
  0.0298  0.0296  0.0292  0.0294  0.0294  0.0290  0.0295  0.0299  0.0293  0.0296  0.0291  0.0291
niter,ni,del,rscale     1    3    5.0000    0.4000
parameters
    0.2627   19.6473    8.5124  -13.4410  -10.0942   -1.7567
   -1.7588   -0.1549    2.0621   -6.4639   -1.0281   -3.1564
eta,q 0.97114 11.91535
  0.0294  0.0293  0.0291  0.0292  0.0292  0.0290  0.0293  0.0295  0.0292  0.0294  0.0290  0.0290
  0.0291  0.0291  0.0290  0.0291  0.0291  0.0289  0.0290  0.0291  0.0290  0.0291  0.0289  0.0289
  0.0289  0.0289  0.0289  0.0289  0.0289  0.0289  0.0289  0.0289  0.0289  0.0289  0.0289  0.0289
  0.0289  0.0289  0.0289  0.0289  0.0289  0.0289  0.0289  0.0289  0.0289  0.0289  0.0289  0.0289
  0.0289  0.0289  0.0289  0.0289  0.0289  0.0288  0.0289  0.0290  0.0289  0.0289  0.0289  0.0289
  0.0291  0.0291  0.0290  0.0290  0.0290  0.0289  0.0290  0.0292  0.0290  0.0291  0.0289  0.0289
  0.0294  0.0293  0.0291  0.0292  0.0292  0.0290  0.0293  0.0295  0.0292  0.0294  0.0290  0.0290
registration optimization eta report
parameter search radius
    0.8000    0.8000    0.8000    2.4000    2.4000    2.4000
    2.4000    2.4000    2.4000    2.4000    2.4000    2.4000
100000*second partial in parameter space
       86.       67.       34.        6.        6.        2.
        7.       12.        5.        9.        2.        3.
  0.0294  0.0293  0.0291  0.0292  0.0292  0.0290  0.0293  0.0295  0.0292  0.0294  0.0290  0.0290
  0.0291  0.0291  0.0290  0.0291  0.0291  0.0289  0.0290  0.0291  0.0290  0.0291  0.0289  0.0289
  0.0289  0.0289  0.0289  0.0289  0.0289  0.0289  0.0289  0.0289  0.0289  0.0289  0.0289  0.0289
  0.0289  0.0289  0.0289  0.0289  0.0289  0.0289  0.0289  0.0289  0.0289  0.0289  0.0289  0.0289
  0.0289  0.0289  0.0289  0.0289  0.0289  0.0288  0.0289  0.0290  0.0289  0.0289  0.0289  0.0289
  0.0291  0.0291  0.0290  0.0290  0.0290  0.0289  0.0290  0.0292  0.0290  0.0291  0.0289  0.0289
  0.0294  0.0293  0.0291  0.0292  0.0292  0.0290  0.0293  0.0295  0.0292  0.0294  0.0290  0.0290
    0.2627   19.6473    8.5124  -13.4410  -10.0942   -1.7567
   -1.7588   -0.1549    2.0621   -6.4639   -1.0281   -3.1564
eta,q 0.97114 11.91535

---------------------------------------------------------------------
imgreg_4dfp /opt/freesurfer/average/711-2C_as_mni_average_305 /opt/freesurfer/average/711-2B_as_mni_average_305_mask talsrcimg_g11 none talsrcimg_to_711-2C_as_mni_average_305_t4 2311
---------------------------------------------------------------------

freesurfer imgreg_4dfp.c
/opt/freesurfer/average/711-2C_as_mni_average_305.4dfp.img
       256       256       256         1
  1.000000  1.000000  1.000000
orientation T byte_order littleendian
Reading image: /opt/freesurfer/average/711-2C_as_mni_average_305.4dfp.img
dimensions:      256       256       256
mmppix:       1.0000   -1.0000   -1.0000
center:     128.0000 -129.0000 -129.0000
/opt/freesurfer/average/711-2B_as_mni_average_305_mask.4dfp.img
       256       256       256         1
  1.000000  1.000000  1.000000
orientation T byte_order littleendian
Reading mask: /opt/freesurfer/average/711-2B_as_mni_average_305_mask.4dfp.img (2306576 pixels)
talsrcimg_g11.4dfp.img
       256       256       256         1
  1.000000  1.000000  1.000000
orientation T byte_order littleendian
Reading image: talsrcimg_g11.4dfp.img
dimensions:      256       256       256
mmppix:       1.0000   -1.0000   -1.0000
center:     128.0000 -129.0000 -129.0000
fimgreg.f
image alignment mode   2311 decimal      907 hex
parameters
    0.2627   19.6473    8.5124  -13.4410  -10.0942   -1.7567
   -1.7588   -0.1549    2.0621   -6.4639   -1.0281   -3.1564
eta,q 0.97114 11.91535
niter,ni,del,rscale     5    3    5.0000    0.8000
parameters
    0.2358   19.6617    8.5307  -13.6500  -10.3997   -2.8682
   -1.6896   -0.0500    2.1066   -6.4705   -0.9250   -2.9900
eta,q 0.97108 11.83176
  0.0310  0.0306  0.0298  0.0300  0.0300  0.0292  0.0306  0.0316  0.0301  0.0307  0.0295  0.0296
  0.0298  0.0296  0.0293  0.0294  0.0294  0.0290  0.0297  0.0301  0.0295  0.0297  0.0291  0.0292
  0.0291  0.0290  0.0290  0.0290  0.0290  0.0289  0.0291  0.0292  0.0291  0.0291  0.0290  0.0290
  0.0289  0.0289  0.0289  0.0289  0.0289  0.0289  0.0289  0.0289  0.0289  0.0289  0.0289  0.0289
  0.0291  0.0291  0.0290  0.0290  0.0290  0.0289  0.0291  0.0292  0.0291  0.0292  0.0290  0.0290
  0.0299  0.0296  0.0292  0.0295  0.0296  0.0294  0.0296  0.0300  0.0294  0.0298  0.0291  0.0292
  0.0311  0.0305  0.0297  0.0303  0.0305  0.0306  0.0305  0.0313  0.0300  0.0306  0.0294  0.0295
niter,ni,del,rscale     4    3    5.0000    0.7000
parameters
    0.2642   19.6756    8.4936  -13.7915  -10.3537   -2.7469
   -1.7252   -0.0686    2.0795   -6.4821   -0.9840   -3.0663
eta,q 0.97108 11.83285
  0.0306  0.0302  0.0295  0.0297  0.0299  0.0293  0.0302  0.0309  0.0298  0.0303  0.0293  0.0294
  0.0297  0.0295  0.0292  0.0293  0.0294  0.0291  0.0295  0.0297  0.0293  0.0295  0.0291  0.0291
  0.0291  0.0291  0.0290  0.0290  0.0291  0.0290  0.0290  0.0291  0.0290  0.0291  0.0289  0.0290
  0.0289  0.0289  0.0289  0.0289  0.0289  0.0289  0.0289  0.0289  0.0289  0.0289  0.0289  0.0289
  0.0291  0.0291  0.0290  0.0290  0.0290  0.0289  0.0291  0.0292  0.0290  0.0291  0.0290  0.0290
  0.0296  0.0295  0.0292  0.0293  0.0293  0.0289  0.0295  0.0298  0.0293  0.0296  0.0291  0.0291
  0.0305  0.0302  0.0296  0.0299  0.0299  0.0293  0.0302  0.0308  0.0298  0.0303  0.0293  0.0294
niter,ni,del,rscale     3    3    5.0000    0.6000
parameters
    0.2725   19.6769    8.4992  -13.7034  -10.2774   -2.4317
   -1.7460   -0.1046    2.0707   -6.4788   -1.0449   -3.0974
eta,q 0.97110 11.85829
  0.0301  0.0299  0.0294  0.0296  0.0296  0.0292  0.0298  0.0303  0.0296  0.0299  0.0292  0.0292
  0.0295  0.0293  0.0291  0.0293  0.0293  0.0290  0.0293  0.0295  0.0292  0.0294  0.0290  0.0291
  0.0291  0.0290  0.0290  0.0290  0.0290  0.0290  0.0290  0.0290  0.0290  0.0290  0.0289  0.0289
  0.0289  0.0289  0.0289  0.0289  0.0289  0.0289  0.0289  0.0289  0.0289  0.0289  0.0289  0.0289
  0.0290  0.0290  0.0290  0.0290  0.0290  0.0289  0.0290  0.0291  0.0290  0.0290  0.0289  0.0289
  0.0294  0.0294  0.0291  0.0292  0.0292  0.0289  0.0293  0.0296  0.0292  0.0294  0.0290  0.0291
  0.0301  0.0298  0.0294  0.0296  0.0297  0.0291  0.0298  0.0303  0.0296  0.0299  0.0292  0.0293
niter,ni,del,rscale     2    3    5.0000    0.5000
parameters
    0.2710   19.6613    8.5121  -13.5679  -10.1844   -2.1397
   -1.7532   -0.1360    2.0806   -6.4743   -1.0654   -3.1065
eta,q 0.97112 11.88509
  0.0297  0.0295  0.0292  0.0294  0.0294  0.0291  0.0295  0.0299  0.0293  0.0296  0.0291  0.0291
  0.0293  0.0292  0.0291  0.0292  0.0292  0.0290  0.0292  0.0293  0.0291  0.0292  0.0290  0.0290
  0.0290  0.0290  0.0289  0.0290  0.0290  0.0289  0.0290  0.0290  0.0289  0.0290  0.0289  0.0289
  0.0289  0.0289  0.0289  0.0289  0.0289  0.0289  0.0289  0.0289  0.0289  0.0289  0.0289  0.0289
  0.0290  0.0290  0.0289  0.0289  0.0289  0.0289  0.0289  0.0290  0.0289  0.0290  0.0289  0.0289
  0.0293  0.0292  0.0290  0.0291  0.0291  0.0289  0.0292  0.0294  0.0291  0.0292  0.0290  0.0290
  0.0298  0.0296  0.0292  0.0293  0.0294  0.0290  0.0295  0.0299  0.0293  0.0296  0.0291  0.0291
niter,ni,del,rscale     1    3    5.0000    0.4000
parameters
    0.2643   19.6449    8.5183  -13.4418  -10.0943   -1.7754
   -1.7602   -0.1521    2.0646   -6.4625   -1.0276   -3.1280
eta,q 0.97114 11.91451
  0.0294  0.0293  0.0291  0.0292  0.0292  0.0290  0.0293  0.0295  0.0292  0.0294  0.0290  0.0290
  0.0291  0.0291  0.0290  0.0291  0.0291  0.0289  0.0290  0.0291  0.0290  0.0291  0.0289  0.0289
  0.0289  0.0289  0.0289  0.0289  0.0289  0.0289  0.0289  0.0289  0.0289  0.0289  0.0289  0.0289
  0.0289  0.0289  0.0289  0.0289  0.0289  0.0289  0.0289  0.0289  0.0289  0.0289  0.0289  0.0289
  0.0289  0.0289  0.0289  0.0289  0.0289  0.0288  0.0289  0.0290  0.0289  0.0289  0.0289  0.0289
  0.0291  0.0291  0.0290  0.0290  0.0290  0.0289  0.0290  0.0292  0.0290  0.0291  0.0289  0.0289
  0.0294  0.0293  0.0291  0.0292  0.0292  0.0290  0.0293  0.0295  0.0292  0.0294  0.0290  0.0290
registration optimization eta report
parameter search radius
    0.8000    0.8000    0.8000    2.4000    2.4000    2.4000
    2.4000    2.4000    2.4000    2.4000    2.4000    2.4000
100000*second partial in parameter space
       87.       67.       33.        6.        6.        2.
        7.       12.        5.        9.        2.        3.
  0.0294  0.0293  0.0291  0.0292  0.0292  0.0290  0.0293  0.0295  0.0292  0.0294  0.0290  0.0290
  0.0291  0.0291  0.0290  0.0291  0.0291  0.0289  0.0290  0.0291  0.0290  0.0291  0.0289  0.0289
  0.0289  0.0289  0.0289  0.0289  0.0289  0.0289  0.0289  0.0289  0.0289  0.0289  0.0289  0.0289
  0.0289  0.0289  0.0289  0.0289  0.0289  0.0289  0.0289  0.0289  0.0289  0.0289  0.0289  0.0289
  0.0289  0.0289  0.0289  0.0289  0.0289  0.0288  0.0289  0.0290  0.0289  0.0289  0.0289  0.0289
  0.0291  0.0291  0.0290  0.0290  0.0290  0.0289  0.0290  0.0292  0.0290  0.0291  0.0289  0.0289
  0.0294  0.0293  0.0291  0.0292  0.0292  0.0290  0.0293  0.0295  0.0292  0.0294  0.0290  0.0290
    0.2643   19.6449    8.5183  -13.4418  -10.0943   -1.7754
   -1.7602   -0.1521    2.0646   -6.4625   -1.0276   -3.1280
eta,q 0.97114 11.91451

---------------------------------------------------------------------
compute_vox2vox talsrcimg talsrcimg_to_711-2C_as_mni_average_305_t4 /opt/freesurfer/average/711-2C_as_mni_average_305
---------------------------------------------------------------------

freesurfer compute_vox2vox.c
Reading: talsrcimg.4dfp.ifh
Reading: talsrcimg_to_711-2C_as_mni_average_305_t4
Reading: /opt/freesurfer/average/711-2C_as_mni_average_305.4dfp.ifh
Writing: talsrcimg_to_711-2C_as_mni_average_305_t4_vox2vox.txt

start time Tue Mar 10 03:42:02 CET 2026
end		time Tue Mar 10 03:43:28 CET 2026

mpr2mni305 success

avi2talxfm orig_nu.mgz /opt/freesurfer/average/mni305.cor.mgz talsrcimg_to_711-2C_as_mni_average_305_t4_vox2vox.txt transforms/talairach.auto.xfm
avi2talxfm done
mv -f /out/sourcedata/freesurfer/sub-v1s5x0050727_ses-1/mri/talsrcimg_to_711-2C_as_mni_average_305_t4_vox2vox.txt /out/sourcedata/freesurfer/sub-v1s5x0050727_ses-1/mri/transforms/talsrcimg_to_711-2C_as_mni_average_305_t4_vox2vox.txt
lta_convert --src orig_nu.mgz --trg /opt/freesurfer/average/mni305.cor.mgz --inxfm transforms/talairach.auto.xfm --outlta transforms/talairach.auto.xfm.lta --subject fsaverage
7.3.2

--src: orig_nu.mgz src image (geometry).
--trg: /opt/freesurfer/average/mni305.cor.mgz trg image (geometry).
--inmni: transforms/talairach.auto.xfm input MNI/XFM transform.
--outlta: transforms/talairach.auto.xfm.lta output LTA.
--s: fsaverage subject name
 LTA read, type : 1
 1.15479   0.00328   0.02272   1.79248;
 0.01126   1.02044   0.03572  -14.99551;
-0.02571   0.07327   1.11432  -30.88435;
 0.00000   0.00000   0.00000   1.00000;
setting subject to fsaverage
Writing  LTA to file transforms/talairach.auto.xfm.lta...
lta_convert successful.
 
 
Started at Tue Mar 10 03:42:01 CET 2026
Ended   at Tue Mar 10 03:43:28 CET 2026
talairach_avi done
