/out/sourcedata/freesurfer/sub-v1s5x0050747_ses-1/mri
/opt/freesurfer/bin/talairach_avi
--i orig_nu.mgz --xfm transforms/talairach.auto.xfm
talairach_avi 7.3.2
Linux dna007 5.14.0-427.37.1.el9_4.x86_64 #1 SMP PREEMPT_DYNAMIC Fri Sep 13 12:41:50 EDT 2024 x86_64 x86_64 x86_64 GNU/Linux
Tue Mar 10 04:58:23 CET 2026
mri_convert orig_nu.mgz talsrcimg.img 
reading from orig_nu.mgz...
TR=0.00, TE=0.00, TI=0.00, flip angle=0.00
i_ras = (-1, 5.82077e-10, 0)
j_ras = (0, 1.86265e-09, -1)
k_ras = (-5.23869e-10, 1, 1.86265e-09)
writing to talsrcimg.img...
Analyze Output Matrix
-1.00000   0.00000  -0.00000   133.09024;
 0.00000   0.00000   1.00000  -127.60363;
 0.00000  -1.00000   0.00000   110.95956;
 0.00000   0.00000   0.00000   1.00000;
--------------------
INFO: set hdr.hist.orient to -1
mpr2mni305 talsrcimg
Tue Mar 10 04:58:23 CET 2026
/opt/freesurfer/bin/mpr2mni305 talsrcimg
mpr2mni305 7.3.2
target=711-2C_as_mni_average_305

---------------------------------------------------------------------
analyzeto4dfp talsrcimg -O0 -y
---------------------------------------------------------------------

freesurfer ifh2hdr.c
Tue Mar 10 04:58:23 2026
Writing: talsrcimg.4dfp.hdr
freesurfer analyzeto4dfp.c
Reading: talsrcimg.hdr
header size 348 bytes
hdr.dime.datatype	offset=70	value=2
hdr.dime.bitpix		offset=72	value=8
hdr.hist.orient		offset=252	value=-1
dimensionality     4
dimensions       256       256       256         1
Reading: talsrcimg.img
Writing: talsrcimg.4dfp.img
Writing: talsrcimg.4dfp.ifh
ifh2hdr talsrcimg -r0to247
ori=2

---------------------------------------------------------------------
gauss_4dfp talsrcimg 1.1
---------------------------------------------------------------------

freesurfer gauss_4dfp.c
Reading: talsrcimg.4dfp.img
Writing: talsrcimg_g11.4dfp.img
image dimensions 256 256 256 padded to 288 288 288
processing volume 1freesurfer ifh2hdr.c
Tue Mar 10 04:58:25 2026
Writing: talsrcimg_g11.4dfp.hdr

Writing: talsrcimg_g11.4dfp.ifh
including: talsrcimg.4dfp.img.rec in talsrcimg_g11.4dfp.img.rec

---------------------------------------------------------------------
imgreg_4dfp /opt/freesurfer/average/711-2C_as_mni_average_305 none talsrcimg_g11 none talsrcimg_to_711-2C_as_mni_average_305_t4 4355
---------------------------------------------------------------------

freesurfer imgreg_4dfp.c
/opt/freesurfer/average/711-2C_as_mni_average_305.4dfp.img
       256       256       256         1
  1.000000  1.000000  1.000000
orientation T byte_order littleendian
Reading image: /opt/freesurfer/average/711-2C_as_mni_average_305.4dfp.img
dimensions:      256       256       256
mmppix:       1.0000   -1.0000   -1.0000
center:     128.0000 -129.0000 -129.0000
talsrcimg_g11.4dfp.img
       256       256       256         1
  1.000000  1.000000  1.000000
orientation T byte_order littleendian
Reading image: talsrcimg_g11.4dfp.img
dimensions:      256       256       256
mmppix:       1.0000   -1.0000   -1.0000
center:     128.0000 -129.0000 -129.0000
t4_read: open error in t4_sub.f l:  41 t4_file(1:l)talsrcimg_to_711-2C_as_mni_average_305_t4 
t4_read: transform initialized to I4
rotation matrix determinant  1.000000
image alignment mode   4355 decimal     1103 hex
   -7.5000  -45.0000  -45.0000 7906.6597   15.2856
    0.0000  -45.0000  -45.0000 8229.2783   15.2845
    7.5000  -45.0000  -45.0000 7925.7656   15.2816
   -7.5000  -37.5000  -45.0000 8438.3838   15.0960
    0.0000  -37.5000  -45.0000 8779.4990   15.0997
    7.5000  -37.5000  -45.0000 8475.0859   15.0952
   -7.5000  -30.0000  -45.0000 9332.3828   14.9742
    0.0000  -30.0000  -45.0000 9724.8311   14.9819
    7.5000  -30.0000  -45.0000 9386.9561   14.9780
   -7.5000  -22.5000  -45.000010220.8721   14.9383
    0.0000  -22.5000  -45.000010668.5215   14.9453
    7.5000  -22.5000  -45.000010293.8867   14.9439
   -7.5000  -15.0000  -45.000010967.7236   14.9568
    0.0000  -15.0000  -45.000011452.1133   14.9588
    7.5000  -15.0000  -45.000011026.8076   14.9591
   -7.5000   -7.5000  -45.000011481.0898   14.9719
    0.0000   -7.5000  -45.000012027.4629   14.9697
    7.5000   -7.5000  -45.000011556.2500   14.9693
   -7.5000    0.0000  -45.000011902.0410   14.9698
    0.0000    0.0000  -45.000012494.0879   14.9685
    7.5000    0.0000  -45.000011990.5264   14.9660
   -7.5000    7.5000  -45.000011385.8389   14.9568
    0.0000    7.5000  -45.000011948.8701   14.9607
    7.5000    7.5000  -45.000011488.2900   14.9566
   -7.5000   15.0000  -45.000010831.6445   14.9402
    0.0000   15.0000  -45.000011360.8594   14.9482
    7.5000   15.0000  -45.000010937.8066   14.9444
   -7.5000   22.5000  -45.000010269.9102   14.9359
    0.0000   22.5000  -45.000010770.7012   14.9429
    7.5000   22.5000  -45.000010380.5020   14.9415
   -7.5000   30.0000  -45.0000 9629.8164   14.8975
    0.0000   30.0000  -45.000010092.7881   14.8996
    7.5000   30.0000  -45.0000 9720.2139   14.8983
   -7.5000   37.5000  -45.0000 9367.6182   15.2193
    0.0000   37.5000  -45.0000 9846.8379   15.2156
    7.5000   37.5000  -45.0000 9446.5771   15.2115
   -7.5000   45.0000  -45.0000 8789.0938   15.2024
    0.0000   45.0000  -45.0000 9226.1729   15.1992
    7.5000   45.0000  -45.0000 8847.6611   15.1902
   -7.5000  -45.0000  -37.5000 8346.4580   15.2803
    0.0000  -45.0000  -37.5000 8714.8633   15.2776
    7.5000  -45.0000  -37.5000 8395.9131   15.2702
   -7.5000  -37.5000  -37.5000 8912.1807   15.0822
    0.0000  -37.5000  -37.5000 9297.8271   15.0849
    7.5000  -37.5000  -37.5000 8968.8193   15.0766
   -7.5000  -30.0000  -37.5000 9909.6211   14.9485
    0.0000  -30.0000  -37.500010352.8477   14.9580
    7.5000  -30.0000  -37.5000 9977.1904   14.9516
   -7.5000  -22.5000  -37.500010860.1152   14.9097
    0.0000  -22.5000  -37.500011356.7949   14.9205
    7.5000  -22.5000  -37.500010947.1025   14.9175
   -7.5000  -15.0000  -37.500011635.5391   14.9345
    0.0000  -15.0000  -37.500012167.8477   14.9402
    7.5000  -15.0000  -37.500011727.7461   14.9389
   -7.5000   -7.5000  -37.500012197.9727   14.9606
    0.0000   -7.5000  -37.500012774.2520   14.9593
    7.5000   -7.5000  -37.500012300.9590   14.9559
   -7.5000    0.0000  -37.500012652.5586   14.9637
    0.0000    0.0000  -37.500013272.8271   14.9609
    7.5000    0.0000  -37.500012778.7461   14.9542
   -7.5000    7.5000  -37.500012140.4424   14.9430
    0.0000    7.5000  -37.500012734.0352   14.9460
    7.5000    7.5000  -37.500012239.3906   14.9380
   -7.5000   15.0000  -37.500011516.5430   14.9147
    0.0000   15.0000  -37.500012082.5928   14.9244
    7.5000   15.0000  -37.500011631.9902   14.9181
   -7.5000   22.5000  -37.500010897.4033   14.9073
    0.0000   22.5000  -37.500011420.2764   14.9181
    7.5000   22.5000  -37.500011004.0859   14.9151
   -7.5000   30.0000  -37.500010192.0098   14.8750
    0.0000   30.0000  -37.500010689.3594   14.8804
    7.5000   30.0000  -37.500010290.0322   14.8772
   -7.5000   37.5000  -37.5000 9944.0918   15.2079
    0.0000   37.5000  -37.500010462.7783   15.2044
    7.5000   37.5000  -37.500010037.3369   15.1959
   -7.5000   45.0000  -37.5000 9320.5264   15.1992
    0.0000   45.0000  -37.5000 9820.9844   15.1927
    7.5000   45.0000  -37.5000 9407.3516   15.1772
   -7.5000  -45.0000  -30.0000 8942.4531   15.9295
    0.0000  -45.0000  -30.0000 9331.8076   15.9204
    7.5000  -45.0000  -30.0000 9002.1064   15.9033
   -7.5000  -37.5000  -30.0000 9561.0645   15.7100
    0.0000  -37.5000  -30.0000 9995.4883   15.7096
    7.5000  -37.5000  -30.0000 9625.8486   15.6966
   -7.5000  -30.0000  -30.000010618.7432   15.5570
    0.0000  -30.0000  -30.000011133.2598   15.5678
    7.5000  -30.0000  -30.000010717.8311   15.5615
   -7.5000  -22.5000  -30.000011629.8545   15.5168
    0.0000  -22.5000  -30.000012194.1963   15.5298
    7.5000  -22.5000  -30.000011709.2588   15.5261
   -7.5000  -15.0000  -30.000012466.0146   15.5543
    0.0000  -15.0000  -30.000013039.8672   15.5592
    7.5000  -15.0000  -30.000012546.7930   15.5525
   -7.5000   -7.5000  -30.000013098.1348   15.5931
    0.0000   -7.5000  -30.000013696.2197   15.5868
    7.5000   -7.5000  -30.000013204.8301   15.5741
   -7.5000    0.0000  -30.000013581.7344   15.5984
    0.0000    0.0000  -30.000014233.0127   15.5892
    7.5000    0.0000  -30.000013710.2285   15.5729
   -7.5000    7.5000  -30.000013025.3271   15.5648
    0.0000    7.5000  -30.000013671.9893   15.5648
    7.5000    7.5000  -30.000013169.8623   15.5522
   -7.5000   15.0000  -30.000012354.2305   15.5218
    0.0000   15.0000  -30.000012996.0801   15.5328
    7.5000   15.0000  -30.000012517.0186   15.5267
   -7.5000   22.5000  -30.000011672.8477   15.5127
    0.0000   22.5000  -30.000012265.9990   15.5257
    7.5000   22.5000  -30.000011780.0576   15.5221
   -7.5000   30.0000  -30.000010903.5361   15.4948
    0.0000   30.0000  -30.000011454.8330   15.4990
    7.5000   30.0000  -30.000011018.1113   15.4900
   -7.5000   37.5000  -30.000010639.2451   15.8544
    0.0000   37.5000  -30.000011216.8496   15.8445
    7.5000   37.5000  -30.000010768.3564   15.8252
   -7.5000   45.0000  -30.0000 9964.9707   15.8606
    0.0000   45.0000  -30.000010507.3232   15.8454
    7.5000   45.0000  -30.000010075.1914   15.8186
   -7.5000  -45.0000  -22.5000 9497.7832   16.4693
    0.0000  -45.0000  -22.5000 9893.0029   16.4562
    7.5000  -45.0000  -22.5000 9551.6582   16.4340
   -7.5000  -37.5000  -22.500010170.8242   16.2396
    0.0000  -37.5000  -22.500010633.6396   16.2373
    7.5000  -37.5000  -22.500010263.9570   16.2237
   -7.5000  -30.0000  -22.500011308.8721   16.0806
    0.0000  -30.0000  -22.500011845.1436   16.0908
    7.5000  -30.0000  -22.500011422.7656   16.0873
   -7.5000  -22.5000  -22.500012376.1738   16.0423
    0.0000  -22.5000  -22.500012945.4912   16.0530
    7.5000  -22.5000  -22.500012456.3604   16.0506
   -7.5000  -15.0000  -22.500013262.3574   16.0853
    0.0000  -15.0000  -22.500013876.7715   16.0856
    7.5000  -15.0000  -22.500013351.0088   16.0756
   -7.5000   -7.5000  -22.500013952.5859   16.1253
    0.0000   -7.5000  -22.500014614.1924   16.1137
    7.5000   -7.5000  -22.500014054.6191   16.0946
   -7.5000    0.0000  -22.500014459.5703   16.1274
    0.0000    0.0000  -22.500015172.1553   16.1140
    7.5000    0.0000  -22.500014597.4453   16.0927
   -7.5000    7.5000  -22.500013857.9551   16.0896
    0.0000    7.5000  -22.500014588.6953   16.0878
    7.5000    7.5000  -22.500014009.5176   16.0748
   -7.5000   15.0000  -22.500013159.1396   16.0442
    0.0000   15.0000  -22.500013863.0068   16.0545
    7.5000   15.0000  -22.500013285.0703   16.0513
   -7.5000   22.5000  -22.500012432.2021   16.0370
    0.0000   22.5000  -22.500013127.9473   16.0477
    7.5000   22.5000  -22.500012548.4834   16.0453
   -7.5000   30.0000  -22.500011624.4648   16.0278
    0.0000   30.0000  -22.500012267.6895   16.0272
    7.5000   30.0000  -22.500011740.2773   16.0146
   -7.5000   37.5000  -22.500011328.4795   16.3998
    0.0000   37.5000  -22.500011961.5596   16.3837
    7.5000   37.5000  -22.500011449.0898   16.3580
   -7.5000   45.0000  -22.500010585.0986   16.4113
    0.0000   45.0000  -22.500011165.3730   16.3917
    7.5000   45.0000  -22.500010685.7852   16.3603
   -7.5000  -45.0000  -15.000010041.2021   16.8480
    0.0000  -45.0000  -15.000010481.2041   16.8364
    7.5000  -45.0000  -15.000010103.6719   16.8189
   -7.5000  -37.5000  -15.000010758.4668   16.6224
    0.0000  -37.5000  -15.000011284.4531   16.6208
    7.5000  -37.5000  -15.000010858.5361   16.6116
   -7.5000  -30.0000  -15.000011986.4062   16.4721
    0.0000  -30.0000  -15.000012555.5654   16.4798
    7.5000  -30.0000  -15.000012094.2969   16.4798
   -7.5000  -22.5000  -15.000013102.2812   16.4356
    0.0000  -22.5000  -15.000013701.7578   16.4418
    7.5000  -22.5000  -15.000013200.6572   16.4417
   -7.5000  -15.0000  -15.000014010.5312   16.4729
    0.0000  -15.0000  -15.000014689.3252   16.4689
    7.5000  -15.0000  -15.000014118.9814   16.4609
   -7.5000   -7.5000  -15.000014773.6533   16.5025
    0.0000   -7.5000  -15.000015487.9072   16.4897
    7.5000   -7.5000  -15.000014854.6338   16.4736
   -7.5000    0.0000  -15.000015340.4785   16.4996
    0.0000    0.0000  -15.000016120.5674   16.4877
    7.5000    0.0000  -15.000015457.1328   16.4707
   -7.5000    7.5000  -15.000014654.7100   16.4693
    0.0000    7.5000  -15.000015430.3535   16.4681
    7.5000    7.5000  -15.000014778.0195   16.4595
   -7.5000   15.0000  -15.000013908.0322   16.4346
    0.0000   15.0000  -15.000014663.5430   16.4427
    7.5000   15.0000  -15.000013999.7549   16.4429
   -7.5000   22.5000  -15.000013123.5029   16.4294
    0.0000   22.5000  -15.000013878.2520   16.4357
    7.5000   22.5000  -15.000013242.6123   16.4355
   -7.5000   30.0000  -15.000012298.4473   16.4167
    0.0000   30.0000  -15.000013017.9922   16.4121
    7.5000   30.0000  -15.000012415.4795   16.4016
   -7.5000   37.5000  -15.000011979.7988   16.7849
    0.0000   37.5000  -15.000012661.8193   16.7682
    7.5000   37.5000  -15.000012090.5059   16.7468
   -7.5000   45.0000  -15.000011178.3398   16.7950
    0.0000   45.0000  -15.000011785.5508   16.7785
    7.5000   45.0000  -15.000011277.9648   16.7538
   -7.5000  -45.0000   -7.500010629.5508   17.0382
    0.0000  -45.0000   -7.500011118.5605   17.0320
    7.5000  -45.0000   -7.500010702.5059   17.0239
   -7.5000  -37.5000   -7.500011388.5352   16.8231
    0.0000  -37.5000   -7.500011946.6855   16.8242
    7.5000  -37.5000   -7.500011499.1455   16.8195
   -7.5000  -30.0000   -7.500012688.8467   16.6852
    0.0000  -30.0000   -7.500013320.2500   16.6921
    7.5000  -30.0000   -7.500012825.9688   16.6916
   -7.5000  -22.5000   -7.500013818.6641   16.6483
    0.0000  -22.5000   -7.500014513.2920   16.6530
    7.5000  -22.5000   -7.500013980.7529   16.6530
   -7.5000  -15.0000   -7.500014763.0410   16.6743
    0.0000  -15.0000   -7.500015510.1777   16.6710
    7.5000  -15.0000   -7.500014922.8916   16.6679
   -7.5000   -7.5000   -7.500015539.3701   16.6922
    0.0000   -7.5000   -7.500016340.2617   16.6835
    7.5000   -7.5000   -7.500015654.5723   16.6766
   -7.5000    0.0000   -7.500016198.9414   16.6869
    0.0000    0.0000   -7.500017018.2637   16.6805
    7.5000    0.0000   -7.500016302.7832   16.6727
   -7.5000    7.5000   -7.500015494.5840   16.6683
    0.0000    7.5000   -7.500016326.9844   16.6698
    7.5000    7.5000   -7.500015614.6787   16.6655
   -7.5000   15.0000   -7.500014690.3008   16.6473
    0.0000   15.0000   -7.500015514.9600   16.6545
    7.5000   15.0000   -7.500014821.4609   16.6541
   -7.5000   22.5000   -7.500013852.5361   16.6403
    0.0000   22.5000   -7.500014695.7988   16.6450
    7.5000   22.5000   -7.500014003.2227   16.6450
   -7.5000   30.0000   -7.500012934.5830   16.6155
    0.0000   30.0000   -7.500013734.0078   16.6123
    7.5000   30.0000   -7.500013087.0098   16.6070
   -7.5000   37.5000   -7.500012601.4932   16.9749
    0.0000   37.5000   -7.500013348.0967   16.9636
    7.5000   37.5000   -7.500012722.6318   16.9528
   -7.5000   45.0000   -7.500011762.6572   16.9838
    0.0000   45.0000   -7.500012426.5674   16.9748
    7.5000   45.0000   -7.500011858.3984   16.9607
   -7.5000  -45.0000    0.000011132.8350   17.0811
    0.0000  -45.0000    0.000011663.6777   17.0798
    7.5000  -45.0000    0.000011225.0146   17.0766
   -7.5000  -37.5000    0.000011931.1113   16.8696
    0.0000  -37.5000    0.000012538.3857   16.8737
    7.5000  -37.5000    0.000012068.9404   16.8687
   -7.5000  -30.0000    0.000013304.0537   16.7337
    0.0000  -30.0000    0.000013980.1895   16.7423
    7.5000  -30.0000    0.000013459.8252   16.7379
   -7.5000  -22.5000    0.000014454.4854   16.6936
    0.0000  -22.5000    0.000015179.0898   16.7013
    7.5000  -22.5000    0.000014640.5156   16.6997
   -7.5000  -15.0000    0.000015433.6162   16.7141
    0.0000  -15.0000    0.000016208.8809   16.7163
    7.5000  -15.0000    0.000015634.4268   16.7166
   -7.5000   -7.5000    0.000016215.7744   16.7310
    0.0000   -7.5000    0.000017059.8965   16.7284
    7.5000   -7.5000    0.000016381.8789   16.7280
   -7.5000    0.0000    0.000016934.4609   16.7287
    0.0000    0.0000    0.000017813.6523   16.7272
    7.5000    0.0000    0.000017059.6230   16.7245
   -7.5000    7.5000    0.000016306.4834   16.7143
    0.0000    7.5000    0.000017263.3242   16.7186
    7.5000    7.5000    0.000016501.2949   16.7140
   -7.5000   15.0000    0.000015494.1709   16.6958
    0.0000   15.0000    0.000016505.8945   16.7046
    7.5000   15.0000    0.000015773.0059   16.7004
   -7.5000   22.5000    0.000014611.9883   16.6855
    0.0000   22.5000    0.000015562.8682   16.6933
    7.5000   22.5000    0.000014852.8467   16.6917
   -7.5000   30.0000    0.000013579.5068   16.6541
    0.0000   30.0000    0.000014431.2129   16.6564
    7.5000   30.0000    0.000013780.1172   16.6549
   -7.5000   37.5000    0.000013195.2695   17.0133
    0.0000   37.5000    0.000013967.3066   17.0091
    7.5000   37.5000    0.000013334.7773   17.0045
   -7.5000   45.0000    0.000012289.7773   17.0273
    0.0000   45.0000    0.000013008.3154   17.0237
    7.5000   45.0000    0.000012418.3398   17.0136
   -7.5000  -45.0000    7.500010848.0781   17.0967
    0.0000  -45.0000    7.500011374.3037   17.0938
    7.5000  -45.0000    7.500010943.9219   17.0855
   -7.5000  -37.5000    7.500011621.7012   16.8750
    0.0000  -37.5000    7.500012210.2090   16.8781
    7.5000  -37.5000    7.500011772.5703   16.8688
   -7.5000  -30.0000    7.500012938.3857   16.7255
    0.0000  -30.0000    7.500013559.9834   16.7361
    7.5000  -30.0000    7.500013094.5244   16.7289
   -7.5000  -22.5000    7.500014037.6299   16.6820
    0.0000  -22.5000    7.500014682.8271   16.6942
    7.5000  -22.5000    7.500014184.9043   16.6909
   -7.5000  -15.0000    7.500014961.0918   16.7099
    0.0000  -15.0000    7.500015647.8574   16.7163
    7.5000  -15.0000    7.500015118.3223   16.7148
   -7.5000   -7.5000    7.500015726.7734   16.7391
    0.0000   -7.5000    7.500016445.5020   16.7377
    7.5000   -7.5000    7.500015876.8066   16.7339
   -7.5000    0.0000    7.500016442.7363   16.7425
    0.0000    0.0000    7.500017242.7402   16.7394
    7.5000    0.0000    7.500016575.9629   16.7319
   -7.5000    7.5000    7.500015910.1338   16.7193
    0.0000    7.5000    7.500016928.4961   16.7227
    7.5000    7.5000    7.500016203.8574   16.7137
   -7.5000   15.0000    7.500015209.0439   16.6876
    0.0000   15.0000    7.500016293.0449   16.6985
    7.5000   15.0000    7.500015539.4766   16.6915
   -7.5000   22.5000    7.500014287.6973   16.6739
    0.0000   22.5000    7.500015243.6455   16.6861
    7.5000   22.5000    7.500014496.1982   16.6828
   -7.5000   30.0000    7.500013206.7969   16.6497
    0.0000   30.0000    7.500013990.6348   16.6558
    7.5000   30.0000    7.500013338.1270   16.6522
   -7.5000   37.5000    7.500012775.2529   17.0223
    0.0000   37.5000    7.500013529.4941   17.0185
    7.5000   37.5000    7.500012869.0518   17.0090
   -7.5000   45.0000    7.500011900.9004   17.0459
    0.0000   45.0000    7.500012593.5293   17.0387
    7.5000   45.0000    7.500011991.4092   17.0212
   -7.5000  -45.0000   15.000010409.5684   17.1055
    0.0000  -45.0000   15.000010934.1963   17.0957
    7.5000  -45.0000   15.000010513.9336   17.0774
   -7.5000  -37.5000   15.000011169.9473   16.8698
    0.0000  -37.5000   15.000011746.2031   16.8694
    7.5000  -37.5000   15.000011335.2178   16.8553
   -7.5000  -30.0000   15.000012444.7275   16.7054
    0.0000  -30.0000   15.000013025.6201   16.7171
    7.5000  -30.0000   15.000012607.1309   16.7103
   -7.5000  -22.5000   15.000013484.8672   16.6623
    0.0000  -22.5000   15.000014077.1279   16.6763
    7.5000  -22.5000   15.000013661.8311   16.6723
   -7.5000  -15.0000   15.000014369.3730   16.7025
    0.0000  -15.0000   15.000014970.7979   16.7078
    7.5000  -15.0000   15.000014553.0967   16.7007
   -7.5000   -7.5000   15.000015107.4248   16.7442
    0.0000   -7.5000   15.000015775.7266   16.7376
    7.5000   -7.5000   15.000015289.4912   16.7239
   -7.5000    0.0000   15.000015819.4658   16.7500
    0.0000    0.0000   15.000016576.9844   16.7401
    7.5000    0.0000   15.000015992.5762   16.7226
   -7.5000    7.5000   15.000015293.8994   16.7139
    0.0000    7.5000   15.000016236.0586   16.7138
    7.5000    7.5000   15.000015533.8691   16.7003
   -7.5000   15.0000   15.000014667.3682   16.6676
    0.0000   15.0000   15.000015639.1992   16.6795
    7.5000   15.0000   15.000014824.3545   16.6729
   -7.5000   22.5000   15.000013807.4736   16.6543
    0.0000   22.5000   15.000014685.5869   16.6682
    7.5000   22.5000   15.000013851.5000   16.6643
   -7.5000   30.0000   15.000012726.6289   16.6436
    0.0000   30.0000   15.000013504.8477   16.6481
    7.5000   30.0000   15.000012761.3076   16.6384
   -7.5000   37.5000   15.000012257.9756   17.0299
    0.0000   37.5000   15.000013005.2041   17.0193
    7.5000   37.5000   15.000012312.0449   16.9985
   -7.5000   45.0000   15.000011396.0557   17.0591
    0.0000   45.0000   15.000012044.9121   17.0428
    7.5000   45.0000   15.000011463.4307   17.0139
   -7.5000  -45.0000   22.5000 9918.1025   17.0965
    0.0000  -45.0000   22.500010388.3906   17.0829
    7.5000  -45.0000   22.500010014.2041   17.0598
   -7.5000  -37.5000   22.500010674.1943   16.8580
    0.0000  -37.5000   22.500011193.1729   16.8556
    7.5000  -37.5000   22.500010818.7188   16.8415
   -7.5000  -30.0000   22.500011884.2646   16.6930
    0.0000  -30.0000   22.500012454.1992   16.7035
    7.5000  -30.0000   22.500012051.3867   16.7000
   -7.5000  -22.5000   22.500012870.6924   16.6532
    0.0000  -22.5000   22.500013472.6094   16.6643
    7.5000  -22.5000   22.500013039.5352   16.6619
   -7.5000  -15.0000   22.500013697.4980   16.6978
    0.0000  -15.0000   22.500014341.9170   16.6981
    7.5000  -15.0000   22.500013861.9453   16.6878
   -7.5000   -7.5000   22.500014427.4893   16.7394
    0.0000   -7.5000   22.500015119.8125   16.7273
    7.5000   -7.5000   22.500014574.7871   16.7075
   -7.5000    0.0000   22.500015035.9883   16.7415
    0.0000    0.0000   22.500015819.6484   16.7277
    7.5000    0.0000   22.500015231.2334   16.7055
   -7.5000    7.5000   22.500014453.5947   16.7024
    0.0000    7.5000   22.500015303.9375   16.7004
    7.5000    7.5000   22.500014692.4287   16.6869
   -7.5000   15.0000   22.500013765.8926   16.6551
    0.0000   15.0000   22.500014550.8984   16.6659
    7.5000   15.0000   22.500013945.1309   16.6626
   -7.5000   22.5000   22.500012957.0400   16.6452
    0.0000   22.5000   22.500013709.2490   16.6563
    7.5000   22.5000   22.500013076.9463   16.6538
   -7.5000   30.0000   22.500012055.8340   16.6405
    0.0000   30.0000   22.500012772.4873   16.6399
    7.5000   30.0000   22.500012152.4551   16.6268
   -7.5000   37.5000   22.500011656.0850   17.0267
    0.0000   37.5000   22.500012335.6484   17.0100
    7.5000   37.5000   22.500011754.1787   16.9834
   -7.5000   45.0000   22.500010842.9043   17.0511
    0.0000   45.0000   22.500011442.6836   17.0307
    7.5000   45.0000   22.500010932.5869   16.9981
   -7.5000  -45.0000   30.0000 9346.2227   17.0798
    0.0000  -45.0000   30.0000 9808.9043   17.0680
    7.5000  -45.0000   30.0000 9450.1162   17.0502
   -7.5000  -37.5000   30.000010075.0068   16.8511
    0.0000  -37.5000   30.000010602.8730   16.8494
    7.5000  -37.5000   30.000010210.0840   16.8401
   -7.5000  -30.0000   30.000011220.0059   16.6986
    0.0000  -30.0000   30.000011801.2051   16.7065
    7.5000  -30.0000   30.000011371.8760   16.7064
   -7.5000  -22.5000   30.000012137.5654   16.6616
    0.0000  -22.5000   30.000012733.9004   16.6680
    7.5000  -22.5000   30.000012279.8389   16.6678
   -7.5000  -15.0000   30.000012889.1943   16.6995
    0.0000  -15.0000   30.000013517.1992   16.6954
    7.5000  -15.0000   30.000013040.0645   16.6873
   -7.5000   -7.5000   30.000013539.9014   16.7295
    0.0000   -7.5000   30.000014209.1045   16.7165
    7.5000   -7.5000   30.000013700.3809   16.7002
   -7.5000    0.0000   30.000014076.6045   16.7265
    0.0000    0.0000   30.000014794.0127   16.7145
    7.5000    0.0000   30.000014298.4336   16.6973
   -7.5000    7.5000   30.000013508.2754   16.6958
    0.0000    7.5000   30.000014201.9248   16.6946
    7.5000    7.5000   30.000013733.1943   16.6859
   -7.5000   15.0000   30.000012842.0957   16.6607
    0.0000   15.0000   30.000013459.5635   16.6688
    7.5000   15.0000   30.000013018.8008   16.6690
   -7.5000   22.5000   30.000012080.7129   16.6536
    0.0000   22.5000   30.000012671.3174   16.6599
    7.5000   22.5000   30.000012227.0518   16.6597
   -7.5000   30.0000   30.000011251.0488   16.6425
    0.0000   30.0000   30.000011814.1660   16.6379
    7.5000   30.0000   30.000011375.8691   16.6272
   -7.5000   37.5000   30.000010953.5010   17.0158
    0.0000   37.5000   30.000011475.0957   16.9988
    7.5000   37.5000   30.000011049.6309   16.9772
   -7.5000   45.0000   30.000010223.8984   17.0306
    0.0000   45.0000   30.000010708.9219   17.0138
    7.5000   45.0000   30.000010312.1846   16.9887
   -7.5000  -45.0000   37.5000 9083.1338   17.1277
    0.0000  -45.0000   37.5000 9570.2363   17.1214
    7.5000  -45.0000   37.5000 9202.5840   17.1132
   -7.5000  -37.5000   37.5000 9772.5518   16.9106
    0.0000  -37.5000   37.500010293.6338   16.9117
    7.5000  -37.5000   37.5000 9894.1670   16.9069
   -7.5000  -30.0000   37.500010887.1455   16.7715
    0.0000  -30.0000   37.500011435.6396   16.7785
    7.5000  -30.0000   37.500011009.4619   16.7779
   -7.5000  -22.5000   37.500011730.9844   16.7346
    0.0000  -22.5000   37.500012326.1357   16.7393
    7.5000  -22.5000   37.500011879.4648   16.7391
   -7.5000  -15.0000   37.500012456.1777   16.7610
    0.0000  -15.0000   37.500013087.5615   16.7576
    7.5000  -15.0000   37.500012614.5303   16.7543
   -7.5000   -7.5000   37.500013044.4854   16.7790
    0.0000   -7.5000   37.500013709.2979   16.7701
    7.5000   -7.5000   37.500013222.6465   16.7630
   -7.5000    0.0000   37.500013573.1807   16.7735
    0.0000    0.0000   37.500014277.1943   16.7669
    7.5000    0.0000   37.500013771.1260   16.7591
   -7.5000    7.5000   37.500013038.6680   16.7545
    0.0000    7.5000   37.500013716.2520   16.7559
    7.5000    7.5000   37.500013224.1611   16.7516
   -7.5000   15.0000   37.500012388.7695   16.7333
    0.0000   15.0000   37.500012985.5146   16.7405
    7.5000   15.0000   37.500012532.0078   16.7401
   -7.5000   22.5000   37.500011666.3301   16.7265
    0.0000   22.5000   37.500012209.4092   16.7312
    7.5000   22.5000   37.500011772.8867   16.7310
   -7.5000   30.0000   37.500010869.6660   16.7029
    0.0000   30.0000   37.500011382.9697   16.6995
    7.5000   30.0000   37.500010957.8252   16.6940
   -7.5000   37.5000   37.500010594.5371   17.0653
    0.0000   37.5000   37.500011076.3643   17.0538
    7.5000   37.5000   37.500010654.6973   17.0427
   -7.5000   45.0000   37.5000 9888.8613   17.0762
    0.0000   45.0000   37.500010337.6006   17.0670
    7.5000   45.0000   37.5000 9958.8193   17.0528
   -7.5000  -45.0000   45.0000 8384.5908   17.1701
    0.0000  -45.0000   45.0000 8835.7266   17.1691
    7.5000  -45.0000   45.0000 8485.1904   17.1663
   -7.5000  -37.5000   45.0000 8999.7432   16.9558
    0.0000  -37.5000   45.0000 9486.5186   16.9602
    7.5000  -37.5000   45.0000 9101.9131   16.9554
   -7.5000  -30.0000   45.000010009.4658   16.8184
    0.0000  -30.0000   45.000010555.9189   16.8274
    7.5000  -30.0000   45.000010127.3350   16.8232
   -7.5000  -22.5000   45.000010777.7070   16.7775
    0.0000  -22.5000   45.000011354.7549   16.7858
    7.5000  -22.5000   45.000010926.6006   16.7846
   -7.5000  -15.0000   45.000011439.6465   16.7977
    0.0000  -15.0000   45.000012048.6914   16.8004
    7.5000  -15.0000   45.000011601.5371   16.8012
   -7.5000   -7.5000   45.000011985.5449   16.8141
    0.0000   -7.5000   45.000012600.3965   16.8120
    7.5000   -7.5000   45.000012162.5068   16.8121
   -7.5000    0.0000   45.000012451.6553   16.8117
    0.0000    0.0000   45.000013101.9600   16.8105
    7.5000    0.0000   45.000012631.1992   16.8082
   -7.5000    7.5000   45.000011982.1250   16.7978
    0.0000    7.5000   45.000012559.1709   16.8025
    7.5000    7.5000   45.000012115.6465   16.7981
   -7.5000   15.0000   45.000011380.6260   16.7798
    0.0000   15.0000   45.000011888.9385   16.7890
    7.5000   15.0000   45.000011477.5186   16.7850
   -7.5000   22.5000   45.000010700.0215   16.7693
    0.0000   22.5000   45.000011180.3916   16.7776
    7.5000   22.5000   45.000010791.5654   16.7764
   -7.5000   30.0000   45.0000 9992.3291   16.7378
    0.0000   30.0000   45.000010442.3906   16.7406
    7.5000   30.0000   45.000010064.7383   16.7396
   -7.5000   37.5000   45.0000 9761.0635   17.1024
    0.0000   37.5000   45.000010203.3691   17.0986
    7.5000   37.5000   45.0000 9820.4297   17.0945
   -7.5000   45.0000   45.0000 9106.8623   17.1307
    0.0000   45.0000   45.0000 9542.3379   17.1274
    7.5000   45.0000   45.0000 9185.7090   17.1176

---------------------------------------------------------------------
imgreg_4dfp /opt/freesurfer/average/711-2C_as_mni_average_305 /opt/freesurfer/average/711-2B_as_mni_average_305_mask talsrcimg_g11 none talsrcimg_to_711-2C_as_mni_average_305_t4 4355
---------------------------------------------------------------------

freesurfer imgreg_4dfp.c
/opt/freesurfer/average/711-2C_as_mni_average_305.4dfp.img
       256       256       256         1
  1.000000  1.000000  1.000000
orientation T byte_order littleendian
Reading image: /opt/freesurfer/average/711-2C_as_mni_average_305.4dfp.img
dimensions:      256       256       256
mmppix:       1.0000   -1.0000   -1.0000
center:     128.0000 -129.0000 -129.0000
/opt/freesurfer/average/711-2B_as_mni_average_305_mask.4dfp.img
       256       256       256         1
  1.000000  1.000000  1.000000
orientation T byte_order littleendian
Reading mask: /opt/freesurfer/average/711-2B_as_mni_average_305_mask.4dfp.img (2306576 pixels)
talsrcimg_g11.4dfp.img
       256       256       256         1
  1.000000  1.000000  1.000000
orientation T byte_order littleendian
Reading image: talsrcimg_g11.4dfp.img
dimensions:      256       256       256
mmppix:       1.0000   -1.0000   -1.0000
center:     128.0000 -129.0000 -129.0000
rotation matrix determinant  1.000000
image alignment mode   4355 decimal     1103 hex
   -7.5000  -45.0000  -45.0000 2092.2898   21.1347
    0.0000  -45.0000  -45.0000 2110.7493   20.9168
    7.5000  -45.0000  -45.0000 2093.8381   21.0729
   -7.5000  -37.5000  -45.0000 2113.3928   20.3430
    0.0000  -37.5000  -45.0000 2125.8384   20.0640
    7.5000  -37.5000  -45.0000 2108.7239   20.1948
   -7.5000  -30.0000  -45.0000 2130.8767   19.5555
    0.0000  -30.0000  -45.0000 2148.2725   19.3080
    7.5000  -30.0000  -45.0000 2131.7668   19.3999
   -7.5000  -22.5000  -45.0000 2162.9456   18.8350
    0.0000  -22.5000  -45.0000 2185.1677   18.6538
    7.5000  -22.5000  -45.0000 2169.1589   18.7218
   -7.5000  -15.0000  -45.0000 2190.8223   18.2279
    0.0000  -15.0000  -45.0000 2211.7454   18.0566
    7.5000  -15.0000  -45.0000 2194.7988   18.1472
   -7.5000   -7.5000  -45.0000 2202.8887   17.7548
    0.0000   -7.5000  -45.0000 2226.5977   17.5555
    7.5000   -7.5000  -45.0000 2212.1257   17.6373
   -7.5000    0.0000  -45.0000 2212.0435   17.3587
    0.0000    0.0000  -45.0000 2237.7976   17.1874
    7.5000    0.0000  -45.0000 2217.8916   17.2321
   -7.5000    7.5000  -45.0000 2209.1194   17.1361
    0.0000    7.5000  -45.0000 2233.9563   16.9733
    7.5000    7.5000  -45.0000 2221.1016   16.9502
   -7.5000   15.0000  -45.0000 2207.4602   17.0982
    0.0000   15.0000  -45.0000 2233.2107   16.8425
    7.5000   15.0000  -45.0000 2223.8591   16.8323
   -7.5000   22.5000  -45.0000 2197.2949   17.3617
    0.0000   22.5000  -45.0000 2223.4482   17.0940
    7.5000   22.5000  -45.0000 2213.8069   17.0904
   -7.5000   30.0000  -45.0000 2171.0925   18.0048
    0.0000   30.0000  -45.0000 2196.9319   17.6965
    7.5000   30.0000  -45.0000 2186.7686   17.6766
   -7.5000   37.5000  -45.0000 2127.7104   19.0022
    0.0000   37.5000  -45.0000 2155.8716   18.6373
    7.5000   37.5000  -45.0000 2144.5090   18.5908
   -7.5000   45.0000  -45.0000 2057.7183   20.3608
    0.0000   45.0000  -45.0000 2084.2773   19.9958
    7.5000   45.0000  -45.0000 2073.7170   19.9325
   -7.5000  -45.0000  -37.5000 2178.8115   19.2303
    0.0000  -45.0000  -37.5000 2196.4092   19.0763
    7.5000  -45.0000  -37.5000 2186.2671   19.2461
   -7.5000  -37.5000  -37.5000 2198.6680   18.4637
    0.0000  -37.5000  -37.5000 2220.6362   18.3052
    7.5000  -37.5000  -37.5000 2205.9377   18.4139
   -7.5000  -30.0000  -37.5000 2232.9773   17.7428
    0.0000  -30.0000  -37.5000 2259.3052   17.5506
    7.5000  -30.0000  -37.5000 2242.2649   17.6300
   -7.5000  -22.5000  -37.5000 2273.1108   17.1046
    0.0000  -22.5000  -37.5000 2299.3394   16.9426
    7.5000  -22.5000  -37.5000 2285.2642   17.0237
   -7.5000  -15.0000  -37.5000 2297.5066   16.5919
    0.0000  -15.0000  -37.5000 2321.1726   16.4305
    7.5000  -15.0000  -37.5000 2304.4265   16.5240
   -7.5000   -7.5000  -37.5000 2309.0759   16.2122
    0.0000   -7.5000  -37.5000 2337.0239   16.0479
    7.5000   -7.5000  -37.5000 2319.8499   16.0620
   -7.5000    0.0000  -37.5000 2318.5598   15.9218
    0.0000    0.0000  -37.5000 2348.4814   15.7256
    7.5000    0.0000  -37.5000 2327.6431   15.7527
   -7.5000    7.5000  -37.5000 2322.5022   15.7564
    0.0000    7.5000  -37.5000 2348.2544   15.5477
    7.5000    7.5000  -37.5000 2332.2581   15.5642
   -7.5000   15.0000  -37.5000 2314.8347   15.7270
    0.0000   15.0000  -37.5000 2339.9866   15.4998
    7.5000   15.0000  -37.5000 2328.9851   15.5137
   -7.5000   22.5000  -37.5000 2300.0146   15.9883
    0.0000   22.5000  -37.5000 2330.9878   15.7388
    7.5000   22.5000  -37.5000 2321.0464   15.7249
   -7.5000   30.0000  -37.5000 2269.8206   16.5775
    0.0000   30.0000  -37.5000 2302.0005   16.2268
    7.5000   30.0000  -37.5000 2293.3630   16.2107
   -7.5000   37.5000  -37.5000 2223.1040   17.4484
    0.0000   37.5000  -37.5000 2256.7664   17.1234
    7.5000   37.5000  -37.5000 2251.0715   17.0973
   -7.5000   45.0000  -37.5000 2151.7549   18.7182
    0.0000   45.0000  -37.5000 2185.5740   18.3866
    7.5000   45.0000  -37.5000 2176.0105   18.3211
   -7.5000  -45.0000  -30.0000 2309.0132   18.2912
    0.0000  -45.0000  -30.0000 2324.3035   18.1284
    7.5000  -45.0000  -30.0000 2320.8838   18.2379
   -7.5000  -37.5000  -30.0000 2336.4521   17.4848
    0.0000  -37.5000  -30.0000 2357.5620   17.3260
    7.5000  -37.5000  -30.0000 2347.5132   17.4389
   -7.5000  -30.0000  -30.0000 2373.2371   16.7564
    0.0000  -30.0000  -30.0000 2401.3770   16.6172
    7.5000  -30.0000  -30.0000 2382.8101   16.7077
   -7.5000  -22.5000  -30.0000 2411.4841   16.1504
    0.0000  -22.5000  -30.0000 2444.7498   16.0264
    7.5000  -22.5000  -30.0000 2424.4214   16.1303
   -7.5000  -15.0000  -30.0000 2436.3113   15.6911
    0.0000  -15.0000  -30.0000 2466.7573   15.5169
    7.5000  -15.0000  -30.0000 2451.2693   15.6002
   -7.5000   -7.5000  -30.0000 2452.5229   15.3628
    0.0000   -7.5000  -30.0000 2483.1819   15.1749
    7.5000   -7.5000  -30.0000 2470.3948   15.1806
   -7.5000    0.0000  -30.0000 2464.2874   15.1195
    0.0000    0.0000  -30.0000 2494.5215   14.8928
    7.5000    0.0000  -30.0000 2479.4946   14.8941
   -7.5000    7.5000  -30.0000 2474.5195   15.0260
    0.0000    7.5000  -30.0000 2505.6367   14.7764
    7.5000    7.5000  -30.0000 2492.6069   14.7615
   -7.5000   15.0000  -30.0000 2469.4504   15.0303
    0.0000   15.0000  -30.0000 2500.7388   14.8135
    7.5000   15.0000  -30.0000 2490.0327   14.8106
   -7.5000   22.5000  -30.0000 2455.9385   15.2682
    0.0000   22.5000  -30.0000 2490.7495   15.0011
    7.5000   22.5000  -30.0000 2480.5947   15.0214
   -7.5000   30.0000  -30.0000 2418.0630   15.8344
    0.0000   30.0000  -30.0000 2459.6978   15.5313
    7.5000   30.0000  -30.0000 2449.5107   15.5127
   -7.5000   37.5000  -30.0000 2367.4895   16.6795
    0.0000   37.5000  -30.0000 2410.1111   16.3702
    7.5000   37.5000  -30.0000 2401.7791   16.3365
   -7.5000   45.0000  -30.0000 2294.2104   17.8534
    0.0000   45.0000  -30.0000 2331.0750   17.5695
    7.5000   45.0000  -30.0000 2322.3713   17.5077
   -7.5000  -45.0000  -22.5000 2407.7766   17.3884
    0.0000  -45.0000  -22.5000 2421.6128   17.1701
    7.5000  -45.0000  -22.5000 2417.4216   17.3074
   -7.5000  -37.5000  -22.5000 2441.4736   16.5624
    0.0000  -37.5000  -22.5000 2465.4434   16.3707
    7.5000  -37.5000  -22.5000 2456.8142   16.5139
   -7.5000  -30.0000  -22.5000 2482.6523   15.8607
    0.0000  -30.0000  -22.5000 2514.1284   15.7278
    7.5000  -30.0000  -22.5000 2496.3481   15.8271
   -7.5000  -22.5000  -22.5000 2524.6187   15.2550
    0.0000  -22.5000  -22.5000 2552.7759   15.1326
    7.5000  -22.5000  -22.5000 2530.9072   15.2036
   -7.5000  -15.0000  -22.5000 2550.8584   14.7595
    0.0000  -15.0000  -22.5000 2578.7612   14.5996
    7.5000  -15.0000  -22.5000 2562.3447   14.6515
   -7.5000   -7.5000  -22.5000 2569.5037   14.4370
    0.0000   -7.5000  -22.5000 2600.2393   14.2261
    7.5000   -7.5000  -22.5000 2587.9492   14.2535
   -7.5000    0.0000  -22.5000 2578.6301   14.1979
    0.0000    0.0000  -22.5000 2612.1416   14.0049
    7.5000    0.0000  -22.5000 2605.3357   14.0008
   -7.5000    7.5000  -22.5000 2598.0393   14.0892
    0.0000    7.5000  -22.5000 2638.3628   13.8695
    7.5000    7.5000  -22.5000 2623.1833   13.8635
   -7.5000   15.0000  -22.5000 2599.6562   14.1653
    0.0000   15.0000  -22.5000 2639.9148   13.9514
    7.5000   15.0000  -22.5000 2625.8987   13.9472
   -7.5000   22.5000  -22.5000 2588.0823   14.4140
    0.0000   22.5000  -22.5000 2630.2275   14.1836
    7.5000   22.5000  -22.5000 2618.5779   14.1967
   -7.5000   30.0000  -22.5000 2550.3772   14.9602
    0.0000   30.0000  -22.5000 2598.7192   14.6908
    7.5000   30.0000  -22.5000 2586.9248   14.6953
   -7.5000   37.5000  -22.5000 2492.2534   15.7685
    0.0000   37.5000  -22.5000 2539.7622   15.4735
    7.5000   37.5000  -22.5000 2529.4004   15.4413
   -7.5000   45.0000  -22.5000 2408.8337   16.8828
    0.0000   45.0000  -22.5000 2452.7661   16.5844
    7.5000   45.0000  -22.5000 2441.3213   16.5369
   -7.5000  -45.0000  -15.0000 2466.3770   16.6515
    0.0000  -45.0000  -15.0000 2484.3713   16.4510
    7.5000  -45.0000  -15.0000 2483.1057   16.5926
   -7.5000  -37.5000  -15.0000 2509.0632   15.7760
    0.0000  -37.5000  -15.0000 2542.2625   15.6272
    7.5000  -37.5000  -15.0000 2530.3882   15.7529
   -7.5000  -30.0000  -15.0000 2555.2568   15.0956
    0.0000  -30.0000  -15.0000 2587.9326   14.9729
    7.5000  -30.0000  -15.0000 2571.2874   15.0596
   -7.5000  -22.5000  -15.0000 2595.6138   14.4971
    0.0000  -22.5000  -15.0000 2623.0056   14.3508
    7.5000  -22.5000  -15.0000 2605.6277   14.4238
   -7.5000  -15.0000  -15.0000 2626.9109   13.9505
    0.0000  -15.0000  -15.0000 2654.5234   13.7897
    7.5000  -15.0000  -15.0000 2637.9998   13.8531
   -7.5000   -7.5000  -15.0000 2655.0427   13.5637
    0.0000   -7.5000  -15.0000 2688.6914   13.3823
    7.5000   -7.5000  -15.0000 2672.1726   13.4260
   -7.5000    0.0000  -15.0000 2678.5325   13.3327
    0.0000    0.0000  -15.0000 2713.5466   13.1453
    7.5000    0.0000  -15.0000 2700.8906   13.1623
   -7.5000    7.5000  -15.0000 2696.9236   13.2281
    0.0000    7.5000  -15.0000 2737.4160   13.0244
    7.5000    7.5000  -15.0000 2719.2578   13.0381
   -7.5000   15.0000  -15.0000 2705.9392   13.3097
    0.0000   15.0000  -15.0000 2748.5918   13.0733
    7.5000   15.0000  -15.0000 2727.6628   13.0877
   -7.5000   22.5000  -15.0000 2692.8860   13.5682
    0.0000   22.5000  -15.0000 2742.9360   13.3520
    7.5000   22.5000  -15.0000 2728.9783   13.3739
   -7.5000   30.0000  -15.0000 2652.9575   14.0917
    0.0000   30.0000  -15.0000 2708.5642   13.8418
    7.5000   30.0000  -15.0000 2697.8262   13.8524
   -7.5000   37.5000  -15.0000 2590.9238   14.8353
    0.0000   37.5000  -15.0000 2637.7971   14.5625
    7.5000   37.5000  -15.0000 2628.6558   14.5764
   -7.5000   45.0000  -15.0000 2500.4668   15.9202
    0.0000   45.0000  -15.0000 2540.2754   15.6388
    7.5000   45.0000  -15.0000 2531.2993   15.6277
   -7.5000  -45.0000   -7.5000 2508.7437   16.0726
    0.0000  -45.0000   -7.5000 2536.2773   15.8755
    7.5000  -45.0000   -7.5000 2527.4114   16.0428
   -7.5000  -37.5000   -7.5000 2554.3672   15.1448
    0.0000  -37.5000   -7.5000 2586.1904   14.9850
    7.5000  -37.5000   -7.5000 2574.0234   15.1188
   -7.5000  -30.0000   -7.5000 2594.5959   14.4755
    0.0000  -30.0000   -7.5000 2626.9292   14.3180
    7.5000  -30.0000   -7.5000 2617.4331   14.4211
   -7.5000  -22.5000   -7.5000 2635.5100   13.8481
    0.0000  -22.5000   -7.5000 2668.7100   13.6885
    7.5000  -22.5000   -7.5000 2655.8015   13.7513
   -7.5000  -15.0000   -7.5000 2668.8186   13.2490
    0.0000  -15.0000   -7.5000 2704.1404   13.0783
    7.5000  -15.0000   -7.5000 2691.6702   13.1334
   -7.5000   -7.5000   -7.5000 2713.5354   12.8197
    0.0000   -7.5000   -7.5000 2745.0627   12.6348
    7.5000   -7.5000   -7.5000 2729.3557   12.6731
   -7.5000    0.0000   -7.5000 2755.8184   12.5991
    0.0000    0.0000   -7.5000 2786.6797   12.4016
    7.5000    0.0000   -7.5000 2774.5208   12.4174
   -7.5000    7.5000   -7.5000 2780.5771   12.5309
    0.0000    7.5000   -7.5000 2822.0674   12.3337
    7.5000    7.5000   -7.5000 2807.3552   12.3326
   -7.5000   15.0000   -7.5000 2798.5879   12.6161
    0.0000   15.0000   -7.5000 2850.1038   12.3962
    7.5000   15.0000   -7.5000 2829.5286   12.4237
   -7.5000   22.5000   -7.5000 2786.2178   12.8588
    0.0000   22.5000   -7.5000 2847.4675   12.6294
    7.5000   22.5000   -7.5000 2831.6516   12.6698
   -7.5000   30.0000   -7.5000 2737.0923   13.3252
    0.0000   30.0000   -7.5000 2797.4573   13.0956
    7.5000   30.0000   -7.5000 2787.8811   13.1275
   -7.5000   37.5000   -7.5000 2666.1323   14.0371
    0.0000   37.5000   -7.5000 2718.0090   13.7653
    7.5000   37.5000   -7.5000 2709.6812   13.7977
   -7.5000   45.0000   -7.5000 2566.1477   15.0850
    0.0000   45.0000   -7.5000 2610.8198   14.7992
    7.5000   45.0000   -7.5000 2600.3572   14.8245
   -7.5000  -45.0000    0.0000 2535.7480   15.6976
    0.0000  -45.0000    0.0000 2570.8464   15.5315
    7.5000  -45.0000    0.0000 2556.7161   15.6875
   -7.5000  -37.5000    0.0000 2577.1753   14.7668
    0.0000  -37.5000    0.0000 2612.3662   14.5881
    7.5000  -37.5000    0.0000 2601.1685   14.7347
   -7.5000  -30.0000    0.0000 2618.5388   14.0484
    0.0000  -30.0000    0.0000 2650.2056   13.8608
    7.5000  -30.0000    0.0000 2637.8711   13.9967
   -7.5000  -22.5000    0.0000 2657.7703   13.3766
    0.0000  -22.5000    0.0000 2693.5601   13.1614
    7.5000  -22.5000    0.0000 2681.5825   13.2704
   -7.5000  -15.0000    0.0000 2695.7393   12.7839
    0.0000  -15.0000    0.0000 2732.4224   12.5460
    7.5000  -15.0000    0.0000 2723.6008   12.6468
   -7.5000   -7.5000    0.0000 2745.0012   12.3397
    0.0000   -7.5000    0.0000 2783.1414   12.1072
    7.5000   -7.5000    0.0000 2767.8750   12.1757
   -7.5000    0.0000    0.0000 2800.0535   12.0954
    0.0000    0.0000    0.0000 2842.3496   11.8621
    7.5000    0.0000    0.0000 2827.9753   11.9142
   -7.5000    7.5000    0.0000 2847.8281   12.0818
    0.0000    7.5000    0.0000 2900.5872   11.8683
    7.5000    7.5000    0.0000 2882.7390   11.8792
   -7.5000   15.0000    0.0000 2868.6611   12.2034
    0.0000   15.0000    0.0000 2940.0935   12.0068
    7.5000   15.0000    0.0000 2915.6731   12.0436
   -7.5000   22.5000    0.0000 2857.4331   12.4161
    0.0000   22.5000    0.0000 2935.8298   12.1835
    7.5000   22.5000    0.0000 2911.5303   12.2687
   -7.5000   30.0000    0.0000 2800.0144   12.8062
    0.0000   30.0000    0.0000 2861.5183   12.5876
    7.5000   30.0000    0.0000 2850.2932   12.6528
   -7.5000   37.5000    0.0000 2720.1501   13.5159
    0.0000   37.5000    0.0000 2775.0291   13.2038
    7.5000   37.5000    0.0000 2764.0789   13.2741
   -7.5000   45.0000    0.0000 2610.9858   14.5330
    0.0000   45.0000    0.0000 2662.4727   14.2211
    7.5000   45.0000    0.0000 2650.1458   14.3052
   -7.5000  -45.0000    7.5000 2557.4456   15.5555
    0.0000  -45.0000    7.5000 2599.2686   15.3275
    7.5000  -45.0000    7.5000 2578.9158   15.4956
   -7.5000  -37.5000    7.5000 2591.9294   14.5732
    0.0000  -37.5000    7.5000 2632.4783   14.3613
    7.5000  -37.5000    7.5000 2620.6467   14.4835
   -7.5000  -30.0000    7.5000 2620.7896   13.7968
    0.0000  -30.0000    7.5000 2651.9412   13.5605
    7.5000  -30.0000    7.5000 2645.5149   13.6994
   -7.5000  -22.5000    7.5000 2664.9097   13.1251
    0.0000  -22.5000    7.5000 2693.7339   12.8581
    7.5000  -22.5000    7.5000 2683.3848   12.9710
   -7.5000  -15.0000    7.5000 2704.1113   12.5498
    0.0000  -15.0000    7.5000 2736.7263   12.2580
    7.5000  -15.0000    7.5000 2730.6890   12.3820
   -7.5000   -7.5000    7.5000 2757.2935   12.1115
    0.0000   -7.5000    7.5000 2796.8098   11.8553
    7.5000   -7.5000    7.5000 2787.1997   11.9296
   -7.5000    0.0000    7.5000 2821.5615   11.8910
    0.0000    0.0000    7.5000 2868.8389   11.6259
    7.5000    0.0000    7.5000 2854.1980   11.6978
   -7.5000    7.5000    7.5000 2882.6321   11.8985
    0.0000    7.5000    7.5000 2949.2605   11.6675
    7.5000    7.5000    7.5000 2926.0803   11.7054
   -7.5000   15.0000    7.5000 2918.2334   12.0248
    0.0000   15.0000    7.5000 3013.2402   11.8487
    7.5000   15.0000    7.5000 2975.9102   11.8677
   -7.5000   22.5000    7.5000 2903.2512   12.1937
    0.0000   22.5000    7.5000 3001.4031   12.0014
    7.5000   22.5000    7.5000 2959.3044   12.0532
   -7.5000   30.0000    7.5000 2832.6333   12.5618
    0.0000   30.0000    7.5000 2896.3237   12.3123
    7.5000   30.0000    7.5000 2878.6978   12.3576
   -7.5000   37.5000    7.5000 2742.1824   13.2407
    0.0000   37.5000    7.5000 2795.1702   12.9578
    7.5000   37.5000    7.5000 2784.3462   12.9691
   -7.5000   45.0000    7.5000 2629.6294   14.2472
    0.0000   45.0000    7.5000 2677.8601   13.9591
    7.5000   45.0000    7.5000 2670.3147   13.9804
   -7.5000  -45.0000   15.0000 2543.1372   15.5470
    0.0000  -45.0000   15.0000 2583.0549   15.2951
    7.5000  -45.0000   15.0000 2559.7036   15.4656
   -7.5000  -37.5000   15.0000 2578.4412   14.5173
    0.0000  -37.5000   15.0000 2618.1724   14.2904
    7.5000  -37.5000   15.0000 2600.3171   14.4220
   -7.5000  -30.0000   15.0000 2604.7913   13.7178
    0.0000  -30.0000   15.0000 2637.3030   13.4653
    7.5000  -30.0000   15.0000 2628.7678   13.6146
   -7.5000  -22.5000   15.0000 2648.9426   13.0781
    0.0000  -22.5000   15.0000 2675.9851   12.7547
    7.5000  -22.5000   15.0000 2670.6169   12.9127
   -7.5000  -15.0000   15.0000 2691.3000   12.5131
    0.0000  -15.0000   15.0000 2724.3789   12.1722
    7.5000  -15.0000   15.0000 2720.9355   12.3408
   -7.5000   -7.5000   15.0000 2748.1658   12.1512
    0.0000   -7.5000   15.0000 2792.2219   11.8253
    7.5000   -7.5000   15.0000 2784.2246   11.9514
   -7.5000    0.0000   15.0000 2812.2732   11.9655
    0.0000    0.0000   15.0000 2863.0771   11.6603
    7.5000    0.0000   15.0000 2852.4131   11.7165
   -7.5000    7.5000   15.0000 2869.6108   11.9551
    0.0000    7.5000   15.0000 2937.9841   11.7187
    7.5000    7.5000   15.0000 2919.0366   11.7168
   -7.5000   15.0000   15.0000 2913.0137   12.0307
    0.0000   15.0000   15.0000 3003.8604   11.8601
    7.5000   15.0000   15.0000 2969.6794   11.8216
   -7.5000   22.5000   15.0000 2902.7329   12.2090
    0.0000   22.5000   15.0000 2992.9482   12.0026
    7.5000   22.5000   15.0000 2954.8879   11.9678
   -7.5000   30.0000   15.0000 2832.4412   12.5588
    0.0000   30.0000   15.0000 2900.4553   12.3407
    7.5000   30.0000   15.0000 2878.4360   12.3112
   -7.5000   37.5000   15.0000 2737.2490   13.2000
    0.0000   37.5000   15.0000 2789.0920   12.9648
    7.5000   37.5000   15.0000 2775.5010   12.9466
   -7.5000   45.0000   15.0000 2620.7175   14.2057
    0.0000   45.0000   15.0000 2661.5957   13.9442
    7.5000   45.0000   15.0000 2657.6753   13.9427
   -7.5000  -45.0000   22.5000 2497.1436   15.7755
    0.0000  -45.0000   22.5000 2540.3125   15.4675
    7.5000  -45.0000   22.5000 2518.3948   15.6767
   -7.5000  -37.5000   22.5000 2541.6987   14.7340
    0.0000  -37.5000   22.5000 2584.3916   14.4217
    7.5000  -37.5000   22.5000 2566.9585   14.6260
   -7.5000  -30.0000   22.5000 2575.1511   13.9330
    0.0000  -30.0000   22.5000 2610.7068   13.6077
    7.5000  -30.0000   22.5000 2600.2402   13.7923
   -7.5000  -22.5000   22.5000 2614.9995   13.2832
    0.0000  -22.5000   22.5000 2648.5762   12.9564
    7.5000  -22.5000   22.5000 2640.8730   13.1162
   -7.5000  -15.0000   22.5000 2656.9177   12.7527
    0.0000  -15.0000   22.5000 2697.4175   12.4167
    7.5000  -15.0000   22.5000 2687.2488   12.5563
   -7.5000   -7.5000   22.5000 2721.3306   12.4141
    0.0000   -7.5000   22.5000 2763.3428   12.0639
    7.5000   -7.5000   22.5000 2752.5474   12.1814
   -7.5000    0.0000   22.5000 2779.1094   12.2376
    0.0000    0.0000   22.5000 2830.1929   11.9235
    7.5000    0.0000   22.5000 2823.5027   11.9993
   -7.5000    7.5000   22.5000 2832.0100   12.1821
    0.0000    7.5000   22.5000 2895.0098   11.9471
    7.5000    7.5000   22.5000 2880.9282   11.9857
   -7.5000   15.0000   22.5000 2863.7104   12.2246
    0.0000   15.0000   22.5000 2936.4790   11.9892
    7.5000   15.0000   22.5000 2920.1313   12.0425
   -7.5000   22.5000   22.5000 2854.3306   12.4236
    0.0000   22.5000   22.5000 2929.3201   12.1663
    7.5000   22.5000   22.5000 2906.1511   12.1956
   -7.5000   30.0000   22.5000 2796.3306   12.8315
    0.0000   30.0000   22.5000 2862.9636   12.5944
    7.5000   30.0000   22.5000 2842.6055   12.6005
   -7.5000   37.5000   22.5000 2697.7373   13.4963
    0.0000   37.5000   22.5000 2745.6797   13.2508
    7.5000   37.5000   22.5000 2735.5085   13.2464
   -7.5000   45.0000   22.5000 2581.9009   14.4520
    0.0000   45.0000   22.5000 2622.6733   14.1739
    7.5000   45.0000   22.5000 2617.8691   14.1929
   -7.5000  -45.0000   30.0000 2442.8716   16.2699
    0.0000  -45.0000   30.0000 2477.8821   15.9388
    7.5000  -45.0000   30.0000 2468.2725   16.1706
   -7.5000  -37.5000   30.0000 2492.3445   15.2141
    0.0000  -37.5000   30.0000 2533.2681   14.9094
    7.5000  -37.5000   30.0000 2519.4990   15.0863
   -7.5000  -30.0000   30.0000 2529.4902   14.4077
    0.0000  -30.0000   30.0000 2564.8821   14.1078
    7.5000  -30.0000   30.0000 2550.5034   14.2624
   -7.5000  -22.5000   30.0000 2571.4050   13.7168
    0.0000  -22.5000   30.0000 2608.6887   13.4244
    7.5000  -22.5000   30.0000 2596.2717   13.5553
   -7.5000  -15.0000   30.0000 2616.9929   13.1734
    0.0000  -15.0000   30.0000 2656.7778   12.8324
    7.5000  -15.0000   30.0000 2646.1116   12.9562
   -7.5000   -7.5000   30.0000 2676.6282   12.7802
    0.0000   -7.5000   30.0000 2720.9478   12.4405
    7.5000   -7.5000   30.0000 2711.5530   12.5541
   -7.5000    0.0000   30.0000 2729.1665   12.5991
    0.0000    0.0000   30.0000 2782.7397   12.2820
    7.5000    0.0000   30.0000 2773.0859   12.3916
   -7.5000    7.5000   30.0000 2772.5818   12.5953
    0.0000    7.5000   30.0000 2832.4241   12.2663
    7.5000    7.5000   30.0000 2821.9055   12.3891
   -7.5000   15.0000   30.0000 2789.8108   12.6562
    0.0000   15.0000   30.0000 2858.2170   12.3167
    7.5000   15.0000   30.0000 2846.1223   12.4446
   -7.5000   22.5000   30.0000 2776.8301   12.8464
    0.0000   22.5000   30.0000 2846.7961   12.5174
    7.5000   22.5000   30.0000 2828.9570   12.6244
   -7.5000   30.0000   30.0000 2718.3030   13.2486
    0.0000   30.0000   30.0000 2782.1118   12.9685
    7.5000   30.0000   30.0000 2766.6174   13.0239
   -7.5000   37.5000   30.0000 2635.3899   13.9451
    0.0000   37.5000   30.0000 2679.0525   13.6508
    7.5000   37.5000   30.0000 2670.2449   13.6927
   -7.5000   45.0000   30.0000 2527.0447   14.9087
    0.0000   45.0000   30.0000 2565.9993   14.6074
    7.5000   45.0000   30.0000 2562.8176   14.6560
   -7.5000  -45.0000   37.5000 2383.8293   17.0155
    0.0000  -45.0000   37.5000 2415.1187   16.7251
    7.5000  -45.0000   37.5000 2407.1860   16.9382
   -7.5000  -37.5000   37.5000 2434.9209   15.8778
    0.0000  -37.5000   37.5000 2468.5371   15.6156
    7.5000  -37.5000   37.5000 2456.6184   15.7984
   -7.5000  -30.0000   37.5000 2478.2085   15.0642
    0.0000  -30.0000   37.5000 2507.8887   14.7890
    7.5000  -30.0000   37.5000 2496.0400   14.9612
   -7.5000  -22.5000   37.5000 2523.5396   14.3488
    0.0000  -22.5000   37.5000 2558.9277   14.0414
    7.5000  -22.5000   37.5000 2547.3953   14.2037
   -7.5000  -15.0000   37.5000 2569.4011   13.7713
    0.0000  -15.0000   37.5000 2611.7363   13.4483
    7.5000  -15.0000   37.5000 2598.4138   13.5691
   -7.5000   -7.5000   37.5000 2614.3762   13.3571
    0.0000   -7.5000   37.5000 2665.1233   13.0186
    7.5000   -7.5000   37.5000 2651.9299   13.1699
   -7.5000    0.0000   37.5000 2663.3665   13.2004
    0.0000    0.0000   37.5000 2718.0789   12.8602
    7.5000    0.0000   37.5000 2705.3789   12.9867
   -7.5000    7.5000   37.5000 2699.4927   13.2127
    0.0000    7.5000   37.5000 2760.6982   12.8612
    7.5000    7.5000   37.5000 2750.0510   12.9781
   -7.5000   15.0000   37.5000 2706.7002   13.3170
    0.0000   15.0000   37.5000 2770.0337   12.9634
    7.5000   15.0000   37.5000 2757.3997   13.0793
   -7.5000   22.5000   37.5000 2687.2517   13.5185
    0.0000   22.5000   37.5000 2748.8174   13.1900
    7.5000   22.5000   37.5000 2733.7424   13.2869
   -7.5000   30.0000   37.5000 2626.4629   13.9078
    0.0000   30.0000   37.5000 2683.5991   13.5707
    7.5000   30.0000   37.5000 2674.3848   13.6510
   -7.5000   37.5000   37.5000 2557.4966   14.5769
    0.0000   37.5000   37.5000 2597.4116   14.2169
    7.5000   37.5000   37.5000 2591.4875   14.2785
   -7.5000   45.0000   37.5000 2457.2148   15.5125
    0.0000   45.0000   37.5000 2493.2124   15.1810
    7.5000   45.0000   37.5000 2492.7107   15.2058
   -7.5000  -45.0000   45.0000 2316.8718   17.9873
    0.0000  -45.0000   45.0000 2345.7109   17.7738
    7.5000  -45.0000   45.0000 2337.9058   17.9170
   -7.5000  -37.5000   45.0000 2370.7974   16.7665
    0.0000  -37.5000   45.0000 2401.7966   16.5066
    7.5000  -37.5000   45.0000 2389.4746   16.6493
   -7.5000  -30.0000   45.0000 2413.0415   15.8922
    0.0000  -30.0000   45.0000 2444.8608   15.6611
    7.5000  -30.0000   45.0000 2432.6292   15.7681
   -7.5000  -22.5000   45.0000 2462.1873   15.1459
    0.0000  -22.5000   45.0000 2498.0945   14.8680
    7.5000  -22.5000   45.0000 2488.2837   14.9763
   -7.5000  -15.0000   45.0000 2506.1011   14.5459
    0.0000  -15.0000   45.0000 2551.1335   14.2495
    7.5000  -15.0000   45.0000 2540.0730   14.3693
   -7.5000   -7.5000   45.0000 2546.9502   14.1671
    0.0000   -7.5000   45.0000 2593.2827   13.8514
    7.5000   -7.5000   45.0000 2586.1406   13.9834
   -7.5000    0.0000   45.0000 2581.8530   14.0271
    0.0000    0.0000   45.0000 2636.9468   13.6641
    7.5000    0.0000   45.0000 2624.6729   13.7883
   -7.5000    7.5000   45.0000 2613.8123   14.0799
    0.0000    7.5000   45.0000 2664.9536   13.7140
    7.5000    7.5000   45.0000 2657.9890   13.7941
   -7.5000   15.0000   45.0000 2616.1394   14.2101
    0.0000   15.0000   45.0000 2664.4285   13.8563
    7.5000   15.0000   45.0000 2651.2737   13.9438
   -7.5000   22.5000   45.0000 2589.7661   14.4245
    0.0000   22.5000   45.0000 2635.0322   14.1137
    7.5000   22.5000   45.0000 2625.8096   14.1876
   -7.5000   30.0000   45.0000 2539.3899   14.7986
    0.0000   30.0000   45.0000 2581.7656   14.4727
    7.5000   30.0000   45.0000 2576.1887   14.5386
   -7.5000   37.5000   45.0000 2475.8704   15.4422
    0.0000   37.5000   45.0000 2517.7363   15.0782
    7.5000   37.5000   45.0000 2508.0745   15.1105
   -7.5000   45.0000   45.0000 2379.9614   16.3678
    0.0000   45.0000   45.0000 2419.5090   15.9900
    7.5000   45.0000   45.0000 2417.9734   16.0117

---------------------------------------------------------------------
imgreg_4dfp /opt/freesurfer/average/711-2C_as_mni_average_305 /opt/freesurfer/average/711-2B_as_mni_average_305_mask talsrcimg_g11 none talsrcimg_to_711-2C_as_mni_average_305_t4 1283
---------------------------------------------------------------------

freesurfer imgreg_4dfp.c
/opt/freesurfer/average/711-2C_as_mni_average_305.4dfp.img
       256       256       256         1
  1.000000  1.000000  1.000000
orientation T byte_order littleendian
Reading image: /opt/freesurfer/average/711-2C_as_mni_average_305.4dfp.img
dimensions:      256       256       256
mmppix:       1.0000   -1.0000   -1.0000
center:     128.0000 -129.0000 -129.0000
/opt/freesurfer/average/711-2B_as_mni_average_305_mask.4dfp.img
       256       256       256         1
  1.000000  1.000000  1.000000
orientation T byte_order littleendian
Reading mask: /opt/freesurfer/average/711-2B_as_mni_average_305_mask.4dfp.img (2306576 pixels)
talsrcimg_g11.4dfp.img
       256       256       256         1
  1.000000  1.000000  1.000000
orientation T byte_order littleendian
Reading image: talsrcimg_g11.4dfp.img
dimensions:      256       256       256
mmppix:       1.0000   -1.0000   -1.0000
center:     128.0000 -129.0000 -129.0000
rotation matrix determinant  1.000000
fimgreg.f
image alignment mode   1283 decimal      503 hex
parameters
    0.0000   15.0000    7.5000    0.0000    0.0000    0.0000
eta,q 0.94503 11.81474
niter,ni,del,rscale     5    3   12.0000    1.2000
parameter  3 -0.695715 -> -0.500000 qaram    1.1500
parameter  4  1.208127 ->  0.500000 qaram    1.1500
parameters
    2.3950   17.7762   10.9500   -3.4500   -1.1336   -1.3014
eta,q 0.95548 11.76474
  0.0797  0.0703  0.0657  0.0440  0.0504  0.0481
  0.0705  0.0637  0.0603  0.0448  0.0465  0.0456
  0.0631  0.0581  0.0558  0.0465  0.0448  0.0446
  0.0578  0.0545  0.0523  0.0484  0.0452  0.0448
  0.0550  0.0529  0.0494  0.0515  0.0474  0.0460
  0.0552  0.0526  0.0482  0.0554  0.0510  0.0490
  0.0611  0.0554  0.0503  0.0596  0.0561  0.0535
niter,ni,del,rscale     6    3   12.0000    1.2000
parameters
    2.0139   19.0796   10.3085   -6.0664   -0.4570   -1.3523
eta,q 0.95914 11.72711
  0.0602  0.0619  0.0534  0.0458  0.0519  0.0493
  0.0505  0.0542  0.0484  0.0419  0.0472  0.0449
  0.0454  0.0482  0.0451  0.0412  0.0434  0.0416
  0.0445  0.0444  0.0436  0.0438  0.0411  0.0409
  0.0475  0.0438  0.0449  0.0466  0.0410  0.0419
  0.0541  0.0464  0.0508  0.0507  0.0435  0.0448
  0.0642  0.0518  0.0592  0.0561  0.0487  0.0497
niter,ni,del,rscale     5    3   12.0000    1.2000
parameters
    1.7250   19.5909    9.8130   -6.3206   -0.1577   -1.3869
eta,q 0.95960 11.73012
  0.0594  0.0607  0.0518  0.0500  0.0511  0.0492
  0.0479  0.0523  0.0464  0.0458  0.0466  0.0446
  0.0416  0.0446  0.0422  0.0415  0.0427  0.0412
  0.0409  0.0407  0.0406  0.0406  0.0405  0.0404
  0.0444  0.0420  0.0423  0.0432  0.0408  0.0414
  0.0520  0.0476  0.0477  0.0465  0.0444  0.0444
  0.0616  0.0556  0.0570  0.0512  0.0501  0.0495
niter,ni,del,rscale     4    3   12.0000    1.2000
parameters
    1.6351   19.7426    9.7318   -6.4292   -0.0626   -1.3872
eta,q 0.95966 11.72844
  0.0611  0.0588  0.0532  0.0502  0.0507  0.0493
  0.0489  0.0500  0.0472  0.0462  0.0463  0.0446
  0.0418  0.0428  0.0426  0.0417  0.0423  0.0411
  0.0404  0.0404  0.0404  0.0404  0.0404  0.0403
  0.0436  0.0428  0.0417  0.0427  0.0410  0.0413
  0.0512  0.0489  0.0464  0.0462  0.0450  0.0443
  0.0610  0.0568  0.0550  0.0509  0.0509  0.0495
niter,ni,del,rscale     3    3   12.0000    1.2000
parameters
    1.6047   19.7899    9.7066   -6.4690   -0.0293   -1.3870
eta,q 0.95967 11.72777
  0.0617  0.0583  0.0534  0.0503  0.0505  0.0494
  0.0493  0.0493  0.0473  0.0464  0.0461  0.0447
  0.0420  0.0424  0.0427  0.0418  0.0422  0.0411
  0.0403  0.0403  0.0403  0.0403  0.0403  0.0403
  0.0434  0.0432  0.0417  0.0425  0.0411  0.0413
  0.0510  0.0494  0.0463  0.0460  0.0453  0.0443
  0.0608  0.0571  0.0548  0.0507  0.0511  0.0495
registration optimization eta report
parameter search radius
    6.0000    6.0000    6.9000    6.9000    6.0000    6.0000
100000*second partial in parameter space
       58.       47.       29.       20.       29.       25.
  0.0617  0.0583  0.0534  0.0503  0.0505  0.0494
  0.0493  0.0493  0.0473  0.0464  0.0461  0.0447
  0.0420  0.0424  0.0427  0.0418  0.0422  0.0411
  0.0403  0.0403  0.0403  0.0403  0.0403  0.0403
  0.0434  0.0432  0.0417  0.0425  0.0411  0.0413
  0.0510  0.0494  0.0463  0.0460  0.0453  0.0443
  0.0608  0.0571  0.0548  0.0507  0.0511  0.0495
    1.6047   19.7899    9.7066   -6.4690   -0.0293   -1.3870
eta,q 0.95967 11.72777

---------------------------------------------------------------------
imgreg_4dfp /opt/freesurfer/average/711-2C_as_mni_average_305 /opt/freesurfer/average/711-2B_as_mni_average_305_mask talsrcimg_g11 none talsrcimg_to_711-2C_as_mni_average_305_t4 3335
---------------------------------------------------------------------

freesurfer imgreg_4dfp.c
/opt/freesurfer/average/711-2C_as_mni_average_305.4dfp.img
       256       256       256         1
  1.000000  1.000000  1.000000
orientation T byte_order littleendian
Reading image: /opt/freesurfer/average/711-2C_as_mni_average_305.4dfp.img
dimensions:      256       256       256
mmppix:       1.0000   -1.0000   -1.0000
center:     128.0000 -129.0000 -129.0000
/opt/freesurfer/average/711-2B_as_mni_average_305_mask.4dfp.img
       256       256       256         1
  1.000000  1.000000  1.000000
orientation T byte_order littleendian
Reading mask: /opt/freesurfer/average/711-2B_as_mni_average_305_mask.4dfp.img (2306576 pixels)
talsrcimg_g11.4dfp.img
       256       256       256         1
  1.000000  1.000000  1.000000
orientation T byte_order littleendian
Reading image: talsrcimg_g11.4dfp.img
dimensions:      256       256       256
mmppix:       1.0000   -1.0000   -1.0000
center:     128.0000 -129.0000 -129.0000
fimgreg.f
image alignment mode   3335 decimal      D07 hex
parameters
    1.6047   19.7899    9.7066   -0.0293   -0.6657   -0.6367
    2.3994    0.3236   -2.4206   11.2620   -0.0512  -11.2666
eta,q 0.95841 11.83478
niter,ni,del,rscale     5    3    5.0000    1.2000
parameter  4  0.818364 ->  0.500000 qaram    1.1500
parameter  5  0.979696 ->  0.500000 qaram    1.1500
parameter  6  0.875396 ->  0.500000 qaram    1.1500
parameters
    1.7359   19.9879    9.2647   -4.1693   -4.8057   -4.7767
    3.5928    2.0446    0.5966    8.7334   -0.2177   -8.2199
eta,q 0.96638 11.32308
  0.0456  0.0446  0.0428  0.0395  0.0375  0.0345  0.0384  0.0409  0.0381  0.0351  0.0352  0.0359
  0.0435  0.0431  0.0420  0.0397  0.0377  0.0349  0.0368  0.0384  0.0366  0.0342  0.0344  0.0350
  0.0422  0.0421  0.0415  0.0403  0.0385  0.0358  0.0356  0.0363  0.0354  0.0339  0.0340  0.0343
  0.0416  0.0416  0.0416  0.0415  0.0398  0.0379  0.0350  0.0350  0.0346  0.0342  0.0339  0.0339
  0.0419  0.0417  0.0420  0.0435  0.0417  0.0410  0.0350  0.0346  0.0342  0.0353  0.0341  0.0336
  0.0429  0.0424  0.0429  0.0462  0.0441  0.0450  0.0356  0.0354  0.0344  0.0370  0.0346  0.0337
  0.0448  0.0438  0.0442  0.0497  0.0471  0.0501  0.0368  0.0373  0.0350  0.0391  0.0353  0.0341
niter,ni,del,rscale     7    3    5.0000    1.2000
parameter  6  0.601183 ->  0.500000 qaram    1.3225
parameters
    1.9053   19.6432    8.9571   -7.0544   -7.1942   -9.5377
    2.9741    2.0588   -0.1481    7.2261   -0.2707   -8.2611
eta,q 0.96797 10.70827
  0.0377  0.0356  0.0349  0.0342  0.0345  0.0320  0.0344  0.0362  0.0337  0.0337  0.0330  0.0331
  0.0356  0.0343  0.0340  0.0335  0.0335  0.0321  0.0332  0.0341  0.0328  0.0325  0.0325  0.0325
  0.0342  0.0336  0.0335  0.0333  0.0331  0.0325  0.0324  0.0327  0.0323  0.0320  0.0321  0.0321
  0.0336  0.0336  0.0335  0.0335  0.0333  0.0331  0.0322  0.0322  0.0322  0.0322  0.0320  0.0320
  0.0338  0.0342  0.0339  0.0342  0.0341  0.0347  0.0327  0.0326  0.0325  0.0329  0.0322  0.0322
  0.0349  0.0354  0.0347  0.0359  0.0356  0.0380  0.0338  0.0340  0.0333  0.0340  0.0325  0.0325
  0.0367  0.0372  0.0358  0.0385  0.0380  0.0423  0.0353  0.0362  0.0345  0.0356  0.0330  0.0331
niter,ni,del,rscale     7    3    5.0000    1.2000
parameters
    1.9279   19.6093    8.4177   -8.2339   -7.7306  -11.6097
    2.8009    1.9431   -0.3865    7.0046   -0.4960   -8.5417
eta,q 0.96870 10.46923
  0.0354  0.0345  0.0328  0.0333  0.0338  0.0339  0.0339  0.0354  0.0331  0.0339  0.0324  0.0324
  0.0335  0.0331  0.0322  0.0323  0.0326  0.0321  0.0325  0.0333  0.0321  0.0323  0.0318  0.0318
  0.0324  0.0322  0.0319  0.0318  0.0320  0.0313  0.0316  0.0318  0.0315  0.0315  0.0314  0.0314
  0.0320  0.0320  0.0320  0.0319  0.0318  0.0318  0.0313  0.0313  0.0313  0.0313  0.0313  0.0313
  0.0324  0.0324  0.0324  0.0323  0.0321  0.0327  0.0317  0.0319  0.0316  0.0318  0.0315  0.0315
  0.0335  0.0332  0.0331  0.0330  0.0330  0.0342  0.0327  0.0334  0.0323  0.0327  0.0319  0.0319
  0.0352  0.0346  0.0340  0.0344  0.0345  0.0375  0.0341  0.0357  0.0333  0.0341  0.0325  0.0325
niter,ni,del,rscale     6    3    5.0000    1.2000
parameters
    1.8988   19.7472    8.1908   -8.6772   -7.8739  -11.8832
    2.7298    1.9176   -0.3563    7.2394   -0.6135   -8.8606
eta,q 0.96881 10.42174
  0.0346  0.0340  0.0327  0.0332  0.0334  0.0352  0.0338  0.0354  0.0331  0.0341  0.0324  0.0323
  0.0327  0.0325  0.0318  0.0319  0.0321  0.0330  0.0324  0.0332  0.0321  0.0324  0.0317  0.0317
  0.0316  0.0316  0.0314  0.0313  0.0314  0.0315  0.0315  0.0317  0.0314  0.0314  0.0313  0.0313
  0.0313  0.0313  0.0313  0.0313  0.0312  0.0312  0.0312  0.0312  0.0312  0.0312  0.0312  0.0312
  0.0318  0.0315  0.0316  0.0318  0.0315  0.0321  0.0316  0.0317  0.0314  0.0315  0.0314  0.0314
  0.0329  0.0322  0.0323  0.0324  0.0323  0.0333  0.0325  0.0332  0.0320  0.0323  0.0318  0.0318
  0.0347  0.0334  0.0332  0.0334  0.0336  0.0355  0.0339  0.0355  0.0330  0.0336  0.0324  0.0324
niter,ni,del,rscale     5    3    5.0000    1.2000
parameters
    1.8915   19.8428    8.1120   -8.7090   -7.9400  -11.9443
    2.6818    1.9292   -0.2688    7.4326   -0.6711   -9.0609
eta,q 0.96881 10.41550
  0.0346  0.0338  0.0328  0.0334  0.0334  0.0354  0.0338  0.0354  0.0331  0.0340  0.0324  0.0323
  0.0327  0.0323  0.0319  0.0320  0.0321  0.0331  0.0324  0.0332  0.0321  0.0323  0.0317  0.0317
  0.0315  0.0315  0.0313  0.0313  0.0314  0.0315  0.0315  0.0317  0.0314  0.0314  0.0313  0.0313
  0.0312  0.0312  0.0312  0.0312  0.0312  0.0312  0.0312  0.0312  0.0312  0.0312  0.0312  0.0312
  0.0316  0.0314  0.0314  0.0316  0.0314  0.0321  0.0315  0.0317  0.0314  0.0315  0.0314  0.0314
  0.0328  0.0322  0.0321  0.0322  0.0322  0.0332  0.0325  0.0332  0.0320  0.0323  0.0318  0.0318
  0.0345  0.0333  0.0330  0.0332  0.0335  0.0353  0.0339  0.0354  0.0330  0.0336  0.0324  0.0324
niter,ni,del,rscale     4    3    5.0000    1.2000
parameters
    1.8932   19.8964    8.0765   -8.7325   -7.9906  -11.9645
    2.6515    1.9451   -0.2110    7.5445   -0.7141   -9.1830
eta,q 0.96882 10.41175
  0.0346  0.0337  0.0329  0.0334  0.0334  0.0354  0.0338  0.0354  0.0330  0.0339  0.0324  0.0323
  0.0327  0.0323  0.0319  0.0320  0.0321  0.0331  0.0324  0.0332  0.0320  0.0323  0.0317  0.0317
  0.0315  0.0314  0.0314  0.0313  0.0314  0.0315  0.0315  0.0317  0.0314  0.0314  0.0313  0.0313
  0.0312  0.0312  0.0312  0.0312  0.0312  0.0312  0.0312  0.0312  0.0312  0.0312  0.0312  0.0312
  0.0316  0.0315  0.0314  0.0316  0.0314  0.0321  0.0315  0.0317  0.0314  0.0315  0.0314  0.0313
  0.0328  0.0322  0.0320  0.0322  0.0322  0.0332  0.0325  0.0332  0.0320  0.0323  0.0318  0.0317
  0.0345  0.0334  0.0329  0.0332  0.0334  0.0353  0.0339  0.0354  0.0330  0.0336  0.0324  0.0324
niter,ni,del,rscale     3    3    5.0000    1.2000
parameters
    1.8954   19.9283    8.0563   -8.7353   -8.0279  -11.9723
    2.6313    1.9582   -0.1744    7.6030   -0.7358   -9.2416
eta,q 0.96882 10.40992
  0.0346  0.0336  0.0329  0.0334  0.0334  0.0354  0.0338  0.0354  0.0330  0.0339  0.0324  0.0323
  0.0327  0.0322  0.0319  0.0321  0.0321  0.0331  0.0324  0.0332  0.0320  0.0322  0.0317  0.0317
  0.0315  0.0314  0.0314  0.0313  0.0314  0.0315  0.0315  0.0317  0.0314  0.0314  0.0313  0.0313
  0.0312  0.0312  0.0312  0.0312  0.0312  0.0312  0.0312  0.0312  0.0312  0.0312  0.0312  0.0312
  0.0316  0.0315  0.0314  0.0316  0.0314  0.0321  0.0315  0.0317  0.0314  0.0315  0.0314  0.0313
  0.0328  0.0322  0.0320  0.0322  0.0322  0.0332  0.0325  0.0332  0.0320  0.0324  0.0318  0.0317
  0.0345  0.0334  0.0329  0.0332  0.0334  0.0353  0.0338  0.0354  0.0330  0.0336  0.0324  0.0324
niter,ni,del,rscale     2    3    5.0000    1.2000
parameters
    1.8980   19.9456    8.0455   -8.7434   -8.0432  -11.9822
    2.6185    1.9631   -0.1531    7.6430   -0.7468   -9.2608
eta,q 0.96882 10.40864
  0.0346  0.0336  0.0329  0.0334  0.0334  0.0355  0.0339  0.0354  0.0330  0.0338  0.0324  0.0323
  0.0327  0.0322  0.0319  0.0321  0.0321  0.0331  0.0324  0.0332  0.0320  0.0322  0.0318  0.0317
  0.0315  0.0314  0.0314  0.0313  0.0314  0.0315  0.0315  0.0317  0.0314  0.0314  0.0313  0.0313
  0.0312  0.0312  0.0312  0.0312  0.0312  0.0312  0.0312  0.0312  0.0312  0.0312  0.0312  0.0312
  0.0316  0.0315  0.0314  0.0316  0.0314  0.0321  0.0315  0.0317  0.0314  0.0315  0.0314  0.0313
  0.0328  0.0322  0.0320  0.0322  0.0321  0.0332  0.0325  0.0332  0.0320  0.0324  0.0318  0.0317
  0.0345  0.0334  0.0329  0.0332  0.0334  0.0353  0.0338  0.0354  0.0330  0.0336  0.0324  0.0323
registration optimization eta report
parameter search radius
    2.4000    2.4000    2.4000    8.2800    8.2800    9.5220
    7.2000    7.2000    7.2000    7.2000    7.2000    7.2000
100000*second partial in parameter space
       58.       40.       30.        3.        3.        4.
        5.        8.        3.        5.        2.        2.
  0.0346  0.0336  0.0329  0.0334  0.0334  0.0355  0.0339  0.0354  0.0330  0.0338  0.0324  0.0323
  0.0327  0.0322  0.0319  0.0321  0.0321  0.0331  0.0324  0.0332  0.0320  0.0322  0.0318  0.0317
  0.0315  0.0314  0.0314  0.0313  0.0314  0.0315  0.0315  0.0317  0.0314  0.0314  0.0313  0.0313
  0.0312  0.0312  0.0312  0.0312  0.0312  0.0312  0.0312  0.0312  0.0312  0.0312  0.0312  0.0312
  0.0316  0.0315  0.0314  0.0316  0.0314  0.0321  0.0315  0.0317  0.0314  0.0315  0.0314  0.0313
  0.0328  0.0322  0.0320  0.0322  0.0321  0.0332  0.0325  0.0332  0.0320  0.0324  0.0318  0.0317
  0.0345  0.0334  0.0329  0.0332  0.0334  0.0353  0.0338  0.0354  0.0330  0.0336  0.0324  0.0323
    1.8980   19.9456    8.0455   -8.7434   -8.0432  -11.9822
    2.6185    1.9631   -0.1531    7.6430   -0.7468   -9.2608
eta,q 0.96882 10.40864

---------------------------------------------------------------------
imgreg_4dfp /opt/freesurfer/average/711-2C_as_mni_average_305 /opt/freesurfer/average/711-2B_as_mni_average_305_mask talsrcimg_g11 none talsrcimg_to_711-2C_as_mni_average_305_t4 2311
---------------------------------------------------------------------

freesurfer imgreg_4dfp.c
/opt/freesurfer/average/711-2C_as_mni_average_305.4dfp.img
       256       256       256         1
  1.000000  1.000000  1.000000
orientation T byte_order littleendian
Reading image: /opt/freesurfer/average/711-2C_as_mni_average_305.4dfp.img
dimensions:      256       256       256
mmppix:       1.0000   -1.0000   -1.0000
center:     128.0000 -129.0000 -129.0000
/opt/freesurfer/average/711-2B_as_mni_average_305_mask.4dfp.img
       256       256       256         1
  1.000000  1.000000  1.000000
orientation T byte_order littleendian
Reading mask: /opt/freesurfer/average/711-2B_as_mni_average_305_mask.4dfp.img (2306576 pixels)
talsrcimg_g11.4dfp.img
       256       256       256         1
  1.000000  1.000000  1.000000
orientation T byte_order littleendian
Reading image: talsrcimg_g11.4dfp.img
dimensions:      256       256       256
mmppix:       1.0000   -1.0000   -1.0000
center:     128.0000 -129.0000 -129.0000
fimgreg.f
image alignment mode   2311 decimal      907 hex
parameters
    1.8980   19.9456    8.0455   -8.7434   -8.0432  -11.9822
    2.6185    1.9631   -0.1531    7.6430   -0.7468   -9.2608
eta,q 0.96882 10.40863
niter,ni,del,rscale     5    3    5.0000    0.8000
parameters
    1.8716   19.9115    8.0304   -9.3586   -8.1333  -12.5647
    2.5304    1.9266   -0.2015    7.3410   -0.9167   -9.0159
eta,q 0.96892 10.32880
  0.0327  0.0322  0.0320  0.0318  0.0318  0.0322  0.0323  0.0331  0.0319  0.0321  0.0316  0.0317
  0.0318  0.0316  0.0315  0.0314  0.0314  0.0315  0.0316  0.0320  0.0314  0.0314  0.0313  0.0314
  0.0313  0.0313  0.0313  0.0312  0.0312  0.0311  0.0312  0.0313  0.0312  0.0311  0.0311  0.0312
  0.0312  0.0312  0.0312  0.0312  0.0311  0.0311  0.0311  0.0311  0.0311  0.0311  0.0311  0.0311
  0.0314  0.0313  0.0313  0.0314  0.0312  0.0315  0.0313  0.0313  0.0312  0.0313  0.0312  0.0311
  0.0319  0.0317  0.0316  0.0317  0.0315  0.0321  0.0317  0.0320  0.0315  0.0317  0.0314  0.0313
  0.0328  0.0322  0.0320  0.0321  0.0319  0.0326  0.0324  0.0332  0.0319  0.0323  0.0317  0.0316
niter,ni,del,rscale     4    3    5.0000    0.7000
parameters
    1.8776   19.8939    7.9507   -9.5363   -8.1226  -12.7646
    2.5135    1.9056   -0.2114    7.2406   -0.9757   -8.9733
eta,q 0.96894 10.30642
  0.0323  0.0318  0.0316  0.0317  0.0316  0.0321  0.0320  0.0326  0.0317  0.0319  0.0315  0.0315
  0.0316  0.0314  0.0313  0.0313  0.0313  0.0315  0.0315  0.0318  0.0313  0.0314  0.0312  0.0313
  0.0312  0.0311  0.0311  0.0311  0.0311  0.0311  0.0312  0.0312  0.0311  0.0311  0.0311  0.0311
  0.0311  0.0311  0.0311  0.0311  0.0311  0.0311  0.0311  0.0311  0.0311  0.0311  0.0311  0.0311
  0.0312  0.0312  0.0312  0.0312  0.0311  0.0313  0.0312  0.0312  0.0311  0.0312  0.0311  0.0311
  0.0316  0.0314  0.0314  0.0315  0.0313  0.0317  0.0315  0.0318  0.0313  0.0315  0.0313  0.0312
  0.0323  0.0319  0.0318  0.0318  0.0316  0.0322  0.0320  0.0327  0.0317  0.0319  0.0315  0.0315
niter,ni,del,rscale     3    3    5.0000    0.6000
parameters
    1.8707   19.8817    7.9139   -9.6348   -8.1077  -12.8740
    2.4946    1.8897   -0.2163    7.1823   -1.0015   -8.9834
eta,q 0.96896 10.29467
  0.0319  0.0316  0.0315  0.0316  0.0314  0.0319  0.0318  0.0322  0.0315  0.0317  0.0314  0.0314
  0.0314  0.0313  0.0312  0.0313  0.0312  0.0314  0.0314  0.0316  0.0313  0.0313  0.0312  0.0312
  0.0311  0.0311  0.0311  0.0311  0.0311  0.0311  0.0311  0.0312  0.0311  0.0311  0.0311  0.0311
  0.0311  0.0311  0.0311  0.0311  0.0311  0.0311  0.0310  0.0310  0.0310  0.0310  0.0310  0.0310
  0.0312  0.0311  0.0311  0.0311  0.0311  0.0312  0.0311  0.0312  0.0311  0.0311  0.0311  0.0311
  0.0315  0.0313  0.0313  0.0313  0.0312  0.0315  0.0314  0.0316  0.0313  0.0313  0.0312  0.0312
  0.0319  0.0316  0.0315  0.0316  0.0314  0.0320  0.0318  0.0322  0.0315  0.0317  0.0314  0.0314
niter,ni,del,rscale     2    3    5.0000    0.5000
parameters
    1.8654   19.8746    7.8932   -9.6787   -8.1123  -12.9392
    2.4725    1.8686   -0.2251    7.1333   -1.0260   -9.0191
eta,q 0.96896 10.28772
  0.0317  0.0314  0.0314  0.0314  0.0313  0.0317  0.0316  0.0319  0.0314  0.0315  0.0313  0.0313
  0.0313  0.0312  0.0312  0.0312  0.0312  0.0313  0.0313  0.0314  0.0312  0.0312  0.0311  0.0311
  0.0311  0.0311  0.0311  0.0311  0.0311  0.0311  0.0311  0.0311  0.0311  0.0311  0.0311  0.0311
  0.0310  0.0310  0.0310  0.0310  0.0310  0.0310  0.0310  0.0310  0.0310  0.0310  0.0310  0.0310
  0.0311  0.0311  0.0311  0.0311  0.0311  0.0311  0.0311  0.0311  0.0311  0.0311  0.0311  0.0311
  0.0313  0.0312  0.0312  0.0312  0.0312  0.0314  0.0313  0.0314  0.0312  0.0312  0.0312  0.0312
  0.0317  0.0314  0.0314  0.0314  0.0313  0.0317  0.0316  0.0319  0.0314  0.0315  0.0313  0.0313
niter,ni,del,rscale     1    3    5.0000    0.4000
parameters
    1.8601   19.8656    7.8783   -9.7138   -8.0994  -12.9826
    2.4637    1.8511   -0.2284    7.1167   -1.0449   -9.0294
eta,q 0.96896 10.28383
  0.0314  0.0313  0.0312  0.0313  0.0312  0.0315  0.0314  0.0316  0.0313  0.0313  0.0312  0.0312
  0.0312  0.0311  0.0311  0.0312  0.0311  0.0312  0.0312  0.0313  0.0311  0.0311  0.0311  0.0311
  0.0311  0.0311  0.0311  0.0311  0.0311  0.0311  0.0311  0.0311  0.0311  0.0311  0.0311  0.0311
  0.0310  0.0310  0.0310  0.0310  0.0310  0.0310  0.0310  0.0310  0.0310  0.0310  0.0310  0.0310
  0.0311  0.0311  0.0311  0.0311  0.0311  0.0311  0.0311  0.0311  0.0311  0.0311  0.0311  0.0311
  0.0312  0.0312  0.0311  0.0312  0.0311  0.0313  0.0312  0.0313  0.0311  0.0312  0.0311  0.0311
  0.0314  0.0313  0.0313  0.0313  0.0312  0.0315  0.0314  0.0316  0.0313  0.0313  0.0312  0.0312
registration optimization eta report
parameter search radius
    0.8000    0.8000    0.8000    2.4000    2.4000    2.4000
    2.4000    2.4000    2.4000    2.4000    2.4000    2.4000
100000*second partial in parameter space
       61.       40.       33.        4.        3.        7.
        6.        9.        4.        5.        3.        3.
  0.0314  0.0313  0.0312  0.0313  0.0312  0.0315  0.0314  0.0316  0.0313  0.0313  0.0312  0.0312
  0.0312  0.0311  0.0311  0.0312  0.0311  0.0312  0.0312  0.0313  0.0311  0.0311  0.0311  0.0311
  0.0311  0.0311  0.0311  0.0311  0.0311  0.0311  0.0311  0.0311  0.0311  0.0311  0.0311  0.0311
  0.0310  0.0310  0.0310  0.0310  0.0310  0.0310  0.0310  0.0310  0.0310  0.0310  0.0310  0.0310
  0.0311  0.0311  0.0311  0.0311  0.0311  0.0311  0.0311  0.0311  0.0311  0.0311  0.0311  0.0311
  0.0312  0.0312  0.0311  0.0312  0.0311  0.0313  0.0312  0.0313  0.0311  0.0312  0.0311  0.0311
  0.0314  0.0313  0.0313  0.0313  0.0312  0.0315  0.0314  0.0316  0.0313  0.0313  0.0312  0.0312
    1.8601   19.8656    7.8783   -9.7138   -8.0994  -12.9826
    2.4637    1.8511   -0.2284    7.1167   -1.0449   -9.0294
eta,q 0.96896 10.28383

---------------------------------------------------------------------
imgreg_4dfp /opt/freesurfer/average/711-2C_as_mni_average_305 /opt/freesurfer/average/711-2B_as_mni_average_305_mask talsrcimg_g11 none talsrcimg_to_711-2C_as_mni_average_305_t4 2311
---------------------------------------------------------------------

freesurfer imgreg_4dfp.c
/opt/freesurfer/average/711-2C_as_mni_average_305.4dfp.img
       256       256       256         1
  1.000000  1.000000  1.000000
orientation T byte_order littleendian
Reading image: /opt/freesurfer/average/711-2C_as_mni_average_305.4dfp.img
dimensions:      256       256       256
mmppix:       1.0000   -1.0000   -1.0000
center:     128.0000 -129.0000 -129.0000
/opt/freesurfer/average/711-2B_as_mni_average_305_mask.4dfp.img
       256       256       256         1
  1.000000  1.000000  1.000000
orientation T byte_order littleendian
Reading mask: /opt/freesurfer/average/711-2B_as_mni_average_305_mask.4dfp.img (2306576 pixels)
talsrcimg_g11.4dfp.img
       256       256       256         1
  1.000000  1.000000  1.000000
orientation T byte_order littleendian
Reading image: talsrcimg_g11.4dfp.img
dimensions:      256       256       256
mmppix:       1.0000   -1.0000   -1.0000
center:     128.0000 -129.0000 -129.0000
fimgreg.f
image alignment mode   2311 decimal      907 hex
parameters
    1.8601   19.8656    7.8783   -9.7138   -8.0994  -12.9826
    2.4637    1.8511   -0.2284    7.1167   -1.0449   -9.0294
eta,q 0.96896 10.28382
niter,ni,del,rscale     5    3    5.0000    0.8000
parameters
    1.8765   19.8960    7.8787   -9.4992   -8.0521  -12.8048
    2.5261    1.9134   -0.1877    7.3111   -0.9220   -9.0438
eta,q 0.96895 10.31088
  0.0326  0.0321  0.0319  0.0321  0.0318  0.0326  0.0324  0.0332  0.0319  0.0323  0.0317  0.0316
  0.0318  0.0315  0.0314  0.0315  0.0314  0.0318  0.0316  0.0320  0.0314  0.0316  0.0313  0.0313
  0.0312  0.0312  0.0311  0.0311  0.0311  0.0312  0.0312  0.0313  0.0311  0.0312  0.0311  0.0311
  0.0310  0.0310  0.0310  0.0310  0.0310  0.0310  0.0311  0.0311  0.0311  0.0311  0.0311  0.0311
  0.0312  0.0312  0.0311  0.0312  0.0311  0.0313  0.0312  0.0313  0.0311  0.0312  0.0311  0.0311
  0.0317  0.0315  0.0314  0.0315  0.0314  0.0317  0.0316  0.0320  0.0314  0.0315  0.0313  0.0313
  0.0326  0.0320  0.0318  0.0318  0.0317  0.0323  0.0323  0.0331  0.0319  0.0321  0.0316  0.0316
niter,ni,del,rscale     4    3    5.0000    0.7000
parameters
    1.8709   19.9002    7.8937   -9.5416   -8.1066  -12.8341
    2.5086    1.8975   -0.2088    7.2639   -0.9515   -9.0292
eta,q 0.96895 10.30328
  0.0322  0.0318  0.0317  0.0318  0.0316  0.0322  0.0320  0.0326  0.0317  0.0319  0.0315  0.0315
  0.0316  0.0314  0.0313  0.0313  0.0313  0.0316  0.0315  0.0318  0.0313  0.0314  0.0313  0.0312
  0.0312  0.0311  0.0311  0.0311  0.0311  0.0312  0.0312  0.0312  0.0311  0.0311  0.0311  0.0311
  0.0311  0.0311  0.0311  0.0311  0.0311  0.0311  0.0310  0.0311  0.0311  0.0310  0.0311  0.0311
  0.0312  0.0311  0.0311  0.0312  0.0311  0.0312  0.0312  0.0312  0.0311  0.0312  0.0311  0.0311
  0.0316  0.0314  0.0313  0.0314  0.0313  0.0317  0.0315  0.0318  0.0313  0.0314  0.0313  0.0313
  0.0322  0.0318  0.0317  0.0317  0.0316  0.0322  0.0320  0.0327  0.0317  0.0319  0.0315  0.0315
niter,ni,del,rscale     3    3    5.0000    0.6000
parameters
    1.8685   19.8919    7.8954   -9.6250   -8.1167  -12.8919
    2.4840    1.8876   -0.2108    7.2091   -1.0106   -9.0199
eta,q 0.96896 10.29410
  0.0319  0.0316  0.0315  0.0316  0.0314  0.0319  0.0318  0.0322  0.0315  0.0317  0.0314  0.0314
  0.0314  0.0313  0.0313  0.0313  0.0312  0.0314  0.0314  0.0316  0.0313  0.0313  0.0312  0.0312
  0.0311  0.0311  0.0311  0.0311  0.0311  0.0311  0.0311  0.0312  0.0311  0.0311  0.0311  0.0311
  0.0310  0.0311  0.0311  0.0311  0.0310  0.0310  0.0310  0.0310  0.0310  0.0310  0.0310  0.0310
  0.0312  0.0311  0.0311  0.0311  0.0311  0.0312  0.0311  0.0312  0.0311  0.0311  0.0311  0.0311
  0.0315  0.0313  0.0313  0.0313  0.0312  0.0315  0.0314  0.0316  0.0313  0.0313  0.0312  0.0312
  0.0319  0.0316  0.0315  0.0316  0.0314  0.0319  0.0318  0.0322  0.0315  0.0317  0.0314  0.0314
niter,ni,del,rscale     2    3    5.0000    0.5000
parameters
    1.8640   19.8843    7.8873   -9.6837   -8.1147  -12.9472
    2.4705    1.8687   -0.2239    7.1632   -1.0243   -9.0188
eta,q 0.96896 10.28724
  0.0317  0.0314  0.0314  0.0314  0.0313  0.0317  0.0316  0.0319  0.0314  0.0315  0.0313  0.0313
  0.0313  0.0312  0.0312  0.0312  0.0312  0.0313  0.0313  0.0314  0.0312  0.0312  0.0311  0.0311
  0.0311  0.0311  0.0311  0.0311  0.0311  0.0311  0.0311  0.0311  0.0311  0.0311  0.0311  0.0311
  0.0310  0.0310  0.0310  0.0310  0.0310  0.0310  0.0310  0.0310  0.0310  0.0310  0.0310  0.0310
  0.0311  0.0311  0.0311  0.0311  0.0311  0.0311  0.0311  0.0311  0.0311  0.0311  0.0311  0.0311
  0.0313  0.0312  0.0312  0.0312  0.0312  0.0314  0.0313  0.0314  0.0312  0.0312  0.0312  0.0311
  0.0317  0.0314  0.0314  0.0314  0.0313  0.0317  0.0316  0.0319  0.0314  0.0315  0.0313  0.0313
niter,ni,del,rscale     1    3    5.0000    0.4000
parameters
    1.8603   19.8759    7.8765   -9.7252   -8.1436  -12.9860
    2.4515    1.8555   -0.2279    7.1246   -1.0490   -9.0304
eta,q 0.96896 10.28059
  0.0314  0.0313  0.0312  0.0313  0.0312  0.0315  0.0314  0.0316  0.0313  0.0313  0.0312  0.0312
  0.0312  0.0312  0.0311  0.0311  0.0311  0.0312  0.0312  0.0313  0.0311  0.0311  0.0311  0.0311
  0.0311  0.0311  0.0311  0.0311  0.0311  0.0311  0.0311  0.0311  0.0311  0.0311  0.0311  0.0311
  0.0310  0.0310  0.0310  0.0310  0.0310  0.0310  0.0310  0.0310  0.0310  0.0310  0.0310  0.0310
  0.0311  0.0311  0.0311  0.0311  0.0311  0.0311  0.0311  0.0311  0.0311  0.0311  0.0311  0.0311
  0.0312  0.0312  0.0311  0.0312  0.0311  0.0313  0.0312  0.0313  0.0311  0.0312  0.0311  0.0311
  0.0314  0.0313  0.0313  0.0313  0.0312  0.0315  0.0314  0.0316  0.0313  0.0313  0.0312  0.0312
registration optimization eta report
parameter search radius
    0.8000    0.8000    0.8000    2.4000    2.4000    2.4000
    2.4000    2.4000    2.4000    2.4000    2.4000    2.4000
100000*second partial in parameter space
       62.       40.       33.        4.        3.        7.
        6.        9.        4.        5.        3.        3.
  0.0314  0.0313  0.0312  0.0313  0.0312  0.0315  0.0314  0.0316  0.0313  0.0313  0.0312  0.0312
  0.0312  0.0312  0.0311  0.0311  0.0311  0.0312  0.0312  0.0313  0.0311  0.0311  0.0311  0.0311
  0.0311  0.0311  0.0311  0.0311  0.0311  0.0311  0.0311  0.0311  0.0311  0.0311  0.0311  0.0311
  0.0310  0.0310  0.0310  0.0310  0.0310  0.0310  0.0310  0.0310  0.0310  0.0310  0.0310  0.0310
  0.0311  0.0311  0.0311  0.0311  0.0311  0.0311  0.0311  0.0311  0.0311  0.0311  0.0311  0.0311
  0.0312  0.0312  0.0311  0.0312  0.0311  0.0313  0.0312  0.0313  0.0311  0.0312  0.0311  0.0311
  0.0314  0.0313  0.0313  0.0313  0.0312  0.0315  0.0314  0.0316  0.0313  0.0313  0.0312  0.0312
    1.8603   19.8759    7.8765   -9.7252   -8.1436  -12.9860
    2.4515    1.8555   -0.2279    7.1246   -1.0490   -9.0304
eta,q 0.96896 10.28059

---------------------------------------------------------------------
compute_vox2vox talsrcimg talsrcimg_to_711-2C_as_mni_average_305_t4 /opt/freesurfer/average/711-2C_as_mni_average_305
---------------------------------------------------------------------

freesurfer compute_vox2vox.c
Reading: talsrcimg.4dfp.ifh
Reading: talsrcimg_to_711-2C_as_mni_average_305_t4
Reading: /opt/freesurfer/average/711-2C_as_mni_average_305.4dfp.ifh
Writing: talsrcimg_to_711-2C_as_mni_average_305_t4_vox2vox.txt

start time Tue Mar 10 04:58:23 CET 2026
end		time Tue Mar 10 04:59:47 CET 2026

mpr2mni305 success

avi2talxfm orig_nu.mgz /opt/freesurfer/average/mni305.cor.mgz talsrcimg_to_711-2C_as_mni_average_305_t4_vox2vox.txt transforms/talairach.auto.xfm
avi2talxfm done
mv -f /out/sourcedata/freesurfer/sub-v1s5x0050747_ses-1/mri/talsrcimg_to_711-2C_as_mni_average_305_t4_vox2vox.txt /out/sourcedata/freesurfer/sub-v1s5x0050747_ses-1/mri/transforms/talsrcimg_to_711-2C_as_mni_average_305_t4_vox2vox.txt
lta_convert --src orig_nu.mgz --trg /opt/freesurfer/average/mni305.cor.mgz --inxfm transforms/talairach.auto.xfm --outlta transforms/talairach.auto.xfm.lta --subject fsaverage
7.3.2

--src: orig_nu.mgz src image (geometry).
--trg: /opt/freesurfer/average/mni305.cor.mgz trg image (geometry).
--inmni: transforms/talairach.auto.xfm input MNI/XFM transform.
--outlta: transforms/talairach.auto.xfm.lta output LTA.
--s: fsaverage subject name
 LTA read, type : 1
 1.10740  -0.02103  -0.03162  -6.35770;
 0.01353   1.13981   0.11169  -10.71501;
 0.00170  -0.08846   1.07991  -1.26038;
 0.00000   0.00000   0.00000   1.00000;
setting subject to fsaverage
Writing  LTA to file transforms/talairach.auto.xfm.lta...
lta_convert successful.
 
 
Started at Tue Mar 10 04:58:23 CET 2026
Ended   at Tue Mar 10 04:59:48 CET 2026
talairach_avi done
