status file for recon-all
Tue Mar 10 05:55:26 CET 2026
#@# Tessellate lh Tue Mar 10 05:55:26 CET 2026
#@# Smooth1 lh Tue Mar 10 05:55:28 CET 2026
#@# Inflation1 lh Tue Mar 10 05:55:30 CET 2026
#@# QSphere lh Tue Mar 10 05:55:42 CET 2026
#@# Fix Topology lh Tue Mar 10 05:56:44 CET 2026
#@# Smooth2 lh Tue Mar 10 06:01:16 CET 2026
#@# Inflation2 lh Tue Mar 10 06:01:18 CET 2026
#@# Curv .H and .K lh Tue Mar 10 06:01:31 CET 2026
#@# Sphere lh Tue Mar 10 06:02:09 CET 2026
#@# Surf Reg lh Tue Mar 10 06:05:29 CET 2026
#@# Jacobian white lh Tue Mar 10 06:08:59 CET 2026
#@# AvgCurv lh Tue Mar 10 06:09:00 CET 2026
#@# Cortical Parc lh Tue Mar 10 06:09:00 CET 2026
#@# white curv lh Tue Mar 10 06:15:09 CET 2026
#@# white area lh Tue Mar 10 06:15:10 CET 2026
#@# pial curv lh Tue Mar 10 06:15:11 CET 2026
#@# pial area lh Tue Mar 10 06:15:13 CET 2026
#@# thickness lh Tue Mar 10 06:15:13 CET 2026
#@# area and vertex vol lh Tue Mar 10 06:15:34 CET 2026
#@# Curvature Stats lh Tue Mar 10 06:15:35 CET 2026
#@# Cortical Parc 2 lh Tue Mar 10 06:15:37 CET 2026
#@# Cortical Parc 3 lh Tue Mar 10 06:15:47 CET 2026
#@# WM/GM Contrast lh Tue Mar 10 06:15:55 CET 2026
recon-all -s sub-v1s5x0050738_ses-1 finished without error at Tue Mar 10 06:15:57 CET 2026



#New# invocation of recon-all 



status file for recon-all
Tue Mar 10 06:40:21 CET 2026
#@# white curv lh Tue Mar 10 06:40:21 CET 2026
#@# white area lh Tue Mar 10 06:40:21 CET 2026
#@# pial curv lh Tue Mar 10 06:40:21 CET 2026
#@# pial area lh Tue Mar 10 06:40:21 CET 2026
#@# thickness lh Tue Mar 10 06:40:21 CET 2026
#@# area and vertex vol lh Tue Mar 10 06:40:21 CET 2026
#@# Parcellation Stats lh Tue Mar 10 06:40:21 CET 2026
#@# Parcellation Stats 2 lh Tue Mar 10 06:40:36 CET 2026
#@# Parcellation Stats 3 lh Tue Mar 10 06:40:44 CET 2026
#@# BA_exvivo Labels lh Tue Mar 10 06:40:52 CET 2026
recon-all -s sub-v1s5x0050738_ses-1 finished without error at Tue Mar 10 06:42:55 CET 2026
