status file for recon-all
Tue Mar 10 04:21:13 CET 2026
#@# MotionCor Tue Mar 10 04:21:14 CET 2026
#@# Talairach Tue Mar 10 04:21:20 CET 2026
#@# Talairach Failure Detection Tue Mar 10 04:24:10 CET 2026
#@# Nu Intensity Correction Tue Mar 10 04:24:10 CET 2026
#@# Intensity Normalization Tue Mar 10 04:26:56 CET 2026
recon-all -s sub-v1s5x0050738_ses-1 finished without error at Tue Mar 10 04:27:53 CET 2026



#New# invocation of recon-all 



status file for recon-all
Tue Mar 10 04:34:00 CET 2026
#@# EM Registration Tue Mar 10 04:34:00 CET 2026
recon-all -s sub-v1s5x0050738_ses-1 finished without error at Tue Mar 10 04:35:49 CET 2026



#New# invocation of recon-all 



status file for recon-all
Tue Mar 10 04:35:53 CET 2026
#@# CA Normalize Tue Mar 10 04:35:53 CET 2026
#@# CA Reg Tue Mar 10 04:36:45 CET 2026
#@# SubCort Seg Tue Mar 10 05:27:52 CET 2026
#@# CC Seg Tue Mar 10 05:51:29 CET 2026
#@# Merge ASeg Tue Mar 10 05:51:49 CET 2026
#@# Intensity Normalization2 Tue Mar 10 05:51:49 CET 2026
#@# Mask BFS Tue Mar 10 05:53:13 CET 2026
#@# WM Segmentation Tue Mar 10 05:53:14 CET 2026
#@# Fill Tue Mar 10 05:54:42 CET 2026
recon-all -s sub-v1s5x0050738_ses-1 finished without error at Tue Mar 10 05:55:21 CET 2026



#New# invocation of recon-all 



status file for recon-all
Tue Mar 10 06:36:44 CET 2026
#@# white curv lh Tue Mar 10 06:36:44 CET 2026
#@# white area lh Tue Mar 10 06:36:44 CET 2026
#@# pial curv lh Tue Mar 10 06:36:44 CET 2026
#@# pial area lh Tue Mar 10 06:36:44 CET 2026
#@# thickness lh Tue Mar 10 06:36:44 CET 2026
#@# area and vertex vol lh Tue Mar 10 06:36:44 CET 2026
#@# white curv rh Tue Mar 10 06:36:44 CET 2026
#@# white area rh Tue Mar 10 06:36:44 CET 2026
#@# pial curv rh Tue Mar 10 06:36:44 CET 2026
#@# pial area rh Tue Mar 10 06:36:44 CET 2026
#@# thickness rh Tue Mar 10 06:36:44 CET 2026
#@# area and vertex vol rh Tue Mar 10 06:36:44 CET 2026
#@# Cortical ribbon mask Tue Mar 10 06:36:45 CET 2026
recon-all -s sub-v1s5x0050738_ses-1 finished without error at Tue Mar 10 06:40:16 CET 2026



#New# invocation of recon-all 



status file for recon-all
Tue Mar 10 06:45:38 CET 2026
#@# white curv lh Tue Mar 10 06:45:38 CET 2026
#@# white area lh Tue Mar 10 06:45:38 CET 2026
#@# pial curv lh Tue Mar 10 06:45:38 CET 2026
#@# pial area lh Tue Mar 10 06:45:38 CET 2026
#@# thickness lh Tue Mar 10 06:45:39 CET 2026
#@# area and vertex vol lh Tue Mar 10 06:45:39 CET 2026
#@# white curv rh Tue Mar 10 06:45:39 CET 2026
#@# white area rh Tue Mar 10 06:45:39 CET 2026
#@# pial curv rh Tue Mar 10 06:45:39 CET 2026
#@# pial area rh Tue Mar 10 06:45:39 CET 2026
#@# thickness rh Tue Mar 10 06:45:39 CET 2026
#@# area and vertex vol rh Tue Mar 10 06:45:39 CET 2026
#@# Curvature Stats lh Tue Mar 10 06:45:39 CET 2026
#@# Curvature Stats rh Tue Mar 10 06:45:40 CET 2026
#@# Relabel Hypointensities Tue Mar 10 06:45:42 CET 2026
#@# APas-to-ASeg Tue Mar 10 06:45:53 CET 2026
#@# AParc-to-ASeg aparc Tue Mar 10 06:46:00 CET 2026
#@# AParc-to-ASeg aparc.a2009s Tue Mar 10 06:46:22 CET 2026
#@# AParc-to-ASeg aparc.DKTatlas Tue Mar 10 06:46:43 CET 2026
#@# WMParc Tue Mar 10 06:47:07 CET 2026
#@# ASeg Stats Tue Mar 10 06:49:25 CET 2026
recon-all -s sub-v1s5x0050738_ses-1 finished without error at Tue Mar 10 06:49:47 CET 2026
