status file for recon-all
Tue Mar 10 06:15:58 CET 2026
#@# Tessellate rh Tue Mar 10 06:15:58 CET 2026
#@# Smooth1 rh Tue Mar 10 06:16:01 CET 2026
#@# Inflation1 rh Tue Mar 10 06:16:03 CET 2026
#@# QSphere rh Tue Mar 10 06:16:15 CET 2026
#@# Fix Topology rh Tue Mar 10 06:17:11 CET 2026
#@# Smooth2 rh Tue Mar 10 06:21:38 CET 2026
#@# Inflation2 rh Tue Mar 10 06:21:40 CET 2026
#@# Curv .H and .K rh Tue Mar 10 06:21:53 CET 2026
#@# Sphere rh Tue Mar 10 06:22:31 CET 2026
#@# Surf Reg rh Tue Mar 10 06:25:49 CET 2026
#@# Jacobian white rh Tue Mar 10 06:29:47 CET 2026
#@# AvgCurv rh Tue Mar 10 06:29:47 CET 2026
#@# Cortical Parc rh Tue Mar 10 06:29:48 CET 2026
#@# white curv rh Tue Mar 10 06:35:53 CET 2026
#@# white area rh Tue Mar 10 06:35:55 CET 2026
#@# pial curv rh Tue Mar 10 06:35:55 CET 2026
#@# pial area rh Tue Mar 10 06:35:57 CET 2026
#@# thickness rh Tue Mar 10 06:35:57 CET 2026
#@# area and vertex vol rh Tue Mar 10 06:36:17 CET 2026
#@# Curvature Stats rh Tue Mar 10 06:36:18 CET 2026
#@# Cortical Parc 2 rh Tue Mar 10 06:36:20 CET 2026
#@# Cortical Parc 3 rh Tue Mar 10 06:36:30 CET 2026
#@# WM/GM Contrast rh Tue Mar 10 06:36:38 CET 2026
recon-all -s sub-v1s5x0050738_ses-1 finished without error at Tue Mar 10 06:36:40 CET 2026



#New# invocation of recon-all 



status file for recon-all
Tue Mar 10 06:42:56 CET 2026
#@# white curv rh Tue Mar 10 06:42:56 CET 2026
#@# white area rh Tue Mar 10 06:42:57 CET 2026
#@# pial curv rh Tue Mar 10 06:42:57 CET 2026
#@# pial area rh Tue Mar 10 06:42:57 CET 2026
#@# thickness rh Tue Mar 10 06:42:57 CET 2026
#@# area and vertex vol rh Tue Mar 10 06:42:57 CET 2026
#@# Parcellation Stats rh Tue Mar 10 06:42:57 CET 2026
#@# Parcellation Stats 2 rh Tue Mar 10 06:43:13 CET 2026
#@# Parcellation Stats 3 rh Tue Mar 10 06:43:20 CET 2026
#@# BA_exvivo Labels rh Tue Mar 10 06:43:28 CET 2026
recon-all -s sub-v1s5x0050738_ses-1 finished without error at Tue Mar 10 06:45:34 CET 2026
