status file for recon-all
Tue Mar 10 05:02:51 CET 2026
#@# MotionCor Tue Mar 10 05:02:53 CET 2026
#@# Talairach Tue Mar 10 05:03:04 CET 2026
#@# Talairach Failure Detection Tue Mar 10 05:07:29 CET 2026
#@# Nu Intensity Correction Tue Mar 10 05:07:30 CET 2026
#@# Intensity Normalization Tue Mar 10 05:10:49 CET 2026
recon-all -s sub-v1s5x0050750_ses-1 finished without error at Tue Mar 10 05:12:28 CET 2026



#New# invocation of recon-all 



status file for recon-all
Tue Mar 10 05:19:40 CET 2026
#@# EM Registration Tue Mar 10 05:19:40 CET 2026
recon-all -s sub-v1s5x0050750_ses-1 finished without error at Tue Mar 10 05:21:28 CET 2026



#New# invocation of recon-all 



status file for recon-all
Tue Mar 10 05:21:30 CET 2026
#@# CA Normalize Tue Mar 10 05:21:30 CET 2026
#@# CA Reg Tue Mar 10 05:22:53 CET 2026
#@# SubCort Seg Tue Mar 10 06:16:53 CET 2026
#@# CC Seg Tue Mar 10 06:48:05 CET 2026
#@# Merge ASeg Tue Mar 10 06:48:41 CET 2026
#@# Intensity Normalization2 Tue Mar 10 06:48:41 CET 2026
#@# Mask BFS Tue Mar 10 06:50:55 CET 2026
#@# WM Segmentation Tue Mar 10 06:50:55 CET 2026
#@# Fill Tue Mar 10 06:52:45 CET 2026
recon-all -s sub-v1s5x0050750_ses-1 finished without error at Tue Mar 10 06:53:48 CET 2026



#New# invocation of recon-all 



status file for recon-all
Tue Mar 10 07:44:03 CET 2026
#@# white curv lh Tue Mar 10 07:44:03 CET 2026
#@# white area lh Tue Mar 10 07:44:03 CET 2026
#@# pial curv lh Tue Mar 10 07:44:03 CET 2026
#@# pial area lh Tue Mar 10 07:44:03 CET 2026
#@# thickness lh Tue Mar 10 07:44:03 CET 2026
#@# area and vertex vol lh Tue Mar 10 07:44:03 CET 2026
#@# white curv rh Tue Mar 10 07:44:03 CET 2026
#@# white area rh Tue Mar 10 07:44:03 CET 2026
#@# pial curv rh Tue Mar 10 07:44:03 CET 2026
#@# pial area rh Tue Mar 10 07:44:03 CET 2026
#@# thickness rh Tue Mar 10 07:44:03 CET 2026
#@# area and vertex vol rh Tue Mar 10 07:44:03 CET 2026
#@# Cortical ribbon mask Tue Mar 10 07:44:03 CET 2026
recon-all -s sub-v1s5x0050750_ses-1 finished without error at Tue Mar 10 07:50:07 CET 2026



#New# invocation of recon-all 



status file for recon-all
Tue Mar 10 07:56:55 CET 2026
#@# white curv lh Tue Mar 10 07:56:55 CET 2026
#@# white area lh Tue Mar 10 07:56:55 CET 2026
#@# pial curv lh Tue Mar 10 07:56:55 CET 2026
#@# pial area lh Tue Mar 10 07:56:55 CET 2026
#@# thickness lh Tue Mar 10 07:56:55 CET 2026
#@# area and vertex vol lh Tue Mar 10 07:56:55 CET 2026
#@# white curv rh Tue Mar 10 07:56:55 CET 2026
#@# white area rh Tue Mar 10 07:56:55 CET 2026
#@# pial curv rh Tue Mar 10 07:56:55 CET 2026
#@# pial area rh Tue Mar 10 07:56:55 CET 2026
#@# thickness rh Tue Mar 10 07:56:55 CET 2026
#@# area and vertex vol rh Tue Mar 10 07:56:55 CET 2026
#@# Curvature Stats lh Tue Mar 10 07:56:55 CET 2026
#@# Curvature Stats rh Tue Mar 10 07:56:58 CET 2026
#@# Relabel Hypointensities Tue Mar 10 07:57:01 CET 2026
#@# APas-to-ASeg Tue Mar 10 07:57:16 CET 2026
#@# AParc-to-ASeg aparc Tue Mar 10 07:57:24 CET 2026
#@# AParc-to-ASeg aparc.a2009s Tue Mar 10 07:58:08 CET 2026
#@# AParc-to-ASeg aparc.DKTatlas Tue Mar 10 07:58:49 CET 2026
#@# WMParc Tue Mar 10 07:59:33 CET 2026
#@# ASeg Stats Tue Mar 10 08:03:45 CET 2026
recon-all -s sub-v1s5x0050750_ses-1 finished without error at Tue Mar 10 08:04:28 CET 2026
