status file for recon-all
Tue Mar 10 07:19:00 CET 2026
#@# Tessellate rh Tue Mar 10 07:19:00 CET 2026
#@# Smooth1 rh Tue Mar 10 07:19:03 CET 2026
#@# Inflation1 rh Tue Mar 10 07:19:06 CET 2026
#@# QSphere rh Tue Mar 10 07:19:21 CET 2026
#@# Fix Topology rh Tue Mar 10 07:20:41 CET 2026
#@# Smooth2 rh Tue Mar 10 07:26:07 CET 2026
#@# Inflation2 rh Tue Mar 10 07:26:10 CET 2026
#@# Curv .H and .K rh Tue Mar 10 07:26:26 CET 2026
#@# Sphere rh Tue Mar 10 07:27:14 CET 2026
#@# Surf Reg rh Tue Mar 10 07:31:30 CET 2026
#@# Jacobian white rh Tue Mar 10 07:36:26 CET 2026
#@# AvgCurv rh Tue Mar 10 07:36:27 CET 2026
#@# Cortical Parc rh Tue Mar 10 07:36:28 CET 2026
#@# white curv rh Tue Mar 10 07:42:50 CET 2026
#@# white area rh Tue Mar 10 07:42:52 CET 2026
#@# pial curv rh Tue Mar 10 07:42:53 CET 2026
#@# pial area rh Tue Mar 10 07:42:54 CET 2026
#@# thickness rh Tue Mar 10 07:42:55 CET 2026
#@# area and vertex vol rh Tue Mar 10 07:43:26 CET 2026
#@# Curvature Stats rh Tue Mar 10 07:43:28 CET 2026
#@# Cortical Parc 2 rh Tue Mar 10 07:43:31 CET 2026
#@# Cortical Parc 3 rh Tue Mar 10 07:43:45 CET 2026
#@# WM/GM Contrast rh Tue Mar 10 07:43:55 CET 2026
recon-all -s sub-v1s5x0050750_ses-1 finished without error at Tue Mar 10 07:43:58 CET 2026



#New# invocation of recon-all 



status file for recon-all
Tue Mar 10 07:53:30 CET 2026
#@# white curv rh Tue Mar 10 07:53:30 CET 2026
#@# white area rh Tue Mar 10 07:53:30 CET 2026
#@# pial curv rh Tue Mar 10 07:53:30 CET 2026
#@# pial area rh Tue Mar 10 07:53:30 CET 2026
#@# thickness rh Tue Mar 10 07:53:30 CET 2026
#@# area and vertex vol rh Tue Mar 10 07:53:30 CET 2026
#@# Parcellation Stats rh Tue Mar 10 07:53:30 CET 2026
#@# Parcellation Stats 2 rh Tue Mar 10 07:53:49 CET 2026
#@# Parcellation Stats 3 rh Tue Mar 10 07:53:59 CET 2026
#@# BA_exvivo Labels rh Tue Mar 10 07:54:09 CET 2026
recon-all -s sub-v1s5x0050750_ses-1 finished without error at Tue Mar 10 07:56:49 CET 2026
