status file for recon-all
Tue Mar 10 06:53:53 CET 2026
#@# Tessellate lh Tue Mar 10 06:53:53 CET 2026
#@# Smooth1 lh Tue Mar 10 06:53:57 CET 2026
#@# Inflation1 lh Tue Mar 10 06:54:00 CET 2026
#@# QSphere lh Tue Mar 10 06:54:14 CET 2026
#@# Fix Topology lh Tue Mar 10 06:55:45 CET 2026
#@# Smooth2 lh Tue Mar 10 07:02:02 CET 2026
#@# Inflation2 lh Tue Mar 10 07:02:05 CET 2026
#@# Curv .H and .K lh Tue Mar 10 07:02:20 CET 2026
#@# Sphere lh Tue Mar 10 07:03:08 CET 2026
#@# Surf Reg lh Tue Mar 10 07:07:12 CET 2026
#@# Jacobian white lh Tue Mar 10 07:11:37 CET 2026
#@# AvgCurv lh Tue Mar 10 07:11:38 CET 2026
#@# Cortical Parc lh Tue Mar 10 07:11:39 CET 2026
#@# white curv lh Tue Mar 10 07:17:49 CET 2026
#@# white area lh Tue Mar 10 07:17:51 CET 2026
#@# pial curv lh Tue Mar 10 07:17:52 CET 2026
#@# pial area lh Tue Mar 10 07:17:54 CET 2026
#@# thickness lh Tue Mar 10 07:17:55 CET 2026
#@# area and vertex vol lh Tue Mar 10 07:18:25 CET 2026
#@# Curvature Stats lh Tue Mar 10 07:18:26 CET 2026
#@# Cortical Parc 2 lh Tue Mar 10 07:18:29 CET 2026
#@# Cortical Parc 3 lh Tue Mar 10 07:18:43 CET 2026
#@# WM/GM Contrast lh Tue Mar 10 07:18:53 CET 2026
recon-all -s sub-v1s5x0050750_ses-1 finished without error at Tue Mar 10 07:18:57 CET 2026



#New# invocation of recon-all 



status file for recon-all
Tue Mar 10 07:50:12 CET 2026
#@# white curv lh Tue Mar 10 07:50:12 CET 2026
#@# white area lh Tue Mar 10 07:50:12 CET 2026
#@# pial curv lh Tue Mar 10 07:50:12 CET 2026
#@# pial area lh Tue Mar 10 07:50:12 CET 2026
#@# thickness lh Tue Mar 10 07:50:12 CET 2026
#@# area and vertex vol lh Tue Mar 10 07:50:12 CET 2026
#@# Parcellation Stats lh Tue Mar 10 07:50:12 CET 2026
#@# Parcellation Stats 2 lh Tue Mar 10 07:50:31 CET 2026
#@# Parcellation Stats 3 lh Tue Mar 10 07:50:41 CET 2026
#@# BA_exvivo Labels lh Tue Mar 10 07:50:50 CET 2026
recon-all -s sub-v1s5x0050750_ses-1 finished without error at Tue Mar 10 07:53:28 CET 2026
