status file for recon-all
Tue Mar 10 05:30:28 CET 2026
#@# Tessellate lh Tue Mar 10 05:30:28 CET 2026
#@# Smooth1 lh Tue Mar 10 05:30:31 CET 2026
#@# Inflation1 lh Tue Mar 10 05:30:33 CET 2026
#@# QSphere lh Tue Mar 10 05:30:42 CET 2026
#@# Fix Topology lh Tue Mar 10 05:31:20 CET 2026
#@# Smooth2 lh Tue Mar 10 05:36:38 CET 2026
#@# Inflation2 lh Tue Mar 10 05:36:40 CET 2026
#@# Curv .H and .K lh Tue Mar 10 05:36:48 CET 2026
#@# Sphere lh Tue Mar 10 05:37:26 CET 2026
#@# Surf Reg lh Tue Mar 10 05:39:54 CET 2026
#@# Jacobian white lh Tue Mar 10 05:43:45 CET 2026
#@# AvgCurv lh Tue Mar 10 05:43:46 CET 2026
#@# Cortical Parc lh Tue Mar 10 05:43:46 CET 2026
#@# white curv lh Tue Mar 10 05:49:10 CET 2026
#@# white area lh Tue Mar 10 05:49:11 CET 2026
#@# pial curv lh Tue Mar 10 05:49:12 CET 2026
#@# pial area lh Tue Mar 10 05:49:13 CET 2026
#@# thickness lh Tue Mar 10 05:49:13 CET 2026
#@# area and vertex vol lh Tue Mar 10 05:49:33 CET 2026
#@# Curvature Stats lh Tue Mar 10 05:49:34 CET 2026
#@# Cortical Parc 2 lh Tue Mar 10 05:49:35 CET 2026
#@# Cortical Parc 3 lh Tue Mar 10 05:49:44 CET 2026
#@# WM/GM Contrast lh Tue Mar 10 05:49:52 CET 2026
recon-all -s sub-v1s5x0050737_ses-1 finished without error at Tue Mar 10 05:49:54 CET 2026



#New# invocation of recon-all 



status file for recon-all
Tue Mar 10 06:11:53 CET 2026
#@# white curv lh Tue Mar 10 06:11:53 CET 2026
#@# white area lh Tue Mar 10 06:11:53 CET 2026
#@# pial curv lh Tue Mar 10 06:11:53 CET 2026
#@# pial area lh Tue Mar 10 06:11:53 CET 2026
#@# thickness lh Tue Mar 10 06:11:53 CET 2026
#@# area and vertex vol lh Tue Mar 10 06:11:53 CET 2026
#@# Parcellation Stats lh Tue Mar 10 06:11:53 CET 2026
#@# Parcellation Stats 2 lh Tue Mar 10 06:12:08 CET 2026
#@# Parcellation Stats 3 lh Tue Mar 10 06:12:16 CET 2026
#@# BA_exvivo Labels lh Tue Mar 10 06:12:24 CET 2026
recon-all -s sub-v1s5x0050737_ses-1 finished without error at Tue Mar 10 06:14:14 CET 2026
