status file for recon-all
Tue Mar 10 04:15:13 CET 2026
#@# MotionCor Tue Mar 10 04:15:14 CET 2026
#@# Talairach Tue Mar 10 04:15:20 CET 2026
#@# Talairach Failure Detection Tue Mar 10 04:18:10 CET 2026
#@# Nu Intensity Correction Tue Mar 10 04:18:10 CET 2026
#@# Intensity Normalization Tue Mar 10 04:20:57 CET 2026
recon-all -s sub-v1s5x0050737_ses-1 finished without error at Tue Mar 10 04:22:04 CET 2026



#New# invocation of recon-all 



status file for recon-all
Tue Mar 10 04:27:45 CET 2026
#@# EM Registration Tue Mar 10 04:27:45 CET 2026
recon-all -s sub-v1s5x0050737_ses-1 finished without error at Tue Mar 10 04:29:19 CET 2026



#New# invocation of recon-all 



status file for recon-all
Tue Mar 10 04:29:21 CET 2026
#@# CA Normalize Tue Mar 10 04:29:21 CET 2026
#@# CA Reg Tue Mar 10 04:30:15 CET 2026
#@# SubCort Seg Tue Mar 10 05:03:01 CET 2026
#@# CC Seg Tue Mar 10 05:26:11 CET 2026
#@# Merge ASeg Tue Mar 10 05:26:44 CET 2026
#@# Intensity Normalization2 Tue Mar 10 05:26:44 CET 2026
#@# Mask BFS Tue Mar 10 05:28:14 CET 2026
#@# WM Segmentation Tue Mar 10 05:28:15 CET 2026
#@# Fill Tue Mar 10 05:29:44 CET 2026
recon-all -s sub-v1s5x0050737_ses-1 finished without error at Tue Mar 10 05:30:22 CET 2026



#New# invocation of recon-all 



status file for recon-all
Tue Mar 10 06:07:35 CET 2026
#@# white curv lh Tue Mar 10 06:07:35 CET 2026
#@# white area lh Tue Mar 10 06:07:35 CET 2026
#@# pial curv lh Tue Mar 10 06:07:35 CET 2026
#@# pial area lh Tue Mar 10 06:07:35 CET 2026
#@# thickness lh Tue Mar 10 06:07:35 CET 2026
#@# area and vertex vol lh Tue Mar 10 06:07:35 CET 2026
#@# white curv rh Tue Mar 10 06:07:35 CET 2026
#@# white area rh Tue Mar 10 06:07:35 CET 2026
#@# pial curv rh Tue Mar 10 06:07:35 CET 2026
#@# pial area rh Tue Mar 10 06:07:35 CET 2026
#@# thickness rh Tue Mar 10 06:07:35 CET 2026
#@# area and vertex vol rh Tue Mar 10 06:07:35 CET 2026
#@# Cortical ribbon mask Tue Mar 10 06:07:35 CET 2026
recon-all -s sub-v1s5x0050737_ses-1 finished without error at Tue Mar 10 06:11:49 CET 2026



#New# invocation of recon-all 



status file for recon-all
Tue Mar 10 06:16:43 CET 2026
#@# white curv lh Tue Mar 10 06:16:43 CET 2026
#@# white area lh Tue Mar 10 06:16:43 CET 2026
#@# pial curv lh Tue Mar 10 06:16:43 CET 2026
#@# pial area lh Tue Mar 10 06:16:43 CET 2026
#@# thickness lh Tue Mar 10 06:16:43 CET 2026
#@# area and vertex vol lh Tue Mar 10 06:16:43 CET 2026
#@# white curv rh Tue Mar 10 06:16:43 CET 2026
#@# white area rh Tue Mar 10 06:16:43 CET 2026
#@# pial curv rh Tue Mar 10 06:16:43 CET 2026
#@# pial area rh Tue Mar 10 06:16:43 CET 2026
#@# thickness rh Tue Mar 10 06:16:43 CET 2026
#@# area and vertex vol rh Tue Mar 10 06:16:43 CET 2026
#@# Curvature Stats lh Tue Mar 10 06:16:43 CET 2026
#@# Curvature Stats rh Tue Mar 10 06:16:45 CET 2026
#@# Relabel Hypointensities Tue Mar 10 06:16:46 CET 2026
#@# APas-to-ASeg Tue Mar 10 06:16:57 CET 2026
#@# AParc-to-ASeg aparc Tue Mar 10 06:17:03 CET 2026
#@# AParc-to-ASeg aparc.a2009s Tue Mar 10 06:17:27 CET 2026
#@# AParc-to-ASeg aparc.DKTatlas Tue Mar 10 06:17:51 CET 2026
#@# WMParc Tue Mar 10 06:18:15 CET 2026
#@# ASeg Stats Tue Mar 10 06:20:13 CET 2026
recon-all -s sub-v1s5x0050737_ses-1 finished without error at Tue Mar 10 06:20:30 CET 2026
