status file for recon-all
Tue Mar 10 07:29:08 CET 2026
#@# Tessellate rh Tue Mar 10 07:29:08 CET 2026
#@# Smooth1 rh Tue Mar 10 07:29:12 CET 2026
#@# Inflation1 rh Tue Mar 10 07:29:14 CET 2026
#@# QSphere rh Tue Mar 10 07:29:25 CET 2026
#@# Fix Topology rh Tue Mar 10 07:30:35 CET 2026
#@# Smooth2 rh Tue Mar 10 07:37:23 CET 2026
#@# Inflation2 rh Tue Mar 10 07:37:25 CET 2026
#@# Curv .H and .K rh Tue Mar 10 07:37:39 CET 2026
#@# Sphere rh Tue Mar 10 07:38:20 CET 2026
#@# Surf Reg rh Tue Mar 10 07:40:29 CET 2026
#@# Jacobian white rh Tue Mar 10 07:44:33 CET 2026
#@# AvgCurv rh Tue Mar 10 07:44:34 CET 2026
#@# Cortical Parc rh Tue Mar 10 07:44:35 CET 2026
#@# white curv rh Tue Mar 10 07:50:48 CET 2026
#@# white area rh Tue Mar 10 07:50:50 CET 2026
#@# pial curv rh Tue Mar 10 07:50:50 CET 2026
#@# pial area rh Tue Mar 10 07:50:52 CET 2026
#@# thickness rh Tue Mar 10 07:50:53 CET 2026
#@# area and vertex vol rh Tue Mar 10 07:51:18 CET 2026
#@# Curvature Stats rh Tue Mar 10 07:51:20 CET 2026
#@# Cortical Parc 2 rh Tue Mar 10 07:51:22 CET 2026
#@# Cortical Parc 3 rh Tue Mar 10 07:51:34 CET 2026
#@# WM/GM Contrast rh Tue Mar 10 07:51:44 CET 2026
recon-all -s sub-v1s5x0050757_ses-1 finished without error at Tue Mar 10 07:51:46 CET 2026



#New# invocation of recon-all 



status file for recon-all
Tue Mar 10 07:58:45 CET 2026
#@# white curv rh Tue Mar 10 07:58:45 CET 2026
#@# white area rh Tue Mar 10 07:58:45 CET 2026
#@# pial curv rh Tue Mar 10 07:58:45 CET 2026
#@# pial area rh Tue Mar 10 07:58:45 CET 2026
#@# thickness rh Tue Mar 10 07:58:45 CET 2026
#@# area and vertex vol rh Tue Mar 10 07:58:45 CET 2026
#@# Parcellation Stats rh Tue Mar 10 07:58:45 CET 2026
#@# Parcellation Stats 2 rh Tue Mar 10 07:59:00 CET 2026
#@# Parcellation Stats 3 rh Tue Mar 10 07:59:08 CET 2026
#@# BA_exvivo Labels rh Tue Mar 10 07:59:16 CET 2026
recon-all -s sub-v1s5x0050757_ses-1 finished without error at Tue Mar 10 08:01:38 CET 2026
