status file for recon-all
Tue Mar 10 07:08:48 CET 2026
#@# Tessellate lh Tue Mar 10 07:08:48 CET 2026
#@# Smooth1 lh Tue Mar 10 07:08:52 CET 2026
#@# Inflation1 lh Tue Mar 10 07:08:54 CET 2026
#@# QSphere lh Tue Mar 10 07:09:06 CET 2026
#@# Fix Topology lh Tue Mar 10 07:10:01 CET 2026
#@# Smooth2 lh Tue Mar 10 07:15:32 CET 2026
#@# Inflation2 lh Tue Mar 10 07:15:34 CET 2026
#@# Curv .H and .K lh Tue Mar 10 07:15:46 CET 2026
#@# Sphere lh Tue Mar 10 07:16:27 CET 2026
#@# Surf Reg lh Tue Mar 10 07:19:00 CET 2026
#@# Jacobian white lh Tue Mar 10 07:22:21 CET 2026
#@# AvgCurv lh Tue Mar 10 07:22:22 CET 2026
#@# Cortical Parc lh Tue Mar 10 07:22:22 CET 2026
#@# white curv lh Tue Mar 10 07:28:09 CET 2026
#@# white area lh Tue Mar 10 07:28:11 CET 2026
#@# pial curv lh Tue Mar 10 07:28:12 CET 2026
#@# pial area lh Tue Mar 10 07:28:13 CET 2026
#@# thickness lh Tue Mar 10 07:28:14 CET 2026
#@# area and vertex vol lh Tue Mar 10 07:28:39 CET 2026
#@# Curvature Stats lh Tue Mar 10 07:28:40 CET 2026
#@# Cortical Parc 2 lh Tue Mar 10 07:28:43 CET 2026
#@# Cortical Parc 3 lh Tue Mar 10 07:28:54 CET 2026
#@# WM/GM Contrast lh Tue Mar 10 07:29:03 CET 2026
recon-all -s sub-v1s5x0050757_ses-1 finished without error at Tue Mar 10 07:29:06 CET 2026



#New# invocation of recon-all 



status file for recon-all
Tue Mar 10 07:55:53 CET 2026
#@# white curv lh Tue Mar 10 07:55:53 CET 2026
#@# white area lh Tue Mar 10 07:55:53 CET 2026
#@# pial curv lh Tue Mar 10 07:55:53 CET 2026
#@# pial area lh Tue Mar 10 07:55:53 CET 2026
#@# thickness lh Tue Mar 10 07:55:53 CET 2026
#@# area and vertex vol lh Tue Mar 10 07:55:53 CET 2026
#@# Parcellation Stats lh Tue Mar 10 07:55:53 CET 2026
#@# Parcellation Stats 2 lh Tue Mar 10 07:56:07 CET 2026
#@# Parcellation Stats 3 lh Tue Mar 10 07:56:15 CET 2026
#@# BA_exvivo Labels lh Tue Mar 10 07:56:23 CET 2026
recon-all -s sub-v1s5x0050757_ses-1 finished without error at Tue Mar 10 07:58:42 CET 2026
