/out/sourcedata/freesurfer/sub-v1s5x0050739_ses-1/mri
/opt/freesurfer/bin/talairach_avi
--i orig_nu.mgz --xfm transforms/talairach.auto.xfm
talairach_avi 7.3.2
Linux dna030 5.14.0-427.37.1.el9_4.x86_64 #1 SMP PREEMPT_DYNAMIC Fri Sep 13 12:41:50 EDT 2024 x86_64 x86_64 x86_64 GNU/Linux
Tue Mar 10 04:28:34 CET 2026
mri_convert orig_nu.mgz talsrcimg.img 
reading from orig_nu.mgz...
TR=0.00, TE=0.00, TI=0.00, flip angle=0.00
i_ras = (-1, 2.32831e-09, 0)
j_ras = (1.49012e-08, 7.45058e-09, -1)
k_ras = (9.31323e-09, 1, 3.72529e-09)
writing to talsrcimg.img...
Analyze Output Matrix
-1.00000   0.00000   0.00000   132.15979;
 0.00000   0.00000   1.00000  -120.58224;
 0.00000  -1.00000   0.00000   113.66444;
 0.00000   0.00000   0.00000   1.00000;
--------------------
INFO: set hdr.hist.orient to -1
mpr2mni305 talsrcimg
Tue Mar 10 04:28:35 CET 2026
/opt/freesurfer/bin/mpr2mni305 talsrcimg
mpr2mni305 7.3.2
target=711-2C_as_mni_average_305

---------------------------------------------------------------------
analyzeto4dfp talsrcimg -O0 -y
---------------------------------------------------------------------

freesurfer ifh2hdr.c
Tue Mar 10 04:28:35 2026
Writing: talsrcimg.4dfp.hdr
freesurfer analyzeto4dfp.c
Reading: talsrcimg.hdr
header size 348 bytes
hdr.dime.datatype	offset=70	value=2
hdr.dime.bitpix		offset=72	value=8
hdr.hist.orient		offset=252	value=-1
dimensionality     4
dimensions       256       256       256         1
Reading: talsrcimg.img
Writing: talsrcimg.4dfp.img
Writing: talsrcimg.4dfp.ifh
ifh2hdr talsrcimg -r0to255
ori=2

---------------------------------------------------------------------
gauss_4dfp talsrcimg 1.1
---------------------------------------------------------------------

freesurfer gauss_4dfp.c
Reading: talsrcimg.4dfp.img
Writing: talsrcimg_g11.4dfp.img
image dimensions 256 256 256 padded to 288 288 288
processing volume 1freesurfer ifh2hdr.c
Tue Mar 10 04:28:37 2026
Writing: talsrcimg_g11.4dfp.hdr

Writing: talsrcimg_g11.4dfp.ifh
including: talsrcimg.4dfp.img.rec in talsrcimg_g11.4dfp.img.rec

---------------------------------------------------------------------
imgreg_4dfp /opt/freesurfer/average/711-2C_as_mni_average_305 none talsrcimg_g11 none talsrcimg_to_711-2C_as_mni_average_305_t4 4355
---------------------------------------------------------------------

freesurfer imgreg_4dfp.c
/opt/freesurfer/average/711-2C_as_mni_average_305.4dfp.img
       256       256       256         1
  1.000000  1.000000  1.000000
orientation T byte_order littleendian
Reading image: /opt/freesurfer/average/711-2C_as_mni_average_305.4dfp.img
dimensions:      256       256       256
mmppix:       1.0000   -1.0000   -1.0000
center:     128.0000 -129.0000 -129.0000
talsrcimg_g11.4dfp.img
       256       256       256         1
  1.000000  1.000000  1.000000
orientation T byte_order littleendian
Reading image: talsrcimg_g11.4dfp.img
dimensions:      256       256       256
mmppix:       1.0000   -1.0000   -1.0000
center:     128.0000 -129.0000 -129.0000
t4_read: open error in t4_sub.f l:  41 t4_file(1:l)talsrcimg_to_711-2C_as_mni_average_305_t4 
t4_read: transform initialized to I4
rotation matrix determinant  1.000000
image alignment mode   4355 decimal     1103 hex
   -7.5000  -45.0000  -45.0000 8640.8379   17.1269
    0.0000  -45.0000  -45.0000 8992.9531   17.0696
    7.5000  -45.0000  -45.0000 8579.1768   17.0772
   -7.5000  -37.5000  -45.0000 9175.6006   16.8850
    0.0000  -37.5000  -45.0000 9551.9287   16.8330
    7.5000  -37.5000  -45.0000 9107.1416   16.8441
   -7.5000  -30.0000  -45.000010033.0391   16.8149
    0.0000  -30.0000  -45.000010424.6279   16.7702
    7.5000  -30.0000  -45.0000 9934.0869   16.7926
   -7.5000  -22.5000  -45.000010845.4805   16.8975
    0.0000  -22.5000  -45.000011253.4209   16.8564
    7.5000  -22.5000  -45.000010712.1133   16.8871
   -7.5000  -15.0000  -45.000011444.1406   16.9769
    0.0000  -15.0000  -45.000011868.6953   16.9327
    7.5000  -15.0000  -45.000011280.3086   16.9612
   -7.5000   -7.5000  -45.000011924.2168   16.9635
    0.0000   -7.5000  -45.000012361.3252   16.9120
    7.5000   -7.5000  -45.000011755.4043   16.9291
   -7.5000    0.0000  -45.000012235.5342   16.8826
    0.0000    0.0000  -45.000012683.4062   16.8276
    7.5000    0.0000  -45.000012064.7773   16.8353
   -7.5000    7.5000  -45.000011655.6670   16.8112
    0.0000    7.5000  -45.000012077.9199   16.7599
    7.5000    7.5000  -45.000011500.1553   16.7708
   -7.5000   15.0000  -45.000011018.2578   16.8128
    0.0000   15.0000  -45.000011373.3760   16.7682
    7.5000   15.0000  -45.000010850.4707   16.7905
   -7.5000   22.5000  -45.000010329.7324   17.0442
    0.0000   22.5000  -45.000010671.8887   17.0046
    7.5000   22.5000  -45.000010167.9990   17.0348
   -7.5000   30.0000  -45.0000 9701.5000   17.2619
    0.0000   30.0000  -45.000010041.8438   17.2182
    7.5000   30.0000  -45.0000 9557.0127   17.2425
   -7.5000   37.5000  -45.0000 9449.3213   17.7204
    0.0000   37.5000  -45.0000 9783.9453   17.6686
    7.5000   37.5000  -45.0000 9308.1709   17.6796
   -7.5000   45.0000  -45.0000 8828.7588   17.6988
    0.0000   45.0000  -45.0000 9153.3467   17.6426
    7.5000   45.0000  -45.0000 8683.1074   17.6443
   -7.5000  -45.0000  -37.5000 9195.8379   17.1248
    0.0000  -45.0000  -37.5000 9586.3047   17.0697
    7.5000  -45.0000  -37.5000 9155.4609   17.0700
   -7.5000  -37.5000  -37.5000 9815.3389   16.8888
    0.0000  -37.5000  -37.500010230.6680   16.8384
    7.5000  -37.5000  -37.5000 9767.6094   16.8453
   -7.5000  -30.0000  -37.500010741.5674   16.8179
    0.0000  -30.0000  -37.500011172.2100   16.7747
    7.5000  -30.0000  -37.500010650.0010   16.7934
   -7.5000  -22.5000  -37.500011613.3867   16.8929
    0.0000  -22.5000  -37.500012028.5693   16.8538
    7.5000  -22.5000  -37.500011452.8252   16.8784
   -7.5000  -15.0000  -37.500012230.8467   16.9658
    0.0000  -15.0000  -37.500012653.4873   16.9240
    7.5000  -15.0000  -37.500012067.4746   16.9435
   -7.5000   -7.5000  -37.500012691.5391   16.9539
    0.0000   -7.5000  -37.500013159.2012   16.9047
    7.5000   -7.5000  -37.500012540.6416   16.9123
   -7.5000    0.0000  -37.500013001.4717   16.8804
    0.0000    0.0000  -37.500013496.2275   16.8272
    7.5000    0.0000  -37.500012844.6836   16.8278
   -7.5000    7.5000  -37.500012359.3477   16.8150
    0.0000    7.5000  -37.500012802.7627   16.7652
    7.5000    7.5000  -37.500012234.6943   16.7719
   -7.5000   15.0000  -37.500011709.9375   16.8158
    0.0000   15.0000  -37.500012081.0947   16.7726
    7.5000   15.0000  -37.500011519.4141   16.7913
   -7.5000   22.5000  -37.500010955.1855   17.0389
    0.0000   22.5000  -37.500011291.2480   17.0011
    7.5000   22.5000  -37.500010764.0791   17.0251
   -7.5000   30.0000  -37.500010297.6543   17.2452
    0.0000   30.0000  -37.500010631.0645   17.2043
    7.5000   30.0000  -37.500010114.5000   17.2202
   -7.5000   37.5000  -37.500010002.1211   17.7084
    0.0000   37.5000  -37.500010353.6768   17.6593
    7.5000   37.5000  -37.5000 9852.7188   17.6611
   -7.5000   45.0000  -37.5000 9285.5752   17.7031
    0.0000   45.0000  -37.5000 9634.5762   17.6510
    7.5000   45.0000  -37.5000 9172.0410   17.6471
   -7.5000  -45.0000  -30.0000 9856.8486   17.8364
    0.0000  -45.0000  -30.000010280.2295   17.7829
    7.5000  -45.0000  -30.0000 9825.7109   17.7775
   -7.5000  -37.5000  -30.000010545.4209   17.5977
    0.0000  -37.5000  -30.000011018.2383   17.5509
    7.5000  -37.5000  -30.000010507.4189   17.5539
   -7.5000  -30.0000  -30.000011537.5391   17.5329
    0.0000  -30.0000  -30.000012015.5010   17.4938
    7.5000  -30.0000  -30.000011439.4287   17.5082
   -7.5000  -22.5000  -30.000012456.9551   17.6122
    0.0000  -22.5000  -30.000012933.4287   17.5756
    7.5000  -22.5000  -30.000012302.8965   17.5936
   -7.5000  -15.0000  -30.000013120.8682   17.6813
    0.0000  -15.0000  -30.000013577.2939   17.6398
    7.5000  -15.0000  -30.000012936.9248   17.6505
   -7.5000   -7.5000  -30.000013604.6680   17.6598
    0.0000   -7.5000  -30.000014116.5498   17.6106
    7.5000   -7.5000  -30.000013429.9336   17.6100
   -7.5000    0.0000  -30.000013948.9492   17.5813
    0.0000    0.0000  -30.000014477.9482   17.5296
    7.5000    0.0000  -30.000013798.9873   17.5247
   -7.5000    7.5000  -30.000013298.7236   17.5211
    0.0000    7.5000  -30.000013777.9141   17.4747
    7.5000    7.5000  -30.000013145.6641   17.4774
   -7.5000   15.0000  -30.000012553.3896   17.5307
    0.0000   15.0000  -30.000012969.7705   17.4917
    7.5000   15.0000  -30.000012352.6807   17.5061
   -7.5000   22.5000  -30.000011702.7520   17.7634
    0.0000   22.5000  -30.000012084.1172   17.7281
    7.5000   22.5000  -30.000011513.5000   17.7453
   -7.5000   30.0000  -30.000011009.9844   17.9719
    0.0000   30.0000  -30.000011366.5547   17.9308
    7.5000   30.0000  -30.000010812.6064   17.9392
   -7.5000   37.5000  -30.000010688.6992   18.4419
    0.0000   37.5000  -30.000011061.0752   18.3936
    7.5000   37.5000  -30.000010537.3584   18.3906
   -7.5000   45.0000  -30.0000 9899.1201   18.4522
    0.0000   45.0000  -30.000010266.6777   18.4049
    7.5000   45.0000  -30.0000 9803.3555   18.4003
   -7.5000  -45.0000  -22.500010524.1230   18.4361
    0.0000  -45.0000  -22.500010968.6191   18.3831
    7.5000  -45.0000  -22.500010459.9609   18.3793
   -7.5000  -37.5000  -22.500011261.2324   18.1906
    0.0000  -37.5000  -22.500011747.5176   18.1470
    7.5000  -37.5000  -22.500011196.5303   18.1505
   -7.5000  -30.0000  -22.500012286.0342   18.1352
    0.0000  -30.0000  -22.500012778.6152   18.0994
    7.5000  -30.0000  -22.500012185.5547   18.1132
   -7.5000  -22.5000  -22.500013240.6367   18.2283
    0.0000  -22.5000  -22.500013754.8525   18.1919
    7.5000  -22.5000  -22.500013096.1855   18.2089
   -7.5000  -15.0000  -22.500013974.8096   18.2995
    0.0000  -15.0000  -22.500014478.3848   18.2552
    7.5000  -15.0000  -22.500013777.6699   18.2658
   -7.5000   -7.5000  -22.500014534.3613   18.2647
    0.0000   -7.5000  -22.500015067.8838   18.2132
    7.5000   -7.5000  -22.500014304.6719   18.2140
   -7.5000    0.0000  -22.500014940.2686   18.1722
    0.0000    0.0000  -22.500015497.0674   18.1212
    7.5000    0.0000  -22.500014689.5195   18.1179
   -7.5000    7.5000  -22.500014260.1816   18.1115
    0.0000    7.5000  -22.500014772.5205   18.0683
    7.5000    7.5000  -22.500013981.6963   18.0717
   -7.5000   15.0000  -22.500013410.5811   18.1330
    0.0000   15.0000  -22.500013918.3262   18.0972
    7.5000   15.0000  -22.500013158.4375   18.1110
   -7.5000   22.5000  -22.500012501.0830   18.3852
    0.0000   22.5000  -22.500012976.1201   18.3500
    7.5000   22.5000  -22.500012287.9238   18.3666
   -7.5000   30.0000  -22.500011712.1064   18.6068
    0.0000   30.0000  -22.500012120.1074   18.5621
    7.5000   30.0000  -22.500011512.6865   18.5714
   -7.5000   37.5000  -22.500011348.1904   19.0726
    0.0000   37.5000  -22.500011754.0879   19.0224
    7.5000   37.5000  -22.500011199.1348   19.0243
   -7.5000   45.0000  -22.500010508.6133   19.0791
    0.0000   45.0000  -22.500010895.6543   19.0333
    7.5000   45.0000  -22.500010416.7451   19.0342
   -7.5000  -45.0000  -15.000011155.0674   18.8742
    0.0000  -45.0000  -15.000011626.6582   18.8184
    7.5000  -45.0000  -15.000011072.1406   18.8212
   -7.5000  -37.5000  -15.000011922.2344   18.6173
    0.0000  -37.5000  -15.000012449.8428   18.5721
    7.5000  -37.5000  -15.000011837.9082   18.5794
   -7.5000  -30.0000  -15.000012995.6572   18.5625
    0.0000  -30.0000  -15.000013557.8604   18.5254
    7.5000  -30.0000  -15.000012867.4365   18.5429
   -7.5000  -22.5000  -15.000014005.3848   18.6660
    0.0000  -22.5000  -15.000014573.0010   18.6275
    7.5000  -22.5000  -15.000013814.5986   18.6509
   -7.5000  -15.0000  -15.000014781.2529   18.7450
    0.0000  -15.0000  -15.000015372.4590   18.6975
    7.5000  -15.0000  -15.000014534.4053   18.7177
   -7.5000   -7.5000  -15.000015453.3486   18.7069
    0.0000   -7.5000  -15.000016059.0303   18.6522
    7.5000   -7.5000  -15.000015154.7188   18.6625
   -7.5000    0.0000  -15.000015920.0859   18.6043
    0.0000    0.0000  -15.000016563.5020   18.5508
    7.5000    0.0000  -15.000015591.6172   18.5540
   -7.5000    7.5000  -15.000015175.8740   18.5363
    0.0000    7.5000  -15.000015787.9062   18.4916
    7.5000    7.5000  -15.000014831.7949   18.4988
   -7.5000   15.0000  -15.000014260.6445   18.5602
    0.0000   15.0000  -15.000014849.5244   18.5232
    7.5000   15.0000  -15.000013938.4854   18.5406
   -7.5000   22.5000  -15.000013300.1455   18.8265
    0.0000   22.5000  -15.000013831.7764   18.7894
    7.5000   22.5000  -15.000013020.8682   18.8125
   -7.5000   30.0000  -15.000012403.4229   19.0681
    0.0000   30.0000  -15.000012883.1631   19.0196
    7.5000   30.0000  -15.000012193.7959   19.0379
   -7.5000   37.5000  -15.000012002.2891   19.5377
    0.0000   37.5000  -15.000012450.6328   19.4840
    7.5000   37.5000  -15.000011833.3125   19.4958
   -7.5000   45.0000  -15.000011112.6104   19.5352
    0.0000   45.0000  -15.000011519.2266   19.4849
    7.5000   45.0000  -15.000010980.6846   19.4916
   -7.5000  -45.0000   -7.500011789.4189   19.1048
    0.0000  -45.0000   -7.500012301.3057   19.0435
    7.5000  -45.0000   -7.500011700.0264   19.0523
   -7.5000  -37.5000   -7.500012608.7588   18.8370
    0.0000  -37.5000   -7.500013188.1582   18.7845
    7.5000  -37.5000   -7.500012516.6436   18.7959
   -7.5000  -30.0000   -7.500013723.7441   18.7704
    0.0000  -30.0000   -7.500014356.6992   18.7264
    7.5000  -30.0000   -7.500013607.1553   18.7493
   -7.5000  -22.5000   -7.500014749.4902   18.8723
    0.0000  -22.5000   -7.500015418.2627   18.8296
    7.5000  -22.5000   -7.500014596.7656   18.8615
   -7.5000  -15.0000   -7.500015591.3584   18.9596
    0.0000  -15.0000   -7.500016300.5684   18.9103
    7.5000  -15.0000   -7.500015391.7979   18.9411
   -7.5000   -7.5000   -7.500016319.3291   18.9323
    0.0000   -7.5000   -7.500017090.7324   18.8750
    7.5000   -7.5000   -7.500016057.1768   18.8945
   -7.5000    0.0000   -7.500016905.5430   18.8321
    0.0000    0.0000   -7.500017684.6699   18.7733
    7.5000    0.0000   -7.500016540.0781   18.7824
   -7.5000    7.5000   -7.500016120.6279   18.7549
    0.0000    7.5000   -7.500016870.4961   18.7030
    7.5000    7.5000   -7.500015730.0000   18.7143
   -7.5000   15.0000   -7.500015077.3711   18.7681
    0.0000   15.0000   -7.500015810.3135   18.7241
    7.5000   15.0000   -7.500014738.1553   18.7470
   -7.5000   22.5000   -7.500014005.1475   19.0315
    0.0000   22.5000   -7.500014691.5293   18.9904
    7.5000   22.5000   -7.500013755.3574   19.0221
   -7.5000   30.0000   -7.500013090.6475   19.2877
    0.0000   30.0000   -7.500013660.7197   19.2380
    7.5000   30.0000   -7.500012837.1514   19.2652
   -7.5000   37.5000   -7.500012654.2070   19.7783
    0.0000   37.5000   -7.500013187.7256   19.7212
    7.5000   37.5000   -7.500012428.5146   19.7382
   -7.5000   45.0000   -7.500011731.3018   19.7779
    0.0000   45.0000   -7.500012192.1475   19.7191
    7.5000   45.0000   -7.500011535.9609   19.7260
   -7.5000  -45.0000    0.000012355.1006   19.1571
    0.0000  -45.0000    0.000012902.8018   19.0932
    7.5000  -45.0000    0.000012259.5215   19.1016
   -7.5000  -37.5000    0.000013196.7988   18.8867
    0.0000  -37.5000    0.000013799.4873   18.8286
    7.5000  -37.5000    0.000013095.2178   18.8410
   -7.5000  -30.0000    0.000014331.6797   18.8083
    0.0000  -30.0000    0.000014980.7256   18.7584
    7.5000  -30.0000    0.000014242.9004   18.7834
   -7.5000  -22.5000    0.000015376.0449   18.9008
    0.0000  -22.5000    0.000016105.2090   18.8548
    7.5000  -22.5000    0.000015286.9287   18.8891
   -7.5000  -15.0000    0.000016225.1738   18.9896
    0.0000  -15.0000    0.000017055.9160   18.9402
    7.5000  -15.0000    0.000016107.8799   18.9721
   -7.5000   -7.5000    0.000017028.4297   18.9745
    0.0000   -7.5000    0.000017904.3340   18.9170
    7.5000   -7.5000    0.000016820.3008   18.9361
   -7.5000    0.0000    0.000017730.6016   18.8840
    0.0000    0.0000    0.000018718.8984   18.8226
    7.5000    0.0000    0.000017356.6270   18.8312
   -7.5000    7.5000    0.000016995.6055   18.8042
    0.0000    7.5000    0.000017987.6113   18.7468
    7.5000    7.5000    0.000016566.2559   18.7590
   -7.5000   15.0000    0.000015877.3418   18.8061
    0.0000   15.0000    0.000016804.8457   18.7561
    7.5000   15.0000    0.000015530.5381   18.7811
   -7.5000   22.5000    0.000014664.4463   19.0587
    0.0000   22.5000    0.000015468.8643   19.0144
    7.5000   22.5000    0.000014424.1436   19.0481
   -7.5000   30.0000    0.000013698.5391   19.3156
    0.0000   30.0000    0.000014346.2129   19.2668
    7.5000   30.0000    0.000013446.1572   19.2939
   -7.5000   37.5000    0.000013302.4004   19.8284
    0.0000   37.5000    0.000013858.1172   19.7705
    7.5000   37.5000    0.000012976.6367   19.7828
   -7.5000   45.0000    0.000012325.8877   19.8429
    0.0000   45.0000    0.000012824.3867   19.7799
    7.5000   45.0000    0.000012022.0713   19.7818
   -7.5000  -45.0000    7.500011953.8506   19.1624
    0.0000  -45.0000    7.500012450.1553   19.1007
    7.5000  -45.0000    7.500011869.2646   19.1011
   -7.5000  -37.5000    7.500012780.1523   18.8982
    0.0000  -37.5000    7.500013341.6094   18.8419
    7.5000  -37.5000    7.500012727.1006   18.8496
   -7.5000  -30.0000    7.500013854.5713   18.8189
    0.0000  -30.0000    7.500014462.5098   18.7706
    7.5000  -30.0000    7.500013821.8584   18.7915
   -7.5000  -22.5000    7.500014860.0957   18.9028
    0.0000  -22.5000    7.500015535.0508   18.8591
    7.5000  -22.5000    7.500014782.7559   18.8867
   -7.5000  -15.0000    7.500015625.4805   18.9844
    0.0000  -15.0000    7.500016372.3799   18.9376
    7.5000  -15.0000    7.500015533.9189   18.9595
   -7.5000   -7.5000    7.500016355.1572   18.9711
    0.0000   -7.5000    7.500017183.6758   18.9161
    7.5000   -7.5000    7.500016198.5645   18.9246
   -7.5000    0.0000    7.500017087.8828   18.8888
    0.0000    0.0000    7.500018083.0469   18.8294
    7.5000    0.0000    7.500016798.1738   18.8301
   -7.5000    7.5000    7.500016550.7422   18.8158
    0.0000    7.5000    7.500017480.7207   18.7600
    7.5000    7.5000    7.500016077.3115   18.7675
   -7.5000   15.0000    7.500015541.5508   18.8166
    0.0000   15.0000    7.500016380.6465   18.7683
    7.5000   15.0000    7.500015095.8389   18.7892
   -7.5000   22.5000    7.500014344.5615   19.0600
    0.0000   22.5000    7.500015045.2041   19.0178
    7.5000   22.5000    7.500013951.3994   19.0446
   -7.5000   30.0000    7.500013310.9609   19.3046
    0.0000   30.0000    7.500013851.2197   19.2588
    7.5000   30.0000    7.500012906.4092   19.2766
   -7.5000   37.5000    7.500012842.3135   19.8230
    0.0000   37.5000    7.500013326.8682   19.7681
    7.5000   37.5000    7.500012458.2441   19.7701
   -7.5000   45.0000    7.500011897.5703   19.8560
    0.0000   45.0000    7.500012358.5791   19.7976
    7.5000   45.0000    7.500011570.3398   19.7933
   -7.5000  -45.0000   15.000011408.0801   19.1533
    0.0000  -45.0000   15.000011888.2510   19.0959
    7.5000  -45.0000   15.000011393.3682   19.0901
   -7.5000  -37.5000   15.000012193.5273   18.8970
    0.0000  -37.5000   15.000012720.0654   18.8468
    7.5000  -37.5000   15.000012217.1885   18.8500
   -7.5000  -30.0000   15.000013226.4922   18.8274
    0.0000  -30.0000   15.000013759.2871   18.7855
    7.5000  -30.0000   15.000013241.3398   18.8009
   -7.5000  -22.5000   15.000014213.2852   18.9126
    0.0000  -22.5000   15.000014758.6230   18.8733
    7.5000  -22.5000   15.000014156.7080   18.8926
   -7.5000  -15.0000   15.000014971.2139   18.9868
    0.0000  -15.0000   15.000015569.5371   18.9422
    7.5000  -15.0000   15.000014847.6523   18.9537
   -7.5000   -7.5000   15.000015708.1260   18.9637
    0.0000   -7.5000   15.000016448.1543   18.9109
    7.5000   -7.5000   15.000015501.7344   18.9102
   -7.5000    0.0000   15.000016407.2305   18.8794
    0.0000    0.0000   15.000017260.0137   18.8239
    7.5000    0.0000   15.000016083.8457   18.8186
   -7.5000    7.5000   15.000015827.0596   18.8147
    0.0000    7.5000   15.000016614.3730   18.7649
    7.5000    7.5000   15.000015371.3291   18.7679
   -7.5000   15.0000   15.000014831.5967   18.8251
    0.0000   15.0000   15.000015566.8525   18.7832
    7.5000   15.0000   15.000014401.6094   18.7986
   -7.5000   22.5000   15.000013713.0303   19.0708
    0.0000   22.5000   15.000014396.6328   19.0328
    7.5000   22.5000   15.000013370.3037   19.0514
   -7.5000   30.0000   15.000012686.8623   19.3045
    0.0000   30.0000   15.000013258.0420   19.2604
    7.5000   30.0000   15.000012381.9844   19.2694
   -7.5000   37.5000   15.000012191.1348   19.8093
    0.0000   37.5000   15.000012724.3760   19.7575
    7.5000   37.5000   15.000011924.2021   19.7542
   -7.5000   45.0000   15.000011327.5527   19.8467
    0.0000   45.0000   15.000011786.4531   19.7958
    7.5000   45.0000   15.000011071.6377   19.7909
   -7.5000  -45.0000   22.500010807.5674   19.1382
    0.0000  -45.0000   22.500011260.7705   19.0832
    7.5000  -45.0000   22.500010820.3721   19.0792
   -7.5000  -37.5000   22.500011597.9814   18.8834
    0.0000  -37.5000   22.500012056.7285   18.8381
    7.5000  -37.5000   22.500011584.9834   18.8418
   -7.5000  -30.0000   22.500012596.9600   18.8259
    0.0000  -30.0000   22.500013055.5889   18.7887
    7.5000  -30.0000   22.500012516.8027   18.8030
   -7.5000  -22.5000   22.500013490.9072   18.9225
    0.0000  -22.5000   22.500014004.6836   18.8847
    7.5000  -22.5000   22.500013358.7881   18.9024
   -7.5000  -15.0000   22.500014234.7754   18.9964
    0.0000  -15.0000   22.500014797.0283   18.9504
    7.5000  -15.0000   22.500014044.6191   18.9615
   -7.5000   -7.5000   22.500014928.5234   18.9602
    0.0000   -7.5000   22.500015605.9385   18.9068
    7.5000   -7.5000   22.500014686.1973   18.9077
   -7.5000    0.0000   22.500015474.5156   18.8643
    0.0000    0.0000   22.500016215.0811   18.8113
    7.5000    0.0000   22.500015199.6553   18.8078
   -7.5000    7.5000   22.500014759.3213   18.8012
    0.0000    7.5000   22.500015449.2998   18.7564
    7.5000    7.5000   22.500014488.4648   18.7599
   -7.5000   15.0000   22.500013770.7246   18.8236
    0.0000   15.0000   22.500014444.4248   18.7864
    7.5000   15.0000   22.500013545.2148   18.8007
   -7.5000   22.5000   22.500012781.8281   19.0824
    0.0000   22.5000   22.500013392.8643   19.0459
    7.5000   22.5000   22.500012599.0518   19.0631
   -7.5000   30.0000   22.500011865.1270   19.3182
    0.0000   30.0000   22.500012395.8730   19.2717
    7.5000   30.0000   22.500011714.0039   19.2813
   -7.5000   37.5000   22.500011464.4668   19.8017
    0.0000   37.5000   22.500011949.6807   19.7496
    7.5000   37.5000   22.500011320.6611   19.7516
   -7.5000   45.0000   22.500010687.9971   19.8229
    0.0000   45.0000   22.500011125.9902   19.7752
    7.5000   45.0000   22.500010535.5010   19.7762
   -7.5000  -45.0000   30.000010189.4697   19.1611
    0.0000  -45.0000   30.000010549.6221   19.1044
    7.5000  -45.0000   30.000010091.3047   19.1072
   -7.5000  -37.5000   30.000010923.5244   18.8999
    0.0000  -37.5000   30.000011298.8398   18.8539
    7.5000  -37.5000   30.000010794.7500   18.8612
   -7.5000  -30.0000   30.000011852.3896   18.8440
    0.0000  -30.0000   30.000012238.7686   18.8063
    7.5000  -30.0000   30.000011672.3857   18.8241
   -7.5000  -22.5000   30.000012620.6953   18.9492
    0.0000  -22.5000   30.000013054.9287   18.9101
    7.5000  -22.5000   30.000012443.6689   18.9339
   -7.5000  -15.0000   30.000013260.3340   19.0295
    0.0000  -15.0000   30.000013755.2227   18.9814
    7.5000  -15.0000   30.000013046.1113   19.0019
   -7.5000   -7.5000   30.000013841.1826   18.9910
    0.0000   -7.5000   30.000014434.3613   18.9354
    7.5000   -7.5000   30.000013666.2764   18.9458
   -7.5000    0.0000   30.000014271.6768   18.8867
    0.0000    0.0000   30.000014908.3564   18.8323
    7.5000    0.0000   30.000014121.7168   18.8355
   -7.5000    7.5000   30.000013571.4512   18.8176
    0.0000    7.5000   30.000014157.9717   18.7720
    7.5000    7.5000   30.000013447.6182   18.7793
   -7.5000   15.0000   30.000012688.8926   18.8417
    0.0000   15.0000   30.000013222.2734   18.8041
    7.5000   15.0000   30.000012561.9404   18.8218
   -7.5000   22.5000   30.000011816.1289   19.1104
    0.0000   22.5000   30.000012319.2676   19.0727
    7.5000   22.5000   30.000011697.0342   19.0961
   -7.5000   30.0000   30.000011033.9414   19.3584
    0.0000   30.0000   30.000011464.9805   19.3092
    7.5000   30.0000   30.000010917.0869   19.3278
   -7.5000   37.5000   30.000010696.0117   19.8360
    0.0000   37.5000   30.000011098.5889   19.7814
    7.5000   37.5000   30.000010586.2041   19.7934
   -7.5000   45.0000   30.0000 9962.5400   19.8395
    0.0000   45.0000   30.000010357.3340   19.7883
    7.5000   45.0000   30.0000 9860.5508   19.7951
   -7.5000  -45.0000   37.5000 9875.2559   19.2802
    0.0000  -45.0000   37.500010185.1455   19.2166
    7.5000  -45.0000   37.5000 9717.3047   19.2244
   -7.5000  -37.5000   37.500010551.6855   19.0074
    0.0000  -37.5000   37.500010889.7139   18.9529
    7.5000  -37.5000   37.500010392.4473   18.9633
   -7.5000  -30.0000   37.500011408.8926   18.9392
    0.0000  -30.0000   37.500011776.1562   18.8937
    7.5000  -30.0000   37.500011237.2031   18.9159
   -7.5000  -22.5000   37.500012151.9785   19.0431
    0.0000  -22.5000   37.500012559.0742   18.9990
    7.5000  -22.5000   37.500011979.1992   19.0305
   -7.5000  -15.0000   37.500012723.8027   19.1324
    0.0000  -15.0000   37.500013184.4668   19.0816
    7.5000  -15.0000   37.500012561.9453   19.1121
   -7.5000   -7.5000   37.500013248.9541   19.1051
    0.0000   -7.5000   37.500013778.5576   19.0459
    7.5000   -7.5000   37.500013093.4434   19.0647
   -7.5000    0.0000   37.500013644.6553   19.0030
    0.0000    0.0000   37.500014204.2930   18.9421
    7.5000    0.0000   37.500013497.4785   18.9502
   -7.5000    7.5000   37.500012949.6426   18.9239
    0.0000    7.5000   37.500013488.1348   18.8701
    7.5000    7.5000   37.500012846.6875   18.8805
   -7.5000   15.0000   37.500012109.4512   18.9369
    0.0000   15.0000   37.500012593.6387   18.8914
    7.5000   15.0000   37.500012002.7285   18.9136
   -7.5000   22.5000   37.500011275.4609   19.2049
    0.0000   22.5000   37.500011702.7021   19.1625
    7.5000   22.5000   37.500011169.8213   19.1938
   -7.5000   30.0000   37.500010585.3750   19.4683
    0.0000   30.0000   37.500010961.0391   19.4170
    7.5000   30.0000   37.500010468.2969   19.4438
   -7.5000   37.5000   37.500010274.3438   19.9677
    0.0000   37.5000   37.500010643.5176   19.9085
    7.5000   37.5000   37.500010144.1592   19.9247
   -7.5000   45.0000   37.5000 9566.8662   19.9716
    0.0000   45.0000   37.5000 9924.2305   19.9104
    7.5000   45.0000   37.5000 9435.4678   19.9161
   -7.5000  -45.0000   45.0000 9070.7432   19.4273
    0.0000  -45.0000   45.0000 9379.4443   19.3616
    7.5000  -45.0000   45.0000 8936.4854   19.3727
   -7.5000  -37.5000   45.0000 9683.0410   19.1494
    0.0000  -37.5000   45.000010013.0762   19.0899
    7.5000  -37.5000   45.0000 9545.1836   19.1043
   -7.5000  -30.0000   45.000010467.6777   19.0699
    0.0000  -30.0000   45.000010823.8633   19.0190
    7.5000  -30.0000   45.000010318.2725   19.0461
   -7.5000  -22.5000   45.000011147.4746   19.1652
    0.0000  -22.5000   45.000011527.3926   19.1184
    7.5000  -22.5000   45.000010992.1143   19.1557
   -7.5000  -15.0000   45.000011644.1445   19.2551
    0.0000  -15.0000   45.000012045.9854   19.2048
    7.5000  -15.0000   45.000011488.0049   19.2405
   -7.5000   -7.5000   45.000012108.6709   19.2380
    0.0000   -7.5000   45.000012547.4199   19.1791
    7.5000   -7.5000   45.000011949.3545   19.2017
   -7.5000    0.0000   45.000012443.6357   19.1447
    0.0000    0.0000   45.000012924.8721   19.0815
    7.5000    0.0000   45.000012305.2197   19.0928
   -7.5000    7.5000   45.000011809.5674   19.0641
    0.0000    7.5000   45.000012276.2529   19.0052
    7.5000    7.5000   45.000011701.7393   19.0195
   -7.5000   15.0000   45.000011039.0693   19.0676
    0.0000   15.0000   45.000011459.4248   19.0166
    7.5000   15.0000   45.000010928.5029   19.0437
   -7.5000   22.5000   45.000010268.4473   19.3287
    0.0000   22.5000   45.000010639.9102   19.2836
    7.5000   22.5000   45.000010158.8496   19.3205
   -7.5000   30.0000   45.0000 9667.1426   19.5964
    0.0000   30.0000   45.000010010.3252   19.5466
    7.5000   30.0000   45.0000 9551.7529   19.5776
   -7.5000   37.5000   45.0000 9384.8789   20.1263
    0.0000   37.5000   45.0000 9725.8584   20.0669
    7.5000   37.5000   45.0000 9276.3125   20.0828
   -7.5000   45.0000   45.0000 8758.8184   20.1632
    0.0000   45.0000   45.0000 9069.7715   20.0983
    7.5000   45.0000   45.0000 8645.2725   20.1030

---------------------------------------------------------------------
imgreg_4dfp /opt/freesurfer/average/711-2C_as_mni_average_305 /opt/freesurfer/average/711-2B_as_mni_average_305_mask talsrcimg_g11 none talsrcimg_to_711-2C_as_mni_average_305_t4 4355
---------------------------------------------------------------------

freesurfer imgreg_4dfp.c
/opt/freesurfer/average/711-2C_as_mni_average_305.4dfp.img
       256       256       256         1
  1.000000  1.000000  1.000000
orientation T byte_order littleendian
Reading image: /opt/freesurfer/average/711-2C_as_mni_average_305.4dfp.img
dimensions:      256       256       256
mmppix:       1.0000   -1.0000   -1.0000
center:     128.0000 -129.0000 -129.0000
/opt/freesurfer/average/711-2B_as_mni_average_305_mask.4dfp.img
       256       256       256         1
  1.000000  1.000000  1.000000
orientation T byte_order littleendian
Reading mask: /opt/freesurfer/average/711-2B_as_mni_average_305_mask.4dfp.img (2306576 pixels)
talsrcimg_g11.4dfp.img
       256       256       256         1
  1.000000  1.000000  1.000000
orientation T byte_order littleendian
Reading image: talsrcimg_g11.4dfp.img
dimensions:      256       256       256
mmppix:       1.0000   -1.0000   -1.0000
center:     128.0000 -129.0000 -129.0000
rotation matrix determinant  1.000000
image alignment mode   4355 decimal     1103 hex
   -7.5000  -45.0000  -45.0000 2158.6880   23.3962
    0.0000  -45.0000  -45.0000 2156.0596   23.4245
    7.5000  -45.0000  -45.0000 2132.9968   23.7943
   -7.5000  -37.5000  -45.0000 2184.8198   22.4157
    0.0000  -37.5000  -45.0000 2182.8560   22.4550
    7.5000  -37.5000  -45.0000 2161.3918   22.7599
   -7.5000  -30.0000  -45.0000 2223.5203   21.7432
    0.0000  -30.0000  -45.0000 2218.8953   21.7655
    7.5000  -30.0000  -45.0000 2198.4961   22.0312
   -7.5000  -22.5000  -45.0000 2261.0242   21.2190
    0.0000  -22.5000  -45.0000 2255.4368   21.2205
    7.5000  -22.5000  -45.0000 2230.5654   21.4701
   -7.5000  -15.0000  -45.0000 2288.3059   20.7792
    0.0000  -15.0000  -45.0000 2285.9453   20.7359
    7.5000  -15.0000  -45.0000 2257.6106   21.0170
   -7.5000   -7.5000  -45.0000 2311.1016   20.2239
    0.0000   -7.5000  -45.0000 2309.7788   20.1946
    7.5000   -7.5000  -45.0000 2273.8389   20.5002
   -7.5000    0.0000  -45.0000 2311.3794   19.8493
    0.0000    0.0000  -45.0000 2310.9185   19.8152
    7.5000    0.0000  -45.0000 2280.1707   20.1080
   -7.5000    7.5000  -45.0000 2322.5190   19.7000
    0.0000    7.5000  -45.0000 2318.0383   19.6418
    7.5000    7.5000  -45.0000 2289.8000   19.9685
   -7.5000   15.0000  -45.0000 2325.6819   19.8804
    0.0000   15.0000  -45.0000 2316.9749   19.7841
    7.5000   15.0000  -45.0000 2290.5815   20.1048
   -7.5000   22.5000  -45.0000 2306.5645   20.4509
    0.0000   22.5000  -45.0000 2303.8953   20.3762
    7.5000   22.5000  -45.0000 2274.7390   20.6915
   -7.5000   30.0000  -45.0000 2271.4363   21.3554
    0.0000   30.0000  -45.0000 2274.7236   21.2944
    7.5000   30.0000  -45.0000 2241.5537   21.6692
   -7.5000   37.5000  -45.0000 2211.4758   22.5827
    0.0000   37.5000  -45.0000 2213.5461   22.5010
    7.5000   37.5000  -45.0000 2183.5801   22.8460
   -7.5000   45.0000  -45.0000 2133.0066   24.1934
    0.0000   45.0000  -45.0000 2137.6904   24.1238
    7.5000   45.0000  -45.0000 2100.1541   24.4517
   -7.5000  -45.0000  -37.5000 2252.9175   21.3326
    0.0000  -45.0000  -37.5000 2252.9563   21.3987
    7.5000  -45.0000  -37.5000 2230.1172   21.7280
   -7.5000  -37.5000  -37.5000 2294.0979   20.5412
    0.0000  -37.5000  -37.5000 2294.2485   20.5487
    7.5000  -37.5000  -37.5000 2269.2810   20.8136
   -7.5000  -30.0000  -37.5000 2338.8088   19.9385
    0.0000  -30.0000  -37.5000 2338.1550   19.8874
    7.5000  -30.0000  -37.5000 2306.8215   20.1879
   -7.5000  -22.5000  -37.5000 2369.6814   19.4857
    0.0000  -22.5000  -37.5000 2364.9709   19.4262
    7.5000  -22.5000  -37.5000 2335.5637   19.7190
   -7.5000  -15.0000  -37.5000 2393.1675   19.1109
    0.0000  -15.0000  -37.5000 2390.4089   19.0064
    7.5000  -15.0000  -37.5000 2359.8672   19.2528
   -7.5000   -7.5000  -37.5000 2411.4175   18.6389
    0.0000   -7.5000  -37.5000 2412.9465   18.5707
    7.5000   -7.5000  -37.5000 2378.8726   18.8171
   -7.5000    0.0000  -37.5000 2420.3491   18.3050
    0.0000    0.0000  -37.5000 2423.2302   18.2569
    7.5000    0.0000  -37.5000 2386.0164   18.5396
   -7.5000    7.5000  -37.5000 2425.9275   18.1918
    0.0000    7.5000  -37.5000 2422.7620   18.1660
    7.5000    7.5000  -37.5000 2397.6936   18.4622
   -7.5000   15.0000  -37.5000 2435.9111   18.3577
    0.0000   15.0000  -37.5000 2426.2031   18.2830
    7.5000   15.0000  -37.5000 2399.5276   18.5971
   -7.5000   22.5000  -37.5000 2417.0027   18.8773
    0.0000   22.5000  -37.5000 2412.4519   18.8102
    7.5000   22.5000  -37.5000 2378.5652   19.0783
   -7.5000   30.0000  -37.5000 2380.5315   19.7345
    0.0000   30.0000  -37.5000 2380.1409   19.6472
    7.5000   30.0000  -37.5000 2342.5405   19.9137
   -7.5000   37.5000  -37.5000 2317.6331   20.8788
    0.0000   37.5000  -37.5000 2317.6729   20.7778
    7.5000   37.5000  -37.5000 2277.2815   21.0160
   -7.5000   45.0000  -37.5000 2227.6604   22.3580
    0.0000   45.0000  -37.5000 2232.9639   22.2719
    7.5000   45.0000  -37.5000 2191.7561   22.5392
   -7.5000  -45.0000  -30.0000 2392.5603   20.2552
    0.0000  -45.0000  -30.0000 2392.2878   20.2726
    7.5000  -45.0000  -30.0000 2364.6172   20.6345
   -7.5000  -37.5000  -30.0000 2441.4805   19.5340
    0.0000  -37.5000  -30.0000 2442.1643   19.5128
    7.5000  -37.5000  -30.0000 2407.8743   19.7795
   -7.5000  -30.0000  -30.0000 2481.1028   18.9573
    0.0000  -30.0000  -30.0000 2479.9680   18.9317
    7.5000  -30.0000  -30.0000 2442.6846   19.1916
   -7.5000  -22.5000  -30.0000 2508.9583   18.4960
    0.0000  -22.5000  -30.0000 2510.1455   18.4240
    7.5000  -22.5000  -30.0000 2474.7715   18.6779
   -7.5000  -15.0000  -30.0000 2534.9915   18.1972
    0.0000  -15.0000  -30.0000 2531.9285   18.0476
    7.5000  -15.0000  -30.0000 2498.1707   18.2735
   -7.5000   -7.5000  -30.0000 2552.5251   17.7848
    0.0000   -7.5000  -30.0000 2554.0845   17.6709
    7.5000   -7.5000  -30.0000 2520.4458   17.8986
   -7.5000    0.0000  -30.0000 2569.7170   17.5212
    0.0000    0.0000  -30.0000 2571.0220   17.4236
    7.5000    0.0000  -30.0000 2539.9893   17.6858
   -7.5000    7.5000  -30.0000 2581.9597   17.4537
    0.0000    7.5000  -30.0000 2577.7087   17.3836
    7.5000    7.5000  -30.0000 2550.0742   17.6499
   -7.5000   15.0000  -30.0000 2590.9165   17.6352
    0.0000   15.0000  -30.0000 2581.0042   17.5469
    7.5000   15.0000  -30.0000 2546.6223   17.8140
   -7.5000   22.5000  -30.0000 2569.0964   18.1102
    0.0000   22.5000  -30.0000 2563.2798   18.0562
    7.5000   22.5000  -30.0000 2526.8582   18.2887
   -7.5000   30.0000  -30.0000 2530.0559   18.9221
    0.0000   30.0000  -30.0000 2529.9016   18.8369
    7.5000   30.0000  -30.0000 2486.4053   19.0739
   -7.5000   37.5000  -30.0000 2461.8601   20.0023
    0.0000   37.5000  -30.0000 2464.2544   19.8903
    7.5000   37.5000  -30.0000 2422.8987   20.1469
   -7.5000   45.0000  -30.0000 2361.6609   21.4265
    0.0000   45.0000  -30.0000 2365.7217   21.3237
    7.5000   45.0000  -30.0000 2327.9045   21.6037
   -7.5000  -45.0000  -22.5000 2498.7383   19.3665
    0.0000  -45.0000  -22.5000 2500.3076   19.3124
    7.5000  -45.0000  -22.5000 2469.6536   19.5832
   -7.5000  -37.5000  -22.5000 2543.9983   18.5652
    0.0000  -37.5000  -22.5000 2552.7385   18.5194
    7.5000  -37.5000  -22.5000 2512.2866   18.7794
   -7.5000  -30.0000  -22.5000 2578.2239   17.9476
    0.0000  -30.0000  -22.5000 2582.0271   17.9016
    7.5000  -30.0000  -22.5000 2542.7424   18.1911
   -7.5000  -22.5000  -22.5000 2609.2593   17.4759
    0.0000  -22.5000  -22.5000 2612.3740   17.4302
    7.5000  -22.5000  -22.5000 2577.9812   17.7152
   -7.5000  -15.0000  -22.5000 2639.2786   17.1412
    0.0000  -15.0000  -22.5000 2638.7515   17.0473
    7.5000  -15.0000  -22.5000 2610.9639   17.3011
   -7.5000   -7.5000  -22.5000 2658.0347   16.8003
    0.0000   -7.5000  -22.5000 2661.8569   16.7152
    7.5000   -7.5000  -22.5000 2638.2141   16.9319
   -7.5000    0.0000  -22.5000 2685.9824   16.5745
    0.0000    0.0000  -22.5000 2690.4443   16.4544
    7.5000    0.0000  -22.5000 2658.7715   16.6894
   -7.5000    7.5000  -22.5000 2706.9973   16.5168
    0.0000    7.5000  -22.5000 2707.5601   16.4343
    7.5000    7.5000  -22.5000 2666.5486   16.6414
   -7.5000   15.0000  -22.5000 2711.3135   16.6957
    0.0000   15.0000  -22.5000 2715.3088   16.6251
    7.5000   15.0000  -22.5000 2671.8643   16.8662
   -7.5000   22.5000  -22.5000 2691.9180   17.1880
    0.0000   22.5000  -22.5000 2695.2371   17.1296
    7.5000   22.5000  -22.5000 2656.7129   17.4155
   -7.5000   30.0000  -22.5000 2648.2500   17.9528
    0.0000   30.0000  -22.5000 2656.1907   17.8788
    7.5000   30.0000  -22.5000 2613.3062   18.1755
   -7.5000   37.5000  -22.5000 2575.0623   18.9967
    0.0000   37.5000  -22.5000 2585.6917   18.8859
    7.5000   37.5000  -22.5000 2544.6267   19.1597
   -7.5000   45.0000  -22.5000 2467.7607   20.3939
    0.0000   45.0000  -22.5000 2476.1155   20.3078
    7.5000   45.0000  -22.5000 2442.3877   20.5658
   -7.5000  -45.0000  -15.0000 2565.0117   18.5471
    0.0000  -45.0000  -15.0000 2570.8403   18.5067
    7.5000  -45.0000  -15.0000 2543.7705   18.8301
   -7.5000  -37.5000  -15.0000 2604.6743   17.7399
    0.0000  -37.5000  -15.0000 2615.2234   17.6927
    7.5000  -37.5000  -15.0000 2580.6179   17.9839
   -7.5000  -30.0000  -15.0000 2634.3240   17.0825
    0.0000  -30.0000  -15.0000 2642.5166   17.0645
    7.5000  -30.0000  -15.0000 2606.6340   17.3053
   -7.5000  -22.5000  -15.0000 2672.2136   16.6321
    0.0000  -22.5000  -15.0000 2668.6875   16.6004
    7.5000  -22.5000  -15.0000 2638.0127   16.8114
   -7.5000  -15.0000  -15.0000 2703.4492   16.2331
    0.0000  -15.0000  -15.0000 2702.0515   16.1886
    7.5000  -15.0000  -15.0000 2677.1863   16.4201
   -7.5000   -7.5000  -15.0000 2743.2534   15.8801
    0.0000   -7.5000  -15.0000 2743.1765   15.8470
    7.5000   -7.5000  -15.0000 2719.1326   16.0647
   -7.5000    0.0000  -15.0000 2769.9983   15.6802
    0.0000    0.0000  -15.0000 2777.5024   15.6051
    7.5000    0.0000  -15.0000 2744.1433   15.8252
   -7.5000    7.5000  -15.0000 2800.3376   15.5939
    0.0000    7.5000  -15.0000 2808.4563   15.5366
    7.5000    7.5000  -15.0000 2762.2078   15.7433
   -7.5000   15.0000  -15.0000 2812.1902   15.7806
    0.0000   15.0000  -15.0000 2819.5413   15.7376
    7.5000   15.0000  -15.0000 2768.6978   16.0255
   -7.5000   22.5000  -15.0000 2790.1738   16.2831
    0.0000   22.5000  -15.0000 2799.2195   16.2521
    7.5000   22.5000  -15.0000 2756.8425   16.5598
   -7.5000   30.0000  -15.0000 2735.9912   17.0285
    0.0000   30.0000  -15.0000 2752.0098   16.9651
    7.5000   30.0000  -15.0000 2710.6646   17.2523
   -7.5000   37.5000  -15.0000 2655.9512   18.0173
    0.0000   37.5000  -15.0000 2670.5461   17.9248
    7.5000   37.5000  -15.0000 2633.2842   18.1910
   -7.5000   45.0000  -15.0000 2543.1333   19.4018
    0.0000   45.0000  -15.0000 2552.4365   19.3331
    7.5000   45.0000  -15.0000 2519.9819   19.6005
   -7.5000  -45.0000   -7.5000 2611.4570   17.8807
    0.0000  -45.0000   -7.5000 2614.2278   17.8463
    7.5000  -45.0000   -7.5000 2586.9080   18.1231
   -7.5000  -37.5000   -7.5000 2643.1609   17.0100
    0.0000  -37.5000   -7.5000 2649.6377   17.0021
    7.5000  -37.5000   -7.5000 2620.7976   17.2709
   -7.5000  -30.0000   -7.5000 2673.7698   16.3688
    0.0000  -30.0000   -7.5000 2679.0220   16.3352
    7.5000  -30.0000   -7.5000 2646.8271   16.5857
   -7.5000  -22.5000   -7.5000 2708.0259   15.8685
    0.0000  -22.5000   -7.5000 2709.6003   15.8520
    7.5000  -22.5000   -7.5000 2679.9656   16.0875
   -7.5000  -15.0000   -7.5000 2748.4951   15.4714
    0.0000  -15.0000   -7.5000 2748.3962   15.4473
    7.5000  -15.0000   -7.5000 2725.3459   15.6733
   -7.5000   -7.5000   -7.5000 2798.8157   15.1397
    0.0000   -7.5000   -7.5000 2805.6907   15.1103
    7.5000   -7.5000   -7.5000 2777.8171   15.3150
   -7.5000    0.0000   -7.5000 2838.8740   14.9476
    0.0000    0.0000   -7.5000 2849.5994   14.8828
    7.5000    0.0000   -7.5000 2815.0737   15.0674
   -7.5000    7.5000   -7.5000 2879.0840   14.8915
    0.0000    7.5000   -7.5000 2892.9275   14.8235
    7.5000    7.5000   -7.5000 2845.0703   15.0299
   -7.5000   15.0000   -7.5000 2889.7754   15.0395
    0.0000   15.0000   -7.5000 2906.1733   14.9845
    7.5000   15.0000   -7.5000 2849.3376   15.2526
   -7.5000   22.5000   -7.5000 2860.9019   15.4795
    0.0000   22.5000   -7.5000 2878.4209   15.4741
    7.5000   22.5000   -7.5000 2832.6211   15.7575
   -7.5000   30.0000   -7.5000 2802.8313   16.2101
    0.0000   30.0000   -7.5000 2822.4500   16.1797
    7.5000   30.0000   -7.5000 2778.4309   16.4749
   -7.5000   37.5000   -7.5000 2714.9172   17.2011
    0.0000   37.5000   -7.5000 2731.9851   17.1405
    7.5000   37.5000   -7.5000 2690.9460   17.4202
   -7.5000   45.0000   -7.5000 2597.2935   18.5925
    0.0000   45.0000   -7.5000 2606.9768   18.5096
    7.5000   45.0000   -7.5000 2572.2776   18.8089
   -7.5000  -45.0000    0.0000 2635.3452   17.4815
    0.0000  -45.0000    0.0000 2644.3699   17.4228
    7.5000  -45.0000    0.0000 2610.2810   17.6817
   -7.5000  -37.5000    0.0000 2660.9680   16.5825
    0.0000  -37.5000    0.0000 2670.1956   16.5305
    7.5000  -37.5000    0.0000 2639.1018   16.8093
   -7.5000  -30.0000    0.0000 2690.1162   15.8653
    0.0000  -30.0000    0.0000 2695.7148   15.8064
    7.5000  -30.0000    0.0000 2669.6528   16.0978
   -7.5000  -22.5000    0.0000 2725.3389   15.3572
    0.0000  -22.5000    0.0000 2727.3835   15.2819
    7.5000  -22.5000    0.0000 2708.6594   15.5544
   -7.5000  -15.0000    0.0000 2769.2502   14.9707
    0.0000  -15.0000    0.0000 2776.9861   14.9166
    7.5000  -15.0000    0.0000 2755.7043   15.1570
   -7.5000   -7.5000    0.0000 2830.7036   14.6791
    0.0000   -7.5000    0.0000 2838.4263   14.6143
    7.5000   -7.5000    0.0000 2814.8086   14.7913
   -7.5000    0.0000    0.0000 2888.4390   14.5084
    0.0000    0.0000    0.0000 2897.8218   14.4532
    7.5000    0.0000    0.0000 2862.6704   14.5847
   -7.5000    7.5000    0.0000 2941.1006   14.5587
    0.0000    7.5000    0.0000 2955.9619   14.4946
    7.5000    7.5000    0.0000 2899.4482   14.5933
   -7.5000   15.0000    0.0000 2952.4529   14.6300
    0.0000   15.0000    0.0000 2978.3481   14.6100
    7.5000   15.0000    0.0000 2909.3936   14.8210
   -7.5000   22.5000    0.0000 2910.6299   15.0098
    0.0000   22.5000    0.0000 2930.8022   15.0218
    7.5000   22.5000    0.0000 2876.4082   15.2931
   -7.5000   30.0000    0.0000 2843.5220   15.7136
    0.0000   30.0000    0.0000 2862.1558   15.6597
    7.5000   30.0000    0.0000 2816.6711   15.9407
   -7.5000   37.5000    0.0000 2752.5989   16.7364
    0.0000   37.5000    0.0000 2767.1431   16.6169
    7.5000   37.5000    0.0000 2726.8118   16.8745
   -7.5000   45.0000    0.0000 2622.1218   18.1572
    0.0000   45.0000    0.0000 2636.7280   17.9645
    7.5000   45.0000    0.0000 2602.0891   18.2600
   -7.5000  -45.0000    7.5000 2635.5552   17.2531
    0.0000  -45.0000    7.5000 2652.7666   17.1480
    7.5000  -45.0000    7.5000 2618.3518   17.4536
   -7.5000  -37.5000    7.5000 2657.0090   16.3639
    0.0000  -37.5000    7.5000 2675.0833   16.2761
    7.5000  -37.5000    7.5000 2648.9583   16.5534
   -7.5000  -30.0000    7.5000 2691.7085   15.6213
    0.0000  -30.0000    7.5000 2699.2363   15.5323
    7.5000  -30.0000    7.5000 2678.6265   15.8535
   -7.5000  -22.5000    7.5000 2731.0513   15.0930
    0.0000  -22.5000    7.5000 2730.7134   14.9751
    7.5000  -22.5000    7.5000 2713.6277   15.2724
   -7.5000  -15.0000    7.5000 2775.2395   14.6952
    0.0000  -15.0000    7.5000 2780.9719   14.5971
    7.5000  -15.0000    7.5000 2762.9260   14.8468
   -7.5000   -7.5000    7.5000 2840.0996   14.4210
    0.0000   -7.5000    7.5000 2847.7109   14.3194
    7.5000   -7.5000    7.5000 2822.8704   14.5136
   -7.5000    0.0000    7.5000 2913.5032   14.3089
    0.0000    0.0000    7.5000 2927.5510   14.2237
    7.5000    0.0000    7.5000 2886.8506   14.3637
   -7.5000    7.5000    7.5000 2980.0369   14.4037
    0.0000    7.5000    7.5000 3001.4492   14.3653
    7.5000    7.5000    7.5000 2928.2788   14.4203
   -7.5000   15.0000    7.5000 2984.2029   14.6081
    0.0000   15.0000    7.5000 3018.1909   14.5440
    7.5000   15.0000    7.5000 2940.7144   14.6318
   -7.5000   22.5000    7.5000 2928.7644   14.9578
    0.0000   22.5000    7.5000 2955.4622   14.8604
    7.5000   22.5000    7.5000 2897.1357   15.1044
   -7.5000   30.0000    7.5000 2854.4683   15.5641
    0.0000   30.0000    7.5000 2872.7932   15.4524
    7.5000   30.0000    7.5000 2828.0710   15.6907
   -7.5000   37.5000    7.5000 2753.9541   16.5422
    0.0000   37.5000    7.5000 2767.7568   16.4021
    7.5000   37.5000    7.5000 2732.2542   16.6168
   -7.5000   45.0000    7.5000 2625.0515   17.9488
    0.0000   45.0000    7.5000 2641.6821   17.7898
    7.5000   45.0000    7.5000 2608.8811   18.0168
   -7.5000  -45.0000   15.0000 2614.3674   17.2394
    0.0000  -45.0000   15.0000 2636.3140   17.1104
    7.5000  -45.0000   15.0000 2600.4255   17.4932
   -7.5000  -37.5000   15.0000 2636.3303   16.3759
    0.0000  -37.5000   15.0000 2654.0071   16.2348
    7.5000  -37.5000   15.0000 2629.2334   16.6255
   -7.5000  -30.0000   15.0000 2669.3579   15.6301
    0.0000  -30.0000   15.0000 2678.1826   15.4954
    7.5000  -30.0000   15.0000 2662.1003   15.8861
   -7.5000  -22.5000   15.0000 2712.5015   15.1223
    0.0000  -22.5000   15.0000 2712.4348   14.9702
    7.5000  -22.5000   15.0000 2701.6738   15.3172
   -7.5000  -15.0000   15.0000 2757.5640   14.7886
    0.0000  -15.0000   15.0000 2764.8616   14.6257
    7.5000  -15.0000   15.0000 2749.0291   14.9033
   -7.5000   -7.5000   15.0000 2821.7000   14.5700
    0.0000   -7.5000   15.0000 2831.9480   14.4322
    7.5000   -7.5000   15.0000 2810.7004   14.6153
   -7.5000    0.0000   15.0000 2895.2327   14.4890
    0.0000    0.0000   15.0000 2912.3237   14.4278
    7.5000    0.0000   15.0000 2873.2800   14.4925
   -7.5000    7.5000   15.0000 2965.0144   14.5446
    0.0000    7.5000   15.0000 2990.0962   14.5055
    7.5000    7.5000   15.0000 2920.9521   14.5092
   -7.5000   15.0000   15.0000 2962.4558   14.7214
    0.0000   15.0000   15.0000 2991.5713   14.6340
    7.5000   15.0000   15.0000 2923.0691   14.7121
   -7.5000   22.5000   15.0000 2908.7896   15.1145
    0.0000   22.5000   15.0000 2937.2866   15.0427
    7.5000   22.5000   15.0000 2883.1384   15.1866
   -7.5000   30.0000   15.0000 2824.1301   15.7985
    0.0000   30.0000   15.0000 2842.3650   15.7455
    7.5000   30.0000   15.0000 2798.1624   15.8746
   -7.5000   37.5000   15.0000 2720.0586   16.7422
    0.0000   37.5000   15.0000 2735.1711   16.6467
    7.5000   37.5000   15.0000 2702.0867   16.8155
   -7.5000   45.0000   15.0000 2596.2209   18.0961
    0.0000   45.0000   15.0000 2606.1230   17.9629
    7.5000   45.0000   15.0000 2581.6338   18.1432
   -7.5000  -45.0000   22.5000 2580.5066   17.5216
    0.0000  -45.0000   22.5000 2598.9614   17.3338
    7.5000  -45.0000   22.5000 2568.1938   17.8115
   -7.5000  -37.5000   22.5000 2608.0972   16.6563
    0.0000  -37.5000   22.5000 2622.7366   16.5016
    7.5000  -37.5000   22.5000 2599.6318   16.9295
   -7.5000  -30.0000   22.5000 2640.7329   16.0037
    0.0000  -30.0000   22.5000 2646.0098   15.8416
    7.5000  -30.0000   22.5000 2626.4038   16.1943
   -7.5000  -22.5000   22.5000 2676.1963   15.5280
    0.0000  -22.5000   22.5000 2682.7900   15.3817
    7.5000  -22.5000   22.5000 2668.1958   15.6760
   -7.5000  -15.0000   22.5000 2724.4863   15.2253
    0.0000  -15.0000   22.5000 2730.6226   15.1068
    7.5000  -15.0000   22.5000 2716.0105   15.3040
   -7.5000   -7.5000   22.5000 2789.4004   14.9988
    0.0000   -7.5000   22.5000 2801.5330   14.9129
    7.5000   -7.5000   22.5000 2780.0662   15.0610
   -7.5000    0.0000   22.5000 2854.7659   14.8651
    0.0000    0.0000   22.5000 2870.3811   14.8239
    7.5000    0.0000   22.5000 2838.0105   14.9330
   -7.5000    7.5000   22.5000 2902.9636   14.8586
    0.0000    7.5000   22.5000 2927.0891   14.7632
    7.5000    7.5000   22.5000 2876.8223   14.9379
   -7.5000   15.0000   22.5000 2899.8970   15.0211
    0.0000   15.0000   22.5000 2930.9026   14.9297
    7.5000   15.0000   22.5000 2872.8826   15.0952
   -7.5000   22.5000   22.5000 2861.9741   15.4528
    0.0000   22.5000   22.5000 2886.5918   15.4083
    7.5000   22.5000   22.5000 2841.7258   15.5841
   -7.5000   30.0000   22.5000 2772.5620   16.2145
    0.0000   30.0000   22.5000 2787.3384   16.1494
    7.5000   30.0000   22.5000 2751.0554   16.3262
   -7.5000   37.5000   22.5000 2669.6069   17.2218
    0.0000   37.5000   22.5000 2679.2651   17.1131
    7.5000   37.5000   22.5000 2653.3984   17.2991
   -7.5000   45.0000   22.5000 2547.4238   18.5499
    0.0000   45.0000   22.5000 2559.9924   18.4114
    7.5000   45.0000   22.5000 2537.9644   18.6149
   -7.5000  -45.0000   30.0000 2526.6877   18.1811
    0.0000  -45.0000   30.0000 2532.8101   17.8338
    7.5000  -45.0000   30.0000 2520.9087   18.3456
   -7.5000  -37.5000   30.0000 2558.9856   17.2988
    0.0000  -37.5000   30.0000 2566.6172   17.0529
    7.5000  -37.5000   30.0000 2555.8894   17.4683
   -7.5000  -30.0000   30.0000 2593.6021   16.6177
    0.0000  -30.0000   30.0000 2602.3655   16.4004
    7.5000  -30.0000   30.0000 2587.5994   16.7647
   -7.5000  -22.5000   30.0000 2630.0825   16.1252
    0.0000  -22.5000   30.0000 2643.3789   15.9242
    7.5000  -22.5000   30.0000 2627.0659   16.2568
   -7.5000  -15.0000   30.0000 2678.9502   15.8111
    0.0000  -15.0000   30.0000 2692.5093   15.6218
    7.5000  -15.0000   30.0000 2670.0713   15.9244
   -7.5000   -7.5000   30.0000 2739.6099   15.5643
    0.0000   -7.5000   30.0000 2752.1375   15.4365
    7.5000   -7.5000   30.0000 2732.9402   15.6893
   -7.5000    0.0000   30.0000 2788.2234   15.4045
    0.0000    0.0000   30.0000 2807.0320   15.2721
    7.5000    0.0000   30.0000 2780.4771   15.5415
   -7.5000    7.5000   30.0000 2821.7275   15.3806
    0.0000    7.5000   30.0000 2841.0359   15.2393
    7.5000    7.5000   30.0000 2805.6228   15.5307
   -7.5000   15.0000   30.0000 2813.4194   15.5789
    0.0000   15.0000   30.0000 2831.9050   15.4749
    7.5000   15.0000   30.0000 2793.1108   15.7551
   -7.5000   22.5000   30.0000 2776.4370   16.0833
    0.0000   22.5000   30.0000 2802.1560   16.0016
    7.5000   22.5000   30.0000 2762.7183   16.2410
   -7.5000   30.0000   30.0000 2695.4014   16.9206
    0.0000   30.0000   30.0000 2707.4211   16.8055
    7.5000   30.0000   30.0000 2678.3604   17.0431
   -7.5000   37.5000   30.0000 2604.6479   17.9122
    0.0000   37.5000   30.0000 2611.3311   17.7792
    7.5000   37.5000   30.0000 2591.7090   18.0126
   -7.5000   45.0000   30.0000 2489.1479   19.1911
    0.0000   45.0000   30.0000 2500.8503   19.0611
    7.5000   45.0000   30.0000 2482.7959   19.3208
   -7.5000  -45.0000   37.5000 2465.9131   19.0457
    0.0000  -45.0000   37.5000 2472.6379   18.6208
    7.5000  -45.0000   37.5000 2463.1294   19.1044
   -7.5000  -37.5000   37.5000 2499.6443   18.1208
    0.0000  -37.5000   37.5000 2515.9060   17.7418
    7.5000  -37.5000   37.5000 2499.1628   18.2205
   -7.5000  -30.0000   37.5000 2537.7290   17.4051
    0.0000  -30.0000   37.5000 2555.0020   17.1028
    7.5000  -30.0000   37.5000 2537.1155   17.5130
   -7.5000  -22.5000   37.5000 2584.0420   16.8999
    0.0000  -22.5000   37.5000 2601.3984   16.6498
    7.5000  -22.5000   37.5000 2581.0642   17.0244
   -7.5000  -15.0000   37.5000 2623.0105   16.5662
    0.0000  -15.0000   37.5000 2639.0269   16.3592
    7.5000  -15.0000   37.5000 2618.0547   16.6939
   -7.5000   -7.5000   37.5000 2672.4734   16.2845
    0.0000   -7.5000   37.5000 2690.8325   16.1374
    7.5000   -7.5000   37.5000 2665.2805   16.4506
   -7.5000    0.0000   37.5000 2712.0107   16.1437
    0.0000    0.0000   37.5000 2732.9307   15.9639
    7.5000    0.0000   37.5000 2704.0718   16.3389
   -7.5000    7.5000   37.5000 2731.2493   16.1809
    0.0000    7.5000   37.5000 2752.1462   16.0175
    7.5000    7.5000   37.5000 2721.4875   16.3657
   -7.5000   15.0000   37.5000 2711.7988   16.4292
    0.0000   15.0000   37.5000 2730.6128   16.3036
    7.5000   15.0000   37.5000 2703.1104   16.6378
   -7.5000   22.5000   37.5000 2674.2622   16.9657
    0.0000   22.5000   37.5000 2691.5471   16.8265
    7.5000   22.5000   37.5000 2665.3232   17.1596
   -7.5000   30.0000   37.5000 2610.5308   17.8227
    0.0000   30.0000   37.5000 2622.1921   17.6498
    7.5000   30.0000   37.5000 2597.7312   17.9651
   -7.5000   37.5000   37.5000 2526.2820   18.7847
    0.0000   37.5000   37.5000 2535.9387   18.6502
    7.5000   37.5000   37.5000 2509.3958   18.9706
   -7.5000   45.0000   37.5000 2422.7817   20.0622
    0.0000   45.0000   37.5000 2433.2231   19.9289
    7.5000   45.0000   37.5000 2408.5435   20.2052
   -7.5000  -45.0000   45.0000 2399.8459   20.0747
    0.0000  -45.0000   45.0000 2417.3191   19.6090
    7.5000  -45.0000   45.0000 2398.9082   20.0838
   -7.5000  -37.5000   45.0000 2437.8674   19.0964
    0.0000  -37.5000   45.0000 2458.6726   18.7219
    7.5000  -37.5000   45.0000 2437.1948   19.1467
   -7.5000  -30.0000   45.0000 2477.5027   18.3734
    0.0000  -30.0000   45.0000 2498.3330   18.0571
    7.5000  -30.0000   45.0000 2472.9243   18.4519
   -7.5000  -22.5000   45.0000 2525.5469   17.8979
    0.0000  -22.5000   45.0000 2542.0798   17.6288
    7.5000  -22.5000   45.0000 2519.1772   17.9973
   -7.5000  -15.0000   45.0000 2558.8914   17.5455
    0.0000  -15.0000   45.0000 2571.2927   17.3427
    7.5000  -15.0000   45.0000 2546.7480   17.6913
   -7.5000   -7.5000   45.0000 2594.7505   17.3261
    0.0000   -7.5000   45.0000 2612.4531   17.1534
    7.5000   -7.5000   45.0000 2581.5730   17.5061
   -7.5000    0.0000   45.0000 2623.4492   17.2461
    0.0000    0.0000   45.0000 2644.9670   17.0236
    7.5000    0.0000   45.0000 2610.2720   17.3877
   -7.5000    7.5000   45.0000 2633.5315   17.2978
    0.0000    7.5000   45.0000 2653.6680   17.1449
    7.5000    7.5000   45.0000 2621.2344   17.4805
   -7.5000   15.0000   45.0000 2610.2700   17.5870
    0.0000   15.0000   45.0000 2628.3616   17.4639
    7.5000   15.0000   45.0000 2603.1216   17.7697
   -7.5000   22.5000   45.0000 2571.2446   18.1551
    0.0000   22.5000   45.0000 2585.8022   18.0130
    7.5000   22.5000   45.0000 2566.4009   18.3302
   -7.5000   30.0000   45.0000 2519.8704   18.9496
    0.0000   30.0000   45.0000 2533.9419   18.8133
    7.5000   30.0000   45.0000 2510.3960   19.1143
   -7.5000   37.5000   45.0000 2442.7278   19.9355
    0.0000   37.5000   45.0000 2454.6875   19.7795
    7.5000   37.5000   45.0000 2429.8108   20.0852
   -7.5000   45.0000   45.0000 2346.2581   21.2081
    0.0000   45.0000   45.0000 2351.0774   21.0184
    7.5000   45.0000   45.0000 2330.9375   21.3452

---------------------------------------------------------------------
imgreg_4dfp /opt/freesurfer/average/711-2C_as_mni_average_305 /opt/freesurfer/average/711-2B_as_mni_average_305_mask talsrcimg_g11 none talsrcimg_to_711-2C_as_mni_average_305_t4 1283
---------------------------------------------------------------------

freesurfer imgreg_4dfp.c
/opt/freesurfer/average/711-2C_as_mni_average_305.4dfp.img
       256       256       256         1
  1.000000  1.000000  1.000000
orientation T byte_order littleendian
Reading image: /opt/freesurfer/average/711-2C_as_mni_average_305.4dfp.img
dimensions:      256       256       256
mmppix:       1.0000   -1.0000   -1.0000
center:     128.0000 -129.0000 -129.0000
/opt/freesurfer/average/711-2B_as_mni_average_305_mask.4dfp.img
       256       256       256         1
  1.000000  1.000000  1.000000
orientation T byte_order littleendian
Reading mask: /opt/freesurfer/average/711-2B_as_mni_average_305_mask.4dfp.img (2306576 pixels)
talsrcimg_g11.4dfp.img
       256       256       256         1
  1.000000  1.000000  1.000000
orientation T byte_order littleendian
Reading image: talsrcimg_g11.4dfp.img
dimensions:      256       256       256
mmppix:       1.0000   -1.0000   -1.0000
center:     128.0000 -129.0000 -129.0000
rotation matrix determinant  1.000000
fimgreg.f
image alignment mode   1283 decimal      503 hex
parameters
    0.0000   15.0000    7.5000    0.0000    0.0000    0.0000
eta,q 0.94650 14.59617
niter,ni,del,rscale     5    3   12.0000    1.2000
parameter  4  1.864400 ->  0.500000 qaram    1.1500
parameter  5  0.732048 ->  0.500000 qaram    1.1500
parameters
   -1.7361   12.0659    8.4091   -3.4500   -3.4500    0.8569
eta,q 0.95916 14.53470
  0.0613  0.0520  0.0590  0.0442  0.0430  0.0507
  0.0543  0.0500  0.0538  0.0455  0.0411  0.0462
  0.0519  0.0502  0.0515  0.0473  0.0424  0.0429
  0.0542  0.0517  0.0498  0.0494  0.0460  0.0411
  0.0596  0.0550  0.0497  0.0519  0.0508  0.0411
  0.0676  0.0592  0.0520  0.0550  0.0571  0.0430
  0.0760  0.0654  0.0544  0.0584  0.0635  0.0467
niter,ni,del,rscale     6    3   12.0000    1.2000
parameter  4  0.576797 ->  0.500000 qaram    1.3225
parameters
   -0.9970   14.0261    8.4693   -7.4175   -4.3837    0.8807
eta,q 0.96443 14.58283
  0.0682  0.0606  0.0499  0.0379  0.0460  0.0458
  0.0567  0.0524  0.0444  0.0359  0.0397  0.0403
  0.0469  0.0451  0.0402  0.0359  0.0363  0.0368
  0.0408  0.0404  0.0383  0.0383  0.0357  0.0356
  0.0421  0.0383  0.0409  0.0433  0.0386  0.0369
  0.0491  0.0402  0.0446  0.0500  0.0449  0.0402
  0.0583  0.0453  0.0489  0.0556  0.0534  0.0457
niter,ni,del,rscale     6    3   12.0000    1.2000
parameters
   -0.8635   14.7895    8.0372   -7.3244   -4.4977    0.8131
eta,q 0.96455 14.62973
  0.0593  0.0570  0.0460  0.0490  0.0481  0.0447
  0.0477  0.0457  0.0401  0.0421  0.0417  0.0397
  0.0392  0.0386  0.0363  0.0364  0.0373  0.0366
  0.0356  0.0356  0.0355  0.0354  0.0354  0.0355
  0.0391  0.0369  0.0380  0.0369  0.0368  0.0369
  0.0471  0.0419  0.0429  0.0411  0.0419  0.0401
  0.0567  0.0472  0.0488  0.0485  0.0496  0.0450
niter,ni,del,rscale     5    3   12.0000    1.2000
parameters
   -0.9070   14.8742    7.9841   -7.3732   -4.4688    0.8188
eta,q 0.96456 14.63122
  0.0580  0.0521  0.0473  0.0485  0.0487  0.0449
  0.0468  0.0423  0.0413  0.0417  0.0422  0.0399
  0.0385  0.0370  0.0368  0.0362  0.0375  0.0367
  0.0355  0.0354  0.0355  0.0355  0.0354  0.0354
  0.0395  0.0386  0.0373  0.0371  0.0366  0.0368
  0.0478  0.0438  0.0418  0.0414  0.0415  0.0399
  0.0580  0.0492  0.0475  0.0489  0.0491  0.0448
niter,ni,del,rscale     4    3   12.0000    1.2000
parameters
   -0.9286   14.8908    7.9659   -7.3863   -4.4545    0.8221
eta,q 0.96457 14.63140
  0.0582  0.0516  0.0474  0.0486  0.0487  0.0449
  0.0469  0.0420  0.0414  0.0418  0.0422  0.0399
  0.0386  0.0369  0.0368  0.0363  0.0374  0.0367
  0.0354  0.0354  0.0354  0.0354  0.0354  0.0354
  0.0394  0.0388  0.0372  0.0371  0.0366  0.0368
  0.0477  0.0440  0.0417  0.0413  0.0416  0.0399
  0.0579  0.0494  0.0473  0.0488  0.0492  0.0448
registration optimization eta report
parameter search radius
    6.0000    6.0000    6.0000    7.9350    6.9000    6.0000
100000*second partial in parameter space
       61.       41.       33.       21.       28.       26.
  0.0582  0.0516  0.0474  0.0486  0.0487  0.0449
  0.0469  0.0420  0.0414  0.0418  0.0422  0.0399
  0.0386  0.0369  0.0368  0.0363  0.0374  0.0367
  0.0354  0.0354  0.0354  0.0354  0.0354  0.0354
  0.0394  0.0388  0.0372  0.0371  0.0366  0.0368
  0.0477  0.0440  0.0417  0.0413  0.0416  0.0399
  0.0579  0.0494  0.0473  0.0488  0.0492  0.0448
   -0.9286   14.8908    7.9659   -7.3863   -4.4545    0.8221
eta,q 0.96457 14.63140

---------------------------------------------------------------------
imgreg_4dfp /opt/freesurfer/average/711-2C_as_mni_average_305 /opt/freesurfer/average/711-2B_as_mni_average_305_mask talsrcimg_g11 none talsrcimg_to_711-2C_as_mni_average_305_t4 3335
---------------------------------------------------------------------

freesurfer imgreg_4dfp.c
/opt/freesurfer/average/711-2C_as_mni_average_305.4dfp.img
       256       256       256         1
  1.000000  1.000000  1.000000
orientation T byte_order littleendian
Reading image: /opt/freesurfer/average/711-2C_as_mni_average_305.4dfp.img
dimensions:      256       256       256
mmppix:       1.0000   -1.0000   -1.0000
center:     128.0000 -129.0000 -129.0000
/opt/freesurfer/average/711-2B_as_mni_average_305_mask.4dfp.img
       256       256       256         1
  1.000000  1.000000  1.000000
orientation T byte_order littleendian
Reading mask: /opt/freesurfer/average/711-2B_as_mni_average_305_mask.4dfp.img (2306576 pixels)
talsrcimg_g11.4dfp.img
       256       256       256         1
  1.000000  1.000000  1.000000
orientation T byte_order littleendian
Reading image: talsrcimg_g11.4dfp.img
dimensions:      256       256       256
mmppix:       1.0000   -1.0000   -1.0000
center:     128.0000 -129.0000 -129.0000
fimgreg.f
image alignment mode   3335 decimal      D07 hex
parameters
   -0.9286   14.8908    7.9659   -0.3123   -0.8543   -1.1294
   -2.4213    7.5171    1.4305   12.9650   -7.7668  -12.8170
eta,q 0.96436 14.61370
niter,ni,del,rscale     5    3    5.0000    1.2000
parameter  4  0.682904 ->  0.500000 qaram    1.1500
parameter  5  0.774447 ->  0.500000 qaram    1.1500
parameter  6  0.674917 ->  0.500000 qaram    1.1500
parameters
   -0.7785   15.0723    7.6939   -4.4523   -4.9943   -5.2694
   -2.6055    7.5378    1.9616   10.4187   -9.0005  -15.5045
eta,q 0.96985 14.04222
  0.0406  0.0386  0.0376  0.0343  0.0329  0.0312  0.0339  0.0359  0.0335  0.0318  0.0314  0.0309
  0.0380  0.0370  0.0364  0.0341  0.0326  0.0309  0.0322  0.0332  0.0322  0.0308  0.0307  0.0304
  0.0363  0.0360  0.0357  0.0344  0.0331  0.0312  0.0312  0.0314  0.0313  0.0305  0.0304  0.0301
  0.0356  0.0356  0.0356  0.0356  0.0342  0.0327  0.0309  0.0309  0.0309  0.0309  0.0305  0.0304
  0.0360  0.0358  0.0361  0.0378  0.0357  0.0356  0.0313  0.0314  0.0310  0.0320  0.0308  0.0311
  0.0373  0.0365  0.0372  0.0409  0.0378  0.0396  0.0325  0.0331  0.0317  0.0338  0.0314  0.0322
  0.0395  0.0378  0.0386  0.0445  0.0403  0.0439  0.0342  0.0359  0.0329  0.0361  0.0322  0.0335
niter,ni,del,rscale     7    3    5.0000    1.2000
parameters
   -0.6499   14.9438    7.1644   -5.4274   -5.5156   -7.2613
   -2.9521    7.6566    2.0174    9.7729   -8.9358  -16.4278
eta,q 0.97004 13.80136
  0.0344  0.0327  0.0313  0.0321  0.0327  0.0320  0.0328  0.0349  0.0322  0.0321  0.0313  0.0312
  0.0321  0.0312  0.0304  0.0308  0.0315  0.0307  0.0311  0.0323  0.0310  0.0309  0.0306  0.0305
  0.0307  0.0304  0.0300  0.0302  0.0305  0.0300  0.0302  0.0305  0.0302  0.0302  0.0301  0.0301
  0.0302  0.0301  0.0301  0.0300  0.0300  0.0301  0.0300  0.0300  0.0300  0.0299  0.0299  0.0299
  0.0304  0.0306  0.0307  0.0303  0.0305  0.0308  0.0304  0.0304  0.0302  0.0304  0.0301  0.0303
  0.0316  0.0316  0.0317  0.0314  0.0318  0.0330  0.0316  0.0321  0.0309  0.0315  0.0305  0.0311
  0.0336  0.0333  0.0330  0.0339  0.0338  0.0369  0.0333  0.0346  0.0322  0.0332  0.0312  0.0322
niter,ni,del,rscale     6    3    5.0000    1.2000
parameters
   -0.6293   14.9622    6.8615   -5.5358   -5.6439   -7.6119
   -3.0325    7.6782    2.0597    9.8091   -8.8079  -16.8806
eta,q 0.97007 13.76522
  0.0337  0.0327  0.0314  0.0323  0.0325  0.0330  0.0330  0.0347  0.0321  0.0325  0.0312  0.0314
  0.0317  0.0312  0.0305  0.0309  0.0314  0.0313  0.0312  0.0321  0.0309  0.0312  0.0305  0.0306
  0.0304  0.0303  0.0300  0.0302  0.0304  0.0302  0.0302  0.0305  0.0302  0.0303  0.0301  0.0301
  0.0300  0.0299  0.0300  0.0299  0.0299  0.0299  0.0299  0.0299  0.0299  0.0299  0.0299  0.0299
  0.0303  0.0302  0.0304  0.0301  0.0302  0.0302  0.0303  0.0304  0.0301  0.0302  0.0300  0.0302
  0.0316  0.0312  0.0312  0.0308  0.0312  0.0313  0.0314  0.0321  0.0309  0.0310  0.0304  0.0308
  0.0336  0.0326  0.0323  0.0327  0.0330  0.0339  0.0330  0.0346  0.0321  0.0326  0.0312  0.0319
niter,ni,del,rscale     5    3    5.0000    1.2000
parameters
   -0.6383   15.0112    6.7339   -5.5526   -5.6775   -7.6751
   -3.0654    7.6745    2.0813    9.9109   -8.7787  -17.0940
eta,q 0.97009 13.76235
  0.0336  0.0327  0.0316  0.0324  0.0325  0.0332  0.0330  0.0346  0.0321  0.0325  0.0312  0.0315
  0.0316  0.0312  0.0306  0.0309  0.0314  0.0314  0.0313  0.0321  0.0309  0.0312  0.0305  0.0307
  0.0303  0.0303  0.0300  0.0302  0.0304  0.0302  0.0302  0.0304  0.0302  0.0303  0.0301  0.0301
  0.0299  0.0299  0.0299  0.0299  0.0299  0.0299  0.0299  0.0299  0.0299  0.0299  0.0299  0.0299
  0.0303  0.0302  0.0302  0.0301  0.0301  0.0302  0.0303  0.0304  0.0301  0.0301  0.0300  0.0301
  0.0316  0.0311  0.0309  0.0308  0.0311  0.0311  0.0314  0.0321  0.0309  0.0310  0.0304  0.0308
  0.0337  0.0325  0.0320  0.0325  0.0328  0.0335  0.0330  0.0346  0.0321  0.0325  0.0312  0.0318
niter,ni,del,rscale     4    3    5.0000    1.2000
parameters
   -0.6448   15.0457    6.6846   -5.5546   -5.6824   -7.6919
   -3.0797    7.6684    2.0971    9.9752   -8.7734  -17.1863
eta,q 0.97009 13.76327
  0.0336  0.0327  0.0318  0.0324  0.0325  0.0332  0.0330  0.0346  0.0321  0.0325  0.0312  0.0316
  0.0316  0.0312  0.0307  0.0309  0.0314  0.0314  0.0313  0.0321  0.0309  0.0311  0.0305  0.0307
  0.0303  0.0303  0.0301  0.0302  0.0305  0.0302  0.0303  0.0304  0.0302  0.0303  0.0301  0.0302
  0.0299  0.0299  0.0299  0.0299  0.0299  0.0299  0.0299  0.0299  0.0299  0.0299  0.0299  0.0299
  0.0303  0.0302  0.0302  0.0301  0.0301  0.0302  0.0303  0.0304  0.0301  0.0301  0.0300  0.0301
  0.0316  0.0311  0.0309  0.0308  0.0311  0.0311  0.0314  0.0321  0.0309  0.0310  0.0304  0.0307
  0.0337  0.0325  0.0319  0.0325  0.0328  0.0334  0.0330  0.0346  0.0321  0.0325  0.0312  0.0317
niter,ni,del,rscale     3    3    5.0000    1.2000
parameters
   -0.6489   15.0612    6.6622   -5.5499   -5.6846   -7.7017
   -3.0860    7.6651    2.1034   10.0037   -8.7734  -17.2313
eta,q 0.97009 13.76392
  0.0336  0.0326  0.0318  0.0324  0.0325  0.0332  0.0330  0.0346  0.0321  0.0324  0.0312  0.0316
  0.0316  0.0312  0.0307  0.0309  0.0314  0.0314  0.0313  0.0321  0.0309  0.0311  0.0305  0.0307
  0.0303  0.0302  0.0301  0.0302  0.0304  0.0302  0.0303  0.0304  0.0302  0.0303  0.0301  0.0302
  0.0299  0.0299  0.0299  0.0299  0.0299  0.0299  0.0299  0.0299  0.0299  0.0299  0.0299  0.0299
  0.0303  0.0302  0.0302  0.0301  0.0301  0.0302  0.0303  0.0304  0.0301  0.0301  0.0300  0.0301
  0.0316  0.0311  0.0308  0.0308  0.0311  0.0311  0.0314  0.0321  0.0309  0.0310  0.0304  0.0307
  0.0337  0.0325  0.0318  0.0325  0.0328  0.0334  0.0330  0.0346  0.0321  0.0325  0.0312  0.0317
registration optimization eta report
parameter search radius
    2.4000    2.4000    2.4000    8.2800    8.2800    8.2800
    7.2000    7.2000    7.2000    7.2000    7.2000    7.2000
100000*second partial in parameter space
       65.       46.       33.        4.        4.        5.
        6.        9.        4.        5.        2.        3.
  0.0336  0.0326  0.0318  0.0324  0.0325  0.0332  0.0330  0.0346  0.0321  0.0324  0.0312  0.0316
  0.0316  0.0312  0.0307  0.0309  0.0314  0.0314  0.0313  0.0321  0.0309  0.0311  0.0305  0.0307
  0.0303  0.0302  0.0301  0.0302  0.0304  0.0302  0.0303  0.0304  0.0302  0.0303  0.0301  0.0302
  0.0299  0.0299  0.0299  0.0299  0.0299  0.0299  0.0299  0.0299  0.0299  0.0299  0.0299  0.0299
  0.0303  0.0302  0.0302  0.0301  0.0301  0.0302  0.0303  0.0304  0.0301  0.0301  0.0300  0.0301
  0.0316  0.0311  0.0308  0.0308  0.0311  0.0311  0.0314  0.0321  0.0309  0.0310  0.0304  0.0307
  0.0337  0.0325  0.0318  0.0325  0.0328  0.0334  0.0330  0.0346  0.0321  0.0325  0.0312  0.0317
   -0.6489   15.0612    6.6622   -5.5499   -5.6846   -7.7017
   -3.0860    7.6651    2.1034   10.0037   -8.7734  -17.2313
eta,q 0.97009 13.76392

---------------------------------------------------------------------
imgreg_4dfp /opt/freesurfer/average/711-2C_as_mni_average_305 /opt/freesurfer/average/711-2B_as_mni_average_305_mask talsrcimg_g11 none talsrcimg_to_711-2C_as_mni_average_305_t4 2311
---------------------------------------------------------------------

freesurfer imgreg_4dfp.c
/opt/freesurfer/average/711-2C_as_mni_average_305.4dfp.img
       256       256       256         1
  1.000000  1.000000  1.000000
orientation T byte_order littleendian
Reading image: /opt/freesurfer/average/711-2C_as_mni_average_305.4dfp.img
dimensions:      256       256       256
mmppix:       1.0000   -1.0000   -1.0000
center:     128.0000 -129.0000 -129.0000
/opt/freesurfer/average/711-2B_as_mni_average_305_mask.4dfp.img
       256       256       256         1
  1.000000  1.000000  1.000000
orientation T byte_order littleendian
Reading mask: /opt/freesurfer/average/711-2B_as_mni_average_305_mask.4dfp.img (2306576 pixels)
talsrcimg_g11.4dfp.img
       256       256       256         1
  1.000000  1.000000  1.000000
orientation T byte_order littleendian
Reading image: talsrcimg_g11.4dfp.img
dimensions:      256       256       256
mmppix:       1.0000   -1.0000   -1.0000
center:     128.0000 -129.0000 -129.0000
fimgreg.f
image alignment mode   2311 decimal      907 hex
parameters
   -0.6489   15.0612    6.6622   -5.5499   -5.6846   -7.7017
   -3.0860    7.6651    2.1034   10.0037   -8.7734  -17.2313
eta,q 0.97009 13.76393
niter,ni,del,rscale     5    3    5.0000    0.8000
parameters
   -0.6425   15.0685    6.6189   -5.2417   -5.1490   -7.3377
   -3.1380    7.6505    2.1565   10.2501   -8.8137  -17.0962
eta,q 0.97012 13.85133
  0.0316  0.0311  0.0307  0.0307  0.0311  0.0310  0.0313  0.0320  0.0309  0.0312  0.0304  0.0307
  0.0307  0.0305  0.0303  0.0302  0.0306  0.0303  0.0305  0.0308  0.0303  0.0305  0.0301  0.0303
  0.0301  0.0301  0.0300  0.0300  0.0301  0.0300  0.0300  0.0301  0.0300  0.0301  0.0299  0.0300
  0.0299  0.0299  0.0299  0.0299  0.0299  0.0299  0.0299  0.0299  0.0299  0.0299  0.0299  0.0299
  0.0301  0.0300  0.0300  0.0299  0.0299  0.0300  0.0301  0.0301  0.0300  0.0300  0.0299  0.0299
  0.0306  0.0305  0.0303  0.0301  0.0302  0.0302  0.0306  0.0308  0.0303  0.0303  0.0301  0.0302
  0.0316  0.0311  0.0308  0.0305  0.0308  0.0306  0.0314  0.0320  0.0309  0.0310  0.0305  0.0307
niter,ni,del,rscale     4    3    5.0000    0.7000
parameters
   -0.6457   15.0958    6.6237   -5.0503   -5.0407   -7.2863
   -3.1340    7.6362    2.1591   10.3315   -8.8381  -17.0578
eta,q 0.97012 13.87678
  0.0312  0.0309  0.0306  0.0304  0.0308  0.0306  0.0310  0.0315  0.0307  0.0308  0.0303  0.0305
  0.0304  0.0303  0.0302  0.0301  0.0303  0.0301  0.0304  0.0306  0.0302  0.0303  0.0301  0.0302
  0.0300  0.0300  0.0299  0.0300  0.0300  0.0299  0.0300  0.0300  0.0300  0.0300  0.0299  0.0300
  0.0299  0.0299  0.0299  0.0299  0.0299  0.0299  0.0299  0.0299  0.0299  0.0299  0.0299  0.0299
  0.0300  0.0300  0.0300  0.0299  0.0300  0.0299  0.0300  0.0300  0.0300  0.0300  0.0299  0.0299
  0.0305  0.0303  0.0302  0.0300  0.0302  0.0301  0.0304  0.0306  0.0302  0.0303  0.0301  0.0301
  0.0312  0.0308  0.0305  0.0303  0.0307  0.0305  0.0310  0.0315  0.0307  0.0308  0.0303  0.0305
niter,ni,del,rscale     3    3    5.0000    0.6000
parameters
   -0.6457   15.1118    6.6074   -4.9771   -4.9847   -7.2920
   -3.1201    7.6372    2.1456   10.3711   -8.8257  -17.0364
eta,q 0.97013 13.88580
  0.0308  0.0306  0.0304  0.0302  0.0306  0.0303  0.0307  0.0310  0.0304  0.0306  0.0302  0.0303
  0.0303  0.0302  0.0301  0.0300  0.0302  0.0300  0.0302  0.0304  0.0301  0.0302  0.0300  0.0301
  0.0300  0.0300  0.0299  0.0299  0.0300  0.0299  0.0300  0.0300  0.0299  0.0300  0.0299  0.0299
  0.0299  0.0299  0.0299  0.0299  0.0299  0.0299  0.0299  0.0299  0.0299  0.0299  0.0299  0.0299
  0.0300  0.0299  0.0299  0.0299  0.0299  0.0299  0.0299  0.0300  0.0299  0.0299  0.0299  0.0299
  0.0303  0.0302  0.0301  0.0300  0.0302  0.0301  0.0302  0.0304  0.0301  0.0302  0.0300  0.0301
  0.0308  0.0306  0.0304  0.0302  0.0305  0.0303  0.0307  0.0311  0.0304  0.0306  0.0302  0.0304
niter,ni,del,rscale     2    3    5.0000    0.5000
parameters
   -0.6488   15.1239    6.5954   -4.9086   -4.9632   -7.3303
   -3.1120    7.6369    2.1386   10.3974   -8.8215  -17.0054
eta,q 0.97013 13.88966
  0.0305  0.0304  0.0302  0.0301  0.0304  0.0302  0.0304  0.0307  0.0303  0.0304  0.0301  0.0302
  0.0302  0.0301  0.0300  0.0300  0.0301  0.0300  0.0301  0.0302  0.0300  0.0301  0.0300  0.0300
  0.0299  0.0299  0.0299  0.0299  0.0299  0.0299  0.0299  0.0300  0.0299  0.0299  0.0299  0.0299
  0.0299  0.0299  0.0299  0.0299  0.0299  0.0299  0.0299  0.0299  0.0299  0.0299  0.0299  0.0299
  0.0299  0.0299  0.0299  0.0299  0.0299  0.0299  0.0299  0.0299  0.0299  0.0299  0.0299  0.0299
  0.0302  0.0301  0.0300  0.0300  0.0301  0.0300  0.0301  0.0302  0.0301  0.0301  0.0300  0.0300
  0.0305  0.0304  0.0302  0.0301  0.0304  0.0302  0.0304  0.0307  0.0303  0.0304  0.0301  0.0302
niter,ni,del,rscale     1    3    5.0000    0.4000
parameters
   -0.6480   15.1333    6.5854   -4.8644   -4.9424   -7.4061
   -3.0924    7.6536    2.1119   10.4082   -8.7601  -16.9864
eta,q 0.97013 13.88835
  0.0303  0.0302  0.0301  0.0300  0.0302  0.0300  0.0302  0.0304  0.0301  0.0302  0.0300  0.0301
  0.0301  0.0300  0.0300  0.0299  0.0300  0.0299  0.0300  0.0301  0.0300  0.0300  0.0299  0.0300
  0.0299  0.0299  0.0299  0.0299  0.0299  0.0299  0.0299  0.0299  0.0299  0.0299  0.0299  0.0299
  0.0299  0.0299  0.0299  0.0299  0.0299  0.0299  0.0299  0.0299  0.0299  0.0299  0.0299  0.0299
  0.0299  0.0299  0.0299  0.0299  0.0299  0.0299  0.0299  0.0299  0.0299  0.0299  0.0299  0.0299
  0.0301  0.0300  0.0300  0.0299  0.0300  0.0300  0.0300  0.0301  0.0300  0.0300  0.0299  0.0300
  0.0303  0.0302  0.0301  0.0300  0.0302  0.0301  0.0302  0.0304  0.0301  0.0302  0.0300  0.0301
registration optimization eta report
parameter search radius
    0.8000    0.8000    0.8000    2.4000    2.4000    2.4000
    2.4000    2.4000    2.4000    2.4000    2.4000    2.4000
100000*second partial in parameter space
       65.       50.       35.        3.        6.        3.
        6.        9.        4.        6.        2.        4.
  0.0303  0.0302  0.0301  0.0300  0.0302  0.0300  0.0302  0.0304  0.0301  0.0302  0.0300  0.0301
  0.0301  0.0300  0.0300  0.0299  0.0300  0.0299  0.0300  0.0301  0.0300  0.0300  0.0299  0.0300
  0.0299  0.0299  0.0299  0.0299  0.0299  0.0299  0.0299  0.0299  0.0299  0.0299  0.0299  0.0299
  0.0299  0.0299  0.0299  0.0299  0.0299  0.0299  0.0299  0.0299  0.0299  0.0299  0.0299  0.0299
  0.0299  0.0299  0.0299  0.0299  0.0299  0.0299  0.0299  0.0299  0.0299  0.0299  0.0299  0.0299
  0.0301  0.0300  0.0300  0.0299  0.0300  0.0300  0.0300  0.0301  0.0300  0.0300  0.0299  0.0300
  0.0303  0.0302  0.0301  0.0300  0.0302  0.0301  0.0302  0.0304  0.0301  0.0302  0.0300  0.0301
   -0.6480   15.1333    6.5854   -4.8644   -4.9424   -7.4061
   -3.0924    7.6536    2.1119   10.4082   -8.7601  -16.9864
eta,q 0.97013 13.88835

---------------------------------------------------------------------
imgreg_4dfp /opt/freesurfer/average/711-2C_as_mni_average_305 /opt/freesurfer/average/711-2B_as_mni_average_305_mask talsrcimg_g11 none talsrcimg_to_711-2C_as_mni_average_305_t4 2311
---------------------------------------------------------------------

freesurfer imgreg_4dfp.c
/opt/freesurfer/average/711-2C_as_mni_average_305.4dfp.img
       256       256       256         1
  1.000000  1.000000  1.000000
orientation T byte_order littleendian
Reading image: /opt/freesurfer/average/711-2C_as_mni_average_305.4dfp.img
dimensions:      256       256       256
mmppix:       1.0000   -1.0000   -1.0000
center:     128.0000 -129.0000 -129.0000
/opt/freesurfer/average/711-2B_as_mni_average_305_mask.4dfp.img
       256       256       256         1
  1.000000  1.000000  1.000000
orientation T byte_order littleendian
Reading mask: /opt/freesurfer/average/711-2B_as_mni_average_305_mask.4dfp.img (2306576 pixels)
talsrcimg_g11.4dfp.img
       256       256       256         1
  1.000000  1.000000  1.000000
orientation T byte_order littleendian
Reading image: talsrcimg_g11.4dfp.img
dimensions:      256       256       256
mmppix:       1.0000   -1.0000   -1.0000
center:     128.0000 -129.0000 -129.0000
fimgreg.f
image alignment mode   2311 decimal      907 hex
parameters
   -0.6480   15.1333    6.5854   -4.8644   -4.9424   -7.4061
   -3.0924    7.6536    2.1119   10.4082   -8.7601  -16.9864
eta,q 0.97013 13.88835
niter,ni,del,rscale     5    3    5.0000    0.8000
parameters
   -0.6519   15.1189    6.5918   -5.1090   -5.0900   -7.3393
   -3.1288    7.6477    2.1520   10.3274   -8.8112  -17.1494
eta,q 0.97013 13.86670
  0.0315  0.0311  0.0308  0.0305  0.0309  0.0308  0.0313  0.0320  0.0309  0.0310  0.0304  0.0306
  0.0306  0.0304  0.0303  0.0301  0.0304  0.0302  0.0305  0.0308  0.0303  0.0304  0.0301  0.0302
  0.0301  0.0300  0.0300  0.0299  0.0300  0.0299  0.0300  0.0301  0.0300  0.0300  0.0299  0.0300
  0.0299  0.0299  0.0299  0.0299  0.0299  0.0299  0.0299  0.0299  0.0299  0.0299  0.0299  0.0299
  0.0301  0.0300  0.0300  0.0299  0.0300  0.0300  0.0300  0.0301  0.0300  0.0300  0.0299  0.0300
  0.0306  0.0304  0.0303  0.0302  0.0304  0.0302  0.0305  0.0308  0.0303  0.0304  0.0301  0.0303
  0.0316  0.0312  0.0307  0.0307  0.0311  0.0308  0.0313  0.0320  0.0309  0.0311  0.0305  0.0308
niter,ni,del,rscale     4    3    5.0000    0.7000
parameters
   -0.6472   15.1134    6.5954   -5.0460   -5.0329   -7.3055
   -3.1380    7.6372    2.1596   10.3579   -8.8289  -17.1081
eta,q 0.97012 13.87734
  0.0312  0.0308  0.0306  0.0304  0.0308  0.0306  0.0310  0.0315  0.0307  0.0308  0.0303  0.0305
  0.0305  0.0303  0.0302  0.0301  0.0303  0.0301  0.0304  0.0306  0.0302  0.0303  0.0301  0.0302
  0.0300  0.0300  0.0299  0.0299  0.0300  0.0299  0.0300  0.0300  0.0300  0.0300  0.0299  0.0300
  0.0299  0.0299  0.0299  0.0299  0.0299  0.0299  0.0299  0.0299  0.0299  0.0299  0.0299  0.0299
  0.0300  0.0300  0.0300  0.0299  0.0300  0.0299  0.0300  0.0300  0.0300  0.0300  0.0299  0.0299
  0.0304  0.0303  0.0302  0.0301  0.0303  0.0301  0.0304  0.0306  0.0302  0.0303  0.0301  0.0301
  0.0312  0.0309  0.0305  0.0304  0.0308  0.0305  0.0310  0.0315  0.0307  0.0308  0.0303  0.0305
niter,ni,del,rscale     3    3    5.0000    0.6000
parameters
   -0.6484   15.1185    6.5937   -4.9698   -4.9812   -7.2859
   -3.1263    7.6343    2.1522   10.3923   -8.8239  -17.0535
eta,q 0.97013 13.88769
  0.0308  0.0306  0.0304  0.0302  0.0306  0.0303  0.0307  0.0310  0.0305  0.0306  0.0302  0.0304
  0.0303  0.0302  0.0301  0.0300  0.0302  0.0300  0.0302  0.0304  0.0301  0.0302  0.0300  0.0301
  0.0300  0.0300  0.0299  0.0299  0.0300  0.0299  0.0300  0.0300  0.0299  0.0300  0.0299  0.0299
  0.0299  0.0299  0.0299  0.0299  0.0299  0.0299  0.0299  0.0299  0.0299  0.0299  0.0299  0.0299
  0.0300  0.0299  0.0299  0.0299  0.0299  0.0299  0.0300  0.0300  0.0299  0.0299  0.0299  0.0299
  0.0303  0.0302  0.0301  0.0300  0.0302  0.0301  0.0302  0.0304  0.0301  0.0302  0.0300  0.0301
  0.0308  0.0306  0.0304  0.0302  0.0305  0.0303  0.0307  0.0311  0.0304  0.0306  0.0302  0.0303
niter,ni,del,rscale     2    3    5.0000    0.5000
parameters
   -0.6480   15.1303    6.5899   -4.8966   -4.9594   -7.3174
   -3.1063    7.6411    2.1398   10.4142   -8.8150  -17.0184
eta,q 0.97013 13.89215
  0.0305  0.0304  0.0302  0.0301  0.0304  0.0302  0.0304  0.0307  0.0303  0.0304  0.0301  0.0302
  0.0302  0.0301  0.0300  0.0300  0.0301  0.0300  0.0301  0.0302  0.0300  0.0301  0.0300  0.0300
  0.0299  0.0299  0.0299  0.0299  0.0299  0.0299  0.0299  0.0300  0.0299  0.0299  0.0299  0.0299
  0.0299  0.0299  0.0299  0.0299  0.0299  0.0299  0.0299  0.0299  0.0299  0.0299  0.0299  0.0299
  0.0299  0.0299  0.0299  0.0299  0.0299  0.0299  0.0299  0.0299  0.0299  0.0299  0.0299  0.0299
  0.0302  0.0301  0.0300  0.0300  0.0301  0.0300  0.0301  0.0302  0.0301  0.0301  0.0300  0.0300
  0.0305  0.0304  0.0302  0.0301  0.0304  0.0302  0.0304  0.0307  0.0303  0.0304  0.0301  0.0302
niter,ni,del,rscale     1    3    5.0000    0.4000
parameters
   -0.6465   15.1386    6.5807   -4.8381   -4.9460   -7.3789
   -3.0900    7.6505    2.1131   10.4232   -8.8175  -16.9930
eta,q 0.97013 13.89277
  0.0303  0.0302  0.0301  0.0300  0.0302  0.0300  0.0302  0.0304  0.0301  0.0302  0.0300  0.0301
  0.0301  0.0300  0.0300  0.0299  0.0300  0.0299  0.0300  0.0301  0.0300  0.0300  0.0299  0.0300
  0.0299  0.0299  0.0299  0.0299  0.0299  0.0299  0.0299  0.0299  0.0299  0.0299  0.0299  0.0299
  0.0299  0.0299  0.0299  0.0299  0.0299  0.0299  0.0299  0.0299  0.0299  0.0299  0.0299  0.0299
  0.0299  0.0299  0.0299  0.0299  0.0299  0.0299  0.0299  0.0299  0.0299  0.0299  0.0299  0.0299
  0.0301  0.0300  0.0300  0.0299  0.0300  0.0300  0.0300  0.0301  0.0300  0.0300  0.0299  0.0300
  0.0303  0.0302  0.0301  0.0300  0.0302  0.0301  0.0302  0.0304  0.0301  0.0302  0.0300  0.0301
registration optimization eta report
parameter search radius
    0.8000    0.8000    0.8000    2.4000    2.4000    2.4000
    2.4000    2.4000    2.4000    2.4000    2.4000    2.4000
100000*second partial in parameter space
       66.       50.       35.        3.        6.        3.
        6.        9.        4.        6.        2.        4.
  0.0303  0.0302  0.0301  0.0300  0.0302  0.0300  0.0302  0.0304  0.0301  0.0302  0.0300  0.0301
  0.0301  0.0300  0.0300  0.0299  0.0300  0.0299  0.0300  0.0301  0.0300  0.0300  0.0299  0.0300
  0.0299  0.0299  0.0299  0.0299  0.0299  0.0299  0.0299  0.0299  0.0299  0.0299  0.0299  0.0299
  0.0299  0.0299  0.0299  0.0299  0.0299  0.0299  0.0299  0.0299  0.0299  0.0299  0.0299  0.0299
  0.0299  0.0299  0.0299  0.0299  0.0299  0.0299  0.0299  0.0299  0.0299  0.0299  0.0299  0.0299
  0.0301  0.0300  0.0300  0.0299  0.0300  0.0300  0.0300  0.0301  0.0300  0.0300  0.0299  0.0300
  0.0303  0.0302  0.0301  0.0300  0.0302  0.0301  0.0302  0.0304  0.0301  0.0302  0.0300  0.0301
   -0.6465   15.1386    6.5807   -4.8381   -4.9460   -7.3789
   -3.0900    7.6505    2.1131   10.4232   -8.8175  -16.9930
eta,q 0.97013 13.89277

---------------------------------------------------------------------
compute_vox2vox talsrcimg talsrcimg_to_711-2C_as_mni_average_305_t4 /opt/freesurfer/average/711-2C_as_mni_average_305
---------------------------------------------------------------------

freesurfer compute_vox2vox.c
Reading: talsrcimg.4dfp.ifh
Reading: talsrcimg_to_711-2C_as_mni_average_305_t4
Reading: /opt/freesurfer/average/711-2C_as_mni_average_305.4dfp.ifh
Writing: talsrcimg_to_711-2C_as_mni_average_305_t4_vox2vox.txt

start time Tue Mar 10 04:28:35 CET 2026
end		time Tue Mar 10 04:29:59 CET 2026

mpr2mni305 success

avi2talxfm orig_nu.mgz /opt/freesurfer/average/mni305.cor.mgz talsrcimg_to_711-2C_as_mni_average_305_t4_vox2vox.txt transforms/talairach.auto.xfm
avi2talxfm done
mv -f /out/sourcedata/freesurfer/sub-v1s5x0050739_ses-1/mri/talsrcimg_to_711-2C_as_mni_average_305_t4_vox2vox.txt /out/sourcedata/freesurfer/sub-v1s5x0050739_ses-1/mri/transforms/talsrcimg_to_711-2C_as_mni_average_305_t4_vox2vox.txt
lta_convert --src orig_nu.mgz --trg /opt/freesurfer/average/mni305.cor.mgz --inxfm transforms/talairach.auto.xfm --outlta transforms/talairach.auto.xfm.lta --subject fsaverage
7.3.2

--src: orig_nu.mgz src image (geometry).
--trg: /opt/freesurfer/average/mni305.cor.mgz trg image (geometry).
--inmni: transforms/talairach.auto.xfm input MNI/XFM transform.
--outlta: transforms/talairach.auto.xfm.lta output LTA.
--s: fsaverage subject name
 LTA read, type : 1
 1.04227  -0.08813   0.01813  -1.38222;
 0.09310   1.05050   0.19083  -15.90185;
-0.03338  -0.11323   1.03070   1.87204;
 0.00000   0.00000   0.00000   1.00000;
setting subject to fsaverage
Writing  LTA to file transforms/talairach.auto.xfm.lta...
lta_convert successful.
 
 
Started at Tue Mar 10 04:28:34 CET 2026
Ended   at Tue Mar 10 04:29:59 CET 2026
talairach_avi done
