status file for recon-all
Tue Mar 10 05:27:34 CET 2026
#@# Tessellate lh Tue Mar 10 05:27:34 CET 2026
#@# Smooth1 lh Tue Mar 10 05:27:38 CET 2026
#@# Inflation1 lh Tue Mar 10 05:27:40 CET 2026
#@# QSphere lh Tue Mar 10 05:27:49 CET 2026
#@# Fix Topology lh Tue Mar 10 05:28:43 CET 2026
#@# Smooth2 lh Tue Mar 10 05:33:55 CET 2026
#@# Inflation2 lh Tue Mar 10 05:33:57 CET 2026
#@# Curv .H and .K lh Tue Mar 10 05:34:08 CET 2026
#@# Sphere lh Tue Mar 10 05:34:53 CET 2026
#@# Surf Reg lh Tue Mar 10 05:37:49 CET 2026
#@# Jacobian white lh Tue Mar 10 05:40:50 CET 2026
#@# AvgCurv lh Tue Mar 10 05:40:50 CET 2026
#@# Cortical Parc lh Tue Mar 10 05:40:51 CET 2026
#@# white curv lh Tue Mar 10 05:46:56 CET 2026
#@# white area lh Tue Mar 10 05:46:58 CET 2026
#@# pial curv lh Tue Mar 10 05:46:58 CET 2026
#@# pial area lh Tue Mar 10 05:47:00 CET 2026
#@# thickness lh Tue Mar 10 05:47:01 CET 2026
#@# area and vertex vol lh Tue Mar 10 05:47:28 CET 2026
#@# Curvature Stats lh Tue Mar 10 05:47:29 CET 2026
#@# Cortical Parc 2 lh Tue Mar 10 05:47:31 CET 2026
#@# Cortical Parc 3 lh Tue Mar 10 05:47:44 CET 2026
#@# WM/GM Contrast lh Tue Mar 10 05:47:53 CET 2026
recon-all -s sub-v1s5x0050733_ses-1 finished without error at Tue Mar 10 05:47:56 CET 2026



#New# invocation of recon-all 



status file for recon-all
Tue Mar 10 06:10:58 CET 2026
#@# white curv lh Tue Mar 10 06:10:59 CET 2026
#@# white area lh Tue Mar 10 06:10:59 CET 2026
#@# pial curv lh Tue Mar 10 06:10:59 CET 2026
#@# pial area lh Tue Mar 10 06:10:59 CET 2026
#@# thickness lh Tue Mar 10 06:10:59 CET 2026
#@# area and vertex vol lh Tue Mar 10 06:10:59 CET 2026
#@# Parcellation Stats lh Tue Mar 10 06:10:59 CET 2026
#@# Parcellation Stats 2 lh Tue Mar 10 06:11:16 CET 2026
#@# Parcellation Stats 3 lh Tue Mar 10 06:11:24 CET 2026
#@# BA_exvivo Labels lh Tue Mar 10 06:11:33 CET 2026
recon-all -s sub-v1s5x0050733_ses-1 finished without error at Tue Mar 10 06:13:54 CET 2026
