status file for recon-all
Tue Mar 10 05:47:58 CET 2026
#@# Tessellate rh Tue Mar 10 05:47:58 CET 2026
#@# Smooth1 rh Tue Mar 10 05:48:02 CET 2026
#@# Inflation1 rh Tue Mar 10 05:48:04 CET 2026
#@# QSphere rh Tue Mar 10 05:48:13 CET 2026
#@# Fix Topology rh Tue Mar 10 05:49:11 CET 2026
#@# Smooth2 rh Tue Mar 10 05:54:34 CET 2026
#@# Inflation2 rh Tue Mar 10 05:54:37 CET 2026
#@# Curv .H and .K rh Tue Mar 10 05:54:49 CET 2026
#@# Sphere rh Tue Mar 10 05:55:33 CET 2026
#@# Surf Reg rh Tue Mar 10 05:57:21 CET 2026
#@# Jacobian white rh Tue Mar 10 06:00:16 CET 2026
#@# AvgCurv rh Tue Mar 10 06:00:17 CET 2026
#@# Cortical Parc rh Tue Mar 10 06:00:17 CET 2026
#@# white curv rh Tue Mar 10 06:06:02 CET 2026
#@# white area rh Tue Mar 10 06:06:03 CET 2026
#@# pial curv rh Tue Mar 10 06:06:04 CET 2026
#@# pial area rh Tue Mar 10 06:06:06 CET 2026
#@# thickness rh Tue Mar 10 06:06:06 CET 2026
#@# area and vertex vol rh Tue Mar 10 06:06:33 CET 2026
#@# Curvature Stats rh Tue Mar 10 06:06:34 CET 2026
#@# Cortical Parc 2 rh Tue Mar 10 06:06:36 CET 2026
#@# Cortical Parc 3 rh Tue Mar 10 06:06:49 CET 2026
#@# WM/GM Contrast rh Tue Mar 10 06:06:58 CET 2026
recon-all -s sub-v1s5x0050733_ses-1 finished without error at Tue Mar 10 06:07:01 CET 2026



#New# invocation of recon-all 



status file for recon-all
Tue Mar 10 06:13:58 CET 2026
#@# white curv rh Tue Mar 10 06:13:58 CET 2026
#@# white area rh Tue Mar 10 06:13:58 CET 2026
#@# pial curv rh Tue Mar 10 06:13:58 CET 2026
#@# pial area rh Tue Mar 10 06:13:58 CET 2026
#@# thickness rh Tue Mar 10 06:13:58 CET 2026
#@# area and vertex vol rh Tue Mar 10 06:13:58 CET 2026
#@# Parcellation Stats rh Tue Mar 10 06:13:58 CET 2026
#@# Parcellation Stats 2 rh Tue Mar 10 06:14:14 CET 2026
#@# Parcellation Stats 3 rh Tue Mar 10 06:14:22 CET 2026
#@# BA_exvivo Labels rh Tue Mar 10 06:14:30 CET 2026
recon-all -s sub-v1s5x0050733_ses-1 finished without error at Tue Mar 10 06:16:42 CET 2026
