status file for recon-all
Tue Mar 10 06:15:05 CET 2026
#@# Tessellate rh Tue Mar 10 06:15:05 CET 2026
#@# Smooth1 rh Tue Mar 10 06:15:09 CET 2026
#@# Inflation1 rh Tue Mar 10 06:15:11 CET 2026
#@# QSphere rh Tue Mar 10 06:15:22 CET 2026
#@# Fix Topology rh Tue Mar 10 06:16:28 CET 2026
#@# Smooth2 rh Tue Mar 10 06:21:22 CET 2026
#@# Inflation2 rh Tue Mar 10 06:21:24 CET 2026
#@# Curv .H and .K rh Tue Mar 10 06:21:36 CET 2026
#@# Sphere rh Tue Mar 10 06:22:16 CET 2026
#@# Surf Reg rh Tue Mar 10 06:25:33 CET 2026
#@# Jacobian white rh Tue Mar 10 06:29:44 CET 2026
#@# AvgCurv rh Tue Mar 10 06:29:45 CET 2026
#@# Cortical Parc rh Tue Mar 10 06:29:46 CET 2026
#@# white curv rh Tue Mar 10 06:34:54 CET 2026
#@# white area rh Tue Mar 10 06:34:56 CET 2026
#@# pial curv rh Tue Mar 10 06:34:57 CET 2026
#@# pial area rh Tue Mar 10 06:34:58 CET 2026
#@# thickness rh Tue Mar 10 06:34:59 CET 2026
#@# area and vertex vol rh Tue Mar 10 06:35:24 CET 2026
#@# Curvature Stats rh Tue Mar 10 06:35:25 CET 2026
#@# Cortical Parc 2 rh Tue Mar 10 06:35:27 CET 2026
#@# Cortical Parc 3 rh Tue Mar 10 06:35:39 CET 2026
#@# WM/GM Contrast rh Tue Mar 10 06:35:48 CET 2026
recon-all -s sub-v1s5x0050736_ses-1 finished without error at Tue Mar 10 06:35:50 CET 2026



#New# invocation of recon-all 



status file for recon-all
Tue Mar 10 06:42:41 CET 2026
#@# white curv rh Tue Mar 10 06:42:41 CET 2026
#@# white area rh Tue Mar 10 06:42:41 CET 2026
#@# pial curv rh Tue Mar 10 06:42:41 CET 2026
#@# pial area rh Tue Mar 10 06:42:41 CET 2026
#@# thickness rh Tue Mar 10 06:42:41 CET 2026
#@# area and vertex vol rh Tue Mar 10 06:42:41 CET 2026
#@# Parcellation Stats rh Tue Mar 10 06:42:41 CET 2026
#@# Parcellation Stats 2 rh Tue Mar 10 06:42:55 CET 2026
#@# Parcellation Stats 3 rh Tue Mar 10 06:43:03 CET 2026
#@# BA_exvivo Labels rh Tue Mar 10 06:43:10 CET 2026
recon-all -s sub-v1s5x0050736_ses-1 finished without error at Tue Mar 10 06:45:22 CET 2026
