status file for recon-all
Tue Mar 10 04:07:19 CET 2026
#@# MotionCor Tue Mar 10 04:07:21 CET 2026
#@# Talairach Tue Mar 10 04:07:31 CET 2026
#@# Talairach Failure Detection Tue Mar 10 04:12:01 CET 2026
#@# Nu Intensity Correction Tue Mar 10 04:12:01 CET 2026
#@# Intensity Normalization Tue Mar 10 04:15:17 CET 2026
recon-all -s sub-v1s5x0050736_ses-1 finished without error at Tue Mar 10 04:16:44 CET 2026



#New# invocation of recon-all 



status file for recon-all
Tue Mar 10 04:23:47 CET 2026
#@# EM Registration Tue Mar 10 04:23:47 CET 2026
recon-all -s sub-v1s5x0050736_ses-1 finished without error at Tue Mar 10 04:26:32 CET 2026



#New# invocation of recon-all 



status file for recon-all
Tue Mar 10 04:26:37 CET 2026
#@# CA Normalize Tue Mar 10 04:26:37 CET 2026
#@# CA Reg Tue Mar 10 04:28:00 CET 2026
#@# SubCort Seg Tue Mar 10 05:19:19 CET 2026
#@# CC Seg Tue Mar 10 05:48:07 CET 2026
#@# Merge ASeg Tue Mar 10 05:49:37 CET 2026
#@# Intensity Normalization2 Tue Mar 10 05:49:37 CET 2026
#@# Mask BFS Tue Mar 10 05:51:55 CET 2026
#@# WM Segmentation Tue Mar 10 05:51:55 CET 2026
#@# Fill Tue Mar 10 05:53:41 CET 2026
recon-all -s sub-v1s5x0050736_ses-1 finished without error at Tue Mar 10 05:54:48 CET 2026



#New# invocation of recon-all 



status file for recon-all
Tue Mar 10 06:35:57 CET 2026
#@# white curv lh Tue Mar 10 06:35:57 CET 2026
#@# white area lh Tue Mar 10 06:35:57 CET 2026
#@# pial curv lh Tue Mar 10 06:35:57 CET 2026
#@# pial area lh Tue Mar 10 06:35:57 CET 2026
#@# thickness lh Tue Mar 10 06:35:57 CET 2026
#@# area and vertex vol lh Tue Mar 10 06:35:57 CET 2026
#@# white curv rh Tue Mar 10 06:35:57 CET 2026
#@# white area rh Tue Mar 10 06:35:57 CET 2026
#@# pial curv rh Tue Mar 10 06:35:57 CET 2026
#@# pial area rh Tue Mar 10 06:35:57 CET 2026
#@# thickness rh Tue Mar 10 06:35:57 CET 2026
#@# area and vertex vol rh Tue Mar 10 06:35:57 CET 2026
#@# Cortical ribbon mask Tue Mar 10 06:35:57 CET 2026
recon-all -s sub-v1s5x0050736_ses-1 finished without error at Tue Mar 10 06:39:50 CET 2026



#New# invocation of recon-all 



status file for recon-all
Tue Mar 10 06:45:26 CET 2026
#@# white curv lh Tue Mar 10 06:45:26 CET 2026
#@# white area lh Tue Mar 10 06:45:26 CET 2026
#@# pial curv lh Tue Mar 10 06:45:26 CET 2026
#@# pial area lh Tue Mar 10 06:45:26 CET 2026
#@# thickness lh Tue Mar 10 06:45:26 CET 2026
#@# area and vertex vol lh Tue Mar 10 06:45:26 CET 2026
#@# white curv rh Tue Mar 10 06:45:26 CET 2026
#@# white area rh Tue Mar 10 06:45:26 CET 2026
#@# pial curv rh Tue Mar 10 06:45:26 CET 2026
#@# pial area rh Tue Mar 10 06:45:26 CET 2026
#@# thickness rh Tue Mar 10 06:45:26 CET 2026
#@# area and vertex vol rh Tue Mar 10 06:45:26 CET 2026
#@# Curvature Stats lh Tue Mar 10 06:45:26 CET 2026
#@# Curvature Stats rh Tue Mar 10 06:45:28 CET 2026
#@# Relabel Hypointensities Tue Mar 10 06:45:30 CET 2026
#@# APas-to-ASeg Tue Mar 10 06:45:44 CET 2026
#@# AParc-to-ASeg aparc Tue Mar 10 06:45:51 CET 2026
#@# AParc-to-ASeg aparc.a2009s Tue Mar 10 06:46:20 CET 2026
#@# AParc-to-ASeg aparc.DKTatlas Tue Mar 10 06:46:50 CET 2026
#@# WMParc Tue Mar 10 06:47:18 CET 2026
#@# ASeg Stats Tue Mar 10 06:50:58 CET 2026
recon-all -s sub-v1s5x0050736_ses-1 finished without error at Tue Mar 10 06:51:38 CET 2026
