status file for recon-all
Tue Mar 10 06:53:18 CET 2026
#@# Tessellate rh Tue Mar 10 06:53:18 CET 2026
#@# Smooth1 rh Tue Mar 10 06:53:22 CET 2026
#@# Inflation1 rh Tue Mar 10 06:53:24 CET 2026
#@# QSphere rh Tue Mar 10 06:53:34 CET 2026
#@# Fix Topology rh Tue Mar 10 06:54:29 CET 2026
#@# Smooth2 rh Tue Mar 10 07:00:26 CET 2026
#@# Inflation2 rh Tue Mar 10 07:00:29 CET 2026
#@# Curv .H and .K rh Tue Mar 10 07:00:40 CET 2026
#@# Sphere rh Tue Mar 10 07:01:28 CET 2026
#@# Surf Reg rh Tue Mar 10 07:03:15 CET 2026
#@# Jacobian white rh Tue Mar 10 07:06:20 CET 2026
#@# AvgCurv rh Tue Mar 10 07:06:20 CET 2026
#@# Cortical Parc rh Tue Mar 10 07:06:21 CET 2026
#@# white curv rh Tue Mar 10 07:11:46 CET 2026
#@# white area rh Tue Mar 10 07:11:48 CET 2026
#@# pial curv rh Tue Mar 10 07:11:48 CET 2026
#@# pial area rh Tue Mar 10 07:11:50 CET 2026
#@# thickness rh Tue Mar 10 07:11:50 CET 2026
#@# area and vertex vol rh Tue Mar 10 07:12:20 CET 2026
#@# Curvature Stats rh Tue Mar 10 07:12:22 CET 2026
#@# Cortical Parc 2 rh Tue Mar 10 07:12:24 CET 2026
#@# Cortical Parc 3 rh Tue Mar 10 07:12:36 CET 2026
#@# WM/GM Contrast rh Tue Mar 10 07:12:46 CET 2026
recon-all -s sub-v1s5x0050747_ses-1 finished without error at Tue Mar 10 07:12:49 CET 2026



#New# invocation of recon-all 



status file for recon-all
Tue Mar 10 07:21:59 CET 2026
#@# white curv rh Tue Mar 10 07:21:59 CET 2026
#@# white area rh Tue Mar 10 07:21:59 CET 2026
#@# pial curv rh Tue Mar 10 07:21:59 CET 2026
#@# pial area rh Tue Mar 10 07:21:59 CET 2026
#@# thickness rh Tue Mar 10 07:21:59 CET 2026
#@# area and vertex vol rh Tue Mar 10 07:21:59 CET 2026
#@# Parcellation Stats rh Tue Mar 10 07:21:59 CET 2026
#@# Parcellation Stats 2 rh Tue Mar 10 07:22:17 CET 2026
#@# Parcellation Stats 3 rh Tue Mar 10 07:22:27 CET 2026
#@# BA_exvivo Labels rh Tue Mar 10 07:22:36 CET 2026
recon-all -s sub-v1s5x0050747_ses-1 finished without error at Tue Mar 10 07:24:57 CET 2026
