/out/sourcedata/freesurfer/sub-v1s5x0050737_ses-1/mri
/opt/freesurfer/bin/talairach_avi
--i orig_nu.mgz --xfm transforms/talairach.auto.xfm
talairach_avi 7.3.2
Linux dna087 5.14.0-427.37.1.el9_4.x86_64 #1 SMP PREEMPT_DYNAMIC Fri Sep 13 12:41:50 EDT 2024 x86_64 x86_64 x86_64 GNU/Linux
Tue Mar 10 04:17:53 CET 2026
mri_convert orig_nu.mgz talsrcimg.img 
reading from orig_nu.mgz...
TR=0.00, TE=0.00, TI=0.00, flip angle=0.00
i_ras = (-1, 4.36557e-09, 0)
j_ras = (0, 0, -1)
k_ras = (-4.36557e-09, 1, 3.72529e-09)
writing to talsrcimg.img...
Analyze Output Matrix
-1.00000   0.00000  -0.00000   127.20786;
 0.00000   0.00000   1.00000  -121.85848;
 0.00000  -1.00000   0.00000   113.23645;
 0.00000   0.00000   0.00000   1.00000;
--------------------
INFO: set hdr.hist.orient to -1
mpr2mni305 talsrcimg
Tue Mar 10 04:17:53 CET 2026
/opt/freesurfer/bin/mpr2mni305 talsrcimg
mpr2mni305 7.3.2
target=711-2C_as_mni_average_305

---------------------------------------------------------------------
analyzeto4dfp talsrcimg -O0 -y
---------------------------------------------------------------------

freesurfer ifh2hdr.c
Tue Mar 10 04:17:53 2026
Writing: talsrcimg.4dfp.hdr
freesurfer analyzeto4dfp.c
Reading: talsrcimg.hdr
header size 348 bytes
hdr.dime.datatype	offset=70	value=2
hdr.dime.bitpix		offset=72	value=8
hdr.hist.orient		offset=252	value=-1
dimensionality     4
dimensions       256       256       256         1
Reading: talsrcimg.img
Writing: talsrcimg.4dfp.img
Writing: talsrcimg.4dfp.ifh
ifh2hdr talsrcimg -r0to234
ori=2

---------------------------------------------------------------------
gauss_4dfp talsrcimg 1.1
---------------------------------------------------------------------

freesurfer gauss_4dfp.c
Reading: talsrcimg.4dfp.img
Writing: talsrcimg_g11.4dfp.img
image dimensions 256 256 256 padded to 288 288 288
processing volume 1freesurfer ifh2hdr.c
Tue Mar 10 04:17:55 2026
Writing: talsrcimg_g11.4dfp.hdr

Writing: talsrcimg_g11.4dfp.ifh
including: talsrcimg.4dfp.img.rec in talsrcimg_g11.4dfp.img.rec

---------------------------------------------------------------------
imgreg_4dfp /opt/freesurfer/average/711-2C_as_mni_average_305 none talsrcimg_g11 none talsrcimg_to_711-2C_as_mni_average_305_t4 4355
---------------------------------------------------------------------

freesurfer imgreg_4dfp.c
/opt/freesurfer/average/711-2C_as_mni_average_305.4dfp.img
       256       256       256         1
  1.000000  1.000000  1.000000
orientation T byte_order littleendian
Reading image: /opt/freesurfer/average/711-2C_as_mni_average_305.4dfp.img
dimensions:      256       256       256
mmppix:       1.0000   -1.0000   -1.0000
center:     128.0000 -129.0000 -129.0000
talsrcimg_g11.4dfp.img
       256       256       256         1
  1.000000  1.000000  1.000000
orientation T byte_order littleendian
Reading image: talsrcimg_g11.4dfp.img
dimensions:      256       256       256
mmppix:       1.0000   -1.0000   -1.0000
center:     128.0000 -129.0000 -129.0000
t4_read: open error in t4_sub.f l:  41 t4_file(1:l)talsrcimg_to_711-2C_as_mni_average_305_t4 
t4_read: transform initialized to I4
rotation matrix determinant  1.000000
image alignment mode   4355 decimal     1103 hex
   -7.5000  -45.0000  -45.0000 7707.5020   15.6369
    0.0000  -45.0000  -45.0000 8103.1479   15.6364
    7.5000  -45.0000  -45.0000 7850.4263   15.6683
   -7.5000  -37.5000  -45.0000 8159.2690   15.2555
    0.0000  -37.5000  -45.0000 8564.7920   15.2520
    7.5000  -37.5000  -45.0000 8267.4600   15.2776
   -7.5000  -30.0000  -45.0000 8957.4170   15.0231
    0.0000  -30.0000  -45.0000 9391.7383   15.0286
    7.5000  -30.0000  -45.0000 9079.3037   15.0634
   -7.5000  -22.5000  -45.0000 9750.6406   14.9127
    0.0000  -22.5000  -45.000010230.5850   14.9312
    7.5000  -22.5000  -45.0000 9908.6211   14.9825
   -7.5000  -15.0000  -45.000010569.1270   14.8904
    0.0000  -15.0000  -45.000011053.4434   14.9142
    7.5000  -15.0000  -45.000010692.9502   14.9716
   -7.5000   -7.5000  -45.000011180.1299   14.8765
    0.0000   -7.5000  -45.000011698.7559   14.8909
    7.5000   -7.5000  -45.000011305.0273   14.9363
   -7.5000    0.0000  -45.000011660.4336   14.8424
    0.0000    0.0000  -45.000012196.7891   14.8435
    7.5000    0.0000  -45.000011775.4180   14.8721
   -7.5000    7.5000  -45.000011226.8965   14.8186
    0.0000    7.5000  -45.000011773.1260   14.8160
    7.5000    7.5000  -45.000011326.6562   14.8397
   -7.5000   15.0000  -45.000010678.1904   14.8257
    0.0000   15.0000  -45.000011204.6475   14.8310
    7.5000   15.0000  -45.000010756.9102   14.8651
   -7.5000   22.5000  -45.000010135.0938   14.8594
    0.0000   22.5000  -45.000010621.4033   14.8778
    7.5000   22.5000  -45.000010175.2881   14.9287
   -7.5000   30.0000  -45.0000 9505.9912   14.7308
    0.0000   30.0000  -45.0000 9962.6240   14.7541
    7.5000   30.0000  -45.0000 9541.8184   14.8099
   -7.5000   37.5000  -45.0000 9318.2725   15.0375
    0.0000   37.5000  -45.0000 9748.2705   15.0476
    7.5000   37.5000  -45.0000 9342.8555   15.0946
   -7.5000   45.0000  -45.0000 8768.2256   15.0152
    0.0000   45.0000  -45.0000 9178.8193   15.0064
    7.5000   45.0000  -45.0000 8778.9062   15.0340
   -7.5000  -45.0000  -37.5000 8213.5732   15.5277
    0.0000  -45.0000  -37.5000 8604.6660   15.5318
    7.5000  -45.0000  -37.5000 8350.8330   15.5659
   -7.5000  -37.5000  -37.5000 8688.8555   15.1574
    0.0000  -37.5000  -37.5000 9091.7246   15.1587
    7.5000  -37.5000  -37.5000 8794.8721   15.1869
   -7.5000  -30.0000  -37.5000 9545.6025   14.9217
    0.0000  -30.0000  -37.5000 9999.1904   14.9327
    7.5000  -30.0000  -37.5000 9667.2812   14.9718
   -7.5000  -22.5000  -37.500010434.6709   14.8045
    0.0000  -22.5000  -37.500010947.5830   14.8288
    7.5000  -22.5000  -37.500010570.6094   14.8858
   -7.5000  -15.0000  -37.500011329.5859   14.7816
    0.0000  -15.0000  -37.500011858.8877   14.8109
    7.5000  -15.0000  -37.500011434.3301   14.8736
   -7.5000   -7.5000  -37.500011964.6641   14.7755
    0.0000   -7.5000  -37.500012535.7881   14.7945
    7.5000   -7.5000  -37.500012062.1924   14.8433
   -7.5000    0.0000  -37.500012442.4717   14.7499
    0.0000    0.0000  -37.500013031.2188   14.7552
    7.5000    0.0000  -37.500012536.2051   14.7859
   -7.5000    7.5000  -37.500011978.8213   14.7265
    0.0000    7.5000  -37.500012570.1602   14.7286
    7.5000    7.5000  -37.500012082.9951   14.7549
   -7.5000   15.0000  -37.500011410.4238   14.7264
    0.0000   15.0000  -37.500011953.0352   14.7372
    7.5000   15.0000  -37.500011469.1816   14.7756
   -7.5000   22.5000  -37.500010768.4141   14.7520
    0.0000   22.5000  -37.500011314.0283   14.7761
    7.5000   22.5000  -37.500010817.1299   14.8328
   -7.5000   30.0000  -37.500010080.3906   14.6221
    0.0000   30.0000  -37.500010590.5957   14.6509
    7.5000   30.0000  -37.500010121.1270   14.7120
   -7.5000   37.5000  -37.5000 9855.8203   14.9327
    0.0000   37.5000  -37.500010333.2539   14.9474
    7.5000   37.5000  -37.5000 9888.1533   14.9986
   -7.5000   45.0000  -37.5000 9278.0654   14.9140
    0.0000   45.0000  -37.5000 9725.6660   14.9110
    7.5000   45.0000  -37.5000 9288.6816   14.9418
   -7.5000  -45.0000  -30.0000 8788.8232   16.1725
    0.0000  -45.0000  -30.0000 9193.4482   16.1820
    7.5000  -45.0000  -30.0000 8955.1035   16.2222
   -7.5000  -37.5000  -30.0000 9264.5469   15.8002
    0.0000  -37.5000  -30.0000 9745.1943   15.8057
    7.5000  -37.5000  -30.0000 9457.2559   15.8410
   -7.5000  -30.0000  -30.000010248.8271   15.5608
    0.0000  -30.0000  -30.000010776.2383   15.5741
    7.5000  -30.0000  -30.000010431.1035   15.6205
   -7.5000  -22.5000  -30.000011264.0664   15.4347
    0.0000  -22.5000  -30.000011827.4033   15.4602
    7.5000  -22.5000  -30.000011447.9795   15.5231
   -7.5000  -15.0000  -30.000012223.0674   15.4028
    0.0000  -15.0000  -30.000012807.3115   15.4336
    7.5000  -15.0000  -30.000012380.1152   15.5003
   -7.5000   -7.5000  -30.000012891.0186   15.3917
    0.0000   -7.5000  -30.000013506.3867   15.4139
    7.5000   -7.5000  -30.000013037.0703   15.4664
   -7.5000    0.0000  -30.000013391.1084   15.3682
    0.0000    0.0000  -30.000014036.2041   15.3781
    7.5000    0.0000  -30.000013532.4287   15.4140
   -7.5000    7.5000  -30.000012905.4697   15.3524
    0.0000    7.5000  -30.000013565.9805   15.3586
    7.5000    7.5000  -30.000013012.3027   15.3917
   -7.5000   15.0000  -30.000012289.4785   15.3572
    0.0000   15.0000  -30.000012939.4160   15.3703
    7.5000   15.0000  -30.000012376.5527   15.4156
   -7.5000   22.5000  -30.000011602.5898   15.3783
    0.0000   22.5000  -30.000012237.9141   15.4037
    7.5000   22.5000  -30.000011678.6680   15.4661
   -7.5000   30.0000  -30.000010843.8711   15.2372
    0.0000   30.0000  -30.000011437.1396   15.2677
    7.5000   30.0000  -30.000010897.7568   15.3328
   -7.5000   37.5000  -30.000010572.4756   15.5547
    0.0000   37.5000  -30.000011132.3408   15.5724
    7.5000   37.5000  -30.000010649.8262   15.6277
   -7.5000   45.0000  -30.0000 9970.4561   15.5414
    0.0000   45.0000  -30.000010475.2676   15.5444
    7.5000   45.0000  -30.0000 9997.8525   15.5831
   -7.5000  -45.0000  -22.5000 9351.6953   16.7285
    0.0000  -45.0000  -22.5000 9826.1934   16.7381
    7.5000  -45.0000  -22.5000 9564.5498   16.7812
   -7.5000  -37.5000  -22.5000 9893.0312   16.3520
    0.0000  -37.5000  -22.500010415.1152   16.3563
    7.5000  -37.5000  -22.500010130.1562   16.3954
   -7.5000  -30.0000  -22.500010945.2705   16.1192
    0.0000  -30.0000  -22.500011525.7822   16.1282
    7.5000  -30.0000  -22.500011190.1475   16.1759
   -7.5000  -22.5000  -22.500012044.5635   15.9936
    0.0000  -22.5000  -22.500012670.3252   16.0128
    7.5000  -22.5000  -22.500012301.7441   16.0726
   -7.5000  -15.0000  -22.500013041.8662   15.9513
    0.0000  -15.0000  -22.500013701.5049   15.9764
    7.5000  -15.0000  -22.500013262.8125   16.0382
   -7.5000   -7.5000  -22.500013796.0771   15.9249
    0.0000   -7.5000  -22.500014470.7217   15.9443
    7.5000   -7.5000  -22.500013974.4922   15.9951
   -7.5000    0.0000  -22.500014363.3018   15.8952
    0.0000    0.0000  -22.500015065.7188   15.9050
    7.5000    0.0000  -22.500014508.3760   15.9433
   -7.5000    7.5000  -22.500013810.2305   15.8895
    0.0000    7.5000  -22.500014558.3799   15.8945
    7.5000    7.5000  -22.500013962.0303   15.9310
   -7.5000   15.0000  -22.500013152.8115   15.9089
    0.0000   15.0000  -22.500013914.0732   15.9176
    7.5000   15.0000  -22.500013307.6211   15.9640
   -7.5000   22.5000  -22.500012441.9766   15.9339
    0.0000   22.5000  -22.500013180.1934   15.9530
    7.5000   22.5000  -22.500012558.5137   16.0124
   -7.5000   30.0000  -22.500011623.9092   15.7823
    0.0000   30.0000  -22.500012296.1504   15.8071
    7.5000   30.0000  -22.500011709.9814   15.8676
   -7.5000   37.5000  -22.500011301.7490   16.0936
    0.0000   37.5000  -22.500011933.7715   16.1085
    7.5000   37.5000  -22.500011383.2686   16.1617
   -7.5000   45.0000  -22.500010623.4307   16.0790
    0.0000   45.0000  -22.500011191.8076   16.0820
    7.5000   45.0000  -22.500010670.5322   16.1248
   -7.5000  -45.0000  -15.0000 9963.7021   17.1318
    0.0000  -45.0000  -15.000010456.9033   17.1367
    7.5000  -45.0000  -15.000010179.5488   17.1778
   -7.5000  -37.5000  -15.000010557.0264   16.7410
    0.0000  -37.5000  -15.000011065.1494   16.7405
    7.5000  -37.5000  -15.000010776.3555   16.7775
   -7.5000  -30.0000  -15.000011632.4131   16.5108
    0.0000  -30.0000  -15.000012245.4473   16.5142
    7.5000  -30.0000  -15.000011907.6592   16.5581
   -7.5000  -22.5000  -15.000012788.1396   16.3916
    0.0000  -22.5000  -15.000013472.7793   16.4045
    7.5000  -22.5000  -15.000013075.8027   16.4584
   -7.5000  -15.0000  -15.000013820.5488   16.3481
    0.0000  -15.0000  -15.000014530.5371   16.3669
    7.5000  -15.0000  -15.000014075.1768   16.4226
   -7.5000   -7.5000  -15.000014649.7354   16.3114
    0.0000   -7.5000  -15.000015392.7559   16.3256
    7.5000   -7.5000  -15.000014879.9424   16.3725
   -7.5000    0.0000  -15.000015277.8389   16.2721
    0.0000    0.0000  -15.000016103.9834   16.2776
    7.5000    0.0000  -15.000015512.6982   16.3139
   -7.5000    7.5000  -15.000014686.1045   16.2673
    0.0000    7.5000  -15.000015531.3643   16.2675
    7.5000    7.5000  -15.000014930.6279   16.3019
   -7.5000   15.0000  -15.000013998.9941   16.2960
    0.0000   15.0000  -15.000014842.9531   16.2990
    7.5000   15.0000  -15.000014215.8633   16.3416
   -7.5000   22.5000  -15.000013270.3076   16.3295
    0.0000   22.5000  -15.000014052.3740   16.3424
    7.5000   22.5000  -15.000013390.7451   16.3958
   -7.5000   30.0000  -15.000012405.1582   16.1780
    0.0000   30.0000  -15.000013132.4424   16.1965
    7.5000   30.0000  -15.000012497.6338   16.2509
   -7.5000   37.5000  -15.000012044.7314   16.4863
    0.0000   37.5000  -15.000012747.0459   16.4960
    7.5000   37.5000  -15.000012147.8613   16.5445
   -7.5000   45.0000  -15.000011284.2705   16.4715
    0.0000   45.0000  -15.000011883.5459   16.4686
    7.5000   45.0000  -15.000011360.1211   16.5086
   -7.5000  -45.0000   -7.500010553.3516   17.3340
    0.0000  -45.0000   -7.500011092.2949   17.3334
    7.5000  -45.0000   -7.500010775.7783   17.3703
   -7.5000  -37.5000   -7.500011193.5986   16.9233
    0.0000  -37.5000   -7.500011748.3213   16.9186
    7.5000  -37.5000   -7.500011427.7373   16.9499
   -7.5000  -30.0000   -7.500012358.6113   16.6821
    0.0000  -30.0000   -7.500013002.9951   16.6841
    7.5000  -30.0000   -7.500012624.2969   16.7234
   -7.5000  -22.5000   -7.500013551.3193   16.5652
    0.0000  -22.5000   -7.500014297.7539   16.5790
    7.5000  -22.5000   -7.500013867.4248   16.6314
   -7.5000  -15.0000   -7.500014624.1260   16.5314
    0.0000  -15.0000   -7.500015407.5879   16.5510
    7.5000  -15.0000   -7.500014929.3311   16.6076
   -7.5000   -7.5000   -7.500015501.2832   16.5014
    0.0000   -7.5000   -7.500016339.8359   16.5138
    7.5000   -7.5000   -7.500015785.0684   16.5602
   -7.5000    0.0000   -7.500016162.4355   16.4588
    0.0000    0.0000   -7.500017127.3516   16.4597
    7.5000    0.0000   -7.500016476.5684   16.4924
   -7.5000    7.5000   -7.500015633.4707   16.4431
    0.0000    7.5000   -7.500016592.7461   16.4393
    7.5000    7.5000   -7.500015921.3135   16.4682
   -7.5000   15.0000   -7.500014947.0371   16.4650
    0.0000   15.0000   -7.500015898.1611   16.4668
    7.5000   15.0000   -7.500015193.9531   16.5050
   -7.5000   22.5000   -7.500014165.2891   16.5008
    0.0000   22.5000   -7.500015007.0420   16.5146
    7.5000   22.5000   -7.500014281.7197   16.5664
   -7.5000   30.0000   -7.500013271.4033   16.3598
    0.0000   30.0000   -7.500013990.3398   16.3789
    7.5000   30.0000   -7.500013311.7031   16.4341
   -7.5000   37.5000   -7.500012839.4424   16.6807
    0.0000   37.5000   -7.500013538.3818   16.6885
    7.5000   37.5000   -7.500012912.4727   16.7362
   -7.5000   45.0000   -7.500012022.8789   16.6739
    0.0000   45.0000   -7.500012650.0850   16.6645
    7.5000   45.0000   -7.500012094.2412   16.6979
   -7.5000  -45.0000    0.000011075.1475   17.3719
    0.0000  -45.0000    0.000011656.5381   17.3709
    7.5000  -45.0000    0.000011264.5986   17.4059
   -7.5000  -37.5000    0.000011766.7715   16.9513
    0.0000  -37.5000    0.000012358.7998   16.9472
    7.5000  -37.5000    0.000011963.7607   16.9753
   -7.5000  -30.0000    0.000013000.1562   16.6946
    0.0000  -30.0000    0.000013689.0635   16.7008
    7.5000  -30.0000    0.000013226.3145   16.7390
   -7.5000  -22.5000    0.000014230.8037   16.5724
    0.0000  -22.5000    0.000015028.7578   16.5930
    7.5000  -22.5000    0.000014528.3018   16.6493
   -7.5000  -15.0000    0.000015285.7959   16.5476
    0.0000  -15.0000    0.000016169.6621   16.5739
    7.5000  -15.0000    0.000015590.2646   16.6368
   -7.5000   -7.5000    0.000016165.7021   16.5325
    0.0000   -7.5000    0.000017095.3535   16.5481
    7.5000   -7.5000    0.000016467.7988   16.5979
   -7.5000    0.0000    0.000016904.8105   16.4952
    0.0000    0.0000    0.000017978.2012   16.4961
    7.5000    0.0000    0.000017232.8828   16.5275
   -7.5000    7.5000    0.000016482.9980   16.4691
    0.0000    7.5000    0.000017600.6250   16.4660
    7.5000    7.5000    0.000016841.3379   16.4920
   -7.5000   15.0000    0.000015977.4033   16.4768
    0.0000   15.0000    0.000017049.6777   16.4828
    7.5000   15.0000    0.000016218.7197   16.5201
   -7.5000   22.5000    0.000015157.7334   16.5081
    0.0000   22.5000    0.000016049.8623   16.5287
    7.5000   22.5000    0.000015195.1074   16.5845
   -7.5000   30.0000    0.000014126.6709   16.3763
    0.0000   30.0000    0.000014836.0576   16.4020
    7.5000   30.0000    0.000014093.6816   16.4633
   -7.5000   37.5000    0.000013607.9639   16.7152
    0.0000   37.5000    0.000014285.2256   16.7260
    7.5000   37.5000    0.000013638.4961   16.7776
   -7.5000   45.0000    0.000012722.4316   16.7206
    0.0000   45.0000    0.000013388.9756   16.7106
    7.5000   45.0000    0.000012798.9180   16.7408
   -7.5000  -45.0000    7.500010717.5137   17.3705
    0.0000  -45.0000    7.500011265.4824   17.3751
    7.5000  -45.0000    7.500010852.4092   17.4132
   -7.5000  -37.5000    7.500011416.7480   16.9563
    0.0000  -37.5000    7.500012022.3555   16.9577
    7.5000  -37.5000    7.500011563.0273   16.9893
   -7.5000  -30.0000    7.500012622.7246   16.6926
    0.0000  -30.0000    7.500013317.8447   16.7049
    7.5000  -30.0000    7.500012791.6201   16.7487
   -7.5000  -22.5000    7.500013841.8867   16.5616
    0.0000  -22.5000    7.500014603.4951   16.5888
    7.5000  -22.5000    7.500014031.6377   16.6526
   -7.5000  -15.0000    7.500014864.2363   16.5362
    0.0000  -15.0000    7.500015642.9834   16.5690
    7.5000  -15.0000    7.500015044.1680   16.6391
   -7.5000   -7.5000    7.500015765.5381   16.5294
    0.0000   -7.5000    7.500016560.9043   16.5506
    7.5000   -7.5000    7.500015918.7734   16.6052
   -7.5000    0.0000    7.500016553.6738   16.5006
    0.0000    0.0000    7.500017458.0430   16.5065
    7.5000    0.0000    7.500016710.3770   16.5409
   -7.5000    7.5000    7.500016247.9922   16.4743
    0.0000    7.5000    7.500017318.4746   16.4767
    7.5000    7.5000    7.500016501.3359   16.5062
   -7.5000   15.0000    7.500015858.2754   16.4743
    0.0000   15.0000    7.500017071.7578   16.4863
    7.5000   15.0000    7.500016105.7051   16.5293
   -7.5000   22.5000    7.500015053.4082   16.4975
    0.0000   22.5000    7.500016149.3818   16.5246
    7.5000   22.5000    7.500015233.3984   16.5880
   -7.5000   30.0000    7.500013957.1260   16.3641
    0.0000   30.0000    7.500014826.4590   16.3963
    7.5000   30.0000    7.500014035.8594   16.4647
   -7.5000   37.5000    7.500013359.3604   16.7117
    0.0000   37.5000    7.500014136.1797   16.7280
    7.5000   37.5000    7.500013451.5391   16.7854
   -7.5000   45.0000    7.500012438.1836   16.7233
    0.0000   45.0000    7.500013138.3193   16.7199
    7.5000   45.0000    7.500012537.8105   16.7544
   -7.5000  -45.0000   15.000010290.4570   17.3661
    0.0000  -45.0000   15.000010767.1338   17.3763
    7.5000  -45.0000   15.000010364.0791   17.4194
   -7.5000  -37.5000   15.000011004.0820   16.9664
    0.0000  -37.5000   15.000011550.1299   16.9722
    7.5000  -37.5000   15.000011089.2178   17.0101
   -7.5000  -30.0000   15.000012220.0098   16.7092
    0.0000  -30.0000   15.000012793.4014   16.7236
    7.5000  -30.0000   15.000012266.2754   16.7734
   -7.5000  -22.5000   15.000013406.9004   16.5739
    0.0000  -22.5000   15.000014012.2422   16.6013
    7.5000  -22.5000   15.000013425.8545   16.6688
   -7.5000  -15.0000   15.000014357.8340   16.5397
    0.0000  -15.0000   15.000015034.3789   16.5728
    7.5000  -15.0000   15.000014371.8242   16.6444
   -7.5000   -7.5000   15.000015259.4072   16.5277
    0.0000   -7.5000   15.000015975.0068   16.5516
    7.5000   -7.5000   15.000015260.4355   16.6080
   -7.5000    0.0000   15.000016065.2100   16.5024
    0.0000    0.0000   15.000016913.4219   16.5131
    7.5000    0.0000   15.000016106.7051   16.5517
   -7.5000    7.5000   15.000015675.0244   16.4855
    0.0000    7.5000   15.000016699.7246   16.4922
    7.5000    7.5000   15.000015854.0273   16.5277
   -7.5000   15.0000   15.000015052.1709   16.4907
    0.0000   15.0000   15.000016199.6523   16.5047
    7.5000   15.0000   15.000015382.6484   16.5534
   -7.5000   22.5000   15.000014207.5469   16.5097
    0.0000   22.5000   15.000015324.7207   16.5370
    7.5000   22.5000   15.000014584.6289   16.6040
   -7.5000   30.0000   15.000013225.6494   16.3667
    0.0000   30.0000   15.000014238.3965   16.3994
    7.5000   30.0000   15.000013483.1963   16.4694
   -7.5000   37.5000   15.000012704.8262   16.7076
    0.0000   37.5000   15.000013615.4795   16.7266
    7.5000   37.5000   15.000012909.6299   16.7861
   -7.5000   45.0000   15.000011850.2578   16.7154
    0.0000   45.0000   15.000012615.2080   16.7186
    7.5000   45.0000   15.000011986.8623   16.7603
   -7.5000  -45.0000   22.5000 9803.7666   17.3656
    0.0000  -45.0000   22.500010192.6084   17.3755
    7.5000  -45.0000   22.5000 9774.0947   17.4203
   -7.5000  -37.5000   22.500010521.0723   16.9747
    0.0000  -37.5000   22.500010974.1094   16.9791
    7.5000  -37.5000   22.500010501.4043   17.0197
   -7.5000  -30.0000   22.500011713.9785   16.7330
    0.0000  -30.0000   22.500012211.9814   16.7424
    7.5000  -30.0000   22.500011669.5928   16.7919
   -7.5000  -22.5000   22.500012821.4131   16.6026
    0.0000  -22.5000   22.500013382.3916   16.6226
    7.5000  -22.5000   22.500012805.1982   16.6847
   -7.5000  -15.0000   22.500013674.8379   16.5587
    0.0000  -15.0000   22.500014309.5205   16.5848
    7.5000  -15.0000   22.500013678.3906   16.6490
   -7.5000   -7.5000   22.500014492.1572   16.5313
    0.0000   -7.5000   22.500015156.9521   16.5515
    7.5000   -7.5000   22.500014479.6338   16.6042
   -7.5000    0.0000   22.500015197.4092   16.5005
    0.0000    0.0000   22.500015931.3184   16.5107
    7.5000    0.0000   22.500015195.9824   16.5505
   -7.5000    7.5000   22.500014721.8232   16.4946
    0.0000    7.5000   22.500015543.1152   16.4998
    7.5000    7.5000   22.500014846.2568   16.5376
   -7.5000   15.0000   22.500014049.2500   16.5147
    0.0000   15.0000   22.500014867.1709   16.5237
    7.5000   15.0000   22.500014292.9775   16.5719
   -7.5000   22.5000   22.500013272.6963   16.5381
    0.0000   22.5000   22.500014049.0420   16.5580
    7.5000   22.5000   22.500013538.2783   16.6196
   -7.5000   30.0000   22.500012409.0977   16.3856
    0.0000   30.0000   22.500013176.4609   16.4114
    7.5000   30.0000   22.500012636.0420   16.4741
   -7.5000   37.5000   22.500012005.9160   16.7088
    0.0000   37.5000   22.500012805.4658   16.7243
    7.5000   37.5000   22.500012231.7744   16.7795
   -7.5000   45.0000   22.500011223.1787   16.7058
    0.0000   45.0000   22.500011932.5332   16.7089
    7.5000   45.0000   22.500011403.5303   16.7534
   -7.5000  -45.0000   30.0000 9221.5977   17.4086
    0.0000  -45.0000   30.0000 9617.6250   17.4133
    7.5000  -45.0000   30.0000 9216.2402   17.4553
   -7.5000  -37.5000   30.0000 9851.0537   17.0106
    0.0000  -37.5000   30.000010317.6318   17.0100
    7.5000  -37.5000   30.0000 9880.6523   17.0477
   -7.5000  -30.0000   30.000010934.4727   16.7763
    0.0000  -30.0000   30.000011442.2627   16.7796
    7.5000  -30.0000   30.000010957.7656   16.8243
   -7.5000  -22.5000   30.000011966.7178   16.6547
    0.0000  -22.5000   30.000012502.8135   16.6677
    7.5000  -22.5000   30.000011983.6211   16.7227
   -7.5000  -15.0000   30.000012785.7461   16.6103
    0.0000  -15.0000   30.000013350.6836   16.6293
    7.5000  -15.0000   30.000012768.2900   16.6861
   -7.5000   -7.5000   30.000013494.6182   16.5728
    0.0000   -7.5000   30.000014089.7666   16.5872
    7.5000   -7.5000   30.000013480.6299   16.6350
   -7.5000    0.0000   30.000014083.4463   16.5330
    0.0000    0.0000   30.000014773.4570   16.5384
    7.5000    0.0000   30.000014106.3877   16.5755
   -7.5000    7.5000   30.000013621.7129   16.5283
    0.0000    7.5000   30.000014324.9082   16.5284
    7.5000    7.5000   30.000013729.9023   16.5633
   -7.5000   15.0000   30.000013013.4863   16.5575
    0.0000   15.0000   30.000013647.8359   16.5605
    7.5000   15.0000   30.000013138.9971   16.6039
   -7.5000   22.5000   30.000012333.3760   16.5898
    0.0000   22.5000   30.000012911.0635   16.6027
    7.5000   22.5000   30.000012436.8867   16.6572
   -7.5000   30.0000   30.000011551.3193   16.4376
    0.0000   30.0000   30.000012132.1543   16.4562
    7.5000   30.0000   30.000011641.6309   16.5118
   -7.5000   37.5000   30.000011217.7148   16.7515
    0.0000   37.5000   30.000011815.7080   16.7612
    7.5000   37.5000   30.000011347.8652   16.8107
   -7.5000   45.0000   30.000010529.8594   16.7419
    0.0000   45.0000   30.000011078.0391   16.7388
    7.5000   45.0000   30.000010654.1445   16.7796
   -7.5000  -45.0000   37.5000 8911.5723   17.5425
    0.0000  -45.0000   37.5000 9339.4072   17.5416
    7.5000  -45.0000   37.5000 8980.0430   17.5798
   -7.5000  -37.5000   37.5000 9512.1289   17.1228
    0.0000  -37.5000   37.5000 9951.9629   17.1179
    7.5000  -37.5000   37.5000 9564.8672   17.1503
   -7.5000  -30.0000   37.500010538.0889   16.8758
    0.0000  -30.0000   37.500011002.1074   16.8777
    7.5000  -30.0000   37.500010576.6338   16.9183
   -7.5000  -22.5000   37.500011556.5586   16.7558
    0.0000  -22.5000   37.500012039.6709   16.7696
    7.5000  -22.5000   37.500011577.5059   16.8235
   -7.5000  -15.0000   37.500012352.3213   16.7212
    0.0000  -15.0000   37.500012875.6055   16.7409
    7.5000  -15.0000   37.500012348.1074   16.7990
   -7.5000   -7.5000   37.500012981.6367   16.6912
    0.0000   -7.5000   37.500013567.5469   16.7035
    7.5000   -7.5000   37.500013003.5029   16.7513
   -7.5000    0.0000   37.500013522.2803   16.6484
    0.0000    0.0000   37.500014182.9512   16.6491
    7.5000    0.0000   37.500013578.1836   16.6828
   -7.5000    7.5000   37.500013071.3916   16.6323
    0.0000    7.5000   37.500013741.8721   16.6284
    7.5000    7.5000   37.500013180.3193   16.6583
   -7.5000   15.0000   37.500012482.4395   16.6541
    0.0000   15.0000   37.500013103.8799   16.6558
    7.5000   15.0000   37.500012591.5928   16.6952
   -7.5000   22.5000   37.500011795.8105   16.6901
    0.0000   22.5000   37.500012374.2822   16.7039
    7.5000   22.5000   37.500011893.5459   16.7573
   -7.5000   30.0000   37.500011060.8555   16.5485
    0.0000   30.0000   37.500011584.8281   16.5677
    7.5000   30.0000   37.500011123.7158   16.6244
   -7.5000   37.5000   37.500010783.6426   16.8769
    0.0000   37.5000   37.500011320.8652   16.8844
    7.5000   37.5000   37.500010852.5801   16.9335
   -7.5000   45.0000   37.500010162.1406   16.8754
    0.0000   45.0000   37.500010643.9600   16.8655
    7.5000   45.0000   37.500010233.8330   16.9001
   -7.5000  -45.0000   45.0000 8259.7041   17.7406
    0.0000  -45.0000   45.0000 8643.4180   17.7417
    7.5000  -45.0000   45.0000 8340.9932   17.7791
   -7.5000  -37.5000   45.0000 8804.1914   17.3006
    0.0000  -37.5000   45.0000 9196.0107   17.2980
    7.5000  -37.5000   45.0000 8870.6543   17.3279
   -7.5000  -30.0000   45.0000 9734.9844   17.0308
    0.0000  -30.0000   45.000010136.7295   17.0388
    7.5000  -30.0000   45.0000 9766.5146   17.0792
   -7.5000  -22.5000   45.000010676.8711   16.9005
    0.0000  -22.5000   45.000011128.9219   16.9241
    7.5000  -22.5000   45.000010680.3223   16.9834
   -7.5000  -15.0000   45.000011373.8184   16.8732
    0.0000  -15.0000   45.000011887.3848   16.9030
    7.5000  -15.0000   45.000011395.0098   16.9693
   -7.5000   -7.5000   45.000011951.4053   16.8583
    0.0000   -7.5000   45.000012503.6523   16.8769
    7.5000   -7.5000   45.000011999.4883   16.9297
   -7.5000    0.0000   45.000012430.7490   16.8215
    0.0000    0.0000   45.000013029.2715   16.8244
    7.5000    0.0000   45.000012483.3467   16.8578
   -7.5000    7.5000   45.000011985.9785   16.7954
    0.0000    7.5000   45.000012588.6543   16.7938
    7.5000    7.5000   45.000012052.5439   16.8214
   -7.5000   15.0000   45.000011453.8213   16.8027
    0.0000   15.0000   45.000012005.1699   16.8105
    7.5000   15.0000   45.000011513.2705   16.8499
   -7.5000   22.5000   45.000010798.0254   16.8335
    0.0000   22.5000   45.000011327.7305   16.8569
    7.5000   22.5000   45.000010864.1406   16.9158
   -7.5000   30.0000   45.000010110.6934   16.6976
    0.0000   30.0000   45.000010588.9805   16.7268
    7.5000   30.0000   45.000010151.1846   16.7916
   -7.5000   37.5000   45.0000 9882.1094   17.0525
    0.0000   37.5000   45.000010363.1309   17.0661
    7.5000   37.5000   45.0000 9939.4395   17.1209
   -7.5000   45.0000   45.0000 9344.0889   17.0807
    0.0000   45.0000   45.0000 9779.9668   17.0723
    7.5000   45.0000   45.0000 9383.4590   17.1047

---------------------------------------------------------------------
imgreg_4dfp /opt/freesurfer/average/711-2C_as_mni_average_305 /opt/freesurfer/average/711-2B_as_mni_average_305_mask talsrcimg_g11 none talsrcimg_to_711-2C_as_mni_average_305_t4 4355
---------------------------------------------------------------------

freesurfer imgreg_4dfp.c
/opt/freesurfer/average/711-2C_as_mni_average_305.4dfp.img
       256       256       256         1
  1.000000  1.000000  1.000000
orientation T byte_order littleendian
Reading image: /opt/freesurfer/average/711-2C_as_mni_average_305.4dfp.img
dimensions:      256       256       256
mmppix:       1.0000   -1.0000   -1.0000
center:     128.0000 -129.0000 -129.0000
/opt/freesurfer/average/711-2B_as_mni_average_305_mask.4dfp.img
       256       256       256         1
  1.000000  1.000000  1.000000
orientation T byte_order littleendian
Reading mask: /opt/freesurfer/average/711-2B_as_mni_average_305_mask.4dfp.img (2306576 pixels)
talsrcimg_g11.4dfp.img
       256       256       256         1
  1.000000  1.000000  1.000000
orientation T byte_order littleendian
Reading image: talsrcimg_g11.4dfp.img
dimensions:      256       256       256
mmppix:       1.0000   -1.0000   -1.0000
center:     128.0000 -129.0000 -129.0000
rotation matrix determinant  1.000000
image alignment mode   4355 decimal     1103 hex
   -7.5000  -45.0000  -45.0000 2096.2124   22.3080
    0.0000  -45.0000  -45.0000 2140.4224   22.0078
    7.5000  -45.0000  -45.0000 2154.6897   22.0848
   -7.5000  -37.5000  -45.0000 2118.3313   21.4205
    0.0000  -37.5000  -45.0000 2163.3389   21.0845
    7.5000  -37.5000  -45.0000 2169.5085   21.1545
   -7.5000  -30.0000  -45.0000 2147.5803   20.8489
    0.0000  -30.0000  -45.0000 2185.6677   20.4612
    7.5000  -30.0000  -45.0000 2190.1533   20.4682
   -7.5000  -22.5000  -45.0000 2183.2051   20.2820
    0.0000  -22.5000  -45.0000 2217.4685   19.9241
    7.5000  -22.5000  -45.0000 2222.9722   19.9483
   -7.5000  -15.0000  -45.0000 2219.0273   19.8326
    0.0000  -15.0000  -45.0000 2250.3318   19.4958
    7.5000  -15.0000  -45.0000 2251.8306   19.5241
   -7.5000   -7.5000  -45.0000 2250.0278   19.4035
    0.0000   -7.5000  -45.0000 2282.2964   19.1115
    7.5000   -7.5000  -45.0000 2277.9031   19.1290
   -7.5000    0.0000  -45.0000 2266.5391   18.9874
    0.0000    0.0000  -45.0000 2300.5198   18.6862
    7.5000    0.0000  -45.0000 2300.7351   18.7197
   -7.5000    7.5000  -45.0000 2279.6763   18.6524
    0.0000    7.5000  -45.0000 2314.8044   18.3546
    7.5000    7.5000  -45.0000 2306.9558   18.4119
   -7.5000   15.0000  -45.0000 2283.2373   18.4600
    0.0000   15.0000  -45.0000 2315.2197   18.2469
    7.5000   15.0000  -45.0000 2306.9631   18.2326
   -7.5000   22.5000  -45.0000 2297.7122   18.5402
    0.0000   22.5000  -45.0000 2320.7893   18.2567
    7.5000   22.5000  -45.0000 2307.6660   18.3185
   -7.5000   30.0000  -45.0000 2287.0618   18.9019
    0.0000   30.0000  -45.0000 2309.7722   18.6553
    7.5000   30.0000  -45.0000 2295.3086   18.6813
   -7.5000   37.5000  -45.0000 2263.5325   19.5176
    0.0000   37.5000  -45.0000 2285.6821   19.2910
    7.5000   37.5000  -45.0000 2269.3530   19.3313
   -7.5000   45.0000  -45.0000 2220.1790   20.3921
    0.0000   45.0000  -45.0000 2245.1746   20.1431
    7.5000   45.0000  -45.0000 2228.4771   20.1745
   -7.5000  -45.0000  -37.5000 2188.2102   20.4501
    0.0000  -45.0000  -37.5000 2225.0769   20.2072
    7.5000  -45.0000  -37.5000 2244.5532   20.2813
   -7.5000  -37.5000  -37.5000 2219.2004   19.5755
    0.0000  -37.5000  -37.5000 2256.8044   19.3334
    7.5000  -37.5000  -37.5000 2264.6509   19.3783
   -7.5000  -30.0000  -37.5000 2245.9900   19.0228
    0.0000  -30.0000  -37.5000 2286.4758   18.7468
    7.5000  -30.0000  -37.5000 2290.3477   18.7810
   -7.5000  -22.5000  -37.5000 2281.0645   18.5340
    0.0000  -22.5000  -37.5000 2327.1990   18.2470
    7.5000  -22.5000  -37.5000 2330.0891   18.3062
   -7.5000  -15.0000  -37.5000 2323.3096   18.1437
    0.0000  -15.0000  -37.5000 2366.3445   17.9463
    7.5000  -15.0000  -37.5000 2364.1338   17.9615
   -7.5000   -7.5000  -37.5000 2356.6726   17.7890
    0.0000   -7.5000  -37.5000 2397.1343   17.5844
    7.5000   -7.5000  -37.5000 2391.3252   17.5891
   -7.5000    0.0000  -37.5000 2373.8647   17.4093
    0.0000    0.0000  -37.5000 2411.6147   17.2238
    7.5000    0.0000  -37.5000 2408.8267   17.2453
   -7.5000    7.5000  -37.5000 2391.8069   17.1415
    0.0000    7.5000  -37.5000 2425.2266   16.9483
    7.5000    7.5000  -37.5000 2416.9998   16.9640
   -7.5000   15.0000  -37.5000 2394.5310   17.0243
    0.0000   15.0000  -37.5000 2422.3228   16.8398
    7.5000   15.0000  -37.5000 2410.5120   16.9057
   -7.5000   22.5000  -37.5000 2399.8884   17.0800
    0.0000   22.5000  -37.5000 2426.8989   16.9165
    7.5000   22.5000  -37.5000 2413.8079   16.9353
   -7.5000   30.0000  -37.5000 2391.4707   17.3991
    0.0000   30.0000  -37.5000 2416.1167   17.2350
    7.5000   30.0000  -37.5000 2399.4836   17.2518
   -7.5000   37.5000  -37.5000 2366.4307   17.9448
    0.0000   37.5000  -37.5000 2394.1453   17.7603
    7.5000   37.5000  -37.5000 2374.4707   17.7987
   -7.5000   45.0000  -37.5000 2323.5430   18.7700
    0.0000   45.0000  -37.5000 2350.7610   18.5720
    7.5000   45.0000  -37.5000 2331.1802   18.6110
   -7.5000  -45.0000  -30.0000 2315.7153   19.6046
    0.0000  -45.0000  -30.0000 2344.2571   19.3739
    7.5000  -45.0000  -30.0000 2359.7378   19.4047
   -7.5000  -37.5000  -30.0000 2344.2368   18.7068
    0.0000  -37.5000  -30.0000 2385.6873   18.4978
    7.5000  -37.5000  -30.0000 2392.2080   18.5649
   -7.5000  -30.0000  -30.0000 2382.4597   18.1054
    0.0000  -30.0000  -30.0000 2427.2280   17.9115
    7.5000  -30.0000  -30.0000 2428.2749   17.9710
   -7.5000  -22.5000  -30.0000 2423.9697   17.6316
    0.0000  -22.5000  -30.0000 2473.4270   17.4536
    7.5000  -22.5000  -30.0000 2475.4146   17.4837
   -7.5000  -15.0000  -30.0000 2466.7942   17.2279
    0.0000  -15.0000  -30.0000 2511.2231   17.0588
    7.5000  -15.0000  -30.0000 2509.4133   17.1056
   -7.5000   -7.5000  -30.0000 2491.9282   16.8544
    0.0000   -7.5000  -30.0000 2534.5090   16.6872
    7.5000   -7.5000  -30.0000 2537.3906   16.7141
   -7.5000    0.0000  -30.0000 2508.5134   16.5556
    0.0000    0.0000  -30.0000 2548.3215   16.3734
    7.5000    0.0000  -30.0000 2549.6709   16.3643
   -7.5000    7.5000  -30.0000 2534.5779   16.3062
    0.0000    7.5000  -30.0000 2570.4250   16.1809
    7.5000    7.5000  -30.0000 2564.7434   16.1827
   -7.5000   15.0000  -30.0000 2544.8315   16.2589
    0.0000   15.0000  -30.0000 2580.7449   16.1403
    7.5000   15.0000  -30.0000 2563.1731   16.1582
   -7.5000   22.5000  -30.0000 2549.7886   16.3380
    0.0000   22.5000  -30.0000 2582.3860   16.2054
    7.5000   22.5000  -30.0000 2562.2312   16.2347
   -7.5000   30.0000  -30.0000 2540.4644   16.6275
    0.0000   30.0000  -30.0000 2574.3311   16.4911
    7.5000   30.0000  -30.0000 2552.3213   16.5539
   -7.5000   37.5000  -30.0000 2513.5129   17.1184
    0.0000   37.5000  -30.0000 2549.2915   16.9537
    7.5000   37.5000  -30.0000 2529.5603   17.0392
   -7.5000   45.0000  -30.0000 2468.3179   17.9184
    0.0000   45.0000  -30.0000 2503.0918   17.7181
    7.5000   45.0000  -30.0000 2480.3958   17.8138
   -7.5000  -45.0000  -22.5000 2407.8728   18.8365
    0.0000  -45.0000  -22.5000 2447.9146   18.5836
    7.5000  -45.0000  -22.5000 2452.4197   18.5983
   -7.5000  -37.5000  -22.5000 2443.0486   17.8959
    0.0000  -37.5000  -22.5000 2492.6887   17.6609
    7.5000  -37.5000  -22.5000 2493.7693   17.6785
   -7.5000  -30.0000  -22.5000 2483.7339   17.2840
    0.0000  -30.0000  -22.5000 2530.1672   17.0294
    7.5000  -30.0000  -22.5000 2536.9536   17.0599
   -7.5000  -22.5000  -22.5000 2530.3447   16.7919
    0.0000  -22.5000  -22.5000 2575.0100   16.5800
    7.5000  -22.5000  -22.5000 2581.2705   16.5942
   -7.5000  -15.0000  -22.5000 2568.9165   16.3601
    0.0000  -15.0000  -22.5000 2611.5205   16.1510
    7.5000  -15.0000  -22.5000 2609.6226   16.1892
   -7.5000   -7.5000  -22.5000 2595.3440   15.9272
    0.0000   -7.5000  -22.5000 2637.0735   15.7867
    7.5000   -7.5000  -22.5000 2633.1233   15.7466
   -7.5000    0.0000  -22.5000 2618.9443   15.6168
    0.0000    0.0000  -22.5000 2651.9868   15.4868
    7.5000    0.0000  -22.5000 2649.6699   15.4439
   -7.5000    7.5000  -22.5000 2642.5452   15.4276
    0.0000    7.5000  -22.5000 2677.1812   15.2969
    7.5000    7.5000  -22.5000 2666.2595   15.2940
   -7.5000   15.0000  -22.5000 2658.5854   15.3951
    0.0000   15.0000  -22.5000 2701.2815   15.2809
    7.5000   15.0000  -22.5000 2680.6052   15.3032
   -7.5000   22.5000  -22.5000 2672.1448   15.4855
    0.0000   22.5000  -22.5000 2709.8562   15.3604
    7.5000   22.5000  -22.5000 2685.5325   15.4174
   -7.5000   30.0000  -22.5000 2665.5083   15.7645
    0.0000   30.0000  -22.5000 2701.8787   15.6121
    7.5000   30.0000  -22.5000 2679.1248   15.7378
   -7.5000   37.5000  -22.5000 2640.0139   16.2342
    0.0000   37.5000  -22.5000 2680.9204   16.0814
    7.5000   37.5000  -22.5000 2658.1177   16.1826
   -7.5000   45.0000  -22.5000 2592.1802   16.9971
    0.0000   45.0000  -22.5000 2630.9695   16.8127
    7.5000   45.0000  -22.5000 2602.5864   16.8841
   -7.5000  -45.0000  -15.0000 2480.0115   18.1536
    0.0000  -45.0000  -15.0000 2520.8467   17.8470
    7.5000  -45.0000  -15.0000 2526.4507   17.8615
   -7.5000  -37.5000  -15.0000 2516.8191   17.1910
    0.0000  -37.5000  -15.0000 2560.0864   16.9218
    7.5000  -37.5000  -15.0000 2562.5322   16.9181
   -7.5000  -30.0000  -15.0000 2544.6526   16.5710
    0.0000  -30.0000  -15.0000 2593.9915   16.2742
    7.5000  -30.0000  -15.0000 2601.3726   16.2626
   -7.5000  -22.5000  -15.0000 2592.7000   16.0601
    0.0000  -22.5000  -15.0000 2641.8633   15.8005
    7.5000  -22.5000  -15.0000 2638.4556   15.8045
   -7.5000  -15.0000  -15.0000 2629.8425   15.5738
    0.0000  -15.0000  -15.0000 2667.4915   15.3905
    7.5000  -15.0000  -15.0000 2664.2473   15.3886
   -7.5000   -7.5000  -15.0000 2660.7422   15.1190
    0.0000   -7.5000  -15.0000 2701.9160   14.9946
    7.5000   -7.5000  -15.0000 2696.4551   14.9596
   -7.5000    0.0000  -15.0000 2691.6458   14.7876
    0.0000    0.0000  -15.0000 2730.9236   14.6688
    7.5000    0.0000  -15.0000 2724.9370   14.6626
   -7.5000    7.5000  -15.0000 2714.8010   14.6123
    0.0000    7.5000  -15.0000 2751.5037   14.4736
    7.5000    7.5000  -15.0000 2742.4060   14.4775
   -7.5000   15.0000  -15.0000 2738.6687   14.5780
    0.0000   15.0000  -15.0000 2781.5164   14.4366
    7.5000   15.0000  -15.0000 2759.4939   14.4686
   -7.5000   22.5000  -15.0000 2763.6702   14.6767
    0.0000   22.5000  -15.0000 2801.9397   14.5610
    7.5000   22.5000  -15.0000 2770.8064   14.6153
   -7.5000   30.0000  -15.0000 2764.4587   14.9552
    0.0000   30.0000  -15.0000 2801.5413   14.7856
    7.5000   30.0000  -15.0000 2771.8054   14.8793
   -7.5000   37.5000  -15.0000 2734.2722   15.4083
    0.0000   37.5000  -15.0000 2776.6094   15.2233
    7.5000   37.5000  -15.0000 2749.1040   15.3127
   -7.5000   45.0000  -15.0000 2683.5171   16.1102
    0.0000   45.0000  -15.0000 2717.4966   15.9095
    7.5000   45.0000  -15.0000 2689.3433   16.0056
   -7.5000  -45.0000   -7.5000 2524.7478   17.5127
    0.0000  -45.0000   -7.5000 2563.0891   17.2397
    7.5000  -45.0000   -7.5000 2573.4146   17.2729
   -7.5000  -37.5000   -7.5000 2557.2720   16.5520
    0.0000  -37.5000   -7.5000 2598.0315   16.2826
    7.5000  -37.5000   -7.5000 2608.1001   16.3097
   -7.5000  -30.0000   -7.5000 2589.0403   15.9243
    0.0000  -30.0000   -7.5000 2634.7600   15.6208
    7.5000  -30.0000   -7.5000 2640.4414   15.6198
   -7.5000  -22.5000   -7.5000 2627.4990   15.4063
    0.0000  -22.5000   -7.5000 2675.9182   15.1311
    7.5000  -22.5000   -7.5000 2680.4451   15.1557
   -7.5000  -15.0000   -7.5000 2660.3953   14.9687
    0.0000  -15.0000   -7.5000 2704.8804   14.7017
    7.5000  -15.0000   -7.5000 2706.3296   14.7436
   -7.5000   -7.5000   -7.5000 2701.2158   14.5063
    0.0000   -7.5000   -7.5000 2744.4421   14.3015
    7.5000   -7.5000   -7.5000 2743.8528   14.3077
   -7.5000    0.0000   -7.5000 2739.7988   14.1333
    0.0000    0.0000   -7.5000 2785.8403   13.9698
    7.5000    0.0000   -7.5000 2778.0125   13.9963
   -7.5000    7.5000   -7.5000 2776.6301   13.9627
    0.0000    7.5000   -7.5000 2819.6736   13.7901
    7.5000    7.5000   -7.5000 2806.7070   13.8045
   -7.5000   15.0000   -7.5000 2804.1052   13.9310
    0.0000   15.0000   -7.5000 2856.3428   13.7495
    7.5000   15.0000   -7.5000 2829.0935   13.7773
   -7.5000   22.5000   -7.5000 2838.2263   14.0537
    0.0000   22.5000   -7.5000 2885.4053   13.8249
    7.5000   22.5000   -7.5000 2847.2534   13.8982
   -7.5000   30.0000   -7.5000 2841.9041   14.2848
    0.0000   30.0000   -7.5000 2883.5542   14.0282
    7.5000   30.0000   -7.5000 2848.3064   14.1101
   -7.5000   37.5000   -7.5000 2813.7517   14.6840
    0.0000   37.5000   -7.5000 2847.3818   14.4339
    7.5000   37.5000   -7.5000 2818.8682   14.5344
   -7.5000   45.0000   -7.5000 2752.1753   15.3672
    0.0000   45.0000   -7.5000 2784.3750   15.0746
    7.5000   45.0000   -7.5000 2756.5483   15.1961
   -7.5000  -45.0000    0.0000 2542.6108   17.1734
    0.0000  -45.0000    0.0000 2586.9868   16.8548
    7.5000  -45.0000    0.0000 2597.0005   16.8767
   -7.5000  -37.5000    0.0000 2572.7603   16.2132
    0.0000  -37.5000    0.0000 2617.3999   15.8956
    7.5000  -37.5000    0.0000 2628.8030   15.9096
   -7.5000  -30.0000    0.0000 2606.7346   15.5290
    0.0000  -30.0000    0.0000 2648.3640   15.2137
    7.5000  -30.0000    0.0000 2657.5569   15.1938
   -7.5000  -22.5000    0.0000 2637.5667   14.9607
    0.0000  -22.5000    0.0000 2688.7466   14.7108
    7.5000  -22.5000    0.0000 2696.4526   14.7061
   -7.5000  -15.0000    0.0000 2666.0251   14.4933
    0.0000  -15.0000    0.0000 2719.1494   14.2203
    7.5000  -15.0000    0.0000 2721.6621   14.2465
   -7.5000   -7.5000    0.0000 2710.5271   14.0823
    0.0000   -7.5000    0.0000 2758.0649   13.8242
    7.5000   -7.5000    0.0000 2756.1057   13.8242
   -7.5000    0.0000    0.0000 2764.3462   13.7565
    0.0000    0.0000    0.0000 2811.6167   13.5143
    7.5000    0.0000    0.0000 2796.2776   13.5103
   -7.5000    7.5000    0.0000 2819.3286   13.6104
    0.0000    7.5000    0.0000 2865.8362   13.3752
    7.5000    7.5000    0.0000 2849.1863   13.3443
   -7.5000   15.0000    0.0000 2869.1475   13.6262
    0.0000   15.0000    0.0000 2923.3835   13.3960
    7.5000   15.0000    0.0000 2894.8875   13.3768
   -7.5000   22.5000    0.0000 2905.2563   13.7332
    0.0000   22.5000    0.0000 2960.8701   13.4164
    7.5000   22.5000    0.0000 2910.4673   13.4912
   -7.5000   30.0000    0.0000 2910.8374   13.8518
    0.0000   30.0000    0.0000 2949.5374   13.4940
    7.5000   30.0000    0.0000 2902.3149   13.6307
   -7.5000   37.5000    0.0000 2867.6931   14.1794
    0.0000   37.5000    0.0000 2895.6389   13.8131
    7.5000   37.5000    0.0000 2865.4595   13.9852
   -7.5000   45.0000    0.0000 2796.1729   14.8553
    0.0000   45.0000    0.0000 2823.8369   14.4489
    7.5000   45.0000    0.0000 2799.2803   14.6734
   -7.5000  -45.0000    7.5000 2543.2151   16.9682
    0.0000  -45.0000    7.5000 2594.9644   16.6610
    7.5000  -45.0000    7.5000 2610.3816   16.6004
   -7.5000  -37.5000    7.5000 2577.0076   16.1343
    0.0000  -37.5000    7.5000 2628.1423   15.7526
    7.5000  -37.5000    7.5000 2639.8711   15.7006
   -7.5000  -30.0000    7.5000 2607.4612   15.3802
    0.0000  -30.0000    7.5000 2655.9963   15.0606
    7.5000  -30.0000    7.5000 2660.3618   15.0124
   -7.5000  -22.5000    7.5000 2637.3760   14.7363
    0.0000  -22.5000    7.5000 2687.3108   14.4464
    7.5000  -22.5000    7.5000 2689.3435   14.4531
   -7.5000  -15.0000    7.5000 2675.0259   14.2708
    0.0000  -15.0000    7.5000 2713.6931   13.9154
    7.5000  -15.0000    7.5000 2716.5935   13.9140
   -7.5000   -7.5000    7.5000 2724.6973   13.8780
    0.0000   -7.5000    7.5000 2755.9739   13.5005
    7.5000   -7.5000    7.5000 2754.5686   13.5203
   -7.5000    0.0000    7.5000 2778.7949   13.5988
    0.0000    0.0000    7.5000 2814.3418   13.2515
    7.5000    0.0000    7.5000 2801.0337   13.2242
   -7.5000    7.5000    7.5000 2845.1841   13.4684
    0.0000    7.5000    7.5000 2889.0698   13.1781
    7.5000    7.5000    7.5000 2872.0610   13.1391
   -7.5000   15.0000    7.5000 2907.7639   13.5160
    0.0000   15.0000    7.5000 2965.6692   13.2811
    7.5000   15.0000    7.5000 2935.4475   13.2422
   -7.5000   22.5000    7.5000 2946.3918   13.5496
    0.0000   22.5000    7.5000 3018.0388   13.3690
    7.5000   22.5000    7.5000 2961.5090   13.3481
   -7.5000   30.0000    7.5000 2944.7876   13.5840
    0.0000   30.0000    7.5000 2995.2073   13.2475
    7.5000   30.0000    7.5000 2936.4077   13.4442
   -7.5000   37.5000    7.5000 2887.2981   13.9125
    0.0000   37.5000    7.5000 2918.8240   13.5254
    7.5000   37.5000    7.5000 2884.1113   13.7622
   -7.5000   45.0000    7.5000 2808.1003   14.5603
    0.0000   45.0000    7.5000 2834.1445   14.1905
    7.5000   45.0000    7.5000 2812.8665   14.3894
   -7.5000  -45.0000   15.0000 2520.4561   17.0326
    0.0000  -45.0000   15.0000 2571.5569   16.6106
    7.5000  -45.0000   15.0000 2588.9624   16.5182
   -7.5000  -37.5000   15.0000 2561.5293   16.1945
    0.0000  -37.5000   15.0000 2616.0322   15.7314
    7.5000  -37.5000   15.0000 2628.0898   15.6519
   -7.5000  -30.0000   15.0000 2593.9172   15.4552
    0.0000  -30.0000   15.0000 2641.8428   15.0264
    7.5000  -30.0000   15.0000 2641.9011   14.9411
   -7.5000  -22.5000   15.0000 2626.4961   14.8309
    0.0000  -22.5000   15.0000 2663.8721   14.3797
    7.5000  -22.5000   15.0000 2665.2041   14.3658
   -7.5000  -15.0000   15.0000 2663.0271   14.3268
    0.0000  -15.0000   15.0000 2690.8376   13.9022
    7.5000  -15.0000   15.0000 2687.9956   13.8928
   -7.5000   -7.5000   15.0000 2713.1741   13.9323
    0.0000   -7.5000   15.0000 2738.3584   13.5396
    7.5000   -7.5000   15.0000 2730.6929   13.5121
   -7.5000    0.0000   15.0000 2771.0198   13.6200
    0.0000    0.0000   15.0000 2799.5422   13.2754
    7.5000    0.0000   15.0000 2784.7485   13.2812
   -7.5000    7.5000   15.0000 2833.5913   13.4650
    0.0000    7.5000   15.0000 2875.4905   13.1708
    7.5000    7.5000   15.0000 2852.0242   13.2131
   -7.5000   15.0000   15.0000 2900.1536   13.4058
    0.0000   15.0000   15.0000 2951.6238   13.2199
    7.5000   15.0000   15.0000 2918.4995   13.2372
   -7.5000   22.5000   15.0000 2934.1350   13.3420
    0.0000   22.5000   15.0000 3004.4822   13.1558
    7.5000   22.5000   15.0000 2956.4543   13.2998
   -7.5000   30.0000   15.0000 2930.8179   13.4981
    0.0000   30.0000   15.0000 2988.9624   13.2477
    7.5000   30.0000   15.0000 2932.4373   13.4759
   -7.5000   37.5000   15.0000 2868.3174   13.9192
    0.0000   37.5000   15.0000 2903.5840   13.6598
    7.5000   37.5000   15.0000 2870.2637   13.8317
   -7.5000   45.0000   15.0000 2790.8020   14.6316
    0.0000   45.0000   15.0000 2813.2109   14.3353
    7.5000   45.0000   15.0000 2791.1677   14.4689
   -7.5000  -45.0000   22.5000 2483.4602   17.4157
    0.0000  -45.0000   22.5000 2524.1396   16.7965
    7.5000  -45.0000   22.5000 2536.3303   16.5789
   -7.5000  -37.5000   22.5000 2535.8896   16.5387
    0.0000  -37.5000   22.5000 2581.5107   15.9364
    7.5000  -37.5000   22.5000 2582.9404   15.7892
   -7.5000  -30.0000   22.5000 2572.1792   15.7887
    0.0000  -30.0000   22.5000 2612.5623   15.2928
    7.5000  -30.0000   22.5000 2610.7195   15.2308
   -7.5000  -22.5000   22.5000 2607.9622   15.1361
    0.0000  -22.5000   22.5000 2637.2847   14.6824
    7.5000  -22.5000   22.5000 2638.9138   14.6831
   -7.5000  -15.0000   22.5000 2639.0305   14.5729
    0.0000  -15.0000   22.5000 2667.3340   14.1786
    7.5000  -15.0000   22.5000 2658.4707   14.1919
   -7.5000   -7.5000   22.5000 2692.9465   14.1231
    0.0000   -7.5000   22.5000 2714.1387   13.7683
    7.5000   -7.5000   22.5000 2699.6409   13.8247
   -7.5000    0.0000   22.5000 2753.4353   13.8376
    0.0000    0.0000   22.5000 2772.8640   13.4805
    7.5000    0.0000   22.5000 2756.3223   13.5848
   -7.5000    7.5000   22.5000 2819.5852   13.6659
    0.0000    7.5000   22.5000 2844.2412   13.3572
    7.5000    7.5000   22.5000 2817.1741   13.4680
   -7.5000   15.0000   22.5000 2863.2236   13.5216
    0.0000   15.0000   22.5000 2904.0295   13.2919
    7.5000   15.0000   22.5000 2872.5415   13.4275
   -7.5000   22.5000   22.5000 2898.7402   13.5332
    0.0000   22.5000   22.5000 2945.6670   13.2465
    7.5000   22.5000   22.5000 2905.5261   13.5191
   -7.5000   30.0000   22.5000 2890.5691   13.7519
    0.0000   30.0000   22.5000 2941.7095   13.5025
    7.5000   30.0000   22.5000 2894.4219   13.7649
   -7.5000   37.5000   22.5000 2827.9299   14.2953
    0.0000   37.5000   22.5000 2876.1431   14.0443
    7.5000   37.5000   22.5000 2839.2654   14.1981
   -7.5000   45.0000   22.5000 2749.3037   15.0213
    0.0000   45.0000   22.5000 2777.8096   14.7827
    7.5000   45.0000   22.5000 2754.7275   14.8716
   -7.5000  -45.0000   30.0000 2436.2092   18.0512
    0.0000  -45.0000   30.0000 2473.8762   17.3983
    7.5000  -45.0000   30.0000 2471.1819   17.1756
   -7.5000  -37.5000   30.0000 2486.1709   17.0351
    0.0000  -37.5000   30.0000 2525.9209   16.4950
    7.5000  -37.5000   30.0000 2513.7026   16.3418
   -7.5000  -30.0000   30.0000 2522.4458   16.2433
    0.0000  -30.0000   30.0000 2560.7749   15.7424
    7.5000  -30.0000   30.0000 2552.2275   15.6949
   -7.5000  -22.5000   30.0000 2562.7507   15.5622
    0.0000  -22.5000   30.0000 2592.4175   15.0968
    7.5000  -22.5000   30.0000 2590.0750   15.1296
   -7.5000  -15.0000   30.0000 2606.8718   14.9963
    0.0000  -15.0000   30.0000 2632.5930   14.5700
    7.5000  -15.0000   30.0000 2624.4431   14.6281
   -7.5000   -7.5000   30.0000 2656.1396   14.5398
    0.0000   -7.5000   30.0000 2683.2832   14.1316
    7.5000   -7.5000   30.0000 2669.0598   14.2302
   -7.5000    0.0000   30.0000 2717.5669   14.2210
    0.0000    0.0000   30.0000 2745.5337   13.8458
    7.5000    0.0000   30.0000 2722.3711   13.9655
   -7.5000    7.5000   30.0000 2773.8601   14.0265
    0.0000    7.5000   30.0000 2798.5002   13.6954
    7.5000    7.5000   30.0000 2772.9729   13.8397
   -7.5000   15.0000   30.0000 2814.1655   13.9092
    0.0000   15.0000   30.0000 2839.6548   13.5699
    7.5000   15.0000   30.0000 2812.5010   13.8009
   -7.5000   22.5000   30.0000 2845.5669   13.9772
    0.0000   22.5000   30.0000 2869.5281   13.6577
    7.5000   22.5000   30.0000 2834.7207   13.9257
   -7.5000   30.0000   30.0000 2832.7715   14.2555
    0.0000   30.0000   30.0000 2865.4180   14.0335
    7.5000   30.0000   30.0000 2824.5466   14.2440
   -7.5000   37.5000   30.0000 2770.8835   14.8286
    0.0000   37.5000   30.0000 2808.3306   14.5974
    7.5000   37.5000   30.0000 2774.3521   14.7496
   -7.5000   45.0000   30.0000 2695.1802   15.6355
    0.0000   45.0000   30.0000 2717.6465   15.3615
    7.5000   45.0000   30.0000 2695.1650   15.4581
   -7.5000  -45.0000   37.5000 2382.7314   18.7591
    0.0000  -45.0000   37.5000 2418.8008   18.1400
    7.5000  -45.0000   37.5000 2418.8923   18.0776
   -7.5000  -37.5000   37.5000 2433.6306   17.6486
    0.0000  -37.5000   37.5000 2465.1775   17.1033
    7.5000  -37.5000   37.5000 2464.6819   17.0397
   -7.5000  -30.0000   37.5000 2473.3008   16.8335
    0.0000  -30.0000   37.5000 2500.1743   16.2796
    7.5000  -30.0000   37.5000 2499.3174   16.2643
   -7.5000  -22.5000   37.5000 2519.1470   16.1620
    0.0000  -22.5000   37.5000 2544.0901   15.6356
    7.5000  -22.5000   37.5000 2541.8816   15.7040
   -7.5000  -15.0000   37.5000 2570.8298   15.5735
    0.0000  -15.0000   37.5000 2596.2065   15.0721
    7.5000  -15.0000   37.5000 2589.4370   15.2251
   -7.5000   -7.5000   37.5000 2614.1870   15.0792
    0.0000   -7.5000   37.5000 2644.6892   14.6518
    7.5000   -7.5000   37.5000 2633.5571   14.7975
   -7.5000    0.0000   37.5000 2669.5801   14.7003
    0.0000    0.0000   37.5000 2698.5120   14.3614
    7.5000    0.0000   37.5000 2678.2808   14.4921
   -7.5000    7.5000   37.5000 2723.9736   14.5064
    0.0000    7.5000   37.5000 2749.6794   14.1669
    7.5000    7.5000   37.5000 2722.3413   14.3606
   -7.5000   15.0000   37.5000 2756.8057   14.4937
    0.0000   15.0000   37.5000 2783.5000   14.1327
    7.5000   15.0000   37.5000 2751.4055   14.3490
   -7.5000   22.5000   37.5000 2770.6108   14.6261
    0.0000   22.5000   37.5000 2793.9785   14.3107
    7.5000   22.5000   37.5000 2767.5225   14.5284
   -7.5000   30.0000   37.5000 2749.8362   14.9719
    0.0000   30.0000   37.5000 2775.8428   14.7042
    7.5000   30.0000   37.5000 2743.5596   14.8848
   -7.5000   37.5000   37.5000 2698.4141   15.5148
    0.0000   37.5000   37.5000 2726.3127   15.2646
    7.5000   37.5000   37.5000 2694.4265   15.4017
   -7.5000   45.0000   37.5000 2626.6731   16.3361
    0.0000   45.0000   37.5000 2644.8518   16.0395
    7.5000   45.0000   37.5000 2623.9761   16.1381
   -7.5000  -45.0000   45.0000 2320.8574   19.7227
    0.0000  -45.0000   45.0000 2356.0950   19.0703
    7.5000  -45.0000   45.0000 2358.2104   19.1054
   -7.5000  -37.5000   45.0000 2369.8689   18.4987
    0.0000  -37.5000   45.0000 2406.1118   17.8798
    7.5000  -37.5000   45.0000 2408.6907   17.9187
   -7.5000  -30.0000   45.0000 2412.7339   17.5720
    0.0000  -30.0000   45.0000 2439.2083   16.9678
    7.5000  -30.0000   45.0000 2439.3569   17.0128
   -7.5000  -22.5000   45.0000 2463.7502   16.8902
    0.0000  -22.5000   45.0000 2493.4001   16.3310
    7.5000  -22.5000   45.0000 2484.3816   16.4114
   -7.5000  -15.0000   45.0000 2511.0264   16.2892
    0.0000  -15.0000   45.0000 2542.0725   15.8206
    7.5000  -15.0000   45.0000 2534.1150   15.9388
   -7.5000   -7.5000   45.0000 2559.2520   15.7654
    0.0000   -7.5000   45.0000 2589.0466   15.3885
    7.5000   -7.5000   45.0000 2574.2134   15.5077
   -7.5000    0.0000   45.0000 2604.2002   15.4050
    0.0000    0.0000   45.0000 2629.3342   15.0450
    7.5000    0.0000   45.0000 2612.7766   15.2047
   -7.5000    7.5000   45.0000 2645.6047   15.2203
    0.0000    7.5000   45.0000 2675.8601   14.9076
    7.5000    7.5000   45.0000 2647.5750   15.0553
   -7.5000   15.0000   45.0000 2672.8975   15.3109
    0.0000   15.0000   45.0000 2700.4233   14.9687
    7.5000   15.0000   45.0000 2669.2893   15.1188
   -7.5000   22.5000   45.0000 2679.0581   15.4987
    0.0000   22.5000   45.0000 2700.3672   15.2036
    7.5000   22.5000   45.0000 2675.7493   15.3704
   -7.5000   30.0000   45.0000 2657.9822   15.8661
    0.0000   30.0000   45.0000 2676.3455   15.5967
    7.5000   30.0000   45.0000 2648.6858   15.7637
   -7.5000   37.5000   45.0000 2613.6653   16.3943
    0.0000   37.5000   45.0000 2636.1230   16.1034
    7.5000   37.5000   45.0000 2607.0837   16.2636
   -7.5000   45.0000   45.0000 2552.7778   17.1973
    0.0000   45.0000   45.0000 2569.2134   16.8359
    7.5000   45.0000   45.0000 2541.8220   16.9780

---------------------------------------------------------------------
imgreg_4dfp /opt/freesurfer/average/711-2C_as_mni_average_305 /opt/freesurfer/average/711-2B_as_mni_average_305_mask talsrcimg_g11 none talsrcimg_to_711-2C_as_mni_average_305_t4 1283
---------------------------------------------------------------------

freesurfer imgreg_4dfp.c
/opt/freesurfer/average/711-2C_as_mni_average_305.4dfp.img
       256       256       256         1
  1.000000  1.000000  1.000000
orientation T byte_order littleendian
Reading image: /opt/freesurfer/average/711-2C_as_mni_average_305.4dfp.img
dimensions:      256       256       256
mmppix:       1.0000   -1.0000   -1.0000
center:     128.0000 -129.0000 -129.0000
/opt/freesurfer/average/711-2B_as_mni_average_305_mask.4dfp.img
       256       256       256         1
  1.000000  1.000000  1.000000
orientation T byte_order littleendian
Reading mask: /opt/freesurfer/average/711-2B_as_mni_average_305_mask.4dfp.img (2306576 pixels)
talsrcimg_g11.4dfp.img
       256       256       256         1
  1.000000  1.000000  1.000000
orientation T byte_order littleendian
Reading image: talsrcimg_g11.4dfp.img
dimensions:      256       256       256
mmppix:       1.0000   -1.0000   -1.0000
center:     128.0000 -129.0000 -129.0000
rotation matrix determinant  1.000000
fimgreg.f
image alignment mode   1283 decimal      503 hex
parameters
    0.0000   22.5000    7.5000    0.0000    0.0000    0.0000
eta,q 0.94399 13.42247
niter,ni,del,rscale     5    3   12.0000    1.2000
parameter  4  1.032566 ->  0.500000 qaram    1.1500
parameter  6 -0.899468 -> -0.500000 qaram    1.1500
parameters
    0.3143   24.3985    9.8939   -3.4500    2.9722    3.4500
eta,q 0.95579 13.31935
  0.0726  0.0680  0.0669  0.0499  0.0670  0.0604
  0.0649  0.0638  0.0617  0.0502  0.0597  0.0559
  0.0582  0.0593  0.0570  0.0513  0.0543  0.0515
  0.0561  0.0558  0.0541  0.0535  0.0504  0.0479
  0.0579  0.0540  0.0533  0.0569  0.0482  0.0452
  0.0620  0.0549  0.0537  0.0605  0.0482  0.0441
  0.0698  0.0597  0.0558  0.0646  0.0506  0.0445
niter,ni,del,rscale     6    3   12.0000    1.2000
parameters
    0.0741   25.2038    9.1739   -5.7874    2.9833    3.9266
eta,q 0.95859 13.30457
  0.0642  0.0609  0.0518  0.0472  0.0520  0.0536
  0.0533  0.0534  0.0463  0.0435  0.0468  0.0480
  0.0459  0.0475  0.0439  0.0416  0.0432  0.0436
  0.0442  0.0442  0.0436  0.0433  0.0416  0.0416
  0.0468  0.0437  0.0466  0.0477  0.0427  0.0419
  0.0555  0.0476  0.0505  0.0528  0.0464  0.0455
  0.0679  0.0547  0.0553  0.0580  0.0523  0.0512
niter,ni,del,rscale     5    3   12.0000    1.2000
parameters
    0.1164   25.6524    8.6736   -6.2379    2.9299    3.9115
eta,q 0.95931 13.30638
  0.0647  0.0589  0.0518  0.0506  0.0510  0.0518
  0.0523  0.0509  0.0444  0.0460  0.0459  0.0460
  0.0437  0.0447  0.0407  0.0424  0.0424  0.0422
  0.0414  0.0414  0.0412  0.0407  0.0407  0.0407
  0.0436  0.0422  0.0446  0.0432  0.0417  0.0418
  0.0523  0.0478  0.0487  0.0479  0.0457  0.0462
  0.0637  0.0548  0.0534  0.0535  0.0520  0.0520
niter,ni,del,rscale     4    3   12.0000    1.2000
parameters
    0.1123   25.7822    8.5661   -6.4101    2.9227    3.8993
eta,q 0.95939 13.30665
  0.0639  0.0569  0.0535  0.0512  0.0511  0.0517
  0.0515  0.0490  0.0456  0.0465  0.0459  0.0459
  0.0427  0.0434  0.0409  0.0428  0.0423  0.0421
  0.0407  0.0407  0.0406  0.0406  0.0406  0.0406
  0.0432  0.0423  0.0438  0.0425  0.0415  0.0416
  0.0520  0.0487  0.0479  0.0470  0.0454  0.0461
  0.0635  0.0555  0.0523  0.0526  0.0518  0.0519
niter,ni,del,rscale     3    3   12.0000    1.2000
parameters
    0.1091   25.8369    8.5185   -6.4832    2.9241    3.8905
eta,q 0.95942 13.30636
  0.0639  0.0564  0.0538  0.0513  0.0511  0.0516
  0.0514  0.0486  0.0458  0.0467  0.0459  0.0459
  0.0426  0.0432  0.0409  0.0430  0.0423  0.0421
  0.0406  0.0406  0.0406  0.0406  0.0406  0.0406
  0.0431  0.0424  0.0436  0.0423  0.0414  0.0416
  0.0520  0.0489  0.0478  0.0467  0.0453  0.0460
  0.0635  0.0556  0.0522  0.0522  0.0517  0.0518
niter,ni,del,rscale     2    3   12.0000    1.2000
parameters
    0.1075   25.8603    8.4982   -6.5143    2.9257    3.8860
eta,q 0.95943 13.30621
  0.0639  0.0562  0.0539  0.0514  0.0511  0.0517
  0.0514  0.0484  0.0459  0.0468  0.0459  0.0459
  0.0426  0.0431  0.0410  0.0430  0.0422  0.0420
  0.0406  0.0406  0.0406  0.0406  0.0406  0.0406
  0.0430  0.0425  0.0436  0.0422  0.0414  0.0416
  0.0519  0.0489  0.0477  0.0466  0.0453  0.0460
  0.0635  0.0556  0.0521  0.0521  0.0517  0.0518
registration optimization eta report
parameter search radius
    6.0000    6.0000    6.0000    6.9000    6.0000    6.9000
100000*second partial in parameter space
       65.       42.       34.       22.       30.       23.
  0.0639  0.0562  0.0539  0.0514  0.0511  0.0517
  0.0514  0.0484  0.0459  0.0468  0.0459  0.0459
  0.0426  0.0431  0.0410  0.0430  0.0422  0.0420
  0.0406  0.0406  0.0406  0.0406  0.0406  0.0406
  0.0430  0.0425  0.0436  0.0422  0.0414  0.0416
  0.0519  0.0489  0.0477  0.0466  0.0453  0.0460
  0.0635  0.0556  0.0521  0.0521  0.0517  0.0518
    0.1075   25.8603    8.4982   -6.5143    2.9257    3.8860
eta,q 0.95943 13.30621

---------------------------------------------------------------------
imgreg_4dfp /opt/freesurfer/average/711-2C_as_mni_average_305 /opt/freesurfer/average/711-2B_as_mni_average_305_mask talsrcimg_g11 none talsrcimg_to_711-2C_as_mni_average_305_t4 3335
---------------------------------------------------------------------

freesurfer imgreg_4dfp.c
/opt/freesurfer/average/711-2C_as_mni_average_305.4dfp.img
       256       256       256         1
  1.000000  1.000000  1.000000
orientation T byte_order littleendian
Reading image: /opt/freesurfer/average/711-2C_as_mni_average_305.4dfp.img
dimensions:      256       256       256
mmppix:       1.0000   -1.0000   -1.0000
center:     128.0000 -129.0000 -129.0000
/opt/freesurfer/average/711-2B_as_mni_average_305_mask.4dfp.img
       256       256       256         1
  1.000000  1.000000  1.000000
orientation T byte_order littleendian
Reading mask: /opt/freesurfer/average/711-2B_as_mni_average_305_mask.4dfp.img (2306576 pixels)
talsrcimg_g11.4dfp.img
       256       256       256         1
  1.000000  1.000000  1.000000
orientation T byte_order littleendian
Reading image: talsrcimg_g11.4dfp.img
dimensions:      256       256       256
mmppix:       1.0000   -1.0000   -1.0000
center:     128.0000 -129.0000 -129.0000
fimgreg.f
image alignment mode   3335 decimal      D07 hex
parameters
    0.1075   25.8603    8.4982   -0.3600   -0.8348   -0.7752
   -6.1557   -5.8284    6.7683   10.9754    5.1042  -11.3304
eta,q 0.95963 13.36655
niter,ni,del,rscale     5    3    5.0000    1.2000
parameter  4  1.503716 ->  0.500000 qaram    1.1500
parameter  5  0.566551 ->  0.500000 qaram    1.1500
parameter 10  0.507171 ->  0.500000 qaram    1.1500
parameter 12  0.772300 ->  0.500000 qaram    1.1500
parameters
   -0.0309   25.8216    8.4560   -4.5000   -4.9748   -3.3679
   -6.1161   -5.0888    5.5791    6.8354    3.2764  -15.4704
eta,q 0.96619 13.04659
  0.0439  0.0429  0.0426  0.0348  0.0361  0.0368  0.0387  0.0415  0.0364  0.0355  0.0353  0.0339
  0.0420  0.0414  0.0413  0.0360  0.0358  0.0360  0.0371  0.0388  0.0358  0.0348  0.0349  0.0338
  0.0408  0.0406  0.0405  0.0377  0.0360  0.0356  0.0360  0.0367  0.0355  0.0349  0.0347  0.0341
  0.0404  0.0404  0.0404  0.0404  0.0364  0.0358  0.0356  0.0356  0.0356  0.0355  0.0348  0.0347
  0.0410  0.0408  0.0407  0.0441  0.0374  0.0370  0.0360  0.0358  0.0359  0.0367  0.0351  0.0357
  0.0426  0.0416  0.0415  0.0480  0.0391  0.0400  0.0370  0.0372  0.0364  0.0382  0.0357  0.0371
  0.0449  0.0430  0.0426  0.0521  0.0411  0.0442  0.0387  0.0397  0.0373  0.0403  0.0366  0.0387
niter,ni,del,rscale     7    3    5.0000    1.2000
parameter  4  0.850739 ->  0.500000 qaram    1.3225
parameters
    0.2818   26.5295    8.7889   -9.2610   -5.0062   -2.5514
   -6.4193   -4.5266    6.5379    8.2470    2.2424  -17.1573
eta,q 0.96869 12.87327
  0.0384  0.0378  0.0358  0.0307  0.0347  0.0341  0.0344  0.0367  0.0340  0.0366  0.0321  0.0327
  0.0361  0.0360  0.0346  0.0313  0.0330  0.0328  0.0327  0.0339  0.0328  0.0340  0.0316  0.0318
  0.0346  0.0346  0.0338  0.0321  0.0318  0.0319  0.0317  0.0321  0.0319  0.0322  0.0314  0.0314
  0.0338  0.0337  0.0334  0.0334  0.0315  0.0315  0.0315  0.0314  0.0314  0.0314  0.0314  0.0314
  0.0339  0.0334  0.0335  0.0354  0.0319  0.0315  0.0319  0.0318  0.0315  0.0316  0.0316  0.0319
  0.0348  0.0338  0.0339  0.0388  0.0330  0.0317  0.0331  0.0330  0.0320  0.0324  0.0320  0.0330
  0.0366  0.0349  0.0347  0.0430  0.0348  0.0334  0.0348  0.0352  0.0330  0.0339  0.0327  0.0346
niter,ni,del,rscale     7    3    5.0000    1.2000
parameters
    0.2823   26.7399    8.5632  -13.2902   -5.0992   -3.0912
   -6.4315   -4.8825    6.7940    8.7273    1.6843  -17.3293
eta,q 0.96950 12.58994
  0.0349  0.0344  0.0326  0.0316  0.0336  0.0323  0.0338  0.0345  0.0326  0.0345  0.0313  0.0325
  0.0330  0.0328  0.0318  0.0306  0.0319  0.0312  0.0320  0.0322  0.0315  0.0322  0.0309  0.0314
  0.0318  0.0318  0.0314  0.0306  0.0309  0.0306  0.0309  0.0309  0.0307  0.0308  0.0306  0.0308
  0.0313  0.0313  0.0313  0.0313  0.0305  0.0305  0.0305  0.0305  0.0305  0.0305  0.0305  0.0305
  0.0317  0.0314  0.0315  0.0323  0.0309  0.0307  0.0309  0.0312  0.0307  0.0308  0.0306  0.0307
  0.0329  0.0321  0.0322  0.0343  0.0320  0.0312  0.0321  0.0329  0.0313  0.0318  0.0310  0.0315
  0.0350  0.0335  0.0332  0.0376  0.0338  0.0334  0.0338  0.0353  0.0323  0.0335  0.0317  0.0327
niter,ni,del,rscale     6    3    5.0000    1.2000
parameters
    0.1185   26.9944    8.4610  -13.3757   -5.2165   -3.1858
   -6.3091   -5.1106    7.0621    9.0777    1.3568  -17.6661
eta,q 0.96960 12.58037
  0.0339  0.0335  0.0319  0.0339  0.0334  0.0324  0.0339  0.0346  0.0325  0.0341  0.0313  0.0323
  0.0319  0.0320  0.0311  0.0318  0.0318  0.0312  0.0320  0.0321  0.0314  0.0320  0.0308  0.0312
  0.0308  0.0310  0.0306  0.0306  0.0307  0.0305  0.0308  0.0308  0.0307  0.0307  0.0305  0.0306
  0.0305  0.0305  0.0304  0.0304  0.0304  0.0304  0.0304  0.0304  0.0304  0.0304  0.0304  0.0304
  0.0312  0.0305  0.0306  0.0311  0.0308  0.0306  0.0308  0.0311  0.0306  0.0307  0.0305  0.0307
  0.0327  0.0312  0.0312  0.0321  0.0319  0.0309  0.0319  0.0327  0.0312  0.0317  0.0309  0.0314
  0.0349  0.0325  0.0322  0.0338  0.0336  0.0327  0.0336  0.0350  0.0322  0.0334  0.0315  0.0327
niter,ni,del,rscale     5    3    5.0000    1.2000
parameters
    0.0534   27.0885    8.3610  -13.5021   -5.3243   -3.2448
   -6.2209   -5.2519    7.2331    9.3311    1.1796  -17.8733
eta,q 0.96963 12.56874
  0.0341  0.0331  0.0318  0.0339  0.0333  0.0323  0.0338  0.0346  0.0324  0.0339  0.0313  0.0323
  0.0320  0.0318  0.0310  0.0317  0.0317  0.0312  0.0320  0.0321  0.0313  0.0318  0.0308  0.0312
  0.0308  0.0308  0.0305  0.0305  0.0307  0.0305  0.0308  0.0308  0.0306  0.0307  0.0305  0.0306
  0.0304  0.0304  0.0304  0.0304  0.0304  0.0304  0.0304  0.0304  0.0304  0.0304  0.0304  0.0304
  0.0309  0.0306  0.0306  0.0310  0.0308  0.0305  0.0308  0.0310  0.0305  0.0307  0.0305  0.0306
  0.0323  0.0314  0.0312  0.0321  0.0318  0.0309  0.0319  0.0326  0.0312  0.0317  0.0308  0.0313
  0.0345  0.0329  0.0321  0.0338  0.0335  0.0327  0.0336  0.0348  0.0322  0.0334  0.0314  0.0326
niter,ni,del,rscale     4    3    5.0000    1.2000
parameters
    0.0149   27.1614    8.2963  -13.5957   -5.4111   -3.2841
   -6.1676   -5.3449    7.3321    9.5159    1.0825  -18.0154
eta,q 0.96966 12.55997
  0.0342  0.0331  0.0318  0.0339  0.0333  0.0323  0.0337  0.0347  0.0323  0.0337  0.0313  0.0323
  0.0321  0.0317  0.0310  0.0318  0.0317  0.0312  0.0319  0.0322  0.0313  0.0318  0.0307  0.0312
  0.0308  0.0308  0.0305  0.0305  0.0307  0.0305  0.0307  0.0308  0.0306  0.0307  0.0304  0.0306
  0.0304  0.0304  0.0303  0.0304  0.0303  0.0303  0.0303  0.0303  0.0303  0.0303  0.0303  0.0303
  0.0309  0.0305  0.0305  0.0310  0.0307  0.0305  0.0307  0.0310  0.0306  0.0307  0.0305  0.0306
  0.0323  0.0314  0.0311  0.0321  0.0318  0.0308  0.0319  0.0325  0.0312  0.0317  0.0308  0.0313
  0.0344  0.0329  0.0320  0.0338  0.0335  0.0326  0.0336  0.0347  0.0322  0.0333  0.0313  0.0325
niter,ni,del,rscale     3    3    5.0000    1.2000
parameters
   -0.0098   27.2142    8.2543  -13.6587   -5.4792   -3.3173
   -6.1299   -5.4096    7.3945    9.6433    1.0005  -18.1237
eta,q 0.96967 12.55325
  0.0342  0.0330  0.0319  0.0340  0.0333  0.0323  0.0337  0.0347  0.0323  0.0336  0.0313  0.0323
  0.0321  0.0317  0.0310  0.0318  0.0317  0.0312  0.0319  0.0322  0.0312  0.0317  0.0307  0.0312
  0.0308  0.0308  0.0305  0.0305  0.0307  0.0305  0.0307  0.0308  0.0306  0.0307  0.0304  0.0305
  0.0303  0.0303  0.0303  0.0303  0.0303  0.0303  0.0303  0.0303  0.0303  0.0303  0.0303  0.0303
  0.0308  0.0305  0.0305  0.0310  0.0307  0.0304  0.0307  0.0309  0.0305  0.0307  0.0304  0.0305
  0.0322  0.0314  0.0311  0.0321  0.0318  0.0308  0.0319  0.0325  0.0312  0.0317  0.0308  0.0313
  0.0344  0.0329  0.0320  0.0338  0.0334  0.0326  0.0336  0.0347  0.0322  0.0333  0.0313  0.0325
niter,ni,del,rscale     2    3    5.0000    1.2000
parameters
   -0.0264   27.2528    8.2248  -13.7067   -5.5292   -3.3404
   -6.1006   -5.4544    7.4437    9.7411    0.9694  -18.1913
eta,q 0.96968 12.54846
  0.0343  0.0330  0.0319  0.0340  0.0333  0.0323  0.0337  0.0347  0.0323  0.0336  0.0313  0.0323
  0.0321  0.0317  0.0310  0.0318  0.0317  0.0312  0.0319  0.0322  0.0312  0.0317  0.0307  0.0312
  0.0307  0.0307  0.0305  0.0305  0.0307  0.0305  0.0307  0.0308  0.0306  0.0307  0.0304  0.0305
  0.0303  0.0303  0.0303  0.0303  0.0303  0.0303  0.0303  0.0303  0.0303  0.0303  0.0303  0.0303
  0.0308  0.0305  0.0305  0.0310  0.0307  0.0304  0.0307  0.0309  0.0305  0.0307  0.0304  0.0305
  0.0322  0.0314  0.0310  0.0321  0.0318  0.0308  0.0319  0.0324  0.0312  0.0317  0.0307  0.0312
  0.0343  0.0329  0.0319  0.0338  0.0334  0.0326  0.0336  0.0346  0.0322  0.0333  0.0313  0.0324
niter,ni,del,rscale     1    3    5.0000    1.2000
parameters
   -0.0387   27.2810    8.2072  -13.7350   -5.5637   -3.3537
   -6.0829   -5.4875    7.4702    9.8067    0.9217  -18.2354
eta,q 0.96968 12.54532
  0.0343  0.0330  0.0319  0.0340  0.0333  0.0323  0.0337  0.0347  0.0323  0.0335  0.0313  0.0323
  0.0321  0.0316  0.0310  0.0318  0.0317  0.0312  0.0319  0.0322  0.0312  0.0317  0.0307  0.0312
  0.0307  0.0307  0.0305  0.0305  0.0307  0.0305  0.0307  0.0308  0.0306  0.0306  0.0304  0.0305
  0.0303  0.0303  0.0303  0.0303  0.0303  0.0303  0.0303  0.0303  0.0303  0.0303  0.0303  0.0303
  0.0308  0.0306  0.0305  0.0309  0.0307  0.0304  0.0307  0.0309  0.0305  0.0307  0.0304  0.0305
  0.0322  0.0315  0.0310  0.0320  0.0317  0.0308  0.0319  0.0324  0.0312  0.0317  0.0307  0.0312
  0.0343  0.0330  0.0319  0.0338  0.0334  0.0326  0.0336  0.0346  0.0322  0.0334  0.0313  0.0324
registration optimization eta report
parameter search radius
    2.4000    2.4000    2.4000    9.5220    8.2800    7.2000
    7.2000    7.2000    7.2000    8.2800    7.2000    8.2800
100000*second partial in parameter space
       69.       46.       27.        4.        4.        4.
        6.        8.        4.        5.        2.        3.
  0.0343  0.0330  0.0319  0.0340  0.0333  0.0323  0.0337  0.0347  0.0323  0.0335  0.0313  0.0323
  0.0321  0.0316  0.0310  0.0318  0.0317  0.0312  0.0319  0.0322  0.0312  0.0317  0.0307  0.0312
  0.0307  0.0307  0.0305  0.0305  0.0307  0.0305  0.0307  0.0308  0.0306  0.0306  0.0304  0.0305
  0.0303  0.0303  0.0303  0.0303  0.0303  0.0303  0.0303  0.0303  0.0303  0.0303  0.0303  0.0303
  0.0308  0.0306  0.0305  0.0309  0.0307  0.0304  0.0307  0.0309  0.0305  0.0307  0.0304  0.0305
  0.0322  0.0315  0.0310  0.0320  0.0317  0.0308  0.0319  0.0324  0.0312  0.0317  0.0307  0.0312
  0.0343  0.0330  0.0319  0.0338  0.0334  0.0326  0.0336  0.0346  0.0322  0.0334  0.0313  0.0324
   -0.0387   27.2810    8.2072  -13.7350   -5.5637   -3.3537
   -6.0829   -5.4875    7.4702    9.8067    0.9217  -18.2354
eta,q 0.96968 12.54532

---------------------------------------------------------------------
imgreg_4dfp /opt/freesurfer/average/711-2C_as_mni_average_305 /opt/freesurfer/average/711-2B_as_mni_average_305_mask talsrcimg_g11 none talsrcimg_to_711-2C_as_mni_average_305_t4 2311
---------------------------------------------------------------------

freesurfer imgreg_4dfp.c
/opt/freesurfer/average/711-2C_as_mni_average_305.4dfp.img
       256       256       256         1
  1.000000  1.000000  1.000000
orientation T byte_order littleendian
Reading image: /opt/freesurfer/average/711-2C_as_mni_average_305.4dfp.img
dimensions:      256       256       256
mmppix:       1.0000   -1.0000   -1.0000
center:     128.0000 -129.0000 -129.0000
/opt/freesurfer/average/711-2B_as_mni_average_305_mask.4dfp.img
       256       256       256         1
  1.000000  1.000000  1.000000
orientation T byte_order littleendian
Reading mask: /opt/freesurfer/average/711-2B_as_mni_average_305_mask.4dfp.img (2306576 pixels)
talsrcimg_g11.4dfp.img
       256       256       256         1
  1.000000  1.000000  1.000000
orientation T byte_order littleendian
Reading image: talsrcimg_g11.4dfp.img
dimensions:      256       256       256
mmppix:       1.0000   -1.0000   -1.0000
center:     128.0000 -129.0000 -129.0000
fimgreg.f
image alignment mode   2311 decimal      907 hex
parameters
   -0.0387   27.2810    8.2072  -13.7350   -5.5637   -3.3537
   -6.0829   -5.4875    7.4702    9.8067    0.9217  -18.2354
eta,q 0.96969 12.54532
niter,ni,del,rscale     5    3    5.0000    0.8000
parameters
   -0.0576   27.3440    8.1994  -14.3772   -5.6126   -2.9722
   -6.1010   -5.7176    7.5019    9.9070    0.8566  -18.2987
eta,q 0.96972 12.52389
  0.0321  0.0316  0.0310  0.0310  0.0313  0.0311  0.0318  0.0321  0.0312  0.0314  0.0307  0.0309
  0.0311  0.0310  0.0306  0.0305  0.0307  0.0306  0.0310  0.0311  0.0307  0.0308  0.0305  0.0306
  0.0305  0.0305  0.0304  0.0303  0.0304  0.0303  0.0304  0.0305  0.0304  0.0304  0.0303  0.0304
  0.0303  0.0303  0.0303  0.0303  0.0303  0.0303  0.0303  0.0303  0.0303  0.0303  0.0303  0.0303
  0.0305  0.0304  0.0304  0.0305  0.0304  0.0304  0.0305  0.0306  0.0304  0.0304  0.0303  0.0303
  0.0312  0.0308  0.0306  0.0310  0.0308  0.0305  0.0310  0.0313  0.0307  0.0307  0.0305  0.0306
  0.0321  0.0315  0.0310  0.0315  0.0314  0.0308  0.0318  0.0325  0.0312  0.0313  0.0307  0.0310
niter,ni,del,rscale     4    3    5.0000    0.7000
parameters
   -0.0968   27.3783    8.1941  -14.4035   -5.6674   -2.9879
   -6.0759   -5.7816    7.5307   10.0022    0.7755  -18.3376
eta,q 0.96973 12.52008
  0.0316  0.0313  0.0308  0.0311  0.0311  0.0307  0.0315  0.0317  0.0310  0.0311  0.0306  0.0308
  0.0308  0.0308  0.0305  0.0306  0.0306  0.0304  0.0308  0.0309  0.0306  0.0307  0.0304  0.0305
  0.0304  0.0304  0.0303  0.0303  0.0304  0.0303  0.0304  0.0304  0.0304  0.0304  0.0303  0.0303
  0.0303  0.0303  0.0303  0.0303  0.0303  0.0303  0.0303  0.0303  0.0303  0.0303  0.0303  0.0303
  0.0305  0.0304  0.0303  0.0304  0.0304  0.0303  0.0304  0.0304  0.0304  0.0303  0.0303  0.0303
  0.0310  0.0307  0.0305  0.0307  0.0307  0.0304  0.0308  0.0310  0.0306  0.0306  0.0304  0.0305
  0.0317  0.0312  0.0308  0.0310  0.0312  0.0307  0.0314  0.0319  0.0310  0.0311  0.0306  0.0308
niter,ni,del,rscale     3    3    5.0000    0.6000
parameters
   -0.1136   27.4070    8.1732  -14.4868   -5.6974   -3.0616
   -6.0683   -5.8045    7.5481   10.0851    0.7676  -18.3725
eta,q 0.96974 12.51080
  0.0313  0.0310  0.0306  0.0308  0.0309  0.0306  0.0312  0.0314  0.0308  0.0309  0.0305  0.0306
  0.0307  0.0306  0.0304  0.0305  0.0305  0.0303  0.0307  0.0308  0.0305  0.0306  0.0304  0.0304
  0.0304  0.0304  0.0303  0.0303  0.0303  0.0303  0.0304  0.0304  0.0303  0.0304  0.0303  0.0303
  0.0303  0.0303  0.0303  0.0303  0.0303  0.0303  0.0303  0.0303  0.0303  0.0303  0.0303  0.0303
  0.0304  0.0303  0.0303  0.0304  0.0303  0.0303  0.0304  0.0304  0.0303  0.0303  0.0303  0.0303
  0.0307  0.0306  0.0305  0.0306  0.0306  0.0304  0.0307  0.0308  0.0305  0.0305  0.0304  0.0304
  0.0313  0.0310  0.0307  0.0309  0.0309  0.0306  0.0311  0.0314  0.0308  0.0309  0.0305  0.0306
niter,ni,del,rscale     2    3    5.0000    0.5000
parameters
   -0.1256   27.4338    8.1595  -14.5647   -5.7096   -3.2376
   -6.0637   -5.7746    7.5409   10.1219    0.7977  -18.3489
eta,q 0.96974 12.49627
  0.0310  0.0308  0.0305  0.0307  0.0307  0.0304  0.0309  0.0311  0.0306  0.0307  0.0304  0.0305
  0.0306  0.0305  0.0304  0.0304  0.0305  0.0303  0.0305  0.0306  0.0304  0.0305  0.0303  0.0304
  0.0303  0.0303  0.0303  0.0303  0.0303  0.0302  0.0303  0.0304  0.0303  0.0303  0.0303  0.0303
  0.0303  0.0303  0.0303  0.0303  0.0303  0.0303  0.0303  0.0303  0.0303  0.0303  0.0303  0.0303
  0.0303  0.0303  0.0303  0.0303  0.0303  0.0303  0.0303  0.0303  0.0303  0.0303  0.0303  0.0303
  0.0306  0.0305  0.0304  0.0305  0.0305  0.0304  0.0305  0.0306  0.0304  0.0304  0.0303  0.0304
  0.0310  0.0308  0.0305  0.0307  0.0307  0.0304  0.0309  0.0311  0.0306  0.0307  0.0304  0.0305
niter,ni,del,rscale     1    3    5.0000    0.4000
parameters
   -0.1339   27.4484    8.1547  -14.6532   -5.7149   -3.5016
   -6.0708   -5.7075    7.4905   10.1351    0.9298  -18.2211
eta,q 0.96975 12.47630
  0.0307  0.0306  0.0304  0.0305  0.0305  0.0304  0.0306  0.0308  0.0305  0.0305  0.0304  0.0304
  0.0305  0.0304  0.0303  0.0304  0.0304  0.0303  0.0304  0.0305  0.0304  0.0304  0.0303  0.0303
  0.0303  0.0303  0.0303  0.0303  0.0303  0.0302  0.0303  0.0303  0.0303  0.0303  0.0303  0.0303
  0.0303  0.0303  0.0303  0.0303  0.0303  0.0303  0.0302  0.0303  0.0302  0.0302  0.0303  0.0302
  0.0303  0.0303  0.0303  0.0303  0.0303  0.0303  0.0303  0.0303  0.0303  0.0303  0.0303  0.0303
  0.0305  0.0304  0.0303  0.0304  0.0304  0.0303  0.0304  0.0305  0.0304  0.0304  0.0303  0.0303
  0.0307  0.0306  0.0304  0.0305  0.0305  0.0304  0.0306  0.0308  0.0305  0.0305  0.0303  0.0304
registration optimization eta report
parameter search radius
    0.8000    0.8000    0.8000    2.4000    2.4000    2.4000
    2.4000    2.4000    2.4000    2.4000    2.4000    2.4000
100000*second partial in parameter space
       72.       53.       27.        5.        5.        2.
        7.        9.        4.        5.        2.        3.
  0.0307  0.0306  0.0304  0.0305  0.0305  0.0304  0.0306  0.0308  0.0305  0.0305  0.0304  0.0304
  0.0305  0.0304  0.0303  0.0304  0.0304  0.0303  0.0304  0.0305  0.0304  0.0304  0.0303  0.0303
  0.0303  0.0303  0.0303  0.0303  0.0303  0.0302  0.0303  0.0303  0.0303  0.0303  0.0303  0.0303
  0.0303  0.0303  0.0303  0.0303  0.0303  0.0303  0.0302  0.0303  0.0302  0.0302  0.0303  0.0302
  0.0303  0.0303  0.0303  0.0303  0.0303  0.0303  0.0303  0.0303  0.0303  0.0303  0.0303  0.0303
  0.0305  0.0304  0.0303  0.0304  0.0304  0.0303  0.0304  0.0305  0.0304  0.0304  0.0303  0.0303
  0.0307  0.0306  0.0304  0.0305  0.0305  0.0304  0.0306  0.0308  0.0305  0.0305  0.0303  0.0304
   -0.1339   27.4484    8.1547  -14.6532   -5.7149   -3.5016
   -6.0708   -5.7075    7.4905   10.1351    0.9298  -18.2211
eta,q 0.96975 12.47630

---------------------------------------------------------------------
imgreg_4dfp /opt/freesurfer/average/711-2C_as_mni_average_305 /opt/freesurfer/average/711-2B_as_mni_average_305_mask talsrcimg_g11 none talsrcimg_to_711-2C_as_mni_average_305_t4 2311
---------------------------------------------------------------------

freesurfer imgreg_4dfp.c
/opt/freesurfer/average/711-2C_as_mni_average_305.4dfp.img
       256       256       256         1
  1.000000  1.000000  1.000000
orientation T byte_order littleendian
Reading image: /opt/freesurfer/average/711-2C_as_mni_average_305.4dfp.img
dimensions:      256       256       256
mmppix:       1.0000   -1.0000   -1.0000
center:     128.0000 -129.0000 -129.0000
/opt/freesurfer/average/711-2B_as_mni_average_305_mask.4dfp.img
       256       256       256         1
  1.000000  1.000000  1.000000
orientation T byte_order littleendian
Reading mask: /opt/freesurfer/average/711-2B_as_mni_average_305_mask.4dfp.img (2306576 pixels)
talsrcimg_g11.4dfp.img
       256       256       256         1
  1.000000  1.000000  1.000000
orientation T byte_order littleendian
Reading image: talsrcimg_g11.4dfp.img
dimensions:      256       256       256
mmppix:       1.0000   -1.0000   -1.0000
center:     128.0000 -129.0000 -129.0000
fimgreg.f
image alignment mode   2311 decimal      907 hex
parameters
   -0.1339   27.4484    8.1547  -14.6532   -5.7149   -3.5016
   -6.0708   -5.7075    7.4905   10.1351    0.9298  -18.2211
eta,q 0.96976 12.47630
niter,ni,del,rscale     5    3    5.0000    0.8000
parameters
   -0.1273   27.4346    8.1403  -14.4896   -5.7192   -3.0897
   -6.0395   -5.8354    7.5189   10.1315    0.8355  -18.4392
eta,q 0.96973 12.50925
  0.0321  0.0315  0.0309  0.0314  0.0313  0.0311  0.0318  0.0322  0.0312  0.0313  0.0307  0.0309
  0.0311  0.0308  0.0306  0.0307  0.0307  0.0306  0.0310  0.0311  0.0307  0.0308  0.0304  0.0305
  0.0304  0.0304  0.0303  0.0304  0.0304  0.0303  0.0304  0.0305  0.0304  0.0304  0.0303  0.0303
  0.0302  0.0302  0.0302  0.0302  0.0303  0.0303  0.0303  0.0303  0.0303  0.0303  0.0303  0.0303
  0.0305  0.0304  0.0303  0.0304  0.0304  0.0303  0.0304  0.0305  0.0304  0.0304  0.0303  0.0303
  0.0311  0.0308  0.0306  0.0307  0.0308  0.0304  0.0310  0.0312  0.0307  0.0308  0.0305  0.0306
  0.0321  0.0315  0.0310  0.0312  0.0313  0.0308  0.0318  0.0324  0.0312  0.0314  0.0307  0.0310
niter,ni,del,rscale     4    3    5.0000    0.7000
parameters
   -0.1261   27.4317    8.1444  -14.4604   -5.7359   -2.9994
   -6.0345   -5.8578    7.5519   10.1648    0.7461  -18.4528
eta,q 0.96973 12.51564
  0.0317  0.0312  0.0308  0.0311  0.0311  0.0308  0.0315  0.0318  0.0310  0.0311  0.0306  0.0308
  0.0309  0.0307  0.0305  0.0306  0.0307  0.0304  0.0308  0.0309  0.0306  0.0307  0.0304  0.0305
  0.0304  0.0304  0.0303  0.0303  0.0304  0.0303  0.0304  0.0305  0.0304  0.0304  0.0303  0.0303
  0.0303  0.0303  0.0303  0.0303  0.0303  0.0303  0.0303  0.0303  0.0303  0.0303  0.0303  0.0303
  0.0304  0.0304  0.0303  0.0304  0.0304  0.0303  0.0304  0.0304  0.0304  0.0304  0.0303  0.0303
  0.0309  0.0307  0.0305  0.0306  0.0307  0.0304  0.0308  0.0310  0.0306  0.0306  0.0304  0.0305
  0.0317  0.0313  0.0308  0.0310  0.0311  0.0307  0.0315  0.0318  0.0310  0.0311  0.0306  0.0308
niter,ni,del,rscale     3    3    5.0000    0.6000
parameters
   -0.1287   27.4415    8.1469  -14.5065   -5.7392   -3.0544
   -6.0422   -5.8532    7.5720   10.1776    0.7511  -18.4378
eta,q 0.96973 12.50970
  0.0313  0.0310  0.0307  0.0309  0.0309  0.0306  0.0311  0.0314  0.0308  0.0309  0.0305  0.0306
  0.0307  0.0306  0.0304  0.0305  0.0306  0.0303  0.0306  0.0308  0.0305  0.0306  0.0304  0.0304
  0.0304  0.0304  0.0303  0.0303  0.0303  0.0303  0.0304  0.0304  0.0303  0.0303  0.0303  0.0303
  0.0303  0.0303  0.0303  0.0303  0.0303  0.0303  0.0303  0.0303  0.0303  0.0303  0.0303  0.0303
  0.0304  0.0303  0.0303  0.0304  0.0303  0.0303  0.0304  0.0304  0.0303  0.0303  0.0303  0.0303
  0.0307  0.0306  0.0304  0.0306  0.0306  0.0304  0.0307  0.0308  0.0305  0.0305  0.0304  0.0304
  0.0313  0.0310  0.0306  0.0309  0.0309  0.0306  0.0311  0.0314  0.0308  0.0309  0.0305  0.0306
niter,ni,del,rscale     2    3    5.0000    0.5000
parameters
   -0.1344   27.4489    8.1400  -14.5691   -5.7320   -3.1930
   -6.0451   -5.8187    7.5489   10.1841    0.7732  -18.4007
eta,q 0.96974 12.49852
  0.0310  0.0308  0.0305  0.0307  0.0307  0.0304  0.0309  0.0311  0.0306  0.0307  0.0304  0.0305
  0.0306  0.0305  0.0304  0.0304  0.0305  0.0303  0.0305  0.0306  0.0304  0.0305  0.0303  0.0304
  0.0303  0.0303  0.0303  0.0303  0.0303  0.0303  0.0303  0.0304  0.0303  0.0303  0.0303  0.0303
  0.0303  0.0303  0.0303  0.0303  0.0303  0.0303  0.0303  0.0303  0.0303  0.0303  0.0303  0.0303
  0.0304  0.0303  0.0303  0.0303  0.0303  0.0303  0.0303  0.0303  0.0303  0.0303  0.0303  0.0303
  0.0306  0.0305  0.0304  0.0305  0.0305  0.0303  0.0305  0.0306  0.0304  0.0305  0.0303  0.0304
  0.0310  0.0308  0.0305  0.0307  0.0307  0.0304  0.0309  0.0310  0.0306  0.0307  0.0304  0.0305
niter,ni,del,rscale     1    3    5.0000    0.4000
parameters
   -0.1387   27.4611    8.1410  -14.6439   -5.7339   -3.4908
   -6.0585   -5.7343    7.5121   10.1698    0.8602  -18.2670
eta,q 0.96975 12.47711
  0.0307  0.0306  0.0304  0.0305  0.0305  0.0304  0.0306  0.0308  0.0305  0.0305  0.0304  0.0304
  0.0305  0.0304  0.0303  0.0304  0.0304  0.0303  0.0304  0.0305  0.0304  0.0304  0.0303  0.0303
  0.0303  0.0303  0.0303  0.0303  0.0303  0.0302  0.0303  0.0303  0.0303  0.0303  0.0303  0.0303
  0.0303  0.0303  0.0303  0.0303  0.0303  0.0303  0.0303  0.0303  0.0303  0.0302  0.0302  0.0303
  0.0303  0.0303  0.0303  0.0303  0.0303  0.0303  0.0303  0.0303  0.0303  0.0303  0.0303  0.0303
  0.0305  0.0304  0.0303  0.0304  0.0304  0.0303  0.0304  0.0305  0.0304  0.0304  0.0303  0.0303
  0.0307  0.0306  0.0304  0.0305  0.0305  0.0304  0.0306  0.0307  0.0305  0.0305  0.0304  0.0304
registration optimization eta report
parameter search radius
    0.8000    0.8000    0.8000    2.4000    2.4000    2.4000
    2.4000    2.4000    2.4000    2.4000    2.4000    2.4000
100000*second partial in parameter space
       72.       52.       27.        5.        5.        2.
        7.        9.        4.        5.        2.        3.
  0.0307  0.0306  0.0304  0.0305  0.0305  0.0304  0.0306  0.0308  0.0305  0.0305  0.0304  0.0304
  0.0305  0.0304  0.0303  0.0304  0.0304  0.0303  0.0304  0.0305  0.0304  0.0304  0.0303  0.0303
  0.0303  0.0303  0.0303  0.0303  0.0303  0.0302  0.0303  0.0303  0.0303  0.0303  0.0303  0.0303
  0.0303  0.0303  0.0303  0.0303  0.0303  0.0303  0.0303  0.0303  0.0303  0.0302  0.0302  0.0303
  0.0303  0.0303  0.0303  0.0303  0.0303  0.0303  0.0303  0.0303  0.0303  0.0303  0.0303  0.0303
  0.0305  0.0304  0.0303  0.0304  0.0304  0.0303  0.0304  0.0305  0.0304  0.0304  0.0303  0.0303
  0.0307  0.0306  0.0304  0.0305  0.0305  0.0304  0.0306  0.0307  0.0305  0.0305  0.0304  0.0304
   -0.1387   27.4611    8.1410  -14.6439   -5.7339   -3.4908
   -6.0585   -5.7343    7.5121   10.1698    0.8602  -18.2670
eta,q 0.96975 12.47711

---------------------------------------------------------------------
compute_vox2vox talsrcimg talsrcimg_to_711-2C_as_mni_average_305_t4 /opt/freesurfer/average/711-2C_as_mni_average_305
---------------------------------------------------------------------

freesurfer compute_vox2vox.c
Reading: talsrcimg.4dfp.ifh
Reading: talsrcimg_to_711-2C_as_mni_average_305_t4
Reading: /opt/freesurfer/average/711-2C_as_mni_average_305.4dfp.ifh
Writing: talsrcimg_to_711-2C_as_mni_average_305_t4_vox2vox.txt

start time Tue Mar 10 04:17:53 CET 2026
end		time Tue Mar 10 04:18:08 CET 2026

mpr2mni305 success

avi2talxfm orig_nu.mgz /opt/freesurfer/average/mni305.cor.mgz talsrcimg_to_711-2C_as_mni_average_305_t4_vox2vox.txt transforms/talairach.auto.xfm
avi2talxfm done
mv -f /out/sourcedata/freesurfer/sub-v1s5x0050737_ses-1/mri/talsrcimg_to_711-2C_as_mni_average_305_t4_vox2vox.txt /out/sourcedata/freesurfer/sub-v1s5x0050737_ses-1/mri/transforms/talsrcimg_to_711-2C_as_mni_average_305_t4_vox2vox.txt
lta_convert --src orig_nu.mgz --trg /opt/freesurfer/average/mni305.cor.mgz --inxfm transforms/talairach.auto.xfm --outlta transforms/talairach.auto.xfm.lta --subject fsaverage
7.3.2

--src: orig_nu.mgz src image (geometry).
--trg: /opt/freesurfer/average/mni305.cor.mgz trg image (geometry).
--inmni: transforms/talairach.auto.xfm input MNI/XFM transform.
--outlta: transforms/talairach.auto.xfm.lta output LTA.
--s: fsaverage subject name
 LTA read, type : 1
 1.16335   0.06002   0.08640   0.37836;
-0.02736   1.01402   0.19474  -17.81361;
-0.08976  -0.11418   1.03293  -10.62525;
 0.00000   0.00000   0.00000   1.00000;
setting subject to fsaverage
Writing  LTA to file transforms/talairach.auto.xfm.lta...
lta_convert successful.
 
 
Started at Tue Mar 10 04:17:53 CET 2026
Ended   at Tue Mar 10 04:18:08 CET 2026
talairach_avi done
