status file for recon-all
Tue Mar 10 05:11:49 CET 2026
#@# Tessellate lh Tue Mar 10 05:11:49 CET 2026
#@# Smooth1 lh Tue Mar 10 05:11:52 CET 2026
#@# Inflation1 lh Tue Mar 10 05:11:55 CET 2026
#@# QSphere lh Tue Mar 10 05:12:05 CET 2026
#@# Fix Topology lh Tue Mar 10 05:13:07 CET 2026
#@# Smooth2 lh Tue Mar 10 05:18:00 CET 2026
#@# Inflation2 lh Tue Mar 10 05:18:03 CET 2026
#@# Curv .H and .K lh Tue Mar 10 05:18:14 CET 2026
#@# Sphere lh Tue Mar 10 05:19:02 CET 2026
#@# Surf Reg lh Tue Mar 10 05:22:02 CET 2026
#@# Jacobian white lh Tue Mar 10 05:25:11 CET 2026
#@# AvgCurv lh Tue Mar 10 05:25:11 CET 2026
#@# Cortical Parc lh Tue Mar 10 05:25:12 CET 2026
#@# white curv lh Tue Mar 10 05:31:04 CET 2026
#@# white area lh Tue Mar 10 05:31:06 CET 2026
#@# pial curv lh Tue Mar 10 05:31:06 CET 2026
#@# pial area lh Tue Mar 10 05:31:08 CET 2026
#@# thickness lh Tue Mar 10 05:31:09 CET 2026
#@# area and vertex vol lh Tue Mar 10 05:31:39 CET 2026
#@# Curvature Stats lh Tue Mar 10 05:31:40 CET 2026
#@# Cortical Parc 2 lh Tue Mar 10 05:31:43 CET 2026
#@# Cortical Parc 3 lh Tue Mar 10 05:31:56 CET 2026
#@# WM/GM Contrast lh Tue Mar 10 05:32:05 CET 2026
recon-all -s sub-v1s5x0050726_ses-1 finished without error at Tue Mar 10 05:32:08 CET 2026



#New# invocation of recon-all 



status file for recon-all
Tue Mar 10 05:56:55 CET 2026
#@# white curv lh Tue Mar 10 05:56:55 CET 2026
#@# white area lh Tue Mar 10 05:56:55 CET 2026
#@# pial curv lh Tue Mar 10 05:56:55 CET 2026
#@# pial area lh Tue Mar 10 05:56:55 CET 2026
#@# thickness lh Tue Mar 10 05:56:55 CET 2026
#@# area and vertex vol lh Tue Mar 10 05:56:55 CET 2026
#@# Parcellation Stats lh Tue Mar 10 05:56:55 CET 2026
#@# Parcellation Stats 2 lh Tue Mar 10 05:57:14 CET 2026
#@# Parcellation Stats 3 lh Tue Mar 10 05:57:23 CET 2026
#@# BA_exvivo Labels lh Tue Mar 10 05:57:32 CET 2026
recon-all -s sub-v1s5x0050726_ses-1 finished without error at Tue Mar 10 05:59:58 CET 2026
