status file for recon-all
Tue Mar 10 03:35:43 CET 2026
#@# MotionCor Tue Mar 10 03:35:45 CET 2026
#@# Talairach Tue Mar 10 03:35:55 CET 2026
#@# Talairach Failure Detection Tue Mar 10 03:40:17 CET 2026
#@# Nu Intensity Correction Tue Mar 10 03:40:17 CET 2026
#@# Intensity Normalization Tue Mar 10 03:43:31 CET 2026
recon-all -s sub-v1s5x0050726_ses-1 finished without error at Tue Mar 10 03:45:00 CET 2026



#New# invocation of recon-all 



status file for recon-all
Tue Mar 10 03:51:54 CET 2026
#@# EM Registration Tue Mar 10 03:51:54 CET 2026
recon-all -s sub-v1s5x0050726_ses-1 finished without error at Tue Mar 10 03:53:16 CET 2026



#New# invocation of recon-all 



status file for recon-all
Tue Mar 10 03:53:20 CET 2026
#@# CA Normalize Tue Mar 10 03:53:20 CET 2026
#@# CA Reg Tue Mar 10 03:54:39 CET 2026
#@# SubCort Seg Tue Mar 10 04:35:46 CET 2026
#@# CC Seg Tue Mar 10 05:05:54 CET 2026
#@# Merge ASeg Tue Mar 10 05:06:30 CET 2026
#@# Intensity Normalization2 Tue Mar 10 05:06:30 CET 2026
#@# Mask BFS Tue Mar 10 05:08:46 CET 2026
#@# WM Segmentation Tue Mar 10 05:08:47 CET 2026
#@# Fill Tue Mar 10 05:10:43 CET 2026
recon-all -s sub-v1s5x0050726_ses-1 finished without error at Tue Mar 10 05:11:45 CET 2026



#New# invocation of recon-all 



status file for recon-all
Tue Mar 10 05:51:59 CET 2026
#@# white curv lh Tue Mar 10 05:51:59 CET 2026
#@# white area lh Tue Mar 10 05:51:59 CET 2026
#@# pial curv lh Tue Mar 10 05:51:59 CET 2026
#@# pial area lh Tue Mar 10 05:51:59 CET 2026
#@# thickness lh Tue Mar 10 05:51:59 CET 2026
#@# area and vertex vol lh Tue Mar 10 05:51:59 CET 2026
#@# white curv rh Tue Mar 10 05:51:59 CET 2026
#@# white area rh Tue Mar 10 05:51:59 CET 2026
#@# pial curv rh Tue Mar 10 05:51:59 CET 2026
#@# pial area rh Tue Mar 10 05:51:59 CET 2026
#@# thickness rh Tue Mar 10 05:51:59 CET 2026
#@# area and vertex vol rh Tue Mar 10 05:51:59 CET 2026
#@# Cortical ribbon mask Tue Mar 10 05:51:59 CET 2026
recon-all -s sub-v1s5x0050726_ses-1 finished without error at Tue Mar 10 05:56:51 CET 2026



#New# invocation of recon-all 



status file for recon-all
Tue Mar 10 06:03:06 CET 2026
#@# white curv lh Tue Mar 10 06:03:07 CET 2026
#@# white area lh Tue Mar 10 06:03:07 CET 2026
#@# pial curv lh Tue Mar 10 06:03:07 CET 2026
#@# pial area lh Tue Mar 10 06:03:07 CET 2026
#@# thickness lh Tue Mar 10 06:03:07 CET 2026
#@# area and vertex vol lh Tue Mar 10 06:03:07 CET 2026
#@# white curv rh Tue Mar 10 06:03:07 CET 2026
#@# white area rh Tue Mar 10 06:03:07 CET 2026
#@# pial curv rh Tue Mar 10 06:03:07 CET 2026
#@# pial area rh Tue Mar 10 06:03:07 CET 2026
#@# thickness rh Tue Mar 10 06:03:07 CET 2026
#@# area and vertex vol rh Tue Mar 10 06:03:07 CET 2026
#@# Curvature Stats lh Tue Mar 10 06:03:07 CET 2026
#@# Curvature Stats rh Tue Mar 10 06:03:09 CET 2026
#@# Relabel Hypointensities Tue Mar 10 06:03:11 CET 2026
#@# APas-to-ASeg Tue Mar 10 06:03:27 CET 2026
#@# AParc-to-ASeg aparc Tue Mar 10 06:03:34 CET 2026
#@# AParc-to-ASeg aparc.a2009s Tue Mar 10 06:04:09 CET 2026
#@# AParc-to-ASeg aparc.DKTatlas Tue Mar 10 06:04:45 CET 2026
#@# WMParc Tue Mar 10 06:05:21 CET 2026
#@# ASeg Stats Tue Mar 10 06:08:50 CET 2026
recon-all -s sub-v1s5x0050726_ses-1 finished without error at Tue Mar 10 06:09:22 CET 2026
