status file for recon-all
Tue Mar 10 05:15:08 CET 2026
#@# MotionCor Tue Mar 10 05:15:10 CET 2026
#@# Talairach Tue Mar 10 05:15:20 CET 2026
#@# Talairach Failure Detection Tue Mar 10 05:19:45 CET 2026
#@# Nu Intensity Correction Tue Mar 10 05:19:45 CET 2026
#@# Intensity Normalization Tue Mar 10 05:23:02 CET 2026
recon-all -s sub-v1s5x0050755_ses-1 finished without error at Tue Mar 10 05:24:31 CET 2026



#New# invocation of recon-all 



status file for recon-all
Tue Mar 10 05:31:44 CET 2026
#@# EM Registration Tue Mar 10 05:31:44 CET 2026
recon-all -s sub-v1s5x0050755_ses-1 finished without error at Tue Mar 10 05:33:49 CET 2026



#New# invocation of recon-all 



status file for recon-all
Tue Mar 10 05:33:52 CET 2026
#@# CA Normalize Tue Mar 10 05:33:52 CET 2026
#@# CA Reg Tue Mar 10 05:35:13 CET 2026
#@# SubCort Seg Tue Mar 10 06:27:57 CET 2026
#@# CC Seg Tue Mar 10 06:59:15 CET 2026
#@# Merge ASeg Tue Mar 10 06:59:49 CET 2026
#@# Intensity Normalization2 Tue Mar 10 06:59:49 CET 2026
#@# Mask BFS Tue Mar 10 07:02:05 CET 2026
#@# WM Segmentation Tue Mar 10 07:02:06 CET 2026
#@# Fill Tue Mar 10 07:03:56 CET 2026
recon-all -s sub-v1s5x0050755_ses-1 finished without error at Tue Mar 10 07:04:57 CET 2026



#New# invocation of recon-all 



status file for recon-all
Tue Mar 10 07:50:55 CET 2026
#@# white curv lh Tue Mar 10 07:50:55 CET 2026
#@# white area lh Tue Mar 10 07:50:55 CET 2026
#@# pial curv lh Tue Mar 10 07:50:55 CET 2026
#@# pial area lh Tue Mar 10 07:50:55 CET 2026
#@# thickness lh Tue Mar 10 07:50:55 CET 2026
#@# area and vertex vol lh Tue Mar 10 07:50:55 CET 2026
#@# white curv rh Tue Mar 10 07:50:55 CET 2026
#@# white area rh Tue Mar 10 07:50:55 CET 2026
#@# pial curv rh Tue Mar 10 07:50:55 CET 2026
#@# pial area rh Tue Mar 10 07:50:55 CET 2026
#@# thickness rh Tue Mar 10 07:50:55 CET 2026
#@# area and vertex vol rh Tue Mar 10 07:50:55 CET 2026
#@# Cortical ribbon mask Tue Mar 10 07:50:55 CET 2026
recon-all -s sub-v1s5x0050755_ses-1 finished without error at Tue Mar 10 07:55:24 CET 2026



#New# invocation of recon-all 



status file for recon-all
Tue Mar 10 08:01:53 CET 2026
#@# white curv lh Tue Mar 10 08:01:53 CET 2026
#@# white area lh Tue Mar 10 08:01:53 CET 2026
#@# pial curv lh Tue Mar 10 08:01:53 CET 2026
#@# pial area lh Tue Mar 10 08:01:53 CET 2026
#@# thickness lh Tue Mar 10 08:01:53 CET 2026
#@# area and vertex vol lh Tue Mar 10 08:01:53 CET 2026
#@# white curv rh Tue Mar 10 08:01:53 CET 2026
#@# white area rh Tue Mar 10 08:01:53 CET 2026
#@# pial curv rh Tue Mar 10 08:01:53 CET 2026
#@# pial area rh Tue Mar 10 08:01:53 CET 2026
#@# thickness rh Tue Mar 10 08:01:53 CET 2026
#@# area and vertex vol rh Tue Mar 10 08:01:53 CET 2026
#@# Curvature Stats lh Tue Mar 10 08:01:53 CET 2026
#@# Curvature Stats rh Tue Mar 10 08:01:55 CET 2026
#@# Relabel Hypointensities Tue Mar 10 08:01:58 CET 2026
#@# APas-to-ASeg Tue Mar 10 08:02:12 CET 2026
#@# AParc-to-ASeg aparc Tue Mar 10 08:02:21 CET 2026
#@# AParc-to-ASeg aparc.a2009s Tue Mar 10 08:03:07 CET 2026
#@# AParc-to-ASeg aparc.DKTatlas Tue Mar 10 08:03:53 CET 2026
#@# WMParc Tue Mar 10 08:04:33 CET 2026
#@# ASeg Stats Tue Mar 10 08:08:49 CET 2026
recon-all -s sub-v1s5x0050755_ses-1 finished without error at Tue Mar 10 08:09:27 CET 2026
