status file for recon-all
Tue Mar 10 07:05:02 CET 2026
#@# Tessellate lh Tue Mar 10 07:05:02 CET 2026
#@# Smooth1 lh Tue Mar 10 07:05:06 CET 2026
#@# Inflation1 lh Tue Mar 10 07:05:08 CET 2026
#@# QSphere lh Tue Mar 10 07:05:20 CET 2026
#@# Fix Topology lh Tue Mar 10 07:06:26 CET 2026
#@# Smooth2 lh Tue Mar 10 07:11:50 CET 2026
#@# Inflation2 lh Tue Mar 10 07:11:53 CET 2026
#@# Curv .H and .K lh Tue Mar 10 07:12:07 CET 2026
#@# Sphere lh Tue Mar 10 07:12:51 CET 2026
#@# Surf Reg lh Tue Mar 10 07:16:35 CET 2026
#@# Jacobian white lh Tue Mar 10 07:20:11 CET 2026
#@# AvgCurv lh Tue Mar 10 07:20:12 CET 2026
#@# Cortical Parc lh Tue Mar 10 07:20:13 CET 2026
#@# white curv lh Tue Mar 10 07:26:34 CET 2026
#@# white area lh Tue Mar 10 07:26:36 CET 2026
#@# pial curv lh Tue Mar 10 07:26:37 CET 2026
#@# pial area lh Tue Mar 10 07:26:39 CET 2026
#@# thickness lh Tue Mar 10 07:26:39 CET 2026
#@# area and vertex vol lh Tue Mar 10 07:27:07 CET 2026
#@# Curvature Stats lh Tue Mar 10 07:27:08 CET 2026
#@# Cortical Parc 2 lh Tue Mar 10 07:27:11 CET 2026
#@# Cortical Parc 3 lh Tue Mar 10 07:27:23 CET 2026
#@# WM/GM Contrast lh Tue Mar 10 07:27:33 CET 2026
recon-all -s sub-v1s5x0050755_ses-1 finished without error at Tue Mar 10 07:27:36 CET 2026



#New# invocation of recon-all 



status file for recon-all
Tue Mar 10 07:55:29 CET 2026
#@# white curv lh Tue Mar 10 07:55:29 CET 2026
#@# white area lh Tue Mar 10 07:55:29 CET 2026
#@# pial curv lh Tue Mar 10 07:55:29 CET 2026
#@# pial area lh Tue Mar 10 07:55:29 CET 2026
#@# thickness lh Tue Mar 10 07:55:29 CET 2026
#@# area and vertex vol lh Tue Mar 10 07:55:29 CET 2026
#@# Parcellation Stats lh Tue Mar 10 07:55:29 CET 2026
#@# Parcellation Stats 2 lh Tue Mar 10 07:55:46 CET 2026
#@# Parcellation Stats 3 lh Tue Mar 10 07:55:55 CET 2026
#@# BA_exvivo Labels lh Tue Mar 10 07:56:04 CET 2026
recon-all -s sub-v1s5x0050755_ses-1 finished without error at Tue Mar 10 07:58:37 CET 2026
