status file for recon-all
Tue Mar 10 07:27:39 CET 2026
#@# Tessellate rh Tue Mar 10 07:27:39 CET 2026
#@# Smooth1 rh Tue Mar 10 07:27:42 CET 2026
#@# Inflation1 rh Tue Mar 10 07:27:45 CET 2026
#@# QSphere rh Tue Mar 10 07:27:57 CET 2026
#@# Fix Topology rh Tue Mar 10 07:29:26 CET 2026
#@# Smooth2 rh Tue Mar 10 07:35:11 CET 2026
#@# Inflation2 rh Tue Mar 10 07:35:14 CET 2026
#@# Curv .H and .K rh Tue Mar 10 07:35:28 CET 2026
#@# Sphere rh Tue Mar 10 07:36:13 CET 2026
#@# Surf Reg rh Tue Mar 10 07:39:23 CET 2026
#@# Jacobian white rh Tue Mar 10 07:43:19 CET 2026
#@# AvgCurv rh Tue Mar 10 07:43:20 CET 2026
#@# Cortical Parc rh Tue Mar 10 07:43:20 CET 2026
#@# white curv rh Tue Mar 10 07:49:47 CET 2026
#@# white area rh Tue Mar 10 07:49:49 CET 2026
#@# pial curv rh Tue Mar 10 07:49:49 CET 2026
#@# pial area rh Tue Mar 10 07:49:51 CET 2026
#@# thickness rh Tue Mar 10 07:49:52 CET 2026
#@# area and vertex vol rh Tue Mar 10 07:50:20 CET 2026
#@# Curvature Stats rh Tue Mar 10 07:50:21 CET 2026
#@# Cortical Parc 2 rh Tue Mar 10 07:50:23 CET 2026
#@# Cortical Parc 3 rh Tue Mar 10 07:50:36 CET 2026
#@# WM/GM Contrast rh Tue Mar 10 07:50:46 CET 2026
recon-all -s sub-v1s5x0050755_ses-1 finished without error at Tue Mar 10 07:50:49 CET 2026



#New# invocation of recon-all 



status file for recon-all
Tue Mar 10 07:58:40 CET 2026
#@# white curv rh Tue Mar 10 07:58:40 CET 2026
#@# white area rh Tue Mar 10 07:58:40 CET 2026
#@# pial curv rh Tue Mar 10 07:58:40 CET 2026
#@# pial area rh Tue Mar 10 07:58:40 CET 2026
#@# thickness rh Tue Mar 10 07:58:40 CET 2026
#@# area and vertex vol rh Tue Mar 10 07:58:40 CET 2026
#@# Parcellation Stats rh Tue Mar 10 07:58:40 CET 2026
#@# Parcellation Stats 2 rh Tue Mar 10 07:58:59 CET 2026
#@# Parcellation Stats 3 rh Tue Mar 10 07:59:08 CET 2026
#@# BA_exvivo Labels rh Tue Mar 10 07:59:16 CET 2026
recon-all -s sub-v1s5x0050755_ses-1 finished without error at Tue Mar 10 08:01:48 CET 2026
