status file for recon-all
Tue Mar 10 06:29:05 CET 2026
#@# Tessellate lh Tue Mar 10 06:29:05 CET 2026
#@# Smooth1 lh Tue Mar 10 06:29:08 CET 2026
#@# Inflation1 lh Tue Mar 10 06:29:10 CET 2026
#@# QSphere lh Tue Mar 10 06:29:20 CET 2026
#@# Fix Topology lh Tue Mar 10 06:30:04 CET 2026
#@# Smooth2 lh Tue Mar 10 06:35:00 CET 2026
#@# Inflation2 lh Tue Mar 10 06:35:02 CET 2026
#@# Curv .H and .K lh Tue Mar 10 06:35:13 CET 2026
#@# Sphere lh Tue Mar 10 06:35:45 CET 2026
#@# Surf Reg lh Tue Mar 10 06:36:49 CET 2026
#@# Jacobian white lh Tue Mar 10 06:39:32 CET 2026
#@# AvgCurv lh Tue Mar 10 06:39:32 CET 2026
#@# Cortical Parc lh Tue Mar 10 06:39:33 CET 2026
#@# white curv lh Tue Mar 10 06:44:40 CET 2026
#@# white area lh Tue Mar 10 06:44:41 CET 2026
#@# pial curv lh Tue Mar 10 06:44:41 CET 2026
#@# pial area lh Tue Mar 10 06:44:43 CET 2026
#@# thickness lh Tue Mar 10 06:44:43 CET 2026
#@# area and vertex vol lh Tue Mar 10 06:45:01 CET 2026
#@# Curvature Stats lh Tue Mar 10 06:45:02 CET 2026
#@# Cortical Parc 2 lh Tue Mar 10 06:45:03 CET 2026
#@# Cortical Parc 3 lh Tue Mar 10 06:45:12 CET 2026
#@# WM/GM Contrast lh Tue Mar 10 06:45:19 CET 2026
recon-all -s sub-v1s5x0050751_ses-1 finished without error at Tue Mar 10 06:45:21 CET 2026



#New# invocation of recon-all 



status file for recon-all
Tue Mar 10 07:07:30 CET 2026
#@# white curv lh Tue Mar 10 07:07:30 CET 2026
#@# white area lh Tue Mar 10 07:07:30 CET 2026
#@# pial curv lh Tue Mar 10 07:07:30 CET 2026
#@# pial area lh Tue Mar 10 07:07:30 CET 2026
#@# thickness lh Tue Mar 10 07:07:30 CET 2026
#@# area and vertex vol lh Tue Mar 10 07:07:30 CET 2026
#@# Parcellation Stats lh Tue Mar 10 07:07:30 CET 2026
#@# Parcellation Stats 2 lh Tue Mar 10 07:07:41 CET 2026
#@# Parcellation Stats 3 lh Tue Mar 10 07:07:47 CET 2026
#@# BA_exvivo Labels lh Tue Mar 10 07:07:53 CET 2026
recon-all -s sub-v1s5x0050751_ses-1 finished without error at Tue Mar 10 07:09:40 CET 2026
