status file for recon-all
Tue Mar 10 05:03:45 CET 2026
#@# MotionCor Tue Mar 10 05:03:47 CET 2026
#@# Talairach Tue Mar 10 05:03:53 CET 2026
#@# Talairach Failure Detection Tue Mar 10 05:06:44 CET 2026
#@# Nu Intensity Correction Tue Mar 10 05:06:44 CET 2026
#@# Intensity Normalization Tue Mar 10 05:09:31 CET 2026
recon-all -s sub-v1s5x0050751_ses-1 finished without error at Tue Mar 10 05:10:41 CET 2026



#New# invocation of recon-all 



status file for recon-all
Tue Mar 10 05:16:33 CET 2026
#@# EM Registration Tue Mar 10 05:16:33 CET 2026
recon-all -s sub-v1s5x0050751_ses-1 finished without error at Tue Mar 10 05:18:15 CET 2026



#New# invocation of recon-all 



status file for recon-all
Tue Mar 10 05:18:18 CET 2026
#@# CA Normalize Tue Mar 10 05:18:18 CET 2026
#@# CA Reg Tue Mar 10 05:19:12 CET 2026
#@# SubCort Seg Tue Mar 10 06:03:32 CET 2026
#@# CC Seg Tue Mar 10 06:25:02 CET 2026
#@# Merge ASeg Tue Mar 10 06:25:27 CET 2026
#@# Intensity Normalization2 Tue Mar 10 06:25:27 CET 2026
#@# Mask BFS Tue Mar 10 06:26:55 CET 2026
#@# WM Segmentation Tue Mar 10 06:26:56 CET 2026
#@# Fill Tue Mar 10 06:28:22 CET 2026
recon-all -s sub-v1s5x0050751_ses-1 finished without error at Tue Mar 10 06:29:02 CET 2026



#New# invocation of recon-all 



status file for recon-all
Tue Mar 10 07:04:25 CET 2026
#@# white curv lh Tue Mar 10 07:04:25 CET 2026
#@# white area lh Tue Mar 10 07:04:25 CET 2026
#@# pial curv lh Tue Mar 10 07:04:25 CET 2026
#@# pial area lh Tue Mar 10 07:04:25 CET 2026
#@# thickness lh Tue Mar 10 07:04:25 CET 2026
#@# area and vertex vol lh Tue Mar 10 07:04:25 CET 2026
#@# white curv rh Tue Mar 10 07:04:26 CET 2026
#@# white area rh Tue Mar 10 07:04:26 CET 2026
#@# pial curv rh Tue Mar 10 07:04:26 CET 2026
#@# pial area rh Tue Mar 10 07:04:26 CET 2026
#@# thickness rh Tue Mar 10 07:04:26 CET 2026
#@# area and vertex vol rh Tue Mar 10 07:04:26 CET 2026
#@# Cortical ribbon mask Tue Mar 10 07:04:26 CET 2026
recon-all -s sub-v1s5x0050751_ses-1 finished without error at Tue Mar 10 07:07:26 CET 2026



#New# invocation of recon-all 



status file for recon-all
Tue Mar 10 07:11:57 CET 2026
#@# white curv lh Tue Mar 10 07:11:58 CET 2026
#@# white area lh Tue Mar 10 07:11:58 CET 2026
#@# pial curv lh Tue Mar 10 07:11:58 CET 2026
#@# pial area lh Tue Mar 10 07:11:58 CET 2026
#@# thickness lh Tue Mar 10 07:11:58 CET 2026
#@# area and vertex vol lh Tue Mar 10 07:11:58 CET 2026
#@# white curv rh Tue Mar 10 07:11:58 CET 2026
#@# white area rh Tue Mar 10 07:11:58 CET 2026
#@# pial curv rh Tue Mar 10 07:11:58 CET 2026
#@# pial area rh Tue Mar 10 07:11:58 CET 2026
#@# thickness rh Tue Mar 10 07:11:58 CET 2026
#@# area and vertex vol rh Tue Mar 10 07:11:58 CET 2026
#@# Curvature Stats lh Tue Mar 10 07:11:58 CET 2026
#@# Curvature Stats rh Tue Mar 10 07:11:59 CET 2026
#@# Relabel Hypointensities Tue Mar 10 07:12:01 CET 2026
#@# APas-to-ASeg Tue Mar 10 07:12:11 CET 2026
#@# AParc-to-ASeg aparc Tue Mar 10 07:12:17 CET 2026
#@# AParc-to-ASeg aparc.a2009s Tue Mar 10 07:12:37 CET 2026
#@# AParc-to-ASeg aparc.DKTatlas Tue Mar 10 07:12:56 CET 2026
#@# WMParc Tue Mar 10 07:13:12 CET 2026
#@# ASeg Stats Tue Mar 10 07:14:53 CET 2026
recon-all -s sub-v1s5x0050751_ses-1 finished without error at Tue Mar 10 07:15:13 CET 2026
