status file for recon-all
Tue Mar 10 06:45:25 CET 2026
#@# Tessellate rh Tue Mar 10 06:45:25 CET 2026
#@# Smooth1 rh Tue Mar 10 06:45:27 CET 2026
#@# Inflation1 rh Tue Mar 10 06:45:29 CET 2026
#@# QSphere rh Tue Mar 10 06:45:40 CET 2026
#@# Fix Topology rh Tue Mar 10 06:46:26 CET 2026
#@# Smooth2 rh Tue Mar 10 06:51:25 CET 2026
#@# Inflation2 rh Tue Mar 10 06:51:27 CET 2026
#@# Curv .H and .K rh Tue Mar 10 06:51:38 CET 2026
#@# Sphere rh Tue Mar 10 06:52:11 CET 2026
#@# Surf Reg rh Tue Mar 10 06:55:22 CET 2026
#@# Jacobian white rh Tue Mar 10 06:58:12 CET 2026
#@# AvgCurv rh Tue Mar 10 06:58:13 CET 2026
#@# Cortical Parc rh Tue Mar 10 06:58:14 CET 2026
#@# white curv rh Tue Mar 10 07:03:39 CET 2026
#@# white area rh Tue Mar 10 07:03:41 CET 2026
#@# pial curv rh Tue Mar 10 07:03:41 CET 2026
#@# pial area rh Tue Mar 10 07:03:42 CET 2026
#@# thickness rh Tue Mar 10 07:03:43 CET 2026
#@# area and vertex vol rh Tue Mar 10 07:04:01 CET 2026
#@# Curvature Stats rh Tue Mar 10 07:04:02 CET 2026
#@# Cortical Parc 2 rh Tue Mar 10 07:04:04 CET 2026
#@# Cortical Parc 3 rh Tue Mar 10 07:04:13 CET 2026
#@# WM/GM Contrast rh Tue Mar 10 07:04:20 CET 2026
recon-all -s sub-v1s5x0050751_ses-1 finished without error at Tue Mar 10 07:04:22 CET 2026



#New# invocation of recon-all 



status file for recon-all
Tue Mar 10 07:09:43 CET 2026
#@# white curv rh Tue Mar 10 07:09:44 CET 2026
#@# white area rh Tue Mar 10 07:09:44 CET 2026
#@# pial curv rh Tue Mar 10 07:09:44 CET 2026
#@# pial area rh Tue Mar 10 07:09:44 CET 2026
#@# thickness rh Tue Mar 10 07:09:44 CET 2026
#@# area and vertex vol rh Tue Mar 10 07:09:44 CET 2026
#@# Parcellation Stats rh Tue Mar 10 07:09:44 CET 2026
#@# Parcellation Stats 2 rh Tue Mar 10 07:09:55 CET 2026
#@# Parcellation Stats 3 rh Tue Mar 10 07:10:01 CET 2026
#@# BA_exvivo Labels rh Tue Mar 10 07:10:07 CET 2026
recon-all -s sub-v1s5x0050751_ses-1 finished without error at Tue Mar 10 07:11:53 CET 2026
