/out/sourcedata/freesurfer/sub-v1s5x0050757_ses-1/mri
/opt/freesurfer/bin/talairach_avi
--i orig_nu.mgz --xfm transforms/talairach.auto.xfm
talairach_avi 7.3.2
Linux dna007 5.14.0-427.37.1.el9_4.x86_64 #1 SMP PREEMPT_DYNAMIC Fri Sep 13 12:41:50 EDT 2024 x86_64 x86_64 x86_64 GNU/Linux
Tue Mar 10 05:21:13 CET 2026
mri_convert orig_nu.mgz talsrcimg.img 
reading from orig_nu.mgz...
TR=0.00, TE=0.00, TI=0.00, flip angle=0.00
i_ras = (-1, 5.23869e-09, 0)
j_ras = (0, -7.45058e-09, -1)
k_ras = (2.38651e-09, 1, 0)
writing to talsrcimg.img...
Analyze Output Matrix
-1.00000   0.00000   0.00000   132.66071;
 0.00000  -0.00000   1.00000  -121.76155;
 0.00000  -1.00000   0.00000   119.54829;
 0.00000   0.00000   0.00000   1.00000;
--------------------
INFO: set hdr.hist.orient to -1
mpr2mni305 talsrcimg
Tue Mar 10 05:21:13 CET 2026
/opt/freesurfer/bin/mpr2mni305 talsrcimg
mpr2mni305 7.3.2
target=711-2C_as_mni_average_305

---------------------------------------------------------------------
analyzeto4dfp talsrcimg -O0 -y
---------------------------------------------------------------------

freesurfer ifh2hdr.c
Tue Mar 10 05:21:14 2026
Writing: talsrcimg.4dfp.hdr
freesurfer analyzeto4dfp.c
Reading: talsrcimg.hdr
header size 348 bytes
hdr.dime.datatype	offset=70	value=2
hdr.dime.bitpix		offset=72	value=8
hdr.hist.orient		offset=252	value=-1
dimensionality     4
dimensions       256       256       256         1
Reading: talsrcimg.img
Writing: talsrcimg.4dfp.img
Writing: talsrcimg.4dfp.ifh
ifh2hdr talsrcimg -r0to236
ori=2

---------------------------------------------------------------------
gauss_4dfp talsrcimg 1.1
---------------------------------------------------------------------

freesurfer gauss_4dfp.c
Reading: talsrcimg.4dfp.img
Writing: talsrcimg_g11.4dfp.img
image dimensions 256 256 256 padded to 288 288 288
processing volume 1freesurfer ifh2hdr.c
Tue Mar 10 05:21:15 2026
Writing: talsrcimg_g11.4dfp.hdr

Writing: talsrcimg_g11.4dfp.ifh
including: talsrcimg.4dfp.img.rec in talsrcimg_g11.4dfp.img.rec

---------------------------------------------------------------------
imgreg_4dfp /opt/freesurfer/average/711-2C_as_mni_average_305 none talsrcimg_g11 none talsrcimg_to_711-2C_as_mni_average_305_t4 4355
---------------------------------------------------------------------

freesurfer imgreg_4dfp.c
/opt/freesurfer/average/711-2C_as_mni_average_305.4dfp.img
       256       256       256         1
  1.000000  1.000000  1.000000
orientation T byte_order littleendian
Reading image: /opt/freesurfer/average/711-2C_as_mni_average_305.4dfp.img
dimensions:      256       256       256
mmppix:       1.0000   -1.0000   -1.0000
center:     128.0000 -129.0000 -129.0000
talsrcimg_g11.4dfp.img
       256       256       256         1
  1.000000  1.000000  1.000000
orientation T byte_order littleendian
Reading image: talsrcimg_g11.4dfp.img
dimensions:      256       256       256
mmppix:       1.0000   -1.0000   -1.0000
center:     128.0000 -129.0000 -129.0000
t4_read: open error in t4_sub.f l:  41 t4_file(1:l)talsrcimg_to_711-2C_as_mni_average_305_t4 
t4_read: transform initialized to I4
rotation matrix determinant  1.000000
image alignment mode   4355 decimal     1103 hex
   -7.5000  -45.0000  -45.0000 7996.1016   18.5305
    0.0000  -45.0000  -45.0000 8348.8594   18.5641
    7.5000  -45.0000  -45.0000 8017.1519   18.5668
   -7.5000  -37.5000  -45.0000 8510.7158   18.3513
    0.0000  -37.5000  -45.0000 8853.8975   18.3705
    7.5000  -37.5000  -45.0000 8507.4639   18.3698
   -7.5000  -30.0000  -45.0000 9335.2686   18.2833
    0.0000  -30.0000  -45.0000 9724.1660   18.2988
    7.5000  -30.0000  -45.0000 9321.1553   18.2968
   -7.5000  -22.5000  -45.000010246.7197   18.2999
    0.0000  -22.5000  -45.000010674.2695   18.3278
    7.5000  -22.5000  -45.000010195.9121   18.3285
   -7.5000  -15.0000  -45.000011163.3271   18.3097
    0.0000  -15.0000  -45.000011605.8604   18.3508
    7.5000  -15.0000  -45.000011088.8398   18.3543
   -7.5000   -7.5000  -45.000011807.0020   18.2977
    0.0000   -7.5000  -45.000012244.6846   18.3393
    7.5000   -7.5000  -45.000011727.3047   18.3433
   -7.5000    0.0000  -45.000012155.7754   18.2753
    0.0000    0.0000  -45.000012646.1885   18.3072
    7.5000    0.0000  -45.000012111.3652   18.3095
   -7.5000    7.5000  -45.000011624.1611   18.2682
    0.0000    7.5000  -45.000012088.4199   18.2871
    7.5000    7.5000  -45.000011519.2910   18.2861
   -7.5000   15.0000  -45.000010965.4775   18.2806
    0.0000   15.0000  -45.000011400.3389   18.2961
    7.5000   15.0000  -45.000010858.7979   18.2940
   -7.5000   22.5000  -45.000010276.3564   18.2973
    0.0000   22.5000  -45.000010673.1396   18.3252
    7.5000   22.5000  -45.000010173.0615   18.3259
   -7.5000   30.0000  -45.0000 9557.8174   18.0658
    0.0000   30.0000  -45.0000 9921.8877   18.1063
    7.5000   30.0000  -45.0000 9437.7168   18.1097
   -7.5000   37.5000  -45.0000 9163.4180   18.1862
    0.0000   37.5000  -45.0000 9524.0527   18.2280
    7.5000   37.5000  -45.0000 9033.4424   18.2319
   -7.5000   45.0000  -45.0000 8525.3916   18.1752
    0.0000   45.0000  -45.0000 8835.1006   18.1977
    7.5000   45.0000  -45.0000 8385.6982   18.1938
   -7.5000  -45.0000  -37.5000 8416.6084   18.4838
    0.0000  -45.0000  -37.5000 8800.6416   18.5251
    7.5000  -45.0000  -37.5000 8446.4580   18.5342
   -7.5000  -37.5000  -37.5000 8971.3428   18.3104
    0.0000  -37.5000  -37.5000 9349.2666   18.3296
    7.5000  -37.5000  -37.5000 8988.5088   18.3315
   -7.5000  -30.0000  -37.5000 9888.6943   18.2465
    0.0000  -30.0000  -37.500010306.5127   18.2579
    7.5000  -30.0000  -37.5000 9881.5645   18.2552
   -7.5000  -22.5000  -37.500010874.7676   18.2636
    0.0000  -22.5000  -37.500011325.8418   18.2904
    7.5000  -22.5000  -37.500010825.4658   18.2906
   -7.5000  -15.0000  -37.500011838.0938   18.2705
    0.0000  -15.0000  -37.500012321.6406   18.3171
    7.5000  -15.0000  -37.500011759.4307   18.3234
   -7.5000   -7.5000  -37.500012474.2227   18.2535
    0.0000   -7.5000  -37.500012973.9648   18.3048
    7.5000   -7.5000  -37.500012384.1318   18.3151
   -7.5000    0.0000  -37.500012846.6514   18.2305
    0.0000    0.0000  -37.500013371.4404   18.2695
    7.5000    0.0000  -37.500012780.9971   18.2781
   -7.5000    7.5000  -37.500012289.3779   18.2278
    0.0000    7.5000  -37.500012775.6416   18.2467
    7.5000    7.5000  -37.500012181.8525   18.2483
   -7.5000   15.0000  -37.500011595.2090   18.2439
    0.0000   15.0000  -37.500012088.2324   18.2552
    7.5000   15.0000  -37.500011497.8467   18.2524
   -7.5000   22.5000  -37.500010851.1445   18.2611
    0.0000   22.5000  -37.500011289.2852   18.2878
    7.5000   22.5000  -37.500010743.2393   18.2880
   -7.5000   30.0000  -37.500010082.6777   18.0271
    0.0000   30.0000  -37.500010484.0605   18.0730
    7.5000   30.0000  -37.5000 9940.0068   18.0793
   -7.5000   37.5000  -37.5000 9670.1094   18.1431
    0.0000   37.5000  -37.500010043.9170   18.1950
    7.5000   37.5000  -37.5000 9504.7227   18.2049
   -7.5000   45.0000  -37.5000 8988.5557   18.1311
    0.0000   45.0000  -37.5000 9325.0625   18.1630
    7.5000   45.0000  -37.5000 8810.4131   18.1649
   -7.5000  -45.0000  -30.0000 8998.3730   19.2395
    0.0000  -45.0000  -30.0000 9406.1826   19.2781
    7.5000  -45.0000  -30.0000 9011.6562   19.2891
   -7.5000  -37.5000  -30.0000 9597.4189   19.0513
    0.0000  -37.5000  -30.000010014.3057   19.0678
    7.5000  -37.5000  -30.0000 9577.0781   19.0741
   -7.5000  -30.0000  -30.000010602.2656   18.9732
    0.0000  -30.0000  -30.000011035.1914   18.9784
    7.5000  -30.0000  -30.000010539.0996   18.9812
   -7.5000  -22.5000  -30.000011641.6387   18.9897
    0.0000  -22.5000  -30.000012100.6152   19.0055
    7.5000  -22.5000  -30.000011560.4893   19.0096
   -7.5000  -15.0000  -30.000012665.0166   19.0056
    0.0000  -15.0000  -30.000013168.9111   19.0399
    7.5000  -15.0000  -30.000012554.1562   19.0472
   -7.5000   -7.5000  -30.000013358.4834   18.9985
    0.0000   -7.5000  -30.000013873.9619   19.0422
    7.5000   -7.5000  -30.000013200.1221   19.0527
   -7.5000    0.0000  -30.000013730.4219   18.9777
    0.0000    0.0000  -30.000014281.4268   19.0140
    7.5000    0.0000  -30.000013597.4658   19.0243
   -7.5000    7.5000  -30.000013135.9961   18.9657
    0.0000    7.5000  -30.000013661.8164   18.9820
    7.5000    7.5000  -30.000012981.4619   18.9878
   -7.5000   15.0000  -30.000012431.1289   18.9704
    0.0000   15.0000  -30.000012958.4189   18.9756
    7.5000   15.0000  -30.000012283.7490   18.9784
   -7.5000   22.5000  -30.000011637.1797   18.9850
    0.0000   22.5000  -30.000012138.7588   19.0008
    7.5000   22.5000  -30.000011492.9824   19.0050
   -7.5000   30.0000  -30.000010767.7646   18.7542
    0.0000   30.0000  -30.000011220.6396   18.7880
    7.5000   30.0000  -30.000010591.8555   18.7952
   -7.5000   37.5000  -30.000010298.7246   18.8849
    0.0000   37.5000  -30.000010711.4824   18.9299
    7.5000   37.5000  -30.000010085.2891   18.9398
   -7.5000   45.0000  -30.0000 9571.2061   18.8860
    0.0000   45.0000  -30.0000 9936.6230   18.9181
    7.5000   45.0000  -30.0000 9343.3496   18.9207
   -7.5000  -45.0000  -22.5000 9587.9629   19.8966
    0.0000  -45.0000  -22.5000 9961.9531   19.9223
    7.5000  -45.0000  -22.5000 9538.6416   19.9276
   -7.5000  -37.5000  -22.500010208.2393   19.6881
    0.0000  -37.5000  -22.500010612.9766   19.7010
    7.5000  -37.5000  -22.500010164.6689   19.7089
   -7.5000  -30.0000  -22.500011251.3594   19.5903
    0.0000  -30.0000  -22.500011702.5156   19.5932
    7.5000  -30.0000  -22.500011199.8320   19.6026
   -7.5000  -22.5000  -22.500012349.9141   19.6045
    0.0000  -22.5000  -22.500012845.0352   19.6095
    7.5000  -22.5000  -22.500012286.1055   19.6178
   -7.5000  -15.0000  -22.500013413.3740   19.6334
    0.0000  -15.0000  -22.500013946.3838   19.6473
    7.5000  -15.0000  -22.500013301.9980   19.6519
   -7.5000   -7.5000  -22.500014152.7109   19.6436
    0.0000   -7.5000  -22.500014710.9873   19.6667
    7.5000   -7.5000  -22.500013983.1543   19.6699
   -7.5000    0.0000  -22.500014547.1455   19.6269
    0.0000    0.0000  -22.500015119.0244   19.6507
    7.5000    0.0000  -22.500014386.8682   19.6558
   -7.5000    7.5000  -22.500013914.5898   19.5998
    0.0000    7.5000  -22.500014479.9141   19.6124
    7.5000    7.5000  -22.500013746.4062   19.6198
   -7.5000   15.0000  -22.500013192.0557   19.5875
    0.0000   15.0000  -22.500013777.5205   19.5904
    7.5000   15.0000  -22.500013029.8213   19.5997
   -7.5000   22.5000  -22.500012376.9150   19.5984
    0.0000   22.5000  -22.500012953.5693   19.6034
    7.5000   22.5000  -22.500012200.0215   19.6117
   -7.5000   30.0000  -22.500011446.6553   19.3766
    0.0000   30.0000  -22.500011967.1055   19.3904
    7.5000   30.0000  -22.500011236.7295   19.3949
   -7.5000   37.5000  -22.500010879.4297   19.5271
    0.0000   37.5000  -22.500011355.1348   19.5519
    7.5000   37.5000  -22.500010672.7568   19.5547
   -7.5000   45.0000  -22.500010109.2715   19.5424
    0.0000   45.0000  -22.500010529.0420   19.5627
    7.5000   45.0000  -22.5000 9891.8730   19.5595
   -7.5000  -45.0000  -15.000010163.6895   20.3875
    0.0000  -45.0000  -15.000010517.8398   20.4034
    7.5000  -45.0000  -15.000010090.6631   20.4015
   -7.5000  -37.5000  -15.000010835.1104   20.1686
    0.0000  -37.5000  -15.000011246.6816   20.1806
    7.5000  -37.5000  -15.000010779.5547   20.1860
   -7.5000  -30.0000  -15.000011934.8691   20.0627
    0.0000  -30.0000  -15.000012397.7979   20.0701
    7.5000  -30.0000  -15.000011868.5557   20.0812
   -7.5000  -22.5000  -15.000013034.3457   20.0751
    0.0000  -22.5000  -15.000013551.6172   20.0814
    7.5000  -22.5000  -15.000012996.9766   20.0911
   -7.5000  -15.0000  -15.000014126.7129   20.1077
    0.0000  -15.0000  -15.000014680.2920   20.1151
    7.5000  -15.0000  -15.000014054.3350   20.1168
   -7.5000   -7.5000  -15.000014871.5859   20.1251
    0.0000   -7.5000  -15.000015468.8779   20.1364
    7.5000   -7.5000  -15.000014733.9473   20.1325
   -7.5000    0.0000  -15.000015330.6484   20.1106
    0.0000    0.0000  -15.000015944.2393   20.1250
    7.5000    0.0000  -15.000015197.3125   20.1231
   -7.5000    7.5000  -15.000014662.2959   20.0780
    0.0000    7.5000  -15.000015274.8018   20.0896
    7.5000    7.5000  -15.000014512.7842   20.0947
   -7.5000   15.0000  -15.000013863.1416   20.0598
    0.0000   15.0000  -15.000014506.6445   20.0672
    7.5000   15.0000  -15.000013741.1387   20.0782
   -7.5000   22.5000  -15.000013005.4795   20.0679
    0.0000   22.5000  -15.000013619.9453   20.0742
    7.5000   22.5000  -15.000012857.7988   20.0839
   -7.5000   30.0000  -15.000012034.2734   19.8475
    0.0000   30.0000  -15.000012611.5693   19.8548
    7.5000   30.0000  -15.000011856.0762   19.8565
   -7.5000   37.5000  -15.000011419.9150   20.0072
    0.0000   37.5000  -15.000011971.2148   20.0199
    7.5000   37.5000  -15.000011248.3545   20.0159
   -7.5000   45.0000  -15.000010594.3857   20.0344
    0.0000   45.0000  -15.000011074.9385   20.0430
    7.5000   45.0000  -15.000010426.8604   20.0328
   -7.5000  -45.0000   -7.500010771.5977   20.6477
    0.0000  -45.0000   -7.500011153.4395   20.6698
    7.5000  -45.0000   -7.500010693.7041   20.6667
   -7.5000  -37.5000   -7.500011482.6729   20.4346
    0.0000  -37.5000   -7.500011906.6768   20.4509
    7.5000  -37.5000   -7.500011405.8438   20.4519
   -7.5000  -30.0000   -7.500012632.9717   20.3406
    0.0000  -30.0000   -7.500013093.6279   20.3549
    7.5000  -30.0000   -7.500012561.8027   20.3601
   -7.5000  -22.5000   -7.500013767.0361   20.3553
    0.0000  -22.5000   -7.500014279.6973   20.3744
    7.5000  -22.5000   -7.500013750.1641   20.3803
   -7.5000  -15.0000   -7.500014845.1816   20.3788
    0.0000  -15.0000   -7.500015399.7383   20.4021
    7.5000  -15.0000   -7.500014795.5713   20.4037
   -7.5000   -7.5000   -7.500015597.5479   20.3841
    0.0000   -7.5000   -7.500016196.8027   20.4074
    7.5000   -7.5000   -7.500015526.5742   20.4042
   -7.5000    0.0000   -7.500016134.8232   20.3652
    0.0000    0.0000   -7.500016792.9570   20.3859
    7.5000    0.0000   -7.500016075.6953   20.3827
   -7.5000    7.5000   -7.500015455.3223   20.3424
    0.0000    7.5000   -7.500016122.2090   20.3584
    7.5000    7.5000   -7.500015354.2939   20.3591
   -7.5000   15.0000   -7.500014600.8760   20.3376
    0.0000   15.0000   -7.500015245.1123   20.3519
    7.5000   15.0000   -7.500014529.9111   20.3571
   -7.5000   22.5000   -7.500013666.3330   20.3458
    0.0000   22.5000   -7.500014283.0674   20.3650
    7.5000   22.5000   -7.500013588.1426   20.3708
   -7.5000   30.0000   -7.500012638.2295   20.1146
    0.0000   30.0000   -7.500013197.2578   20.1376
    7.5000   30.0000   -7.500012549.5713   20.1392
   -7.5000   37.5000   -7.500011987.0742   20.2650
    0.0000   37.5000   -7.500012542.2285   20.2889
    7.5000   37.5000   -7.500011908.7881   20.2858
   -7.5000   45.0000   -7.500011087.8467   20.2947
    0.0000   45.0000   -7.500011598.1611   20.3060
    7.5000   45.0000   -7.500010991.8477   20.2953
   -7.5000  -45.0000    0.000011267.1152   20.6986
    0.0000  -45.0000    0.000011723.8096   20.7360
    7.5000  -45.0000    0.000011219.3691   20.7389
   -7.5000  -37.5000    0.000012013.2744   20.4988
    0.0000  -37.5000    0.000012477.3027   20.5199
    7.5000  -37.5000    0.000011942.5928   20.5190
   -7.5000  -30.0000    0.000013193.9229   20.4227
    0.0000  -30.0000    0.000013672.9893   20.4398
    7.5000  -30.0000    0.000013153.9648   20.4373
   -7.5000  -22.5000    0.000014391.4082   20.4411
    0.0000  -22.5000    0.000014900.1562   20.4721
    7.5000  -22.5000    0.000014372.2656   20.4726
   -7.5000  -15.0000    0.000015462.5283   20.4522
    0.0000  -15.0000    0.000015988.9180   20.4979
    7.5000  -15.0000    0.000015403.6074   20.5017
   -7.5000   -7.5000    0.000016226.1035   20.4391
    0.0000   -7.5000    0.000016794.1504   20.4854
    7.5000   -7.5000    0.000016141.4658   20.4897
   -7.5000    0.0000    0.000016854.0781   20.4142
    0.0000    0.0000    0.000017537.8691   20.4495
    7.5000    0.0000    0.000016786.5469   20.4520
   -7.5000    7.5000    0.000016199.2656   20.4061
    0.0000    7.5000    0.000016851.6094   20.4269
    7.5000    7.5000    0.000016144.9717   20.4257
   -7.5000   15.0000    0.000015323.2422   20.4198
    0.0000   15.0000    0.000015918.3887   20.4368
    7.5000   15.0000    0.000015297.6445   20.4342
   -7.5000   22.5000    0.000014352.3398   20.4316
    0.0000   22.5000    0.000014929.8984   20.4626
    7.5000   22.5000    0.000014326.4854   20.4631
   -7.5000   30.0000    0.000013227.8916   20.1876
    0.0000   30.0000    0.000013742.0332   20.2327
    7.5000   30.0000    0.000013206.2549   20.2364
   -7.5000   37.5000    0.000012524.5596   20.3221
    0.0000   37.5000    0.000013018.4609   20.3687
    7.5000   37.5000    0.000012502.1299   20.3729
   -7.5000   45.0000    0.000011587.8857   20.3489
    0.0000   45.0000    0.000012057.7129   20.3739
    7.5000   45.0000    0.000011522.5840   20.3695
   -7.5000  -45.0000    7.500010861.4629   20.6823
    0.0000  -45.0000    7.500011319.3271   20.7285
    7.5000  -45.0000    7.500010836.7227   20.7387
   -7.5000  -37.5000    7.500011602.0684   20.4883
    0.0000  -37.5000    7.500012063.0840   20.5097
    7.5000  -37.5000    7.500011535.7920   20.5119
   -7.5000  -30.0000    7.500012767.9590   20.4168
    0.0000  -30.0000    7.500013238.4209   20.4295
    7.5000  -30.0000    7.500012700.0771   20.4265
   -7.5000  -22.5000    7.500013949.5293   20.4360
    0.0000  -22.5000    7.500014435.4287   20.4659
    7.5000  -22.5000    7.500013875.3818   20.4662
   -7.5000  -15.0000    7.500014964.6211   20.4436
    0.0000  -15.0000    7.500015464.0742   20.4958
    7.5000  -15.0000    7.500014883.3584   20.5029
   -7.5000   -7.5000    7.500015672.2754   20.4246
    0.0000   -7.5000    7.500016205.2373   20.4820
    7.5000   -7.5000    7.500015599.0762   20.4935
   -7.5000    0.0000    7.500016348.8008   20.3989
    0.0000    0.0000    7.500016920.2402   20.4425
    7.5000    0.0000    7.500016244.7041   20.4521
   -7.5000    7.5000    7.500015778.3418   20.3959
    0.0000    7.5000    7.500016235.6650   20.4170
    7.5000    7.5000    7.500015710.3252   20.4188
   -7.5000   15.0000    7.500014956.6865   20.4139
    0.0000   15.0000    7.500015381.6055   20.4265
    7.5000   15.0000    7.500014951.3877   20.4234
   -7.5000   22.5000    7.500014015.9072   20.4265
    0.0000   22.5000    7.500014490.2334   20.4564
    7.5000   22.5000    7.500014017.2988   20.4567
   -7.5000   30.0000    7.500012884.0859   20.1791
    0.0000   30.0000    7.500013340.3926   20.2306
    7.5000   30.0000    7.500012858.1064   20.2376
   -7.5000   37.5000    7.500012148.5596   20.3090
    0.0000   37.5000    7.500012592.0850   20.3671
    7.5000   37.5000    7.500012088.6162   20.3782
   -7.5000   45.0000    7.500011205.4834   20.3354
    0.0000   45.0000    7.500011619.8184   20.3712
    7.5000   45.0000    7.500011079.6641   20.3733
   -7.5000  -45.0000   15.000010365.1133   20.6600
    0.0000  -45.0000   15.000010823.8105   20.7015
    7.5000  -45.0000   15.000010345.1787   20.7133
   -7.5000  -37.5000   15.000011092.6494   20.4579
    0.0000  -37.5000   15.000011559.9883   20.4756
    7.5000  -37.5000   15.000011052.7510   20.4824
   -7.5000  -30.0000   15.000012239.7432   20.3740
    0.0000  -30.0000   15.000012733.4160   20.3796
    7.5000  -30.0000   15.000012220.3125   20.3826
   -7.5000  -22.5000   15.000013385.9697   20.3917
    0.0000  -22.5000   15.000013891.9062   20.4087
    7.5000  -22.5000   15.000013359.7021   20.4131
   -7.5000  -15.0000   15.000014358.1914   20.4088
    0.0000  -15.0000   15.000014851.5332   20.4457
    7.5000  -15.0000   15.000014325.1123   20.4535
   -7.5000   -7.5000   15.000015024.0674   20.4013
    0.0000   -7.5000   15.000015526.4727   20.4481
    7.5000   -7.5000   15.000014992.6064   20.4594
   -7.5000    0.0000   15.000015592.4404   20.3788
    0.0000    0.0000   15.000016055.3369   20.4178
    7.5000    0.0000   15.000015471.0439   20.4289
   -7.5000    7.5000   15.000015043.1631   20.3659
    0.0000    7.5000   15.000015414.9453   20.3834
    7.5000    7.5000   15.000014827.3262   20.3897
   -7.5000   15.0000   15.000014328.4434   20.3710
    0.0000   15.0000   15.000014728.2061   20.3766
    7.5000   15.0000   15.000014125.0977   20.3796
   -7.5000   22.5000   15.000013463.1318   20.3822
    0.0000   22.5000   15.000013904.4697   20.3992
    7.5000   22.5000   15.000013276.9863   20.4037
   -7.5000   30.0000   15.000012367.1738   20.1448
    0.0000   30.0000   15.000012784.5986   20.1811
    7.5000   30.0000   15.000012181.2793   20.1888
   -7.5000   37.5000   15.000011629.6611   20.2852
    0.0000   37.5000   15.000012026.1631   20.3335
    7.5000   37.5000   15.000011470.7393   20.3441
   -7.5000   45.0000   15.000010706.3643   20.3133
    0.0000   45.0000   15.000011055.6582   20.3478
    7.5000   45.0000   15.000010536.4131   20.3506
   -7.5000  -45.0000   22.5000 9851.6152   20.6543
    0.0000  -45.0000   22.500010286.7012   20.6809
    7.5000  -45.0000   22.5000 9887.9580   20.6865
   -7.5000  -37.5000   22.500010517.0586   20.4378
    0.0000  -37.5000   22.500010946.5996   20.4512
    7.5000  -37.5000   22.500010535.9062   20.4594
   -7.5000  -30.0000   22.500011619.4912   20.3363
    0.0000  -30.0000   22.500012097.4844   20.3394
    7.5000  -30.0000   22.500011627.3350   20.3491
   -7.5000  -22.5000   22.500012756.4141   20.3511
    0.0000  -22.5000   22.500013305.8613   20.3562
    7.5000  -22.5000   22.500012743.8789   20.3649
   -7.5000  -15.0000   22.500013710.6172   20.3810
    0.0000  -15.0000   22.500014269.0205   20.3955
    7.5000  -15.0000   22.500013642.3818   20.4002
   -7.5000   -7.5000   22.500014365.9238   20.3917
    0.0000   -7.5000   22.500014907.4053   20.4156
    7.5000   -7.5000   22.500014246.2646   20.4189
   -7.5000    0.0000   22.500014841.5967   20.3743
    0.0000    0.0000   22.500015339.2637   20.3990
    7.5000    0.0000   22.500014644.2002   20.4043
   -7.5000    7.5000   22.500014196.5605   20.3462
    0.0000    7.5000   22.500014635.3965   20.3592
    7.5000    7.5000   22.500013950.4395   20.3670
   -7.5000   15.0000   22.500013443.5342   20.3334
    0.0000   15.0000   22.500013891.1758   20.3364
    7.5000   15.0000   22.500013230.5176   20.3461
   -7.5000   22.5000   22.500012628.0918   20.3416
    0.0000   22.5000   22.500013083.0859   20.3468
    7.5000   22.5000   22.500012440.5625   20.3554
   -7.5000   30.0000   22.500011633.1221   20.1173
    0.0000   30.0000   22.500012074.8164   20.1316
    7.5000   30.0000   22.500011480.5869   20.1363
   -7.5000   37.5000   22.500010966.7490   20.2736
    0.0000   37.5000   22.500011380.2275   20.2993
    7.5000   37.5000   22.500010863.5088   20.3022
   -7.5000   45.0000   22.500010115.2588   20.3042
    0.0000   45.0000   22.500010483.9229   20.3253
    7.5000   45.0000   22.500010019.0020   20.3220
   -7.5000  -45.0000   30.0000 9274.9521   20.6816
    0.0000  -45.0000   30.0000 9731.3320   20.6978
    7.5000  -45.0000   30.0000 9327.9229   20.6960
   -7.5000  -37.5000   30.0000 9889.6230   20.4593
    0.0000  -37.5000   30.000010345.3271   20.4716
    7.5000  -37.5000   30.0000 9926.7949   20.4772
   -7.5000  -30.0000   30.000010941.6924   20.3519
    0.0000  -30.0000   30.000011433.4209   20.3595
    7.5000  -30.0000   30.000010919.5156   20.3708
   -7.5000  -22.5000   30.000012009.5664   20.3646
    0.0000  -22.5000   30.000012581.7969   20.3710
    7.5000  -22.5000   30.000011965.3506   20.3809
   -7.5000  -15.0000   30.000012857.2871   20.3977
    0.0000  -15.0000   30.000013449.5977   20.4052
    7.5000  -15.0000   30.000012777.4766   20.4070
   -7.5000   -7.5000   30.000013425.8203   20.4153
    0.0000   -7.5000   30.000013998.4053   20.4268
    7.5000   -7.5000   30.000013343.3047   20.4229
   -7.5000    0.0000   30.000013840.3047   20.4005
    0.0000    0.0000   30.000014380.8184   20.4152
    7.5000    0.0000   30.000013721.0840   20.4133
   -7.5000    7.5000   30.000013193.2637   20.3673
    0.0000    7.5000   30.000013693.3848   20.3793
    7.5000    7.5000   30.000013076.3096   20.3845
   -7.5000   15.0000   30.000012456.4570   20.3490
    0.0000   15.0000   30.000012946.7002   20.3565
    7.5000   15.0000   30.000012372.1533   20.3678
   -7.5000   22.5000   30.000011686.4756   20.3551
    0.0000   22.5000   30.000012138.6006   20.3615
    7.5000   22.5000   30.000011582.6074   20.3714
   -7.5000   30.0000   30.000010797.1094   20.1338
    0.0000   30.0000   30.000011202.8740   20.1412
    7.5000   30.0000   30.000010702.1406   20.1430
   -7.5000   37.5000   30.000010240.6191   20.2958
    0.0000   37.5000   30.000010617.1650   20.3088
    7.5000   37.5000   30.000010159.6064   20.3048
   -7.5000   45.0000   30.0000 9470.9014   20.3291
    0.0000   45.0000   30.0000 9836.6602   20.3378
    7.5000   45.0000   30.0000 9416.6533   20.3276
   -7.5000  -45.0000   37.5000 9004.0674   20.8144
    0.0000  -45.0000   37.5000 9418.7666   20.8367
    7.5000  -45.0000   37.5000 9029.3799   20.8339
   -7.5000  -37.5000   37.5000 9584.1377   20.5982
    0.0000  -37.5000   37.500010025.8682   20.6144
    7.5000  -37.5000   37.5000 9616.3477   20.6160
   -7.5000  -30.0000   37.500010590.7627   20.5027
    0.0000  -30.0000   37.500011081.6836   20.5169
    7.5000  -30.0000   37.500010593.1162   20.5227
   -7.5000  -22.5000   37.500011609.4727   20.5177
    0.0000  -22.5000   37.500012155.1260   20.5367
    7.5000  -22.5000   37.500011598.6680   20.5430
   -7.5000  -15.0000   37.500012386.2021   20.5417
    0.0000  -15.0000   37.500012943.1260   20.5650
    7.5000  -15.0000   37.500012343.4971   20.5668
   -7.5000   -7.5000   37.500012907.7490   20.5472
    0.0000   -7.5000   37.500013467.9551   20.5706
    7.5000   -7.5000   37.500012857.4834   20.5675
   -7.5000    0.0000   37.500013278.1270   20.5280
    0.0000    0.0000   37.500013827.8564   20.5488
    7.5000    0.0000   37.500013203.3691   20.5460
   -7.5000    7.5000   37.500012681.9893   20.5047
    0.0000    7.5000   37.500013187.3164   20.5206
    7.5000    7.5000   37.500012607.2578   20.5219
   -7.5000   15.0000   37.500011964.9092   20.4998
    0.0000   15.0000   37.500012441.9287   20.5139
    7.5000   15.0000   37.500011894.1709   20.5196
   -7.5000   22.5000   37.500011180.1484   20.5082
    0.0000   22.5000   37.500011623.6426   20.5272
    7.5000   22.5000   37.500011093.4033   20.5334
   -7.5000   30.0000   37.500010326.5381   20.2759
    0.0000   30.0000   37.500010716.9111   20.2989
    7.5000   30.0000   37.500010247.9453   20.3007
   -7.5000   37.5000   37.5000 9833.6924   20.4286
    0.0000   37.5000   37.500010182.7188   20.4526
    7.5000   37.5000   37.5000 9738.5859   20.4496
   -7.5000   45.0000   37.5000 9130.4258   20.4626
    0.0000   45.0000   37.5000 9478.2412   20.4739
    7.5000   45.0000   37.5000 9060.9648   20.4634
   -7.5000  -45.0000   45.0000 8264.8438   20.9700
    0.0000  -45.0000   45.0000 8623.8975   21.0075
    7.5000  -45.0000   45.0000 8268.6641   21.0102
   -7.5000  -37.5000   45.0000 8818.0820   20.7639
    0.0000  -37.5000   45.0000 9206.9385   20.7845
    7.5000  -37.5000   45.0000 8809.3076   20.7842
   -7.5000  -30.0000   45.0000 9744.9512   20.6844
    0.0000  -30.0000   45.000010178.1963   20.7011
    7.5000  -30.0000   45.0000 9719.7783   20.7004
   -7.5000  -22.5000   45.000010674.7529   20.7022
    0.0000  -22.5000   45.000011160.6738   20.7336
    7.5000  -22.5000   45.000010666.3525   20.7364
   -7.5000  -15.0000   45.000011354.8457   20.7133
    0.0000  -15.0000   45.000011861.2676   20.7601
    7.5000  -15.0000   45.000011326.0869   20.7654
   -7.5000   -7.5000   45.000011828.3086   20.7006
    0.0000   -7.5000   45.000012338.1182   20.7477
    7.5000   -7.5000   45.000011772.1484   20.7525
   -7.5000    0.0000   45.000012190.6875   20.6762
    0.0000    0.0000   45.000012683.0068   20.7116
    7.5000    0.0000   45.000012111.3232   20.7140
   -7.5000    7.5000   45.000011606.9424   20.6682
    0.0000    7.5000   45.000012073.0518   20.6886
    7.5000    7.5000   45.000011553.8770   20.6880
   -7.5000   15.0000   45.000010944.3486   20.6814
    0.0000   15.0000   45.000011379.6387   20.6981
    7.5000   15.0000   45.000010879.4102   20.6973
   -7.5000   22.5000   45.000010210.6025   20.6926
    0.0000   22.5000   45.000010607.4639   20.7240
    7.5000   22.5000   45.000010150.9609   20.7268
   -7.5000   30.0000   45.0000 9435.8887   20.4436
    0.0000   30.0000   45.0000 9816.4551   20.4898
    7.5000   30.0000   45.0000 9398.8447   20.4950
   -7.5000   37.5000   45.0000 9000.2803   20.5834
    0.0000   37.5000   45.0000 9352.4277   20.6307
    7.5000   37.5000   45.0000 8939.5000   20.6354
   -7.5000   45.0000   45.0000 8379.0156   20.6329
    0.0000   45.0000   45.0000 8689.2324   20.6576
    7.5000   45.0000   45.0000 8314.9307   20.6529

---------------------------------------------------------------------
imgreg_4dfp /opt/freesurfer/average/711-2C_as_mni_average_305 /opt/freesurfer/average/711-2B_as_mni_average_305_mask talsrcimg_g11 none talsrcimg_to_711-2C_as_mni_average_305_t4 4355
---------------------------------------------------------------------

freesurfer imgreg_4dfp.c
/opt/freesurfer/average/711-2C_as_mni_average_305.4dfp.img
       256       256       256         1
  1.000000  1.000000  1.000000
orientation T byte_order littleendian
Reading image: /opt/freesurfer/average/711-2C_as_mni_average_305.4dfp.img
dimensions:      256       256       256
mmppix:       1.0000   -1.0000   -1.0000
center:     128.0000 -129.0000 -129.0000
/opt/freesurfer/average/711-2B_as_mni_average_305_mask.4dfp.img
       256       256       256         1
  1.000000  1.000000  1.000000
orientation T byte_order littleendian
Reading mask: /opt/freesurfer/average/711-2B_as_mni_average_305_mask.4dfp.img (2306576 pixels)
talsrcimg_g11.4dfp.img
       256       256       256         1
  1.000000  1.000000  1.000000
orientation T byte_order littleendian
Reading image: talsrcimg_g11.4dfp.img
dimensions:      256       256       256
mmppix:       1.0000   -1.0000   -1.0000
center:     128.0000 -129.0000 -129.0000
rotation matrix determinant  1.000000
image alignment mode   4355 decimal     1103 hex
   -7.5000  -45.0000  -45.0000 2113.0591   22.8420
    0.0000  -45.0000  -45.0000 2134.2441   22.6523
    7.5000  -45.0000  -45.0000 2110.5288   22.8701
   -7.5000  -37.5000  -45.0000 2146.2278   21.7500
    0.0000  -37.5000  -45.0000 2155.0386   21.5257
    7.5000  -37.5000  -45.0000 2138.3181   21.8166
   -7.5000  -30.0000  -45.0000 2165.3306   20.9490
    0.0000  -30.0000  -45.0000 2176.6313   20.7893
    7.5000  -30.0000  -45.0000 2151.6792   21.0765
   -7.5000  -22.5000  -45.0000 2192.8030   20.4323
    0.0000  -22.5000  -45.0000 2206.4685   20.2783
    7.5000  -22.5000  -45.0000 2177.1340   20.5684
   -7.5000  -15.0000  -45.0000 2226.9753   20.1217
    0.0000  -15.0000  -45.0000 2233.6504   20.0249
    7.5000  -15.0000  -45.0000 2208.7161   20.2403
   -7.5000   -7.5000  -45.0000 2243.4109   19.8887
    0.0000   -7.5000  -45.0000 2241.9321   19.7724
    7.5000   -7.5000  -45.0000 2223.3132   19.9908
   -7.5000    0.0000  -45.0000 2244.1992   19.7035
    0.0000    0.0000  -45.0000 2248.3862   19.5604
    7.5000    0.0000  -45.0000 2228.2256   19.7747
   -7.5000    7.5000  -45.0000 2238.8213   19.6751
    0.0000    7.5000  -45.0000 2246.1316   19.5009
    7.5000    7.5000  -45.0000 2220.9031   19.6876
   -7.5000   15.0000  -45.0000 2215.3083   19.8913
    0.0000   15.0000  -45.0000 2223.2327   19.7018
    7.5000   15.0000  -45.0000 2201.9670   19.9695
   -7.5000   22.5000  -45.0000 2195.1990   20.2565
    0.0000   22.5000  -45.0000 2201.9092   20.1526
    7.5000   22.5000  -45.0000 2175.6086   20.4286
   -7.5000   30.0000  -45.0000 2165.7854   21.0167
    0.0000   30.0000  -45.0000 2174.8213   20.8764
    7.5000   30.0000  -45.0000 2140.1782   21.2545
   -7.5000   37.5000  -45.0000 2124.9744   22.2092
    0.0000   37.5000  -45.0000 2130.0757   22.0515
    7.5000   37.5000  -45.0000 2092.4773   22.4364
   -7.5000   45.0000  -45.0000 2056.9424   23.9479
    0.0000   45.0000  -45.0000 2062.5308   23.7611
    7.5000   45.0000  -45.0000 2028.3585   24.1451
   -7.5000  -45.0000  -37.5000 2187.9841   20.9362
    0.0000  -45.0000  -37.5000 2209.6970   20.7652
    7.5000  -45.0000  -37.5000 2196.9258   21.0776
   -7.5000  -37.5000  -37.5000 2226.9600   19.8696
    0.0000  -37.5000  -37.5000 2245.1978   19.7633
    7.5000  -37.5000  -37.5000 2231.2764   19.9640
   -7.5000  -30.0000  -37.5000 2258.0762   19.1903
    0.0000  -30.0000  -37.5000 2273.2026   19.0759
    7.5000  -30.0000  -37.5000 2252.4683   19.2549
   -7.5000  -22.5000  -37.5000 2298.0786   18.6714
    0.0000  -22.5000  -37.5000 2312.4338   18.5665
    7.5000  -22.5000  -37.5000 2285.7893   18.7567
   -7.5000  -15.0000  -37.5000 2330.6008   18.2613
    0.0000  -15.0000  -37.5000 2343.9973   18.1900
    7.5000  -15.0000  -37.5000 2315.4551   18.4171
   -7.5000   -7.5000  -37.5000 2345.5076   18.0562
    0.0000   -7.5000  -37.5000 2350.0681   17.9573
    7.5000   -7.5000  -37.5000 2327.8071   18.1685
   -7.5000    0.0000  -37.5000 2348.4531   17.9070
    0.0000    0.0000  -37.5000 2351.0647   17.8133
    7.5000    0.0000  -37.5000 2331.6558   17.9806
   -7.5000    7.5000  -37.5000 2347.6760   17.9420
    0.0000    7.5000  -37.5000 2358.0864   17.8202
    7.5000    7.5000  -37.5000 2330.3853   17.9887
   -7.5000   15.0000  -37.5000 2328.6763   18.2073
    0.0000   15.0000  -37.5000 2343.3650   18.1142
    7.5000   15.0000  -37.5000 2315.8916   18.2828
   -7.5000   22.5000  -37.5000 2302.7000   18.6504
    0.0000   22.5000  -37.5000 2312.5171   18.5622
    7.5000   22.5000  -37.5000 2287.5588   18.8215
   -7.5000   30.0000  -37.5000 2269.1311   19.3471
    0.0000   30.0000  -37.5000 2282.7266   19.2676
    7.5000   30.0000  -37.5000 2243.9541   19.5564
   -7.5000   37.5000  -37.5000 2223.3608   20.5097
    0.0000   37.5000  -37.5000 2229.4448   20.3683
    7.5000   37.5000  -37.5000 2190.1553   20.6848
   -7.5000   45.0000  -37.5000 2150.0422   22.1250
    0.0000   45.0000  -37.5000 2154.6221   21.9696
    7.5000   45.0000  -37.5000 2115.1438   22.2994
   -7.5000  -45.0000  -30.0000 2301.4319   20.1223
    0.0000  -45.0000  -30.0000 2327.5835   19.9751
    7.5000  -45.0000  -30.0000 2311.0437   20.2319
   -7.5000  -37.5000  -30.0000 2348.8452   19.0050
    0.0000  -37.5000  -30.0000 2372.1270   18.8449
    7.5000  -37.5000  -30.0000 2350.3210   19.0635
   -7.5000  -30.0000  -30.0000 2386.9189   18.2989
    0.0000  -30.0000  -30.0000 2405.7954   18.1790
    7.5000  -30.0000  -30.0000 2381.2095   18.3017
   -7.5000  -22.5000  -30.0000 2432.9329   17.7319
    0.0000  -22.5000  -30.0000 2440.5852   17.6271
    7.5000  -22.5000  -30.0000 2417.5652   17.7938
   -7.5000  -15.0000  -30.0000 2468.6318   17.2655
    0.0000  -15.0000  -30.0000 2480.3433   17.2232
    7.5000  -15.0000  -30.0000 2450.3528   17.3676
   -7.5000   -7.5000  -30.0000 2489.2019   17.0409
    0.0000   -7.5000  -30.0000 2494.5476   16.9808
    7.5000   -7.5000  -30.0000 2466.5684   17.1293
   -7.5000    0.0000  -30.0000 2488.8115   16.9163
    0.0000    0.0000  -30.0000 2496.2959   16.8549
    7.5000    0.0000  -30.0000 2469.2341   17.0259
   -7.5000    7.5000  -30.0000 2499.4075   16.9625
    0.0000    7.5000  -30.0000 2509.7283   16.8851
    7.5000    7.5000  -30.0000 2475.4778   17.0651
   -7.5000   15.0000  -30.0000 2492.7437   17.2277
    0.0000   15.0000  -30.0000 2505.0864   17.1666
    7.5000   15.0000  -30.0000 2466.6221   17.3641
   -7.5000   22.5000  -30.0000 2466.8867   17.7790
    0.0000   22.5000  -30.0000 2476.6414   17.7167
    7.5000   22.5000  -30.0000 2438.4651   17.9017
   -7.5000   30.0000  -30.0000 2421.4463   18.5616
    0.0000   30.0000  -30.0000 2436.3237   18.4873
    7.5000   30.0000  -30.0000 2386.0571   18.6741
   -7.5000   37.5000  -30.0000 2364.6960   19.6838
    0.0000   37.5000  -30.0000 2371.5266   19.6067
    7.5000   37.5000  -30.0000 2324.6877   19.8027
   -7.5000   45.0000  -30.0000 2279.7319   21.1874
    0.0000   45.0000  -30.0000 2283.1213   21.0633
    7.5000   45.0000  -30.0000 2238.6577   21.2997
   -7.5000  -45.0000  -22.5000 2392.1921   19.3753
    0.0000  -45.0000  -22.5000 2411.2573   19.1438
    7.5000  -45.0000  -22.5000 2399.0376   19.4050
   -7.5000  -37.5000  -22.5000 2444.6423   18.1844
    0.0000  -37.5000  -22.5000 2461.0723   18.0136
    7.5000  -37.5000  -22.5000 2441.8152   18.2551
   -7.5000  -30.0000  -22.5000 2484.4707   17.3849
    0.0000  -30.0000  -22.5000 2501.2053   17.2413
    7.5000  -30.0000  -22.5000 2477.5996   17.4532
   -7.5000  -22.5000  -22.5000 2529.7773   16.7439
    0.0000  -22.5000  -22.5000 2543.0642   16.6338
    7.5000  -22.5000  -22.5000 2520.0991   16.8276
   -7.5000  -15.0000  -22.5000 2572.4148   16.2966
    0.0000  -15.0000  -22.5000 2582.2300   16.2009
    7.5000  -15.0000  -22.5000 2552.4600   16.3635
   -7.5000   -7.5000  -22.5000 2598.4915   16.0349
    0.0000   -7.5000  -22.5000 2609.2661   15.9703
    7.5000   -7.5000  -22.5000 2577.8645   16.0666
   -7.5000    0.0000  -22.5000 2602.6809   15.9265
    0.0000    0.0000  -22.5000 2611.5085   15.8353
    7.5000    0.0000  -22.5000 2583.4702   15.9816
   -7.5000    7.5000  -22.5000 2618.0999   15.9655
    0.0000    7.5000  -22.5000 2632.7856   15.9000
    7.5000    7.5000  -22.5000 2595.9922   16.0599
   -7.5000   15.0000  -22.5000 2622.8984   16.2258
    0.0000   15.0000  -22.5000 2637.5186   16.1702
    7.5000   15.0000  -22.5000 2592.5647   16.3655
   -7.5000   22.5000  -22.5000 2600.3379   16.7693
    0.0000   22.5000  -22.5000 2615.5015   16.7128
    7.5000   22.5000  -22.5000 2569.6045   16.8999
   -7.5000   30.0000  -22.5000 2548.6423   17.5586
    0.0000   30.0000  -22.5000 2564.9155   17.5427
    7.5000   30.0000  -22.5000 2514.5259   17.6450
   -7.5000   37.5000  -22.5000 2479.7524   18.6953
    0.0000   37.5000  -22.5000 2493.0654   18.6545
    7.5000   37.5000  -22.5000 2446.1841   18.8061
   -7.5000   45.0000  -22.5000 2381.3032   20.1506
    0.0000   45.0000  -22.5000 2389.3950   20.0568
    7.5000   45.0000  -22.5000 2346.2178   20.2667
   -7.5000  -45.0000  -15.0000 2454.4409   18.7189
    0.0000  -45.0000  -15.0000 2472.1831   18.5258
    7.5000  -45.0000  -15.0000 2456.6941   18.7246
   -7.5000  -37.5000  -15.0000 2508.9011   17.5102
    0.0000  -37.5000  -15.0000 2526.5977   17.3017
    7.5000  -37.5000  -15.0000 2507.5776   17.5652
   -7.5000  -30.0000  -15.0000 2547.6367   16.6290
    0.0000  -30.0000  -15.0000 2570.6733   16.4664
    7.5000  -30.0000  -15.0000 2543.1213   16.6945
   -7.5000  -22.5000  -15.0000 2590.6091   15.9192
    0.0000  -22.5000  -15.0000 2607.5442   15.7859
    7.5000  -22.5000  -15.0000 2584.1194   16.0080
   -7.5000  -15.0000  -15.0000 2635.8652   15.4762
    0.0000  -15.0000  -15.0000 2646.6296   15.3518
    7.5000  -15.0000  -15.0000 2622.8904   15.5740
   -7.5000   -7.5000  -15.0000 2673.3284   15.1809
    0.0000   -7.5000  -15.0000 2685.7073   15.1069
    7.5000   -7.5000  -15.0000 2651.2329   15.2567
   -7.5000    0.0000  -15.0000 2693.3687   15.0485
    0.0000    0.0000  -15.0000 2706.9739   14.9802
    7.5000    0.0000  -15.0000 2675.2920   15.1240
   -7.5000    7.5000  -15.0000 2716.1716   15.0683
    0.0000    7.5000  -15.0000 2736.0359   15.0249
    7.5000    7.5000  -15.0000 2694.1548   15.1820
   -7.5000   15.0000  -15.0000 2723.4612   15.3384
    0.0000   15.0000  -15.0000 2746.6162   15.3185
    7.5000   15.0000  -15.0000 2699.9624   15.4885
   -7.5000   22.5000  -15.0000 2700.6797   15.8813
    0.0000   22.5000  -15.0000 2724.7354   15.8528
    7.5000   22.5000  -15.0000 2676.6311   16.0014
   -7.5000   30.0000  -15.0000 2646.6350   16.6295
    0.0000   30.0000  -15.0000 2667.8289   16.6083
    7.5000   30.0000  -15.0000 2616.1541   16.7493
   -7.5000   37.5000  -15.0000 2565.6160   17.7260
    0.0000   37.5000  -15.0000 2583.1326   17.6439
    7.5000   37.5000  -15.0000 2537.0471   17.8153
   -7.5000   45.0000  -15.0000 2454.2673   19.1329
    0.0000   45.0000  -15.0000 2464.0173   19.0530
    7.5000   45.0000  -15.0000 2430.0205   19.2222
   -7.5000  -45.0000   -7.5000 2498.3745   18.2435
    0.0000  -45.0000   -7.5000 2517.4473   18.0135
    7.5000  -45.0000   -7.5000 2497.5183   18.2443
   -7.5000  -37.5000   -7.5000 2551.8157   16.9823
    0.0000  -37.5000   -7.5000 2569.9565   16.7442
    7.5000  -37.5000   -7.5000 2548.8503   16.9808
   -7.5000  -30.0000   -7.5000 2583.7002   16.0141
    0.0000  -30.0000   -7.5000 2605.4226   15.8026
    7.5000  -30.0000   -7.5000 2581.1321   16.0623
   -7.5000  -22.5000   -7.5000 2628.5815   15.2771
    0.0000  -22.5000   -7.5000 2643.1057   15.0975
    7.5000  -22.5000   -7.5000 2630.3477   15.3581
   -7.5000  -15.0000   -7.5000 2670.9692   14.8091
    0.0000  -15.0000   -7.5000 2685.9788   14.6501
    7.5000  -15.0000   -7.5000 2662.6077   14.8780
   -7.5000   -7.5000   -7.5000 2720.8162   14.5168
    0.0000   -7.5000   -7.5000 2737.7756   14.3720
    7.5000   -7.5000   -7.5000 2704.7498   14.5661
   -7.5000    0.0000   -7.5000 2764.4424   14.3266
    0.0000    0.0000   -7.5000 2787.0002   14.2208
    7.5000    0.0000   -7.5000 2745.0681   14.4034
   -7.5000    7.5000   -7.5000 2805.1680   14.3605
    0.0000    7.5000   -7.5000 2830.7515   14.2634
    7.5000    7.5000   -7.5000 2777.3567   14.4628
   -7.5000   15.0000   -7.5000 2822.5408   14.6252
    0.0000   15.0000   -7.5000 2850.3777   14.5686
    7.5000   15.0000   -7.5000 2793.6204   14.7659
   -7.5000   22.5000   -7.5000 2791.0227   15.1513
    0.0000   22.5000   -7.5000 2821.6362   15.1033
    7.5000   22.5000   -7.5000 2770.1963   15.2733
   -7.5000   30.0000   -7.5000 2726.7339   15.8478
    0.0000   30.0000   -7.5000 2745.7830   15.7915
    7.5000   30.0000   -7.5000 2702.9832   15.9989
   -7.5000   37.5000   -7.5000 2627.0649   16.8578
    0.0000   37.5000   -7.5000 2648.6238   16.7586
    7.5000   37.5000   -7.5000 2613.0010   16.9742
   -7.5000   45.0000   -7.5000 2501.9824   18.2591
    0.0000   45.0000   -7.5000 2521.8569   18.1371
    7.5000   45.0000   -7.5000 2488.0510   18.3867
   -7.5000  -45.0000    0.0000 2519.2361   17.9366
    0.0000  -45.0000    0.0000 2540.9644   17.6859
    7.5000  -45.0000    0.0000 2520.6855   17.9363
   -7.5000  -37.5000    0.0000 2576.9075   16.6030
    0.0000  -37.5000    0.0000 2597.1736   16.3624
    7.5000  -37.5000    0.0000 2569.0930   16.5725
   -7.5000  -30.0000    0.0000 2604.3369   15.5869
    0.0000  -30.0000    0.0000 2625.3914   15.3588
    7.5000  -30.0000    0.0000 2606.7168   15.6391
   -7.5000  -22.5000    0.0000 2651.0493   14.8557
    0.0000  -22.5000    0.0000 2665.9565   14.6345
    7.5000  -22.5000    0.0000 2656.6123   14.9018
   -7.5000  -15.0000    0.0000 2694.5288   14.3924
    0.0000  -15.0000    0.0000 2709.3979   14.1561
    7.5000  -15.0000    0.0000 2691.2954   14.4111
   -7.5000   -7.5000    0.0000 2748.0730   14.0478
    0.0000   -7.5000    0.0000 2772.1292   13.8554
    7.5000   -7.5000    0.0000 2739.0425   14.0869
   -7.5000    0.0000    0.0000 2804.0476   13.8908
    0.0000    0.0000    0.0000 2832.2224   13.7127
    7.5000    0.0000    0.0000 2789.0410   13.9572
   -7.5000    7.5000    0.0000 2862.3169   13.9327
    0.0000    7.5000    0.0000 2899.7363   13.7833
    7.5000    7.5000    0.0000 2835.2134   14.0367
   -7.5000   15.0000    0.0000 2899.7029   14.1300
    0.0000   15.0000    0.0000 2941.4377   14.0020
    7.5000   15.0000    0.0000 2857.1777   14.3377
   -7.5000   22.5000    0.0000 2875.5344   14.6813
    0.0000   22.5000    0.0000 2910.3450   14.5307
    7.5000   22.5000    0.0000 2839.9475   14.8754
   -7.5000   30.0000    0.0000 2784.3508   15.4248
    0.0000   30.0000    0.0000 2807.5842   15.2840
    7.5000   30.0000    0.0000 2760.9346   15.6004
   -7.5000   37.5000    0.0000 2667.7922   16.3099
    0.0000   37.5000    0.0000 2690.4248   16.1951
    7.5000   37.5000    0.0000 2658.1460   16.4955
   -7.5000   45.0000    0.0000 2537.4954   17.6642
    0.0000   45.0000    0.0000 2554.0288   17.5338
    7.5000   45.0000    0.0000 2522.7747   17.8318
   -7.5000  -45.0000    7.5000 2517.6340   17.7232
    0.0000  -45.0000    7.5000 2543.1111   17.4838
    7.5000  -45.0000    7.5000 2515.1665   17.7473
   -7.5000  -37.5000    7.5000 2575.2644   16.3611
    0.0000  -37.5000    7.5000 2601.8813   16.0858
    7.5000  -37.5000    7.5000 2569.6802   16.3419
   -7.5000  -30.0000    7.5000 2612.7397   15.3718
    0.0000  -30.0000    7.5000 2632.7742   15.0931
    7.5000  -30.0000    7.5000 2608.3965   15.3664
   -7.5000  -22.5000    7.5000 2659.1597   14.6858
    0.0000  -22.5000    7.5000 2676.1189   14.4042
    7.5000  -22.5000    7.5000 2652.1621   14.6566
   -7.5000  -15.0000    7.5000 2702.5400   14.1896
    0.0000  -15.0000    7.5000 2721.3445   13.9246
    7.5000  -15.0000    7.5000 2689.7192   14.1925
   -7.5000   -7.5000    7.5000 2759.7605   13.8215
    0.0000   -7.5000    7.5000 2787.9419   13.5844
    7.5000   -7.5000    7.5000 2749.0012   13.8846
   -7.5000    0.0000    7.5000 2819.6189   13.7102
    0.0000    0.0000    7.5000 2847.9641   13.4437
    7.5000    0.0000    7.5000 2806.0178   13.7720
   -7.5000    7.5000    7.5000 2881.9089   13.8185
    0.0000    7.5000    7.5000 2920.5552   13.5562
    7.5000    7.5000    7.5000 2860.8093   13.8939
   -7.5000   15.0000    7.5000 2936.0671   14.0213
    0.0000   15.0000    7.5000 2981.3921   13.7202
    7.5000   15.0000    7.5000 2895.6345   14.1868
   -7.5000   22.5000    7.5000 2916.7822   14.5378
    0.0000   22.5000    7.5000 2961.6260   14.2574
    7.5000   22.5000    7.5000 2878.0054   14.7059
   -7.5000   30.0000    7.5000 2811.6853   15.3051
    0.0000   30.0000    7.5000 2841.9543   15.1146
    7.5000   30.0000    7.5000 2787.6548   15.4182
   -7.5000   37.5000    7.5000 2686.7708   16.1300
    0.0000   37.5000    7.5000 2711.8640   15.9572
    7.5000   37.5000    7.5000 2671.2783   16.2371
   -7.5000   45.0000    7.5000 2546.6099   17.3671
    0.0000   45.0000    7.5000 2571.6836   17.2228
    7.5000   45.0000    7.5000 2533.1606   17.4874
   -7.5000  -45.0000   15.0000 2483.1472   17.7117
    0.0000  -45.0000   15.0000 2512.9272   17.5449
    7.5000  -45.0000   15.0000 2482.1028   17.7263
   -7.5000  -37.5000   15.0000 2547.3635   16.3778
    0.0000  -37.5000   15.0000 2571.8000   16.1047
    7.5000  -37.5000   15.0000 2541.6064   16.3541
   -7.5000  -30.0000   15.0000 2595.7253   15.3498
    0.0000  -30.0000   15.0000 2621.2241   15.1010
    7.5000  -30.0000   15.0000 2595.7822   15.3785
   -7.5000  -22.5000   15.0000 2646.8909   14.6483
    0.0000  -22.5000   15.0000 2671.3074   14.3784
    7.5000  -22.5000   15.0000 2638.5066   14.6699
   -7.5000  -15.0000   15.0000 2688.4780   14.1837
    0.0000  -15.0000   15.0000 2715.3015   13.9014
    7.5000  -15.0000   15.0000 2684.8047   14.2138
   -7.5000   -7.5000   15.0000 2747.9644   13.8721
    0.0000   -7.5000   15.0000 2777.0186   13.5968
    7.5000   -7.5000   15.0000 2741.5352   13.9402
   -7.5000    0.0000   15.0000 2801.7312   13.7837
    0.0000    0.0000   15.0000 2831.9404   13.5224
    7.5000    0.0000   15.0000 2792.9473   13.8222
   -7.5000    7.5000   15.0000 2862.7217   13.8795
    0.0000    7.5000   15.0000 2893.0771   13.5875
    7.5000    7.5000   15.0000 2840.6528   13.9069
   -7.5000   15.0000   15.0000 2898.3708   14.1297
    0.0000   15.0000   15.0000 2928.1472   13.8299
    7.5000   15.0000   15.0000 2870.1716   14.1470
   -7.5000   22.5000   15.0000 2877.8723   14.6636
    0.0000   22.5000   15.0000 2911.3967   14.4521
    7.5000   22.5000   15.0000 2851.0632   14.6822
   -7.5000   30.0000   15.0000 2790.6794   15.3792
    0.0000   30.0000   15.0000 2813.7737   15.2520
    7.5000   30.0000   15.0000 2765.7122   15.4127
   -7.5000   37.5000   15.0000 2673.1619   16.2399
    0.0000   37.5000   15.0000 2695.0256   16.0944
    7.5000   37.5000   15.0000 2651.9709   16.2938
   -7.5000   45.0000   15.0000 2532.1228   17.4406
    0.0000   45.0000   15.0000 2549.7839   17.3159
    7.5000   45.0000   15.0000 2517.3823   17.5308
   -7.5000  -45.0000   22.5000 2440.2712   17.9671
    0.0000  -45.0000   22.5000 2475.0940   17.8066
    7.5000  -45.0000   22.5000 2454.4653   18.0311
   -7.5000  -37.5000   22.5000 2503.2107   16.5818
    0.0000  -37.5000   22.5000 2529.1731   16.3282
    7.5000  -37.5000   22.5000 2513.8816   16.5971
   -7.5000  -30.0000   22.5000 2562.5527   15.5739
    0.0000  -30.0000   22.5000 2591.8665   15.3079
    7.5000  -30.0000   22.5000 2569.6418   15.5899
   -7.5000  -22.5000   22.5000 2616.2681   14.9247
    0.0000  -22.5000   22.5000 2650.3181   14.6758
    7.5000  -22.5000   22.5000 2616.3662   14.9307
   -7.5000  -15.0000   22.5000 2663.2407   14.5016
    0.0000  -15.0000   22.5000 2693.5037   14.2532
    7.5000  -15.0000   22.5000 2662.3992   14.4948
   -7.5000   -7.5000   22.5000 2717.7734   14.2229
    0.0000   -7.5000   22.5000 2748.3887   14.0245
    7.5000   -7.5000   22.5000 2712.7537   14.2456
   -7.5000    0.0000   22.5000 2767.4785   14.1374
    0.0000    0.0000   22.5000 2797.7478   13.9357
    7.5000    0.0000   22.5000 2760.3269   14.1478
   -7.5000    7.5000   22.5000 2810.5889   14.1823
    0.0000    7.5000   22.5000 2842.9197   13.9433
    7.5000    7.5000   22.5000 2792.9375   14.1933
   -7.5000   15.0000   22.5000 2829.4229   14.4241
    0.0000   15.0000   22.5000 2858.3547   14.2146
    7.5000   15.0000   22.5000 2810.4409   14.4355
   -7.5000   22.5000   22.5000 2806.2527   14.9530
    0.0000   22.5000   22.5000 2836.4675   14.7645
    7.5000   22.5000   22.5000 2787.5586   14.9566
   -7.5000   30.0000   22.5000 2727.9749   15.6906
    0.0000   30.0000   22.5000 2757.2837   15.5562
    7.5000   30.0000   22.5000 2713.9465   15.6763
   -7.5000   37.5000   22.5000 2622.8123   16.5984
    0.0000   37.5000   22.5000 2642.9495   16.4407
    7.5000   37.5000   22.5000 2608.8657   16.5990
   -7.5000   45.0000   22.5000 2492.1082   17.8254
    0.0000   45.0000   22.5000 2509.2554   17.6684
    7.5000   45.0000   22.5000 2479.6077   17.8567
   -7.5000  -45.0000   30.0000 2388.4998   18.5477
    0.0000  -45.0000   30.0000 2429.4805   18.3931
    7.5000  -45.0000   30.0000 2412.7144   18.6561
   -7.5000  -37.5000   30.0000 2449.3450   17.1132
    0.0000  -37.5000   30.0000 2482.9856   16.9294
    7.5000  -37.5000   30.0000 2472.7388   17.1767
   -7.5000  -30.0000   30.0000 2511.2869   16.1489
    0.0000  -30.0000   30.0000 2546.4719   15.9395
    7.5000  -30.0000   30.0000 2528.3877   16.1261
   -7.5000  -22.5000   30.0000 2568.5120   15.5050
    0.0000  -22.5000   30.0000 2606.1333   15.2795
    7.5000  -22.5000   30.0000 2574.3850   15.4752
   -7.5000  -15.0000   30.0000 2616.9961   15.0642
    0.0000  -15.0000   30.0000 2655.5967   14.8970
    7.5000  -15.0000   30.0000 2620.2786   15.0718
   -7.5000   -7.5000   30.0000 2667.3794   14.8257
    0.0000   -7.5000   30.0000 2701.1748   14.6655
    7.5000   -7.5000   30.0000 2670.0227   14.8284
   -7.5000    0.0000   30.0000 2711.4128   14.7085
    0.0000    0.0000   30.0000 2747.0129   14.4976
    7.5000    0.0000   30.0000 2710.1208   14.7049
   -7.5000    7.5000   30.0000 2739.3118   14.7413
    0.0000    7.5000   30.0000 2777.6833   14.5535
    7.5000    7.5000   30.0000 2735.9924   14.7743
   -7.5000   15.0000   30.0000 2745.1504   15.0219
    0.0000   15.0000   30.0000 2773.8303   14.8497
    7.5000   15.0000   30.0000 2736.8342   15.0656
   -7.5000   22.5000   30.0000 2716.7451   15.5305
    0.0000   22.5000   30.0000 2745.9641   15.3541
    7.5000   22.5000   30.0000 2706.7993   15.5576
   -7.5000   30.0000   30.0000 2640.5671   16.2622
    0.0000   30.0000   30.0000 2669.4424   16.0979
    7.5000   30.0000   30.0000 2636.5798   16.2572
   -7.5000   37.5000   30.0000 2547.7788   17.1984
    0.0000   37.5000   30.0000 2566.7954   16.9987
    7.5000   37.5000   30.0000 2540.3438   17.1393
   -7.5000   45.0000   30.0000 2430.8567   18.4405
    0.0000   45.0000   30.0000 2453.8022   18.2547
    7.5000   45.0000   30.0000 2428.1868   18.4301
   -7.5000  -45.0000   37.5000 2330.5718   19.5256
    0.0000  -45.0000   37.5000 2367.9211   19.3285
    7.5000  -45.0000   37.5000 2357.7588   19.5850
   -7.5000  -37.5000   37.5000 2394.0269   18.0205
    0.0000  -37.5000   37.5000 2431.5005   17.8089
    7.5000  -37.5000   37.5000 2418.8723   18.0273
   -7.5000  -30.0000   37.5000 2456.0342   17.0129
    0.0000  -30.0000   37.5000 2495.0874   16.8010
    7.5000  -30.0000   37.5000 2475.8955   16.9660
   -7.5000  -22.5000   37.5000 2513.1665   16.3158
    0.0000  -22.5000   37.5000 2553.2490   16.1448
    7.5000  -22.5000   37.5000 2530.7236   16.3086
   -7.5000  -15.0000   37.5000 2560.9426   15.9033
    0.0000  -15.0000   37.5000 2598.4692   15.7295
    7.5000  -15.0000   37.5000 2569.2966   15.8750
   -7.5000   -7.5000   37.5000 2608.2502   15.6458
    0.0000   -7.5000   37.5000 2645.1318   15.4676
    7.5000   -7.5000   37.5000 2613.9004   15.6342
   -7.5000    0.0000   37.5000 2639.6790   15.5025
    0.0000    0.0000   37.5000 2682.0518   15.3379
    7.5000    0.0000   37.5000 2643.5461   15.5504
   -7.5000    7.5000   37.5000 2663.9766   15.5913
    0.0000    7.5000   37.5000 2696.8984   15.4640
    7.5000    7.5000   37.5000 2662.3398   15.6576
   -7.5000   15.0000   37.5000 2656.2739   15.9100
    0.0000   15.0000   37.5000 2682.3699   15.7573
    7.5000   15.0000   37.5000 2650.2908   15.9636
   -7.5000   22.5000   37.5000 2623.3486   16.4183
    0.0000   22.5000   37.5000 2650.5728   16.2698
    7.5000   22.5000   37.5000 2614.6968   16.4436
   -7.5000   30.0000   37.5000 2551.5684   17.1459
    0.0000   30.0000   37.5000 2578.2734   16.9763
    7.5000   30.0000   37.5000 2547.1560   17.1446
   -7.5000   37.5000   37.5000 2467.4148   18.0192
    0.0000   37.5000   37.5000 2487.0781   17.8602
    7.5000   37.5000   37.5000 2458.1038   18.0173
   -7.5000   45.0000   37.5000 2362.6602   19.2173
    0.0000   45.0000   37.5000 2384.6072   19.0567
    7.5000   45.0000   37.5000 2354.8762   19.3003
   -7.5000  -45.0000   45.0000 2258.2600   20.8502
    0.0000  -45.0000   45.0000 2293.9260   20.5980
    7.5000  -45.0000   45.0000 2283.3120   20.7900
   -7.5000  -37.5000   45.0000 2327.7603   19.2177
    0.0000  -37.5000   45.0000 2366.2578   18.9675
    7.5000  -37.5000   45.0000 2349.2153   19.1493
   -7.5000  -30.0000   45.0000 2392.1128   18.1387
    0.0000  -30.0000   45.0000 2433.1628   17.8983
    7.5000  -30.0000   45.0000 2410.0217   18.0126
   -7.5000  -22.5000   45.0000 2445.6206   17.3998
    0.0000  -22.5000   45.0000 2486.0515   17.1933
    7.5000  -22.5000   45.0000 2466.3713   17.3683
   -7.5000  -15.0000   45.0000 2488.6260   16.9556
    0.0000  -15.0000   45.0000 2528.3315   16.7636
    7.5000  -15.0000   45.0000 2507.8413   16.9488
   -7.5000   -7.5000   45.0000 2528.4895   16.6584
    0.0000   -7.5000   45.0000 2567.1213   16.4782
    7.5000   -7.5000   45.0000 2539.0286   16.6566
   -7.5000    0.0000   45.0000 2556.7217   16.5661
    0.0000    0.0000   45.0000 2596.1665   16.3986
    7.5000    0.0000   45.0000 2563.7229   16.6036
   -7.5000    7.5000   45.0000 2568.8464   16.6694
    0.0000    7.5000   45.0000 2598.4612   16.5332
    7.5000    7.5000   45.0000 2572.4966   16.7574
   -7.5000   15.0000   45.0000 2552.8787   17.0109
    0.0000   15.0000   45.0000 2580.1343   16.8651
    7.5000   15.0000   45.0000 2548.6917   17.0952
   -7.5000   22.5000   45.0000 2520.2471   17.5296
    0.0000   22.5000   45.0000 2541.9788   17.4081
    7.5000   22.5000   45.0000 2515.6213   17.6113
   -7.5000   30.0000   45.0000 2458.3206   18.2723
    0.0000   30.0000   45.0000 2480.4619   18.1720
    7.5000   30.0000   45.0000 2460.7200   18.3488
   -7.5000   37.5000   45.0000 2381.3684   19.1540
    0.0000   37.5000   45.0000 2401.3762   19.0685
    7.5000   37.5000   45.0000 2378.7886   19.2501
   -7.5000   45.0000   45.0000 2282.8208   20.3248
    0.0000   45.0000   45.0000 2296.9192   20.2101
    7.5000   45.0000   45.0000 2276.2786   20.4355

---------------------------------------------------------------------
imgreg_4dfp /opt/freesurfer/average/711-2C_as_mni_average_305 /opt/freesurfer/average/711-2B_as_mni_average_305_mask talsrcimg_g11 none talsrcimg_to_711-2C_as_mni_average_305_t4 1283
---------------------------------------------------------------------

freesurfer imgreg_4dfp.c
/opt/freesurfer/average/711-2C_as_mni_average_305.4dfp.img
       256       256       256         1
  1.000000  1.000000  1.000000
orientation T byte_order littleendian
Reading image: /opt/freesurfer/average/711-2C_as_mni_average_305.4dfp.img
dimensions:      256       256       256
mmppix:       1.0000   -1.0000   -1.0000
center:     128.0000 -129.0000 -129.0000
/opt/freesurfer/average/711-2B_as_mni_average_305_mask.4dfp.img
       256       256       256         1
  1.000000  1.000000  1.000000
orientation T byte_order littleendian
Reading mask: /opt/freesurfer/average/711-2B_as_mni_average_305_mask.4dfp.img (2306576 pixels)
talsrcimg_g11.4dfp.img
       256       256       256         1
  1.000000  1.000000  1.000000
orientation T byte_order littleendian
Reading image: talsrcimg_g11.4dfp.img
dimensions:      256       256       256
mmppix:       1.0000   -1.0000   -1.0000
center:     128.0000 -129.0000 -129.0000
rotation matrix determinant  1.000000
fimgreg.f
image alignment mode   1283 decimal      503 hex
parameters
    0.0000   15.0000    7.5000    0.0000    0.0000    0.0000
eta,q 0.93377 13.69038
niter,ni,del,rscale     5    3   12.0000    1.2000
parameter  2 -0.560020 -> -0.500000 qaram    1.1500
parameter  5  0.705735 ->  0.500000 qaram    1.1500
parameters
   -1.3226   18.4500    6.8053   -0.3033   -3.4500    0.5615
eta,q 0.93721 13.84186
  0.0779  0.0798  0.0743  0.0707  0.0645  0.0693
  0.0716  0.0760  0.0692  0.0688  0.0628  0.0656
  0.0700  0.0738  0.0662  0.0665  0.0639  0.0634
  0.0710  0.0697  0.0660  0.0659  0.0659  0.0627
  0.0742  0.0665  0.0686  0.0672  0.0693  0.0629
  0.0795  0.0669  0.0729  0.0684  0.0734  0.0641
  0.0870  0.0700  0.0784  0.0725  0.0774  0.0672
niter,ni,del,rscale     6    3   12.0000    1.2000
parameters
   -0.0412   17.8545    7.5551    0.2464   -3.8266    0.8690
eta,q 0.93899 13.85944
  0.0842  0.0737  0.0752  0.0673  0.0714  0.0682
  0.0735  0.0693  0.0710  0.0660  0.0662  0.0639
  0.0668  0.0638  0.0662  0.0634  0.0617  0.0617
  0.0628  0.0621  0.0620  0.0614  0.0614  0.0610
  0.0624  0.0648  0.0617  0.0618  0.0646  0.0616
  0.0657  0.0712  0.0652  0.0631  0.0683  0.0633
  0.0712  0.0798  0.0719  0.0668  0.0725  0.0666
niter,ni,del,rscale     5    3   12.0000    1.2000
parameters
   -0.0469   17.7998    7.6656    0.2581   -3.9546    0.8466
eta,q 0.93911 13.86358
  0.0762  0.0741  0.0739  0.0668  0.0721  0.0675
  0.0678  0.0704  0.0696  0.0653  0.0668  0.0633
  0.0630  0.0646  0.0644  0.0624  0.0623  0.0614
  0.0610  0.0610  0.0610  0.0610  0.0610  0.0609
  0.0636  0.0624  0.0622  0.0617  0.0642  0.0617
  0.0686  0.0684  0.0673  0.0637  0.0679  0.0637
  0.0755  0.0769  0.0748  0.0680  0.0719  0.0673
niter,ni,del,rscale     4    3   12.0000    1.2000
parameters
   -0.0418   17.8189    7.6992    0.2368   -3.9756    0.8383
eta,q 0.93916 13.86587
  0.0763  0.0743  0.0738  0.0667  0.0725  0.0675
  0.0678  0.0706  0.0694  0.0653  0.0671  0.0633
  0.0629  0.0647  0.0642  0.0624  0.0625  0.0613
  0.0609  0.0609  0.0609  0.0609  0.0609  0.0608
  0.0635  0.0622  0.0623  0.0617  0.0640  0.0617
  0.0686  0.0681  0.0676  0.0638  0.0677  0.0636
  0.0755  0.0766  0.0752  0.0681  0.0717  0.0672
registration optimization eta report
parameter search radius
    6.0000    6.9000    6.0000    6.0000    6.9000    6.0000
100000*second partial in parameter space
       40.       29.       36.       18.       22.       18.
  0.0763  0.0743  0.0738  0.0667  0.0725  0.0675
  0.0678  0.0706  0.0694  0.0653  0.0671  0.0633
  0.0629  0.0647  0.0642  0.0624  0.0625  0.0613
  0.0609  0.0609  0.0609  0.0609  0.0609  0.0608
  0.0635  0.0622  0.0623  0.0617  0.0640  0.0617
  0.0686  0.0681  0.0676  0.0638  0.0677  0.0636
  0.0755  0.0766  0.0752  0.0681  0.0717  0.0672
   -0.0418   17.8189    7.6992    0.2368   -3.9756    0.8383
eta,q 0.93916 13.86587

---------------------------------------------------------------------
imgreg_4dfp /opt/freesurfer/average/711-2C_as_mni_average_305 /opt/freesurfer/average/711-2B_as_mni_average_305_mask talsrcimg_g11 none talsrcimg_to_711-2C_as_mni_average_305_t4 3335
---------------------------------------------------------------------

freesurfer imgreg_4dfp.c
/opt/freesurfer/average/711-2C_as_mni_average_305.4dfp.img
       256       256       256         1
  1.000000  1.000000  1.000000
orientation T byte_order littleendian
Reading image: /opt/freesurfer/average/711-2C_as_mni_average_305.4dfp.img
dimensions:      256       256       256
mmppix:       1.0000   -1.0000   -1.0000
center:     128.0000 -129.0000 -129.0000
/opt/freesurfer/average/711-2B_as_mni_average_305_mask.4dfp.img
       256       256       256         1
  1.000000  1.000000  1.000000
orientation T byte_order littleendian
Reading mask: /opt/freesurfer/average/711-2B_as_mni_average_305_mask.4dfp.img (2306576 pixels)
talsrcimg_g11.4dfp.img
       256       256       256         1
  1.000000  1.000000  1.000000
orientation T byte_order littleendian
Reading image: talsrcimg_g11.4dfp.img
dimensions:      256       256       256
mmppix:       1.0000   -1.0000   -1.0000
center:     128.0000 -129.0000 -129.0000
fimgreg.f
image alignment mode   3335 decimal      D07 hex
parameters
   -0.0418   17.8189    7.6992   -0.2513   -0.0111   -0.2415
   -1.4345    6.9384    1.4596   -0.3117   -6.9331    0.4122
eta,q 0.94196 13.79698
niter,ni,del,rscale     5    3    5.0000    1.2000
parameter  4  3.251732 ->  0.500000 qaram    1.1500
parameter  5  3.533244 ->  0.500000 qaram    1.1500
parameter  6  0.876620 ->  0.500000 qaram    1.1500
parameters
   -0.1722   17.5815    7.6038   -4.3913   -4.1511   -4.3815
   -2.7990    7.0104    3.0495   -1.7150   -7.0112   -1.0771
eta,q 0.95852 13.27585
  0.0610  0.0598  0.0598  0.0467  0.0416  0.0417  0.0441  0.0486  0.0449  0.0440  0.0432  0.0424
  0.0593  0.0588  0.0588  0.0497  0.0442  0.0418  0.0427  0.0453  0.0435  0.0424  0.0423  0.0418
  0.0583  0.0581  0.0582  0.0537  0.0473  0.0428  0.0420  0.0428  0.0424  0.0416  0.0417  0.0415
  0.0580  0.0580  0.0580  0.0580  0.0507  0.0450  0.0420  0.0419  0.0419  0.0418  0.0416  0.0416
  0.0586  0.0585  0.0583  0.0628  0.0546  0.0487  0.0429  0.0426  0.0418  0.0428  0.0418  0.0419
  0.0598  0.0594  0.0590  0.0682  0.0588  0.0532  0.0444  0.0449  0.0422  0.0443  0.0424  0.0426
  0.0617  0.0606  0.0601  0.0735  0.0630  0.0582  0.0465  0.0485  0.0431  0.0465  0.0433  0.0437
niter,ni,del,rscale     7    3    5.0000    1.2000
parameter  4  1.027457 ->  0.500000 qaram    1.3225
parameter  5  1.371202 ->  0.500000 qaram    1.3225
parameters
   -0.1982   18.4418    7.6120   -9.1523   -8.9121   -5.8777
   -2.9930    7.2162    3.3004   -1.6709   -8.0476   -0.8322
eta,q 0.96812 12.92062
  0.0462  0.0464  0.0433  0.0355  0.0304  0.0350  0.0356  0.0391  0.0348  0.0364  0.0331  0.0336
  0.0436  0.0443  0.0421  0.0359  0.0314  0.0331  0.0336  0.0356  0.0332  0.0338  0.0323  0.0327
  0.0420  0.0426  0.0413  0.0376  0.0333  0.0322  0.0323  0.0331  0.0323  0.0323  0.0319  0.0321
  0.0415  0.0415  0.0410  0.0410  0.0362  0.0319  0.0319  0.0319  0.0319  0.0319  0.0319  0.0319
  0.0421  0.0410  0.0413  0.0458  0.0399  0.0324  0.0325  0.0325  0.0322  0.0324  0.0323  0.0320
  0.0437  0.0413  0.0420  0.0512  0.0441  0.0351  0.0339  0.0348  0.0330  0.0339  0.0330  0.0325
  0.0464  0.0424  0.0433  0.0576  0.0488  0.0402  0.0359  0.0386  0.0344  0.0362  0.0341  0.0333
niter,ni,del,rscale     7    3    5.0000    1.2000
parameter  5  0.586523 ->  0.500000 qaram    1.5209
parameters
   -0.0180   18.8031    7.8502  -12.9060  -14.3872   -5.4731
   -3.0039    7.2614    3.5876   -1.5681   -9.0398   -0.2572
eta,q 0.97058 12.47686
  0.0381  0.0366  0.0344  0.0330  0.0303  0.0333  0.0332  0.0355  0.0323  0.0335  0.0305  0.0311
  0.0349  0.0342  0.0331  0.0316  0.0296  0.0313  0.0312  0.0323  0.0308  0.0313  0.0298  0.0303
  0.0328  0.0326  0.0322  0.0312  0.0298  0.0300  0.0299  0.0302  0.0299  0.0300  0.0295  0.0298
  0.0319  0.0318  0.0317  0.0317  0.0312  0.0295  0.0295  0.0295  0.0295  0.0295  0.0295  0.0295
  0.0322  0.0318  0.0318  0.0340  0.0335  0.0296  0.0300  0.0301  0.0297  0.0299  0.0298  0.0295
  0.0338  0.0327  0.0324  0.0385  0.0371  0.0302  0.0312  0.0321  0.0306  0.0312  0.0304  0.0299
  0.0365  0.0344  0.0336  0.0441  0.0416  0.0331  0.0331  0.0354  0.0319  0.0333  0.0312  0.0307
niter,ni,del,rscale     7    3    5.0000    1.2000
parameters
    0.1645   18.9167    8.6096  -13.4412  -15.1717   -4.9518
   -3.0906    7.4018    3.6480   -1.5792   -9.3640   -0.1049
eta,q 0.97090 12.42096
  0.0351  0.0336  0.0328  0.0337  0.0342  0.0334  0.0328  0.0355  0.0317  0.0331  0.0306  0.0306
  0.0323  0.0314  0.0313  0.0312  0.0313  0.0314  0.0307  0.0321  0.0303  0.0309  0.0297  0.0299
  0.0303  0.0299  0.0301  0.0296  0.0297  0.0299  0.0295  0.0299  0.0294  0.0295  0.0292  0.0294
  0.0294  0.0294  0.0294  0.0291  0.0291  0.0292  0.0291  0.0291  0.0291  0.0291  0.0291  0.0291
  0.0297  0.0297  0.0291  0.0296  0.0300  0.0292  0.0296  0.0297  0.0294  0.0296  0.0294  0.0292
  0.0311  0.0309  0.0294  0.0315  0.0324  0.0300  0.0309  0.0318  0.0303  0.0310  0.0300  0.0297
  0.0337  0.0329  0.0302  0.0354  0.0361  0.0330  0.0329  0.0350  0.0316  0.0330  0.0308  0.0306
niter,ni,del,rscale     6    3    5.0000    1.2000
parameters
    0.2265   18.8859    8.7716  -13.5047  -15.2084   -4.8852
   -3.1220    7.4604    3.6722   -1.6657   -9.4395   -0.0181
eta,q 0.97093 12.41636
  0.0344  0.0329  0.0317  0.0341  0.0350  0.0332  0.0328  0.0354  0.0317  0.0330  0.0307  0.0306
  0.0316  0.0307  0.0304  0.0314  0.0317  0.0311  0.0308  0.0319  0.0303  0.0308  0.0298  0.0299
  0.0298  0.0295  0.0295  0.0297  0.0298  0.0297  0.0295  0.0298  0.0294  0.0295  0.0293  0.0293
  0.0291  0.0291  0.0291  0.0291  0.0291  0.0291  0.0291  0.0291  0.0291  0.0291  0.0291  0.0291
  0.0296  0.0296  0.0292  0.0294  0.0297  0.0292  0.0296  0.0298  0.0294  0.0296  0.0293  0.0292
  0.0312  0.0309  0.0299  0.0310  0.0318  0.0303  0.0309  0.0319  0.0303  0.0310  0.0299  0.0297
  0.0340  0.0330  0.0311  0.0347  0.0352  0.0337  0.0328  0.0351  0.0316  0.0331  0.0307  0.0306
niter,ni,del,rscale     5    3    5.0000    1.2000
parameters
    0.2423   18.8639    8.8008  -13.5148  -15.2132   -4.8796
   -3.1295    7.4787    3.6813   -1.7063   -9.4470    0.0237
eta,q 0.97093 12.41500
  0.0342  0.0329  0.0315  0.0342  0.0350  0.0331  0.0328  0.0353  0.0317  0.0330  0.0307  0.0306
  0.0315  0.0307  0.0302  0.0315  0.0318  0.0311  0.0308  0.0319  0.0303  0.0308  0.0298  0.0299
  0.0297  0.0295  0.0294  0.0298  0.0298  0.0297  0.0295  0.0298  0.0294  0.0295  0.0293  0.0293
  0.0291  0.0291  0.0291  0.0291  0.0291  0.0291  0.0291  0.0291  0.0291  0.0291  0.0291  0.0291
  0.0296  0.0296  0.0293  0.0294  0.0296  0.0292  0.0295  0.0298  0.0294  0.0296  0.0293  0.0292
  0.0313  0.0309  0.0301  0.0310  0.0317  0.0304  0.0309  0.0319  0.0303  0.0310  0.0298  0.0297
  0.0342  0.0330  0.0314  0.0346  0.0351  0.0338  0.0328  0.0352  0.0316  0.0330  0.0307  0.0307
niter,ni,del,rscale     4    3    5.0000    1.2000
parameters
    0.2463   18.8552    8.8073  -13.5130  -15.2141   -4.8818
   -3.1299    7.4830    3.6769   -1.7196   -9.4478    0.0368
eta,q 0.97093 12.41472
  0.0342  0.0329  0.0314  0.0342  0.0350  0.0331  0.0328  0.0353  0.0317  0.0331  0.0307  0.0306
  0.0314  0.0308  0.0302  0.0315  0.0318  0.0311  0.0308  0.0319  0.0303  0.0308  0.0298  0.0298
  0.0297  0.0295  0.0294  0.0298  0.0298  0.0297  0.0295  0.0298  0.0294  0.0295  0.0293  0.0293
  0.0291  0.0291  0.0291  0.0291  0.0291  0.0291  0.0291  0.0291  0.0291  0.0291  0.0291  0.0291
  0.0296  0.0295  0.0293  0.0293  0.0296  0.0292  0.0295  0.0298  0.0294  0.0295  0.0293  0.0292
  0.0313  0.0309  0.0301  0.0310  0.0317  0.0304  0.0309  0.0319  0.0303  0.0309  0.0298  0.0297
  0.0342  0.0329  0.0314  0.0346  0.0351  0.0338  0.0328  0.0352  0.0316  0.0330  0.0307  0.0307
registration optimization eta report
parameter search radius
    2.4000    2.4000    2.4000    9.5220   10.9503    8.2800
    7.2000    7.2000    7.2000    7.2000    7.2000    7.2000
100000*second partial in parameter space
       89.       66.       40.        6.        5.        7.
        7.       12.        5.        8.        3.        3.
  0.0342  0.0329  0.0314  0.0342  0.0350  0.0331  0.0328  0.0353  0.0317  0.0331  0.0307  0.0306
  0.0314  0.0308  0.0302  0.0315  0.0318  0.0311  0.0308  0.0319  0.0303  0.0308  0.0298  0.0298
  0.0297  0.0295  0.0294  0.0298  0.0298  0.0297  0.0295  0.0298  0.0294  0.0295  0.0293  0.0293
  0.0291  0.0291  0.0291  0.0291  0.0291  0.0291  0.0291  0.0291  0.0291  0.0291  0.0291  0.0291
  0.0296  0.0295  0.0293  0.0293  0.0296  0.0292  0.0295  0.0298  0.0294  0.0295  0.0293  0.0292
  0.0313  0.0309  0.0301  0.0310  0.0317  0.0304  0.0309  0.0319  0.0303  0.0309  0.0298  0.0297
  0.0342  0.0329  0.0314  0.0346  0.0351  0.0338  0.0328  0.0352  0.0316  0.0330  0.0307  0.0307
    0.2463   18.8552    8.8073  -13.5130  -15.2141   -4.8818
   -3.1299    7.4830    3.6769   -1.7196   -9.4478    0.0368
eta,q 0.97093 12.41472

---------------------------------------------------------------------
imgreg_4dfp /opt/freesurfer/average/711-2C_as_mni_average_305 /opt/freesurfer/average/711-2B_as_mni_average_305_mask talsrcimg_g11 none talsrcimg_to_711-2C_as_mni_average_305_t4 2311
---------------------------------------------------------------------

freesurfer imgreg_4dfp.c
/opt/freesurfer/average/711-2C_as_mni_average_305.4dfp.img
       256       256       256         1
  1.000000  1.000000  1.000000
orientation T byte_order littleendian
Reading image: /opt/freesurfer/average/711-2C_as_mni_average_305.4dfp.img
dimensions:      256       256       256
mmppix:       1.0000   -1.0000   -1.0000
center:     128.0000 -129.0000 -129.0000
/opt/freesurfer/average/711-2B_as_mni_average_305_mask.4dfp.img
       256       256       256         1
  1.000000  1.000000  1.000000
orientation T byte_order littleendian
Reading mask: /opt/freesurfer/average/711-2B_as_mni_average_305_mask.4dfp.img (2306576 pixels)
talsrcimg_g11.4dfp.img
       256       256       256         1
  1.000000  1.000000  1.000000
orientation T byte_order littleendian
Reading image: talsrcimg_g11.4dfp.img
dimensions:      256       256       256
mmppix:       1.0000   -1.0000   -1.0000
center:     128.0000 -129.0000 -129.0000
fimgreg.f
image alignment mode   2311 decimal      907 hex
parameters
    0.2463   18.8552    8.8073  -13.5130  -15.2141   -4.8818
   -3.1299    7.4830    3.6769   -1.7196   -9.4478    0.0368
eta,q 0.97093 12.41471
niter,ni,del,rscale     5    3    5.0000    0.8000
parameters
    0.2629   18.8384    8.8216  -12.9570  -14.9421   -3.9973
   -3.1014    7.5482    3.6840   -1.6583   -9.4527    0.2631
eta,q 0.97102 12.52381
  0.0314  0.0308  0.0302  0.0305  0.0303  0.0307  0.0308  0.0320  0.0302  0.0309  0.0298  0.0298
  0.0302  0.0298  0.0296  0.0298  0.0297  0.0298  0.0298  0.0303  0.0295  0.0299  0.0293  0.0294
  0.0294  0.0292  0.0292  0.0293  0.0293  0.0293  0.0292  0.0293  0.0291  0.0292  0.0291  0.0291
  0.0291  0.0291  0.0291  0.0291  0.0290  0.0290  0.0290  0.0290  0.0290  0.0290  0.0290  0.0290
  0.0293  0.0293  0.0292  0.0291  0.0291  0.0290  0.0292  0.0293  0.0291  0.0291  0.0291  0.0290
  0.0301  0.0299  0.0295  0.0294  0.0294  0.0292  0.0298  0.0302  0.0295  0.0298  0.0294  0.0293
  0.0314  0.0308  0.0301  0.0300  0.0301  0.0298  0.0307  0.0318  0.0302  0.0308  0.0298  0.0297
niter,ni,del,rscale     4    3    5.0000    0.7000
parameters
    0.2570   18.7964    8.8536  -12.8506  -14.8079   -3.9860
   -3.0872    7.5579    3.6800   -1.6925   -9.4345    0.3858
eta,q 0.97104 12.53800
  0.0308  0.0303  0.0299  0.0299  0.0300  0.0299  0.0303  0.0312  0.0299  0.0304  0.0296  0.0296
  0.0298  0.0295  0.0294  0.0294  0.0295  0.0294  0.0296  0.0300  0.0294  0.0296  0.0293  0.0293
  0.0292  0.0291  0.0291  0.0291  0.0291  0.0291  0.0291  0.0292  0.0291  0.0291  0.0290  0.0291
  0.0290  0.0290  0.0290  0.0290  0.0290  0.0290  0.0290  0.0290  0.0290  0.0290  0.0290  0.0290
  0.0292  0.0292  0.0291  0.0290  0.0290  0.0290  0.0291  0.0292  0.0291  0.0291  0.0290  0.0290
  0.0298  0.0296  0.0293  0.0293  0.0293  0.0293  0.0296  0.0300  0.0294  0.0296  0.0293  0.0292
  0.0308  0.0304  0.0298  0.0299  0.0299  0.0300  0.0303  0.0312  0.0299  0.0305  0.0296  0.0295
niter,ni,del,rscale     3    3    5.0000    0.6000
parameters
    0.2574   18.7808    8.8435  -12.7723  -14.7484   -3.9106
   -3.0706    7.5696    3.6785   -1.6824   -9.4335    0.4620
eta,q 0.97104 12.55104
  0.0303  0.0300  0.0296  0.0297  0.0297  0.0297  0.0300  0.0306  0.0297  0.0300  0.0294  0.0294
  0.0296  0.0294  0.0293  0.0293  0.0293  0.0293  0.0294  0.0297  0.0293  0.0295  0.0292  0.0292
  0.0291  0.0291  0.0290  0.0291  0.0291  0.0290  0.0291  0.0291  0.0290  0.0291  0.0290  0.0290
  0.0290  0.0290  0.0290  0.0290  0.0290  0.0290  0.0290  0.0290  0.0290  0.0290  0.0290  0.0290
  0.0291  0.0291  0.0290  0.0290  0.0290  0.0290  0.0291  0.0291  0.0290  0.0291  0.0290  0.0290
  0.0296  0.0294  0.0293  0.0292  0.0293  0.0292  0.0294  0.0297  0.0293  0.0294  0.0292  0.0291
  0.0303  0.0300  0.0296  0.0296  0.0297  0.0296  0.0300  0.0306  0.0297  0.0301  0.0294  0.0294
niter,ni,del,rscale     2    3    5.0000    0.5000
parameters
    0.2571   18.7768    8.8404  -12.7012  -14.6828   -3.8380
   -3.0638    7.5742    3.6779   -1.6487   -9.4233    0.4974
eta,q 0.97105 12.56374
  0.0299  0.0297  0.0294  0.0294  0.0295  0.0294  0.0297  0.0301  0.0295  0.0297  0.0293  0.0293
  0.0294  0.0293  0.0292  0.0292  0.0292  0.0292  0.0293  0.0295  0.0292  0.0293  0.0291  0.0291
  0.0291  0.0290  0.0290  0.0290  0.0290  0.0290  0.0290  0.0291  0.0290  0.0291  0.0290  0.0290
  0.0290  0.0290  0.0290  0.0290  0.0290  0.0290  0.0290  0.0290  0.0290  0.0290  0.0290  0.0290
  0.0291  0.0290  0.0290  0.0290  0.0290  0.0290  0.0290  0.0291  0.0290  0.0290  0.0290  0.0290
  0.0294  0.0293  0.0292  0.0291  0.0292  0.0291  0.0293  0.0295  0.0292  0.0293  0.0291  0.0291
  0.0299  0.0297  0.0294  0.0294  0.0295  0.0294  0.0297  0.0301  0.0295  0.0297  0.0293  0.0293
niter,ni,del,rscale     1    3    5.0000    0.4000
parameters
    0.2553   18.7761    8.8365  -12.6427  -14.6269   -3.7736
   -3.0437    7.5777    3.6799   -1.6077   -9.4213    0.5282
eta,q 0.97105 12.57441
  0.0296  0.0294  0.0292  0.0293  0.0293  0.0292  0.0294  0.0297  0.0293  0.0294  0.0292  0.0292
  0.0292  0.0292  0.0291  0.0291  0.0291  0.0291  0.0292  0.0293  0.0291  0.0292  0.0290  0.0291
  0.0290  0.0290  0.0290  0.0290  0.0290  0.0290  0.0290  0.0290  0.0290  0.0290  0.0290  0.0290
  0.0290  0.0290  0.0290  0.0290  0.0290  0.0290  0.0289  0.0289  0.0290  0.0290  0.0289  0.0289
  0.0290  0.0290  0.0290  0.0290  0.0290  0.0290  0.0290  0.0290  0.0290  0.0290  0.0290  0.0290
  0.0292  0.0292  0.0291  0.0291  0.0291  0.0290  0.0291  0.0293  0.0291  0.0291  0.0290  0.0290
  0.0296  0.0294  0.0292  0.0292  0.0293  0.0292  0.0294  0.0297  0.0293  0.0294  0.0292  0.0292
registration optimization eta report
parameter search radius
    0.8000    0.8000    0.8000    2.4000    2.4000    2.4000
    2.4000    2.4000    2.4000    2.4000    2.4000    2.4000
100000*second partial in parameter space
       95.       72.       46.        5.        6.        5.
        8.       13.        6.        8.        4.        4.
  0.0296  0.0294  0.0292  0.0293  0.0293  0.0292  0.0294  0.0297  0.0293  0.0294  0.0292  0.0292
  0.0292  0.0292  0.0291  0.0291  0.0291  0.0291  0.0292  0.0293  0.0291  0.0292  0.0290  0.0291
  0.0290  0.0290  0.0290  0.0290  0.0290  0.0290  0.0290  0.0290  0.0290  0.0290  0.0290  0.0290
  0.0290  0.0290  0.0290  0.0290  0.0290  0.0290  0.0289  0.0289  0.0290  0.0290  0.0289  0.0289
  0.0290  0.0290  0.0290  0.0290  0.0290  0.0290  0.0290  0.0290  0.0290  0.0290  0.0290  0.0290
  0.0292  0.0292  0.0291  0.0291  0.0291  0.0290  0.0291  0.0293  0.0291  0.0291  0.0290  0.0290
  0.0296  0.0294  0.0292  0.0292  0.0293  0.0292  0.0294  0.0297  0.0293  0.0294  0.0292  0.0292
    0.2553   18.7761    8.8365  -12.6427  -14.6269   -3.7736
   -3.0437    7.5777    3.6799   -1.6077   -9.4213    0.5282
eta,q 0.97105 12.57441

---------------------------------------------------------------------
imgreg_4dfp /opt/freesurfer/average/711-2C_as_mni_average_305 /opt/freesurfer/average/711-2B_as_mni_average_305_mask talsrcimg_g11 none talsrcimg_to_711-2C_as_mni_average_305_t4 2311
---------------------------------------------------------------------

freesurfer imgreg_4dfp.c
/opt/freesurfer/average/711-2C_as_mni_average_305.4dfp.img
       256       256       256         1
  1.000000  1.000000  1.000000
orientation T byte_order littleendian
Reading image: /opt/freesurfer/average/711-2C_as_mni_average_305.4dfp.img
dimensions:      256       256       256
mmppix:       1.0000   -1.0000   -1.0000
center:     128.0000 -129.0000 -129.0000
/opt/freesurfer/average/711-2B_as_mni_average_305_mask.4dfp.img
       256       256       256         1
  1.000000  1.000000  1.000000
orientation T byte_order littleendian
Reading mask: /opt/freesurfer/average/711-2B_as_mni_average_305_mask.4dfp.img (2306576 pixels)
talsrcimg_g11.4dfp.img
       256       256       256         1
  1.000000  1.000000  1.000000
orientation T byte_order littleendian
Reading image: talsrcimg_g11.4dfp.img
dimensions:      256       256       256
mmppix:       1.0000   -1.0000   -1.0000
center:     128.0000 -129.0000 -129.0000
fimgreg.f
image alignment mode   2311 decimal      907 hex
parameters
    0.2553   18.7761    8.8365  -12.6427  -14.6269   -3.7736
   -3.0437    7.5777    3.6799   -1.6077   -9.4213    0.5282
eta,q 0.97105 12.57440
niter,ni,del,rscale     5    3    5.0000    0.8000
parameters
    0.2415   18.7804    8.8158  -12.8501  -14.8149   -4.1561
   -3.0757    7.5524    3.6848   -1.7490   -9.3878    0.3720
eta,q 0.97103 12.52758
  0.0313  0.0308  0.0301  0.0301  0.0301  0.0301  0.0307  0.0319  0.0302  0.0307  0.0298  0.0297
  0.0300  0.0298  0.0295  0.0295  0.0295  0.0294  0.0297  0.0303  0.0295  0.0298  0.0293  0.0293
  0.0292  0.0292  0.0291  0.0291  0.0291  0.0291  0.0292  0.0293  0.0291  0.0292  0.0291  0.0291
  0.0289  0.0289  0.0290  0.0289  0.0290  0.0290  0.0290  0.0290  0.0290  0.0290  0.0290  0.0290
  0.0292  0.0292  0.0291  0.0291  0.0291  0.0291  0.0292  0.0293  0.0291  0.0292  0.0291  0.0291
  0.0301  0.0298  0.0295  0.0295  0.0296  0.0295  0.0298  0.0303  0.0295  0.0299  0.0293  0.0293
  0.0314  0.0308  0.0301  0.0304  0.0304  0.0307  0.0308  0.0319  0.0302  0.0310  0.0298  0.0298
niter,ni,del,rscale     4    3    5.0000    0.7000
parameters
    0.2556   18.7826    8.8295  -12.8412  -14.8036   -4.0005
   -3.0801    7.5600    3.6748   -1.7078   -9.4129    0.4029
eta,q 0.97104 12.53810
  0.0308  0.0304  0.0298  0.0299  0.0299  0.0300  0.0303  0.0312  0.0299  0.0304  0.0296  0.0296
  0.0298  0.0296  0.0294  0.0294  0.0294  0.0294  0.0296  0.0300  0.0294  0.0296  0.0292  0.0293
  0.0292  0.0291  0.0291  0.0291  0.0291  0.0291  0.0291  0.0292  0.0291  0.0292  0.0290  0.0291
  0.0290  0.0290  0.0290  0.0290  0.0290  0.0290  0.0290  0.0290  0.0290  0.0290  0.0290  0.0290
  0.0291  0.0291  0.0291  0.0290  0.0290  0.0290  0.0291  0.0292  0.0291  0.0291  0.0290  0.0290
  0.0298  0.0296  0.0293  0.0293  0.0294  0.0292  0.0296  0.0300  0.0294  0.0296  0.0293  0.0292
  0.0308  0.0303  0.0298  0.0299  0.0300  0.0299  0.0303  0.0312  0.0299  0.0304  0.0296  0.0296
niter,ni,del,rscale     3    3    5.0000    0.6000
parameters
    0.2570   18.7804    8.8402  -12.7690  -14.7507   -3.9036
   -3.0721    7.5675    3.6737   -1.6799   -9.4187    0.4585
eta,q 0.97105 12.55154
  0.0303  0.0300  0.0296  0.0297  0.0297  0.0297  0.0300  0.0306  0.0297  0.0300  0.0294  0.0294
  0.0296  0.0294  0.0293  0.0293  0.0293  0.0293  0.0294  0.0297  0.0293  0.0295  0.0292  0.0292
  0.0291  0.0291  0.0290  0.0291  0.0291  0.0290  0.0291  0.0291  0.0290  0.0291  0.0290  0.0290
  0.0290  0.0290  0.0290  0.0290  0.0290  0.0290  0.0290  0.0290  0.0290  0.0290  0.0290  0.0290
  0.0291  0.0291  0.0290  0.0290  0.0290  0.0290  0.0291  0.0291  0.0290  0.0291  0.0290  0.0290
  0.0296  0.0294  0.0292  0.0292  0.0293  0.0292  0.0294  0.0297  0.0293  0.0294  0.0292  0.0291
  0.0303  0.0300  0.0296  0.0296  0.0297  0.0296  0.0300  0.0306  0.0297  0.0300  0.0294  0.0294
niter,ni,del,rscale     2    3    5.0000    0.5000
parameters
    0.2567   18.7776    8.8398  -12.6973  -14.6799   -3.8309
   -3.0645    7.5755    3.6764   -1.6462   -9.4237    0.4975
eta,q 0.97105 12.56459
  0.0299  0.0297  0.0294  0.0294  0.0295  0.0294  0.0297  0.0301  0.0295  0.0297  0.0293  0.0293
  0.0294  0.0293  0.0292  0.0292  0.0292  0.0292  0.0293  0.0295  0.0292  0.0293  0.0291  0.0291
  0.0291  0.0290  0.0290  0.0290  0.0290  0.0290  0.0290  0.0291  0.0290  0.0291  0.0290  0.0290
  0.0290  0.0290  0.0290  0.0290  0.0290  0.0290  0.0290  0.0290  0.0290  0.0290  0.0290  0.0290
  0.0291  0.0290  0.0290  0.0290  0.0290  0.0290  0.0290  0.0291  0.0290  0.0290  0.0290  0.0290
  0.0294  0.0293  0.0292  0.0291  0.0292  0.0291  0.0293  0.0295  0.0292  0.0293  0.0291  0.0291
  0.0299  0.0297  0.0294  0.0294  0.0295  0.0294  0.0297  0.0301  0.0295  0.0297  0.0293  0.0293
niter,ni,del,rscale     1    3    5.0000    0.4000
parameters
    0.2548   18.7772    8.8365  -12.6358  -14.6203   -3.7766
   -3.0459    7.5789    3.6760   -1.6077   -9.4269    0.5303
eta,q 0.97105 12.57513
  0.0296  0.0294  0.0292  0.0293  0.0293  0.0292  0.0294  0.0297  0.0293  0.0294  0.0292  0.0292
  0.0292  0.0292  0.0291  0.0291  0.0291  0.0291  0.0292  0.0293  0.0291  0.0292  0.0290  0.0291
  0.0290  0.0290  0.0290  0.0290  0.0290  0.0290  0.0290  0.0290  0.0290  0.0290  0.0290  0.0290
  0.0290  0.0290  0.0290  0.0290  0.0290  0.0290  0.0289  0.0289  0.0290  0.0290  0.0290  0.0289
  0.0290  0.0290  0.0290  0.0290  0.0290  0.0290  0.0290  0.0290  0.0290  0.0290  0.0290  0.0290
  0.0292  0.0292  0.0291  0.0291  0.0291  0.0291  0.0291  0.0293  0.0291  0.0291  0.0291  0.0290
  0.0296  0.0294  0.0292  0.0292  0.0293  0.0292  0.0294  0.0297  0.0293  0.0294  0.0292  0.0292
registration optimization eta report
parameter search radius
    0.8000    0.8000    0.8000    2.4000    2.4000    2.4000
    2.4000    2.4000    2.4000    2.4000    2.4000    2.4000
100000*second partial in parameter space
       95.       72.       46.        5.        6.        5.
        8.       13.        6.        8.        4.        4.
  0.0296  0.0294  0.0292  0.0293  0.0293  0.0292  0.0294  0.0297  0.0293  0.0294  0.0292  0.0292
  0.0292  0.0292  0.0291  0.0291  0.0291  0.0291  0.0292  0.0293  0.0291  0.0292  0.0290  0.0291
  0.0290  0.0290  0.0290  0.0290  0.0290  0.0290  0.0290  0.0290  0.0290  0.0290  0.0290  0.0290
  0.0290  0.0290  0.0290  0.0290  0.0290  0.0290  0.0289  0.0289  0.0290  0.0290  0.0290  0.0289
  0.0290  0.0290  0.0290  0.0290  0.0290  0.0290  0.0290  0.0290  0.0290  0.0290  0.0290  0.0290
  0.0292  0.0292  0.0291  0.0291  0.0291  0.0291  0.0291  0.0293  0.0291  0.0291  0.0291  0.0290
  0.0296  0.0294  0.0292  0.0292  0.0293  0.0292  0.0294  0.0297  0.0293  0.0294  0.0292  0.0292
    0.2548   18.7772    8.8365  -12.6358  -14.6203   -3.7766
   -3.0459    7.5789    3.6760   -1.6077   -9.4269    0.5303
eta,q 0.97105 12.57513

---------------------------------------------------------------------
compute_vox2vox talsrcimg talsrcimg_to_711-2C_as_mni_average_305_t4 /opt/freesurfer/average/711-2C_as_mni_average_305
---------------------------------------------------------------------

freesurfer compute_vox2vox.c
Reading: talsrcimg.4dfp.ifh
Reading: talsrcimg_to_711-2C_as_mni_average_305_t4
Reading: /opt/freesurfer/average/711-2C_as_mni_average_305.4dfp.ifh
Writing: talsrcimg_to_711-2C_as_mni_average_305_t4_vox2vox.txt

start time Tue Mar 10 05:21:13 CET 2026
end		time Tue Mar 10 05:22:39 CET 2026

mpr2mni305 success

avi2talxfm orig_nu.mgz /opt/freesurfer/average/mni305.cor.mgz talsrcimg_to_711-2C_as_mni_average_305_t4_vox2vox.txt transforms/talairach.auto.xfm
avi2talxfm done
mv -f /out/sourcedata/freesurfer/sub-v1s5x0050757_ses-1/mri/talsrcimg_to_711-2C_as_mni_average_305_t4_vox2vox.txt /out/sourcedata/freesurfer/sub-v1s5x0050757_ses-1/mri/transforms/talsrcimg_to_711-2C_as_mni_average_305_t4_vox2vox.txt
lta_convert --src orig_nu.mgz --trg /opt/freesurfer/average/mni305.cor.mgz --inxfm transforms/talairach.auto.xfm --outlta transforms/talairach.auto.xfm.lta --subject fsaverage
7.3.2

--src: orig_nu.mgz src image (geometry).
--trg: /opt/freesurfer/average/mni305.cor.mgz trg image (geometry).
--inmni: transforms/talairach.auto.xfm input MNI/XFM transform.
--outlta: transforms/talairach.auto.xfm.lta output LTA.
--s: fsaverage subject name
 LTA read, type : 1
 1.13335  -0.08858   0.04098  -3.48442;
 0.11129   1.03044  -0.00243  -16.94693;
-0.04670   0.02322   1.16943  -11.07265;
 0.00000   0.00000   0.00000   1.00000;
setting subject to fsaverage
Writing  LTA to file transforms/talairach.auto.xfm.lta...
lta_convert successful.
 
 
Started at Tue Mar 10 05:21:13 CET 2026
Ended   at Tue Mar 10 05:22:39 CET 2026
talairach_avi done
