/out/sourcedata/freesurfer/sub-v1s5x0050725_ses-1/mri
/opt/freesurfer/bin/talairach_avi
--i orig_nu.mgz --xfm transforms/talairach.auto.xfm
talairach_avi 7.3.2
Linux dna069 5.14.0-427.37.1.el9_4.x86_64 #1 SMP PREEMPT_DYNAMIC Fri Sep 13 12:41:50 EDT 2024 x86_64 x86_64 x86_64 GNU/Linux
Tue Mar 10 03:37:28 CET 2026
mri_convert orig_nu.mgz talsrcimg.img 
reading from orig_nu.mgz...
TR=0.00, TE=0.00, TI=0.00, flip angle=0.00
i_ras = (-1, 2.32831e-10, 3.72529e-09)
j_ras = (3.72529e-09, 7.45058e-09, -1)
k_ras = (-2.32831e-10, 1, -7.45058e-09)
writing to talsrcimg.img...
Analyze Output Matrix
-1.00000   0.00000  -0.00000   129.57368;
 0.00000   0.00000   1.00000  -125.40472;
 0.00000  -1.00000  -0.00000   106.51288;
 0.00000   0.00000   0.00000   1.00000;
--------------------
INFO: set hdr.hist.orient to -1
mpr2mni305 talsrcimg
Tue Mar 10 03:37:29 CET 2026
/opt/freesurfer/bin/mpr2mni305 talsrcimg
mpr2mni305 7.3.2
target=711-2C_as_mni_average_305

---------------------------------------------------------------------
analyzeto4dfp talsrcimg -O0 -y
---------------------------------------------------------------------

freesurfer ifh2hdr.c
Tue Mar 10 03:37:29 2026
Writing: talsrcimg.4dfp.hdr
freesurfer analyzeto4dfp.c
Reading: talsrcimg.hdr
header size 348 bytes
hdr.dime.datatype	offset=70	value=2
hdr.dime.bitpix		offset=72	value=8
hdr.hist.orient		offset=252	value=-1
dimensionality     4
dimensions       256       256       256         1
Reading: talsrcimg.img
Writing: talsrcimg.4dfp.img
Writing: talsrcimg.4dfp.ifh
ifh2hdr talsrcimg -r0to255
ori=2

---------------------------------------------------------------------
gauss_4dfp talsrcimg 1.1
---------------------------------------------------------------------

freesurfer gauss_4dfp.c
Reading: talsrcimg.4dfp.img
Writing: talsrcimg_g11.4dfp.img
image dimensions 256 256 256 padded to 288 288 288
processing volume 1freesurfer ifh2hdr.c
Tue Mar 10 03:37:30 2026
Writing: talsrcimg_g11.4dfp.hdr

Writing: talsrcimg_g11.4dfp.ifh
including: talsrcimg.4dfp.img.rec in talsrcimg_g11.4dfp.img.rec

---------------------------------------------------------------------
imgreg_4dfp /opt/freesurfer/average/711-2C_as_mni_average_305 none talsrcimg_g11 none talsrcimg_to_711-2C_as_mni_average_305_t4 4355
---------------------------------------------------------------------

freesurfer imgreg_4dfp.c
/opt/freesurfer/average/711-2C_as_mni_average_305.4dfp.img
       256       256       256         1
  1.000000  1.000000  1.000000
orientation T byte_order littleendian
Reading image: /opt/freesurfer/average/711-2C_as_mni_average_305.4dfp.img
dimensions:      256       256       256
mmppix:       1.0000   -1.0000   -1.0000
center:     128.0000 -129.0000 -129.0000
talsrcimg_g11.4dfp.img
       256       256       256         1
  1.000000  1.000000  1.000000
orientation T byte_order littleendian
Reading image: talsrcimg_g11.4dfp.img
dimensions:      256       256       256
mmppix:       1.0000   -1.0000   -1.0000
center:     128.0000 -129.0000 -129.0000
t4_read: open error in t4_sub.f l:  41 t4_file(1:l)talsrcimg_to_711-2C_as_mni_average_305_t4 
t4_read: transform initialized to I4
rotation matrix determinant  1.000000
image alignment mode   4355 decimal     1103 hex
   -7.5000  -45.0000  -45.0000 8503.0879   16.1198
    0.0000  -45.0000  -45.0000 8866.2930   16.0915
    7.5000  -45.0000  -45.0000 8542.1836   16.0382
   -7.5000  -37.5000  -45.0000 9032.0918   15.9440
    0.0000  -37.5000  -45.0000 9443.9756   15.9130
    7.5000  -37.5000  -45.0000 9078.3984   15.8644
   -7.5000  -30.0000  -45.0000 9942.2119   15.9014
    0.0000  -30.0000  -45.000010403.6631   15.8667
    7.5000  -30.0000  -45.0000 9987.8398   15.8216
   -7.5000  -22.5000  -45.000010731.3965   15.9564
    0.0000  -22.5000  -45.000011237.9902   15.9210
    7.5000  -22.5000  -45.000010773.8652   15.8751
   -7.5000  -15.0000  -45.000011363.5273   15.9920
    0.0000  -15.0000  -45.000011906.0820   15.9593
    7.5000  -15.0000  -45.000011400.8477   15.9091
   -7.5000   -7.5000  -45.000011843.0400   15.9618
    0.0000   -7.5000  -45.000012445.4766   15.9328
    7.5000   -7.5000  -45.000011890.9434   15.8798
   -7.5000    0.0000  -45.000012201.7773   15.9041
    0.0000    0.0000  -45.000012809.0664   15.8761
    7.5000    0.0000  -45.000012238.2852   15.8241
   -7.5000    7.5000  -45.000011662.8154   15.8762
    0.0000    7.5000  -45.000012231.4404   15.8453
    7.5000    7.5000  -45.000011679.4189   15.7970
   -7.5000   15.0000  -45.000011058.6162   15.8985
    0.0000   15.0000  -45.000011603.5215   15.8638
    7.5000   15.0000  -45.000011076.7266   15.8187
   -7.5000   22.5000  -45.000010440.1445   16.1631
    0.0000   22.5000  -45.000010957.0469   16.1293
    7.5000   22.5000  -45.000010468.4365   16.0852
   -7.5000   30.0000  -45.0000 9796.6348   16.3106
    0.0000   30.0000  -45.000010330.6748   16.2832
    7.5000   30.0000  -45.0000 9870.6895   16.2361
   -7.5000   37.5000  -45.0000 9516.1826   16.6873
    0.0000   37.5000  -45.000010037.4688   16.6642
    7.5000   37.5000  -45.0000 9575.1221   16.6163
   -7.5000   45.0000  -45.0000 8867.4150   16.6513
    0.0000   45.0000  -45.0000 9342.0537   16.6383
    7.5000   45.0000  -45.0000 8905.5244   16.5913
   -7.5000  -45.0000  -37.5000 9045.4717   16.0992
    0.0000  -45.0000  -37.5000 9443.5205   16.0694
    7.5000  -45.0000  -37.5000 9083.9648   16.0202
   -7.5000  -37.5000  -37.5000 9660.5605   15.9284
    0.0000  -37.5000  -37.500010101.6602   15.8980
    7.5000  -37.5000  -37.5000 9696.8770   15.8521
   -7.5000  -30.0000  -37.500010638.5029   15.8967
    0.0000  -30.0000  -37.500011115.0674   15.8634
    7.5000  -30.0000  -37.500010671.7295   15.8198
   -7.5000  -22.5000  -37.500011466.7686   15.9574
    0.0000  -22.5000  -37.500011994.0430   15.9223
    7.5000  -22.5000  -37.500011514.7480   15.8781
   -7.5000  -15.0000  -37.500012107.2236   15.9887
    0.0000  -15.0000  -37.500012705.5020   15.9545
    7.5000  -15.0000  -37.500012164.1152   15.9078
   -7.5000   -7.5000  -37.500012604.6289   15.9484
    0.0000   -7.5000  -37.500013254.4014   15.9171
    7.5000   -7.5000  -37.500012660.6797   15.8687
   -7.5000    0.0000  -37.500012992.5186   15.8842
    0.0000    0.0000  -37.500013648.4512   15.8549
    7.5000    0.0000  -37.500013028.3105   15.8070
   -7.5000    7.5000  -37.500012397.3398   15.8607
    0.0000    7.5000  -37.500013016.3193   15.8304
    7.5000    7.5000  -37.500012431.7930   15.7847
   -7.5000   15.0000  -37.500011715.0098   15.8937
    0.0000   15.0000  -37.500012303.4629   15.8604
    7.5000   15.0000  -37.500011723.2588   15.8169
   -7.5000   22.5000  -37.500011009.5654   16.1632
    0.0000   22.5000  -37.500011572.2969   16.1290
    7.5000   22.5000  -37.500011036.8213   16.0864
   -7.5000   30.0000  -37.500010342.0498   16.3044
    0.0000   30.0000  -37.500010917.5820   16.2744
    7.5000   30.0000  -37.500010394.6621   16.2294
   -7.5000   37.5000  -37.500010058.2637   16.6655
    0.0000   37.5000  -37.500010618.3252   16.6383
    7.5000   37.5000  -37.500010116.3555   16.5916
   -7.5000   45.0000  -37.5000 9356.3350   16.6210
    0.0000   45.0000  -37.5000 9865.2871   16.6026
    7.5000   45.0000  -37.5000 9408.0596   16.5553
   -7.5000  -45.0000  -30.0000 9677.0205   16.8075
    0.0000  -45.0000  -30.000010128.6475   16.7749
    7.5000  -45.0000  -30.0000 9700.1201   16.7334
   -7.5000  -37.5000  -30.000010360.5234   16.6220
    0.0000  -37.5000  -30.000010851.2051   16.5887
    7.5000  -37.5000  -30.000010394.7314   16.5517
   -7.5000  -30.0000  -30.000011385.3359   16.5920
    0.0000  -30.0000  -30.000011928.6270   16.5556
    7.5000  -30.0000  -30.000011442.0576   16.5186
   -7.5000  -22.5000  -30.000012269.2666   16.6660
    0.0000  -22.5000  -30.000012831.7275   16.6284
    7.5000  -22.5000  -30.000012330.0146   16.5872
   -7.5000  -15.0000  -30.000012938.8652   16.7061
    0.0000  -15.0000  -30.000013549.4229   16.6702
    7.5000  -15.0000  -30.000013003.6250   16.6251
   -7.5000   -7.5000  -30.000013478.7793   16.6608
    0.0000   -7.5000  -30.000014116.2578   16.6274
    7.5000   -7.5000  -30.000013536.8779   16.5828
   -7.5000    0.0000  -30.000013890.0850   16.5834
    0.0000    0.0000  -30.000014548.6377   16.5513
    7.5000    0.0000  -30.000013936.5938   16.5109
   -7.5000    7.5000  -30.000013272.9766   16.5513
    0.0000    7.5000  -30.000013922.7383   16.5181
    7.5000    7.5000  -30.000013300.2100   16.4813
   -7.5000   15.0000  -30.000012523.2324   16.5888
    0.0000   15.0000  -30.000013170.3242   16.5525
    7.5000   15.0000  -30.000012548.0439   16.5155
   -7.5000   22.5000  -30.000011749.4092   16.8774
    0.0000   22.5000  -30.000012376.5576   16.8403
    7.5000   22.5000  -30.000011786.8223   16.8000
   -7.5000   30.0000  -30.000011016.7041   17.0362
    0.0000   30.0000  -30.000011627.7207   17.0041
    7.5000   30.0000  -30.000011059.1299   16.9594
   -7.5000   37.5000  -30.000010709.8447   17.4068
    0.0000   37.5000  -30.000011300.0713   17.3786
    7.5000   37.5000  -30.000010768.0938   17.3337
   -7.5000   45.0000  -30.0000 9983.8652   17.3576
    0.0000   45.0000  -30.000010515.6113   17.3353
    7.5000   45.0000  -30.000010029.8477   17.2922
   -7.5000  -45.0000  -22.500010301.4658   17.4284
    0.0000  -45.0000  -22.500010768.3750   17.3947
    7.5000  -45.0000  -22.500010347.9941   17.3565
   -7.5000  -37.5000  -22.500011043.1133   17.2247
    0.0000  -37.5000  -22.500011554.1211   17.1876
    7.5000  -37.5000  -22.500011089.0811   17.1573
   -7.5000  -30.0000  -22.500012092.7363   17.1843
    0.0000  -30.0000  -22.500012669.0215   17.1433
    7.5000  -30.0000  -22.500012130.0459   17.1122
   -7.5000  -22.5000  -22.500013023.4434   17.2642
    0.0000  -22.5000  -22.500013623.9580   17.2241
    7.5000  -22.5000  -22.500013072.1641   17.1848
   -7.5000  -15.0000  -22.500013737.4141   17.3170
    0.0000  -15.0000  -22.500014360.8643   17.2817
    7.5000  -15.0000  -22.500013773.2012   17.2345
   -7.5000   -7.5000  -22.500014309.3223   17.2787
    0.0000   -7.5000  -22.500014976.5117   17.2459
    7.5000   -7.5000  -22.500014355.1553   17.1998
   -7.5000    0.0000  -22.500014754.3662   17.1962
    0.0000    0.0000  -22.500015460.9980   17.1628
    7.5000    0.0000  -22.500014775.1094   17.1255
   -7.5000    7.5000  -22.500014126.9014   17.1512
    0.0000    7.5000  -22.500014816.6074   17.1143
    7.5000    7.5000  -22.500014122.2588   17.0842
   -7.5000   15.0000  -22.500013362.9121   17.1811
    0.0000   15.0000  -22.500014043.1221   17.1400
    7.5000   15.0000  -22.500013369.2607   17.1090
   -7.5000   22.5000  -22.500012532.7725   17.4813
    0.0000   22.5000  -22.500013219.0625   17.4420
    7.5000   22.5000  -22.500012554.3838   17.4029
   -7.5000   30.0000  -22.500011700.8330   17.6634
    0.0000   30.0000  -22.500012342.9111   17.6327
    7.5000   30.0000  -22.500011722.3633   17.5863
   -7.5000   37.5000  -22.500011330.2744   18.0586
    0.0000   37.5000  -22.500011944.6172   18.0344
    7.5000   37.5000  -22.500011389.5850   17.9896
   -7.5000   45.0000  -22.500010549.4033   18.0145
    0.0000   45.0000  -22.500011106.8838   17.9942
    7.5000   45.0000  -22.500010597.3896   17.9560
   -7.5000  -45.0000  -15.000010914.9873   17.8572
    0.0000  -45.0000  -15.000011416.8994   17.8241
    7.5000  -45.0000  -15.000010961.3076   17.7819
   -7.5000  -37.5000  -15.000011686.9170   17.6433
    0.0000  -37.5000  -15.000012256.2227   17.6047
    7.5000  -37.5000  -15.000011750.7754   17.5726
   -7.5000  -30.0000  -15.000012770.3193   17.5898
    0.0000  -30.0000  -15.000013389.5947   17.5469
    7.5000  -30.0000  -15.000012844.0469   17.5152
   -7.5000  -22.5000  -15.000013746.1328   17.6652
    0.0000  -22.5000  -15.000014385.4375   17.6247
    7.5000  -22.5000  -15.000013795.6875   17.5838
   -7.5000  -15.0000  -15.000014506.4160   17.7239
    0.0000  -15.0000  -15.000015183.9443   17.6901
    7.5000  -15.0000  -15.000014556.5654   17.6390
   -7.5000   -7.5000  -15.000015138.0449   17.6961
    0.0000   -7.5000  -15.000015855.7129   17.6653
    7.5000   -7.5000  -15.000015186.6953   17.6140
   -7.5000    0.0000  -15.000015623.1689   17.6191
    0.0000    0.0000  -15.000016385.5957   17.5861
    7.5000    0.0000  -15.000015639.2490   17.5448
   -7.5000    7.5000  -15.000014942.0986   17.5681
    0.0000    7.5000  -15.000015681.7139   17.5297
    7.5000    7.5000  -15.000014928.8955   17.4978
   -7.5000   15.0000  -15.000014088.3154   17.5866
    0.0000   15.0000  -15.000014855.6680   17.5436
    7.5000   15.0000  -15.000014111.3994   17.5119
   -7.5000   22.5000  -15.000013214.8652   17.8871
    0.0000   22.5000  -15.000013965.7920   17.8483
    7.5000   22.5000  -15.000013271.0986   17.8077
   -7.5000   30.0000  -15.000012333.0391   18.0839
    0.0000   30.0000  -15.000013036.8701   18.0560
    7.5000   30.0000  -15.000012365.5732   18.0070
   -7.5000   37.5000  -15.000011911.5947   18.5057
    0.0000   37.5000  -15.000012571.0908   18.4858
    7.5000   37.5000  -15.000011977.0010   18.4393
   -7.5000   45.0000  -15.000011089.2715   18.4782
    0.0000   45.0000  -15.000011676.2764   18.4633
    7.5000   45.0000  -15.000011144.2793   18.4256
   -7.5000  -45.0000   -7.500011551.7832   18.0265
    0.0000  -45.0000   -7.500012094.9180   17.9949
    7.5000  -45.0000   -7.500011618.7598   17.9428
   -7.5000  -37.5000   -7.500012345.9629   17.8187
    0.0000  -37.5000   -7.500012971.8564   17.7816
    7.5000  -37.5000   -7.500012443.0352   17.7379
   -7.5000  -30.0000   -7.500013444.0137   17.7626
    0.0000  -30.0000   -7.500014121.5869   17.7211
    7.5000  -30.0000   -7.500013538.5771   17.6802
   -7.5000  -22.5000   -7.500014502.4482   17.8282
    0.0000  -22.5000   -7.500015203.4238   17.7884
    7.5000  -22.5000   -7.500014546.9482   17.7418
   -7.5000  -15.0000   -7.500015331.6650   17.8795
    0.0000  -15.0000   -7.500016067.1240   17.8453
    7.5000  -15.0000   -7.500015363.2354   17.7904
   -7.5000   -7.5000   -7.500016025.3818   17.8535
    0.0000   -7.5000   -7.500016820.5996   17.8230
    7.5000   -7.5000   -7.500016080.9023   17.7662
   -7.5000    0.0000   -7.500016574.7109   17.7858
    0.0000    0.0000   -7.500017411.9629   17.7543
    7.5000    0.0000   -7.500016581.1992   17.7033
   -7.5000    7.5000   -7.500015819.9736   17.7429
    0.0000    7.5000   -7.500016671.1855   17.7060
    7.5000    7.5000   -7.500015824.9072   17.6625
   -7.5000   15.0000   -7.500014879.0459   17.7593
    0.0000   15.0000   -7.500015731.3838   17.7179
    7.5000   15.0000   -7.500014912.9688   17.6769
   -7.5000   22.5000   -7.500013915.6250   18.0519
    0.0000   22.5000   -7.500014754.8564   18.0141
    7.5000   22.5000   -7.500013987.0967   17.9687
   -7.5000   30.0000   -7.500012955.6152   18.2432
    0.0000   30.0000   -7.500013725.4619   18.2154
    7.5000   30.0000   -7.500013004.7295   18.1639
   -7.5000   37.5000   -7.500012508.1426   18.6738
    0.0000   37.5000   -7.500013256.8145   18.6529
    7.5000   37.5000   -7.500012586.1689   18.6030
   -7.5000   45.0000   -7.500011629.5078   18.6635
    0.0000   45.0000   -7.500012280.3887   18.6515
    7.5000   45.0000   -7.500011690.1787   18.6071
   -7.5000  -45.0000    0.000012116.3076   18.0188
    0.0000  -45.0000    0.000012689.3711   17.9872
    7.5000  -45.0000    0.000012172.9180   17.9277
   -7.5000  -37.5000    0.000012941.4668   17.8236
    0.0000  -37.5000    0.000013588.1182   17.7890
    7.5000  -37.5000    0.000013031.8564   17.7348
   -7.5000  -30.0000    0.000014041.3730   17.7766
    0.0000  -30.0000    0.000014736.3252   17.7378
    7.5000  -30.0000    0.000014142.8350   17.6876
   -7.5000  -22.5000    0.000015101.8359   17.8374
    0.0000  -22.5000    0.000015838.3145   17.7979
    7.5000  -22.5000    0.000015159.2988   17.7466
   -7.5000  -15.0000    0.000015978.4912   17.8761
    0.0000  -15.0000    0.000016742.7363   17.8395
    7.5000  -15.0000    0.000016017.5781   17.7836
   -7.5000   -7.5000    0.000016747.8828   17.8418
    0.0000   -7.5000    0.000017620.7910   17.8095
    7.5000   -7.5000    0.000016808.1719   17.7503
   -7.5000    0.0000    0.000017373.6094   17.7779
    0.0000    0.0000    0.000018370.6855   17.7467
    7.5000    0.0000    0.000017448.7852   17.6886
   -7.5000    7.5000    0.000016633.6523   17.7479
    0.0000    7.5000    0.000017678.7090   17.7134
    7.5000    7.5000    0.000016720.8262   17.6595
   -7.5000   15.0000    0.000015634.0176   17.7733
    0.0000   15.0000    0.000016596.9395   17.7346
    7.5000   15.0000    0.000015717.6797   17.6843
   -7.5000   22.5000    0.000014557.1338   18.0624
    0.0000   22.5000    0.000015429.3281   18.0247
    7.5000   22.5000    0.000014640.6006   17.9755
   -7.5000   30.0000    0.000013527.3857   18.2387
    0.0000   30.0000    0.000014321.8906   18.2080
    7.5000   30.0000    0.000013593.9385   18.1555
   -7.5000   37.5000    0.000013091.6074   18.6588
    0.0000   37.5000    0.000013843.8320   18.6330
    7.5000   37.5000    0.000013151.7393   18.5796
   -7.5000   45.0000    0.000012145.0117   18.6551
    0.0000   45.0000    0.000012853.2441   18.6406
    7.5000   45.0000    0.000012179.0254   18.5881
   -7.5000  -45.0000    7.500011699.6611   18.0144
    0.0000  -45.0000    7.500012271.3965   17.9810
    7.5000  -45.0000    7.500011770.5225   17.9260
   -7.5000  -37.5000    7.500012495.3633   17.8232
    0.0000  -37.5000    7.500013124.4512   17.7892
    7.5000  -37.5000    7.500012597.9609   17.7378
   -7.5000  -30.0000    7.500013528.5371   17.7877
    0.0000  -30.0000    7.500014171.2705   17.7505
    7.5000  -30.0000    7.500013612.9199   17.7017
   -7.5000  -22.5000    7.500014541.2461   17.8557
    0.0000  -22.5000    7.500015226.3125   17.8163
    7.5000  -22.5000    7.500014612.5742   17.7669
   -7.5000  -15.0000    7.500015377.1104   17.8907
    0.0000  -15.0000    7.500016116.3340   17.8524
    7.5000  -15.0000    7.500015468.1338   17.8001
   -7.5000   -7.5000    7.500016165.2070   17.8456
    0.0000   -7.5000    7.500017005.8438   17.8106
    7.5000   -7.5000    7.500016255.8867   17.7564
   -7.5000    0.0000    7.500016817.8027   17.7737
    0.0000    0.0000    7.500017799.0195   17.7410
    7.5000    0.0000    7.500016915.4062   17.6874
   -7.5000    7.5000    7.500016176.6914   17.7475
    0.0000    7.5000    7.500017152.1953   17.7136
    7.5000    7.5000    7.500016238.5557   17.6625
   -7.5000   15.0000    7.500015264.7070   17.7844
    0.0000   15.0000    7.500016191.1992   17.7472
    7.5000   15.0000    7.500015318.8545   17.6985
   -7.5000   22.5000    7.500014155.5566   18.0800
    0.0000   22.5000    7.500014995.8613   18.0418
    7.5000   22.5000    7.500014176.5996   17.9941
   -7.5000   30.0000    7.500013105.6250   18.2510
    0.0000   30.0000    7.500013847.9912   18.2173
    7.5000   30.0000    7.500013114.9189   18.1670
   -7.5000   37.5000    7.500012634.4873   18.6552
    0.0000   37.5000    7.500013355.3789   18.6247
    7.5000   37.5000    7.500012649.3662   18.5724
   -7.5000   45.0000    7.500011717.7822   18.6419
    0.0000   45.0000    7.500012373.3887   18.6213
    7.5000   45.0000    7.500011709.1992   18.5683
   -7.5000  -45.0000   15.000011154.6543   18.0485
    0.0000  -45.0000   15.000011705.7490   18.0135
    7.5000  -45.0000   15.000011282.9521   17.9688
   -7.5000  -37.5000   15.000011960.9951   17.8493
    0.0000  -37.5000   15.000012523.2334   17.8135
    7.5000  -37.5000   15.000012101.8760   17.7738
   -7.5000  -30.0000   15.000012947.2607   17.8170
    0.0000  -30.0000   15.000013487.6826   17.7780
    7.5000  -30.0000   15.000013066.8320   17.7383
   -7.5000  -22.5000   15.000013906.6240   17.8965
    0.0000  -22.5000   15.000014468.4277   17.8561
    7.5000  -22.5000   15.000014010.9590   17.8119
   -7.5000  -15.0000   15.000014727.0791   17.9395
    0.0000  -15.0000   15.000015356.0078   17.9010
    7.5000  -15.0000   15.000014805.0830   17.8525
   -7.5000   -7.5000   15.000015472.8691   17.8909
    0.0000   -7.5000   15.000016218.7422   17.8551
    7.5000   -7.5000   15.000015509.0107   17.8072
   -7.5000    0.0000   15.000016061.1025   17.8078
    0.0000    0.0000   15.000016987.6953   17.7734
    7.5000    0.0000   15.000016057.7959   17.7299
   -7.5000    7.5000   15.000015428.4053   17.7733
    0.0000    7.5000   15.000016374.4844   17.7376
    7.5000    7.5000   15.000015382.3047   17.6982
   -7.5000   15.0000   15.000014579.2168   17.8137
    0.0000   15.0000   15.000015546.6328   17.7746
    7.5000   15.0000   15.000014560.7842   17.7349
   -7.5000   22.5000   15.000013532.0137   18.1195
    0.0000   22.5000   15.000014445.4707   18.0797
    7.5000   22.5000   15.000013508.9746   18.0364
   -7.5000   30.0000   15.000012538.0518   18.2994
    0.0000   30.0000   15.000013333.6357   18.2649
    7.5000   30.0000   15.000012494.7578   18.2169
   -7.5000   37.5000   15.000012044.0439   18.6975
    0.0000   37.5000   15.000012753.3652   18.6672
    7.5000   37.5000   15.000012031.5430   18.6189
   -7.5000   45.0000   15.000011203.5068   18.6694
    0.0000   45.0000   15.000011784.9248   18.6454
    7.5000   45.0000   15.000011175.1123   18.5990
   -7.5000  -45.0000   22.500010557.1660   18.0921
    0.0000  -45.0000   22.500011082.1777   18.0571
    7.5000  -45.0000   22.500010707.7920   18.0174
   -7.5000  -37.5000   22.500011365.9561   17.8806
    0.0000  -37.5000   22.500011907.4805   17.8421
    7.5000  -37.5000   22.500011493.3975   17.8107
   -7.5000  -30.0000   22.500012313.4043   17.8387
    0.0000  -30.0000   22.500012880.7998   17.7961
    7.5000  -30.0000   22.500012405.5879   17.7639
   -7.5000  -22.5000   22.500013213.8350   17.9217
    0.0000  -22.5000   22.500013794.8906   17.8800
    7.5000  -22.5000   22.500013263.1865   17.8392
   -7.5000  -15.0000   22.500013986.0664   17.9765
    0.0000  -15.0000   22.500014627.8242   17.9398
    7.5000  -15.0000   22.500014013.0420   17.8908
   -7.5000   -7.5000   22.500014668.4512   17.9367
    0.0000   -7.5000   22.500015361.4209   17.9026
    7.5000   -7.5000   22.500014656.8730   17.8548
   -7.5000    0.0000   22.500015202.7432   17.8510
    0.0000    0.0000   22.500015954.4180   17.8163
    7.5000    0.0000   22.500015145.0156   17.7776
   -7.5000    7.5000   22.500014526.0352   17.8044
    0.0000    7.5000   22.500015238.0674   17.7661
    7.5000    7.5000   22.500014450.7002   17.7348
   -7.5000   15.0000   22.500013690.8623   17.8353
    0.0000   15.0000   22.500014383.4863   17.7927
    7.5000   15.0000   22.500013652.1025   17.7606
   -7.5000   22.5000   22.500012746.3369   18.1442
    0.0000   22.5000   22.500013407.8428   18.1035
    7.5000   22.5000   22.500012732.1533   18.0629
   -7.5000   30.0000   22.500011864.6533   18.3387
    0.0000   30.0000   22.500012480.0742   18.3068
    7.5000   30.0000   22.500011851.7627   18.2586
   -7.5000   37.5000   22.500011417.5244   18.7489
    0.0000   37.5000   22.500012006.2617   18.7238
    7.5000   37.5000   22.500011419.5693   18.6773
   -7.5000   45.0000   22.500010625.4463   18.7168
    0.0000   45.0000   22.500011148.3252   18.6957
    7.5000   45.0000   22.500010619.2275   18.6560
   -7.5000  -45.0000   30.0000 9959.7256   18.1055
    0.0000  -45.0000   30.000010465.9463   18.0719
    7.5000  -45.0000   30.000010041.4150   18.0291
   -7.5000  -37.5000   30.000010726.7354   17.8886
    0.0000  -37.5000   30.000011245.8145   17.8494
    7.5000  -37.5000   30.000010767.9131   17.8168
   -7.5000  -30.0000   30.000011608.4121   17.8344
    0.0000  -30.0000   30.000012124.1260   17.7908
    7.5000  -30.0000   30.000011617.9854   17.7586
   -7.5000  -22.5000   30.000012402.1318   17.9108
    0.0000  -22.5000   30.000012944.5693   17.8698
    7.5000  -22.5000   30.000012417.1943   17.8282
   -7.5000  -15.0000   30.000013059.6348   17.9704
    0.0000  -15.0000   30.000013663.8564   17.9361
    7.5000  -15.0000   30.000013073.0732   17.8842
   -7.5000   -7.5000   30.000013658.2090   17.9422
    0.0000   -7.5000   30.000014281.2021   17.9109
    7.5000   -7.5000   30.000013650.3350   17.8589
   -7.5000    0.0000   30.000014099.6455   17.8640
    0.0000    0.0000   30.000014751.3418   17.8306
    7.5000    0.0000   30.000014086.4932   17.7886
   -7.5000    7.5000   30.000013463.5723   17.8123
    0.0000    7.5000   30.000014053.9854   17.7734
    7.5000    7.5000   30.000013436.8447   17.7410
   -7.5000   15.0000   30.000012673.3359   17.8311
    0.0000   15.0000   30.000013228.4834   17.7875
    7.5000   15.0000   30.000012623.4307   17.7553
   -7.5000   22.5000   30.000011837.0967   18.1340
    0.0000   22.5000   30.000012372.5752   18.0946
    7.5000   22.5000   30.000011818.3496   18.0534
   -7.5000   30.0000   30.000011035.9004   18.3356
    0.0000   30.0000   30.000011554.2354   18.3072
    7.5000   30.0000   30.000011032.7344   18.2575
   -7.5000   37.5000   30.000010689.9463   18.7633
    0.0000   37.5000   30.000011186.2363   18.7430
    7.5000   37.5000   30.000010679.2715   18.6959
   -7.5000   45.0000   30.0000 9952.6113   18.7404
    0.0000   45.0000   30.000010425.8770   18.7251
    7.5000   45.0000   30.0000 9931.7012   18.6869
   -7.5000  -45.0000   37.5000 9660.3359   18.1651
    0.0000  -45.0000   37.500010130.8906   18.1332
    7.5000  -45.0000   37.5000 9718.3223   18.0803
   -7.5000  -37.5000   37.500010357.5068   17.9550
    0.0000  -37.5000   37.500010844.3379   17.9175
    7.5000  -37.5000   37.500010390.3779   17.8732
   -7.5000  -30.0000   37.500011180.8711   17.8984
    0.0000  -30.0000   37.500011680.8760   17.8567
    7.5000  -30.0000   37.500011195.5117   17.8151
   -7.5000  -22.5000   37.500011925.5342   17.9648
    0.0000  -22.5000   37.500012468.3359   17.9247
    7.5000  -22.5000   37.500011961.0674   17.8774
   -7.5000  -15.0000   37.500012549.4609   18.0163
    0.0000  -15.0000   37.500013120.0469   17.9819
    7.5000  -15.0000   37.500012569.9521   17.9262
   -7.5000   -7.5000   37.500013081.0820   17.9897
    0.0000   -7.5000   37.500013683.2666   17.9589
    7.5000   -7.5000   37.500013105.2637   17.9013
   -7.5000    0.0000   37.500013525.0234   17.9213
    0.0000    0.0000   37.500014132.2461   17.8893
    7.5000    0.0000   37.500013524.3896   17.8376
   -7.5000    7.5000   37.500012879.4150   17.8782
    0.0000    7.5000   37.500013438.8086   17.8409
    7.5000    7.5000   37.500012877.7041   17.7968
   -7.5000   15.0000   37.500012108.3359   17.8951
    0.0000   15.0000   37.500012632.0391   17.8534
    7.5000   15.0000   37.500012083.5908   17.8118
   -7.5000   22.5000   37.500011324.0752   18.1915
    0.0000   22.5000   37.500011819.5527   18.1535
    7.5000   22.5000   37.500011314.7637   18.1075
   -7.5000   30.0000   37.500010583.4961   18.3868
    0.0000   30.0000   37.500011073.6143   18.3589
    7.5000   30.0000   37.500010597.5723   18.3065
   -7.5000   37.5000   37.500010257.2031   18.8230
    0.0000   37.5000   37.500010732.6787   18.8021
    7.5000   37.5000   37.500010266.3467   18.7514
   -7.5000   45.0000   37.5000 9563.4053   18.8163
    0.0000   45.0000   37.500010008.3350   18.8042
    7.5000   45.0000   37.5000 9561.4688   18.7591
   -7.5000  -45.0000   45.0000 8873.1367   18.2403
    0.0000  -45.0000   45.0000 9304.0928   18.2077
    7.5000  -45.0000   45.0000 8920.1787   18.1474
   -7.5000  -37.5000   45.0000 9481.6152   18.0386
    0.0000  -37.5000   45.0000 9949.7021   18.0027
    7.5000  -37.5000   45.0000 9526.2402   17.9479
   -7.5000  -30.0000   45.000010238.3213   17.9903
    0.0000  -30.0000   45.000010748.6904   17.9500
    7.5000  -30.0000   45.000010274.8818   17.8994
   -7.5000  -22.5000   45.000010908.7188   18.0536
    0.0000  -22.5000   45.000011415.6406   18.0124
    7.5000  -22.5000   45.000010964.8398   17.9611
   -7.5000  -15.0000   45.000011459.0439   18.0942
    0.0000  -15.0000   45.000011981.9365   18.0561
    7.5000  -15.0000   45.000011510.2588   18.0000
   -7.5000   -7.5000   45.000011934.9854   18.0586
    0.0000   -7.5000   45.000012472.4697   18.0252
    7.5000   -7.5000   45.000011974.9756   17.9655
   -7.5000    0.0000   45.000012334.8330   17.9919
    0.0000    0.0000   45.000012865.9170   17.9597
    7.5000    0.0000   45.000012327.9092   17.9009
   -7.5000    7.5000   45.000011742.1553   17.9606
    0.0000    7.5000   45.000012226.0391   17.9248
    7.5000    7.5000   45.000011736.6504   17.8703
   -7.5000   15.0000   45.000011033.9492   17.9869
    0.0000   15.0000   45.000011504.1406   17.9466
    7.5000   15.0000   45.000011033.7373   17.8961
   -7.5000   22.5000   45.000010304.1992   18.2858
    0.0000   22.5000   45.000010743.4473   18.2464
    7.5000   22.5000   45.000010317.5420   18.1972
   -7.5000   30.0000   45.0000 9676.5752   18.4714
    0.0000   30.0000   45.000010108.3164   18.4393
    7.5000   30.0000   45.0000 9695.2959   18.3868
   -7.5000   37.5000   45.0000 9385.3643   18.9052
    0.0000   37.5000   45.0000 9827.9824   18.8784
    7.5000   37.5000   45.0000 9409.7773   18.8245
   -7.5000   45.0000   45.0000 8746.0479   18.9197
    0.0000   45.0000   45.0000 9168.6377   18.9047
    7.5000   45.0000   45.0000 8772.8213   18.8515

---------------------------------------------------------------------
imgreg_4dfp /opt/freesurfer/average/711-2C_as_mni_average_305 /opt/freesurfer/average/711-2B_as_mni_average_305_mask talsrcimg_g11 none talsrcimg_to_711-2C_as_mni_average_305_t4 4355
---------------------------------------------------------------------

freesurfer imgreg_4dfp.c
/opt/freesurfer/average/711-2C_as_mni_average_305.4dfp.img
       256       256       256         1
  1.000000  1.000000  1.000000
orientation T byte_order littleendian
Reading image: /opt/freesurfer/average/711-2C_as_mni_average_305.4dfp.img
dimensions:      256       256       256
mmppix:       1.0000   -1.0000   -1.0000
center:     128.0000 -129.0000 -129.0000
/opt/freesurfer/average/711-2B_as_mni_average_305_mask.4dfp.img
       256       256       256         1
  1.000000  1.000000  1.000000
orientation T byte_order littleendian
Reading mask: /opt/freesurfer/average/711-2B_as_mni_average_305_mask.4dfp.img (2306576 pixels)
talsrcimg_g11.4dfp.img
       256       256       256         1
  1.000000  1.000000  1.000000
orientation T byte_order littleendian
Reading image: talsrcimg_g11.4dfp.img
dimensions:      256       256       256
mmppix:       1.0000   -1.0000   -1.0000
center:     128.0000 -129.0000 -129.0000
rotation matrix determinant  1.000000
image alignment mode   4355 decimal     1103 hex
   -7.5000  -45.0000  -45.0000 2148.3979   21.8027
    0.0000  -45.0000  -45.0000 2160.3337   21.6343
    7.5000  -45.0000  -45.0000 2142.5850   21.7186
   -7.5000  -37.5000  -45.0000 2166.4165   20.9362
    0.0000  -37.5000  -45.0000 2183.9932   20.7773
    7.5000  -37.5000  -45.0000 2169.0559   20.8823
   -7.5000  -30.0000  -45.0000 2201.7319   20.2546
    0.0000  -30.0000  -45.0000 2220.5139   20.1290
    7.5000  -30.0000  -45.0000 2203.8196   20.1648
   -7.5000  -22.5000  -45.0000 2238.0256   19.7080
    0.0000  -22.5000  -45.0000 2254.0225   19.6329
    7.5000  -22.5000  -45.0000 2240.3149   19.6324
   -7.5000  -15.0000  -45.0000 2258.7822   19.2381
    0.0000  -15.0000  -45.0000 2274.9458   19.1451
    7.5000  -15.0000  -45.0000 2262.9697   19.1368
   -7.5000   -7.5000  -45.0000 2267.6370   18.7596
    0.0000   -7.5000  -45.0000 2289.7153   18.6218
    7.5000   -7.5000  -45.0000 2274.8650   18.6616
   -7.5000    0.0000  -45.0000 2263.8726   18.4652
    0.0000    0.0000  -45.0000 2294.5693   18.3169
    7.5000    0.0000  -45.0000 2276.2566   18.3109
   -7.5000    7.5000  -45.0000 2268.1821   18.2789
    0.0000    7.5000  -45.0000 2293.0317   18.1108
    7.5000    7.5000  -45.0000 2279.9858   18.1348
   -7.5000   15.0000  -45.0000 2270.2891   18.3557
    0.0000   15.0000  -45.0000 2291.1570   18.1336
    7.5000   15.0000  -45.0000 2278.6404   18.1748
   -7.5000   22.5000  -45.0000 2254.0940   18.8023
    0.0000   22.5000  -45.0000 2278.8579   18.5788
    7.5000   22.5000  -45.0000 2266.2451   18.6372
   -7.5000   30.0000  -45.0000 2220.8721   19.6221
    0.0000   30.0000  -45.0000 2256.9695   19.3630
    7.5000   30.0000  -45.0000 2245.5190   19.3745
   -7.5000   37.5000  -45.0000 2167.8020   20.7182
    0.0000   37.5000  -45.0000 2200.1260   20.4838
    7.5000   37.5000  -45.0000 2188.5447   20.4573
   -7.5000   45.0000  -45.0000 2093.6965   22.2295
    0.0000   45.0000  -45.0000 2122.8647   21.9793
    7.5000   45.0000  -45.0000 2110.6953   21.9310
   -7.5000  -45.0000  -37.5000 2244.0869   19.8970
    0.0000  -45.0000  -37.5000 2259.7542   19.7807
    7.5000  -45.0000  -37.5000 2243.8689   19.8743
   -7.5000  -37.5000  -37.5000 2276.0696   19.1226
    0.0000  -37.5000  -37.5000 2294.0396   19.0248
    7.5000  -37.5000  -37.5000 2277.3318   19.0872
   -7.5000  -30.0000  -37.5000 2313.6716   18.5285
    0.0000  -30.0000  -37.5000 2331.4053   18.4040
    7.5000  -30.0000  -37.5000 2319.2505   18.4509
   -7.5000  -22.5000  -37.5000 2342.2825   18.0533
    0.0000  -22.5000  -37.5000 2363.0679   17.9560
    7.5000  -22.5000  -37.5000 2349.4727   17.9661
   -7.5000  -15.0000  -37.5000 2357.7588   17.6313
    0.0000  -15.0000  -37.5000 2382.5105   17.5155
    7.5000  -15.0000  -37.5000 2368.9446   17.5220
   -7.5000   -7.5000  -37.5000 2370.2776   17.1911
    0.0000   -7.5000  -37.5000 2396.6643   17.0851
    7.5000   -7.5000  -37.5000 2380.3000   17.0894
   -7.5000    0.0000  -37.5000 2370.7185   16.9268
    0.0000    0.0000  -37.5000 2402.9500   16.7940
    7.5000    0.0000  -37.5000 2386.4558   16.8268
   -7.5000    7.5000  -37.5000 2374.8171   16.8485
    0.0000    7.5000  -37.5000 2401.5852   16.6800
    7.5000    7.5000  -37.5000 2386.9800   16.7340
   -7.5000   15.0000  -37.5000 2371.5605   16.9537
    0.0000   15.0000  -37.5000 2398.0220   16.7479
    7.5000   15.0000  -37.5000 2384.1899   16.8079
   -7.5000   22.5000  -37.5000 2356.4133   17.3485
    0.0000   22.5000  -37.5000 2389.2920   17.1401
    7.5000   22.5000  -37.5000 2372.7180   17.2067
   -7.5000   30.0000  -37.5000 2326.0083   18.0521
    0.0000   30.0000  -37.5000 2363.5005   17.8173
    7.5000   30.0000  -37.5000 2344.3845   17.8450
   -7.5000   37.5000  -37.5000 2271.4382   19.0706
    0.0000   37.5000  -37.5000 2307.1580   18.8457
    7.5000   37.5000  -37.5000 2288.4871   18.8595
   -7.5000   45.0000  -37.5000 2191.9487   20.4521
    0.0000   45.0000  -37.5000 2222.6260   20.2244
    7.5000   45.0000  -37.5000 2205.1150   20.2322
   -7.5000  -45.0000  -30.0000 2379.6555   18.9468
    0.0000  -45.0000  -30.0000 2396.7556   18.8586
    7.5000  -45.0000  -30.0000 2381.8630   18.8853
   -7.5000  -37.5000  -30.0000 2417.9299   18.1994
    0.0000  -37.5000  -30.0000 2438.7585   18.0898
    7.5000  -37.5000  -30.0000 2418.8303   18.1574
   -7.5000  -30.0000  -30.0000 2449.8257   17.6362
    0.0000  -30.0000  -30.0000 2473.7729   17.4869
    7.5000  -30.0000  -30.0000 2461.0315   17.5673
   -7.5000  -22.5000  -30.0000 2479.7698   17.1283
    0.0000  -22.5000  -30.0000 2500.3630   16.9922
    7.5000  -22.5000  -30.0000 2487.8325   17.0718
   -7.5000  -15.0000  -30.0000 2493.7065   16.7057
    0.0000  -15.0000  -30.0000 2518.8794   16.5589
    7.5000  -15.0000  -30.0000 2507.2759   16.5986
   -7.5000   -7.5000  -30.0000 2506.7568   16.3381
    0.0000   -7.5000  -30.0000 2532.6455   16.1728
    7.5000   -7.5000  -30.0000 2519.6072   16.2024
   -7.5000    0.0000  -30.0000 2522.7109   16.0875
    0.0000    0.0000  -30.0000 2547.5679   15.9034
    7.5000    0.0000  -30.0000 2533.2246   15.9684
   -7.5000    7.5000  -30.0000 2531.7190   16.0539
    0.0000    7.5000  -30.0000 2560.7185   15.9158
    7.5000    7.5000  -30.0000 2543.4341   15.9792
   -7.5000   15.0000  -30.0000 2528.7839   16.2134
    0.0000   15.0000  -30.0000 2562.3862   16.0325
    7.5000   15.0000  -30.0000 2539.2712   16.1189
   -7.5000   22.5000  -30.0000 2512.5022   16.6662
    0.0000   22.5000  -30.0000 2548.4878   16.4546
    7.5000   22.5000  -30.0000 2528.3027   16.5628
   -7.5000   30.0000  -30.0000 2475.5894   17.3356
    0.0000   30.0000  -30.0000 2516.6917   17.1241
    7.5000   30.0000  -30.0000 2493.7520   17.1954
   -7.5000   37.5000  -30.0000 2415.9294   18.3022
    0.0000   37.5000  -30.0000 2455.7505   18.0893
    7.5000   37.5000  -30.0000 2433.7747   18.1352
   -7.5000   45.0000  -30.0000 2328.3030   19.6095
    0.0000   45.0000  -30.0000 2362.5879   19.3907
    7.5000   45.0000  -30.0000 2339.2368   19.4494
   -7.5000  -45.0000  -22.5000 2479.1279   18.1060
    0.0000  -45.0000  -22.5000 2495.0571   17.9735
    7.5000  -45.0000  -22.5000 2482.8462   18.0580
   -7.5000  -37.5000  -22.5000 2520.8958   17.3500
    0.0000  -37.5000  -22.5000 2539.9600   17.1842
    7.5000  -37.5000  -22.5000 2527.0037   17.2969
   -7.5000  -30.0000  -22.5000 2554.9470   16.7476
    0.0000  -30.0000  -22.5000 2579.2793   16.5698
    7.5000  -30.0000  -22.5000 2563.8623   16.6758
   -7.5000  -22.5000  -22.5000 2582.3918   16.2009
    0.0000  -22.5000  -22.5000 2605.0305   16.0305
    7.5000  -22.5000  -22.5000 2589.0100   16.1625
   -7.5000  -15.0000  -22.5000 2598.7131   15.7757
    0.0000  -15.0000  -22.5000 2621.3984   15.5832
    7.5000  -15.0000  -22.5000 2607.5881   15.6707
   -7.5000   -7.5000  -22.5000 2617.6958   15.4173
    0.0000   -7.5000  -22.5000 2641.9529   15.2668
    7.5000   -7.5000  -22.5000 2628.3635   15.2848
   -7.5000    0.0000  -22.5000 2639.4907   15.1592
    0.0000    0.0000  -22.5000 2661.5854   15.0339
    7.5000    0.0000  -22.5000 2651.1208   15.0940
   -7.5000    7.5000  -22.5000 2659.7188   15.1606
    0.0000    7.5000  -22.5000 2690.8135   15.0297
    7.5000    7.5000  -22.5000 2668.5796   15.0833
   -7.5000   15.0000  -22.5000 2662.1816   15.3737
    0.0000   15.0000  -22.5000 2698.1985   15.2361
    7.5000   15.0000  -22.5000 2672.3455   15.3084
   -7.5000   22.5000  -22.5000 2646.7871   15.8382
    0.0000   22.5000  -22.5000 2691.6477   15.6560
    7.5000   22.5000  -22.5000 2665.7341   15.7753
   -7.5000   30.0000  -22.5000 2600.9795   16.5285
    0.0000   30.0000  -22.5000 2645.9287   16.3306
    7.5000   30.0000  -22.5000 2622.8921   16.4331
   -7.5000   37.5000  -22.5000 2532.4324   17.4532
    0.0000   37.5000  -22.5000 2573.9751   17.2450
    7.5000   37.5000  -22.5000 2552.2183   17.3583
   -7.5000   45.0000  -22.5000 2433.5132   18.7212
    0.0000   45.0000  -22.5000 2470.6416   18.5137
    7.5000   45.0000  -22.5000 2451.2729   18.6060
   -7.5000  -45.0000  -15.0000 2551.3896   17.4065
    0.0000  -45.0000  -15.0000 2570.0010   17.2153
    7.5000  -45.0000  -15.0000 2552.1680   17.3177
   -7.5000  -37.5000  -15.0000 2591.3508   16.6512
    0.0000  -37.5000  -15.0000 2617.5818   16.4393
    7.5000  -37.5000  -15.0000 2595.7417   16.5633
   -7.5000  -30.0000  -15.0000 2622.6860   16.0217
    0.0000  -30.0000  -15.0000 2651.5334   15.8545
    7.5000  -30.0000  -15.0000 2638.0605   15.9370
   -7.5000  -22.5000  -15.0000 2647.4209   15.4671
    0.0000  -22.5000  -15.0000 2668.2939   15.2587
    7.5000  -22.5000  -15.0000 2654.8979   15.3932
   -7.5000  -15.0000  -15.0000 2672.9585   14.9768
    0.0000  -15.0000  -15.0000 2695.4502   14.7847
    7.5000  -15.0000  -15.0000 2683.3284   14.8808
   -7.5000   -7.5000  -15.0000 2701.7280   14.5777
    0.0000   -7.5000  -15.0000 2727.7422   14.4242
    7.5000   -7.5000  -15.0000 2716.4690   14.5019
   -7.5000    0.0000  -15.0000 2725.0479   14.3458
    0.0000    0.0000  -15.0000 2755.9602   14.1934
    7.5000    0.0000  -15.0000 2740.4116   14.2654
   -7.5000    7.5000  -15.0000 2751.0881   14.3435
    0.0000    7.5000  -15.0000 2788.2588   14.1638
    7.5000    7.5000  -15.0000 2763.6440   14.2694
   -7.5000   15.0000  -15.0000 2764.5547   14.5718
    0.0000   15.0000  -15.0000 2804.8618   14.3934
    7.5000   15.0000  -15.0000 2774.0205   14.5094
   -7.5000   22.5000  -15.0000 2750.2766   15.0219
    0.0000   22.5000  -15.0000 2797.6274   14.8555
    7.5000   22.5000  -15.0000 2773.5928   14.9525
   -7.5000   30.0000  -15.0000 2699.5164   15.7081
    0.0000   30.0000  -15.0000 2744.3965   15.5321
    7.5000   30.0000  -15.0000 2724.6575   15.6057
   -7.5000   37.5000  -15.0000 2621.8616   16.6163
    0.0000   37.5000  -15.0000 2658.8699   16.4110
    7.5000   37.5000  -15.0000 2642.1348   16.4987
   -7.5000   45.0000  -15.0000 2515.6924   17.9037
    0.0000   45.0000  -15.0000 2553.4607   17.6819
    7.5000   45.0000  -15.0000 2529.9697   17.7885
   -7.5000  -45.0000   -7.5000 2598.1079   16.7797
    0.0000  -45.0000   -7.5000 2620.5063   16.5513
    7.5000  -45.0000   -7.5000 2607.3606   16.6910
   -7.5000  -37.5000   -7.5000 2635.5488   15.9909
    0.0000  -37.5000   -7.5000 2662.3096   15.8044
    7.5000  -37.5000   -7.5000 2644.9319   15.9235
   -7.5000  -30.0000   -7.5000 2662.0242   15.3516
    0.0000  -30.0000   -7.5000 2690.4644   15.1709
    7.5000  -30.0000   -7.5000 2679.4634   15.2672
   -7.5000  -22.5000   -7.5000 2693.2786   14.8181
    0.0000  -22.5000   -7.5000 2715.8223   14.5976
    7.5000  -22.5000   -7.5000 2705.5698   14.6730
   -7.5000  -15.0000   -7.5000 2724.8921   14.3066
    0.0000  -15.0000   -7.5000 2748.2546   14.1027
    7.5000  -15.0000   -7.5000 2740.6548   14.1622
   -7.5000   -7.5000   -7.5000 2767.3093   13.9131
    0.0000   -7.5000   -7.5000 2800.1521   13.7265
    7.5000   -7.5000   -7.5000 2790.6489   13.7863
   -7.5000    0.0000   -7.5000 2806.8987   13.6913
    0.0000    0.0000   -7.5000 2839.4973   13.4987
    7.5000    0.0000   -7.5000 2827.6404   13.5635
   -7.5000    7.5000   -7.5000 2839.2979   13.6753
    0.0000    7.5000   -7.5000 2884.5583   13.4686
    7.5000    7.5000   -7.5000 2859.5706   13.5707
   -7.5000   15.0000   -7.5000 2853.4038   13.8959
    0.0000   15.0000   -7.5000 2905.0286   13.6685
    7.5000   15.0000   -7.5000 2869.1895   13.8010
   -7.5000   22.5000   -7.5000 2834.7610   14.3180
    0.0000   22.5000   -7.5000 2887.8972   14.1067
    7.5000   22.5000   -7.5000 2859.3574   14.2025
   -7.5000   30.0000   -7.5000 2775.5222   14.9553
    0.0000   30.0000   -7.5000 2820.6086   14.7392
    7.5000   30.0000   -7.5000 2801.9546   14.7926
   -7.5000   37.5000   -7.5000 2685.2334   15.8690
    0.0000   37.5000   -7.5000 2733.1108   15.6061
    7.5000   37.5000   -7.5000 2711.4153   15.7078
   -7.5000   45.0000   -7.5000 2567.5876   17.1794
    0.0000   45.0000   -7.5000 2605.0293   16.9218
    7.5000   45.0000   -7.5000 2581.0259   17.0398
   -7.5000  -45.0000    0.0000 2629.9094   16.4059
    0.0000  -45.0000    0.0000 2654.2769   16.1628
    7.5000  -45.0000    0.0000 2635.4385   16.2807
   -7.5000  -37.5000    0.0000 2657.3921   15.6032
    0.0000  -37.5000    0.0000 2684.9729   15.3758
    7.5000  -37.5000    0.0000 2667.6433   15.4963
   -7.5000  -30.0000    0.0000 2680.7532   14.9053
    0.0000  -30.0000    0.0000 2707.4209   14.6765
    7.5000  -30.0000    0.0000 2693.3010   14.8016
   -7.5000  -22.5000    0.0000 2710.1726   14.3520
    0.0000  -22.5000    0.0000 2736.0283   14.1126
    7.5000  -22.5000    0.0000 2726.9990   14.2172
   -7.5000  -15.0000    0.0000 2748.7178   13.8816
    0.0000  -15.0000    0.0000 2774.7168   13.6186
    7.5000  -15.0000    0.0000 2767.6594   13.6931
   -7.5000   -7.5000    0.0000 2800.7097   13.4769
    0.0000   -7.5000    0.0000 2838.0466   13.2531
    7.5000   -7.5000    0.0000 2828.3376   13.3079
   -7.5000    0.0000    0.0000 2853.7200   13.2388
    0.0000    0.0000    0.0000 2897.2368   13.0392
    7.5000    0.0000    0.0000 2884.4583   13.1218
   -7.5000    7.5000    0.0000 2901.8179   13.2556
    0.0000    7.5000    0.0000 2962.5088   13.0490
    7.5000    7.5000    0.0000 2929.8499   13.1555
   -7.5000   15.0000    0.0000 2922.9204   13.4613
    0.0000   15.0000    0.0000 2998.7646   13.2203
    7.5000   15.0000    0.0000 2948.0813   13.3820
   -7.5000   22.5000    0.0000 2890.7761   13.8715
    0.0000   22.5000    0.0000 2959.1541   13.5745
    7.5000   22.5000    0.0000 2912.2871   13.7634
   -7.5000   30.0000    0.0000 2814.4285   14.4892
    0.0000   30.0000    0.0000 2865.2725   14.2071
    7.5000   30.0000    0.0000 2839.3040   14.3354
   -7.5000   37.5000    0.0000 2722.0520   15.4115
    0.0000   37.5000    0.0000 2765.8962   15.1192
    7.5000   37.5000    0.0000 2742.7917   15.2251
   -7.5000   45.0000    0.0000 2598.9197   16.6989
    0.0000   45.0000    0.0000 2638.9722   16.4150
    7.5000   45.0000    0.0000 2612.2217   16.5099
   -7.5000  -45.0000    7.5000 2644.9658   16.2496
    0.0000  -45.0000    7.5000 2675.6011   15.9714
    7.5000  -45.0000    7.5000 2651.3020   16.1072
   -7.5000  -37.5000    7.5000 2662.0674   15.3898
    0.0000  -37.5000    7.5000 2693.4272   15.1577
    7.5000  -37.5000    7.5000 2671.3804   15.2936
   -7.5000  -30.0000    7.5000 2677.4270   14.6719
    0.0000  -30.0000    7.5000 2703.5735   14.4207
    7.5000  -30.0000    7.5000 2688.1482   14.5760
   -7.5000  -22.5000    7.5000 2709.6089   14.1573
    0.0000  -22.5000    7.5000 2733.8083   13.8633
    7.5000  -22.5000    7.5000 2724.0991   13.9733
   -7.5000  -15.0000    7.5000 2747.4092   13.6769
    0.0000  -15.0000    7.5000 2779.1331   13.3915
    7.5000  -15.0000    7.5000 2769.3914   13.5171
   -7.5000   -7.5000    7.5000 2808.6880   13.2862
    0.0000   -7.5000    7.5000 2851.5754   13.0369
    7.5000   -7.5000    7.5000 2834.2634   13.1505
   -7.5000    0.0000    7.5000 2872.7539   13.1019
    0.0000    0.0000    7.5000 2921.0957   12.8739
    7.5000    0.0000    7.5000 2899.5989   12.9779
   -7.5000    7.5000    7.5000 2936.6047   13.1074
    0.0000    7.5000    7.5000 3000.1372   12.9046
    7.5000    7.5000    7.5000 2958.3787   13.0057
   -7.5000   15.0000    7.5000 2953.5791   13.2953
    0.0000   15.0000    7.5000 3043.0146   13.0840
    7.5000   15.0000    7.5000 2980.8147   13.2131
   -7.5000   22.5000    7.5000 2910.9734   13.6753
    0.0000   22.5000    7.5000 2990.7651   13.3982
    7.5000   22.5000    7.5000 2934.6680   13.5704
   -7.5000   30.0000    7.5000 2826.1213   14.2921
    0.0000   30.0000    7.5000 2879.8066   14.0677
    7.5000   30.0000    7.5000 2848.4736   14.1544
   -7.5000   37.5000    7.5000 2728.8301   15.2100
    0.0000   37.5000    7.5000 2766.8965   14.9804
    7.5000   37.5000    7.5000 2746.5901   15.0089
   -7.5000   45.0000    7.5000 2604.8330   16.4830
    0.0000   45.0000    7.5000 2634.2119   16.2442
    7.5000   45.0000    7.5000 2614.2810   16.2607
   -7.5000  -45.0000   15.0000 2620.9060   16.3000
    0.0000  -45.0000   15.0000 2658.6187   16.0328
    7.5000  -45.0000   15.0000 2636.1995   16.1804
   -7.5000  -37.5000   15.0000 2640.0151   15.4752
    0.0000  -37.5000   15.0000 2668.9983   15.1545
    7.5000  -37.5000   15.0000 2654.5852   15.3694
   -7.5000  -30.0000   15.0000 2652.0640   14.7659
    0.0000  -30.0000   15.0000 2677.5232   14.4212
    7.5000  -30.0000   15.0000 2665.9980   14.6502
   -7.5000  -22.5000   15.0000 2685.4219   14.2526
    0.0000  -22.5000   15.0000 2707.9932   13.8749
    7.5000  -22.5000   15.0000 2705.2922   14.0691
   -7.5000  -15.0000   15.0000 2727.3811   13.7849
    0.0000  -15.0000   15.0000 2756.5044   13.4565
    7.5000  -15.0000   15.0000 2749.4668   13.6225
   -7.5000   -7.5000   15.0000 2790.1309   13.4275
    0.0000   -7.5000   15.0000 2825.1365   13.1735
    7.5000   -7.5000   15.0000 2809.1841   13.2479
   -7.5000    0.0000   15.0000 2851.4431   13.2350
    0.0000    0.0000   15.0000 2898.3284   13.0394
    7.5000    0.0000   15.0000 2869.4741   13.0777
   -7.5000    7.5000   15.0000 2912.2947   13.2096
    0.0000    7.5000   15.0000 2972.1003   13.0723
    7.5000    7.5000   15.0000 2928.2698   13.0973
   -7.5000   15.0000   15.0000 2928.2139   13.3875
    0.0000   15.0000   15.0000 3003.9031   13.2167
    7.5000   15.0000   15.0000 2950.0959   13.2953
   -7.5000   22.5000   15.0000 2890.2827   13.8018
    0.0000   22.5000   15.0000 2955.7410   13.6318
    7.5000   22.5000   15.0000 2907.1877   13.7160
   -7.5000   30.0000   15.0000 2807.4822   14.4642
    0.0000   30.0000   15.0000 2856.2212   14.3080
    7.5000   30.0000   15.0000 2820.7793   14.3340
   -7.5000   37.5000   15.0000 2701.0435   15.3780
    0.0000   37.5000   15.0000 2737.2490   15.1705
    7.5000   37.5000   15.0000 2716.6475   15.2006
   -7.5000   45.0000   15.0000 2580.9705   16.6048
    0.0000   45.0000   15.0000 2604.9399   16.3551
    7.5000   45.0000   15.0000 2591.4729   16.3793
   -7.5000  -45.0000   22.5000 2577.3958   16.5901
    0.0000  -45.0000   22.5000 2614.4556   16.2682
    7.5000  -45.0000   22.5000 2599.0571   16.5260
   -7.5000  -37.5000   22.5000 2605.2212   15.8232
    0.0000  -37.5000   22.5000 2636.4553   15.4845
    7.5000  -37.5000   22.5000 2622.2898   15.7101
   -7.5000  -30.0000   22.5000 2621.3467   15.1873
    0.0000  -30.0000   22.5000 2652.0723   14.8197
    7.5000  -30.0000   22.5000 2635.4229   15.0094
   -7.5000  -22.5000   22.5000 2650.3362   14.6477
    0.0000  -22.5000   22.5000 2677.0496   14.3158
    7.5000  -22.5000   22.5000 2668.5979   14.4779
   -7.5000  -15.0000   22.5000 2692.6819   14.2096
    0.0000  -15.0000   22.5000 2719.2625   13.9288
    7.5000  -15.0000   22.5000 2712.4958   14.0161
   -7.5000   -7.5000   22.5000 2752.3433   13.8782
    0.0000   -7.5000   22.5000 2781.4600   13.6207
    7.5000   -7.5000   22.5000 2771.2126   13.6859
   -7.5000    0.0000   22.5000 2808.2917   13.6668
    0.0000    0.0000   22.5000 2846.3503   13.4369
    7.5000    0.0000   22.5000 2824.6755   13.4903
   -7.5000    7.5000   22.5000 2851.7581   13.6738
    0.0000    7.5000   22.5000 2901.8215   13.4011
    7.5000    7.5000   22.5000 2866.5447   13.5018
   -7.5000   15.0000   22.5000 2861.3413   13.8517
    0.0000   15.0000   22.5000 2912.1646   13.5950
    7.5000   15.0000   22.5000 2880.5613   13.7153
   -7.5000   22.5000   22.5000 2824.8174   14.2708
    0.0000   22.5000   22.5000 2873.8013   14.0439
    7.5000   22.5000   22.5000 2845.8159   14.1641
   -7.5000   30.0000   22.5000 2750.7410   14.9256
    0.0000   30.0000   22.5000 2794.3242   14.7111
    7.5000   30.0000   22.5000 2766.1392   14.8119
   -7.5000   37.5000   22.5000 2645.9004   15.8641
    0.0000   37.5000   22.5000 2679.5679   15.6039
    7.5000   37.5000   22.5000 2660.6868   15.6919
   -7.5000   45.0000   22.5000 2532.4739   17.0155
    0.0000   45.0000   22.5000 2557.0742   16.7768
    7.5000   45.0000   22.5000 2543.5642   16.8485
   -7.5000  -45.0000   30.0000 2524.9143   17.1836
    0.0000  -45.0000   30.0000 2556.6594   16.8511
    7.5000  -45.0000   30.0000 2539.0027   17.0464
   -7.5000  -37.5000   30.0000 2554.1499   16.4356
    0.0000  -37.5000   30.0000 2584.5471   16.0942
    7.5000  -37.5000   30.0000 2566.7944   16.2614
   -7.5000  -30.0000   30.0000 2580.9714   15.8096
    0.0000  -30.0000   30.0000 2609.9233   15.4139
    7.5000  -30.0000   30.0000 2591.5471   15.5979
   -7.5000  -22.5000   30.0000 2614.2549   15.2661
    0.0000  -22.5000   30.0000 2642.8472   14.8900
    7.5000  -22.5000   30.0000 2631.1238   15.0801
   -7.5000  -15.0000   30.0000 2651.0791   14.8573
    0.0000  -15.0000   30.0000 2686.4988   14.5176
    7.5000  -15.0000   30.0000 2674.3816   14.6536
   -7.5000   -7.5000   30.0000 2705.5251   14.4886
    0.0000   -7.5000   30.0000 2737.5669   14.1678
    7.5000   -7.5000   30.0000 2725.0598   14.3062
   -7.5000    0.0000   30.0000 2743.2952   14.2717
    0.0000    0.0000   30.0000 2782.9724   13.9611
    7.5000    0.0000   30.0000 2762.7556   14.0979
   -7.5000    7.5000   30.0000 2772.5618   14.2768
    0.0000    7.5000   30.0000 2814.7598   13.9753
    7.5000    7.5000   30.0000 2787.2996   14.1309
   -7.5000   15.0000   30.0000 2771.7251   14.5145
    0.0000   15.0000   30.0000 2809.6450   14.2051
    7.5000   15.0000   30.0000 2779.5393   14.3570
   -7.5000   22.5000   30.0000 2735.9502   14.9462
    0.0000   22.5000   30.0000 2775.8608   14.6910
    7.5000   22.5000   30.0000 2750.5610   14.8104
   -7.5000   30.0000   30.0000 2663.0645   15.6249
    0.0000   30.0000   30.0000 2702.6426   15.3625
    7.5000   30.0000   30.0000 2679.6309   15.4881
   -7.5000   37.5000   30.0000 2574.5911   16.5127
    0.0000   37.5000   30.0000 2607.7891   16.2538
    7.5000   37.5000   30.0000 2591.9041   16.3452
   -7.5000   45.0000   30.0000 2466.4207   17.6450
    0.0000   45.0000   30.0000 2493.2197   17.3968
    7.5000   45.0000   30.0000 2483.6274   17.5110
   -7.5000  -45.0000   37.5000 2470.0886   17.9319
    0.0000  -45.0000   37.5000 2499.7109   17.5909
    7.5000  -45.0000   37.5000 2478.5134   17.7577
   -7.5000  -37.5000   37.5000 2497.5579   17.1539
    0.0000  -37.5000   37.5000 2525.0652   16.8030
    7.5000  -37.5000   37.5000 2504.6140   16.9737
   -7.5000  -30.0000   37.5000 2530.3608   16.5477
    0.0000  -30.0000   37.5000 2557.6553   16.1384
    7.5000  -30.0000   37.5000 2535.9978   16.3252
   -7.5000  -22.5000   37.5000 2565.2139   16.0229
    0.0000  -22.5000   37.5000 2599.1064   15.6351
    7.5000  -22.5000   37.5000 2583.0100   15.8181
   -7.5000  -15.0000   37.5000 2602.3555   15.5802
    0.0000  -15.0000   37.5000 2637.2822   15.2337
    7.5000  -15.0000   37.5000 2619.9187   15.3957
   -7.5000   -7.5000   37.5000 2637.7014   15.2300
    0.0000   -7.5000   37.5000 2676.8130   14.9017
    7.5000   -7.5000   37.5000 2658.3140   15.0526
   -7.5000    0.0000   37.5000 2671.4028   15.0775
    0.0000    0.0000   37.5000 2713.3757   14.7534
    7.5000    0.0000   37.5000 2689.6931   14.9141
   -7.5000    7.5000   37.5000 2685.9504   15.1026
    0.0000    7.5000   37.5000 2725.7231   14.7862
    7.5000    7.5000   37.5000 2703.3447   14.9563
   -7.5000   15.0000   37.5000 2674.4019   15.3557
    0.0000   15.0000   37.5000 2708.3865   15.0385
    7.5000   15.0000   37.5000 2682.2866   15.1967
   -7.5000   22.5000   37.5000 2637.7512   15.8296
    0.0000   22.5000   37.5000 2676.5266   15.5425
    7.5000   22.5000   37.5000 2652.6252   15.6514
   -7.5000   30.0000   37.5000 2569.0427   16.5223
    0.0000   30.0000   37.5000 2608.3245   16.2116
    7.5000   30.0000   37.5000 2585.6711   16.3273
   -7.5000   37.5000   37.5000 2491.2119   17.3587
    0.0000   37.5000   37.5000 2525.2302   17.0221
    7.5000   37.5000   37.5000 2506.9036   17.1520
   -7.5000   45.0000   37.5000 2394.3374   18.4592
    0.0000   45.0000   37.5000 2422.3679   18.2005
    7.5000   45.0000   37.5000 2406.7441   18.3090
   -7.5000  -45.0000   45.0000 2406.8005   18.9315
    0.0000  -45.0000   45.0000 2432.3799   18.5770
    7.5000  -45.0000   45.0000 2409.1470   18.7230
   -7.5000  -37.5000   45.0000 2430.7014   18.0713
    0.0000  -37.5000   45.0000 2462.3855   17.7441
    7.5000  -37.5000   45.0000 2436.4402   17.9050
   -7.5000  -30.0000   45.0000 2467.4048   17.4619
    0.0000  -30.0000   45.0000 2502.5181   17.1013
    7.5000  -30.0000   45.0000 2472.7793   17.2771
   -7.5000  -22.5000   45.0000 2504.7952   16.9396
    0.0000  -22.5000   45.0000 2539.5750   16.5837
    7.5000  -22.5000   45.0000 2521.6934   16.7388
   -7.5000  -15.0000   45.0000 2535.0417   16.5259
    0.0000  -15.0000   45.0000 2568.1372   16.1734
    7.5000  -15.0000   45.0000 2553.2654   16.3374
   -7.5000   -7.5000   45.0000 2561.2876   16.2108
    0.0000   -7.5000   45.0000 2597.3921   15.8850
    7.5000   -7.5000   45.0000 2579.1370   16.0090
   -7.5000    0.0000   45.0000 2586.7446   16.0929
    0.0000    0.0000   45.0000 2621.7075   15.7704
    7.5000    0.0000   45.0000 2597.6418   15.9114
   -7.5000    7.5000   45.0000 2592.2957   16.1550
    0.0000    7.5000   45.0000 2622.8545   15.8492
    7.5000    7.5000   45.0000 2603.2427   15.9676
   -7.5000   15.0000   45.0000 2572.1367   16.4606
    0.0000   15.0000   45.0000 2601.0740   16.1736
    7.5000   15.0000   45.0000 2582.6758   16.2963
   -7.5000   22.5000   45.0000 2534.5264   16.9605
    0.0000   22.5000   45.0000 2565.8928   16.6726
    7.5000   22.5000   45.0000 2551.4685   16.7752
   -7.5000   30.0000   45.0000 2480.9016   17.6232
    0.0000   30.0000   45.0000 2514.6907   17.3093
    7.5000   30.0000   45.0000 2492.6526   17.4072
   -7.5000   37.5000   45.0000 2408.4709   18.4308
    0.0000   37.5000   45.0000 2440.9824   18.0733
    7.5000   37.5000   45.0000 2422.6035   18.1688
   -7.5000   45.0000   45.0000 2311.3022   19.5557
    0.0000   45.0000   45.0000 2336.0764   19.2143
    7.5000   45.0000   45.0000 2325.0532   19.2953

---------------------------------------------------------------------
imgreg_4dfp /opt/freesurfer/average/711-2C_as_mni_average_305 /opt/freesurfer/average/711-2B_as_mni_average_305_mask talsrcimg_g11 none talsrcimg_to_711-2C_as_mni_average_305_t4 1283
---------------------------------------------------------------------

freesurfer imgreg_4dfp.c
/opt/freesurfer/average/711-2C_as_mni_average_305.4dfp.img
       256       256       256         1
  1.000000  1.000000  1.000000
orientation T byte_order littleendian
Reading image: /opt/freesurfer/average/711-2C_as_mni_average_305.4dfp.img
dimensions:      256       256       256
mmppix:       1.0000   -1.0000   -1.0000
center:     128.0000 -129.0000 -129.0000
/opt/freesurfer/average/711-2B_as_mni_average_305_mask.4dfp.img
       256       256       256         1
  1.000000  1.000000  1.000000
orientation T byte_order littleendian
Reading mask: /opt/freesurfer/average/711-2B_as_mni_average_305_mask.4dfp.img (2306576 pixels)
talsrcimg_g11.4dfp.img
       256       256       256         1
  1.000000  1.000000  1.000000
orientation T byte_order littleendian
Reading image: talsrcimg_g11.4dfp.img
dimensions:      256       256       256
mmppix:       1.0000   -1.0000   -1.0000
center:     128.0000 -129.0000 -129.0000
rotation matrix determinant  1.000000
fimgreg.f
image alignment mode   1283 decimal      503 hex
parameters
    0.0000   15.0000    7.5000    0.0000    0.0000    0.0000
eta,q 0.95399 13.10491
niter,ni,del,rscale     5    3   12.0000    1.2000
parameter  4  2.861657 ->  0.500000 qaram    1.1500
parameters
    0.7058   14.8744    7.5117   -3.4500    1.1436   -2.0317
eta,q 0.96035 13.01744
  0.0674  0.0552  0.0546  0.0383  0.0536  0.0433
  0.0564  0.0504  0.0501  0.0405  0.0477  0.0406
  0.0488  0.0479  0.0473  0.0436  0.0438  0.0397
  0.0465  0.0465  0.0464  0.0464  0.0414  0.0408
  0.0480  0.0470  0.0472  0.0490  0.0408  0.0435
  0.0517  0.0506  0.0501  0.0525  0.0428  0.0471
  0.0587  0.0566  0.0545  0.0575  0.0472  0.0511
niter,ni,del,rscale     5    3   12.0000    1.2000
parameter  4  0.638282 ->  0.500000 qaram    1.3225
parameters
    0.3497   16.1262    7.2644   -7.4175    1.1283   -1.4701
eta,q 0.96538 12.98821
  0.0588  0.0574  0.0488  0.0371  0.0456  0.0455
  0.0479  0.0500  0.0424  0.0352  0.0395  0.0405
  0.0404  0.0434  0.0392  0.0348  0.0355  0.0365
  0.0397  0.0393  0.0385  0.0384  0.0348  0.0348
  0.0440  0.0386  0.0401  0.0428  0.0367  0.0350
  0.0518  0.0413  0.0437  0.0471  0.0402  0.0378
  0.0626  0.0478  0.0505  0.0524  0.0449  0.0425
niter,ni,del,rscale     5    3   12.0000    1.2000
parameters
    0.3862   17.1274    6.5486   -8.1335    1.0243   -1.2231
eta,q 0.96660 12.97982
  0.0577  0.0556  0.0439  0.0429  0.0438  0.0437
  0.0458  0.0468  0.0373  0.0383  0.0381  0.0390
  0.0371  0.0392  0.0335  0.0350  0.0342  0.0351
  0.0346  0.0346  0.0338  0.0333  0.0335  0.0334
  0.0375  0.0342  0.0373  0.0358  0.0355  0.0342
  0.0455  0.0381  0.0420  0.0413  0.0391  0.0374
  0.0570  0.0463  0.0486  0.0468  0.0438  0.0426
niter,ni,del,rscale     4    3   12.0000    1.2000
parameters
    0.4648   17.3242    6.3055   -8.4583    0.9618   -1.1731
eta,q 0.96669 12.97801
  0.0573  0.0510  0.0458  0.0436  0.0437  0.0430
  0.0449  0.0424  0.0388  0.0389  0.0381  0.0384
  0.0360  0.0363  0.0339  0.0353  0.0342  0.0346
  0.0334  0.0334  0.0333  0.0332  0.0333  0.0333
  0.0364  0.0345  0.0363  0.0347  0.0353  0.0342
  0.0445  0.0402  0.0407  0.0401  0.0388  0.0377
  0.0556  0.0497  0.0469  0.0458  0.0435  0.0431
niter,ni,del,rscale     3    3   12.0000    1.2000
parameters
    0.4954   17.4044    6.1812   -8.6003    0.9481   -1.1635
eta,q 0.96673 12.97847
  0.0570  0.0501  0.0463  0.0439  0.0439  0.0428
  0.0446  0.0416  0.0393  0.0391  0.0382  0.0382
  0.0358  0.0359  0.0341  0.0355  0.0343  0.0345
  0.0333  0.0333  0.0333  0.0332  0.0333  0.0333
  0.0365  0.0346  0.0361  0.0343  0.0352  0.0342
  0.0448  0.0405  0.0405  0.0395  0.0387  0.0377
  0.0559  0.0499  0.0465  0.0453  0.0434  0.0431
niter,ni,del,rscale     2    3   12.0000    1.2000
parameters
    0.5069   17.4416    6.1230   -8.6670    0.9451   -1.1625
eta,q 0.96674 12.97908
  0.0569  0.0497  0.0466  0.0441  0.0439  0.0427
  0.0445  0.0413  0.0396  0.0392  0.0382  0.0382
  0.0357  0.0357  0.0343  0.0356  0.0343  0.0345
  0.0333  0.0333  0.0333  0.0332  0.0333  0.0333
  0.0366  0.0346  0.0360  0.0341  0.0351  0.0342
  0.0450  0.0405  0.0403  0.0393  0.0387  0.0377
  0.0561  0.0500  0.0463  0.0451  0.0434  0.0431
registration optimization eta report
parameter search radius
    6.0000    6.0000    6.0000    7.9350    6.0000    6.0000
100000*second partial in parameter space
       64.       46.       36.       18.       28.       27.
  0.0569  0.0497  0.0466  0.0441  0.0439  0.0427
  0.0445  0.0413  0.0396  0.0392  0.0382  0.0382
  0.0357  0.0357  0.0343  0.0356  0.0343  0.0345
  0.0333  0.0333  0.0333  0.0332  0.0333  0.0333
  0.0366  0.0346  0.0360  0.0341  0.0351  0.0342
  0.0450  0.0405  0.0403  0.0393  0.0387  0.0377
  0.0561  0.0500  0.0463  0.0451  0.0434  0.0431
    0.5069   17.4416    6.1230   -8.6670    0.9451   -1.1625
eta,q 0.96674 12.97908

---------------------------------------------------------------------
imgreg_4dfp /opt/freesurfer/average/711-2C_as_mni_average_305 /opt/freesurfer/average/711-2B_as_mni_average_305_mask talsrcimg_g11 none talsrcimg_to_711-2C_as_mni_average_305_t4 3335
---------------------------------------------------------------------

freesurfer imgreg_4dfp.c
/opt/freesurfer/average/711-2C_as_mni_average_305.4dfp.img
       256       256       256         1
  1.000000  1.000000  1.000000
orientation T byte_order littleendian
Reading image: /opt/freesurfer/average/711-2C_as_mni_average_305.4dfp.img
dimensions:      256       256       256
mmppix:       1.0000   -1.0000   -1.0000
center:     128.0000 -129.0000 -129.0000
/opt/freesurfer/average/711-2B_as_mni_average_305_mask.4dfp.img
       256       256       256         1
  1.000000  1.000000  1.000000
orientation T byte_order littleendian
Reading mask: /opt/freesurfer/average/711-2B_as_mni_average_305_mask.4dfp.img (2306576 pixels)
talsrcimg_g11.4dfp.img
       256       256       256         1
  1.000000  1.000000  1.000000
orientation T byte_order littleendian
Reading image: talsrcimg_g11.4dfp.img
dimensions:      256       256       256
mmppix:       1.0000   -1.0000   -1.0000
center:     128.0000 -129.0000 -129.0000
fimgreg.f
image alignment mode   3335 decimal      D07 hex
parameters
    0.5069   17.4416    6.1230   -0.0342   -1.1673   -1.1554
    2.2541   -1.3246   -2.0285   15.0990    1.6494  -15.0670
eta,q 0.96715 13.09569
niter,ni,del,rscale     5    3    5.0000    1.2000
parameter  4  1.096790 ->  0.500000 qaram    1.1500
parameter  6  0.721031 ->  0.500000 qaram    1.1500
parameters
    0.6052   17.5430    5.7631   -4.1742   -4.1088   -5.2954
    2.2404   -0.6848   -2.2421   12.8917    1.7984  -16.7866
eta,q 0.97389 12.65513
  0.0374  0.0359  0.0346  0.0291  0.0303  0.0270  0.0299  0.0334  0.0286  0.0276  0.0279  0.0271
  0.0350  0.0343  0.0335  0.0295  0.0295  0.0265  0.0281  0.0302  0.0274  0.0266  0.0270  0.0264
  0.0335  0.0333  0.0328  0.0307  0.0293  0.0271  0.0269  0.0277  0.0266  0.0262  0.0264  0.0261
  0.0329  0.0328  0.0328  0.0327  0.0297  0.0293  0.0265  0.0265  0.0264  0.0264  0.0262  0.0262
  0.0332  0.0330  0.0334  0.0355  0.0308  0.0328  0.0269  0.0268  0.0267  0.0274  0.0264  0.0267
  0.0345  0.0339  0.0345  0.0389  0.0325  0.0374  0.0281  0.0285  0.0276  0.0291  0.0269  0.0276
  0.0367  0.0355  0.0361  0.0427  0.0349  0.0426  0.0299  0.0315  0.0288  0.0315  0.0277  0.0288
niter,ni,del,rscale     6    3    5.0000    1.2000
parameters
    0.7554   17.4205    4.8905   -6.8187   -3.0284   -7.5366
    2.2665   -0.5602   -2.4497   13.1330    2.4169  -17.0911
eta,q 0.97450 12.46145
  0.0312  0.0288  0.0268  0.0271  0.0285  0.0277  0.0288  0.0308  0.0277  0.0283  0.0269  0.0271
  0.0286  0.0273  0.0260  0.0260  0.0272  0.0263  0.0271  0.0280  0.0265  0.0269  0.0262  0.0262
  0.0269  0.0263  0.0257  0.0255  0.0261  0.0256  0.0259  0.0262  0.0257  0.0259  0.0258  0.0257
  0.0261  0.0261  0.0261  0.0257  0.0255  0.0254  0.0255  0.0255  0.0255  0.0255  0.0255  0.0255
  0.0264  0.0266  0.0270  0.0270  0.0255  0.0265  0.0259  0.0260  0.0258  0.0257  0.0256  0.0257
  0.0278  0.0277  0.0284  0.0294  0.0261  0.0299  0.0271  0.0277  0.0266  0.0266  0.0260  0.0264
  0.0301  0.0294  0.0302  0.0327  0.0272  0.0352  0.0288  0.0305  0.0279  0.0281  0.0266  0.0274
niter,ni,del,rscale     5    3    5.0000    1.2000
parameters
    0.8827   17.6158    4.4993   -7.2296   -3.0481   -8.2555
    2.2749   -0.4504   -2.6372   13.4882    2.5460  -17.6060
eta,q 0.97453 12.40625
  0.0303  0.0290  0.0269  0.0283  0.0277  0.0288  0.0288  0.0306  0.0276  0.0282  0.0267  0.0269
  0.0278  0.0272  0.0259  0.0268  0.0266  0.0270  0.0270  0.0279  0.0264  0.0269  0.0261  0.0261
  0.0262  0.0260  0.0255  0.0258  0.0257  0.0259  0.0259  0.0261  0.0257  0.0259  0.0257  0.0256
  0.0255  0.0255  0.0254  0.0254  0.0254  0.0254  0.0255  0.0255  0.0255  0.0255  0.0255  0.0255
  0.0258  0.0256  0.0259  0.0257  0.0257  0.0255  0.0259  0.0260  0.0258  0.0257  0.0256  0.0257
  0.0271  0.0265  0.0269  0.0269  0.0265  0.0273  0.0270  0.0276  0.0266  0.0264  0.0260  0.0264
  0.0295  0.0280  0.0283  0.0292  0.0278  0.0313  0.0287  0.0304  0.0278  0.0278  0.0266  0.0275
niter,ni,del,rscale     4    3    5.0000    1.2000
parameters
    0.9201   17.7316    4.3370   -7.3049   -3.1443   -8.4026
    2.2848   -0.4147   -2.6761   13.7498    2.5704  -17.8860
eta,q 0.97453 12.39587
  0.0299  0.0287  0.0273  0.0285  0.0277  0.0292  0.0287  0.0305  0.0277  0.0281  0.0267  0.0270
  0.0276  0.0271  0.0262  0.0269  0.0266  0.0273  0.0270  0.0278  0.0265  0.0268  0.0260  0.0262
  0.0261  0.0259  0.0256  0.0259  0.0258  0.0260  0.0259  0.0260  0.0257  0.0259  0.0256  0.0256
  0.0255  0.0255  0.0255  0.0255  0.0255  0.0255  0.0255  0.0255  0.0255  0.0255  0.0255  0.0255
  0.0259  0.0257  0.0258  0.0256  0.0257  0.0254  0.0259  0.0260  0.0258  0.0257  0.0256  0.0257
  0.0273  0.0267  0.0266  0.0267  0.0266  0.0267  0.0270  0.0276  0.0265  0.0264  0.0260  0.0263
  0.0297  0.0282  0.0279  0.0288  0.0279  0.0303  0.0287  0.0304  0.0277  0.0278  0.0267  0.0273
niter,ni,del,rscale     3    3    5.0000    1.2000
parameters
    0.9329   17.7908    4.2727   -7.3179   -3.1952   -8.4612
    2.2776   -0.4001   -2.6721   13.8793    2.5874  -18.0021
eta,q 0.97453 12.39232
  0.0298  0.0286  0.0274  0.0285  0.0277  0.0293  0.0287  0.0304  0.0277  0.0280  0.0267  0.0271
  0.0275  0.0269  0.0264  0.0269  0.0266  0.0273  0.0270  0.0278  0.0265  0.0267  0.0260  0.0262
  0.0260  0.0259  0.0257  0.0259  0.0258  0.0261  0.0259  0.0260  0.0257  0.0258  0.0256  0.0257
  0.0255  0.0255  0.0255  0.0255  0.0255  0.0255  0.0255  0.0255  0.0255  0.0255  0.0255  0.0255
  0.0259  0.0258  0.0257  0.0256  0.0257  0.0254  0.0259  0.0260  0.0257  0.0257  0.0256  0.0257
  0.0274  0.0268  0.0265  0.0267  0.0266  0.0266  0.0270  0.0277  0.0265  0.0265  0.0260  0.0262
  0.0298  0.0283  0.0277  0.0288  0.0279  0.0301  0.0287  0.0304  0.0277  0.0279  0.0267  0.0272
niter,ni,del,rscale     2    3    5.0000    1.2000
parameters
    0.9384   17.8177    4.2431   -7.3221   -3.2233   -8.4903
    2.2748   -0.3918   -2.6655   13.9332    2.5781  -18.0481
eta,q 0.97452 12.39040
  0.0298  0.0285  0.0275  0.0285  0.0277  0.0293  0.0287  0.0304  0.0277  0.0279  0.0267  0.0271
  0.0275  0.0269  0.0264  0.0269  0.0266  0.0273  0.0270  0.0277  0.0265  0.0266  0.0260  0.0262
  0.0260  0.0258  0.0257  0.0259  0.0258  0.0261  0.0259  0.0260  0.0257  0.0258  0.0256  0.0257
  0.0255  0.0255  0.0255  0.0255  0.0255  0.0255  0.0255  0.0255  0.0255  0.0255  0.0255  0.0255
  0.0259  0.0258  0.0257  0.0256  0.0257  0.0254  0.0259  0.0260  0.0257  0.0257  0.0256  0.0256
  0.0274  0.0268  0.0264  0.0267  0.0266  0.0266  0.0270  0.0277  0.0265  0.0265  0.0260  0.0262
  0.0298  0.0284  0.0276  0.0288  0.0279  0.0301  0.0287  0.0305  0.0277  0.0279  0.0267  0.0272
niter,ni,del,rscale     1    3    5.0000    1.2000
parameters
    0.9410   17.8285    4.2325   -7.3255   -3.2408   -8.5007
    2.2703   -0.3880   -2.6644   13.9588    2.5801  -18.0695
eta,q 0.97452 12.38926
  0.0298  0.0285  0.0275  0.0285  0.0278  0.0293  0.0287  0.0304  0.0277  0.0279  0.0267  0.0271
  0.0275  0.0269  0.0264  0.0269  0.0266  0.0273  0.0270  0.0277  0.0265  0.0266  0.0260  0.0263
  0.0260  0.0258  0.0257  0.0259  0.0258  0.0261  0.0259  0.0260  0.0257  0.0258  0.0257  0.0257
  0.0255  0.0255  0.0255  0.0255  0.0255  0.0255  0.0255  0.0255  0.0255  0.0255  0.0255  0.0255
  0.0259  0.0258  0.0257  0.0256  0.0257  0.0254  0.0259  0.0260  0.0257  0.0257  0.0256  0.0256
  0.0274  0.0268  0.0264  0.0267  0.0266  0.0266  0.0270  0.0277  0.0265  0.0265  0.0260  0.0262
  0.0299  0.0284  0.0276  0.0288  0.0279  0.0300  0.0287  0.0305  0.0277  0.0279  0.0267  0.0272
registration optimization eta report
parameter search radius
    2.4000    2.4000    2.4000    8.2800    7.2000    8.2800
    7.2000    7.2000    7.2000    7.2000    7.2000    7.2000
100000*second partial in parameter space
       76.       51.       36.        5.        4.        6.
        6.       10.        4.        5.        2.        3.
  0.0298  0.0285  0.0275  0.0285  0.0278  0.0293  0.0287  0.0304  0.0277  0.0279  0.0267  0.0271
  0.0275  0.0269  0.0264  0.0269  0.0266  0.0273  0.0270  0.0277  0.0265  0.0266  0.0260  0.0263
  0.0260  0.0258  0.0257  0.0259  0.0258  0.0261  0.0259  0.0260  0.0257  0.0258  0.0257  0.0257
  0.0255  0.0255  0.0255  0.0255  0.0255  0.0255  0.0255  0.0255  0.0255  0.0255  0.0255  0.0255
  0.0259  0.0258  0.0257  0.0256  0.0257  0.0254  0.0259  0.0260  0.0257  0.0257  0.0256  0.0256
  0.0274  0.0268  0.0264  0.0267  0.0266  0.0266  0.0270  0.0277  0.0265  0.0265  0.0260  0.0262
  0.0299  0.0284  0.0276  0.0288  0.0279  0.0300  0.0287  0.0305  0.0277  0.0279  0.0267  0.0272
    0.9410   17.8285    4.2325   -7.3255   -3.2408   -8.5007
    2.2703   -0.3880   -2.6644   13.9588    2.5801  -18.0695
eta,q 0.97452 12.38926

---------------------------------------------------------------------
imgreg_4dfp /opt/freesurfer/average/711-2C_as_mni_average_305 /opt/freesurfer/average/711-2B_as_mni_average_305_mask talsrcimg_g11 none talsrcimg_to_711-2C_as_mni_average_305_t4 2311
---------------------------------------------------------------------

freesurfer imgreg_4dfp.c
/opt/freesurfer/average/711-2C_as_mni_average_305.4dfp.img
       256       256       256         1
  1.000000  1.000000  1.000000
orientation T byte_order littleendian
Reading image: /opt/freesurfer/average/711-2C_as_mni_average_305.4dfp.img
dimensions:      256       256       256
mmppix:       1.0000   -1.0000   -1.0000
center:     128.0000 -129.0000 -129.0000
/opt/freesurfer/average/711-2B_as_mni_average_305_mask.4dfp.img
       256       256       256         1
  1.000000  1.000000  1.000000
orientation T byte_order littleendian
Reading mask: /opt/freesurfer/average/711-2B_as_mni_average_305_mask.4dfp.img (2306576 pixels)
talsrcimg_g11.4dfp.img
       256       256       256         1
  1.000000  1.000000  1.000000
orientation T byte_order littleendian
Reading image: talsrcimg_g11.4dfp.img
dimensions:      256       256       256
mmppix:       1.0000   -1.0000   -1.0000
center:     128.0000 -129.0000 -129.0000
fimgreg.f
image alignment mode   2311 decimal      907 hex
parameters
    0.9410   17.8285    4.2325   -7.3255   -3.2408   -8.5007
    2.2703   -0.3880   -2.6644   13.9588    2.5801  -18.0695
eta,q 0.97452 12.38925
niter,ni,del,rscale     5    3    5.0000    0.8000
parameters
    0.9598   17.8295    4.2484   -6.9053   -3.1113   -7.2997
    2.2979   -0.3804   -2.6314   14.0821    2.6488  -18.1342
eta,q 0.97468 12.49347
  0.0275  0.0268  0.0264  0.0266  0.0266  0.0270  0.0269  0.0277  0.0264  0.0265  0.0259  0.0261
  0.0264  0.0261  0.0259  0.0261  0.0260  0.0262  0.0260  0.0263  0.0258  0.0259  0.0256  0.0256
  0.0257  0.0256  0.0256  0.0257  0.0256  0.0258  0.0255  0.0256  0.0254  0.0255  0.0254  0.0254
  0.0255  0.0255  0.0255  0.0255  0.0255  0.0255  0.0253  0.0253  0.0253  0.0253  0.0253  0.0253
  0.0257  0.0256  0.0256  0.0255  0.0256  0.0253  0.0255  0.0256  0.0254  0.0254  0.0254  0.0254
  0.0263  0.0261  0.0259  0.0258  0.0259  0.0254  0.0260  0.0263  0.0258  0.0258  0.0256  0.0257
  0.0274  0.0268  0.0264  0.0263  0.0265  0.0260  0.0268  0.0276  0.0263  0.0264  0.0259  0.0261
niter,ni,del,rscale     4    3    5.0000    0.7000
parameters
    0.9489   17.8125    4.3544   -6.6591   -3.0287   -7.2322
    2.2850   -0.3854   -2.6365   14.0303    2.6596  -17.9973
eta,q 0.97470 12.51228
  0.0268  0.0264  0.0262  0.0262  0.0262  0.0262  0.0265  0.0271  0.0261  0.0262  0.0258  0.0259
  0.0260  0.0258  0.0257  0.0258  0.0257  0.0258  0.0258  0.0261  0.0256  0.0257  0.0255  0.0256
  0.0255  0.0254  0.0255  0.0255  0.0254  0.0255  0.0254  0.0255  0.0254  0.0254  0.0254  0.0254
  0.0253  0.0253  0.0253  0.0253  0.0253  0.0253  0.0253  0.0253  0.0253  0.0253  0.0253  0.0253
  0.0255  0.0254  0.0254  0.0253  0.0254  0.0253  0.0254  0.0255  0.0254  0.0254  0.0253  0.0254
  0.0260  0.0258  0.0256  0.0256  0.0257  0.0255  0.0258  0.0261  0.0257  0.0257  0.0255  0.0255
  0.0269  0.0264  0.0260  0.0261  0.0262  0.0264  0.0265  0.0271  0.0261  0.0262  0.0258  0.0258
niter,ni,del,rscale     3    3    5.0000    0.6000
parameters
    0.9448   17.7953    4.3629   -6.5791   -2.9996   -7.0296
    2.3024   -0.4008   -2.6614   13.9862    2.6780  -18.0408
eta,q 0.97472 12.52900
  0.0264  0.0261  0.0259  0.0259  0.0260  0.0260  0.0262  0.0266  0.0259  0.0259  0.0256  0.0257
  0.0258  0.0256  0.0256  0.0256  0.0256  0.0257  0.0257  0.0259  0.0255  0.0255  0.0254  0.0254
  0.0254  0.0254  0.0254  0.0254  0.0254  0.0254  0.0254  0.0254  0.0253  0.0253  0.0253  0.0253
  0.0253  0.0253  0.0253  0.0253  0.0253  0.0253  0.0253  0.0253  0.0253  0.0253  0.0253  0.0253
  0.0254  0.0254  0.0254  0.0253  0.0254  0.0253  0.0254  0.0254  0.0254  0.0254  0.0253  0.0253
  0.0258  0.0257  0.0255  0.0255  0.0256  0.0254  0.0257  0.0259  0.0255  0.0256  0.0254  0.0255
  0.0265  0.0261  0.0259  0.0259  0.0260  0.0260  0.0262  0.0266  0.0259  0.0259  0.0256  0.0257
niter,ni,del,rscale     2    3    5.0000    0.5000
parameters
    0.9418   17.7916    4.3812   -6.4851   -2.9732   -6.8072
    2.3067   -0.4268   -2.6889   13.9194    2.6864  -18.1161
eta,q 0.97474 12.54709
  0.0261  0.0258  0.0257  0.0257  0.0258  0.0258  0.0259  0.0262  0.0257  0.0257  0.0255  0.0255
  0.0256  0.0255  0.0255  0.0255  0.0255  0.0256  0.0255  0.0257  0.0254  0.0254  0.0254  0.0254
  0.0254  0.0253  0.0253  0.0254  0.0253  0.0254  0.0253  0.0253  0.0253  0.0253  0.0253  0.0253
  0.0253  0.0253  0.0253  0.0253  0.0253  0.0253  0.0253  0.0253  0.0253  0.0253  0.0253  0.0253
  0.0254  0.0253  0.0253  0.0253  0.0253  0.0252  0.0253  0.0254  0.0253  0.0253  0.0253  0.0253
  0.0256  0.0255  0.0254  0.0254  0.0255  0.0254  0.0255  0.0257  0.0254  0.0255  0.0254  0.0254
  0.0261  0.0258  0.0257  0.0257  0.0257  0.0257  0.0259  0.0262  0.0257  0.0257  0.0255  0.0256
niter,ni,del,rscale     1    3    5.0000    0.4000
parameters
    0.9400   17.7846    4.3960   -6.3988   -2.9273   -6.5741
    2.3002   -0.4551   -2.7196   13.8316    2.6840  -18.2282
eta,q 0.97476 12.56549
  0.0258  0.0256  0.0255  0.0256  0.0256  0.0256  0.0257  0.0258  0.0255  0.0255  0.0254  0.0254
  0.0255  0.0254  0.0254  0.0254  0.0254  0.0254  0.0254  0.0255  0.0253  0.0254  0.0253  0.0253
  0.0253  0.0253  0.0253  0.0253  0.0253  0.0253  0.0253  0.0253  0.0253  0.0253  0.0253  0.0253
  0.0253  0.0253  0.0253  0.0253  0.0253  0.0253  0.0252  0.0252  0.0252  0.0252  0.0252  0.0252
  0.0253  0.0253  0.0253  0.0253  0.0253  0.0252  0.0253  0.0253  0.0253  0.0253  0.0253  0.0253
  0.0255  0.0254  0.0254  0.0254  0.0254  0.0253  0.0254  0.0255  0.0254  0.0254  0.0253  0.0253
  0.0258  0.0256  0.0255  0.0255  0.0256  0.0255  0.0257  0.0259  0.0255  0.0256  0.0254  0.0254
registration optimization eta report
parameter search radius
    0.8000    0.8000    0.8000    2.4000    2.4000    2.4000
    2.4000    2.4000    2.4000    2.4000    2.4000    2.4000
100000*second partial in parameter space
       81.       57.       40.        5.        5.        5.
        7.       10.        4.        5.        3.        3.
  0.0258  0.0256  0.0255  0.0256  0.0256  0.0256  0.0257  0.0258  0.0255  0.0255  0.0254  0.0254
  0.0255  0.0254  0.0254  0.0254  0.0254  0.0254  0.0254  0.0255  0.0253  0.0254  0.0253  0.0253
  0.0253  0.0253  0.0253  0.0253  0.0253  0.0253  0.0253  0.0253  0.0253  0.0253  0.0253  0.0253
  0.0253  0.0253  0.0253  0.0253  0.0253  0.0253  0.0252  0.0252  0.0252  0.0252  0.0252  0.0252
  0.0253  0.0253  0.0253  0.0253  0.0253  0.0252  0.0253  0.0253  0.0253  0.0253  0.0253  0.0253
  0.0255  0.0254  0.0254  0.0254  0.0254  0.0253  0.0254  0.0255  0.0254  0.0254  0.0253  0.0253
  0.0258  0.0256  0.0255  0.0255  0.0256  0.0255  0.0257  0.0259  0.0255  0.0256  0.0254  0.0254
    0.9400   17.7846    4.3960   -6.3988   -2.9273   -6.5741
    2.3002   -0.4551   -2.7196   13.8316    2.6840  -18.2282
eta,q 0.97476 12.56549

---------------------------------------------------------------------
imgreg_4dfp /opt/freesurfer/average/711-2C_as_mni_average_305 /opt/freesurfer/average/711-2B_as_mni_average_305_mask talsrcimg_g11 none talsrcimg_to_711-2C_as_mni_average_305_t4 2311
---------------------------------------------------------------------

freesurfer imgreg_4dfp.c
/opt/freesurfer/average/711-2C_as_mni_average_305.4dfp.img
       256       256       256         1
  1.000000  1.000000  1.000000
orientation T byte_order littleendian
Reading image: /opt/freesurfer/average/711-2C_as_mni_average_305.4dfp.img
dimensions:      256       256       256
mmppix:       1.0000   -1.0000   -1.0000
center:     128.0000 -129.0000 -129.0000
/opt/freesurfer/average/711-2B_as_mni_average_305_mask.4dfp.img
       256       256       256         1
  1.000000  1.000000  1.000000
orientation T byte_order littleendian
Reading mask: /opt/freesurfer/average/711-2B_as_mni_average_305_mask.4dfp.img (2306576 pixels)
talsrcimg_g11.4dfp.img
       256       256       256         1
  1.000000  1.000000  1.000000
orientation T byte_order littleendian
Reading image: talsrcimg_g11.4dfp.img
dimensions:      256       256       256
mmppix:       1.0000   -1.0000   -1.0000
center:     128.0000 -129.0000 -129.0000
fimgreg.f
image alignment mode   2311 decimal      907 hex
parameters
    0.9400   17.7846    4.3960   -6.3988   -2.9273   -6.5741
    2.3002   -0.4551   -2.7196   13.8316    2.6840  -18.2282
eta,q 0.97476 12.56550
niter,ni,del,rscale     5    3    5.0000    0.8000
parameters
    0.9202   17.7682    4.4142   -6.6535   -2.9387   -7.3099
    2.3013   -0.4186   -2.6648   13.9363    2.6470  -17.8528
eta,q 0.97469 12.50956
  0.0272  0.0266  0.0263  0.0263  0.0264  0.0262  0.0268  0.0277  0.0264  0.0265  0.0259  0.0262
  0.0262  0.0259  0.0257  0.0257  0.0258  0.0257  0.0260  0.0263  0.0258  0.0259  0.0256  0.0257
  0.0255  0.0254  0.0254  0.0254  0.0254  0.0254  0.0255  0.0256  0.0254  0.0255  0.0254  0.0254
  0.0252  0.0252  0.0252  0.0252  0.0253  0.0253  0.0253  0.0253  0.0253  0.0253  0.0253  0.0253
  0.0255  0.0254  0.0254  0.0254  0.0254  0.0254  0.0255  0.0255  0.0254  0.0254  0.0254  0.0254
  0.0262  0.0259  0.0257  0.0258  0.0258  0.0261  0.0260  0.0263  0.0258  0.0258  0.0256  0.0256
  0.0274  0.0267  0.0263  0.0266  0.0265  0.0276  0.0268  0.0276  0.0263  0.0264  0.0259  0.0259
niter,ni,del,rscale     4    3    5.0000    0.7000
parameters
    0.9357   17.7744    4.3725   -6.6677   -3.0074   -7.2202
    2.2963   -0.3938   -2.6536   13.9728    2.6737  -17.9581
eta,q 0.97470 12.51200
  0.0269  0.0264  0.0260  0.0261  0.0262  0.0262  0.0265  0.0271  0.0261  0.0262  0.0258  0.0258
  0.0260  0.0258  0.0256  0.0257  0.0257  0.0258  0.0258  0.0261  0.0256  0.0257  0.0255  0.0255
  0.0255  0.0254  0.0254  0.0254  0.0254  0.0255  0.0254  0.0255  0.0254  0.0254  0.0254  0.0253
  0.0253  0.0253  0.0253  0.0253  0.0253  0.0253  0.0253  0.0253  0.0253  0.0253  0.0253  0.0253
  0.0255  0.0254  0.0254  0.0254  0.0254  0.0253  0.0254  0.0255  0.0254  0.0254  0.0253  0.0254
  0.0260  0.0258  0.0257  0.0257  0.0257  0.0255  0.0259  0.0261  0.0257  0.0257  0.0255  0.0256
  0.0268  0.0264  0.0261  0.0262  0.0262  0.0264  0.0265  0.0271  0.0261  0.0262  0.0258  0.0259
niter,ni,del,rscale     3    3    5.0000    0.6000
parameters
    0.9420   17.7854    4.3752   -6.5771   -2.9853   -7.0130
    2.3028   -0.4037   -2.6727   13.9706    2.6810  -18.0334
eta,q 0.97472 12.53029
  0.0265  0.0261  0.0259  0.0259  0.0260  0.0260  0.0262  0.0266  0.0259  0.0259  0.0256  0.0257
  0.0258  0.0257  0.0256  0.0256  0.0256  0.0257  0.0257  0.0259  0.0255  0.0256  0.0254  0.0254
  0.0254  0.0254  0.0254  0.0254  0.0254  0.0254  0.0254  0.0254  0.0253  0.0253  0.0253  0.0253
  0.0253  0.0253  0.0253  0.0253  0.0253  0.0253  0.0253  0.0253  0.0253  0.0253  0.0253  0.0253
  0.0254  0.0254  0.0254  0.0253  0.0254  0.0253  0.0254  0.0254  0.0254  0.0253  0.0253  0.0253
  0.0258  0.0256  0.0255  0.0255  0.0256  0.0254  0.0257  0.0259  0.0255  0.0256  0.0254  0.0255
  0.0264  0.0261  0.0259  0.0259  0.0260  0.0260  0.0262  0.0266  0.0259  0.0259  0.0256  0.0257
niter,ni,del,rscale     2    3    5.0000    0.5000
parameters
    0.9420   17.7877    4.3840   -6.4852   -2.9654   -6.8054
    2.3014   -0.4275   -2.6895   13.9137    2.6766  -18.1220
eta,q 0.97474 12.54740
  0.0261  0.0258  0.0257  0.0257  0.0258  0.0258  0.0259  0.0262  0.0257  0.0257  0.0255  0.0255
  0.0256  0.0255  0.0255  0.0255  0.0255  0.0256  0.0255  0.0257  0.0254  0.0254  0.0254  0.0254
  0.0254  0.0253  0.0253  0.0254  0.0253  0.0254  0.0253  0.0253  0.0253  0.0253  0.0253  0.0253
  0.0253  0.0253  0.0253  0.0253  0.0253  0.0253  0.0253  0.0253  0.0253  0.0253  0.0253  0.0253
  0.0254  0.0253  0.0253  0.0253  0.0253  0.0253  0.0253  0.0254  0.0253  0.0253  0.0253  0.0253
  0.0256  0.0255  0.0254  0.0254  0.0255  0.0254  0.0255  0.0257  0.0254  0.0255  0.0254  0.0254
  0.0261  0.0258  0.0257  0.0257  0.0257  0.0257  0.0259  0.0262  0.0257  0.0257  0.0255  0.0256
niter,ni,del,rscale     1    3    5.0000    0.4000
parameters
    0.9393   17.7844    4.3942   -6.3964   -2.9230   -6.5755
    2.3083   -0.4554   -2.7139   13.8350    2.6785  -18.2339
eta,q 0.97475 12.56583
  0.0258  0.0256  0.0255  0.0256  0.0256  0.0256  0.0257  0.0258  0.0255  0.0255  0.0254  0.0254
  0.0255  0.0254  0.0254  0.0254  0.0254  0.0254  0.0254  0.0255  0.0254  0.0254  0.0253  0.0253
  0.0253  0.0253  0.0253  0.0253  0.0253  0.0253  0.0253  0.0253  0.0253  0.0253  0.0253  0.0253
  0.0253  0.0253  0.0253  0.0253  0.0253  0.0253  0.0252  0.0252  0.0252  0.0252  0.0252  0.0252
  0.0253  0.0253  0.0253  0.0253  0.0253  0.0252  0.0253  0.0253  0.0253  0.0253  0.0253  0.0253
  0.0255  0.0254  0.0254  0.0254  0.0254  0.0253  0.0254  0.0255  0.0254  0.0254  0.0253  0.0253
  0.0258  0.0256  0.0255  0.0255  0.0256  0.0255  0.0256  0.0259  0.0255  0.0256  0.0254  0.0254
registration optimization eta report
parameter search radius
    0.8000    0.8000    0.8000    2.4000    2.4000    2.4000
    2.4000    2.4000    2.4000    2.4000    2.4000    2.4000
100000*second partial in parameter space
       81.       57.       40.        5.        5.        5.
        7.       10.        5.        5.        3.        3.
  0.0258  0.0256  0.0255  0.0256  0.0256  0.0256  0.0257  0.0258  0.0255  0.0255  0.0254  0.0254
  0.0255  0.0254  0.0254  0.0254  0.0254  0.0254  0.0254  0.0255  0.0254  0.0254  0.0253  0.0253
  0.0253  0.0253  0.0253  0.0253  0.0253  0.0253  0.0253  0.0253  0.0253  0.0253  0.0253  0.0253
  0.0253  0.0253  0.0253  0.0253  0.0253  0.0253  0.0252  0.0252  0.0252  0.0252  0.0252  0.0252
  0.0253  0.0253  0.0253  0.0253  0.0253  0.0252  0.0253  0.0253  0.0253  0.0253  0.0253  0.0253
  0.0255  0.0254  0.0254  0.0254  0.0254  0.0253  0.0254  0.0255  0.0254  0.0254  0.0253  0.0253
  0.0258  0.0256  0.0255  0.0255  0.0256  0.0255  0.0256  0.0259  0.0255  0.0256  0.0254  0.0254
    0.9393   17.7844    4.3942   -6.3964   -2.9230   -6.5755
    2.3083   -0.4554   -2.7139   13.8350    2.6785  -18.2339
eta,q 0.97475 12.56583

---------------------------------------------------------------------
compute_vox2vox talsrcimg talsrcimg_to_711-2C_as_mni_average_305_t4 /opt/freesurfer/average/711-2C_as_mni_average_305
---------------------------------------------------------------------

freesurfer compute_vox2vox.c
Reading: talsrcimg.4dfp.ifh
Reading: talsrcimg_to_711-2C_as_mni_average_305_t4
Reading: /opt/freesurfer/average/711-2C_as_mni_average_305.4dfp.ifh
Writing: talsrcimg_to_711-2C_as_mni_average_305_t4_vox2vox.txt

start time Tue Mar 10 03:37:29 CET 2026
end		time Tue Mar 10 03:37:42 CET 2026

mpr2mni305 success

avi2talxfm orig_nu.mgz /opt/freesurfer/average/mni305.cor.mgz talsrcimg_to_711-2C_as_mni_average_305_t4_vox2vox.txt transforms/talairach.auto.xfm
avi2talxfm done
mv -f /out/sourcedata/freesurfer/sub-v1s5x0050725_ses-1/mri/talsrcimg_to_711-2C_as_mni_average_305_t4_vox2vox.txt /out/sourcedata/freesurfer/sub-v1s5x0050725_ses-1/mri/transforms/talsrcimg_to_711-2C_as_mni_average_305_t4_vox2vox.txt
lta_convert --src orig_nu.mgz --trg /opt/freesurfer/average/mni305.cor.mgz --inxfm transforms/talairach.auto.xfm --outlta transforms/talairach.auto.xfm.lta --subject fsaverage
7.3.2

--src: orig_nu.mgz src image (geometry).
--trg: /opt/freesurfer/average/mni305.cor.mgz trg image (geometry).
--inmni: transforms/talairach.auto.xfm input MNI/XFM transform.
--outlta: transforms/talairach.auto.xfm.lta output LTA.
--s: fsaverage subject name
 LTA read, type : 1
 1.06740   0.00872  -0.02374  -1.78755;
-0.02411   1.04122   0.19614  -7.31872;
 0.03328  -0.14815   1.00149   5.69488;
 0.00000   0.00000   0.00000   1.00000;
setting subject to fsaverage
Writing  LTA to file transforms/talairach.auto.xfm.lta...
lta_convert successful.
 
 
Started at Tue Mar 10 03:37:28 CET 2026
Ended   at Tue Mar 10 03:37:42 CET 2026
talairach_avi done
