/out/sourcedata/freesurfer/sub-v1s5x0050726_ses-1/mri
/opt/freesurfer/bin/talairach_avi
--i orig_nu.mgz --xfm transforms/talairach.auto.xfm
talairach_avi 7.3.2
Linux dna061 5.14.0-427.37.1.el9_4.x86_64 #1 SMP PREEMPT_DYNAMIC Fri Sep 13 12:41:50 EDT 2024 x86_64 x86_64 x86_64 GNU/Linux
Tue Mar 10 03:38:50 CET 2026
mri_convert orig_nu.mgz talsrcimg.img 
reading from orig_nu.mgz...
TR=0.00, TE=0.00, TI=0.00, flip angle=0.00
i_ras = (-1, 1.16415e-09, 3.72529e-09)
j_ras = (-3.72529e-09, 7.45058e-09, -1)
k_ras = (1.62981e-09, 1, -7.45058e-09)
writing to talsrcimg.img...
Analyze Output Matrix
-1.00000  -0.00000   0.00000   128.98367;
 0.00000   0.00000   1.00000  -119.33945;
 0.00000  -1.00000  -0.00000   106.17353;
 0.00000   0.00000   0.00000   1.00000;
--------------------
INFO: set hdr.hist.orient to -1
mpr2mni305 talsrcimg
Tue Mar 10 03:38:50 CET 2026
/opt/freesurfer/bin/mpr2mni305 talsrcimg
mpr2mni305 7.3.2
target=711-2C_as_mni_average_305

---------------------------------------------------------------------
analyzeto4dfp talsrcimg -O0 -y
---------------------------------------------------------------------

freesurfer ifh2hdr.c
Tue Mar 10 03:38:50 2026
Writing: talsrcimg.4dfp.hdr
freesurfer analyzeto4dfp.c
Reading: talsrcimg.hdr
header size 348 bytes
hdr.dime.datatype	offset=70	value=2
hdr.dime.bitpix		offset=72	value=8
hdr.hist.orient		offset=252	value=-1
dimensionality     4
dimensions       256       256       256         1
Reading: talsrcimg.img
Writing: talsrcimg.4dfp.img
Writing: talsrcimg.4dfp.ifh
ifh2hdr talsrcimg -r0to255
ori=2

---------------------------------------------------------------------
gauss_4dfp talsrcimg 1.1
---------------------------------------------------------------------

freesurfer gauss_4dfp.c
Reading: talsrcimg.4dfp.img
Writing: talsrcimg_g11.4dfp.img
image dimensions 256 256 256 padded to 288 288 288
processing volume 1freesurfer ifh2hdr.c
Tue Mar 10 03:38:52 2026
Writing: talsrcimg_g11.4dfp.hdr

Writing: talsrcimg_g11.4dfp.ifh
including: talsrcimg.4dfp.img.rec in talsrcimg_g11.4dfp.img.rec

---------------------------------------------------------------------
imgreg_4dfp /opt/freesurfer/average/711-2C_as_mni_average_305 none talsrcimg_g11 none talsrcimg_to_711-2C_as_mni_average_305_t4 4355
---------------------------------------------------------------------

freesurfer imgreg_4dfp.c
/opt/freesurfer/average/711-2C_as_mni_average_305.4dfp.img
       256       256       256         1
  1.000000  1.000000  1.000000
orientation T byte_order littleendian
Reading image: /opt/freesurfer/average/711-2C_as_mni_average_305.4dfp.img
dimensions:      256       256       256
mmppix:       1.0000   -1.0000   -1.0000
center:     128.0000 -129.0000 -129.0000
talsrcimg_g11.4dfp.img
       256       256       256         1
  1.000000  1.000000  1.000000
orientation T byte_order littleendian
Reading image: talsrcimg_g11.4dfp.img
dimensions:      256       256       256
mmppix:       1.0000   -1.0000   -1.0000
center:     128.0000 -129.0000 -129.0000
t4_read: open error in t4_sub.f l:  41 t4_file(1:l)talsrcimg_to_711-2C_as_mni_average_305_t4 
t4_read: transform initialized to I4
rotation matrix determinant  1.000000
image alignment mode   4355 decimal     1103 hex
   -7.5000  -45.0000  -45.0000 9180.8574   16.2370
    0.0000  -45.0000  -45.0000 9596.2207   16.2222
    7.5000  -45.0000  -45.0000 9252.1318   16.2102
   -7.5000  -37.5000  -45.0000 9592.1865   16.1249
    0.0000  -37.5000  -45.000010035.4258   16.1102
    7.5000  -37.5000  -45.0000 9641.6494   16.0953
   -7.5000  -30.0000  -45.000010405.5439   16.0634
    0.0000  -30.0000  -45.000010895.4844   16.0533
    7.5000  -30.0000  -45.000010445.0996   16.0375
   -7.5000  -22.5000  -45.000011006.1562   16.0461
    0.0000  -22.5000  -45.000011569.3828   16.0399
    7.5000  -22.5000  -45.000011068.5107   16.0247
   -7.5000  -15.0000  -45.000011504.9863   16.0279
    0.0000  -15.0000  -45.000012101.7607   16.0219
    7.5000  -15.0000  -45.000011577.4121   16.0082
   -7.5000   -7.5000  -45.000011923.7363   16.0241
    0.0000   -7.5000  -45.000012529.8164   16.0143
    7.5000   -7.5000  -45.000012012.4102   16.0023
   -7.5000    0.0000  -45.000012196.9199   16.0359
    0.0000    0.0000  -45.000012812.6953   16.0216
    7.5000    0.0000  -45.000012250.1855   16.0092
   -7.5000    7.5000  -45.000011574.5127   16.0538
    0.0000    7.5000  -45.000012163.6309   16.0395
    7.5000    7.5000  -45.000011639.6260   16.0249
   -7.5000   15.0000  -45.000010929.2139   16.2081
    0.0000   15.0000  -45.000011476.6738   16.1987
    7.5000   15.0000  -45.000010963.5713   16.1844
   -7.5000   22.5000  -45.000010278.3105   16.5801
    0.0000   22.5000  -45.000010785.6953   16.5708
    7.5000   22.5000  -45.000010322.0156   16.5567
   -7.5000   30.0000  -45.0000 9666.7568   16.7757
    0.0000   30.0000  -45.000010163.3662   16.7654
    7.5000   30.0000  -45.0000 9716.7520   16.7493
   -7.5000   37.5000  -45.0000 9416.1143   17.2466
    0.0000   37.5000  -45.0000 9862.1523   17.2329
    7.5000   37.5000  -45.0000 9414.8291   17.2141
   -7.5000   45.0000  -45.0000 8793.7676   17.3399
    0.0000   45.0000  -45.0000 9180.4590   17.3221
    7.5000   45.0000  -45.0000 8757.4297   17.3030
   -7.5000  -45.0000  -37.5000 9688.9082   16.2303
    0.0000  -45.0000  -37.500010154.9004   16.2219
    7.5000  -45.0000  -37.5000 9762.9541   16.2151
   -7.5000  -37.5000  -37.500010151.8799   16.1161
    0.0000  -37.5000  -37.500010636.2451   16.1084
    7.5000  -37.5000  -37.500010208.7256   16.0975
   -7.5000  -30.0000  -37.500011018.2930   16.0570
    0.0000  -30.0000  -37.500011566.7959   16.0526
    7.5000  -30.0000  -37.500011080.8750   16.0375
   -7.5000  -22.5000  -37.500011670.1162   16.0449
    0.0000  -22.5000  -37.500012257.8828   16.0426
    7.5000  -22.5000  -37.500011760.2686   16.0261
   -7.5000  -15.0000  -37.500012210.2588   16.0297
    0.0000  -15.0000  -37.500012845.4297   16.0269
    7.5000  -15.0000  -37.500012307.3008   16.0134
   -7.5000   -7.5000  -37.500012623.3359   16.0230
    0.0000   -7.5000  -37.500013278.6035   16.0177
    7.5000   -7.5000  -37.500012736.2080   16.0090
   -7.5000    0.0000  -37.500012922.8232   16.0296
    0.0000    0.0000  -37.500013593.0342   16.0217
    7.5000    0.0000  -37.500013009.3896   16.0144
   -7.5000    7.5000  -37.500012267.1270   16.0451
    0.0000    7.5000  -37.500012905.2148   16.0378
    7.5000    7.5000  -37.500012346.6543   16.0271
   -7.5000   15.0000  -37.500011550.6387   16.2016
    0.0000   15.0000  -37.500012126.6572   16.1985
    7.5000   15.0000  -37.500011612.7754   16.1844
   -7.5000   22.5000  -37.500010857.4111   16.5782
    0.0000   22.5000  -37.500011371.8906   16.5723
    7.5000   22.5000  -37.500010902.6113   16.5559
   -7.5000   30.0000  -37.500010231.6514   16.7763
    0.0000   30.0000  -37.500010714.5898   16.7704
    7.5000   30.0000  -37.500010277.6143   16.7532
   -7.5000   37.5000  -37.5000 9964.5713   17.2399
    0.0000   37.5000  -37.500010405.2021   17.2316
    7.5000   37.5000  -37.5000 9963.7246   17.2155
   -7.5000   45.0000  -37.5000 9273.6328   17.3230
    0.0000   45.0000  -37.5000 9674.8271   17.3113
    7.5000   45.0000  -37.5000 9240.4238   17.2958
   -7.5000  -45.0000  -30.000010320.5146   16.9411
    0.0000  -45.0000  -30.000010825.0059   16.9357
    7.5000  -45.0000  -30.000010401.9209   16.9359
   -7.5000  -37.5000  -30.000010838.2471   16.8143
    0.0000  -37.5000  -30.000011341.8770   16.8094
    7.5000  -37.5000  -30.000010903.8359   16.8041
   -7.5000  -30.0000  -30.000011779.6963   16.7508
    0.0000  -30.0000  -30.000012345.1172   16.7472
    7.5000  -30.0000  -30.000011809.6309   16.7344
   -7.5000  -22.5000  -30.000012474.0049   16.7453
    0.0000  -22.5000  -30.000013071.8975   16.7425
    7.5000  -22.5000  -30.000012518.8740   16.7263
   -7.5000  -15.0000  -30.000013027.3213   16.7373
    0.0000  -15.0000  -30.000013694.9932   16.7343
    7.5000  -15.0000  -30.000013137.2607   16.7222
   -7.5000   -7.5000  -30.000013489.4482   16.7309
    0.0000   -7.5000  -30.000014194.5195   16.7270
    7.5000   -7.5000  -30.000013629.2969   16.7229
   -7.5000    0.0000  -30.000013843.0039   16.7315
    0.0000    0.0000  -30.000014579.7695   16.7268
    7.5000    0.0000  -30.000013962.3691   16.7263
   -7.5000    7.5000  -30.000013157.4971   16.7401
    0.0000    7.5000  -30.000013855.2695   16.7355
    7.5000    7.5000  -30.000013249.8789   16.7303
   -7.5000   15.0000  -30.000012353.1113   16.9025
    0.0000   15.0000  -30.000013008.9854   16.9007
    7.5000   15.0000  -30.000012426.2627   16.8889
   -7.5000   22.5000  -30.000011590.9639   17.3020
    0.0000   22.5000  -30.000012194.9844   17.2966
    7.5000   22.5000  -30.000011650.0898   17.2795
   -7.5000   30.0000  -30.000010917.9014   17.5184
    0.0000   30.0000  -30.000011464.8281   17.5161
    7.5000   30.0000  -30.000010944.7344   17.5001
   -7.5000   37.5000  -30.000010629.9775   17.9975
    0.0000   37.5000  -30.000011125.3730   17.9969
    7.5000   37.5000  -30.000010606.7021   17.9870
   -7.5000   45.0000  -30.0000 9890.3389   18.0822
    0.0000   45.0000  -30.000010321.6660   18.0789
    7.5000   45.0000  -30.0000 9852.4980   18.0724
   -7.5000  -45.0000  -22.500010951.7402   17.5050
    0.0000  -45.0000  -22.500011442.9658   17.4953
    7.5000  -45.0000  -22.500011023.3086   17.4981
   -7.5000  -37.5000  -22.500011494.4141   17.3676
    0.0000  -37.5000  -22.500012022.0889   17.3575
    7.5000  -37.5000  -22.500011543.5713   17.3549
   -7.5000  -30.0000  -22.500012463.2812   17.2977
    0.0000  -30.0000  -22.500013074.6582   17.2889
    7.5000  -30.0000  -22.500012488.3779   17.2784
   -7.5000  -22.5000  -22.500013205.2139   17.2954
    0.0000  -22.5000  -22.500013874.7617   17.2884
    7.5000  -22.5000  -22.500013266.1533   17.2742
   -7.5000  -15.0000  -22.500013826.7812   17.2937
    0.0000  -15.0000  -22.500014540.8838   17.2872
    7.5000  -15.0000  -22.500013912.7422   17.2767
   -7.5000   -7.5000  -22.500014359.0107   17.2904
    0.0000   -7.5000  -22.500015117.6182   17.2830
    7.5000   -7.5000  -22.500014459.8096   17.2807
   -7.5000    0.0000  -22.500014727.4648   17.2888
    0.0000    0.0000  -22.500015532.2412   17.2799
    7.5000    0.0000  -22.500014816.6211   17.2819
   -7.5000    7.5000  -22.500014011.4131   17.2909
    0.0000    7.5000  -22.500014776.7148   17.2811
    7.5000    7.5000  -22.500014084.0566   17.2786
   -7.5000   15.0000  -22.500013157.8809   17.4548
    0.0000   15.0000  -22.500013882.2246   17.4476
    7.5000   15.0000  -22.500013190.6709   17.4387
   -7.5000   22.5000  -22.500012344.0586   17.8699
    0.0000   22.5000  -22.500013016.5771   17.8624
    7.5000   22.5000  -22.500012399.0068   17.8474
   -7.5000   30.0000  -22.500011600.1748   18.1012
    0.0000   30.0000  -22.500012194.2480   18.0986
    7.5000   30.0000  -22.500011618.0830   18.0856
   -7.5000   37.5000  -22.500011250.1729   18.5976
    0.0000   37.5000  -22.500011794.4180   18.5996
    7.5000   37.5000  -22.500011232.8545   18.5939
   -7.5000   45.0000  -22.500010464.5928   18.6901
    0.0000   45.0000  -22.500010912.3584   18.6893
    7.5000   45.0000  -22.500010418.7520   18.6893
   -7.5000  -45.0000  -15.000011525.7734   17.8756
    0.0000  -45.0000  -15.000012027.0635   17.8593
    7.5000  -45.0000  -15.000011586.7158   17.8584
   -7.5000  -37.5000  -15.000012103.0713   17.7363
    0.0000  -37.5000  -15.000012655.7354   17.7183
    7.5000  -37.5000  -15.000012149.4326   17.7132
   -7.5000  -30.0000  -15.000013103.9551   17.6622
    0.0000  -30.0000  -15.000013752.9717   17.6468
    7.5000  -30.0000  -15.000013146.7754   17.6363
   -7.5000  -22.5000  -15.000013908.8096   17.6560
    0.0000  -22.5000  -15.000014597.8818   17.6445
    7.5000  -22.5000  -15.000013962.0186   17.6316
   -7.5000  -15.0000  -15.000014601.0547   17.6529
    0.0000  -15.0000  -15.000015339.6074   17.6431
    7.5000  -15.0000  -15.000014679.7695   17.6325
   -7.5000   -7.5000  -15.000015191.7832   17.6528
    0.0000   -7.5000  -15.000015977.1748   17.6410
    7.5000   -7.5000  -15.000015292.8779   17.6361
   -7.5000    0.0000  -15.000015571.5947   17.6552
    0.0000    0.0000  -15.000016408.4590   17.6396
    7.5000    0.0000  -15.000015659.4307   17.6380
   -7.5000    7.5000  -15.000014802.8691   17.6582
    0.0000    7.5000  -15.000015611.4932   17.6406
    7.5000    7.5000  -15.000014867.2266   17.6356
   -7.5000   15.0000  -15.000013883.3096   17.8221
    0.0000   15.0000  -15.000014697.2236   17.8078
    7.5000   15.0000  -15.000013947.1855   17.7994
   -7.5000   22.5000  -15.000013041.9785   18.2404
    0.0000   22.5000  -15.000013805.9609   18.2292
    7.5000   22.5000  -15.000013124.0303   18.2166
   -7.5000   30.0000  -15.000012212.4873   18.4772
    0.0000   30.0000  -15.000012880.6670   18.4705
    7.5000   30.0000  -15.000012265.0205   18.4588
   -7.5000   37.5000  -15.000011842.8320   18.9903
    0.0000   37.5000  -15.000012438.4707   18.9878
    7.5000   37.5000  -15.000011858.7451   18.9803
   -7.5000   45.0000  -15.000011018.1465   19.1010
    0.0000   45.0000  -15.000011534.6816   19.0949
    7.5000   45.0000  -15.000011000.0059   19.0929
   -7.5000  -45.0000   -7.500012171.5586   18.0552
    0.0000  -45.0000   -7.500012697.7881   18.0359
    7.5000  -45.0000   -7.500012228.6660   18.0264
   -7.5000  -37.5000   -7.500012742.8145   17.9232
    0.0000  -37.5000   -7.500013344.8564   17.9024
    7.5000  -37.5000   -7.500012800.0820   17.8899
   -7.5000  -30.0000   -7.500013801.1084   17.8507
    0.0000  -30.0000   -7.500014474.2002   17.8338
    7.5000  -30.0000   -7.500013841.4336   17.8193
   -7.5000  -22.5000   -7.500014642.3789   17.8363
    0.0000  -22.5000   -7.500015362.8125   17.8246
    7.5000  -22.5000   -7.500014694.1426   17.8098
   -7.5000  -15.0000   -7.500015363.9131   17.8241
    0.0000  -15.0000   -7.500016160.6436   17.8138
    7.5000  -15.0000   -7.500015443.7705   17.8005
   -7.5000   -7.5000   -7.500016021.4365   17.8233
    0.0000   -7.5000   -7.500016866.2520   17.8096
    7.5000   -7.5000   -7.500016118.2617   17.7990
   -7.5000    0.0000   -7.500016491.6387   17.8327
    0.0000    0.0000   -7.500017384.6211   17.8140
    7.5000    0.0000   -7.500016577.9512   17.8040
   -7.5000    7.5000   -7.500015632.1123   17.8444
    0.0000    7.5000   -7.500016583.4219   17.8240
    7.5000    7.5000   -7.500015725.2080   17.8117
   -7.5000   15.0000   -7.500014665.2988   18.0114
    0.0000   15.0000   -7.500015639.8643   17.9952
    7.5000   15.0000   -7.500014758.3359   17.9828
   -7.5000   22.5000   -7.500013773.1836   18.4229
    0.0000   22.5000   -7.500014668.9668   18.4096
    7.5000   22.5000   -7.500013857.5830   18.3962
   -7.5000   30.0000   -7.500012886.6025   18.6564
    0.0000   30.0000   -7.500013663.9336   18.6445
    7.5000   30.0000   -7.500012947.2891   18.6301
   -7.5000   37.5000   -7.500012494.6729   19.1787
    0.0000   37.5000   -7.500013184.9883   19.1673
    7.5000   37.5000   -7.500012506.5908   19.1518
   -7.5000   45.0000   -7.500011635.5840   19.3090
    0.0000   45.0000   -7.500012234.7275   19.2934
    7.5000   45.0000   -7.500011606.3340   19.2803
   -7.5000  -45.0000    0.000012714.4277   18.1078
    0.0000  -45.0000    0.000013283.8066   18.0912
    7.5000  -45.0000    0.000012769.6816   18.0777
   -7.5000  -37.5000    0.000013295.2285   17.9827
    0.0000  -37.5000    0.000013927.2539   17.9662
    7.5000  -37.5000    0.000013349.1523   17.9496
   -7.5000  -30.0000    0.000014401.6562   17.9148
    0.0000  -30.0000    0.000015064.3574   17.9034
    7.5000  -30.0000    0.000014408.1689   17.8856
   -7.5000  -22.5000    0.000015254.9795   17.8968
    0.0000  -22.5000    0.000016016.1660   17.8897
    7.5000  -22.5000    0.000015293.0352   17.8723
   -7.5000  -15.0000    0.000015997.6875   17.8772
    0.0000  -15.0000    0.000016837.3418   17.8703
    7.5000  -15.0000    0.000016070.2979   17.8546
   -7.5000   -7.5000    0.000016716.3652   17.8723
    0.0000   -7.5000    0.000017665.2383   17.8613
    7.5000   -7.5000    0.000016816.2207   17.8476
   -7.5000    0.0000    0.000017331.1250   17.8842
    0.0000    0.0000    0.000018486.2520   17.8683
    7.5000    0.0000    0.000017463.4297   17.8544
   -7.5000    7.5000    0.000016576.9727   17.9037
    0.0000    7.5000    0.000017868.4824   17.8876
    7.5000    7.5000    0.000016704.7734   17.8712
   -7.5000   15.0000    0.000015567.2812   18.0756
    0.0000   15.0000    0.000016788.2520   18.0650
    7.5000   15.0000    0.000015650.5889   18.0489
   -7.5000   22.5000    0.000014501.8154   18.4844
    0.0000   22.5000    0.000015566.0479   18.4738
    7.5000   22.5000    0.000014565.3496   18.4577
   -7.5000   30.0000    0.000013502.9395   18.7150
    0.0000   30.0000    0.000014388.8223   18.7031
    7.5000   30.0000    0.000013536.7197   18.6847
   -7.5000   37.5000    0.000013061.5283   19.2376
    0.0000   37.5000    0.000013863.4971   19.2221
    7.5000   37.5000    0.000013050.7012   19.2008
   -7.5000   45.0000    0.000012155.7959   19.3760
    0.0000   45.0000    0.000012872.4727   19.3561
    7.5000   45.0000    0.000012109.1943   19.3347
   -7.5000  -45.0000    7.500012330.1963   18.1571
    0.0000  -45.0000    7.500012822.2373   18.1477
    7.5000  -45.0000    7.500012375.1396   18.1401
   -7.5000  -37.5000    7.500012884.7500   18.0295
    0.0000  -37.5000    7.500013393.7529   18.0209
    7.5000  -37.5000    7.500012908.0850   18.0087
   -7.5000  -30.0000    7.500013942.8301   17.9636
    0.0000  -30.0000    7.500014481.3711   17.9587
    7.5000  -30.0000    7.500013933.0879   17.9418
   -7.5000  -22.5000    7.500014805.8721   17.9502
    0.0000  -22.5000    7.500015475.8691   17.9476
    7.5000  -22.5000    7.500014810.3164   17.9292
   -7.5000  -15.0000    7.500015535.7959   17.9331
    0.0000  -15.0000    7.500016380.6943   17.9299
    7.5000  -15.0000    7.500015576.4014   17.9148
   -7.5000   -7.5000    7.500016224.7764   17.9253
    0.0000   -7.5000    7.500017261.5078   17.9194
    7.5000   -7.5000    7.500016313.4023   17.9096
   -7.5000    0.0000    7.500016848.2539   17.9326
    0.0000    0.0000    7.500018259.9258   17.9238
    7.5000    0.0000    7.500016996.6230   17.9157
   -7.5000    7.5000    7.500016199.2129   17.9502
    0.0000    7.5000    7.500017756.5742   17.9419
    7.5000    7.5000    7.500016412.8203   17.9299
   -7.5000   15.0000    7.500015169.5791   18.1253
    0.0000   15.0000    7.500016548.8887   18.1219
    7.5000   15.0000    7.500015337.2090   18.1061
   -7.5000   22.5000    7.500014072.3516   18.5406
    0.0000   22.5000    7.500015159.9336   18.5341
    7.5000   22.5000    7.500014171.3408   18.5157
   -7.5000   30.0000    7.500013037.5010   18.7754
    0.0000   30.0000    7.500013904.4316   18.7687
    7.5000   30.0000    7.500013111.1777   18.7494
   -7.5000   37.5000    7.500012588.5547   19.2938
    0.0000   37.5000    7.500013355.9453   19.2845
    7.5000   37.5000    7.500012634.0449   19.2664
   -7.5000   45.0000    7.500011728.4678   19.4246
    0.0000   45.0000    7.500012383.2617   19.4115
    7.5000   45.0000    7.500011724.9297   19.3941
   -7.5000  -45.0000   15.000011807.3848   18.1917
    0.0000  -45.0000   15.000012292.5732   18.1860
    7.5000  -45.0000   15.000011870.5752   18.1861
   -7.5000  -37.5000   15.000012367.8545   18.0555
    0.0000  -37.5000   15.000012885.7402   18.0503
    7.5000  -37.5000   15.000012406.0166   18.0446
   -7.5000  -30.0000   15.000013359.9385   17.9874
    0.0000  -30.0000   15.000013943.5293   17.9835
    7.5000  -30.0000   15.000013363.9756   17.9697
   -7.5000  -22.5000   15.000014216.7031   17.9815
    0.0000  -22.5000   15.000014886.5771   17.9784
    7.5000  -22.5000   15.000014207.6709   17.9611
   -7.5000  -15.0000   15.000014929.4199   17.9729
    0.0000  -15.0000   15.000015688.7158   17.9697
    7.5000  -15.0000   15.000014932.1426   17.9566
   -7.5000   -7.5000   15.000015543.7666   17.9660
    0.0000   -7.5000   15.000016433.8164   17.9619
    7.5000   -7.5000   15.000015604.2744   17.9575
   -7.5000    0.0000   15.000016045.8643   17.9667
    0.0000    0.0000   15.000017097.0527   17.9617
    7.5000    0.0000   15.000016189.1494   17.9611
   -7.5000    7.5000   15.000015354.8096   17.9758
    0.0000    7.5000   15.000016416.2188   17.9709
    7.5000    7.5000   15.000015579.1455   17.9653
   -7.5000   15.0000   15.000014393.1523   18.1503
    0.0000   15.0000   15.000015377.0957   18.1483
    7.5000   15.0000   15.000014587.6309   18.1356
   -7.5000   22.5000   15.000013438.9893   18.5751
    0.0000   22.5000   15.000014289.4854   18.5694
    7.5000   22.5000   15.000013546.7012   18.5511
   -7.5000   30.0000   15.000012471.9150   18.8172
    0.0000   30.0000   15.000013217.5850   18.8147
    7.5000   30.0000   15.000012527.6680   18.7975
   -7.5000   37.5000   15.000012029.8057   19.3318
    0.0000   37.5000   15.000012703.6973   19.3311
    7.5000   37.5000   15.000012077.2939   19.3205
   -7.5000   45.0000   15.000011224.2324   19.4485
    0.0000   45.0000   15.000011784.1445   19.4450
    7.5000   45.0000   15.000011235.4834   19.4380
   -7.5000  -45.0000   22.500011180.4199   18.1723
    0.0000  -45.0000   22.500011717.8506   18.1623
    7.5000  -45.0000   22.500011245.9336   18.1651
   -7.5000  -37.5000   22.500011723.4658   18.0296
    0.0000  -37.5000   22.500012286.9189   18.0191
    7.5000  -37.5000   22.500011780.1211   18.0165
   -7.5000  -30.0000   22.500012618.4395   17.9571
    0.0000  -30.0000   22.500013177.7822   17.9479
    7.5000  -30.0000   22.500012629.2891   17.9371
   -7.5000  -22.5000   22.500013370.3916   17.9547
    0.0000  -22.5000   22.500013941.4277   17.9474
    7.5000  -22.5000   22.500013380.1826   17.9327
   -7.5000  -15.0000   22.500014013.0010   17.9529
    0.0000  -15.0000   22.500014608.6045   17.9462
    7.5000  -15.0000   22.500014035.4756   17.9353
   -7.5000   -7.5000   22.500014611.6289   17.9495
    0.0000   -7.5000   22.500015268.2119   17.9419
    7.5000   -7.5000   22.500014623.9111   17.9394
   -7.5000    0.0000   22.500015043.5146   17.9479
    0.0000    0.0000   22.500015791.7861   17.9387
    7.5000    0.0000   22.500015112.4062   17.9406
   -7.5000    7.5000   22.500014341.1113   17.9500
    0.0000    7.5000   22.500015055.1992   17.9398
    7.5000    7.5000   22.500014446.3877   17.9373
   -7.5000   15.0000   22.500013438.1836   18.1201
    0.0000   15.0000   22.500014126.7178   18.1127
    7.5000   15.0000   22.500013525.4521   18.1035
   -7.5000   22.5000   22.500012629.5049   18.5483
    0.0000   22.5000   22.500013290.1680   18.5405
    7.5000   22.5000   22.500012696.6533   18.5250
   -7.5000   30.0000   22.500011800.7656   18.7939
    0.0000   30.0000   22.500012388.8018   18.7913
    7.5000   30.0000   22.500011833.1494   18.7777
   -7.5000   37.5000   22.500011406.8408   19.3093
    0.0000   37.5000   22.500011960.6191   19.3115
    7.5000   37.5000   22.500011421.0078   19.3055
   -7.5000   45.0000   22.500010648.8232   19.4195
    0.0000   45.0000   22.500011134.3965   19.4187
    7.5000   45.0000   22.500010626.5859   19.4187
   -7.5000  -45.0000   30.000010432.0986   18.1942
    0.0000  -45.0000   30.000010944.1279   18.1774
    7.5000  -45.0000   30.000010504.4531   18.1763
   -7.5000  -37.5000   30.000010928.4727   18.0516
    0.0000  -37.5000   30.000011427.7100   18.0332
    7.5000  -37.5000   30.000010982.8613   18.0278
   -7.5000  -30.0000   30.000011724.7285   17.9758
    0.0000  -30.0000   30.000012209.4570   17.9601
    7.5000  -30.0000   30.000011734.2256   17.9492
   -7.5000  -22.5000   30.000012426.6777   17.9698
    0.0000  -22.5000   30.000012923.2705   17.9581
    7.5000  -22.5000   30.000012432.6143   17.9447
   -7.5000  -15.0000   30.000013003.1455   17.9670
    0.0000  -15.0000   30.000013558.5225   17.9569
    7.5000  -15.0000   30.000013021.4131   17.9459
   -7.5000   -7.5000   30.000013552.5898   17.9669
    0.0000   -7.5000   30.000014127.1787   17.9547
    7.5000   -7.5000   30.000013560.2744   17.9495
   -7.5000    0.0000   30.000013969.0166   17.9690
    0.0000    0.0000   30.000014563.3301   17.9530
    7.5000    0.0000   30.000013969.1797   17.9511
   -7.5000    7.5000   30.000013286.9160   17.9717
    0.0000    7.5000   30.000013853.2666   17.9537
    7.5000    7.5000   30.000013291.7588   17.9484
   -7.5000   15.0000   30.000012446.5342   18.1393
    0.0000   15.0000   30.000013003.5322   18.1246
    7.5000   15.0000   30.000012446.0898   18.1158
   -7.5000   22.5000   30.000011734.5957   18.5651
    0.0000   22.5000   30.000012286.7451   18.5537
    7.5000   22.5000   30.000011733.8848   18.5406
   -7.5000   30.0000   30.000011002.1963   18.8106
    0.0000   30.0000   30.000011509.6123   18.8036
    7.5000   30.0000   30.000010990.1484   18.7914
   -7.5000   37.5000   30.000010652.0391   19.3351
    0.0000   37.5000   30.000011123.5645   19.3326
    7.5000   37.5000   30.000010649.2676   19.3245
   -7.5000   45.0000   30.0000 9921.2568   19.4552
    0.0000   45.0000   30.000010357.5342   19.4488
    7.5000   45.0000   30.0000 9904.3369   19.4464
   -7.5000  -45.0000   37.500010033.0762   18.3152
    0.0000  -45.0000   37.500010486.9102   18.2954
    7.5000  -45.0000   37.500010121.0596   18.2861
   -7.5000  -37.5000   37.500010501.9199   18.1790
    0.0000  -37.5000   37.500010956.0693   18.1577
    7.5000  -37.5000   37.500010567.4736   18.1451
   -7.5000  -30.0000   37.500011245.1660   18.1037
    0.0000  -30.0000   37.500011726.0938   18.0864
    7.5000  -30.0000   37.500011278.9424   18.0718
   -7.5000  -22.5000   37.500011904.8672   18.0890
    0.0000  -22.5000   37.500012420.7354   18.0766
    7.5000  -22.5000   37.500011945.1064   18.0619
   -7.5000  -15.0000   37.500012458.3525   18.0772
    0.0000  -15.0000   37.500013006.4453   18.0661
    7.5000  -15.0000   37.500012493.5049   18.0529
   -7.5000   -7.5000   37.500012967.0547   18.0770
    0.0000   -7.5000   37.500013562.7939   18.0627
    7.5000   -7.5000   37.500013008.4883   18.0522
   -7.5000    0.0000   37.500013348.5215   18.0867
    0.0000    0.0000   37.500013942.2500   18.0675
    7.5000    0.0000   37.500013362.6338   18.0577
   -7.5000    7.5000   37.500012693.4580   18.0981
    0.0000    7.5000   37.500013238.0049   18.0772
    7.5000    7.5000   37.500012695.4883   18.0649
   -7.5000   15.0000   37.500011874.1221   18.2688
    0.0000   15.0000   37.500012395.3838   18.2521
    7.5000   15.0000   37.500011885.9053   18.2396
   -7.5000   22.5000   37.500011214.1709   18.6914
    0.0000   22.5000   37.500011731.4365   18.6774
    7.5000   22.5000   37.500011219.0361   18.6641
   -7.5000   30.0000   37.500010549.2002   18.9357
    0.0000   30.0000   37.500011013.6807   18.9229
    7.5000   30.0000   37.500010533.6357   18.9086
   -7.5000   37.5000   37.500010237.6436   19.4737
    0.0000   37.5000   37.500010684.4375   19.4616
    7.5000   37.5000   37.500010220.4248   19.4462
   -7.5000   45.0000   37.5000 9546.7744   19.6150
    0.0000   45.0000   37.5000 9969.1416   19.5990
    7.5000   45.0000   37.5000 9515.6816   19.5859
   -7.5000  -45.0000   45.0000 9202.4551   18.5376
    0.0000  -45.0000   45.0000 9647.7568   18.5215
    7.5000  -45.0000   45.0000 9299.4385   18.5100
   -7.5000  -37.5000   45.0000 9616.7422   18.4021
    0.0000  -37.5000   45.000010073.6865   18.3861
    7.5000  -37.5000   45.0000 9702.9229   18.3710
   -7.5000  -30.0000   45.000010303.3203   18.3278
    0.0000  -30.0000   45.000010769.5635   18.3172
    7.5000  -30.0000   45.000010352.1211   18.3004
   -7.5000  -22.5000   45.000010924.4453   18.3099
    0.0000  -22.5000   45.000011405.6201   18.3037
    7.5000  -22.5000   45.000010956.0400   18.2872
   -7.5000  -15.0000   45.000011411.3877   18.2930
    0.0000  -15.0000   45.000011918.8369   18.2868
    7.5000  -15.0000   45.000011444.4082   18.2722
   -7.5000   -7.5000   45.000011839.3867   18.2903
    0.0000   -7.5000   45.000012372.3076   18.2798
    7.5000   -7.5000   45.000011883.6357   18.2677
   -7.5000    0.0000   45.000012160.3574   18.3019
    0.0000    0.0000   45.000012728.2910   18.2864
    7.5000    0.0000   45.000012196.2422   18.2744
   -7.5000    7.5000   45.000011560.9658   18.3188
    0.0000    7.5000   45.000012097.3389   18.3033
    7.5000    7.5000   45.000011587.1436   18.2884
   -7.5000   15.0000   45.000010838.5098   18.4953
    0.0000   15.0000   45.000011342.6572   18.4856
    7.5000   15.0000   45.000010857.8457   18.4705
   -7.5000   22.5000   45.000010243.2930   18.9256
    0.0000   22.5000   45.000010715.9297   18.9158
    7.5000   22.5000   45.000010259.5820   18.9008
   -7.5000   30.0000   45.0000 9669.0410   19.1777
    0.0000   30.0000   45.000010098.4727   19.1665
    7.5000   30.0000   45.0000 9643.3115   19.1492
   -7.5000   37.5000   45.0000 9379.2344   19.7327
    0.0000   37.5000   45.0000 9804.6055   19.7176
    7.5000   37.5000   45.0000 9350.6455   19.6979
   -7.5000   45.0000   45.0000 8755.5195   19.9031
    0.0000   45.0000   45.0000 9158.3359   19.8837
    7.5000   45.0000   45.0000 8738.2305   19.8642

---------------------------------------------------------------------
imgreg_4dfp /opt/freesurfer/average/711-2C_as_mni_average_305 /opt/freesurfer/average/711-2B_as_mni_average_305_mask talsrcimg_g11 none talsrcimg_to_711-2C_as_mni_average_305_t4 4355
---------------------------------------------------------------------

freesurfer imgreg_4dfp.c
/opt/freesurfer/average/711-2C_as_mni_average_305.4dfp.img
       256       256       256         1
  1.000000  1.000000  1.000000
orientation T byte_order littleendian
Reading image: /opt/freesurfer/average/711-2C_as_mni_average_305.4dfp.img
dimensions:      256       256       256
mmppix:       1.0000   -1.0000   -1.0000
center:     128.0000 -129.0000 -129.0000
/opt/freesurfer/average/711-2B_as_mni_average_305_mask.4dfp.img
       256       256       256         1
  1.000000  1.000000  1.000000
orientation T byte_order littleendian
Reading mask: /opt/freesurfer/average/711-2B_as_mni_average_305_mask.4dfp.img (2306576 pixels)
talsrcimg_g11.4dfp.img
       256       256       256         1
  1.000000  1.000000  1.000000
orientation T byte_order littleendian
Reading image: talsrcimg_g11.4dfp.img
dimensions:      256       256       256
mmppix:       1.0000   -1.0000   -1.0000
center:     128.0000 -129.0000 -129.0000
rotation matrix determinant  1.000000
image alignment mode   4355 decimal     1103 hex
   -7.5000  -45.0000  -45.0000 2222.6545   21.8846
    0.0000  -45.0000  -45.0000 2241.9355   21.5958
    7.5000  -45.0000  -45.0000 2244.5044   21.6089
   -7.5000  -37.5000  -45.0000 2244.5579   21.2747
    0.0000  -37.5000  -45.0000 2266.6790   20.9590
    7.5000  -37.5000  -45.0000 2262.1108   21.0218
   -7.5000  -30.0000  -45.0000 2276.8306   20.7368
    0.0000  -30.0000  -45.0000 2297.4500   20.4697
    7.5000  -30.0000  -45.0000 2291.1768   20.5371
   -7.5000  -22.5000  -45.0000 2305.7493   20.3309
    0.0000  -22.5000  -45.0000 2333.6968   20.0818
    7.5000  -22.5000  -45.0000 2320.7668   20.1487
   -7.5000  -15.0000  -45.0000 2317.1646   19.9712
    0.0000  -15.0000  -45.0000 2347.0671   19.7611
    7.5000  -15.0000  -45.0000 2336.7922   19.8949
   -7.5000   -7.5000  -45.0000 2327.4299   19.7120
    0.0000   -7.5000  -45.0000 2354.7246   19.5037
    7.5000   -7.5000  -45.0000 2345.3774   19.6605
   -7.5000    0.0000  -45.0000 2322.5454   19.5634
    0.0000    0.0000  -45.0000 2346.3225   19.3479
    7.5000    0.0000  -45.0000 2330.9385   19.4432
   -7.5000    7.5000  -45.0000 2322.4299   19.4226
    0.0000    7.5000  -45.0000 2343.4421   19.2019
    7.5000    7.5000  -45.0000 2331.6223   19.2597
   -7.5000   15.0000  -45.0000 2317.6975   19.6878
    0.0000   15.0000  -45.0000 2338.8201   19.4062
    7.5000   15.0000  -45.0000 2323.9541   19.5084
   -7.5000   22.5000  -45.0000 2292.0625   20.2391
    0.0000   22.5000  -45.0000 2321.2195   19.9995
    7.5000   22.5000  -45.0000 2301.7949   20.1287
   -7.5000   30.0000  -45.0000 2252.9646   21.1815
    0.0000   30.0000  -45.0000 2285.9966   20.9339
    7.5000   30.0000  -45.0000 2265.9910   21.0361
   -7.5000   37.5000  -45.0000 2198.4348   22.4252
    0.0000   37.5000  -45.0000 2221.4656   22.1871
    7.5000   37.5000  -45.0000 2203.2949   22.3327
   -7.5000   45.0000  -45.0000 2114.8145   24.0613
    0.0000   45.0000  -45.0000 2139.4885   23.8438
    7.5000   45.0000  -45.0000 2118.7205   24.0180
   -7.5000  -45.0000  -37.5000 2313.0327   20.2047
    0.0000  -45.0000  -37.5000 2346.0747   19.8994
    7.5000  -45.0000  -37.5000 2345.4072   19.9402
   -7.5000  -37.5000  -37.5000 2341.3867   19.6114
    0.0000  -37.5000  -37.5000 2373.4673   19.3264
    7.5000  -37.5000  -37.5000 2366.7756   19.3679
   -7.5000  -30.0000  -37.5000 2373.6541   19.1370
    0.0000  -30.0000  -37.5000 2403.9646   18.9056
    7.5000  -30.0000  -37.5000 2397.3855   18.9404
   -7.5000  -22.5000  -37.5000 2401.0098   18.7494
    0.0000  -22.5000  -37.5000 2427.3286   18.5160
    7.5000  -22.5000  -37.5000 2424.9778   18.5916
   -7.5000  -15.0000  -37.5000 2416.6296   18.3950
    0.0000  -15.0000  -37.5000 2445.8562   18.1717
    7.5000  -15.0000  -37.5000 2439.9319   18.2711
   -7.5000   -7.5000  -37.5000 2427.1682   18.1403
    0.0000   -7.5000  -37.5000 2452.7700   17.9343
    7.5000   -7.5000  -37.5000 2444.0146   18.0778
   -7.5000    0.0000  -37.5000 2428.1016   18.0158
    0.0000    0.0000  -37.5000 2449.8130   17.8045
    7.5000    0.0000  -37.5000 2435.3833   17.9736
   -7.5000    7.5000  -37.5000 2426.0701   17.9715
    0.0000    7.5000  -37.5000 2448.8916   17.7688
    7.5000    7.5000  -37.5000 2432.9475   17.9194
   -7.5000   15.0000  -37.5000 2419.8813   18.1851
    0.0000   15.0000  -37.5000 2441.7905   17.9579
    7.5000   15.0000  -37.5000 2425.9797   18.1457
   -7.5000   22.5000  -37.5000 2395.7278   18.7441
    0.0000   22.5000  -37.5000 2425.4612   18.5031
    7.5000   22.5000  -37.5000 2404.6409   18.6758
   -7.5000   30.0000  -37.5000 2354.6594   19.5751
    0.0000   30.0000  -37.5000 2387.8621   19.3265
    7.5000   30.0000  -37.5000 2367.9395   19.5047
   -7.5000   37.5000  -37.5000 2297.1724   20.7151
    0.0000   37.5000  -37.5000 2322.4741   20.4760
    7.5000   37.5000  -37.5000 2301.4656   20.6617
   -7.5000   45.0000  -37.5000 2211.2458   22.2141
    0.0000   45.0000  -37.5000 2236.5903   21.9813
    7.5000   45.0000  -37.5000 2215.0461   22.1759
   -7.5000  -45.0000  -30.0000 2448.4895   19.4051
    0.0000  -45.0000  -30.0000 2485.4131   19.1508
    7.5000  -45.0000  -30.0000 2484.7119   19.1243
   -7.5000  -37.5000  -30.0000 2479.3384   18.8384
    0.0000  -37.5000  -30.0000 2509.5928   18.5736
    7.5000  -37.5000  -30.0000 2513.4919   18.6540
   -7.5000  -30.0000  -30.0000 2507.9968   18.3713
    0.0000  -30.0000  -30.0000 2536.9404   18.1024
    7.5000  -30.0000  -30.0000 2532.7935   18.1417
   -7.5000  -22.5000  -30.0000 2534.7498   17.9073
    0.0000  -22.5000  -30.0000 2559.5544   17.6390
    7.5000  -22.5000  -30.0000 2554.8149   17.7287
   -7.5000  -15.0000  -30.0000 2551.1311   17.5637
    0.0000  -15.0000  -30.0000 2578.7971   17.3187
    7.5000  -15.0000  -30.0000 2572.3711   17.4101
   -7.5000   -7.5000  -30.0000 2561.0801   17.2686
    0.0000   -7.5000  -30.0000 2586.6631   17.0918
    7.5000   -7.5000  -30.0000 2580.2188   17.2400
   -7.5000    0.0000  -30.0000 2575.0085   17.1565
    0.0000    0.0000  -30.0000 2597.0586   16.9841
    7.5000    0.0000  -30.0000 2583.6655   17.1490
   -7.5000    7.5000  -30.0000 2577.1548   17.1603
    0.0000    7.5000  -30.0000 2605.5251   16.9983
    7.5000    7.5000  -30.0000 2583.2622   17.1822
   -7.5000   15.0000  -30.0000 2573.0308   17.4136
    0.0000   15.0000  -30.0000 2598.1858   17.1939
    7.5000   15.0000  -30.0000 2576.3145   17.3818
   -7.5000   22.5000  -30.0000 2546.3381   17.9400
    0.0000   22.5000  -30.0000 2581.1140   17.7126
    7.5000   22.5000  -30.0000 2559.2646   17.9257
   -7.5000   30.0000  -30.0000 2505.3823   18.7452
    0.0000   30.0000  -30.0000 2538.9460   18.5167
    7.5000   30.0000  -30.0000 2512.9541   18.7202
   -7.5000   37.5000  -30.0000 2441.3330   19.8532
    0.0000   37.5000  -30.0000 2469.4009   19.6415
    7.5000   37.5000  -30.0000 2442.9192   19.8170
   -7.5000   45.0000  -30.0000 2345.3940   21.3234
    0.0000   45.0000  -30.0000 2368.3354   21.1038
    7.5000   45.0000  -30.0000 2345.3840   21.2525
   -7.5000  -45.0000  -22.5000 2543.8882   18.5998
    0.0000  -45.0000  -22.5000 2576.5847   18.2604
    7.5000  -45.0000  -22.5000 2583.4958   18.2951
   -7.5000  -37.5000  -22.5000 2576.4929   18.0328
    0.0000  -37.5000  -22.5000 2607.1821   17.7489
    7.5000  -37.5000  -22.5000 2612.0708   17.8010
   -7.5000  -30.0000  -22.5000 2603.8579   17.5052
    0.0000  -30.0000  -22.5000 2637.9023   17.2486
    7.5000  -30.0000  -22.5000 2631.2607   17.3018
   -7.5000  -22.5000  -22.5000 2627.9880   16.9495
    0.0000  -22.5000  -22.5000 2660.3354   16.7197
    7.5000  -22.5000  -22.5000 2654.7041   16.8162
   -7.5000  -15.0000  -22.5000 2650.1724   16.5833
    0.0000  -15.0000  -22.5000 2681.3911   16.3892
    7.5000  -15.0000  -22.5000 2675.2834   16.5168
   -7.5000   -7.5000  -22.5000 2668.5784   16.3577
    0.0000   -7.5000  -22.5000 2696.6799   16.1736
    7.5000   -7.5000  -22.5000 2685.9202   16.3062
   -7.5000    0.0000  -22.5000 2684.7380   16.2136
    0.0000    0.0000  -22.5000 2717.0564   16.0586
    7.5000    0.0000  -22.5000 2697.7876   16.1686
   -7.5000    7.5000  -22.5000 2701.3120   16.2709
    0.0000    7.5000  -22.5000 2731.8572   16.0721
    7.5000    7.5000  -22.5000 2707.3042   16.2312
   -7.5000   15.0000  -22.5000 2701.4504   16.5044
    0.0000   15.0000  -22.5000 2731.4319   16.3379
    7.5000   15.0000  -22.5000 2701.9783   16.4802
   -7.5000   22.5000  -22.5000 2681.4307   17.0526
    0.0000   22.5000  -22.5000 2716.0757   16.8380
    7.5000   22.5000  -22.5000 2693.8792   16.9832
   -7.5000   30.0000  -22.5000 2636.2913   17.8071
    0.0000   30.0000  -22.5000 2668.4500   17.5763
    7.5000   30.0000  -22.5000 2639.5791   17.7281
   -7.5000   37.5000  -22.5000 2562.7566   18.8604
    0.0000   37.5000  -22.5000 2589.4377   18.6483
    7.5000   37.5000  -22.5000 2558.9426   18.7720
   -7.5000   45.0000  -22.5000 2454.6582   20.3138
    0.0000   45.0000  -22.5000 2473.0029   20.0976
    7.5000   45.0000  -22.5000 2450.8403   20.2451
   -7.5000  -45.0000  -15.0000 2591.2080   17.8892
    0.0000  -45.0000  -15.0000 2624.8076   17.5321
    7.5000  -45.0000  -15.0000 2632.3108   17.5608
   -7.5000  -37.5000  -15.0000 2626.1982   17.3041
    0.0000  -37.5000  -15.0000 2664.7397   16.9960
    7.5000  -37.5000  -15.0000 2667.4993   16.9844
   -7.5000  -30.0000  -15.0000 2652.7017   16.7105
    0.0000  -30.0000  -15.0000 2694.6650   16.4411
    7.5000  -30.0000  -15.0000 2687.3708   16.4472
   -7.5000  -22.5000  -15.0000 2683.5776   16.1575
    0.0000  -22.5000  -15.0000 2714.6226   15.9229
    7.5000  -22.5000  -15.0000 2714.8684   15.9971
   -7.5000  -15.0000  -15.0000 2715.1489   15.7629
    0.0000  -15.0000  -15.0000 2743.1787   15.5782
    7.5000  -15.0000  -15.0000 2738.6458   15.6549
   -7.5000   -7.5000  -15.0000 2746.5952   15.4819
    0.0000   -7.5000  -15.0000 2773.8047   15.2999
    7.5000   -7.5000  -15.0000 2764.9829   15.4395
   -7.5000    0.0000  -15.0000 2766.4790   15.3721
    0.0000    0.0000  -15.0000 2795.9417   15.1665
    7.5000    0.0000  -15.0000 2781.1060   15.3123
   -7.5000    7.5000  -15.0000 2792.5610   15.4087
    0.0000    7.5000  -15.0000 2827.5618   15.2018
    7.5000    7.5000  -15.0000 2801.7654   15.3558
   -7.5000   15.0000  -15.0000 2802.8157   15.6777
    0.0000   15.0000  -15.0000 2832.9309   15.5028
    7.5000   15.0000  -15.0000 2799.0830   15.6330
   -7.5000   22.5000  -15.0000 2780.1372   16.1797
    0.0000   22.5000  -15.0000 2818.6182   16.0072
    7.5000   22.5000  -15.0000 2792.3384   16.1304
   -7.5000   30.0000  -15.0000 2723.6284   16.8997
    0.0000   30.0000  -15.0000 2760.3137   16.7039
    7.5000   30.0000  -15.0000 2734.1257   16.8442
   -7.5000   37.5000  -15.0000 2642.7402   17.9180
    0.0000   37.5000  -15.0000 2669.6909   17.7142
    7.5000   37.5000  -15.0000 2642.8254   17.8637
   -7.5000   45.0000  -15.0000 2531.4438   19.3796
    0.0000   45.0000  -15.0000 2554.3333   19.1494
    7.5000   45.0000  -15.0000 2525.5007   19.3468
   -7.5000  -45.0000   -7.5000 2621.7119   17.3633
    0.0000  -45.0000   -7.5000 2656.6436   16.9635
    7.5000  -45.0000   -7.5000 2666.4580   17.0019
   -7.5000  -37.5000   -7.5000 2650.1328   16.7352
    0.0000  -37.5000   -7.5000 2691.4526   16.3718
    7.5000  -37.5000   -7.5000 2690.4297   16.3760
   -7.5000  -30.0000   -7.5000 2680.1274   16.1021
    0.0000  -30.0000   -7.5000 2723.0134   15.7924
    7.5000  -30.0000   -7.5000 2720.5337   15.8257
   -7.5000  -22.5000   -7.5000 2717.6860   15.5219
    0.0000  -22.5000   -7.5000 2747.6230   15.2665
    7.5000  -22.5000   -7.5000 2745.2893   15.3167
   -7.5000  -15.0000   -7.5000 2755.5640   15.1183
    0.0000  -15.0000   -7.5000 2780.8938   14.9131
    7.5000  -15.0000   -7.5000 2776.0222   14.9527
   -7.5000   -7.5000   -7.5000 2795.4495   14.8347
    0.0000   -7.5000   -7.5000 2820.4045   14.6575
    7.5000   -7.5000   -7.5000 2813.8933   14.7217
   -7.5000    0.0000   -7.5000 2832.0642   14.7436
    0.0000    0.0000   -7.5000 2862.1274   14.5620
    7.5000    0.0000   -7.5000 2848.1277   14.6461
   -7.5000    7.5000   -7.5000 2861.6216   14.7826
    0.0000    7.5000   -7.5000 2905.2441   14.5996
    7.5000    7.5000   -7.5000 2872.7029   14.7245
   -7.5000   15.0000   -7.5000 2874.4810   15.0579
    0.0000   15.0000   -7.5000 2919.9397   14.8491
    7.5000   15.0000   -7.5000 2875.3982   15.0068
   -7.5000   22.5000   -7.5000 2850.2759   15.5102
    0.0000   22.5000   -7.5000 2893.3523   15.3255
    7.5000   22.5000   -7.5000 2855.4421   15.4723
   -7.5000   30.0000   -7.5000 2792.0764   16.1793
    0.0000   30.0000   -7.5000 2827.9871   15.9876
    7.5000   30.0000   -7.5000 2798.5305   16.1394
   -7.5000   37.5000   -7.5000 2701.1753   17.1881
    0.0000   37.5000   -7.5000 2729.4163   16.9483
    7.5000   37.5000   -7.5000 2702.9226   17.1229
   -7.5000   45.0000   -7.5000 2579.6499   18.6767
    0.0000   45.0000   -7.5000 2603.0693   18.3961
    7.5000   45.0000   -7.5000 2575.6267   18.6030
   -7.5000  -45.0000    0.0000 2639.2192   17.0790
    0.0000  -45.0000    0.0000 2669.9395   16.6862
    7.5000  -45.0000    0.0000 2680.1895   16.6855
   -7.5000  -37.5000    0.0000 2660.6438   16.3875
    0.0000  -37.5000    0.0000 2694.7100   16.0661
    7.5000  -37.5000    0.0000 2698.1746   16.0765
   -7.5000  -30.0000    0.0000 2685.3550   15.7425
    0.0000  -30.0000    0.0000 2716.8037   15.4360
    7.5000  -30.0000    0.0000 2717.8264   15.4617
   -7.5000  -22.5000    0.0000 2722.8733   15.1703
    0.0000  -22.5000    0.0000 2750.9861   14.8995
    7.5000  -22.5000    0.0000 2750.7434   14.9048
   -7.5000  -15.0000    0.0000 2770.1802   14.7064
    0.0000  -15.0000    0.0000 2793.6597   14.4997
    7.5000  -15.0000    0.0000 2787.4829   14.5293
   -7.5000   -7.5000    0.0000 2820.7476   14.4696
    0.0000   -7.5000    0.0000 2845.3406   14.3314
    7.5000   -7.5000    0.0000 2834.8560   14.3509
   -7.5000    0.0000    0.0000 2869.0879   14.4186
    0.0000    0.0000    0.0000 2903.9983   14.3320
    7.5000    0.0000    0.0000 2887.7480   14.3422
   -7.5000    7.5000    0.0000 2914.0037   14.5220
    0.0000    7.5000    0.0000 2965.2568   14.5056
    7.5000    7.5000    0.0000 2931.9739   14.4740
   -7.5000   15.0000    0.0000 2931.1719   14.7251
    0.0000   15.0000    0.0000 2995.0942   14.6640
    7.5000   15.0000    0.0000 2935.7678   14.6784
   -7.5000   22.5000    0.0000 2895.2666   15.1016
    0.0000   22.5000    0.0000 2943.8269   14.9899
    7.5000   22.5000    0.0000 2891.7031   15.0872
   -7.5000   30.0000    0.0000 2825.1350   15.7260
    0.0000   30.0000    0.0000 2859.6399   15.5427
    7.5000   30.0000    0.0000 2826.8826   15.6735
   -7.5000   37.5000    0.0000 2731.8162   16.7257
    0.0000   37.5000    0.0000 2760.0186   16.5321
    7.5000   37.5000    0.0000 2730.1775   16.6618
   -7.5000   45.0000    0.0000 2606.1484   18.2182
    0.0000   45.0000    0.0000 2632.1362   18.0146
    7.5000   45.0000    0.0000 2602.1199   18.1115
   -7.5000  -45.0000    7.5000 2641.0901   17.1231
    0.0000  -45.0000    7.5000 2672.6074   16.6828
    7.5000  -45.0000    7.5000 2678.6599   16.7093
   -7.5000  -37.5000    7.5000 2653.1184   16.3677
    0.0000  -37.5000    7.5000 2683.4712   15.9712
    7.5000  -37.5000    7.5000 2686.7988   16.0359
   -7.5000  -30.0000    7.5000 2679.1824   15.6968
    0.0000  -30.0000    7.5000 2699.8293   15.3095
    7.5000  -30.0000    7.5000 2705.9370   15.3842
   -7.5000  -22.5000    7.5000 2717.2222   15.1087
    0.0000  -22.5000    7.5000 2742.6418   14.7932
    7.5000  -22.5000    7.5000 2739.0903   14.8508
   -7.5000  -15.0000    7.5000 2766.9502   14.6566
    0.0000  -15.0000    7.5000 2794.0557   14.4423
    7.5000  -15.0000    7.5000 2778.6326   14.4651
   -7.5000   -7.5000    7.5000 2824.9819   14.4101
    0.0000   -7.5000    7.5000 2853.4619   14.3067
    7.5000   -7.5000    7.5000 2834.7009   14.2839
   -7.5000    0.0000    7.5000 2885.9910   14.3469
    0.0000    0.0000    7.5000 2932.8782   14.3408
    7.5000    0.0000    7.5000 2899.7261   14.2732
   -7.5000    7.5000    7.5000 2938.9321   14.4648
    0.0000    7.5000    7.5000 3001.3193   14.5624
    7.5000    7.5000    7.5000 2962.1389   14.4502
   -7.5000   15.0000    7.5000 2948.0188   14.6004
    0.0000   15.0000    7.5000 3027.6694   14.6077
    7.5000   15.0000    7.5000 2964.2703   14.6036
   -7.5000   22.5000    7.5000 2909.2268   14.9531
    0.0000   22.5000    7.5000 2962.0820   14.7904
    7.5000   22.5000    7.5000 2909.0193   14.9453
   -7.5000   30.0000    7.5000 2832.1279   15.5974
    0.0000   30.0000    7.5000 2862.5068   15.4102
    7.5000   30.0000    7.5000 2828.2524   15.5620
   -7.5000   37.5000    7.5000 2734.2261   16.5815
    0.0000   37.5000    7.5000 2759.8843   16.3925
    7.5000   37.5000    7.5000 2731.3750   16.5108
   -7.5000   45.0000    7.5000 2610.3682   18.0706
    0.0000   45.0000    7.5000 2635.2058   17.8269
    7.5000   45.0000    7.5000 2609.9902   17.9459
   -7.5000  -45.0000   15.0000 2610.1655   17.3738
    0.0000  -45.0000   15.0000 2652.7107   16.8970
    7.5000  -45.0000   15.0000 2658.8428   16.9780
   -7.5000  -37.5000   15.0000 2626.6648   16.6359
    0.0000  -37.5000   15.0000 2658.8252   16.1937
    7.5000  -37.5000   15.0000 2662.9285   16.2787
   -7.5000  -30.0000   15.0000 2653.5581   15.9360
    0.0000  -30.0000   15.0000 2679.1882   15.5640
    7.5000  -30.0000   15.0000 2677.8647   15.5969
   -7.5000  -22.5000   15.0000 2691.4385   15.3089
    0.0000  -22.5000   15.0000 2717.4641   15.0307
    7.5000  -22.5000   15.0000 2710.0684   15.0836
   -7.5000  -15.0000   15.0000 2741.3989   14.8539
    0.0000  -15.0000   15.0000 2762.5500   14.6162
    7.5000  -15.0000   15.0000 2747.5288   14.6823
   -7.5000   -7.5000   15.0000 2802.7534   14.5829
    0.0000   -7.5000   15.0000 2833.8877   14.3841
    7.5000   -7.5000   15.0000 2810.4690   14.4694
   -7.5000    0.0000   15.0000 2864.8818   14.4903
    0.0000    0.0000   15.0000 2911.3164   14.3293
    7.5000    0.0000   15.0000 2880.3176   14.4380
   -7.5000    7.5000   15.0000 2926.3713   14.5165
    0.0000    7.5000   15.0000 2983.9768   14.3835
    7.5000    7.5000   15.0000 2947.4963   14.4944
   -7.5000   15.0000   15.0000 2933.6792   14.6378
    0.0000   15.0000   15.0000 3001.7380   14.4220
    7.5000   15.0000   15.0000 2948.2244   14.6558
   -7.5000   22.5000   15.0000 2890.9375   15.1034
    0.0000   22.5000   15.0000 2942.4050   14.8497
    7.5000   22.5000   15.0000 2897.3840   15.0653
   -7.5000   30.0000   15.0000 2803.5361   15.8469
    0.0000   30.0000   15.0000 2837.8669   15.6371
    7.5000   30.0000   15.0000 2802.0569   15.7528
   -7.5000   37.5000   15.0000 2704.3284   16.8541
    0.0000   37.5000   15.0000 2728.1487   16.6192
    7.5000   37.5000   15.0000 2697.8955   16.7088
   -7.5000   45.0000   15.0000 2585.7324   18.2437
    0.0000   45.0000   15.0000 2600.9880   17.9959
    7.5000   45.0000   15.0000 2582.9307   18.0897
   -7.5000  -45.0000   22.5000 2558.8403   17.8905
    0.0000  -45.0000   22.5000 2605.5708   17.4059
    7.5000  -45.0000   22.5000 2607.7817   17.4751
   -7.5000  -37.5000   22.5000 2585.6233   17.1358
    0.0000  -37.5000   22.5000 2623.7590   16.6728
    7.5000  -37.5000   22.5000 2622.6528   16.7495
   -7.5000  -30.0000   22.5000 2616.1631   16.3692
    0.0000  -30.0000   22.5000 2649.4507   15.9605
    7.5000  -30.0000   22.5000 2642.8237   16.0833
   -7.5000  -22.5000   22.5000 2654.5371   15.7269
    0.0000  -22.5000   22.5000 2684.8320   15.3782
    7.5000  -22.5000   22.5000 2675.9138   15.4925
   -7.5000  -15.0000   22.5000 2703.2932   15.2411
    0.0000  -15.0000   22.5000 2729.8794   14.9078
    7.5000  -15.0000   22.5000 2721.1528   15.0701
   -7.5000   -7.5000   22.5000 2768.3611   14.9313
    0.0000   -7.5000   22.5000 2795.9524   14.6417
    7.5000   -7.5000   22.5000 2776.7568   14.8125
   -7.5000    0.0000   22.5000 2826.9861   14.8092
    0.0000    0.0000   22.5000 2860.0642   14.5612
    7.5000    0.0000   22.5000 2833.2495   14.7389
   -7.5000    7.5000   22.5000 2876.8088   14.8330
    0.0000    7.5000   22.5000 2918.9631   14.5771
    7.5000    7.5000   22.5000 2885.8325   14.7886
   -7.5000   15.0000   22.5000 2883.4265   14.9782
    0.0000   15.0000   22.5000 2930.3240   14.7044
    7.5000   15.0000   22.5000 2886.3997   14.9345
   -7.5000   22.5000   22.5000 2848.1204   15.4511
    0.0000   22.5000   22.5000 2893.8708   15.2072
    7.5000   22.5000   22.5000 2854.1284   15.3946
   -7.5000   30.0000   22.5000 2761.7314   16.2606
    0.0000   30.0000   22.5000 2791.6138   15.9859
    7.5000   30.0000   22.5000 2762.6504   16.1479
   -7.5000   37.5000   22.5000 2662.5354   17.3112
    0.0000   37.5000   22.5000 2684.3884   17.0292
    7.5000   37.5000   22.5000 2656.8865   17.1647
   -7.5000   45.0000   22.5000 2543.6006   18.6416
    0.0000   45.0000   22.5000 2559.5632   18.3881
    7.5000   45.0000   22.5000 2540.0510   18.4925
   -7.5000  -45.0000   30.0000 2497.0232   18.4869
    0.0000  -45.0000   30.0000 2535.2556   17.9490
    7.5000  -45.0000   30.0000 2536.9307   18.0350
   -7.5000  -37.5000   30.0000 2530.9846   17.6718
    0.0000  -37.5000   30.0000 2569.3008   17.1542
    7.5000  -37.5000   30.0000 2568.4146   17.2578
   -7.5000  -30.0000   30.0000 2570.4551   16.8899
    0.0000  -30.0000   30.0000 2607.6116   16.4009
    7.5000  -30.0000   30.0000 2595.8516   16.5615
   -7.5000  -22.5000   30.0000 2614.1931   16.2784
    0.0000  -22.5000   30.0000 2646.7703   15.8226
    7.5000  -22.5000   30.0000 2633.6230   15.9966
   -7.5000  -15.0000   30.0000 2658.8752   15.7807
    0.0000  -15.0000   30.0000 2694.5208   15.4041
    7.5000  -15.0000   30.0000 2677.8162   15.5822
   -7.5000   -7.5000   30.0000 2714.8044   15.4804
    0.0000   -7.5000   30.0000 2745.8711   15.1475
    7.5000   -7.5000   30.0000 2726.3577   15.3092
   -7.5000    0.0000   30.0000 2769.0984   15.3612
    0.0000    0.0000   30.0000 2796.2822   15.0215
    7.5000    0.0000   30.0000 2777.3059   15.2331
   -7.5000    7.5000   30.0000 2804.4148   15.3835
    0.0000    7.5000   30.0000 2838.7852   15.0398
    7.5000    7.5000   30.0000 2809.1934   15.2633
   -7.5000   15.0000   30.0000 2806.1355   15.5884
    0.0000   15.0000   30.0000 2839.3530   15.3017
    7.5000   15.0000   30.0000 2802.8657   15.4887
   -7.5000   22.5000   30.0000 2775.2922   16.0709
    0.0000   22.5000   30.0000 2814.5510   15.8213
    7.5000   22.5000   30.0000 2775.8560   15.9856
   -7.5000   30.0000   30.0000 2696.8176   16.8661
    0.0000   30.0000   30.0000 2724.8164   16.6131
    7.5000   30.0000   30.0000 2693.7964   16.7733
   -7.5000   37.5000   30.0000 2603.7852   17.8919
    0.0000   37.5000   30.0000 2624.8965   17.5874
    7.5000   37.5000   30.0000 2603.3218   17.7799
   -7.5000   45.0000   30.0000 2490.3857   19.2191
    0.0000   45.0000   30.0000 2511.0906   18.9411
    7.5000   45.0000   30.0000 2490.5862   19.1066
   -7.5000  -45.0000   37.5000 2443.1694   19.2655
    0.0000  -45.0000   37.5000 2470.5681   18.7019
    7.5000  -45.0000   37.5000 2478.1646   18.7316
   -7.5000  -37.5000   37.5000 2483.6343   18.4164
    0.0000  -37.5000   37.5000 2511.8616   17.8376
    7.5000  -37.5000   37.5000 2511.7458   17.9407
   -7.5000  -30.0000   37.5000 2527.9109   17.6808
    0.0000  -30.0000   37.5000 2559.3965   17.1520
    7.5000  -30.0000   37.5000 2545.2803   17.2818
   -7.5000  -22.5000   37.5000 2570.1533   17.0402
    0.0000  -22.5000   37.5000 2604.2419   16.5693
    7.5000  -22.5000   37.5000 2587.7422   16.7168
   -7.5000  -15.0000   37.5000 2610.6892   16.5598
    0.0000  -15.0000   37.5000 2642.3298   16.1550
    7.5000  -15.0000   37.5000 2623.7932   16.2999
   -7.5000   -7.5000   37.5000 2658.9768   16.2951
    0.0000   -7.5000   37.5000 2692.5850   15.9372
    7.5000   -7.5000   37.5000 2668.3301   16.0950
   -7.5000    0.0000   37.5000 2701.0767   16.1794
    0.0000    0.0000   37.5000 2733.9807   15.8329
    7.5000    0.0000   37.5000 2707.0737   16.0024
   -7.5000    7.5000   37.5000 2721.8433   16.2152
    0.0000    7.5000   37.5000 2754.8391   15.8552
    7.5000    7.5000   37.5000 2724.4546   16.0684
   -7.5000   15.0000   37.5000 2712.2439   16.4661
    0.0000   15.0000   37.5000 2741.2188   16.1407
    7.5000   15.0000   37.5000 2711.0947   16.3098
   -7.5000   22.5000   37.5000 2681.7126   16.9605
    0.0000   22.5000   37.5000 2717.1348   16.6712
    7.5000   22.5000   37.5000 2682.3455   16.8196
   -7.5000   30.0000   37.5000 2615.0920   17.7662
    0.0000   30.0000   37.5000 2643.2571   17.4515
    7.5000   30.0000   37.5000 2615.9700   17.6011
   -7.5000   37.5000   37.5000 2531.4856   18.7553
    0.0000   37.5000   37.5000 2553.7114   18.4267
    7.5000   37.5000   37.5000 2532.9377   18.5898
   -7.5000   45.0000   37.5000 2427.6858   20.0683
    0.0000   45.0000   37.5000 2451.8530   19.7626
    7.5000   45.0000   37.5000 2425.6138   19.9045
   -7.5000  -45.0000   45.0000 2381.8948   20.3488
    0.0000  -45.0000   45.0000 2414.4043   19.7671
    7.5000  -45.0000   45.0000 2417.7852   19.7782
   -7.5000  -37.5000   45.0000 2426.6113   19.4024
    0.0000  -37.5000   45.0000 2457.7754   18.8241
    7.5000  -37.5000   45.0000 2452.5212   18.9260
   -7.5000  -30.0000   45.0000 2470.1538   18.6562
    0.0000  -30.0000   45.0000 2503.2974   18.1437
    7.5000  -30.0000   45.0000 2488.6423   18.2542
   -7.5000  -22.5000   45.0000 2514.8821   18.0476
    0.0000  -22.5000   45.0000 2546.3921   17.5779
    7.5000  -22.5000   45.0000 2529.8372   17.6828
   -7.5000  -15.0000   45.0000 2552.4409   17.6077
    0.0000  -15.0000   45.0000 2581.1262   17.1678
    7.5000  -15.0000   45.0000 2557.7407   17.3047
   -7.5000   -7.5000   45.0000 2586.1741   17.3110
    0.0000   -7.5000   45.0000 2617.4924   16.9546
    7.5000   -7.5000   45.0000 2590.5801   17.1095
   -7.5000    0.0000   45.0000 2613.6960   17.2533
    0.0000    0.0000   45.0000 2642.5977   16.9134
    7.5000    0.0000   45.0000 2614.8953   17.0780
   -7.5000    7.5000   45.0000 2626.3372   17.3208
    0.0000    7.5000   45.0000 2651.2585   17.0193
    7.5000    7.5000   45.0000 2623.4568   17.1783
   -7.5000   15.0000   45.0000 2608.5496   17.5979
    0.0000   15.0000   45.0000 2634.4436   17.3283
    7.5000   15.0000   45.0000 2608.1021   17.4472
   -7.5000   22.5000   45.0000 2579.7988   18.1091
    0.0000   22.5000   45.0000 2609.8269   17.8478
    7.5000   22.5000   45.0000 2580.1453   17.9639
   -7.5000   30.0000   45.0000 2529.7268   18.8843
    0.0000   30.0000   45.0000 2557.1289   18.5673
    7.5000   30.0000   45.0000 2525.0132   18.7313
   -7.5000   37.5000   45.0000 2450.6963   19.9111
    0.0000   37.5000   45.0000 2477.3755   19.5723
    7.5000   37.5000   45.0000 2448.9792   19.7195
   -7.5000   45.0000   45.0000 2350.0232   21.2127
    0.0000   45.0000   45.0000 2370.0586   20.9331
    7.5000   45.0000   45.0000 2348.7061   21.0197

---------------------------------------------------------------------
imgreg_4dfp /opt/freesurfer/average/711-2C_as_mni_average_305 /opt/freesurfer/average/711-2B_as_mni_average_305_mask talsrcimg_g11 none talsrcimg_to_711-2C_as_mni_average_305_t4 1283
---------------------------------------------------------------------

freesurfer imgreg_4dfp.c
/opt/freesurfer/average/711-2C_as_mni_average_305.4dfp.img
       256       256       256         1
  1.000000  1.000000  1.000000
orientation T byte_order littleendian
Reading image: /opt/freesurfer/average/711-2C_as_mni_average_305.4dfp.img
dimensions:      256       256       256
mmppix:       1.0000   -1.0000   -1.0000
center:     128.0000 -129.0000 -129.0000
/opt/freesurfer/average/711-2B_as_mni_average_305_mask.4dfp.img
       256       256       256         1
  1.000000  1.000000  1.000000
orientation T byte_order littleendian
Reading mask: /opt/freesurfer/average/711-2B_as_mni_average_305_mask.4dfp.img (2306576 pixels)
talsrcimg_g11.4dfp.img
       256       256       256         1
  1.000000  1.000000  1.000000
orientation T byte_order littleendian
Reading image: talsrcimg_g11.4dfp.img
dimensions:      256       256       256
mmppix:       1.0000   -1.0000   -1.0000
center:     128.0000 -129.0000 -129.0000
rotation matrix determinant  1.000000
fimgreg.f
image alignment mode   1283 decimal      503 hex
parameters
    0.0000   15.0000    7.5000    0.0000    0.0000    0.0000
eta,q 0.94943 14.63140
niter,ni,del,rscale     5    3   12.0000    1.2000
parameter  4  1.539866 ->  0.500000 qaram    1.1500
parameters
    0.5682   12.9750    8.5305   -3.4500    2.1557    0.7809
eta,q 0.95932 14.56561
  0.0697  0.0534  0.0570  0.0415  0.0596  0.0507
  0.0614  0.0492  0.0534  0.0423  0.0522  0.0468
  0.0542  0.0483  0.0511  0.0443  0.0466  0.0430
  0.0509  0.0503  0.0482  0.0469  0.0427  0.0409
  0.0516  0.0536  0.0465  0.0509  0.0409  0.0411
  0.0569  0.0576  0.0490  0.0546  0.0419  0.0434
  0.0642  0.0635  0.0537  0.0584  0.0459  0.0472
niter,ni,del,rscale     5    3   12.0000    1.2000
parameter  4  0.507633 ->  0.500000 qaram    1.3225
parameters
    0.3014   13.8494    7.6762   -7.4175    2.5005    1.0485
eta,q 0.96334 14.54086
  0.0600  0.0587  0.0466  0.0409  0.0478  0.0470
  0.0507  0.0498  0.0426  0.0371  0.0423  0.0420
  0.0428  0.0438  0.0405  0.0375  0.0387  0.0383
  0.0407  0.0405  0.0400  0.0399  0.0368  0.0367
  0.0452  0.0404  0.0418  0.0443  0.0372  0.0373
  0.0534  0.0442  0.0460  0.0502  0.0402  0.0406
  0.0630  0.0507  0.0522  0.0548  0.0461  0.0456
niter,ni,del,rscale     5    3   12.0000    1.2000
parameters
    0.1019   14.7972    6.0606   -7.6495    2.3392    1.1292
eta,q 0.96488 14.61859
  0.0568  0.0582  0.0414  0.0501  0.0444  0.0449
  0.0462  0.0496  0.0368  0.0426  0.0394  0.0399
  0.0389  0.0414  0.0351  0.0373  0.0363  0.0364
  0.0367  0.0366  0.0365  0.0351  0.0351  0.0351
  0.0404  0.0377  0.0396  0.0377  0.0363  0.0361
  0.0491  0.0421  0.0446  0.0439  0.0396  0.0395
  0.0587  0.0486  0.0531  0.0520  0.0459  0.0446
niter,ni,del,rscale     4    3   12.0000    1.2000
parameters
    0.1937   15.0010    6.1266   -7.7905    2.2353    1.2145
eta,q 0.96482 14.62884
  0.0586  0.0527  0.0477  0.0501  0.0446  0.0448
  0.0475  0.0451  0.0401  0.0428  0.0395  0.0400
  0.0387  0.0381  0.0361  0.0375  0.0363  0.0364
  0.0351  0.0351  0.0351  0.0351  0.0352  0.0352
  0.0382  0.0376  0.0372  0.0373  0.0364  0.0361
  0.0470  0.0431  0.0405  0.0434  0.0395  0.0394
  0.0570  0.0508  0.0463  0.0515  0.0456  0.0445
niter,ni,del,rscale     3    3   12.0000    1.2000
parameters
    0.2439   15.0781    6.0830   -7.8872    2.1724    1.2617
eta,q 0.96479 14.63253
  0.0582  0.0522  0.0473  0.0501  0.0447  0.0447
  0.0473  0.0445  0.0399  0.0429  0.0396  0.0399
  0.0387  0.0377  0.0360  0.0375  0.0363  0.0364
  0.0352  0.0352  0.0352  0.0352  0.0352  0.0352
  0.0383  0.0380  0.0373  0.0371  0.0364  0.0361
  0.0472  0.0436  0.0408  0.0431  0.0395  0.0395
  0.0573  0.0513  0.0468  0.0513  0.0454  0.0446
niter,ni,del,rscale     2    3   12.0000    1.2000
parameters
    0.2753   15.1273    6.0546   -7.9481    2.1338    1.2933
eta,q 0.96478 14.63495
  0.0581  0.0521  0.0474  0.0501  0.0448  0.0446
  0.0473  0.0443  0.0401  0.0430  0.0397  0.0399
  0.0387  0.0376  0.0360  0.0376  0.0364  0.0364
  0.0352  0.0352  0.0352  0.0352  0.0352  0.0352
  0.0383  0.0381  0.0373  0.0370  0.0365  0.0362
  0.0473  0.0438  0.0408  0.0429  0.0395  0.0396
  0.0575  0.0514  0.0468  0.0511  0.0453  0.0446
registration optimization eta report
parameter search radius
    6.0000    6.0000    6.0000    7.9350    6.0000    6.0000
100000*second partial in parameter space
       61.       45.       33.       24.       27.       26.
  0.0581  0.0521  0.0474  0.0501  0.0448  0.0446
  0.0473  0.0443  0.0401  0.0430  0.0397  0.0399
  0.0387  0.0376  0.0360  0.0376  0.0364  0.0364
  0.0352  0.0352  0.0352  0.0352  0.0352  0.0352
  0.0383  0.0381  0.0373  0.0370  0.0365  0.0362
  0.0473  0.0438  0.0408  0.0429  0.0395  0.0396
  0.0575  0.0514  0.0468  0.0511  0.0453  0.0446
    0.2753   15.1273    6.0546   -7.9481    2.1338    1.2933
eta,q 0.96478 14.63495

---------------------------------------------------------------------
imgreg_4dfp /opt/freesurfer/average/711-2C_as_mni_average_305 /opt/freesurfer/average/711-2B_as_mni_average_305_mask talsrcimg_g11 none talsrcimg_to_711-2C_as_mni_average_305_t4 3335
---------------------------------------------------------------------

freesurfer imgreg_4dfp.c
/opt/freesurfer/average/711-2C_as_mni_average_305.4dfp.img
       256       256       256         1
  1.000000  1.000000  1.000000
orientation T byte_order littleendian
Reading image: /opt/freesurfer/average/711-2C_as_mni_average_305.4dfp.img
dimensions:      256       256       256
mmppix:       1.0000   -1.0000   -1.0000
center:     128.0000 -129.0000 -129.0000
/opt/freesurfer/average/711-2B_as_mni_average_305_mask.4dfp.img
       256       256       256         1
  1.000000  1.000000  1.000000
orientation T byte_order littleendian
Reading mask: /opt/freesurfer/average/711-2B_as_mni_average_305_mask.4dfp.img (2306576 pixels)
talsrcimg_g11.4dfp.img
       256       256       256         1
  1.000000  1.000000  1.000000
orientation T byte_order littleendian
Reading image: talsrcimg_g11.4dfp.img
dimensions:      256       256       256
mmppix:       1.0000   -1.0000   -1.0000
center:     128.0000 -129.0000 -129.0000
fimgreg.f
image alignment mode   3335 decimal      D07 hex
parameters
    0.2753   15.1273    6.0546   -0.0948   -0.9742   -1.0293
   -1.7206   -3.9987    2.2555   13.7409    3.7233  -13.8181
eta,q 0.96336 14.69355
niter,ni,del,rscale     5    3    5.0000    1.2000
parameter  4  1.096038 ->  0.500000 qaram    1.1500
parameter  6  0.781424 ->  0.500000 qaram    1.1500
parameter 12  0.624957 ->  0.500000 qaram    1.1500
parameters
    0.3944   15.6184    6.2748   -4.2348   -4.1787   -5.1693
   -1.9952   -3.8725    1.0184   11.4724    3.1710  -17.9581
eta,q 0.96908 14.00857
  0.0410  0.0403  0.0391  0.0333  0.0344  0.0316  0.0343  0.0366  0.0328  0.0326  0.0325  0.0312
  0.0387  0.0386  0.0377  0.0339  0.0339  0.0316  0.0329  0.0340  0.0321  0.0318  0.0319  0.0309
  0.0372  0.0373  0.0369  0.0349  0.0337  0.0324  0.0321  0.0323  0.0317  0.0315  0.0316  0.0311
  0.0366  0.0366  0.0365  0.0365  0.0341  0.0337  0.0318  0.0318  0.0318  0.0317  0.0315  0.0315
  0.0370  0.0366  0.0366  0.0389  0.0352  0.0357  0.0321  0.0323  0.0321  0.0325  0.0317  0.0323
  0.0382  0.0371  0.0372  0.0419  0.0368  0.0386  0.0331  0.0338  0.0328  0.0338  0.0322  0.0335
  0.0402  0.0382  0.0383  0.0453  0.0388  0.0426  0.0348  0.0363  0.0338  0.0358  0.0329  0.0349
niter,ni,del,rscale     7    3    5.0000    1.2000
parameter  4  0.579017 ->  0.500000 qaram    1.3225
parameters
    0.6191   16.0162    6.2386   -8.9958   -5.3915   -7.6546
   -2.3428   -3.4251    1.0231   12.0560    4.2082  -18.2556
eta,q 0.97069 13.42428
  0.0355  0.0344  0.0329  0.0302  0.0310  0.0311  0.0323  0.0351  0.0314  0.0322  0.0309  0.0313
  0.0332  0.0327  0.0317  0.0297  0.0302  0.0299  0.0307  0.0323  0.0303  0.0307  0.0302  0.0302
  0.0316  0.0315  0.0310  0.0299  0.0298  0.0294  0.0297  0.0303  0.0296  0.0297  0.0296  0.0295
  0.0309  0.0309  0.0308  0.0308  0.0297  0.0297  0.0294  0.0294  0.0293  0.0293  0.0293  0.0293
  0.0310  0.0309  0.0311  0.0322  0.0301  0.0309  0.0299  0.0297  0.0296  0.0295  0.0294  0.0296
  0.0321  0.0315  0.0318  0.0344  0.0310  0.0327  0.0311  0.0313  0.0303  0.0302  0.0297  0.0304
  0.0341  0.0326  0.0330  0.0375  0.0325  0.0355  0.0329  0.0339  0.0314  0.0314  0.0303  0.0316
niter,ni,del,rscale     7    3    5.0000    1.2000
parameters
    0.6148   16.2172    5.7310   -9.3007   -5.5786   -8.4482
   -2.3452   -3.4299    0.6694   12.6118    4.4533  -18.6789
eta,q 0.97085 13.34768
  0.0335  0.0323  0.0305  0.0330  0.0310  0.0322  0.0324  0.0343  0.0310  0.0319  0.0305  0.0310
  0.0312  0.0308  0.0296  0.0308  0.0299  0.0304  0.0307  0.0316  0.0300  0.0304  0.0298  0.0300
  0.0298  0.0297  0.0292  0.0296  0.0294  0.0294  0.0295  0.0298  0.0294  0.0295  0.0293  0.0293
  0.0293  0.0293  0.0293  0.0292  0.0292  0.0292  0.0292  0.0292  0.0292  0.0292  0.0292  0.0292
  0.0298  0.0295  0.0298  0.0298  0.0294  0.0299  0.0296  0.0298  0.0295  0.0293  0.0293  0.0295
  0.0312  0.0302  0.0308  0.0313  0.0300  0.0314  0.0307  0.0316  0.0302  0.0300  0.0297  0.0302
  0.0336  0.0315  0.0321  0.0334  0.0312  0.0334  0.0324  0.0344  0.0313  0.0311  0.0303  0.0315
niter,ni,del,rscale     6    3    5.0000    1.2000
parameters
    0.6327   16.4137    5.4506   -9.3771   -5.8074   -8.9074
   -2.3193   -3.4072    0.5542   13.1398    4.5459  -18.9208
eta,q 0.97093 13.30758
  0.0334  0.0321  0.0307  0.0331  0.0308  0.0324  0.0324  0.0343  0.0310  0.0317  0.0304  0.0310
  0.0311  0.0305  0.0297  0.0309  0.0298  0.0305  0.0306  0.0316  0.0299  0.0303  0.0297  0.0299
  0.0297  0.0296  0.0292  0.0295  0.0293  0.0294  0.0295  0.0297  0.0293  0.0294  0.0292  0.0293
  0.0291  0.0291  0.0291  0.0291  0.0291  0.0291  0.0291  0.0291  0.0291  0.0291  0.0291  0.0291
  0.0296  0.0293  0.0295  0.0296  0.0293  0.0297  0.0295  0.0297  0.0293  0.0292  0.0292  0.0294
  0.0310  0.0300  0.0304  0.0311  0.0299  0.0311  0.0306  0.0315  0.0300  0.0299  0.0296  0.0301
  0.0333  0.0313  0.0316  0.0331  0.0311  0.0331  0.0323  0.0343  0.0311  0.0310  0.0303  0.0313
niter,ni,del,rscale     5    3    5.0000    1.2000
parameters
    0.6431   16.5822    5.2674   -9.4261   -6.0286   -9.2365
   -2.3257   -3.3839    0.4968   13.5920    4.5642  -19.0840
eta,q 0.97099 13.27621
  0.0333  0.0320  0.0308  0.0330  0.0307  0.0325  0.0323  0.0342  0.0309  0.0316  0.0303  0.0310
  0.0310  0.0304  0.0297  0.0308  0.0297  0.0306  0.0305  0.0315  0.0299  0.0302  0.0296  0.0299
  0.0296  0.0294  0.0292  0.0295  0.0292  0.0293  0.0294  0.0297  0.0293  0.0293  0.0292  0.0292
  0.0291  0.0291  0.0291  0.0290  0.0290  0.0290  0.0290  0.0290  0.0290  0.0290  0.0290  0.0290
  0.0295  0.0292  0.0294  0.0296  0.0292  0.0296  0.0294  0.0296  0.0292  0.0292  0.0292  0.0293
  0.0309  0.0300  0.0302  0.0310  0.0298  0.0310  0.0306  0.0314  0.0299  0.0299  0.0296  0.0300
  0.0333  0.0312  0.0314  0.0330  0.0310  0.0330  0.0323  0.0342  0.0310  0.0310  0.0303  0.0312
niter,ni,del,rscale     4    3    5.0000    1.2000
parameters
    0.6509   16.7306    5.1239   -9.4742   -6.2625   -9.5256
   -2.3429   -3.3611    0.4730   13.9921    4.5716  -19.1959
eta,q 0.97102 13.24579
  0.0332  0.0318  0.0308  0.0330  0.0306  0.0325  0.0322  0.0342  0.0309  0.0315  0.0303  0.0310
  0.0310  0.0303  0.0298  0.0308  0.0297  0.0306  0.0305  0.0315  0.0299  0.0301  0.0296  0.0299
  0.0295  0.0294  0.0291  0.0294  0.0291  0.0293  0.0294  0.0296  0.0292  0.0293  0.0291  0.0292
  0.0290  0.0290  0.0290  0.0290  0.0290  0.0290  0.0290  0.0290  0.0290  0.0290  0.0290  0.0290
  0.0295  0.0292  0.0293  0.0295  0.0292  0.0296  0.0294  0.0296  0.0292  0.0292  0.0292  0.0292
  0.0309  0.0299  0.0301  0.0310  0.0297  0.0310  0.0305  0.0314  0.0299  0.0299  0.0296  0.0299
  0.0332  0.0312  0.0313  0.0329  0.0309  0.0330  0.0322  0.0341  0.0309  0.0310  0.0303  0.0311
niter,ni,del,rscale     3    3    5.0000    1.2000
parameters
    0.6582   16.8706    4.9975   -9.5287   -6.4944   -9.7903
   -2.3601   -3.3376    0.4518   14.3806    4.5582  -19.2849
eta,q 0.97105 13.21587
  0.0332  0.0318  0.0308  0.0330  0.0306  0.0326  0.0322  0.0341  0.0308  0.0314  0.0302  0.0309
  0.0309  0.0303  0.0297  0.0307  0.0296  0.0306  0.0305  0.0314  0.0298  0.0301  0.0295  0.0298
  0.0295  0.0293  0.0291  0.0294  0.0291  0.0293  0.0293  0.0296  0.0292  0.0293  0.0291  0.0292
  0.0290  0.0290  0.0290  0.0290  0.0290  0.0290  0.0290  0.0290  0.0290  0.0290  0.0289  0.0289
  0.0294  0.0292  0.0293  0.0295  0.0292  0.0296  0.0294  0.0296  0.0292  0.0291  0.0291  0.0292
  0.0308  0.0299  0.0301  0.0310  0.0297  0.0310  0.0305  0.0314  0.0298  0.0298  0.0295  0.0299
  0.0332  0.0312  0.0312  0.0329  0.0308  0.0330  0.0322  0.0341  0.0309  0.0309  0.0302  0.0310
niter,ni,del,rscale     2    3    5.0000    1.2000
parameters
    0.6639   17.0113    4.8717   -9.5774   -6.7518  -10.0621
   -2.3741   -3.3192    0.4307   14.8167    4.5361  -19.3628
eta,q 0.97108 13.18485
  0.0331  0.0317  0.0308  0.0329  0.0305  0.0326  0.0321  0.0340  0.0308  0.0314  0.0302  0.0308
  0.0309  0.0302  0.0297  0.0307  0.0295  0.0306  0.0304  0.0314  0.0298  0.0301  0.0295  0.0298
  0.0295  0.0293  0.0291  0.0294  0.0290  0.0293  0.0293  0.0296  0.0292  0.0293  0.0291  0.0291
  0.0290  0.0290  0.0290  0.0289  0.0289  0.0289  0.0289  0.0289  0.0289  0.0289  0.0289  0.0289
  0.0294  0.0292  0.0293  0.0295  0.0291  0.0295  0.0293  0.0295  0.0291  0.0291  0.0291  0.0291
  0.0308  0.0299  0.0300  0.0309  0.0296  0.0309  0.0304  0.0313  0.0298  0.0298  0.0295  0.0298
  0.0331  0.0311  0.0312  0.0329  0.0307  0.0330  0.0321  0.0340  0.0308  0.0308  0.0302  0.0309
niter,ni,del,rscale     1    3    5.0000    1.2000
parameters
    0.6673   17.1730    4.7348   -9.6521   -7.1142  -10.3614
   -2.3820   -3.2995    0.4055   15.3113    4.5151  -19.4141
eta,q 0.97113 13.14389
  0.0331  0.0317  0.0307  0.0329  0.0303  0.0325  0.0320  0.0340  0.0308  0.0314  0.0301  0.0308
  0.0308  0.0302  0.0296  0.0306  0.0294  0.0306  0.0304  0.0313  0.0298  0.0300  0.0294  0.0297
  0.0294  0.0293  0.0290  0.0293  0.0290  0.0293  0.0292  0.0295  0.0291  0.0292  0.0290  0.0291
  0.0289  0.0289  0.0289  0.0289  0.0289  0.0289  0.0289  0.0289  0.0289  0.0289  0.0289  0.0289
  0.0294  0.0291  0.0292  0.0295  0.0291  0.0295  0.0293  0.0295  0.0291  0.0290  0.0290  0.0291
  0.0308  0.0298  0.0300  0.0309  0.0296  0.0309  0.0304  0.0312  0.0298  0.0297  0.0295  0.0297
  0.0331  0.0310  0.0311  0.0328  0.0307  0.0331  0.0320  0.0339  0.0308  0.0307  0.0301  0.0308
registration optimization eta report
parameter search radius
    2.4000    2.4000    2.4000    9.5220    7.2000    8.2800
    7.2000    7.2000    7.2000    7.2000    7.2000    8.2800
100000*second partial in parameter space
       72.       43.       35.        4.        3.        6.
        6.       10.        4.        4.        2.        3.
  0.0331  0.0317  0.0307  0.0329  0.0303  0.0325  0.0320  0.0340  0.0308  0.0314  0.0301  0.0308
  0.0308  0.0302  0.0296  0.0306  0.0294  0.0306  0.0304  0.0313  0.0298  0.0300  0.0294  0.0297
  0.0294  0.0293  0.0290  0.0293  0.0290  0.0293  0.0292  0.0295  0.0291  0.0292  0.0290  0.0291
  0.0289  0.0289  0.0289  0.0289  0.0289  0.0289  0.0289  0.0289  0.0289  0.0289  0.0289  0.0289
  0.0294  0.0291  0.0292  0.0295  0.0291  0.0295  0.0293  0.0295  0.0291  0.0290  0.0290  0.0291
  0.0308  0.0298  0.0300  0.0309  0.0296  0.0309  0.0304  0.0312  0.0298  0.0297  0.0295  0.0297
  0.0331  0.0310  0.0311  0.0328  0.0307  0.0331  0.0320  0.0339  0.0308  0.0307  0.0301  0.0308
    0.6673   17.1730    4.7348   -9.6521   -7.1142  -10.3614
   -2.3820   -3.2995    0.4055   15.3113    4.5151  -19.4141
eta,q 0.97113 13.14389

---------------------------------------------------------------------
imgreg_4dfp /opt/freesurfer/average/711-2C_as_mni_average_305 /opt/freesurfer/average/711-2B_as_mni_average_305_mask talsrcimg_g11 none talsrcimg_to_711-2C_as_mni_average_305_t4 2311
---------------------------------------------------------------------

freesurfer imgreg_4dfp.c
/opt/freesurfer/average/711-2C_as_mni_average_305.4dfp.img
       256       256       256         1
  1.000000  1.000000  1.000000
orientation T byte_order littleendian
Reading image: /opt/freesurfer/average/711-2C_as_mni_average_305.4dfp.img
dimensions:      256       256       256
mmppix:       1.0000   -1.0000   -1.0000
center:     128.0000 -129.0000 -129.0000
/opt/freesurfer/average/711-2B_as_mni_average_305_mask.4dfp.img
       256       256       256         1
  1.000000  1.000000  1.000000
orientation T byte_order littleendian
Reading mask: /opt/freesurfer/average/711-2B_as_mni_average_305_mask.4dfp.img (2306576 pixels)
talsrcimg_g11.4dfp.img
       256       256       256         1
  1.000000  1.000000  1.000000
orientation T byte_order littleendian
Reading image: talsrcimg_g11.4dfp.img
dimensions:      256       256       256
mmppix:       1.0000   -1.0000   -1.0000
center:     128.0000 -129.0000 -129.0000
fimgreg.f
image alignment mode   2311 decimal      907 hex
parameters
    0.6673   17.1730    4.7348   -9.6521   -7.1142  -10.3614
   -2.3820   -3.2995    0.4055   15.3113    4.5151  -19.4141
eta,q 0.97113 13.14389
niter,ni,del,rscale     5    3    5.0000    0.8000
parameters
    0.6816   17.3468    4.5547   -9.9569   -7.6240  -10.7158
   -2.4349   -3.2732    0.3449   15.8741    4.4178  -19.3493
eta,q 0.97121 13.07102
  0.0308  0.0302  0.0296  0.0298  0.0293  0.0301  0.0303  0.0312  0.0297  0.0300  0.0294  0.0294
  0.0297  0.0295  0.0291  0.0292  0.0290  0.0293  0.0294  0.0299  0.0292  0.0295  0.0290  0.0291
  0.0291  0.0291  0.0289  0.0289  0.0288  0.0289  0.0290  0.0291  0.0289  0.0290  0.0288  0.0289
  0.0289  0.0289  0.0289  0.0288  0.0288  0.0288  0.0288  0.0288  0.0288  0.0288  0.0288  0.0288
  0.0291  0.0289  0.0290  0.0290  0.0290  0.0291  0.0290  0.0291  0.0289  0.0288  0.0289  0.0288
  0.0297  0.0292  0.0294  0.0294  0.0292  0.0296  0.0295  0.0299  0.0292  0.0291  0.0291  0.0291
  0.0307  0.0297  0.0300  0.0301  0.0296  0.0305  0.0303  0.0311  0.0297  0.0296  0.0294  0.0294
niter,ni,del,rscale     4    3    5.0000    0.7000
parameters
    0.6799   17.6007    4.3535  -10.1342   -8.4813  -11.1314
   -2.4463   -3.2878    0.3019   16.7424    4.3238  -19.3870
eta,q 0.97134 12.98534
  0.0302  0.0300  0.0293  0.0295  0.0290  0.0296  0.0298  0.0305  0.0294  0.0299  0.0291  0.0291
  0.0294  0.0294  0.0289  0.0291  0.0288  0.0291  0.0292  0.0295  0.0290  0.0293  0.0288  0.0289
  0.0289  0.0290  0.0288  0.0288  0.0287  0.0288  0.0288  0.0289  0.0288  0.0290  0.0287  0.0287
  0.0288  0.0288  0.0288  0.0287  0.0287  0.0287  0.0287  0.0287  0.0287  0.0287  0.0287  0.0287
  0.0289  0.0288  0.0289  0.0289  0.0289  0.0289  0.0288  0.0289  0.0288  0.0287  0.0287  0.0287
  0.0294  0.0290  0.0292  0.0291  0.0291  0.0294  0.0292  0.0295  0.0291  0.0289  0.0289  0.0289
  0.0302  0.0293  0.0297  0.0296  0.0294  0.0301  0.0298  0.0305  0.0294  0.0292  0.0291  0.0292
niter,ni,del,rscale     3    3    5.0000    0.6000
parameters
    0.6679   17.9613    4.1090  -10.4181   -9.6043  -11.5717
   -2.4186   -3.3505    0.2300   17.7470    4.2668  -19.4903
eta,q 0.97152 12.87530
  0.0297  0.0297  0.0289  0.0291  0.0287  0.0292  0.0294  0.0298  0.0291  0.0296  0.0288  0.0288
  0.0291  0.0292  0.0287  0.0288  0.0286  0.0288  0.0289  0.0291  0.0288  0.0291  0.0286  0.0286
  0.0288  0.0289  0.0286  0.0286  0.0285  0.0286  0.0286  0.0286  0.0286  0.0287  0.0285  0.0285
  0.0287  0.0287  0.0286  0.0286  0.0286  0.0285  0.0285  0.0285  0.0285  0.0285  0.0285  0.0285
  0.0288  0.0286  0.0287  0.0287  0.0287  0.0287  0.0286  0.0287  0.0286  0.0285  0.0285  0.0285
  0.0291  0.0287  0.0290  0.0289  0.0289  0.0291  0.0289  0.0291  0.0288  0.0286  0.0286  0.0286
  0.0297  0.0289  0.0293  0.0293  0.0291  0.0296  0.0293  0.0299  0.0291  0.0288  0.0288  0.0288
niter,ni,del,rscale     2    3    5.0000    0.5000
parameters
    0.6379   18.3639    3.8505  -10.7408  -10.6149  -11.9303
   -2.3343   -3.4353    0.2826   18.4835    4.1295  -19.6308
eta,q 0.97170 12.77191
  0.0291  0.0294  0.0286  0.0287  0.0284  0.0288  0.0289  0.0292  0.0288  0.0291  0.0285  0.0285
  0.0288  0.0289  0.0284  0.0285  0.0284  0.0285  0.0286  0.0287  0.0285  0.0287  0.0284  0.0284
  0.0285  0.0287  0.0284  0.0284  0.0283  0.0284  0.0284  0.0284  0.0284  0.0285  0.0283  0.0283
  0.0285  0.0285  0.0284  0.0284  0.0284  0.0283  0.0283  0.0283  0.0283  0.0283  0.0283  0.0283
  0.0286  0.0284  0.0285  0.0284  0.0284  0.0284  0.0284  0.0284  0.0284  0.0283  0.0283  0.0283
  0.0288  0.0284  0.0287  0.0286  0.0286  0.0287  0.0286  0.0288  0.0285  0.0284  0.0284  0.0284
  0.0292  0.0286  0.0289  0.0289  0.0288  0.0291  0.0289  0.0293  0.0287  0.0286  0.0285  0.0285
niter,ni,del,rscale     1    3    5.0000    0.4000
parameters
    0.5955   18.7034    3.6450  -11.0180  -11.4865  -12.1573
   -2.2372   -3.4994    0.4358   18.9052    3.9447  -19.5912
eta,q 0.97181 12.68233
  0.0287  0.0289  0.0283  0.0284  0.0283  0.0285  0.0286  0.0288  0.0285  0.0287  0.0283  0.0283
  0.0285  0.0286  0.0283  0.0283  0.0282  0.0283  0.0284  0.0284  0.0283  0.0284  0.0282  0.0282
  0.0283  0.0284  0.0282  0.0282  0.0282  0.0282  0.0283  0.0283  0.0282  0.0283  0.0282  0.0282
  0.0283  0.0283  0.0282  0.0282  0.0282  0.0282  0.0282  0.0282  0.0282  0.0282  0.0282  0.0282
  0.0284  0.0282  0.0283  0.0283  0.0283  0.0283  0.0282  0.0283  0.0282  0.0282  0.0282  0.0282
  0.0285  0.0283  0.0284  0.0284  0.0284  0.0284  0.0283  0.0285  0.0283  0.0283  0.0283  0.0282
  0.0288  0.0283  0.0286  0.0286  0.0285  0.0287  0.0285  0.0288  0.0285  0.0284  0.0284  0.0283
registration optimization eta report
parameter search radius
    0.8000    0.8000    0.8000    2.4000    2.4000    2.4000
    2.4000    2.4000    2.4000    2.4000    2.4000    2.4000
100000*second partial in parameter space
       69.       47.       33.        5.        3.        7.
        6.       10.        5.        6.        2.        2.
  0.0287  0.0289  0.0283  0.0284  0.0283  0.0285  0.0286  0.0288  0.0285  0.0287  0.0283  0.0283
  0.0285  0.0286  0.0283  0.0283  0.0282  0.0283  0.0284  0.0284  0.0283  0.0284  0.0282  0.0282
  0.0283  0.0284  0.0282  0.0282  0.0282  0.0282  0.0283  0.0283  0.0282  0.0283  0.0282  0.0282
  0.0283  0.0283  0.0282  0.0282  0.0282  0.0282  0.0282  0.0282  0.0282  0.0282  0.0282  0.0282
  0.0284  0.0282  0.0283  0.0283  0.0283  0.0283  0.0282  0.0283  0.0282  0.0282  0.0282  0.0282
  0.0285  0.0283  0.0284  0.0284  0.0284  0.0284  0.0283  0.0285  0.0283  0.0283  0.0283  0.0282
  0.0288  0.0283  0.0286  0.0286  0.0285  0.0287  0.0285  0.0288  0.0285  0.0284  0.0284  0.0283
    0.5955   18.7034    3.6450  -11.0180  -11.4865  -12.1573
   -2.2372   -3.4994    0.4358   18.9052    3.9447  -19.5912
eta,q 0.97181 12.68233

---------------------------------------------------------------------
imgreg_4dfp /opt/freesurfer/average/711-2C_as_mni_average_305 /opt/freesurfer/average/711-2B_as_mni_average_305_mask talsrcimg_g11 none talsrcimg_to_711-2C_as_mni_average_305_t4 2311
---------------------------------------------------------------------

freesurfer imgreg_4dfp.c
/opt/freesurfer/average/711-2C_as_mni_average_305.4dfp.img
       256       256       256         1
  1.000000  1.000000  1.000000
orientation T byte_order littleendian
Reading image: /opt/freesurfer/average/711-2C_as_mni_average_305.4dfp.img
dimensions:      256       256       256
mmppix:       1.0000   -1.0000   -1.0000
center:     128.0000 -129.0000 -129.0000
/opt/freesurfer/average/711-2B_as_mni_average_305_mask.4dfp.img
       256       256       256         1
  1.000000  1.000000  1.000000
orientation T byte_order littleendian
Reading mask: /opt/freesurfer/average/711-2B_as_mni_average_305_mask.4dfp.img (2306576 pixels)
talsrcimg_g11.4dfp.img
       256       256       256         1
  1.000000  1.000000  1.000000
orientation T byte_order littleendian
Reading image: talsrcimg_g11.4dfp.img
dimensions:      256       256       256
mmppix:       1.0000   -1.0000   -1.0000
center:     128.0000 -129.0000 -129.0000
fimgreg.f
image alignment mode   2311 decimal      907 hex
parameters
    0.5955   18.7034    3.6450  -11.0180  -11.4865  -12.1573
   -2.2372   -3.4994    0.4358   18.9052    3.9447  -19.5912
eta,q 0.97181 12.68233
niter,ni,del,rscale     5    3    5.0000    0.8000
parameters
    0.5601   18.9998    3.4706  -11.1079  -11.7856  -12.5735
   -2.1556   -3.4820    0.6299   19.2573    3.7223  -19.4789
eta,q 0.97186 12.63264
  0.0299  0.0298  0.0288  0.0293  0.0288  0.0293  0.0296  0.0304  0.0293  0.0298  0.0286  0.0287
  0.0289  0.0290  0.0284  0.0286  0.0283  0.0287  0.0288  0.0291  0.0287  0.0289  0.0283  0.0284
  0.0284  0.0285  0.0282  0.0282  0.0281  0.0283  0.0283  0.0284  0.0283  0.0284  0.0282  0.0282
  0.0282  0.0282  0.0282  0.0282  0.0282  0.0281  0.0281  0.0281  0.0281  0.0281  0.0281  0.0281
  0.0284  0.0282  0.0283  0.0283  0.0283  0.0284  0.0283  0.0284  0.0282  0.0283  0.0282  0.0282
  0.0290  0.0284  0.0286  0.0287  0.0285  0.0290  0.0287  0.0292  0.0286  0.0287  0.0284  0.0283
  0.0300  0.0289  0.0291  0.0293  0.0288  0.0299  0.0295  0.0303  0.0291  0.0293  0.0287  0.0286
niter,ni,del,rscale     4    3    5.0000    0.7000
parameters
    0.5359   19.1450    3.3180  -11.2112  -12.1420  -12.7150
   -2.1291   -3.5090    0.7243   19.3714    3.6516  -19.3158
eta,q 0.97189 12.59020
  0.0294  0.0292  0.0286  0.0290  0.0286  0.0291  0.0292  0.0298  0.0290  0.0293  0.0285  0.0285
  0.0287  0.0286  0.0283  0.0285  0.0282  0.0286  0.0286  0.0289  0.0285  0.0286  0.0283  0.0283
  0.0283  0.0283  0.0282  0.0282  0.0281  0.0282  0.0282  0.0283  0.0282  0.0282  0.0281  0.0281
  0.0281  0.0281  0.0281  0.0281  0.0281  0.0281  0.0281  0.0281  0.0281  0.0281  0.0281  0.0281
  0.0283  0.0282  0.0282  0.0283  0.0282  0.0282  0.0282  0.0283  0.0282  0.0282  0.0282  0.0281
  0.0288  0.0284  0.0285  0.0286  0.0284  0.0286  0.0286  0.0289  0.0285  0.0286  0.0283  0.0282
  0.0295  0.0288  0.0288  0.0290  0.0287  0.0293  0.0291  0.0298  0.0289  0.0291  0.0285  0.0284
niter,ni,del,rscale     3    3    5.0000    0.6000
parameters
    0.5208   19.2580    3.2264  -11.3013  -12.4854  -12.7600
   -2.1094   -3.5312    0.7609   19.3994    3.6276  -19.1492
eta,q 0.97192 12.55452
  0.0291  0.0289  0.0285  0.0287  0.0284  0.0288  0.0289  0.0293  0.0287  0.0289  0.0284  0.0284
  0.0285  0.0285  0.0282  0.0284  0.0282  0.0284  0.0284  0.0286  0.0284  0.0284  0.0282  0.0282
  0.0282  0.0282  0.0281  0.0282  0.0281  0.0282  0.0282  0.0282  0.0282  0.0282  0.0281  0.0281
  0.0281  0.0281  0.0281  0.0281  0.0281  0.0281  0.0281  0.0281  0.0281  0.0281  0.0281  0.0281
  0.0282  0.0281  0.0282  0.0282  0.0282  0.0282  0.0282  0.0282  0.0282  0.0282  0.0281  0.0281
  0.0286  0.0283  0.0283  0.0284  0.0283  0.0284  0.0284  0.0287  0.0284  0.0285  0.0282  0.0282
  0.0291  0.0286  0.0286  0.0288  0.0285  0.0289  0.0288  0.0294  0.0287  0.0289  0.0284  0.0283
niter,ni,del,rscale     2    3    5.0000    0.5000
parameters
    0.5075   19.3406    3.1779  -11.3858  -12.8021  -12.7408
   -2.0943   -3.5595    0.7733   19.3790    3.6263  -18.9791
eta,q 0.97194 12.52485
  0.0287  0.0286  0.0283  0.0285  0.0283  0.0286  0.0286  0.0289  0.0285  0.0287  0.0283  0.0282
  0.0284  0.0283  0.0282  0.0283  0.0282  0.0283  0.0283  0.0285  0.0283  0.0283  0.0282  0.0281
  0.0281  0.0282  0.0281  0.0281  0.0281  0.0282  0.0281  0.0282  0.0281  0.0281  0.0281  0.0281
  0.0281  0.0281  0.0281  0.0281  0.0281  0.0281  0.0281  0.0281  0.0281  0.0281  0.0281  0.0281
  0.0282  0.0281  0.0281  0.0281  0.0282  0.0281  0.0281  0.0282  0.0281  0.0282  0.0281  0.0281
  0.0284  0.0282  0.0282  0.0283  0.0283  0.0283  0.0283  0.0285  0.0283  0.0283  0.0282  0.0281
  0.0288  0.0285  0.0284  0.0286  0.0284  0.0286  0.0286  0.0290  0.0285  0.0287  0.0283  0.0282
niter,ni,del,rscale     1    3    5.0000    0.4000
parameters
    0.4928   19.4069    3.1437  -11.4413  -13.0486  -12.7074
   -2.0631   -3.5744    0.7973   19.3373    3.6339  -18.8250
eta,q 0.97196 12.50279
  0.0285  0.0284  0.0282  0.0283  0.0282  0.0284  0.0284  0.0286  0.0283  0.0284  0.0282  0.0282
  0.0282  0.0282  0.0281  0.0282  0.0281  0.0282  0.0282  0.0283  0.0282  0.0282  0.0281  0.0281
  0.0281  0.0281  0.0281  0.0281  0.0281  0.0281  0.0281  0.0281  0.0281  0.0281  0.0281  0.0281
  0.0281  0.0281  0.0281  0.0281  0.0281  0.0280  0.0280  0.0280  0.0280  0.0281  0.0280  0.0280
  0.0281  0.0281  0.0281  0.0281  0.0281  0.0281  0.0281  0.0281  0.0281  0.0281  0.0281  0.0281
  0.0283  0.0282  0.0282  0.0282  0.0282  0.0282  0.0282  0.0283  0.0282  0.0282  0.0281  0.0281
  0.0285  0.0283  0.0283  0.0284  0.0283  0.0284  0.0284  0.0286  0.0283  0.0284  0.0282  0.0281
registration optimization eta report
parameter search radius
    0.8000    0.8000    0.8000    2.4000    2.4000    2.4000
    2.4000    2.4000    2.4000    2.4000    2.4000    2.4000
100000*second partial in parameter space
       67.       47.       28.        5.        4.        6.
        6.       10.        5.        7.        2.        2.
  0.0285  0.0284  0.0282  0.0283  0.0282  0.0284  0.0284  0.0286  0.0283  0.0284  0.0282  0.0282
  0.0282  0.0282  0.0281  0.0282  0.0281  0.0282  0.0282  0.0283  0.0282  0.0282  0.0281  0.0281
  0.0281  0.0281  0.0281  0.0281  0.0281  0.0281  0.0281  0.0281  0.0281  0.0281  0.0281  0.0281
  0.0281  0.0281  0.0281  0.0281  0.0281  0.0280  0.0280  0.0280  0.0280  0.0281  0.0280  0.0280
  0.0281  0.0281  0.0281  0.0281  0.0281  0.0281  0.0281  0.0281  0.0281  0.0281  0.0281  0.0281
  0.0283  0.0282  0.0282  0.0282  0.0282  0.0282  0.0282  0.0283  0.0282  0.0282  0.0281  0.0281
  0.0285  0.0283  0.0283  0.0284  0.0283  0.0284  0.0284  0.0286  0.0283  0.0284  0.0282  0.0281
    0.4928   19.4069    3.1437  -11.4413  -13.0486  -12.7074
   -2.0631   -3.5744    0.7973   19.3373    3.6339  -18.8250
eta,q 0.97196 12.50279

---------------------------------------------------------------------
compute_vox2vox talsrcimg talsrcimg_to_711-2C_as_mni_average_305_t4 /opt/freesurfer/average/711-2C_as_mni_average_305
---------------------------------------------------------------------

freesurfer compute_vox2vox.c
Reading: talsrcimg.4dfp.ifh
Reading: talsrcimg_to_711-2C_as_mni_average_305_t4
Reading: /opt/freesurfer/average/711-2C_as_mni_average_305.4dfp.ifh
Writing: talsrcimg_to_711-2C_as_mni_average_305_t4_vox2vox.txt

start time Tue Mar 10 03:38:50 CET 2026
end		time Tue Mar 10 03:40:15 CET 2026

mpr2mni305 success

avi2talxfm orig_nu.mgz /opt/freesurfer/average/mni305.cor.mgz talsrcimg_to_711-2C_as_mni_average_305_t4_vox2vox.txt transforms/talairach.auto.xfm
avi2talxfm done
mv -f /out/sourcedata/freesurfer/sub-v1s5x0050726_ses-1/mri/talsrcimg_to_711-2C_as_mni_average_305_t4_vox2vox.txt /out/sourcedata/freesurfer/sub-v1s5x0050726_ses-1/mri/transforms/talsrcimg_to_711-2C_as_mni_average_305_t4_vox2vox.txt
lta_convert --src orig_nu.mgz --trg /opt/freesurfer/average/mni305.cor.mgz --inxfm transforms/talairach.auto.xfm --outlta transforms/talairach.auto.xfm.lta --subject fsaverage
7.3.2

--src: orig_nu.mgz src image (geometry).
--trg: /opt/freesurfer/average/mni305.cor.mgz trg image (geometry).
--inmni: transforms/talairach.auto.xfm input MNI/XFM transform.
--outlta: transforms/talairach.auto.xfm.lta output LTA.
--s: fsaverage subject name
 LTA read, type : 1
 1.12730   0.03839   0.03506  -0.87050;
-0.04691   1.09155   0.23521  -13.05825;
 0.00010  -0.24310   1.09744   6.62234;
 0.00000   0.00000   0.00000   1.00000;
setting subject to fsaverage
Writing  LTA to file transforms/talairach.auto.xfm.lta...
lta_convert successful.
 
 
Started at Tue Mar 10 03:38:50 CET 2026
Ended   at Tue Mar 10 03:40:15 CET 2026
talairach_avi done
