status file for recon-all
Tue Mar 10 03:42:42 CET 2026
#@# MotionCor Tue Mar 10 03:42:44 CET 2026
#@# Talairach Tue Mar 10 03:42:54 CET 2026
#@# Talairach Failure Detection Tue Mar 10 03:47:16 CET 2026
#@# Nu Intensity Correction Tue Mar 10 03:47:16 CET 2026
#@# Intensity Normalization Tue Mar 10 03:50:30 CET 2026
recon-all -s sub-v1s5x0050731_ses-1 finished without error at Tue Mar 10 03:51:59 CET 2026



#New# invocation of recon-all 



status file for recon-all
Tue Mar 10 03:58:49 CET 2026
#@# EM Registration Tue Mar 10 03:58:49 CET 2026
recon-all -s sub-v1s5x0050731_ses-1 finished without error at Tue Mar 10 04:00:21 CET 2026



#New# invocation of recon-all 



status file for recon-all
Tue Mar 10 04:00:25 CET 2026
#@# CA Normalize Tue Mar 10 04:00:25 CET 2026
#@# CA Reg Tue Mar 10 04:01:47 CET 2026
#@# SubCort Seg Tue Mar 10 04:53:23 CET 2026
#@# CC Seg Tue Mar 10 05:25:06 CET 2026
#@# Merge ASeg Tue Mar 10 05:25:43 CET 2026
#@# Intensity Normalization2 Tue Mar 10 05:25:43 CET 2026
#@# Mask BFS Tue Mar 10 05:28:02 CET 2026
#@# WM Segmentation Tue Mar 10 05:28:03 CET 2026
#@# Fill Tue Mar 10 05:29:52 CET 2026
recon-all -s sub-v1s5x0050731_ses-1 finished without error at Tue Mar 10 05:30:55 CET 2026



#New# invocation of recon-all 



status file for recon-all
Tue Mar 10 06:16:50 CET 2026
#@# white curv lh Tue Mar 10 06:16:50 CET 2026
#@# white area lh Tue Mar 10 06:16:50 CET 2026
#@# pial curv lh Tue Mar 10 06:16:50 CET 2026
#@# pial area lh Tue Mar 10 06:16:50 CET 2026
#@# thickness lh Tue Mar 10 06:16:50 CET 2026
#@# area and vertex vol lh Tue Mar 10 06:16:50 CET 2026
#@# white curv rh Tue Mar 10 06:16:50 CET 2026
#@# white area rh Tue Mar 10 06:16:50 CET 2026
#@# pial curv rh Tue Mar 10 06:16:50 CET 2026
#@# pial area rh Tue Mar 10 06:16:50 CET 2026
#@# thickness rh Tue Mar 10 06:16:50 CET 2026
#@# area and vertex vol rh Tue Mar 10 06:16:50 CET 2026
#@# Cortical ribbon mask Tue Mar 10 06:16:50 CET 2026
recon-all -s sub-v1s5x0050731_ses-1 finished without error at Tue Mar 10 06:21:54 CET 2026



#New# invocation of recon-all 



status file for recon-all
Tue Mar 10 06:28:16 CET 2026
#@# white curv lh Tue Mar 10 06:28:16 CET 2026
#@# white area lh Tue Mar 10 06:28:16 CET 2026
#@# pial curv lh Tue Mar 10 06:28:16 CET 2026
#@# pial area lh Tue Mar 10 06:28:16 CET 2026
#@# thickness lh Tue Mar 10 06:28:16 CET 2026
#@# area and vertex vol lh Tue Mar 10 06:28:16 CET 2026
#@# white curv rh Tue Mar 10 06:28:16 CET 2026
#@# white area rh Tue Mar 10 06:28:16 CET 2026
#@# pial curv rh Tue Mar 10 06:28:16 CET 2026
#@# pial area rh Tue Mar 10 06:28:16 CET 2026
#@# thickness rh Tue Mar 10 06:28:16 CET 2026
#@# area and vertex vol rh Tue Mar 10 06:28:16 CET 2026
#@# Curvature Stats lh Tue Mar 10 06:28:16 CET 2026
#@# Curvature Stats rh Tue Mar 10 06:28:19 CET 2026
#@# Relabel Hypointensities Tue Mar 10 06:28:21 CET 2026
#@# APas-to-ASeg Tue Mar 10 06:28:36 CET 2026
#@# AParc-to-ASeg aparc Tue Mar 10 06:28:44 CET 2026
#@# AParc-to-ASeg aparc.a2009s Tue Mar 10 06:29:17 CET 2026
#@# AParc-to-ASeg aparc.DKTatlas Tue Mar 10 06:29:51 CET 2026
#@# WMParc Tue Mar 10 06:30:23 CET 2026
#@# ASeg Stats Tue Mar 10 06:34:00 CET 2026
recon-all -s sub-v1s5x0050731_ses-1 finished without error at Tue Mar 10 06:34:30 CET 2026
