status file for recon-all
Tue Mar 10 05:52:50 CET 2026
#@# Tessellate rh Tue Mar 10 05:52:50 CET 2026
#@# Smooth1 rh Tue Mar 10 05:52:53 CET 2026
#@# Inflation1 rh Tue Mar 10 05:52:56 CET 2026
#@# QSphere rh Tue Mar 10 05:53:05 CET 2026
#@# Fix Topology rh Tue Mar 10 05:54:06 CET 2026
#@# Smooth2 rh Tue Mar 10 06:01:21 CET 2026
#@# Inflation2 rh Tue Mar 10 06:01:24 CET 2026
#@# Curv .H and .K rh Tue Mar 10 06:01:35 CET 2026
#@# Sphere rh Tue Mar 10 06:02:25 CET 2026
#@# Surf Reg rh Tue Mar 10 06:05:34 CET 2026
#@# Jacobian white rh Tue Mar 10 06:09:41 CET 2026
#@# AvgCurv rh Tue Mar 10 06:09:41 CET 2026
#@# Cortical Parc rh Tue Mar 10 06:09:42 CET 2026
#@# white curv rh Tue Mar 10 06:15:40 CET 2026
#@# white area rh Tue Mar 10 06:15:42 CET 2026
#@# pial curv rh Tue Mar 10 06:15:43 CET 2026
#@# pial area rh Tue Mar 10 06:15:44 CET 2026
#@# thickness rh Tue Mar 10 06:15:45 CET 2026
#@# area and vertex vol rh Tue Mar 10 06:16:16 CET 2026
#@# Curvature Stats rh Tue Mar 10 06:16:18 CET 2026
#@# Cortical Parc 2 rh Tue Mar 10 06:16:20 CET 2026
#@# Cortical Parc 3 rh Tue Mar 10 06:16:34 CET 2026
#@# WM/GM Contrast rh Tue Mar 10 06:16:44 CET 2026
recon-all -s sub-v1s5x0050731_ses-1 finished without error at Tue Mar 10 06:16:46 CET 2026



#New# invocation of recon-all 



status file for recon-all
Tue Mar 10 06:25:06 CET 2026
#@# white curv rh Tue Mar 10 06:25:06 CET 2026
#@# white area rh Tue Mar 10 06:25:06 CET 2026
#@# pial curv rh Tue Mar 10 06:25:06 CET 2026
#@# pial area rh Tue Mar 10 06:25:06 CET 2026
#@# thickness rh Tue Mar 10 06:25:06 CET 2026
#@# area and vertex vol rh Tue Mar 10 06:25:06 CET 2026
#@# Parcellation Stats rh Tue Mar 10 06:25:06 CET 2026
#@# Parcellation Stats 2 rh Tue Mar 10 06:25:26 CET 2026
#@# Parcellation Stats 3 rh Tue Mar 10 06:25:36 CET 2026
#@# BA_exvivo Labels rh Tue Mar 10 06:25:46 CET 2026
recon-all -s sub-v1s5x0050731_ses-1 finished without error at Tue Mar 10 06:28:12 CET 2026
