status file for recon-all
Tue Mar 10 05:31:01 CET 2026
#@# Tessellate lh Tue Mar 10 05:31:01 CET 2026
#@# Smooth1 lh Tue Mar 10 05:31:05 CET 2026
#@# Inflation1 lh Tue Mar 10 05:31:07 CET 2026
#@# QSphere lh Tue Mar 10 05:31:18 CET 2026
#@# Fix Topology lh Tue Mar 10 05:32:19 CET 2026
#@# Smooth2 lh Tue Mar 10 05:37:49 CET 2026
#@# Inflation2 lh Tue Mar 10 05:37:52 CET 2026
#@# Curv .H and .K lh Tue Mar 10 05:38:03 CET 2026
#@# Sphere lh Tue Mar 10 05:38:53 CET 2026
#@# Surf Reg lh Tue Mar 10 05:42:16 CET 2026
#@# Jacobian white lh Tue Mar 10 05:45:52 CET 2026
#@# AvgCurv lh Tue Mar 10 05:45:52 CET 2026
#@# Cortical Parc lh Tue Mar 10 05:45:53 CET 2026
#@# white curv lh Tue Mar 10 05:51:42 CET 2026
#@# white area lh Tue Mar 10 05:51:44 CET 2026
#@# pial curv lh Tue Mar 10 05:51:45 CET 2026
#@# pial area lh Tue Mar 10 05:51:46 CET 2026
#@# thickness lh Tue Mar 10 05:51:47 CET 2026
#@# area and vertex vol lh Tue Mar 10 05:52:18 CET 2026
#@# Curvature Stats lh Tue Mar 10 05:52:19 CET 2026
#@# Cortical Parc 2 lh Tue Mar 10 05:52:21 CET 2026
#@# Cortical Parc 3 lh Tue Mar 10 05:52:35 CET 2026
#@# WM/GM Contrast lh Tue Mar 10 05:52:45 CET 2026
recon-all -s sub-v1s5x0050731_ses-1 finished without error at Tue Mar 10 05:52:48 CET 2026



#New# invocation of recon-all 



status file for recon-all
Tue Mar 10 06:21:58 CET 2026
#@# white curv lh Tue Mar 10 06:21:58 CET 2026
#@# white area lh Tue Mar 10 06:21:58 CET 2026
#@# pial curv lh Tue Mar 10 06:21:58 CET 2026
#@# pial area lh Tue Mar 10 06:21:58 CET 2026
#@# thickness lh Tue Mar 10 06:21:58 CET 2026
#@# area and vertex vol lh Tue Mar 10 06:21:58 CET 2026
#@# Parcellation Stats lh Tue Mar 10 06:21:58 CET 2026
#@# Parcellation Stats 2 lh Tue Mar 10 06:22:18 CET 2026
#@# Parcellation Stats 3 lh Tue Mar 10 06:22:28 CET 2026
#@# BA_exvivo Labels lh Tue Mar 10 06:22:38 CET 2026
recon-all -s sub-v1s5x0050731_ses-1 finished without error at Tue Mar 10 06:25:05 CET 2026
