/out/sourcedata/freesurfer/sub-v1s5x0050730_ses-1/mri
/opt/freesurfer/bin/talairach_avi
--i orig_nu.mgz --xfm transforms/talairach.auto.xfm
talairach_avi 7.3.2
Linux dna050 5.14.0-427.37.1.el9_4.x86_64 #1 SMP PREEMPT_DYNAMIC Fri Sep 13 12:41:50 EDT 2024 x86_64 x86_64 x86_64 GNU/Linux
Tue Mar 10 03:43:06 CET 2026
mri_convert orig_nu.mgz talsrcimg.img 
reading from orig_nu.mgz...
TR=0.00, TE=0.00, TI=0.00, flip angle=0.00
i_ras = (-1, -2.32831e-10, 1.86265e-09)
j_ras = (3.72529e-09, 0, -1)
k_ras = (9.31323e-10, 1, 0)
writing to talsrcimg.img...
Analyze Output Matrix
-1.00000   0.00000   0.00000   135.63202;
-0.00000   0.00000   1.00000  -127.69683;
 0.00000  -1.00000   0.00000   122.09730;
 0.00000   0.00000   0.00000   1.00000;
--------------------
INFO: set hdr.hist.orient to -1
mpr2mni305 talsrcimg
Tue Mar 10 03:43:07 CET 2026
/opt/freesurfer/bin/mpr2mni305 talsrcimg
mpr2mni305 7.3.2
target=711-2C_as_mni_average_305

---------------------------------------------------------------------
analyzeto4dfp talsrcimg -O0 -y
---------------------------------------------------------------------

freesurfer ifh2hdr.c
Tue Mar 10 03:43:07 2026
Writing: talsrcimg.4dfp.hdr
freesurfer analyzeto4dfp.c
Reading: talsrcimg.hdr
header size 348 bytes
hdr.dime.datatype	offset=70	value=2
hdr.dime.bitpix		offset=72	value=8
hdr.hist.orient		offset=252	value=-1
dimensionality     4
dimensions       256       256       256         1
Reading: talsrcimg.img
Writing: talsrcimg.4dfp.img
Writing: talsrcimg.4dfp.ifh
ifh2hdr talsrcimg -r0to226
ori=2

---------------------------------------------------------------------
gauss_4dfp talsrcimg 1.1
---------------------------------------------------------------------

freesurfer gauss_4dfp.c
Reading: talsrcimg.4dfp.img
Writing: talsrcimg_g11.4dfp.img
image dimensions 256 256 256 padded to 288 288 288
processing volume 1freesurfer ifh2hdr.c
Tue Mar 10 03:43:09 2026
Writing: talsrcimg_g11.4dfp.hdr

Writing: talsrcimg_g11.4dfp.ifh
including: talsrcimg.4dfp.img.rec in talsrcimg_g11.4dfp.img.rec

---------------------------------------------------------------------
imgreg_4dfp /opt/freesurfer/average/711-2C_as_mni_average_305 none talsrcimg_g11 none talsrcimg_to_711-2C_as_mni_average_305_t4 4355
---------------------------------------------------------------------

freesurfer imgreg_4dfp.c
/opt/freesurfer/average/711-2C_as_mni_average_305.4dfp.img
       256       256       256         1
  1.000000  1.000000  1.000000
orientation T byte_order littleendian
Reading image: /opt/freesurfer/average/711-2C_as_mni_average_305.4dfp.img
dimensions:      256       256       256
mmppix:       1.0000   -1.0000   -1.0000
center:     128.0000 -129.0000 -129.0000
talsrcimg_g11.4dfp.img
       256       256       256         1
  1.000000  1.000000  1.000000
orientation T byte_order littleendian
Reading image: talsrcimg_g11.4dfp.img
dimensions:      256       256       256
mmppix:       1.0000   -1.0000   -1.0000
center:     128.0000 -129.0000 -129.0000
t4_read: open error in t4_sub.f l:  41 t4_file(1:l)talsrcimg_to_711-2C_as_mni_average_305_t4 
t4_read: transform initialized to I4
rotation matrix determinant  1.000000
image alignment mode   4355 decimal     1103 hex
   -7.5000  -45.0000  -45.0000 8467.5205   17.6050
    0.0000  -45.0000  -45.0000 8749.6465   17.6227
    7.5000  -45.0000  -45.0000 8408.4512   17.6497
   -7.5000  -37.5000  -45.0000 8890.1104   17.4709
    0.0000  -37.5000  -45.0000 9196.2520   17.4972
    7.5000  -37.5000  -45.0000 8837.5791   17.5340
   -7.5000  -30.0000  -45.0000 9726.4170   17.4512
    0.0000  -30.0000  -45.000010086.4473   17.4838
    7.5000  -30.0000  -45.0000 9680.8525   17.5257
   -7.5000  -22.5000  -45.000010589.7051   17.4636
    0.0000  -22.5000  -45.000010998.9297   17.4944
    7.5000  -22.5000  -45.000010561.8574   17.5297
   -7.5000  -15.0000  -45.000011435.0801   17.4634
    0.0000  -15.0000  -45.000011860.9043   17.4857
    7.5000  -15.0000  -45.000011363.2920   17.5103
   -7.5000   -7.5000  -45.000011832.2891   17.4448
    0.0000   -7.5000  -45.000012249.8975   17.4598
    7.5000   -7.5000  -45.000011720.8291   17.4807
   -7.5000    0.0000  -45.000012046.0752   17.4283
    0.0000    0.0000  -45.000012485.2959   17.4455
    7.5000    0.0000  -45.000011892.9727   17.4720
   -7.5000    7.5000  -45.000011357.4365   17.4310
    0.0000    7.5000  -45.000011793.3828   17.4573
    7.5000    7.5000  -45.000011205.8594   17.4940
   -7.5000   15.0000  -45.000010614.8428   17.4469
    0.0000   15.0000  -45.000011002.7061   17.4795
    7.5000   15.0000  -45.000010454.4512   17.5214
   -7.5000   22.5000  -45.0000 9862.0752   17.4604
    0.0000   22.5000  -45.000010229.7852   17.4913
    7.5000   22.5000  -45.0000 9698.9062   17.5266
   -7.5000   30.0000  -45.0000 9065.1924   17.2611
    0.0000   30.0000  -45.0000 9387.8652   17.2832
    7.5000   30.0000  -45.0000 8898.2080   17.3072
   -7.5000   37.5000  -45.0000 8679.0039   17.5393
    0.0000   37.5000  -45.0000 8994.2207   17.5583
    7.5000   37.5000  -45.0000 8519.4854   17.5757
   -7.5000   45.0000  -45.0000 8038.5762   17.6202
    0.0000   45.0000  -45.0000 8313.0010   17.6507
    7.5000   45.0000  -45.0000 7867.6885   17.6853
   -7.5000  -45.0000  -37.5000 8894.5723   17.5880
    0.0000  -45.0000  -37.5000 9221.9209   17.6041
    7.5000  -45.0000  -37.5000 8839.6562   17.6374
   -7.5000  -37.5000  -37.5000 9365.6543   17.4488
    0.0000  -37.5000  -37.5000 9705.1406   17.4709
    7.5000  -37.5000  -37.5000 9293.9746   17.5171
   -7.5000  -30.0000  -37.500010257.4336   17.4283
    0.0000  -30.0000  -37.500010639.5918   17.4564
    7.5000  -30.0000  -37.500010197.3867   17.5081
   -7.5000  -22.5000  -37.500011207.1699   17.4448
    0.0000  -22.5000  -37.500011627.4922   17.4734
    7.5000  -22.5000  -37.500011116.9980   17.5157
   -7.5000  -15.0000  -37.500012044.4395   17.4493
    0.0000  -15.0000  -37.500012525.6416   17.4718
    7.5000  -15.0000  -37.500011931.7266   17.5002
   -7.5000   -7.5000  -37.500012454.2832   17.4317
    0.0000   -7.5000  -37.500012943.7695   17.4469
    7.5000   -7.5000  -37.500012321.6934   17.4714
   -7.5000    0.0000  -37.500012709.5879   17.4114
    0.0000    0.0000  -37.500013194.3604   17.4269
    7.5000    0.0000  -37.500012517.4180   17.4596
   -7.5000    7.5000  -37.500012009.7627   17.4090
    0.0000    7.5000  -37.500012480.2881   17.4312
    7.5000    7.5000  -37.500011788.4844   17.4772
   -7.5000   15.0000  -37.500011227.8486   17.4240
    0.0000   15.0000  -37.500011650.3701   17.4521
    7.5000   15.0000  -37.500011007.5459   17.5038
   -7.5000   22.5000  -37.500010405.1885   17.4417
    0.0000   22.5000  -37.500010799.4170   17.4702
    7.5000   22.5000  -37.500010197.0957   17.5126
   -7.5000   30.0000  -37.5000 9558.3848   17.2458
    0.0000   30.0000  -37.5000 9906.4248   17.2678
    7.5000   30.0000  -37.5000 9358.8486   17.2957
   -7.5000   37.5000  -37.5000 9129.5508   17.5209
    0.0000   37.5000  -37.5000 9480.5518   17.5385
    7.5000   37.5000  -37.5000 8939.2383   17.5609
   -7.5000   45.0000  -37.5000 8434.5850   17.6044
    0.0000   45.0000  -37.5000 8774.0342   17.6329
    7.5000   45.0000  -37.5000 8265.4756   17.6738
   -7.5000  -45.0000  -30.0000 9509.5010   18.3284
    0.0000  -45.0000  -30.0000 9847.8262   18.3372
    7.5000  -45.0000  -30.0000 9430.4854   18.3737
   -7.5000  -37.5000  -30.000010018.8760   18.1821
    0.0000  -37.5000  -30.000010379.3701   18.1928
    7.5000  -37.5000  -30.0000 9936.9844   18.2385
   -7.5000  -30.0000  -30.000010946.9873   18.1621
    0.0000  -30.0000  -30.000011334.6680   18.1775
    7.5000  -30.0000  -30.000010873.5391   18.2266
   -7.5000  -22.5000  -30.000011993.2881   18.1814
    0.0000  -22.5000  -30.000012410.9307   18.2000
    7.5000  -22.5000  -30.000011871.5615   18.2423
   -7.5000  -15.0000  -30.000012892.6318   18.1865
    0.0000  -15.0000  -30.000013376.2119   18.2030
    7.5000  -15.0000  -30.000012740.5762   18.2354
   -7.5000   -7.5000  -30.000013339.3613   18.1670
    0.0000   -7.5000  -30.000013850.4922   18.1776
    7.5000   -7.5000  -30.000013173.3682   18.2074
   -7.5000    0.0000  -30.000013633.2822   18.1441
    0.0000    0.0000  -30.000014131.8740   18.1525
    7.5000    0.0000  -30.000013389.8262   18.1884
   -7.5000    7.5000  -30.000012891.6045   18.1407
    0.0000    7.5000  -30.000013395.0215   18.1516
    7.5000    7.5000  -30.000012588.2988   18.1971
   -7.5000   15.0000  -30.000012035.5811   18.1576
    0.0000   15.0000  -30.000012514.8574   18.1731
    7.5000   15.0000  -30.000011735.4756   18.2222
   -7.5000   22.5000  -30.000011144.0244   18.1763
    0.0000   22.5000  -30.000011585.0400   18.1949
    7.5000   22.5000  -30.000010860.6543   18.2371
   -7.5000   30.0000  -30.000010188.9131   17.9770
    0.0000   30.0000  -30.000010593.2900   17.9929
    7.5000   30.0000  -30.0000 9936.5977   18.0249
   -7.5000   37.5000  -30.0000 9723.0615   18.2647
    0.0000   37.5000  -30.000010092.6455   18.2755
    7.5000   37.5000  -30.0000 9484.1846   18.3042
   -7.5000   45.0000  -30.0000 8993.5732   18.3672
    0.0000   45.0000  -30.0000 9346.2236   18.3868
    7.5000   45.0000  -30.0000 8802.8418   18.4306
   -7.5000  -45.0000  -22.500010087.4629   18.9445
    0.0000  -45.0000  -22.500010441.2725   18.9457
    7.5000  -45.0000  -22.500010013.4424   18.9792
   -7.5000  -37.5000  -22.500010655.8242   18.7999
    0.0000  -37.5000  -22.500011028.6748   18.8016
    7.5000  -37.5000  -22.500010555.0322   18.8352
   -7.5000  -30.0000  -22.500011670.3242   18.7821
    0.0000  -30.0000  -22.500012081.1055   18.7877
    7.5000  -30.0000  -22.500011563.0635   18.8208
   -7.5000  -22.5000  -22.500012744.0010   18.7977
    0.0000  -22.5000  -22.500013232.1055   18.8076
    7.5000  -22.5000  -22.500012617.3584   18.8400
   -7.5000  -15.0000  -22.500013689.4980   18.7963
    0.0000  -15.0000  -22.500014232.6074   18.8058
    7.5000  -15.0000  -22.500013534.5889   18.8378
   -7.5000   -7.5000  -22.500014180.6641   18.7739
    0.0000   -7.5000  -22.500014723.9902   18.7784
    7.5000   -7.5000  -22.500014009.8750   18.8107
   -7.5000    0.0000  -22.500014499.8828   18.7542
    0.0000    0.0000  -22.500015020.1777   18.7552
    7.5000    0.0000  -22.500014238.9199   18.7883
   -7.5000    7.5000  -22.500013683.2588   18.7572
    0.0000    7.5000  -22.500014220.2812   18.7589
    7.5000    7.5000  -22.500013393.2402   18.7925
   -7.5000   15.0000  -22.500012779.8828   18.7775
    0.0000   15.0000  -22.500013302.8545   18.7831
    7.5000   15.0000  -22.500012470.2617   18.8163
   -7.5000   22.5000  -22.500011834.5039   18.7911
    0.0000   22.5000  -22.500012345.6348   18.8010
    7.5000   22.5000  -22.500011556.7910   18.8334
   -7.5000   30.0000  -22.500010840.7373   18.5856
    0.0000   30.0000  -22.500011317.5273   18.5946
    7.5000   30.0000  -22.500010581.2334   18.6261
   -7.5000   37.5000  -22.500010328.3057   18.8868
    0.0000   37.5000  -22.500010754.7979   18.8911
    7.5000   37.5000  -22.500010051.4473   18.9216
   -7.5000   45.0000  -22.5000 9557.4297   19.0042
    0.0000   45.0000  -22.5000 9954.0596   19.0146
    7.5000   45.0000  -22.5000 9345.8145   19.0547
   -7.5000  -45.0000  -15.000010694.5352   19.3865
    0.0000  -45.0000  -15.000011068.8945   19.3871
    7.5000  -45.0000  -15.000010617.5068   19.4157
   -7.5000  -37.5000  -15.000011309.5645   19.2446
    0.0000  -37.5000  -15.000011697.9922   19.2478
    7.5000  -37.5000  -15.000011179.3154   19.2712
   -7.5000  -30.0000  -15.000012377.5898   19.2263
    0.0000  -30.0000  -15.000012810.1416   19.2342
    7.5000  -30.0000  -15.000012269.5361   19.2558
   -7.5000  -22.5000  -15.000013478.5898   19.2366
    0.0000  -22.5000  -15.000013991.1543   19.2476
    7.5000  -22.5000  -15.000013386.6182   19.2722
   -7.5000  -15.0000  -15.000014388.3594   19.2296
    0.0000  -15.0000  -15.000014948.9443   19.2389
    7.5000  -15.0000  -15.000014240.9492   19.2683
   -7.5000   -7.5000  -15.000014932.2246   19.2067
    0.0000   -7.5000  -15.000015506.8965   19.2103
    7.5000   -7.5000  -15.000014756.6387   19.2413
   -7.5000    0.0000  -15.000015287.6465   19.1922
    0.0000    0.0000  -15.000015844.6543   19.1927
    7.5000    0.0000  -15.000015037.7871   19.2208
   -7.5000    7.5000  -15.000014442.6455   19.2008
    0.0000    7.5000  -15.000015001.2031   19.2040
    7.5000    7.5000  -15.000014157.1104   19.2275
   -7.5000   15.0000  -15.000013510.1572   19.2216
    0.0000   15.0000  -15.000014094.6064   19.2295
    7.5000   15.0000  -15.000013231.0088   19.2511
   -7.5000   22.5000  -15.000012516.6865   19.2290
    0.0000   22.5000  -15.000013086.9570   19.2400
    7.5000   22.5000  -15.000012259.2295   19.2646
   -7.5000   30.0000  -15.000011482.3428   19.0184
    0.0000   30.0000  -15.000012012.3506   19.0274
    7.5000   30.0000  -15.000011220.6660   19.0562
   -7.5000   37.5000  -15.000010914.3242   19.3307
    0.0000   37.5000  -15.000011375.6611   19.3355
    7.5000   37.5000  -15.000010617.7461   19.3631
   -7.5000   45.0000  -15.000010088.8154   19.4568
    0.0000   45.0000  -15.000010530.8916   19.4672
    7.5000   45.0000  -15.0000 9858.7637   19.5022
   -7.5000  -45.0000   -7.500011331.5361   19.6126
    0.0000  -45.0000   -7.500011771.7471   19.6232
    7.5000  -45.0000   -7.500011244.8936   19.6493
   -7.5000  -37.5000   -7.500011955.5107   19.4684
    0.0000  -37.5000   -7.500012419.1582   19.4859
    7.5000  -37.5000   -7.500011844.9453   19.5132
   -7.5000  -30.0000   -7.500013057.1270   19.4476
    0.0000  -30.0000   -7.500013589.0127   19.4713
    7.5000  -30.0000   -7.500012991.9961   19.5004
   -7.5000  -22.5000   -7.500014227.0566   19.4574
    0.0000  -22.5000   -7.500014797.8896   19.4808
    7.5000  -22.5000   -7.500014138.8389   19.5096
   -7.5000  -15.0000   -7.500015142.0400   19.4520
    0.0000  -15.0000   -7.500015708.9102   19.4691
    7.5000  -15.0000   -7.500014998.5557   19.4962
   -7.5000   -7.5000   -7.500015750.8447   19.4306
    0.0000   -7.5000   -7.500016379.5127   19.4406
    7.5000   -7.5000   -7.500015566.3545   19.4664
   -7.5000    0.0000   -7.500016173.2754   19.4163
    0.0000    0.0000   -7.500016832.6035   19.4265
    7.5000    0.0000   -7.500015934.0059   19.4522
   -7.5000    7.5000   -7.500015272.0898   19.4241
    0.0000    7.5000   -7.500015905.7422   19.4415
    7.5000    7.5000   -7.500015058.5156   19.4688
   -7.5000   15.0000   -7.500014282.3184   19.4428
    0.0000   15.0000   -7.500014921.8896   19.4665
    7.5000   15.0000   -7.500014046.0449   19.4956
   -7.5000   22.5000   -7.500013228.9424   19.4476
    0.0000   22.5000   -7.500013816.7148   19.4710
    7.5000   22.5000   -7.500012989.6299   19.4998
   -7.5000   30.0000   -7.500012092.9434   19.2364
    0.0000   30.0000   -7.500012651.2959   19.2532
    7.5000   30.0000   -7.500011860.4492   19.2796
   -7.5000   37.5000   -7.500011436.3711   19.5512
    0.0000   37.5000   -7.500011962.4512   19.5647
    7.5000   37.5000   -7.500011217.4883   19.5862
   -7.5000   45.0000   -7.500010593.9004   19.6792
    0.0000   45.0000   -7.500011091.0781   19.7021
    7.5000   45.0000   -7.500010385.4707   19.7358
   -7.5000  -45.0000    0.000011867.6934   19.6641
    0.0000  -45.0000    0.000012359.8613   19.6838
    7.5000  -45.0000    0.000011774.1143   19.7140
   -7.5000  -37.5000    0.000012503.1270   19.5147
    0.0000  -37.5000    0.000012992.3564   19.5440
    7.5000  -37.5000    0.000012428.8154   19.5850
   -7.5000  -30.0000    0.000013656.5664   19.4924
    0.0000  -30.0000    0.000014181.9492   19.5288
    7.5000  -30.0000    0.000013598.1045   19.5755
   -7.5000  -22.5000    0.000014842.7451   19.5059
    0.0000  -22.5000    0.000015409.8105   19.5403
    7.5000  -22.5000    0.000014761.5957   19.5798
   -7.5000  -15.0000    0.000015807.6631   19.5056
    0.0000  -15.0000    0.000016360.8926   19.5306
    7.5000  -15.0000    0.000015650.9854   19.5581
   -7.5000   -7.5000    0.000016506.9941   19.4852
    0.0000   -7.5000    0.000017150.7734   19.5019
    7.5000   -7.5000    0.000016280.4688   19.5254
   -7.5000    0.0000    0.000017037.8418   19.4671
    0.0000    0.0000    0.000017725.8848   19.4862
    7.5000    0.0000    0.000016810.0352   19.5159
   -7.5000    7.5000    0.000016082.4404   19.4702
    0.0000    7.5000    0.000016778.8652   19.4994
    7.5000    7.5000    0.000015932.1777   19.5404
   -7.5000   15.0000    0.000015029.4590   19.4876
    0.0000   15.0000    0.000015701.4033   19.5240
    7.5000   15.0000    0.000014861.1406   19.5708
   -7.5000   22.5000    0.000013867.6758   19.4961
    0.0000   22.5000    0.000014475.3545   19.5305
    7.5000   22.5000    0.000013692.5537   19.5700
   -7.5000   30.0000    0.000012625.5371   19.2871
    0.0000   30.0000    0.000013182.6309   19.3118
    7.5000   30.0000    0.000012448.9834   19.3387
   -7.5000   37.5000    0.000011941.1143   19.5977
    0.0000   37.5000    0.000012496.3691   19.6189
    7.5000   37.5000    0.000011787.9590   19.6384
   -7.5000   45.0000    0.000011084.2744   19.7260
    0.0000   45.0000    0.000011614.8857   19.7601
    7.5000   45.0000    0.000010919.6572   19.7988
   -7.5000  -45.0000    7.500011493.4814   19.6802
    0.0000  -45.0000    7.500011968.2656   19.6983
    7.5000  -45.0000    7.500011407.3271   19.7355
   -7.5000  -37.5000    7.500012119.4229   19.5244
    0.0000  -37.5000    7.500012588.6816   19.5492
    7.5000  -37.5000    7.500012039.7051   19.6009
   -7.5000  -30.0000    7.500013214.4639   19.5014
    0.0000  -30.0000    7.500013704.0410   19.5329
    7.5000  -30.0000    7.500013134.8555   19.5908
   -7.5000  -22.5000    7.500014357.7031   19.5200
    0.0000  -22.5000    7.500014840.9229   19.5519
    7.5000  -22.5000    7.500014254.3291   19.5993
   -7.5000  -15.0000    7.500015255.8486   19.5250
    0.0000  -15.0000    7.500015768.8154   19.5501
    7.5000  -15.0000    7.500015115.2559   19.5820
   -7.5000   -7.5000    7.500015995.2480   19.5053
    0.0000   -7.5000    7.500016571.9668   19.5223
    7.5000   -7.5000    7.500015794.8701   19.5498
   -7.5000    0.0000    7.500016574.5605   19.4826
    0.0000    0.0000    7.500017113.1426   19.5000
    7.5000    0.0000    7.500016410.6855   19.5366
   -7.5000    7.5000    7.500015666.4473   19.4799
    0.0000    7.5000    7.500016185.8018   19.5047
    7.5000    7.5000    7.500015587.0137   19.5563
   -7.5000   15.0000    7.500014674.9561   19.4967
    0.0000   15.0000    7.500015228.3291   19.5281
    7.5000   15.0000    7.500014560.0391   19.5860
   -7.5000   22.5000    7.500013550.1211   19.5102
    0.0000   22.5000    7.500014125.9336   19.5421
    7.5000   22.5000    7.500013397.3809   19.5894
   -7.5000   30.0000    7.500012333.4365   19.3048
    0.0000   30.0000    7.500012862.1045   19.3294
    7.5000   30.0000    7.500012149.5078   19.3607
   -7.5000   37.5000    7.500011649.4375   19.6127
    0.0000   37.5000    7.500012152.9385   19.6325
    7.5000   37.5000    7.500011462.6650   19.6576
   -7.5000   45.0000    7.500010794.2178   19.7450
    0.0000   45.0000    7.500011251.2051   19.7769
    7.5000   45.0000    7.500010569.8174   19.8228
   -7.5000  -45.0000   15.000010996.2656   19.6816
    0.0000  -45.0000   15.000011457.7236   19.6911
    7.5000  -45.0000   15.000010946.9941   19.7303
   -7.5000  -37.5000   15.000011661.4346   19.5245
    0.0000  -37.5000   15.000012113.1240   19.5361
    7.5000  -37.5000   15.000011602.4805   19.5851
   -7.5000  -30.0000   15.000012740.5186   19.5030
    0.0000  -30.0000   15.000013192.5713   19.5196
    7.5000  -30.0000   15.000012682.5088   19.5723
   -7.5000  -22.5000   15.000013827.0918   19.5238
    0.0000  -22.5000   15.000014301.8701   19.5438
    7.5000  -22.5000   15.000013756.1553   19.5892
   -7.5000  -15.0000   15.000014659.6445   19.5293
    0.0000  -15.0000   15.000015143.6641   19.5469
    7.5000  -15.0000   15.000014596.4717   19.5818
   -7.5000   -7.5000   15.000015319.9492   19.5084
    0.0000   -7.5000   15.000015747.9287   19.5197
    7.5000   -7.5000   15.000015191.8838   19.5517
   -7.5000    0.0000   15.000015793.9326   19.4838
    0.0000    0.0000   15.000016164.4229   19.4927
    7.5000    0.0000   15.000015602.0918   19.5313
   -7.5000    7.5000   15.000015085.1621   19.4801
    0.0000    7.5000   15.000015449.4678   19.4918
    7.5000    7.5000   15.000014792.3379   19.5406
   -7.5000   15.0000   15.000014222.1934   19.4983
    0.0000   15.0000   15.000014662.0430   19.5148
    7.5000   15.0000   15.000013858.8115   19.5676
   -7.5000   22.5000   15.000013107.3584   19.5140
    0.0000   22.5000   15.000013583.9688   19.5340
    7.5000   22.5000   15.000012762.3291   19.5793
   -7.5000   30.0000   15.000011904.4697   19.3100
    0.0000   30.0000   15.000012353.2969   19.3271
    7.5000   30.0000   15.000011607.4082   19.3615
   -7.5000   37.5000   15.000011186.7822   19.6190
    0.0000   37.5000   15.000011592.7852   19.6307
    7.5000   37.5000   15.000010948.0078   19.6614
   -7.5000   45.0000   15.000010345.7246   19.7553
    0.0000   45.0000   15.000010729.6602   19.7764
    7.5000   45.0000   15.000010129.7373   19.8235
   -7.5000  -45.0000   22.500010503.5068   19.6659
    0.0000  -45.0000   22.500010905.4531   19.6672
    7.5000  -45.0000   22.500010494.2979   19.7020
   -7.5000  -37.5000   22.500011135.8066   19.5158
    0.0000  -37.5000   22.500011538.8779   19.5175
    7.5000  -37.5000   22.500011106.8701   19.5525
   -7.5000  -30.0000   22.500012197.0117   19.4973
    0.0000  -30.0000   22.500012645.5596   19.5032
    7.5000  -30.0000   22.500012134.0039   19.5375
   -7.5000  -22.5000   22.500013271.2959   19.5136
    0.0000  -22.5000   22.500013764.2354   19.5238
    7.5000  -22.5000   22.500013170.8682   19.5574
   -7.5000  -15.0000   22.500014039.9873   19.5121
    0.0000  -15.0000   22.500014546.1592   19.5220
    7.5000  -15.0000   22.500013914.1660   19.5552
   -7.5000   -7.5000   22.500014604.5791   19.4888
    0.0000   -7.5000   22.500015077.9268   19.4934
    7.5000   -7.5000   22.500014401.0469   19.5270
   -7.5000    0.0000   22.500014988.4121   19.4684
    0.0000    0.0000   22.500015398.0225   19.4694
    7.5000    0.0000   22.500014687.2881   19.5037
   -7.5000    7.5000   22.500014265.0459   19.4715
    0.0000    7.5000   22.500014655.4893   19.4733
    7.5000    7.5000   22.500013907.4502   19.5081
   -7.5000   15.0000   22.500013442.7627   19.4925
    0.0000   15.0000   22.500013819.5391   19.4984
    7.5000   15.0000   22.500013055.7910   19.5328
   -7.5000   22.5000   22.500012384.5771   19.5037
    0.0000   22.5000   22.500012764.8936   19.5140
    7.5000   22.5000   22.500012042.0918   19.5476
   -7.5000   30.0000   22.500011259.3125   19.2960
    0.0000   30.0000   22.500011638.2871   19.3054
    7.5000   30.0000   22.500011004.0508   19.3381
   -7.5000   37.5000   22.500010609.6572   19.6088
    0.0000   37.5000   22.500010978.5225   19.6132
    7.5000   37.5000   22.500010390.6709   19.6449
   -7.5000   45.0000   22.5000 9799.4492   19.7450
    0.0000   45.0000   22.500010163.2881   19.7558
    7.5000   45.0000   22.5000 9627.4395   19.7975
   -7.5000  -45.0000   30.0000 9878.8730   19.6537
    0.0000  -45.0000   30.000010285.6260   19.6544
    7.5000  -45.0000   30.0000 9845.3398   19.6833
   -7.5000  -37.5000   30.000010470.1758   19.5098
    0.0000  -37.5000   30.000010905.2412   19.5130
    7.5000  -37.5000   30.000010384.4199   19.5368
   -7.5000  -30.0000   30.000011474.5879   19.4913
    0.0000  -30.0000   30.000011963.6201   19.4993
    7.5000  -30.0000   30.000011355.8008   19.5211
   -7.5000  -22.5000   30.000012466.3555   19.5018
    0.0000  -22.5000   30.000012989.3994   19.5129
    7.5000  -22.5000   30.000012313.7842   19.5379
   -7.5000  -15.0000   30.000013137.0205   19.4947
    0.0000  -15.0000   30.000013642.0244   19.5041
    7.5000  -15.0000   30.000012967.0684   19.5339
   -7.5000   -7.5000   30.000013556.2334   19.4715
    0.0000   -7.5000   30.000014009.3428   19.4751
    7.5000   -7.5000   30.000013374.2998   19.5066
   -7.5000    0.0000   30.000013873.5244   19.4567
    0.0000    0.0000   30.000014321.9189   19.4572
    7.5000    0.0000   30.000013668.8682   19.4857
   -7.5000    7.5000   30.000013128.9756   19.4655
    0.0000    7.5000   30.000013558.4443   19.4687
    7.5000    7.5000   30.000012926.3145   19.4924
   -7.5000   15.0000   30.000012330.6514   19.4865
    0.0000   15.0000   30.000012769.3750   19.4945
    7.5000   15.0000   30.000012131.9375   19.5164
   -7.5000   22.5000   30.000011383.2129   19.4920
    0.0000   22.5000   30.000011801.1826   19.5031
    7.5000   22.5000   30.000011202.6064   19.5281
   -7.5000   30.0000   30.000010427.1572   19.2806
    0.0000   30.0000   30.000010791.6826   19.2897
    7.5000   30.0000   30.000010266.5566   19.3189
   -7.5000   37.5000   30.0000 9905.4658   19.5972
    0.0000   37.5000   30.000010249.5225   19.6020
    7.5000   37.5000   30.0000 9741.7129   19.6300
   -7.5000   45.0000   30.0000 9183.2646   19.7302
    0.0000   45.0000   30.0000 9513.0273   19.7408
    7.5000   45.0000   30.0000 9028.3398   19.7762
   -7.5000  -45.0000   37.5000 9518.1309   19.7514
    0.0000  -45.0000   37.5000 9919.0625   19.7622
    7.5000  -45.0000   37.5000 9456.2197   19.7888
   -7.5000  -37.5000   37.500010068.5059   19.6052
    0.0000  -37.5000   37.500010504.0176   19.6230
    7.5000  -37.5000   37.5000 9984.6084   19.6507
   -7.5000  -30.0000   37.500011016.0400   19.5840
    0.0000  -30.0000   37.500011493.7910   19.6083
    7.5000  -30.0000   37.500010913.8535   19.6375
   -7.5000  -22.5000   37.500011928.4766   19.5941
    0.0000  -22.5000   37.500012429.2314   19.6180
    7.5000  -22.5000   37.500011825.5586   19.6470
   -7.5000  -15.0000   37.500012539.6240   19.5888
    0.0000  -15.0000   37.500013002.7275   19.6064
    7.5000  -15.0000   37.500012405.8496   19.6338
   -7.5000   -7.5000   37.500012962.6562   19.5673
    0.0000   -7.5000   37.500013399.7930   19.5776
    7.5000   -7.5000   37.500012799.8477   19.6039
   -7.5000    0.0000   37.500013245.4297   19.5527
    0.0000    0.0000   37.500013715.2227   19.5632
    7.5000    0.0000   37.500013115.6357   19.5893
   -7.5000    7.5000   37.500012517.0039   19.5604
    0.0000    7.5000   37.500012958.6875   19.5781
    7.5000    7.5000   37.500012391.6406   19.6058
   -7.5000   15.0000   37.500011737.5762   19.5792
    0.0000   15.0000   37.500012175.3672   19.6034
    7.5000   15.0000   37.500011614.2334   19.6327
   -7.5000   22.5000   37.500010823.4600   19.5842
    0.0000   22.5000   37.500011252.4873   19.6081
    7.5000   22.5000   37.500010724.8467   19.6372
   -7.5000   30.0000   37.5000 9924.3652   19.3724
    0.0000   30.0000   37.500010316.0928   19.3897
    7.5000   30.0000   37.5000 9832.5586   19.4164
   -7.5000   37.5000   37.5000 9474.8418   19.6912
    0.0000   37.5000   37.5000 9838.8291   19.7051
    7.5000   37.5000   37.5000 9381.1201   19.7269
   -7.5000   45.0000   37.5000 8809.5605   19.8236
    0.0000   45.0000   37.5000 9155.5713   19.8469
    7.5000   45.0000   37.5000 8718.4912   19.8812
   -7.5000  -45.0000   45.0000 8690.8516   19.9312
    0.0000  -45.0000   45.0000 9043.6719   19.9501
    7.5000  -45.0000   45.0000 8618.3428   19.9833
   -7.5000  -37.5000   45.0000 9187.1807   19.7710
    0.0000  -37.5000   45.0000 9573.7402   19.8002
    7.5000  -37.5000   45.0000 9114.6172   19.8442
   -7.5000  -30.0000   45.000010064.8555   19.7497
    0.0000  -30.0000   45.000010494.0039   19.7863
    7.5000  -30.0000   45.0000 9985.4189   19.8357
   -7.5000  -22.5000   45.000010896.4521   19.7710
    0.0000  -22.5000   45.000011367.7139   19.8052
    7.5000  -22.5000   45.000010834.8516   19.8471
   -7.5000  -15.0000   45.000011422.1143   19.7767
    0.0000  -15.0000   45.000011874.0859   19.8007
    7.5000  -15.0000   45.000011324.5957   19.8306
   -7.5000   -7.5000   45.000011824.2627   19.7540
    0.0000   -7.5000   45.000012253.9893   19.7694
    7.5000   -7.5000   45.000011686.5977   19.7955
   -7.5000    0.0000   45.000012100.4551   19.7276
    0.0000    0.0000   45.000012530.4795   19.7459
    7.5000    0.0000   45.000011970.9238   19.7784
   -7.5000    7.5000   45.000011407.6240   19.7250
    0.0000    7.5000   45.000011817.6709   19.7542
    7.5000    7.5000   45.000011310.8037   19.7981
   -7.5000   15.0000   45.000010659.7168   19.7448
    0.0000   15.0000   45.000011068.4111   19.7814
    7.5000   15.0000   45.000010579.0840   19.8308
   -7.5000   22.5000   45.0000 9857.7617   19.7610
    0.0000   22.5000   45.000010269.0049   19.7951
    7.5000   22.5000   45.0000 9783.2988   19.8371
   -7.5000   30.0000   45.0000 9070.8359   19.5542
    0.0000   30.0000   45.0000 9438.2041   19.5780
    7.5000   30.0000   45.0000 8985.5117   19.6071
   -7.5000   37.5000   45.0000 8683.7881   19.8740
    0.0000   37.5000   45.0000 9017.5410   19.8941
    7.5000   37.5000   45.0000 8592.3174   19.9161
   -7.5000   45.0000   45.0000 8099.8018   19.9995
    0.0000   45.0000   45.0000 8420.7754   20.0332
    7.5000   45.0000   45.0000 8006.6816   20.0754

---------------------------------------------------------------------
imgreg_4dfp /opt/freesurfer/average/711-2C_as_mni_average_305 /opt/freesurfer/average/711-2B_as_mni_average_305_mask talsrcimg_g11 none talsrcimg_to_711-2C_as_mni_average_305_t4 4355
---------------------------------------------------------------------

freesurfer imgreg_4dfp.c
/opt/freesurfer/average/711-2C_as_mni_average_305.4dfp.img
       256       256       256         1
  1.000000  1.000000  1.000000
orientation T byte_order littleendian
Reading image: /opt/freesurfer/average/711-2C_as_mni_average_305.4dfp.img
dimensions:      256       256       256
mmppix:       1.0000   -1.0000   -1.0000
center:     128.0000 -129.0000 -129.0000
/opt/freesurfer/average/711-2B_as_mni_average_305_mask.4dfp.img
       256       256       256         1
  1.000000  1.000000  1.000000
orientation T byte_order littleendian
Reading mask: /opt/freesurfer/average/711-2B_as_mni_average_305_mask.4dfp.img (2306576 pixels)
talsrcimg_g11.4dfp.img
       256       256       256         1
  1.000000  1.000000  1.000000
orientation T byte_order littleendian
Reading image: talsrcimg_g11.4dfp.img
dimensions:      256       256       256
mmppix:       1.0000   -1.0000   -1.0000
center:     128.0000 -129.0000 -129.0000
rotation matrix determinant  1.000000
image alignment mode   4355 decimal     1103 hex
   -7.5000  -45.0000  -45.0000 2138.7854   20.7971
    0.0000  -45.0000  -45.0000 2144.9177   20.7438
    7.5000  -45.0000  -45.0000 2120.4160   21.0710
   -7.5000  -37.5000  -45.0000 2163.9514   20.0725
    0.0000  -37.5000  -45.0000 2165.7607   20.0053
    7.5000  -37.5000  -45.0000 2145.8291   20.4079
   -7.5000  -30.0000  -45.0000 2186.0256   19.7218
    0.0000  -30.0000  -45.0000 2194.3323   19.6829
    7.5000  -30.0000  -45.0000 2164.5461   20.0632
   -7.5000  -22.5000  -45.0000 2213.9814   19.4798
    0.0000  -22.5000  -45.0000 2216.8718   19.4697
    7.5000  -22.5000  -45.0000 2192.1638   19.8242
   -7.5000  -15.0000  -45.0000 2240.3076   19.3808
    0.0000  -15.0000  -45.0000 2238.7007   19.3840
    7.5000  -15.0000  -45.0000 2214.3633   19.6384
   -7.5000   -7.5000  -45.0000 2241.7253   19.3838
    0.0000   -7.5000  -45.0000 2241.6016   19.3883
    7.5000   -7.5000  -45.0000 2217.2651   19.6123
   -7.5000    0.0000  -45.0000 2234.4580   19.5172
    0.0000    0.0000  -45.0000 2242.4221   19.4761
    7.5000    0.0000  -45.0000 2209.5752   19.7497
   -7.5000    7.5000  -45.0000 2218.7021   19.7261
    0.0000    7.5000  -45.0000 2226.5955   19.7160
    7.5000    7.5000  -45.0000 2196.9595   20.0259
   -7.5000   15.0000  -45.0000 2201.7952   20.1354
    0.0000   15.0000  -45.0000 2205.8723   20.1606
    7.5000   15.0000  -45.0000 2174.7061   20.4384
   -7.5000   22.5000  -45.0000 2183.6208   20.7720
    0.0000   22.5000  -45.0000 2190.5991   20.7690
    7.5000   22.5000  -45.0000 2152.0891   21.1192
   -7.5000   30.0000  -45.0000 2148.7661   21.8251
    0.0000   30.0000  -45.0000 2153.5107   21.7896
    7.5000   30.0000  -45.0000 2114.9932   22.1693
   -7.5000   37.5000  -45.0000 2099.9734   23.3111
    0.0000   37.5000  -45.0000 2100.2842   23.2772
    7.5000   37.5000  -45.0000 2062.1672   23.7162
   -7.5000   45.0000  -45.0000 2021.7407   25.5074
    0.0000   45.0000  -45.0000 2025.4949   25.4413
    7.5000   45.0000  -45.0000 1982.6178   26.0209
   -7.5000  -45.0000  -37.5000 2223.6738   19.2009
    0.0000  -45.0000  -37.5000 2232.1658   19.1263
    7.5000  -45.0000  -37.5000 2215.0403   19.4682
   -7.5000  -37.5000  -37.5000 2254.2717   18.5086
    0.0000  -37.5000  -37.5000 2259.6863   18.4776
    7.5000  -37.5000  -37.5000 2240.6521   18.7409
   -7.5000  -30.0000  -37.5000 2281.5505   18.1001
    0.0000  -30.0000  -37.5000 2286.0337   18.1056
    7.5000  -30.0000  -37.5000 2263.0396   18.3588
   -7.5000  -22.5000  -37.5000 2315.0203   17.7600
    0.0000  -22.5000  -37.5000 2322.8960   17.8189
    7.5000  -22.5000  -37.5000 2290.3650   18.0987
   -7.5000  -15.0000  -37.5000 2342.1814   17.6388
    0.0000  -15.0000  -37.5000 2346.9514   17.6340
    7.5000  -15.0000  -37.5000 2312.7585   17.9188
   -7.5000   -7.5000  -37.5000 2341.2998   17.6609
    0.0000   -7.5000  -37.5000 2351.1841   17.6536
    7.5000   -7.5000  -37.5000 2316.3369   17.9047
   -7.5000    0.0000  -37.5000 2342.1465   17.8328
    0.0000    0.0000  -37.5000 2352.4172   17.8132
    7.5000    0.0000  -37.5000 2311.5310   18.0337
   -7.5000    7.5000  -37.5000 2331.3105   18.0623
    0.0000    7.5000  -37.5000 2342.9285   18.0916
    7.5000    7.5000  -37.5000 2303.8313   18.3299
   -7.5000   15.0000  -37.5000 2314.5312   18.5062
    0.0000   15.0000  -37.5000 2320.7847   18.5817
    7.5000   15.0000  -37.5000 2286.3992   18.8002
   -7.5000   22.5000  -37.5000 2288.6785   19.1359
    0.0000   22.5000  -37.5000 2294.9900   19.1487
    7.5000   22.5000  -37.5000 2258.9082   19.4713
   -7.5000   30.0000  -37.5000 2250.4250   20.0878
    0.0000   30.0000  -37.5000 2251.5901   20.0678
    7.5000   30.0000  -37.5000 2215.6226   20.4487
   -7.5000   37.5000  -37.5000 2194.1047   21.5690
    0.0000   37.5000  -37.5000 2192.5754   21.5429
    7.5000   37.5000  -37.5000 2155.3271   21.9582
   -7.5000   45.0000  -37.5000 2105.7507   23.6416
    0.0000   45.0000  -37.5000 2109.5710   23.6372
    7.5000   45.0000  -37.5000 2068.4927   24.0650
   -7.5000  -45.0000  -30.0000 2347.9304   18.4262
    0.0000  -45.0000  -30.0000 2359.3101   18.3241
    7.5000  -45.0000  -30.0000 2343.5469   18.6392
   -7.5000  -37.5000  -30.0000 2385.4329   17.7330
    0.0000  -37.5000  -30.0000 2396.9983   17.6613
    7.5000  -37.5000  -30.0000 2372.7849   17.8887
   -7.5000  -30.0000  -30.0000 2412.5767   17.2531
    0.0000  -30.0000  -30.0000 2422.2839   17.2329
    7.5000  -30.0000  -30.0000 2399.4487   17.4983
   -7.5000  -22.5000  -30.0000 2455.1609   16.8958
    0.0000  -22.5000  -30.0000 2462.6633   16.9020
    7.5000  -22.5000  -30.0000 2426.5142   17.1515
   -7.5000  -15.0000  -30.0000 2487.8247   16.6946
    0.0000  -15.0000  -30.0000 2492.1536   16.7066
    7.5000  -15.0000  -30.0000 2455.9729   16.9499
   -7.5000   -7.5000  -30.0000 2492.6658   16.6840
    0.0000   -7.5000  -30.0000 2500.7371   16.6983
    7.5000   -7.5000  -30.0000 2462.6072   16.9391
   -7.5000    0.0000  -30.0000 2492.3240   16.8764
    0.0000    0.0000  -30.0000 2497.7510   16.8714
    7.5000    0.0000  -30.0000 2458.4575   17.1096
   -7.5000    7.5000  -30.0000 2493.7329   17.1838
    0.0000    7.5000  -30.0000 2501.4729   17.1744
    7.5000    7.5000  -30.0000 2453.4968   17.4145
   -7.5000   15.0000  -30.0000 2480.5537   17.6532
    0.0000   15.0000  -30.0000 2487.2549   17.6959
    7.5000   15.0000  -30.0000 2441.7690   17.9284
   -7.5000   22.5000  -30.0000 2452.0134   18.2892
    0.0000   22.5000  -30.0000 2458.6160   18.3207
    7.5000   22.5000  -30.0000 2408.9590   18.6346
   -7.5000   30.0000  -30.0000 2398.5767   19.2817
    0.0000   30.0000  -30.0000 2401.7463   19.2978
    7.5000   30.0000  -30.0000 2352.8755   19.5874
   -7.5000   37.5000  -30.0000 2329.4998   20.7428
    0.0000   37.5000  -30.0000 2330.1711   20.7630
    7.5000   37.5000  -30.0000 2284.2144   21.0654
   -7.5000   45.0000  -30.0000 2229.3120   22.6912
    0.0000   45.0000  -30.0000 2233.2151   22.6934
    7.5000   45.0000  -30.0000 2187.0100   23.0528
   -7.5000  -45.0000  -22.5000 2435.2275   17.6335
    0.0000  -45.0000  -22.5000 2448.6096   17.5141
    7.5000  -45.0000  -22.5000 2434.1404   17.8652
   -7.5000  -37.5000  -22.5000 2480.5100   16.8550
    0.0000  -37.5000  -22.5000 2492.1970   16.7759
    7.5000  -37.5000  -22.5000 2468.0298   17.0658
   -7.5000  -30.0000  -22.5000 2514.1501   16.3390
    0.0000  -30.0000  -22.5000 2527.3127   16.3199
    7.5000  -30.0000  -22.5000 2501.8271   16.5601
   -7.5000  -22.5000  -22.5000 2562.9399   15.9094
    0.0000  -22.5000  -22.5000 2577.5024   15.9239
    7.5000  -22.5000  -22.5000 2536.7275   16.1673
   -7.5000  -15.0000  -22.5000 2598.2134   15.7257
    0.0000  -15.0000  -22.5000 2612.1133   15.7783
    7.5000  -15.0000  -22.5000 2574.4990   15.9518
   -7.5000   -7.5000  -22.5000 2615.6682   15.6786
    0.0000   -7.5000  -22.5000 2624.1821   15.7211
    7.5000   -7.5000  -22.5000 2587.6125   15.9229
   -7.5000    0.0000  -22.5000 2620.0796   15.8372
    0.0000    0.0000  -22.5000 2622.4229   15.8632
    7.5000    0.0000  -22.5000 2582.8306   16.0959
   -7.5000    7.5000  -22.5000 2624.1167   16.1814
    0.0000    7.5000  -22.5000 2630.9902   16.1996
    7.5000    7.5000  -22.5000 2581.5652   16.4230
   -7.5000   15.0000  -22.5000 2615.9519   16.6643
    0.0000   15.0000  -22.5000 2621.5615   16.6820
    7.5000   15.0000  -22.5000 2569.2446   16.9091
   -7.5000   22.5000  -22.5000 2582.3562   17.3447
    0.0000   22.5000  -22.5000 2591.6602   17.3481
    7.5000   22.5000  -22.5000 2536.8142   17.5933
   -7.5000   30.0000  -22.5000 2524.2173   18.3345
    0.0000   30.0000  -22.5000 2536.6057   18.3855
    7.5000   30.0000  -22.5000 2480.3213   18.6264
   -7.5000   37.5000  -22.5000 2440.0710   19.7510
    0.0000   37.5000  -22.5000 2447.9587   19.7646
    7.5000   37.5000  -22.5000 2396.9275   20.0205
   -7.5000   45.0000  -22.5000 2331.2083   21.5679
    0.0000   45.0000  -22.5000 2336.8306   21.5541
    7.5000   45.0000  -22.5000 2289.4226   21.8867
   -7.5000  -45.0000  -15.0000 2498.0178   16.9504
    0.0000  -45.0000  -15.0000 2506.4221   16.8247
    7.5000  -45.0000  -15.0000 2493.5830   17.1503
   -7.5000  -37.5000  -15.0000 2543.1082   16.1135
    0.0000  -37.5000  -15.0000 2555.4495   16.0194
    7.5000  -37.5000  -15.0000 2527.6636   16.3290
   -7.5000  -30.0000  -15.0000 2585.2827   15.4964
    0.0000  -30.0000  -15.0000 2595.4219   15.4490
    7.5000  -30.0000  -15.0000 2573.7791   15.7434
   -7.5000  -22.5000  -15.0000 2634.2559   15.0563
    0.0000  -22.5000  -15.0000 2649.8477   15.0514
    7.5000  -22.5000  -15.0000 2617.8130   15.3505
   -7.5000  -15.0000  -15.0000 2674.7693   14.8363
    0.0000  -15.0000  -15.0000 2692.5981   14.8718
    7.5000  -15.0000  -15.0000 2654.1409   15.1058
   -7.5000   -7.5000  -15.0000 2702.7520   14.7769
    0.0000   -7.5000  -15.0000 2715.2502   14.8343
    7.5000   -7.5000  -15.0000 2678.8137   15.0320
   -7.5000    0.0000  -15.0000 2716.3062   14.9273
    0.0000    0.0000  -15.0000 2718.8982   14.9428
    7.5000    0.0000  -15.0000 2683.3833   15.1533
   -7.5000    7.5000  -15.0000 2736.0640   15.2768
    0.0000    7.5000  -15.0000 2741.0415   15.3178
    7.5000    7.5000  -15.0000 2686.4824   15.5080
   -7.5000   15.0000  -15.0000 2721.8413   15.7664
    0.0000   15.0000  -15.0000 2736.0410   15.7922
    7.5000   15.0000  -15.0000 2677.2300   15.9939
   -7.5000   22.5000  -15.0000 2685.6125   16.4408
    0.0000   22.5000  -15.0000 2700.8889   16.4890
    7.5000   22.5000  -15.0000 2642.1267   16.7087
   -7.5000   30.0000  -15.0000 2620.0276   17.4422
    0.0000   30.0000  -15.0000 2633.5176   17.4580
    7.5000   30.0000  -15.0000 2577.4851   17.7167
   -7.5000   37.5000  -15.0000 2526.3650   18.7726
    0.0000   37.5000  -15.0000 2534.1353   18.7599
    7.5000   37.5000  -15.0000 2485.0496   19.0415
   -7.5000   45.0000  -15.0000 2402.1389   20.4692
    0.0000   45.0000  -15.0000 2410.6545   20.4856
    7.5000   45.0000  -15.0000 2366.1335   20.7689
   -7.5000  -45.0000   -7.5000 2540.1921   16.3851
    0.0000  -45.0000   -7.5000 2549.6709   16.2646
    7.5000  -45.0000   -7.5000 2529.3728   16.5986
   -7.5000  -37.5000   -7.5000 2583.1704   15.4942
    0.0000  -37.5000   -7.5000 2593.8086   15.3888
    7.5000  -37.5000   -7.5000 2569.9792   15.7062
   -7.5000  -30.0000   -7.5000 2626.4524   14.7955
    0.0000  -30.0000   -7.5000 2642.6055   14.7737
    7.5000  -30.0000   -7.5000 2615.6924   15.0728
   -7.5000  -22.5000   -7.5000 2678.1270   14.3812
    0.0000  -22.5000   -7.5000 2695.2773   14.3600
    7.5000  -22.5000   -7.5000 2664.4768   14.6628
   -7.5000  -15.0000   -7.5000 2719.6948   14.1680
    0.0000  -15.0000   -7.5000 2735.5471   14.1471
    7.5000  -15.0000   -7.5000 2699.9124   14.4261
   -7.5000   -7.5000   -7.5000 2766.4150   14.0624
    0.0000   -7.5000   -7.5000 2781.5420   14.0569
    7.5000   -7.5000   -7.5000 2740.9404   14.2982
   -7.5000    0.0000   -7.5000 2800.9539   14.1824
    0.0000    0.0000   -7.5000 2811.6260   14.2100
    7.5000    0.0000   -7.5000 2764.5571   14.4487
   -7.5000    7.5000   -7.5000 2826.4631   14.4904
    0.0000    7.5000   -7.5000 2838.2009   14.5265
    7.5000    7.5000   -7.5000 2778.5361   14.8016
   -7.5000   15.0000   -7.5000 2814.1931   14.9842
    0.0000   15.0000   -7.5000 2829.0559   15.0231
    7.5000   15.0000   -7.5000 2767.8362   15.2906
   -7.5000   22.5000   -7.5000 2772.6826   15.6810
    0.0000   22.5000   -7.5000 2784.4705   15.6853
    7.5000   22.5000   -7.5000 2730.8843   15.9577
   -7.5000   30.0000   -7.5000 2690.2065   16.5878
    0.0000   30.0000   -7.5000 2702.3904   16.5799
    7.5000   30.0000   -7.5000 2650.1853   16.8657
   -7.5000   37.5000   -7.5000 2576.2573   17.9100
    0.0000   37.5000   -7.5000 2587.9746   17.8661
    7.5000   37.5000   -7.5000 2547.0525   18.1947
   -7.5000   45.0000   -7.5000 2449.1973   19.5916
    0.0000   45.0000   -7.5000 2458.9846   19.5861
    7.5000   45.0000   -7.5000 2414.2021   19.9307
   -7.5000  -45.0000    0.0000 2552.2683   16.0003
    0.0000  -45.0000    0.0000 2572.7881   15.9046
    7.5000  -45.0000    0.0000 2547.7168   16.2008
   -7.5000  -37.5000    0.0000 2597.6638   15.0736
    0.0000  -37.5000    0.0000 2614.2546   14.9868
    7.5000  -37.5000    0.0000 2590.8259   15.3173
   -7.5000  -30.0000    0.0000 2646.2461   14.3705
    0.0000  -30.0000    0.0000 2658.0950   14.2994
    7.5000  -30.0000    0.0000 2638.9739   14.7030
   -7.5000  -22.5000    0.0000 2695.1548   13.9105
    0.0000  -22.5000    0.0000 2708.4089   13.8353
    7.5000  -22.5000    0.0000 2681.4033   14.2226
   -7.5000  -15.0000    0.0000 2745.7393   13.6783
    0.0000  -15.0000    0.0000 2759.3369   13.6039
    7.5000  -15.0000    0.0000 2726.8218   13.9637
   -7.5000   -7.5000    0.0000 2801.0347   13.6075
    0.0000   -7.5000    0.0000 2818.9009   13.5697
    7.5000   -7.5000    0.0000 2774.4446   13.8983
   -7.5000    0.0000    0.0000 2856.4421   13.7595
    0.0000    0.0000    0.0000 2873.7129   13.7493
    7.5000    0.0000    0.0000 2813.0544   14.0508
   -7.5000    7.5000    0.0000 2897.0068   13.9575
    0.0000    7.5000    0.0000 2923.6658   13.9521
    7.5000    7.5000    0.0000 2835.9182   14.3939
   -7.5000   15.0000    0.0000 2887.9419   14.4309
    0.0000   15.0000    0.0000 2912.2156   14.4463
    7.5000   15.0000    0.0000 2834.2522   14.8781
   -7.5000   22.5000    0.0000 2834.2195   15.1489
    0.0000   22.5000    0.0000 2847.8826   15.1222
    7.5000   22.5000    0.0000 2792.9221   15.5297
   -7.5000   30.0000    0.0000 2735.2686   16.0098
    0.0000   30.0000    0.0000 2746.0183   15.9765
    7.5000   30.0000    0.0000 2694.5339   16.3946
   -7.5000   37.5000    0.0000 2607.6934   17.3211
    0.0000   37.5000    0.0000 2623.2332   17.3113
    7.5000   37.5000    0.0000 2579.1023   17.6747
   -7.5000   45.0000    0.0000 2473.3909   18.9779
    0.0000   45.0000    0.0000 2485.1340   19.0184
    7.5000   45.0000    0.0000 2442.3252   19.3730
   -7.5000  -45.0000    7.5000 2549.1904   15.8289
    0.0000  -45.0000    7.5000 2572.4087   15.6794
    7.5000  -45.0000    7.5000 2542.2983   16.0143
   -7.5000  -37.5000    7.5000 2598.7822   14.8729
    0.0000  -37.5000    7.5000 2619.0508   14.7036
    7.5000  -37.5000    7.5000 2595.0676   15.0743
   -7.5000  -30.0000    7.5000 2645.4785   14.1555
    0.0000  -30.0000    7.5000 2660.2273   13.9965
    7.5000  -30.0000    7.5000 2638.3591   14.3896
   -7.5000  -22.5000    7.5000 2697.8899   13.6995
    0.0000  -22.5000    7.5000 2710.5149   13.5483
    7.5000  -22.5000    7.5000 2682.1355   13.9769
   -7.5000  -15.0000    7.5000 2752.5754   13.4587
    0.0000  -15.0000    7.5000 2767.5161   13.3017
    7.5000  -15.0000    7.5000 2735.5754   13.7636
   -7.5000   -7.5000    7.5000 2817.2644   13.4348
    0.0000   -7.5000    7.5000 2832.3572   13.2955
    7.5000   -7.5000    7.5000 2789.3589   13.7271
   -7.5000    0.0000    7.5000 2878.8843   13.5845
    0.0000    0.0000    7.5000 2902.7122   13.4645
    7.5000    0.0000    7.5000 2838.9895   13.8882
   -7.5000    7.5000    7.5000 2932.5598   13.7709
    0.0000    7.5000    7.5000 2965.8110   13.6719
    7.5000    7.5000    7.5000 2870.8003   14.2312
   -7.5000   15.0000    7.5000 2942.5520   14.2015
    0.0000   15.0000    7.5000 2968.6362   14.1119
    7.5000   15.0000    7.5000 2872.5999   14.7401
   -7.5000   22.5000    7.5000 2874.2317   14.9843
    0.0000   22.5000    7.5000 2897.7305   14.9477
    7.5000   22.5000    7.5000 2825.2522   15.3985
   -7.5000   30.0000    7.5000 2755.1799   15.8912
    0.0000   30.0000    7.5000 2770.6606   15.8898
    7.5000   30.0000    7.5000 2718.5413   16.2178
   -7.5000   37.5000    7.5000 2623.4578   17.0642
    0.0000   37.5000    7.5000 2639.2678   17.0388
    7.5000   37.5000    7.5000 2595.2109   17.3283
   -7.5000   45.0000    7.5000 2481.2275   18.6454
    0.0000   45.0000    7.5000 2490.7100   18.6336
    7.5000   45.0000    7.5000 2449.9236   18.9419
   -7.5000  -45.0000   15.0000 2515.9719   15.8962
    0.0000  -45.0000   15.0000 2546.1184   15.7096
    7.5000  -45.0000   15.0000 2515.9141   16.0915
   -7.5000  -37.5000   15.0000 2576.7537   14.9109
    0.0000  -37.5000   15.0000 2603.3806   14.6886
    7.5000  -37.5000   15.0000 2578.5171   15.1305
   -7.5000  -30.0000   15.0000 2629.1602   14.2189
    0.0000  -30.0000   15.0000 2650.1772   13.9889
    7.5000  -30.0000   15.0000 2623.8914   14.4415
   -7.5000  -22.5000   15.0000 2681.0120   13.7905
    0.0000  -22.5000   15.0000 2700.8450   13.5543
    7.5000  -22.5000   15.0000 2669.5112   14.0512
   -7.5000  -15.0000   15.0000 2738.9006   13.5922
    0.0000  -15.0000   15.0000 2757.5344   13.3320
    7.5000  -15.0000   15.0000 2727.8376   13.8817
   -7.5000   -7.5000   15.0000 2805.4148   13.5473
    0.0000   -7.5000   15.0000 2820.0818   13.3128
    7.5000   -7.5000   15.0000 2788.1311   13.8296
   -7.5000    0.0000   15.0000 2863.7244   13.6680
    0.0000    0.0000   15.0000 2882.7261   13.4227
    7.5000    0.0000   15.0000 2834.4617   13.9595
   -7.5000    7.5000   15.0000 2918.0547   13.9195
    0.0000    7.5000   15.0000 2935.1370   13.7143
    7.5000    7.5000   15.0000 2862.2378   14.2374
   -7.5000   15.0000   15.0000 2920.2373   14.4704
    0.0000   15.0000   15.0000 2944.2520   14.3585
    7.5000   15.0000   15.0000 2857.0312   14.7574
   -7.5000   22.5000   15.0000 2859.8352   15.1869
    0.0000   22.5000   15.0000 2880.6685   15.1513
    7.5000   22.5000   15.0000 2809.0732   15.4375
   -7.5000   30.0000   15.0000 2747.8987   16.0109
    0.0000   30.0000   15.0000 2766.3293   15.9810
    7.5000   30.0000   15.0000 2709.8381   16.2288
   -7.5000   37.5000   15.0000 2609.9053   17.0930
    0.0000   37.5000   15.0000 2625.5203   17.0561
    7.5000   37.5000   15.0000 2584.9104   17.2887
   -7.5000   45.0000   15.0000 2474.5007   18.5669
    0.0000   45.0000   15.0000 2480.0603   18.5677
    7.5000   45.0000   15.0000 2443.7371   18.8024
   -7.5000  -45.0000   22.5000 2484.3103   16.2656
    0.0000  -45.0000   22.5000 2505.5298   15.9841
    7.5000  -45.0000   22.5000 2491.8977   16.4481
   -7.5000  -37.5000   22.5000 2551.1829   15.2418
    0.0000  -37.5000   22.5000 2571.7988   14.9465
    7.5000  -37.5000   22.5000 2554.3831   15.4416
   -7.5000  -30.0000   22.5000 2609.8657   14.5730
    0.0000  -30.0000   22.5000 2627.9939   14.2871
    7.5000  -30.0000   22.5000 2604.9529   14.7802
   -7.5000  -22.5000   22.5000 2666.4951   14.2263
    0.0000  -22.5000   22.5000 2683.9729   13.9777
    7.5000  -22.5000   22.5000 2654.5483   14.4135
   -7.5000  -15.0000   22.5000 2722.8826   14.0572
    0.0000  -15.0000   22.5000 2737.7627   13.8337
    7.5000  -15.0000   22.5000 2706.6904   14.2365
   -7.5000   -7.5000   22.5000 2783.5518   13.9602
    0.0000   -7.5000   22.5000 2799.8601   13.7773
    7.5000   -7.5000   22.5000 2758.7922   14.1641
   -7.5000    0.0000   22.5000 2830.0159   14.0537
    0.0000    0.0000   22.5000 2838.8611   13.8246
    7.5000    0.0000   22.5000 2789.3079   14.2509
   -7.5000    7.5000   22.5000 2868.2493   14.3020
    0.0000    7.5000   22.5000 2879.2539   14.1244
    7.5000    7.5000   22.5000 2816.9827   14.4597
   -7.5000   15.0000   22.5000 2862.4834   14.8350
    0.0000   15.0000   22.5000 2878.8650   14.7310
    7.5000   15.0000   22.5000 2808.4873   14.9845
   -7.5000   22.5000   22.5000 2802.7466   15.5321
    0.0000   22.5000   22.5000 2820.8193   15.4584
    7.5000   22.5000   22.5000 2758.1550   15.6530
   -7.5000   30.0000   22.5000 2700.9961   16.3407
    0.0000   30.0000   22.5000 2723.6860   16.2918
    7.5000   30.0000   22.5000 2667.5027   16.4937
   -7.5000   37.5000   22.5000 2578.0674   17.4118
    0.0000   37.5000   22.5000 2591.3782   17.3503
    7.5000   37.5000   22.5000 2548.6235   17.6343
   -7.5000   45.0000   22.5000 2444.6140   18.8033
    0.0000   45.0000   22.5000 2456.0576   18.7867
    7.5000   45.0000   22.5000 2418.5042   19.0922
   -7.5000  -45.0000   30.0000 2446.6785   16.9163
    0.0000  -45.0000   30.0000 2464.7473   16.7088
    7.5000  -45.0000   30.0000 2449.2900   17.1187
   -7.5000  -37.5000   30.0000 2517.1824   15.8932
    0.0000  -37.5000   30.0000 2537.1274   15.6832
    7.5000  -37.5000   30.0000 2509.8354   16.0641
   -7.5000  -30.0000   30.0000 2573.4282   15.2074
    0.0000  -30.0000   30.0000 2596.2441   15.0291
    7.5000  -30.0000   30.0000 2565.4353   15.3772
   -7.5000  -22.5000   30.0000 2629.9180   14.8708
    0.0000  -22.5000   30.0000 2651.8755   14.6745
    7.5000  -22.5000   30.0000 2617.1243   15.0305
   -7.5000  -15.0000   30.0000 2685.9053   14.6752
    0.0000  -15.0000   30.0000 2708.0686   14.5128
    7.5000  -15.0000   30.0000 2668.2446   14.8233
   -7.5000   -7.5000   30.0000 2734.4309   14.5489
    0.0000   -7.5000   30.0000 2750.7720   14.3299
    7.5000   -7.5000   30.0000 2714.3113   14.7279
   -7.5000    0.0000   30.0000 2772.4253   14.6187
    0.0000    0.0000   30.0000 2788.4900   14.4243
    7.5000    0.0000   30.0000 2738.0754   14.7641
   -7.5000    7.5000   30.0000 2795.2593   14.8908
    0.0000    7.5000   30.0000 2805.0520   14.7492
    7.5000    7.5000   30.0000 2754.1838   15.0549
   -7.5000   15.0000   30.0000 2779.7883   15.3699
    0.0000   15.0000   30.0000 2800.0676   15.2505
    7.5000   15.0000   30.0000 2741.1890   15.5226
   -7.5000   22.5000   30.0000 2717.3337   16.0505
    0.0000   22.5000   30.0000 2740.0706   15.9478
    7.5000   22.5000   30.0000 2688.9819   16.1756
   -7.5000   30.0000   30.0000 2627.3311   16.8791
    0.0000   30.0000   30.0000 2645.0444   16.7595
    7.5000   30.0000   30.0000 2602.2869   16.9717
   -7.5000   37.5000   30.0000 2518.1440   17.9864
    0.0000   37.5000   30.0000 2533.6609   17.8964
    7.5000   37.5000   30.0000 2493.9004   18.1203
   -7.5000   45.0000   30.0000 2392.4387   19.4655
    0.0000   45.0000   30.0000 2404.3904   19.4045
    7.5000   45.0000   30.0000 2369.9736   19.6571
   -7.5000  -45.0000   37.5000 2403.0786   17.7688
    0.0000  -45.0000   37.5000 2421.8894   17.6348
    7.5000  -45.0000   37.5000 2399.4531   18.0152
   -7.5000  -37.5000   37.5000 2471.8052   16.7382
    0.0000  -37.5000   37.5000 2494.9265   16.5733
    7.5000  -37.5000   37.5000 2463.8450   16.9190
   -7.5000  -30.0000   37.5000 2527.6465   16.0316
    0.0000  -30.0000   37.5000 2553.4907   15.8669
    7.5000  -30.0000   37.5000 2515.9622   16.1531
   -7.5000  -22.5000   37.5000 2582.1343   15.6160
    0.0000  -22.5000   37.5000 2609.2883   15.4808
    7.5000  -22.5000   37.5000 2570.2700   15.7686
   -7.5000  -15.0000   37.5000 2634.0894   15.3580
    0.0000  -15.0000   37.5000 2658.3843   15.1650
    7.5000  -15.0000   37.5000 2617.1216   15.5171
   -7.5000   -7.5000   37.5000 2676.7976   15.2831
    0.0000   -7.5000   37.5000 2696.4590   15.0685
    7.5000   -7.5000   37.5000 2654.9141   15.4544
   -7.5000    0.0000   37.5000 2702.0916   15.3646
    0.0000    0.0000   37.5000 2718.0845   15.2246
    7.5000    0.0000   37.5000 2676.6824   15.5593
   -7.5000    7.5000   37.5000 2705.5684   15.6707
    0.0000    7.5000   37.5000 2719.7356   15.5379
    7.5000    7.5000   37.5000 2675.8071   15.8530
   -7.5000   15.0000   37.5000 2684.1108   16.1499
    0.0000   15.0000   37.5000 2705.8391   16.0245
    7.5000   15.0000   37.5000 2653.9890   16.3536
   -7.5000   22.5000   37.5000 2625.6255   16.8037
    0.0000   22.5000   37.5000 2646.8608   16.7133
    7.5000   22.5000   37.5000 2601.9062   17.0017
   -7.5000   30.0000   37.5000 2539.1360   17.6163
    0.0000   30.0000   37.5000 2557.0745   17.5597
    7.5000   30.0000   37.5000 2516.1968   17.8034
   -7.5000   37.5000   37.5000 2444.1848   18.7394
    0.0000   37.5000   37.5000 2459.6240   18.6790
    7.5000   37.5000   37.5000 2419.7524   18.9034
   -7.5000   45.0000   37.5000 2324.6257   20.2584
    0.0000   45.0000   37.5000 2337.4714   20.2518
    7.5000   45.0000   37.5000 2305.2759   20.4870
   -7.5000  -45.0000   45.0000 2337.3762   18.8651
    0.0000  -45.0000   45.0000 2360.6438   18.7125
    7.5000  -45.0000   45.0000 2332.7859   19.0274
   -7.5000  -37.5000   45.0000 2407.7737   17.7474
    0.0000  -37.5000   45.0000 2433.0488   17.6064
    7.5000  -37.5000   45.0000 2401.3115   17.8888
   -7.5000  -30.0000   45.0000 2462.9575   16.9965
    0.0000  -30.0000   45.0000 2490.9563   16.8737
    7.5000  -30.0000   45.0000 2455.1121   17.1418
   -7.5000  -22.5000   45.0000 2516.6614   16.5777
    0.0000  -22.5000   45.0000 2540.8701   16.4124
    7.5000  -22.5000   45.0000 2504.3037   16.7242
   -7.5000  -15.0000   45.0000 2561.1609   16.2903
    0.0000  -15.0000   45.0000 2584.3928   16.1066
    7.5000  -15.0000   45.0000 2542.8503   16.4585
   -7.5000   -7.5000   45.0000 2599.2017   16.2076
    0.0000   -7.5000   45.0000 2619.4724   16.0565
    7.5000   -7.5000   45.0000 2577.7080   16.3736
   -7.5000    0.0000   45.0000 2617.5242   16.3126
    0.0000    0.0000   45.0000 2627.4043   16.1995
    7.5000    0.0000   45.0000 2591.7634   16.5056
   -7.5000    7.5000   45.0000 2606.2466   16.6437
    0.0000    7.5000   45.0000 2619.8928   16.5314
    7.5000    7.5000   45.0000 2585.2886   16.8608
   -7.5000   15.0000   45.0000 2575.3120   17.1119
    0.0000   15.0000   45.0000 2600.7598   17.0700
    7.5000   15.0000   45.0000 2558.9333   17.3895
   -7.5000   22.5000   45.0000 2532.3738   17.8154
    0.0000   22.5000   45.0000 2557.0645   17.7763
    7.5000   22.5000   45.0000 2514.4065   18.0716
   -7.5000   30.0000   45.0000 2456.3865   18.6426
    0.0000   30.0000   45.0000 2474.0146   18.6227
    7.5000   30.0000   45.0000 2435.4988   18.8539
   -7.5000   37.5000   45.0000 2364.7690   19.7699
    0.0000   37.5000   45.0000 2371.9543   19.7646
    7.5000   37.5000   45.0000 2340.4106   19.9681
   -7.5000   45.0000   45.0000 2254.0530   21.3445
    0.0000   45.0000   45.0000 2265.3547   21.3472
    7.5000   45.0000   45.0000 2227.4558   21.5556

---------------------------------------------------------------------
imgreg_4dfp /opt/freesurfer/average/711-2C_as_mni_average_305 /opt/freesurfer/average/711-2B_as_mni_average_305_mask talsrcimg_g11 none talsrcimg_to_711-2C_as_mni_average_305_t4 1283
---------------------------------------------------------------------

freesurfer imgreg_4dfp.c
/opt/freesurfer/average/711-2C_as_mni_average_305.4dfp.img
       256       256       256         1
  1.000000  1.000000  1.000000
orientation T byte_order littleendian
Reading image: /opt/freesurfer/average/711-2C_as_mni_average_305.4dfp.img
dimensions:      256       256       256
mmppix:       1.0000   -1.0000   -1.0000
center:     128.0000 -129.0000 -129.0000
/opt/freesurfer/average/711-2B_as_mni_average_305_mask.4dfp.img
       256       256       256         1
  1.000000  1.000000  1.000000
orientation T byte_order littleendian
Reading mask: /opt/freesurfer/average/711-2B_as_mni_average_305_mask.4dfp.img (2306576 pixels)
talsrcimg_g11.4dfp.img
       256       256       256         1
  1.000000  1.000000  1.000000
orientation T byte_order littleendian
Reading image: talsrcimg_g11.4dfp.img
dimensions:      256       256       256
mmppix:       1.0000   -1.0000   -1.0000
center:     128.0000 -129.0000 -129.0000
rotation matrix determinant  1.000000
fimgreg.f
image alignment mode   1283 decimal      503 hex
parameters
    0.0000   15.0000    7.5000    0.0000    0.0000    0.0000
eta,q 0.93126 14.08930
niter,ni,del,rscale     5    3   12.0000    1.2000
parameters
   -1.1216   12.6887   10.2529    1.6274    0.3376    1.0779
eta,q 0.93602 13.86379
  0.0786  0.0722  0.0777  0.0750  0.0730  0.0724
  0.0747  0.0703  0.0757  0.0715  0.0693  0.0689
  0.0715  0.0683  0.0726  0.0677  0.0660  0.0660
  0.0692  0.0697  0.0681  0.0647  0.0645  0.0642
  0.0730  0.0741  0.0649  0.0646  0.0646  0.0643
  0.0811  0.0783  0.0654  0.0661  0.0673  0.0657
  0.0910  0.0836  0.0703  0.0685  0.0720  0.0684
niter,ni,del,rscale     4    3   12.0000    1.2000
parameters
   -1.9494   13.1099   10.1753    1.8398    0.5350    1.3013
eta,q 0.93629 13.89227
  0.0733  0.0743  0.0763  0.0726  0.0723  0.0705
  0.0671  0.0714  0.0714  0.0689  0.0689  0.0675
  0.0641  0.0672  0.0664  0.0649  0.0654  0.0650
  0.0640  0.0639  0.0636  0.0637  0.0638  0.0637
  0.0663  0.0642  0.0653  0.0651  0.0645  0.0645
  0.0724  0.0674  0.0719  0.0682  0.0675  0.0665
  0.0802  0.0737  0.0774  0.0712  0.0719  0.0699
niter,ni,del,rscale     3    3   12.0000    1.2000
parameters
   -1.9791   13.1112   10.1336    1.9128    0.5590    1.3415
eta,q 0.93625 13.89621
  0.0766  0.0735  0.0765  0.0724  0.0721  0.0702
  0.0695  0.0704  0.0714  0.0685  0.0687  0.0673
  0.0648  0.0663  0.0664  0.0647  0.0652  0.0648
  0.0637  0.0637  0.0637  0.0637  0.0638  0.0638
  0.0648  0.0646  0.0653  0.0653  0.0647  0.0647
  0.0698  0.0684  0.0718  0.0686  0.0680  0.0668
  0.0769  0.0754  0.0772  0.0715  0.0726  0.0703
niter,ni,del,rscale     2    3   12.0000    1.2000
parameters
   -1.9782   13.0948   10.1169    1.9340    0.5639    1.3497
eta,q 0.93622 13.89633
  0.0768  0.0734  0.0766  0.0723  0.0722  0.0702
  0.0697  0.0704  0.0715  0.0684  0.0687  0.0672
  0.0649  0.0663  0.0665  0.0646  0.0652  0.0648
  0.0638  0.0638  0.0638  0.0638  0.0638  0.0638
  0.0648  0.0646  0.0652  0.0654  0.0647  0.0647
  0.0698  0.0684  0.0717  0.0687  0.0680  0.0669
  0.0768  0.0754  0.0771  0.0716  0.0727  0.0704
registration optimization eta report
parameter search radius
    6.0000    6.0000    6.0000    6.0000    6.0000    6.0000
100000*second partial in parameter space
       37.       29.       35.       22.       24.       18.
  0.0768  0.0734  0.0766  0.0723  0.0722  0.0702
  0.0697  0.0704  0.0715  0.0684  0.0687  0.0672
  0.0649  0.0663  0.0665  0.0646  0.0652  0.0648
  0.0638  0.0638  0.0638  0.0638  0.0638  0.0638
  0.0648  0.0646  0.0652  0.0654  0.0647  0.0647
  0.0698  0.0684  0.0717  0.0687  0.0680  0.0669
  0.0768  0.0754  0.0771  0.0716  0.0727  0.0704
   -1.9782   13.0948   10.1169    1.9340    0.5639    1.3497
eta,q 0.93622 13.89633

---------------------------------------------------------------------
imgreg_4dfp /opt/freesurfer/average/711-2C_as_mni_average_305 /opt/freesurfer/average/711-2B_as_mni_average_305_mask talsrcimg_g11 none talsrcimg_to_711-2C_as_mni_average_305_t4 3335
---------------------------------------------------------------------

freesurfer imgreg_4dfp.c
/opt/freesurfer/average/711-2C_as_mni_average_305.4dfp.img
       256       256       256         1
  1.000000  1.000000  1.000000
orientation T byte_order littleendian
Reading image: /opt/freesurfer/average/711-2C_as_mni_average_305.4dfp.img
dimensions:      256       256       256
mmppix:       1.0000   -1.0000   -1.0000
center:     128.0000 -129.0000 -129.0000
/opt/freesurfer/average/711-2B_as_mni_average_305_mask.4dfp.img
       256       256       256         1
  1.000000  1.000000  1.000000
orientation T byte_order littleendian
Reading mask: /opt/freesurfer/average/711-2B_as_mni_average_305_mask.4dfp.img (2306576 pixels)
talsrcimg_g11.4dfp.img
       256       256       256         1
  1.000000  1.000000  1.000000
orientation T byte_order littleendian
Reading image: talsrcimg_g11.4dfp.img
dimensions:      256       256       256
mmppix:       1.0000   -1.0000   -1.0000
center:     128.0000 -129.0000 -129.0000
fimgreg.f
image alignment mode   3335 decimal      D07 hex
parameters
   -1.9782   13.0948   10.1169   -0.0326   -0.0855   -0.0618
   -2.3873   -0.9038    2.3554   -3.3970    0.9842    3.3746
eta,q 0.93779 13.93764
niter,ni,del,rscale     5    3    5.0000    1.2000
parameter  4  3.751074 ->  0.500000 qaram    1.1500
parameter  5  4.159948 ->  0.500000 qaram    1.1500
parameter  6  1.311024 ->  0.500000 qaram    1.1500
parameter 10  0.583843 ->  0.500000 qaram    1.1500
parameter 12  0.557876 ->  0.500000 qaram    1.1500
parameters
   -2.0734   12.4143    9.8536   -4.1726   -4.2255   -4.2018
   -1.9339    1.1082    1.0792   -7.5370    1.5207   -0.7654
eta,q 0.96032 13.58481
  0.0648  0.0630  0.0631  0.0504  0.0445  0.0418  0.0467  0.0523  0.0434  0.0413  0.0435  0.0402
  0.0633  0.0622  0.0625  0.0534  0.0474  0.0424  0.0447  0.0486  0.0423  0.0404  0.0420  0.0397
  0.0624  0.0620  0.0621  0.0571  0.0508  0.0444  0.0434  0.0453  0.0418  0.0406  0.0409  0.0398
  0.0622  0.0622  0.0620  0.0620  0.0543  0.0483  0.0428  0.0428  0.0418  0.0418  0.0404  0.0404
  0.0626  0.0628  0.0622  0.0673  0.0583  0.0534  0.0430  0.0418  0.0424  0.0437  0.0405  0.0415
  0.0636  0.0636  0.0628  0.0721  0.0625  0.0584  0.0441  0.0430  0.0435  0.0465  0.0413  0.0430
  0.0652  0.0648  0.0639  0.0772  0.0669  0.0637  0.0459  0.0461  0.0450  0.0496  0.0428  0.0449
niter,ni,del,rscale     7    3    5.0000    1.2000
parameter  4  0.755959 ->  0.500000 qaram    1.3225
parameter  5  1.525907 ->  0.500000 qaram    1.3225
parameters
   -2.0596   12.4489    9.1867   -8.9336   -8.9865   -6.9648
   -1.5358    0.9344    1.3661   -7.3308    0.5291   -1.7825
eta,q 0.96882 13.19703
  0.0448  0.0424  0.0410  0.0362  0.0300  0.0326  0.0359  0.0366  0.0347  0.0373  0.0324  0.0331
  0.0420  0.0409  0.0399  0.0360  0.0307  0.0317  0.0336  0.0335  0.0328  0.0340  0.0317  0.0320
  0.0403  0.0400  0.0394  0.0368  0.0328  0.0313  0.0319  0.0317  0.0316  0.0318  0.0313  0.0313
  0.0397  0.0397  0.0397  0.0394  0.0361  0.0311  0.0313  0.0313  0.0312  0.0313  0.0313  0.0312
  0.0403  0.0399  0.0406  0.0440  0.0399  0.0323  0.0316  0.0320  0.0316  0.0319  0.0316  0.0317
  0.0420  0.0407  0.0421  0.0502  0.0439  0.0364  0.0329  0.0339  0.0325  0.0338  0.0323  0.0328
  0.0447  0.0423  0.0441  0.0566  0.0483  0.0428  0.0350  0.0371  0.0341  0.0365  0.0332  0.0344
niter,ni,del,rscale     7    3    5.0000    1.2000
parameters
   -1.8036   12.6855    8.9211  -11.0464  -13.6537   -7.7168
   -1.5705    0.7859    1.5920   -7.6396   -0.1887   -2.3479
eta,q 0.96971 12.81770
  0.0366  0.0354  0.0327  0.0341  0.0315  0.0326  0.0337  0.0349  0.0327  0.0345  0.0313  0.0321
  0.0339  0.0332  0.0317  0.0324  0.0305  0.0311  0.0319  0.0322  0.0314  0.0319  0.0307  0.0311
  0.0321  0.0318  0.0312  0.0314  0.0303  0.0304  0.0307  0.0307  0.0306  0.0306  0.0304  0.0305
  0.0312  0.0311  0.0311  0.0311  0.0312  0.0303  0.0303  0.0303  0.0303  0.0303  0.0303  0.0303
  0.0313  0.0313  0.0315  0.0321  0.0337  0.0304  0.0307  0.0310  0.0305  0.0309  0.0305  0.0306
  0.0326  0.0323  0.0324  0.0352  0.0375  0.0312  0.0319  0.0326  0.0312  0.0326  0.0311  0.0314
  0.0348  0.0340  0.0337  0.0410  0.0418  0.0345  0.0338  0.0351  0.0324  0.0349  0.0318  0.0327
niter,ni,del,rscale     6    3    5.0000    1.2000
parameters
   -1.6598   12.8431    9.2820  -10.8316  -14.4476   -7.2486
   -1.6214    0.9067    1.7330   -7.4284   -0.3284   -2.2810
eta,q 0.96983 12.81783
  0.0348  0.0338  0.0328  0.0343  0.0338  0.0334  0.0336  0.0353  0.0326  0.0350  0.0315  0.0323
  0.0325  0.0319  0.0315  0.0323  0.0318  0.0316  0.0317  0.0324  0.0313  0.0321  0.0307  0.0312
  0.0310  0.0308  0.0307  0.0309  0.0306  0.0305  0.0306  0.0307  0.0305  0.0306  0.0303  0.0305
  0.0303  0.0303  0.0302  0.0302  0.0302  0.0302  0.0302  0.0302  0.0302  0.0302  0.0302  0.0302
  0.0305  0.0305  0.0302  0.0300  0.0306  0.0302  0.0306  0.0308  0.0304  0.0307  0.0303  0.0304
  0.0318  0.0314  0.0307  0.0314  0.0325  0.0307  0.0318  0.0324  0.0311  0.0321  0.0308  0.0311
  0.0339  0.0330  0.0316  0.0346  0.0357  0.0331  0.0337  0.0348  0.0324  0.0342  0.0315  0.0323
niter,ni,del,rscale     5    3    5.0000    1.2000
parameters
   -1.6423   12.8192    9.4666  -10.7928  -14.5409   -7.1061
   -1.6267    0.9170    1.7454   -7.4696   -0.4028   -2.0870
eta,q 0.96985 12.82334
  0.0342  0.0332  0.0324  0.0341  0.0343  0.0332  0.0336  0.0351  0.0325  0.0346  0.0315  0.0323
  0.0321  0.0316  0.0313  0.0321  0.0322  0.0315  0.0317  0.0323  0.0312  0.0319  0.0307  0.0312
  0.0307  0.0305  0.0305  0.0309  0.0308  0.0305  0.0306  0.0306  0.0305  0.0306  0.0303  0.0305
  0.0302  0.0302  0.0302  0.0302  0.0302  0.0302  0.0302  0.0302  0.0302  0.0301  0.0301  0.0302
  0.0306  0.0306  0.0303  0.0300  0.0304  0.0302  0.0306  0.0309  0.0304  0.0307  0.0303  0.0303
  0.0319  0.0316  0.0308  0.0314  0.0319  0.0308  0.0317  0.0325  0.0312  0.0323  0.0308  0.0310
  0.0342  0.0334  0.0318  0.0347  0.0349  0.0335  0.0336  0.0349  0.0325  0.0345  0.0315  0.0322
niter,ni,del,rscale     4    3    5.0000    1.2000
parameters
   -1.6419   12.7823    9.5303  -10.7785  -14.5685   -7.0829
   -1.6282    0.9153    1.7608   -7.5272   -0.4203   -1.9785
eta,q 0.96986 12.82328
  0.0342  0.0332  0.0322  0.0341  0.0344  0.0332  0.0336  0.0351  0.0325  0.0346  0.0315  0.0323
  0.0320  0.0315  0.0311  0.0321  0.0322  0.0315  0.0317  0.0323  0.0312  0.0319  0.0308  0.0312
  0.0307  0.0305  0.0304  0.0309  0.0308  0.0305  0.0305  0.0306  0.0304  0.0305  0.0303  0.0304
  0.0301  0.0301  0.0301  0.0301  0.0301  0.0301  0.0301  0.0301  0.0301  0.0301  0.0301  0.0301
  0.0306  0.0306  0.0303  0.0300  0.0304  0.0301  0.0305  0.0309  0.0304  0.0307  0.0303  0.0303
  0.0320  0.0316  0.0310  0.0314  0.0318  0.0308  0.0317  0.0325  0.0312  0.0323  0.0308  0.0310
  0.0343  0.0334  0.0320  0.0348  0.0348  0.0337  0.0336  0.0349  0.0325  0.0345  0.0315  0.0322
niter,ni,del,rscale     3    3    5.0000    1.2000
parameters
   -1.6439   12.7621    9.5523  -10.7728  -14.5773   -7.0789
   -1.6248    0.9161    1.7636   -7.5558   -0.4262   -1.9315
eta,q 0.96986 12.82298
  0.0341  0.0332  0.0321  0.0340  0.0344  0.0332  0.0336  0.0351  0.0325  0.0347  0.0315  0.0323
  0.0320  0.0315  0.0311  0.0321  0.0322  0.0315  0.0317  0.0323  0.0312  0.0320  0.0308  0.0312
  0.0306  0.0305  0.0304  0.0309  0.0308  0.0305  0.0305  0.0306  0.0304  0.0306  0.0303  0.0304
  0.0301  0.0301  0.0301  0.0301  0.0301  0.0301  0.0301  0.0301  0.0301  0.0301  0.0301  0.0301
  0.0306  0.0305  0.0304  0.0300  0.0303  0.0301  0.0305  0.0309  0.0304  0.0307  0.0303  0.0303
  0.0319  0.0316  0.0310  0.0314  0.0318  0.0308  0.0317  0.0325  0.0312  0.0323  0.0308  0.0311
  0.0342  0.0333  0.0321  0.0348  0.0348  0.0337  0.0336  0.0349  0.0325  0.0345  0.0315  0.0323
registration optimization eta report
parameter search radius
    2.4000    2.4000    2.4000    9.5220    9.5220    8.2800
    7.2000    7.2000    7.2000    8.2800    7.2000    8.2800
100000*second partial in parameter space
       70.       54.       34.        5.        5.        5.
        7.        9.        4.        6.        3.        3.
  0.0341  0.0332  0.0321  0.0340  0.0344  0.0332  0.0336  0.0351  0.0325  0.0347  0.0315  0.0323
  0.0320  0.0315  0.0311  0.0321  0.0322  0.0315  0.0317  0.0323  0.0312  0.0320  0.0308  0.0312
  0.0306  0.0305  0.0304  0.0309  0.0308  0.0305  0.0305  0.0306  0.0304  0.0306  0.0303  0.0304
  0.0301  0.0301  0.0301  0.0301  0.0301  0.0301  0.0301  0.0301  0.0301  0.0301  0.0301  0.0301
  0.0306  0.0305  0.0304  0.0300  0.0303  0.0301  0.0305  0.0309  0.0304  0.0307  0.0303  0.0303
  0.0319  0.0316  0.0310  0.0314  0.0318  0.0308  0.0317  0.0325  0.0312  0.0323  0.0308  0.0311
  0.0342  0.0333  0.0321  0.0348  0.0348  0.0337  0.0336  0.0349  0.0325  0.0345  0.0315  0.0323
   -1.6439   12.7621    9.5523  -10.7728  -14.5773   -7.0789
   -1.6248    0.9161    1.7636   -7.5558   -0.4262   -1.9315
eta,q 0.96986 12.82298

---------------------------------------------------------------------
imgreg_4dfp /opt/freesurfer/average/711-2C_as_mni_average_305 /opt/freesurfer/average/711-2B_as_mni_average_305_mask talsrcimg_g11 none talsrcimg_to_711-2C_as_mni_average_305_t4 2311
---------------------------------------------------------------------

freesurfer imgreg_4dfp.c
/opt/freesurfer/average/711-2C_as_mni_average_305.4dfp.img
       256       256       256         1
  1.000000  1.000000  1.000000
orientation T byte_order littleendian
Reading image: /opt/freesurfer/average/711-2C_as_mni_average_305.4dfp.img
dimensions:      256       256       256
mmppix:       1.0000   -1.0000   -1.0000
center:     128.0000 -129.0000 -129.0000
/opt/freesurfer/average/711-2B_as_mni_average_305_mask.4dfp.img
       256       256       256         1
  1.000000  1.000000  1.000000
orientation T byte_order littleendian
Reading mask: /opt/freesurfer/average/711-2B_as_mni_average_305_mask.4dfp.img (2306576 pixels)
talsrcimg_g11.4dfp.img
       256       256       256         1
  1.000000  1.000000  1.000000
orientation T byte_order littleendian
Reading image: talsrcimg_g11.4dfp.img
dimensions:      256       256       256
mmppix:       1.0000   -1.0000   -1.0000
center:     128.0000 -129.0000 -129.0000
fimgreg.f
image alignment mode   2311 decimal      907 hex
parameters
   -1.6439   12.7621    9.5523  -10.7728  -14.5773   -7.0789
   -1.6248    0.9161    1.7636   -7.5558   -0.4262   -1.9315
eta,q 0.96986 12.82299
niter,ni,del,rscale     5    3    5.0000    0.8000
parameters
   -1.6198   12.7540    9.5707   -9.3082  -13.9295   -5.7011
   -1.7680    1.0785    1.6493   -7.5687   -0.1071   -1.5539
eta,q 0.97014 13.03377
  0.0320  0.0316  0.0311  0.0314  0.0313  0.0311  0.0315  0.0326  0.0310  0.0314  0.0307  0.0308
  0.0310  0.0308  0.0306  0.0309  0.0307  0.0305  0.0306  0.0311  0.0304  0.0306  0.0303  0.0303
  0.0304  0.0303  0.0302  0.0304  0.0302  0.0301  0.0300  0.0301  0.0300  0.0301  0.0300  0.0300
  0.0301  0.0301  0.0301  0.0301  0.0300  0.0299  0.0299  0.0299  0.0299  0.0299  0.0299  0.0299
  0.0303  0.0303  0.0302  0.0299  0.0299  0.0299  0.0301  0.0302  0.0300  0.0300  0.0299  0.0299
  0.0309  0.0308  0.0305  0.0300  0.0302  0.0299  0.0307  0.0309  0.0304  0.0306  0.0301  0.0301
  0.0319  0.0316  0.0310  0.0305  0.0308  0.0302  0.0317  0.0321  0.0311  0.0315  0.0305  0.0305
niter,ni,del,rscale     4    3    5.0000    0.7000
parameters
   -1.7056   12.6792    9.6578   -9.1178  -13.7950   -5.6528
   -1.7064    0.9791    1.6098   -7.6227   -0.1060   -1.3495
eta,q 0.97019 13.05275
  0.0312  0.0309  0.0307  0.0308  0.0308  0.0304  0.0312  0.0317  0.0307  0.0310  0.0304  0.0305
  0.0304  0.0303  0.0303  0.0304  0.0303  0.0301  0.0305  0.0306  0.0302  0.0304  0.0301  0.0301
  0.0300  0.0299  0.0300  0.0301  0.0300  0.0299  0.0300  0.0299  0.0299  0.0300  0.0299  0.0299
  0.0299  0.0298  0.0299  0.0299  0.0298  0.0298  0.0298  0.0298  0.0298  0.0298  0.0298  0.0298
  0.0301  0.0300  0.0299  0.0298  0.0299  0.0298  0.0300  0.0301  0.0299  0.0299  0.0299  0.0299
  0.0307  0.0305  0.0301  0.0301  0.0302  0.0300  0.0304  0.0308  0.0302  0.0304  0.0301  0.0300
  0.0316  0.0311  0.0305  0.0308  0.0307  0.0305  0.0311  0.0318  0.0308  0.0311  0.0304  0.0304
niter,ni,del,rscale     3    3    5.0000    0.6000
parameters
   -1.7285   12.6484    9.6772   -8.9585  -13.7547   -5.4536
   -1.7134    0.9626    1.6123   -7.5763   -0.0444   -1.2466
eta,q 0.97022 13.07488
  0.0309  0.0306  0.0304  0.0306  0.0305  0.0303  0.0308  0.0313  0.0305  0.0307  0.0303  0.0303
  0.0303  0.0302  0.0301  0.0302  0.0301  0.0300  0.0302  0.0304  0.0301  0.0302  0.0300  0.0300
  0.0299  0.0299  0.0299  0.0300  0.0299  0.0299  0.0299  0.0299  0.0299  0.0299  0.0298  0.0299
  0.0298  0.0298  0.0298  0.0298  0.0298  0.0298  0.0298  0.0298  0.0298  0.0298  0.0298  0.0298
  0.0299  0.0299  0.0299  0.0298  0.0298  0.0298  0.0299  0.0300  0.0299  0.0298  0.0298  0.0298
  0.0303  0.0302  0.0301  0.0300  0.0301  0.0299  0.0302  0.0305  0.0301  0.0302  0.0300  0.0300
  0.0310  0.0307  0.0304  0.0305  0.0305  0.0302  0.0308  0.0312  0.0305  0.0307  0.0302  0.0302
niter,ni,del,rscale     2    3    5.0000    0.5000
parameters
   -1.7475   12.6371    9.6848   -8.7722  -13.7084   -5.2088
   -1.7200    0.9830    1.6006   -7.4963    0.0543   -1.2006
eta,q 0.97025 13.10114
  0.0306  0.0304  0.0302  0.0304  0.0303  0.0301  0.0305  0.0308  0.0302  0.0304  0.0301  0.0301
  0.0301  0.0300  0.0300  0.0301  0.0300  0.0299  0.0301  0.0302  0.0300  0.0301  0.0299  0.0299
  0.0299  0.0298  0.0298  0.0299  0.0298  0.0298  0.0298  0.0299  0.0298  0.0299  0.0298  0.0298
  0.0298  0.0298  0.0298  0.0298  0.0298  0.0298  0.0298  0.0298  0.0298  0.0298  0.0298  0.0298
  0.0299  0.0299  0.0298  0.0298  0.0298  0.0297  0.0298  0.0299  0.0298  0.0298  0.0298  0.0298
  0.0302  0.0301  0.0300  0.0299  0.0300  0.0298  0.0301  0.0302  0.0300  0.0300  0.0299  0.0299
  0.0306  0.0304  0.0302  0.0303  0.0302  0.0301  0.0305  0.0308  0.0303  0.0304  0.0301  0.0301
niter,ni,del,rscale     1    3    5.0000    0.4000
parameters
   -1.7710   12.6326    9.6791   -8.5880  -13.6552   -4.9881
   -1.7135    1.0127    1.6049   -7.4067    0.1505   -1.1703
eta,q 0.97026 13.12576
  0.0303  0.0301  0.0300  0.0302  0.0301  0.0300  0.0302  0.0305  0.0301  0.0302  0.0300  0.0300
  0.0300  0.0299  0.0299  0.0300  0.0299  0.0299  0.0300  0.0301  0.0299  0.0300  0.0298  0.0298
  0.0298  0.0298  0.0298  0.0299  0.0298  0.0298  0.0298  0.0298  0.0298  0.0298  0.0298  0.0298
  0.0298  0.0298  0.0298  0.0298  0.0297  0.0297  0.0297  0.0297  0.0297  0.0297  0.0297  0.0297
  0.0298  0.0298  0.0298  0.0298  0.0298  0.0297  0.0298  0.0298  0.0298  0.0298  0.0298  0.0298
  0.0300  0.0299  0.0299  0.0299  0.0299  0.0298  0.0299  0.0301  0.0299  0.0299  0.0298  0.0298
  0.0303  0.0301  0.0300  0.0301  0.0301  0.0299  0.0302  0.0304  0.0301  0.0302  0.0299  0.0299
registration optimization eta report
parameter search radius
    0.8000    0.8000    0.8000    2.4000    2.4000    2.4000
    2.4000    2.4000    2.4000    2.4000    2.4000    2.4000
100000*second partial in parameter space
       83.       61.       41.        7.        6.        4.
        8.       12.        6.        8.        4.        4.
  0.0303  0.0301  0.0300  0.0302  0.0301  0.0300  0.0302  0.0305  0.0301  0.0302  0.0300  0.0300
  0.0300  0.0299  0.0299  0.0300  0.0299  0.0299  0.0300  0.0301  0.0299  0.0300  0.0298  0.0298
  0.0298  0.0298  0.0298  0.0299  0.0298  0.0298  0.0298  0.0298  0.0298  0.0298  0.0298  0.0298
  0.0298  0.0298  0.0298  0.0298  0.0297  0.0297  0.0297  0.0297  0.0297  0.0297  0.0297  0.0297
  0.0298  0.0298  0.0298  0.0298  0.0298  0.0297  0.0298  0.0298  0.0298  0.0298  0.0298  0.0298
  0.0300  0.0299  0.0299  0.0299  0.0299  0.0298  0.0299  0.0301  0.0299  0.0299  0.0298  0.0298
  0.0303  0.0301  0.0300  0.0301  0.0301  0.0299  0.0302  0.0304  0.0301  0.0302  0.0299  0.0299
   -1.7710   12.6326    9.6791   -8.5880  -13.6552   -4.9881
   -1.7135    1.0127    1.6049   -7.4067    0.1505   -1.1703
eta,q 0.97026 13.12576

---------------------------------------------------------------------
imgreg_4dfp /opt/freesurfer/average/711-2C_as_mni_average_305 /opt/freesurfer/average/711-2B_as_mni_average_305_mask talsrcimg_g11 none talsrcimg_to_711-2C_as_mni_average_305_t4 2311
---------------------------------------------------------------------

freesurfer imgreg_4dfp.c
/opt/freesurfer/average/711-2C_as_mni_average_305.4dfp.img
       256       256       256         1
  1.000000  1.000000  1.000000
orientation T byte_order littleendian
Reading image: /opt/freesurfer/average/711-2C_as_mni_average_305.4dfp.img
dimensions:      256       256       256
mmppix:       1.0000   -1.0000   -1.0000
center:     128.0000 -129.0000 -129.0000
/opt/freesurfer/average/711-2B_as_mni_average_305_mask.4dfp.img
       256       256       256         1
  1.000000  1.000000  1.000000
orientation T byte_order littleendian
Reading mask: /opt/freesurfer/average/711-2B_as_mni_average_305_mask.4dfp.img (2306576 pixels)
talsrcimg_g11.4dfp.img
       256       256       256         1
  1.000000  1.000000  1.000000
orientation T byte_order littleendian
Reading image: talsrcimg_g11.4dfp.img
dimensions:      256       256       256
mmppix:       1.0000   -1.0000   -1.0000
center:     128.0000 -129.0000 -129.0000
fimgreg.f
image alignment mode   2311 decimal      907 hex
parameters
   -1.7710   12.6326    9.6791   -8.5880  -13.6552   -4.9881
   -1.7135    1.0127    1.6049   -7.4067    0.1505   -1.1703
eta,q 0.97026 13.12576
niter,ni,del,rscale     5    3    5.0000    0.8000
parameters
   -1.8020   12.6210    9.6555   -9.1115  -13.7860   -5.8441
   -1.6435    0.9285    1.5926   -7.7330   -0.0601   -1.3219
eta,q 0.97017 13.04184
  0.0318  0.0313  0.0307  0.0308  0.0310  0.0304  0.0316  0.0322  0.0310  0.0312  0.0305  0.0306
  0.0307  0.0304  0.0302  0.0303  0.0304  0.0301  0.0307  0.0308  0.0304  0.0304  0.0301  0.0302
  0.0300  0.0299  0.0298  0.0300  0.0299  0.0299  0.0300  0.0300  0.0300  0.0300  0.0299  0.0299
  0.0297  0.0297  0.0297  0.0297  0.0298  0.0298  0.0298  0.0298  0.0298  0.0298  0.0298  0.0298
  0.0300  0.0299  0.0299  0.0299  0.0299  0.0298  0.0300  0.0302  0.0299  0.0300  0.0300  0.0299
  0.0307  0.0305  0.0302  0.0305  0.0303  0.0303  0.0306  0.0310  0.0304  0.0307  0.0302  0.0302
  0.0320  0.0313  0.0308  0.0318  0.0312  0.0317  0.0315  0.0322  0.0310  0.0317  0.0306  0.0307
niter,ni,del,rscale     4    3    5.0000    0.7000
parameters
   -1.7324   12.6352    9.6677   -9.1424  -13.8263   -5.6924
   -1.6988    0.9463    1.6090   -7.6806   -0.1113   -1.2859
eta,q 0.97018 13.04709
  0.0315  0.0310  0.0306  0.0307  0.0307  0.0305  0.0312  0.0318  0.0307  0.0311  0.0304  0.0304
  0.0306  0.0304  0.0302  0.0303  0.0302  0.0301  0.0304  0.0307  0.0302  0.0304  0.0301  0.0301
  0.0301  0.0300  0.0299  0.0300  0.0299  0.0299  0.0300  0.0300  0.0299  0.0300  0.0299  0.0299
  0.0298  0.0298  0.0298  0.0298  0.0298  0.0298  0.0298  0.0298  0.0298  0.0298  0.0298  0.0298
  0.0299  0.0299  0.0299  0.0298  0.0299  0.0298  0.0300  0.0301  0.0299  0.0299  0.0299  0.0299
  0.0304  0.0303  0.0302  0.0302  0.0302  0.0299  0.0305  0.0307  0.0302  0.0303  0.0301  0.0301
  0.0312  0.0310  0.0306  0.0309  0.0308  0.0305  0.0312  0.0317  0.0307  0.0311  0.0304  0.0304
niter,ni,del,rscale     3    3    5.0000    0.6000
parameters
   -1.7278   12.6363    9.6883   -8.9726  -13.7727   -5.4660
   -1.7138    0.9593    1.6112   -7.5890   -0.0662   -1.2209
eta,q 0.97022 13.07238
  0.0310  0.0307  0.0304  0.0306  0.0305  0.0303  0.0308  0.0313  0.0305  0.0307  0.0303  0.0303
  0.0303  0.0302  0.0301  0.0302  0.0301  0.0300  0.0302  0.0304  0.0301  0.0303  0.0300  0.0300
  0.0299  0.0299  0.0299  0.0300  0.0299  0.0299  0.0299  0.0299  0.0299  0.0299  0.0298  0.0299
  0.0298  0.0298  0.0298  0.0298  0.0298  0.0298  0.0298  0.0298  0.0298  0.0298  0.0298  0.0298
  0.0299  0.0299  0.0299  0.0298  0.0298  0.0298  0.0299  0.0300  0.0299  0.0298  0.0298  0.0298
  0.0303  0.0302  0.0301  0.0300  0.0301  0.0299  0.0303  0.0305  0.0301  0.0301  0.0300  0.0300
  0.0310  0.0307  0.0304  0.0305  0.0305  0.0302  0.0308  0.0312  0.0305  0.0307  0.0302  0.0302
niter,ni,del,rscale     2    3    5.0000    0.5000
parameters
   -1.7441   12.6330    9.6901   -8.7865  -13.7121   -5.2210
   -1.7208    0.9770    1.6097   -7.4932    0.0416   -1.1969
eta,q 0.97024 13.09950
  0.0306  0.0304  0.0302  0.0304  0.0303  0.0301  0.0305  0.0308  0.0302  0.0304  0.0301  0.0301
  0.0301  0.0301  0.0300  0.0301  0.0300  0.0299  0.0301  0.0302  0.0300  0.0301  0.0299  0.0299
  0.0299  0.0298  0.0298  0.0299  0.0298  0.0298  0.0298  0.0299  0.0298  0.0299  0.0298  0.0298
  0.0298  0.0298  0.0298  0.0298  0.0298  0.0298  0.0298  0.0298  0.0298  0.0298  0.0298  0.0298
  0.0299  0.0299  0.0298  0.0298  0.0298  0.0297  0.0298  0.0299  0.0298  0.0298  0.0298  0.0298
  0.0302  0.0301  0.0300  0.0299  0.0300  0.0298  0.0301  0.0302  0.0300  0.0300  0.0299  0.0299
  0.0306  0.0304  0.0302  0.0303  0.0302  0.0301  0.0305  0.0308  0.0303  0.0304  0.0301  0.0301
niter,ni,del,rscale     1    3    5.0000    0.4000
parameters
   -1.7665   12.6330    9.6777   -8.6003  -13.6499   -4.9910
   -1.7185    1.0102    1.6122   -7.4029    0.1300   -1.1626
eta,q 0.97026 13.12526
  0.0303  0.0301  0.0300  0.0302  0.0301  0.0300  0.0302  0.0305  0.0301  0.0302  0.0300  0.0300
  0.0300  0.0299  0.0299  0.0300  0.0299  0.0299  0.0300  0.0301  0.0299  0.0300  0.0298  0.0298
  0.0298  0.0298  0.0298  0.0299  0.0298  0.0298  0.0298  0.0298  0.0298  0.0298  0.0298  0.0298
  0.0298  0.0298  0.0298  0.0298  0.0297  0.0297  0.0297  0.0297  0.0297  0.0297  0.0297  0.0297
  0.0298  0.0298  0.0298  0.0298  0.0298  0.0297  0.0298  0.0298  0.0298  0.0298  0.0298  0.0298
  0.0300  0.0299  0.0299  0.0299  0.0299  0.0298  0.0300  0.0301  0.0299  0.0299  0.0298  0.0298
  0.0303  0.0301  0.0300  0.0301  0.0301  0.0299  0.0302  0.0304  0.0301  0.0302  0.0299  0.0299
registration optimization eta report
parameter search radius
    0.8000    0.8000    0.8000    2.4000    2.4000    2.4000
    2.4000    2.4000    2.4000    2.4000    2.4000    2.4000
100000*second partial in parameter space
       83.       61.       41.        7.        6.        4.
        8.       12.        6.        8.        4.        4.
  0.0303  0.0301  0.0300  0.0302  0.0301  0.0300  0.0302  0.0305  0.0301  0.0302  0.0300  0.0300
  0.0300  0.0299  0.0299  0.0300  0.0299  0.0299  0.0300  0.0301  0.0299  0.0300  0.0298  0.0298
  0.0298  0.0298  0.0298  0.0299  0.0298  0.0298  0.0298  0.0298  0.0298  0.0298  0.0298  0.0298
  0.0298  0.0298  0.0298  0.0298  0.0297  0.0297  0.0297  0.0297  0.0297  0.0297  0.0297  0.0297
  0.0298  0.0298  0.0298  0.0298  0.0298  0.0297  0.0298  0.0298  0.0298  0.0298  0.0298  0.0298
  0.0300  0.0299  0.0299  0.0299  0.0299  0.0298  0.0300  0.0301  0.0299  0.0299  0.0298  0.0298
  0.0303  0.0301  0.0300  0.0301  0.0301  0.0299  0.0302  0.0304  0.0301  0.0302  0.0299  0.0299
   -1.7665   12.6330    9.6777   -8.6003  -13.6499   -4.9910
   -1.7185    1.0102    1.6122   -7.4029    0.1300   -1.1626
eta,q 0.97026 13.12526

---------------------------------------------------------------------
compute_vox2vox talsrcimg talsrcimg_to_711-2C_as_mni_average_305_t4 /opt/freesurfer/average/711-2C_as_mni_average_305
---------------------------------------------------------------------

freesurfer compute_vox2vox.c
Reading: talsrcimg.4dfp.ifh
Reading: talsrcimg_to_711-2C_as_mni_average_305_t4
Reading: /opt/freesurfer/average/711-2C_as_mni_average_305.4dfp.ifh
Writing: talsrcimg_to_711-2C_as_mni_average_305_t4_vox2vox.txt

start time Tue Mar 10 03:43:07 CET 2026
end		time Tue Mar 10 03:44:33 CET 2026

mpr2mni305 success

avi2talxfm orig_nu.mgz /opt/freesurfer/average/mni305.cor.mgz talsrcimg_to_711-2C_as_mni_average_305_t4_vox2vox.txt transforms/talairach.auto.xfm
avi2talxfm done
mv -f /out/sourcedata/freesurfer/sub-v1s5x0050730_ses-1/mri/talsrcimg_to_711-2C_as_mni_average_305_t4_vox2vox.txt /out/sourcedata/freesurfer/sub-v1s5x0050730_ses-1/mri/transforms/talsrcimg_to_711-2C_as_mni_average_305_t4_vox2vox.txt
lta_convert --src orig_nu.mgz --trg /opt/freesurfer/average/mni305.cor.mgz --inxfm transforms/talairach.auto.xfm --outlta transforms/talairach.auto.xfm.lta --subject fsaverage
7.3.2

--src: orig_nu.mgz src image (geometry).
--trg: /opt/freesurfer/average/mni305.cor.mgz trg image (geometry).
--inmni: transforms/talairach.auto.xfm input MNI/XFM transform.
--outlta: transforms/talairach.auto.xfm.lta output LTA.
--s: fsaverage subject name
 LTA read, type : 1
 1.09373  -0.00994   0.02163  -5.34631;
-0.00175   1.05365   0.01415  -11.58890;
-0.02057   0.09052   1.15889  -7.44408;
 0.00000   0.00000   0.00000   1.00000;
setting subject to fsaverage
Writing  LTA to file transforms/talairach.auto.xfm.lta...
lta_convert successful.
 
 
Started at Tue Mar 10 03:43:06 CET 2026
Ended   at Tue Mar 10 03:44:34 CET 2026
talairach_avi done
