/out/sourcedata/freesurfer/sub-v1s5x0050750_ses-1/mri
/opt/freesurfer/bin/talairach_avi
--i orig_nu.mgz --xfm transforms/talairach.auto.xfm
talairach_avi 7.3.2
Linux dna014 5.14.0-427.37.1.el9_4.x86_64 #1 SMP PREEMPT_DYNAMIC Fri Sep 13 12:41:50 EDT 2024 x86_64 x86_64 x86_64 GNU/Linux
Tue Mar 10 05:06:02 CET 2026
mri_convert orig_nu.mgz talsrcimg.img 
reading from orig_nu.mgz...
TR=0.00, TE=0.00, TI=0.00, flip angle=0.00
i_ras = (-1, 1.62981e-09, 9.31323e-10)
j_ras = (0, 0, -1)
k_ras = (-1.45519e-09, 1, 0)
writing to talsrcimg.img...
Analyze Output Matrix
-1.00000   0.00000  -0.00000   138.61174;
 0.00000   0.00000   1.00000  -107.49729;
 0.00000  -1.00000   0.00000   114.34084;
 0.00000   0.00000   0.00000   1.00000;
--------------------
INFO: set hdr.hist.orient to -1
mpr2mni305 talsrcimg
Tue Mar 10 05:06:02 CET 2026
/opt/freesurfer/bin/mpr2mni305 talsrcimg
mpr2mni305 7.3.2
target=711-2C_as_mni_average_305

---------------------------------------------------------------------
analyzeto4dfp talsrcimg -O0 -y
---------------------------------------------------------------------

freesurfer ifh2hdr.c
Tue Mar 10 05:06:02 2026
Writing: talsrcimg.4dfp.hdr
freesurfer analyzeto4dfp.c
Reading: talsrcimg.hdr
header size 348 bytes
hdr.dime.datatype	offset=70	value=2
hdr.dime.bitpix		offset=72	value=8
hdr.hist.orient		offset=252	value=-1
dimensionality     4
dimensions       256       256       256         1
Reading: talsrcimg.img
Writing: talsrcimg.4dfp.img
Writing: talsrcimg.4dfp.ifh
ifh2hdr talsrcimg -r0to251
ori=2

---------------------------------------------------------------------
gauss_4dfp talsrcimg 1.1
---------------------------------------------------------------------

freesurfer gauss_4dfp.c
Reading: talsrcimg.4dfp.img
Writing: talsrcimg_g11.4dfp.img
image dimensions 256 256 256 padded to 288 288 288
processing volume 1freesurfer ifh2hdr.c
Tue Mar 10 05:06:04 2026
Writing: talsrcimg_g11.4dfp.hdr

Writing: talsrcimg_g11.4dfp.ifh
including: talsrcimg.4dfp.img.rec in talsrcimg_g11.4dfp.img.rec

---------------------------------------------------------------------
imgreg_4dfp /opt/freesurfer/average/711-2C_as_mni_average_305 none talsrcimg_g11 none talsrcimg_to_711-2C_as_mni_average_305_t4 4355
---------------------------------------------------------------------

freesurfer imgreg_4dfp.c
/opt/freesurfer/average/711-2C_as_mni_average_305.4dfp.img
       256       256       256         1
  1.000000  1.000000  1.000000
orientation T byte_order littleendian
Reading image: /opt/freesurfer/average/711-2C_as_mni_average_305.4dfp.img
dimensions:      256       256       256
mmppix:       1.0000   -1.0000   -1.0000
center:     128.0000 -129.0000 -129.0000
talsrcimg_g11.4dfp.img
       256       256       256         1
  1.000000  1.000000  1.000000
orientation T byte_order littleendian
Reading image: talsrcimg_g11.4dfp.img
dimensions:      256       256       256
mmppix:       1.0000   -1.0000   -1.0000
center:     128.0000 -129.0000 -129.0000
t4_read: open error in t4_sub.f l:  41 t4_file(1:l)talsrcimg_to_711-2C_as_mni_average_305_t4 
t4_read: transform initialized to I4
rotation matrix determinant  1.000000
image alignment mode   4355 decimal     1103 hex
   -7.5000  -45.0000  -45.000010360.0117   11.6245
    0.0000  -45.0000  -45.000010785.8086   11.6238
    7.5000  -45.0000  -45.000010180.7393   11.6150
   -7.5000  -37.5000  -45.000010688.1143   11.6302
    0.0000  -37.5000  -45.000011118.4111   11.6233
    7.5000  -37.5000  -45.000010489.6406   11.6101
   -7.5000  -30.0000  -45.000011164.8887   11.6007
    0.0000  -30.0000  -45.000011595.4805   11.5979
    7.5000  -30.0000  -45.000010956.6318   11.5858
   -7.5000  -22.5000  -45.000011534.5811   11.5803
    0.0000  -22.5000  -45.000011977.0420   11.5884
    7.5000  -22.5000  -45.000011307.4561   11.5821
   -7.5000  -15.0000  -45.000011763.7070   11.5680
    0.0000  -15.0000  -45.000012236.5654   11.5826
    7.5000  -15.0000  -45.000011508.0225   11.5804
   -7.5000   -7.5000  -45.000011894.3730   11.5652
    0.0000   -7.5000  -45.000012348.5635   11.5749
    7.5000   -7.5000  -45.000011620.3047   11.5711
   -7.5000    0.0000  -45.000011976.9893   11.5699
    0.0000    0.0000  -45.000012433.8506   11.5693
    7.5000    0.0000  -45.000011672.5781   11.5604
   -7.5000    7.5000  -45.000011243.6182   11.6254
    0.0000    7.5000  -45.000011680.7686   11.6185
    7.5000    7.5000  -45.000010949.4873   11.6054
   -7.5000   15.0000  -45.000010443.2998   11.8937
    0.0000   15.0000  -45.000010870.3047   11.8919
    7.5000   15.0000  -45.000010205.3477   11.8783
   -7.5000   22.5000  -45.0000 9654.3350   12.2547
    0.0000   22.5000  -45.000010078.4648   12.2660
    7.5000   22.5000  -45.0000 9471.5645   12.2595
   -7.5000   30.0000  -45.0000 8944.7900   12.5459
    0.0000   30.0000  -45.0000 9327.6162   12.5658
    7.5000   30.0000  -45.0000 8784.0938   12.5617
   -7.5000   37.5000  -45.0000 8612.8301   13.0467
    0.0000   37.5000  -45.0000 8988.9277   13.0616
    7.5000   37.5000  -45.0000 8458.0576   13.0558
   -7.5000   45.0000  -45.0000 7995.1172   13.2424
    0.0000   45.0000  -45.0000 8360.8838   13.2473
    7.5000   45.0000  -45.0000 7894.4941   13.2408
   -7.5000  -45.0000  -37.500010989.6299   11.5796
    0.0000  -45.0000  -37.500011427.4131   11.5752
    7.5000  -45.0000  -37.500010791.2891   11.5654
   -7.5000  -37.5000  -37.500011315.2988   11.5863
    0.0000  -37.5000  -37.500011749.4346   11.5762
    7.5000  -37.5000  -37.500011095.8477   11.5607
   -7.5000  -30.0000  -37.500011838.8008   11.5575
    0.0000  -30.0000  -37.500012291.2461   11.5532
    7.5000  -30.0000  -37.500011616.6045   11.5373
   -7.5000  -22.5000  -37.500012231.8984   11.5367
    0.0000  -22.5000  -37.500012697.4531   11.5445
    7.5000  -22.5000  -37.500011986.3721   11.5342
   -7.5000  -15.0000  -37.500012458.7070   11.5237
    0.0000  -15.0000  -37.500012936.6367   11.5372
    7.5000  -15.0000  -37.500012199.3154   11.5323
   -7.5000   -7.5000  -37.500012590.0850   11.5205
    0.0000   -7.5000  -37.500013052.7285   11.5276
    7.5000   -7.5000  -37.500012305.7295   11.5225
   -7.5000    0.0000  -37.500012643.3330   11.5254
    0.0000    0.0000  -37.500013107.3184   11.5211
    7.5000    0.0000  -37.500012332.2891   11.5113
   -7.5000    7.5000  -37.500011858.4033   11.5816
    0.0000    7.5000  -37.500012300.8477   11.5715
    7.5000    7.5000  -37.500011532.7158   11.5560
   -7.5000   15.0000  -37.500011018.1787   11.8485
    0.0000   15.0000  -37.500011447.4590   11.8454
    7.5000   15.0000  -37.500010750.6328   11.8285
   -7.5000   22.5000  -37.500010237.7607   12.2069
    0.0000   22.5000  -37.500010633.0967   12.2174
    7.5000   22.5000  -37.5000 9998.7949   12.2072
   -7.5000   30.0000  -37.5000 9471.8008   12.4967
    0.0000   30.0000  -37.5000 9854.9570   12.5150
    7.5000   30.0000  -37.5000 9273.7949   12.5073
   -7.5000   37.5000  -37.5000 9084.9707   12.9956
    0.0000   37.5000  -37.5000 9466.6826   13.0072
    7.5000   37.5000  -37.5000 8904.7803   12.9981
   -7.5000   45.0000  -37.5000 8393.2988   13.1906
    0.0000   45.0000  -37.5000 8766.2109   13.1914
    7.5000   45.0000  -37.5000 8266.9932   13.1814
   -7.5000  -45.0000  -30.000011722.6826   12.0636
    0.0000  -45.0000  -30.000012191.0029   12.0575
    7.5000  -45.0000  -30.000011528.6475   12.0465
   -7.5000  -37.5000  -30.000012057.4238   12.0744
    0.0000  -37.5000  -30.000012517.8525   12.0609
    7.5000  -37.5000  -30.000011842.8428   12.0420
   -7.5000  -30.0000  -30.000012618.0918   12.0422
    0.0000  -30.0000  -30.000013090.8623   12.0349
    7.5000  -30.0000  -30.000012393.6396   12.0142
   -7.5000  -22.5000  -30.000013051.7607   12.0151
    0.0000  -22.5000  -30.000013552.4814   12.0216
    7.5000  -22.5000  -30.000012802.3828   12.0075
   -7.5000  -15.0000  -30.000013306.4443   11.9982
    0.0000  -15.0000  -30.000013812.8633   12.0121
    7.5000  -15.0000  -30.000013045.5918   12.0054
   -7.5000   -7.5000  -30.000013461.5684   11.9971
    0.0000   -7.5000  -30.000013968.0889   12.0044
    7.5000   -7.5000  -30.000013170.1377   11.9988
   -7.5000    0.0000  -30.000013520.3613   12.0071
    0.0000    0.0000  -30.000014039.6494   12.0012
    7.5000    0.0000  -30.000013182.1299   11.9901
   -7.5000    7.5000  -30.000012686.0811   12.0695
    0.0000    7.5000  -30.000013177.1377   12.0560
    7.5000    7.5000  -30.000012329.2803   12.0372
   -7.5000   15.0000  -30.000011825.6904   12.3466
    0.0000   15.0000  -30.000012294.1318   12.3409
    7.5000   15.0000  -30.000011507.2061   12.3199
   -7.5000   22.5000  -30.000011005.1934   12.7157
    0.0000   22.5000  -30.000011443.8613   12.7246
    7.5000   22.5000  -30.000010730.9053   12.7109
   -7.5000   30.0000  -30.000010197.4912   13.0181
    0.0000   30.0000  -30.000010606.8008   13.0364
    7.5000   30.0000  -30.0000 9953.3799   13.0259
   -7.5000   37.5000  -30.0000 9766.3906   13.5416
    0.0000   37.5000  -30.000010162.5488   13.5523
    7.5000   37.5000  -30.0000 9566.3281   13.5411
   -7.5000   45.0000  -30.0000 9020.9736   13.7606
    0.0000   45.0000  -30.0000 9385.3105   13.7590
    7.5000   45.0000  -30.0000 8856.7617   13.7449
   -7.5000  -45.0000  -22.500012433.3916   12.4849
    0.0000  -45.0000  -22.500012932.0801   12.4805
    7.5000  -45.0000  -22.500012271.5498   12.4692
   -7.5000  -37.5000  -22.500012767.9990   12.4968
    0.0000  -37.5000  -22.500013249.8730   12.4824
    7.5000  -37.5000  -22.500012566.4307   12.4626
   -7.5000  -30.0000  -22.500013362.1172   12.4591
    0.0000  -30.0000  -22.500013850.7236   12.4492
    7.5000  -30.0000  -22.500013137.2041   12.4279
   -7.5000  -22.5000  -22.500013860.7158   12.4269
    0.0000  -22.5000  -22.500014369.6094   12.4315
    7.5000  -22.5000  -22.500013628.1631   12.4176
   -7.5000  -15.0000  -22.500014203.5801   12.4091
    0.0000  -15.0000  -22.500014720.7510   12.4239
    7.5000  -15.0000  -22.500013946.5518   12.4180
   -7.5000   -7.5000  -22.500014404.5166   12.4117
    0.0000   -7.5000  -22.500014943.0576   12.4217
    7.5000   -7.5000  -22.500014074.7627   12.4167
   -7.5000    0.0000  -22.500014491.4717   12.4264
    0.0000    0.0000  -22.500015014.0996   12.4222
    7.5000    0.0000  -22.500014075.2549   12.4108
   -7.5000    7.5000  -22.500013603.7080   12.4917
    0.0000    7.5000  -22.500014078.6865   12.4773
    7.5000    7.5000  -22.500013168.8613   12.4576
   -7.5000   15.0000  -22.500012697.1631   12.7751
    0.0000   15.0000  -22.500013157.2607   12.7670
    7.5000   15.0000  -22.500012280.0771   12.7455
   -7.5000   22.5000  -22.500011772.5508   13.1538
    0.0000   22.5000  -22.500012227.1533   13.1609
    7.5000   22.5000  -22.500011462.7324   13.1471
   -7.5000   30.0000  -22.500010911.5977   13.4680
    0.0000   30.0000  -22.500011336.1416   13.4872
    7.5000   30.0000  -22.500010657.7568   13.4776
   -7.5000   37.5000  -22.500010467.4785   14.0127
    0.0000   37.5000  -22.500010875.3584   14.0255
    7.5000   37.5000  -22.500010234.8105   14.0155
   -7.5000   45.0000  -22.5000 9649.6367   14.2519
    0.0000   45.0000  -22.500010046.7402   14.2509
    7.5000   45.0000  -22.5000 9463.0332   14.2365
   -7.5000  -45.0000  -15.000013075.8604   12.7878
    0.0000  -45.0000  -15.000013606.1719   12.7869
    7.5000  -45.0000  -15.000012933.9316   12.7756
   -7.5000  -37.5000  -15.000013428.1016   12.7976
    0.0000  -37.5000  -15.000013938.4102   12.7857
    7.5000  -37.5000  -15.000013238.7881   12.7671
   -7.5000  -30.0000  -15.000014074.3730   12.7578
    0.0000  -30.0000  -15.000014583.1650   12.7479
    7.5000  -30.0000  -15.000013862.9570   12.7295
   -7.5000  -22.5000  -15.000014640.6191   12.7258
    0.0000  -22.5000  -15.000015137.6699   12.7296
    7.5000  -22.5000  -15.000014383.6963   12.7184
   -7.5000  -15.0000  -15.000015082.9502   12.7097
    0.0000  -15.0000  -15.000015624.6816   12.7251
    7.5000  -15.0000  -15.000014797.4717   12.7209
   -7.5000   -7.5000  -15.000015344.3262   12.7134
    0.0000   -7.5000  -15.000015908.4258   12.7259
    7.5000   -7.5000  -15.000014966.1484   12.7211
   -7.5000    0.0000  -15.000015436.5225   12.7278
    0.0000    0.0000  -15.000016008.1934   12.7270
    7.5000    0.0000  -15.000014998.7393   12.7158
   -7.5000    7.5000  -15.000014479.1660   12.7924
    0.0000    7.5000  -15.000014981.4258   12.7805
    7.5000    7.5000  -15.000014014.8779   12.7620
   -7.5000   15.0000  -15.000013495.0068   13.0812
    0.0000   15.0000  -15.000013964.9961   13.0731
    7.5000   15.0000  -15.000013047.7646   13.0538
   -7.5000   22.5000  -15.000012527.3242   13.4690
    0.0000   22.5000  -15.000013005.9561   13.4756
    7.5000   22.5000  -15.000012195.5752   13.4642
   -7.5000   30.0000  -15.000011637.6045   13.7925
    0.0000   30.0000  -15.000012073.3096   13.8126
    7.5000   30.0000  -15.000011339.9336   13.8055
   -7.5000   37.5000  -15.000011176.0117   14.3488
    0.0000   37.5000  -15.000011600.4561   14.3646
    7.5000   37.5000  -15.000010911.2969   14.3568
   -7.5000   45.0000  -15.000010326.3867   14.5974
    0.0000   45.0000  -15.000010736.9580   14.5998
    7.5000   45.0000  -15.000010088.3721   14.5880
   -7.5000  -45.0000   -7.500013791.9023   12.9288
    0.0000  -45.0000   -7.500014337.8154   12.9295
    7.5000  -45.0000   -7.500013599.3564   12.9185
   -7.5000  -37.5000   -7.500014165.5986   12.9355
    0.0000  -37.5000   -7.500014695.6064   12.9267
    7.5000  -37.5000   -7.500013919.5244   12.9104
   -7.5000  -30.0000   -7.500014868.3975   12.8984
    0.0000  -30.0000   -7.500015406.2852   12.8920
    7.5000  -30.0000   -7.500014594.8379   12.8771
   -7.5000  -22.5000   -7.500015470.7002   12.8719
    0.0000  -22.5000   -7.500016019.9307   12.8778
    7.5000  -22.5000   -7.500015163.7148   12.8698
   -7.5000  -15.0000   -7.500015974.3975   12.8583
    0.0000  -15.0000   -7.500016595.5176   12.8743
    7.5000  -15.0000   -7.500015617.2510   12.8714
   -7.5000   -7.5000   -7.500016392.5625   12.8590
    0.0000   -7.5000   -7.500017096.3984   12.8717
    7.5000   -7.5000   -7.500015960.9277   12.8669
   -7.5000    0.0000   -7.500016554.7383   12.8683
    0.0000    0.0000   -7.500017262.6230   12.8690
    7.5000    0.0000   -7.500016054.1104   12.8580
   -7.5000    7.5000   -7.500015528.5498   12.9302
    0.0000    7.5000   -7.500016073.7549   12.9215
    7.5000    7.5000   -7.500014991.9570   12.9052
   -7.5000   15.0000   -7.500014430.8730   13.2239
    0.0000   15.0000   -7.500014959.2695   13.2188
    7.5000   15.0000   -7.500013926.2148   13.2024
   -7.5000   22.5000   -7.500013394.8516   13.6173
    0.0000   22.5000   -7.500013895.9277   13.6266
    7.5000   22.5000   -7.500012966.2627   13.6180
   -7.5000   30.0000   -7.500012462.2061   13.9471
    0.0000   30.0000   -7.500012930.5244   13.9684
    7.5000   30.0000   -7.500012034.0176   13.9632
   -7.5000   37.5000   -7.500012003.2148   14.5044
    0.0000   37.5000   -7.500012451.0254   14.5218
    7.5000   37.5000   -7.500011584.0732   14.5150
   -7.5000   45.0000   -7.500011102.6504   14.7510
    0.0000   45.0000   -7.500011537.0625   14.7562
    7.5000   45.0000   -7.500010724.8887   14.7473
   -7.5000  -45.0000    0.000014469.1963   12.9450
    0.0000  -45.0000    0.000015075.5195   12.9439
    7.5000  -45.0000    0.000014119.4277   12.9332
   -7.5000  -37.5000    0.000014842.0518   12.9501
    0.0000  -37.5000    0.000015428.3301   12.9419
    7.5000  -37.5000    0.000014462.0615   12.9264
   -7.5000  -30.0000    0.000015612.5273   12.9171
    0.0000  -30.0000    0.000016222.6719   12.9134
    7.5000  -30.0000    0.000015200.5049   12.8990
   -7.5000  -22.5000    0.000016267.3389   12.8955
    0.0000  -22.5000    0.000016919.3945   12.9041
    7.5000  -22.5000    0.000015851.4961   12.8960
   -7.5000  -15.0000    0.000016852.6270   12.8831
    0.0000  -15.0000    0.000017604.1660   12.8992
    7.5000  -15.0000    0.000016395.0723   12.8957
   -7.5000   -7.5000    0.000017453.9551   12.8801
    0.0000   -7.5000    0.000018419.3633   12.8909
    7.5000   -7.5000    0.000016862.2148   12.8856
   -7.5000    0.0000    0.000017805.9980   12.8845
    0.0000    0.0000    0.000018777.0039   12.8835
    7.5000    0.0000    0.000017113.4492   12.8727
   -7.5000    7.5000    0.000016626.2930   12.9448
    0.0000    7.5000    0.000017376.9336   12.9367
    7.5000    7.5000    0.000015916.1846   12.9211
   -7.5000   15.0000    0.000015361.3125   13.2416
    0.0000   15.0000    0.000015964.7725   13.2391
    7.5000   15.0000    0.000014678.0918   13.2230
   -7.5000   22.5000    0.000014208.7139   13.6381
    0.0000   22.5000    0.000014758.3281   13.6503
    7.5000   22.5000    0.000013596.5430   13.6419
   -7.5000   30.0000    0.000013214.1211   13.9710
    0.0000   30.0000    0.000013719.4336   13.9930
    7.5000   30.0000    0.000012630.5654   13.9871
   -7.5000   37.5000    0.000012708.4980   14.5259
    0.0000   37.5000    0.000013210.9062   14.5423
    7.5000   37.5000    0.000012190.7471   14.5345
   -7.5000   45.0000    0.000011750.2383   14.7682
    0.0000   45.0000    0.000012242.3525   14.7732
    7.5000   45.0000    0.000011302.7803   14.7647
   -7.5000  -45.0000    7.500014009.0010   12.9435
    0.0000  -45.0000    7.500014641.3242   12.9389
    7.5000  -45.0000    7.500013633.5898   12.9277
   -7.5000  -37.5000    7.500014362.8193   12.9513
    0.0000  -37.5000    7.500014979.7266   12.9403
    7.5000  -37.5000    7.500013939.8311   12.9225
   -7.5000  -30.0000    7.500015122.5264   12.9194
    0.0000  -30.0000    7.500015773.4648   12.9148
    7.5000  -30.0000    7.500014652.8154   12.8966
   -7.5000  -22.5000    7.500015798.5703   12.8961
    0.0000  -22.5000    7.500016506.3496   12.9050
    7.5000  -22.5000    7.500015290.7305   12.8932
   -7.5000  -15.0000    7.500016427.3262   12.8813
    0.0000  -15.0000    7.500017278.6816   12.8966
    7.5000  -15.0000    7.500015830.2236   12.8909
   -7.5000   -7.5000    7.500017054.6035   12.8776
    0.0000   -7.5000    7.500018073.9570   12.8859
    7.5000   -7.5000    7.500016299.6162   12.8799
   -7.5000    0.0000    7.500017441.9785   12.8831
    0.0000    0.0000    7.500018434.4707   12.8786
    7.5000    0.0000    7.500016602.7812   12.8673
   -7.5000    7.5000    7.500016214.4609   12.9460
    0.0000    7.5000    7.500017018.2363   12.9351
    7.5000    7.5000    7.500015450.6729   12.9174
   -7.5000   15.0000    7.500014853.1787   13.2443
    0.0000   15.0000    7.500015511.7695   13.2410
    7.5000   15.0000    7.500014164.0146   13.2218
   -7.5000   22.5000    7.500013720.2783   13.6401
    0.0000   22.5000    7.500014329.2314   13.6520
    7.5000   22.5000    7.500013092.6631   13.6402
   -7.5000   30.0000    7.500012749.8418   13.9729
    0.0000   30.0000    7.500013292.3418   13.9937
    7.5000   30.0000    7.500012199.5928   13.9846
   -7.5000   37.5000    7.500012272.6709   14.5298
    0.0000   37.5000    7.500012790.2793   14.5431
    7.5000   37.5000    7.500011828.0898   14.5326
   -7.5000   45.0000    7.500011351.9072   14.7760
    0.0000   45.0000    7.500011837.9961   14.7774
    7.5000   45.0000    7.500011002.3486   14.7658
   -7.5000  -45.0000   15.000013272.0527   12.9504
    0.0000  -45.0000   15.000013852.2539   12.9439
    7.5000  -45.0000   15.000012976.3291   12.9322
   -7.5000  -37.5000   15.000013589.6104   12.9621
    0.0000  -37.5000   15.000014142.9248   12.9476
    7.5000  -37.5000   15.000013239.7363   12.9274
   -7.5000  -30.0000   15.000014327.1777   12.9274
    0.0000  -30.0000   15.000014913.5000   12.9196
    7.5000  -30.0000   15.000013898.9502   12.8975
   -7.5000  -22.5000   15.000014930.4199   12.8982
    0.0000  -22.5000   15.000015568.1982   12.9052
    7.5000  -22.5000   15.000014458.4229   12.8902
   -7.5000  -15.0000   15.000015482.7754   12.8800
    0.0000  -15.0000   15.000016253.9248   12.8949
    7.5000  -15.0000   15.000014978.9121   12.8878
   -7.5000   -7.5000   15.000015967.0049   12.8788
    0.0000   -7.5000   15.000016791.5703   12.8868
    7.5000   -7.5000   15.000015435.3789   12.8808
   -7.5000    0.0000   15.000016209.4814   12.8898
    0.0000    0.0000   15.000016958.1113   12.8835
    7.5000    0.0000   15.000015685.2314   12.8717
   -7.5000    7.5000   15.000015080.4834   12.9568
    0.0000    7.5000   15.000015693.0156   12.9424
    7.5000    7.5000   15.000014595.9512   12.9222
   -7.5000   15.0000   15.000013947.1357   13.2542
    0.0000   15.0000   15.000014512.2725   13.2481
    7.5000   15.0000   15.000013470.6016   13.2256
   -7.5000   22.5000   15.000012979.7354   13.6470
    0.0000   22.5000   15.000013530.2900   13.6566
    7.5000   22.5000   15.000012521.6914   13.6420
   -7.5000   30.0000   15.000012094.7334   13.9784
    0.0000   30.0000   15.000012598.5547   13.9982
    7.5000   30.0000   15.000011681.2861   13.9870
   -7.5000   37.5000   15.000011675.5674   14.5404
    0.0000   37.5000   15.000012164.4736   14.5521
    7.5000   37.5000   15.000011323.9121   14.5401
   -7.5000   45.0000   15.000010819.3242   14.7953
    0.0000   45.0000   15.000011277.3789   14.7936
    7.5000   45.0000   15.000010529.0146   14.7785
   -7.5000  -45.0000   22.500012279.1260   12.9621
    0.0000  -45.0000   22.500012780.8770   12.9576
    7.5000  -45.0000   22.500012059.3877   12.9458
   -7.5000  -37.5000   22.500012558.2832   12.9744
    0.0000  -37.5000   22.500013036.3750   12.9595
    7.5000  -37.5000   22.500012277.6533   12.9389
   -7.5000  -30.0000   22.500013192.2549   12.9354
    0.0000  -30.0000   22.500013684.5186   12.9251
    7.5000  -30.0000   22.500012899.6533   12.9030
   -7.5000  -22.5000   22.500013707.3281   12.9020
    0.0000  -22.5000   22.500014248.7754   12.9068
    7.5000  -22.5000   22.500013412.8057   12.8923
   -7.5000  -15.0000   22.500014208.0781   12.8836
    0.0000  -15.0000   22.500014850.2822   12.8989
    7.5000  -15.0000   22.500013916.3672   12.8928
   -7.5000   -7.5000   22.500014637.0205   12.8862
    0.0000   -7.5000   22.500015274.7070   12.8966
    7.5000   -7.5000   22.500014371.7012   12.8914
   -7.5000    0.0000   22.500014850.7490   12.9013
    0.0000    0.0000   22.500015450.2852   12.8970
    7.5000    0.0000   22.500014573.2246   12.8852
   -7.5000    7.5000   22.500013867.5498   12.9691
    0.0000    7.5000   22.500014397.0010   12.9542
    7.5000    7.5000   22.500013566.1328   12.9337
   -7.5000   15.0000   22.500012889.3896   13.2635
    0.0000   15.0000   22.500013381.8330   13.2551
    7.5000   15.0000   22.500012587.1875   13.2327
   -7.5000   22.5000   22.500012053.9053   13.6543
    0.0000   22.5000   22.500012529.9277   13.6616
    7.5000   22.5000   22.500011763.4932   13.6473
   -7.5000   30.0000   22.500011290.2334   13.9845
    0.0000   30.0000   22.500011726.8398   14.0044
    7.5000   30.0000   22.500011023.0527   13.9945
   -7.5000   37.5000   22.500010955.2363   14.5501
    0.0000   37.5000   22.500011398.1484   14.5634
    7.5000   37.5000   22.500010700.0996   14.5530
   -7.5000   45.0000   22.500010186.5801   14.8091
    0.0000   45.0000   22.500010617.3467   14.8081
    7.5000   45.0000   22.5000 9963.3115   14.7931
   -7.5000  -45.0000   30.000011193.7773   13.0693
    0.0000  -45.0000   30.000011615.5635   13.0682
    7.5000  -45.0000   30.000011026.1875   13.0565
   -7.5000  -37.5000   30.000011447.6709   13.0788
    0.0000  -37.5000   30.000011863.0615   13.0662
    7.5000  -37.5000   30.000011249.3877   13.0469
   -7.5000  -30.0000   30.000012027.3037   13.0380
    0.0000  -30.0000   30.000012439.0859   13.0276
    7.5000  -30.0000   30.000011801.9023   13.0083
   -7.5000  -22.5000   30.000012517.0576   13.0059
    0.0000  -22.5000   30.000012999.9658   13.0096
    7.5000  -22.5000   30.000012300.9590   12.9980
   -7.5000  -15.0000   30.000012965.8564   12.9900
    0.0000  -15.0000   30.000013508.4336   13.0057
    7.5000  -15.0000   30.000012791.8506   13.0013
   -7.5000   -7.5000   30.000013357.8584   12.9936
    0.0000   -7.5000   30.000013877.7637   13.0064
    7.5000   -7.5000   30.000013212.4844   13.0015
   -7.5000    0.0000   30.000013562.3252   13.0075
    0.0000    0.0000   30.000014089.5283   13.0066
    7.5000    0.0000   30.000013413.9844   12.9948
   -7.5000    7.5000   30.000012726.5918   13.0734
    0.0000    7.5000   30.000013202.0273   13.0609
    7.5000    7.5000   30.000012534.9863   13.0416
   -7.5000   15.0000   30.000011887.9951   13.3710
    0.0000   15.0000   30.000012317.2510   13.3624
    7.5000   15.0000   30.000011662.9541   13.3423
   -7.5000   22.5000   30.000011129.0010   13.7635
    0.0000   22.5000   30.000011539.3711   13.7702
    7.5000   22.5000   30.000010925.1455   13.7583
   -7.5000   30.0000   30.000010445.4590   14.0990
    0.0000   30.0000   30.000010840.4082   14.1196
    7.5000   30.0000   30.000010257.3457   14.1122
   -7.5000   37.5000   30.000010149.5840   14.6666
    0.0000   37.5000   30.000010526.9893   14.6826
    7.5000   37.5000   30.0000 9947.6006   14.6745
   -7.5000   45.0000   30.0000 9460.5654   14.9248
    0.0000   45.0000   30.0000 9827.9756   14.9270
    7.5000   45.0000   30.0000 9294.5752   14.9146
   -7.5000  -45.0000   37.500010669.0020   13.3324
    0.0000  -45.0000   37.500011058.1504   13.3327
    7.5000  -45.0000   37.500010559.7148   13.3208
   -7.5000  -37.5000   37.500010908.1846   13.3386
    0.0000  -37.5000   37.500011308.4678   13.3292
    7.5000  -37.5000   37.500010775.7637   13.3117
   -7.5000  -30.0000   37.500011477.6650   13.2998
    0.0000  -30.0000   37.500011902.4688   13.2928
    7.5000  -30.0000   37.500011326.8486   13.2766
   -7.5000  -22.5000   37.500011970.8838   13.2728
    0.0000  -22.5000   37.500012434.9941   13.2788
    7.5000  -22.5000   37.500011809.5000   13.2697
   -7.5000  -15.0000   37.500012398.9492   13.2589
    0.0000  -15.0000   37.500012914.3740   13.2754
    7.5000  -15.0000   37.500012249.7910   13.2717
   -7.5000   -7.5000   37.500012762.9004   13.2592
    0.0000   -7.5000   37.500013264.9746   13.2723
    7.5000   -7.5000   37.500012613.7188   13.2667
   -7.5000    0.0000   37.500012948.2354   13.2682
    0.0000    0.0000   37.500013458.8945   13.2685
    7.5000    0.0000   37.500012825.1562   13.2567
   -7.5000    7.5000   37.500012157.8574   13.3330
    0.0000    7.5000   37.500012630.3916   13.3236
    7.5000    7.5000   37.500012034.0098   13.3061
   -7.5000   15.0000   37.500011390.5400   13.6438
    0.0000   15.0000   37.500011822.2480   13.6383
    7.5000   15.0000   37.500011239.3682   13.6204
   -7.5000   22.5000   37.500010675.6885   14.0489
    0.0000   22.5000   37.500011084.3223   14.0586
    7.5000   22.5000   37.500010530.3906   14.0488
   -7.5000   30.0000   37.500010015.4297   14.3862
    0.0000   30.0000   37.500010417.2227   14.4084
    7.5000   30.0000   37.5000 9870.8760   14.4022
   -7.5000   37.5000   37.5000 9729.0547   14.9491
    0.0000   37.5000   37.500010092.5205   14.9669
    7.5000   37.5000   37.5000 9572.0879   14.9593
   -7.5000   45.0000   37.5000 9068.1816   15.1949
    0.0000   45.0000   37.5000 9398.2607   15.2000
    7.5000   45.0000   37.5000 8917.2119   15.1904
   -7.5000  -45.0000   45.0000 9852.6992   13.6791
    0.0000  -45.0000   45.000010197.9219   13.6776
    7.5000  -45.0000   45.0000 9763.5391   13.6649
   -7.5000  -37.5000   45.000010062.2129   13.6811
    0.0000  -37.5000   45.000010413.3984   13.6717
    7.5000  -37.5000   45.0000 9964.0840   13.6539
   -7.5000  -30.0000   45.000010594.6650   13.6403
    0.0000  -30.0000   45.000010990.3457   13.6360
    7.5000  -30.0000   45.000010483.9756   13.6199
   -7.5000  -22.5000   45.000011040.5439   13.6161
    0.0000  -22.5000   45.000011485.7207   13.6256
    7.5000  -22.5000   45.000010927.3350   13.6166
   -7.5000  -15.0000   45.000011417.0654   13.6047
    0.0000  -15.0000   45.000011905.0498   13.6224
    7.5000  -15.0000   45.000011320.9795   13.6185
   -7.5000   -7.5000   45.000011732.3516   13.6050
    0.0000   -7.5000   45.000012203.9180   13.6167
    7.5000   -7.5000   45.000011617.7471   13.6104
   -7.5000    0.0000   45.000011906.9844   13.6112
    0.0000    0.0000   45.000012389.8506   13.6097
    7.5000    0.0000   45.000011782.9883   13.5970
   -7.5000    7.5000   45.000011185.7002   13.6751
    0.0000    7.5000   45.000011667.5029   13.6658
    7.5000    7.5000   45.000011084.8496   13.6480
   -7.5000   15.0000   45.000010488.5811   13.9997
    0.0000   15.0000   45.000010915.6504   13.9966
    7.5000   15.0000   45.000010372.1143   13.9785
   -7.5000   22.5000   45.0000 9835.6084   14.4187
    0.0000   22.5000   45.000010229.3662   14.4320
    7.5000   22.5000   45.0000 9730.6367   14.4227
   -7.5000   30.0000   45.0000 9231.4727   14.7533
    0.0000   30.0000   45.0000 9618.9229   14.7776
    7.5000   30.0000   45.0000 9112.7275   14.7709
   -7.5000   37.5000   45.0000 8961.2900   15.3130
    0.0000   37.5000   45.0000 9311.2334   15.3309
    7.5000   37.5000   45.0000 8821.1904   15.3219
   -7.5000   45.0000   45.0000 8323.3682   15.5546
    0.0000   45.0000   45.0000 8648.8535   15.5598
    7.5000   45.0000   45.0000 8185.8501   15.5498

---------------------------------------------------------------------
imgreg_4dfp /opt/freesurfer/average/711-2C_as_mni_average_305 /opt/freesurfer/average/711-2B_as_mni_average_305_mask talsrcimg_g11 none talsrcimg_to_711-2C_as_mni_average_305_t4 4355
---------------------------------------------------------------------

freesurfer imgreg_4dfp.c
/opt/freesurfer/average/711-2C_as_mni_average_305.4dfp.img
       256       256       256         1
  1.000000  1.000000  1.000000
orientation T byte_order littleendian
Reading image: /opt/freesurfer/average/711-2C_as_mni_average_305.4dfp.img
dimensions:      256       256       256
mmppix:       1.0000   -1.0000   -1.0000
center:     128.0000 -129.0000 -129.0000
/opt/freesurfer/average/711-2B_as_mni_average_305_mask.4dfp.img
       256       256       256         1
  1.000000  1.000000  1.000000
orientation T byte_order littleendian
Reading mask: /opt/freesurfer/average/711-2B_as_mni_average_305_mask.4dfp.img (2306576 pixels)
talsrcimg_g11.4dfp.img
       256       256       256         1
  1.000000  1.000000  1.000000
orientation T byte_order littleendian
Reading image: talsrcimg_g11.4dfp.img
dimensions:      256       256       256
mmppix:       1.0000   -1.0000   -1.0000
center:     128.0000 -129.0000 -129.0000
rotation matrix determinant  1.000000
image alignment mode   4355 decimal     1103 hex
   -7.5000  -45.0000  -45.0000 2387.4102   15.4478
    0.0000  -45.0000  -45.0000 2403.2432   15.3641
    7.5000  -45.0000  -45.0000 2382.6309   15.4521
   -7.5000  -37.5000  -45.0000 2396.1306   15.4265
    0.0000  -37.5000  -45.0000 2408.5125   15.3583
    7.5000  -37.5000  -45.0000 2391.3904   15.4204
   -7.5000  -30.0000  -45.0000 2402.9038   15.4633
    0.0000  -30.0000  -45.0000 2413.0979   15.3828
    7.5000  -30.0000  -45.0000 2395.1606   15.4416
   -7.5000  -22.5000  -45.0000 2406.9697   15.5729
    0.0000  -22.5000  -45.0000 2419.2615   15.4970
    7.5000  -22.5000  -45.0000 2399.8928   15.5634
   -7.5000  -15.0000  -45.0000 2402.6016   15.6549
    0.0000  -15.0000  -45.0000 2420.3132   15.5971
    7.5000  -15.0000  -45.0000 2394.9834   15.6398
   -7.5000   -7.5000  -45.0000 2394.4133   15.7257
    0.0000   -7.5000  -45.0000 2411.5525   15.6323
    7.5000   -7.5000  -45.0000 2387.9761   15.6677
   -7.5000    0.0000  -45.0000 2398.4004   15.8093
    0.0000    0.0000  -45.0000 2414.2239   15.6812
    7.5000    0.0000  -45.0000 2389.6216   15.7418
   -7.5000    7.5000  -45.0000 2400.3542   16.1667
    0.0000    7.5000  -45.0000 2417.5864   16.0333
    7.5000    7.5000  -45.0000 2389.2883   16.1227
   -7.5000   15.0000  -45.0000 2369.2524   16.7571
    0.0000   15.0000  -45.0000 2395.2244   16.6378
    7.5000   15.0000  -45.0000 2365.1272   16.7204
   -7.5000   22.5000  -45.0000 2335.4561   17.5944
    0.0000   22.5000  -45.0000 2361.9551   17.5139
    7.5000   22.5000  -45.0000 2325.4153   17.5913
   -7.5000   30.0000  -45.0000 2273.2527   18.6457
    0.0000   30.0000  -45.0000 2293.5859   18.6010
    7.5000   30.0000  -45.0000 2262.2742   18.6905
   -7.5000   37.5000  -45.0000 2196.3447   20.0241
    0.0000   37.5000  -45.0000 2212.6343   19.9725
    7.5000   37.5000  -45.0000 2180.2354   20.0742
   -7.5000   45.0000  -45.0000 2096.7437   21.9174
    0.0000   45.0000  -45.0000 2106.6494   21.8283
    7.5000   45.0000  -45.0000 2079.9900   21.9534
   -7.5000  -45.0000  -37.5000 2496.1055   14.2694
    0.0000  -45.0000  -37.5000 2513.4434   14.2045
    7.5000  -45.0000  -37.5000 2488.0310   14.3203
   -7.5000  -37.5000  -37.5000 2510.1521   14.2303
    0.0000  -37.5000  -37.5000 2523.3601   14.1377
    7.5000  -37.5000  -37.5000 2498.3865   14.2584
   -7.5000  -30.0000  -37.5000 2510.3479   14.2977
    0.0000  -30.0000  -37.5000 2526.3135   14.2037
    7.5000  -30.0000  -37.5000 2500.4971   14.3009
   -7.5000  -22.5000  -37.5000 2505.7271   14.4117
    0.0000  -22.5000  -37.5000 2525.7449   14.3093
    7.5000  -22.5000  -37.5000 2496.3855   14.3739
   -7.5000  -15.0000  -37.5000 2501.4241   14.4956
    0.0000  -15.0000  -37.5000 2521.7476   14.4132
    7.5000  -15.0000  -37.5000 2495.5437   14.4551
   -7.5000   -7.5000  -37.5000 2492.7896   14.5830
    0.0000   -7.5000  -37.5000 2515.7109   14.4552
    7.5000   -7.5000  -37.5000 2493.2878   14.5245
   -7.5000    0.0000  -37.5000 2489.4268   14.6472
    0.0000    0.0000  -37.5000 2510.2507   14.5544
    7.5000    0.0000  -37.5000 2490.2231   14.5935
   -7.5000    7.5000  -37.5000 2492.6108   14.9836
    0.0000    7.5000  -37.5000 2514.5322   14.8538
    7.5000    7.5000  -37.5000 2486.1909   14.9254
   -7.5000   15.0000  -37.5000 2467.8730   15.4826
    0.0000   15.0000  -37.5000 2493.6206   15.3833
    7.5000   15.0000  -37.5000 2463.6780   15.4672
   -7.5000   22.5000  -37.5000 2433.4536   16.2392
    0.0000   22.5000  -37.5000 2460.0137   16.1876
    7.5000   22.5000  -37.5000 2427.2231   16.2887
   -7.5000   30.0000  -37.5000 2370.2500   17.2192
    0.0000   30.0000  -37.5000 2393.8711   17.1888
    7.5000   30.0000  -37.5000 2359.1472   17.3042
   -7.5000   37.5000  -37.5000 2287.6492   18.5003
    0.0000   37.5000  -37.5000 2308.3799   18.4479
    7.5000   37.5000  -37.5000 2271.7751   18.5856
   -7.5000   45.0000  -37.5000 2179.8979   20.2421
    0.0000   45.0000  -37.5000 2198.2036   20.1805
    7.5000   45.0000  -37.5000 2162.8179   20.2781
   -7.5000  -45.0000  -30.0000 2631.3638   13.7223
    0.0000  -45.0000  -30.0000 2652.8069   13.6135
    7.5000  -45.0000  -30.0000 2628.7478   13.7844
   -7.5000  -37.5000  -30.0000 2646.7468   13.6653
    0.0000  -37.5000  -30.0000 2664.0056   13.5639
    7.5000  -37.5000  -30.0000 2636.8057   13.7226
   -7.5000  -30.0000  -30.0000 2644.2417   13.6976
    0.0000  -30.0000  -30.0000 2661.1523   13.5726
    7.5000  -30.0000  -30.0000 2632.9441   13.6952
   -7.5000  -22.5000  -30.0000 2632.3335   13.7692
    0.0000  -22.5000  -30.0000 2653.4866   13.6470
    7.5000  -22.5000  -30.0000 2626.8899   13.7262
   -7.5000  -15.0000  -30.0000 2626.6636   13.8511
    0.0000  -15.0000  -30.0000 2647.9963   13.7110
    7.5000  -15.0000  -30.0000 2630.5264   13.7706
   -7.5000   -7.5000  -30.0000 2630.6084   13.9472
    0.0000   -7.5000  -30.0000 2655.4192   13.8164
    7.5000   -7.5000  -30.0000 2636.7434   13.8661
   -7.5000    0.0000  -30.0000 2627.4626   14.0629
    0.0000    0.0000  -30.0000 2655.0828   13.9517
    7.5000    0.0000  -30.0000 2632.5493   13.9960
   -7.5000    7.5000  -30.0000 2632.3611   14.3751
    0.0000    7.5000  -30.0000 2658.4360   14.2681
    7.5000    7.5000  -30.0000 2626.4331   14.3105
   -7.5000   15.0000  -30.0000 2612.1543   14.8852
    0.0000   15.0000  -30.0000 2639.7891   14.7932
    7.5000   15.0000  -30.0000 2610.9182   14.8590
   -7.5000   22.5000  -30.0000 2577.5229   15.5786
    0.0000   22.5000  -30.0000 2603.3005   15.5203
    7.5000   22.5000  -30.0000 2573.9199   15.6126
   -7.5000   30.0000  -30.0000 2510.0503   16.4807
    0.0000   30.0000  -30.0000 2537.3425   16.4552
    7.5000   30.0000  -30.0000 2504.0667   16.5647
   -7.5000   37.5000  -30.0000 2416.2446   17.7335
    0.0000   37.5000  -30.0000 2442.7964   17.6744
    7.5000   37.5000  -30.0000 2410.4297   17.8268
   -7.5000   45.0000  -30.0000 2305.1868   19.4232
    0.0000   45.0000  -30.0000 2324.9922   19.2963
    7.5000   45.0000  -30.0000 2296.3137   19.4484
   -7.5000  -45.0000  -22.5000 2719.6819   13.1749
    0.0000  -45.0000  -22.5000 2744.5881   13.0455
    7.5000  -45.0000  -22.5000 2728.8394   13.2323
   -7.5000  -37.5000  -22.5000 2727.8374   13.0838
    0.0000  -37.5000  -22.5000 2749.5012   12.9344
    7.5000  -37.5000  -22.5000 2730.0317   13.0849
   -7.5000  -30.0000  -22.5000 2726.6509   13.0268
    0.0000  -30.0000  -22.5000 2746.3926   12.8937
    7.5000  -30.0000  -22.5000 2726.8320   13.0318
   -7.5000  -22.5000  -22.5000 2720.8782   13.0539
    0.0000  -22.5000  -22.5000 2742.0703   12.9163
    7.5000  -22.5000  -22.5000 2724.3848   13.0563
   -7.5000  -15.0000  -22.5000 2727.2231   13.1544
    0.0000  -15.0000  -22.5000 2747.0037   13.0209
    7.5000  -15.0000  -22.5000 2737.0867   13.1011
   -7.5000   -7.5000  -22.5000 2738.3850   13.2658
    0.0000   -7.5000  -22.5000 2764.3596   13.1138
    7.5000   -7.5000  -22.5000 2743.2271   13.1917
   -7.5000    0.0000  -22.5000 2741.0354   13.3775
    0.0000    0.0000  -22.5000 2769.3218   13.2469
    7.5000    0.0000  -22.5000 2743.3599   13.3003
   -7.5000    7.5000  -22.5000 2748.2014   13.6840
    0.0000    7.5000  -22.5000 2775.3826   13.5623
    7.5000    7.5000  -22.5000 2743.8237   13.6263
   -7.5000   15.0000  -22.5000 2733.8896   14.2099
    0.0000   15.0000  -22.5000 2762.7771   14.0988
    7.5000   15.0000  -22.5000 2729.5295   14.1966
   -7.5000   22.5000  -22.5000 2695.0168   14.8573
    0.0000   22.5000  -22.5000 2719.6648   14.7756
    7.5000   22.5000  -22.5000 2693.4170   14.8898
   -7.5000   30.0000  -22.5000 2622.5942   15.7041
    0.0000   30.0000  -22.5000 2648.5193   15.6487
    7.5000   30.0000  -22.5000 2624.4495   15.7955
   -7.5000   37.5000  -22.5000 2523.6389   16.9143
    0.0000   37.5000  -22.5000 2544.9958   16.8383
    7.5000   37.5000  -22.5000 2519.6606   17.0264
   -7.5000   45.0000  -22.5000 2400.5027   18.5053
    0.0000   45.0000  -22.5000 2420.2905   18.3749
    7.5000   45.0000  -22.5000 2398.5281   18.5360
   -7.5000  -45.0000  -15.0000 2759.7949   12.7327
    0.0000  -45.0000  -15.0000 2782.8008   12.5984
    7.5000  -45.0000  -15.0000 2770.2480   12.7917
   -7.5000  -37.5000  -15.0000 2766.7036   12.5808
    0.0000  -37.5000  -15.0000 2790.2109   12.4363
    7.5000  -37.5000  -15.0000 2774.3142   12.5978
   -7.5000  -30.0000  -15.0000 2764.8323   12.4798
    0.0000  -30.0000  -15.0000 2783.7942   12.3125
    7.5000  -30.0000  -15.0000 2774.2466   12.4822
   -7.5000  -22.5000  -15.0000 2772.5203   12.4631
    0.0000  -22.5000  -15.0000 2789.9082   12.3085
    7.5000  -22.5000  -15.0000 2781.0286   12.4966
   -7.5000  -15.0000  -15.0000 2795.3977   12.5953
    0.0000  -15.0000  -15.0000 2813.2720   12.4464
    7.5000  -15.0000  -15.0000 2800.2322   12.5769
   -7.5000   -7.5000  -15.0000 2805.0149   12.6940
    0.0000   -7.5000  -15.0000 2831.8171   12.5496
    7.5000   -7.5000  -15.0000 2810.7681   12.6588
   -7.5000    0.0000  -15.0000 2815.1887   12.7860
    0.0000    0.0000  -15.0000 2843.2161   12.6569
    7.5000    0.0000  -15.0000 2812.9473   12.7588
   -7.5000    7.5000  -15.0000 2830.9678   13.0672
    0.0000    7.5000  -15.0000 2858.4226   12.9269
    7.5000    7.5000  -15.0000 2822.4324   13.0854
   -7.5000   15.0000  -15.0000 2821.1362   13.5958
    0.0000   15.0000  -15.0000 2848.2849   13.4712
    7.5000   15.0000  -15.0000 2807.4692   13.6230
   -7.5000   22.5000  -15.0000 2772.3633   14.2186
    0.0000   22.5000  -15.0000 2801.3020   14.1347
    7.5000   22.5000  -15.0000 2771.4697   14.2955
   -7.5000   30.0000  -15.0000 2699.9822   15.0022
    0.0000   30.0000  -15.0000 2723.1680   14.9682
    7.5000   30.0000  -15.0000 2697.5625   15.1656
   -7.5000   37.5000  -15.0000 2597.9812   16.1603
    0.0000   37.5000  -15.0000 2618.1694   16.0879
    7.5000   37.5000  -15.0000 2593.6682   16.3329
   -7.5000   45.0000  -15.0000 2469.4282   17.6812
    0.0000   45.0000  -15.0000 2492.2876   17.5673
    7.5000   45.0000  -15.0000 2468.2534   17.8026
   -7.5000  -45.0000   -7.5000 2770.1860   12.4442
    0.0000  -45.0000   -7.5000 2790.9941   12.3078
    7.5000  -45.0000   -7.5000 2783.7100   12.5051
   -7.5000  -37.5000   -7.5000 2784.6914   12.2317
    0.0000  -37.5000   -7.5000 2801.7329   12.0893
    7.5000  -37.5000   -7.5000 2793.9875   12.2858
   -7.5000  -30.0000   -7.5000 2786.3523   12.0931
    0.0000  -30.0000   -7.5000 2803.2512   11.9654
    7.5000  -30.0000   -7.5000 2799.5320   12.1238
   -7.5000  -22.5000   -7.5000 2805.2109   12.0646
    0.0000  -22.5000   -7.5000 2817.4922   11.9365
    7.5000  -22.5000   -7.5000 2813.5176   12.1012
   -7.5000  -15.0000   -7.5000 2834.1445   12.1456
    0.0000  -15.0000   -7.5000 2847.6760   12.0261
    7.5000  -15.0000   -7.5000 2832.3350   12.1629
   -7.5000   -7.5000   -7.5000 2858.5874   12.2974
    0.0000   -7.5000   -7.5000 2878.1646   12.1984
    7.5000   -7.5000   -7.5000 2857.1899   12.2887
   -7.5000    0.0000   -7.5000 2878.2871   12.4292
    0.0000    0.0000   -7.5000 2905.6494   12.3310
    7.5000    0.0000   -7.5000 2870.6750   12.4454
   -7.5000    7.5000   -7.5000 2902.7874   12.6452
    0.0000    7.5000   -7.5000 2921.0422   12.5219
    7.5000    7.5000   -7.5000 2881.0715   12.7161
   -7.5000   15.0000   -7.5000 2885.4448   13.1105
    0.0000   15.0000   -7.5000 2907.8882   12.9893
    7.5000   15.0000   -7.5000 2861.3477   13.1894
   -7.5000   22.5000   -7.5000 2835.3464   13.7000
    0.0000   22.5000   -7.5000 2857.2493   13.6314
    7.5000   22.5000   -7.5000 2817.1543   13.8220
   -7.5000   30.0000   -7.5000 2757.3596   14.4626
    0.0000   30.0000   -7.5000 2779.0234   14.3796
    7.5000   30.0000   -7.5000 2742.7568   14.6127
   -7.5000   37.5000   -7.5000 2652.7124   15.5992
    0.0000   37.5000   -7.5000 2668.1345   15.4818
    7.5000   37.5000   -7.5000 2636.4575   15.7268
   -7.5000   45.0000   -7.5000 2522.4080   17.1239
    0.0000   45.0000   -7.5000 2540.0103   16.9992
    7.5000   45.0000   -7.5000 2504.2583   17.2013
   -7.5000  -45.0000    0.0000 2755.9062   12.3658
    0.0000  -45.0000    0.0000 2773.5405   12.2699
    7.5000  -45.0000    0.0000 2767.3059   12.3972
   -7.5000  -37.5000    0.0000 2773.6365   12.1399
    0.0000  -37.5000    0.0000 2788.1125   12.0502
    7.5000  -37.5000    0.0000 2785.1401   12.1642
   -7.5000  -30.0000    0.0000 2788.1746   11.9880
    0.0000  -30.0000    0.0000 2801.9360   11.9184
    7.5000  -30.0000    0.0000 2796.5581   12.0275
   -7.5000  -22.5000    0.0000 2820.6494   11.9386
    0.0000  -22.5000    0.0000 2831.5288   11.8762
    7.5000  -22.5000    0.0000 2823.4312   11.9810
   -7.5000  -15.0000    0.0000 2855.5479   12.0089
    0.0000  -15.0000    0.0000 2872.6550   11.9549
    7.5000  -15.0000    0.0000 2853.7781   12.0086
   -7.5000   -7.5000    0.0000 2897.2158   12.1962
    0.0000   -7.5000    0.0000 2924.5317   12.1547
    7.5000   -7.5000    0.0000 2893.2031   12.1437
   -7.5000    0.0000    0.0000 2927.5168   12.4001
    0.0000    0.0000    0.0000 2967.8582   12.4404
    7.5000    0.0000    0.0000 2918.6187   12.3303
   -7.5000    7.5000    0.0000 2946.5283   12.5138
    0.0000    7.5000    0.0000 2978.6511   12.4529
    7.5000    7.5000    0.0000 2918.8000   12.5413
   -7.5000   15.0000    0.0000 2923.3208   12.8352
    0.0000   15.0000    0.0000 2944.6033   12.7673
    7.5000   15.0000    0.0000 2888.4163   12.8651
   -7.5000   22.5000    0.0000 2869.2969   13.3544
    0.0000   22.5000    0.0000 2886.3113   13.2826
    7.5000   22.5000    0.0000 2844.5896   13.4512
   -7.5000   30.0000    0.0000 2787.5483   14.1224
    0.0000   30.0000    0.0000 2804.2375   14.0721
    7.5000   30.0000    0.0000 2767.5276   14.2136
   -7.5000   37.5000    0.0000 2676.0654   15.2494
    0.0000   37.5000    0.0000 2691.4495   15.1978
    7.5000   37.5000    0.0000 2654.9419   15.3203
   -7.5000   45.0000    0.0000 2548.6633   16.7403
    0.0000   45.0000    0.0000 2560.5281   16.6710
    7.5000   45.0000    0.0000 2523.9614   16.7614
   -7.5000  -45.0000    7.5000 2738.6260   12.5463
    0.0000  -45.0000    7.5000 2759.7449   12.5016
    7.5000  -45.0000    7.5000 2748.3347   12.5716
   -7.5000  -37.5000    7.5000 2766.5537   12.2811
    0.0000  -37.5000    7.5000 2781.2913   12.2367
    7.5000  -37.5000    7.5000 2769.0771   12.3218
   -7.5000  -30.0000    7.5000 2790.6836   12.1053
    0.0000  -30.0000    7.5000 2804.4036   12.0735
    7.5000  -30.0000    7.5000 2791.7471   12.1487
   -7.5000  -22.5000    7.5000 2829.5552   12.0097
    0.0000  -22.5000    7.5000 2839.9180   11.9969
    7.5000  -22.5000    7.5000 2825.8911   12.0463
   -7.5000  -15.0000    7.5000 2874.8176   12.0378
    0.0000  -15.0000    7.5000 2895.4082   12.0587
    7.5000  -15.0000    7.5000 2865.0188   12.0472
   -7.5000   -7.5000    7.5000 2924.9233   12.1868
    0.0000   -7.5000    7.5000 2953.5049   12.2284
    7.5000   -7.5000    7.5000 2906.2261   12.1291
   -7.5000    0.0000    7.5000 2963.1038   12.3667
    0.0000    0.0000    7.5000 3006.6045   12.4298
    7.5000    0.0000    7.5000 2936.0266   12.2944
   -7.5000    7.5000    7.5000 2970.6370   12.4916
    0.0000    7.5000    7.5000 3010.4790   12.4676
    7.5000    7.5000    7.5000 2934.5215   12.4387
   -7.5000   15.0000    7.5000 2933.5212   12.6453
    0.0000   15.0000    7.5000 2953.3081   12.5868
    7.5000   15.0000    7.5000 2897.9968   12.7123
   -7.5000   22.5000    7.5000 2876.4797   13.1276
    0.0000   22.5000    7.5000 2898.4075   13.1024
    7.5000   22.5000    7.5000 2850.0266   13.2387
   -7.5000   30.0000    7.5000 2788.9238   13.9590
    0.0000   30.0000    7.5000 2804.1597   13.9391
    7.5000   30.0000    7.5000 2769.0215   14.0597
   -7.5000   37.5000    7.5000 2678.1123   15.1257
    0.0000   37.5000    7.5000 2689.6616   15.0545
    7.5000   37.5000    7.5000 2662.4551   15.1647
   -7.5000   45.0000    7.5000 2549.7285   16.5915
    0.0000   45.0000    7.5000 2561.9048   16.5107
    7.5000   45.0000    7.5000 2530.5601   16.6077
   -7.5000  -45.0000   15.0000 2724.2034   12.9633
    0.0000  -45.0000   15.0000 2742.8057   12.9210
    7.5000  -45.0000   15.0000 2725.9551   13.0054
   -7.5000  -37.5000   15.0000 2748.5283   12.6625
    0.0000  -37.5000   15.0000 2760.9551   12.6062
    7.5000  -37.5000   15.0000 2742.6074   12.7217
   -7.5000  -30.0000   15.0000 2778.7783   12.4149
    0.0000  -30.0000   15.0000 2786.4280   12.3770
    7.5000  -30.0000   15.0000 2767.4146   12.4461
   -7.5000  -22.5000   15.0000 2815.5090   12.2286
    0.0000  -22.5000   15.0000 2824.7810   12.2230
    7.5000  -22.5000   15.0000 2803.4167   12.2493
   -7.5000  -15.0000   15.0000 2867.8662   12.1317
    0.0000  -15.0000   15.0000 2887.2656   12.1364
    7.5000  -15.0000   15.0000 2852.6365   12.1783
   -7.5000   -7.5000   15.0000 2919.4604   12.1944
    0.0000   -7.5000   15.0000 2942.5771   12.2015
    7.5000   -7.5000   15.0000 2902.6863   12.2243
   -7.5000    0.0000   15.0000 2960.5349   12.2931
    0.0000    0.0000   15.0000 2991.5737   12.2587
    7.5000    0.0000   15.0000 2930.1750   12.3523
   -7.5000    7.5000   15.0000 2962.4692   12.3548
    0.0000    7.5000   15.0000 2979.7437   12.2367
    7.5000    7.5000   15.0000 2927.5291   12.4949
   -7.5000   15.0000   15.0000 2918.1445   12.6304
    0.0000   15.0000   15.0000 2939.3374   12.5586
    7.5000   15.0000   15.0000 2886.3867   12.7706
   -7.5000   22.5000   15.0000 2860.4368   13.2407
    0.0000   22.5000   15.0000 2878.7283   13.1917
    7.5000   22.5000   15.0000 2830.7419   13.3523
   -7.5000   30.0000   15.0000 2770.3875   14.1499
    0.0000   30.0000   15.0000 2780.4146   14.0997
    7.5000   30.0000   15.0000 2746.0251   14.2382
   -7.5000   37.5000   15.0000 2656.6072   15.3150
    0.0000   37.5000   15.0000 2663.1294   15.2157
    7.5000   37.5000   15.0000 2636.9939   15.3351
   -7.5000   45.0000   15.0000 2529.3645   16.7744
    0.0000   45.0000   15.0000 2539.2244   16.6566
    7.5000   45.0000   15.0000 2510.7310   16.7421
   -7.5000  -45.0000   22.5000 2696.9771   13.4519
    0.0000  -45.0000   22.5000 2712.5637   13.3696
    7.5000  -45.0000   22.5000 2693.2754   13.5101
   -7.5000  -37.5000   22.5000 2718.8813   13.0739
    0.0000  -37.5000   22.5000 2730.6738   13.0168
    7.5000  -37.5000   22.5000 2710.7097   13.1569
   -7.5000  -30.0000   22.5000 2750.6135   12.7513
    0.0000  -30.0000   22.5000 2760.5635   12.6983
    7.5000  -30.0000   22.5000 2741.5493   12.8159
   -7.5000  -22.5000   22.5000 2783.9084   12.4982
    0.0000  -22.5000   22.5000 2796.6152   12.4742
    7.5000  -22.5000   22.5000 2777.3455   12.6116
   -7.5000  -15.0000   22.5000 2836.8069   12.3510
    0.0000  -15.0000   22.5000 2853.6047   12.3382
    7.5000  -15.0000   22.5000 2829.5251   12.4721
   -7.5000   -7.5000   22.5000 2891.1904   12.3544
    0.0000   -7.5000   22.5000 2910.7727   12.3412
    7.5000   -7.5000   22.5000 2878.9634   12.4836
   -7.5000    0.0000   22.5000 2932.3003   12.3795
    0.0000    0.0000   22.5000 2947.5452   12.2805
    7.5000    0.0000   22.5000 2901.2322   12.5566
   -7.5000    7.5000   22.5000 2923.6897   12.5026
    0.0000    7.5000   22.5000 2939.7595   12.3858
    7.5000    7.5000   22.5000 2889.8572   12.6860
   -7.5000   15.0000   22.5000 2881.2161   12.8915
    0.0000   15.0000   22.5000 2903.9360   12.8185
    7.5000   15.0000   22.5000 2851.5952   13.0570
   -7.5000   22.5000   22.5000 2826.4863   13.5319
    0.0000   22.5000   22.5000 2843.7478   13.4808
    7.5000   22.5000   22.5000 2796.4446   13.6802
   -7.5000   30.0000   22.5000 2738.7869   14.4578
    0.0000   30.0000   22.5000 2750.6978   14.3827
    7.5000   30.0000   22.5000 2717.0383   14.5812
   -7.5000   37.5000   22.5000 2622.7808   15.6909
    0.0000   37.5000   22.5000 2635.8430   15.5829
    7.5000   37.5000   22.5000 2603.8650   15.7592
   -7.5000   45.0000   22.5000 2492.0981   17.1379
    0.0000   45.0000   22.5000 2508.7368   17.0244
    7.5000   45.0000   22.5000 2477.0122   17.1845
   -7.5000  -45.0000   30.0000 2654.9070   13.9517
    0.0000  -45.0000   30.0000 2662.4700   13.8335
    7.5000  -45.0000   30.0000 2646.9368   14.0173
   -7.5000  -37.5000   30.0000 2682.9705   13.5260
    0.0000  -37.5000   30.0000 2690.5332   13.4114
    7.5000  -37.5000   30.0000 2671.7769   13.6060
   -7.5000  -30.0000   30.0000 2713.1648   13.1214
    0.0000  -30.0000   30.0000 2719.7495   13.0457
    7.5000  -30.0000   30.0000 2699.7717   13.2404
   -7.5000  -22.5000   30.0000 2747.6189   12.8683
    0.0000  -22.5000   30.0000 2757.7014   12.7981
    7.5000  -22.5000   30.0000 2734.1145   13.0218
   -7.5000  -15.0000   30.0000 2795.2646   12.6921
    0.0000  -15.0000   30.0000 2806.4790   12.6544
    7.5000  -15.0000   30.0000 2786.5840   12.8832
   -7.5000   -7.5000   30.0000 2844.9844   12.6363
    0.0000   -7.5000   30.0000 2857.2947   12.5521
    7.5000   -7.5000   30.0000 2836.5081   12.8336
   -7.5000    0.0000   30.0000 2872.6328   12.6310
    0.0000    0.0000   30.0000 2885.2441   12.5590
    7.5000    0.0000   30.0000 2850.9194   12.8813
   -7.5000    7.5000   30.0000 2862.9849   12.9063
    0.0000    7.5000   30.0000 2871.8684   12.8045
    7.5000    7.5000   30.0000 2835.8103   13.0879
   -7.5000   15.0000   30.0000 2821.1279   13.3895
    0.0000   15.0000   30.0000 2835.1218   13.2993
    7.5000   15.0000   30.0000 2792.1831   13.5365
   -7.5000   22.5000   30.0000 2766.4487   14.0812
    0.0000   22.5000   30.0000 2777.4814   14.0113
    7.5000   22.5000   30.0000 2741.4705   14.2220
   -7.5000   30.0000   30.0000 2688.0098   15.0139
    0.0000   30.0000   30.0000 2702.0769   14.9564
    7.5000   30.0000   30.0000 2664.5247   15.1595
   -7.5000   37.5000   30.0000 2575.6880   16.1800
    0.0000   37.5000   30.0000 2588.9290   16.1212
    7.5000   37.5000   30.0000 2559.5168   16.3116
   -7.5000   45.0000   30.0000 2442.5427   17.6237
    0.0000   45.0000   30.0000 2457.7114   17.5438
    7.5000   45.0000   30.0000 2437.0522   17.7261
   -7.5000  -45.0000   37.5000 2601.5454   14.4985
    0.0000  -45.0000   37.5000 2605.4502   14.3182
    7.5000  -45.0000   37.5000 2597.3865   14.5945
   -7.5000  -37.5000   37.5000 2631.1194   14.0281
    0.0000  -37.5000   37.5000 2638.4080   13.8850
    7.5000  -37.5000   37.5000 2626.7654   14.1386
   -7.5000  -30.0000   37.5000 2664.4768   13.5970
    0.0000  -30.0000   37.5000 2674.7454   13.5010
    7.5000  -30.0000   37.5000 2656.5847   13.7700
   -7.5000  -22.5000   37.5000 2702.0952   13.3330
    0.0000  -22.5000   37.5000 2712.2190   13.2399
    7.5000  -22.5000   37.5000 2690.2241   13.5198
   -7.5000  -15.0000   37.5000 2741.1333   13.1554
    0.0000  -15.0000   37.5000 2752.2217   13.0732
    7.5000  -15.0000   37.5000 2726.2747   13.3828
   -7.5000   -7.5000   37.5000 2785.7444   13.1002
    0.0000   -7.5000   37.5000 2803.0547   12.9844
    7.5000   -7.5000   37.5000 2771.8604   13.3178
   -7.5000    0.0000   37.5000 2803.9719   13.1644
    0.0000    0.0000   37.5000 2816.8904   13.1043
    7.5000    0.0000   37.5000 2784.9202   13.4086
   -7.5000    7.5000   37.5000 2786.7419   13.5113
    0.0000    7.5000   37.5000 2797.2231   13.4203
    7.5000    7.5000   37.5000 2770.6499   13.6860
   -7.5000   15.0000   37.5000 2744.6050   14.0388
    0.0000   15.0000   37.5000 2755.7947   13.9180
    7.5000   15.0000   37.5000 2724.1833   14.1891
   -7.5000   22.5000   37.5000 2691.1692   14.7802
    0.0000   22.5000   37.5000 2702.4727   14.6945
    7.5000   22.5000   37.5000 2669.6809   14.9498
   -7.5000   30.0000   37.5000 2611.4653   15.7024
    0.0000   30.0000   37.5000 2630.8535   15.6557
    7.5000   30.0000   37.5000 2594.1394   15.8994
   -7.5000   37.5000   37.5000 2508.0735   16.8674
    0.0000   37.5000   37.5000 2523.0415   16.8062
    7.5000   37.5000   37.5000 2493.6414   17.0301
   -7.5000   45.0000   37.5000 2377.0415   18.3169
    0.0000   45.0000   37.5000 2388.9768   18.2554
    7.5000   45.0000   37.5000 2367.9902   18.4546
   -7.5000  -45.0000   45.0000 2540.6055   15.1180
    0.0000  -45.0000   45.0000 2544.9219   14.9300
    7.5000  -45.0000   45.0000 2535.1326   15.2356
   -7.5000  -37.5000   45.0000 2571.1958   14.6217
    0.0000  -37.5000   45.0000 2577.2278   14.4743
    7.5000  -37.5000   45.0000 2566.4995   14.7845
   -7.5000  -30.0000   45.0000 2606.1631   14.1880
    0.0000  -30.0000   45.0000 2614.9299   14.0967
    7.5000  -30.0000   45.0000 2598.5720   14.4131
   -7.5000  -22.5000   45.0000 2639.9634   13.9300
    0.0000  -22.5000   45.0000 2652.4873   13.8281
    7.5000  -22.5000   45.0000 2631.1575   14.1687
   -7.5000  -15.0000   45.0000 2673.9041   13.7789
    0.0000  -15.0000   45.0000 2692.0789   13.6685
    7.5000  -15.0000   45.0000 2661.0493   14.0224
   -7.5000   -7.5000   45.0000 2709.9043   13.7443
    0.0000   -7.5000   45.0000 2723.0227   13.6524
    7.5000   -7.5000   45.0000 2687.9775   14.0025
   -7.5000    0.0000   45.0000 2720.8279   13.8934
    0.0000    0.0000   45.0000 2728.9058   13.8372
    7.5000    0.0000   45.0000 2698.3210   14.1188
   -7.5000    7.5000   45.0000 2703.6523   14.2996
    0.0000    7.5000   45.0000 2718.4058   14.2442
    7.5000    7.5000   45.0000 2689.9504   14.4573
   -7.5000   15.0000   45.0000 2662.6211   14.8748
    0.0000   15.0000   45.0000 2674.0537   14.7995
    7.5000   15.0000   45.0000 2647.1116   15.0131
   -7.5000   22.5000   45.0000 2605.9546   15.6238
    0.0000   22.5000   45.0000 2620.0249   15.5827
    7.5000   22.5000   45.0000 2590.2793   15.8266
   -7.5000   30.0000   45.0000 2528.5906   16.5404
    0.0000   30.0000   45.0000 2551.9031   16.4972
    7.5000   30.0000   45.0000 2513.8674   16.7605
   -7.5000   37.5000   45.0000 2431.5149   17.7284
    0.0000   37.5000   45.0000 2444.9404   17.6488
    7.5000   37.5000   45.0000 2410.3235   17.8984
   -7.5000   45.0000   45.0000 2305.5581   19.2202
    0.0000   45.0000   45.0000 2317.6233   19.1354
    7.5000   45.0000   45.0000 2291.2529   19.3465

---------------------------------------------------------------------
imgreg_4dfp /opt/freesurfer/average/711-2C_as_mni_average_305 /opt/freesurfer/average/711-2B_as_mni_average_305_mask talsrcimg_g11 none talsrcimg_to_711-2C_as_mni_average_305_t4 1283
---------------------------------------------------------------------

freesurfer imgreg_4dfp.c
/opt/freesurfer/average/711-2C_as_mni_average_305.4dfp.img
       256       256       256         1
  1.000000  1.000000  1.000000
orientation T byte_order littleendian
Reading image: /opt/freesurfer/average/711-2C_as_mni_average_305.4dfp.img
dimensions:      256       256       256
mmppix:       1.0000   -1.0000   -1.0000
center:     128.0000 -129.0000 -129.0000
/opt/freesurfer/average/711-2B_as_mni_average_305_mask.4dfp.img
       256       256       256         1
  1.000000  1.000000  1.000000
orientation T byte_order littleendian
Reading mask: /opt/freesurfer/average/711-2B_as_mni_average_305_mask.4dfp.img (2306576 pixels)
talsrcimg_g11.4dfp.img
       256       256       256         1
  1.000000  1.000000  1.000000
orientation T byte_order littleendian
Reading image: talsrcimg_g11.4dfp.img
dimensions:      256       256       256
mmppix:       1.0000   -1.0000   -1.0000
center:     128.0000 -129.0000 -129.0000
rotation matrix determinant  1.000000
fimgreg.f
image alignment mode   1283 decimal      503 hex
parameters
    0.0000    7.5000    7.5000    0.0000    0.0000    0.0000
eta,q 0.94425 12.50234
niter,ni,del,rscale     5    3   12.0000    1.2000
parameter  2  0.980514 ->  0.500000 qaram    1.1500
parameter  4  0.615372 ->  0.500000 qaram    1.1500
parameters
   -1.1787    4.0500    7.3496   -3.4500    0.5113   -0.6515
eta,q 0.94939 12.49293
  0.0656  0.0508  0.0617  0.0503  0.0584  0.0524
  0.0590  0.0504  0.0554  0.0506  0.0552  0.0520
  0.0555  0.0520  0.0513  0.0503  0.0522  0.0513
  0.0567  0.0551  0.0509  0.0509  0.0506  0.0504
  0.0614  0.0594  0.0533  0.0529  0.0507  0.0502
  0.0671  0.0643  0.0573  0.0556  0.0525  0.0518
  0.0743  0.0693  0.0613  0.0583  0.0569  0.0553
niter,ni,del,rscale     6    3   12.0000    1.2000
parameter  4  0.727889 ->  0.500000 qaram    1.3225
parameters
   -1.4923    4.7468    6.4491   -7.4175    1.3688   -1.1599
eta,q 0.95093 12.47609
  0.0644  0.0630  0.0576  0.0485  0.0563  0.0528
  0.0574  0.0564  0.0523  0.0488  0.0531  0.0510
  0.0527  0.0519  0.0502  0.0497  0.0501  0.0496
  0.0506  0.0507  0.0505  0.0501  0.0490  0.0490
  0.0529  0.0505  0.0534  0.0505  0.0491  0.0493
  0.0595  0.0527  0.0573  0.0524  0.0502  0.0512
  0.0679  0.0591  0.0613  0.0557  0.0534  0.0555
niter,ni,del,rscale     6    3   12.0000    1.2000
parameter  4  1.071466 ->  0.500000 qaram    1.5209
parameters
   -1.9792    7.7635    5.2211  -11.9801    1.7855   -1.3711
eta,q 0.96032 12.51243
  0.0630  0.0659  0.0515  0.0405  0.0516  0.0473
  0.0556  0.0580  0.0465  0.0392  0.0463  0.0440
  0.0507  0.0518  0.0449  0.0421  0.0421  0.0414
  0.0491  0.0491  0.0466  0.0452  0.0397  0.0396
  0.0514  0.0471  0.0495  0.0487  0.0409  0.0403
  0.0595  0.0461  0.0516  0.0528  0.0444  0.0437
  0.0686  0.0501  0.0553  0.0583  0.0489  0.0497
niter,ni,del,rscale     6    3   12.0000    1.2000
parameters
   -2.1002    9.2065    4.7922  -12.7136    1.7007   -1.4565
eta,q 0.96177 12.50571
  0.0620  0.0620  0.0510  0.0508  0.0490  0.0454
  0.0513  0.0541  0.0442  0.0437  0.0434  0.0421
  0.0431  0.0454  0.0398  0.0386  0.0400  0.0398
  0.0397  0.0397  0.0392  0.0390  0.0382  0.0382
  0.0426  0.0397  0.0427  0.0428  0.0399  0.0386
  0.0525  0.0436  0.0472  0.0465  0.0444  0.0413
  0.0643  0.0503  0.0536  0.0543  0.0493  0.0470
niter,ni,del,rscale     5    3   12.0000    1.2000
parameters
   -2.1236    9.5426    4.6645  -12.8757    1.6702   -1.4843
eta,q 0.96178 12.50072
  0.0603  0.0581  0.0517  0.0524  0.0491  0.0452
  0.0496  0.0493  0.0447  0.0454  0.0434  0.0419
  0.0414  0.0409  0.0397  0.0393  0.0401  0.0397
  0.0382  0.0382  0.0384  0.0383  0.0382  0.0382
  0.0406  0.0410  0.0415  0.0421  0.0396  0.0385
  0.0492  0.0465  0.0459  0.0453  0.0441  0.0410
  0.0614  0.0546  0.0520  0.0531  0.0491  0.0464
niter,ni,del,rscale     4    3   12.0000    1.2000
parameters
   -2.1352    9.6251    4.6292  -12.9214    1.6648   -1.4918
eta,q 0.96176 12.49935
  0.0600  0.0570  0.0520  0.0528  0.0492  0.0452
  0.0493  0.0481  0.0449  0.0457  0.0434  0.0419
  0.0412  0.0400  0.0398  0.0395  0.0402  0.0397
  0.0382  0.0382  0.0383  0.0383  0.0382  0.0382
  0.0406  0.0415  0.0412  0.0419  0.0396  0.0384
  0.0488  0.0473  0.0456  0.0452  0.0441  0.0409
  0.0608  0.0557  0.0515  0.0528  0.0491  0.0463
niter,ni,del,rscale     3    3   12.0000    1.2000
parameters
   -2.1406    9.6447    4.6174  -12.9340    1.6649   -1.4941
eta,q 0.96176 12.49917
  0.0600  0.0568  0.0521  0.0529  0.0492  0.0452
  0.0493  0.0478  0.0450  0.0458  0.0434  0.0419
  0.0412  0.0398  0.0398  0.0395  0.0402  0.0397
  0.0382  0.0382  0.0383  0.0382  0.0382  0.0382
  0.0407  0.0416  0.0412  0.0419  0.0396  0.0384
  0.0488  0.0474  0.0455  0.0451  0.0440  0.0409
  0.0606  0.0560  0.0514  0.0527  0.0490  0.0463
registration optimization eta report
parameter search radius
    6.0000    6.9000    6.0000    9.1253    6.0000    6.0000
100000*second partial in parameter space
       61.       38.       36.       17.       30.       21.
  0.0600  0.0568  0.0521  0.0529  0.0492  0.0452
  0.0493  0.0478  0.0450  0.0458  0.0434  0.0419
  0.0412  0.0398  0.0398  0.0395  0.0402  0.0397
  0.0382  0.0382  0.0383  0.0382  0.0382  0.0382
  0.0407  0.0416  0.0412  0.0419  0.0396  0.0384
  0.0488  0.0474  0.0455  0.0451  0.0440  0.0409
  0.0606  0.0560  0.0514  0.0527  0.0490  0.0463
   -2.1406    9.6447    4.6174  -12.9340    1.6649   -1.4941
eta,q 0.96176 12.49917

---------------------------------------------------------------------
imgreg_4dfp /opt/freesurfer/average/711-2C_as_mni_average_305 /opt/freesurfer/average/711-2B_as_mni_average_305_mask talsrcimg_g11 none talsrcimg_to_711-2C_as_mni_average_305_t4 3335
---------------------------------------------------------------------

freesurfer imgreg_4dfp.c
/opt/freesurfer/average/711-2C_as_mni_average_305.4dfp.img
       256       256       256         1
  1.000000  1.000000  1.000000
orientation T byte_order littleendian
Reading image: /opt/freesurfer/average/711-2C_as_mni_average_305.4dfp.img
dimensions:      256       256       256
mmppix:       1.0000   -1.0000   -1.0000
center:     128.0000 -129.0000 -129.0000
/opt/freesurfer/average/711-2B_as_mni_average_305_mask.4dfp.img
       256       256       256         1
  1.000000  1.000000  1.000000
orientation T byte_order littleendian
Reading mask: /opt/freesurfer/average/711-2B_as_mni_average_305_mask.4dfp.img (2306576 pixels)
talsrcimg_g11.4dfp.img
       256       256       256         1
  1.000000  1.000000  1.000000
orientation T byte_order littleendian
Reading image: talsrcimg_g11.4dfp.img
dimensions:      256       256       256
mmppix:       1.0000   -1.0000   -1.0000
center:     128.0000 -129.0000 -129.0000
fimgreg.f
image alignment mode   3335 decimal      D07 hex
parameters
   -2.1406    9.6447    4.6174   -0.0762   -2.5873   -2.5783
    3.1914   -2.2471   -2.6063   22.4491    2.9054  -22.3735
eta,q 0.96355 12.51394
niter,ni,del,rscale     5    3    5.0000    1.2000
parameter  4  1.959134 ->  0.500000 qaram    1.1500
parameter  5  0.730470 ->  0.500000 qaram    1.1500
parameter  6  0.681649 ->  0.500000 qaram    1.1500
parameters
   -2.0287    9.3377    4.1566   -4.2162   -6.7273   -6.7183
    3.7337   -1.3051   -1.4938   20.7437    3.7925  -23.2709
eta,q 0.97436 12.35499
  0.0408  0.0385  0.0380  0.0277  0.0288  0.0259  0.0309  0.0334  0.0293  0.0281  0.0275  0.0273
  0.0385  0.0371  0.0368  0.0293  0.0280  0.0259  0.0284  0.0297  0.0276  0.0265  0.0266  0.0263
  0.0370  0.0364  0.0363  0.0321  0.0283  0.0266  0.0267  0.0272  0.0265  0.0258  0.0260  0.0258
  0.0365  0.0364  0.0364  0.0362  0.0300  0.0279  0.0260  0.0260  0.0259  0.0259  0.0257  0.0257
  0.0368  0.0370  0.0370  0.0410  0.0324  0.0304  0.0263  0.0262  0.0260  0.0270  0.0257  0.0261
  0.0380  0.0382  0.0382  0.0460  0.0353  0.0344  0.0276  0.0277  0.0266  0.0291  0.0261  0.0270
  0.0400  0.0398  0.0399  0.0509  0.0380  0.0398  0.0296  0.0303  0.0277  0.0319  0.0268  0.0284
niter,ni,del,rscale     7    3    5.0000    1.2000
parameter  4  0.725117 ->  0.500000 qaram    1.3225
parameters
   -1.9270   10.0742    4.5159   -8.9772   -6.4650   -8.9035
    3.7697   -1.5853   -1.5207   20.3402    3.8835  -23.8174
eta,q 0.97735 12.02253
  0.0306  0.0312  0.0281  0.0229  0.0278  0.0247  0.0265  0.0275  0.0251  0.0258  0.0240  0.0244
  0.0280  0.0286  0.0267  0.0229  0.0258  0.0232  0.0245  0.0248  0.0238  0.0241  0.0232  0.0234
  0.0263  0.0268  0.0258  0.0237  0.0241  0.0227  0.0232  0.0231  0.0229  0.0230  0.0228  0.0228
  0.0256  0.0256  0.0253  0.0252  0.0230  0.0230  0.0227  0.0227  0.0227  0.0227  0.0227  0.0227
  0.0260  0.0253  0.0253  0.0280  0.0234  0.0240  0.0231  0.0235  0.0229  0.0231  0.0228  0.0230
  0.0275  0.0257  0.0258  0.0324  0.0251  0.0257  0.0244  0.0254  0.0238  0.0245  0.0232  0.0238
  0.0299  0.0270  0.0268  0.0376  0.0276  0.0288  0.0265  0.0282  0.0251  0.0267  0.0239  0.0250
niter,ni,del,rscale     7    3    5.0000    1.2000
parameters
   -1.7329   10.1891    4.3981  -11.5981   -6.1582   -9.3056
    3.5886   -1.5345   -1.6997   20.1822    3.7569  -24.1925
eta,q 0.97782 11.85592
  0.0279  0.0263  0.0245  0.0248  0.0267  0.0256  0.0258  0.0278  0.0245  0.0255  0.0235  0.0240
  0.0252  0.0243  0.0233  0.0230  0.0248  0.0236  0.0238  0.0249  0.0232  0.0238  0.0227  0.0229
  0.0234  0.0231  0.0227  0.0223  0.0232  0.0224  0.0226  0.0229  0.0224  0.0226  0.0223  0.0223
  0.0226  0.0226  0.0226  0.0226  0.0223  0.0222  0.0222  0.0222  0.0222  0.0222  0.0222  0.0222
  0.0229  0.0229  0.0229  0.0240  0.0225  0.0229  0.0227  0.0229  0.0225  0.0226  0.0223  0.0225
  0.0242  0.0239  0.0237  0.0265  0.0242  0.0242  0.0241  0.0248  0.0234  0.0239  0.0228  0.0232
  0.0265  0.0256  0.0248  0.0308  0.0264  0.0260  0.0261  0.0276  0.0248  0.0259  0.0236  0.0244
niter,ni,del,rscale     6    3    5.0000    1.2000
parameters
   -1.7236   10.1941    4.3120  -11.7918   -6.1245   -9.4562
    3.5965   -1.5298   -1.7115   20.2042    3.7280  -24.2827
eta,q 0.97784 11.83866
  0.0268  0.0255  0.0241  0.0266  0.0264  0.0258  0.0259  0.0277  0.0246  0.0257  0.0235  0.0242
  0.0243  0.0237  0.0230  0.0242  0.0245  0.0237  0.0239  0.0248  0.0233  0.0239  0.0227  0.0230
  0.0227  0.0226  0.0223  0.0227  0.0230  0.0224  0.0226  0.0228  0.0225  0.0227  0.0223  0.0223
  0.0222  0.0222  0.0222  0.0222  0.0222  0.0222  0.0222  0.0222  0.0222  0.0222  0.0222  0.0222
  0.0227  0.0226  0.0225  0.0227  0.0226  0.0228  0.0226  0.0229  0.0224  0.0225  0.0223  0.0224
  0.0243  0.0237  0.0232  0.0243  0.0243  0.0241  0.0239  0.0248  0.0233  0.0237  0.0227  0.0231
  0.0268  0.0255  0.0244  0.0272  0.0266  0.0258  0.0259  0.0277  0.0246  0.0257  0.0235  0.0242
niter,ni,del,rscale     5    3    5.0000    1.2000
parameters
   -1.7246   10.1963    4.2739  -11.8077   -6.1094   -9.4988
    3.5947   -1.5287   -1.7059   20.2158    3.7183  -24.3118
eta,q 0.97786 11.83667
  0.0268  0.0255  0.0242  0.0268  0.0263  0.0259  0.0259  0.0277  0.0246  0.0257  0.0235  0.0242
  0.0242  0.0237  0.0230  0.0243  0.0245  0.0238  0.0239  0.0248  0.0233  0.0239  0.0227  0.0230
  0.0227  0.0225  0.0223  0.0227  0.0230  0.0224  0.0226  0.0228  0.0225  0.0226  0.0223  0.0224
  0.0222  0.0222  0.0222  0.0222  0.0222  0.0221  0.0221  0.0221  0.0222  0.0221  0.0222  0.0221
  0.0227  0.0225  0.0224  0.0226  0.0226  0.0228  0.0226  0.0229  0.0224  0.0225  0.0223  0.0224
  0.0243  0.0237  0.0231  0.0242  0.0243  0.0240  0.0239  0.0248  0.0233  0.0237  0.0227  0.0231
  0.0268  0.0255  0.0243  0.0269  0.0265  0.0257  0.0259  0.0277  0.0246  0.0258  0.0235  0.0242
niter,ni,del,rscale     4    3    5.0000    1.2000
parameters
   -1.7243   10.1945    4.2626  -11.8138   -6.1014   -9.5102
    3.5919   -1.5294   -1.7014   20.2193    3.7170  -24.3229
eta,q 0.97785 11.83619
  0.0268  0.0255  0.0243  0.0268  0.0263  0.0259  0.0259  0.0277  0.0246  0.0257  0.0235  0.0242
  0.0242  0.0236  0.0230  0.0243  0.0245  0.0238  0.0239  0.0248  0.0233  0.0238  0.0227  0.0230
  0.0227  0.0225  0.0223  0.0227  0.0230  0.0224  0.0226  0.0228  0.0225  0.0226  0.0223  0.0224
  0.0221  0.0221  0.0221  0.0221  0.0221  0.0221  0.0221  0.0221  0.0222  0.0221  0.0221  0.0221
  0.0227  0.0225  0.0224  0.0226  0.0226  0.0228  0.0226  0.0229  0.0224  0.0225  0.0223  0.0224
  0.0242  0.0237  0.0231  0.0242  0.0243  0.0240  0.0239  0.0248  0.0233  0.0238  0.0227  0.0231
  0.0268  0.0255  0.0242  0.0269  0.0265  0.0257  0.0259  0.0277  0.0246  0.0258  0.0235  0.0242
registration optimization eta report
parameter search radius
    2.4000    2.4000    2.4000    9.5220    8.2800    8.2800
    7.2000    7.2000    7.2000    7.2000    7.2000    7.2000
100000*second partial in parameter space
       80.       57.       36.        5.        6.        5.
        7.       11.        5.        7.        3.        4.
  0.0268  0.0255  0.0243  0.0268  0.0263  0.0259  0.0259  0.0277  0.0246  0.0257  0.0235  0.0242
  0.0242  0.0236  0.0230  0.0243  0.0245  0.0238  0.0239  0.0248  0.0233  0.0238  0.0227  0.0230
  0.0227  0.0225  0.0223  0.0227  0.0230  0.0224  0.0226  0.0228  0.0225  0.0226  0.0223  0.0224
  0.0221  0.0221  0.0221  0.0221  0.0221  0.0221  0.0221  0.0221  0.0222  0.0221  0.0221  0.0221
  0.0227  0.0225  0.0224  0.0226  0.0226  0.0228  0.0226  0.0229  0.0224  0.0225  0.0223  0.0224
  0.0242  0.0237  0.0231  0.0242  0.0243  0.0240  0.0239  0.0248  0.0233  0.0238  0.0227  0.0231
  0.0268  0.0255  0.0242  0.0269  0.0265  0.0257  0.0259  0.0277  0.0246  0.0258  0.0235  0.0242
   -1.7243   10.1945    4.2626  -11.8138   -6.1014   -9.5102
    3.5919   -1.5294   -1.7014   20.2193    3.7170  -24.3229
eta,q 0.97785 11.83619

---------------------------------------------------------------------
imgreg_4dfp /opt/freesurfer/average/711-2C_as_mni_average_305 /opt/freesurfer/average/711-2B_as_mni_average_305_mask talsrcimg_g11 none talsrcimg_to_711-2C_as_mni_average_305_t4 2311
---------------------------------------------------------------------

freesurfer imgreg_4dfp.c
/opt/freesurfer/average/711-2C_as_mni_average_305.4dfp.img
       256       256       256         1
  1.000000  1.000000  1.000000
orientation T byte_order littleendian
Reading image: /opt/freesurfer/average/711-2C_as_mni_average_305.4dfp.img
dimensions:      256       256       256
mmppix:       1.0000   -1.0000   -1.0000
center:     128.0000 -129.0000 -129.0000
/opt/freesurfer/average/711-2B_as_mni_average_305_mask.4dfp.img
       256       256       256         1
  1.000000  1.000000  1.000000
orientation T byte_order littleendian
Reading mask: /opt/freesurfer/average/711-2B_as_mni_average_305_mask.4dfp.img (2306576 pixels)
talsrcimg_g11.4dfp.img
       256       256       256         1
  1.000000  1.000000  1.000000
orientation T byte_order littleendian
Reading image: talsrcimg_g11.4dfp.img
dimensions:      256       256       256
mmppix:       1.0000   -1.0000   -1.0000
center:     128.0000 -129.0000 -129.0000
fimgreg.f
image alignment mode   2311 decimal      907 hex
parameters
   -1.7243   10.1945    4.2626  -11.8138   -6.1014   -9.5102
    3.5919   -1.5294   -1.7014   20.2193    3.7170  -24.3229
eta,q 0.97786 11.83618
niter,ni,del,rscale     5    3    5.0000    0.8000
parameters
   -1.7275   10.1873    4.2224  -11.6719   -5.7906   -9.8843
    3.6047   -1.5563   -1.6711   20.2439    3.7061  -24.3152
eta,q 0.97791 11.83193
  0.0242  0.0236  0.0230  0.0234  0.0241  0.0233  0.0239  0.0247  0.0233  0.0238  0.0227  0.0230
  0.0231  0.0228  0.0225  0.0227  0.0232  0.0226  0.0229  0.0233  0.0226  0.0229  0.0223  0.0225
  0.0224  0.0223  0.0222  0.0223  0.0225  0.0221  0.0223  0.0224  0.0222  0.0223  0.0222  0.0222
  0.0221  0.0221  0.0221  0.0221  0.0221  0.0221  0.0221  0.0221  0.0221  0.0221  0.0221  0.0221
  0.0224  0.0223  0.0223  0.0223  0.0222  0.0224  0.0223  0.0224  0.0222  0.0222  0.0221  0.0222
  0.0231  0.0228  0.0226  0.0226  0.0228  0.0229  0.0229  0.0233  0.0226  0.0228  0.0223  0.0225
  0.0243  0.0237  0.0231  0.0233  0.0238  0.0237  0.0239  0.0248  0.0232  0.0238  0.0227  0.0230
niter,ni,del,rscale     4    3    5.0000    0.7000
parameters
   -1.7318   10.1680    4.1191  -11.7251   -5.6439  -10.0715
    3.6021   -1.5710   -1.6577   20.2455    3.6932  -24.3570
eta,q 0.97794 11.82353
  0.0237  0.0232  0.0227  0.0230  0.0236  0.0231  0.0234  0.0241  0.0230  0.0234  0.0225  0.0228
  0.0228  0.0226  0.0223  0.0225  0.0229  0.0225  0.0227  0.0230  0.0225  0.0227  0.0223  0.0224
  0.0223  0.0222  0.0221  0.0222  0.0223  0.0221  0.0222  0.0223  0.0222  0.0222  0.0221  0.0221
  0.0221  0.0221  0.0221  0.0221  0.0221  0.0221  0.0221  0.0221  0.0221  0.0221  0.0221  0.0221
  0.0223  0.0222  0.0222  0.0222  0.0222  0.0223  0.0222  0.0223  0.0222  0.0222  0.0221  0.0221
  0.0228  0.0226  0.0225  0.0225  0.0226  0.0227  0.0227  0.0230  0.0225  0.0226  0.0223  0.0224
  0.0237  0.0233  0.0229  0.0230  0.0234  0.0232  0.0234  0.0241  0.0230  0.0234  0.0225  0.0228
niter,ni,del,rscale     3    3    5.0000    0.6000
parameters
   -1.7360   10.1558    4.0566  -11.7458   -5.5527  -10.2112
    3.6014   -1.5852   -1.6503   20.2595    3.7017  -24.3930
eta,q 0.97795 11.81800
  0.0232  0.0229  0.0226  0.0227  0.0232  0.0229  0.0231  0.0236  0.0227  0.0230  0.0224  0.0226
  0.0226  0.0224  0.0223  0.0224  0.0226  0.0224  0.0225  0.0227  0.0223  0.0225  0.0222  0.0223
  0.0222  0.0222  0.0221  0.0221  0.0222  0.0221  0.0222  0.0222  0.0221  0.0222  0.0221  0.0221
  0.0221  0.0221  0.0221  0.0221  0.0221  0.0221  0.0220  0.0220  0.0220  0.0220  0.0220  0.0220
  0.0222  0.0222  0.0221  0.0221  0.0221  0.0222  0.0222  0.0222  0.0221  0.0221  0.0221  0.0221
  0.0226  0.0225  0.0223  0.0224  0.0225  0.0225  0.0225  0.0228  0.0223  0.0225  0.0222  0.0223
  0.0233  0.0229  0.0227  0.0228  0.0231  0.0229  0.0231  0.0236  0.0227  0.0230  0.0224  0.0226
niter,ni,del,rscale     2    3    5.0000    0.5000
parameters
   -1.7396   10.1504    4.0173  -11.7661   -5.4908  -10.3135
    3.6084   -1.5961   -1.6473   20.2899    3.6992  -24.4099
eta,q 0.97796 11.81367
  0.0229  0.0226  0.0224  0.0225  0.0228  0.0226  0.0228  0.0231  0.0225  0.0227  0.0223  0.0224
  0.0224  0.0223  0.0222  0.0223  0.0224  0.0223  0.0224  0.0225  0.0223  0.0224  0.0221  0.0222
  0.0221  0.0221  0.0221  0.0221  0.0222  0.0221  0.0221  0.0222  0.0221  0.0221  0.0221  0.0221
  0.0220  0.0220  0.0220  0.0220  0.0220  0.0220  0.0220  0.0220  0.0220  0.0220  0.0220  0.0220
  0.0221  0.0221  0.0221  0.0221  0.0221  0.0221  0.0221  0.0222  0.0221  0.0221  0.0221  0.0221
  0.0224  0.0223  0.0222  0.0223  0.0224  0.0224  0.0224  0.0225  0.0223  0.0223  0.0221  0.0222
  0.0229  0.0227  0.0225  0.0225  0.0228  0.0227  0.0228  0.0231  0.0225  0.0227  0.0223  0.0224
niter,ni,del,rscale     1    3    5.0000    0.4000
parameters
   -1.7439   10.1488    3.9830  -11.7709   -5.4410  -10.4070
    3.6108   -1.6114   -1.6426   20.3177    3.7027  -24.4414
eta,q 0.97797 11.81055
  0.0226  0.0224  0.0223  0.0224  0.0226  0.0224  0.0225  0.0227  0.0223  0.0225  0.0222  0.0223
  0.0223  0.0222  0.0221  0.0222  0.0223  0.0222  0.0222  0.0223  0.0222  0.0222  0.0221  0.0221
  0.0221  0.0221  0.0221  0.0221  0.0221  0.0221  0.0221  0.0221  0.0221  0.0221  0.0220  0.0221
  0.0220  0.0220  0.0220  0.0220  0.0220  0.0220  0.0220  0.0220  0.0220  0.0220  0.0220  0.0220
  0.0221  0.0221  0.0221  0.0221  0.0221  0.0221  0.0221  0.0221  0.0221  0.0221  0.0220  0.0221
  0.0223  0.0222  0.0222  0.0222  0.0222  0.0223  0.0222  0.0224  0.0222  0.0222  0.0221  0.0221
  0.0226  0.0224  0.0223  0.0224  0.0225  0.0225  0.0225  0.0227  0.0223  0.0225  0.0222  0.0223
registration optimization eta report
parameter search radius
    0.8000    0.8000    0.8000    2.4000    2.4000    2.4000
    2.4000    2.4000    2.4000    2.4000    2.4000    2.4000
100000*second partial in parameter space
       83.       61.       39.        5.        9.        7.
        8.       12.        5.        8.        3.        4.
  0.0226  0.0224  0.0223  0.0224  0.0226  0.0224  0.0225  0.0227  0.0223  0.0225  0.0222  0.0223
  0.0223  0.0222  0.0221  0.0222  0.0223  0.0222  0.0222  0.0223  0.0222  0.0222  0.0221  0.0221
  0.0221  0.0221  0.0221  0.0221  0.0221  0.0221  0.0221  0.0221  0.0221  0.0221  0.0220  0.0221
  0.0220  0.0220  0.0220  0.0220  0.0220  0.0220  0.0220  0.0220  0.0220  0.0220  0.0220  0.0220
  0.0221  0.0221  0.0221  0.0221  0.0221  0.0221  0.0221  0.0221  0.0221  0.0221  0.0220  0.0221
  0.0223  0.0222  0.0222  0.0222  0.0222  0.0223  0.0222  0.0224  0.0222  0.0222  0.0221  0.0221
  0.0226  0.0224  0.0223  0.0224  0.0225  0.0225  0.0225  0.0227  0.0223  0.0225  0.0222  0.0223
   -1.7439   10.1488    3.9830  -11.7709   -5.4410  -10.4070
    3.6108   -1.6114   -1.6426   20.3177    3.7027  -24.4414
eta,q 0.97797 11.81055

---------------------------------------------------------------------
imgreg_4dfp /opt/freesurfer/average/711-2C_as_mni_average_305 /opt/freesurfer/average/711-2B_as_mni_average_305_mask talsrcimg_g11 none talsrcimg_to_711-2C_as_mni_average_305_t4 2311
---------------------------------------------------------------------

freesurfer imgreg_4dfp.c
/opt/freesurfer/average/711-2C_as_mni_average_305.4dfp.img
       256       256       256         1
  1.000000  1.000000  1.000000
orientation T byte_order littleendian
Reading image: /opt/freesurfer/average/711-2C_as_mni_average_305.4dfp.img
dimensions:      256       256       256
mmppix:       1.0000   -1.0000   -1.0000
center:     128.0000 -129.0000 -129.0000
/opt/freesurfer/average/711-2B_as_mni_average_305_mask.4dfp.img
       256       256       256         1
  1.000000  1.000000  1.000000
orientation T byte_order littleendian
Reading mask: /opt/freesurfer/average/711-2B_as_mni_average_305_mask.4dfp.img (2306576 pixels)
talsrcimg_g11.4dfp.img
       256       256       256         1
  1.000000  1.000000  1.000000
orientation T byte_order littleendian
Reading image: talsrcimg_g11.4dfp.img
dimensions:      256       256       256
mmppix:       1.0000   -1.0000   -1.0000
center:     128.0000 -129.0000 -129.0000
fimgreg.f
image alignment mode   2311 decimal      907 hex
parameters
   -1.7439   10.1488    3.9830  -11.7709   -5.4410  -10.4070
    3.6108   -1.6114   -1.6426   20.3177    3.7027  -24.4414
eta,q 0.97797 11.81055
niter,ni,del,rscale     5    3    5.0000    0.8000
parameters
   -1.7403   10.1537    3.9898  -11.8088   -5.6212  -10.1750
    3.5754   -1.5713   -1.6549   20.2365    3.6822  -24.4378
eta,q 0.97795 11.81541
  0.0242  0.0236  0.0231  0.0232  0.0237  0.0237  0.0238  0.0248  0.0232  0.0237  0.0227  0.0230
  0.0230  0.0227  0.0225  0.0226  0.0229  0.0228  0.0229  0.0233  0.0226  0.0228  0.0223  0.0225
  0.0223  0.0222  0.0221  0.0222  0.0223  0.0222  0.0223  0.0224  0.0222  0.0223  0.0221  0.0222
  0.0220  0.0220  0.0220  0.0220  0.0220  0.0220  0.0220  0.0220  0.0220  0.0220  0.0221  0.0220
  0.0223  0.0222  0.0222  0.0222  0.0223  0.0222  0.0223  0.0224  0.0222  0.0222  0.0221  0.0222
  0.0230  0.0227  0.0225  0.0226  0.0230  0.0227  0.0229  0.0233  0.0226  0.0228  0.0223  0.0225
  0.0241  0.0236  0.0230  0.0233  0.0241  0.0234  0.0239  0.0247  0.0232  0.0239  0.0227  0.0230
niter,ni,del,rscale     4    3    5.0000    0.7000
parameters
   -1.7353   10.1564    4.0390  -11.7816   -5.6014  -10.1733
    3.5906   -1.5751   -1.6544   20.2585    3.6930  -24.4147
eta,q 0.97795 11.81712
  0.0237  0.0232  0.0229  0.0230  0.0235  0.0232  0.0234  0.0241  0.0229  0.0234  0.0225  0.0228
  0.0228  0.0226  0.0224  0.0225  0.0228  0.0226  0.0227  0.0230  0.0225  0.0227  0.0223  0.0224
  0.0222  0.0222  0.0221  0.0222  0.0223  0.0221  0.0222  0.0223  0.0222  0.0222  0.0221  0.0221
  0.0221  0.0220  0.0220  0.0220  0.0220  0.0220  0.0220  0.0220  0.0220  0.0220  0.0220  0.0220
  0.0222  0.0222  0.0221  0.0221  0.0222  0.0222  0.0222  0.0223  0.0221  0.0222  0.0221  0.0221
  0.0228  0.0226  0.0224  0.0225  0.0227  0.0226  0.0227  0.0230  0.0225  0.0226  0.0222  0.0224
  0.0237  0.0232  0.0227  0.0230  0.0235  0.0232  0.0234  0.0241  0.0230  0.0234  0.0225  0.0228
niter,ni,del,rscale     3    3    5.0000    0.6000
parameters
   -1.7384   10.1550    4.0314  -11.7698   -5.5465  -10.2431
    3.6008   -1.5892   -1.6446   20.2691    3.6878  -24.4127
eta,q 0.97796 11.81553
  0.0232  0.0229  0.0226  0.0228  0.0231  0.0229  0.0231  0.0236  0.0227  0.0230  0.0224  0.0226
  0.0226  0.0224  0.0223  0.0224  0.0226  0.0224  0.0225  0.0227  0.0223  0.0225  0.0222  0.0223
  0.0222  0.0221  0.0221  0.0221  0.0222  0.0221  0.0222  0.0222  0.0221  0.0222  0.0221  0.0221
  0.0220  0.0220  0.0220  0.0220  0.0220  0.0220  0.0220  0.0220  0.0220  0.0220  0.0220  0.0220
  0.0222  0.0221  0.0221  0.0221  0.0221  0.0222  0.0221  0.0222  0.0221  0.0221  0.0221  0.0221
  0.0226  0.0224  0.0223  0.0224  0.0225  0.0225  0.0225  0.0228  0.0223  0.0225  0.0222  0.0223
  0.0232  0.0229  0.0226  0.0227  0.0231  0.0229  0.0231  0.0236  0.0227  0.0230  0.0224  0.0226
niter,ni,del,rscale     2    3    5.0000    0.5000
parameters
   -1.7399   10.1507    4.0084  -11.7723   -5.4863  -10.3272
    3.6078   -1.5971   -1.6422   20.2972    3.6904  -24.4194
eta,q 0.97796 11.81298
  0.0229  0.0226  0.0224  0.0225  0.0228  0.0227  0.0228  0.0231  0.0225  0.0227  0.0223  0.0224
  0.0224  0.0223  0.0222  0.0223  0.0224  0.0223  0.0224  0.0225  0.0222  0.0224  0.0221  0.0222
  0.0221  0.0221  0.0221  0.0221  0.0222  0.0221  0.0221  0.0222  0.0221  0.0221  0.0221  0.0221
  0.0220  0.0220  0.0220  0.0220  0.0220  0.0220  0.0220  0.0220  0.0220  0.0220  0.0220  0.0220
  0.0221  0.0221  0.0221  0.0221  0.0221  0.0221  0.0221  0.0222  0.0221  0.0221  0.0221  0.0221
  0.0224  0.0223  0.0222  0.0223  0.0224  0.0224  0.0224  0.0225  0.0223  0.0223  0.0221  0.0222
  0.0229  0.0227  0.0224  0.0225  0.0228  0.0227  0.0228  0.0231  0.0225  0.0227  0.0223  0.0224
niter,ni,del,rscale     1    3    5.0000    0.4000
parameters
   -1.7459   10.1466    3.9787  -11.7637   -5.4355  -10.4123
    3.6119   -1.6098   -1.6322   20.3207    3.6953  -24.4457
eta,q 0.97797 11.81088
  0.0226  0.0224  0.0223  0.0224  0.0226  0.0224  0.0225  0.0227  0.0223  0.0225  0.0222  0.0223
  0.0223  0.0222  0.0221  0.0222  0.0223  0.0222  0.0222  0.0223  0.0222  0.0222  0.0221  0.0221
  0.0221  0.0221  0.0221  0.0221  0.0221  0.0221  0.0221  0.0221  0.0221  0.0221  0.0220  0.0221
  0.0220  0.0220  0.0220  0.0220  0.0220  0.0220  0.0220  0.0220  0.0220  0.0220  0.0220  0.0220
  0.0221  0.0221  0.0221  0.0221  0.0221  0.0221  0.0221  0.0221  0.0221  0.0221  0.0220  0.0221
  0.0223  0.0222  0.0222  0.0222  0.0222  0.0223  0.0222  0.0224  0.0222  0.0222  0.0221  0.0221
  0.0226  0.0224  0.0223  0.0223  0.0225  0.0225  0.0225  0.0227  0.0223  0.0225  0.0222  0.0223
registration optimization eta report
parameter search radius
    0.8000    0.8000    0.8000    2.4000    2.4000    2.4000
    2.4000    2.4000    2.4000    2.4000    2.4000    2.4000
100000*second partial in parameter space
       83.       61.       39.        5.        9.        7.
        8.       12.        5.        8.        3.        4.
  0.0226  0.0224  0.0223  0.0224  0.0226  0.0224  0.0225  0.0227  0.0223  0.0225  0.0222  0.0223
  0.0223  0.0222  0.0221  0.0222  0.0223  0.0222  0.0222  0.0223  0.0222  0.0222  0.0221  0.0221
  0.0221  0.0221  0.0221  0.0221  0.0221  0.0221  0.0221  0.0221  0.0221  0.0221  0.0220  0.0221
  0.0220  0.0220  0.0220  0.0220  0.0220  0.0220  0.0220  0.0220  0.0220  0.0220  0.0220  0.0220
  0.0221  0.0221  0.0221  0.0221  0.0221  0.0221  0.0221  0.0221  0.0221  0.0221  0.0220  0.0221
  0.0223  0.0222  0.0222  0.0222  0.0222  0.0223  0.0222  0.0224  0.0222  0.0222  0.0221  0.0221
  0.0226  0.0224  0.0223  0.0223  0.0225  0.0225  0.0225  0.0227  0.0223  0.0225  0.0222  0.0223
   -1.7459   10.1466    3.9787  -11.7637   -5.4355  -10.4123
    3.6119   -1.6098   -1.6322   20.3207    3.6953  -24.4457
eta,q 0.97797 11.81088

---------------------------------------------------------------------
compute_vox2vox talsrcimg talsrcimg_to_711-2C_as_mni_average_305_t4 /opt/freesurfer/average/711-2C_as_mni_average_305
---------------------------------------------------------------------

freesurfer compute_vox2vox.c
Reading: talsrcimg.4dfp.ifh
Reading: talsrcimg_to_711-2C_as_mni_average_305_t4
Reading: /opt/freesurfer/average/711-2C_as_mni_average_305.4dfp.ifh
Writing: talsrcimg_to_711-2C_as_mni_average_305_t4_vox2vox.txt

start time Tue Mar 10 05:06:02 CET 2026
end		time Tue Mar 10 05:07:27 CET 2026

mpr2mni305 success

avi2talxfm orig_nu.mgz /opt/freesurfer/average/mni305.cor.mgz talsrcimg_to_711-2C_as_mni_average_305_t4_vox2vox.txt transforms/talairach.auto.xfm
avi2talxfm done
mv -f /out/sourcedata/freesurfer/sub-v1s5x0050750_ses-1/mri/talsrcimg_to_711-2C_as_mni_average_305_t4_vox2vox.txt /out/sourcedata/freesurfer/sub-v1s5x0050750_ses-1/mri/transforms/talsrcimg_to_711-2C_as_mni_average_305_t4_vox2vox.txt
lta_convert --src orig_nu.mgz --trg /opt/freesurfer/average/mni305.cor.mgz --inxfm transforms/talairach.auto.xfm --outlta transforms/talairach.auto.xfm.lta --subject fsaverage
7.3.2

--src: orig_nu.mgz src image (geometry).
--trg: /opt/freesurfer/average/mni305.cor.mgz trg image (geometry).
--inmni: transforms/talairach.auto.xfm input MNI/XFM transform.
--outlta: transforms/talairach.auto.xfm.lta output LTA.
--s: fsaverage subject name
 LTA read, type : 1
 1.13146   0.02847  -0.03586  -9.75853;
-0.03905   1.05342   0.27381  -25.24637;
 0.02792  -0.22587   0.99802   9.81369;
 0.00000   0.00000   0.00000   1.00000;
setting subject to fsaverage
Writing  LTA to file transforms/talairach.auto.xfm.lta...
lta_convert successful.
 
 
Started at Tue Mar 10 05:06:02 CET 2026
Ended   at Tue Mar 10 05:07:27 CET 2026
talairach_avi done
