Log file for defect2seg
Tue Mar 10 06:48:17 CET 2026

setenv SUBJECTS_DIR /out/sourcedata/freesurfer
cd /out/sourcedata/freesurfer/sub-v1s5x0050743_ses-1/scripts
/opt/freesurfer/bin/defect2seg --s sub-v1s5x0050743_ses-1 --rh-only --cortex

freesurfer-linux-ubuntu22_x86_64-7.3.2-20220804-6354275
defect2seg 7.3.2
Linux dna020 5.14.0-427.37.1.el9_4.x86_64 #1 SMP PREEMPT_DYNAMIC Fri Sep 13 12:41:50 EDT 2024 x86_64 x86_64 x86_64 GNU/Linux
pid 4046407
mri_label2label --label-cortex /out/sourcedata/freesurfer/sub-v1s5x0050743_ses-1/surf/rh.orig.nofix /out/sourcedata/freesurfer/sub-v1s5x0050743_ses-1/mri/aseg.presurf.mgz 0 /out/sourcedata/freesurfer/sub-v1s5x0050743_ses-1/label/rh.nofix.cortex.label

 Generating cortex label... RemoveHipAmgy=0
 NucAccIsMedialWall=0
 mris->useRealRAS=0
14 non-cortical segments detected
only using segment with 7213 vertices
erasing segment 1 (vno[0] = 51380)
erasing segment 2 (vno[0] = 51402)
erasing segment 3 (vno[0] = 52486)
erasing segment 4 (vno[0] = 70908)
erasing segment 5 (vno[0] = 79128)
erasing segment 6 (vno[0] = 82230)
erasing segment 7 (vno[0] = 83167)
erasing segment 8 (vno[0] = 85268)
erasing segment 9 (vno[0] = 86225)
erasing segment 10 (vno[0] = 86232)
erasing segment 11 (vno[0] = 86246)
erasing segment 12 (vno[0] = 87590)
erasing segment 13 (vno[0] = 88817)
mri_label2vol --defects /out/sourcedata/freesurfer/sub-v1s5x0050743_ses-1/surf/rh.orig.nofix /out/sourcedata/freesurfer/sub-v1s5x0050743_ses-1/surf/rh.defect_labels /out/sourcedata/freesurfer/sub-v1s5x0050743_ses-1/mri/orig.mgz 2000 0 /out/sourcedata/freesurfer/sub-v1s5x0050743_ses-1/mri/rh.surface.defects.mgz /out/sourcedata/freesurfer/sub-v1s5x0050743_ses-1/label/rh.nofix.cortex.label
mri_label2vol supposed to be reproducible but seed not set
Contraining to label /out/sourcedata/freesurfer/sub-v1s5x0050743_ses-1/label/rh.nofix.cortex.label
Changing input type 0 to MRI_INT
Converting defects to volume: offset=2000, merge=0
Writing to /out/sourcedata/freesurfer/sub-v1s5x0050743_ses-1/mri/rh.surface.defects.mgz
mris_defects_pointset -s /out/sourcedata/freesurfer/sub-v1s5x0050743_ses-1/surf/rh.orig.nofix -d /out/sourcedata/freesurfer/sub-v1s5x0050743_ses-1/surf/rh.defect_labels -o /out/sourcedata/freesurfer/sub-v1s5x0050743_ses-1/surf/rh.defects.pointset --label /out/sourcedata/freesurfer/sub-v1s5x0050743_ses-1/label/rh.nofix.cortex.label
Reading in surface /out/sourcedata/freesurfer/sub-v1s5x0050743_ses-1/surf/rh.orig.nofix
Reading in defect segmentation /out/sourcedata/freesurfer/sub-v1s5x0050743_ses-1/surf/rh.defect_labels
Reading in label /out/sourcedata/freesurfer/sub-v1s5x0050743_ses-1/label/rh.nofix.cortex.label
#VMPC# mris_defects_pointset 1286236
mris_defects_pointset done
 
Started at Tue Mar 10 06:48:17 CET 2026 
Ended   at Tue Mar 10 06:48:32 CET 2026
Defect2seg-Run-Time-Sec 15
Defect2seg-Run-Time-Min 0.30
Defect2seg-Run-Time-Hours 0.00
 
defect2seg Done
