status file for recon-all
Tue Mar 10 06:24:15 CET 2026
#@# Tessellate lh Tue Mar 10 06:24:15 CET 2026
#@# Smooth1 lh Tue Mar 10 06:24:18 CET 2026
#@# Inflation1 lh Tue Mar 10 06:24:21 CET 2026
#@# QSphere lh Tue Mar 10 06:24:32 CET 2026
#@# Fix Topology lh Tue Mar 10 06:25:34 CET 2026
#@# Smooth2 lh Tue Mar 10 06:31:02 CET 2026
#@# Inflation2 lh Tue Mar 10 06:31:05 CET 2026
#@# Curv .H and .K lh Tue Mar 10 06:31:17 CET 2026
#@# Sphere lh Tue Mar 10 06:31:58 CET 2026
#@# Surf Reg lh Tue Mar 10 06:34:09 CET 2026
#@# Jacobian white lh Tue Mar 10 06:37:36 CET 2026
#@# AvgCurv lh Tue Mar 10 06:37:37 CET 2026
#@# Cortical Parc lh Tue Mar 10 06:37:38 CET 2026
#@# white curv lh Tue Mar 10 06:43:22 CET 2026
#@# white area lh Tue Mar 10 06:43:23 CET 2026
#@# pial curv lh Tue Mar 10 06:43:24 CET 2026
#@# pial area lh Tue Mar 10 06:43:25 CET 2026
#@# thickness lh Tue Mar 10 06:43:26 CET 2026
#@# area and vertex vol lh Tue Mar 10 06:43:51 CET 2026
#@# Curvature Stats lh Tue Mar 10 06:43:53 CET 2026
#@# Cortical Parc 2 lh Tue Mar 10 06:43:55 CET 2026
#@# Cortical Parc 3 lh Tue Mar 10 06:44:06 CET 2026
#@# WM/GM Contrast lh Tue Mar 10 06:44:15 CET 2026
recon-all -s sub-v1s5x0050743_ses-1 finished without error at Tue Mar 10 06:44:18 CET 2026



#New# invocation of recon-all 



status file for recon-all
Tue Mar 10 07:08:35 CET 2026
#@# white curv lh Tue Mar 10 07:08:35 CET 2026
#@# white area lh Tue Mar 10 07:08:35 CET 2026
#@# pial curv lh Tue Mar 10 07:08:35 CET 2026
#@# pial area lh Tue Mar 10 07:08:35 CET 2026
#@# thickness lh Tue Mar 10 07:08:35 CET 2026
#@# area and vertex vol lh Tue Mar 10 07:08:35 CET 2026
#@# Parcellation Stats lh Tue Mar 10 07:08:35 CET 2026
#@# Parcellation Stats 2 lh Tue Mar 10 07:08:51 CET 2026
#@# Parcellation Stats 3 lh Tue Mar 10 07:08:59 CET 2026
#@# BA_exvivo Labels lh Tue Mar 10 07:09:06 CET 2026
recon-all -s sub-v1s5x0050743_ses-1 finished without error at Tue Mar 10 07:11:23 CET 2026
