status file for recon-all
Tue Mar 10 04:40:44 CET 2026
#@# MotionCor Tue Mar 10 04:40:46 CET 2026
#@# Talairach Tue Mar 10 04:40:56 CET 2026
#@# Talairach Failure Detection Tue Mar 10 04:45:20 CET 2026
#@# Nu Intensity Correction Tue Mar 10 04:45:21 CET 2026
#@# Intensity Normalization Tue Mar 10 04:48:37 CET 2026
recon-all -s sub-v1s5x0050743_ses-1 finished without error at Tue Mar 10 04:50:15 CET 2026



#New# invocation of recon-all 



status file for recon-all
Tue Mar 10 04:57:26 CET 2026
#@# EM Registration Tue Mar 10 04:57:26 CET 2026
recon-all -s sub-v1s5x0050743_ses-1 finished without error at Tue Mar 10 04:59:06 CET 2026



#New# invocation of recon-all 



status file for recon-all
Tue Mar 10 04:59:10 CET 2026
#@# CA Normalize Tue Mar 10 04:59:10 CET 2026
#@# CA Reg Tue Mar 10 05:00:30 CET 2026
#@# SubCort Seg Tue Mar 10 05:49:21 CET 2026
#@# CC Seg Tue Mar 10 06:17:58 CET 2026
#@# Merge ASeg Tue Mar 10 06:19:10 CET 2026
#@# Intensity Normalization2 Tue Mar 10 06:19:10 CET 2026
#@# Mask BFS Tue Mar 10 06:21:26 CET 2026
#@# WM Segmentation Tue Mar 10 06:21:27 CET 2026
#@# Fill Tue Mar 10 06:23:10 CET 2026
recon-all -s sub-v1s5x0050743_ses-1 finished without error at Tue Mar 10 06:24:12 CET 2026



#New# invocation of recon-all 



status file for recon-all
Tue Mar 10 07:04:57 CET 2026
#@# white curv lh Tue Mar 10 07:04:57 CET 2026
#@# white area lh Tue Mar 10 07:04:57 CET 2026
#@# pial curv lh Tue Mar 10 07:04:57 CET 2026
#@# pial area lh Tue Mar 10 07:04:57 CET 2026
#@# thickness lh Tue Mar 10 07:04:57 CET 2026
#@# area and vertex vol lh Tue Mar 10 07:04:57 CET 2026
#@# white curv rh Tue Mar 10 07:04:57 CET 2026
#@# white area rh Tue Mar 10 07:04:57 CET 2026
#@# pial curv rh Tue Mar 10 07:04:57 CET 2026
#@# pial area rh Tue Mar 10 07:04:57 CET 2026
#@# thickness rh Tue Mar 10 07:04:57 CET 2026
#@# area and vertex vol rh Tue Mar 10 07:04:57 CET 2026
#@# Cortical ribbon mask Tue Mar 10 07:04:57 CET 2026
recon-all -s sub-v1s5x0050743_ses-1 finished without error at Tue Mar 10 07:08:30 CET 2026



#New# invocation of recon-all 



status file for recon-all
Tue Mar 10 07:14:19 CET 2026
#@# white curv lh Tue Mar 10 07:14:19 CET 2026
#@# white area lh Tue Mar 10 07:14:19 CET 2026
#@# pial curv lh Tue Mar 10 07:14:19 CET 2026
#@# pial area lh Tue Mar 10 07:14:19 CET 2026
#@# thickness lh Tue Mar 10 07:14:19 CET 2026
#@# area and vertex vol lh Tue Mar 10 07:14:19 CET 2026
#@# white curv rh Tue Mar 10 07:14:19 CET 2026
#@# white area rh Tue Mar 10 07:14:19 CET 2026
#@# pial curv rh Tue Mar 10 07:14:19 CET 2026
#@# pial area rh Tue Mar 10 07:14:19 CET 2026
#@# thickness rh Tue Mar 10 07:14:19 CET 2026
#@# area and vertex vol rh Tue Mar 10 07:14:19 CET 2026
#@# Curvature Stats lh Tue Mar 10 07:14:19 CET 2026
#@# Curvature Stats rh Tue Mar 10 07:14:22 CET 2026
#@# Relabel Hypointensities Tue Mar 10 07:14:24 CET 2026
#@# APas-to-ASeg Tue Mar 10 07:14:37 CET 2026
#@# AParc-to-ASeg aparc Tue Mar 10 07:14:46 CET 2026
#@# AParc-to-ASeg aparc.a2009s Tue Mar 10 07:15:16 CET 2026
#@# AParc-to-ASeg aparc.DKTatlas Tue Mar 10 07:15:46 CET 2026
#@# WMParc Tue Mar 10 07:16:17 CET 2026
#@# ASeg Stats Tue Mar 10 07:19:48 CET 2026
recon-all -s sub-v1s5x0050743_ses-1 finished without error at Tue Mar 10 07:20:29 CET 2026
