status file for recon-all
Tue Mar 10 06:44:21 CET 2026
#@# Tessellate rh Tue Mar 10 06:44:21 CET 2026
#@# Smooth1 rh Tue Mar 10 06:44:25 CET 2026
#@# Inflation1 rh Tue Mar 10 06:44:27 CET 2026
#@# QSphere rh Tue Mar 10 06:44:40 CET 2026
#@# Fix Topology rh Tue Mar 10 06:45:45 CET 2026
#@# Smooth2 rh Tue Mar 10 06:52:32 CET 2026
#@# Inflation2 rh Tue Mar 10 06:52:34 CET 2026
#@# Curv .H and .K rh Tue Mar 10 06:52:47 CET 2026
#@# Sphere rh Tue Mar 10 06:53:27 CET 2026
#@# Surf Reg rh Tue Mar 10 06:55:08 CET 2026
#@# Jacobian white rh Tue Mar 10 06:58:11 CET 2026
#@# AvgCurv rh Tue Mar 10 06:58:12 CET 2026
#@# Cortical Parc rh Tue Mar 10 06:58:13 CET 2026
#@# white curv rh Tue Mar 10 07:03:57 CET 2026
#@# white area rh Tue Mar 10 07:03:59 CET 2026
#@# pial curv rh Tue Mar 10 07:04:00 CET 2026
#@# pial area rh Tue Mar 10 07:04:01 CET 2026
#@# thickness rh Tue Mar 10 07:04:02 CET 2026
#@# area and vertex vol rh Tue Mar 10 07:04:27 CET 2026
#@# Curvature Stats rh Tue Mar 10 07:04:28 CET 2026
#@# Cortical Parc 2 rh Tue Mar 10 07:04:30 CET 2026
#@# Cortical Parc 3 rh Tue Mar 10 07:04:42 CET 2026
#@# WM/GM Contrast rh Tue Mar 10 07:04:51 CET 2026
recon-all -s sub-v1s5x0050743_ses-1 finished without error at Tue Mar 10 07:04:54 CET 2026



#New# invocation of recon-all 



status file for recon-all
Tue Mar 10 07:11:25 CET 2026
#@# white curv rh Tue Mar 10 07:11:25 CET 2026
#@# white area rh Tue Mar 10 07:11:25 CET 2026
#@# pial curv rh Tue Mar 10 07:11:25 CET 2026
#@# pial area rh Tue Mar 10 07:11:25 CET 2026
#@# thickness rh Tue Mar 10 07:11:25 CET 2026
#@# area and vertex vol rh Tue Mar 10 07:11:25 CET 2026
#@# Parcellation Stats rh Tue Mar 10 07:11:25 CET 2026
#@# Parcellation Stats 2 rh Tue Mar 10 07:11:40 CET 2026
#@# Parcellation Stats 3 rh Tue Mar 10 07:11:48 CET 2026
#@# BA_exvivo Labels rh Tue Mar 10 07:11:55 CET 2026
recon-all -s sub-v1s5x0050743_ses-1 finished without error at Tue Mar 10 07:14:13 CET 2026
