status file for recon-all
Tue Mar 10 03:38:53 CET 2026
#@# MotionCor Tue Mar 10 03:38:54 CET 2026
#@# Talairach Tue Mar 10 03:39:05 CET 2026
#@# Talairach Failure Detection Tue Mar 10 03:43:30 CET 2026
#@# Nu Intensity Correction Tue Mar 10 03:43:30 CET 2026
#@# Intensity Normalization Tue Mar 10 03:46:44 CET 2026
recon-all -s sub-v1s5x0050727_ses-1 finished without error at Tue Mar 10 03:48:14 CET 2026



#New# invocation of recon-all 



status file for recon-all
Tue Mar 10 03:55:17 CET 2026
#@# EM Registration Tue Mar 10 03:55:17 CET 2026
recon-all -s sub-v1s5x0050727_ses-1 finished without error at Tue Mar 10 03:57:17 CET 2026



#New# invocation of recon-all 



status file for recon-all
Tue Mar 10 03:57:20 CET 2026
#@# CA Normalize Tue Mar 10 03:57:20 CET 2026
#@# CA Reg Tue Mar 10 03:58:42 CET 2026
#@# SubCort Seg Tue Mar 10 04:52:57 CET 2026
#@# CC Seg Tue Mar 10 05:21:13 CET 2026
#@# Merge ASeg Tue Mar 10 05:21:44 CET 2026
#@# Intensity Normalization2 Tue Mar 10 05:21:44 CET 2026
#@# Mask BFS Tue Mar 10 05:24:00 CET 2026
#@# WM Segmentation Tue Mar 10 05:24:01 CET 2026
#@# Fill Tue Mar 10 05:25:45 CET 2026
recon-all -s sub-v1s5x0050727_ses-1 finished without error at Tue Mar 10 05:26:47 CET 2026



#New# invocation of recon-all 



status file for recon-all
Tue Mar 10 06:12:10 CET 2026
#@# white curv lh Tue Mar 10 06:12:10 CET 2026
#@# white area lh Tue Mar 10 06:12:10 CET 2026
#@# pial curv lh Tue Mar 10 06:12:10 CET 2026
#@# pial area lh Tue Mar 10 06:12:10 CET 2026
#@# thickness lh Tue Mar 10 06:12:10 CET 2026
#@# area and vertex vol lh Tue Mar 10 06:12:10 CET 2026
#@# white curv rh Tue Mar 10 06:12:10 CET 2026
#@# white area rh Tue Mar 10 06:12:10 CET 2026
#@# pial curv rh Tue Mar 10 06:12:10 CET 2026
#@# pial area rh Tue Mar 10 06:12:10 CET 2026
#@# thickness rh Tue Mar 10 06:12:10 CET 2026
#@# area and vertex vol rh Tue Mar 10 06:12:10 CET 2026
#@# Cortical ribbon mask Tue Mar 10 06:12:10 CET 2026
recon-all -s sub-v1s5x0050727_ses-1 finished without error at Tue Mar 10 06:16:41 CET 2026



#New# invocation of recon-all 



status file for recon-all
Tue Mar 10 06:23:13 CET 2026
#@# white curv lh Tue Mar 10 06:23:13 CET 2026
#@# white area lh Tue Mar 10 06:23:13 CET 2026
#@# pial curv lh Tue Mar 10 06:23:13 CET 2026
#@# pial area lh Tue Mar 10 06:23:13 CET 2026
#@# thickness lh Tue Mar 10 06:23:13 CET 2026
#@# area and vertex vol lh Tue Mar 10 06:23:13 CET 2026
#@# white curv rh Tue Mar 10 06:23:13 CET 2026
#@# white area rh Tue Mar 10 06:23:13 CET 2026
#@# pial curv rh Tue Mar 10 06:23:13 CET 2026
#@# pial area rh Tue Mar 10 06:23:14 CET 2026
#@# thickness rh Tue Mar 10 06:23:14 CET 2026
#@# area and vertex vol rh Tue Mar 10 06:23:14 CET 2026
#@# Curvature Stats lh Tue Mar 10 06:23:14 CET 2026
#@# Curvature Stats rh Tue Mar 10 06:23:16 CET 2026
#@# Relabel Hypointensities Tue Mar 10 06:23:18 CET 2026
#@# APas-to-ASeg Tue Mar 10 06:23:33 CET 2026
#@# AParc-to-ASeg aparc Tue Mar 10 06:23:42 CET 2026
#@# AParc-to-ASeg aparc.a2009s Tue Mar 10 06:24:18 CET 2026
#@# AParc-to-ASeg aparc.DKTatlas Tue Mar 10 06:24:53 CET 2026
#@# WMParc Tue Mar 10 06:25:28 CET 2026
#@# ASeg Stats Tue Mar 10 06:29:09 CET 2026
recon-all -s sub-v1s5x0050727_ses-1 finished without error at Tue Mar 10 06:29:51 CET 2026
