/out/sourcedata/freesurfer/sub-v1s5x0050748_ses-1/mri
/opt/freesurfer/bin/talairach_avi
--i orig_nu.mgz --xfm transforms/talairach.auto.xfm
talairach_avi 7.3.2
Linux dna052 5.14.0-427.37.1.el9_4.x86_64 #1 SMP PREEMPT_DYNAMIC Fri Sep 13 12:41:50 EDT 2024 x86_64 x86_64 x86_64 GNU/Linux
Tue Mar 10 05:03:01 CET 2026
mri_convert orig_nu.mgz talsrcimg.img 
reading from orig_nu.mgz...
TR=0.00, TE=0.00, TI=0.00, flip angle=0.00
i_ras = (-1, 9.31323e-10, 3.72529e-09)
j_ras = (-3.72529e-09, 1.49012e-08, -1)
k_ras = (0, 1, 0)
writing to talsrcimg.img...
Analyze Output Matrix
-1.00000  -0.00000   0.00000   125.20423;
 0.00000   0.00000   1.00000  -112.96071;
 0.00000  -1.00000   0.00000   146.72592;
 0.00000   0.00000   0.00000   1.00000;
--------------------
INFO: set hdr.hist.orient to -1
mpr2mni305 talsrcimg
Tue Mar 10 05:03:01 CET 2026
/opt/freesurfer/bin/mpr2mni305 talsrcimg
mpr2mni305 7.3.2
target=711-2C_as_mni_average_305

---------------------------------------------------------------------
analyzeto4dfp talsrcimg -O0 -y
---------------------------------------------------------------------

freesurfer ifh2hdr.c
Tue Mar 10 05:03:01 2026
Writing: talsrcimg.4dfp.hdr
freesurfer analyzeto4dfp.c
Reading: talsrcimg.hdr
header size 348 bytes
hdr.dime.datatype	offset=70	value=2
hdr.dime.bitpix		offset=72	value=8
hdr.hist.orient		offset=252	value=-1
dimensionality     4
dimensions       256       256       256         1
Reading: talsrcimg.img
Writing: talsrcimg.4dfp.img
Writing: talsrcimg.4dfp.ifh
ifh2hdr talsrcimg -r0to232
ori=2

---------------------------------------------------------------------
gauss_4dfp talsrcimg 1.1
---------------------------------------------------------------------

freesurfer gauss_4dfp.c
Reading: talsrcimg.4dfp.img
Writing: talsrcimg_g11.4dfp.img
image dimensions 256 256 256 padded to 288 288 288
processing volume 1freesurfer ifh2hdr.c
Tue Mar 10 05:03:03 2026
Writing: talsrcimg_g11.4dfp.hdr

Writing: talsrcimg_g11.4dfp.ifh
including: talsrcimg.4dfp.img.rec in talsrcimg_g11.4dfp.img.rec

---------------------------------------------------------------------
imgreg_4dfp /opt/freesurfer/average/711-2C_as_mni_average_305 none talsrcimg_g11 none talsrcimg_to_711-2C_as_mni_average_305_t4 4355
---------------------------------------------------------------------

freesurfer imgreg_4dfp.c
/opt/freesurfer/average/711-2C_as_mni_average_305.4dfp.img
       256       256       256         1
  1.000000  1.000000  1.000000
orientation T byte_order littleendian
Reading image: /opt/freesurfer/average/711-2C_as_mni_average_305.4dfp.img
dimensions:      256       256       256
mmppix:       1.0000   -1.0000   -1.0000
center:     128.0000 -129.0000 -129.0000
talsrcimg_g11.4dfp.img
       256       256       256         1
  1.000000  1.000000  1.000000
orientation T byte_order littleendian
Reading image: talsrcimg_g11.4dfp.img
dimensions:      256       256       256
mmppix:       1.0000   -1.0000   -1.0000
center:     128.0000 -129.0000 -129.0000
t4_read: open error in t4_sub.f l:  41 t4_file(1:l)talsrcimg_to_711-2C_as_mni_average_305_t4 
t4_read: transform initialized to I4
rotation matrix determinant  1.000000
image alignment mode   4355 decimal     1103 hex
   -7.5000  -45.0000  -45.0000 9606.5107   18.0775
    0.0000  -45.0000  -45.000010010.1309   18.0823
    7.5000  -45.0000  -45.0000 9560.5469   18.0634
   -7.5000  -37.5000  -45.000010140.1641   18.0878
    0.0000  -37.5000  -45.000010571.5684   18.0922
    7.5000  -37.5000  -45.000010060.4082   18.0697
   -7.5000  -30.0000  -45.000010882.6934   18.0979
    0.0000  -30.0000  -45.000011339.1602   18.1071
    7.5000  -30.0000  -45.000010775.0049   18.0902
   -7.5000  -22.5000  -45.000011312.6641   18.0977
    0.0000  -22.5000  -45.000011778.0078   18.1122
    7.5000  -22.5000  -45.000011232.7139   18.1043
   -7.5000  -15.0000  -45.000011621.4980   18.0869
    0.0000  -15.0000  -45.000012088.3115   18.1026
    7.5000  -15.0000  -45.000011485.8955   18.0988
   -7.5000   -7.5000  -45.000011851.9424   18.0765
    0.0000   -7.5000  -45.000012335.6387   18.0872
    7.5000   -7.5000  -45.000011677.5010   18.0782
   -7.5000    0.0000  -45.000011887.5713   18.0758
    0.0000    0.0000  -45.000012330.2998   18.0806
    7.5000    0.0000  -45.000011679.3320   18.0617
   -7.5000    7.5000  -45.000011070.0781   18.0864
    0.0000    7.5000  -45.000011484.5996   18.0909
    7.5000    7.5000  -45.000010864.6191   18.0684
   -7.5000   15.0000  -45.000010228.7705   18.2048
    0.0000   15.0000  -45.000010616.7344   18.2143
    7.5000   15.0000  -45.000010028.4668   18.2006
   -7.5000   22.5000  -45.0000 9470.2852   18.5451
    0.0000   22.5000  -45.0000 9850.1797   18.5626
    7.5000   22.5000  -45.0000 9312.8311   18.5493
   -7.5000   30.0000  -45.0000 8735.0078   18.8196
    0.0000   30.0000  -45.0000 9075.9160   18.8401
    7.5000   30.0000  -45.0000 8583.0068   18.8345
   -7.5000   37.5000  -45.0000 8280.9961   19.4010
    0.0000   37.5000  -45.0000 8612.5664   19.4216
    7.5000   37.5000  -45.0000 8183.3340   19.4257
   -7.5000   45.0000  -45.0000 7592.5596   19.5746
    0.0000   45.0000  -45.0000 7895.2207   19.5886
    7.5000   45.0000  -45.0000 7503.4419   19.5792
   -7.5000  -45.0000  -37.500010106.3125   18.0666
    0.0000  -45.0000  -37.500010542.0342   18.0611
    7.5000  -45.0000  -37.500010049.4424   18.0427
   -7.5000  -37.5000  -37.500010667.1484   18.0833
    0.0000  -37.5000  -37.500011128.4297   18.0781
    7.5000  -37.5000  -37.500010591.8516   18.0554
   -7.5000  -30.0000  -37.500011443.1387   18.0956
    0.0000  -30.0000  -37.500011940.1660   18.0959
    7.5000  -30.0000  -37.500011320.6357   18.0811
   -7.5000  -22.5000  -37.500011928.6504   18.0893
    0.0000  -22.5000  -37.500012432.5674   18.0948
    7.5000  -22.5000  -37.500011794.1826   18.0922
   -7.5000  -15.0000  -37.500012243.7744   18.0708
    0.0000  -15.0000  -37.500012768.8418   18.0771
    7.5000  -15.0000  -37.500012065.0566   18.0804
   -7.5000   -7.5000  -37.500012493.1777   18.0600
    0.0000   -7.5000  -37.500013055.3701   18.0608
    7.5000   -7.5000  -37.500012277.3027   18.0564
   -7.5000    0.0000  -37.500012532.2920   18.0648
    0.0000    0.0000  -37.500013044.6572   18.0594
    7.5000    0.0000  -37.500012293.0332   18.0410
   -7.5000    7.5000  -37.500011662.9014   18.0819
    0.0000    7.5000  -37.500012131.4424   18.0767
    7.5000    7.5000  -37.500011399.5059   18.0540
   -7.5000   15.0000  -37.500010745.6406   18.1997
    0.0000   15.0000  -37.500011158.2656   18.2003
    7.5000   15.0000  -37.500010488.8799   18.1891
   -7.5000   22.5000  -37.5000 9944.7334   18.5393
    0.0000   22.5000  -37.500010334.3584   18.5466
    7.5000   22.5000  -37.5000 9721.3525   18.5405
   -7.5000   30.0000  -37.5000 9155.0811   18.8138
    0.0000   30.0000  -37.5000 9518.7812   18.8240
    7.5000   30.0000  -37.5000 8996.3779   18.8270
   -7.5000   37.5000  -37.5000 8653.5830   19.4001
    0.0000   37.5000  -37.5000 9015.7158   19.4090
    7.5000   37.5000  -37.5000 8571.1865   19.4187
   -7.5000   45.0000  -37.5000 7919.8809   19.5733
    0.0000   45.0000  -37.5000 8244.1240   19.5740
    7.5000   45.0000  -37.5000 7842.6265   19.5638
   -7.5000  -45.0000  -30.000010748.8555   18.8257
    0.0000  -45.0000  -30.000011228.6797   18.8143
    7.5000  -45.0000  -30.000010697.5811   18.7943
   -7.5000  -37.5000  -30.000011313.0342   18.8401
    0.0000  -37.5000  -30.000011830.3145   18.8297
    7.5000  -37.5000  -30.000011268.6904   18.8084
   -7.5000  -30.0000  -30.000012146.6895   18.8475
    0.0000  -30.0000  -30.000012695.1494   18.8417
    7.5000  -30.0000  -30.000012024.9512   18.8283
   -7.5000  -22.5000  -30.000012672.8848   18.8380
    0.0000  -22.5000  -30.000013224.8604   18.8356
    7.5000  -22.5000  -30.000012494.3076   18.8309
   -7.5000  -15.0000  -30.000012985.9736   18.8210
    0.0000  -15.0000  -30.000013575.2666   18.8187
    7.5000  -15.0000  -30.000012787.5049   18.8167
   -7.5000   -7.5000  -30.000013234.5508   18.8157
    0.0000   -7.5000  -30.000013850.4229   18.8091
    7.5000   -7.5000  -30.000012999.7500   18.7996
   -7.5000    0.0000  -30.000013324.7598   18.8238
    0.0000    0.0000  -30.000013924.7168   18.8125
    7.5000    0.0000  -30.000013056.9609   18.7925
   -7.5000    7.5000  -30.000012426.1025   18.8386
    0.0000    7.5000  -30.000012954.3086   18.8283
    7.5000    7.5000  -30.000012123.1953   18.8069
   -7.5000   15.0000  -30.000011415.8809   18.9578
    0.0000   15.0000  -30.000011916.8496   18.9520
    7.5000   15.0000  -30.000011135.5410   18.9426
   -7.5000   22.5000  -30.000010562.1533   19.3172
    0.0000   22.5000  -30.000010997.5576   19.3158
    7.5000   22.5000  -30.000010275.7998   19.3079
   -7.5000   30.0000  -30.0000 9720.5908   19.6140
    0.0000   30.0000  -30.000010123.4209   19.6173
    7.5000   30.0000  -30.0000 9537.5000   19.6140
   -7.5000   37.5000  -30.0000 9180.7734   20.2277
    0.0000   37.5000  -30.0000 9593.6680   20.2286
    7.5000   37.5000  -30.0000 9098.9189   20.2322
   -7.5000   45.0000  -30.0000 8364.0830   20.4122
    0.0000   45.0000  -30.0000 8722.2178   20.4026
    7.5000   45.0000  -30.0000 8297.7393   20.3898
   -7.5000  -45.0000  -22.500011437.6992   19.4866
    0.0000  -45.0000  -22.500011965.4795   19.4819
    7.5000  -45.0000  -22.500011396.9551   19.4592
   -7.5000  -37.5000  -22.500011983.9395   19.4906
    0.0000  -37.5000  -22.500012551.3027   19.4867
    7.5000  -37.5000  -22.500011944.9795   19.4671
   -7.5000  -30.0000  -22.500012789.5381   19.4907
    0.0000  -30.0000  -22.500013385.3389   19.4892
    7.5000  -30.0000  -22.500012677.4160   19.4748
   -7.5000  -22.5000  -22.500013342.2402   19.4860
    0.0000  -22.5000  -22.500013953.9268   19.4859
    7.5000  -22.5000  -22.500013187.0977   19.4726
   -7.5000  -15.0000  -22.500013694.3750   19.4802
    0.0000  -15.0000  -22.500014345.2090   19.4797
    7.5000  -15.0000  -22.500013503.1514   19.4637
   -7.5000   -7.5000  -22.500013924.7793   19.4806
    0.0000   -7.5000  -22.500014601.1289   19.4780
    7.5000   -7.5000  -22.500013695.9014   19.4578
   -7.5000    0.0000  -22.500014038.7246   19.4847
    0.0000    0.0000  -22.500014744.1904   19.4800
    7.5000    0.0000  -22.500013791.9131   19.4573
   -7.5000    7.5000  -22.500013114.4648   19.4890
    0.0000    7.5000  -22.500013738.3467   19.4852
    7.5000    7.5000  -22.500012812.5840   19.4656
   -7.5000   15.0000  -22.500012081.5547   19.6103
    0.0000   15.0000  -22.500012642.7422   19.6086
    7.5000   15.0000  -22.500011756.6699   19.5982
   -7.5000   22.5000  -22.500011132.8203   19.9909
    0.0000   22.5000  -22.500011633.9990   19.9918
    7.5000   22.5000  -22.500010845.8984   19.9736
   -7.5000   30.0000  -22.500010228.4268   20.3100
    0.0000   30.0000  -22.500010703.4727   20.3179
    7.5000   30.0000  -22.500010042.7969   20.2978
   -7.5000   37.5000  -22.5000 9698.5156   20.9409
    0.0000   37.5000  -22.500010169.8506   20.9465
    7.5000   37.5000  -22.5000 9605.6465   20.9373
   -7.5000   45.0000  -22.5000 8810.4316   21.1338
    0.0000   45.0000  -22.5000 9217.8311   21.1284
    7.5000   45.0000  -22.5000 8732.2021   21.1136
   -7.5000  -45.0000  -15.000012097.8604   19.9676
    0.0000  -45.0000  -15.000012608.3955   19.9726
    7.5000  -45.0000  -15.000012037.9463   19.9480
   -7.5000  -37.5000  -15.000012654.7314   19.9639
    0.0000  -37.5000  -15.000013160.4785   19.9696
    7.5000  -37.5000  -15.000012565.5303   19.9501
   -7.5000  -30.0000  -15.000013450.6631   19.9605
    0.0000  -30.0000  -15.000014008.5947   19.9678
    7.5000  -30.0000  -15.000013301.1436   19.9513
   -7.5000  -22.5000  -15.000014015.9443   19.9621
    0.0000  -22.5000  -15.000014643.1846   19.9703
    7.5000  -22.5000  -15.000013876.5078   19.9502
   -7.5000  -15.0000  -15.000014400.2461   19.9651
    0.0000  -15.0000  -15.000015096.5273   19.9727
    7.5000  -15.0000  -15.000014255.0938   19.9468
   -7.5000   -7.5000  -15.000014665.0850   19.9671
    0.0000   -7.5000  -15.000015397.2441   19.9731
    7.5000   -7.5000  -15.000014499.1279   19.9457
   -7.5000    0.0000  -15.000014764.2520   19.9657
    0.0000    0.0000  -15.000015527.5947   19.9707
    7.5000    0.0000  -15.000014544.1592   19.9462
   -7.5000    7.5000  -15.000013763.9473   19.9624
    0.0000    7.5000  -15.000014458.6191   19.9681
    7.5000    7.5000  -15.000013489.9141   19.9486
   -7.5000   15.0000  -15.000012651.1406   20.0862
    0.0000   15.0000  -15.000013260.2451   20.0935
    7.5000   15.0000  -15.000012374.2881   20.0806
   -7.5000   22.5000  -15.000011618.3223   20.4766
    0.0000   22.5000  -15.000012155.0850   20.4871
    7.5000   22.5000  -15.000011359.2852   20.4596
   -7.5000   30.0000  -15.000010668.7939   20.8080
    0.0000   30.0000  -15.000011190.5439   20.8253
    7.5000   30.0000  -15.000010485.1836   20.7929
   -7.5000   37.5000  -15.000010157.3857   21.4485
    0.0000   37.5000  -15.000010662.9102   21.4642
    7.5000   37.5000  -15.000010033.5342   21.4460
   -7.5000   45.0000  -15.0000 9281.6650   21.6558
    0.0000   45.0000  -15.0000 9732.2627   21.6625
    7.5000   45.0000  -15.0000 9206.2979   21.6466
   -7.5000  -45.0000   -7.500012737.1221   20.1994
    0.0000  -45.0000   -7.500013209.5469   20.2087
    7.5000  -45.0000   -7.500012650.2422   20.1851
   -7.5000  -37.5000   -7.500013305.4424   20.1997
    0.0000  -37.5000   -7.500013741.5605   20.2092
    7.5000  -37.5000   -7.500013201.4775   20.1872
   -7.5000  -30.0000   -7.500014116.4619   20.2015
    0.0000  -30.0000   -7.500014603.0898   20.2144
    7.5000  -30.0000   -7.500013979.2979   20.1958
   -7.5000  -22.5000   -7.500014758.7021   20.2046
    0.0000  -22.5000   -7.500015310.7334   20.2206
    7.5000  -22.5000   -7.500014631.4131   20.2030
   -7.5000  -15.0000   -7.500015170.1094   20.2042
    0.0000  -15.0000   -7.500015831.8320   20.2204
    7.5000  -15.0000   -7.500015088.9131   20.2006
   -7.5000   -7.5000   -7.500015439.2041   20.2006
    0.0000   -7.5000   -7.500016213.4463   20.2134
    7.5000   -7.5000   -7.500015357.1475   20.1912
   -7.5000    0.0000   -7.500015559.5352   20.1975
    0.0000    0.0000   -7.500016374.6836   20.2068
    7.5000    0.0000   -7.500015434.6875   20.1833
   -7.5000    7.5000   -7.500014480.3447   20.1981
    0.0000    7.5000   -7.500015186.6641   20.2077
    7.5000    7.5000   -7.500014275.7148   20.1857
   -7.5000   15.0000   -7.500013245.3789   20.3261
    0.0000   15.0000   -7.500013856.8008   20.3392
    7.5000   15.0000   -7.500013050.0732   20.3240
   -7.5000   22.5000   -7.500012115.7490   20.7091
    0.0000   22.5000   -7.500012681.9375   20.7286
    7.5000   22.5000   -7.500011940.4873   20.7032
   -7.5000   30.0000   -7.500011114.5986   21.0382
    0.0000   30.0000   -7.500011656.8389   21.0624
    7.5000   30.0000   -7.500010961.7852   21.0373
   -7.5000   37.5000   -7.500010655.6797   21.6848
    0.0000   37.5000   -7.500011168.0176   21.7088
    7.5000   37.5000   -7.500010505.7568   21.6977
   -7.5000   45.0000   -7.5000 9807.4883   21.9108
    0.0000   45.0000   -7.500010253.6582   21.9276
    7.5000   45.0000   -7.5000 9665.8652   21.9139
   -7.5000  -45.0000    0.000013264.6719   20.2284
    0.0000  -45.0000    0.000013714.5889   20.2337
    7.5000  -45.0000    0.000013159.2061   20.2126
   -7.5000  -37.5000    0.000013802.5625   20.2399
    0.0000  -37.5000    0.000014201.2686   20.2448
    7.5000  -37.5000    0.000013644.3584   20.2196
   -7.5000  -30.0000    0.000014622.1035   20.2512
    0.0000  -30.0000    0.000015040.9863   20.2615
    7.5000  -30.0000    0.000014465.0127   20.2426
   -7.5000  -22.5000    0.000015324.8701   20.2510
    0.0000  -22.5000    0.000015811.5771   20.2672
    7.5000  -22.5000    0.000015149.4561   20.2583
   -7.5000  -15.0000    0.000015752.9463   20.2389
    0.0000  -15.0000    0.000016319.1758   20.2564
    7.5000  -15.0000    0.000015700.4736   20.2522
   -7.5000   -7.5000    0.000016040.2793   20.2272
    0.0000   -7.5000    0.000016703.2715   20.2392
    7.5000   -7.5000    0.000016017.6367   20.2292
   -7.5000    0.0000    0.000016244.3359   20.2264
    0.0000    0.0000    0.000016968.1895   20.2318
    7.5000    0.0000    0.000016137.6113   20.2107
   -7.5000    7.5000    0.000015142.9023   20.2383
    0.0000    7.5000    0.000015803.6221   20.2433
    7.5000    7.5000    0.000014932.6641   20.2181
   -7.5000   15.0000    0.000013833.6572   20.3708
    0.0000   15.0000    0.000014428.4600   20.3814
    7.5000   15.0000    0.000013628.3652   20.3661
   -7.5000   22.5000    0.000012661.0684   20.7449
    0.0000   22.5000    0.000013211.1572   20.7644
    7.5000   22.5000    0.000012444.8232   20.7495
   -7.5000   30.0000    0.000011586.5527   21.0669
    0.0000   30.0000    0.000012084.3193   21.0899
    7.5000   30.0000    0.000011393.7871   21.0835
   -7.5000   37.5000    0.000011123.2998   21.7178
    0.0000   37.5000    0.000011589.6924   21.7407
    7.5000   37.5000    0.000010910.8564   21.7453
   -7.5000   45.0000    0.000010218.1006   21.9551
    0.0000   45.0000    0.000010662.6777   21.9707
    7.5000   45.0000    0.000010036.7266   21.9602
   -7.5000  -45.0000    7.500012798.2559   20.2169
    0.0000  -45.0000    7.500013253.1582   20.2108
    7.5000  -45.0000    7.500012703.3066   20.1902
   -7.5000  -37.5000    7.500013288.8037   20.2357
    0.0000  -37.5000    7.500013704.2070   20.2298
    7.5000  -37.5000    7.500013183.8184   20.2044
   -7.5000  -30.0000    7.500014100.7119   20.2494
    0.0000  -30.0000    7.500014503.9199   20.2497
    7.5000  -30.0000    7.500013973.3428   20.2332
   -7.5000  -22.5000    7.500014738.0098   20.2424
    0.0000  -22.5000    7.500015119.0059   20.2485
    7.5000  -22.5000    7.500014549.7051   20.2456
   -7.5000  -15.0000    7.500015166.1836   20.2217
    0.0000  -15.0000    7.500015548.6279   20.2288
    7.5000  -15.0000    7.500014993.2236   20.2324
   -7.5000   -7.5000    7.500015506.0547   20.2096
    0.0000   -7.5000    7.500015979.7178   20.2105
    7.5000   -7.5000    7.500015343.7285   20.2056
   -7.5000    0.0000    7.500015706.4365   20.2149
    0.0000    0.0000    7.500016236.2051   20.2089
    7.5000    0.0000    7.500015461.4277   20.1884
   -7.5000    7.5000    7.500014612.5586   20.2341
    0.0000    7.5000    7.500015108.4883   20.2283
    7.5000    7.5000    7.500014307.2373   20.2029
   -7.5000   15.0000    7.500013383.6689   20.3660
    0.0000   15.0000    7.500013856.5850   20.3666
    7.5000   15.0000    7.500013107.5713   20.3540
   -7.5000   22.5000    7.500012200.1064   20.7392
    0.0000   22.5000    7.500012672.3311   20.7474
    7.5000   22.5000    7.500011982.4795   20.7406
   -7.5000   30.0000    7.500011153.6055   21.0613
    0.0000   30.0000    7.500011588.8037   21.0728
    7.5000   30.0000    7.500010987.9395   21.0761
   -7.5000   37.5000    7.500010691.3027   21.7177
    0.0000   37.5000    7.500011110.7090   21.7277
    7.5000   37.5000    7.500010527.9434   21.7384
   -7.5000   45.0000    7.5000 9824.9355   21.9546
    0.0000   45.0000    7.500010211.1201   21.9554
    7.5000   45.0000    7.5000 9644.7373   21.9440
   -7.5000  -45.0000   15.000012244.6992   20.2157
    0.0000  -45.0000   15.000012704.8398   20.2035
    7.5000  -45.0000   15.000012162.3975   20.1819
   -7.5000  -37.5000   15.000012712.0986   20.2312
    0.0000  -37.5000   15.000013180.2383   20.2200
    7.5000  -37.5000   15.000012624.3975   20.1971
   -7.5000  -30.0000   15.000013471.8516   20.2391
    0.0000  -30.0000   15.000013948.0762   20.2329
    7.5000  -30.0000   15.000013331.8604   20.2185
   -7.5000  -22.5000   15.000014066.9541   20.2289
    0.0000  -22.5000   15.000014525.1875   20.2263
    7.5000  -22.5000   15.000013837.6631   20.2212
   -7.5000  -15.0000   15.000014481.1670   20.2107
    0.0000  -15.0000   15.000014936.0498   20.2082
    7.5000  -15.0000   15.000014223.2510   20.2060
   -7.5000   -7.5000   15.000014845.1680   20.2049
    0.0000   -7.5000   15.000015346.6504   20.1979
    7.5000   -7.5000   15.000014570.0264   20.1877
   -7.5000    0.0000   15.000014978.6855   20.2137
    0.0000    0.0000   15.000015526.8164   20.2016
    7.5000    0.0000   15.000014680.9521   20.1801
   -7.5000    7.5000   15.000013879.7246   20.2296
    0.0000    7.5000   15.000014368.1670   20.2185
    7.5000    7.5000   15.000013590.4443   20.1955
   -7.5000   15.0000   15.000012651.2354   20.3576
    0.0000   15.0000   15.000013101.5225   20.3514
    7.5000   15.0000   15.000012452.7324   20.3413
   -7.5000   22.5000   15.000011519.8135   20.7389
    0.0000   22.5000   15.000011958.4658   20.7374
    7.5000   22.5000   15.000011380.5830   20.7290
   -7.5000   30.0000   15.000010532.6396   21.0684
    0.0000   30.0000   15.000010953.6904   21.0719
    7.5000   30.0000   15.000010439.2979   21.0683
   -7.5000   37.5000   15.000010099.5410   21.7276
    0.0000   37.5000   15.000010481.9014   21.7285
    7.5000   37.5000   15.0000 9985.8203   21.7324
   -7.5000   45.0000   15.0000 9270.7432   21.9549
    0.0000   45.0000   15.0000 9615.1738   21.9445
    7.5000   45.0000   15.0000 9150.3691   21.9307
   -7.5000  -45.0000   22.500011661.1924   20.2288
    0.0000  -45.0000   22.500012098.2549   20.2240
    7.5000  -45.0000   22.500011519.7803   20.2004
   -7.5000  -37.5000   22.500012101.7266   20.2330
    0.0000  -37.5000   22.500012541.9941   20.2289
    7.5000  -37.5000   22.500011943.8438   20.2086
   -7.5000  -30.0000   22.500012781.2373   20.2331
    0.0000  -30.0000   22.500013232.2061   20.2316
    7.5000  -30.0000   22.500012599.2012   20.2167
   -7.5000  -22.5000   22.500013294.7607   20.2282
    0.0000  -22.5000   22.500013726.7197   20.2281
    7.5000  -22.5000   22.500013065.9072   20.2144
   -7.5000  -15.0000   22.500013649.1387   20.2222
    0.0000  -15.0000   22.500014099.2520   20.2218
    7.5000  -15.0000   22.500013427.0732   20.2051
   -7.5000   -7.5000   22.500013902.9824   20.2226
    0.0000   -7.5000   22.500014399.4922   20.2199
    7.5000   -7.5000   22.500013727.6250   20.1990
   -7.5000    0.0000   22.500013955.9814   20.2269
    0.0000    0.0000   22.500014517.0205   20.2221
    7.5000    0.0000   22.500013779.4297   20.1985
   -7.5000    7.5000   22.500012948.9551   20.2314
    0.0000    7.5000   22.500013443.5439   20.2274
    7.5000    7.5000   22.500012748.1562   20.2071
   -7.5000   15.0000   22.500011857.2812   20.3573
    0.0000   15.0000   22.500012290.6826   20.3555
    7.5000   15.0000   22.500011700.6875   20.3448
   -7.5000   22.5000   22.500010839.6104   20.7492
    0.0000   22.5000   22.500011252.0977   20.7502
    7.5000   22.5000   22.500010720.1514   20.7313
   -7.5000   30.0000   22.5000 9955.8623   21.0866
    0.0000   30.0000   22.500010350.9736   21.0949
    7.5000   30.0000   22.5000 9860.0674   21.0739
   -7.5000   37.5000   22.5000 9514.6738   21.7416
    0.0000   37.5000   22.5000 9876.6143   21.7475
    7.5000   37.5000   22.5000 9414.0820   21.7378
   -7.5000   45.0000   22.5000 8694.3301   21.9578
    0.0000   45.0000   22.5000 9014.7666   21.9523
    7.5000   45.0000   22.5000 8605.4463   21.9368
   -7.5000  -45.0000   30.000010892.5859   20.2596
    0.0000  -45.0000   30.000011342.3301   20.2645
    7.5000  -45.0000   30.000010772.0391   20.2396
   -7.5000  -37.5000   30.000011262.0361   20.2559
    0.0000  -37.5000   30.000011708.8701   20.2616
    7.5000  -37.5000   30.000011130.1260   20.2418
   -7.5000  -30.0000   30.000011854.0244   20.2523
    0.0000  -30.0000   30.000012295.9336   20.2598
    7.5000  -30.0000   30.000011708.2910   20.2431
   -7.5000  -22.5000   30.000012307.0225   20.2540
    0.0000  -22.5000   30.000012753.3311   20.2624
    7.5000  -22.5000   30.000012154.3711   20.2419
   -7.5000  -15.0000   30.000012614.1094   20.2571
    0.0000  -15.0000   30.000013063.1152   20.2648
    7.5000  -15.0000   30.000012480.0508   20.2385
   -7.5000   -7.5000   30.000012824.8438   20.2591
    0.0000   -7.5000   30.000013271.4609   20.2652
    7.5000   -7.5000   30.000012693.0713   20.2373
   -7.5000    0.0000   30.000012851.1045   20.2577
    0.0000    0.0000   30.000013342.7578   20.2626
    7.5000    0.0000   30.000012711.6582   20.2378
   -7.5000    7.5000   30.000011921.2539   20.2543
    0.0000    7.5000   30.000012375.3330   20.2601
    7.5000    7.5000   30.000011781.4785   20.2403
   -7.5000   15.0000   30.000010946.7529   20.3800
    0.0000   15.0000   30.000011360.7793   20.3875
    7.5000   15.0000   30.000010831.3438   20.3744
   -7.5000   22.5000   30.000010062.0127   20.7743
    0.0000   22.5000   30.000010465.5068   20.7850
    7.5000   22.5000   30.0000 9977.3838   20.7571
   -7.5000   30.0000   30.0000 9266.9795   21.1134
    0.0000   30.0000   30.0000 9652.8555   21.1309
    7.5000   30.0000   30.0000 9222.7129   21.0980
   -7.5000   37.5000   30.0000 8845.9834   21.7638
    0.0000   37.5000   30.0000 9206.2197   21.7797
    7.5000   37.5000   30.0000 8768.3242   21.7613
   -7.5000   45.0000   30.0000 8080.5889   21.9806
    0.0000   45.0000   30.0000 8400.9658   21.9874
    7.5000   45.0000   30.0000 8001.4653   21.9712
   -7.5000  -45.0000   37.500010443.4170   20.4156
    0.0000  -45.0000   37.500010892.0469   20.4245
    7.5000  -45.0000   37.500010346.0146   20.4003
   -7.5000  -37.5000   37.500010777.7305   20.4154
    0.0000  -37.5000   37.500011233.1211   20.4245
    7.5000  -37.5000   37.500010671.4014   20.4017
   -7.5000  -30.0000   37.500011327.7969   20.4164
    0.0000  -30.0000   37.500011783.5127   20.4288
    7.5000  -30.0000   37.500011201.7246   20.4095
   -7.5000  -22.5000   37.500011751.1406   20.4193
    0.0000  -22.5000   37.500012195.6533   20.4347
    7.5000  -22.5000   37.500011631.3516   20.4165
   -7.5000  -15.0000   37.500012015.8037   20.4193
    0.0000  -15.0000   37.500012472.7012   20.4350
    7.5000  -15.0000   37.500011920.8018   20.4147
   -7.5000   -7.5000   37.500012173.3076   20.4164
    0.0000   -7.5000   37.500012627.5400   20.4287
    7.5000   -7.5000   37.500012061.3076   20.4060
   -7.5000    0.0000   37.500012243.5996   20.4137
    0.0000    0.0000   37.500012703.1201   20.4225
    7.5000    0.0000   37.500012094.6250   20.3984
   -7.5000    7.5000   37.500011376.9346   20.4138
    0.0000    7.5000   37.500011809.0996   20.4230
    7.5000    7.5000   37.500011241.4326   20.4002
   -7.5000   15.0000   37.500010478.1133   20.5434
    0.0000   15.0000   37.500010887.2080   20.5560
    7.5000   15.0000   37.500010372.6826   20.5402
   -7.5000   22.5000   37.5000 9695.3613   20.9337
    0.0000   22.5000   37.500010074.1543   20.9527
    7.5000   22.5000   37.5000 9587.8994   20.9265
   -7.5000   30.0000   37.5000 8931.0020   21.2725
    0.0000   30.0000   37.5000 9291.8037   21.2964
    7.5000   30.0000   37.5000 8865.8838   21.2706
   -7.5000   37.5000   37.5000 8522.0312   21.9334
    0.0000   37.5000   37.5000 8871.3896   21.9572
    7.5000   37.5000   37.5000 8455.1016   21.9457
   -7.5000   45.0000   37.5000 7797.6392   22.1708
    0.0000   45.0000   37.5000 8090.9727   22.1872
    7.5000   45.0000   37.5000 7722.1738   22.1730
   -7.5000  -45.0000   45.0000 9533.5088   20.7021
    0.0000  -45.0000   45.0000 9944.7305   20.7087
    7.5000  -45.0000   45.0000 9452.6543   20.6870
   -7.5000  -37.5000   45.0000 9852.7490   20.7163
    0.0000  -37.5000   45.000010239.6670   20.7221
    7.5000  -37.5000   45.0000 9725.9688   20.6955
   -7.5000  -30.0000   45.000010348.5430   20.7325
    0.0000  -30.0000   45.000010745.2451   20.7433
    7.5000  -30.0000   45.000010203.9590   20.7221
   -7.5000  -22.5000   45.000010710.6299   20.7351
    0.0000  -22.5000   45.000011145.8945   20.7518
    7.5000  -22.5000   45.000010615.7275   20.7407
   -7.5000  -15.0000   45.000010935.2432   20.7210
    0.0000  -15.0000   45.000011392.6328   20.7396
    7.5000  -15.0000   45.000010860.2871   20.7340
   -7.5000   -7.5000   45.000011074.1211   20.7038
    0.0000   -7.5000   45.000011542.2676   20.7173
    7.5000   -7.5000   45.000010983.4805   20.7067
   -7.5000    0.0000   45.000011133.4697   20.7000
    0.0000    0.0000   45.000011588.4277   20.7067
    7.5000    0.0000   45.000011016.6191   20.6851
   -7.5000    7.5000   45.000010373.8496   20.7146
    0.0000    7.5000   45.000010781.0830   20.7205
    7.5000    7.5000   45.000010260.3145   20.6939
   -7.5000   15.0000   45.0000 9593.5625   20.8587
    0.0000   15.0000   45.0000 9975.2725   20.8699
    7.5000   15.0000   45.0000 9490.4717   20.8525
   -7.5000   22.5000   45.0000 8898.8184   21.2568
    0.0000   22.5000   45.0000 9245.6436   21.2771
    7.5000   22.5000   45.0000 8793.3057   21.2596
   -7.5000   30.0000   45.0000 8223.2178   21.5797
    0.0000   30.0000   45.0000 8560.3232   21.6039
    7.5000   30.0000   45.0000 8145.5234   21.5958
   -7.5000   37.5000   45.0000 7870.4038   22.2400
    0.0000   37.5000   45.0000 8178.2925   22.2649
    7.5000   37.5000   45.0000 7787.2344   22.2696
   -7.5000   45.0000   45.0000 7186.3877   22.4956
    0.0000   45.0000   45.0000 7444.1621   22.5132
    7.5000   45.0000   45.0000 7106.6270   22.5026

---------------------------------------------------------------------
imgreg_4dfp /opt/freesurfer/average/711-2C_as_mni_average_305 /opt/freesurfer/average/711-2B_as_mni_average_305_mask talsrcimg_g11 none talsrcimg_to_711-2C_as_mni_average_305_t4 4355
---------------------------------------------------------------------

freesurfer imgreg_4dfp.c
/opt/freesurfer/average/711-2C_as_mni_average_305.4dfp.img
       256       256       256         1
  1.000000  1.000000  1.000000
orientation T byte_order littleendian
Reading image: /opt/freesurfer/average/711-2C_as_mni_average_305.4dfp.img
dimensions:      256       256       256
mmppix:       1.0000   -1.0000   -1.0000
center:     128.0000 -129.0000 -129.0000
/opt/freesurfer/average/711-2B_as_mni_average_305_mask.4dfp.img
       256       256       256         1
  1.000000  1.000000  1.000000
orientation T byte_order littleendian
Reading mask: /opt/freesurfer/average/711-2B_as_mni_average_305_mask.4dfp.img (2306576 pixels)
talsrcimg_g11.4dfp.img
       256       256       256         1
  1.000000  1.000000  1.000000
orientation T byte_order littleendian
Reading image: talsrcimg_g11.4dfp.img
dimensions:      256       256       256
mmppix:       1.0000   -1.0000   -1.0000
center:     128.0000 -129.0000 -129.0000
rotation matrix determinant  1.000000
image alignment mode   4355 decimal     1103 hex
   -7.5000  -45.0000  -45.0000 2241.4304   19.3611
    0.0000  -45.0000  -45.0000 2249.2805   19.3344
    7.5000  -45.0000  -45.0000 2228.5640   19.6201
   -7.5000  -37.5000  -45.0000 2280.7583   19.0418
    0.0000  -37.5000  -45.0000 2291.5454   19.0191
    7.5000  -37.5000  -45.0000 2260.1267   19.3416
   -7.5000  -30.0000  -45.0000 2306.6887   18.8487
    0.0000  -30.0000  -45.0000 2313.7937   18.8392
    7.5000  -30.0000  -45.0000 2280.0105   19.1013
   -7.5000  -22.5000  -45.0000 2309.8447   18.7533
    0.0000  -22.5000  -45.0000 2313.6699   18.7618
    7.5000  -22.5000  -45.0000 2283.0894   18.9714
   -7.5000  -15.0000  -45.0000 2302.3962   18.8162
    0.0000  -15.0000  -45.0000 2304.7041   18.8234
    7.5000  -15.0000  -45.0000 2268.2837   19.0113
   -7.5000   -7.5000  -45.0000 2286.3394   19.1252
    0.0000   -7.5000  -45.0000 2286.6887   19.0507
    7.5000   -7.5000  -45.0000 2256.2166   19.2425
   -7.5000    0.0000  -45.0000 2260.5308   19.4954
    0.0000    0.0000  -45.0000 2254.4624   19.4841
    7.5000    0.0000  -45.0000 2226.0444   19.7110
   -7.5000    7.5000  -45.0000 2227.4680   20.1066
    0.0000    7.5000  -45.0000 2228.0591   20.1010
    7.5000    7.5000  -45.0000 2192.1675   20.4147
   -7.5000   15.0000  -45.0000 2186.4727   21.1200
    0.0000   15.0000  -45.0000 2186.8936   21.0939
    7.5000   15.0000  -45.0000 2149.2017   21.4761
   -7.5000   22.5000  -45.0000 2122.1309   22.6901
    0.0000   22.5000  -45.0000 2124.8923   22.6624
    7.5000   22.5000  -45.0000 2089.9412   23.0644
   -7.5000   30.0000  -45.0000 2041.5902   24.8531
    0.0000   30.0000  -45.0000 2040.4305   24.7672
    7.5000   30.0000  -45.0000 2002.3210   25.2448
   -7.5000   37.5000  -45.0000 1936.8959   27.6608
    0.0000   37.5000  -45.0000 1930.6239   27.5427
    7.5000   37.5000  -45.0000 1892.6201   28.0504
   -7.5000   45.0000  -45.0000 1814.3398   31.3144
    0.0000   45.0000  -45.0000 1809.5702   31.1798
    7.5000   45.0000  -45.0000 1772.3744   31.8209
   -7.5000  -45.0000  -37.5000 2325.3640   17.8102
    0.0000  -45.0000  -37.5000 2331.7192   17.7839
    7.5000  -45.0000  -37.5000 2312.9812   18.0088
   -7.5000  -37.5000  -37.5000 2368.6748   17.4159
    0.0000  -37.5000  -37.5000 2375.4458   17.4085
    7.5000  -37.5000  -37.5000 2346.4189   17.6189
   -7.5000  -30.0000  -37.5000 2398.5291   17.2125
    0.0000  -30.0000  -37.5000 2406.1260   17.2305
    7.5000  -30.0000  -37.5000 2370.0652   17.4010
   -7.5000  -22.5000  -37.5000 2405.2788   17.1205
    0.0000  -22.5000  -37.5000 2411.3235   17.1656
    7.5000  -22.5000  -37.5000 2374.2295   17.3436
   -7.5000  -15.0000  -37.5000 2399.9268   17.2239
    0.0000  -15.0000  -37.5000 2404.1792   17.2023
    7.5000  -15.0000  -37.5000 2365.5312   17.3997
   -7.5000   -7.5000  -37.5000 2395.9849   17.5095
    0.0000   -7.5000  -37.5000 2400.8347   17.4551
    7.5000   -7.5000  -37.5000 2359.9490   17.6314
   -7.5000    0.0000  -37.5000 2374.0986   17.9529
    0.0000    0.0000  -37.5000 2371.8418   17.9200
    7.5000    0.0000  -37.5000 2340.1824   18.0822
   -7.5000    7.5000  -37.5000 2340.8926   18.6136
    0.0000    7.5000  -37.5000 2340.0808   18.6222
    7.5000    7.5000  -37.5000 2301.3662   18.8135
   -7.5000   15.0000  -37.5000 2294.7695   19.6390
    0.0000   15.0000  -37.5000 2293.9434   19.6389
    7.5000   15.0000  -37.5000 2248.7842   19.8557
   -7.5000   22.5000  -37.5000 2223.4375   21.1243
    0.0000   22.5000  -37.5000 2221.8259   21.1017
    7.5000   22.5000  -37.5000 2177.8545   21.3735
   -7.5000   30.0000  -37.5000 2126.8657   23.0962
    0.0000   30.0000  -37.5000 2124.4758   23.0518
    7.5000   30.0000  -37.5000 2083.9324   23.3677
   -7.5000   37.5000  -37.5000 2010.1134   25.6349
    0.0000   37.5000  -37.5000 2007.1056   25.6032
    7.5000   37.5000  -37.5000 1969.8125   25.9433
   -7.5000   45.0000  -37.5000 1881.0372   29.0272
    0.0000   45.0000  -37.5000 1881.6918   28.9651
    7.5000   45.0000  -37.5000 1844.4708   29.4227
   -7.5000  -45.0000  -30.0000 2449.0818   17.0164
    0.0000  -45.0000  -30.0000 2457.5190   17.0127
    7.5000  -45.0000  -30.0000 2437.0720   17.1973
   -7.5000  -37.5000  -30.0000 2497.1384   16.5893
    0.0000  -37.5000  -30.0000 2502.3909   16.5758
    7.5000  -37.5000  -30.0000 2475.4814   16.7465
   -7.5000  -30.0000  -30.0000 2530.6582   16.3491
    0.0000  -30.0000  -30.0000 2540.0627   16.3435
    7.5000  -30.0000  -30.0000 2509.2358   16.4849
   -7.5000  -22.5000  -30.0000 2548.5684   16.2604
    0.0000  -22.5000  -30.0000 2552.7852   16.2564
    7.5000  -22.5000  -30.0000 2513.2156   16.4234
   -7.5000  -15.0000  -30.0000 2543.5613   16.3720
    0.0000  -15.0000  -30.0000 2549.7480   16.3530
    7.5000  -15.0000  -30.0000 2512.2856   16.4922
   -7.5000   -7.5000  -30.0000 2543.0815   16.6777
    0.0000   -7.5000  -30.0000 2551.3125   16.6319
    7.5000   -7.5000  -30.0000 2508.6416   16.7719
   -7.5000    0.0000  -30.0000 2529.4805   17.1489
    0.0000    0.0000  -30.0000 2528.5806   17.0845
    7.5000    0.0000  -30.0000 2490.2266   17.2185
   -7.5000    7.5000  -30.0000 2495.4658   17.8447
    0.0000    7.5000  -30.0000 2500.8035   17.8028
    7.5000    7.5000  -30.0000 2455.7314   17.9700
   -7.5000   15.0000  -30.0000 2437.7622   18.9181
    0.0000   15.0000  -30.0000 2449.3201   18.9051
    7.5000   15.0000  -30.0000 2393.8853   19.0901
   -7.5000   22.5000  -30.0000 2358.4248   20.3605
    0.0000   22.5000  -30.0000 2360.9963   20.3476
    7.5000   22.5000  -30.0000 2305.7998   20.5255
   -7.5000   30.0000  -30.0000 2243.6086   22.2285
    0.0000   30.0000  -30.0000 2245.3381   22.1839
    7.5000   30.0000  -30.0000 2200.1665   22.4273
   -7.5000   37.5000  -30.0000 2116.1604   24.7856
    0.0000   37.5000  -30.0000 2117.2874   24.7131
    7.5000   37.5000  -30.0000 2078.3169   25.0204
   -7.5000   45.0000  -30.0000 1974.7952   28.0694
    0.0000   45.0000  -30.0000 1979.3447   27.8898
    7.5000   45.0000  -30.0000 1945.5330   28.3172
   -7.5000  -45.0000  -22.5000 2546.4377   16.2297
    0.0000  -45.0000  -22.5000 2567.1494   16.1945
    7.5000  -45.0000  -22.5000 2542.3569   16.4149
   -7.5000  -37.5000  -22.5000 2600.5115   15.7294
    0.0000  -37.5000  -22.5000 2612.7319   15.7137
    7.5000  -37.5000  -22.5000 2584.5540   15.9103
   -7.5000  -30.0000  -22.5000 2637.4180   15.4399
    0.0000  -30.0000  -22.5000 2649.4446   15.4521
    7.5000  -30.0000  -22.5000 2613.5835   15.5997
   -7.5000  -22.5000  -22.5000 2663.6614   15.3334
    0.0000  -22.5000  -22.5000 2667.3347   15.3346
    7.5000  -22.5000  -22.5000 2635.4841   15.5008
   -7.5000  -15.0000  -22.5000 2672.7078   15.4709
    0.0000  -15.0000  -22.5000 2680.4041   15.4293
    7.5000  -15.0000  -22.5000 2639.4329   15.5514
   -7.5000   -7.5000  -22.5000 2672.4165   15.8021
    0.0000   -7.5000  -22.5000 2681.2715   15.7751
    7.5000   -7.5000  -22.5000 2636.2632   15.8889
   -7.5000    0.0000  -22.5000 2655.5664   16.3019
    0.0000    0.0000  -22.5000 2666.2505   16.2528
    7.5000    0.0000  -22.5000 2622.7678   16.3887
   -7.5000    7.5000  -22.5000 2623.7009   16.9756
    0.0000    7.5000  -22.5000 2632.5791   16.9530
    7.5000    7.5000  -22.5000 2583.4834   17.1171
   -7.5000   15.0000  -22.5000 2557.6787   18.0294
    0.0000   15.0000  -22.5000 2572.0508   17.9966
    7.5000   15.0000  -22.5000 2513.9690   18.2005
   -7.5000   22.5000  -22.5000 2460.9365   19.4456
    0.0000   22.5000  -22.5000 2469.4304   19.4166
    7.5000   22.5000  -22.5000 2419.3535   19.5744
   -7.5000   30.0000  -22.5000 2331.1296   21.2625
    0.0000   30.0000  -22.5000 2337.7290   21.2431
    7.5000   30.0000  -22.5000 2296.3262   21.3789
   -7.5000   37.5000  -22.5000 2191.0725   23.7244
    0.0000   37.5000  -22.5000 2202.5559   23.6555
    7.5000   37.5000  -22.5000 2167.2393   23.8641
   -7.5000   45.0000  -22.5000 2045.8995   26.8597
    0.0000   45.0000  -22.5000 2050.7725   26.7437
    7.5000   45.0000  -22.5000 2017.5685   27.0702
   -7.5000  -45.0000  -15.0000 2604.9373   15.4890
    0.0000  -45.0000  -15.0000 2628.1450   15.4173
    7.5000  -45.0000  -15.0000 2610.3647   15.6726
   -7.5000  -37.5000  -15.0000 2661.3699   14.9521
    0.0000  -37.5000  -15.0000 2673.8765   14.9008
    7.5000  -37.5000  -15.0000 2651.4558   15.1640
   -7.5000  -30.0000  -15.0000 2705.8743   14.6542
    0.0000  -30.0000  -15.0000 2714.1108   14.5871
    7.5000  -30.0000  -15.0000 2681.3416   14.8362
   -7.5000  -22.5000  -15.0000 2743.3440   14.5228
    0.0000  -22.5000  -15.0000 2756.0933   14.4990
    7.5000  -22.5000  -15.0000 2718.6750   14.6774
   -7.5000  -15.0000  -15.0000 2770.6492   14.6176
    0.0000  -15.0000  -15.0000 2782.6936   14.5836
    7.5000  -15.0000  -15.0000 2739.5764   14.7270
   -7.5000   -7.5000  -15.0000 2784.2090   14.9550
    0.0000   -7.5000  -15.0000 2796.6829   14.9006
    7.5000   -7.5000  -15.0000 2745.6553   15.0515
   -7.5000    0.0000  -15.0000 2769.1423   15.4934
    0.0000    0.0000  -15.0000 2780.1787   15.4611
    7.5000    0.0000  -15.0000 2730.2595   15.5832
   -7.5000    7.5000  -15.0000 2725.1235   16.1800
    0.0000    7.5000  -15.0000 2736.4060   16.1598
    7.5000    7.5000  -15.0000 2688.0251   16.3394
   -7.5000   15.0000  -15.0000 2645.0676   17.1410
    0.0000   15.0000  -15.0000 2653.7458   17.1192
    7.5000   15.0000  -15.0000 2606.9033   17.3380
   -7.5000   22.5000  -15.0000 2528.8713   18.5320
    0.0000   22.5000  -15.0000 2538.2932   18.4619
    7.5000   22.5000  -15.0000 2496.3943   18.6567
   -7.5000   30.0000  -15.0000 2387.5176   20.3860
    0.0000   30.0000  -15.0000 2396.3306   20.2783
    7.5000   30.0000  -15.0000 2358.1543   20.4975
   -7.5000   37.5000  -15.0000 2241.7668   22.7944
    0.0000   37.5000  -15.0000 2252.5461   22.6902
    7.5000   37.5000  -15.0000 2218.5637   22.9096
   -7.5000   45.0000  -15.0000 2093.0220   25.8107
    0.0000   45.0000  -15.0000 2101.2776   25.6811
    7.5000   45.0000  -15.0000 2073.2146   25.9780
   -7.5000  -45.0000   -7.5000 2643.0312   14.8338
    0.0000  -45.0000   -7.5000 2661.0439   14.6974
    7.5000  -45.0000   -7.5000 2639.4438   15.0274
   -7.5000  -37.5000   -7.5000 2703.8650   14.3063
    0.0000  -37.5000   -7.5000 2708.4175   14.1783
    7.5000  -37.5000   -7.5000 2688.7866   14.4958
   -7.5000  -30.0000   -7.5000 2749.1748   14.0043
    0.0000  -30.0000   -7.5000 2759.2476   13.9041
    7.5000  -30.0000   -7.5000 2725.7603   14.1993
   -7.5000  -22.5000   -7.5000 2804.4155   13.8647
    0.0000  -22.5000   -7.5000 2822.0652   13.8053
    7.5000  -22.5000   -7.5000 2778.9824   14.0893
   -7.5000  -15.0000   -7.5000 2849.1504   13.9649
    0.0000  -15.0000   -7.5000 2868.4587   13.8926
    7.5000  -15.0000   -7.5000 2814.5234   14.1412
   -7.5000   -7.5000   -7.5000 2878.9890   14.2620
    0.0000   -7.5000   -7.5000 2905.4136   14.1921
    7.5000   -7.5000   -7.5000 2830.5649   14.4375
   -7.5000    0.0000   -7.5000 2868.5786   14.8084
    0.0000    0.0000   -7.5000 2891.5447   14.7490
    7.5000    0.0000   -7.5000 2825.1956   14.9598
   -7.5000    7.5000   -7.5000 2808.8682   15.5474
    0.0000    7.5000   -7.5000 2826.6938   15.4971
    7.5000    7.5000   -7.5000 2770.1733   15.7114
   -7.5000   15.0000   -7.5000 2701.9597   16.4296
    0.0000   15.0000   -7.5000 2713.3726   16.4197
    7.5000   15.0000   -7.5000 2671.3369   16.6762
   -7.5000   22.5000   -7.5000 2567.3523   17.7872
    0.0000   22.5000   -7.5000 2580.7883   17.7440
    7.5000   22.5000   -7.5000 2542.5920   17.9822
   -7.5000   30.0000   -7.5000 2421.4241   19.6181
    0.0000   30.0000   -7.5000 2434.3291   19.5395
    7.5000   30.0000   -7.5000 2393.9832   19.7698
   -7.5000   37.5000   -7.5000 2283.8923   21.9222
    0.0000   37.5000   -7.5000 2286.6548   21.8491
    7.5000   37.5000   -7.5000 2248.8577   22.0745
   -7.5000   45.0000   -7.5000 2127.8250   24.7678
    0.0000   45.0000   -7.5000 2129.4236   24.7237
    7.5000   45.0000   -7.5000 2093.7903   25.0348
   -7.5000  -45.0000    0.0000 2656.2588   14.4967
    0.0000  -45.0000    0.0000 2672.4375   14.2837
    7.5000  -45.0000    0.0000 2652.4746   14.6641
   -7.5000  -37.5000    0.0000 2718.9497   13.9601
    0.0000  -37.5000    0.0000 2730.0117   13.7216
    7.5000  -37.5000    0.0000 2696.0098   14.1260
   -7.5000  -30.0000    0.0000 2771.4229   13.6283
    0.0000  -30.0000    0.0000 2784.0955   13.4493
    7.5000  -30.0000    0.0000 2744.5083   13.8599
   -7.5000  -22.5000    0.0000 2835.5139   13.4969
    0.0000  -22.5000    0.0000 2849.4185   13.3590
    7.5000  -22.5000    0.0000 2803.4048   13.7485
   -7.5000  -15.0000    0.0000 2885.9946   13.6141
    0.0000  -15.0000    0.0000 2909.6660   13.4829
    7.5000  -15.0000    0.0000 2852.5183   13.8220
   -7.5000   -7.5000    0.0000 2935.1919   13.8249
    0.0000   -7.5000    0.0000 2973.7815   13.7239
    7.5000   -7.5000    0.0000 2879.9561   14.1338
   -7.5000    0.0000    0.0000 2934.8181   14.4066
    0.0000    0.0000    0.0000 2971.2654   14.2440
    7.5000    0.0000    0.0000 2875.5325   14.6294
   -7.5000    7.5000    0.0000 2865.7461   15.2408
    0.0000    7.5000    0.0000 2888.1221   15.1263
    7.5000    7.5000    0.0000 2816.9888   15.4036
   -7.5000   15.0000    0.0000 2736.0894   16.2030
    0.0000   15.0000    0.0000 2753.0684   16.1422
    7.5000   15.0000    0.0000 2701.6975   16.3682
   -7.5000   22.5000    0.0000 2592.6902   17.4547
    0.0000   22.5000    0.0000 2609.1851   17.4149
    7.5000   22.5000    0.0000 2565.5625   17.6176
   -7.5000   30.0000    0.0000 2441.3484   19.1514
    0.0000   30.0000    0.0000 2451.0383   19.0710
    7.5000   30.0000    0.0000 2412.1306   19.2939
   -7.5000   37.5000    0.0000 2295.9067   21.3470
    0.0000   37.5000    0.0000 2298.1123   21.2940
    7.5000   37.5000    0.0000 2258.4766   21.5169
   -7.5000   45.0000    0.0000 2137.1548   24.0963
    0.0000   45.0000    0.0000 2141.7896   24.0583
    7.5000   45.0000    0.0000 2100.5244   24.4153
   -7.5000  -45.0000    7.5000 2650.4922   14.3923
    0.0000  -45.0000    7.5000 2671.9827   14.1261
    7.5000  -45.0000    7.5000 2643.1140   14.5290
   -7.5000  -37.5000    7.5000 2704.4529   13.8706
    0.0000  -37.5000    7.5000 2727.2715   13.6019
    7.5000  -37.5000    7.5000 2689.9702   14.0459
   -7.5000  -30.0000    7.5000 2769.1172   13.5556
    0.0000  -30.0000    7.5000 2787.6636   13.3224
    7.5000  -30.0000    7.5000 2749.6055   13.8049
   -7.5000  -22.5000    7.5000 2836.4231   13.4792
    0.0000  -22.5000    7.5000 2855.3696   13.2757
    7.5000  -22.5000    7.5000 2812.1125   13.7184
   -7.5000  -15.0000    7.5000 2891.1938   13.5796
    0.0000  -15.0000    7.5000 2912.1877   13.3837
    7.5000  -15.0000    7.5000 2857.2146   13.7838
   -7.5000   -7.5000    7.5000 2935.0002   13.8632
    0.0000   -7.5000    7.5000 2968.0359   13.6366
    7.5000   -7.5000    7.5000 2886.1030   14.0541
   -7.5000    0.0000    7.5000 2933.8938   14.3821
    0.0000    0.0000    7.5000 2964.1467   14.2107
    7.5000    0.0000    7.5000 2875.4856   14.5360
   -7.5000    7.5000    7.5000 2864.1133   15.2166
    0.0000    7.5000    7.5000 2877.4829   15.1056
    7.5000    7.5000    7.5000 2808.4868   15.3421
   -7.5000   15.0000    7.5000 2742.1760   16.1959
    0.0000   15.0000    7.5000 2754.1355   16.1393
    7.5000   15.0000    7.5000 2697.4141   16.3267
   -7.5000   22.5000    7.5000 2592.3384   17.4014
    0.0000   22.5000    7.5000 2606.0352   17.3648
    7.5000   22.5000    7.5000 2563.6130   17.5726
   -7.5000   30.0000    7.5000 2436.0500   19.0027
    0.0000   30.0000    7.5000 2444.2249   18.9717
    7.5000   30.0000    7.5000 2407.1389   19.1938
   -7.5000   37.5000    7.5000 2286.3076   21.0547
    0.0000   37.5000    7.5000 2290.1060   21.0504
    7.5000   37.5000    7.5000 2256.1482   21.3122
   -7.5000   45.0000    7.5000 2130.7900   23.7918
    0.0000   45.0000    7.5000 2131.1665   23.8017
    7.5000   45.0000    7.5000 2096.7124   24.1018
   -7.5000  -45.0000   15.0000 2634.2349   14.5295
    0.0000  -45.0000   15.0000 2657.8948   14.2393
    7.5000  -45.0000   15.0000 2625.9053   14.6417
   -7.5000  -37.5000   15.0000 2688.3643   14.0615
    0.0000  -37.5000   15.0000 2713.8071   13.7767
    7.5000  -37.5000   15.0000 2680.6106   14.2144
   -7.5000  -30.0000   15.0000 2746.8987   13.7686
    0.0000  -30.0000   15.0000 2771.0464   13.5557
    7.5000  -30.0000   15.0000 2735.2866   13.9602
   -7.5000  -22.5000   15.0000 2806.6157   13.7024
    0.0000  -22.5000   15.0000 2830.6936   13.5373
    7.5000  -22.5000   15.0000 2785.4817   13.9148
   -7.5000  -15.0000   15.0000 2850.5393   13.8249
    0.0000  -15.0000   15.0000 2872.5901   13.6391
    7.5000  -15.0000   15.0000 2817.1348   13.9966
   -7.5000   -7.5000   15.0000 2886.5916   14.1301
    0.0000   -7.5000   15.0000 2906.6018   13.9570
    7.5000   -7.5000   15.0000 2842.0991   14.2831
   -7.5000    0.0000   15.0000 2863.2561   14.6939
    0.0000    0.0000   15.0000 2887.5681   14.5556
    7.5000    0.0000   15.0000 2823.5701   14.8086
   -7.5000    7.5000   15.0000 2800.3354   15.4818
    0.0000    7.5000   15.0000 2813.8633   15.3797
    7.5000    7.5000   15.0000 2756.1252   15.5814
   -7.5000   15.0000   15.0000 2695.5706   16.3681
    0.0000   15.0000   15.0000 2706.1084   16.2945
    7.5000   15.0000   15.0000 2655.8132   16.5215
   -7.5000   22.5000   15.0000 2556.6177   17.5757
    0.0000   22.5000   15.0000 2568.0261   17.5460
    7.5000   22.5000   15.0000 2527.9524   17.7922
   -7.5000   30.0000   15.0000 2407.1113   19.1147
    0.0000   30.0000   15.0000 2417.2817   19.0871
    7.5000   30.0000   15.0000 2384.7795   19.3251
   -7.5000   37.5000   15.0000 2262.1638   21.0693
    0.0000   37.5000   15.0000 2267.3667   21.0750
    7.5000   37.5000   15.0000 2239.4602   21.3443
   -7.5000   45.0000   15.0000 2103.8750   23.7646
    0.0000   45.0000   15.0000 2110.9563   23.7437
    7.5000   45.0000   15.0000 2076.6472   24.0645
   -7.5000  -45.0000   22.5000 2601.8369   15.0091
    0.0000  -45.0000   22.5000 2623.6455   14.7412
    7.5000  -45.0000   22.5000 2592.2803   15.0520
   -7.5000  -37.5000   22.5000 2658.3552   14.5698
    0.0000  -37.5000   22.5000 2679.9502   14.3448
    7.5000  -37.5000   22.5000 2647.9504   14.6730
   -7.5000  -30.0000   22.5000 2714.5796   14.3055
    0.0000  -30.0000   22.5000 2737.4014   14.1389
    7.5000  -30.0000   22.5000 2699.3030   14.4624
   -7.5000  -22.5000   22.5000 2763.0898   14.2423
    0.0000  -22.5000   22.5000 2785.4641   14.0569
    7.5000  -22.5000   22.5000 2743.4021   14.4113
   -7.5000  -15.0000   22.5000 2793.7751   14.3706
    0.0000  -15.0000   22.5000 2822.9316   14.1694
    7.5000  -15.0000   22.5000 2773.7800   14.5103
   -7.5000   -7.5000   22.5000 2813.1355   14.6539
    0.0000   -7.5000   22.5000 2832.8850   14.5108
    7.5000   -7.5000   22.5000 2790.2874   14.8073
   -7.5000    0.0000   22.5000 2774.5286   15.1814
    0.0000    0.0000   22.5000 2801.9402   15.0459
    7.5000    0.0000   22.5000 2755.6982   15.3106
   -7.5000    7.5000   22.5000 2713.1858   15.9195
    0.0000    7.5000   22.5000 2733.2522   15.8094
    7.5000    7.5000   22.5000 2686.9817   16.0129
   -7.5000   15.0000   22.5000 2621.9819   16.7872
    0.0000   15.0000   22.5000 2633.6985   16.7169
    7.5000   15.0000   22.5000 2592.6460   16.9385
   -7.5000   22.5000   22.5000 2499.2930   17.9994
    0.0000   22.5000   22.5000 2512.8210   17.9378
    7.5000   22.5000   22.5000 2475.3809   18.1802
   -7.5000   30.0000   22.5000 2366.1218   19.5033
    0.0000   30.0000   22.5000 2376.9524   19.4463
    7.5000   30.0000   22.5000 2344.3789   19.6955
   -7.5000   37.5000   22.5000 2228.8240   21.4597
    0.0000   37.5000   22.5000 2234.4092   21.4101
    7.5000   37.5000   22.5000 2203.2441   21.6897
   -7.5000   45.0000   22.5000 2073.3623   24.0367
    0.0000   45.0000   22.5000 2078.5725   23.9831
    7.5000   45.0000   22.5000 2051.4622   24.3537
   -7.5000  -45.0000   30.0000 2546.1682   15.7483
    0.0000  -45.0000   30.0000 2573.8093   15.5136
    7.5000  -45.0000   30.0000 2544.7522   15.7498
   -7.5000  -37.5000   30.0000 2602.3130   15.3030
    0.0000  -37.5000   30.0000 2629.7998   15.0878
    7.5000  -37.5000   30.0000 2597.9460   15.3535
   -7.5000  -30.0000   30.0000 2657.1606   15.0497
    0.0000  -30.0000   30.0000 2679.9626   14.8615
    7.5000  -30.0000   30.0000 2644.6904   15.1585
   -7.5000  -22.5000   30.0000 2697.7996   14.9857
    0.0000  -22.5000   30.0000 2725.3784   14.8087
    7.5000  -22.5000   30.0000 2685.8589   15.1329
   -7.5000  -15.0000   30.0000 2717.3125   15.0953
    0.0000  -15.0000   30.0000 2744.0686   14.9474
    7.5000  -15.0000   30.0000 2707.8477   15.2439
   -7.5000   -7.5000   30.0000 2720.2908   15.4048
    0.0000   -7.5000   30.0000 2735.3123   15.2640
    7.5000   -7.5000   30.0000 2703.1270   15.5549
   -7.5000    0.0000   30.0000 2679.3127   15.9079
    0.0000    0.0000   30.0000 2704.6628   15.7614
    7.5000    0.0000   30.0000 2662.2517   16.0555
   -7.5000    7.5000   30.0000 2616.9500   16.6021
    0.0000    7.5000   30.0000 2638.8838   16.5093
    7.5000    7.5000   30.0000 2599.0476   16.7463
   -7.5000   15.0000   30.0000 2530.1838   17.4378
    0.0000   15.0000   30.0000 2547.1252   17.3872
    7.5000   15.0000   30.0000 2509.3726   17.6576
   -7.5000   22.5000   30.0000 2423.4329   18.6045
    0.0000   22.5000   30.0000 2441.1343   18.6015
    7.5000   22.5000   30.0000 2403.5037   18.8606
   -7.5000   30.0000   30.0000 2302.5759   20.1595
    0.0000   30.0000   30.0000 2314.1641   20.1071
    7.5000   30.0000   30.0000 2285.5920   20.3456
   -7.5000   37.5000   30.0000 2169.1082   22.0882
    0.0000   37.5000   30.0000 2180.1768   22.0397
    7.5000   37.5000   30.0000 2145.4221   22.3116
   -7.5000   45.0000   30.0000 2024.7670   24.5920
    0.0000   45.0000   30.0000 2035.0033   24.5499
    7.5000   45.0000   30.0000 2003.1207   24.9537
   -7.5000  -45.0000   37.5000 2483.7268   16.6975
    0.0000  -45.0000   37.5000 2512.4998   16.4732
    7.5000  -45.0000   37.5000 2486.3103   16.6987
   -7.5000  -37.5000   37.5000 2535.2651   16.2110
    0.0000  -37.5000   37.5000 2564.9126   16.0210
    7.5000  -37.5000   37.5000 2534.0386   16.2683
   -7.5000  -30.0000   37.5000 2581.3289   15.9628
    0.0000  -30.0000   37.5000 2610.4573   15.7994
    7.5000  -30.0000   37.5000 2574.6274   16.0725
   -7.5000  -22.5000   37.5000 2619.0959   15.9098
    0.0000  -22.5000   37.5000 2645.0967   15.7754
    7.5000  -22.5000   37.5000 2609.8350   16.0597
   -7.5000  -15.0000   37.5000 2627.6050   16.0094
    0.0000  -15.0000   37.5000 2648.3970   15.9095
    7.5000  -15.0000   37.5000 2619.7051   16.1766
   -7.5000   -7.5000   37.5000 2614.0300   16.3389
    0.0000   -7.5000   37.5000 2626.7864   16.2210
    7.5000   -7.5000   37.5000 2597.9617   16.4813
   -7.5000    0.0000   37.5000 2584.9407   16.8408
    0.0000    0.0000   37.5000 2599.7754   16.7382
    7.5000    0.0000   37.5000 2565.7808   16.9856
   -7.5000    7.5000   37.5000 2529.4597   17.5718
    0.0000    7.5000   37.5000 2544.8850   17.4817
    7.5000    7.5000   37.5000 2511.0361   17.6989
   -7.5000   15.0000   37.5000 2447.3633   18.4292
    0.0000   15.0000   37.5000 2464.3181   18.3837
    7.5000   15.0000   37.5000 2430.7878   18.6221
   -7.5000   22.5000   37.5000 2352.4580   19.5875
    0.0000   22.5000   37.5000 2368.6484   19.5621
    7.5000   22.5000   37.5000 2335.2307   19.8020
   -7.5000   30.0000   37.5000 2233.9832   21.0897
    0.0000   30.0000   37.5000 2242.5435   21.0928
    7.5000   30.0000   37.5000 2215.8616   21.2856
   -7.5000   37.5000   37.5000 2105.2310   23.0110
    0.0000   37.5000   37.5000 2116.1785   22.9808
    7.5000   37.5000   37.5000 2087.4568   23.2650
   -7.5000   45.0000   37.5000 1963.6874   25.6178
    0.0000   45.0000   37.5000 1969.2911   25.5745
    7.5000   45.0000   37.5000 1948.9946   25.9371
   -7.5000  -45.0000   45.0000 2400.7012   17.8932
    0.0000  -45.0000   45.0000 2431.7983   17.6351
    7.5000  -45.0000   45.0000 2405.0330   17.8534
   -7.5000  -37.5000   45.0000 2451.2810   17.3908
    0.0000  -37.5000   45.0000 2473.7700   17.1568
    7.5000  -37.5000   45.0000 2449.0200   17.4038
   -7.5000  -30.0000   45.0000 2499.4116   17.1294
    0.0000  -30.0000   45.0000 2521.4639   16.9378
    7.5000  -30.0000   45.0000 2489.4133   17.2008
   -7.5000  -22.5000   45.0000 2523.5005   17.0187
    0.0000  -22.5000   45.0000 2550.1621   16.8959
    7.5000  -22.5000   45.0000 2519.9292   17.1635
   -7.5000  -15.0000   45.0000 2521.7708   17.1065
    0.0000  -15.0000   45.0000 2545.2927   17.0383
    7.5000  -15.0000   45.0000 2520.9517   17.3063
   -7.5000   -7.5000   45.0000 2505.6560   17.4296
    0.0000   -7.5000   45.0000 2523.9214   17.3684
    7.5000   -7.5000   45.0000 2491.6729   17.6223
   -7.5000    0.0000   45.0000 2474.7852   17.9674
    0.0000    0.0000   45.0000 2492.5278   17.9169
    7.5000    0.0000   45.0000 2460.0269   18.1524
   -7.5000    7.5000   45.0000 2430.7874   18.6966
    0.0000    7.5000   45.0000 2447.2698   18.6154
    7.5000    7.5000   45.0000 2418.9954   18.8526
   -7.5000   15.0000   45.0000 2364.2549   19.6522
    0.0000   15.0000   45.0000 2377.9448   19.5886
    7.5000   15.0000   45.0000 2344.2117   19.8315
   -7.5000   22.5000   45.0000 2274.5396   20.8241
    0.0000   22.5000   45.0000 2285.7639   20.8133
    7.5000   22.5000   45.0000 2255.1785   21.0348
   -7.5000   30.0000   45.0000 2157.6799   22.4701
    0.0000   30.0000   45.0000 2168.0327   22.4238
    7.5000   30.0000   45.0000 2140.0859   22.5995
   -7.5000   37.5000   45.0000 2034.4315   24.4457
    0.0000   37.5000   45.0000 2042.4734   24.3945
    7.5000   37.5000   45.0000 2014.8059   24.6288
   -7.5000   45.0000   45.0000 1893.6317   27.1146
    0.0000   45.0000   45.0000 1902.2106   26.9673
    7.5000   45.0000   45.0000 1880.7495   27.3746

---------------------------------------------------------------------
imgreg_4dfp /opt/freesurfer/average/711-2C_as_mni_average_305 /opt/freesurfer/average/711-2B_as_mni_average_305_mask talsrcimg_g11 none talsrcimg_to_711-2C_as_mni_average_305_t4 1283
---------------------------------------------------------------------

freesurfer imgreg_4dfp.c
/opt/freesurfer/average/711-2C_as_mni_average_305.4dfp.img
       256       256       256         1
  1.000000  1.000000  1.000000
orientation T byte_order littleendian
Reading image: /opt/freesurfer/average/711-2C_as_mni_average_305.4dfp.img
dimensions:      256       256       256
mmppix:       1.0000   -1.0000   -1.0000
center:     128.0000 -129.0000 -129.0000
/opt/freesurfer/average/711-2B_as_mni_average_305_mask.4dfp.img
       256       256       256         1
  1.000000  1.000000  1.000000
orientation T byte_order littleendian
Reading mask: /opt/freesurfer/average/711-2B_as_mni_average_305_mask.4dfp.img (2306576 pixels)
talsrcimg_g11.4dfp.img
       256       256       256         1
  1.000000  1.000000  1.000000
orientation T byte_order littleendian
Reading image: talsrcimg_g11.4dfp.img
dimensions:      256       256       256
mmppix:       1.0000   -1.0000   -1.0000
center:     128.0000 -129.0000 -129.0000
rotation matrix determinant  1.000000
fimgreg.f
image alignment mode   1283 decimal      503 hex
parameters
    0.0000   -7.5000    0.0000    0.0000    0.0000    0.0000
eta,q 0.93282 13.72410
niter,ni,del,rscale     5    3   12.0000    1.2000
parameter  2 -0.894753 -> -0.500000 qaram    1.1500
parameter  4 -1.900780 -> -0.500000 qaram    1.1500
parameters
   -1.6400   -4.0500    2.3261    3.4500   -1.8771    1.9190
eta,q 0.94317 13.88287
  0.0759  0.0818  0.0809  0.0681  0.0607  0.0653
  0.0711  0.0758  0.0737  0.0674  0.0582  0.0619
  0.0690  0.0722  0.0672  0.0652  0.0577  0.0594
  0.0695  0.0684  0.0637  0.0621  0.0584  0.0578
  0.0736  0.0651  0.0625  0.0592  0.0604  0.0568
  0.0812  0.0632  0.0633  0.0584  0.0635  0.0570
  0.0915  0.0646  0.0660  0.0589  0.0686  0.0597
niter,ni,del,rscale     6    3   12.0000    1.2000
parameters
   -1.4566   -3.4783    3.1665    4.4361   -1.8450    2.0408
eta,q 0.94441 13.92472
  0.0745  0.0754  0.0690  0.0667  0.0633  0.0624
  0.0646  0.0705  0.0618  0.0636  0.0591  0.0588
  0.0587  0.0626  0.0574  0.0595  0.0566  0.0567
  0.0568  0.0568  0.0565  0.0563  0.0556  0.0556
  0.0585  0.0579  0.0562  0.0557  0.0564  0.0558
  0.0639  0.0638  0.0585  0.0589  0.0593  0.0584
  0.0719  0.0730  0.0629  0.0635  0.0630  0.0622
niter,ni,del,rscale     5    3   12.0000    1.2000
parameters
   -1.4378   -3.3939    3.4051    4.6992   -1.8447    2.0614
eta,q 0.94464 13.93342
  0.0728  0.0742  0.0664  0.0658  0.0633  0.0624
  0.0632  0.0683  0.0603  0.0622  0.0590  0.0586
  0.0574  0.0601  0.0570  0.0578  0.0565  0.0563
  0.0556  0.0556  0.0556  0.0555  0.0554  0.0554
  0.0576  0.0578  0.0559  0.0565  0.0562  0.0559
  0.0636  0.0653  0.0595  0.0607  0.0593  0.0586
  0.0721  0.0756  0.0647  0.0649  0.0632  0.0624
niter,ni,del,rscale     4    3   12.0000    1.2000
parameters
   -1.4071   -3.3964    3.4672    4.7774   -1.8488    2.0574
eta,q 0.94470 13.93527
  0.0728  0.0740  0.0658  0.0654  0.0633  0.0624
  0.0633  0.0679  0.0601  0.0617  0.0591  0.0585
  0.0573  0.0597  0.0569  0.0574  0.0564  0.0562
  0.0554  0.0554  0.0554  0.0553  0.0553  0.0553
  0.0573  0.0578  0.0562  0.0568  0.0561  0.0559
  0.0634  0.0656  0.0601  0.0611  0.0594  0.0587
  0.0722  0.0762  0.0654  0.0653  0.0632  0.0624
niter,ni,del,rscale     3    3   12.0000    1.2000
parameters
   -1.3952   -3.4038    3.4840    4.8007   -1.8517    2.0551
eta,q 0.94471 13.93553
  0.0727  0.0739  0.0657  0.0653  0.0633  0.0624
  0.0632  0.0678  0.0600  0.0616  0.0591  0.0585
  0.0573  0.0597  0.0569  0.0573  0.0564  0.0562
  0.0553  0.0553  0.0553  0.0553  0.0553  0.0553
  0.0573  0.0578  0.0563  0.0569  0.0562  0.0559
  0.0635  0.0656  0.0602  0.0613  0.0594  0.0587
  0.0723  0.0762  0.0656  0.0654  0.0632  0.0624
registration optimization eta report
parameter search radius
    6.0000    6.9000    6.0000    6.9000    6.0000    6.0000
100000*second partial in parameter space
       48.       40.       29.       20.       22.       20.
  0.0727  0.0739  0.0657  0.0653  0.0633  0.0624
  0.0632  0.0678  0.0600  0.0616  0.0591  0.0585
  0.0573  0.0597  0.0569  0.0573  0.0564  0.0562
  0.0553  0.0553  0.0553  0.0553  0.0553  0.0553
  0.0573  0.0578  0.0563  0.0569  0.0562  0.0559
  0.0635  0.0656  0.0602  0.0613  0.0594  0.0587
  0.0723  0.0762  0.0656  0.0654  0.0632  0.0624
   -1.3952   -3.4038    3.4840    4.8007   -1.8517    2.0551
eta,q 0.94471 13.93553

---------------------------------------------------------------------
imgreg_4dfp /opt/freesurfer/average/711-2C_as_mni_average_305 /opt/freesurfer/average/711-2B_as_mni_average_305_mask talsrcimg_g11 none talsrcimg_to_711-2C_as_mni_average_305_t4 3335
---------------------------------------------------------------------

freesurfer imgreg_4dfp.c
/opt/freesurfer/average/711-2C_as_mni_average_305.4dfp.img
       256       256       256         1
  1.000000  1.000000  1.000000
orientation T byte_order littleendian
Reading image: /opt/freesurfer/average/711-2C_as_mni_average_305.4dfp.img
dimensions:      256       256       256
mmppix:       1.0000   -1.0000   -1.0000
center:     128.0000 -129.0000 -129.0000
/opt/freesurfer/average/711-2B_as_mni_average_305_mask.4dfp.img
       256       256       256         1
  1.000000  1.000000  1.000000
orientation T byte_order littleendian
Reading mask: /opt/freesurfer/average/711-2B_as_mni_average_305_mask.4dfp.img (2306576 pixels)
talsrcimg_g11.4dfp.img
       256       256       256         1
  1.000000  1.000000  1.000000
orientation T byte_order littleendian
Reading image: talsrcimg_g11.4dfp.img
dimensions:      256       256       256
mmppix:       1.0000   -1.0000   -1.0000
center:     128.0000 -129.0000 -129.0000
fimgreg.f
image alignment mode   3335 decimal      D07 hex
parameters
   -1.3952   -3.4038    3.4840   -0.1165   -0.4052   -0.4028
   -3.3033    3.5180    3.5842   -8.2481   -3.2313    8.3646
eta,q 0.94598 13.92711
niter,ni,del,rscale     5    3    5.0000    1.2000
parameter  4  2.247304 ->  0.500000 qaram    1.1500
parameter  5  3.445572 ->  0.500000 qaram    1.1500
parameter  6  1.070561 ->  0.500000 qaram    1.1500
parameters
   -1.2559   -3.3116    3.8320   -4.2565   -4.5452   -4.5428
   -2.9074    3.9484    4.3975   -9.0785   -2.3903    8.4429
eta,q 0.96461 13.39630
  0.0579  0.0561  0.0562  0.0444  0.0374  0.0352  0.0397  0.0432  0.0390  0.0388  0.0383  0.0372
  0.0559  0.0550  0.0551  0.0466  0.0400  0.0353  0.0376  0.0396  0.0373  0.0367  0.0369  0.0363
  0.0546  0.0544  0.0544  0.0498  0.0434  0.0373  0.0362  0.0369  0.0362  0.0356  0.0359  0.0356
  0.0540  0.0540  0.0540  0.0539  0.0474  0.0409  0.0356  0.0356  0.0356  0.0355  0.0354  0.0354
  0.0543  0.0541  0.0540  0.0589  0.0516  0.0455  0.0359  0.0360  0.0356  0.0365  0.0355  0.0355
  0.0553  0.0547  0.0544  0.0641  0.0561  0.0510  0.0371  0.0383  0.0364  0.0382  0.0361  0.0361
  0.0572  0.0559  0.0553  0.0692  0.0608  0.0570  0.0390  0.0418  0.0378  0.0404  0.0372  0.0372
niter,ni,del,rscale     7    3    5.0000    1.2000
parameter  4  0.707332 ->  0.500000 qaram    1.3225
parameter  5  1.194020 ->  0.500000 qaram    1.3225
parameters
   -1.4286   -2.9101    3.5725   -9.0175   -9.3062   -7.8602
   -2.9483    3.8491    4.6082   -9.7843   -3.1645    9.5776
eta,q 0.97161 12.86834
  0.0396  0.0395  0.0377  0.0328  0.0274  0.0297  0.0323  0.0337  0.0316  0.0319  0.0296  0.0307
  0.0371  0.0376  0.0362  0.0326  0.0282  0.0288  0.0303  0.0309  0.0301  0.0299  0.0289  0.0296
  0.0357  0.0362  0.0354  0.0332  0.0300  0.0285  0.0290  0.0291  0.0290  0.0287  0.0285  0.0288
  0.0354  0.0354  0.0352  0.0352  0.0327  0.0286  0.0286  0.0286  0.0286  0.0285  0.0285  0.0284
  0.0362  0.0353  0.0359  0.0387  0.0363  0.0309  0.0290  0.0291  0.0288  0.0295  0.0287  0.0284
  0.0381  0.0360  0.0371  0.0437  0.0407  0.0351  0.0304  0.0310  0.0298  0.0312  0.0293  0.0288
  0.0410  0.0376  0.0389  0.0495  0.0458  0.0408  0.0324  0.0341  0.0313  0.0333  0.0302  0.0297
niter,ni,del,rscale     7    3    5.0000    1.2000
parameters
   -1.3091   -3.0573    3.4619  -10.9490  -13.5907   -8.8846
   -3.0703    3.8824    4.6526  -10.2537   -3.6503    9.8142
eta,q 0.97271 12.48551
  0.0333  0.0317  0.0303  0.0311  0.0289  0.0299  0.0310  0.0324  0.0299  0.0308  0.0285  0.0292
  0.0308  0.0298  0.0291  0.0293  0.0277  0.0283  0.0290  0.0297  0.0286  0.0287  0.0278  0.0282
  0.0291  0.0287  0.0285  0.0285  0.0273  0.0275  0.0278  0.0279  0.0277  0.0275  0.0274  0.0275
  0.0284  0.0284  0.0284  0.0284  0.0283  0.0273  0.0274  0.0274  0.0274  0.0274  0.0273  0.0273
  0.0287  0.0290  0.0286  0.0292  0.0307  0.0273  0.0279  0.0279  0.0277  0.0281  0.0275  0.0274
  0.0301  0.0304  0.0294  0.0317  0.0342  0.0291  0.0292  0.0296  0.0285  0.0295  0.0280  0.0280
  0.0325  0.0326  0.0307  0.0360  0.0387  0.0328  0.0313  0.0323  0.0299  0.0315  0.0288  0.0290
niter,ni,del,rscale     6    3    5.0000    1.2000
parameters
   -1.2438   -3.1185    3.8347  -10.7176  -14.2572   -8.5403
   -3.0835    3.9319    4.7351  -10.4131   -3.7391   10.1135
eta,q 0.97281 12.48669
  0.0319  0.0308  0.0300  0.0315  0.0314  0.0308  0.0310  0.0324  0.0298  0.0309  0.0286  0.0291
  0.0295  0.0288  0.0286  0.0292  0.0292  0.0289  0.0290  0.0296  0.0285  0.0288  0.0278  0.0281
  0.0279  0.0276  0.0277  0.0278  0.0278  0.0278  0.0277  0.0278  0.0275  0.0275  0.0274  0.0275
  0.0273  0.0273  0.0273  0.0272  0.0272  0.0272  0.0272  0.0272  0.0272  0.0272  0.0272  0.0272
  0.0277  0.0278  0.0273  0.0273  0.0279  0.0270  0.0277  0.0278  0.0275  0.0279  0.0274  0.0273
  0.0291  0.0291  0.0278  0.0286  0.0299  0.0279  0.0290  0.0295  0.0284  0.0292  0.0279  0.0279
  0.0315  0.0311  0.0287  0.0315  0.0331  0.0308  0.0310  0.0322  0.0297  0.0311  0.0286  0.0289
niter,ni,del,rscale     5    3    5.0000    1.2000
parameters
   -1.2233   -3.1875    3.9871  -10.6269  -14.3955   -8.4829
   -3.0811    3.9517    4.7390  -10.5217   -3.7424   10.2949
eta,q 0.97285 12.48799
  0.0316  0.0306  0.0295  0.0313  0.0318  0.0306  0.0310  0.0323  0.0298  0.0310  0.0286  0.0290
  0.0293  0.0287  0.0283  0.0291  0.0295  0.0288  0.0290  0.0296  0.0284  0.0288  0.0278  0.0280
  0.0278  0.0275  0.0275  0.0277  0.0279  0.0277  0.0276  0.0277  0.0275  0.0275  0.0273  0.0274
  0.0272  0.0272  0.0272  0.0272  0.0272  0.0272  0.0272  0.0272  0.0272  0.0272  0.0272  0.0272
  0.0276  0.0277  0.0273  0.0273  0.0276  0.0269  0.0276  0.0277  0.0275  0.0278  0.0273  0.0273
  0.0291  0.0290  0.0279  0.0286  0.0294  0.0281  0.0290  0.0295  0.0284  0.0291  0.0278  0.0279
  0.0315  0.0310  0.0290  0.0316  0.0325  0.0312  0.0310  0.0323  0.0298  0.0311  0.0286  0.0289
niter,ni,del,rscale     4    3    5.0000    1.2000
parameters
   -1.2167   -3.2250    4.0259  -10.6090  -14.4386   -8.4817
   -3.0730    3.9597    4.7332  -10.5746   -3.7382   10.3593
eta,q 0.97286 12.48645
  0.0315  0.0307  0.0293  0.0313  0.0319  0.0306  0.0310  0.0323  0.0298  0.0311  0.0286  0.0289
  0.0292  0.0287  0.0281  0.0290  0.0296  0.0288  0.0289  0.0295  0.0284  0.0289  0.0278  0.0280
  0.0277  0.0275  0.0274  0.0277  0.0279  0.0277  0.0276  0.0277  0.0275  0.0275  0.0273  0.0274
  0.0271  0.0271  0.0272  0.0271  0.0271  0.0272  0.0272  0.0272  0.0272  0.0272  0.0272  0.0272
  0.0276  0.0277  0.0273  0.0273  0.0275  0.0269  0.0276  0.0277  0.0275  0.0278  0.0273  0.0273
  0.0291  0.0289  0.0280  0.0286  0.0293  0.0281  0.0290  0.0295  0.0284  0.0291  0.0278  0.0279
  0.0315  0.0309  0.0292  0.0316  0.0323  0.0313  0.0310  0.0323  0.0298  0.0310  0.0286  0.0289
niter,ni,del,rscale     3    3    5.0000    1.2000
parameters
   -1.2142   -3.2396    4.0397  -10.6030  -14.4590   -8.4786
   -3.0674    3.9603    4.7267  -10.5949   -3.7315   10.3933
eta,q 0.97286 12.48586
  0.0315  0.0308  0.0292  0.0312  0.0319  0.0306  0.0310  0.0323  0.0298  0.0311  0.0286  0.0289
  0.0292  0.0288  0.0281  0.0290  0.0296  0.0288  0.0289  0.0295  0.0284  0.0289  0.0278  0.0280
  0.0277  0.0275  0.0274  0.0277  0.0279  0.0276  0.0276  0.0277  0.0275  0.0275  0.0273  0.0274
  0.0271  0.0271  0.0271  0.0271  0.0271  0.0271  0.0271  0.0271  0.0271  0.0271  0.0271  0.0271
  0.0276  0.0276  0.0274  0.0273  0.0275  0.0269  0.0276  0.0277  0.0275  0.0277  0.0273  0.0273
  0.0291  0.0289  0.0280  0.0286  0.0293  0.0281  0.0290  0.0295  0.0284  0.0291  0.0278  0.0279
  0.0315  0.0308  0.0292  0.0316  0.0323  0.0313  0.0310  0.0323  0.0298  0.0310  0.0286  0.0290
registration optimization eta report
parameter search radius
    2.4000    2.4000    2.4000    9.5220    9.5220    8.2800
    7.2000    7.2000    7.2000    7.2000    7.2000    7.2000
100000*second partial in parameter space
       76.       63.       36.        5.        5.        6.
        7.       10.        5.        7.        3.        3.
  0.0315  0.0308  0.0292  0.0312  0.0319  0.0306  0.0310  0.0323  0.0298  0.0311  0.0286  0.0289
  0.0292  0.0288  0.0281  0.0290  0.0296  0.0288  0.0289  0.0295  0.0284  0.0289  0.0278  0.0280
  0.0277  0.0275  0.0274  0.0277  0.0279  0.0276  0.0276  0.0277  0.0275  0.0275  0.0273  0.0274
  0.0271  0.0271  0.0271  0.0271  0.0271  0.0271  0.0271  0.0271  0.0271  0.0271  0.0271  0.0271
  0.0276  0.0276  0.0274  0.0273  0.0275  0.0269  0.0276  0.0277  0.0275  0.0277  0.0273  0.0273
  0.0291  0.0289  0.0280  0.0286  0.0293  0.0281  0.0290  0.0295  0.0284  0.0291  0.0278  0.0279
  0.0315  0.0308  0.0292  0.0316  0.0323  0.0313  0.0310  0.0323  0.0298  0.0310  0.0286  0.0290
   -1.2142   -3.2396    4.0397  -10.6030  -14.4590   -8.4786
   -3.0674    3.9603    4.7267  -10.5949   -3.7315   10.3933
eta,q 0.97286 12.48586

---------------------------------------------------------------------
imgreg_4dfp /opt/freesurfer/average/711-2C_as_mni_average_305 /opt/freesurfer/average/711-2B_as_mni_average_305_mask talsrcimg_g11 none talsrcimg_to_711-2C_as_mni_average_305_t4 2311
---------------------------------------------------------------------

freesurfer imgreg_4dfp.c
/opt/freesurfer/average/711-2C_as_mni_average_305.4dfp.img
       256       256       256         1
  1.000000  1.000000  1.000000
orientation T byte_order littleendian
Reading image: /opt/freesurfer/average/711-2C_as_mni_average_305.4dfp.img
dimensions:      256       256       256
mmppix:       1.0000   -1.0000   -1.0000
center:     128.0000 -129.0000 -129.0000
/opt/freesurfer/average/711-2B_as_mni_average_305_mask.4dfp.img
       256       256       256         1
  1.000000  1.000000  1.000000
orientation T byte_order littleendian
Reading mask: /opt/freesurfer/average/711-2B_as_mni_average_305_mask.4dfp.img (2306576 pixels)
talsrcimg_g11.4dfp.img
       256       256       256         1
  1.000000  1.000000  1.000000
orientation T byte_order littleendian
Reading image: talsrcimg_g11.4dfp.img
dimensions:      256       256       256
mmppix:       1.0000   -1.0000   -1.0000
center:     128.0000 -129.0000 -129.0000
fimgreg.f
image alignment mode   2311 decimal      907 hex
parameters
   -1.2142   -3.2396    4.0397  -10.6030  -14.4590   -8.4786
   -3.0674    3.9603    4.7267  -10.5949   -3.7315   10.3933
eta,q 0.97286 12.48585
niter,ni,del,rscale     5    3    5.0000    0.8000
parameters
   -1.1966   -3.2690    4.0639   -9.8235  -14.0672   -6.9589
   -3.0777    4.0072    4.7728  -10.6528   -3.5548   10.4703
eta,q 0.97313 12.64150
  0.0292  0.0288  0.0281  0.0282  0.0287  0.0285  0.0287  0.0294  0.0282  0.0288  0.0276  0.0277
  0.0281  0.0278  0.0276  0.0277  0.0279  0.0278  0.0277  0.0280  0.0275  0.0277  0.0272  0.0273
  0.0274  0.0273  0.0273  0.0273  0.0274  0.0273  0.0271  0.0271  0.0270  0.0270  0.0270  0.0270
  0.0271  0.0271  0.0271  0.0271  0.0271  0.0271  0.0269  0.0269  0.0269  0.0269  0.0269  0.0269
  0.0273  0.0274  0.0272  0.0271  0.0271  0.0269  0.0271  0.0272  0.0270  0.0272  0.0269  0.0269
  0.0280  0.0280  0.0275  0.0273  0.0275  0.0268  0.0277  0.0279  0.0275  0.0278  0.0272  0.0272
  0.0291  0.0289  0.0280  0.0277  0.0283  0.0275  0.0287  0.0293  0.0282  0.0288  0.0275  0.0277
niter,ni,del,rscale     4    3    5.0000    0.7000
parameters
   -1.2035   -3.3233    4.1230   -9.4582  -14.0323   -7.1228
   -3.0521    4.0049    4.7236  -10.6992   -3.5318   10.6617
eta,q 0.97314 12.65591
  0.0284  0.0281  0.0277  0.0277  0.0280  0.0277  0.0283  0.0288  0.0279  0.0284  0.0274  0.0276
  0.0276  0.0274  0.0273  0.0273  0.0274  0.0273  0.0275  0.0277  0.0273  0.0275  0.0271  0.0272
  0.0271  0.0270  0.0270  0.0270  0.0270  0.0271  0.0271  0.0270  0.0270  0.0270  0.0269  0.0270
  0.0269  0.0269  0.0269  0.0269  0.0268  0.0268  0.0269  0.0269  0.0269  0.0269  0.0269  0.0269
  0.0270  0.0271  0.0269  0.0269  0.0269  0.0268  0.0270  0.0271  0.0270  0.0271  0.0269  0.0269
  0.0276  0.0276  0.0272  0.0270  0.0273  0.0271  0.0275  0.0277  0.0274  0.0276  0.0271  0.0271
  0.0285  0.0283  0.0276  0.0275  0.0280  0.0281  0.0283  0.0287  0.0279  0.0284  0.0274  0.0275
niter,ni,del,rscale     3    3    5.0000    0.6000
parameters
   -1.2010   -3.3587    4.1281   -9.3845  -14.0223   -6.8672
   -3.0269    3.9969    4.7209  -10.7522   -3.4952   10.7506
eta,q 0.97318 12.67438
  0.0280  0.0278  0.0275  0.0274  0.0277  0.0275  0.0279  0.0282  0.0276  0.0280  0.0272  0.0273
  0.0274  0.0273  0.0271  0.0271  0.0273  0.0272  0.0273  0.0274  0.0272  0.0273  0.0270  0.0271
  0.0270  0.0269  0.0269  0.0269  0.0270  0.0270  0.0270  0.0269  0.0269  0.0269  0.0269  0.0269
  0.0269  0.0269  0.0269  0.0269  0.0269  0.0269  0.0268  0.0268  0.0268  0.0268  0.0268  0.0268
  0.0270  0.0270  0.0269  0.0269  0.0269  0.0267  0.0269  0.0270  0.0269  0.0270  0.0269  0.0268
  0.0274  0.0274  0.0271  0.0270  0.0272  0.0269  0.0273  0.0274  0.0272  0.0274  0.0270  0.0270
  0.0280  0.0279  0.0275  0.0274  0.0277  0.0275  0.0279  0.0282  0.0276  0.0280  0.0272  0.0273
niter,ni,del,rscale     2    3    5.0000    0.5000
parameters
   -1.2025   -3.3737    4.1395   -9.2107  -14.0005   -6.6182
   -3.0048    3.9929    4.7118  -10.7711   -3.4652   10.8167
eta,q 0.97322 12.69853
  0.0276  0.0275  0.0273  0.0272  0.0274  0.0273  0.0275  0.0278  0.0273  0.0276  0.0271  0.0271
  0.0272  0.0271  0.0270  0.0270  0.0271  0.0271  0.0271  0.0272  0.0270  0.0271  0.0269  0.0270
  0.0269  0.0269  0.0269  0.0269  0.0269  0.0270  0.0269  0.0269  0.0268  0.0269  0.0268  0.0268
  0.0268  0.0268  0.0268  0.0268  0.0268  0.0268  0.0268  0.0268  0.0268  0.0268  0.0268  0.0268
  0.0269  0.0269  0.0269  0.0268  0.0269  0.0267  0.0269  0.0269  0.0268  0.0269  0.0268  0.0268
  0.0272  0.0272  0.0270  0.0269  0.0271  0.0269  0.0271  0.0272  0.0270  0.0272  0.0269  0.0269
  0.0276  0.0276  0.0272  0.0272  0.0274  0.0273  0.0275  0.0277  0.0273  0.0276  0.0271  0.0271
niter,ni,del,rscale     1    3    5.0000    0.4000
parameters
   -1.2081   -3.3855    4.1383   -9.0770  -13.9789   -6.3927
   -2.9829    3.9897    4.7064  -10.7971   -3.4196   10.8522
eta,q 0.97325 12.71856
  0.0273  0.0272  0.0271  0.0270  0.0272  0.0271  0.0272  0.0274  0.0271  0.0273  0.0270  0.0270
  0.0270  0.0270  0.0269  0.0269  0.0270  0.0270  0.0270  0.0270  0.0269  0.0270  0.0269  0.0269
  0.0268  0.0268  0.0268  0.0268  0.0268  0.0269  0.0268  0.0268  0.0268  0.0268  0.0268  0.0268
  0.0268  0.0268  0.0268  0.0268  0.0268  0.0268  0.0268  0.0268  0.0268  0.0268  0.0268  0.0268
  0.0268  0.0268  0.0268  0.0268  0.0268  0.0267  0.0268  0.0268  0.0268  0.0268  0.0268  0.0268
  0.0270  0.0270  0.0269  0.0269  0.0269  0.0268  0.0270  0.0270  0.0269  0.0270  0.0268  0.0269
  0.0273  0.0273  0.0271  0.0270  0.0272  0.0271  0.0272  0.0274  0.0271  0.0273  0.0269  0.0270
registration optimization eta report
parameter search radius
    0.8000    0.8000    0.8000    2.4000    2.4000    2.4000
    2.4000    2.4000    2.4000    2.4000    2.4000    2.4000
100000*second partial in parameter space
       82.       73.       46.        4.        7.        6.
        8.       11.        6.        9.        3.        4.
  0.0273  0.0272  0.0271  0.0270  0.0272  0.0271  0.0272  0.0274  0.0271  0.0273  0.0270  0.0270
  0.0270  0.0270  0.0269  0.0269  0.0270  0.0270  0.0270  0.0270  0.0269  0.0270  0.0269  0.0269
  0.0268  0.0268  0.0268  0.0268  0.0268  0.0269  0.0268  0.0268  0.0268  0.0268  0.0268  0.0268
  0.0268  0.0268  0.0268  0.0268  0.0268  0.0268  0.0268  0.0268  0.0268  0.0268  0.0268  0.0268
  0.0268  0.0268  0.0268  0.0268  0.0268  0.0267  0.0268  0.0268  0.0268  0.0268  0.0268  0.0268
  0.0270  0.0270  0.0269  0.0269  0.0269  0.0268  0.0270  0.0270  0.0269  0.0270  0.0268  0.0269
  0.0273  0.0273  0.0271  0.0270  0.0272  0.0271  0.0272  0.0274  0.0271  0.0273  0.0269  0.0270
   -1.2081   -3.3855    4.1383   -9.0770  -13.9789   -6.3927
   -2.9829    3.9897    4.7064  -10.7971   -3.4196   10.8522
eta,q 0.97325 12.71856

---------------------------------------------------------------------
imgreg_4dfp /opt/freesurfer/average/711-2C_as_mni_average_305 /opt/freesurfer/average/711-2B_as_mni_average_305_mask talsrcimg_g11 none talsrcimg_to_711-2C_as_mni_average_305_t4 2311
---------------------------------------------------------------------

freesurfer imgreg_4dfp.c
/opt/freesurfer/average/711-2C_as_mni_average_305.4dfp.img
       256       256       256         1
  1.000000  1.000000  1.000000
orientation T byte_order littleendian
Reading image: /opt/freesurfer/average/711-2C_as_mni_average_305.4dfp.img
dimensions:      256       256       256
mmppix:       1.0000   -1.0000   -1.0000
center:     128.0000 -129.0000 -129.0000
/opt/freesurfer/average/711-2B_as_mni_average_305_mask.4dfp.img
       256       256       256         1
  1.000000  1.000000  1.000000
orientation T byte_order littleendian
Reading mask: /opt/freesurfer/average/711-2B_as_mni_average_305_mask.4dfp.img (2306576 pixels)
talsrcimg_g11.4dfp.img
       256       256       256         1
  1.000000  1.000000  1.000000
orientation T byte_order littleendian
Reading image: talsrcimg_g11.4dfp.img
dimensions:      256       256       256
mmppix:       1.0000   -1.0000   -1.0000
center:     128.0000 -129.0000 -129.0000
fimgreg.f
image alignment mode   2311 decimal      907 hex
parameters
   -1.2081   -3.3855    4.1383   -9.0770  -13.9789   -6.3927
   -2.9829    3.9897    4.7064  -10.7971   -3.4196   10.8522
eta,q 0.97325 12.71857
niter,ni,del,rscale     5    3    5.0000    0.8000
parameters
   -1.2313   -3.3806    4.1342   -9.5205  -14.0910   -7.3115
   -3.0296    3.9886    4.6884  -10.7466   -3.4821   10.7037
eta,q 0.97311 12.63770
  0.0288  0.0286  0.0279  0.0276  0.0282  0.0276  0.0287  0.0293  0.0282  0.0289  0.0276  0.0277
  0.0277  0.0276  0.0273  0.0272  0.0275  0.0272  0.0277  0.0279  0.0275  0.0278  0.0272  0.0273
  0.0270  0.0270  0.0269  0.0269  0.0270  0.0270  0.0271  0.0271  0.0270  0.0271  0.0269  0.0270
  0.0267  0.0268  0.0268  0.0268  0.0268  0.0268  0.0269  0.0269  0.0269  0.0269  0.0269  0.0269
  0.0270  0.0270  0.0269  0.0269  0.0269  0.0269  0.0271  0.0272  0.0270  0.0271  0.0270  0.0270
  0.0277  0.0276  0.0273  0.0273  0.0275  0.0278  0.0277  0.0279  0.0275  0.0278  0.0272  0.0273
  0.0289  0.0286  0.0280  0.0282  0.0284  0.0294  0.0288  0.0293  0.0282  0.0288  0.0276  0.0279
niter,ni,del,rscale     4    3    5.0000    0.7000
parameters
   -1.2029   -3.3588    4.1276   -9.5317  -14.0608   -7.1338
   -3.0345    3.9968    4.6977  -10.7455   -3.4905   10.7117
eta,q 0.97314 12.64897
  0.0285  0.0283  0.0277  0.0276  0.0280  0.0278  0.0283  0.0288  0.0279  0.0284  0.0274  0.0275
  0.0276  0.0275  0.0272  0.0272  0.0274  0.0274  0.0275  0.0277  0.0273  0.0275  0.0271  0.0272
  0.0271  0.0270  0.0270  0.0270  0.0271  0.0271  0.0270  0.0270  0.0270  0.0270  0.0269  0.0270
  0.0269  0.0269  0.0269  0.0269  0.0269  0.0269  0.0269  0.0269  0.0269  0.0269  0.0269  0.0269
  0.0270  0.0270  0.0270  0.0269  0.0270  0.0268  0.0270  0.0271  0.0270  0.0271  0.0269  0.0269
  0.0275  0.0275  0.0272  0.0271  0.0274  0.0270  0.0275  0.0277  0.0273  0.0276  0.0271  0.0271
  0.0284  0.0282  0.0277  0.0277  0.0280  0.0279  0.0283  0.0287  0.0279  0.0284  0.0274  0.0276
niter,ni,del,rscale     3    3    5.0000    0.6000
parameters
   -1.2007   -3.3625    4.1385   -9.3713  -14.0385   -6.8678
   -3.0149    3.9983    4.7107  -10.7569   -3.4790   10.7686
eta,q 0.97318 12.67424
  0.0280  0.0279  0.0275  0.0274  0.0277  0.0275  0.0279  0.0282  0.0276  0.0280  0.0272  0.0273
  0.0274  0.0273  0.0271  0.0271  0.0273  0.0272  0.0273  0.0274  0.0272  0.0273  0.0270  0.0271
  0.0270  0.0270  0.0269  0.0270  0.0270  0.0270  0.0270  0.0269  0.0269  0.0269  0.0269  0.0269
  0.0269  0.0269  0.0269  0.0269  0.0269  0.0269  0.0268  0.0268  0.0268  0.0268  0.0268  0.0268
  0.0270  0.0270  0.0269  0.0269  0.0269  0.0267  0.0269  0.0270  0.0269  0.0270  0.0269  0.0268
  0.0274  0.0273  0.0271  0.0270  0.0272  0.0269  0.0273  0.0274  0.0272  0.0274  0.0270  0.0270
  0.0280  0.0279  0.0274  0.0274  0.0277  0.0275  0.0279  0.0282  0.0276  0.0280  0.0272  0.0273
niter,ni,del,rscale     2    3    5.0000    0.5000
parameters
   -1.2018   -3.3757    4.1421   -9.2108  -14.0076   -6.6260
   -3.0039    3.9971    4.7117  -10.7772   -3.4632   10.8179
eta,q 0.97322 12.69776
  0.0276  0.0275  0.0273  0.0272  0.0274  0.0273  0.0275  0.0278  0.0273  0.0276  0.0271  0.0271
  0.0272  0.0271  0.0270  0.0270  0.0271  0.0271  0.0271  0.0272  0.0270  0.0271  0.0269  0.0270
  0.0269  0.0269  0.0269  0.0269  0.0269  0.0270  0.0269  0.0269  0.0268  0.0269  0.0268  0.0268
  0.0268  0.0268  0.0268  0.0268  0.0268  0.0268  0.0268  0.0268  0.0268  0.0268  0.0268  0.0268
  0.0269  0.0269  0.0269  0.0268  0.0269  0.0267  0.0269  0.0269  0.0268  0.0269  0.0268  0.0268
  0.0272  0.0272  0.0270  0.0269  0.0271  0.0269  0.0271  0.0272  0.0270  0.0272  0.0269  0.0269
  0.0276  0.0276  0.0273  0.0272  0.0274  0.0273  0.0275  0.0277  0.0273  0.0276  0.0271  0.0272
niter,ni,del,rscale     1    3    5.0000    0.4000
parameters
   -1.2062   -3.3871    4.1434   -9.0674  -13.9822   -6.3834
   -2.9817    3.9914    4.7062  -10.7993   -3.4225   10.8702
eta,q 0.97325 12.71946
  0.0273  0.0272  0.0271  0.0270  0.0272  0.0271  0.0272  0.0274  0.0271  0.0273  0.0270  0.0270
  0.0270  0.0270  0.0269  0.0269  0.0270  0.0270  0.0270  0.0270  0.0269  0.0270  0.0268  0.0269
  0.0268  0.0268  0.0268  0.0268  0.0268  0.0269  0.0268  0.0268  0.0268  0.0268  0.0268  0.0268
  0.0268  0.0268  0.0268  0.0268  0.0268  0.0268  0.0268  0.0268  0.0268  0.0268  0.0268  0.0268
  0.0268  0.0268  0.0268  0.0268  0.0268  0.0267  0.0268  0.0268  0.0268  0.0268  0.0268  0.0268
  0.0270  0.0270  0.0269  0.0269  0.0269  0.0268  0.0270  0.0270  0.0269  0.0270  0.0268  0.0268
  0.0273  0.0273  0.0271  0.0270  0.0272  0.0271  0.0272  0.0274  0.0271  0.0273  0.0269  0.0270
registration optimization eta report
parameter search radius
    0.8000    0.8000    0.8000    2.4000    2.4000    2.4000
    2.4000    2.4000    2.4000    2.4000    2.4000    2.4000
100000*second partial in parameter space
       82.       73.       46.        4.        7.        6.
        8.       11.        6.        9.        3.        4.
  0.0273  0.0272  0.0271  0.0270  0.0272  0.0271  0.0272  0.0274  0.0271  0.0273  0.0270  0.0270
  0.0270  0.0270  0.0269  0.0269  0.0270  0.0270  0.0270  0.0270  0.0269  0.0270  0.0268  0.0269
  0.0268  0.0268  0.0268  0.0268  0.0268  0.0269  0.0268  0.0268  0.0268  0.0268  0.0268  0.0268
  0.0268  0.0268  0.0268  0.0268  0.0268  0.0268  0.0268  0.0268  0.0268  0.0268  0.0268  0.0268
  0.0268  0.0268  0.0268  0.0268  0.0268  0.0267  0.0268  0.0268  0.0268  0.0268  0.0268  0.0268
  0.0270  0.0270  0.0269  0.0269  0.0269  0.0268  0.0270  0.0270  0.0269  0.0270  0.0268  0.0268
  0.0273  0.0273  0.0271  0.0270  0.0272  0.0271  0.0272  0.0274  0.0271  0.0273  0.0269  0.0270
   -1.2062   -3.3871    4.1434   -9.0674  -13.9822   -6.3834
   -2.9817    3.9914    4.7062  -10.7993   -3.4225   10.8702
eta,q 0.97325 12.71946

---------------------------------------------------------------------
compute_vox2vox talsrcimg talsrcimg_to_711-2C_as_mni_average_305_t4 /opt/freesurfer/average/711-2C_as_mni_average_305
---------------------------------------------------------------------

freesurfer compute_vox2vox.c
Reading: talsrcimg.4dfp.ifh
Reading: talsrcimg_to_711-2C_as_mni_average_305_t4
Reading: /opt/freesurfer/average/711-2C_as_mni_average_305.4dfp.ifh
Writing: talsrcimg_to_711-2C_as_mni_average_305_t4_vox2vox.txt

start time Tue Mar 10 05:03:01 CET 2026
end		time Tue Mar 10 05:04:28 CET 2026

mpr2mni305 success

avi2talxfm orig_nu.mgz /opt/freesurfer/average/mni305.cor.mgz talsrcimg_to_711-2C_as_mni_average_305_t4_vox2vox.txt transforms/talairach.auto.xfm
avi2talxfm done
mv -f /out/sourcedata/freesurfer/sub-v1s5x0050748_ses-1/mri/talsrcimg_to_711-2C_as_mni_average_305_t4_vox2vox.txt /out/sourcedata/freesurfer/sub-v1s5x0050748_ses-1/mri/transforms/talsrcimg_to_711-2C_as_mni_average_305_t4_vox2vox.txt
lta_convert --src orig_nu.mgz --trg /opt/freesurfer/average/mni305.cor.mgz --inxfm transforms/talairach.auto.xfm --outlta transforms/talairach.auto.xfm.lta --subject fsaverage
7.3.2

--src: orig_nu.mgz src image (geometry).
--trg: /opt/freesurfer/average/mni305.cor.mgz trg image (geometry).
--inmni: transforms/talairach.auto.xfm input MNI/XFM transform.
--outlta: transforms/talairach.auto.xfm.lta output LTA.
--s: fsaverage subject name
 LTA read, type : 1
 1.09591  -0.04173   0.04326   5.66190;
 0.04635   1.05107  -0.13122  -19.04907;
-0.05414   0.13424   1.14371  -19.24536;
 0.00000   0.00000   0.00000   1.00000;
setting subject to fsaverage
Writing  LTA to file transforms/talairach.auto.xfm.lta...
lta_convert successful.
 
 
Started at Tue Mar 10 05:03:01 CET 2026
Ended   at Tue Mar 10 05:04:29 CET 2026
talairach_avi done
