status file for recon-all
Tue Mar 10 03:30:18 CET 2026
#@# MotionCor Tue Mar 10 03:30:19 CET 2026
#@# Talairach Tue Mar 10 03:30:30 CET 2026
#@# Talairach Failure Detection Tue Mar 10 03:34:53 CET 2026
#@# Nu Intensity Correction Tue Mar 10 03:34:53 CET 2026
#@# Intensity Normalization Tue Mar 10 03:38:08 CET 2026
recon-all -s sub-v1s5x0050723_ses-1 finished without error at Tue Mar 10 03:39:58 CET 2026



#New# invocation of recon-all 



status file for recon-all
Tue Mar 10 03:46:58 CET 2026
#@# EM Registration Tue Mar 10 03:46:58 CET 2026
recon-all -s sub-v1s5x0050723_ses-1 finished without error at Tue Mar 10 03:49:42 CET 2026



#New# invocation of recon-all 



status file for recon-all
Tue Mar 10 03:49:46 CET 2026
#@# CA Normalize Tue Mar 10 03:49:46 CET 2026
#@# CA Reg Tue Mar 10 03:51:07 CET 2026
#@# SubCort Seg Tue Mar 10 04:44:59 CET 2026
#@# CC Seg Tue Mar 10 05:10:07 CET 2026
#@# Merge ASeg Tue Mar 10 05:10:39 CET 2026
#@# Intensity Normalization2 Tue Mar 10 05:10:39 CET 2026
#@# Mask BFS Tue Mar 10 05:12:54 CET 2026
#@# WM Segmentation Tue Mar 10 05:12:55 CET 2026
#@# Fill Tue Mar 10 05:14:41 CET 2026
recon-all -s sub-v1s5x0050723_ses-1 finished without error at Tue Mar 10 05:15:41 CET 2026



#New# invocation of recon-all 



status file for recon-all
Tue Mar 10 05:57:26 CET 2026
#@# white curv lh Tue Mar 10 05:57:27 CET 2026
#@# white area lh Tue Mar 10 05:57:27 CET 2026
#@# pial curv lh Tue Mar 10 05:57:27 CET 2026
#@# pial area lh Tue Mar 10 05:57:27 CET 2026
#@# thickness lh Tue Mar 10 05:57:27 CET 2026
#@# area and vertex vol lh Tue Mar 10 05:57:27 CET 2026
#@# white curv rh Tue Mar 10 05:57:27 CET 2026
#@# white area rh Tue Mar 10 05:57:27 CET 2026
#@# pial curv rh Tue Mar 10 05:57:27 CET 2026
#@# pial area rh Tue Mar 10 05:57:27 CET 2026
#@# thickness rh Tue Mar 10 05:57:27 CET 2026
#@# area and vertex vol rh Tue Mar 10 05:57:27 CET 2026
#@# Cortical ribbon mask Tue Mar 10 05:57:27 CET 2026
recon-all -s sub-v1s5x0050723_ses-1 finished without error at Tue Mar 10 06:01:04 CET 2026



#New# invocation of recon-all 



status file for recon-all
Tue Mar 10 06:06:55 CET 2026
#@# white curv lh Tue Mar 10 06:06:55 CET 2026
#@# white area lh Tue Mar 10 06:06:55 CET 2026
#@# pial curv lh Tue Mar 10 06:06:55 CET 2026
#@# pial area lh Tue Mar 10 06:06:55 CET 2026
#@# thickness lh Tue Mar 10 06:06:55 CET 2026
#@# area and vertex vol lh Tue Mar 10 06:06:55 CET 2026
#@# white curv rh Tue Mar 10 06:06:55 CET 2026
#@# white area rh Tue Mar 10 06:06:55 CET 2026
#@# pial curv rh Tue Mar 10 06:06:55 CET 2026
#@# pial area rh Tue Mar 10 06:06:55 CET 2026
#@# thickness rh Tue Mar 10 06:06:55 CET 2026
#@# area and vertex vol rh Tue Mar 10 06:06:55 CET 2026
#@# Curvature Stats lh Tue Mar 10 06:06:55 CET 2026
#@# Curvature Stats rh Tue Mar 10 06:06:57 CET 2026
#@# Relabel Hypointensities Tue Mar 10 06:06:59 CET 2026
#@# APas-to-ASeg Tue Mar 10 06:07:13 CET 2026
#@# AParc-to-ASeg aparc Tue Mar 10 06:07:20 CET 2026
#@# AParc-to-ASeg aparc.a2009s Tue Mar 10 06:07:46 CET 2026
#@# AParc-to-ASeg aparc.DKTatlas Tue Mar 10 06:08:10 CET 2026
#@# WMParc Tue Mar 10 06:08:35 CET 2026
#@# ASeg Stats Tue Mar 10 06:13:02 CET 2026
recon-all -s sub-v1s5x0050723_ses-1 finished without error at Tue Mar 10 06:13:40 CET 2026
