status file for recon-all
Tue Mar 10 05:15:44 CET 2026
#@# Tessellate lh Tue Mar 10 05:15:44 CET 2026
#@# Smooth1 lh Tue Mar 10 05:15:48 CET 2026
#@# Inflation1 lh Tue Mar 10 05:15:50 CET 2026
#@# QSphere lh Tue Mar 10 05:16:01 CET 2026
#@# Fix Topology lh Tue Mar 10 05:17:06 CET 2026
#@# Smooth2 lh Tue Mar 10 05:24:09 CET 2026
#@# Inflation2 lh Tue Mar 10 05:24:11 CET 2026
#@# Curv .H and .K lh Tue Mar 10 05:24:23 CET 2026
#@# Sphere lh Tue Mar 10 05:25:02 CET 2026
#@# Surf Reg lh Tue Mar 10 05:27:05 CET 2026
#@# Jacobian white lh Tue Mar 10 05:30:14 CET 2026
#@# AvgCurv lh Tue Mar 10 05:30:15 CET 2026
#@# Cortical Parc lh Tue Mar 10 05:30:16 CET 2026
#@# white curv lh Tue Mar 10 05:35:35 CET 2026
#@# white area lh Tue Mar 10 05:35:36 CET 2026
#@# pial curv lh Tue Mar 10 05:35:37 CET 2026
#@# pial area lh Tue Mar 10 05:35:38 CET 2026
#@# thickness lh Tue Mar 10 05:35:39 CET 2026
#@# area and vertex vol lh Tue Mar 10 05:36:03 CET 2026
#@# Curvature Stats lh Tue Mar 10 05:36:04 CET 2026
#@# Cortical Parc 2 lh Tue Mar 10 05:36:06 CET 2026
#@# Cortical Parc 3 lh Tue Mar 10 05:36:18 CET 2026
#@# WM/GM Contrast lh Tue Mar 10 05:36:28 CET 2026
recon-all -s sub-v1s5x0050723_ses-1 finished without error at Tue Mar 10 05:36:31 CET 2026



#New# invocation of recon-all 



status file for recon-all
Tue Mar 10 06:01:10 CET 2026
#@# white curv lh Tue Mar 10 06:01:10 CET 2026
#@# white area lh Tue Mar 10 06:01:10 CET 2026
#@# pial curv lh Tue Mar 10 06:01:10 CET 2026
#@# pial area lh Tue Mar 10 06:01:10 CET 2026
#@# thickness lh Tue Mar 10 06:01:10 CET 2026
#@# area and vertex vol lh Tue Mar 10 06:01:10 CET 2026
#@# Parcellation Stats lh Tue Mar 10 06:01:10 CET 2026
#@# Parcellation Stats 2 lh Tue Mar 10 06:01:26 CET 2026
#@# Parcellation Stats 3 lh Tue Mar 10 06:01:33 CET 2026
#@# BA_exvivo Labels lh Tue Mar 10 06:01:40 CET 2026
recon-all -s sub-v1s5x0050723_ses-1 finished without error at Tue Mar 10 06:03:59 CET 2026
