status file for recon-all
Tue Mar 10 05:36:32 CET 2026
#@# Tessellate rh Tue Mar 10 05:36:32 CET 2026
#@# Smooth1 rh Tue Mar 10 05:36:36 CET 2026
#@# Inflation1 rh Tue Mar 10 05:36:39 CET 2026
#@# QSphere rh Tue Mar 10 05:36:51 CET 2026
#@# Fix Topology rh Tue Mar 10 05:37:54 CET 2026
#@# Smooth2 rh Tue Mar 10 05:43:24 CET 2026
#@# Inflation2 rh Tue Mar 10 05:43:26 CET 2026
#@# Curv .H and .K rh Tue Mar 10 05:43:40 CET 2026
#@# Sphere rh Tue Mar 10 05:44:20 CET 2026
#@# Surf Reg rh Tue Mar 10 05:46:17 CET 2026
#@# Jacobian white rh Tue Mar 10 05:50:33 CET 2026
#@# AvgCurv rh Tue Mar 10 05:50:34 CET 2026
#@# Cortical Parc rh Tue Mar 10 05:50:35 CET 2026
#@# white curv rh Tue Mar 10 05:56:23 CET 2026
#@# white area rh Tue Mar 10 05:56:25 CET 2026
#@# pial curv rh Tue Mar 10 05:56:25 CET 2026
#@# pial area rh Tue Mar 10 05:56:27 CET 2026
#@# thickness rh Tue Mar 10 05:56:27 CET 2026
#@# area and vertex vol rh Tue Mar 10 05:56:52 CET 2026
#@# Curvature Stats rh Tue Mar 10 05:56:53 CET 2026
#@# Cortical Parc 2 rh Tue Mar 10 05:56:55 CET 2026
#@# Cortical Parc 3 rh Tue Mar 10 05:57:08 CET 2026
#@# WM/GM Contrast rh Tue Mar 10 05:57:17 CET 2026
recon-all -s sub-v1s5x0050723_ses-1 finished without error at Tue Mar 10 05:57:20 CET 2026



#New# invocation of recon-all 



status file for recon-all
Tue Mar 10 06:04:02 CET 2026
#@# white curv rh Tue Mar 10 06:04:02 CET 2026
#@# white area rh Tue Mar 10 06:04:02 CET 2026
#@# pial curv rh Tue Mar 10 06:04:02 CET 2026
#@# pial area rh Tue Mar 10 06:04:02 CET 2026
#@# thickness rh Tue Mar 10 06:04:02 CET 2026
#@# area and vertex vol rh Tue Mar 10 06:04:02 CET 2026
#@# Parcellation Stats rh Tue Mar 10 06:04:02 CET 2026
#@# Parcellation Stats 2 rh Tue Mar 10 06:04:17 CET 2026
#@# Parcellation Stats 3 rh Tue Mar 10 06:04:25 CET 2026
#@# BA_exvivo Labels rh Tue Mar 10 06:04:32 CET 2026
recon-all -s sub-v1s5x0050723_ses-1 finished without error at Tue Mar 10 06:06:51 CET 2026
