/out/sourcedata/freesurfer/sub-v1s5x0050746_ses-1/mri
/opt/freesurfer/bin/talairach_avi
--i orig_nu.mgz --xfm transforms/talairach.auto.xfm
talairach_avi 7.3.2
Linux dna065 5.14.0-427.37.1.el9_4.x86_64 #1 SMP PREEMPT_DYNAMIC Fri Sep 13 12:41:50 EDT 2024 x86_64 x86_64 x86_64 GNU/Linux
Tue Mar 10 04:55:32 CET 2026
mri_convert orig_nu.mgz talsrcimg.img 
reading from orig_nu.mgz...
TR=0.00, TE=0.00, TI=0.00, flip angle=0.00
i_ras = (-1, -1.73459e-08, 9.31323e-10)
j_ras = (9.31323e-10, 7.45058e-09, -1)
k_ras = (9.77889e-09, 1, 0)
writing to talsrcimg.img...
Analyze Output Matrix
-1.00000   0.00000   0.00000   128.24861;
-0.00000   0.00000   1.00000  -123.06616;
 0.00000  -1.00000   0.00000   138.80698;
 0.00000   0.00000   0.00000   1.00000;
--------------------
INFO: set hdr.hist.orient to -1
mpr2mni305 talsrcimg
Tue Mar 10 04:55:32 CET 2026
/opt/freesurfer/bin/mpr2mni305 talsrcimg
mpr2mni305 7.3.2
target=711-2C_as_mni_average_305

---------------------------------------------------------------------
analyzeto4dfp talsrcimg -O0 -y
---------------------------------------------------------------------

freesurfer ifh2hdr.c
Tue Mar 10 04:55:32 2026
Writing: talsrcimg.4dfp.hdr
freesurfer analyzeto4dfp.c
Reading: talsrcimg.hdr
header size 348 bytes
hdr.dime.datatype	offset=70	value=2
hdr.dime.bitpix		offset=72	value=8
hdr.hist.orient		offset=252	value=-1
dimensionality     4
dimensions       256       256       256         1
Reading: talsrcimg.img
Writing: talsrcimg.4dfp.img
Writing: talsrcimg.4dfp.ifh
ifh2hdr talsrcimg -r0to237
ori=2

---------------------------------------------------------------------
gauss_4dfp talsrcimg 1.1
---------------------------------------------------------------------

freesurfer gauss_4dfp.c
Reading: talsrcimg.4dfp.img
Writing: talsrcimg_g11.4dfp.img
image dimensions 256 256 256 padded to 288 288 288
processing volume 1freesurfer ifh2hdr.c
Tue Mar 10 04:55:34 2026
Writing: talsrcimg_g11.4dfp.hdr

Writing: talsrcimg_g11.4dfp.ifh
including: talsrcimg.4dfp.img.rec in talsrcimg_g11.4dfp.img.rec

---------------------------------------------------------------------
imgreg_4dfp /opt/freesurfer/average/711-2C_as_mni_average_305 none talsrcimg_g11 none talsrcimg_to_711-2C_as_mni_average_305_t4 4355
---------------------------------------------------------------------

freesurfer imgreg_4dfp.c
/opt/freesurfer/average/711-2C_as_mni_average_305.4dfp.img
       256       256       256         1
  1.000000  1.000000  1.000000
orientation T byte_order littleendian
Reading image: /opt/freesurfer/average/711-2C_as_mni_average_305.4dfp.img
dimensions:      256       256       256
mmppix:       1.0000   -1.0000   -1.0000
center:     128.0000 -129.0000 -129.0000
talsrcimg_g11.4dfp.img
       256       256       256         1
  1.000000  1.000000  1.000000
orientation T byte_order littleendian
Reading image: talsrcimg_g11.4dfp.img
dimensions:      256       256       256
mmppix:       1.0000   -1.0000   -1.0000
center:     128.0000 -129.0000 -129.0000
t4_read: open error in t4_sub.f l:  41 t4_file(1:l)talsrcimg_to_711-2C_as_mni_average_305_t4 
t4_read: transform initialized to I4
rotation matrix determinant  1.000000
image alignment mode   4355 decimal     1103 hex
   -7.5000  -45.0000  -45.0000 8943.1895   15.2618
    0.0000  -45.0000  -45.0000 9314.1465   15.2800
    7.5000  -45.0000  -45.0000 8978.3369   15.2891
   -7.5000  -37.5000  -45.0000 9393.5928   15.1484
    0.0000  -37.5000  -45.0000 9797.1953   15.1647
    7.5000  -37.5000  -45.0000 9442.9023   15.1737
   -7.5000  -30.0000  -45.000010253.7725   15.0986
    0.0000  -30.0000  -45.000010733.0469   15.1132
    7.5000  -30.0000  -45.000010336.3936   15.1173
   -7.5000  -22.5000  -45.000011027.2520   15.0915
    0.0000  -22.5000  -45.000011549.0410   15.1073
    7.5000  -22.5000  -45.000011112.2109   15.1065
   -7.5000  -15.0000  -45.000011494.8906   15.0764
    0.0000  -15.0000  -45.000012046.5068   15.0951
    7.5000  -15.0000  -45.000011599.2900   15.0930
   -7.5000   -7.5000  -45.000011883.0879   15.0609
    0.0000   -7.5000  -45.000012468.1562   15.0804
    7.5000   -7.5000  -45.000011985.1396   15.0836
   -7.5000    0.0000  -45.000012124.2900   15.0586
    0.0000    0.0000  -45.000012744.6338   15.0770
    7.5000    0.0000  -45.000012226.2578   15.0861
   -7.5000    7.5000  -45.000011428.9268   15.0756
    0.0000    7.5000  -45.000012038.3369   15.0919
    7.5000    7.5000  -45.000011565.6514   15.1008
   -7.5000   15.0000  -45.000010666.1094   15.0928
    0.0000   15.0000  -45.000011247.6650   15.1074
    7.5000   15.0000  -45.000010812.8555   15.1115
   -7.5000   22.5000  -45.0000 9864.8604   15.1403
    0.0000   22.5000  -45.000010417.8506   15.1553
    7.5000   22.5000  -45.000010015.4326   15.1539
   -7.5000   30.0000  -45.0000 9227.1670   15.3901
    0.0000   30.0000  -45.0000 9759.6191   15.4112
    7.5000   30.0000  -45.0000 9390.7588   15.4131
   -7.5000   37.5000  -45.0000 8933.0674   15.8543
    0.0000   37.5000  -45.0000 9446.4463   15.8656
    7.5000   37.5000  -45.0000 9091.8223   15.8756
   -7.5000   45.0000  -45.0000 8291.2305   15.9600
    0.0000   45.0000  -45.0000 8748.1934   15.9731
    7.5000   45.0000  -45.0000 8426.3164   15.9853
   -7.5000  -45.0000  -37.5000 9425.0000   15.2438
    0.0000  -45.0000  -37.5000 9845.3975   15.2624
    7.5000  -45.0000  -37.5000 9469.3418   15.2731
   -7.5000  -37.5000  -37.5000 9934.5625   15.1350
    0.0000  -37.5000  -37.500010384.7490   15.1505
    7.5000  -37.5000  -37.5000 9975.8682   15.1601
   -7.5000  -30.0000  -37.500010880.9336   15.0862
    0.0000  -30.0000  -37.500011396.8574   15.1000
    7.5000  -30.0000  -37.500010942.4883   15.1042
   -7.5000  -22.5000  -37.500011684.8115   15.0746
    0.0000  -22.5000  -37.500012258.6934   15.0913
    7.5000  -22.5000  -37.500011753.7979   15.0905
   -7.5000  -15.0000  -37.500012176.7715   15.0532
    0.0000  -15.0000  -37.500012774.8916   15.0744
    7.5000  -15.0000  -37.500012267.2451   15.0734
   -7.5000   -7.5000  -37.500012569.8125   15.0373
    0.0000   -7.5000  -37.500013204.4814   15.0591
    7.5000   -7.5000  -37.500012687.2090   15.0641
   -7.5000    0.0000  -37.500012850.9814   15.0404
    0.0000    0.0000  -37.500013524.8096   15.0593
    7.5000    0.0000  -37.500012980.5430   15.0701
   -7.5000    7.5000  -37.500012114.7969   15.0624
    0.0000    7.5000  -37.500012795.9912   15.0779
    7.5000    7.5000  -37.500012292.3320   15.0874
   -7.5000   15.0000  -37.500011293.8096   15.0805
    0.0000   15.0000  -37.500011942.5635   15.0943
    7.5000   15.0000  -37.500011474.4854   15.0985
   -7.5000   22.5000  -37.500010420.1797   15.1213
    0.0000   22.5000  -37.500011033.3311   15.1375
    7.5000   22.5000  -37.500010586.0293   15.1366
   -7.5000   30.0000  -37.5000 9727.7910   15.3588
    0.0000   30.0000  -37.500010310.1885   15.3819
    7.5000   30.0000  -37.5000 9916.5156   15.3838
   -7.5000   37.5000  -37.5000 9434.5664   15.8168
    0.0000   37.5000  -37.5000 9997.0059   15.8314
    7.5000   37.5000  -37.5000 9624.1982   15.8425
   -7.5000   45.0000  -37.5000 8770.8125   15.9233
    0.0000   45.0000  -37.5000 9264.9688   15.9387
    7.5000   45.0000  -37.5000 8936.8145   15.9536
   -7.5000  -45.0000  -30.000010059.1396   15.8497
    0.0000  -45.0000  -30.000010538.7051   15.8720
    7.5000  -45.0000  -30.000010104.0605   15.8860
   -7.5000  -37.5000  -30.000010623.3506   15.7352
    0.0000  -37.5000  -30.000011146.4307   15.7553
    7.5000  -37.5000  -30.000010679.7256   15.7680
   -7.5000  -30.0000  -30.000011687.9277   15.6841
    0.0000  -30.0000  -30.000012256.1973   15.7053
    7.5000  -30.0000  -30.000011742.0557   15.7120
   -7.5000  -22.5000  -30.000012523.1221   15.6725
    0.0000  -22.5000  -30.000013123.6406   15.6984
    7.5000  -22.5000  -30.000012548.7871   15.7003
   -7.5000  -15.0000  -30.000013025.7959   15.6502
    0.0000  -15.0000  -30.000013672.9111   15.6801
    7.5000  -15.0000  -30.000013092.6699   15.6824
   -7.5000   -7.5000  -30.000013451.6035   15.6341
    0.0000   -7.5000  -30.000014152.8711   15.6618
    7.5000   -7.5000  -30.000013573.8525   15.6704
   -7.5000    0.0000  -30.000013726.9551   15.6381
    0.0000    0.0000  -30.000014464.7441   15.6606
    7.5000    0.0000  -30.000013889.4082   15.6747
   -7.5000    7.5000  -30.000012961.4248   15.6599
    0.0000    7.5000  -30.000013696.9189   15.6800
    7.5000    7.5000  -30.000013169.8486   15.6926
   -7.5000   15.0000  -30.000012094.6133   15.6782
    0.0000   15.0000  -30.000012824.3848   15.6993
    7.5000   15.0000  -30.000012306.1426   15.7061
   -7.5000   22.5000  -30.000011142.9277   15.7178
    0.0000   22.5000  -30.000011819.2441   15.7438
    7.5000   22.5000  -30.000011352.3271   15.7457
   -7.5000   30.0000  -30.000010381.1240   15.9670
    0.0000   30.0000  -30.000011038.5664   15.9979
    7.5000   30.0000  -30.000010604.4980   16.0019
   -7.5000   37.5000  -30.000010051.2930   16.4468
    0.0000   37.5000  -30.000010683.9395   16.4657
    7.5000   37.5000  -30.000010304.0664   16.4792
   -7.5000   45.0000  -30.0000 9333.8730   16.5714
    0.0000   45.0000  -30.0000 9888.5791   16.5900
    7.5000   45.0000  -30.0000 9549.2324   16.6088
   -7.5000  -45.0000  -22.500010697.4287   16.3593
    0.0000  -45.0000  -22.500011212.6074   16.3856
    7.5000  -45.0000  -22.500010762.4580   16.4014
   -7.5000  -37.5000  -22.500011313.3096   16.2344
    0.0000  -37.5000  -22.500011869.4863   16.2614
    7.5000  -37.5000  -22.500011386.2090   16.2762
   -7.5000  -30.0000  -22.500012437.9277   16.1791
    0.0000  -30.0000  -22.500013037.0020   16.2097
    7.5000  -30.0000  -22.500012514.0205   16.2190
   -7.5000  -22.5000  -22.500013302.7354   16.1719
    0.0000  -22.5000  -22.500013946.9570   16.2070
    7.5000  -22.5000  -22.500013355.0791   16.2120
   -7.5000  -15.0000  -22.500013847.0635   16.1562
    0.0000  -15.0000  -22.500014554.8818   16.1925
    7.5000  -15.0000  -22.500013935.2383   16.1978
   -7.5000   -7.5000  -22.500014294.3301   16.1418
    0.0000   -7.5000  -22.500015074.8389   16.1732
    7.5000   -7.5000  -22.500014439.9482   16.1841
   -7.5000    0.0000  -22.500014560.7109   16.1412
    0.0000    0.0000  -22.500015378.0049   16.1677
    7.5000    0.0000  -22.500014761.8857   16.1835
   -7.5000    7.5000  -22.500013732.7100   16.1569
    0.0000    7.5000  -22.500014572.5713   16.1837
    7.5000    7.5000  -22.500013990.3398   16.1984
   -7.5000   15.0000  -22.500012834.1045   16.1729
    0.0000   15.0000  -22.500013657.9912   16.2036
    7.5000   15.0000  -22.500013099.3652   16.2129
   -7.5000   22.5000  -22.500011827.9971   16.2183
    0.0000   22.5000  -22.500012590.7139   16.2537
    7.5000   22.5000  -22.500012097.4033   16.2586
   -7.5000   30.0000  -22.500011011.7559   16.4928
    0.0000   30.0000  -22.500011743.8203   16.5294
    7.5000   30.0000  -22.500011290.9941   16.5361
   -7.5000   37.5000  -22.500010643.3135   17.0003
    0.0000   37.5000  -22.500011328.7881   17.0199
    7.5000   37.5000  -22.500010937.4795   17.0350
   -7.5000   45.0000  -22.5000 9859.5059   17.1426
    0.0000   45.0000  -22.500010479.1777   17.1628
    7.5000   45.0000  -22.500010136.0684   17.1826
   -7.5000  -45.0000  -15.000011316.5195   16.7475
    0.0000  -45.0000  -15.000011871.1699   16.7742
    7.5000  -45.0000  -15.000011396.7275   16.7890
   -7.5000  -37.5000  -15.000011966.7891   16.6146
    0.0000  -37.5000  -15.000012573.2676   16.6438
    7.5000  -37.5000  -15.000012053.7900   16.6580
   -7.5000  -30.0000  -15.000013117.7480   16.5573
    0.0000  -30.0000  -15.000013778.1152   16.5905
    7.5000  -30.0000  -15.000013225.4727   16.5999
   -7.5000  -22.5000  -15.000013999.0381   16.5552
    0.0000  -22.5000  -15.000014684.0371   16.5913
    7.5000  -22.5000  -15.000014082.5410   16.5968
   -7.5000  -15.0000  -15.000014601.5693   16.5461
    0.0000  -15.0000  -15.000015328.0420   16.5814
    7.5000  -15.0000  -15.000014689.5879   16.5865
   -7.5000   -7.5000  -15.000015065.8730   16.5317
    0.0000   -7.5000  -15.000015865.7324   16.5618
    7.5000   -7.5000  -15.000015210.9092   16.5716
   -7.5000    0.0000  -15.000015373.9150   16.5250
    0.0000    0.0000  -15.000016212.1387   16.5516
    7.5000    0.0000  -15.000015594.9756   16.5663
   -7.5000    7.5000  -15.000014473.9648   16.5353
    0.0000    7.5000  -15.000015353.2275   16.5642
    7.5000    7.5000  -15.000014777.1973   16.5783
   -7.5000   15.0000  -15.000013519.7041   16.5510
    0.0000   15.0000  -15.000014385.6191   16.5841
    7.5000   15.0000  -15.000013848.7637   16.5936
   -7.5000   22.5000  -15.000012469.4512   16.6044
    0.0000   22.5000  -15.000013324.5322   16.6403
    7.5000   22.5000  -15.000012813.6504   16.6454
   -7.5000   30.0000  -15.000011591.9824   16.9023
    0.0000   30.0000  -15.000012399.2676   16.9383
    7.5000   30.0000  -15.000011955.4736   16.9458
   -7.5000   37.5000  -15.000011211.7764   17.4284
    0.0000   37.5000  -15.000011923.0186   17.4450
    7.5000   37.5000  -15.000011528.2529   17.4597
   -7.5000   45.0000  -15.000010399.3389   17.5806
    0.0000   45.0000  -15.000011057.6406   17.5988
    7.5000   45.0000  -15.000010695.3330   17.6163
   -7.5000  -45.0000   -7.500011943.7773   16.9823
    0.0000  -45.0000   -7.500012553.4141   17.0052
    7.5000  -45.0000   -7.500012055.3799   17.0171
   -7.5000  -37.5000   -7.500012614.8877   16.8497
    0.0000  -37.5000   -7.500013267.7061   16.8737
    7.5000  -37.5000   -7.500012739.9092   16.8855
   -7.5000  -30.0000   -7.500013810.2051   16.7932
    0.0000  -30.0000   -7.500014512.3203   16.8184
    7.5000  -30.0000   -7.500013943.7295   16.8256
   -7.5000  -22.5000   -7.500014662.7461   16.7912
    0.0000  -22.5000   -7.500015392.6113   16.8180
    7.5000  -22.5000   -7.500014796.1230   16.8203
   -7.5000  -15.0000   -7.500015286.3633   16.7812
    0.0000  -15.0000   -7.500016073.5332   16.8084
    7.5000  -15.0000   -7.500015434.5713   16.8095
   -7.5000   -7.5000   -7.500015806.8496   16.7649
    0.0000   -7.5000   -7.500016669.5742   16.7897
    7.5000   -7.5000   -7.500015978.7441   16.7955
   -7.5000    0.0000   -7.500016204.8564   16.7568
    0.0000    0.0000   -7.500017134.7852   16.7799
    7.5000    0.0000   -7.500016463.4414   16.7916
   -7.5000    7.5000   -7.500015291.7266   16.7691
    0.0000    7.5000   -7.500016227.2480   16.7929
    7.5000    7.5000   -7.500015651.2627   16.8046
   -7.5000   15.0000   -7.500014271.9102   16.7868
    0.0000   15.0000   -7.500015194.0742   16.8120
    7.5000   15.0000   -7.500014653.4844   16.8191
   -7.5000   22.5000   -7.500013143.3066   16.8405
    0.0000   22.5000   -7.500014042.9482   16.8667
    7.5000   22.5000   -7.500013557.6260   16.8684
   -7.5000   30.0000   -7.500012216.9453   17.1429
    0.0000   30.0000   -7.500013052.3604   17.1717
    7.5000   30.0000   -7.500012618.0127   17.1768
   -7.5000   37.5000   -7.500011788.4570   17.6693
    0.0000   37.5000   -7.500012547.7588   17.6820
    7.5000   37.5000   -7.500012147.3877   17.6944
   -7.5000   45.0000   -7.500010938.3623   17.8221
    0.0000   45.0000   -7.500011655.5654   17.8368
    7.5000   45.0000   -7.500011276.6309   17.8510
   -7.5000  -45.0000    0.000012455.1523   17.0585
    0.0000  -45.0000    0.000013090.8135   17.0788
    7.5000  -45.0000    0.000012632.4141   17.0889
   -7.5000  -37.5000    0.000013166.9453   16.9319
    0.0000  -37.5000    0.000013827.5293   16.9501
    7.5000  -37.5000    0.000013338.2734   16.9601
   -7.5000  -30.0000    0.000014375.1660   16.8763
    0.0000  -30.0000    0.000015063.0771   16.8926
    7.5000  -30.0000    0.000014521.8691   16.8972
   -7.5000  -22.5000    0.000015208.3252   16.8685
    0.0000  -22.5000    0.000015943.1504   16.8860
    7.5000  -22.5000    0.000015345.4980   16.8850
   -7.5000  -15.0000    0.000015856.9883   16.8515
    0.0000  -15.0000    0.000016692.0273   16.8724
    7.5000  -15.0000    0.000016039.0244   16.8699
   -7.5000   -7.5000    0.000016444.1875   16.8342
    0.0000   -7.5000    0.000017380.4160   16.8559
    7.5000   -7.5000    0.000016701.8652   16.8594
   -7.5000    0.0000    0.000016977.3984   16.8317
    0.0000    0.0000    0.000018079.4883   16.8521
    7.5000    0.0000    0.000017404.0391   16.8623
   -7.5000    7.5000    0.000016149.3613   16.8507
    0.0000    7.5000    0.000017265.6699   16.8689
    7.5000    7.5000    0.000016679.7832   16.8787
   -7.5000   15.0000    0.000015130.1172   16.8699
    0.0000   15.0000    0.000016167.1084   16.8862
    7.5000   15.0000    0.000015592.3975   16.8907
   -7.5000   22.5000    0.000013909.7725   16.9174
    0.0000   22.5000    0.000014883.7158   16.9341
    7.5000   22.5000    0.000014374.7842   16.9325
   -7.5000   30.0000    0.000012865.3320   17.2082
    0.0000   30.0000    0.000013763.8486   17.2316
    7.5000   30.0000    0.000013292.9570   17.2338
   -7.5000   37.5000    0.000012382.3926   17.7266
    0.0000   37.5000    0.000013196.6426   17.7391
    7.5000   37.5000    0.000012747.0352   17.7502
   -7.5000   45.0000    0.000011481.5391   17.8791
    0.0000   45.0000    0.000012239.4648   17.8937
    7.5000   45.0000    0.000011815.4961   17.9073
   -7.5000  -45.0000    7.500012016.0859   17.0570
    0.0000  -45.0000    7.500012626.9971   17.0777
    7.5000  -45.0000    7.500012246.7529   17.0897
   -7.5000  -37.5000    7.500012740.2012   16.9351
    0.0000  -37.5000    7.500013378.5459   16.9524
    7.5000  -37.5000    7.500012966.3594   16.9632
   -7.5000  -30.0000    7.500013925.7266   16.8805
    0.0000  -30.0000    7.500014565.6016   16.8960
    7.5000  -30.0000    7.500014131.1602   16.9007
   -7.5000  -22.5000    7.500014735.6279   16.8677
    0.0000  -22.5000    7.500015409.4902   16.8863
    7.5000  -22.5000    7.500014933.4961   16.8854
   -7.5000  -15.0000    7.500015401.2285   16.8438
    0.0000  -15.0000    7.500016144.7227   16.8675
    7.5000  -15.0000    7.500015622.6826   16.8663
   -7.5000   -7.5000    7.500015967.3643   16.8259
    0.0000   -7.5000    7.500016875.7285   16.8503
    7.5000   -7.5000    7.500016274.8438   16.8560
   -7.5000    0.0000    7.500016499.0000   16.8294
    0.0000    0.0000    7.500017638.8398   16.8505
    7.5000    0.0000    7.500016937.9414   16.8626
   -7.5000    7.5000    7.500015768.4941   16.8539
    0.0000    7.5000    7.500016904.7695   16.8713
    7.5000    7.5000    7.500016184.8887   16.8819
   -7.5000   15.0000    7.500014851.5615   16.8742
    0.0000   15.0000    7.500015964.8760   16.8896
    7.5000   15.0000    7.500015195.5293   16.8942
   -7.5000   22.5000    7.500013660.3369   16.9144
    0.0000   22.5000    7.500014707.3242   16.9326
    7.5000   22.5000    7.500014005.3750   16.9314
   -7.5000   30.0000    7.500012520.8994   17.1923
    0.0000   30.0000    7.500013426.2832   17.2182
    7.5000   30.0000    7.500012863.8857   17.2203
   -7.5000   37.5000    7.500011964.0889   17.7050
    0.0000   37.5000    7.500012770.2295   17.7214
    7.5000   37.5000    7.500012302.1787   17.7338
   -7.5000   45.0000    7.500011051.1436   17.8591
    0.0000   45.0000    7.500011776.0049   17.8764
    7.5000   45.0000    7.500011341.8633   17.8931
   -7.5000  -45.0000   15.000011552.3535   17.0199
    0.0000  -45.0000   15.000012084.1016   17.0438
    7.5000  -45.0000   15.000011826.7949   17.0588
   -7.5000  -37.5000   15.000012278.6426   16.8970
    0.0000  -37.5000   15.000012843.8408   16.9186
    7.5000  -37.5000   15.000012562.6133   16.9321
   -7.5000  -30.0000   15.000013413.9785   16.8421
    0.0000  -30.0000   15.000014024.6924   16.8648
    7.5000  -30.0000   15.000013664.5664   16.8721
   -7.5000  -22.5000   15.000014150.4229   16.8296
    0.0000  -22.5000   15.000014829.3447   16.8574
    7.5000  -22.5000   15.000014389.7559   16.8595
   -7.5000  -15.0000   15.000014773.2324   16.8056
    0.0000  -15.0000   15.000015530.3164   16.8378
    7.5000  -15.0000   15.000014991.8584   16.8403
   -7.5000   -7.5000   15.000015287.3760   16.7884
    0.0000   -7.5000   15.000016197.5322   16.8181
    7.5000   -7.5000   15.000015543.8330   16.8274
   -7.5000    0.0000   15.000015710.0547   16.7926
    0.0000    0.0000   15.000016783.5332   16.8168
    7.5000    0.0000   15.000016011.4121   16.8319
   -7.5000    7.5000   15.000014966.3379   16.8161
    0.0000    7.5000   15.000016046.7881   16.8377
    7.5000    7.5000   15.000015187.5811   16.8512
   -7.5000   15.0000   15.000014089.0664   16.8357
    0.0000   15.0000   15.000015163.2607   16.8584
    7.5000   15.0000   15.000014304.1416   16.8657
   -7.5000   22.5000   15.000013024.1143   16.8745
    0.0000   22.5000   15.000014033.7236   16.9025
    7.5000   22.5000   15.000013265.7441   16.9045
   -7.5000   30.0000   15.000011953.5674   17.1509
    0.0000   30.0000   15.000012843.1807   17.1841
    7.5000   30.0000   15.000012234.5752   17.1884
   -7.5000   37.5000   15.000011426.4326   17.6663
    0.0000   37.5000   15.000012185.9814   17.6865
    7.5000   37.5000   15.000011704.2471   17.7010
   -7.5000   45.0000   15.000010570.1289   17.8237
    0.0000   45.0000   15.000011214.6328   17.8437
    7.5000   45.0000   15.000010810.6465   17.8639
   -7.5000  -45.0000   22.500010960.9131   16.9822
    0.0000  -45.0000   22.500011485.9746   17.0096
    7.5000  -45.0000   22.500011201.4268   17.0260
   -7.5000  -37.5000   22.500011636.7695   16.8526
    0.0000  -37.5000   22.500012208.6846   16.8807
    7.5000  -37.5000   22.500011885.2266   16.8960
   -7.5000  -30.0000   22.500012715.3818   16.7952
    0.0000  -30.0000   22.500013313.4385   16.8270
    7.5000  -30.0000   22.500012906.8574   16.8367
   -7.5000  -22.5000   22.500013400.7803   16.7877
    0.0000  -22.5000   22.500014021.8691   16.8242
    7.5000  -22.5000   22.500013577.1455   16.8293
   -7.5000  -15.0000   22.500013936.0332   16.7715
    0.0000  -15.0000   22.500014628.0410   16.8092
    7.5000  -15.0000   22.500014139.8008   16.8146
   -7.5000   -7.5000   22.500014415.8037   16.7565
    0.0000   -7.5000   22.500015174.0225   16.7891
    7.5000   -7.5000   22.500014646.2930   16.8004
   -7.5000    0.0000   22.500014764.5703   16.7559
    0.0000    0.0000   22.500015595.3008   16.7833
    7.5000    0.0000   22.500015001.0322   16.7998
   -7.5000    7.5000   22.500014018.2012   16.7721
    0.0000    7.5000   22.500014786.6543   16.8000
    7.5000    7.5000   22.500014170.5586   16.8152
   -7.5000   15.0000   22.500013127.2158   16.7888
    0.0000   15.0000   22.500013851.6592   16.8206
    7.5000   15.0000   22.500013284.7354   16.8303
   -7.5000   22.5000   22.500012155.7490   16.8334
    0.0000   22.5000   22.500012887.6064   16.8701
    7.5000   22.5000   22.500012357.8848   16.8752
   -7.5000   30.0000   22.500011236.6719   17.1232
    0.0000   30.0000   22.500011952.7471   17.1613
    7.5000   30.0000   22.500011470.1836   17.1682
   -7.5000   37.5000   22.500010792.6143   17.6501
    0.0000   37.5000   22.500011460.4326   17.6705
    7.5000   37.5000   22.500011017.4951   17.6862
   -7.5000   45.0000   22.500010004.3994   17.8109
    0.0000   45.0000   22.500010628.0615   17.8318
    7.5000   45.0000   22.500010216.2598   17.8524
   -7.5000  -45.0000   30.000010240.3750   17.0062
    0.0000  -45.0000   30.000010718.2715   17.0333
    7.5000  -45.0000   30.000010439.8975   17.0483
   -7.5000  -37.5000   30.000010857.3184   16.8709
    0.0000  -37.5000   30.000011349.6787   16.9007
    7.5000  -37.5000   30.000011059.6504   16.9151
   -7.5000  -30.0000   30.000011841.3008   16.8125
    0.0000  -30.0000   30.000012353.5908   16.8464
    7.5000  -30.0000   30.000011994.1982   16.8561
   -7.5000  -22.5000   30.000012467.9414   16.8105
    0.0000  -22.5000   30.000012985.8105   16.8473
    7.5000  -22.5000   30.000012611.7217   16.8529
   -7.5000  -15.0000   30.000012957.5283   16.8012
    0.0000  -15.0000   30.000013548.6826   16.8373
    7.5000  -15.0000   30.000013153.1992   16.8425
   -7.5000   -7.5000   30.000013388.4482   16.7867
    0.0000   -7.5000   30.000014041.9268   16.8173
    7.5000   -7.5000   30.000013610.4385   16.8273
   -7.5000    0.0000   30.000013690.9717   16.7799
    0.0000    0.0000   30.000014386.8232   16.8070
    7.5000    0.0000   30.000013877.2383   16.8219
   -7.5000    7.5000   30.000012953.6016   16.7902
    0.0000    7.5000   30.000013589.6504   16.8197
    7.5000    7.5000   30.000013083.0410   16.8341
   -7.5000   15.0000   30.000012119.9238   16.8062
    0.0000   15.0000   30.000012690.1816   16.8400
    7.5000   15.0000   30.000012233.4170   16.8497
   -7.5000   22.5000   30.000011231.4824   16.8587
    0.0000   22.5000   30.000011793.1533   16.8953
    7.5000   22.5000   30.000011383.9814   16.9006
   -7.5000   30.0000   30.000010435.3223   17.1639
    0.0000   30.0000   30.000010991.3438   17.2006
    7.5000   30.0000   30.000010616.7451   17.2083
   -7.5000   37.5000   30.000010087.3760   17.6992
    0.0000   37.5000   30.000010623.3613   17.7161
    7.5000   37.5000   30.000010255.1357   17.7311
   -7.5000   45.0000   30.0000 9385.2471   17.8596
    0.0000   45.0000   30.0000 9904.0234   17.8781
    7.5000   45.0000   30.0000 9583.3447   17.8958
   -7.5000  -45.0000   37.5000 9856.3906   17.1607
    0.0000  -45.0000   37.500010322.8281   17.1840
    7.5000  -45.0000   37.500010038.2520   17.1957
   -7.5000  -37.5000   37.500010440.9736   17.0255
    0.0000  -37.5000   37.500010923.6133   17.0498
    7.5000  -37.5000   37.500010631.5391   17.0615
   -7.5000  -30.0000   37.500011335.2012   16.9677
    0.0000  -30.0000   37.500011847.6553   16.9934
    7.5000  -30.0000   37.500011520.7432   17.0006
   -7.5000  -22.5000   37.500011919.4287   16.9657
    0.0000  -22.5000   37.500012447.3594   16.9931
    7.5000  -22.5000   37.500012094.6328   16.9956
   -7.5000  -15.0000   37.500012406.9736   16.9558
    0.0000  -15.0000   37.500012977.3252   16.9835
    7.5000  -15.0000   37.500012602.9004   16.9847
   -7.5000   -7.5000   37.500012797.1973   16.9393
    0.0000   -7.5000   37.500013438.6758   16.9645
    7.5000   -7.5000   37.500013026.4990   16.9704
   -7.5000    0.0000   37.500013091.0469   16.9310
    0.0000    0.0000   37.500013755.7764   16.9544
    7.5000    0.0000   37.500013295.8643   16.9660
   -7.5000    7.5000   37.500012375.7354   16.9433
    0.0000    7.5000   37.500012962.6953   16.9674
    7.5000    7.5000   37.500012506.3730   16.9791
   -7.5000   15.0000   37.500011542.8809   16.9613
    0.0000   15.0000   37.500012068.7471   16.9868
    7.5000   15.0000   37.500011644.6719   16.9940
   -7.5000   22.5000   37.500010700.6963   17.0161
    0.0000   22.5000   37.500011215.6406   17.0428
    7.5000   22.5000   37.500010844.0371   17.0446
   -7.5000   30.0000   37.500010010.8145   17.3267
    0.0000   30.0000   37.500010504.4297   17.3562
    7.5000   30.0000   37.500010157.0566   17.3615
   -7.5000   37.5000   37.5000 9711.1416   17.8636
    0.0000   37.5000   37.500010180.1758   17.8767
    7.5000   37.5000   37.5000 9835.6982   17.8892
   -7.5000   45.0000   37.5000 9037.9180   18.0243
    0.0000   45.0000   37.5000 9486.0273   18.0392
    7.5000   45.0000   37.5000 9184.5635   18.0533
   -7.5000  -45.0000   45.0000 9070.0674   17.4175
    0.0000  -45.0000   45.0000 9531.6768   17.4392
    7.5000  -45.0000   45.0000 9234.5352   17.4506
   -7.5000  -37.5000   45.0000 9607.4424   17.2856
    0.0000  -37.5000   45.000010075.6211   17.3054
    7.5000  -37.5000   45.0000 9765.3428   17.3165
   -7.5000  -30.0000   45.000010415.3906   17.2293
    0.0000  -30.0000   45.000010912.1758   17.2474
    7.5000  -30.0000   45.000010577.8926   17.2527
   -7.5000  -22.5000   45.000010931.2236   17.2224
    0.0000  -22.5000   45.000011460.3682   17.2417
    7.5000  -22.5000   45.000011117.7568   17.2412
   -7.5000  -15.0000   45.000011369.6113   17.2040
    0.0000  -15.0000   45.000011931.4443   17.2265
    7.5000  -15.0000   45.000011578.9590   17.2247
   -7.5000   -7.5000   45.000011730.8799   17.1837
    0.0000   -7.5000   45.000012314.4072   17.2068
    7.5000   -7.5000   45.000011947.0264   17.2114
   -7.5000    0.0000   45.000011983.6592   17.1796
    0.0000    0.0000   45.000012565.6748   17.2014
    7.5000    0.0000   45.000012191.2715   17.2128
   -7.5000    7.5000   45.000011303.2461   17.2004
    0.0000    7.5000   45.000011828.9541   17.2202
    7.5000    7.5000   45.000011463.9131   17.2311
   -7.5000   15.0000   45.000010532.0117   17.2226
    0.0000   15.0000   45.000011019.3848   17.2406
    7.5000   15.0000   45.000010654.1240   17.2459
   -7.5000   22.5000   45.0000 9790.3965   17.2739
    0.0000   22.5000   45.000010242.0137   17.2922
    7.5000   22.5000   45.0000 9905.8701   17.2913
   -7.5000   30.0000   45.0000 9179.9639   17.5764
    0.0000   30.0000   45.0000 9612.6553   17.6016
    7.5000   30.0000   45.0000 9318.6133   17.6048
   -7.5000   37.5000   45.0000 8900.5830   18.1137
    0.0000   37.5000   45.0000 9336.3672   18.1273
    7.5000   37.5000   45.0000 9040.6660   18.1399
   -7.5000   45.0000   45.0000 8303.5488   18.2912
    0.0000   45.0000   45.0000 8727.7422   18.3071
    7.5000   45.0000   45.0000 8443.9893   18.3223

---------------------------------------------------------------------
imgreg_4dfp /opt/freesurfer/average/711-2C_as_mni_average_305 /opt/freesurfer/average/711-2B_as_mni_average_305_mask talsrcimg_g11 none talsrcimg_to_711-2C_as_mni_average_305_t4 4355
---------------------------------------------------------------------

freesurfer imgreg_4dfp.c
/opt/freesurfer/average/711-2C_as_mni_average_305.4dfp.img
       256       256       256         1
  1.000000  1.000000  1.000000
orientation T byte_order littleendian
Reading image: /opt/freesurfer/average/711-2C_as_mni_average_305.4dfp.img
dimensions:      256       256       256
mmppix:       1.0000   -1.0000   -1.0000
center:     128.0000 -129.0000 -129.0000
/opt/freesurfer/average/711-2B_as_mni_average_305_mask.4dfp.img
       256       256       256         1
  1.000000  1.000000  1.000000
orientation T byte_order littleendian
Reading mask: /opt/freesurfer/average/711-2B_as_mni_average_305_mask.4dfp.img (2306576 pixels)
talsrcimg_g11.4dfp.img
       256       256       256         1
  1.000000  1.000000  1.000000
orientation T byte_order littleendian
Reading image: talsrcimg_g11.4dfp.img
dimensions:      256       256       256
mmppix:       1.0000   -1.0000   -1.0000
center:     128.0000 -129.0000 -129.0000
rotation matrix determinant  1.000000
image alignment mode   4355 decimal     1103 hex
   -7.5000  -45.0000  -45.0000 2221.1609   19.6191
    0.0000  -45.0000  -45.0000 2230.3372   19.5207
    7.5000  -45.0000  -45.0000 2218.6853   19.7270
   -7.5000  -37.5000  -45.0000 2230.4895   19.2202
    0.0000  -37.5000  -45.0000 2240.7935   19.1104
    7.5000  -37.5000  -45.0000 2229.6450   19.2510
   -7.5000  -30.0000  -45.0000 2253.4832   18.9127
    0.0000  -30.0000  -45.0000 2267.2515   18.8238
    7.5000  -30.0000  -45.0000 2248.9180   18.9298
   -7.5000  -22.5000  -45.0000 2277.6033   18.7129
    0.0000  -22.5000  -45.0000 2290.9729   18.6508
    7.5000  -22.5000  -45.0000 2276.2407   18.7760
   -7.5000  -15.0000  -45.0000 2288.0610   18.5983
    0.0000  -15.0000  -45.0000 2308.7371   18.5389
    7.5000  -15.0000  -45.0000 2292.6978   18.6450
   -7.5000   -7.5000  -45.0000 2294.8250   18.5268
    0.0000   -7.5000  -45.0000 2315.3643   18.4409
    7.5000   -7.5000  -45.0000 2298.6748   18.4969
   -7.5000    0.0000  -45.0000 2282.2439   18.4938
    0.0000    0.0000  -45.0000 2306.0388   18.4174
    7.5000    0.0000  -45.0000 2289.0312   18.4321
   -7.5000    7.5000  -45.0000 2263.3489   18.6490
    0.0000    7.5000  -45.0000 2286.1116   18.4857
    7.5000    7.5000  -45.0000 2280.2517   18.4847
   -7.5000   15.0000  -45.0000 2247.9985   18.8714
    0.0000   15.0000  -45.0000 2271.2056   18.6657
    7.5000   15.0000  -45.0000 2270.6125   18.6379
   -7.5000   22.5000  -45.0000 2225.7825   19.3917
    0.0000   22.5000  -45.0000 2253.8145   19.1356
    7.5000   22.5000  -45.0000 2256.3044   19.1475
   -7.5000   30.0000  -45.0000 2190.6890   20.3501
    0.0000   30.0000  -45.0000 2219.8074   20.0183
    7.5000   30.0000  -45.0000 2227.5464   19.9776
   -7.5000   37.5000  -45.0000 2143.9771   21.7034
    0.0000   37.5000  -45.0000 2176.9941   21.3298
    7.5000   37.5000  -45.0000 2181.8191   21.2746
   -7.5000   45.0000  -45.0000 2061.0720   23.5922
    0.0000   45.0000  -45.0000 2096.5325   23.1433
    7.5000   45.0000  -45.0000 2098.9739   23.0803
   -7.5000  -45.0000  -37.5000 2311.0535   17.9294
    0.0000  -45.0000  -37.5000 2319.7014   17.8747
    7.5000  -45.0000  -37.5000 2314.9231   18.0283
   -7.5000  -37.5000  -37.5000 2331.1062   17.5694
    0.0000  -37.5000  -37.5000 2343.2256   17.4684
    7.5000  -37.5000  -37.5000 2331.2498   17.6073
   -7.5000  -30.0000  -37.5000 2350.8018   17.2789
    0.0000  -30.0000  -37.5000 2369.3682   17.1875
    7.5000  -30.0000  -37.5000 2351.3184   17.3049
   -7.5000  -22.5000  -37.5000 2378.1104   17.1403
    0.0000  -22.5000  -37.5000 2401.6045   17.0349
    7.5000  -22.5000  -37.5000 2379.4485   17.1237
   -7.5000  -15.0000  -37.5000 2390.7371   16.9939
    0.0000  -15.0000  -37.5000 2416.5215   16.9016
    7.5000  -15.0000  -37.5000 2399.8511   16.9941
   -7.5000   -7.5000  -37.5000 2392.1396   16.9171
    0.0000   -7.5000  -37.5000 2415.5579   16.8131
    7.5000   -7.5000  -37.5000 2404.6895   16.8660
   -7.5000    0.0000  -37.5000 2386.5469   16.9432
    0.0000    0.0000  -37.5000 2414.9417   16.8458
    7.5000    0.0000  -37.5000 2400.0437   16.8986
   -7.5000    7.5000  -37.5000 2375.9146   17.1264
    0.0000    7.5000  -37.5000 2403.2732   17.0121
    7.5000    7.5000  -37.5000 2396.2507   17.0369
   -7.5000   15.0000  -37.5000 2355.4614   17.4294
    0.0000   15.0000  -37.5000 2382.9155   17.2448
    7.5000   15.0000  -37.5000 2381.0947   17.2661
   -7.5000   22.5000  -37.5000 2325.1902   17.9286
    0.0000   22.5000  -37.5000 2359.4280   17.7084
    7.5000   22.5000  -37.5000 2361.3411   17.7151
   -7.5000   30.0000  -37.5000 2284.4175   18.7899
    0.0000   30.0000  -37.5000 2324.8418   18.5435
    7.5000   30.0000  -37.5000 2329.3718   18.5239
   -7.5000   37.5000  -37.5000 2234.0664   20.0499
    0.0000   37.5000  -37.5000 2273.2703   19.7488
    7.5000   37.5000  -37.5000 2273.7742   19.6921
   -7.5000   45.0000  -37.5000 2155.0496   21.7583
    0.0000   45.0000  -37.5000 2189.7339   21.4022
    7.5000   45.0000  -37.5000 2194.8499   21.3526
   -7.5000  -45.0000  -30.0000 2439.4292   17.1540
    0.0000  -45.0000  -30.0000 2449.4956   17.0493
    7.5000  -45.0000  -30.0000 2443.8110   17.2190
   -7.5000  -37.5000  -30.0000 2461.9370   16.7305
    0.0000  -37.5000  -30.0000 2477.8748   16.6482
    7.5000  -37.5000  -30.0000 2466.7053   16.7665
   -7.5000  -30.0000  -30.0000 2485.5422   16.3979
    0.0000  -30.0000  -30.0000 2505.4141   16.3465
    7.5000  -30.0000  -30.0000 2490.7966   16.4281
   -7.5000  -22.5000  -30.0000 2513.5598   16.2248
    0.0000  -22.5000  -30.0000 2533.8467   16.1353
    7.5000  -22.5000  -30.0000 2517.5107   16.2244
   -7.5000  -15.0000  -30.0000 2524.8823   16.0990
    0.0000  -15.0000  -30.0000 2547.8687   15.9934
    7.5000  -15.0000  -30.0000 2534.0586   16.1033
   -7.5000   -7.5000  -30.0000 2526.6680   16.0419
    0.0000   -7.5000  -30.0000 2552.2432   15.9326
    7.5000   -7.5000  -30.0000 2542.7034   16.0281
   -7.5000    0.0000  -30.0000 2524.9668   16.0639
    0.0000    0.0000  -30.0000 2548.8765   15.9384
    7.5000    0.0000  -30.0000 2546.9619   16.0497
   -7.5000    7.5000  -30.0000 2524.5344   16.2230
    0.0000    7.5000  -30.0000 2555.4937   16.1099
    7.5000    7.5000  -30.0000 2552.1284   16.1939
   -7.5000   15.0000  -30.0000 2510.7129   16.5793
    0.0000   15.0000  -30.0000 2541.9907   16.4399
    7.5000   15.0000  -30.0000 2541.0764   16.4883
   -7.5000   22.5000  -30.0000 2477.4810   17.1593
    0.0000   22.5000  -30.0000 2514.1182   16.9487
    7.5000   22.5000  -30.0000 2520.7925   16.9924
   -7.5000   30.0000  -30.0000 2428.1934   18.0067
    0.0000   30.0000  -30.0000 2478.6860   17.7905
    7.5000   30.0000  -30.0000 2482.0266   17.8156
   -7.5000   37.5000  -30.0000 2365.1155   19.2218
    0.0000   37.5000  -30.0000 2419.4314   18.9655
    7.5000   37.5000  -30.0000 2424.7188   18.9276
   -7.5000   45.0000  -30.0000 2279.1182   20.8043
    0.0000   45.0000  -30.0000 2321.7366   20.4920
    7.5000   45.0000  -30.0000 2325.5920   20.4567
   -7.5000  -45.0000  -22.5000 2539.0718   16.4502
    0.0000  -45.0000  -22.5000 2558.0828   16.2890
    7.5000  -45.0000  -22.5000 2550.6079   16.4211
   -7.5000  -37.5000  -22.5000 2559.2092   15.9401
    0.0000  -37.5000  -22.5000 2586.1042   15.8325
    7.5000  -37.5000  -22.5000 2575.0852   15.9496
   -7.5000  -30.0000  -22.5000 2581.5107   15.5951
    0.0000  -30.0000  -22.5000 2605.5955   15.4759
    7.5000  -30.0000  -22.5000 2599.7766   15.5671
   -7.5000  -22.5000  -22.5000 2612.2830   15.3130
    0.0000  -22.5000  -22.5000 2634.1936   15.1931
    7.5000  -22.5000  -22.5000 2624.5205   15.2779
   -7.5000  -15.0000  -22.5000 2627.6252   15.1435
    0.0000  -15.0000  -22.5000 2654.4675   15.0219
    7.5000  -15.0000  -22.5000 2645.2441   15.1246
   -7.5000   -7.5000  -22.5000 2633.4419   15.0983
    0.0000   -7.5000  -22.5000 2668.0376   14.9820
    7.5000   -7.5000  -22.5000 2663.3508   15.0955
   -7.5000    0.0000  -22.5000 2634.7114   15.1147
    0.0000    0.0000  -22.5000 2663.2500   15.0059
    7.5000    0.0000  -22.5000 2664.1028   15.1239
   -7.5000    7.5000  -22.5000 2640.4001   15.2591
    0.0000    7.5000  -22.5000 2680.1433   15.1489
    7.5000    7.5000  -22.5000 2672.2756   15.2320
   -7.5000   15.0000  -22.5000 2632.6326   15.6317
    0.0000   15.0000  -22.5000 2673.7122   15.4976
    7.5000   15.0000  -22.5000 2671.8525   15.5661
   -7.5000   22.5000  -22.5000 2606.0972   16.2395
    0.0000   22.5000  -22.5000 2650.7664   16.0660
    7.5000   22.5000  -22.5000 2654.4443   16.1504
   -7.5000   30.0000  -22.5000 2554.5586   17.0999
    0.0000   30.0000  -22.5000 2614.0547   16.8997
    7.5000   30.0000  -22.5000 2614.5115   16.9639
   -7.5000   37.5000  -22.5000 2480.9783   18.2656
    0.0000   37.5000  -22.5000 2536.3367   17.9812
    7.5000   37.5000  -22.5000 2541.6367   18.0030
   -7.5000   45.0000  -22.5000 2379.5972   19.7613
    0.0000   45.0000  -22.5000 2428.8501   19.4405
    7.5000   45.0000  -22.5000 2429.9399   19.4384
   -7.5000  -45.0000  -15.0000 2598.5881   15.8192
    0.0000  -45.0000  -15.0000 2622.2751   15.6581
    7.5000  -45.0000  -15.0000 2614.8018   15.7664
   -7.5000  -37.5000  -15.0000 2621.9778   15.2477
    0.0000  -37.5000  -15.0000 2651.8696   15.1281
    7.5000  -37.5000  -15.0000 2640.5359   15.2129
   -7.5000  -30.0000  -15.0000 2636.9382   14.8405
    0.0000  -30.0000  -15.0000 2667.2612   14.7164
    7.5000  -30.0000  -15.0000 2661.1519   14.7789
   -7.5000  -22.5000  -15.0000 2670.7146   14.5580
    0.0000  -22.5000  -15.0000 2695.2747   14.3941
    7.5000  -22.5000  -15.0000 2690.2405   14.4873
   -7.5000  -15.0000  -15.0000 2694.5657   14.3707
    0.0000  -15.0000  -15.0000 2725.2336   14.1975
    7.5000  -15.0000  -15.0000 2720.1216   14.2860
   -7.5000   -7.5000  -15.0000 2710.7725   14.2352
    0.0000   -7.5000  -15.0000 2747.1514   14.0773
    7.5000   -7.5000  -15.0000 2744.9360   14.1515
   -7.5000    0.0000  -15.0000 2725.2361   14.2573
    0.0000    0.0000  -15.0000 2755.8503   14.1089
    7.5000    0.0000  -15.0000 2761.0361   14.2099
   -7.5000    7.5000  -15.0000 2731.2385   14.4282
    0.0000    7.5000  -15.0000 2772.9248   14.2892
    7.5000    7.5000  -15.0000 2774.7515   14.3924
   -7.5000   15.0000  -15.0000 2727.8911   14.8218
    0.0000   15.0000  -15.0000 2774.1008   14.6562
    7.5000   15.0000  -15.0000 2781.5596   14.7378
   -7.5000   22.5000  -15.0000 2705.2898   15.4186
    0.0000   22.5000  -15.0000 2756.2754   15.2363
    7.5000   22.5000  -15.0000 2761.2312   15.3208
   -7.5000   30.0000  -15.0000 2644.2556   16.2443
    0.0000   30.0000  -15.0000 2702.6147   16.0338
    7.5000   30.0000  -15.0000 2709.4666   16.1069
   -7.5000   37.5000  -15.0000 2562.5974   17.3340
    0.0000   37.5000  -15.0000 2611.6501   17.0515
    7.5000   37.5000  -15.0000 2621.7156   17.1020
   -7.5000   45.0000  -15.0000 2453.1416   18.8152
    0.0000   45.0000  -15.0000 2496.0789   18.4718
    7.5000   45.0000  -15.0000 2501.6990   18.5045
   -7.5000  -45.0000   -7.5000 2632.8884   15.2890
    0.0000  -45.0000   -7.5000 2662.7708   15.0981
    7.5000  -45.0000   -7.5000 2651.1753   15.2234
   -7.5000  -37.5000   -7.5000 2654.3164   14.6631
    0.0000  -37.5000   -7.5000 2685.9143   14.4999
    7.5000  -37.5000   -7.5000 2674.7046   14.6240
   -7.5000  -30.0000   -7.5000 2672.3926   14.2544
    0.0000  -30.0000   -7.5000 2702.3826   14.0597
    7.5000  -30.0000   -7.5000 2695.3384   14.1574
   -7.5000  -22.5000   -7.5000 2704.2725   13.9428
    0.0000  -22.5000   -7.5000 2732.3787   13.7450
    7.5000  -22.5000   -7.5000 2733.1758   13.8253
   -7.5000  -15.0000   -7.5000 2735.4910   13.7160
    0.0000  -15.0000   -7.5000 2766.5305   13.5168
    7.5000  -15.0000   -7.5000 2767.8345   13.5696
   -7.5000   -7.5000   -7.5000 2762.8584   13.5475
    0.0000   -7.5000   -7.5000 2797.7781   13.3651
    7.5000   -7.5000   -7.5000 2802.9939   13.4465
   -7.5000    0.0000   -7.5000 2791.3401   13.5677
    0.0000    0.0000   -7.5000 2831.9517   13.3879
    7.5000    0.0000   -7.5000 2840.9004   13.4979
   -7.5000    7.5000   -7.5000 2810.6702   13.8066
    0.0000    7.5000   -7.5000 2860.4292   13.6368
    7.5000    7.5000   -7.5000 2867.1387   13.7322
   -7.5000   15.0000   -7.5000 2808.9810   14.2164
    0.0000   15.0000   -7.5000 2866.1594   14.0221
    7.5000   15.0000   -7.5000 2876.4214   14.1131
   -7.5000   22.5000   -7.5000 2782.3428   14.7495
    0.0000   22.5000   -7.5000 2838.2363   14.5701
    7.5000   22.5000   -7.5000 2848.6411   14.6760
   -7.5000   30.0000   -7.5000 2715.9751   15.5187
    0.0000   30.0000   -7.5000 2770.1609   15.2699
    7.5000   30.0000   -7.5000 2780.9734   15.3547
   -7.5000   37.5000   -7.5000 2617.5012   16.5648
    0.0000   37.5000   -7.5000 2665.3669   16.2321
    7.5000   37.5000   -7.5000 2679.9331   16.3161
   -7.5000   45.0000   -7.5000 2498.7551   18.0206
    0.0000   45.0000   -7.5000 2540.4888   17.6730
    7.5000   45.0000   -7.5000 2549.3630   17.7193
   -7.5000  -45.0000    0.0000 2650.4641   15.0015
    0.0000  -45.0000    0.0000 2685.5295   14.7395
    7.5000  -45.0000    0.0000 2671.5647   14.9048
   -7.5000  -37.5000    0.0000 2667.9932   14.3262
    0.0000  -37.5000    0.0000 2700.0945   14.0838
    7.5000  -37.5000    0.0000 2692.6897   14.2425
   -7.5000  -30.0000    0.0000 2685.1431   13.8621
    0.0000  -30.0000    0.0000 2710.0205   13.6154
    7.5000  -30.0000    0.0000 2705.5837   13.7273
   -7.5000  -22.5000    0.0000 2716.1458   13.5428
    0.0000  -22.5000    0.0000 2743.5808   13.2794
    7.5000  -22.5000    0.0000 2742.0383   13.3666
   -7.5000  -15.0000    0.0000 2754.4739   13.2999
    0.0000  -15.0000    0.0000 2787.4094   13.0369
    7.5000  -15.0000    0.0000 2789.1184   13.1343
   -7.5000   -7.5000    0.0000 2786.2456   13.1662
    0.0000   -7.5000    0.0000 2822.7773   12.9031
    7.5000   -7.5000    0.0000 2831.0417   13.0308
   -7.5000    0.0000    0.0000 2831.4180   13.2401
    0.0000    0.0000    0.0000 2875.5825   12.9883
    7.5000    0.0000    0.0000 2878.4043   13.1088
   -7.5000    7.5000    0.0000 2869.3965   13.4757
    0.0000    7.5000    0.0000 2930.4978   13.2545
    7.5000    7.5000    0.0000 2935.5630   13.3953
   -7.5000   15.0000    0.0000 2876.9517   13.8574
    0.0000   15.0000    0.0000 2957.8430   13.6105
    7.5000   15.0000    0.0000 2959.6699   13.7647
   -7.5000   22.5000    0.0000 2836.8704   14.4007
    0.0000   22.5000    0.0000 2908.5217   14.1427
    7.5000   22.5000    0.0000 2914.4661   14.2864
   -7.5000   30.0000    0.0000 2753.4946   15.1140
    0.0000   30.0000    0.0000 2811.3174   14.8044
    7.5000   30.0000    0.0000 2820.0830   14.9148
   -7.5000   37.5000    0.0000 2648.9944   16.1018
    0.0000   37.5000    0.0000 2698.0564   15.7432
    7.5000   37.5000    0.0000 2711.5864   15.8196
   -7.5000   45.0000    0.0000 2521.8975   17.5498
    0.0000   45.0000    0.0000 2567.2502   17.1425
    7.5000   45.0000    0.0000 2577.5310   17.1986
   -7.5000  -45.0000    7.5000 2653.3220   14.8192
    0.0000  -45.0000    7.5000 2684.7368   14.5476
    7.5000  -45.0000    7.5000 2680.0454   14.6801
   -7.5000  -37.5000    7.5000 2667.7170   14.1810
    0.0000  -37.5000    7.5000 2694.6572   13.9248
    7.5000  -37.5000    7.5000 2693.9236   14.0329
   -7.5000  -30.0000    7.5000 2680.5320   13.7260
    0.0000  -30.0000    7.5000 2702.8228   13.4405
    7.5000  -30.0000    7.5000 2710.6306   13.5323
   -7.5000  -22.5000    7.5000 2713.7358   13.4228
    0.0000  -22.5000    7.5000 2736.1890   13.0896
    7.5000  -22.5000    7.5000 2750.2336   13.1992
   -7.5000  -15.0000    7.5000 2751.8459   13.1743
    0.0000  -15.0000    7.5000 2781.2715   12.8818
    7.5000  -15.0000    7.5000 2794.3989   13.0027
   -7.5000   -7.5000    7.5000 2789.4548   13.0526
    0.0000   -7.5000    7.5000 2827.7534   12.7943
    7.5000   -7.5000    7.5000 2836.8059   12.8859
   -7.5000    0.0000    7.5000 2841.5217   13.1532
    0.0000    0.0000    7.5000 2892.3323   12.9178
    7.5000    0.0000    7.5000 2892.0078   12.9682
   -7.5000    7.5000    7.5000 2885.3860   13.3735
    0.0000    7.5000    7.5000 2952.3506   13.1910
    7.5000    7.5000    7.5000 2953.6426   13.2095
   -7.5000   15.0000    7.5000 2897.4319   13.7769
    0.0000   15.0000    7.5000 3001.8149   13.4964
    7.5000   15.0000    7.5000 2993.4673   13.5369
   -7.5000   22.5000    7.5000 2857.5291   14.3228
    0.0000   22.5000    7.5000 2952.9255   14.0385
    7.5000   22.5000    7.5000 2943.7900   14.0726
   -7.5000   30.0000    7.5000 2767.1990   14.9100
    0.0000   30.0000    7.5000 2829.2654   14.6494
    7.5000   30.0000    7.5000 2833.0437   14.6705
   -7.5000   37.5000    7.5000 2655.0020   15.8696
    0.0000   37.5000    7.5000 2704.1917   15.5855
    7.5000   37.5000    7.5000 2718.2378   15.5582
   -7.5000   45.0000    7.5000 2525.0691   17.2738
    0.0000   45.0000    7.5000 2565.3232   16.9398
    7.5000   45.0000    7.5000 2573.9355   16.9140
   -7.5000  -45.0000   15.0000 2622.1809   14.9223
    0.0000  -45.0000   15.0000 2652.1340   14.5620
    7.5000  -45.0000   15.0000 2654.5940   14.7950
   -7.5000  -37.5000   15.0000 2644.5522   14.3398
    0.0000  -37.5000   15.0000 2673.6526   13.9758
    7.5000  -37.5000   15.0000 2680.8206   14.1302
   -7.5000  -30.0000   15.0000 2660.2158   13.8915
    0.0000  -30.0000   15.0000 2689.6189   13.5007
    7.5000  -30.0000   15.0000 2700.9553   13.6432
   -7.5000  -22.5000   15.0000 2689.7253   13.5688
    0.0000  -22.5000   15.0000 2722.9163   13.2119
    7.5000  -22.5000   15.0000 2736.3928   13.2777
   -7.5000  -15.0000   15.0000 2727.9568   13.3641
    0.0000  -15.0000   15.0000 2761.7554   13.0667
    7.5000  -15.0000   15.0000 2773.9373   13.0918
   -7.5000   -7.5000   15.0000 2770.9204   13.2643
    0.0000   -7.5000   15.0000 2804.1736   13.0054
    7.5000   -7.5000   15.0000 2817.1199   13.0060
   -7.5000    0.0000   15.0000 2821.2986   13.2811
    0.0000    0.0000   15.0000 2861.3391   13.1030
    7.5000    0.0000   15.0000 2871.2019   13.0608
   -7.5000    7.5000   15.0000 2863.7751   13.4595
    0.0000    7.5000   15.0000 2920.6372   13.2792
    7.5000    7.5000   15.0000 2922.6094   13.2138
   -7.5000   15.0000   15.0000 2873.6501   13.8381
    0.0000   15.0000   15.0000 2957.1653   13.6205
    7.5000   15.0000   15.0000 2951.5723   13.5281
   -7.5000   22.5000   15.0000 2833.4292   14.4245
    0.0000   22.5000   15.0000 2913.6816   14.2239
    7.5000   22.5000   15.0000 2908.6421   14.1495
   -7.5000   30.0000   15.0000 2740.5327   15.1141
    0.0000   30.0000   15.0000 2805.3027   14.9171
    7.5000   30.0000   15.0000 2805.1426   14.8989
   -7.5000   37.5000   15.0000 2635.9153   16.0560
    0.0000   37.5000   15.0000 2679.8977   15.8013
    7.5000   37.5000   15.0000 2688.8411   15.7842
   -7.5000   45.0000   15.0000 2504.4099   17.3916
    0.0000   45.0000   15.0000 2544.0164   17.0472
    7.5000   45.0000   15.0000 2546.8835   17.0570
   -7.5000  -45.0000   22.5000 2570.5115   15.2668
    0.0000  -45.0000   22.5000 2594.2207   14.8791
    7.5000  -45.0000   22.5000 2597.3596   15.1360
   -7.5000  -37.5000   22.5000 2598.1562   14.6831
    0.0000  -37.5000   22.5000 2626.3550   14.2987
    7.5000  -37.5000   22.5000 2628.0315   14.4648
   -7.5000  -30.0000   22.5000 2622.2852   14.2531
    0.0000  -30.0000   22.5000 2654.3228   13.8587
    7.5000  -30.0000   22.5000 2656.8081   13.9789
   -7.5000  -22.5000   22.5000 2656.0322   13.9507
    0.0000  -22.5000   22.5000 2689.1875   13.5720
    7.5000  -22.5000   22.5000 2697.9155   13.6272
   -7.5000  -15.0000   22.5000 2692.3110   13.7482
    0.0000  -15.0000   22.5000 2728.0217   13.4212
    7.5000  -15.0000   22.5000 2740.8459   13.4456
   -7.5000   -7.5000   22.5000 2740.7266   13.6635
    0.0000   -7.5000   22.5000 2771.6042   13.3640
    7.5000   -7.5000   22.5000 2787.7185   13.3790
   -7.5000    0.0000   22.5000 2776.8066   13.6842
    0.0000    0.0000   22.5000 2817.7178   13.3895
    7.5000    0.0000   22.5000 2830.6465   13.3881
   -7.5000    7.5000   22.5000 2809.6709   13.8459
    0.0000    7.5000   22.5000 2863.5759   13.5112
    7.5000    7.5000   22.5000 2869.0923   13.4827
   -7.5000   15.0000   22.5000 2809.3760   14.1707
    0.0000   15.0000   22.5000 2870.4175   13.8436
    7.5000   15.0000   22.5000 2876.4705   13.8369
   -7.5000   22.5000   22.5000 2769.9695   14.7158
    0.0000   22.5000   22.5000 2838.5801   14.4332
    7.5000   22.5000   22.5000 2844.3318   14.4247
   -7.5000   30.0000   22.5000 2684.9670   15.5044
    0.0000   30.0000   22.5000 2746.2327   15.2965
    7.5000   30.0000   22.5000 2751.0566   15.2899
   -7.5000   37.5000   22.5000 2585.2100   16.5269
    0.0000   37.5000   22.5000 2629.1687   16.2829
    7.5000   37.5000   22.5000 2638.9773   16.2709
   -7.5000   45.0000   22.5000 2465.6184   17.8264
    0.0000   45.0000   22.5000 2505.3433   17.5051
    7.5000   45.0000   22.5000 2509.3030   17.4965
   -7.5000  -45.0000   30.0000 2507.8267   15.8453
    0.0000  -45.0000   30.0000 2526.2664   15.4290
    7.5000  -45.0000   30.0000 2529.4019   15.7040
   -7.5000  -37.5000   30.0000 2539.8882   15.2319
    0.0000  -37.5000   30.0000 2566.4490   14.8117
    7.5000  -37.5000   30.0000 2566.7925   15.0377
   -7.5000  -30.0000   30.0000 2571.8181   14.8169
    0.0000  -30.0000   30.0000 2607.4924   14.3919
    7.5000  -30.0000   30.0000 2604.2593   14.5174
   -7.5000  -22.5000   30.0000 2614.7537   14.5294
    0.0000  -22.5000   30.0000 2646.1589   14.0829
    7.5000  -22.5000   30.0000 2650.3176   14.1741
   -7.5000  -15.0000   30.0000 2644.4160   14.3502
    0.0000  -15.0000   30.0000 2684.8818   13.9545
    7.5000  -15.0000   30.0000 2695.5400   13.9994
   -7.5000   -7.5000   30.0000 2687.1956   14.2656
    0.0000   -7.5000   30.0000 2728.7742   13.8652
    7.5000   -7.5000   30.0000 2741.7476   13.8840
   -7.5000    0.0000   30.0000 2716.5088   14.2931
    0.0000    0.0000   30.0000 2765.7827   13.8829
    7.5000    0.0000   30.0000 2777.6060   13.8745
   -7.5000    7.5000   30.0000 2731.6025   14.4458
    0.0000    7.5000   30.0000 2787.0906   14.0149
    7.5000    7.5000   30.0000 2798.8374   13.9925
   -7.5000   15.0000   30.0000 2726.8757   14.7655
    0.0000   15.0000   30.0000 2776.8142   14.3666
    7.5000   15.0000   30.0000 2785.6169   14.3352
   -7.5000   22.5000   30.0000 2685.0369   15.3298
    0.0000   22.5000   30.0000 2740.6562   14.9657
    7.5000   22.5000   30.0000 2752.8081   14.9459
   -7.5000   30.0000   30.0000 2604.9094   16.0904
    0.0000   30.0000   30.0000 2659.6045   15.7981
    7.5000   30.0000   30.0000 2672.3853   15.7861
   -7.5000   37.5000   30.0000 2515.2173   17.1647
    0.0000   37.5000   30.0000 2561.7354   16.8020
    7.5000   37.5000   30.0000 2570.7048   16.7931
   -7.5000   45.0000   30.0000 2403.9097   18.4676
    0.0000   45.0000   30.0000 2445.8132   18.1270
    7.5000   45.0000   30.0000 2460.1121   18.1043
   -7.5000  -45.0000   37.5000 2444.8850   16.5932
    0.0000  -45.0000   37.5000 2466.1709   16.1917
    7.5000  -45.0000   37.5000 2468.7793   16.4394
   -7.5000  -37.5000   37.5000 2478.9595   15.9994
    0.0000  -37.5000   37.5000 2506.0103   15.5444
    7.5000  -37.5000   37.5000 2506.4731   15.7494
   -7.5000  -30.0000   37.5000 2511.8264   15.5580
    0.0000  -30.0000   37.5000 2545.8689   15.1109
    7.5000  -30.0000   37.5000 2548.0649   15.2439
   -7.5000  -22.5000   37.5000 2557.7466   15.2504
    0.0000  -22.5000   37.5000 2592.7988   14.8022
    7.5000  -22.5000   37.5000 2597.7043   14.8944
   -7.5000  -15.0000   37.5000 2593.0759   15.0853
    0.0000  -15.0000   37.5000 2629.0308   14.6628
    7.5000  -15.0000   37.5000 2637.4810   14.7085
   -7.5000   -7.5000   37.5000 2623.3992   14.9974
    0.0000   -7.5000   37.5000 2669.3777   14.5758
    7.5000   -7.5000   37.5000 2678.1741   14.5944
   -7.5000    0.0000   37.5000 2644.5349   15.0517
    0.0000    0.0000   37.5000 2696.4802   14.6142
    7.5000    0.0000   37.5000 2707.9758   14.6155
   -7.5000    7.5000   37.5000 2651.8206   15.2524
    0.0000    7.5000   37.5000 2704.2883   14.7655
    7.5000    7.5000   37.5000 2715.4871   14.7628
   -7.5000   15.0000   37.5000 2636.1011   15.5892
    0.0000   15.0000   37.5000 2681.4875   15.1491
    7.5000   15.0000   37.5000 2694.7244   15.0995
   -7.5000   22.5000   37.5000 2592.8477   16.1673
    0.0000   22.5000   37.5000 2641.7053   15.7803
    7.5000   22.5000   37.5000 2660.2300   15.7372
   -7.5000   30.0000   37.5000 2529.0371   16.9510
    0.0000   30.0000   37.5000 2572.5649   16.5814
    7.5000   30.0000   37.5000 2584.0959   16.5591
   -7.5000   37.5000   37.5000 2444.6313   18.0347
    0.0000   37.5000   37.5000 2485.0652   17.5810
    7.5000   37.5000   37.5000 2492.7747   17.5492
   -7.5000   45.0000   37.5000 2333.9912   19.2788
    0.0000   45.0000   37.5000 2376.6582   18.8270
    7.5000   45.0000   37.5000 2387.2700   18.7985
   -7.5000  -45.0000   45.0000 2374.9141   17.5835
    0.0000  -45.0000   45.0000 2404.7302   17.1662
    7.5000  -45.0000   45.0000 2403.0544   17.4149
   -7.5000  -37.5000   45.0000 2411.2942   16.9203
    0.0000  -37.5000   45.0000 2442.1479   16.4621
    7.5000  -37.5000   45.0000 2444.1384   16.6242
   -7.5000  -30.0000   45.0000 2443.8914   16.4776
    0.0000  -30.0000   45.0000 2480.9531   16.0268
    7.5000  -30.0000   45.0000 2487.2712   16.1335
   -7.5000  -22.5000   45.0000 2488.1863   16.1923
    0.0000  -22.5000   45.0000 2528.1279   15.7428
    7.5000  -22.5000   45.0000 2537.3066   15.7798
   -7.5000  -15.0000   45.0000 2522.4636   15.9953
    0.0000  -15.0000   45.0000 2559.3367   15.5430
    7.5000  -15.0000   45.0000 2572.2068   15.5932
   -7.5000   -7.5000   45.0000 2549.3076   15.9180
    0.0000   -7.5000   45.0000 2589.0923   15.4636
    7.5000   -7.5000   45.0000 2606.8713   15.5076
   -7.5000    0.0000   45.0000 2565.2129   15.9791
    0.0000    0.0000   45.0000 2608.9883   15.5158
    7.5000    0.0000   45.0000 2627.3826   15.5618
   -7.5000    7.5000   45.0000 2563.8513   16.2292
    0.0000    7.5000   45.0000 2603.5291   15.7648
    7.5000    7.5000   45.0000 2619.3672   15.7909
   -7.5000   15.0000   45.0000 2536.9207   16.6413
    0.0000   15.0000   45.0000 2578.4050   16.2339
    7.5000   15.0000   45.0000 2591.8577   16.1869
   -7.5000   22.5000   45.0000 2497.1887   17.2401
    0.0000   22.5000   45.0000 2541.0247   16.8347
    7.5000   22.5000   45.0000 2556.2673   16.8391
   -7.5000   30.0000   45.0000 2442.0945   18.0385
    0.0000   30.0000   45.0000 2486.3508   17.6061
    7.5000   30.0000   45.0000 2501.8833   17.6094
   -7.5000   37.5000   45.0000 2358.9819   19.1019
    0.0000   37.5000   45.0000 2400.3840   18.6236
    7.5000   37.5000   45.0000 2412.5012   18.5940
   -7.5000   45.0000   45.0000 2259.0288   20.3941
    0.0000   45.0000   45.0000 2300.0659   19.8957
    7.5000   45.0000   45.0000 2309.8430   19.8356

---------------------------------------------------------------------
imgreg_4dfp /opt/freesurfer/average/711-2C_as_mni_average_305 /opt/freesurfer/average/711-2B_as_mni_average_305_mask talsrcimg_g11 none talsrcimg_to_711-2C_as_mni_average_305_t4 1283
---------------------------------------------------------------------

freesurfer imgreg_4dfp.c
/opt/freesurfer/average/711-2C_as_mni_average_305.4dfp.img
       256       256       256         1
  1.000000  1.000000  1.000000
orientation T byte_order littleendian
Reading image: /opt/freesurfer/average/711-2C_as_mni_average_305.4dfp.img
dimensions:      256       256       256
mmppix:       1.0000   -1.0000   -1.0000
center:     128.0000 -129.0000 -129.0000
/opt/freesurfer/average/711-2B_as_mni_average_305_mask.4dfp.img
       256       256       256         1
  1.000000  1.000000  1.000000
orientation T byte_order littleendian
Reading mask: /opt/freesurfer/average/711-2B_as_mni_average_305_mask.4dfp.img (2306576 pixels)
talsrcimg_g11.4dfp.img
       256       256       256         1
  1.000000  1.000000  1.000000
orientation T byte_order littleendian
Reading image: talsrcimg_g11.4dfp.img
dimensions:      256       256       256
mmppix:       1.0000   -1.0000   -1.0000
center:     128.0000 -129.0000 -129.0000
rotation matrix determinant  1.000000
fimgreg.f
image alignment mode   1283 decimal      503 hex
parameters
    0.0000   15.0000    7.5000    0.0000    0.0000    0.0000
eta,q 0.94188 13.50689
niter,ni,del,rscale     5    3   12.0000    1.2000
parameter  1 -0.685537 -> -0.500000 qaram    1.1500
parameter  6  0.505757 ->  0.500000 qaram    1.1500
parameters
    3.4500   15.3244    6.7645   -2.1699   -1.9207   -3.4500
eta,q 0.94981 13.37089
  0.0889  0.0640  0.0602  0.0550  0.0557  0.0510
  0.0800  0.0584  0.0552  0.0525  0.0529  0.0503
  0.0697  0.0551  0.0532  0.0520  0.0516  0.0505
  0.0599  0.0539  0.0535  0.0533  0.0519  0.0516
  0.0551  0.0541  0.0550  0.0552  0.0557  0.0530
  0.0544  0.0568  0.0585  0.0586  0.0606  0.0567
  0.0573  0.0622  0.0643  0.0621  0.0656  0.0621
niter,ni,del,rscale     6    3   12.0000    1.2000
parameters
    3.9218   16.4310    6.4660   -2.3105   -2.1236   -3.2251
eta,q 0.95041 13.44144
  0.0747  0.0638  0.0620  0.0576  0.0589  0.0566
  0.0630  0.0585  0.0549  0.0527  0.0537  0.0524
  0.0537  0.0531  0.0500  0.0500  0.0504  0.0505
  0.0502  0.0501  0.0499  0.0497  0.0497  0.0496
  0.0517  0.0504  0.0525  0.0505  0.0518  0.0503
  0.0579  0.0526  0.0570  0.0533  0.0553  0.0521
  0.0695  0.0571  0.0638  0.0583  0.0593  0.0556
niter,ni,del,rscale     5    3   12.0000    1.2000
parameters
    4.0454   16.4717    6.4150   -2.3260   -2.1796   -3.2497
eta,q 0.95048 13.44569
  0.0732  0.0612  0.0631  0.0578  0.0591  0.0562
  0.0617  0.0556  0.0560  0.0530  0.0540  0.0520
  0.0528  0.0509  0.0504  0.0500  0.0505  0.0503
  0.0496  0.0496  0.0496  0.0495  0.0495  0.0495
  0.0517  0.0512  0.0521  0.0502  0.0514  0.0504
  0.0600  0.0546  0.0564  0.0529  0.0549  0.0524
  0.0722  0.0613  0.0630  0.0580  0.0588  0.0561
niter,ni,del,rscale     4    3   12.0000    1.2000
parameters
    4.0677   16.4800    6.4079   -2.3337   -2.1933   -3.2495
eta,q 0.95049 13.44655
  0.0726  0.0611  0.0633  0.0579  0.0592  0.0563
  0.0612  0.0555  0.0562  0.0530  0.0541  0.0520
  0.0526  0.0508  0.0505  0.0500  0.0506  0.0503
  0.0495  0.0495  0.0495  0.0495  0.0495  0.0495
  0.0519  0.0512  0.0520  0.0502  0.0513  0.0504
  0.0605  0.0547  0.0563  0.0529  0.0548  0.0524
  0.0728  0.0615  0.0628  0.0579  0.0587  0.0560
registration optimization eta report
parameter search radius
    6.9000    6.0000    6.0000    6.0000    6.0000    6.9000
100000*second partial in parameter space
       49.       32.       37.       24.       26.       14.
  0.0726  0.0611  0.0633  0.0579  0.0592  0.0563
  0.0612  0.0555  0.0562  0.0530  0.0541  0.0520
  0.0526  0.0508  0.0505  0.0500  0.0506  0.0503
  0.0495  0.0495  0.0495  0.0495  0.0495  0.0495
  0.0519  0.0512  0.0520  0.0502  0.0513  0.0504
  0.0605  0.0547  0.0563  0.0529  0.0548  0.0524
  0.0728  0.0615  0.0628  0.0579  0.0587  0.0560
    4.0677   16.4800    6.4079   -2.3337   -2.1933   -3.2495
eta,q 0.95049 13.44655

---------------------------------------------------------------------
imgreg_4dfp /opt/freesurfer/average/711-2C_as_mni_average_305 /opt/freesurfer/average/711-2B_as_mni_average_305_mask talsrcimg_g11 none talsrcimg_to_711-2C_as_mni_average_305_t4 3335
---------------------------------------------------------------------

freesurfer imgreg_4dfp.c
/opt/freesurfer/average/711-2C_as_mni_average_305.4dfp.img
       256       256       256         1
  1.000000  1.000000  1.000000
orientation T byte_order littleendian
Reading image: /opt/freesurfer/average/711-2C_as_mni_average_305.4dfp.img
dimensions:      256       256       256
mmppix:       1.0000   -1.0000   -1.0000
center:     128.0000 -129.0000 -129.0000
/opt/freesurfer/average/711-2B_as_mni_average_305_mask.4dfp.img
       256       256       256         1
  1.000000  1.000000  1.000000
orientation T byte_order littleendian
Reading mask: /opt/freesurfer/average/711-2B_as_mni_average_305_mask.4dfp.img (2306576 pixels)
talsrcimg_g11.4dfp.img
       256       256       256         1
  1.000000  1.000000  1.000000
orientation T byte_order littleendian
Reading image: talsrcimg_g11.4dfp.img
dimensions:      256       256       256
mmppix:       1.0000   -1.0000   -1.0000
center:     128.0000 -129.0000 -129.0000
fimgreg.f
image alignment mode   3335 decimal      D07 hex
parameters
    4.0677   16.4800    6.4079   -0.2339   -0.2348   -0.1561
    5.5081    4.0486   -5.6642    3.8487   -3.8271   -4.0690
eta,q 0.95273 13.51523
niter,ni,del,rscale     5    3    5.0000    1.2000
parameter  4  1.640545 ->  0.500000 qaram    1.1500
parameter  5  1.697556 ->  0.500000 qaram    1.1500
parameter  6  0.828066 ->  0.500000 qaram    1.1500
parameters
    3.9975   16.4887    6.4614   -4.3739   -4.3748   -4.2961
    4.5442    4.6889   -3.4896    1.9426   -2.3513   -5.1046
eta,q 0.96536 13.17712
  0.0507  0.0498  0.0498  0.0408  0.0363  0.0349  0.0379  0.0415  0.0387  0.0366  0.0372  0.0358
  0.0488  0.0484  0.0485  0.0418  0.0377  0.0351  0.0362  0.0386  0.0370  0.0352  0.0360  0.0351
  0.0476  0.0476  0.0476  0.0440  0.0397  0.0361  0.0354  0.0364  0.0358  0.0347  0.0352  0.0347
  0.0473  0.0473  0.0473  0.0473  0.0423  0.0382  0.0353  0.0352  0.0351  0.0350  0.0347  0.0347
  0.0477  0.0476  0.0475  0.0511  0.0456  0.0419  0.0360  0.0354  0.0350  0.0359  0.0347  0.0350
  0.0490  0.0484  0.0483  0.0553  0.0493  0.0467  0.0375  0.0370  0.0353  0.0377  0.0351  0.0357
  0.0511  0.0498  0.0496  0.0597  0.0534  0.0522  0.0397  0.0399  0.0360  0.0402  0.0358  0.0369
niter,ni,del,rscale     7    3    5.0000    1.2000
parameter  4  0.542193 ->  0.500000 qaram    1.3225
parameter  5  0.887371 ->  0.500000 qaram    1.3225
parameters
    4.1239   16.8238    6.0463   -9.1349   -9.1358   -8.1756
    4.1856    4.3640   -3.6177    1.8535   -2.8229   -5.1273
eta,q 0.96957 12.52266
  0.0397  0.0385  0.0361  0.0342  0.0310  0.0311  0.0336  0.0349  0.0328  0.0339  0.0317  0.0321
  0.0370  0.0365  0.0351  0.0336  0.0311  0.0305  0.0319  0.0324  0.0315  0.0320  0.0309  0.0312
  0.0353  0.0352  0.0346  0.0335  0.0320  0.0306  0.0308  0.0308  0.0307  0.0308  0.0305  0.0307
  0.0346  0.0346  0.0346  0.0345  0.0335  0.0313  0.0305  0.0305  0.0304  0.0304  0.0304  0.0304
  0.0350  0.0347  0.0351  0.0369  0.0356  0.0326  0.0310  0.0312  0.0308  0.0308  0.0307  0.0305
  0.0364  0.0354  0.0362  0.0404  0.0385  0.0355  0.0323  0.0330  0.0316  0.0321  0.0312  0.0311
  0.0387  0.0368  0.0378  0.0447  0.0422  0.0402  0.0342  0.0357  0.0330  0.0341  0.0320  0.0322
niter,ni,del,rscale     7    3    5.0000    1.2000
parameters
    4.3594   16.9727    6.2796  -10.2004  -12.1159   -8.6867
    3.8504    4.4926   -4.0162    1.9240   -2.8677   -5.2284
eta,q 0.97017 12.24823
  0.0354  0.0340  0.0329  0.0337  0.0320  0.0329  0.0331  0.0350  0.0321  0.0338  0.0313  0.0315
  0.0330  0.0322  0.0316  0.0317  0.0305  0.0312  0.0313  0.0323  0.0308  0.0317  0.0304  0.0306
  0.0312  0.0309  0.0307  0.0306  0.0299  0.0301  0.0302  0.0305  0.0300  0.0303  0.0300  0.0301
  0.0304  0.0304  0.0304  0.0303  0.0303  0.0299  0.0299  0.0299  0.0298  0.0298  0.0298  0.0298
  0.0306  0.0306  0.0304  0.0309  0.0318  0.0304  0.0304  0.0304  0.0303  0.0303  0.0300  0.0300
  0.0318  0.0316  0.0310  0.0327  0.0340  0.0316  0.0318  0.0321  0.0312  0.0316  0.0305  0.0307
  0.0339  0.0333  0.0321  0.0360  0.0370  0.0339  0.0337  0.0347  0.0326  0.0336  0.0313  0.0317
niter,ni,del,rscale     6    3    5.0000    1.2000
parameters
    4.3783   17.0263    6.3554  -10.3189  -12.2471   -8.5985
    3.8336    4.5276   -4.0639    1.9873   -2.8679   -5.2363
eta,q 0.97017 12.23994
  0.0342  0.0333  0.0321  0.0338  0.0340  0.0334  0.0334  0.0349  0.0323  0.0338  0.0313  0.0316
  0.0319  0.0315  0.0308  0.0316  0.0318  0.0315  0.0315  0.0322  0.0310  0.0317  0.0304  0.0307
  0.0304  0.0303  0.0301  0.0303  0.0303  0.0303  0.0303  0.0305  0.0301  0.0303  0.0300  0.0301
  0.0298  0.0298  0.0298  0.0298  0.0298  0.0298  0.0298  0.0298  0.0298  0.0298  0.0298  0.0298
  0.0303  0.0302  0.0300  0.0302  0.0304  0.0302  0.0303  0.0304  0.0302  0.0303  0.0300  0.0300
  0.0317  0.0313  0.0307  0.0315  0.0320  0.0313  0.0316  0.0321  0.0311  0.0317  0.0305  0.0306
  0.0341  0.0330  0.0318  0.0342  0.0342  0.0333  0.0334  0.0348  0.0324  0.0336  0.0313  0.0317
niter,ni,del,rscale     5    3    5.0000    1.2000
parameters
    4.3844   17.0371    6.3792  -10.3165  -12.2733   -8.5671
    3.8303    4.5382   -4.0692    2.0030   -2.8776   -5.2367
eta,q 0.97018 12.24091
  0.0341  0.0332  0.0320  0.0339  0.0341  0.0333  0.0334  0.0348  0.0324  0.0337  0.0313  0.0316
  0.0318  0.0314  0.0308  0.0317  0.0318  0.0315  0.0315  0.0322  0.0310  0.0316  0.0304  0.0307
  0.0303  0.0302  0.0301  0.0303  0.0304  0.0303  0.0303  0.0305  0.0301  0.0303  0.0300  0.0301
  0.0298  0.0298  0.0298  0.0298  0.0298  0.0298  0.0298  0.0298  0.0298  0.0298  0.0298  0.0298
  0.0303  0.0302  0.0300  0.0302  0.0304  0.0302  0.0303  0.0304  0.0302  0.0303  0.0300  0.0300
  0.0318  0.0314  0.0307  0.0314  0.0319  0.0313  0.0315  0.0322  0.0310  0.0317  0.0305  0.0306
  0.0341  0.0332  0.0319  0.0341  0.0341  0.0334  0.0334  0.0348  0.0323  0.0336  0.0313  0.0317
registration optimization eta report
parameter search radius
    2.4000    2.4000    2.4000    9.5220    9.5220    8.2800
    7.2000    7.2000    7.2000    7.2000    7.2000    7.2000
100000*second partial in parameter space
       74.       58.       37.        5.        5.        5.
        7.       10.        5.        7.        3.        3.
  0.0341  0.0332  0.0320  0.0339  0.0341  0.0333  0.0334  0.0348  0.0324  0.0337  0.0313  0.0316
  0.0318  0.0314  0.0308  0.0317  0.0318  0.0315  0.0315  0.0322  0.0310  0.0316  0.0304  0.0307
  0.0303  0.0302  0.0301  0.0303  0.0304  0.0303  0.0303  0.0305  0.0301  0.0303  0.0300  0.0301
  0.0298  0.0298  0.0298  0.0298  0.0298  0.0298  0.0298  0.0298  0.0298  0.0298  0.0298  0.0298
  0.0303  0.0302  0.0300  0.0302  0.0304  0.0302  0.0303  0.0304  0.0302  0.0303  0.0300  0.0300
  0.0318  0.0314  0.0307  0.0314  0.0319  0.0313  0.0315  0.0322  0.0310  0.0317  0.0305  0.0306
  0.0341  0.0332  0.0319  0.0341  0.0341  0.0334  0.0334  0.0348  0.0323  0.0336  0.0313  0.0317
    4.3844   17.0371    6.3792  -10.3165  -12.2733   -8.5671
    3.8303    4.5382   -4.0692    2.0030   -2.8776   -5.2367
eta,q 0.97018 12.24091

---------------------------------------------------------------------
imgreg_4dfp /opt/freesurfer/average/711-2C_as_mni_average_305 /opt/freesurfer/average/711-2B_as_mni_average_305_mask talsrcimg_g11 none talsrcimg_to_711-2C_as_mni_average_305_t4 2311
---------------------------------------------------------------------

freesurfer imgreg_4dfp.c
/opt/freesurfer/average/711-2C_as_mni_average_305.4dfp.img
       256       256       256         1
  1.000000  1.000000  1.000000
orientation T byte_order littleendian
Reading image: /opt/freesurfer/average/711-2C_as_mni_average_305.4dfp.img
dimensions:      256       256       256
mmppix:       1.0000   -1.0000   -1.0000
center:     128.0000 -129.0000 -129.0000
/opt/freesurfer/average/711-2B_as_mni_average_305_mask.4dfp.img
       256       256       256         1
  1.000000  1.000000  1.000000
orientation T byte_order littleendian
Reading mask: /opt/freesurfer/average/711-2B_as_mni_average_305_mask.4dfp.img (2306576 pixels)
talsrcimg_g11.4dfp.img
       256       256       256         1
  1.000000  1.000000  1.000000
orientation T byte_order littleendian
Reading image: talsrcimg_g11.4dfp.img
dimensions:      256       256       256
mmppix:       1.0000   -1.0000   -1.0000
center:     128.0000 -129.0000 -129.0000
fimgreg.f
image alignment mode   2311 decimal      907 hex
parameters
    4.3844   17.0371    6.3792  -10.3165  -12.2733   -8.5671
    3.8303    4.5382   -4.0692    2.0030   -2.8776   -5.2367
eta,q 0.97018 12.24091
niter,ni,del,rscale     5    3    5.0000    0.8000
parameters
    4.3907   17.0324    6.3877  -10.0156  -12.2623   -8.3788
    3.8454    4.5597   -4.0876    1.9644   -2.9604   -5.0826
eta,q 0.97018 12.27356
  0.0318  0.0314  0.0308  0.0309  0.0310  0.0311  0.0315  0.0322  0.0310  0.0316  0.0304  0.0307
  0.0307  0.0305  0.0303  0.0303  0.0304  0.0304  0.0306  0.0309  0.0304  0.0306  0.0301  0.0302
  0.0301  0.0300  0.0299  0.0300  0.0300  0.0300  0.0300  0.0301  0.0300  0.0300  0.0299  0.0300
  0.0298  0.0298  0.0298  0.0298  0.0298  0.0298  0.0298  0.0298  0.0298  0.0298  0.0298  0.0298
  0.0300  0.0300  0.0299  0.0299  0.0299  0.0299  0.0300  0.0301  0.0300  0.0300  0.0299  0.0299
  0.0307  0.0305  0.0302  0.0302  0.0303  0.0303  0.0306  0.0309  0.0304  0.0307  0.0301  0.0301
  0.0318  0.0314  0.0307  0.0307  0.0310  0.0309  0.0315  0.0321  0.0310  0.0317  0.0305  0.0306
niter,ni,del,rscale     4    3    5.0000    0.7000
parameters
    4.4019   17.0136    6.4526   -9.9741  -12.2569   -8.2896
    3.8497    4.5797   -4.0834    1.9354   -2.9591   -4.9776
eta,q 0.97018 12.28164
  0.0314  0.0310  0.0306  0.0306  0.0307  0.0308  0.0311  0.0316  0.0308  0.0312  0.0303  0.0305
  0.0305  0.0303  0.0302  0.0302  0.0302  0.0303  0.0304  0.0306  0.0302  0.0304  0.0300  0.0302
  0.0300  0.0299  0.0299  0.0299  0.0299  0.0299  0.0300  0.0300  0.0299  0.0300  0.0299  0.0299
  0.0298  0.0298  0.0298  0.0298  0.0298  0.0298  0.0298  0.0298  0.0298  0.0298  0.0298  0.0298
  0.0300  0.0300  0.0299  0.0299  0.0299  0.0299  0.0300  0.0300  0.0299  0.0300  0.0299  0.0299
  0.0305  0.0304  0.0301  0.0301  0.0302  0.0302  0.0304  0.0306  0.0303  0.0304  0.0300  0.0301
  0.0313  0.0310  0.0305  0.0306  0.0307  0.0307  0.0311  0.0316  0.0307  0.0313  0.0303  0.0304
niter,ni,del,rscale     3    3    5.0000    0.6000
parameters
    4.4075   17.0015    6.4949   -9.9615  -12.2451   -8.2360
    3.8570    4.5892   -4.1009    1.9239   -2.9381   -4.8674
eta,q 0.97019 12.28638
  0.0309  0.0307  0.0304  0.0304  0.0305  0.0305  0.0308  0.0311  0.0305  0.0308  0.0302  0.0303
  0.0303  0.0302  0.0301  0.0301  0.0301  0.0301  0.0303  0.0304  0.0301  0.0303  0.0300  0.0301
  0.0299  0.0299  0.0299  0.0299  0.0299  0.0299  0.0299  0.0300  0.0299  0.0299  0.0299  0.0299
  0.0298  0.0298  0.0298  0.0298  0.0298  0.0298  0.0298  0.0298  0.0298  0.0298  0.0298  0.0298
  0.0299  0.0299  0.0299  0.0299  0.0299  0.0299  0.0299  0.0300  0.0299  0.0299  0.0298  0.0299
  0.0303  0.0302  0.0300  0.0301  0.0301  0.0301  0.0302  0.0304  0.0301  0.0303  0.0300  0.0300
  0.0309  0.0307  0.0303  0.0304  0.0305  0.0305  0.0308  0.0311  0.0305  0.0309  0.0302  0.0303
niter,ni,del,rscale     2    3    5.0000    0.5000
parameters
    4.4097   16.9908    6.5236   -9.9321  -12.2258   -8.1936
    3.8712    4.5996   -4.1178    1.9029   -2.9169   -4.7733
eta,q 0.97019 12.29181
  0.0306  0.0304  0.0302  0.0302  0.0303  0.0303  0.0305  0.0307  0.0303  0.0305  0.0301  0.0302
  0.0302  0.0301  0.0300  0.0300  0.0300  0.0300  0.0301  0.0302  0.0300  0.0301  0.0299  0.0300
  0.0299  0.0299  0.0299  0.0299  0.0299  0.0299  0.0299  0.0299  0.0299  0.0299  0.0298  0.0299
  0.0298  0.0298  0.0298  0.0298  0.0298  0.0298  0.0298  0.0298  0.0298  0.0298  0.0298  0.0298
  0.0299  0.0299  0.0298  0.0299  0.0299  0.0299  0.0299  0.0299  0.0299  0.0299  0.0298  0.0298
  0.0302  0.0301  0.0300  0.0300  0.0300  0.0300  0.0301  0.0302  0.0300  0.0301  0.0299  0.0299
  0.0306  0.0304  0.0302  0.0302  0.0303  0.0303  0.0305  0.0307  0.0303  0.0305  0.0301  0.0301
niter,ni,del,rscale     1    3    5.0000    0.4000
parameters
    4.4122   16.9802    6.5432   -9.9206  -12.1871   -8.1663
    3.8766    4.6016   -4.1327    1.8924   -2.9205   -4.7067
eta,q 0.97019 12.29659
  0.0303  0.0302  0.0301  0.0301  0.0301  0.0301  0.0303  0.0304  0.0301  0.0303  0.0300  0.0300
  0.0300  0.0300  0.0299  0.0299  0.0300  0.0300  0.0300  0.0301  0.0300  0.0300  0.0299  0.0299
  0.0299  0.0299  0.0298  0.0298  0.0298  0.0298  0.0299  0.0299  0.0298  0.0299  0.0298  0.0298
  0.0298  0.0298  0.0298  0.0298  0.0298  0.0298  0.0298  0.0298  0.0298  0.0298  0.0298  0.0298
  0.0299  0.0299  0.0298  0.0298  0.0298  0.0298  0.0299  0.0299  0.0298  0.0299  0.0298  0.0298
  0.0300  0.0300  0.0299  0.0299  0.0299  0.0299  0.0300  0.0301  0.0300  0.0300  0.0299  0.0299
  0.0303  0.0302  0.0300  0.0301  0.0301  0.0301  0.0303  0.0304  0.0301  0.0303  0.0300  0.0300
registration optimization eta report
parameter search radius
    0.8000    0.8000    0.8000    2.4000    2.4000    2.4000
    2.4000    2.4000    2.4000    2.4000    2.4000    2.4000
100000*second partial in parameter space
       79.       62.       38.        4.        5.        5.
        8.       10.        6.        8.        3.        4.
  0.0303  0.0302  0.0301  0.0301  0.0301  0.0301  0.0303  0.0304  0.0301  0.0303  0.0300  0.0300
  0.0300  0.0300  0.0299  0.0299  0.0300  0.0300  0.0300  0.0301  0.0300  0.0300  0.0299  0.0299
  0.0299  0.0299  0.0298  0.0298  0.0298  0.0298  0.0299  0.0299  0.0298  0.0299  0.0298  0.0298
  0.0298  0.0298  0.0298  0.0298  0.0298  0.0298  0.0298  0.0298  0.0298  0.0298  0.0298  0.0298
  0.0299  0.0299  0.0298  0.0298  0.0298  0.0298  0.0299  0.0299  0.0298  0.0299  0.0298  0.0298
  0.0300  0.0300  0.0299  0.0299  0.0299  0.0299  0.0300  0.0301  0.0300  0.0300  0.0299  0.0299
  0.0303  0.0302  0.0300  0.0301  0.0301  0.0301  0.0303  0.0304  0.0301  0.0303  0.0300  0.0300
    4.4122   16.9802    6.5432   -9.9206  -12.1871   -8.1663
    3.8766    4.6016   -4.1327    1.8924   -2.9205   -4.7067
eta,q 0.97019 12.29659

---------------------------------------------------------------------
imgreg_4dfp /opt/freesurfer/average/711-2C_as_mni_average_305 /opt/freesurfer/average/711-2B_as_mni_average_305_mask talsrcimg_g11 none talsrcimg_to_711-2C_as_mni_average_305_t4 2311
---------------------------------------------------------------------

freesurfer imgreg_4dfp.c
/opt/freesurfer/average/711-2C_as_mni_average_305.4dfp.img
       256       256       256         1
  1.000000  1.000000  1.000000
orientation T byte_order littleendian
Reading image: /opt/freesurfer/average/711-2C_as_mni_average_305.4dfp.img
dimensions:      256       256       256
mmppix:       1.0000   -1.0000   -1.0000
center:     128.0000 -129.0000 -129.0000
/opt/freesurfer/average/711-2B_as_mni_average_305_mask.4dfp.img
       256       256       256         1
  1.000000  1.000000  1.000000
orientation T byte_order littleendian
Reading mask: /opt/freesurfer/average/711-2B_as_mni_average_305_mask.4dfp.img (2306576 pixels)
talsrcimg_g11.4dfp.img
       256       256       256         1
  1.000000  1.000000  1.000000
orientation T byte_order littleendian
Reading image: talsrcimg_g11.4dfp.img
dimensions:      256       256       256
mmppix:       1.0000   -1.0000   -1.0000
center:     128.0000 -129.0000 -129.0000
fimgreg.f
image alignment mode   2311 decimal      907 hex
parameters
    4.4122   16.9802    6.5432   -9.9206  -12.1871   -8.1663
    3.8766    4.6016   -4.1327    1.8924   -2.9205   -4.7067
eta,q 0.97019 12.29659
niter,ni,del,rscale     5    3    5.0000    0.8000
parameters
    4.4106   16.9823    6.5383   -9.9325  -12.2948   -8.2273
    3.8525    4.5836   -4.0659    1.8610   -2.9164   -4.9057
eta,q 0.97019 12.28392
  0.0318  0.0314  0.0308  0.0308  0.0309  0.0310  0.0315  0.0321  0.0310  0.0316  0.0305  0.0306
  0.0307  0.0305  0.0302  0.0302  0.0303  0.0304  0.0306  0.0309  0.0304  0.0306  0.0301  0.0302
  0.0300  0.0300  0.0299  0.0299  0.0299  0.0299  0.0300  0.0301  0.0300  0.0300  0.0299  0.0299
  0.0298  0.0298  0.0298  0.0298  0.0298  0.0298  0.0298  0.0298  0.0298  0.0298  0.0298  0.0298
  0.0300  0.0300  0.0299  0.0299  0.0299  0.0300  0.0300  0.0301  0.0300  0.0300  0.0299  0.0299
  0.0307  0.0305  0.0302  0.0302  0.0304  0.0304  0.0306  0.0309  0.0304  0.0306  0.0301  0.0302
  0.0318  0.0314  0.0308  0.0308  0.0311  0.0311  0.0315  0.0322  0.0310  0.0317  0.0305  0.0307
niter,ni,del,rscale     4    3    5.0000    0.7000
parameters
    4.4066   16.9868    6.5175   -9.9372  -12.2690   -8.2258
    3.8510    4.5822   -4.0882    1.8913   -2.9387   -4.8992
eta,q 0.97019 12.28604
  0.0313  0.0310  0.0305  0.0306  0.0307  0.0308  0.0311  0.0316  0.0307  0.0312  0.0303  0.0304
  0.0305  0.0303  0.0301  0.0301  0.0302  0.0302  0.0304  0.0306  0.0302  0.0304  0.0300  0.0301
  0.0300  0.0299  0.0299  0.0299  0.0299  0.0299  0.0300  0.0300  0.0299  0.0300  0.0299  0.0299
  0.0298  0.0298  0.0298  0.0298  0.0298  0.0298  0.0298  0.0298  0.0298  0.0298  0.0298  0.0298
  0.0300  0.0299  0.0299  0.0299  0.0299  0.0299  0.0300  0.0300  0.0299  0.0300  0.0299  0.0299
  0.0305  0.0303  0.0301  0.0301  0.0302  0.0302  0.0304  0.0306  0.0303  0.0304  0.0300  0.0301
  0.0313  0.0310  0.0306  0.0306  0.0307  0.0308  0.0311  0.0316  0.0307  0.0312  0.0303  0.0305
niter,ni,del,rscale     3    3    5.0000    0.6000
parameters
    4.4085   16.9895    6.5191   -9.9382  -12.2515   -8.2117
    3.8592    4.5923   -4.0968    1.8999   -2.9481   -4.8392
eta,q 0.97019 12.28850
  0.0309  0.0307  0.0303  0.0304  0.0305  0.0305  0.0308  0.0311  0.0305  0.0308  0.0302  0.0303
  0.0303  0.0302  0.0301  0.0301  0.0301  0.0301  0.0303  0.0304  0.0301  0.0303  0.0300  0.0301
  0.0299  0.0299  0.0299  0.0299  0.0299  0.0299  0.0299  0.0300  0.0299  0.0299  0.0299  0.0299
  0.0298  0.0298  0.0298  0.0298  0.0298  0.0298  0.0298  0.0298  0.0298  0.0298  0.0298  0.0298
  0.0299  0.0299  0.0299  0.0299  0.0299  0.0299  0.0299  0.0300  0.0299  0.0299  0.0298  0.0299
  0.0303  0.0302  0.0300  0.0301  0.0301  0.0301  0.0302  0.0304  0.0301  0.0303  0.0300  0.0300
  0.0309  0.0307  0.0303  0.0304  0.0305  0.0305  0.0308  0.0311  0.0305  0.0308  0.0302  0.0303
niter,ni,del,rscale     2    3    5.0000    0.5000
parameters
    4.4102   16.9852    6.5298   -9.9303  -12.2198   -8.1922
    3.8711    4.5980   -4.1063    1.8930   -2.9103   -4.7767
eta,q 0.97019 12.29205
  0.0306  0.0304  0.0302  0.0302  0.0303  0.0303  0.0305  0.0307  0.0303  0.0305  0.0301  0.0302
  0.0302  0.0301  0.0300  0.0300  0.0300  0.0300  0.0301  0.0302  0.0300  0.0301  0.0299  0.0300
  0.0299  0.0299  0.0299  0.0299  0.0299  0.0299  0.0299  0.0299  0.0299  0.0299  0.0298  0.0299
  0.0298  0.0298  0.0298  0.0298  0.0298  0.0298  0.0298  0.0298  0.0298  0.0298  0.0298  0.0298
  0.0299  0.0299  0.0298  0.0299  0.0299  0.0299  0.0299  0.0299  0.0299  0.0299  0.0298  0.0298
  0.0302  0.0301  0.0300  0.0300  0.0300  0.0300  0.0301  0.0302  0.0300  0.0301  0.0299  0.0299
  0.0306  0.0304  0.0302  0.0302  0.0303  0.0303  0.0305  0.0307  0.0303  0.0305  0.0301  0.0302
niter,ni,del,rscale     1    3    5.0000    0.4000
parameters
    4.4120   16.9805    6.5457   -9.9073  -12.1952   -8.1635
    3.8805    4.5978   -4.1325    1.8903   -2.9140   -4.7181
eta,q 0.97019 12.29697
  0.0303  0.0302  0.0301  0.0301  0.0301  0.0301  0.0303  0.0304  0.0301  0.0303  0.0300  0.0300
  0.0300  0.0300  0.0299  0.0299  0.0300  0.0300  0.0300  0.0301  0.0299  0.0300  0.0299  0.0299
  0.0299  0.0299  0.0298  0.0298  0.0298  0.0298  0.0299  0.0299  0.0298  0.0299  0.0298  0.0299
  0.0298  0.0298  0.0298  0.0298  0.0298  0.0298  0.0298  0.0298  0.0298  0.0298  0.0298  0.0298
  0.0299  0.0299  0.0298  0.0298  0.0298  0.0298  0.0299  0.0299  0.0299  0.0299  0.0298  0.0298
  0.0300  0.0300  0.0299  0.0299  0.0299  0.0299  0.0300  0.0301  0.0300  0.0300  0.0299  0.0299
  0.0303  0.0302  0.0300  0.0301  0.0301  0.0301  0.0302  0.0304  0.0301  0.0303  0.0300  0.0300
registration optimization eta report
parameter search radius
    0.8000    0.8000    0.8000    2.4000    2.4000    2.4000
    2.4000    2.4000    2.4000    2.4000    2.4000    2.4000
100000*second partial in parameter space
       78.       61.       37.        4.        5.        5.
        8.       10.        6.        8.        3.        4.
  0.0303  0.0302  0.0301  0.0301  0.0301  0.0301  0.0303  0.0304  0.0301  0.0303  0.0300  0.0300
  0.0300  0.0300  0.0299  0.0299  0.0300  0.0300  0.0300  0.0301  0.0299  0.0300  0.0299  0.0299
  0.0299  0.0299  0.0298  0.0298  0.0298  0.0298  0.0299  0.0299  0.0298  0.0299  0.0298  0.0299
  0.0298  0.0298  0.0298  0.0298  0.0298  0.0298  0.0298  0.0298  0.0298  0.0298  0.0298  0.0298
  0.0299  0.0299  0.0298  0.0298  0.0298  0.0298  0.0299  0.0299  0.0299  0.0299  0.0298  0.0298
  0.0300  0.0300  0.0299  0.0299  0.0299  0.0299  0.0300  0.0301  0.0300  0.0300  0.0299  0.0299
  0.0303  0.0302  0.0300  0.0301  0.0301  0.0301  0.0302  0.0304  0.0301  0.0303  0.0300  0.0300
    4.4120   16.9805    6.5457   -9.9073  -12.1952   -8.1635
    3.8805    4.5978   -4.1325    1.8903   -2.9140   -4.7181
eta,q 0.97019 12.29697

---------------------------------------------------------------------
compute_vox2vox talsrcimg talsrcimg_to_711-2C_as_mni_average_305_t4 /opt/freesurfer/average/711-2C_as_mni_average_305
---------------------------------------------------------------------

freesurfer compute_vox2vox.c
Reading: talsrcimg.4dfp.ifh
Reading: talsrcimg_to_711-2C_as_mni_average_305_t4
Reading: /opt/freesurfer/average/711-2C_as_mni_average_305.4dfp.ifh
Writing: talsrcimg_to_711-2C_as_mni_average_305_t4_vox2vox.txt

start time Tue Mar 10 04:55:32 CET 2026
end		time Tue Mar 10 04:55:46 CET 2026

mpr2mni305 success

avi2talxfm orig_nu.mgz /opt/freesurfer/average/mni305.cor.mgz talsrcimg_to_711-2C_as_mni_average_305_t4_vox2vox.txt transforms/talairach.auto.xfm
avi2talxfm done
mv -f /out/sourcedata/freesurfer/sub-v1s5x0050746_ses-1/mri/talsrcimg_to_711-2C_as_mni_average_305_t4_vox2vox.txt /out/sourcedata/freesurfer/sub-v1s5x0050746_ses-1/mri/transforms/talsrcimg_to_711-2C_as_mni_average_305_t4_vox2vox.txt
lta_convert --src orig_nu.mgz --trg /opt/freesurfer/average/mni305.cor.mgz --inxfm transforms/talairach.auto.xfm --outlta transforms/talairach.auto.xfm.lta --subject fsaverage
7.3.2

--src: orig_nu.mgz src image (geometry).
--trg: /opt/freesurfer/average/mni305.cor.mgz trg image (geometry).
--inmni: transforms/talairach.auto.xfm input MNI/XFM transform.
--outlta: transforms/talairach.auto.xfm.lta output LTA.
--s: fsaverage subject name
 LTA read, type : 1
 1.10584  -0.05430  -0.05179  -2.03742;
 0.03772   1.08584   0.05668  -15.12133;
 0.05123  -0.02593   1.13523  -30.29990;
 0.00000   0.00000   0.00000   1.00000;
setting subject to fsaverage
Writing  LTA to file transforms/talairach.auto.xfm.lta...
lta_convert successful.
 
 
Started at Tue Mar 10 04:55:32 CET 2026
Ended   at Tue Mar 10 04:55:46 CET 2026
talairach_avi done
