status file for recon-all
Tue Mar 10 05:17:00 CET 2026
#@# Tessellate rh Tue Mar 10 05:17:00 CET 2026
#@# Smooth1 rh Tue Mar 10 05:17:03 CET 2026
#@# Inflation1 rh Tue Mar 10 05:17:04 CET 2026
#@# QSphere rh Tue Mar 10 05:17:12 CET 2026
#@# Fix Topology rh Tue Mar 10 05:18:03 CET 2026
#@# Smooth2 rh Tue Mar 10 05:22:48 CET 2026
#@# Inflation2 rh Tue Mar 10 05:22:50 CET 2026
#@# Curv .H and .K rh Tue Mar 10 05:22:58 CET 2026
#@# Sphere rh Tue Mar 10 05:23:37 CET 2026
#@# Surf Reg rh Tue Mar 10 05:25:12 CET 2026
#@# Jacobian white rh Tue Mar 10 05:27:33 CET 2026
#@# AvgCurv rh Tue Mar 10 05:27:33 CET 2026
#@# Cortical Parc rh Tue Mar 10 05:27:34 CET 2026
#@# white curv rh Tue Mar 10 05:33:17 CET 2026
#@# white area rh Tue Mar 10 05:33:18 CET 2026
#@# pial curv rh Tue Mar 10 05:33:19 CET 2026
#@# pial area rh Tue Mar 10 05:33:20 CET 2026
#@# thickness rh Tue Mar 10 05:33:20 CET 2026
#@# area and vertex vol rh Tue Mar 10 05:33:40 CET 2026
#@# Curvature Stats rh Tue Mar 10 05:33:41 CET 2026
#@# Cortical Parc 2 rh Tue Mar 10 05:33:43 CET 2026
#@# Cortical Parc 3 rh Tue Mar 10 05:33:53 CET 2026
#@# WM/GM Contrast rh Tue Mar 10 05:34:00 CET 2026
recon-all -s sub-v1s5x0050732_ses-1 finished without error at Tue Mar 10 05:34:02 CET 2026



#New# invocation of recon-all 



status file for recon-all
Tue Mar 10 05:39:43 CET 2026
#@# white curv rh Tue Mar 10 05:39:44 CET 2026
#@# white area rh Tue Mar 10 05:39:44 CET 2026
#@# pial curv rh Tue Mar 10 05:39:44 CET 2026
#@# pial area rh Tue Mar 10 05:39:44 CET 2026
#@# thickness rh Tue Mar 10 05:39:44 CET 2026
#@# area and vertex vol rh Tue Mar 10 05:39:44 CET 2026
#@# Parcellation Stats rh Tue Mar 10 05:39:44 CET 2026
#@# Parcellation Stats 2 rh Tue Mar 10 05:39:59 CET 2026
#@# Parcellation Stats 3 rh Tue Mar 10 05:40:07 CET 2026
#@# BA_exvivo Labels rh Tue Mar 10 05:40:15 CET 2026
recon-all -s sub-v1s5x0050732_ses-1 finished without error at Tue Mar 10 05:42:06 CET 2026
