status file for recon-all
Tue Mar 10 05:00:07 CET 2026
#@# Tessellate lh Tue Mar 10 05:00:07 CET 2026
#@# Smooth1 lh Tue Mar 10 05:00:10 CET 2026
#@# Inflation1 lh Tue Mar 10 05:00:12 CET 2026
#@# QSphere lh Tue Mar 10 05:00:19 CET 2026
#@# Fix Topology lh Tue Mar 10 05:00:59 CET 2026
#@# Smooth2 lh Tue Mar 10 05:05:51 CET 2026
#@# Inflation2 lh Tue Mar 10 05:05:53 CET 2026
#@# Curv .H and .K lh Tue Mar 10 05:06:01 CET 2026
#@# Sphere lh Tue Mar 10 05:06:40 CET 2026
#@# Surf Reg lh Tue Mar 10 05:08:13 CET 2026
#@# Jacobian white lh Tue Mar 10 05:10:32 CET 2026
#@# AvgCurv lh Tue Mar 10 05:10:33 CET 2026
#@# Cortical Parc lh Tue Mar 10 05:10:33 CET 2026
#@# white curv lh Tue Mar 10 05:16:12 CET 2026
#@# white area lh Tue Mar 10 05:16:13 CET 2026
#@# pial curv lh Tue Mar 10 05:16:14 CET 2026
#@# pial area lh Tue Mar 10 05:16:15 CET 2026
#@# thickness lh Tue Mar 10 05:16:15 CET 2026
#@# area and vertex vol lh Tue Mar 10 05:16:35 CET 2026
#@# Curvature Stats lh Tue Mar 10 05:16:36 CET 2026
#@# Cortical Parc 2 lh Tue Mar 10 05:16:38 CET 2026
#@# Cortical Parc 3 lh Tue Mar 10 05:16:48 CET 2026
#@# WM/GM Contrast lh Tue Mar 10 05:16:56 CET 2026
recon-all -s sub-v1s5x0050732_ses-1 finished without error at Tue Mar 10 05:16:58 CET 2026



#New# invocation of recon-all 



status file for recon-all
Tue Mar 10 05:37:18 CET 2026
#@# white curv lh Tue Mar 10 05:37:18 CET 2026
#@# white area lh Tue Mar 10 05:37:18 CET 2026
#@# pial curv lh Tue Mar 10 05:37:18 CET 2026
#@# pial area lh Tue Mar 10 05:37:18 CET 2026
#@# thickness lh Tue Mar 10 05:37:18 CET 2026
#@# area and vertex vol lh Tue Mar 10 05:37:18 CET 2026
#@# Parcellation Stats lh Tue Mar 10 05:37:18 CET 2026
#@# Parcellation Stats 2 lh Tue Mar 10 05:37:34 CET 2026
#@# Parcellation Stats 3 lh Tue Mar 10 05:37:42 CET 2026
#@# BA_exvivo Labels lh Tue Mar 10 05:37:49 CET 2026
recon-all -s sub-v1s5x0050732_ses-1 finished without error at Tue Mar 10 05:39:41 CET 2026
