status file for recon-all
Tue Mar 10 04:34:48 CET 2026
#@# MotionCor Tue Mar 10 04:34:50 CET 2026
#@# Talairach Tue Mar 10 04:34:59 CET 2026
#@# Talairach Failure Detection Tue Mar 10 04:39:23 CET 2026
#@# Nu Intensity Correction Tue Mar 10 04:39:23 CET 2026
#@# Intensity Normalization Tue Mar 10 04:42:38 CET 2026
recon-all -s sub-v1s5x0050741_ses-1 finished without error at Tue Mar 10 04:44:10 CET 2026



#New# invocation of recon-all 



status file for recon-all
Tue Mar 10 04:50:54 CET 2026
#@# EM Registration Tue Mar 10 04:50:54 CET 2026
recon-all -s sub-v1s5x0050741_ses-1 finished without error at Tue Mar 10 04:53:08 CET 2026



#New# invocation of recon-all 



status file for recon-all
Tue Mar 10 04:53:11 CET 2026
#@# CA Normalize Tue Mar 10 04:53:11 CET 2026
#@# CA Reg Tue Mar 10 04:54:32 CET 2026
#@# SubCort Seg Tue Mar 10 05:36:03 CET 2026
#@# CC Seg Tue Mar 10 06:07:13 CET 2026
#@# Merge ASeg Tue Mar 10 06:08:12 CET 2026
#@# Intensity Normalization2 Tue Mar 10 06:08:12 CET 2026
#@# Mask BFS Tue Mar 10 06:10:31 CET 2026
#@# WM Segmentation Tue Mar 10 06:10:32 CET 2026
#@# Fill Tue Mar 10 06:12:18 CET 2026
recon-all -s sub-v1s5x0050741_ses-1 finished without error at Tue Mar 10 06:13:18 CET 2026



#New# invocation of recon-all 



status file for recon-all
Tue Mar 10 06:51:15 CET 2026
#@# white curv lh Tue Mar 10 06:51:15 CET 2026
#@# white area lh Tue Mar 10 06:51:15 CET 2026
#@# pial curv lh Tue Mar 10 06:51:15 CET 2026
#@# pial area lh Tue Mar 10 06:51:15 CET 2026
#@# thickness lh Tue Mar 10 06:51:15 CET 2026
#@# area and vertex vol lh Tue Mar 10 06:51:15 CET 2026
#@# white curv rh Tue Mar 10 06:51:15 CET 2026
#@# white area rh Tue Mar 10 06:51:15 CET 2026
#@# pial curv rh Tue Mar 10 06:51:15 CET 2026
#@# pial area rh Tue Mar 10 06:51:15 CET 2026
#@# thickness rh Tue Mar 10 06:51:15 CET 2026
#@# area and vertex vol rh Tue Mar 10 06:51:15 CET 2026
#@# Cortical ribbon mask Tue Mar 10 06:51:15 CET 2026
recon-all -s sub-v1s5x0050741_ses-1 finished without error at Tue Mar 10 06:55:15 CET 2026



#New# invocation of recon-all 



status file for recon-all
Tue Mar 10 07:00:47 CET 2026
#@# white curv lh Tue Mar 10 07:00:47 CET 2026
#@# white area lh Tue Mar 10 07:00:47 CET 2026
#@# pial curv lh Tue Mar 10 07:00:47 CET 2026
#@# pial area lh Tue Mar 10 07:00:47 CET 2026
#@# thickness lh Tue Mar 10 07:00:47 CET 2026
#@# area and vertex vol lh Tue Mar 10 07:00:47 CET 2026
#@# white curv rh Tue Mar 10 07:00:47 CET 2026
#@# white area rh Tue Mar 10 07:00:47 CET 2026
#@# pial curv rh Tue Mar 10 07:00:47 CET 2026
#@# pial area rh Tue Mar 10 07:00:47 CET 2026
#@# thickness rh Tue Mar 10 07:00:47 CET 2026
#@# area and vertex vol rh Tue Mar 10 07:00:47 CET 2026
#@# Curvature Stats lh Tue Mar 10 07:00:47 CET 2026
#@# Curvature Stats rh Tue Mar 10 07:00:49 CET 2026
#@# Relabel Hypointensities Tue Mar 10 07:00:51 CET 2026
#@# APas-to-ASeg Tue Mar 10 07:01:05 CET 2026
#@# AParc-to-ASeg aparc Tue Mar 10 07:01:13 CET 2026
#@# AParc-to-ASeg aparc.a2009s Tue Mar 10 07:01:45 CET 2026
#@# AParc-to-ASeg aparc.DKTatlas Tue Mar 10 07:02:17 CET 2026
#@# WMParc Tue Mar 10 07:02:47 CET 2026
#@# ASeg Stats Tue Mar 10 07:06:22 CET 2026
recon-all -s sub-v1s5x0050741_ses-1 finished without error at Tue Mar 10 07:06:53 CET 2026
