status file for recon-all
Tue Mar 10 06:31:54 CET 2026
#@# Tessellate rh Tue Mar 10 06:31:54 CET 2026
#@# Smooth1 rh Tue Mar 10 06:31:57 CET 2026
#@# Inflation1 rh Tue Mar 10 06:32:00 CET 2026
#@# QSphere rh Tue Mar 10 06:32:08 CET 2026
#@# Fix Topology rh Tue Mar 10 06:33:00 CET 2026
#@# Smooth2 rh Tue Mar 10 06:38:07 CET 2026
#@# Inflation2 rh Tue Mar 10 06:38:10 CET 2026
#@# Curv .H and .K rh Tue Mar 10 06:38:19 CET 2026
#@# Sphere rh Tue Mar 10 06:39:03 CET 2026
#@# Surf Reg rh Tue Mar 10 06:41:33 CET 2026
#@# Jacobian white rh Tue Mar 10 06:44:35 CET 2026
#@# AvgCurv rh Tue Mar 10 06:44:36 CET 2026
#@# Cortical Parc rh Tue Mar 10 06:44:37 CET 2026
#@# white curv rh Tue Mar 10 06:50:13 CET 2026
#@# white area rh Tue Mar 10 06:50:14 CET 2026
#@# pial curv rh Tue Mar 10 06:50:15 CET 2026
#@# pial area rh Tue Mar 10 06:50:16 CET 2026
#@# thickness rh Tue Mar 10 06:50:17 CET 2026
#@# area and vertex vol rh Tue Mar 10 06:50:44 CET 2026
#@# Curvature Stats rh Tue Mar 10 06:50:45 CET 2026
#@# Cortical Parc 2 rh Tue Mar 10 06:50:47 CET 2026
#@# Cortical Parc 3 rh Tue Mar 10 06:50:59 CET 2026
#@# WM/GM Contrast rh Tue Mar 10 06:51:08 CET 2026
recon-all -s sub-v1s5x0050741_ses-1 finished without error at Tue Mar 10 06:51:10 CET 2026



#New# invocation of recon-all 



status file for recon-all
Tue Mar 10 06:57:59 CET 2026
#@# white curv rh Tue Mar 10 06:57:59 CET 2026
#@# white area rh Tue Mar 10 06:57:59 CET 2026
#@# pial curv rh Tue Mar 10 06:57:59 CET 2026
#@# pial area rh Tue Mar 10 06:57:59 CET 2026
#@# thickness rh Tue Mar 10 06:57:59 CET 2026
#@# area and vertex vol rh Tue Mar 10 06:57:59 CET 2026
#@# Parcellation Stats rh Tue Mar 10 06:57:59 CET 2026
#@# Parcellation Stats 2 rh Tue Mar 10 06:58:15 CET 2026
#@# Parcellation Stats 3 rh Tue Mar 10 06:58:23 CET 2026
#@# BA_exvivo Labels rh Tue Mar 10 06:58:31 CET 2026
recon-all -s sub-v1s5x0050741_ses-1 finished without error at Tue Mar 10 07:00:42 CET 2026
