status file for recon-all
Tue Mar 10 06:13:23 CET 2026
#@# Tessellate lh Tue Mar 10 06:13:23 CET 2026
#@# Smooth1 lh Tue Mar 10 06:13:26 CET 2026
#@# Inflation1 lh Tue Mar 10 06:13:28 CET 2026
#@# QSphere lh Tue Mar 10 06:13:37 CET 2026
#@# Fix Topology lh Tue Mar 10 06:14:32 CET 2026
#@# Smooth2 lh Tue Mar 10 06:19:46 CET 2026
#@# Inflation2 lh Tue Mar 10 06:19:48 CET 2026
#@# Curv .H and .K lh Tue Mar 10 06:19:58 CET 2026
#@# Sphere lh Tue Mar 10 06:20:41 CET 2026
#@# Surf Reg lh Tue Mar 10 06:22:18 CET 2026
#@# Jacobian white lh Tue Mar 10 06:25:17 CET 2026
#@# AvgCurv lh Tue Mar 10 06:25:18 CET 2026
#@# Cortical Parc lh Tue Mar 10 06:25:19 CET 2026
#@# white curv lh Tue Mar 10 06:30:55 CET 2026
#@# white area lh Tue Mar 10 06:30:56 CET 2026
#@# pial curv lh Tue Mar 10 06:30:57 CET 2026
#@# pial area lh Tue Mar 10 06:30:58 CET 2026
#@# thickness lh Tue Mar 10 06:30:59 CET 2026
#@# area and vertex vol lh Tue Mar 10 06:31:25 CET 2026
#@# Curvature Stats lh Tue Mar 10 06:31:26 CET 2026
#@# Cortical Parc 2 lh Tue Mar 10 06:31:28 CET 2026
#@# Cortical Parc 3 lh Tue Mar 10 06:31:40 CET 2026
#@# WM/GM Contrast lh Tue Mar 10 06:31:48 CET 2026
recon-all -s sub-v1s5x0050741_ses-1 finished without error at Tue Mar 10 06:31:51 CET 2026



#New# invocation of recon-all 



status file for recon-all
Tue Mar 10 06:55:19 CET 2026
#@# white curv lh Tue Mar 10 06:55:19 CET 2026
#@# white area lh Tue Mar 10 06:55:19 CET 2026
#@# pial curv lh Tue Mar 10 06:55:19 CET 2026
#@# pial area lh Tue Mar 10 06:55:19 CET 2026
#@# thickness lh Tue Mar 10 06:55:19 CET 2026
#@# area and vertex vol lh Tue Mar 10 06:55:19 CET 2026
#@# Parcellation Stats lh Tue Mar 10 06:55:19 CET 2026
#@# Parcellation Stats 2 lh Tue Mar 10 06:55:34 CET 2026
#@# Parcellation Stats 3 lh Tue Mar 10 06:55:42 CET 2026
#@# BA_exvivo Labels lh Tue Mar 10 06:55:49 CET 2026
recon-all -s sub-v1s5x0050741_ses-1 finished without error at Tue Mar 10 06:57:57 CET 2026
