/out/sourcedata/freesurfer/sub-v1s5x0050724_ses-1/mri
/opt/freesurfer/bin/talairach_avi
--i orig_nu.mgz --xfm transforms/talairach.auto.xfm
talairach_avi 7.3.2
Linux dna067 5.14.0-427.37.1.el9_4.x86_64 #1 SMP PREEMPT_DYNAMIC Fri Sep 13 12:41:50 EDT 2024 x86_64 x86_64 x86_64 GNU/Linux
Tue Mar 10 03:36:04 CET 2026
mri_convert orig_nu.mgz talsrcimg.img 
reading from orig_nu.mgz...
TR=0.00, TE=0.00, TI=0.00, flip angle=0.00
i_ras = (-1, 2.2701e-09, 0)
j_ras = (0, 4.65661e-10, -1)
k_ras = (5.18048e-09, 1, 1.39698e-09)
writing to talsrcimg.img...
Analyze Output Matrix
-1.00000   0.00000   0.00000   119.22650;
 0.00000   0.00000   1.00000  -117.42581;
 0.00000  -1.00000   0.00000   111.32941;
 0.00000   0.00000   0.00000   1.00000;
--------------------
INFO: set hdr.hist.orient to -1
mpr2mni305 talsrcimg
Tue Mar 10 03:36:04 CET 2026
/opt/freesurfer/bin/mpr2mni305 talsrcimg
mpr2mni305 7.3.2
target=711-2C_as_mni_average_305

---------------------------------------------------------------------
analyzeto4dfp talsrcimg -O0 -y
---------------------------------------------------------------------

freesurfer ifh2hdr.c
Tue Mar 10 03:36:05 2026
Writing: talsrcimg.4dfp.hdr
freesurfer analyzeto4dfp.c
Reading: talsrcimg.hdr
header size 348 bytes
hdr.dime.datatype	offset=70	value=2
hdr.dime.bitpix		offset=72	value=8
hdr.hist.orient		offset=252	value=-1
dimensionality     4
dimensions       256       256       256         1
Reading: talsrcimg.img
Writing: talsrcimg.4dfp.img
Writing: talsrcimg.4dfp.ifh
ifh2hdr talsrcimg -r0to255
ori=2

---------------------------------------------------------------------
gauss_4dfp talsrcimg 1.1
---------------------------------------------------------------------

freesurfer gauss_4dfp.c
Reading: talsrcimg.4dfp.img
Writing: talsrcimg_g11.4dfp.img
image dimensions 256 256 256 padded to 288 288 288
processing volume 1freesurfer ifh2hdr.c
Tue Mar 10 03:36:06 2026
Writing: talsrcimg_g11.4dfp.hdr

Writing: talsrcimg_g11.4dfp.ifh
including: talsrcimg.4dfp.img.rec in talsrcimg_g11.4dfp.img.rec

---------------------------------------------------------------------
imgreg_4dfp /opt/freesurfer/average/711-2C_as_mni_average_305 none talsrcimg_g11 none talsrcimg_to_711-2C_as_mni_average_305_t4 4355
---------------------------------------------------------------------

freesurfer imgreg_4dfp.c
/opt/freesurfer/average/711-2C_as_mni_average_305.4dfp.img
       256       256       256         1
  1.000000  1.000000  1.000000
orientation T byte_order littleendian
Reading image: /opt/freesurfer/average/711-2C_as_mni_average_305.4dfp.img
dimensions:      256       256       256
mmppix:       1.0000   -1.0000   -1.0000
center:     128.0000 -129.0000 -129.0000
talsrcimg_g11.4dfp.img
       256       256       256         1
  1.000000  1.000000  1.000000
orientation T byte_order littleendian
Reading image: talsrcimg_g11.4dfp.img
dimensions:      256       256       256
mmppix:       1.0000   -1.0000   -1.0000
center:     128.0000 -129.0000 -129.0000
t4_read: open error in t4_sub.f l:  41 t4_file(1:l)talsrcimg_to_711-2C_as_mni_average_305_t4 
t4_read: transform initialized to I4
rotation matrix determinant  1.000000
image alignment mode   4355 decimal     1103 hex
   -7.5000  -45.0000  -45.0000 8901.8047   16.3115
    0.0000  -45.0000  -45.0000 9323.7178   16.3467
    7.5000  -45.0000  -45.0000 9003.3838   16.4003
   -7.5000  -37.5000  -45.0000 9376.5244   16.1075
    0.0000  -37.5000  -45.0000 9818.8945   16.1484
    7.5000  -37.5000  -45.0000 9431.4326   16.1978
   -7.5000  -30.0000  -45.000010240.9551   15.9707
    0.0000  -30.0000  -45.000010719.1504   16.0131
    7.5000  -30.0000  -45.000010249.1572   16.0564
   -7.5000  -22.5000  -45.000011110.2891   15.9077
    0.0000  -22.5000  -45.000011596.0342   15.9470
    7.5000  -22.5000  -45.000011072.6787   15.9891
   -7.5000  -15.0000  -45.000011760.8887   15.8909
    0.0000  -15.0000  -45.000012271.0283   15.9262
    7.5000  -15.0000  -45.000011720.7402   15.9722
   -7.5000   -7.5000  -45.000012287.7061   15.8805
    0.0000   -7.5000  -45.000012809.9453   15.9148
    7.5000   -7.5000  -45.000012209.6768   15.9651
   -7.5000    0.0000  -45.000012720.9268   15.8831
    0.0000    0.0000  -45.000013223.4775   15.9193
    7.5000    0.0000  -45.000012597.7041   15.9710
   -7.5000    7.5000  -45.000012138.3125   15.9007
    0.0000    7.5000  -45.000012622.3809   15.9409
    7.5000    7.5000  -45.000011992.7451   15.9892
   -7.5000   15.0000  -45.000011465.9521   15.9607
    0.0000   15.0000  -45.000011930.0020   16.0037
    7.5000   15.0000  -45.000011329.6426   16.0469
   -7.5000   22.5000  -45.000010802.6348   16.1302
    0.0000   22.5000  -45.000011234.2266   16.1718
    7.5000   22.5000  -45.000010683.5879   16.2130
   -7.5000   30.0000  -45.000010149.9316   16.2313
    0.0000   30.0000  -45.000010563.5420   16.2656
    7.5000   30.0000  -45.000010036.3037   16.3084
   -7.5000   37.5000  -45.0000 9853.6611   16.6241
    0.0000   37.5000  -45.000010250.6475   16.6538
    7.5000   37.5000  -45.0000 9735.2725   16.6927
   -7.5000   45.0000  -45.0000 9209.6641   16.6380
    0.0000   45.0000  -45.0000 9571.9404   16.6706
    7.5000   45.0000  -45.0000 9081.0391   16.7153
   -7.5000  -45.0000  -37.5000 9309.7090   16.2935
    0.0000  -45.0000  -37.5000 9795.6289   16.3408
    7.5000  -45.0000  -37.5000 9434.2998   16.3990
   -7.5000  -37.5000  -37.5000 9848.6279   16.0900
    0.0000  -37.5000  -37.500010349.3057   16.1422
    7.5000  -37.5000  -37.5000 9932.1709   16.1971
   -7.5000  -30.0000  -37.500010797.4785   15.9584
    0.0000  -30.0000  -37.500011301.1182   16.0128
    7.5000  -30.0000  -37.500010816.8848   16.0650
   -7.5000  -22.5000  -37.500011723.0352   15.9001
    0.0000  -22.5000  -37.500012243.7295   15.9532
    7.5000  -22.5000  -37.500011679.8350   16.0071
   -7.5000  -15.0000  -37.500012395.2666   15.8834
    0.0000  -15.0000  -37.500012955.4883   15.9334
    7.5000  -15.0000  -37.500012350.6895   15.9906
   -7.5000   -7.5000  -37.500012948.5957   15.8681
    0.0000   -7.5000  -37.500013532.6885   15.9154
    7.5000   -7.5000  -37.500012900.6191   15.9730
   -7.5000    0.0000  -37.500013407.0547   15.8656
    0.0000    0.0000  -37.500013969.3613   15.9131
    7.5000    0.0000  -37.500013296.8311   15.9692
   -7.5000    7.5000  -37.500012809.9004   15.8834
    0.0000    7.5000  -37.500013345.2480   15.9346
    7.5000    7.5000  -37.500012645.9375   15.9885
   -7.5000   15.0000  -37.500012083.1631   15.9485
    0.0000   15.0000  -37.500012573.5654   16.0035
    7.5000   15.0000  -37.500011910.4287   16.0556
   -7.5000   22.5000  -37.500011393.9648   16.1217
    0.0000   22.5000  -37.500011851.2441   16.1766
    7.5000   22.5000  -37.500011223.7090   16.2300
   -7.5000   30.0000  -37.500010730.1328   16.2272
    0.0000   30.0000  -37.500011168.2197   16.2751
    7.5000   30.0000  -37.500010581.8691   16.3284
   -7.5000   37.5000  -37.500010416.2051   16.6197
    0.0000   37.5000  -37.500010824.3555   16.6619
    7.5000   37.5000  -37.500010273.1162   16.7067
   -7.5000   45.0000  -37.5000 9714.3242   16.6307
    0.0000   45.0000  -37.500010072.9170   16.6721
    7.5000   45.0000  -37.5000 9549.9980   16.7189
   -7.5000  -45.0000  -30.0000 9900.2119   16.9242
    0.0000  -45.0000  -30.000010430.2910   16.9733
    7.5000  -45.0000  -30.000010054.0283   17.0353
   -7.5000  -37.5000  -30.000010502.5449   16.7116
    0.0000  -37.5000  -30.000011019.8916   16.7657
    7.5000  -37.5000  -30.000010588.5127   16.8223
   -7.5000  -30.0000  -30.000011505.9424   16.5805
    0.0000  -30.0000  -30.000012034.6377   16.6386
    7.5000  -30.0000  -30.000011518.1543   16.6957
   -7.5000  -22.5000  -30.000012472.1836   16.5282
    0.0000  -22.5000  -30.000013040.2842   16.5870
    7.5000  -22.5000  -30.000012420.9160   16.6512
   -7.5000  -15.0000  -30.000013189.0508   16.5136
    0.0000  -15.0000  -30.000013808.1289   16.5693
    7.5000  -15.0000  -30.000013148.7441   16.6395
   -7.5000   -7.5000  -30.000013779.5010   16.4909
    0.0000   -7.5000  -30.000014417.3096   16.5417
    7.5000   -7.5000  -30.000013746.0957   16.6091
   -7.5000    0.0000  -30.000014266.9639   16.4803
    0.0000    0.0000  -30.000014884.7080   16.5295
    7.5000    0.0000  -30.000014109.8066   16.5895
   -7.5000    7.5000  -30.000013634.3936   16.4976
    0.0000    7.5000  -30.000014217.8496   16.5506
    7.5000    7.5000  -30.000013434.6943   16.6061
   -7.5000   15.0000  -30.000012859.2998   16.5698
    0.0000   15.0000  -30.000013421.8809   16.6285
    7.5000   15.0000  -30.000012674.5400   16.6852
   -7.5000   22.5000  -30.000012140.8643   16.7546
    0.0000   22.5000  -30.000012658.9561   16.8146
    7.5000   22.5000  -30.000011941.2578   16.8779
   -7.5000   30.0000  -30.000011443.7393   16.8729
    0.0000   30.0000  -30.000011911.0381   16.9265
    7.5000   30.0000  -30.000011249.4209   16.9910
   -7.5000   37.5000  -30.000011095.6816   17.2812
    0.0000   37.5000  -30.000011508.5059   17.3270
    7.5000   37.5000  -30.000010878.3623   17.3785
   -7.5000   45.0000  -30.000010306.8467   17.2989
    0.0000   45.0000  -30.000010685.4990   17.3419
    7.5000   45.0000  -30.000010114.6553   17.3893
   -7.5000  -45.0000  -22.500010488.9092   17.4734
    0.0000  -45.0000  -22.500011024.2070   17.5090
    7.5000  -45.0000  -22.500010609.2178   17.5690
   -7.5000  -37.5000  -22.500011115.0889   17.2529
    0.0000  -37.5000  -22.500011631.7441   17.2943
    7.5000  -37.5000  -22.500011173.2275   17.3453
   -7.5000  -30.0000  -22.500012149.6934   17.1176
    0.0000  -30.0000  -22.500012694.6797   17.1644
    7.5000  -30.0000  -22.500012155.2031   17.2154
   -7.5000  -22.5000  -22.500013157.5322   17.0664
    0.0000  -22.5000  -22.500013734.0293   17.1139
    7.5000  -22.5000  -22.500013096.7080   17.1752
   -7.5000  -15.0000  -22.500013943.8057   17.0531
    0.0000  -15.0000  -22.500014602.0312   17.0968
    7.5000  -15.0000  -22.500013889.5508   17.1681
   -7.5000   -7.5000  -22.500014593.7705   17.0281
    0.0000   -7.5000  -22.500015284.3711   17.0667
    7.5000   -7.5000  -22.500014538.5537   17.1358
   -7.5000    0.0000  -22.500015080.8633   17.0157
    0.0000    0.0000  -22.500015761.8926   17.0520
    7.5000    0.0000  -22.500014946.5674   17.1103
   -7.5000    7.5000  -22.500014402.3740   17.0326
    0.0000    7.5000  -22.500015053.2432   17.0732
    7.5000    7.5000  -22.500014190.6621   17.1231
   -7.5000   15.0000  -22.500013611.8799   17.1061
    0.0000   15.0000  -22.500014207.0439   17.1538
    7.5000   15.0000  -22.500013381.3164   17.2040
   -7.5000   22.5000  -22.500012865.4648   17.2975
    0.0000   22.5000  -22.500013391.7705   17.3462
    7.5000   22.5000  -22.500012598.4141   17.4059
   -7.5000   30.0000  -22.500012120.9834   17.4224
    0.0000   30.0000  -22.500012583.9004   17.4654
    7.5000   30.0000  -22.500011841.6475   17.5299
   -7.5000   37.5000  -22.500011731.1602   17.8441
    0.0000   37.5000  -22.500012159.4570   17.8785
    7.5000   37.5000  -22.500011461.1914   17.9300
   -7.5000   45.0000  -22.500010890.6963   17.8720
    0.0000   45.0000  -22.500011259.5254   17.9051
    7.5000   45.0000  -22.500010655.3467   17.9499
   -7.5000  -45.0000  -15.000011067.5508   17.9136
    0.0000  -45.0000  -15.000011584.4404   17.9362
    7.5000  -45.0000  -15.000011148.7539   17.9923
   -7.5000  -37.5000  -15.000011697.2158   17.6880
    0.0000  -37.5000  -15.000012208.6758   17.7171
    7.5000  -37.5000  -15.000011766.9180   17.7621
   -7.5000  -30.0000  -15.000012749.3350   17.5438
    0.0000  -30.0000  -15.000013311.6270   17.5783
    7.5000  -30.0000  -15.000012795.5146   17.6200
   -7.5000  -22.5000  -15.000013768.5762   17.4857
    0.0000  -22.5000  -15.000014407.6592   17.5195
    7.5000  -22.5000  -15.000013759.0518   17.5701
   -7.5000  -15.0000  -15.000014642.1348   17.4711
    0.0000  -15.0000  -15.000015365.3242   17.5008
    7.5000  -15.0000  -15.000014609.1533   17.5627
   -7.5000   -7.5000  -15.000015342.4766   17.4507
    0.0000   -7.5000  -15.000016121.0791   17.4763
    7.5000   -7.5000  -15.000015312.2754   17.5398
   -7.5000    0.0000  -15.000015883.9424   17.4442
    0.0000    0.0000  -15.000016658.8848   17.4683
    7.5000    0.0000  -15.000015778.5244   17.5228
   -7.5000    7.5000  -15.000015176.1562   17.4621
    0.0000    7.5000  -15.000015882.5225   17.4906
    7.5000    7.5000  -15.000014956.0967   17.5347
   -7.5000   15.0000  -15.000014348.0957   17.5320
    0.0000   15.0000  -15.000014953.8438   17.5673
    7.5000   15.0000  -15.000014070.6982   17.6084
   -7.5000   22.5000  -15.000013576.9932   17.7223
    0.0000   22.5000  -15.000014077.4551   17.7579
    7.5000   22.5000  -15.000013216.9805   17.8065
   -7.5000   30.0000  -15.000012778.6611   17.8480
    0.0000   30.0000  -15.000013239.4658   17.8783
    7.5000   30.0000  -15.000012389.0889   17.9340
   -7.5000   37.5000  -15.000012330.6914   18.2808
    0.0000   37.5000  -15.000012776.3662   18.3030
    7.5000   37.5000  -15.000011973.3506   18.3498
   -7.5000   45.0000  -15.000011433.0244   18.3225
    0.0000   45.0000  -15.000011847.4131   18.3462
    7.5000   45.0000  -15.000011160.1504   18.3896
   -7.5000  -45.0000   -7.500011649.6680   18.1773
    0.0000  -45.0000   -7.500012163.6895   18.2023
    7.5000  -45.0000   -7.500011689.9766   18.2583
   -7.5000  -37.5000   -7.500012293.9805   17.9489
    0.0000  -37.5000   -7.500012842.0645   17.9808
    7.5000  -37.5000   -7.500012355.3643   18.0280
   -7.5000  -30.0000   -7.500013350.0557   17.7970
    0.0000  -30.0000   -7.500013962.9102   17.8322
    7.5000  -30.0000   -7.500013388.3740   17.8728
   -7.5000  -22.5000   -7.500014345.8535   17.7301
    0.0000  -22.5000   -7.500015063.4404   17.7626
    7.5000  -22.5000   -7.500014390.7324   17.8059
   -7.5000  -15.0000   -7.500015274.0527   17.7132
    0.0000  -15.0000   -7.500016040.6025   17.7411
    7.5000  -15.0000   -7.500015297.9141   17.7929
   -7.5000   -7.5000   -7.500016045.1475   17.6995
    0.0000   -7.5000   -7.500016899.2852   17.7255
    7.5000   -7.5000   -7.500016025.1309   17.7823
   -7.5000    0.0000   -7.500016708.8203   17.7004
    0.0000    0.0000   -7.500017577.8516   17.7272
    7.5000    0.0000   -7.500016599.5977   17.7814
   -7.5000    7.5000   -7.500016099.1904   17.7191
    0.0000    7.5000   -7.500016848.9883   17.7505
    7.5000    7.5000   -7.500015827.2266   17.7967
   -7.5000   15.0000   -7.500015297.4521   17.7853
    0.0000   15.0000   -7.500015916.2139   17.8213
    7.5000   15.0000   -7.500014924.4990   17.8616
   -7.5000   22.5000   -7.500014417.5098   17.9705
    0.0000   22.5000   -7.500014952.9287   18.0054
    7.5000   22.5000   -7.500013969.2002   18.0471
   -7.5000   30.0000   -7.500013468.9531   18.0955
    0.0000   30.0000   -7.500014001.0752   18.1237
    7.5000   30.0000   -7.500013029.4258   18.1709
   -7.5000   37.5000   -7.500012995.3301   18.5343
    0.0000   37.5000   -7.500013525.5293   18.5564
    7.5000   37.5000   -7.500012587.6641   18.5990
   -7.5000   45.0000   -7.500012058.9424   18.5849
    0.0000   45.0000   -7.500012536.4639   18.6109
    7.5000   45.0000   -7.500011721.7471   18.6568
   -7.5000  -45.0000    0.000012082.7891   18.2523
    0.0000  -45.0000    0.000012629.0459   18.2917
    7.5000  -45.0000    0.000012108.4414   18.3517
   -7.5000  -37.5000    0.000012778.9561   18.0240
    0.0000  -37.5000    0.000013368.4131   18.0698
    7.5000  -37.5000    0.000012818.8906   18.1250
   -7.5000  -30.0000    0.000013862.5527   17.8710
    0.0000  -30.0000    0.000014510.2109   17.9185
    7.5000  -30.0000    0.000013870.5859   17.9669
   -7.5000  -22.5000    0.000014896.2695   17.8005
    0.0000  -22.5000    0.000015582.5088   17.8444
    7.5000  -22.5000    0.000014866.5654   17.8916
   -7.5000  -15.0000    0.000015831.4336   17.7816
    0.0000  -15.0000    0.000016553.1484   17.8212
    7.5000  -15.0000    0.000015771.7998   17.8727
   -7.5000   -7.5000    0.000016636.9492   17.7700
    0.0000   -7.5000    0.000017474.4531   17.8085
    7.5000   -7.5000    0.000016574.4707   17.8647
   -7.5000    0.0000    0.000017443.5586   17.7730
    0.0000    0.0000    0.000018357.4629   17.8135
    7.5000    0.0000    0.000017262.9785   17.8713
   -7.5000    7.5000    0.000017000.6387   17.7926
    0.0000    7.5000    0.000017855.8535   17.8376
    7.5000    7.5000    0.000016653.7383   17.8917
   -7.5000   15.0000    0.000016119.5557   17.8597
    0.0000   15.0000    0.000016934.3789   17.9079
    7.5000   15.0000    0.000015786.8203   17.9562
   -7.5000   22.5000    0.000014934.6465   18.0435
    0.0000   22.5000    0.000015754.4746   18.0901
    7.5000   22.5000    0.000014705.0811   18.1362
   -7.5000   30.0000    0.000013836.7617   18.1696
    0.0000   30.0000    0.000014616.0488   18.2081
    7.5000   30.0000    0.000013594.5000   18.2559
   -7.5000   37.5000    0.000013374.5889   18.6093
    0.0000   37.5000    0.000014089.7070   18.6426
    7.5000   37.5000    0.000013074.0361   18.6861
   -7.5000   45.0000    0.000012480.2920   18.6614
    0.0000   45.0000    0.000013066.6689   18.6980
    7.5000   45.0000    0.000012156.1914   18.7481
   -7.5000  -45.0000    7.500011678.3574   18.2329
    0.0000  -45.0000    7.500012186.3574   18.2858
    7.5000  -45.0000    7.500011653.3467   18.3509
   -7.5000  -37.5000    7.500012377.5693   18.0051
    0.0000  -37.5000    7.500012896.6689   18.0635
    7.5000  -37.5000    7.500012345.6553   18.1250
   -7.5000  -30.0000    7.500013447.0205   17.8579
    0.0000  -30.0000    7.500013997.0684   17.9188
    7.5000  -30.0000    7.500013392.9424   17.9772
   -7.5000  -22.5000    7.500014415.9355   17.7926
    0.0000  -22.5000    7.500015011.4160   17.8521
    7.5000  -22.5000    7.500014335.6797   17.9124
   -7.5000  -15.0000    7.500015270.3574   17.7740
    0.0000  -15.0000    7.500015934.9609   17.8298
    7.5000  -15.0000    7.500015196.3379   17.8939
   -7.5000   -7.5000    7.500016009.6387   17.7568
    0.0000   -7.5000    7.500016840.7852   17.8097
    7.5000   -7.5000    7.500016022.6729   17.8742
   -7.5000    0.0000    7.500016776.3691   17.7540
    0.0000    0.0000    7.500017771.6523   17.8072
    7.5000    0.0000    7.500016787.4121   17.8700
   -7.5000    7.5000    7.500016266.4180   17.7740
    0.0000    7.5000    7.500017411.5410   17.8312
    7.5000    7.5000    7.500016253.6748   17.8915
   -7.5000   15.0000    7.500015344.4775   17.8468
    0.0000   15.0000    7.500016528.8730   17.9083
    7.5000   15.0000    7.500015392.8730   17.9666
   -7.5000   22.5000    7.500014200.0869   18.0347
    0.0000   22.5000    7.500015338.0098   18.0962
    7.5000   22.5000    7.500014302.6455   18.1559
   -7.5000   30.0000    7.500013189.3613   18.1658
    0.0000   30.0000    7.500014150.6660   18.2193
    7.5000   30.0000    7.500013168.3564   18.2790
   -7.5000   37.5000    7.500012768.6533   18.6051
    0.0000   37.5000    7.500013558.9297   18.6524
    7.5000   37.5000    7.500012600.3594   18.7026
   -7.5000   45.0000    7.500011947.4512   18.6540
    0.0000   45.0000    7.500012549.0664   18.7005
    7.5000   45.0000    7.500011733.2510   18.7529
   -7.5000  -45.0000   15.000011205.2461   18.1738
    0.0000  -45.0000   15.000011612.5928   18.2265
    7.5000  -45.0000   15.000011090.5186   18.2932
   -7.5000  -37.5000   15.000011881.6191   17.9455
    0.0000  -37.5000   15.000012335.7412   18.0036
    7.5000  -37.5000   15.000011767.7598   18.0644
   -7.5000  -30.0000   15.000012908.3232   17.8047
    0.0000  -30.0000   15.000013417.4355   17.8671
    7.5000  -30.0000   15.000012810.2822   17.9284
   -7.5000  -22.5000   15.000013809.1396   17.7486
    0.0000  -22.5000   15.000014377.6885   17.8117
    7.5000  -22.5000   15.000013754.5918   17.8806
   -7.5000  -15.0000   15.000014586.8066   17.7329
    0.0000  -15.0000   15.000015212.5586   17.7927
    7.5000  -15.0000   15.000014568.4668   17.8681
   -7.5000   -7.5000   15.000015274.0000   17.7085
    0.0000   -7.5000   15.000016025.5830   17.7631
    7.5000   -7.5000   15.000015283.7139   17.8355
   -7.5000    0.0000   15.000015945.5820   17.6971
    0.0000    0.0000   15.000016812.1660   17.7500
    7.5000    0.0000   15.000015909.1338   17.8144
   -7.5000    7.5000   15.000015337.0674   17.7157
    0.0000    7.5000   15.000016250.2812   17.7726
    7.5000    7.5000   15.000015305.0430   17.8322
   -7.5000   15.0000   15.000014455.0771   17.7932
    0.0000   15.0000   15.000015361.6670   17.8563
    7.5000   15.0000   15.000014481.3555   17.9172
   -7.5000   22.5000   15.000013492.2754   17.9878
    0.0000   22.5000   15.000014349.1270   18.0521
    7.5000   22.5000   15.000013520.8906   18.1201
   -7.5000   30.0000   15.000012592.7148   18.1241
    0.0000   30.0000   15.000013366.2920   18.1816
    7.5000   30.0000   15.000012560.9365   18.2509
   -7.5000   37.5000   15.000012225.0146   18.5626
    0.0000   37.5000   15.000012856.7617   18.6118
    7.5000   37.5000   15.000012071.2227   18.6671
   -7.5000   45.0000   15.000011380.5391   18.6062
    0.0000   45.0000   15.000011914.5518   18.6525
    7.5000   45.0000   15.000011218.8555   18.7034
   -7.5000  -45.0000   22.500010606.8438   18.1391
    0.0000  -45.0000   22.500011014.9980   18.1760
    7.5000  -45.0000   22.500010464.3662   18.2384
   -7.5000  -37.5000   22.500011248.8955   17.9102
    0.0000  -37.5000   22.500011702.3467   17.9532
    7.5000  -37.5000   22.500011128.7109   18.0061
   -7.5000  -30.0000   22.500012205.8506   17.7697
    0.0000  -30.0000   22.500012685.7559   17.8184
    7.5000  -30.0000   22.500012102.8721   17.8713
   -7.5000  -22.5000   22.500013036.5352   17.7166
    0.0000  -22.5000   22.500013491.5742   17.7660
    7.5000  -22.5000   22.500012894.3271   17.8296
   -7.5000  -15.0000   22.500013732.2881   17.7028
    0.0000  -15.0000   22.500014231.1836   17.7482
    7.5000  -15.0000   22.500013624.7725   17.8222
   -7.5000   -7.5000   22.500014389.8682   17.6768
    0.0000   -7.5000   22.500014946.3271   17.7169
    7.5000   -7.5000   22.500014269.8984   17.7887
   -7.5000    0.0000   22.500014950.7881   17.6639
    0.0000    0.0000   22.500015576.5830   17.7016
    7.5000    0.0000   22.500014818.6826   17.7622
   -7.5000    7.5000   22.500014298.4258   17.6815
    0.0000    7.5000   22.500014950.0723   17.7236
    7.5000    7.5000   22.500014213.0088   17.7755
   -7.5000   15.0000   22.500013447.9365   17.7578
    0.0000   15.0000   22.500014062.0498   17.8073
    7.5000   15.0000   22.500013416.0693   17.8595
   -7.5000   22.5000   22.500012602.5859   17.9538
    0.0000   22.5000   22.500013182.6250   18.0043
    7.5000   22.5000   22.500012546.8379   18.0663
   -7.5000   30.0000   22.500011796.5986   18.0887
    0.0000   30.0000   22.500012349.3369   18.1334
    7.5000   30.0000   22.500011716.7598   18.2003
   -7.5000   37.5000   22.500011484.4492   18.5265
    0.0000   37.5000   22.500011962.4688   18.5623
    7.5000   37.5000   22.500011316.6992   18.6157
   -7.5000   45.0000   22.500010712.8193   18.5691
    0.0000   45.0000   22.500011139.8857   18.6034
    7.5000   45.0000   22.500010544.3438   18.6500
   -7.5000  -45.0000   30.0000 9865.2451   18.2297
    0.0000  -45.0000   30.000010268.8037   18.2524
    7.5000  -45.0000   30.0000 9769.8887   18.3097
   -7.5000  -37.5000   30.000010455.8535   17.9992
    0.0000  -37.5000   30.000010850.8457   18.0287
    7.5000  -37.5000   30.000010332.1123   18.0746
   -7.5000  -30.0000   30.000011334.2695   17.8519
    0.0000  -30.0000   30.000011707.7002   17.8869
    7.5000  -30.0000   30.000011190.3115   17.9296
   -7.5000  -22.5000   30.000012088.3770   17.7926
    0.0000  -22.5000   30.000012465.9131   17.8270
    7.5000  -22.5000   30.000011917.5342   17.8787
   -7.5000  -15.0000   30.000012733.3330   17.7776
    0.0000  -15.0000   30.000013153.8633   17.8078
    7.5000  -15.0000   30.000012588.8174   17.8711
   -7.5000   -7.5000   30.000013306.9365   17.7567
    0.0000   -7.5000   30.000013810.0557   17.7827
    7.5000   -7.5000   30.000013174.3438   17.8476
   -7.5000    0.0000   30.000013801.8643   17.7502
    0.0000    0.0000   30.000014343.9580   17.7746
    7.5000    0.0000   30.000013664.4453   17.8302
   -7.5000    7.5000   30.000013166.0693   17.7685
    0.0000    7.5000   30.000013708.9873   17.7974
    7.5000    7.5000   30.000013059.1924   17.8424
   -7.5000   15.0000   30.000012382.0791   17.8398
    0.0000   15.0000   30.000012907.9033   17.8758
    7.5000   15.0000   30.000012330.6436   17.9177
   -7.5000   22.5000   30.000011615.2725   18.0323
    0.0000   22.5000   30.000012106.3184   18.0686
    7.5000   22.5000   30.000011569.7598   18.1183
   -7.5000   30.0000   30.000010879.5117   18.1635
    0.0000   30.0000   30.000011348.3779   18.1943
    7.5000   30.0000   30.000010810.5703   18.2513
   -7.5000   37.5000   30.000010581.0020   18.6057
    0.0000   37.5000   30.000011016.3467   18.6282
    7.5000   37.5000   30.000010448.1436   18.6761
   -7.5000   45.0000   30.0000 9882.4072   18.6551
    0.0000   45.0000   30.000010246.0430   18.6791
    7.5000   45.0000   30.0000 9729.4873   18.7234
   -7.5000  -45.0000   37.5000 9454.7793   18.4705
    0.0000  -45.0000   37.5000 9847.7588   18.4959
    7.5000  -45.0000   37.5000 9381.4717   18.5537
   -7.5000  -37.5000   37.500010014.8232   18.2349
    0.0000  -37.5000   37.500010382.6670   18.2680
    7.5000  -37.5000   37.5000 9906.9219   18.3168
   -7.5000  -30.0000   37.500010859.2793   18.0777
    0.0000  -30.0000   37.500011218.1426   18.1141
    7.5000  -30.0000   37.500010713.5762   18.1560
   -7.5000  -22.5000   37.500011570.4463   18.0082
    0.0000  -22.5000   37.500011949.0791   18.0412
    7.5000  -22.5000   37.500011412.4414   18.0857
   -7.5000  -15.0000   37.500012192.5488   17.9909
    0.0000  -15.0000   37.500012599.4102   18.0188
    7.5000  -15.0000   37.500012035.2295   18.0718
   -7.5000   -7.5000   37.500012724.6895   17.9777
    0.0000   -7.5000   37.500013201.6045   18.0037
    7.5000   -7.5000   37.500012592.8213   18.0620
   -7.5000    0.0000   37.500013137.1426   17.9792
    0.0000    0.0000   37.500013665.1768   18.0066
    7.5000    0.0000   37.500013039.9053   18.0623
   -7.5000    7.5000   37.500012515.7021   17.9983
    0.0000    7.5000   37.500013022.1631   18.0308
    7.5000    7.5000   37.500012454.1299   18.0785
   -7.5000   15.0000   37.500011786.3887   18.0657
    0.0000   15.0000   37.500012256.9678   18.1029
    7.5000   15.0000   37.500011768.4492   18.1444
   -7.5000   22.5000   37.500011069.4863   18.2558
    0.0000   22.5000   37.500011505.5381   18.2914
    7.5000   22.5000   37.500011033.2266   18.3342
   -7.5000   30.0000   37.500010390.1562   18.3884
    0.0000   30.0000   37.500010806.9785   18.4166
    7.5000   30.0000   37.500010321.0566   18.4649
   -7.5000   37.5000   37.500010111.9941   18.8417
    0.0000   37.5000   37.500010493.5752   18.8637
    7.5000   37.5000   37.5000 9984.3760   18.9074
   -7.5000   45.0000   37.5000 9429.6533   18.9022
    0.0000   45.0000   37.5000 9791.4229   18.9288
    7.5000   45.0000   37.5000 9299.7500   18.9761
   -7.5000  -45.0000   45.0000 8623.4990   18.7415
    0.0000  -45.0000   45.0000 9000.4277   18.7826
    7.5000  -45.0000   45.0000 8584.8809   18.8476
   -7.5000  -37.5000   45.0000 9126.9492   18.4983
    0.0000  -37.5000   45.0000 9498.0146   18.5462
    7.5000  -37.5000   45.0000 9061.6416   18.6061
   -7.5000  -30.0000   45.0000 9917.5137   18.3334
    0.0000  -30.0000   45.000010288.9570   18.3827
    7.5000  -30.0000   45.0000 9800.9980   18.4351
   -7.5000  -22.5000   45.000010576.1553   18.2571
    0.0000  -22.5000   45.000010972.9824   18.3020
    7.5000  -22.5000   45.000010443.1299   18.3526
   -7.5000  -15.0000   45.000011137.4004   18.2378
    0.0000  -15.0000   45.000011548.4688   18.2779
    7.5000  -15.0000   45.000011001.1729   18.3332
   -7.5000   -7.5000   45.000011623.4541   18.2282
    0.0000   -7.5000   45.000012055.5449   18.2676
    7.5000   -7.5000   45.000011497.8857   18.3282
   -7.5000    0.0000   45.000011973.9502   18.2332
    0.0000    0.0000   45.000012442.2168   18.2755
    7.5000    0.0000   45.000011901.1855   18.3380
   -7.5000    7.5000   45.000011404.1230   18.2530
    0.0000    7.5000   45.000011850.3271   18.3001
    7.5000    7.5000   45.000011350.9795   18.3587
   -7.5000   15.0000   45.000010754.2988   18.3214
    0.0000   15.0000   45.000011186.2744   18.3714
    7.5000   15.0000   45.000010714.4043   18.4237
   -7.5000   22.5000   45.000010102.7480   18.5145
    0.0000   22.5000   45.000010503.4170   18.5622
    7.5000   22.5000   45.000010048.1367   18.6118
   -7.5000   30.0000   45.0000 9493.7451   18.6552
    0.0000   30.0000   45.0000 9851.8320   18.6940
    7.5000   30.0000   45.0000 9409.0195   18.7456
   -7.5000   37.5000   45.0000 9240.2148   19.1251
    0.0000   37.5000   45.0000 9558.3135   19.1590
    7.5000   37.5000   45.0000 9118.5752   19.2064
   -7.5000   45.0000   45.0000 8620.3770   19.2090
    0.0000   45.0000   45.0000 8929.2510   19.2472
    7.5000   45.0000   45.0000 8506.0186   19.3022

---------------------------------------------------------------------
imgreg_4dfp /opt/freesurfer/average/711-2C_as_mni_average_305 /opt/freesurfer/average/711-2B_as_mni_average_305_mask talsrcimg_g11 none talsrcimg_to_711-2C_as_mni_average_305_t4 4355
---------------------------------------------------------------------

freesurfer imgreg_4dfp.c
/opt/freesurfer/average/711-2C_as_mni_average_305.4dfp.img
       256       256       256         1
  1.000000  1.000000  1.000000
orientation T byte_order littleendian
Reading image: /opt/freesurfer/average/711-2C_as_mni_average_305.4dfp.img
dimensions:      256       256       256
mmppix:       1.0000   -1.0000   -1.0000
center:     128.0000 -129.0000 -129.0000
/opt/freesurfer/average/711-2B_as_mni_average_305_mask.4dfp.img
       256       256       256         1
  1.000000  1.000000  1.000000
orientation T byte_order littleendian
Reading mask: /opt/freesurfer/average/711-2B_as_mni_average_305_mask.4dfp.img (2306576 pixels)
talsrcimg_g11.4dfp.img
       256       256       256         1
  1.000000  1.000000  1.000000
orientation T byte_order littleendian
Reading image: talsrcimg_g11.4dfp.img
dimensions:      256       256       256
mmppix:       1.0000   -1.0000   -1.0000
center:     128.0000 -129.0000 -129.0000
rotation matrix determinant  1.000000
image alignment mode   4355 decimal     1103 hex
   -7.5000  -45.0000  -45.0000 2198.8047   21.4489
    0.0000  -45.0000  -45.0000 2241.0879   21.2488
    7.5000  -45.0000  -45.0000 2254.2322   21.2976
   -7.5000  -37.5000  -45.0000 2235.0039   20.8709
    0.0000  -37.5000  -45.0000 2275.2847   20.6984
    7.5000  -37.5000  -45.0000 2273.9031   20.6887
   -7.5000  -30.0000  -45.0000 2270.5332   20.3509
    0.0000  -30.0000  -45.0000 2309.8364   20.1515
    7.5000  -30.0000  -45.0000 2297.7136   20.1517
   -7.5000  -22.5000  -45.0000 2311.8757   19.8434
    0.0000  -22.5000  -45.0000 2341.2590   19.7459
    7.5000  -22.5000  -45.0000 2331.1665   19.6842
   -7.5000  -15.0000  -45.0000 2340.5066   19.4591
    0.0000  -15.0000  -45.0000 2362.9231   19.4242
    7.5000  -15.0000  -45.0000 2354.7898   19.4294
   -7.5000   -7.5000  -45.0000 2356.6145   19.1596
    0.0000   -7.5000  -45.0000 2374.5095   19.1074
    7.5000   -7.5000  -45.0000 2360.5374   19.1737
   -7.5000    0.0000  -45.0000 2372.1165   18.9454
    0.0000    0.0000  -45.0000 2379.4316   18.9290
    7.5000    0.0000  -45.0000 2361.2839   19.0803
   -7.5000    7.5000  -45.0000 2380.4236   18.7983
    0.0000    7.5000  -45.0000 2380.8450   18.7877
    7.5000    7.5000  -45.0000 2357.8682   19.0021
   -7.5000   15.0000  -45.0000 2375.1809   18.8202
    0.0000   15.0000  -45.0000 2376.2524   18.8277
    7.5000   15.0000  -45.0000 2356.0383   19.0927
   -7.5000   22.5000  -45.0000 2360.5852   19.1266
    0.0000   22.5000  -45.0000 2361.1279   19.1839
    7.5000   22.5000  -45.0000 2329.2532   19.4824
   -7.5000   30.0000  -45.0000 2334.6050   19.8119
    0.0000   30.0000  -45.0000 2332.6062   19.8653
    7.5000   30.0000  -45.0000 2298.6431   20.2190
   -7.5000   37.5000  -45.0000 2284.4802   20.8539
    0.0000   37.5000  -45.0000 2282.6165   20.9782
    7.5000   37.5000  -45.0000 2249.7131   21.3528
   -7.5000   45.0000  -45.0000 2222.2944   22.2182
    0.0000   45.0000  -45.0000 2214.3481   22.3469
    7.5000   45.0000  -45.0000 2179.2676   22.8126
   -7.5000  -45.0000  -37.5000 2294.8782   19.7504
    0.0000  -45.0000  -37.5000 2334.0889   19.5320
    7.5000  -45.0000  -37.5000 2343.6345   19.6610
   -7.5000  -37.5000  -37.5000 2334.5918   19.1962
    0.0000  -37.5000  -37.5000 2374.2815   19.0691
    7.5000  -37.5000  -37.5000 2372.8076   19.0668
   -7.5000  -30.0000  -37.5000 2373.3264   18.7279
    0.0000  -30.0000  -37.5000 2412.6223   18.5943
    7.5000  -30.0000  -37.5000 2407.2329   18.5677
   -7.5000  -22.5000  -37.5000 2412.9656   18.3051
    0.0000  -22.5000  -37.5000 2444.2610   18.1762
    7.5000  -22.5000  -37.5000 2438.3489   18.1857
   -7.5000  -15.0000  -37.5000 2437.9956   17.9431
    0.0000  -15.0000  -37.5000 2463.6323   17.8178
    7.5000  -15.0000  -37.5000 2452.7803   17.9129
   -7.5000   -7.5000  -37.5000 2454.2869   17.6599
    0.0000   -7.5000  -37.5000 2472.6375   17.5105
    7.5000   -7.5000  -37.5000 2459.5610   17.5715
   -7.5000    0.0000  -37.5000 2471.3020   17.4516
    0.0000    0.0000  -37.5000 2475.8330   17.3360
    7.5000    0.0000  -37.5000 2461.4724   17.4820
   -7.5000    7.5000  -37.5000 2480.4502   17.3909
    0.0000    7.5000  -37.5000 2485.2717   17.3608
    7.5000    7.5000  -37.5000 2458.7773   17.5422
   -7.5000   15.0000  -37.5000 2475.5383   17.4384
    0.0000   15.0000  -37.5000 2475.8472   17.4569
    7.5000   15.0000  -37.5000 2450.5930   17.7110
   -7.5000   22.5000  -37.5000 2468.6243   17.7126
    0.0000   22.5000  -37.5000 2464.0100   17.7471
    7.5000   22.5000  -37.5000 2430.4565   18.0543
   -7.5000   30.0000  -37.5000 2440.4893   18.3240
    0.0000   30.0000  -37.5000 2438.8416   18.3847
    7.5000   30.0000  -37.5000 2398.9048   18.7335
   -7.5000   37.5000  -37.5000 2392.7654   19.2444
    0.0000   37.5000  -37.5000 2384.0100   19.3495
    7.5000   37.5000  -37.5000 2349.6682   19.7279
   -7.5000   45.0000  -37.5000 2320.5146   20.4878
    0.0000   45.0000  -37.5000 2311.9990   20.5711
    7.5000   45.0000  -37.5000 2270.3230   20.9864
   -7.5000  -45.0000  -30.0000 2425.8655   19.0497
    0.0000  -45.0000  -30.0000 2468.0771   18.8569
    7.5000  -45.0000  -30.0000 2480.4590   18.8910
   -7.5000  -37.5000  -30.0000 2472.5183   18.5262
    0.0000  -37.5000  -30.0000 2507.3689   18.3319
    7.5000  -37.5000  -30.0000 2509.9395   18.3381
   -7.5000  -30.0000  -30.0000 2509.4897   18.0208
    0.0000  -30.0000  -30.0000 2543.0391   17.8289
    7.5000  -30.0000  -30.0000 2539.7747   17.8239
   -7.5000  -22.5000  -30.0000 2549.1604   17.5720
    0.0000  -22.5000  -30.0000 2578.9604   17.3818
    7.5000  -22.5000  -30.0000 2570.3291   17.4356
   -7.5000  -15.0000  -30.0000 2569.7180   17.1623
    0.0000  -15.0000  -30.0000 2595.4475   17.0206
    7.5000  -15.0000  -30.0000 2586.0576   17.1029
   -7.5000   -7.5000  -30.0000 2586.9736   16.8910
    0.0000   -7.5000  -30.0000 2601.6260   16.7585
    7.5000   -7.5000  -30.0000 2595.4148   16.8578
   -7.5000    0.0000  -30.0000 2608.0874   16.6869
    0.0000    0.0000  -30.0000 2610.5244   16.5806
    7.5000    0.0000  -30.0000 2590.3374   16.6979
   -7.5000    7.5000  -30.0000 2624.6567   16.6202
    0.0000    7.5000  -30.0000 2625.5149   16.5874
    7.5000    7.5000  -30.0000 2597.2161   16.7416
   -7.5000   15.0000  -30.0000 2626.9888   16.7127
    0.0000   15.0000  -30.0000 2626.8105   16.7082
    7.5000   15.0000  -30.0000 2594.9807   16.9313
   -7.5000   22.5000  -30.0000 2620.8911   17.0489
    0.0000   22.5000  -30.0000 2620.2644   17.0447
    7.5000   22.5000  -30.0000 2580.0493   17.3597
   -7.5000   30.0000  -30.0000 2595.8440   17.6792
    0.0000   30.0000  -30.0000 2593.2769   17.6997
    7.5000   30.0000  -30.0000 2554.0078   18.0013
   -7.5000   37.5000  -30.0000 2549.9209   18.4793
    0.0000   37.5000  -30.0000 2537.3110   18.5809
    7.5000   37.5000  -30.0000 2493.4846   18.8944
   -7.5000   45.0000  -30.0000 2465.8303   19.6352
    0.0000   45.0000  -30.0000 2454.7390   19.7156
    7.5000   45.0000  -30.0000 2409.8318   20.0584
   -7.5000  -45.0000  -22.5000 2528.4941   18.2914
    0.0000  -45.0000  -22.5000 2562.7595   18.0273
    7.5000  -45.0000  -22.5000 2570.2949   18.0382
   -7.5000  -37.5000  -22.5000 2569.7810   17.7174
    0.0000  -37.5000  -22.5000 2599.7542   17.4779
    7.5000  -37.5000  -22.5000 2602.4675   17.4684
   -7.5000  -30.0000  -22.5000 2609.3843   17.2385
    0.0000  -30.0000  -22.5000 2637.8616   16.9962
    7.5000  -30.0000  -22.5000 2633.2937   16.9853
   -7.5000  -22.5000  -22.5000 2641.3938   16.7858
    0.0000  -22.5000  -22.5000 2673.4592   16.5569
    7.5000  -22.5000  -22.5000 2661.8940   16.6252
   -7.5000  -15.0000  -22.5000 2666.6904   16.3939
    0.0000  -15.0000  -22.5000 2690.7607   16.1964
    7.5000  -15.0000  -22.5000 2682.5854   16.3362
   -7.5000   -7.5000  -22.5000 2696.6003   16.0944
    0.0000   -7.5000  -22.5000 2708.3999   15.9259
    7.5000   -7.5000  -22.5000 2695.3655   16.0501
   -7.5000    0.0000  -22.5000 2715.5466   15.8906
    0.0000    0.0000  -22.5000 2715.9336   15.7652
    7.5000    0.0000  -22.5000 2699.1555   15.8671
   -7.5000    7.5000  -22.5000 2736.5684   15.8395
    0.0000    7.5000  -22.5000 2736.6956   15.7275
    7.5000    7.5000  -22.5000 2706.2749   15.8900
   -7.5000   15.0000  -22.5000 2751.2883   15.9234
    0.0000   15.0000  -22.5000 2746.0312   15.8748
    7.5000   15.0000  -22.5000 2712.5254   16.0956
   -7.5000   22.5000  -22.5000 2749.1843   16.3099
    0.0000   22.5000  -22.5000 2746.7722   16.2648
    7.5000   22.5000  -22.5000 2705.3291   16.5162
   -7.5000   30.0000  -22.5000 2724.2258   16.8800
    0.0000   30.0000  -22.5000 2718.0750   16.8933
    7.5000   30.0000  -22.5000 2673.5745   17.1707
   -7.5000   37.5000  -22.5000 2670.3359   17.6611
    0.0000   37.5000  -22.5000 2661.4026   17.7156
    7.5000   37.5000  -22.5000 2614.7180   18.0324
   -7.5000   45.0000  -22.5000 2582.5627   18.7166
    0.0000   45.0000  -22.5000 2567.9180   18.7895
    7.5000   45.0000  -22.5000 2522.9067   19.1685
   -7.5000  -45.0000  -15.0000 2587.1714   17.6467
    0.0000  -45.0000  -15.0000 2615.1052   17.3194
    7.5000  -45.0000  -15.0000 2621.9434   17.3895
   -7.5000  -37.5000  -15.0000 2619.0439   17.0313
    0.0000  -37.5000  -15.0000 2650.7546   16.7728
    7.5000  -37.5000  -15.0000 2652.0891   16.8099
   -7.5000  -30.0000  -15.0000 2655.7078   16.4917
    0.0000  -30.0000  -15.0000 2685.1040   16.2744
    7.5000  -30.0000  -15.0000 2685.4927   16.3381
   -7.5000  -22.5000  -15.0000 2688.7048   16.0778
    0.0000  -22.5000  -15.0000 2719.6711   15.8434
    7.5000  -22.5000  -15.0000 2710.8430   15.9398
   -7.5000  -15.0000  -15.0000 2723.3008   15.6900
    0.0000  -15.0000  -15.0000 2748.8994   15.5124
    7.5000  -15.0000  -15.0000 2734.2576   15.5975
   -7.5000   -7.5000  -15.0000 2762.1021   15.4210
    0.0000   -7.5000  -15.0000 2777.8091   15.2404
    7.5000   -7.5000  -15.0000 2761.6484   15.3350
   -7.5000    0.0000  -15.0000 2794.7910   15.2583
    0.0000    0.0000  -15.0000 2797.1414   15.0823
    7.5000    0.0000  -15.0000 2776.4429   15.1886
   -7.5000    7.5000  -15.0000 2822.0950   15.1744
    0.0000    7.5000  -15.0000 2824.9343   15.0336
    7.5000    7.5000  -15.0000 2791.5720   15.2049
   -7.5000   15.0000  -15.0000 2837.7183   15.2557
    0.0000   15.0000  -15.0000 2835.7471   15.1313
    7.5000   15.0000  -15.0000 2795.1750   15.3507
   -7.5000   22.5000  -15.0000 2844.4314   15.6080
    0.0000   22.5000  -15.0000 2834.9214   15.4952
    7.5000   22.5000  -15.0000 2792.0056   15.7254
   -7.5000   30.0000  -15.0000 2815.6943   16.1711
    0.0000   30.0000  -15.0000 2803.5815   16.0842
    7.5000   30.0000  -15.0000 2754.8718   16.3803
   -7.5000   37.5000  -15.0000 2750.9341   16.9275
    0.0000   37.5000  -15.0000 2739.2168   16.8997
    7.5000   37.5000  -15.0000 2690.7515   17.2410
   -7.5000   45.0000  -15.0000 2658.5337   17.9238
    0.0000   45.0000  -15.0000 2647.4417   17.9495
    7.5000   45.0000  -15.0000 2600.0955   18.3798
   -7.5000  -45.0000   -7.5000 2613.6101   17.2561
    0.0000  -45.0000   -7.5000 2646.4326   16.8559
    7.5000  -45.0000   -7.5000 2655.9333   16.9131
   -7.5000  -37.5000   -7.5000 2640.9771   16.5891
    0.0000  -37.5000   -7.5000 2679.2634   16.2591
    7.5000  -37.5000   -7.5000 2684.0825   16.3403
   -7.5000  -30.0000   -7.5000 2677.8799   15.9686
    0.0000  -30.0000   -7.5000 2709.0256   15.7561
    7.5000  -30.0000   -7.5000 2707.5706   15.8118
   -7.5000  -22.5000   -7.5000 2707.9487   15.4840
    0.0000  -22.5000   -7.5000 2736.5239   15.2840
    7.5000  -22.5000   -7.5000 2733.6384   15.3423
   -7.5000  -15.0000   -7.5000 2745.8098   15.1090
    0.0000  -15.0000   -7.5000 2767.3389   14.9262
    7.5000  -15.0000   -7.5000 2759.4436   14.9880
   -7.5000   -7.5000   -7.5000 2795.9771   14.8695
    0.0000   -7.5000   -7.5000 2806.9272   14.6733
    7.5000   -7.5000   -7.5000 2787.4109   14.7601
   -7.5000    0.0000   -7.5000 2843.8259   14.7455
    0.0000    0.0000   -7.5000 2846.5808   14.5523
    7.5000    0.0000   -7.5000 2818.8765   14.6694
   -7.5000    7.5000   -7.5000 2889.4480   14.7541
    0.0000    7.5000   -7.5000 2884.5859   14.5872
    7.5000    7.5000   -7.5000 2846.0356   14.7170
   -7.5000   15.0000   -7.5000 2914.2747   14.8263
    0.0000   15.0000   -7.5000 2909.1113   14.6373
    7.5000   15.0000   -7.5000 2863.2441   14.8590
   -7.5000   22.5000   -7.5000 2915.5396   15.0364
    0.0000   22.5000   -7.5000 2905.2776   14.8836
    7.5000   22.5000   -7.5000 2851.0176   15.1571
   -7.5000   30.0000   -7.5000 2876.0659   15.5407
    0.0000   30.0000   -7.5000 2865.5793   15.3748
    7.5000   30.0000   -7.5000 2808.5354   15.6810
   -7.5000   37.5000   -7.5000 2808.7449   16.2918
    0.0000   37.5000   -7.5000 2796.5835   16.1861
    7.5000   37.5000   -7.5000 2743.0396   16.5513
   -7.5000   45.0000   -7.5000 2710.8262   17.3070
    0.0000   45.0000   -7.5000 2698.6445   17.3064
    7.5000   45.0000   -7.5000 2648.8826   17.7200
   -7.5000  -45.0000    0.0000 2613.5691   17.0621
    0.0000  -45.0000    0.0000 2653.0227   16.6643
    7.5000  -45.0000    0.0000 2666.2859   16.7392
   -7.5000  -37.5000    0.0000 2645.0303   16.3693
    0.0000  -37.5000    0.0000 2680.4514   16.0298
    7.5000  -37.5000    0.0000 2689.0798   16.1127
   -7.5000  -30.0000    0.0000 2674.6025   15.7322
    0.0000  -30.0000    0.0000 2704.4548   15.4859
    7.5000  -30.0000    0.0000 2703.0691   15.5841
   -7.5000  -22.5000    0.0000 2706.7466   15.1867
    0.0000  -22.5000    0.0000 2730.4590   14.9750
    7.5000  -22.5000    0.0000 2727.9924   15.0590
   -7.5000  -15.0000    0.0000 2750.7573   14.7682
    0.0000  -15.0000    0.0000 2758.2471   14.5587
    7.5000  -15.0000    0.0000 2752.5923   14.6435
   -7.5000   -7.5000    0.0000 2806.9580   14.5336
    0.0000   -7.5000    0.0000 2806.8308   14.3350
    7.5000   -7.5000    0.0000 2789.8645   14.4298
   -7.5000    0.0000    0.0000 2866.4871   14.4324
    0.0000    0.0000    0.0000 2864.9106   14.3077
    7.5000    0.0000    0.0000 2831.6619   14.3846
   -7.5000    7.5000    0.0000 2930.0037   14.5001
    0.0000    7.5000    0.0000 2931.1123   14.4175
    7.5000    7.5000    0.0000 2873.5879   14.4876
   -7.5000   15.0000    0.0000 2963.9509   14.5408
    0.0000   15.0000    0.0000 2967.2551   14.4659
    7.5000   15.0000    0.0000 2899.4700   14.6215
   -7.5000   22.5000    0.0000 2957.3911   14.5820
    0.0000   22.5000    0.0000 2949.8179   14.5335
    7.5000   22.5000    0.0000 2881.3286   14.7940
   -7.5000   30.0000    0.0000 2906.1091   14.9271
    0.0000   30.0000    0.0000 2899.4299   14.9211
    7.5000   30.0000    0.0000 2827.3181   15.2532
   -7.5000   37.5000    0.0000 2827.0491   15.7737
    0.0000   37.5000    0.0000 2817.3796   15.7820
    7.5000   37.5000    0.0000 2758.1123   16.1028
   -7.5000   45.0000    0.0000 2730.4773   16.9043
    0.0000   45.0000    0.0000 2715.2305   16.9643
    7.5000   45.0000    0.0000 2665.0256   17.2754
   -7.5000  -45.0000    7.5000 2605.5557   17.1359
    0.0000  -45.0000    7.5000 2643.2517   16.7307
    7.5000  -45.0000    7.5000 2655.8047   16.7706
   -7.5000  -37.5000    7.5000 2637.1497   16.4117
    0.0000  -37.5000    7.5000 2667.9473   16.0524
    7.5000  -37.5000    7.5000 2676.2834   16.1422
   -7.5000  -30.0000    7.5000 2663.7104   15.7550
    0.0000  -30.0000    7.5000 2687.5647   15.4450
    7.5000  -30.0000    7.5000 2689.3149   15.5823
   -7.5000  -22.5000    7.5000 2695.7512   15.1628
    0.0000  -22.5000    7.5000 2706.3306   14.9351
    7.5000  -22.5000    7.5000 2702.0789   15.0945
   -7.5000  -15.0000    7.5000 2739.3962   14.6962
    0.0000  -15.0000    7.5000 2741.0417   14.5177
    7.5000  -15.0000    7.5000 2725.2300   14.7002
   -7.5000   -7.5000    7.5000 2796.5808   14.4035
    0.0000   -7.5000    7.5000 2794.8091   14.3000
    7.5000   -7.5000    7.5000 2769.5605   14.4693
   -7.5000    0.0000    7.5000 2857.5593   14.2990
    0.0000    0.0000    7.5000 2855.6511   14.2715
    7.5000    0.0000    7.5000 2821.2244   14.4050
   -7.5000    7.5000    7.5000 2925.2295   14.3693
    0.0000    7.5000    7.5000 2930.7385   14.4403
    7.5000    7.5000    7.5000 2875.0955   14.5214
   -7.5000   15.0000    7.5000 2972.9854   14.3497
    0.0000   15.0000    7.5000 2974.9099   14.5186
    7.5000   15.0000    7.5000 2905.6157   14.6097
   -7.5000   22.5000    7.5000 2960.4758   14.3377
    0.0000   22.5000    7.5000 2962.1602   14.5576
    7.5000   22.5000    7.5000 2886.2029   14.7628
   -7.5000   30.0000    7.5000 2904.5955   14.7467
    0.0000   30.0000    7.5000 2898.0940   14.8996
    7.5000   30.0000    7.5000 2826.0737   15.1797
   -7.5000   37.5000    7.5000 2826.3721   15.6653
    0.0000   37.5000    7.5000 2816.6995   15.7114
    7.5000   37.5000    7.5000 2754.0291   15.9545
   -7.5000   45.0000    7.5000 2718.1233   16.8434
    0.0000   45.0000    7.5000 2705.4155   16.8493
    7.5000   45.0000    7.5000 2662.2993   17.1400
   -7.5000  -45.0000   15.0000 2582.0583   17.3977
    0.0000  -45.0000   15.0000 2609.1826   16.8838
    7.5000  -45.0000   15.0000 2620.8213   16.8831
   -7.5000  -37.5000   15.0000 2609.8708   16.6354
    0.0000  -37.5000   15.0000 2638.1704   16.2515
    7.5000  -37.5000   15.0000 2637.9204   16.3560
   -7.5000  -30.0000   15.0000 2633.0593   15.9805
    0.0000  -30.0000   15.0000 2653.5276   15.6995
    7.5000  -30.0000   15.0000 2651.1799   15.8857
   -7.5000  -22.5000   15.0000 2664.0708   15.3649
    0.0000  -22.5000   15.0000 2673.9783   15.1832
    7.5000  -22.5000   15.0000 2662.7927   15.4372
   -7.5000  -15.0000   15.0000 2708.4089   14.8643
    0.0000  -15.0000   15.0000 2705.9900   14.7572
    7.5000  -15.0000   15.0000 2686.7573   15.0556
   -7.5000   -7.5000   15.0000 2766.1538   14.5733
    0.0000   -7.5000   15.0000 2758.9282   14.5031
    7.5000   -7.5000   15.0000 2729.8489   14.7891
   -7.5000    0.0000   15.0000 2827.3411   14.4538
    0.0000    0.0000   15.0000 2822.1243   14.4534
    7.5000    0.0000   15.0000 2783.3459   14.6616
   -7.5000    7.5000   15.0000 2891.1843   14.5017
    0.0000    7.5000   15.0000 2886.3059   14.5848
    7.5000    7.5000   15.0000 2835.0945   14.7229
   -7.5000   15.0000   15.0000 2932.0745   14.4827
    0.0000   15.0000   15.0000 2922.1416   14.6544
    7.5000   15.0000   15.0000 2858.7458   14.8546
   -7.5000   22.5000   15.0000 2931.2595   14.6285
    0.0000   22.5000   15.0000 2915.4382   14.8203
    7.5000   22.5000   15.0000 2843.0168   15.1065
   -7.5000   30.0000   15.0000 2870.7285   15.1749
    0.0000   30.0000   15.0000 2863.0757   15.3024
    7.5000   30.0000   15.0000 2789.3706   15.5591
   -7.5000   37.5000   15.0000 2792.4780   16.0223
    0.0000   37.5000   15.0000 2778.0349   16.0805
    7.5000   37.5000   15.0000 2718.3042   16.3140
   -7.5000   45.0000   15.0000 2684.0339   17.1244
    0.0000   45.0000   15.0000 2672.4038   17.1111
    7.5000   45.0000   15.0000 2629.2351   17.4056
   -7.5000  -45.0000   22.5000 2528.0171   17.8793
    0.0000  -45.0000   22.5000 2549.4255   17.3767
    7.5000  -45.0000   22.5000 2556.4670   17.3303
   -7.5000  -37.5000   22.5000 2558.7393   17.1334
    0.0000  -37.5000   22.5000 2578.3320   16.7398
    7.5000  -37.5000   22.5000 2574.9546   16.8273
   -7.5000  -30.0000   22.5000 2585.5547   16.4228
    0.0000  -30.0000   22.5000 2599.2896   16.1217
    7.5000  -30.0000   22.5000 2596.4692   16.3494
   -7.5000  -22.5000   22.5000 2621.1526   15.7917
    0.0000  -22.5000   22.5000 2620.6257   15.5535
    7.5000  -22.5000   22.5000 2613.6484   15.8818
   -7.5000  -15.0000   22.5000 2666.7000   15.2993
    0.0000  -15.0000   22.5000 2663.2622   15.1626
    7.5000  -15.0000   22.5000 2645.9229   15.5070
   -7.5000   -7.5000   22.5000 2727.4465   15.0041
    0.0000   -7.5000   22.5000 2714.9946   14.9164
    7.5000   -7.5000   22.5000 2690.3743   15.2647
   -7.5000    0.0000   22.5000 2783.8728   14.8862
    0.0000    0.0000   22.5000 2768.9543   14.8782
    7.5000    0.0000   22.5000 2733.0173   15.1338
   -7.5000    7.5000   22.5000 2836.1360   14.8815
    0.0000    7.5000   22.5000 2817.3188   14.9374
    7.5000    7.5000   22.5000 2774.0845   15.1796
   -7.5000   15.0000   22.5000 2868.1089   14.8958
    0.0000   15.0000   22.5000 2842.0710   15.0177
    7.5000   15.0000   22.5000 2788.2278   15.3464
   -7.5000   22.5000   22.5000 2863.3467   15.1697
    0.0000   22.5000   22.5000 2837.5100   15.3120
    7.5000   22.5000   22.5000 2771.3977   15.6323
   -7.5000   30.0000   22.5000 2811.2744   15.7890
    0.0000   30.0000   22.5000 2795.2241   15.8347
    7.5000   30.0000   22.5000 2729.2197   16.1570
   -7.5000   37.5000   22.5000 2738.3135   16.6518
    0.0000   37.5000   22.5000 2721.7344   16.6773
    7.5000   37.5000   22.5000 2660.9246   16.9578
   -7.5000   45.0000   22.5000 2634.4399   17.7411
    0.0000   45.0000   22.5000 2621.3533   17.7418
    7.5000   45.0000   22.5000 2574.3965   18.0773
   -7.5000  -45.0000   30.0000 2451.9507   18.6970
    0.0000  -45.0000   30.0000 2471.6187   18.1333
    7.5000  -45.0000   30.0000 2478.7981   18.1341
   -7.5000  -37.5000   30.0000 2488.6201   17.9039
    0.0000  -37.5000   30.0000 2499.9753   17.4315
    7.5000  -37.5000   30.0000 2498.9626   17.5162
   -7.5000  -30.0000   30.0000 2523.1851   17.1450
    0.0000  -30.0000   30.0000 2527.3796   16.7481
    7.5000  -30.0000   30.0000 2528.2759   16.9737
   -7.5000  -22.5000   30.0000 2564.4707   16.4827
    0.0000  -22.5000   30.0000 2563.1045   16.1488
    7.5000  -22.5000   30.0000 2554.3726   16.4766
   -7.5000  -15.0000   30.0000 2611.8433   15.9549
    0.0000  -15.0000   30.0000 2606.9722   15.7356
    7.5000  -15.0000   30.0000 2592.8254   16.1331
   -7.5000   -7.5000   30.0000 2663.7837   15.6488
    0.0000   -7.5000   30.0000 2653.4565   15.5102
    7.5000   -7.5000   30.0000 2627.1406   15.8757
   -7.5000    0.0000   30.0000 2714.2202   15.5033
    0.0000    0.0000   30.0000 2698.4719   15.4559
    7.5000    0.0000   30.0000 2661.8198   15.7814
   -7.5000    7.5000   30.0000 2758.8704   15.5010
    0.0000    7.5000   30.0000 2738.6814   15.4983
    7.5000    7.5000   30.0000 2693.7483   15.8440
   -7.5000   15.0000   30.0000 2779.8052   15.6370
    0.0000   15.0000   30.0000 2757.8599   15.6736
    7.5000   15.0000   30.0000 2703.5806   16.0689
   -7.5000   22.5000   30.0000 2770.9922   15.9695
    0.0000   22.5000   30.0000 2747.5459   16.0332
    7.5000   22.5000   30.0000 2688.6213   16.4189
   -7.5000   30.0000   30.0000 2721.9539   16.5937
    0.0000   30.0000   30.0000 2703.3572   16.6189
    7.5000   30.0000   30.0000 2643.4412   16.9731
   -7.5000   37.5000   30.0000 2660.6284   17.4202
    0.0000   37.5000   30.0000 2642.8228   17.4490
    7.5000   37.5000   30.0000 2580.7432   17.7933
   -7.5000   45.0000   30.0000 2570.1128   18.4930
    0.0000   45.0000   30.0000 2552.8545   18.5273
    7.5000   45.0000   30.0000 2502.2471   18.9001
   -7.5000  -45.0000   37.5000 2378.3450   19.8601
    0.0000  -45.0000   37.5000 2400.7642   19.2276
    7.5000  -45.0000   37.5000 2399.9363   19.2361
   -7.5000  -37.5000   37.5000 2414.7446   18.9846
    0.0000  -37.5000   37.5000 2429.1216   18.3900
    7.5000  -37.5000   37.5000 2425.6360   18.4864
   -7.5000  -30.0000   37.5000 2460.0266   18.1468
    0.0000  -30.0000   37.5000 2463.7627   17.6458
    7.5000  -30.0000   37.5000 2456.7756   17.8772
   -7.5000  -22.5000   37.5000 2502.6709   17.4097
    0.0000  -22.5000   37.5000 2507.4028   17.0434
    7.5000  -22.5000   37.5000 2490.9543   17.3655
   -7.5000  -15.0000   37.5000 2547.1870   16.8842
    0.0000  -15.0000   37.5000 2545.9509   16.6214
    7.5000  -15.0000   37.5000 2522.0920   16.9924
   -7.5000   -7.5000   37.5000 2595.2095   16.5497
    0.0000   -7.5000   37.5000 2586.5339   16.3708
    7.5000   -7.5000   37.5000 2553.9197   16.7740
   -7.5000    0.0000   37.5000 2635.0151   16.3798
    0.0000    0.0000   37.5000 2622.3860   16.3048
    7.5000    0.0000   37.5000 2583.6194   16.7176
   -7.5000    7.5000   37.5000 2671.9353   16.3987
    0.0000    7.5000   37.5000 2649.7471   16.3866
    7.5000    7.5000   37.5000 2607.8027   16.7862
   -7.5000   15.0000   37.5000 2686.7488   16.5969
    0.0000   15.0000   37.5000 2661.5889   16.6159
    7.5000   15.0000   37.5000 2617.6982   17.0322
   -7.5000   22.5000   37.5000 2676.7913   17.0086
    0.0000   22.5000   37.5000 2652.1018   17.0319
    7.5000   22.5000   37.5000 2603.1721   17.4407
   -7.5000   30.0000   37.5000 2635.0740   17.6228
    0.0000   30.0000   37.5000 2620.3682   17.6225
    7.5000   30.0000   37.5000 2567.6448   18.0449
   -7.5000   37.5000   37.5000 2584.0146   18.4199
    0.0000   37.5000   37.5000 2565.9268   18.3872
    7.5000   37.5000   37.5000 2507.0513   18.8352
   -7.5000   45.0000   37.5000 2498.5254   19.4720
    0.0000   45.0000   37.5000 2485.8606   19.4302
    7.5000   45.0000   37.5000 2431.9695   19.9553
   -7.5000  -45.0000   45.0000 2291.0864   21.2652
    0.0000  -45.0000   45.0000 2316.5200   20.6077
    7.5000  -45.0000   45.0000 2313.6841   20.6024
   -7.5000  -37.5000   45.0000 2331.5515   20.2442
    0.0000  -37.5000   45.0000 2354.4702   19.6691
    7.5000  -37.5000   45.0000 2346.3660   19.7751
   -7.5000  -30.0000   45.0000 2380.5027   19.3427
    0.0000  -30.0000   45.0000 2395.7639   18.8693
    7.5000  -30.0000   45.0000 2374.5125   19.0988
   -7.5000  -22.5000   45.0000 2435.2498   18.6112
    0.0000  -22.5000   45.0000 2442.4470   18.2466
    7.5000  -22.5000   45.0000 2413.0535   18.5576
   -7.5000  -15.0000   45.0000 2475.6567   18.0348
    0.0000  -15.0000   45.0000 2475.3936   17.7689
    7.5000  -15.0000   45.0000 2441.2524   18.1314
   -7.5000   -7.5000   45.0000 2514.4041   17.6649
    0.0000   -7.5000   45.0000 2504.8718   17.5130
    7.5000   -7.5000   45.0000 2469.6296   17.9155
   -7.5000    0.0000   45.0000 2549.5293   17.5303
    0.0000    0.0000   45.0000 2531.6292   17.4785
    7.5000    0.0000   45.0000 2495.0281   17.8916
   -7.5000    7.5000   45.0000 2574.5110   17.5669
    0.0000    7.5000   45.0000 2546.9812   17.5622
    7.5000    7.5000   45.0000 2509.4556   17.9952
   -7.5000   15.0000   45.0000 2583.6050   17.8093
    0.0000   15.0000   45.0000 2557.4116   17.8482
    7.5000   15.0000   45.0000 2514.7544   18.2294
   -7.5000   22.5000   45.0000 2575.7874   18.2286
    0.0000   22.5000   45.0000 2552.5962   18.3026
    7.5000   22.5000   45.0000 2504.7878   18.7074
   -7.5000   30.0000   45.0000 2541.1091   18.8988
    0.0000   30.0000   45.0000 2518.9160   18.9124
    7.5000   30.0000   45.0000 2472.5142   19.3262
   -7.5000   37.5000   45.0000 2494.7373   19.6942
    0.0000   37.5000   45.0000 2470.6506   19.6759
    7.5000   37.5000   45.0000 2422.6274   20.1420
   -7.5000   45.0000   45.0000 2420.0876   20.6752
    0.0000   45.0000   45.0000 2401.1829   20.6733
    7.5000   45.0000   45.0000 2354.3965   21.2043

---------------------------------------------------------------------
imgreg_4dfp /opt/freesurfer/average/711-2C_as_mni_average_305 /opt/freesurfer/average/711-2B_as_mni_average_305_mask talsrcimg_g11 none talsrcimg_to_711-2C_as_mni_average_305_t4 1283
---------------------------------------------------------------------

freesurfer imgreg_4dfp.c
/opt/freesurfer/average/711-2C_as_mni_average_305.4dfp.img
       256       256       256         1
  1.000000  1.000000  1.000000
orientation T byte_order littleendian
Reading image: /opt/freesurfer/average/711-2C_as_mni_average_305.4dfp.img
dimensions:      256       256       256
mmppix:       1.0000   -1.0000   -1.0000
center:     128.0000 -129.0000 -129.0000
/opt/freesurfer/average/711-2B_as_mni_average_305_mask.4dfp.img
       256       256       256         1
  1.000000  1.000000  1.000000
orientation T byte_order littleendian
Reading mask: /opt/freesurfer/average/711-2B_as_mni_average_305_mask.4dfp.img (2306576 pixels)
talsrcimg_g11.4dfp.img
       256       256       256         1
  1.000000  1.000000  1.000000
orientation T byte_order littleendian
Reading image: talsrcimg_g11.4dfp.img
dimensions:      256       256       256
mmppix:       1.0000   -1.0000   -1.0000
center:     128.0000 -129.0000 -129.0000
rotation matrix determinant  1.000000
fimgreg.f
image alignment mode   1283 decimal      503 hex
parameters
    0.0000   15.0000    7.5000    0.0000    0.0000    0.0000
eta,q 0.93182 14.55010
niter,ni,del,rscale     5    3   12.0000    1.2000
parameter  1  1.031667 ->  0.500000 qaram    1.1500
parameter  2 -0.565895 -> -0.500000 qaram    1.1500
parameter  3  0.621564 ->  0.500000 qaram    1.1500
parameter  4  1.032094 ->  0.500000 qaram    1.1500
parameter  6 -4.274795 -> -0.500000 qaram    1.1500
parameters
   -3.4500   18.4500    4.0500   -3.4500    2.9702    3.4500
eta,q 0.94561 14.45152
  0.0698  0.0771  0.0646  0.0591  0.0671  0.0719
  0.0680  0.0721  0.0626  0.0606  0.0650  0.0690
  0.0698  0.0693  0.0631  0.0617  0.0627  0.0653
  0.0738  0.0678  0.0650  0.0628  0.0608  0.0607
  0.0788  0.0660  0.0681  0.0648  0.0604  0.0564
  0.0836  0.0654  0.0717  0.0683  0.0608  0.0538
  0.0874  0.0668  0.0748  0.0728  0.0612  0.0520
niter,ni,del,rscale     7    3   12.0000    1.2000
parameter  4  0.728845 ->  0.500000 qaram    1.3225
parameter  6 -0.875349 -> -0.500000 qaram    1.3225
parameters
   -4.2537   18.0001    3.2032   -7.4175    1.9613    7.4175
eta,q 0.95668 14.33922
  0.0695  0.0620  0.0609  0.0508  0.0542  0.0659
  0.0608  0.0565  0.0535  0.0496  0.0507  0.0607
  0.0550  0.0539  0.0515  0.0499  0.0489  0.0538
  0.0544  0.0540  0.0539  0.0528  0.0494  0.0488
  0.0592  0.0558  0.0562  0.0560  0.0519  0.0448
  0.0675  0.0591  0.0583  0.0592  0.0545  0.0432
  0.0769  0.0631  0.0627  0.0636  0.0570  0.0446
niter,ni,del,rscale     7    3   12.0000    1.2000
parameters
   -3.6505   20.1093    2.5339  -11.1711    0.7911    8.4119
eta,q 0.96136 14.50266
  0.0724  0.0651  0.0543  0.0423  0.0450  0.0560
  0.0600  0.0561  0.0450  0.0398  0.0414  0.0484
  0.0488  0.0494  0.0410  0.0393  0.0390  0.0426
  0.0433  0.0433  0.0414  0.0410  0.0392  0.0388
  0.0460  0.0414  0.0459  0.0462  0.0414  0.0395
  0.0537  0.0434  0.0516  0.0527  0.0464  0.0434
  0.0644  0.0499  0.0566  0.0594  0.0526  0.0497
niter,ni,del,rscale     6    3   12.0000    1.2000
parameters
   -3.4055   20.5865    1.7420  -11.8866    0.4228    8.6925
eta,q 0.96198 14.52079
  0.0658  0.0602  0.0499  0.0465  0.0458  0.0531
  0.0524  0.0505  0.0414  0.0419  0.0417  0.0464
  0.0423  0.0420  0.0377  0.0389  0.0391  0.0408
  0.0386  0.0387  0.0387  0.0380  0.0380  0.0380
  0.0418  0.0409  0.0422  0.0397  0.0389  0.0398
  0.0503  0.0468  0.0473  0.0438  0.0425  0.0449
  0.0619  0.0550  0.0539  0.0509  0.0489  0.0513
niter,ni,del,rscale     5    3   12.0000    1.2000
parameters
   -3.3164   20.7119    1.6160  -12.0373    0.2989    8.7809
eta,q 0.96196 14.52111
  0.0632  0.0588  0.0526  0.0477  0.0463  0.0525
  0.0505  0.0489  0.0434  0.0429  0.0420  0.0460
  0.0415  0.0404  0.0382  0.0394  0.0394  0.0404
  0.0380  0.0380  0.0381  0.0380  0.0380  0.0380
  0.0415  0.0413  0.0411  0.0391  0.0386  0.0402
  0.0498  0.0483  0.0455  0.0427  0.0417  0.0456
  0.0617  0.0567  0.0519  0.0492  0.0479  0.0519
niter,ni,del,rscale     4    3   12.0000    1.2000
parameters
   -3.2947   20.7700    1.5897  -12.0756    0.2632    8.8098
eta,q 0.96192 14.52052
  0.0625  0.0586  0.0531  0.0480  0.0465  0.0523
  0.0500  0.0486  0.0439  0.0432  0.0421  0.0459
  0.0413  0.0402  0.0384  0.0396  0.0395  0.0403
  0.0380  0.0380  0.0381  0.0381  0.0381  0.0381
  0.0416  0.0415  0.0410  0.0390  0.0386  0.0403
  0.0500  0.0487  0.0453  0.0425  0.0415  0.0458
  0.0619  0.0571  0.0516  0.0489  0.0476  0.0521
registration optimization eta report
parameter search radius
    6.9000    6.9000    6.9000    7.9350    6.0000    7.9350
100000*second partial in parameter space
       50.       41.       30.       16.       25.       22.
  0.0625  0.0586  0.0531  0.0480  0.0465  0.0523
  0.0500  0.0486  0.0439  0.0432  0.0421  0.0459
  0.0413  0.0402  0.0384  0.0396  0.0395  0.0403
  0.0380  0.0380  0.0381  0.0381  0.0381  0.0381
  0.0416  0.0415  0.0410  0.0390  0.0386  0.0403
  0.0500  0.0487  0.0453  0.0425  0.0415  0.0458
  0.0619  0.0571  0.0516  0.0489  0.0476  0.0521
   -3.2947   20.7700    1.5897  -12.0756    0.2632    8.8098
eta,q 0.96192 14.52052

---------------------------------------------------------------------
imgreg_4dfp /opt/freesurfer/average/711-2C_as_mni_average_305 /opt/freesurfer/average/711-2B_as_mni_average_305_mask talsrcimg_g11 none talsrcimg_to_711-2C_as_mni_average_305_t4 3335
---------------------------------------------------------------------

freesurfer imgreg_4dfp.c
/opt/freesurfer/average/711-2C_as_mni_average_305.4dfp.img
       256       256       256         1
  1.000000  1.000000  1.000000
orientation T byte_order littleendian
Reading image: /opt/freesurfer/average/711-2C_as_mni_average_305.4dfp.img
dimensions:      256       256       256
mmppix:       1.0000   -1.0000   -1.0000
center:     128.0000 -129.0000 -129.0000
/opt/freesurfer/average/711-2B_as_mni_average_305_mask.4dfp.img
       256       256       256         1
  1.000000  1.000000  1.000000
orientation T byte_order littleendian
Reading mask: /opt/freesurfer/average/711-2B_as_mni_average_305_mask.4dfp.img (2306576 pixels)
talsrcimg_g11.4dfp.img
       256       256       256         1
  1.000000  1.000000  1.000000
orientation T byte_order littleendian
Reading image: talsrcimg_g11.4dfp.img
dimensions:      256       256       256
mmppix:       1.0000   -1.0000   -1.0000
center:     128.0000 -129.0000 -129.0000
fimgreg.f
image alignment mode   3335 decimal      D07 hex
parameters
   -3.2947   20.7700    1.5897   -1.1808   -3.3517   -2.2138
  -14.8817   -3.6480   15.3154   20.6046    0.4594  -20.9200
eta,q 0.96264 14.43873
niter,ni,del,rscale     5    3    5.0000    1.2000
parameter  4  0.839280 ->  0.500000 qaram    1.1500
parameter  5  0.897021 ->  0.500000 qaram    1.1500
parameter  6  0.835018 ->  0.500000 qaram    1.1500
parameter 11  1.168141 ->  0.500000 qaram    1.1500
parameter 12 -0.894628 -> -0.500000 qaram    1.1500
parameters
   -3.3430   20.7737    1.0619   -5.3208   -7.4917   -6.3538
  -13.8445   -4.6960   13.6344   19.3631   -3.6806  -16.7800
eta,q 0.97144 14.00640
  0.0411  0.0402  0.0387  0.0350  0.0336  0.0306  0.0352  0.0345  0.0321  0.0325  0.0292  0.0333
  0.0390  0.0386  0.0377  0.0351  0.0336  0.0309  0.0332  0.0325  0.0313  0.0314  0.0295  0.0317
  0.0378  0.0377  0.0372  0.0358  0.0340  0.0319  0.0318  0.0313  0.0309  0.0309  0.0300  0.0306
  0.0374  0.0374  0.0374  0.0372  0.0352  0.0336  0.0312  0.0311  0.0310  0.0309  0.0309  0.0296
  0.0379  0.0377  0.0380  0.0394  0.0371  0.0366  0.0312  0.0322  0.0316  0.0314  0.0320  0.0289
  0.0392  0.0387  0.0391  0.0424  0.0393  0.0407  0.0320  0.0343  0.0326  0.0326  0.0335  0.0285
  0.0414  0.0402  0.0405  0.0461  0.0416  0.0457  0.0334  0.0373  0.0338  0.0342  0.0351  0.0286
niter,ni,del,rscale     7    3    5.0000    1.2000
parameters
   -3.5235   20.8545    1.2730   -6.4566   -9.1946   -9.2804
  -14.0001   -4.2175   13.8961   18.5048   -7.7849  -15.7008
eta,q 0.97255 13.63428
  0.0320  0.0315  0.0310  0.0309  0.0302  0.0294  0.0311  0.0327  0.0302  0.0300  0.0279  0.0303
  0.0300  0.0299  0.0297  0.0296  0.0289  0.0283  0.0294  0.0304  0.0290  0.0286  0.0276  0.0290
  0.0288  0.0289  0.0289  0.0287  0.0285  0.0280  0.0284  0.0288  0.0283  0.0279  0.0275  0.0280
  0.0286  0.0285  0.0285  0.0285  0.0285  0.0285  0.0280  0.0280  0.0280  0.0280  0.0279  0.0275
  0.0292  0.0288  0.0287  0.0290  0.0291  0.0295  0.0285  0.0282  0.0282  0.0285  0.0286  0.0275
  0.0308  0.0296  0.0292  0.0305  0.0305  0.0321  0.0296  0.0295  0.0288  0.0296  0.0297  0.0281
  0.0332  0.0311  0.0303  0.0333  0.0326  0.0367  0.0313  0.0317  0.0299  0.0311  0.0310  0.0292
niter,ni,del,rscale     6    3    5.0000    1.2000
parameters
   -3.4571   20.8828    1.2094   -6.5399   -8.9180   -9.7372
  -14.2633   -3.9736   14.4135   18.2009   -7.9829  -15.6924
eta,q 0.97263 13.61508
  0.0315  0.0302  0.0293  0.0303  0.0303  0.0306  0.0304  0.0321  0.0298  0.0299  0.0289  0.0296
  0.0294  0.0286  0.0282  0.0288  0.0286  0.0288  0.0287  0.0296  0.0286  0.0283  0.0280  0.0284
  0.0280  0.0277  0.0276  0.0278  0.0277  0.0277  0.0277  0.0280  0.0278  0.0275  0.0275  0.0277
  0.0275  0.0274  0.0274  0.0274  0.0274  0.0274  0.0274  0.0274  0.0274  0.0274  0.0274  0.0274
  0.0278  0.0277  0.0277  0.0277  0.0276  0.0280  0.0279  0.0278  0.0276  0.0278  0.0276  0.0276
  0.0291  0.0286  0.0284  0.0286  0.0284  0.0290  0.0291  0.0293  0.0282  0.0288  0.0281  0.0284
  0.0311  0.0300  0.0295  0.0306  0.0299  0.0315  0.0308  0.0315  0.0292  0.0302  0.0291  0.0297
niter,ni,del,rscale     5    3    5.0000    1.2000
parameters
   -3.4306   20.8410    1.1080   -6.5916   -8.8501   -9.8756
  -14.3379   -3.9407   14.4630   18.1459   -8.0379  -15.7321
eta,q 0.97265 13.60773
  0.0313  0.0300  0.0292  0.0302  0.0301  0.0307  0.0305  0.0318  0.0295  0.0301  0.0289  0.0296
  0.0292  0.0285  0.0281  0.0287  0.0285  0.0289  0.0288  0.0294  0.0283  0.0284  0.0281  0.0284
  0.0279  0.0276  0.0275  0.0277  0.0276  0.0277  0.0277  0.0279  0.0276  0.0276  0.0275  0.0276
  0.0274  0.0274  0.0274  0.0274  0.0274  0.0274  0.0274  0.0274  0.0274  0.0274  0.0273  0.0274
  0.0278  0.0277  0.0277  0.0276  0.0276  0.0279  0.0278  0.0279  0.0276  0.0277  0.0275  0.0276
  0.0291  0.0287  0.0284  0.0285  0.0284  0.0288  0.0289  0.0294  0.0283  0.0286  0.0281  0.0284
  0.0312  0.0301  0.0295  0.0305  0.0300  0.0310  0.0306  0.0317  0.0294  0.0301  0.0290  0.0297
niter,ni,del,rscale     4    3    5.0000    1.2000
parameters
   -3.4221   20.8294    1.0698   -6.6036   -8.8301   -9.9180
  -14.3473   -3.9304   14.4744   18.1341   -8.0517  -15.7600
eta,q 0.97266 13.60588
  0.0313  0.0300  0.0293  0.0302  0.0300  0.0307  0.0306  0.0318  0.0295  0.0301  0.0289  0.0296
  0.0292  0.0285  0.0282  0.0287  0.0284  0.0289  0.0288  0.0293  0.0283  0.0285  0.0281  0.0284
  0.0278  0.0276  0.0275  0.0277  0.0276  0.0277  0.0277  0.0278  0.0276  0.0276  0.0275  0.0276
  0.0273  0.0274  0.0273  0.0273  0.0273  0.0273  0.0273  0.0273  0.0273  0.0273  0.0273  0.0273
  0.0278  0.0277  0.0276  0.0276  0.0275  0.0279  0.0277  0.0279  0.0276  0.0277  0.0275  0.0276
  0.0291  0.0286  0.0283  0.0285  0.0284  0.0288  0.0289  0.0294  0.0283  0.0286  0.0281  0.0284
  0.0312  0.0300  0.0294  0.0304  0.0300  0.0309  0.0306  0.0317  0.0294  0.0300  0.0290  0.0297
niter,ni,del,rscale     3    3    5.0000    1.2000
parameters
   -3.4208   20.8271    1.0559   -6.6041   -8.8235   -9.9305
  -14.3503   -3.9306   14.4717   18.1336   -8.0580  -15.7678
eta,q 0.97266 13.60561
  0.0312  0.0300  0.0293  0.0302  0.0300  0.0308  0.0306  0.0318  0.0295  0.0302  0.0289  0.0296
  0.0291  0.0285  0.0282  0.0287  0.0284  0.0289  0.0288  0.0293  0.0283  0.0285  0.0281  0.0284
  0.0278  0.0276  0.0275  0.0277  0.0276  0.0277  0.0277  0.0278  0.0276  0.0276  0.0275  0.0276
  0.0273  0.0273  0.0273  0.0273  0.0273  0.0273  0.0273  0.0273  0.0273  0.0273  0.0273  0.0273
  0.0278  0.0277  0.0276  0.0276  0.0275  0.0278  0.0277  0.0279  0.0276  0.0277  0.0275  0.0276
  0.0291  0.0286  0.0283  0.0285  0.0284  0.0288  0.0289  0.0294  0.0283  0.0286  0.0281  0.0284
  0.0313  0.0300  0.0293  0.0304  0.0300  0.0308  0.0306  0.0317  0.0295  0.0300  0.0290  0.0297
registration optimization eta report
parameter search radius
    2.4000    2.4000    2.4000    8.2800    8.2800    8.2800
    7.2000    7.2000    7.2000    7.2000    8.2800    8.2800
100000*second partial in parameter space
       67.       46.       34.        4.        4.        5.
        6.        8.        4.        5.        2.        3.
  0.0312  0.0300  0.0293  0.0302  0.0300  0.0308  0.0306  0.0318  0.0295  0.0302  0.0289  0.0296
  0.0291  0.0285  0.0282  0.0287  0.0284  0.0289  0.0288  0.0293  0.0283  0.0285  0.0281  0.0284
  0.0278  0.0276  0.0275  0.0277  0.0276  0.0277  0.0277  0.0278  0.0276  0.0276  0.0275  0.0276
  0.0273  0.0273  0.0273  0.0273  0.0273  0.0273  0.0273  0.0273  0.0273  0.0273  0.0273  0.0273
  0.0278  0.0277  0.0276  0.0276  0.0275  0.0278  0.0277  0.0279  0.0276  0.0277  0.0275  0.0276
  0.0291  0.0286  0.0283  0.0285  0.0284  0.0288  0.0289  0.0294  0.0283  0.0286  0.0281  0.0284
  0.0313  0.0300  0.0293  0.0304  0.0300  0.0308  0.0306  0.0317  0.0295  0.0300  0.0290  0.0297
   -3.4208   20.8271    1.0559   -6.6041   -8.8235   -9.9305
  -14.3503   -3.9306   14.4717   18.1336   -8.0580  -15.7678
eta,q 0.97266 13.60561

---------------------------------------------------------------------
imgreg_4dfp /opt/freesurfer/average/711-2C_as_mni_average_305 /opt/freesurfer/average/711-2B_as_mni_average_305_mask talsrcimg_g11 none talsrcimg_to_711-2C_as_mni_average_305_t4 2311
---------------------------------------------------------------------

freesurfer imgreg_4dfp.c
/opt/freesurfer/average/711-2C_as_mni_average_305.4dfp.img
       256       256       256         1
  1.000000  1.000000  1.000000
orientation T byte_order littleendian
Reading image: /opt/freesurfer/average/711-2C_as_mni_average_305.4dfp.img
dimensions:      256       256       256
mmppix:       1.0000   -1.0000   -1.0000
center:     128.0000 -129.0000 -129.0000
/opt/freesurfer/average/711-2B_as_mni_average_305_mask.4dfp.img
       256       256       256         1
  1.000000  1.000000  1.000000
orientation T byte_order littleendian
Reading mask: /opt/freesurfer/average/711-2B_as_mni_average_305_mask.4dfp.img (2306576 pixels)
talsrcimg_g11.4dfp.img
       256       256       256         1
  1.000000  1.000000  1.000000
orientation T byte_order littleendian
Reading image: talsrcimg_g11.4dfp.img
dimensions:      256       256       256
mmppix:       1.0000   -1.0000   -1.0000
center:     128.0000 -129.0000 -129.0000
fimgreg.f
image alignment mode   2311 decimal      907 hex
parameters
   -3.4208   20.8271    1.0559   -6.6041   -8.8235   -9.9305
  -14.3503   -3.9306   14.4717   18.1336   -8.0580  -15.7678
eta,q 0.97266 13.60561
niter,ni,del,rscale     5    3    5.0000    0.8000
parameters
   -3.4109   20.7977    1.0268   -6.3220   -8.7551  -10.0009
  -14.3560   -3.9739   14.4758   17.9080   -7.9799  -15.6536
eta,q 0.97267 13.61558
  0.0291  0.0285  0.0282  0.0284  0.0281  0.0285  0.0288  0.0293  0.0283  0.0284  0.0279  0.0282
  0.0282  0.0278  0.0277  0.0278  0.0277  0.0278  0.0280  0.0282  0.0278  0.0278  0.0276  0.0277
  0.0276  0.0275  0.0274  0.0275  0.0274  0.0274  0.0275  0.0275  0.0274  0.0274  0.0274  0.0274
  0.0273  0.0273  0.0273  0.0273  0.0273  0.0273  0.0273  0.0273  0.0273  0.0273  0.0273  0.0273
  0.0275  0.0275  0.0275  0.0274  0.0274  0.0276  0.0275  0.0276  0.0275  0.0275  0.0274  0.0274
  0.0281  0.0279  0.0278  0.0277  0.0276  0.0280  0.0280  0.0283  0.0278  0.0280  0.0276  0.0277
  0.0291  0.0286  0.0283  0.0282  0.0281  0.0285  0.0288  0.0294  0.0283  0.0286  0.0279  0.0281
niter,ni,del,rscale     4    3    5.0000    0.7000
parameters
   -3.4068   20.7577    1.0122   -6.3318   -8.6897  -10.1384
  -14.3629   -3.9638   14.4801   17.7684   -7.9926  -15.6205
eta,q 0.97269 13.60586
  0.0287  0.0282  0.0280  0.0280  0.0279  0.0282  0.0285  0.0289  0.0281  0.0282  0.0277  0.0280
  0.0279  0.0277  0.0276  0.0276  0.0276  0.0277  0.0278  0.0280  0.0277  0.0277  0.0275  0.0276
  0.0275  0.0274  0.0274  0.0274  0.0274  0.0274  0.0275  0.0275  0.0274  0.0274  0.0274  0.0274
  0.0273  0.0273  0.0273  0.0273  0.0273  0.0273  0.0273  0.0273  0.0273  0.0273  0.0273  0.0273
  0.0275  0.0275  0.0274  0.0274  0.0274  0.0275  0.0274  0.0275  0.0274  0.0275  0.0274  0.0274
  0.0279  0.0278  0.0276  0.0276  0.0275  0.0278  0.0278  0.0280  0.0277  0.0278  0.0275  0.0276
  0.0287  0.0283  0.0280  0.0280  0.0279  0.0283  0.0285  0.0289  0.0281  0.0283  0.0277  0.0279
niter,ni,del,rscale     3    3    5.0000    0.6000
parameters
   -3.4028   20.7321    0.9744   -6.3623   -8.5821  -10.3081
  -14.3711   -3.9518   14.5053   17.6450   -8.0186  -15.5917
eta,q 0.97270 13.59592
  0.0283  0.0280  0.0278  0.0278  0.0277  0.0280  0.0281  0.0285  0.0279  0.0279  0.0276  0.0278
  0.0278  0.0276  0.0275  0.0275  0.0275  0.0276  0.0277  0.0278  0.0276  0.0276  0.0274  0.0275
  0.0274  0.0274  0.0274  0.0274  0.0274  0.0273  0.0274  0.0274  0.0274  0.0273  0.0273  0.0274
  0.0273  0.0273  0.0273  0.0273  0.0273  0.0273  0.0273  0.0273  0.0273  0.0273  0.0273  0.0273
  0.0274  0.0274  0.0274  0.0274  0.0273  0.0275  0.0274  0.0274  0.0274  0.0274  0.0273  0.0274
  0.0278  0.0276  0.0276  0.0275  0.0275  0.0277  0.0277  0.0278  0.0276  0.0277  0.0274  0.0275
  0.0283  0.0280  0.0278  0.0278  0.0277  0.0281  0.0282  0.0285  0.0279  0.0280  0.0276  0.0278
niter,ni,del,rscale     2    3    5.0000    0.5000
parameters
   -3.4002   20.7077    0.9222   -6.3966   -8.4739  -10.4927
  -14.3749   -3.9390   14.5340   17.5266   -8.0257  -15.5820
eta,q 0.97271 13.58533
  0.0280  0.0277  0.0276  0.0276  0.0276  0.0278  0.0279  0.0281  0.0277  0.0277  0.0275  0.0276
  0.0276  0.0275  0.0274  0.0274  0.0274  0.0275  0.0276  0.0277  0.0275  0.0275  0.0274  0.0274
  0.0274  0.0273  0.0273  0.0273  0.0273  0.0273  0.0274  0.0274  0.0273  0.0273  0.0273  0.0273
  0.0273  0.0273  0.0273  0.0273  0.0273  0.0273  0.0273  0.0273  0.0273  0.0273  0.0273  0.0273
  0.0274  0.0274  0.0274  0.0273  0.0273  0.0274  0.0274  0.0274  0.0273  0.0274  0.0273  0.0273
  0.0276  0.0275  0.0275  0.0275  0.0274  0.0276  0.0276  0.0276  0.0275  0.0275  0.0274  0.0274
  0.0280  0.0278  0.0277  0.0277  0.0276  0.0279  0.0279  0.0281  0.0277  0.0278  0.0275  0.0276
niter,ni,del,rscale     1    3    5.0000    0.4000
parameters
   -3.4028   20.6842    0.8600   -6.4648   -8.3482  -10.7030
  -14.3734   -3.9212   14.5450   17.4148   -8.0631  -15.5718
eta,q 0.97272 13.57183
  0.0277  0.0276  0.0275  0.0275  0.0275  0.0276  0.0277  0.0278  0.0275  0.0276  0.0274  0.0275
  0.0275  0.0274  0.0274  0.0274  0.0274  0.0274  0.0275  0.0275  0.0274  0.0274  0.0273  0.0274
  0.0273  0.0273  0.0273  0.0273  0.0273  0.0273  0.0273  0.0273  0.0273  0.0273  0.0273  0.0273
  0.0273  0.0273  0.0273  0.0273  0.0273  0.0273  0.0273  0.0273  0.0273  0.0273  0.0273  0.0273
  0.0273  0.0273  0.0273  0.0273  0.0273  0.0274  0.0273  0.0273  0.0273  0.0273  0.0273  0.0273
  0.0275  0.0274  0.0274  0.0274  0.0273  0.0275  0.0274  0.0275  0.0274  0.0274  0.0273  0.0274
  0.0277  0.0276  0.0276  0.0275  0.0274  0.0277  0.0277  0.0278  0.0275  0.0276  0.0274  0.0275
registration optimization eta report
parameter search radius
    0.8000    0.8000    0.8000    2.4000    2.4000    2.4000
    2.4000    2.4000    2.4000    2.4000    2.4000    2.4000
100000*second partial in parameter space
       70.       47.       36.        4.        3.        6.
        7.        9.        4.        5.        3.        4.
  0.0277  0.0276  0.0275  0.0275  0.0275  0.0276  0.0277  0.0278  0.0275  0.0276  0.0274  0.0275
  0.0275  0.0274  0.0274  0.0274  0.0274  0.0274  0.0275  0.0275  0.0274  0.0274  0.0273  0.0274
  0.0273  0.0273  0.0273  0.0273  0.0273  0.0273  0.0273  0.0273  0.0273  0.0273  0.0273  0.0273
  0.0273  0.0273  0.0273  0.0273  0.0273  0.0273  0.0273  0.0273  0.0273  0.0273  0.0273  0.0273
  0.0273  0.0273  0.0273  0.0273  0.0273  0.0274  0.0273  0.0273  0.0273  0.0273  0.0273  0.0273
  0.0275  0.0274  0.0274  0.0274  0.0273  0.0275  0.0274  0.0275  0.0274  0.0274  0.0273  0.0274
  0.0277  0.0276  0.0276  0.0275  0.0274  0.0277  0.0277  0.0278  0.0275  0.0276  0.0274  0.0275
   -3.4028   20.6842    0.8600   -6.4648   -8.3482  -10.7030
  -14.3734   -3.9212   14.5450   17.4148   -8.0631  -15.5718
eta,q 0.97272 13.57183

---------------------------------------------------------------------
imgreg_4dfp /opt/freesurfer/average/711-2C_as_mni_average_305 /opt/freesurfer/average/711-2B_as_mni_average_305_mask talsrcimg_g11 none talsrcimg_to_711-2C_as_mni_average_305_t4 2311
---------------------------------------------------------------------

freesurfer imgreg_4dfp.c
/opt/freesurfer/average/711-2C_as_mni_average_305.4dfp.img
       256       256       256         1
  1.000000  1.000000  1.000000
orientation T byte_order littleendian
Reading image: /opt/freesurfer/average/711-2C_as_mni_average_305.4dfp.img
dimensions:      256       256       256
mmppix:       1.0000   -1.0000   -1.0000
center:     128.0000 -129.0000 -129.0000
/opt/freesurfer/average/711-2B_as_mni_average_305_mask.4dfp.img
       256       256       256         1
  1.000000  1.000000  1.000000
orientation T byte_order littleendian
Reading mask: /opt/freesurfer/average/711-2B_as_mni_average_305_mask.4dfp.img (2306576 pixels)
talsrcimg_g11.4dfp.img
       256       256       256         1
  1.000000  1.000000  1.000000
orientation T byte_order littleendian
Reading image: talsrcimg_g11.4dfp.img
dimensions:      256       256       256
mmppix:       1.0000   -1.0000   -1.0000
center:     128.0000 -129.0000 -129.0000
fimgreg.f
image alignment mode   2311 decimal      907 hex
parameters
   -3.4028   20.6842    0.8600   -6.4648   -8.3482  -10.7030
  -14.3734   -3.9212   14.5450   17.4148   -8.0631  -15.5718
eta,q 0.97272 13.57183
niter,ni,del,rscale     5    3    5.0000    0.8000
parameters
   -3.4072   20.6962    0.8336   -6.4703   -8.6261  -10.5021
  -14.3935   -3.9288   14.5122   17.6826   -8.0667  -15.7120
eta,q 0.97271 13.57770
  0.0290  0.0285  0.0282  0.0282  0.0280  0.0287  0.0288  0.0293  0.0283  0.0287  0.0279  0.0281
  0.0281  0.0278  0.0277  0.0277  0.0276  0.0279  0.0280  0.0282  0.0277  0.0279  0.0275  0.0277
  0.0275  0.0274  0.0274  0.0274  0.0274  0.0274  0.0275  0.0275  0.0274  0.0274  0.0274  0.0274
  0.0273  0.0273  0.0273  0.0273  0.0273  0.0273  0.0273  0.0273  0.0273  0.0273  0.0273  0.0273
  0.0275  0.0274  0.0274  0.0274  0.0273  0.0275  0.0275  0.0275  0.0274  0.0274  0.0274  0.0274
  0.0281  0.0278  0.0277  0.0277  0.0276  0.0279  0.0280  0.0282  0.0277  0.0278  0.0275  0.0277
  0.0291  0.0285  0.0282  0.0282  0.0282  0.0284  0.0288  0.0293  0.0283  0.0284  0.0279  0.0282
niter,ni,del,rscale     4    3    5.0000    0.7000
parameters
   -3.4009   20.7280    0.8791   -6.4138   -8.6136  -10.4271
  -14.3803   -3.9509   14.5132   17.6874   -8.0556  -15.6841
eta,q 0.97271 13.58606
  0.0287  0.0283  0.0281  0.0280  0.0279  0.0283  0.0284  0.0289  0.0280  0.0282  0.0277  0.0279
  0.0279  0.0277  0.0276  0.0276  0.0276  0.0277  0.0278  0.0280  0.0276  0.0277  0.0275  0.0276
  0.0274  0.0274  0.0274  0.0274  0.0274  0.0274  0.0274  0.0275  0.0274  0.0274  0.0273  0.0274
  0.0273  0.0273  0.0273  0.0273  0.0273  0.0273  0.0273  0.0273  0.0273  0.0273  0.0273  0.0273
  0.0274  0.0274  0.0274  0.0274  0.0273  0.0275  0.0274  0.0275  0.0274  0.0274  0.0273  0.0274
  0.0279  0.0277  0.0276  0.0276  0.0275  0.0278  0.0278  0.0280  0.0276  0.0277  0.0275  0.0276
  0.0286  0.0282  0.0279  0.0280  0.0279  0.0282  0.0284  0.0289  0.0281  0.0282  0.0277  0.0279
niter,ni,del,rscale     3    3    5.0000    0.6000
parameters
   -3.4014   20.7245    0.8904   -6.4149   -8.5479  -10.4759
  -14.3788   -3.9469   14.5172   17.6239   -8.0586  -15.6428
eta,q 0.97271 13.58438
  0.0283  0.0280  0.0278  0.0278  0.0277  0.0280  0.0281  0.0285  0.0279  0.0280  0.0276  0.0278
  0.0277  0.0276  0.0275  0.0275  0.0275  0.0276  0.0277  0.0278  0.0275  0.0276  0.0274  0.0275
  0.0274  0.0274  0.0274  0.0273  0.0274  0.0273  0.0274  0.0274  0.0274  0.0273  0.0273  0.0274
  0.0273  0.0273  0.0273  0.0273  0.0273  0.0273  0.0273  0.0273  0.0273  0.0273  0.0273  0.0273
  0.0274  0.0274  0.0274  0.0274  0.0273  0.0274  0.0274  0.0274  0.0273  0.0274  0.0273  0.0273
  0.0277  0.0276  0.0275  0.0275  0.0274  0.0277  0.0277  0.0278  0.0275  0.0276  0.0274  0.0275
  0.0283  0.0280  0.0278  0.0278  0.0277  0.0280  0.0282  0.0285  0.0279  0.0280  0.0276  0.0278
niter,ni,del,rscale     2    3    5.0000    0.5000
parameters
   -3.4026   20.7052    0.8656   -6.4275   -8.4392  -10.6014
  -14.3738   -3.9452   14.5375   17.5157   -8.0686  -15.6246
eta,q 0.97272 13.57856
  0.0280  0.0277  0.0276  0.0276  0.0276  0.0278  0.0279  0.0281  0.0277  0.0277  0.0275  0.0276
  0.0276  0.0275  0.0274  0.0274  0.0274  0.0275  0.0276  0.0277  0.0275  0.0275  0.0274  0.0274
  0.0274  0.0273  0.0273  0.0273  0.0273  0.0273  0.0274  0.0274  0.0273  0.0273  0.0273  0.0273
  0.0273  0.0273  0.0273  0.0273  0.0273  0.0273  0.0273  0.0273  0.0273  0.0273  0.0273  0.0273
  0.0274  0.0273  0.0273  0.0273  0.0273  0.0274  0.0273  0.0274  0.0273  0.0274  0.0273  0.0273
  0.0276  0.0275  0.0275  0.0274  0.0274  0.0276  0.0275  0.0276  0.0275  0.0275  0.0274  0.0274
  0.0280  0.0278  0.0277  0.0276  0.0276  0.0278  0.0279  0.0281  0.0277  0.0278  0.0275  0.0276
niter,ni,del,rscale     1    3    5.0000    0.4000
parameters
   -3.4041   20.6839    0.8262   -6.4742   -8.3389  -10.7602
  -14.3685   -3.9236   14.5443   17.4054   -8.0850  -15.6138
eta,q 0.97272 13.56816
  0.0277  0.0276  0.0275  0.0275  0.0275  0.0276  0.0277  0.0278  0.0275  0.0276  0.0274  0.0275
  0.0275  0.0274  0.0274  0.0274  0.0274  0.0274  0.0275  0.0275  0.0274  0.0274  0.0273  0.0274
  0.0273  0.0273  0.0273  0.0273  0.0273  0.0273  0.0273  0.0273  0.0273  0.0273  0.0273  0.0273
  0.0273  0.0273  0.0273  0.0273  0.0273  0.0273  0.0273  0.0273  0.0273  0.0273  0.0273  0.0273
  0.0273  0.0273  0.0273  0.0273  0.0273  0.0274  0.0273  0.0273  0.0273  0.0273  0.0273  0.0273
  0.0275  0.0274  0.0274  0.0274  0.0273  0.0275  0.0274  0.0275  0.0274  0.0274  0.0273  0.0274
  0.0277  0.0276  0.0275  0.0275  0.0274  0.0277  0.0277  0.0278  0.0275  0.0276  0.0274  0.0275
registration optimization eta report
parameter search radius
    0.8000    0.8000    0.8000    2.4000    2.4000    2.4000
    2.4000    2.4000    2.4000    2.4000    2.4000    2.4000
100000*second partial in parameter space
       70.       47.       36.        4.        3.        6.
        7.        9.        4.        5.        3.        4.
  0.0277  0.0276  0.0275  0.0275  0.0275  0.0276  0.0277  0.0278  0.0275  0.0276  0.0274  0.0275
  0.0275  0.0274  0.0274  0.0274  0.0274  0.0274  0.0275  0.0275  0.0274  0.0274  0.0273  0.0274
  0.0273  0.0273  0.0273  0.0273  0.0273  0.0273  0.0273  0.0273  0.0273  0.0273  0.0273  0.0273
  0.0273  0.0273  0.0273  0.0273  0.0273  0.0273  0.0273  0.0273  0.0273  0.0273  0.0273  0.0273
  0.0273  0.0273  0.0273  0.0273  0.0273  0.0274  0.0273  0.0273  0.0273  0.0273  0.0273  0.0273
  0.0275  0.0274  0.0274  0.0274  0.0273  0.0275  0.0274  0.0275  0.0274  0.0274  0.0273  0.0274
  0.0277  0.0276  0.0275  0.0275  0.0274  0.0277  0.0277  0.0278  0.0275  0.0276  0.0274  0.0275
   -3.4041   20.6839    0.8262   -6.4742   -8.3389  -10.7602
  -14.3685   -3.9236   14.5443   17.4054   -8.0850  -15.6138
eta,q 0.97272 13.56816

---------------------------------------------------------------------
compute_vox2vox talsrcimg talsrcimg_to_711-2C_as_mni_average_305_t4 /opt/freesurfer/average/711-2C_as_mni_average_305
---------------------------------------------------------------------

freesurfer compute_vox2vox.c
Reading: talsrcimg.4dfp.ifh
Reading: talsrcimg_to_711-2C_as_mni_average_305_t4
Reading: /opt/freesurfer/average/711-2C_as_mni_average_305.4dfp.ifh
Writing: talsrcimg_to_711-2C_as_mni_average_305_t4_vox2vox.txt

start time Tue Mar 10 03:36:04 CET 2026
end		time Tue Mar 10 03:36:19 CET 2026

mpr2mni305 success

avi2talxfm orig_nu.mgz /opt/freesurfer/average/mni305.cor.mgz talsrcimg_to_711-2C_as_mni_average_305_t4_vox2vox.txt transforms/talairach.auto.xfm
avi2talxfm done
mv -f /out/sourcedata/freesurfer/sub-v1s5x0050724_ses-1/mri/talsrcimg_to_711-2C_as_mni_average_305_t4_vox2vox.txt /out/sourcedata/freesurfer/sub-v1s5x0050724_ses-1/mri/transforms/talsrcimg_to_711-2C_as_mni_average_305_t4_vox2vox.txt
lta_convert --src orig_nu.mgz --trg /opt/freesurfer/average/mni305.cor.mgz --inxfm transforms/talairach.auto.xfm --outlta transforms/talairach.auto.xfm.lta --subject fsaverage
7.3.2

--src: orig_nu.mgz src image (geometry).
--trg: /opt/freesurfer/average/mni305.cor.mgz trg image (geometry).
--inmni: transforms/talairach.auto.xfm input MNI/XFM transform.
--outlta: transforms/talairach.auto.xfm.lta output LTA.
--s: fsaverage subject name
 LTA read, type : 1
 1.04457   0.01354   0.16605   13.11023;
 0.06353   1.08537   0.19484  -13.12362;
-0.17781  -0.20825   1.02763  -3.06562;
 0.00000   0.00000   0.00000   1.00000;
setting subject to fsaverage
Writing  LTA to file transforms/talairach.auto.xfm.lta...
lta_convert successful.
 
 
Started at Tue Mar 10 03:36:04 CET 2026
Ended   at Tue Mar 10 03:36:19 CET 2026
talairach_avi done
