/out/sourcedata/freesurfer/sub-v1s5x0050734_ses-1/mri
/opt/freesurfer/bin/talairach_avi
--i orig_nu.mgz --xfm transforms/talairach.auto.xfm
talairach_avi 7.3.2
Linux dna025 5.14.0-427.37.1.el9_4.x86_64 #1 SMP PREEMPT_DYNAMIC Fri Sep 13 12:41:50 EDT 2024 x86_64 x86_64 x86_64 GNU/Linux
Tue Mar 10 03:59:00 CET 2026
mri_convert orig_nu.mgz talsrcimg.img 
reading from orig_nu.mgz...
TR=0.00, TE=0.00, TI=0.00, flip angle=0.00
i_ras = (-1, -1.62981e-09, 3.72529e-09)
j_ras = (0, 0, -1)
k_ras = (-1.86265e-09, 1, 0)
writing to talsrcimg.img...
Analyze Output Matrix
-1.00000   0.00000  -0.00000   128.49423;
-0.00000   0.00000   1.00000  -122.82722;
 0.00000  -1.00000   0.00000   127.12138;
 0.00000   0.00000   0.00000   1.00000;
--------------------
INFO: set hdr.hist.orient to -1
mpr2mni305 talsrcimg
Tue Mar 10 03:59:01 CET 2026
/opt/freesurfer/bin/mpr2mni305 talsrcimg
mpr2mni305 7.3.2
target=711-2C_as_mni_average_305

---------------------------------------------------------------------
analyzeto4dfp talsrcimg -O0 -y
---------------------------------------------------------------------

freesurfer ifh2hdr.c
Tue Mar 10 03:59:01 2026
Writing: talsrcimg.4dfp.hdr
freesurfer analyzeto4dfp.c
Reading: talsrcimg.hdr
header size 348 bytes
hdr.dime.datatype	offset=70	value=2
hdr.dime.bitpix		offset=72	value=8
hdr.hist.orient		offset=252	value=-1
dimensionality     4
dimensions       256       256       256         1
Reading: talsrcimg.img
Writing: talsrcimg.4dfp.img
Writing: talsrcimg.4dfp.ifh
ifh2hdr talsrcimg -r0to238
ori=2

---------------------------------------------------------------------
gauss_4dfp talsrcimg 1.1
---------------------------------------------------------------------

freesurfer gauss_4dfp.c
Reading: talsrcimg.4dfp.img
Writing: talsrcimg_g11.4dfp.img
image dimensions 256 256 256 padded to 288 288 288
processing volume 1freesurfer ifh2hdr.c
Tue Mar 10 03:59:03 2026
Writing: talsrcimg_g11.4dfp.hdr

Writing: talsrcimg_g11.4dfp.ifh
including: talsrcimg.4dfp.img.rec in talsrcimg_g11.4dfp.img.rec

---------------------------------------------------------------------
imgreg_4dfp /opt/freesurfer/average/711-2C_as_mni_average_305 none talsrcimg_g11 none talsrcimg_to_711-2C_as_mni_average_305_t4 4355
---------------------------------------------------------------------

freesurfer imgreg_4dfp.c
/opt/freesurfer/average/711-2C_as_mni_average_305.4dfp.img
       256       256       256         1
  1.000000  1.000000  1.000000
orientation T byte_order littleendian
Reading image: /opt/freesurfer/average/711-2C_as_mni_average_305.4dfp.img
dimensions:      256       256       256
mmppix:       1.0000   -1.0000   -1.0000
center:     128.0000 -129.0000 -129.0000
talsrcimg_g11.4dfp.img
       256       256       256         1
  1.000000  1.000000  1.000000
orientation T byte_order littleendian
Reading image: talsrcimg_g11.4dfp.img
dimensions:      256       256       256
mmppix:       1.0000   -1.0000   -1.0000
center:     128.0000 -129.0000 -129.0000
t4_read: open error in t4_sub.f l:  41 t4_file(1:l)talsrcimg_to_711-2C_as_mni_average_305_t4 
t4_read: transform initialized to I4
rotation matrix determinant  1.000000
image alignment mode   4355 decimal     1103 hex
   -7.5000  -45.0000  -45.0000 8046.6968   18.7053
    0.0000  -45.0000  -45.0000 8375.6113   18.7453
    7.5000  -45.0000  -45.0000 8088.6948   18.7532
   -7.5000  -37.5000  -45.0000 8539.2549   18.5222
    0.0000  -37.5000  -45.0000 8897.7656   18.5589
    7.5000  -37.5000  -45.0000 8572.3389   18.5587
   -7.5000  -30.0000  -45.0000 9347.0127   18.3907
    0.0000  -30.0000  -45.0000 9734.8066   18.4247
    7.5000  -30.0000  -45.0000 9389.2568   18.4219
   -7.5000  -22.5000  -45.000010196.0391   18.3494
    0.0000  -22.5000  -45.000010610.6367   18.3833
    7.5000  -22.5000  -45.000010218.6436   18.3872
   -7.5000  -15.0000  -45.000011043.3955   18.3404
    0.0000  -15.0000  -45.000011507.2158   18.3765
    7.5000  -15.0000  -45.000011047.8447   18.3895
   -7.5000   -7.5000  -45.000011632.1445   18.3661
    0.0000   -7.5000  -45.000012160.6113   18.4042
    7.5000   -7.5000  -45.000011632.6533   18.4187
   -7.5000    0.0000  -45.000012077.5107   18.3965
    0.0000    0.0000  -45.000012638.3730   18.4349
    7.5000    0.0000  -45.000012045.7070   18.4429
   -7.5000    7.5000  -45.000011545.4775   18.4000
    0.0000    7.5000  -45.000012103.1689   18.4364
    7.5000    7.5000  -45.000011527.4658   18.4362
   -7.5000   15.0000  -45.000010933.5332   18.3785
    0.0000   15.0000  -45.000011441.9053   18.4124
    7.5000   15.0000  -45.000010919.7881   18.4097
   -7.5000   22.5000  -45.000010273.8877   18.3470
    0.0000   22.5000  -45.000010768.7363   18.3809
    7.5000   22.5000  -45.000010280.7881   18.3848
   -7.5000   30.0000  -45.0000 9562.7529   18.1700
    0.0000   30.0000  -45.000010015.9082   18.2058
    7.5000   30.0000  -45.0000 9563.8516   18.2185
   -7.5000   37.5000  -45.0000 9254.6777   18.4865
    0.0000   37.5000  -45.0000 9696.7832   18.5271
    7.5000   37.5000  -45.0000 9257.3770   18.5421
   -7.5000   45.0000  -45.0000 8636.2959   18.5004
    0.0000   45.0000  -45.0000 9045.9180   18.5406
    7.5000   45.0000  -45.0000 8617.5801   18.5496
   -7.5000  -45.0000  -37.5000 8550.3320   18.6999
    0.0000  -45.0000  -37.5000 8929.3955   18.7377
    7.5000  -45.0000  -37.5000 8597.0078   18.7481
   -7.5000  -37.5000  -37.5000 9087.9697   18.5161
    0.0000  -37.5000  -37.5000 9496.0635   18.5471
    7.5000  -37.5000  -37.5000 9133.9736   18.5523
   -7.5000  -30.0000  -37.500010016.7256   18.3936
    0.0000  -30.0000  -37.500010451.5518   18.4175
    7.5000  -30.0000  -37.500010041.5166   18.4154
   -7.5000  -22.5000  -37.500010937.0107   18.3604
    0.0000  -22.5000  -37.500011393.7998   18.3838
    7.5000  -22.5000  -37.500010941.5342   18.3804
   -7.5000  -15.0000  -37.500011796.0352   18.3519
    0.0000  -15.0000  -37.500012326.5674   18.3811
    7.5000  -15.0000  -37.500011818.6582   18.3832
   -7.5000   -7.5000  -37.500012433.5869   18.3691
    0.0000   -7.5000  -37.500013021.8398   18.4042
    7.5000   -7.5000  -37.500012455.8770   18.4129
   -7.5000    0.0000  -37.500012862.4346   18.3902
    0.0000    0.0000  -37.500013518.7246   18.4266
    7.5000    0.0000  -37.500012901.6748   18.4369
   -7.5000    7.5000  -37.500012306.5840   18.3941
    0.0000    7.5000  -37.500012952.7949   18.4248
    7.5000    7.5000  -37.500012326.2100   18.4298
   -7.5000   15.0000  -37.500011641.4717   18.3813
    0.0000   15.0000  -37.500012233.1855   18.4051
    7.5000   15.0000  -37.500011639.8740   18.4031
   -7.5000   22.5000  -37.500010946.7090   18.3579
    0.0000   22.5000  -37.500011510.7939   18.3814
    7.5000   22.5000  -37.500010924.1729   18.3780
   -7.5000   30.0000  -37.500010189.0518   18.1810
    0.0000   30.0000  -37.500010705.5566   18.2097
    7.5000   30.0000  -37.500010171.4014   18.2115
   -7.5000   37.5000  -37.5000 9822.8037   18.4900
    0.0000   37.5000  -37.500010347.7598   18.5273
    7.5000   37.5000  -37.5000 9815.4170   18.5365
   -7.5000   45.0000  -37.5000 9144.2256   18.4949
    0.0000   45.0000  -37.5000 9626.0078   18.5322
    7.5000   45.0000  -37.5000 9137.4824   18.5435
   -7.5000  -45.0000  -30.0000 9128.4531   19.4672
    0.0000  -45.0000  -30.0000 9536.1504   19.4939
    7.5000  -45.0000  -30.0000 9158.1250   19.5058
   -7.5000  -37.5000  -30.0000 9729.0186   19.2751
    0.0000  -37.5000  -30.000010172.7900   19.2976
    7.5000  -37.5000  -30.0000 9762.6211   19.3098
   -7.5000  -30.0000  -30.000010754.4766   19.1489
    0.0000  -30.0000  -30.000011263.1582   19.1655
    7.5000  -30.0000  -30.000010793.0176   19.1709
   -7.5000  -22.5000  -30.000011736.1660   19.1162
    0.0000  -22.5000  -30.000012279.2578   19.1307
    7.5000  -22.5000  -30.000011752.1387   19.1301
   -7.5000  -15.0000  -30.000012627.8428   19.1085
    0.0000  -15.0000  -30.000013232.5020   19.1261
    7.5000  -15.0000  -30.000012648.1338   19.1258
   -7.5000   -7.5000  -30.000013297.9990   19.1246
    0.0000   -7.5000  -30.000013998.0684   19.1473
    7.5000   -7.5000  -30.000013345.2012   19.1529
   -7.5000    0.0000  -30.000013766.7861   19.1442
    0.0000    0.0000  -30.000014503.0771   19.1695
    7.5000    0.0000  -30.000013803.1484   19.1813
   -7.5000    7.5000  -30.000013166.2314   19.1480
    0.0000    7.5000  -30.000013875.5615   19.1703
    7.5000    7.5000  -30.000013187.7676   19.1821
   -7.5000   15.0000  -30.000012442.2480   19.1361
    0.0000   15.0000  -30.000013131.6113   19.1526
    7.5000   15.0000  -30.000012432.6133   19.1580
   -7.5000   22.5000  -30.000011705.6934   19.1117
    0.0000   22.5000  -30.000012342.1055   19.1262
    7.5000   22.5000  -30.000011674.7109   19.1256
   -7.5000   30.0000  -30.000010900.0146   18.9343
    0.0000   30.0000  -30.000011490.0791   18.9513
    7.5000   30.0000  -30.000010867.7744   18.9506
   -7.5000   37.5000  -30.000010491.0703   19.2553
    0.0000   37.5000  -30.000011082.9531   19.2798
    7.5000   37.5000  -30.000010496.7490   19.2860
   -7.5000   45.0000  -30.0000 9764.2051   19.2655
    0.0000   45.0000  -30.000010291.4609   19.2900
    7.5000   45.0000  -30.0000 9750.2734   19.3039
   -7.5000  -45.0000  -22.5000 9694.4658   20.1161
    0.0000  -45.0000  -22.500010142.2393   20.1320
    7.5000  -45.0000  -22.5000 9710.3906   20.1430
   -7.5000  -37.5000  -22.500010366.4482   19.9186
    0.0000  -37.5000  -22.500010846.8330   19.9381
    7.5000  -37.5000  -22.500010396.4551   19.9513
   -7.5000  -30.0000  -22.500011472.9209   19.7784
    0.0000  -30.0000  -22.500012011.6533   19.7994
    7.5000  -30.0000  -22.500011518.1670   19.8121
   -7.5000  -22.5000  -22.500012464.1436   19.7352
    0.0000  -22.5000  -22.500013038.6035   19.7529
    7.5000  -22.5000  -22.500012504.6846   19.7650
   -7.5000  -15.0000  -22.500013378.6172   19.7262
    0.0000  -15.0000  -22.500014007.6494   19.7400
    7.5000  -15.0000  -22.500013416.6826   19.7514
   -7.5000   -7.5000  -22.500014115.9014   19.7521
    0.0000   -7.5000  -22.500014830.6885   19.7642
    7.5000   -7.5000  -22.500014163.3916   19.7745
   -7.5000    0.0000  -22.500014606.2061   19.7830
    0.0000    0.0000  -22.500015356.4570   19.7976
    7.5000    0.0000  -22.500014663.7793   19.8086
   -7.5000    7.5000  -22.500013955.7676   19.7872
    0.0000    7.5000  -22.500014670.5625   19.8065
    7.5000    7.5000  -22.500013980.4639   19.8193
   -7.5000   15.0000  -22.500013183.8838   19.7653
    0.0000   15.0000  -22.500013905.5312   19.7861
    7.5000   15.0000  -22.500013181.2012   19.7989
   -7.5000   22.5000  -22.500012408.8584   19.7293
    0.0000   22.5000  -22.500013142.5977   19.7469
    7.5000   22.5000  -22.500012408.0811   19.7590
   -7.5000   30.0000  -22.500011570.1357   19.5523
    0.0000   30.0000  -22.500012252.6396   19.5655
    7.5000   30.0000  -22.500011567.7061   19.5765
   -7.5000   37.5000  -22.500011144.4346   19.8929
    0.0000   37.5000  -22.500011802.8770   19.9067
    7.5000   37.5000  -22.500011158.0293   19.9178
   -7.5000   45.0000  -22.500010297.8594   19.9204
    0.0000   45.0000  -22.500010898.7188   19.9332
    7.5000   45.0000  -22.500010306.4541   19.9475
   -7.5000  -45.0000  -15.000010243.9424   20.6008
    0.0000  -45.0000  -15.000010714.3408   20.6171
    7.5000  -45.0000  -15.000010275.3379   20.6257
   -7.5000  -37.5000  -15.000010937.7041   20.4003
    0.0000  -37.5000  -15.000011451.3369   20.4254
    7.5000  -37.5000  -15.000011001.1533   20.4322
   -7.5000  -30.0000  -15.000012091.0439   20.2466
    0.0000  -30.0000  -15.000012674.8809   20.2785
    7.5000  -30.0000  -15.000012174.7031   20.2897
   -7.5000  -22.5000  -15.000013148.7637   20.1916
    0.0000  -22.5000  -15.000013798.6084   20.2205
    7.5000  -22.5000  -15.000013219.1250   20.2404
   -7.5000  -15.0000  -15.000014061.7734   20.1807
    0.0000  -15.0000  -15.000014754.7129   20.2010
    7.5000  -15.0000  -15.000014090.6318   20.2250
   -7.5000   -7.5000  -15.000014866.9209   20.2172
    0.0000   -7.5000  -15.000015632.7852   20.2307
    7.5000   -7.5000  -15.000014905.1191   20.2482
   -7.5000    0.0000  -15.000015408.8867   20.2607
    0.0000    0.0000  -15.000016189.1846   20.2757
    7.5000    0.0000  -15.000015461.8535   20.2843
   -7.5000    7.5000  -15.000014731.2549   20.2657
    0.0000    7.5000  -15.000015453.1719   20.2905
    7.5000    7.5000  -15.000014745.3066   20.2970
   -7.5000   15.0000  -15.000013896.5156   20.2331
    0.0000   15.0000  -15.000014629.6328   20.2649
    7.5000   15.0000  -15.000013898.9102   20.2762
   -7.5000   22.5000  -15.000013079.1982   20.1845
    0.0000   22.5000  -15.000013831.7510   20.2134
    7.5000   22.5000  -15.000013103.2168   20.2334
   -7.5000   30.0000  -15.000012179.0137   20.0064
    0.0000   30.0000  -15.000012916.7109   20.0262
    7.5000   30.0000  -15.000012230.1689   20.0501
   -7.5000   37.5000  -15.000011716.4014   20.3637
    0.0000   37.5000  -15.000012424.0830   20.3793
    7.5000   37.5000  -15.000011743.3037   20.3977
   -7.5000   45.0000  -15.000010831.6631   20.4117
    0.0000   45.0000  -15.000011492.9385   20.4255
    7.5000   45.0000  -15.000010863.0459   20.4377
   -7.5000  -45.0000   -7.500010826.1562   20.8667
    0.0000  -45.0000   -7.500011298.4043   20.8979
    7.5000  -45.0000   -7.500010859.9248   20.9050
   -7.5000  -37.5000   -7.500011536.8799   20.6636
    0.0000  -37.5000   -7.500012049.2070   20.6992
    7.5000  -37.5000   -7.500011573.7100   20.6994
   -7.5000  -30.0000   -7.500012720.7979   20.5082
    0.0000  -30.0000   -7.500013316.4111   20.5480
    7.5000  -30.0000   -7.500012802.5586   20.5509
   -7.5000  -22.5000   -7.500013852.6533   20.4532
    0.0000  -22.5000   -7.500014506.5537   20.4914
    7.5000  -22.5000   -7.500013937.0703   20.5063
   -7.5000  -15.0000   -7.500014772.3271   20.4423
    0.0000  -15.0000   -7.500015482.2490   20.4753
    7.5000  -15.0000   -7.500014862.3516   20.4993
   -7.5000   -7.5000   -7.500015645.8223   20.4792
    0.0000   -7.5000   -7.500016397.6641   20.5080
    7.5000   -7.5000   -7.500015724.3252   20.5273
   -7.5000    0.0000   -7.500016252.5889   20.5227
    0.0000    0.0000   -7.500017000.6094   20.5523
    7.5000    0.0000   -7.500016305.6924   20.5595
   -7.5000    7.5000   -7.500015516.6611   20.5273
    0.0000    7.5000   -7.500016265.5762   20.5625
    7.5000    7.5000   -7.500015565.1299   20.5626
   -7.5000   15.0000   -7.500014662.9219   20.4946
    0.0000   15.0000   -7.500015378.2402   20.5342
    7.5000   15.0000   -7.500014697.1758   20.5373
   -7.5000   22.5000   -7.500013792.3799   20.4439
    0.0000   22.5000   -7.500014567.6748   20.4820
    7.5000   22.5000   -7.500013867.5762   20.4969
   -7.5000   30.0000   -7.500012808.8926   20.2627
    0.0000   30.0000   -7.500013582.2383   20.2954
    7.5000   30.0000   -7.500012933.2402   20.3192
   -7.5000   37.5000   -7.500012293.7295   20.6237
    0.0000   37.5000   -7.500013064.4199   20.6550
    7.5000   37.5000   -7.500012409.3486   20.6751
   -7.5000   45.0000   -7.500011358.5410   20.6815
    0.0000   45.0000   -7.500012094.5684   20.7119
    7.5000   45.0000   -7.500011467.0781   20.7215
   -7.5000  -45.0000    0.000011322.1016   20.9284
    0.0000  -45.0000    0.000011784.7451   20.9732
    7.5000  -45.0000    0.000011355.6172   20.9818
   -7.5000  -37.5000    0.000012064.9990   20.7237
    0.0000  -37.5000    0.000012567.1426   20.7647
    7.5000  -37.5000    0.000012104.5811   20.7645
   -7.5000  -30.0000    0.000013285.7617   20.5766
    0.0000  -30.0000    0.000013879.4561   20.6147
    7.5000  -30.0000    0.000013382.3301   20.6114
   -7.5000  -22.5000    0.000014446.5518   20.5303
    0.0000  -22.5000    0.000015082.5615   20.5683
    7.5000  -22.5000    0.000014537.0137   20.5724
   -7.5000  -15.0000    0.000015357.8555   20.5201
    0.0000  -15.0000    0.000016031.2344   20.5605
    7.5000  -15.0000    0.000015450.6982   20.5748
   -7.5000   -7.5000    0.000016265.2090   20.5489
    0.0000   -7.5000    0.000016943.9531   20.5914
    7.5000   -7.5000    0.000016331.8135   20.6075
   -7.5000    0.0000    0.000016962.6992   20.5830
    0.0000    0.0000    0.000017701.0469   20.6259
    7.5000    0.0000    0.000017049.2520   20.6347
   -7.5000    7.5000    0.000016287.2500   20.5870
    0.0000    7.5000    0.000017056.5352   20.6277
    7.5000    7.5000    0.000016455.0566   20.6274
   -7.5000   15.0000    0.000015437.8584   20.5630
    0.0000   15.0000    0.000016188.6992   20.6009
    7.5000   15.0000    0.000015610.9883   20.5977
   -7.5000   22.5000    0.000014478.9854   20.5210
    0.0000   22.5000    0.000015228.0439   20.5589
    7.5000   22.5000    0.000014654.5986   20.5630
   -7.5000   30.0000    0.000013381.7734   20.3374
    0.0000   30.0000    0.000014130.8613   20.3775
    7.5000   30.0000    0.000013563.3711   20.3915
   -7.5000   37.5000    0.000012845.8516   20.6916
    0.0000   37.5000    0.000013619.4014   20.7369
    7.5000   37.5000    0.000012993.4297   20.7536
   -7.5000   45.0000    0.000011905.9365   20.7478
    0.0000   45.0000    0.000012626.1016   20.7929
    7.5000   45.0000    0.000012022.6191   20.8028
   -7.5000  -45.0000    7.500010945.9258   20.9254
    0.0000  -45.0000    7.500011442.9082   20.9678
    7.5000  -45.0000    7.500010985.1162   20.9794
   -7.5000  -37.5000    7.500011657.7607   20.7198
    0.0000  -37.5000    7.500012202.9199   20.7544
    7.5000  -37.5000    7.500011729.3076   20.7603
   -7.5000  -30.0000    7.500012852.4072   20.5827
    0.0000  -30.0000    7.500013442.6328   20.6094
    7.5000  -30.0000    7.500012955.0762   20.6070
   -7.5000  -22.5000    7.500013960.5107   20.5455
    0.0000  -22.5000    7.500014560.1621   20.5717
    7.5000  -22.5000    7.500014034.5176   20.5679
   -7.5000  -15.0000    7.500014827.4775   20.5360
    0.0000  -15.0000    7.500015417.9912   20.5687
    7.5000  -15.0000    7.500014881.2666   20.5711
   -7.5000   -7.5000    7.500015666.2129   20.5553
    0.0000   -7.5000    7.500016263.8516   20.5946
    7.5000   -7.5000    7.500015730.6055   20.6043
   -7.5000    0.0000    7.500016341.6846   20.5789
    0.0000    0.0000    7.500017049.1074   20.6196
    7.5000    0.0000    7.500016446.5898   20.6311
   -7.5000    7.5000    7.500015851.8105   20.5832
    0.0000    7.5000    7.500016582.2539   20.6176
    7.5000    7.5000    7.500015983.7920   20.6232
   -7.5000   15.0000    7.500015144.5869   20.5690
    0.0000   15.0000    7.500015759.1348   20.5956
    7.5000   15.0000    7.500015198.0244   20.5932
   -7.5000   22.5000    7.500014165.8438   20.5361
    0.0000   22.5000    7.500014716.3096   20.5624
    7.5000   22.5000    7.500014139.1611   20.5585
   -7.5000   30.0000    7.500012997.6035   20.3527
    0.0000   30.0000    7.500013563.7666   20.3848
    7.5000   30.0000    7.500013001.2217   20.3868
   -7.5000   37.5000    7.500012405.0791   20.6987
    0.0000   37.5000    7.500013052.1709   20.7404
    7.5000   37.5000    7.500012427.0703   20.7507
   -7.5000   45.0000    7.500011446.0332   20.7448
    0.0000   45.0000    7.500012044.5254   20.7866
    7.5000   45.0000    7.500011487.4902   20.7992
   -7.5000  -45.0000   15.000010440.0977   20.9046
    0.0000  -45.0000   15.000010924.5127   20.9332
    7.5000  -45.0000   15.000010503.9951   20.9460
   -7.5000  -37.5000   15.000011141.5977   20.6983
    0.0000  -37.5000   15.000011662.4697   20.7225
    7.5000  -37.5000   15.000011216.1201   20.7355
   -7.5000  -30.0000   15.000012315.3506   20.5627
    0.0000  -30.0000   15.000012860.8418   20.5806
    7.5000  -30.0000   15.000012385.1094   20.5863
   -7.5000  -22.5000   15.000013380.0225   20.5277
    0.0000  -22.5000   15.000013923.4600   20.5432
    7.5000  -22.5000   15.000013434.8203   20.5426
   -7.5000  -15.0000   15.000014195.0410   20.5194
    0.0000  -15.0000   15.000014727.8535   20.5383
    7.5000  -15.0000   15.000014233.0703   20.5379
   -7.5000   -7.5000   15.000014988.3496   20.5367
    0.0000   -7.5000   15.000015575.2236   20.5610
    7.5000   -7.5000   15.000015018.6006   20.5671
   -7.5000    0.0000   15.000015659.5273   20.5577
    0.0000    0.0000   15.000016357.3721   20.5849
    7.5000    0.0000   15.000015696.2949   20.5976
   -7.5000    7.5000   15.000015183.7129   20.5618
    0.0000    7.5000   15.000015875.7666   20.5857
    7.5000    7.5000   15.000015164.2793   20.5984
   -7.5000   15.0000   15.000014519.7021   20.5490
    0.0000   15.0000   15.000015118.6436   20.5668
    7.5000   15.0000   15.000014372.4424   20.5725
   -7.5000   22.5000   15.000013591.1455   20.5183
    0.0000   22.5000   15.000014146.5762   20.5338
    7.5000   22.5000   15.000013432.7803   20.5332
   -7.5000   30.0000   15.000012499.5449   20.3383
    0.0000   30.0000   15.000013057.8760   20.3565
    7.5000   30.0000   15.000012406.7773   20.3558
   -7.5000   37.5000   15.000011932.0986   20.6831
    0.0000   37.5000   15.000012517.5137   20.7094
    7.5000   37.5000   15.000011879.4902   20.7160
   -7.5000   45.0000   15.000010951.5566   20.7215
    0.0000   45.0000   15.000011479.6562   20.7479
    7.5000   45.0000   15.000010915.7930   20.7627
   -7.5000  -45.0000   22.5000 9841.4941   20.8823
    0.0000  -45.0000   22.500010321.2422   20.8987
    7.5000  -45.0000   22.5000 9914.4043   20.9101
   -7.5000  -37.5000   22.500010503.5049   20.6772
    0.0000  -37.5000   22.500011036.9355   20.6975
    7.5000  -37.5000   22.500010594.3760   20.7111
   -7.5000  -30.0000   22.500011675.0566   20.5317
    0.0000  -30.0000   22.500012225.5410   20.5534
    7.5000  -30.0000   22.500011752.4736   20.5666
   -7.5000  -22.5000   22.500012764.1309   20.4868
    0.0000  -22.5000   22.500013284.6348   20.5051
    7.5000  -22.5000   22.500012777.2852   20.5177
   -7.5000  -15.0000   22.500013569.2285   20.4775
    0.0000  -15.0000   22.500014105.6787   20.4918
    7.5000  -15.0000   22.500013568.4443   20.5036
   -7.5000   -7.5000   22.500014307.2344   20.5044
    0.0000   -7.5000   22.500014895.7363   20.5169
    7.5000   -7.5000   22.500014283.0137   20.5276
   -7.5000    0.0000   22.500014892.2930   20.5364
    0.0000    0.0000   22.500015524.2666   20.5516
    7.5000    0.0000   22.500014852.4424   20.5630
   -7.5000    7.5000   22.500014373.8154   20.5408
    0.0000    7.5000   22.500014954.8125   20.5608
    7.5000    7.5000   22.500014282.7910   20.5741
   -7.5000   15.0000   22.500013670.2012   20.5180
    0.0000   15.0000   22.500014181.5664   20.5396
    7.5000   15.0000   22.500013513.9502   20.5529
   -7.5000   22.5000   22.500012757.9404   20.4775
    0.0000   22.5000   22.500013263.8672   20.4958
    7.5000   22.5000   22.500012630.2480   20.5084
   -7.5000   30.0000   22.500011759.0215   20.2998
    0.0000   30.0000   22.500012293.1260   20.3135
    7.5000   30.0000   22.500011675.9033   20.3249
   -7.5000   37.5000   22.500011290.6348   20.6534
    0.0000   37.5000   22.500011847.7363   20.6678
    7.5000   37.5000   22.500011234.5928   20.6793
   -7.5000   45.0000   22.500010387.6318   20.6970
    0.0000   45.0000   22.500010891.1426   20.7103
    7.5000   45.0000   22.500010342.0137   20.7251
   -7.5000  -45.0000   30.0000 9202.5762   20.9025
    0.0000  -45.0000   30.0000 9653.5625   20.9191
    7.5000  -45.0000   30.0000 9274.3125   20.9278
   -7.5000  -37.5000   30.0000 9854.2910   20.6988
    0.0000  -37.5000   30.000010347.0693   20.7243
    7.5000  -37.5000   30.0000 9930.9932   20.7312
   -7.5000  -30.0000   30.000010979.4629   20.5427
    0.0000  -30.0000   30.000011511.1523   20.5751
    7.5000  -30.0000   30.000011037.3232   20.5865
   -7.5000  -22.5000   30.000011995.9756   20.4869
    0.0000  -22.5000   30.000012521.5176   20.5162
    7.5000  -22.5000   30.000012019.9385   20.5364
   -7.5000  -15.0000   30.000012733.0576   20.4759
    0.0000  -15.0000   30.000013319.2373   20.4965
    7.5000  -15.0000   30.000012743.7939   20.5209
   -7.5000   -7.5000   30.000013380.0742   20.5129
    0.0000   -7.5000   30.000013990.1260   20.5267
    7.5000   -7.5000   30.000013379.6475   20.5444
   -7.5000    0.0000   30.000013871.7949   20.5571
    0.0000    0.0000   30.000014505.4756   20.5723
    7.5000    0.0000   30.000013869.4463   20.5811
   -7.5000    7.5000   30.000013336.8203   20.5621
    0.0000    7.5000   30.000013895.6074   20.5873
    7.5000    7.5000   30.000013280.3047   20.5939
   -7.5000   15.0000   30.000012652.7930   20.5290
    0.0000   15.0000   30.000013136.1016   20.5613
    7.5000   15.0000   30.000012558.2979   20.5728
   -7.5000   22.5000   30.000011836.5342   20.4775
    0.0000   22.5000   30.000012296.7158   20.5069
    7.5000   22.5000   30.000011750.6670   20.5271
   -7.5000   30.0000   30.000010932.7344   20.2991
    0.0000   30.0000   30.000011391.3896   20.3193
    7.5000   30.0000   30.000010864.1631   20.3434
   -7.5000   37.5000   30.000010510.7910   20.6620
    0.0000   37.5000   30.000010980.6191   20.6778
    7.5000   37.5000   30.000010470.7812   20.6965
   -7.5000   45.0000   30.0000 9711.4990   20.7166
    0.0000   45.0000   30.000010149.7412   20.7307
    7.5000   45.0000   30.0000 9687.2354   20.7430
   -7.5000  -45.0000   37.5000 8949.9453   21.0655
    0.0000  -45.0000   37.5000 9424.5889   21.0966
    7.5000  -45.0000   37.5000 9048.6904   21.1035
   -7.5000  -37.5000   37.5000 9565.6650   20.8588
    0.0000  -37.5000   37.500010072.8330   20.8946
    7.5000  -37.5000   37.5000 9669.0186   20.8946
   -7.5000  -30.0000   37.500010627.3398   20.7009
    0.0000  -30.0000   37.500011172.7861   20.7409
    7.5000  -30.0000   37.500010690.8623   20.7439
   -7.5000  -22.5000   37.500011581.1289   20.6452
    0.0000  -22.5000   37.500012166.2324   20.6836
    7.5000  -22.5000   37.500011637.5088   20.6987
   -7.5000  -15.0000   37.500012268.4961   20.6342
    0.0000  -15.0000   37.500012900.5928   20.6673
    7.5000  -15.0000   37.500012336.1260   20.6915
   -7.5000   -7.5000   37.500012833.7344   20.6717
    0.0000   -7.5000   37.500013494.9531   20.7003
    7.5000   -7.5000   37.500012905.4297   20.7197
   -7.5000    0.0000   37.500013309.7109   20.7157
    0.0000    0.0000   37.500013997.3438   20.7451
    7.5000    0.0000   37.500013355.6953   20.7522
   -7.5000    7.5000   37.500012771.0576   20.7202
    0.0000    7.5000   37.500013364.7236   20.7556
    7.5000    7.5000   37.500012773.0527   20.7555
   -7.5000   15.0000   37.500012090.0000   20.6870
    0.0000   15.0000   37.500012614.9199   20.7270
    7.5000   15.0000   37.500012073.6055   20.7300
   -7.5000   22.5000   37.500011325.4980   20.6358
    0.0000   22.5000   37.500011820.7764   20.6741
    7.5000   22.5000   37.500011285.1826   20.6893
   -7.5000   30.0000   37.500010477.8027   20.4542
    0.0000   30.0000   37.500010921.2158   20.4869
    7.5000   30.0000   37.500010424.7588   20.5109
   -7.5000   37.5000   37.500010073.4658   20.8212
    0.0000   37.5000   37.500010514.0586   20.8524
    7.5000   37.5000   37.500010036.2188   20.8726
   -7.5000   45.0000   37.5000 9335.8252   20.8845
    0.0000   45.0000   37.5000 9741.9736   20.9148
    7.5000   45.0000   37.5000 9315.3467   20.9243
   -7.5000  -45.0000   45.0000 8280.0742   21.2506
    0.0000  -45.0000   45.0000 8703.9736   21.2967
    7.5000  -45.0000   45.0000 8366.2988   21.3051
   -7.5000  -37.5000   45.0000 8831.8408   21.0395
    0.0000  -37.5000   45.0000 9295.6826   21.0810
    7.5000  -37.5000   45.0000 8929.6182   21.0796
   -7.5000  -30.0000   45.0000 9769.9170   20.8868
    0.0000  -30.0000   45.000010269.9639   20.9248
    7.5000  -30.0000   45.0000 9858.7920   20.9205
   -7.5000  -22.5000   45.000010640.8867   20.8370
    0.0000  -22.5000   45.000011197.2148   20.8754
    7.5000  -22.5000   45.000010729.8604   20.8798
   -7.5000  -15.0000   45.000011268.9736   20.8250
    0.0000  -15.0000   45.000011859.6660   20.8668
    7.5000  -15.0000   45.000011366.1816   20.8824
   -7.5000   -7.5000   45.000011781.7959   20.8552
    0.0000   -7.5000   45.000012375.6592   20.8995
    7.5000   -7.5000   45.000011861.2295   20.9165
   -7.5000    0.0000   45.000012201.8564   20.8922
    0.0000    0.0000   45.000012796.1143   20.9364
    7.5000    0.0000   45.000012248.7383   20.9449
   -7.5000    7.5000   45.000011682.7119   20.8978
    0.0000    7.5000   45.000012219.3730   20.9389
    7.5000    7.5000   45.000011691.9658   20.9374
   -7.5000   15.0000   45.000011033.2275   20.8726
    0.0000   15.0000   45.000011538.0869   20.9105
    7.5000   15.0000   45.000011049.3623   20.9063
   -7.5000   22.5000   45.000010321.4541   20.8274
    0.0000   22.5000   45.000010780.5938   20.8658
    7.5000   22.5000   45.000010325.0361   20.8702
   -7.5000   30.0000   45.0000 9553.4521   20.6396
    0.0000   30.0000   45.0000 9952.6738   20.6811
    7.5000   30.0000   45.0000 9532.2314   20.6964
   -7.5000   37.5000   45.0000 9199.2490   21.0074
    0.0000   37.5000   45.0000 9591.7930   21.0546
    7.5000   37.5000   45.0000 9177.3223   21.0723
   -7.5000   45.0000   45.0000 8555.6494   21.0901
    0.0000   45.0000   45.0000 8943.4629   21.1366
    7.5000   45.0000   45.0000 8556.3428   21.1463

---------------------------------------------------------------------
imgreg_4dfp /opt/freesurfer/average/711-2C_as_mni_average_305 /opt/freesurfer/average/711-2B_as_mni_average_305_mask talsrcimg_g11 none talsrcimg_to_711-2C_as_mni_average_305_t4 4355
---------------------------------------------------------------------

freesurfer imgreg_4dfp.c
/opt/freesurfer/average/711-2C_as_mni_average_305.4dfp.img
       256       256       256         1
  1.000000  1.000000  1.000000
orientation T byte_order littleendian
Reading image: /opt/freesurfer/average/711-2C_as_mni_average_305.4dfp.img
dimensions:      256       256       256
mmppix:       1.0000   -1.0000   -1.0000
center:     128.0000 -129.0000 -129.0000
/opt/freesurfer/average/711-2B_as_mni_average_305_mask.4dfp.img
       256       256       256         1
  1.000000  1.000000  1.000000
orientation T byte_order littleendian
Reading mask: /opt/freesurfer/average/711-2B_as_mni_average_305_mask.4dfp.img (2306576 pixels)
talsrcimg_g11.4dfp.img
       256       256       256         1
  1.000000  1.000000  1.000000
orientation T byte_order littleendian
Reading image: talsrcimg_g11.4dfp.img
dimensions:      256       256       256
mmppix:       1.0000   -1.0000   -1.0000
center:     128.0000 -129.0000 -129.0000
rotation matrix determinant  1.000000
image alignment mode   4355 decimal     1103 hex
   -7.5000  -45.0000  -45.0000 2106.7493   24.0628
    0.0000  -45.0000  -45.0000 2118.1199   23.8873
    7.5000  -45.0000  -45.0000 2099.3088   24.2662
   -7.5000  -37.5000  -45.0000 2132.8770   23.0883
    0.0000  -37.5000  -45.0000 2148.1919   22.9579
    7.5000  -37.5000  -45.0000 2127.2178   23.2244
   -7.5000  -30.0000  -45.0000 2165.5117   22.1876
    0.0000  -30.0000  -45.0000 2178.7959   22.0324
    7.5000  -30.0000  -45.0000 2157.6670   22.2842
   -7.5000  -22.5000  -45.0000 2203.1665   21.5430
    0.0000  -22.5000  -45.0000 2215.4739   21.4502
    7.5000  -22.5000  -45.0000 2195.4011   21.6483
   -7.5000  -15.0000  -45.0000 2236.4741   21.1098
    0.0000  -15.0000  -45.0000 2247.3408   21.0395
    7.5000  -15.0000  -45.0000 2223.5212   21.1651
   -7.5000   -7.5000  -45.0000 2251.1499   20.7337
    0.0000   -7.5000  -45.0000 2266.9968   20.7088
    7.5000   -7.5000  -45.0000 2241.5786   20.8404
   -7.5000    0.0000  -45.0000 2260.0791   20.4328
    0.0000    0.0000  -45.0000 2281.0586   20.4044
    7.5000    0.0000  -45.0000 2245.6892   20.6017
   -7.5000    7.5000  -45.0000 2256.9739   20.2703
    0.0000    7.5000  -45.0000 2275.2642   20.2279
    7.5000    7.5000  -45.0000 2241.4688   20.3957
   -7.5000   15.0000  -45.0000 2251.6152   20.2587
    0.0000   15.0000  -45.0000 2267.4553   20.2112
    7.5000   15.0000  -45.0000 2238.0959   20.3991
   -7.5000   22.5000  -45.0000 2238.7798   20.6724
    0.0000   22.5000  -45.0000 2253.1399   20.6251
    7.5000   22.5000  -45.0000 2221.6782   20.7897
   -7.5000   30.0000  -45.0000 2197.1768   21.5403
    0.0000   30.0000  -45.0000 2213.5781   21.4493
    7.5000   30.0000  -45.0000 2186.3896   21.6490
   -7.5000   37.5000  -45.0000 2142.1682   22.8109
    0.0000   37.5000  -45.0000 2162.8232   22.7100
    7.5000   37.5000  -45.0000 2137.3879   22.9215
   -7.5000   45.0000  -45.0000 2068.2280   24.4249
    0.0000   45.0000  -45.0000 2089.4619   24.3146
    7.5000   45.0000  -45.0000 2059.2354   24.5076
   -7.5000  -45.0000  -37.5000 2190.9473   22.0081
    0.0000  -45.0000  -37.5000 2207.2776   21.8718
    7.5000  -45.0000  -37.5000 2193.5947   22.1217
   -7.5000  -37.5000  -37.5000 2226.5012   21.0624
    0.0000  -37.5000  -37.5000 2245.8953   20.9791
    7.5000  -37.5000  -37.5000 2226.9634   21.1466
   -7.5000  -30.0000  -37.5000 2267.8621   20.3262
    0.0000  -30.0000  -37.5000 2283.5452   20.2410
    7.5000  -30.0000  -37.5000 2263.5398   20.3856
   -7.5000  -22.5000  -37.5000 2313.7256   19.7637
    0.0000  -22.5000  -37.5000 2323.2500   19.7642
    7.5000  -22.5000  -37.5000 2302.8789   19.8450
   -7.5000  -15.0000  -37.5000 2336.8818   19.2758
    0.0000  -15.0000  -37.5000 2351.5608   19.2506
    7.5000  -15.0000  -37.5000 2330.3186   19.3273
   -7.5000   -7.5000  -37.5000 2354.5125   18.9340
    0.0000   -7.5000  -37.5000 2368.7668   18.8843
    7.5000   -7.5000  -37.5000 2344.9026   18.9446
   -7.5000    0.0000  -37.5000 2362.3040   18.7054
    0.0000    0.0000  -37.5000 2384.8086   18.7008
    7.5000    0.0000  -37.5000 2351.4998   18.7665
   -7.5000    7.5000  -37.5000 2365.5588   18.6592
    0.0000    7.5000  -37.5000 2382.5042   18.6549
    7.5000    7.5000  -37.5000 2349.4043   18.7197
   -7.5000   15.0000  -37.5000 2356.3918   18.7582
    0.0000   15.0000  -37.5000 2374.6628   18.7222
    7.5000   15.0000  -37.5000 2344.9075   18.7950
   -7.5000   22.5000  -37.5000 2341.4602   19.1531
    0.0000   22.5000  -37.5000 2358.3140   19.1105
    7.5000   22.5000  -37.5000 2324.1929   19.2128
   -7.5000   30.0000  -37.5000 2301.2559   19.9251
    0.0000   30.0000  -37.5000 2321.1414   19.8533
    7.5000   30.0000  -37.5000 2288.2292   19.9455
   -7.5000   37.5000  -37.5000 2244.9631   21.0069
    0.0000   37.5000  -37.5000 2266.1680   20.9278
    7.5000   37.5000  -37.5000 2232.6167   21.0420
   -7.5000   45.0000  -37.5000 2161.6375   22.4476
    0.0000   45.0000  -37.5000 2183.0530   22.3853
    7.5000   45.0000  -37.5000 2155.1560   22.4932
   -7.5000  -45.0000  -30.0000 2311.5105   20.9843
    0.0000  -45.0000  -30.0000 2335.8716   20.8898
    7.5000  -45.0000  -30.0000 2315.2844   21.0907
   -7.5000  -37.5000  -30.0000 2352.3137   20.0938
    0.0000  -37.5000  -30.0000 2374.2295   20.0441
    7.5000  -37.5000  -30.0000 2354.1526   20.1873
   -7.5000  -30.0000  -30.0000 2406.7466   19.3320
    0.0000  -30.0000  -30.0000 2424.8938   19.3316
    7.5000  -30.0000  -30.0000 2397.9753   19.4477
   -7.5000  -22.5000  -30.0000 2455.4482   18.7024
    0.0000  -22.5000  -30.0000 2469.9810   18.7141
    7.5000  -22.5000  -30.0000 2442.3247   18.8161
   -7.5000  -15.0000  -30.0000 2475.7842   18.1879
    0.0000  -15.0000  -30.0000 2493.4124   18.1736
    7.5000  -15.0000  -30.0000 2467.9922   18.2978
   -7.5000   -7.5000  -30.0000 2491.9939   17.8487
    0.0000   -7.5000  -30.0000 2509.7026   17.8752
    7.5000   -7.5000  -30.0000 2481.8577   17.9045
   -7.5000    0.0000  -30.0000 2506.6631   17.6994
    0.0000    0.0000  -30.0000 2531.6506   17.6756
    7.5000    0.0000  -30.0000 2496.0681   17.6876
   -7.5000    7.5000  -30.0000 2518.6814   17.7434
    0.0000    7.5000  -30.0000 2536.8450   17.6858
    7.5000    7.5000  -30.0000 2504.5693   17.6698
   -7.5000   15.0000  -30.0000 2505.4294   17.9402
    0.0000   15.0000  -30.0000 2531.1987   17.9361
    7.5000   15.0000  -30.0000 2495.1252   17.9386
   -7.5000   22.5000  -30.0000 2488.9910   18.3898
    0.0000   22.5000  -30.0000 2513.5264   18.3672
    7.5000   22.5000  -30.0000 2474.8491   18.4188
   -7.5000   30.0000  -30.0000 2447.4934   19.1264
    0.0000   30.0000  -30.0000 2472.2949   19.0456
    7.5000   30.0000  -30.0000 2432.5098   19.0832
   -7.5000   37.5000  -30.0000 2385.7422   20.0938
    0.0000   37.5000  -30.0000 2410.9880   20.0253
    7.5000   37.5000  -30.0000 2376.1479   20.0474
   -7.5000   45.0000  -30.0000 2296.6467   21.4161
    0.0000   45.0000  -30.0000 2321.4390   21.3674
    7.5000   45.0000  -30.0000 2290.6301   21.4528
   -7.5000  -45.0000  -22.5000 2410.7107   20.0397
    0.0000  -45.0000  -22.5000 2438.0427   19.8979
    7.5000  -45.0000  -22.5000 2414.1851   20.1352
   -7.5000  -37.5000  -22.5000 2454.0996   19.1201
    0.0000  -37.5000  -22.5000 2479.6541   19.0742
    7.5000  -37.5000  -22.5000 2462.7378   19.2576
   -7.5000  -30.0000  -22.5000 2509.5354   18.3802
    0.0000  -30.0000  -22.5000 2529.6729   18.3436
    7.5000  -30.0000  -22.5000 2508.8826   18.4841
   -7.5000  -22.5000  -22.5000 2552.5823   17.7200
    0.0000  -22.5000  -22.5000 2572.0344   17.6892
    7.5000  -22.5000  -22.5000 2545.2993   17.8138
   -7.5000  -15.0000  -22.5000 2580.4612   17.1785
    0.0000  -15.0000  -22.5000 2599.2021   17.1552
    7.5000  -15.0000  -22.5000 2571.8005   17.2870
   -7.5000   -7.5000  -22.5000 2603.2761   16.8566
    0.0000   -7.5000  -22.5000 2624.3379   16.8264
    7.5000   -7.5000  -22.5000 2592.8435   16.9161
   -7.5000    0.0000  -22.5000 2625.8157   16.7008
    0.0000    0.0000  -22.5000 2643.5171   16.6666
    7.5000    0.0000  -22.5000 2616.1975   16.7455
   -7.5000    7.5000  -22.5000 2637.3801   16.7548
    0.0000    7.5000  -22.5000 2657.7048   16.6907
    7.5000    7.5000  -22.5000 2628.0686   16.7167
   -7.5000   15.0000  -22.5000 2630.4851   16.9576
    0.0000   15.0000  -22.5000 2656.4895   16.9384
    7.5000   15.0000  -22.5000 2618.3494   16.9709
   -7.5000   22.5000  -22.5000 2608.7256   17.4465
    0.0000   22.5000  -22.5000 2644.8540   17.4168
    7.5000   22.5000  -22.5000 2603.5903   17.4427
   -7.5000   30.0000  -22.5000 2568.1785   18.1815
    0.0000   30.0000  -22.5000 2602.3374   18.1134
    7.5000   30.0000  -22.5000 2560.6086   18.1678
   -7.5000   37.5000  -22.5000 2503.3147   19.0956
    0.0000   37.5000  -22.5000 2534.5325   19.0079
    7.5000   37.5000  -22.5000 2500.5845   19.0869
   -7.5000   45.0000  -22.5000 2404.8035   20.3431
    0.0000   45.0000  -22.5000 2437.3137   20.2589
    7.5000   45.0000  -22.5000 2409.9353   20.3683
   -7.5000  -45.0000  -15.0000 2477.7031   19.2539
    0.0000  -45.0000  -15.0000 2505.2029   19.1547
    7.5000  -45.0000  -15.0000 2488.3811   19.3912
   -7.5000  -37.5000  -15.0000 2521.4697   18.3046
    0.0000  -37.5000  -15.0000 2542.8694   18.2245
    7.5000  -37.5000  -15.0000 2533.7507   18.4808
   -7.5000  -30.0000  -15.0000 2570.3074   17.5174
    0.0000  -30.0000  -15.0000 2594.2983   17.4231
    7.5000  -30.0000  -15.0000 2578.3098   17.6468
   -7.5000  -22.5000  -15.0000 2612.9856   16.8119
    0.0000  -22.5000  -15.0000 2641.2026   16.7121
    7.5000  -22.5000  -15.0000 2615.2395   16.9022
   -7.5000  -15.0000  -15.0000 2644.3499   16.3232
    0.0000  -15.0000  -15.0000 2666.5242   16.2575
    7.5000  -15.0000  -15.0000 2636.0928   16.4303
   -7.5000   -7.5000  -15.0000 2676.0305   16.0369
    0.0000   -7.5000  -15.0000 2702.7620   15.9894
    7.5000   -7.5000  -15.0000 2665.9326   16.1380
   -7.5000    0.0000  -15.0000 2707.5769   15.8855
    0.0000    0.0000  -15.0000 2730.5374   15.8309
    7.5000    0.0000  -15.0000 2696.8501   15.9313
   -7.5000    7.5000  -15.0000 2724.4709   15.8500
    0.0000    7.5000  -15.0000 2753.7271   15.7897
    7.5000    7.5000  -15.0000 2715.7524   15.8528
   -7.5000   15.0000  -15.0000 2721.2759   16.0092
    0.0000   15.0000  -15.0000 2750.2642   15.9646
    7.5000   15.0000  -15.0000 2711.6729   16.0323
   -7.5000   22.5000  -15.0000 2706.7058   16.4947
    0.0000   22.5000  -15.0000 2744.2004   16.4332
    7.5000   22.5000  -15.0000 2706.4631   16.5083
   -7.5000   30.0000  -15.0000 2662.0554   17.2303
    0.0000   30.0000  -15.0000 2699.2727   17.1768
    7.5000   30.0000  -15.0000 2669.4287   17.2352
   -7.5000   37.5000  -15.0000 2593.0403   18.1177
    0.0000   37.5000  -15.0000 2623.4929   18.0834
    7.5000   37.5000  -15.0000 2596.2708   18.1674
   -7.5000   45.0000  -15.0000 2490.6160   19.3372
    0.0000   45.0000  -15.0000 2525.9365   19.2127
    7.5000   45.0000  -15.0000 2494.2075   19.3592
   -7.5000  -45.0000   -7.5000 2528.9294   18.7571
    0.0000  -45.0000   -7.5000 2551.9495   18.5477
    7.5000  -45.0000   -7.5000 2542.4878   18.7779
   -7.5000  -37.5000   -7.5000 2567.3574   17.6937
    0.0000  -37.5000   -7.5000 2586.4756   17.5337
    7.5000  -37.5000   -7.5000 2577.0002   17.7721
   -7.5000  -30.0000   -7.5000 2602.9062   16.8218
    0.0000  -30.0000   -7.5000 2624.5034   16.6953
    7.5000  -30.0000   -7.5000 2612.4172   16.9189
   -7.5000  -22.5000   -7.5000 2649.3418   16.1022
    0.0000  -22.5000   -7.5000 2673.0032   15.9764
    7.5000  -22.5000   -7.5000 2651.9209   16.2042
   -7.5000  -15.0000   -7.5000 2683.9282   15.5713
    0.0000  -15.0000   -7.5000 2707.6304   15.4829
    7.5000  -15.0000   -7.5000 2684.2000   15.6835
   -7.5000   -7.5000   -7.5000 2726.6165   15.3064
    0.0000   -7.5000   -7.5000 2748.9968   15.2039
    7.5000   -7.5000   -7.5000 2721.1873   15.3886
   -7.5000    0.0000   -7.5000 2766.7905   15.1824
    0.0000    0.0000   -7.5000 2788.1389   15.0900
    7.5000    0.0000   -7.5000 2760.8459   15.2416
   -7.5000    7.5000   -7.5000 2795.5107   15.1375
    0.0000    7.5000   -7.5000 2834.5381   15.0232
    7.5000    7.5000   -7.5000 2792.3105   15.1571
   -7.5000   15.0000   -7.5000 2804.6296   15.2717
    0.0000   15.0000   -7.5000 2840.5952   15.1281
    7.5000   15.0000   -7.5000 2802.4192   15.2885
   -7.5000   22.5000   -7.5000 2791.0364   15.7417
    0.0000   22.5000   -7.5000 2834.7188   15.6098
    7.5000   22.5000   -7.5000 2799.0945   15.7246
   -7.5000   30.0000   -7.5000 2735.6104   16.4446
    0.0000   30.0000   -7.5000 2781.1448   16.3748
    7.5000   30.0000   -7.5000 2753.3796   16.4698
   -7.5000   37.5000   -7.5000 2655.5752   17.3145
    0.0000   37.5000   -7.5000 2695.8848   17.2581
    7.5000   37.5000   -7.5000 2670.9412   17.3998
   -7.5000   45.0000   -7.5000 2547.9565   18.4644
    0.0000   45.0000   -7.5000 2587.6377   18.3413
    7.5000   45.0000   -7.5000 2556.8872   18.4961
   -7.5000  -45.0000    0.0000 2543.5254   18.4860
    0.0000  -45.0000    0.0000 2571.4714   18.2227
    7.5000  -45.0000    0.0000 2561.2632   18.4842
   -7.5000  -37.5000    0.0000 2580.7173   17.3600
    0.0000  -37.5000    0.0000 2605.7742   17.0764
    7.5000  -37.5000    0.0000 2597.2112   17.3371
   -7.5000  -30.0000    0.0000 2611.4160   16.4436
    0.0000  -30.0000    0.0000 2639.0171   16.2032
    7.5000  -30.0000    0.0000 2630.5723   16.4405
   -7.5000  -22.5000    0.0000 2653.7581   15.6754
    0.0000  -22.5000    0.0000 2680.7026   15.4639
    7.5000  -22.5000    0.0000 2665.4724   15.7078
   -7.5000  -15.0000    0.0000 2689.2920   15.1374
    0.0000  -15.0000    0.0000 2719.9038   14.9348
    7.5000  -15.0000    0.0000 2700.5364   15.1782
   -7.5000   -7.5000    0.0000 2740.2600   14.8540
    0.0000   -7.5000    0.0000 2763.0305   14.6353
    7.5000   -7.5000    0.0000 2744.2476   14.8488
   -7.5000    0.0000    0.0000 2798.5649   14.7291
    0.0000    0.0000    0.0000 2826.2327   14.4966
    7.5000    0.0000    0.0000 2798.5537   14.6909
   -7.5000    7.5000    0.0000 2840.1094   14.7094
    0.0000    7.5000    0.0000 2891.3232   14.4758
    7.5000    7.5000    0.0000 2851.5498   14.7045
   -7.5000   15.0000    0.0000 2866.5789   14.8615
    0.0000   15.0000    0.0000 2920.0852   14.6070
    7.5000   15.0000    0.0000 2875.1062   14.8650
   -7.5000   22.5000    0.0000 2852.7683   15.2893
    0.0000   22.5000    0.0000 2905.4932   15.0451
    7.5000   22.5000    0.0000 2865.8276   15.2630
   -7.5000   30.0000    0.0000 2788.0078   15.9330
    0.0000   30.0000    0.0000 2842.3694   15.7663
    7.5000   30.0000    0.0000 2813.0017   15.9290
   -7.5000   37.5000    0.0000 2690.6201   16.8240
    0.0000   37.5000    0.0000 2743.9988   16.6791
    7.5000   37.5000    0.0000 2715.7263   16.8193
   -7.5000   45.0000    0.0000 2585.3293   17.9738
    0.0000   45.0000    0.0000 2625.1694   17.8093
    7.5000   45.0000    0.0000 2598.8184   17.9466
   -7.5000  -45.0000    7.5000 2549.0994   18.3621
    0.0000  -45.0000    7.5000 2589.5896   18.0680
    7.5000  -45.0000    7.5000 2574.3201   18.3147
   -7.5000  -37.5000    7.5000 2585.6829   17.1287
    0.0000  -37.5000    7.5000 2623.6887   16.8621
    7.5000  -37.5000    7.5000 2610.0737   17.1076
   -7.5000  -30.0000    7.5000 2609.2678   16.2492
    0.0000  -30.0000    7.5000 2647.6658   15.9587
    7.5000  -30.0000    7.5000 2635.6282   16.2284
   -7.5000  -22.5000    7.5000 2646.4995   15.4858
    0.0000  -22.5000    7.5000 2680.1609   15.1801
    7.5000  -22.5000    7.5000 2660.6841   15.4331
   -7.5000  -15.0000    7.5000 2685.5261   14.9576
    0.0000  -15.0000    7.5000 2717.6335   14.6271
    7.5000  -15.0000    7.5000 2697.4294   14.8671
   -7.5000   -7.5000    7.5000 2731.0955   14.6455
    0.0000   -7.5000    7.5000 2762.2336   14.2882
    7.5000   -7.5000    7.5000 2745.2246   14.5270
   -7.5000    0.0000    7.5000 2789.6909   14.5151
    0.0000    0.0000    7.5000 2827.1990   14.1677
    7.5000    0.0000    7.5000 2802.6355   14.4052
   -7.5000    7.5000    7.5000 2852.8694   14.5934
    0.0000    7.5000    7.5000 2907.3318   14.2638
    7.5000    7.5000    7.5000 2866.1816   14.4798
   -7.5000   15.0000    7.5000 2890.2603   14.8280
    0.0000   15.0000    7.5000 2962.2952   14.4736
    7.5000   15.0000    7.5000 2912.7974   14.7092
   -7.5000   22.5000    7.5000 2880.8489   15.1123
    0.0000   22.5000    7.5000 2949.7822   14.7289
    7.5000   22.5000    7.5000 2901.5840   14.9591
   -7.5000   30.0000    7.5000 2809.6367   15.6340
    0.0000   30.0000    7.5000 2872.7332   15.2544
    7.5000   30.0000    7.5000 2841.1155   15.4759
   -7.5000   37.5000    7.5000 2711.7007   16.4994
    0.0000   37.5000    7.5000 2765.6536   16.2444
    7.5000   37.5000    7.5000 2736.1824   16.3989
   -7.5000   45.0000    7.5000 2595.0388   17.7061
    0.0000   45.0000    7.5000 2631.9023   17.5201
    7.5000   45.0000    7.5000 2610.9319   17.6155
   -7.5000  -45.0000   15.0000 2539.1497   18.3983
    0.0000  -45.0000   15.0000 2576.5127   18.1013
    7.5000  -45.0000   15.0000 2558.8640   18.3467
   -7.5000  -37.5000   15.0000 2576.2122   17.1239
    0.0000  -37.5000   15.0000 2620.4092   16.8245
    7.5000  -37.5000   15.0000 2601.3367   17.0931
   -7.5000  -30.0000   15.0000 2595.7515   16.2415
    0.0000  -30.0000   15.0000 2635.7305   15.8849
    7.5000  -30.0000   15.0000 2621.8926   16.1492
   -7.5000  -22.5000   15.0000 2626.5430   15.5555
    0.0000  -22.5000   15.0000 2657.0566   15.1501
    7.5000  -22.5000   15.0000 2644.2888   15.4087
   -7.5000  -15.0000   15.0000 2663.3262   15.0524
    0.0000  -15.0000   15.0000 2686.4158   14.6690
    7.5000  -15.0000   15.0000 2676.3977   14.8953
   -7.5000   -7.5000   15.0000 2700.4417   14.7479
    0.0000   -7.5000   15.0000 2733.6846   14.3755
    7.5000   -7.5000   15.0000 2718.9309   14.5794
   -7.5000    0.0000   15.0000 2757.5923   14.6493
    0.0000    0.0000   15.0000 2801.1865   14.2774
    7.5000    0.0000   15.0000 2777.3645   14.4666
   -7.5000    7.5000   15.0000 2817.7312   14.7269
    0.0000    7.5000   15.0000 2873.1655   14.3733
    7.5000    7.5000   15.0000 2839.5103   14.5417
   -7.5000   15.0000   15.0000 2861.5964   14.9617
    0.0000   15.0000   15.0000 2931.1360   14.5968
    7.5000   15.0000   15.0000 2888.7056   14.7450
   -7.5000   22.5000   15.0000 2856.9392   15.2476
    0.0000   22.5000   15.0000 2921.4182   14.8767
    7.5000   22.5000   15.0000 2882.2698   14.9968
   -7.5000   30.0000   15.0000 2793.7405   15.7276
    0.0000   30.0000   15.0000 2850.0090   15.4456
    7.5000   30.0000   15.0000 2818.7395   15.5824
   -7.5000   37.5000   15.0000 2706.5972   16.5378
    0.0000   37.5000   15.0000 2756.0200   16.3116
    7.5000   37.5000   15.0000 2725.0825   16.4570
   -7.5000   45.0000   15.0000 2582.3313   17.7931
    0.0000   45.0000   15.0000 2616.4998   17.5576
    7.5000   45.0000   15.0000 2597.1167   17.6540
   -7.5000  -45.0000   22.5000 2507.4114   18.6386
    0.0000  -45.0000   22.5000 2545.7791   18.3564
    7.5000  -45.0000   22.5000 2528.2542   18.5486
   -7.5000  -37.5000   22.5000 2546.5107   17.3988
    0.0000  -37.5000   22.5000 2591.4504   17.0732
    7.5000  -37.5000   22.5000 2572.0491   17.2854
   -7.5000  -30.0000   22.5000 2569.4128   16.5441
    0.0000  -30.0000   22.5000 2606.8381   16.1694
    7.5000  -30.0000   22.5000 2591.8799   16.3844
   -7.5000  -22.5000   22.5000 2602.9958   15.8904
    0.0000  -22.5000   22.5000 2629.3579   15.5005
    7.5000  -22.5000   22.5000 2616.4656   15.7113
   -7.5000  -15.0000   22.5000 2628.7388   15.4191
    0.0000  -15.0000   22.5000 2660.3042   15.0441
    7.5000  -15.0000   22.5000 2648.3523   15.2370
   -7.5000   -7.5000   22.5000 2662.0891   15.1481
    0.0000   -7.5000   22.5000 2699.4922   14.7599
    7.5000   -7.5000   22.5000 2684.9319   14.9322
   -7.5000    0.0000   22.5000 2717.1604   15.0504
    0.0000    0.0000   22.5000 2756.8271   14.6893
    7.5000    0.0000   22.5000 2740.0134   14.8236
   -7.5000    7.5000   22.5000 2775.5850   15.0894
    0.0000    7.5000   22.5000 2825.8352   14.7358
    7.5000    7.5000   22.5000 2801.4373   14.8902
   -7.5000   15.0000   22.5000 2809.3201   15.3137
    0.0000   15.0000   22.5000 2869.8259   14.8784
    7.5000   15.0000   22.5000 2837.3806   15.0207
   -7.5000   22.5000   22.5000 2797.2935   15.6280
    0.0000   22.5000   22.5000 2852.4224   15.2524
    7.5000   22.5000   22.5000 2823.2107   15.3669
   -7.5000   30.0000   22.5000 2738.7114   16.1497
    0.0000   30.0000   22.5000 2791.2986   15.8796
    7.5000   30.0000   22.5000 2759.8542   16.0312
   -7.5000   37.5000   22.5000 2661.9216   17.0010
    0.0000   37.5000   22.5000 2713.5996   16.7969
    7.5000   37.5000   22.5000 2680.1248   16.9162
   -7.5000   45.0000   22.5000 2545.4082   18.2242
    0.0000   45.0000   22.5000 2582.9878   17.9981
    7.5000   45.0000   22.5000 2559.3433   18.0665
   -7.5000  -45.0000   30.0000 2451.1484   19.2931
    0.0000  -45.0000   30.0000 2479.0679   18.9557
    7.5000  -45.0000   30.0000 2467.7581   19.1974
   -7.5000  -37.5000   30.0000 2487.8796   18.0660
    0.0000  -37.5000   30.0000 2524.7603   17.7517
    7.5000  -37.5000   30.0000 2509.9683   17.9476
   -7.5000  -30.0000   30.0000 2511.9399   17.1771
    0.0000  -30.0000   30.0000 2550.9045   16.7834
    7.5000  -30.0000   30.0000 2535.8843   16.9676
   -7.5000  -22.5000   30.0000 2547.1641   16.4681
    0.0000  -22.5000   30.0000 2582.7395   16.0829
    7.5000  -22.5000   30.0000 2568.9673   16.2465
   -7.5000  -15.0000   30.0000 2578.6726   15.9863
    0.0000  -15.0000   30.0000 2624.8137   15.6181
    7.5000  -15.0000   30.0000 2607.0549   15.7585
   -7.5000   -7.5000   30.0000 2618.8916   15.7518
    0.0000   -7.5000   30.0000 2666.5242   15.3565
    7.5000   -7.5000   30.0000 2646.4331   15.4817
   -7.5000    0.0000   30.0000 2664.0054   15.6608
    0.0000    0.0000   30.0000 2714.5510   15.2971
    7.5000    0.0000   30.0000 2696.5464   15.4202
   -7.5000    7.5000   30.0000 2710.3335   15.6627
    0.0000    7.5000   30.0000 2766.2729   15.2870
    7.5000    7.5000   30.0000 2744.5439   15.4177
   -7.5000   15.0000   30.0000 2729.2563   15.8716
    0.0000   15.0000   30.0000 2786.6143   15.4479
    7.5000   15.0000   30.0000 2761.9524   15.5961
   -7.5000   22.5000   30.0000 2713.7122   16.2550
    0.0000   22.5000   30.0000 2761.4788   15.8956
    7.5000   22.5000   30.0000 2736.7358   16.0400
   -7.5000   30.0000   30.0000 2659.4944   16.8439
    0.0000   30.0000   30.0000 2703.5269   16.5941
    7.5000   30.0000   30.0000 2678.7568   16.7536
   -7.5000   37.5000   30.0000 2587.9487   17.7440
    0.0000   37.5000   30.0000 2632.9714   17.5035
    7.5000   37.5000   30.0000 2609.1416   17.6527
   -7.5000   45.0000   30.0000 2479.4602   18.9392
    0.0000   45.0000   30.0000 2521.2783   18.7111
    7.5000   45.0000   30.0000 2498.9739   18.8156
   -7.5000  -45.0000   37.5000 2371.3408   20.3543
    0.0000  -45.0000   37.5000 2405.6985   20.0796
    7.5000  -45.0000   37.5000 2392.8186   20.2166
   -7.5000  -37.5000   37.5000 2411.3872   19.0405
    0.0000  -37.5000   37.5000 2451.6045   18.7500
    7.5000  -37.5000   37.5000 2439.9133   18.8656
   -7.5000  -30.0000   37.5000 2445.3074   18.0157
    0.0000  -30.0000   37.5000 2485.9119   17.6856
    7.5000  -30.0000   37.5000 2472.6455   17.8069
   -7.5000  -22.5000   37.5000 2481.8223   17.2712
    0.0000  -22.5000   37.5000 2527.1003   16.9085
    7.5000  -22.5000   37.5000 2511.9785   17.0133
   -7.5000  -15.0000   37.5000 2516.0776   16.7933
    0.0000  -15.0000   37.5000 2570.4963   16.4289
    7.5000  -15.0000   37.5000 2551.9141   16.5205
   -7.5000   -7.5000   37.5000 2555.5190   16.4849
    0.0000   -7.5000   37.5000 2609.4666   16.1435
    7.5000   -7.5000   37.5000 2591.4307   16.2519
   -7.5000    0.0000   37.5000 2592.9763   16.4147
    0.0000    0.0000   37.5000 2653.2593   16.0934
    7.5000    0.0000   37.5000 2632.2031   16.1766
   -7.5000    7.5000   37.5000 2626.0779   16.4220
    0.0000    7.5000   37.5000 2686.2764   16.1089
    7.5000    7.5000   37.5000 2669.0344   16.2131
   -7.5000   15.0000   37.5000 2638.4626   16.6552
    0.0000   15.0000   37.5000 2693.7991   16.3132
    7.5000   15.0000   37.5000 2673.4082   16.4259
   -7.5000   22.5000   37.5000 2619.6853   17.1373
    0.0000   22.5000   37.5000 2666.4565   16.8426
    7.5000   22.5000   37.5000 2645.4663   16.9534
   -7.5000   30.0000   37.5000 2568.2803   17.8353
    0.0000   30.0000   37.5000 2605.5977   17.5732
    7.5000   30.0000   37.5000 2583.9187   17.6886
   -7.5000   37.5000   37.5000 2499.8657   18.7332
    0.0000   37.5000   37.5000 2540.6006   18.4652
    7.5000   37.5000   37.5000 2517.0010   18.5808
   -7.5000   45.0000   37.5000 2405.4226   19.8606
    0.0000   45.0000   37.5000 2443.9685   19.6037
    7.5000   45.0000   37.5000 2422.3162   19.6998
   -7.5000  -45.0000   45.0000 2286.7668   21.6572
    0.0000  -45.0000   45.0000 2318.2603   21.3918
    7.5000  -45.0000   45.0000 2314.4138   21.5159
   -7.5000  -37.5000   45.0000 2330.8252   20.2182
    0.0000  -37.5000   45.0000 2370.1062   19.9428
    7.5000  -37.5000   45.0000 2364.4353   20.0329
   -7.5000  -30.0000   45.0000 2370.1155   19.0898
    0.0000  -30.0000   45.0000 2409.5710   18.7576
    7.5000  -30.0000   45.0000 2402.1194   18.8517
   -7.5000  -22.5000   45.0000 2410.7373   18.3052
    0.0000  -22.5000   45.0000 2456.3284   17.9676
    7.5000  -22.5000   45.0000 2444.3665   18.0365
   -7.5000  -15.0000   45.0000 2443.4934   17.7790
    0.0000  -15.0000   45.0000 2493.6711   17.4511
    7.5000  -15.0000   45.0000 2483.6064   17.5378
   -7.5000   -7.5000   45.0000 2479.7144   17.5002
    0.0000   -7.5000   45.0000 2528.4341   17.1628
    7.5000   -7.5000   45.0000 2520.2180   17.2543
   -7.5000    0.0000   45.0000 2509.7002   17.4161
    0.0000    0.0000   45.0000 2561.2114   17.1224
    7.5000    0.0000   45.0000 2551.8101   17.1668
   -7.5000    7.5000   45.0000 2536.7529   17.4825
    0.0000    7.5000   45.0000 2588.3308   17.1875
    7.5000    7.5000   45.0000 2572.2715   17.2283
   -7.5000   15.0000   45.0000 2539.7952   17.7318
    0.0000   15.0000   45.0000 2584.4480   17.4650
    7.5000   15.0000   45.0000 2566.0630   17.5032
   -7.5000   22.5000   45.0000 2515.1648   18.2846
    0.0000   22.5000   45.0000 2556.4536   18.0416
    7.5000   22.5000   45.0000 2540.4377   18.1098
   -7.5000   30.0000   45.0000 2471.1465   19.0306
    0.0000   30.0000   45.0000 2502.4731   18.7853
    7.5000   30.0000   45.0000 2488.1936   18.8835
   -7.5000   37.5000   45.0000 2405.2493   19.9711
    0.0000   37.5000   45.0000 2439.9797   19.7247
    7.5000   37.5000   45.0000 2423.9001   19.7719
   -7.5000   45.0000   45.0000 2324.1343   21.0205
    0.0000   45.0000   45.0000 2364.7058   20.7831
    7.5000   45.0000   45.0000 2345.4270   20.8213

---------------------------------------------------------------------
imgreg_4dfp /opt/freesurfer/average/711-2C_as_mni_average_305 /opt/freesurfer/average/711-2B_as_mni_average_305_mask talsrcimg_g11 none talsrcimg_to_711-2C_as_mni_average_305_t4 1283
---------------------------------------------------------------------

freesurfer imgreg_4dfp.c
/opt/freesurfer/average/711-2C_as_mni_average_305.4dfp.img
       256       256       256         1
  1.000000  1.000000  1.000000
orientation T byte_order littleendian
Reading image: /opt/freesurfer/average/711-2C_as_mni_average_305.4dfp.img
dimensions:      256       256       256
mmppix:       1.0000   -1.0000   -1.0000
center:     128.0000 -129.0000 -129.0000
/opt/freesurfer/average/711-2B_as_mni_average_305_mask.4dfp.img
       256       256       256         1
  1.000000  1.000000  1.000000
orientation T byte_order littleendian
Reading mask: /opt/freesurfer/average/711-2B_as_mni_average_305_mask.4dfp.img (2306576 pixels)
talsrcimg_g11.4dfp.img
       256       256       256         1
  1.000000  1.000000  1.000000
orientation T byte_order littleendian
Reading image: talsrcimg_g11.4dfp.img
dimensions:      256       256       256
mmppix:       1.0000   -1.0000   -1.0000
center:     128.0000 -129.0000 -129.0000
rotation matrix determinant  1.000000
fimgreg.f
image alignment mode   1283 decimal      503 hex
parameters
    0.0000   15.0000    7.5000    0.0000    0.0000    0.0000
eta,q 0.92948 14.47372
niter,ni,del,rscale     5    3   12.0000    1.2000
parameter  4  0.670617 ->  0.500000 qaram    1.1500
parameters
    0.3895   16.9454    8.0519   -3.4500   -0.1645    1.4204
eta,q 0.93545 14.46401
  0.0858  0.0843  0.0772  0.0648  0.0712  0.0712
  0.0771  0.0763  0.0710  0.0645  0.0669  0.0677
  0.0713  0.0716  0.0673  0.0650  0.0647  0.0656
  0.0689  0.0684  0.0665  0.0668  0.0646  0.0646
  0.0699  0.0666  0.0673  0.0698  0.0657  0.0645
  0.0746  0.0681  0.0699  0.0748  0.0677  0.0649
  0.0819  0.0716  0.0730  0.0801  0.0715  0.0669
niter,ni,del,rscale     5    3   12.0000    1.2000
parameter  4  0.745204 ->  0.500000 qaram    1.3225
parameters
    0.5251   18.9464    6.2961   -7.4175   -1.0327    1.6506
eta,q 0.94207 14.46247
  0.0814  0.0794  0.0675  0.0587  0.0649  0.0651
  0.0716  0.0728  0.0628  0.0580  0.0605  0.0618
  0.0654  0.0674  0.0618  0.0593  0.0582  0.0593
  0.0645  0.0646  0.0637  0.0618  0.0582  0.0580
  0.0665  0.0637  0.0671  0.0652  0.0608  0.0586
  0.0718  0.0648  0.0695  0.0692  0.0645  0.0609
  0.0787  0.0675  0.0732  0.0764  0.0691  0.0644
niter,ni,del,rscale     5    3   12.0000    1.2000
parameters
    1.0299   21.4225    6.0127  -11.2505   -1.7733    0.9491
eta,q 0.94435 14.40823
  0.0816  0.0761  0.0690  0.0572  0.0618  0.0595
  0.0704  0.0696  0.0623  0.0560  0.0585  0.0566
  0.0611  0.0626  0.0572  0.0553  0.0568  0.0556
  0.0579  0.0580  0.0562  0.0560  0.0556  0.0558
  0.0603  0.0563  0.0600  0.0612  0.0572  0.0565
  0.0667  0.0572  0.0652  0.0671  0.0607  0.0584
  0.0741  0.0605  0.0699  0.0733  0.0666  0.0616
niter,ni,del,rscale     4    3   12.0000    1.2000
parameters
    1.2985   22.8737    5.0956  -12.5425   -1.6859    0.6347
eta,q 0.94737 14.48901
  0.0750  0.0705  0.0637  0.0607  0.0617  0.0605
  0.0652  0.0632  0.0567  0.0559  0.0572  0.0559
  0.0580  0.0588  0.0531  0.0529  0.0544  0.0532
  0.0556  0.0557  0.0540  0.0532  0.0527  0.0527
  0.0586  0.0538  0.0576  0.0550  0.0540  0.0543
  0.0641  0.0556  0.0634  0.0608  0.0570  0.0575
  0.0708  0.0613  0.0700  0.0688  0.0613  0.0619
niter,ni,del,rscale     3    3   12.0000    1.2000
parameters
    1.4068   22.9353    4.8180  -12.7788   -1.6502    0.5459
eta,q 0.94760 14.49492
  0.0732  0.0663  0.0648  0.0630  0.0615  0.0612
  0.0635  0.0607  0.0583  0.0581  0.0570  0.0562
  0.0557  0.0559  0.0534  0.0537  0.0542  0.0532
  0.0526  0.0526  0.0526  0.0524  0.0524  0.0524
  0.0561  0.0538  0.0553  0.0540  0.0539  0.0539
  0.0628  0.0590  0.0602  0.0579  0.0569  0.0570
  0.0714  0.0673  0.0666  0.0652  0.0613  0.0613
niter,ni,del,rscale     2    3   12.0000    1.2000
parameters
    1.4233   22.9536    4.7530  -12.8369   -1.6371    0.5243
eta,q 0.94764 14.49679
  0.0728  0.0665  0.0654  0.0634  0.0614  0.0615
  0.0631  0.0605  0.0589  0.0585  0.0570  0.0564
  0.0553  0.0555  0.0538  0.0540  0.0541  0.0532
  0.0524  0.0524  0.0524  0.0524  0.0524  0.0524
  0.0562  0.0539  0.0548  0.0538  0.0539  0.0538
  0.0631  0.0593  0.0594  0.0575  0.0569  0.0569
  0.0722  0.0676  0.0656  0.0646  0.0614  0.0611
niter,ni,del,rscale     1    3   12.0000    1.2000
parameters
    1.4258   22.9572    4.7382  -12.8507   -1.6333    0.5191
eta,q 0.94765 14.49716
  0.0727  0.0665  0.0655  0.0635  0.0614  0.0615
  0.0631  0.0605  0.0591  0.0587  0.0570  0.0564
  0.0552  0.0554  0.0539  0.0540  0.0541  0.0532
  0.0524  0.0524  0.0524  0.0524  0.0524  0.0524
  0.0562  0.0539  0.0547  0.0538  0.0539  0.0538
  0.0631  0.0594  0.0592  0.0574  0.0569  0.0568
  0.0723  0.0677  0.0654  0.0645  0.0614  0.0611
registration optimization eta report
parameter search radius
    6.0000    6.0000    6.0000    7.9350    6.0000    6.0000
100000*second partial in parameter space
       54.       40.       36.       18.       24.       25.
  0.0727  0.0665  0.0655  0.0635  0.0614  0.0615
  0.0631  0.0605  0.0591  0.0587  0.0570  0.0564
  0.0552  0.0554  0.0539  0.0540  0.0541  0.0532
  0.0524  0.0524  0.0524  0.0524  0.0524  0.0524
  0.0562  0.0539  0.0547  0.0538  0.0539  0.0538
  0.0631  0.0594  0.0592  0.0574  0.0569  0.0568
  0.0723  0.0677  0.0654  0.0645  0.0614  0.0611
    1.4258   22.9572    4.7382  -12.8507   -1.6333    0.5191
eta,q 0.94765 14.49716

---------------------------------------------------------------------
imgreg_4dfp /opt/freesurfer/average/711-2C_as_mni_average_305 /opt/freesurfer/average/711-2B_as_mni_average_305_mask talsrcimg_g11 none talsrcimg_to_711-2C_as_mni_average_305_t4 3335
---------------------------------------------------------------------

freesurfer imgreg_4dfp.c
/opt/freesurfer/average/711-2C_as_mni_average_305.4dfp.img
       256       256       256         1
  1.000000  1.000000  1.000000
orientation T byte_order littleendian
Reading image: /opt/freesurfer/average/711-2C_as_mni_average_305.4dfp.img
dimensions:      256       256       256
mmppix:       1.0000   -1.0000   -1.0000
center:     128.0000 -129.0000 -129.0000
/opt/freesurfer/average/711-2B_as_mni_average_305_mask.4dfp.img
       256       256       256         1
  1.000000  1.000000  1.000000
orientation T byte_order littleendian
Reading mask: /opt/freesurfer/average/711-2B_as_mni_average_305_mask.4dfp.img (2306576 pixels)
talsrcimg_g11.4dfp.img
       256       256       256         1
  1.000000  1.000000  1.000000
orientation T byte_order littleendian
Reading image: talsrcimg_g11.4dfp.img
dimensions:      256       256       256
mmppix:       1.0000   -1.0000   -1.0000
center:     128.0000 -129.0000 -129.0000
fimgreg.f
image alignment mode   3335 decimal      D07 hex
parameters
    1.4258   22.9572    4.7382   -0.0447   -2.5145   -2.5443
   -1.5172    2.5773    0.9056   22.2654   -2.8503  -22.2321
eta,q 0.94835 14.48327
niter,ni,del,rscale     5    3    5.0000    1.2000
parameter  4  2.038748 ->  0.500000 qaram    1.1500
parameter  5  1.717876 ->  0.500000 qaram    1.1500
parameter  6  0.651391 ->  0.500000 qaram    1.1500
parameter 12 -0.990351 -> -0.500000 qaram    1.1500
parameters
    1.0781   22.8357    4.6043   -4.1847   -6.6545   -6.6843
   -1.8908    3.8693    4.2892   20.5023   -0.7197  -18.0921
eta,q 0.96273 13.96044
  0.0540  0.0539  0.0536  0.0438  0.0396  0.0400  0.0432  0.0467  0.0443  0.0409  0.0411  0.0434
  0.0525  0.0527  0.0524  0.0455  0.0411  0.0398  0.0413  0.0437  0.0423  0.0394  0.0400  0.0415
  0.0517  0.0519  0.0517  0.0482  0.0433  0.0401  0.0401  0.0413  0.0407  0.0388  0.0392  0.0398
  0.0516  0.0516  0.0516  0.0516  0.0462  0.0416  0.0398  0.0398  0.0396  0.0390  0.0387  0.0386
  0.0523  0.0520  0.0520  0.0554  0.0499  0.0447  0.0403  0.0397  0.0391  0.0402  0.0386  0.0377
  0.0538  0.0530  0.0528  0.0596  0.0540  0.0489  0.0418  0.0409  0.0391  0.0418  0.0388  0.0372
  0.0560  0.0545  0.0541  0.0644  0.0584  0.0541  0.0440  0.0433  0.0398  0.0439  0.0394  0.0370
niter,ni,del,rscale     7    3    5.0000    1.2000
parameter  4  0.779604 ->  0.500000 qaram    1.3225
parameter  5  0.740495 ->  0.500000 qaram    1.3225
parameters
    1.0347   22.8863    4.8780   -8.9457  -11.4155   -8.9969
   -1.9453    3.9509    4.4336   18.7789   -1.1903  -16.5190
eta,q 0.96716 13.29206
  0.0414  0.0408  0.0399  0.0350  0.0332  0.0346  0.0364  0.0379  0.0356  0.0347  0.0339  0.0358
  0.0391  0.0389  0.0386  0.0349  0.0332  0.0337  0.0347  0.0355  0.0343  0.0334  0.0334  0.0345
  0.0377  0.0377  0.0377  0.0355  0.0337  0.0332  0.0336  0.0338  0.0335  0.0329  0.0330  0.0335
  0.0373  0.0373  0.0373  0.0372  0.0350  0.0332  0.0332  0.0332  0.0332  0.0332  0.0329  0.0329
  0.0378  0.0376  0.0373  0.0400  0.0372  0.0339  0.0336  0.0336  0.0334  0.0340  0.0331  0.0329
  0.0393  0.0387  0.0379  0.0436  0.0403  0.0360  0.0347  0.0352  0.0342  0.0353  0.0336  0.0334
  0.0417  0.0405  0.0389  0.0479  0.0442  0.0398  0.0365  0.0378  0.0355  0.0371  0.0342  0.0343
niter,ni,del,rscale     7    3    5.0000    1.2000
parameters
    1.0714   22.9181    5.4263  -12.8773  -14.7253   -9.7788
   -2.2657    3.7075    3.7891   17.8737   -1.4529  -16.4994
eta,q 0.96847 12.70406
  0.0371  0.0362  0.0355  0.0332  0.0333  0.0343  0.0348  0.0363  0.0339  0.0342  0.0327  0.0339
  0.0348  0.0343  0.0343  0.0324  0.0320  0.0328  0.0331  0.0338  0.0326  0.0324  0.0321  0.0326
  0.0333  0.0332  0.0334  0.0323  0.0317  0.0320  0.0321  0.0322  0.0318  0.0316  0.0316  0.0318
  0.0328  0.0328  0.0328  0.0327  0.0323  0.0317  0.0317  0.0317  0.0317  0.0317  0.0315  0.0315
  0.0333  0.0333  0.0327  0.0339  0.0334  0.0323  0.0322  0.0325  0.0322  0.0326  0.0317  0.0319
  0.0346  0.0343  0.0331  0.0364  0.0354  0.0335  0.0335  0.0343  0.0333  0.0338  0.0322  0.0326
  0.0368  0.0359  0.0339  0.0399  0.0385  0.0357  0.0354  0.0369  0.0348  0.0353  0.0329  0.0337
niter,ni,del,rscale     6    3    5.0000    1.2000
parameters
    1.1165   23.1795    5.6100  -13.4152  -14.9542   -9.9075
   -2.3209    3.7161    3.6505   17.9687   -1.4418  -16.5519
eta,q 0.96857 12.64608
  0.0358  0.0355  0.0337  0.0347  0.0352  0.0347  0.0347  0.0365  0.0341  0.0351  0.0327  0.0337
  0.0335  0.0334  0.0325  0.0326  0.0330  0.0329  0.0330  0.0339  0.0326  0.0329  0.0321  0.0324
  0.0320  0.0321  0.0318  0.0316  0.0317  0.0319  0.0319  0.0321  0.0317  0.0317  0.0316  0.0317
  0.0315  0.0315  0.0315  0.0315  0.0315  0.0314  0.0314  0.0314  0.0314  0.0314  0.0314  0.0314
  0.0320  0.0317  0.0316  0.0320  0.0321  0.0318  0.0318  0.0321  0.0318  0.0320  0.0316  0.0318
  0.0333  0.0325  0.0322  0.0332  0.0334  0.0330  0.0330  0.0339  0.0328  0.0331  0.0321  0.0325
  0.0354  0.0341  0.0331  0.0354  0.0354  0.0350  0.0348  0.0364  0.0343  0.0345  0.0327  0.0337
niter,ni,del,rscale     5    3    5.0000    1.2000
parameters
    1.1239   23.2261    5.5699  -13.4305  -14.9710   -9.9395
   -2.3234    3.7215    3.6502   18.0167   -1.4553  -16.6217
eta,q 0.96857 12.64418
  0.0355  0.0348  0.0332  0.0351  0.0354  0.0347  0.0347  0.0365  0.0342  0.0350  0.0327  0.0337
  0.0333  0.0329  0.0322  0.0328  0.0332  0.0329  0.0330  0.0339  0.0327  0.0329  0.0321  0.0324
  0.0319  0.0318  0.0316  0.0316  0.0317  0.0319  0.0319  0.0321  0.0317  0.0317  0.0316  0.0317
  0.0314  0.0314  0.0314  0.0314  0.0314  0.0314  0.0314  0.0314  0.0314  0.0314  0.0314  0.0314
  0.0319  0.0318  0.0317  0.0319  0.0321  0.0318  0.0318  0.0321  0.0318  0.0321  0.0316  0.0318
  0.0333  0.0328  0.0323  0.0329  0.0333  0.0329  0.0330  0.0339  0.0327  0.0331  0.0321  0.0326
  0.0355  0.0345  0.0333  0.0349  0.0352  0.0349  0.0348  0.0364  0.0342  0.0345  0.0327  0.0337
niter,ni,del,rscale     4    3    5.0000    1.2000
parameters
    1.1232   23.2354    5.5577  -13.4363  -14.9725   -9.9418
   -2.3240    3.7196    3.6553   18.0411   -1.4647  -16.6457
eta,q 0.96857 12.64437
  0.0355  0.0347  0.0333  0.0351  0.0354  0.0348  0.0347  0.0365  0.0342  0.0349  0.0327  0.0337
  0.0333  0.0329  0.0323  0.0328  0.0332  0.0330  0.0330  0.0339  0.0327  0.0329  0.0321  0.0325
  0.0319  0.0318  0.0316  0.0316  0.0317  0.0319  0.0319  0.0321  0.0317  0.0317  0.0316  0.0317
  0.0314  0.0314  0.0314  0.0314  0.0314  0.0314  0.0314  0.0314  0.0314  0.0314  0.0314  0.0314
  0.0319  0.0318  0.0317  0.0319  0.0321  0.0318  0.0318  0.0321  0.0318  0.0321  0.0316  0.0318
  0.0333  0.0329  0.0323  0.0329  0.0333  0.0329  0.0330  0.0339  0.0327  0.0332  0.0321  0.0325
  0.0355  0.0346  0.0333  0.0349  0.0352  0.0348  0.0348  0.0364  0.0342  0.0346  0.0327  0.0336
registration optimization eta report
parameter search radius
    2.4000    2.4000    2.4000    9.5220    9.5220    8.2800
    7.2000    7.2000    7.2000    7.2000    7.2000    8.2800
100000*second partial in parameter space
       70.       56.       32.        4.        4.        5.
        6.       10.        5.        6.        2.        3.
  0.0355  0.0347  0.0333  0.0351  0.0354  0.0348  0.0347  0.0365  0.0342  0.0349  0.0327  0.0337
  0.0333  0.0329  0.0323  0.0328  0.0332  0.0330  0.0330  0.0339  0.0327  0.0329  0.0321  0.0325
  0.0319  0.0318  0.0316  0.0316  0.0317  0.0319  0.0319  0.0321  0.0317  0.0317  0.0316  0.0317
  0.0314  0.0314  0.0314  0.0314  0.0314  0.0314  0.0314  0.0314  0.0314  0.0314  0.0314  0.0314
  0.0319  0.0318  0.0317  0.0319  0.0321  0.0318  0.0318  0.0321  0.0318  0.0321  0.0316  0.0318
  0.0333  0.0329  0.0323  0.0329  0.0333  0.0329  0.0330  0.0339  0.0327  0.0332  0.0321  0.0325
  0.0355  0.0346  0.0333  0.0349  0.0352  0.0348  0.0348  0.0364  0.0342  0.0346  0.0327  0.0336
    1.1232   23.2354    5.5577  -13.4363  -14.9725   -9.9418
   -2.3240    3.7196    3.6553   18.0411   -1.4647  -16.6457
eta,q 0.96857 12.64437

---------------------------------------------------------------------
imgreg_4dfp /opt/freesurfer/average/711-2C_as_mni_average_305 /opt/freesurfer/average/711-2B_as_mni_average_305_mask talsrcimg_g11 none talsrcimg_to_711-2C_as_mni_average_305_t4 2311
---------------------------------------------------------------------

freesurfer imgreg_4dfp.c
/opt/freesurfer/average/711-2C_as_mni_average_305.4dfp.img
       256       256       256         1
  1.000000  1.000000  1.000000
orientation T byte_order littleendian
Reading image: /opt/freesurfer/average/711-2C_as_mni_average_305.4dfp.img
dimensions:      256       256       256
mmppix:       1.0000   -1.0000   -1.0000
center:     128.0000 -129.0000 -129.0000
/opt/freesurfer/average/711-2B_as_mni_average_305_mask.4dfp.img
       256       256       256         1
  1.000000  1.000000  1.000000
orientation T byte_order littleendian
Reading mask: /opt/freesurfer/average/711-2B_as_mni_average_305_mask.4dfp.img (2306576 pixels)
talsrcimg_g11.4dfp.img
       256       256       256         1
  1.000000  1.000000  1.000000
orientation T byte_order littleendian
Reading image: talsrcimg_g11.4dfp.img
dimensions:      256       256       256
mmppix:       1.0000   -1.0000   -1.0000
center:     128.0000 -129.0000 -129.0000
fimgreg.f
image alignment mode   2311 decimal      907 hex
parameters
    1.1232   23.2354    5.5577  -13.4363  -14.9725   -9.9418
   -2.3240    3.7196    3.6553   18.0411   -1.4647  -16.6457
eta,q 0.96857 12.64436
niter,ni,del,rscale     5    3    5.0000    0.8000
parameters
    1.1137   23.2118    5.5402  -13.8663  -15.3874   -9.8440
   -2.2945    3.7046    3.6044   17.6697   -1.4777  -16.7281
eta,q 0.96864 12.58252
  0.0333  0.0328  0.0323  0.0321  0.0323  0.0326  0.0330  0.0338  0.0327  0.0328  0.0320  0.0322
  0.0322  0.0320  0.0318  0.0316  0.0317  0.0320  0.0321  0.0325  0.0320  0.0319  0.0317  0.0317
  0.0316  0.0316  0.0315  0.0314  0.0314  0.0316  0.0316  0.0317  0.0315  0.0315  0.0314  0.0314
  0.0314  0.0314  0.0314  0.0314  0.0314  0.0314  0.0314  0.0314  0.0314  0.0314  0.0314  0.0314
  0.0317  0.0316  0.0315  0.0316  0.0317  0.0315  0.0315  0.0317  0.0316  0.0317  0.0314  0.0315
  0.0323  0.0321  0.0318  0.0319  0.0321  0.0319  0.0321  0.0325  0.0320  0.0324  0.0317  0.0318
  0.0333  0.0329  0.0323  0.0323  0.0326  0.0325  0.0330  0.0339  0.0327  0.0332  0.0320  0.0322
niter,ni,del,rscale     4    3    5.0000    0.7000
parameters
    1.0945   23.2003    5.5544  -13.9629  -15.4470   -9.8708
   -2.2642    3.6856    3.5437   17.5960   -1.4981  -16.7473
eta,q 0.96865 12.56798
  0.0328  0.0325  0.0320  0.0320  0.0322  0.0322  0.0326  0.0333  0.0324  0.0326  0.0319  0.0320
  0.0320  0.0318  0.0317  0.0316  0.0317  0.0318  0.0319  0.0322  0.0318  0.0319  0.0316  0.0316
  0.0315  0.0315  0.0314  0.0314  0.0314  0.0315  0.0315  0.0316  0.0314  0.0315  0.0314  0.0314
  0.0314  0.0314  0.0314  0.0314  0.0313  0.0313  0.0314  0.0313  0.0313  0.0313  0.0313  0.0313
  0.0315  0.0315  0.0314  0.0315  0.0315  0.0314  0.0315  0.0316  0.0315  0.0316  0.0314  0.0315
  0.0320  0.0319  0.0316  0.0317  0.0318  0.0318  0.0319  0.0323  0.0318  0.0320  0.0316  0.0317
  0.0328  0.0325  0.0320  0.0320  0.0322  0.0323  0.0326  0.0333  0.0324  0.0327  0.0319  0.0320
niter,ni,del,rscale     3    3    5.0000    0.6000
parameters
    1.0848   23.1898    5.5492  -14.0803  -15.4965   -9.8632
   -2.2408    3.6803    3.5180   17.5387   -1.4900  -16.7538
eta,q 0.96866 12.55494
  0.0324  0.0322  0.0318  0.0318  0.0320  0.0320  0.0323  0.0328  0.0321  0.0323  0.0317  0.0319
  0.0318  0.0317  0.0316  0.0315  0.0316  0.0317  0.0318  0.0320  0.0317  0.0318  0.0315  0.0316
  0.0315  0.0314  0.0314  0.0314  0.0314  0.0315  0.0315  0.0315  0.0314  0.0315  0.0314  0.0314
  0.0313  0.0313  0.0313  0.0313  0.0313  0.0313  0.0313  0.0313  0.0313  0.0313  0.0313  0.0313
  0.0315  0.0315  0.0314  0.0314  0.0315  0.0314  0.0314  0.0315  0.0314  0.0315  0.0314  0.0314
  0.0318  0.0317  0.0316  0.0316  0.0317  0.0316  0.0317  0.0320  0.0317  0.0318  0.0315  0.0316
  0.0324  0.0322  0.0318  0.0318  0.0320  0.0321  0.0323  0.0328  0.0321  0.0324  0.0317  0.0318
niter,ni,del,rscale     2    3    5.0000    0.5000
parameters
    1.0763   23.1873    5.5408  -14.1501  -15.5542   -9.8296
   -2.2253    3.6716    3.4982   17.5153   -1.5119  -16.7814
eta,q 0.96866 12.54760
  0.0321  0.0319  0.0317  0.0317  0.0318  0.0318  0.0320  0.0324  0.0319  0.0320  0.0316  0.0317
  0.0317  0.0316  0.0315  0.0315  0.0315  0.0316  0.0316  0.0318  0.0316  0.0317  0.0315  0.0315
  0.0314  0.0314  0.0314  0.0314  0.0314  0.0314  0.0314  0.0315  0.0314  0.0314  0.0314  0.0314
  0.0313  0.0313  0.0313  0.0313  0.0313  0.0313  0.0313  0.0313  0.0313  0.0313  0.0313  0.0313
  0.0314  0.0314  0.0314  0.0314  0.0314  0.0314  0.0314  0.0315  0.0314  0.0314  0.0314  0.0314
  0.0317  0.0316  0.0315  0.0315  0.0316  0.0315  0.0316  0.0318  0.0316  0.0317  0.0315  0.0315
  0.0321  0.0319  0.0317  0.0317  0.0318  0.0318  0.0320  0.0324  0.0319  0.0321  0.0316  0.0317
niter,ni,del,rscale     1    3    5.0000    0.4000
parameters
    1.0674   23.1865    5.5460  -14.2414  -15.6076   -9.7703
   -2.2105    3.6660    3.4776   17.5078   -1.5124  -16.8107
eta,q 0.96867 12.54080
  0.0318  0.0317  0.0316  0.0315  0.0316  0.0317  0.0318  0.0320  0.0317  0.0318  0.0315  0.0316
  0.0315  0.0315  0.0314  0.0314  0.0315  0.0315  0.0315  0.0316  0.0315  0.0315  0.0314  0.0314
  0.0314  0.0314  0.0314  0.0313  0.0314  0.0314  0.0314  0.0314  0.0314  0.0314  0.0314  0.0314
  0.0313  0.0313  0.0313  0.0313  0.0313  0.0313  0.0313  0.0313  0.0313  0.0313  0.0313  0.0313
  0.0314  0.0314  0.0314  0.0314  0.0314  0.0314  0.0314  0.0314  0.0314  0.0314  0.0314  0.0314
  0.0315  0.0315  0.0314  0.0314  0.0315  0.0315  0.0315  0.0316  0.0315  0.0316  0.0314  0.0315
  0.0318  0.0317  0.0316  0.0316  0.0317  0.0317  0.0318  0.0320  0.0317  0.0318  0.0315  0.0316
registration optimization eta report
parameter search radius
    0.8000    0.8000    0.8000    2.4000    2.4000    2.4000
    2.4000    2.4000    2.4000    2.4000    2.4000    2.4000
100000*second partial in parameter space
       74.       59.       35.        4.        5.        6.
        7.       11.        6.        8.        3.        4.
  0.0318  0.0317  0.0316  0.0315  0.0316  0.0317  0.0318  0.0320  0.0317  0.0318  0.0315  0.0316
  0.0315  0.0315  0.0314  0.0314  0.0315  0.0315  0.0315  0.0316  0.0315  0.0315  0.0314  0.0314
  0.0314  0.0314  0.0314  0.0313  0.0314  0.0314  0.0314  0.0314  0.0314  0.0314  0.0314  0.0314
  0.0313  0.0313  0.0313  0.0313  0.0313  0.0313  0.0313  0.0313  0.0313  0.0313  0.0313  0.0313
  0.0314  0.0314  0.0314  0.0314  0.0314  0.0314  0.0314  0.0314  0.0314  0.0314  0.0314  0.0314
  0.0315  0.0315  0.0314  0.0314  0.0315  0.0315  0.0315  0.0316  0.0315  0.0316  0.0314  0.0315
  0.0318  0.0317  0.0316  0.0316  0.0317  0.0317  0.0318  0.0320  0.0317  0.0318  0.0315  0.0316
    1.0674   23.1865    5.5460  -14.2414  -15.6076   -9.7703
   -2.2105    3.6660    3.4776   17.5078   -1.5124  -16.8107
eta,q 0.96867 12.54080

---------------------------------------------------------------------
imgreg_4dfp /opt/freesurfer/average/711-2C_as_mni_average_305 /opt/freesurfer/average/711-2B_as_mni_average_305_mask talsrcimg_g11 none talsrcimg_to_711-2C_as_mni_average_305_t4 2311
---------------------------------------------------------------------

freesurfer imgreg_4dfp.c
/opt/freesurfer/average/711-2C_as_mni_average_305.4dfp.img
       256       256       256         1
  1.000000  1.000000  1.000000
orientation T byte_order littleendian
Reading image: /opt/freesurfer/average/711-2C_as_mni_average_305.4dfp.img
dimensions:      256       256       256
mmppix:       1.0000   -1.0000   -1.0000
center:     128.0000 -129.0000 -129.0000
/opt/freesurfer/average/711-2B_as_mni_average_305_mask.4dfp.img
       256       256       256         1
  1.000000  1.000000  1.000000
orientation T byte_order littleendian
Reading mask: /opt/freesurfer/average/711-2B_as_mni_average_305_mask.4dfp.img (2306576 pixels)
talsrcimg_g11.4dfp.img
       256       256       256         1
  1.000000  1.000000  1.000000
orientation T byte_order littleendian
Reading image: talsrcimg_g11.4dfp.img
dimensions:      256       256       256
mmppix:       1.0000   -1.0000   -1.0000
center:     128.0000 -129.0000 -129.0000
fimgreg.f
image alignment mode   2311 decimal      907 hex
parameters
    1.0674   23.1865    5.5460  -14.2414  -15.6076   -9.7703
   -2.2105    3.6660    3.4776   17.5078   -1.5124  -16.8107
eta,q 0.96867 12.54080
niter,ni,del,rscale     5    3    5.0000    0.8000
parameters
    1.0777   23.2071    5.5633  -13.9066  -15.3968   -9.9349
   -2.2520    3.6718    3.5527   17.6579   -1.4979  -16.7275
eta,q 0.96864 12.57288
  0.0332  0.0329  0.0322  0.0324  0.0326  0.0324  0.0329  0.0338  0.0327  0.0332  0.0320  0.0322
  0.0322  0.0320  0.0317  0.0317  0.0319  0.0319  0.0321  0.0325  0.0320  0.0322  0.0317  0.0318
  0.0315  0.0315  0.0314  0.0314  0.0315  0.0315  0.0315  0.0316  0.0315  0.0316  0.0314  0.0315
  0.0313  0.0313  0.0313  0.0313  0.0313  0.0313  0.0314  0.0313  0.0314  0.0314  0.0314  0.0314
  0.0315  0.0315  0.0314  0.0314  0.0315  0.0315  0.0315  0.0317  0.0315  0.0316  0.0314  0.0315
  0.0322  0.0320  0.0317  0.0317  0.0318  0.0319  0.0321  0.0325  0.0319  0.0321  0.0317  0.0318
  0.0332  0.0328  0.0322  0.0320  0.0324  0.0327  0.0330  0.0338  0.0326  0.0329  0.0320  0.0321
niter,ni,del,rscale     4    3    5.0000    0.7000
parameters
    1.0872   23.1995    5.5368  -13.9781  -15.4307   -9.9068
   -2.2563    3.6780    3.5459   17.5872   -1.4922  -16.7457
eta,q 0.96865 12.56556
  0.0328  0.0325  0.0320  0.0320  0.0323  0.0323  0.0326  0.0333  0.0324  0.0326  0.0319  0.0320
  0.0320  0.0318  0.0316  0.0316  0.0317  0.0318  0.0319  0.0322  0.0318  0.0319  0.0316  0.0316
  0.0315  0.0315  0.0314  0.0314  0.0314  0.0315  0.0315  0.0316  0.0315  0.0315  0.0314  0.0314
  0.0314  0.0314  0.0314  0.0314  0.0314  0.0313  0.0314  0.0313  0.0314  0.0314  0.0314  0.0314
  0.0315  0.0315  0.0314  0.0315  0.0315  0.0314  0.0315  0.0316  0.0315  0.0316  0.0314  0.0315
  0.0320  0.0319  0.0317  0.0317  0.0318  0.0318  0.0319  0.0322  0.0318  0.0320  0.0316  0.0317
  0.0328  0.0325  0.0320  0.0320  0.0322  0.0323  0.0326  0.0333  0.0324  0.0327  0.0319  0.0320
niter,ni,del,rscale     3    3    5.0000    0.6000
parameters
    1.0817   23.1919    5.5374  -14.0882  -15.4895   -9.8864
   -2.2405    3.6760    3.5110   17.5384   -1.4919  -16.7597
eta,q 0.96866 12.55354
  0.0324  0.0322  0.0318  0.0318  0.0320  0.0320  0.0323  0.0328  0.0321  0.0323  0.0317  0.0319
  0.0318  0.0317  0.0316  0.0315  0.0316  0.0317  0.0318  0.0320  0.0317  0.0318  0.0315  0.0316
  0.0315  0.0314  0.0314  0.0314  0.0314  0.0315  0.0315  0.0315  0.0314  0.0315  0.0314  0.0314
  0.0313  0.0313  0.0313  0.0313  0.0313  0.0313  0.0313  0.0313  0.0313  0.0313  0.0313  0.0313
  0.0315  0.0314  0.0314  0.0314  0.0315  0.0314  0.0314  0.0315  0.0314  0.0315  0.0314  0.0314
  0.0318  0.0317  0.0316  0.0316  0.0317  0.0316  0.0318  0.0320  0.0317  0.0318  0.0315  0.0316
  0.0324  0.0322  0.0318  0.0318  0.0320  0.0321  0.0323  0.0328  0.0321  0.0324  0.0317  0.0318
niter,ni,del,rscale     2    3    5.0000    0.5000
parameters
    1.0743   23.1857    5.5316  -14.1654  -15.5416   -9.8437
   -2.2308    3.6691    3.4986   17.5113   -1.5008  -16.7950
eta,q 0.96866 12.54639
  0.0321  0.0319  0.0317  0.0317  0.0318  0.0318  0.0320  0.0324  0.0319  0.0320  0.0316  0.0317
  0.0317  0.0316  0.0315  0.0315  0.0315  0.0316  0.0316  0.0318  0.0316  0.0317  0.0315  0.0315
  0.0314  0.0314  0.0314  0.0314  0.0314  0.0314  0.0314  0.0315  0.0314  0.0314  0.0314  0.0314
  0.0313  0.0313  0.0313  0.0313  0.0313  0.0313  0.0313  0.0313  0.0313  0.0313  0.0313  0.0313
  0.0314  0.0314  0.0314  0.0314  0.0314  0.0314  0.0314  0.0315  0.0314  0.0314  0.0314  0.0314
  0.0317  0.0316  0.0315  0.0315  0.0316  0.0315  0.0316  0.0318  0.0316  0.0317  0.0315  0.0315
  0.0321  0.0319  0.0317  0.0317  0.0318  0.0318  0.0320  0.0324  0.0319  0.0321  0.0316  0.0317
niter,ni,del,rscale     1    3    5.0000    0.4000
parameters
    1.0679   23.1853    5.5349  -14.2527  -15.5969   -9.7908
   -2.2191    3.6640    3.4864   17.5090   -1.5114  -16.8222
eta,q 0.96867 12.53953
  0.0318  0.0317  0.0316  0.0315  0.0316  0.0317  0.0318  0.0320  0.0317  0.0318  0.0315  0.0316
  0.0315  0.0315  0.0314  0.0314  0.0315  0.0315  0.0315  0.0316  0.0315  0.0316  0.0314  0.0314
  0.0314  0.0314  0.0314  0.0313  0.0314  0.0314  0.0314  0.0314  0.0314  0.0314  0.0314  0.0314
  0.0313  0.0313  0.0313  0.0313  0.0313  0.0313  0.0313  0.0313  0.0313  0.0313  0.0313  0.0313
  0.0314  0.0314  0.0314  0.0314  0.0314  0.0314  0.0314  0.0314  0.0314  0.0314  0.0314  0.0314
  0.0316  0.0315  0.0314  0.0314  0.0315  0.0315  0.0315  0.0316  0.0315  0.0316  0.0314  0.0315
  0.0318  0.0317  0.0316  0.0316  0.0317  0.0317  0.0318  0.0320  0.0317  0.0318  0.0315  0.0316
registration optimization eta report
parameter search radius
    0.8000    0.8000    0.8000    2.4000    2.4000    2.4000
    2.4000    2.4000    2.4000    2.4000    2.4000    2.4000
100000*second partial in parameter space
       75.       59.       34.        4.        5.        6.
        7.       11.        6.        8.        3.        4.
  0.0318  0.0317  0.0316  0.0315  0.0316  0.0317  0.0318  0.0320  0.0317  0.0318  0.0315  0.0316
  0.0315  0.0315  0.0314  0.0314  0.0315  0.0315  0.0315  0.0316  0.0315  0.0316  0.0314  0.0314
  0.0314  0.0314  0.0314  0.0313  0.0314  0.0314  0.0314  0.0314  0.0314  0.0314  0.0314  0.0314
  0.0313  0.0313  0.0313  0.0313  0.0313  0.0313  0.0313  0.0313  0.0313  0.0313  0.0313  0.0313
  0.0314  0.0314  0.0314  0.0314  0.0314  0.0314  0.0314  0.0314  0.0314  0.0314  0.0314  0.0314
  0.0316  0.0315  0.0314  0.0314  0.0315  0.0315  0.0315  0.0316  0.0315  0.0316  0.0314  0.0315
  0.0318  0.0317  0.0316  0.0316  0.0317  0.0317  0.0318  0.0320  0.0317  0.0318  0.0315  0.0316
    1.0679   23.1853    5.5349  -14.2527  -15.5969   -9.7908
   -2.2191    3.6640    3.4864   17.5090   -1.5114  -16.8222
eta,q 0.96867 12.53953

---------------------------------------------------------------------
compute_vox2vox talsrcimg talsrcimg_to_711-2C_as_mni_average_305_t4 /opt/freesurfer/average/711-2C_as_mni_average_305
---------------------------------------------------------------------

freesurfer compute_vox2vox.c
Reading: talsrcimg.4dfp.ifh
Reading: talsrcimg_to_711-2C_as_mni_average_305_t4
Reading: /opt/freesurfer/average/711-2C_as_mni_average_305.4dfp.ifh
Writing: talsrcimg_to_711-2C_as_mni_average_305_t4_vox2vox.txt

start time Tue Mar 10 03:59:01 CET 2026
end		time Tue Mar 10 04:00:30 CET 2026

mpr2mni305 success

avi2talxfm orig_nu.mgz /opt/freesurfer/average/mni305.cor.mgz talsrcimg_to_711-2C_as_mni_average_305_t4_vox2vox.txt transforms/talairach.auto.xfm
avi2talxfm done
mv -f /out/sourcedata/freesurfer/sub-v1s5x0050734_ses-1/mri/talsrcimg_to_711-2C_as_mni_average_305_t4_vox2vox.txt /out/sourcedata/freesurfer/sub-v1s5x0050734_ses-1/mri/transforms/talsrcimg_to_711-2C_as_mni_average_305_t4_vox2vox.txt
lta_convert --src orig_nu.mgz --trg /opt/freesurfer/average/mni305.cor.mgz --inxfm transforms/talairach.auto.xfm --outlta transforms/talairach.auto.xfm.lta --subject fsaverage
7.3.2

--src: orig_nu.mgz src image (geometry).
--trg: /opt/freesurfer/average/mni305.cor.mgz trg image (geometry).
--inmni: transforms/talairach.auto.xfm input MNI/XFM transform.
--outlta: transforms/talairach.auto.xfm.lta output LTA.
--s: fsaverage subject name
 LTA read, type : 1
 1.16448  -0.05126   0.02040  -0.54037;
 0.01015   1.06680   0.21289  -16.96464;
-0.05021  -0.21918   1.13979  -21.90985;
 0.00000   0.00000   0.00000   1.00000;
setting subject to fsaverage
Writing  LTA to file transforms/talairach.auto.xfm.lta...
lta_convert successful.
 
 
Started at Tue Mar 10 03:59:00 CET 2026
Ended   at Tue Mar 10 04:00:30 CET 2026
talairach_avi done
