/out/sourcedata/freesurfer/sub-v1s5x0050751_ses-1/mri
/opt/freesurfer/bin/talairach_avi
--i orig_nu.mgz --xfm transforms/talairach.auto.xfm
talairach_avi 7.3.2
Linux dna075 5.14.0-427.37.1.el9_4.x86_64 #1 SMP PREEMPT_DYNAMIC Fri Sep 13 12:41:50 EDT 2024 x86_64 x86_64 x86_64 GNU/Linux
Tue Mar 10 05:06:27 CET 2026
mri_convert orig_nu.mgz talsrcimg.img 
reading from orig_nu.mgz...
TR=0.00, TE=0.00, TI=0.00, flip angle=0.00
i_ras = (-1, 1.86265e-09, 0)
j_ras = (0, 0, -1)
k_ras = (3.72529e-09, 1, -2.98023e-08)
writing to talsrcimg.img...
Analyze Output Matrix
-1.00000   0.00000   0.00000   128.83739;
 0.00000   0.00000   1.00000  -130.56648;
 0.00000  -1.00000  -0.00000   130.06253;
 0.00000   0.00000   0.00000   1.00000;
--------------------
INFO: set hdr.hist.orient to -1
mpr2mni305 talsrcimg
Tue Mar 10 05:06:28 CET 2026
/opt/freesurfer/bin/mpr2mni305 talsrcimg
mpr2mni305 7.3.2
target=711-2C_as_mni_average_305

---------------------------------------------------------------------
analyzeto4dfp talsrcimg -O0 -y
---------------------------------------------------------------------

freesurfer ifh2hdr.c
Tue Mar 10 05:06:28 2026
Writing: talsrcimg.4dfp.hdr
freesurfer analyzeto4dfp.c
Reading: talsrcimg.hdr
header size 348 bytes
hdr.dime.datatype	offset=70	value=2
hdr.dime.bitpix		offset=72	value=8
hdr.hist.orient		offset=252	value=-1
dimensionality     4
dimensions       256       256       256         1
Reading: talsrcimg.img
Writing: talsrcimg.4dfp.img
Writing: talsrcimg.4dfp.ifh
ifh2hdr talsrcimg -r0to223
ori=2

---------------------------------------------------------------------
gauss_4dfp talsrcimg 1.1
---------------------------------------------------------------------

freesurfer gauss_4dfp.c
Reading: talsrcimg.4dfp.img
Writing: talsrcimg_g11.4dfp.img
image dimensions 256 256 256 padded to 288 288 288
processing volume 1freesurfer ifh2hdr.c
Tue Mar 10 05:06:29 2026
Writing: talsrcimg_g11.4dfp.hdr

Writing: talsrcimg_g11.4dfp.ifh
including: talsrcimg.4dfp.img.rec in talsrcimg_g11.4dfp.img.rec

---------------------------------------------------------------------
imgreg_4dfp /opt/freesurfer/average/711-2C_as_mni_average_305 none talsrcimg_g11 none talsrcimg_to_711-2C_as_mni_average_305_t4 4355
---------------------------------------------------------------------

freesurfer imgreg_4dfp.c
/opt/freesurfer/average/711-2C_as_mni_average_305.4dfp.img
       256       256       256         1
  1.000000  1.000000  1.000000
orientation T byte_order littleendian
Reading image: /opt/freesurfer/average/711-2C_as_mni_average_305.4dfp.img
dimensions:      256       256       256
mmppix:       1.0000   -1.0000   -1.0000
center:     128.0000 -129.0000 -129.0000
talsrcimg_g11.4dfp.img
       256       256       256         1
  1.000000  1.000000  1.000000
orientation T byte_order littleendian
Reading image: talsrcimg_g11.4dfp.img
dimensions:      256       256       256
mmppix:       1.0000   -1.0000   -1.0000
center:     128.0000 -129.0000 -129.0000
t4_read: open error in t4_sub.f l:  41 t4_file(1:l)talsrcimg_to_711-2C_as_mni_average_305_t4 
t4_read: transform initialized to I4
rotation matrix determinant  1.000000
image alignment mode   4355 decimal     1103 hex
   -7.5000  -45.0000  -45.0000 8018.1104   18.9111
    0.0000  -45.0000  -45.0000 8391.7617   18.9135
    7.5000  -45.0000  -45.0000 8036.4712   18.8883
   -7.5000  -37.5000  -45.0000 8462.0225   18.6805
    0.0000  -37.5000  -45.0000 8829.6221   18.6792
    7.5000  -37.5000  -45.0000 8487.0195   18.6596
   -7.5000  -30.0000  -45.0000 9233.2080   18.5670
    0.0000  -30.0000  -45.0000 9642.2178   18.5652
    7.5000  -30.0000  -45.0000 9287.6377   18.5412
   -7.5000  -22.5000  -45.000010111.6611   18.5395
    0.0000  -22.5000  -45.000010560.7637   18.5425
    7.5000  -22.5000  -45.000010155.0537   18.5080
   -7.5000  -15.0000  -45.000011033.4092   18.5209
    0.0000  -15.0000  -45.000011524.0322   18.5288
    7.5000  -15.0000  -45.000011066.9023   18.4922
   -7.5000   -7.5000  -45.000011650.9414   18.4969
    0.0000   -7.5000  -45.000012189.2637   18.5045
    7.5000   -7.5000  -45.000011688.8633   18.4754
   -7.5000    0.0000  -45.000011934.3398   18.4904
    0.0000    0.0000  -45.000012494.6709   18.4944
    7.5000    0.0000  -45.000011999.4434   18.4736
   -7.5000    7.5000  -45.000011296.0527   18.5056
    0.0000    7.5000  -45.000011836.2969   18.5052
    7.5000    7.5000  -45.000011340.7988   18.4872
   -7.5000   15.0000  -45.000010620.2842   18.5296
    0.0000   15.0000  -45.000011117.7061   18.5280
    7.5000   15.0000  -45.000010668.1250   18.5038
   -7.5000   22.5000  -45.0000 9906.7158   18.5359
    0.0000   22.5000  -45.000010333.2676   18.5389
    7.5000   22.5000  -45.0000 9948.3066   18.5044
   -7.5000   30.0000  -45.0000 9181.7344   18.2801
    0.0000   30.0000  -45.0000 9564.1279   18.2875
    7.5000   30.0000  -45.0000 9208.9844   18.2511
   -7.5000   37.5000  -45.0000 8840.3682   18.4553
    0.0000   37.5000  -45.0000 9210.8770   18.4664
    7.5000   37.5000  -45.0000 8872.4414   18.4348
   -7.5000   45.0000  -45.0000 8238.8164   18.4244
    0.0000   45.0000  -45.0000 8577.6807   18.4266
    7.5000   45.0000  -45.0000 8254.1240   18.4056
   -7.5000  -45.0000  -37.5000 8408.1758   18.8827
    0.0000  -45.0000  -37.5000 8786.8457   18.8755
    7.5000  -45.0000  -37.5000 8451.2100   18.8520
   -7.5000  -37.5000  -37.5000 8839.2295   18.6466
    0.0000  -37.5000  -37.5000 9237.5430   18.6343
    7.5000  -37.5000  -37.5000 8913.5420   18.6143
   -7.5000  -30.0000  -37.5000 9680.0674   18.5258
    0.0000  -30.0000  -37.500010102.2568   18.5128
    7.5000  -30.0000  -37.5000 9777.8984   18.4925
   -7.5000  -22.5000  -37.500010626.2539   18.4979
    0.0000  -22.5000  -37.500011097.9482   18.4914
    7.5000  -22.5000  -37.500010698.4492   18.4666
   -7.5000  -15.0000  -37.500011622.3838   18.4859
    0.0000  -15.0000  -37.500012150.0381   18.4860
    7.5000  -15.0000  -37.500011693.1953   18.4607
   -7.5000   -7.5000  -37.500012282.1309   18.4697
    0.0000   -7.5000  -37.500012842.1465   18.4693
    7.5000   -7.5000  -37.500012311.0293   18.4463
   -7.5000    0.0000  -37.500012593.8066   18.4640
    0.0000    0.0000  -37.500013187.7109   18.4585
    7.5000    0.0000  -37.500012648.3662   18.4380
   -7.5000    7.5000  -37.500011910.2471   18.4719
    0.0000    7.5000  -37.500012524.3369   18.4605
    7.5000    7.5000  -37.500011970.4961   18.4421
   -7.5000   15.0000  -37.500011244.8857   18.4885
    0.0000   15.0000  -37.500011808.1035   18.4757
    7.5000   15.0000  -37.500011279.1562   18.4553
   -7.5000   22.5000  -37.500010481.3838   18.4943
    0.0000   22.5000  -37.500010997.6152   18.4878
    7.5000   22.5000  -37.500010524.5205   18.4631
   -7.5000   30.0000  -37.5000 9737.4121   18.2454
    0.0000   30.0000  -37.500010160.7490   18.2451
    7.5000   30.0000  -37.5000 9729.5449   18.2199
   -7.5000   37.5000  -37.5000 9338.4307   18.4235
    0.0000   37.5000  -37.5000 9721.7051   18.4266
    7.5000   37.5000  -37.5000 9345.7373   18.4015
   -7.5000   45.0000  -37.5000 8681.0029   18.3886
    0.0000   45.0000  -37.5000 9026.0273   18.3817
    7.5000   45.0000  -37.5000 8669.4111   18.3638
   -7.5000  -45.0000  -30.0000 8899.9922   19.6455
    0.0000  -45.0000  -30.0000 9305.6279   19.6322
    7.5000  -45.0000  -30.0000 8990.8184   19.6143
   -7.5000  -37.5000  -30.0000 9364.9834   19.3889
    0.0000  -37.5000  -30.0000 9791.0312   19.3745
    7.5000  -37.5000  -30.0000 9500.8643   19.3625
   -7.5000  -30.0000  -30.000010268.4199   19.2509
    0.0000  -30.0000  -30.000010735.4766   19.2370
    7.5000  -30.0000  -30.000010427.8584   19.2273
   -7.5000  -22.5000  -30.000011301.6582   19.2216
    0.0000  -22.5000  -30.000011824.7939   19.2106
    7.5000  -22.5000  -30.000011399.0098   19.1967
   -7.5000  -15.0000  -30.000012351.8887   19.2209
    0.0000  -15.0000  -30.000012962.3086   19.2122
    7.5000  -15.0000  -30.000012413.3193   19.1953
   -7.5000   -7.5000  -30.000013057.6279   19.2161
    0.0000   -7.5000  -30.000013654.2598   19.2067
    7.5000   -7.5000  -30.000013033.9570   19.1898
   -7.5000    0.0000  -30.000013424.6357   19.2115
    0.0000    0.0000  -30.000014052.9971   19.2000
    7.5000    0.0000  -30.000013400.6270   19.1852
   -7.5000    7.5000  -30.000012703.2227   19.2079
    0.0000    7.5000  -30.000013369.0068   19.1944
    7.5000    7.5000  -30.000012682.4795   19.1837
   -7.5000   15.0000  -30.000011988.1553   19.2122
    0.0000   15.0000  -30.000012616.3623   19.1985
    7.5000   15.0000  -30.000011975.3389   19.1888
   -7.5000   22.5000  -30.000011206.8281   19.2160
    0.0000   22.5000  -30.000011796.1514   19.2050
    7.5000   22.5000  -30.000011189.4844   19.1911
   -7.5000   30.0000  -30.000010417.5947   18.9721
    0.0000   30.0000  -30.000010906.6914   18.9631
    7.5000   30.0000  -30.000010335.2227   18.9463
   -7.5000   37.5000  -30.0000 9986.6201   19.1680
    0.0000   37.5000  -30.000010443.9785   19.1618
    7.5000   37.5000  -30.0000 9902.6328   19.1424
   -7.5000   45.0000  -30.0000 9252.4756   19.1417
    0.0000   45.0000  -30.0000 9655.9600   19.1297
    7.5000   45.0000  -30.0000 9179.2646   19.1202
   -7.5000  -45.0000  -22.5000 9429.4121   20.3173
    0.0000  -45.0000  -22.5000 9826.6172   20.3083
    7.5000  -45.0000  -22.5000 9506.7441   20.2968
   -7.5000  -37.5000  -22.5000 9968.2041   20.0481
    0.0000  -37.5000  -22.500010382.3105   20.0444
    7.5000  -37.5000  -22.500010097.9482   20.0431
   -7.5000  -30.0000  -22.500010944.9160   19.9017
    0.0000  -30.0000  -22.500011439.2959   19.9000
    7.5000  -30.0000  -22.500011095.1660   19.8978
   -7.5000  -22.5000  -22.500012031.2812   19.8717
    0.0000  -22.5000  -22.500012565.7285   19.8662
    7.5000  -22.5000  -22.500012113.0293   19.8524
   -7.5000  -15.0000  -22.500013090.9990   19.8748
    0.0000  -15.0000  -22.500013723.0664   19.8645
    7.5000  -15.0000  -22.500013164.6934   19.8439
   -7.5000   -7.5000  -22.500013798.3203   19.8727
    0.0000   -7.5000  -22.500014449.4697   19.8622
    7.5000   -7.5000  -22.500013802.4463   19.8461
   -7.5000    0.0000  -22.500014219.0098   19.8687
    0.0000    0.0000  -22.500014901.5752   19.8617
    7.5000    0.0000  -22.500014186.4316   19.8546
   -7.5000    7.5000  -22.500013497.4385   19.8620
    0.0000    7.5000  -22.500014184.9141   19.8591
    7.5000    7.5000  -22.500013448.6885   19.8588
   -7.5000   15.0000  -22.500012692.5186   19.8619
    0.0000   15.0000  -22.500013391.0410   19.8603
    7.5000   15.0000  -22.500012674.2158   19.8579
   -7.5000   22.5000  -22.500011871.4053   19.8645
    0.0000   22.5000  -22.500012540.7627   19.8590
    7.5000   22.5000  -22.500011849.1387   19.8452
   -7.5000   30.0000  -22.500011059.5332   19.6199
    0.0000   30.0000  -22.500011648.6123   19.6095
    7.5000   30.0000  -22.500010985.1562   19.5890
   -7.5000   37.5000  -22.500010626.3301   19.8296
    0.0000   37.5000  -22.500011177.9795   19.8221
    7.5000   37.5000  -22.500010516.2090   19.8024
   -7.5000   45.0000  -22.5000 9821.8867   19.8164
    0.0000   45.0000  -22.500010324.4590   19.8097
    7.5000   45.0000  -22.5000 9730.2822   19.8080
   -7.5000  -45.0000  -15.0000 9973.6562   20.8303
    0.0000  -45.0000  -15.000010344.8252   20.8313
    7.5000  -45.0000  -15.000010040.8105   20.8198
   -7.5000  -37.5000  -15.000010567.9932   20.5596
    0.0000  -37.5000  -15.000010988.0908   20.5677
    7.5000  -37.5000  -15.000010683.5879   20.5682
   -7.5000  -30.0000  -15.000011625.9688   20.4176
    0.0000  -30.0000  -15.000012111.2119   20.4277
    7.5000  -30.0000  -15.000011740.0166   20.4220
   -7.5000  -22.5000  -15.000012732.8594   20.3888
    0.0000  -22.5000  -15.000013268.8242   20.3930
    7.5000  -22.5000  -15.000012819.1484   20.3686
   -7.5000  -15.0000  -15.000013789.7949   20.3861
    0.0000  -15.0000  -15.000014418.9668   20.3836
    7.5000  -15.0000  -15.000013879.9980   20.3509
   -7.5000   -7.5000  -15.000014492.9385   20.3753
    0.0000   -7.5000  -15.000015166.1094   20.3730
    7.5000   -7.5000  -15.000014518.4268   20.3514
   -7.5000    0.0000  -15.000014956.2725   20.3692
    0.0000    0.0000  -15.000015662.1094   20.3721
    7.5000    0.0000  -15.000014938.1631   20.3664
   -7.5000    7.5000  -15.000014218.0967   20.3690
    0.0000    7.5000  -15.000014926.5742   20.3779
    7.5000    7.5000  -15.000014196.9365   20.3793
   -7.5000   15.0000  -15.000013410.9834   20.3768
    0.0000   15.0000  -15.000014125.1680   20.3870
    7.5000   15.0000  -15.000013391.0547   20.3810
   -7.5000   22.5000  -15.000012529.1729   20.3805
    0.0000   22.5000  -15.000013237.4355   20.3846
    7.5000   22.5000  -15.000012500.6553   20.3603
   -7.5000   30.0000  -15.000011645.9590   20.1275
    0.0000   30.0000  -15.000012274.7656   20.1247
    7.5000   30.0000  -15.000011573.9824   20.0923
   -7.5000   37.5000  -15.000011185.8975   20.3392
    0.0000   37.5000  -15.000011772.6816   20.3400
    7.5000   37.5000  -15.000011078.7217   20.3140
   -7.5000   45.0000  -15.000010324.1348   20.3385
    0.0000   45.0000  -15.000010867.1016   20.3414
    7.5000   45.0000  -15.000010230.5830   20.3386
   -7.5000  -45.0000   -7.500010530.1689   21.1090
    0.0000  -45.0000   -7.500010908.7588   21.1155
    7.5000  -45.0000   -7.500010561.8750   21.0949
   -7.5000  -37.5000   -7.500011171.0234   20.8450
    0.0000  -37.5000   -7.500011615.8350   20.8539
    7.5000  -37.5000   -7.500011269.3594   20.8434
   -7.5000  -30.0000   -7.500012264.9590   20.7133
    0.0000  -30.0000   -7.500012775.2715   20.7231
    7.5000  -30.0000   -7.500012392.2197   20.7049
   -7.5000  -22.5000   -7.500013425.8613   20.6844
    0.0000  -22.5000   -7.500013980.6719   20.6932
    7.5000  -22.5000   -7.500013570.5527   20.6569
   -7.5000  -15.0000   -7.500014476.6484   20.6703
    0.0000  -15.0000   -7.500015095.4248   20.6778
    7.5000  -15.0000   -7.500014624.2148   20.6354
   -7.5000   -7.5000   -7.500015182.5830   20.6477
    0.0000   -7.5000   -7.500015843.5654   20.6549
    7.5000   -7.5000   -7.500015276.7549   20.6250
   -7.5000    0.0000   -7.500015631.8945   20.6399
    0.0000    0.0000   -7.500016329.2734   20.6483
    7.5000    0.0000   -7.500015688.0225   20.6337
   -7.5000    7.5000   -7.500014923.0479   20.6510
    0.0000    7.5000   -7.500015628.4668   20.6607
    7.5000    7.5000   -7.500014978.4238   20.6516
   -7.5000   15.0000   -7.500014152.7676   20.6718
    0.0000   15.0000   -7.500014895.7930   20.6816
    7.5000   15.0000   -7.500014185.6768   20.6633
   -7.5000   22.5000   -7.500013260.0469   20.6737
    0.0000   22.5000   -7.500013949.8604   20.6825
    7.5000   22.5000   -7.500013249.5166   20.6463
   -7.5000   30.0000   -7.500012270.6738   20.4083
    0.0000   30.0000   -7.500012884.7051   20.4153
    7.5000   30.0000   -7.500012230.5635   20.3732
   -7.5000   37.5000   -7.500011718.2119   20.6120
    0.0000   37.5000   -7.500012302.2578   20.6228
    7.5000   37.5000   -7.500011693.9141   20.5891
   -7.5000   45.0000   -7.500010796.2334   20.6178
    0.0000   45.0000   -7.500011346.4873   20.6250
    7.5000   45.0000   -7.500010766.6289   20.6105
   -7.5000  -45.0000    0.000010975.7441   21.1605
    0.0000  -45.0000    0.000011395.1631   21.1631
    7.5000  -45.0000    0.000011049.1348   21.1350
   -7.5000  -37.5000    0.000011654.7969   20.9025
    0.0000  -37.5000    0.000012130.5322   20.9011
    7.5000  -37.5000    0.000011750.6279   20.8791
   -7.5000  -30.0000    0.000012803.9561   20.7755
    0.0000  -30.0000    0.000013353.4355   20.7735
    7.5000  -30.0000    0.000012922.2500   20.7466
   -7.5000  -22.5000    0.000013966.7891   20.7447
    0.0000  -22.5000    0.000014560.3916   20.7481
    7.5000  -22.5000    0.000014131.4805   20.7095
   -7.5000  -15.0000    0.000015006.2744   20.7239
    0.0000  -15.0000    0.000015627.4775   20.7328
    7.5000  -15.0000    0.000015172.5957   20.6918
   -7.5000   -7.5000    0.000015709.4473   20.6970
    0.0000   -7.5000    0.000016341.4316   20.7055
    7.5000   -7.5000    0.000015905.9268   20.6730
   -7.5000    0.0000    0.000016231.5410   20.6898
    0.0000    0.0000    0.000016918.6348   20.6942
    7.5000    0.0000    0.000016388.5254   20.6710
   -7.5000    7.5000    0.000015546.5332   20.7069
    0.0000    7.5000    0.000016206.4395   20.7063
    7.5000    7.5000    0.000015643.0547   20.6862
   -7.5000   15.0000    0.000014732.3516   20.7337
    0.0000   15.0000    0.000015328.8369   20.7318
    7.5000   15.0000    0.000014752.0840   20.7048
   -7.5000   22.5000    0.000013831.6855   20.7341
    0.0000   22.5000    0.000014426.6904   20.7374
    7.5000   22.5000    0.000013798.9277   20.6988
   -7.5000   30.0000    0.000012821.3184   20.4624
    0.0000   30.0000    0.000013338.8037   20.4707
    7.5000   30.0000    0.000012734.8887   20.4300
   -7.5000   37.5000    0.000012228.2969   20.6585
    0.0000   37.5000    0.000012755.9990   20.6710
    7.5000   37.5000    0.000012187.9121   20.6357
   -7.5000   45.0000    0.000011214.7441   20.6644
    0.0000   45.0000    0.000011712.3994   20.6669
    7.5000   45.0000    0.000011184.3662   20.6434
   -7.5000  -45.0000    7.500010600.8877   21.1302
    0.0000  -45.0000    7.500011045.8438   21.1222
    7.5000  -45.0000    7.500010682.8086   21.0958
   -7.5000  -37.5000    7.500011272.5850   20.8660
    0.0000  -37.5000    7.500011758.0488   20.8522
    7.5000  -37.5000    7.500011369.5283   20.8298
   -7.5000  -30.0000    7.500012401.7012   20.7308
    0.0000  -30.0000    7.500012931.5732   20.7163
    7.5000  -30.0000    7.500012507.6797   20.6935
   -7.5000  -22.5000    7.500013505.6621   20.6996
    0.0000  -22.5000    7.500014076.6846   20.6923
    7.5000  -22.5000    7.500013679.1514   20.6646
   -7.5000  -15.0000    7.500014491.3701   20.6862
    0.0000  -15.0000    7.500015076.4102   20.6863
    7.5000  -15.0000    7.500014669.5215   20.6580
   -7.5000   -7.5000    7.500015153.7090   20.6681
    0.0000   -7.5000    7.500015759.8750   20.6676
    7.5000   -7.5000    7.500015391.3896   20.6419
   -7.5000    0.0000    7.500015630.8145   20.6617
    0.0000    0.0000    7.500016221.7900   20.6555
    7.5000    0.0000    7.500015854.6318   20.6326
   -7.5000    7.5000    7.500014939.4375   20.6705
    0.0000    7.5000    7.500015371.4004   20.6577
    7.5000    7.5000    7.500015096.7051   20.6371
   -7.5000   15.0000    7.500014087.3975   20.6891
    0.0000   15.0000    7.500014430.5117   20.6748
    7.5000   15.0000    7.500014155.2725   20.6519
   -7.5000   22.5000    7.500013259.2061   20.6889
    0.0000   22.5000    7.500013667.3418   20.6816
    7.5000   22.5000    7.500013260.7920   20.6540
   -7.5000   30.0000    7.500012341.0508   20.4250
    0.0000   30.0000    7.500012768.3643   20.4247
    7.5000   30.0000    7.500012294.7852   20.3965
   -7.5000   37.5000    7.500011830.7803   20.6244
    0.0000   37.5000    7.500012249.8604   20.6278
    7.5000   37.5000    7.500011772.3633   20.5998
   -7.5000   45.0000    7.500010868.1426   20.6258
    0.0000   45.0000    7.500011242.3135   20.6181
    7.5000   45.0000    7.500010808.3701   20.5980
   -7.5000  -45.0000   15.000010161.6162   21.0962
    0.0000  -45.0000   15.000010585.5879   21.0819
    7.5000  -45.0000   15.000010237.1855   21.0627
   -7.5000  -37.5000   15.000010777.2490   20.8206
    0.0000  -37.5000   15.000011257.6543   20.8052
    7.5000  -37.5000   15.000010911.1582   20.7923
   -7.5000  -30.0000   15.000011870.7686   20.6724
    0.0000  -30.0000   15.000012419.1670   20.6575
    7.5000  -30.0000   15.000012046.6221   20.6471
   -7.5000  -22.5000   15.000012988.0586   20.6410
    0.0000  -22.5000   15.000013589.1641   20.6292
    7.5000  -22.5000   15.000013224.3223   20.6142
   -7.5000  -15.0000   15.000013906.8506   20.6402
    0.0000  -15.0000   15.000014544.7188   20.6308
    7.5000  -15.0000   15.000014174.3428   20.6127
   -7.5000   -7.5000   15.000014569.0986   20.6350
    0.0000   -7.5000   15.000015172.8242   20.6250
    7.5000   -7.5000   15.000014845.2969   20.6068
   -7.5000    0.0000   15.000015026.5947   20.6301
    0.0000    0.0000   15.000015592.5166   20.6178
    7.5000    0.0000   15.000015244.0283   20.6019
   -7.5000    7.5000   15.000014432.4385   20.6263
    0.0000    7.5000   15.000014818.0029   20.6117
    7.5000    7.5000   15.000014521.9443   20.6003
   -7.5000   15.0000   15.000013713.2285   20.6309
    0.0000   15.0000   15.000013962.6514   20.6162
    7.5000   15.0000   15.000013671.9346   20.6057
   -7.5000   22.5000   15.000012843.7461   20.6304
    0.0000   22.5000   15.000013134.1660   20.6186
    7.5000   22.5000   15.000012778.6318   20.6036
   -7.5000   30.0000   15.000011894.8438   20.3790
    0.0000   30.0000   15.000012215.0957   20.3693
    7.5000   30.0000   15.000011804.3057   20.3513
   -7.5000   37.5000   15.000011347.7832   20.5895
    0.0000   37.5000   15.000011719.3047   20.5828
    7.5000   37.5000   15.000011245.7910   20.5620
   -7.5000   45.0000   15.000010399.4062   20.5884
    0.0000   45.0000   15.000010774.0645   20.5755
    7.5000   45.0000   15.000010309.9590   20.5654
   -7.5000  -45.0000   22.5000 9737.6104   21.0911
    0.0000  -45.0000   22.500010164.5176   21.0818
    7.5000  -45.0000   22.5000 9845.5967   21.0699
   -7.5000  -37.5000   22.500010338.4502   20.8117
    0.0000  -37.5000   22.500010804.5684   20.8079
    7.5000  -37.5000   22.500010489.9004   20.8065
   -7.5000  -30.0000   22.500011401.3867   20.6597
    0.0000  -30.0000   22.500011924.0430   20.6579
    7.5000  -30.0000   22.500011554.9590   20.6557
   -7.5000  -22.5000   22.500012486.2666   20.6286
    0.0000  -22.5000   22.500013075.9639   20.6228
    7.5000  -22.5000   22.500012664.8350   20.6085
   -7.5000  -15.0000   22.500013337.2881   20.6317
    0.0000  -15.0000   22.500014004.4150   20.6211
    7.5000  -15.0000   22.500013526.5508   20.5996
   -7.5000   -7.5000   22.500013921.3369   20.6296
    0.0000   -7.5000   22.500014595.3379   20.6187
    7.5000   -7.5000   22.500014114.0732   20.6020
   -7.5000    0.0000   22.500014340.4609   20.6254
    0.0000    0.0000   22.500014986.4131   20.6182
    7.5000    0.0000   22.500014461.0244   20.6108
   -7.5000    7.5000   22.500013747.0420   20.6185
    0.0000    7.5000   22.500014271.1963   20.6155
    7.5000    7.5000   22.500013722.0146   20.6152
   -7.5000   15.0000   22.500013038.3262   20.6184
    0.0000   15.0000   22.500013502.4639   20.6167
    7.5000   15.0000   22.500012955.4209   20.6143
   -7.5000   22.5000   22.500012218.2178   20.6180
    0.0000   22.5000   22.500012678.5977   20.6122
    7.5000   22.5000   22.500012151.4326   20.5979
   -7.5000   30.0000   22.500011262.7178   20.3700
    0.0000   30.0000   22.500011669.6709   20.3592
    7.5000   30.0000   22.500011181.4492   20.3379
   -7.5000   37.5000   22.500010727.4268   20.5877
    0.0000   37.5000   22.500011097.2217   20.5800
    7.5000   37.5000   22.500010633.0859   20.5595
   -7.5000   45.0000   22.5000 9856.1455   20.5890
    0.0000   45.0000   22.500010208.1904   20.5820
    7.5000   45.0000   22.5000 9801.5498   20.5803
   -7.5000  -45.0000   30.0000 9144.2188   21.1176
    0.0000  -45.0000   30.0000 9603.3740   21.1187
    7.5000  -45.0000   30.0000 9232.7500   21.1070
   -7.5000  -37.5000   30.0000 9734.0459   20.8431
    0.0000  -37.5000   30.000010229.0352   20.8513
    7.5000  -37.5000   30.0000 9825.8369   20.8518
   -7.5000  -30.0000   30.000010759.4766   20.6991
    0.0000  -30.0000   30.000011313.1533   20.7094
    7.5000  -30.0000   30.000010837.2305   20.7036
   -7.5000  -22.5000   30.000011782.8086   20.6699
    0.0000  -22.5000   30.000012399.8584   20.6741
    7.5000  -22.5000   30.000011861.2900   20.6494
   -7.5000  -15.0000   30.000012587.7041   20.6671
    0.0000  -15.0000   30.000013221.2637   20.6647
    7.5000  -15.0000   30.000012653.3613   20.6315
   -7.5000   -7.5000   30.000013087.3535   20.6563
    0.0000   -7.5000   30.000013714.4189   20.6540
    7.5000   -7.5000   30.000013174.6123   20.6320
   -7.5000    0.0000   30.000013438.7559   20.6501
    0.0000    0.0000   30.000014055.2861   20.6531
    7.5000    0.0000   30.000013497.4375   20.6473
   -7.5000    7.5000   30.000012841.6055   20.6499
    0.0000    7.5000   30.000013384.6162   20.6588
    7.5000    7.5000   30.000012837.8281   20.6604
   -7.5000   15.0000   30.000012117.6074   20.6578
    0.0000   15.0000   30.000012631.6543   20.6680
    7.5000   15.0000   30.000012113.6982   20.6620
   -7.5000   22.5000   30.000011347.3818   20.6592
    0.0000   22.5000   30.000011817.1533   20.6635
    7.5000   22.5000   30.000011358.4395   20.6388
   -7.5000   30.0000   30.000010468.3008   20.4050
    0.0000   30.0000   30.000010915.4316   20.4022
    7.5000   30.0000   30.000010487.3340   20.3693
   -7.5000   37.5000   30.0000 9988.7900   20.6197
    0.0000   37.5000   30.000010411.7734   20.6205
    7.5000   37.5000   30.0000 9976.3682   20.5942
   -7.5000   45.0000   30.0000 9223.9932   20.6244
    0.0000   45.0000   30.0000 9604.3506   20.6274
    7.5000   45.0000   30.0000 9205.1357   20.6246
   -7.5000  -45.0000   37.5000 8815.9453   21.1640
    0.0000  -45.0000   37.5000 9237.1904   21.1706
    7.5000  -45.0000   37.5000 8851.1328   21.1499
   -7.5000  -37.5000   37.5000 9399.8633   20.8992
    0.0000  -37.5000   37.5000 9857.9600   20.9081
    7.5000  -37.5000   37.5000 9424.2217   20.8975
   -7.5000  -30.0000   37.500010373.7812   20.7670
    0.0000  -30.0000   37.500010889.8711   20.7768
    7.5000  -30.0000   37.500010392.8789   20.7586
   -7.5000  -22.5000   37.500011361.8721   20.7380
    0.0000  -22.5000   37.500011923.8027   20.7468
    7.5000  -22.5000   37.500011394.5625   20.7105
   -7.5000  -15.0000   37.500012096.4502   20.7239
    0.0000  -15.0000   37.500012689.4609   20.7314
    7.5000  -15.0000   37.500012150.5244   20.6889
   -7.5000   -7.5000   37.500012571.7881   20.7012
    0.0000   -7.5000   37.500013177.1182   20.7085
    7.5000   -7.5000   37.500012649.7041   20.6785
   -7.5000    0.0000   37.500012887.6953   20.6934
    0.0000    0.0000   37.500013510.3848   20.7018
    7.5000    0.0000   37.500012984.8877   20.6872
   -7.5000    7.5000   37.500012269.4941   20.7046
    0.0000    7.5000   37.500012844.7998   20.7142
    7.5000    7.5000   37.500012347.0645   20.7051
   -7.5000   15.0000   37.500011573.8691   20.7254
    0.0000   15.0000   37.500012099.2070   20.7352
    7.5000   15.0000   37.500011650.8203   20.7168
   -7.5000   22.5000   37.500010838.8350   20.7274
    0.0000   22.5000   37.500011307.4756   20.7361
    7.5000   22.5000   37.500010903.4189   20.6998
   -7.5000   30.0000   37.500010036.2666   20.4618
    0.0000   30.0000   37.500010463.4375   20.4688
    7.5000   30.0000   37.500010096.5420   20.4266
   -7.5000   37.5000   37.5000 9593.1846   20.6662
    0.0000   37.5000   37.500010023.5322   20.6770
    7.5000   37.5000   37.5000 9650.8301   20.6432
   -7.5000   45.0000   37.5000 8892.1035   20.6732
    0.0000   45.0000   37.5000 9287.5088   20.6805
    7.5000   45.0000   37.5000 8923.3262   20.6660
   -7.5000  -45.0000   45.0000 8052.0073   21.2635
    0.0000  -45.0000   45.0000 8409.5957   21.2668
    7.5000  -45.0000   45.0000 8075.5864   21.2382
   -7.5000  -37.5000   45.0000 8588.6689   21.0010
    0.0000  -37.5000   45.0000 8961.1660   21.0004
    7.5000  -37.5000   45.0000 8595.2871   20.9781
   -7.5000  -30.0000   45.0000 9466.4824   20.8710
    0.0000  -30.0000   45.0000 9904.8291   20.8699
    7.5000  -30.0000   45.0000 9500.8721   20.8425
   -7.5000  -22.5000   45.000010357.4717   20.8390
    0.0000  -22.5000   45.000010861.3877   20.8434
    7.5000  -22.5000   45.000010415.0859   20.8039
   -7.5000  -15.0000   45.000011024.6221   20.8180
    0.0000  -15.0000   45.000011534.3965   20.8278
    7.5000  -15.0000   45.000011059.7695   20.7860
   -7.5000   -7.5000   45.000011464.2705   20.7915
    0.0000   -7.5000   45.000011977.1377   20.8010
    7.5000   -7.5000   45.000011520.7393   20.7678
   -7.5000    0.0000   45.000011761.9248   20.7851
    0.0000    0.0000   45.000012292.1904   20.7903
    7.5000    0.0000   45.000011823.2012   20.7667
   -7.5000    7.5000   45.000011179.5127   20.8022
    0.0000    7.5000   45.000011704.7266   20.8025
    7.5000    7.5000   45.000011254.9150   20.7820
   -7.5000   15.0000   45.000010510.5537   20.8285
    0.0000   15.0000   45.000011009.1182   20.8276
    7.5000   15.0000   45.000010608.9307   20.8000
   -7.5000   22.5000   45.0000 9827.2637   20.8282
    0.0000   22.5000   45.000010281.6729   20.8326
    7.5000   22.5000   45.0000 9922.8584   20.7931
   -7.5000   30.0000   45.0000 9134.5400   20.5536
    0.0000   30.0000   45.0000 9550.1221   20.5629
    7.5000   30.0000   45.0000 9204.1914   20.5212
   -7.5000   37.5000   45.0000 8776.5830   20.7537
    0.0000   37.5000   45.0000 9192.9639   20.7671
    7.5000   37.5000   45.0000 8843.4648   20.7311
   -7.5000   45.0000   45.0000 8171.9448   20.7775
    0.0000   45.0000   45.0000 8540.9980   20.7807
    7.5000   45.0000   45.0000 8224.0098   20.7568

---------------------------------------------------------------------
imgreg_4dfp /opt/freesurfer/average/711-2C_as_mni_average_305 /opt/freesurfer/average/711-2B_as_mni_average_305_mask talsrcimg_g11 none talsrcimg_to_711-2C_as_mni_average_305_t4 4355
---------------------------------------------------------------------

freesurfer imgreg_4dfp.c
/opt/freesurfer/average/711-2C_as_mni_average_305.4dfp.img
       256       256       256         1
  1.000000  1.000000  1.000000
orientation T byte_order littleendian
Reading image: /opt/freesurfer/average/711-2C_as_mni_average_305.4dfp.img
dimensions:      256       256       256
mmppix:       1.0000   -1.0000   -1.0000
center:     128.0000 -129.0000 -129.0000
/opt/freesurfer/average/711-2B_as_mni_average_305_mask.4dfp.img
       256       256       256         1
  1.000000  1.000000  1.000000
orientation T byte_order littleendian
Reading mask: /opt/freesurfer/average/711-2B_as_mni_average_305_mask.4dfp.img (2306576 pixels)
talsrcimg_g11.4dfp.img
       256       256       256         1
  1.000000  1.000000  1.000000
orientation T byte_order littleendian
Reading image: talsrcimg_g11.4dfp.img
dimensions:      256       256       256
mmppix:       1.0000   -1.0000   -1.0000
center:     128.0000 -129.0000 -129.0000
rotation matrix determinant  1.000000
image alignment mode   4355 decimal     1103 hex
   -7.5000  -45.0000  -45.0000 2114.5732   22.8491
    0.0000  -45.0000  -45.0000 2115.6804   22.7159
    7.5000  -45.0000  -45.0000 2077.6484   22.7927
   -7.5000  -37.5000  -45.0000 2135.5225   21.9145
    0.0000  -37.5000  -45.0000 2136.9456   21.7873
    7.5000  -37.5000  -45.0000 2103.4417   21.8749
   -7.5000  -30.0000  -45.0000 2140.1094   21.3706
    0.0000  -30.0000  -45.0000 2148.1914   21.2038
    7.5000  -30.0000  -45.0000 2120.7471   21.3594
   -7.5000  -22.5000  -45.0000 2159.5225   21.1244
    0.0000  -22.5000  -45.0000 2171.8721   20.9624
    7.5000  -22.5000  -45.0000 2139.0847   21.1026
   -7.5000  -15.0000  -45.0000 2173.6936   20.9572
    0.0000  -15.0000  -45.0000 2188.3694   20.8072
    7.5000  -15.0000  -45.0000 2159.4270   20.9726
   -7.5000   -7.5000  -45.0000 2190.9011   20.7691
    0.0000   -7.5000  -45.0000 2204.2080   20.6272
    7.5000   -7.5000  -45.0000 2177.2339   20.7802
   -7.5000    0.0000  -45.0000 2183.1260   20.8026
    0.0000    0.0000  -45.0000 2202.4385   20.6235
    7.5000    0.0000  -45.0000 2181.5674   20.7014
   -7.5000    7.5000  -45.0000 2180.3276   21.0636
    0.0000    7.5000  -45.0000 2196.8000   20.7754
    7.5000    7.5000  -45.0000 2181.1721   20.8896
   -7.5000   15.0000  -45.0000 2159.6897   21.4203
    0.0000   15.0000  -45.0000 2182.1846   21.0559
    7.5000   15.0000  -45.0000 2169.3767   21.1905
   -7.5000   22.5000  -45.0000 2130.3923   21.9422
    0.0000   22.5000  -45.0000 2153.1470   21.6169
    7.5000   22.5000  -45.0000 2146.9072   21.7460
   -7.5000   30.0000  -45.0000 2089.5747   22.6322
    0.0000   30.0000  -45.0000 2124.3447   22.3495
    7.5000   30.0000  -45.0000 2116.7993   22.4506
   -7.5000   37.5000  -45.0000 2055.6008   23.6565
    0.0000   37.5000  -45.0000 2087.8088   23.3003
    7.5000   37.5000  -45.0000 2080.2029   23.5084
   -7.5000   45.0000  -45.0000 2004.7085   25.2753
    0.0000   45.0000  -45.0000 2036.3071   24.8083
    7.5000   45.0000  -45.0000 2029.2101   25.0470
   -7.5000  -45.0000  -37.5000 2179.5312   21.0584
    0.0000  -45.0000  -37.5000 2182.3672   20.8758
    7.5000  -45.0000  -37.5000 2150.0476   21.0834
   -7.5000  -37.5000  -37.5000 2203.2961   20.0410
    0.0000  -37.5000  -37.5000 2213.2390   19.8886
    7.5000  -37.5000  -37.5000 2187.5295   20.1052
   -7.5000  -30.0000  -37.5000 2222.3552   19.4484
    0.0000  -30.0000  -37.5000 2231.7158   19.2995
    7.5000  -30.0000  -37.5000 2211.6997   19.5008
   -7.5000  -22.5000  -37.5000 2249.7585   19.1761
    0.0000  -22.5000  -37.5000 2259.2539   19.0079
    7.5000  -22.5000  -37.5000 2230.7556   19.1351
   -7.5000  -15.0000  -37.5000 2273.0332   18.9293
    0.0000  -15.0000  -37.5000 2285.3267   18.8046
    7.5000  -15.0000  -37.5000 2259.9839   18.9111
   -7.5000   -7.5000  -37.5000 2288.6809   18.7447
    0.0000   -7.5000  -37.5000 2305.2097   18.6206
    7.5000   -7.5000  -37.5000 2280.3164   18.7141
   -7.5000    0.0000  -37.5000 2286.6748   18.8226
    0.0000    0.0000  -37.5000 2306.1907   18.6527
    7.5000    0.0000  -37.5000 2284.9731   18.6906
   -7.5000    7.5000  -37.5000 2277.8792   19.0063
    0.0000    7.5000  -37.5000 2298.9973   18.8170
    7.5000    7.5000  -37.5000 2285.1519   18.8317
   -7.5000   15.0000  -37.5000 2267.8906   19.3687
    0.0000   15.0000  -37.5000 2295.8132   19.0867
    7.5000   15.0000  -37.5000 2280.1970   19.1566
   -7.5000   22.5000  -37.5000 2242.2539   19.9606
    0.0000   22.5000  -37.5000 2274.2664   19.6722
    7.5000   22.5000  -37.5000 2267.9060   19.6743
   -7.5000   30.0000  -37.5000 2205.9463   20.7430
    0.0000   30.0000  -37.5000 2237.0952   20.4044
    7.5000   30.0000  -37.5000 2230.2573   20.4298
   -7.5000   37.5000  -37.5000 2164.9309   21.7775
    0.0000   37.5000  -37.5000 2192.2458   21.4420
    7.5000   37.5000  -37.5000 2189.4109   21.5270
   -7.5000   45.0000  -37.5000 2105.9836   23.3022
    0.0000   45.0000  -37.5000 2131.2722   22.8622
    7.5000   45.0000  -37.5000 2126.3176   23.0269
   -7.5000  -45.0000  -30.0000 2272.6345   20.2144
    0.0000  -45.0000  -30.0000 2285.2559   20.0381
    7.5000  -45.0000  -30.0000 2263.3228   20.2612
   -7.5000  -37.5000  -30.0000 2311.4158   19.1071
    0.0000  -37.5000  -30.0000 2322.4453   18.9777
    7.5000  -37.5000  -30.0000 2303.6064   19.2383
   -7.5000  -30.0000  -30.0000 2342.9021   18.4495
    0.0000  -30.0000  -30.0000 2350.1702   18.3106
    7.5000  -30.0000  -30.0000 2335.4653   18.5868
   -7.5000  -22.5000  -30.0000 2377.5754   18.0780
    0.0000  -22.5000  -30.0000 2389.3330   17.9733
    7.5000  -22.5000  -30.0000 2363.1128   18.1245
   -7.5000  -15.0000  -30.0000 2405.8259   17.7174
    0.0000  -15.0000  -30.0000 2425.8552   17.6547
    7.5000  -15.0000  -30.0000 2390.3057   17.7519
   -7.5000   -7.5000  -30.0000 2433.4109   17.6067
    0.0000   -7.5000  -30.0000 2442.4978   17.4769
    7.5000   -7.5000  -30.0000 2411.1621   17.5464
   -7.5000    0.0000  -30.0000 2430.8684   17.6505
    0.0000    0.0000  -30.0000 2450.7966   17.5106
    7.5000    0.0000  -30.0000 2427.4465   17.5502
   -7.5000    7.5000  -30.0000 2419.3550   17.8525
    0.0000    7.5000  -30.0000 2453.8149   17.7125
    7.5000    7.5000  -30.0000 2430.8948   17.7220
   -7.5000   15.0000  -30.0000 2414.7351   18.2034
    0.0000   15.0000  -30.0000 2450.4255   17.9912
    7.5000   15.0000  -30.0000 2433.7734   18.1046
   -7.5000   22.5000  -30.0000 2401.4495   18.8224
    0.0000   22.5000  -30.0000 2436.8757   18.6040
    7.5000   22.5000  -30.0000 2425.3171   18.6608
   -7.5000   30.0000  -30.0000 2364.9199   19.6713
    0.0000   30.0000  -30.0000 2402.8240   19.4035
    7.5000   30.0000  -30.0000 2392.7847   19.4271
   -7.5000   37.5000  -30.0000 2317.8340   20.8177
    0.0000   37.5000  -30.0000 2353.4634   20.5047
    7.5000   37.5000  -30.0000 2342.5774   20.5276
   -7.5000   45.0000  -30.0000 2245.4421   22.3094
    0.0000   45.0000  -30.0000 2279.5688   21.9732
    7.5000   45.0000  -30.0000 2262.8640   22.0058
   -7.5000  -45.0000  -22.5000 2355.0806   19.4081
    0.0000  -45.0000  -22.5000 2363.5837   19.1296
    7.5000  -45.0000  -22.5000 2343.9727   19.4595
   -7.5000  -37.5000  -22.5000 2400.3640   18.2810
    0.0000  -37.5000  -22.5000 2410.6677   18.1052
    7.5000  -37.5000  -22.5000 2391.5093   18.4292
   -7.5000  -30.0000  -22.5000 2440.1052   17.5876
    0.0000  -30.0000  -22.5000 2451.7068   17.4622
    7.5000  -30.0000  -22.5000 2433.7292   17.7352
   -7.5000  -22.5000  -22.5000 2485.3430   17.0803
    0.0000  -22.5000  -22.5000 2495.9941   16.9938
    7.5000  -22.5000  -22.5000 2472.6125   17.1432
   -7.5000  -15.0000  -22.5000 2515.6074   16.7010
    0.0000  -15.0000  -22.5000 2531.8674   16.6200
    7.5000  -15.0000  -22.5000 2503.8193   16.7062
   -7.5000   -7.5000  -22.5000 2549.2764   16.5066
    0.0000   -7.5000  -22.5000 2565.8306   16.4017
    7.5000   -7.5000  -22.5000 2536.6477   16.4590
   -7.5000    0.0000  -22.5000 2555.7639   16.4967
    0.0000    0.0000  -22.5000 2582.8994   16.3948
    7.5000    0.0000  -22.5000 2563.7051   16.4229
   -7.5000    7.5000  -22.5000 2556.4919   16.6866
    0.0000    7.5000  -22.5000 2587.7930   16.5670
    7.5000    7.5000  -22.5000 2570.0686   16.5849
   -7.5000   15.0000  -22.5000 2549.4944   17.0756
    0.0000   15.0000  -22.5000 2587.4270   16.9334
    7.5000   15.0000  -22.5000 2567.7939   16.9794
   -7.5000   22.5000  -22.5000 2529.8403   17.6696
    0.0000   22.5000  -22.5000 2574.4106   17.5262
    7.5000   22.5000  -22.5000 2556.4658   17.5331
   -7.5000   30.0000  -22.5000 2497.6890   18.5069
    0.0000   30.0000  -22.5000 2540.9570   18.3498
    7.5000   30.0000  -22.5000 2528.2515   18.3387
   -7.5000   37.5000  -22.5000 2445.0039   19.6528
    0.0000   37.5000  -22.5000 2489.3850   19.4819
    7.5000   37.5000  -22.5000 2468.3108   19.4614
   -7.5000   45.0000  -22.5000 2362.2791   21.1383
    0.0000   45.0000  -22.5000 2407.8213   20.9135
    7.5000   45.0000  -22.5000 2387.7556   20.9389
   -7.5000  -45.0000  -15.0000 2421.2065   18.7010
    0.0000  -45.0000  -15.0000 2423.1179   18.3449
    7.5000  -45.0000  -15.0000 2408.2666   18.6810
   -7.5000  -37.5000  -15.0000 2469.1396   17.6174
    0.0000  -37.5000  -15.0000 2480.4082   17.3807
    7.5000  -37.5000  -15.0000 2461.9548   17.7113
   -7.5000  -30.0000  -15.0000 2516.2854   16.8894
    0.0000  -30.0000  -15.0000 2528.4885   16.7136
    7.5000  -30.0000  -15.0000 2506.6243   16.9648
   -7.5000  -22.5000  -15.0000 2560.2827   16.2588
    0.0000  -22.5000  -15.0000 2574.5786   16.0969
    7.5000  -22.5000  -15.0000 2550.7412   16.3003
   -7.5000  -15.0000  -15.0000 2591.5605   15.7926
    0.0000  -15.0000  -15.0000 2613.7449   15.6699
    7.5000  -15.0000  -15.0000 2589.8611   15.8268
   -7.5000   -7.5000  -15.0000 2625.3916   15.5930
    0.0000   -7.5000  -15.0000 2651.5464   15.4539
    7.5000   -7.5000  -15.0000 2627.5703   15.5602
   -7.5000    0.0000  -15.0000 2649.9233   15.5417
    0.0000    0.0000  -15.0000 2679.7678   15.4059
    7.5000    0.0000  -15.0000 2662.7183   15.4535
   -7.5000    7.5000  -15.0000 2664.6426   15.6610
    0.0000    7.5000  -15.0000 2700.7441   15.5407
    7.5000    7.5000  -15.0000 2677.8271   15.6287
   -7.5000   15.0000  -15.0000 2664.5071   16.1148
    0.0000   15.0000  -15.0000 2706.3701   15.9811
    7.5000   15.0000  -15.0000 2682.4756   16.0270
   -7.5000   22.5000  -15.0000 2640.0513   16.7415
    0.0000   22.5000  -15.0000 2690.7212   16.6442
    7.5000   22.5000  -15.0000 2669.7603   16.6163
   -7.5000   30.0000  -15.0000 2604.0454   17.5231
    0.0000   30.0000  -15.0000 2649.3618   17.4352
    7.5000   30.0000  -15.0000 2636.1978   17.3813
   -7.5000   37.5000  -15.0000 2540.4749   18.5642
    0.0000   37.5000  -15.0000 2583.8599   18.4350
    7.5000   37.5000  -15.0000 2571.7288   18.4406
   -7.5000   45.0000  -15.0000 2442.8887   19.9920
    0.0000   45.0000  -15.0000 2491.0898   19.8085
    7.5000   45.0000  -15.0000 2476.8828   19.8461
   -7.5000  -45.0000   -7.5000 2460.5266   18.0435
    0.0000  -45.0000   -7.5000 2459.2371   17.7104
    7.5000  -45.0000   -7.5000 2441.7219   18.0547
   -7.5000  -37.5000   -7.5000 2516.1387   17.0082
    0.0000  -37.5000   -7.5000 2526.9412   16.7254
    7.5000  -37.5000   -7.5000 2504.0527   17.0752
   -7.5000  -30.0000   -7.5000 2560.0300   16.2192
    0.0000  -30.0000   -7.5000 2574.9348   15.9835
    7.5000  -30.0000   -7.5000 2555.4221   16.2480
   -7.5000  -22.5000   -7.5000 2608.5010   15.5185
    0.0000  -22.5000   -7.5000 2620.5608   15.3051
    7.5000  -22.5000   -7.5000 2609.3906   15.5398
   -7.5000  -15.0000   -7.5000 2645.7375   15.0455
    0.0000  -15.0000   -7.5000 2665.3787   14.8748
    7.5000  -15.0000   -7.5000 2653.6294   15.0870
   -7.5000   -7.5000   -7.5000 2685.8945   14.8273
    0.0000   -7.5000   -7.5000 2712.5869   14.6036
    7.5000   -7.5000   -7.5000 2693.5940   14.7794
   -7.5000    0.0000   -7.5000 2716.6960   14.7401
    0.0000    0.0000   -7.5000 2748.2668   14.5517
    7.5000    0.0000   -7.5000 2729.6843   14.6654
   -7.5000    7.5000   -7.5000 2745.2319   14.8731
    0.0000    7.5000   -7.5000 2788.2185   14.7338
    7.5000    7.5000   -7.5000 2765.7373   14.8405
   -7.5000   15.0000   -7.5000 2760.3621   15.2916
    0.0000   15.0000   -7.5000 2814.8977   15.1661
    7.5000   15.0000   -7.5000 2787.3494   15.2109
   -7.5000   22.5000   -7.5000 2746.1296   15.9333
    0.0000   22.5000   -7.5000 2805.4309   15.8433
    7.5000   22.5000   -7.5000 2782.3037   15.8200
   -7.5000   30.0000   -7.5000 2695.8181   16.7543
    0.0000   30.0000   -7.5000 2751.4189   16.6286
    7.5000   30.0000   -7.5000 2741.2505   16.5768
   -7.5000   37.5000   -7.5000 2615.9463   17.7028
    0.0000   37.5000   -7.5000 2663.4382   17.5418
    7.5000   37.5000   -7.5000 2659.3335   17.5666
   -7.5000   45.0000   -7.5000 2507.1096   19.0347
    0.0000   45.0000   -7.5000 2552.5259   18.8764
    7.5000   45.0000   -7.5000 2547.0957   18.9013
   -7.5000  -45.0000    0.0000 2456.9658   17.6602
    0.0000  -45.0000    0.0000 2462.2500   17.3557
    7.5000  -45.0000    0.0000 2449.1252   17.6774
   -7.5000  -37.5000    0.0000 2525.9429   16.5753
    0.0000  -37.5000    0.0000 2537.4785   16.2865
    7.5000  -37.5000    0.0000 2511.0566   16.6223
   -7.5000  -30.0000    0.0000 2576.7998   15.7300
    0.0000  -30.0000    0.0000 2590.8611   15.4594
    7.5000  -30.0000    0.0000 2565.4448   15.7348
   -7.5000  -22.5000    0.0000 2622.9319   15.0378
    0.0000  -22.5000    0.0000 2637.2915   14.7650
    7.5000  -22.5000    0.0000 2621.0222   15.0103
   -7.5000  -15.0000    0.0000 2669.4043   14.5649
    0.0000  -15.0000    0.0000 2687.2004   14.2950
    7.5000  -15.0000    0.0000 2672.0266   14.5550
   -7.5000   -7.5000    0.0000 2718.5215   14.3065
    0.0000   -7.5000    0.0000 2743.7424   14.0245
    7.5000   -7.5000    0.0000 2728.5947   14.2448
   -7.5000    0.0000    0.0000 2762.3826   14.2444
    0.0000    0.0000    0.0000 2796.8567   13.9898
    7.5000    0.0000    0.0000 2779.1873   14.1817
   -7.5000    7.5000    0.0000 2802.1946   14.3911
    0.0000    7.5000    0.0000 2852.8010   14.1187
    7.5000    7.5000    0.0000 2827.6274   14.2947
   -7.5000   15.0000    0.0000 2830.5190   14.7522
    0.0000   15.0000    0.0000 2896.9199   14.5203
    7.5000   15.0000    0.0000 2863.7915   14.6518
   -7.5000   22.5000    0.0000 2827.5913   15.3854
    0.0000   22.5000    0.0000 2903.6201   15.1513
    7.5000   22.5000    0.0000 2862.8279   15.2564
   -7.5000   30.0000    0.0000 2772.8914   16.2734
    0.0000   30.0000    0.0000 2832.1084   16.0467
    7.5000   30.0000    0.0000 2809.0332   16.0572
   -7.5000   37.5000    0.0000 2672.5793   17.2090
    0.0000   37.5000    0.0000 2725.4312   17.0182
    7.5000   37.5000    0.0000 2714.9502   17.0038
   -7.5000   45.0000    0.0000 2547.2810   18.4000
    0.0000   45.0000    0.0000 2593.7659   18.2430
    7.5000   45.0000    0.0000 2592.6482   18.2549
   -7.5000  -45.0000    7.5000 2444.8347   17.4736
    0.0000  -45.0000    7.5000 2459.4846   17.1676
    7.5000  -45.0000    7.5000 2438.8013   17.4748
   -7.5000  -37.5000    7.5000 2516.9346   16.3741
    0.0000  -37.5000    7.5000 2532.7307   16.0508
    7.5000  -37.5000    7.5000 2507.3821   16.3721
   -7.5000  -30.0000    7.5000 2573.4453   15.4697
    0.0000  -30.0000    7.5000 2587.8037   15.1349
    7.5000  -30.0000    7.5000 2561.9373   15.4239
   -7.5000  -22.5000    7.5000 2617.3044   14.7930
    0.0000  -22.5000    7.5000 2637.4160   14.4459
    7.5000  -22.5000    7.5000 2618.1155   14.7562
   -7.5000  -15.0000    7.5000 2667.4470   14.3528
    0.0000  -15.0000    7.5000 2692.7961   13.9970
    7.5000  -15.0000    7.5000 2675.0159   14.3157
   -7.5000   -7.5000    7.5000 2719.2012   14.0986
    0.0000   -7.5000    7.5000 2753.4575   13.7386
    7.5000   -7.5000    7.5000 2739.8752   14.0458
   -7.5000    0.0000    7.5000 2772.5261   14.0454
    0.0000    0.0000    7.5000 2811.1484   13.6713
    7.5000    0.0000    7.5000 2796.9556   13.9570
   -7.5000    7.5000    7.5000 2824.5991   14.1600
    0.0000    7.5000    7.5000 2861.0623   13.7528
    7.5000    7.5000    7.5000 2853.8796   14.0454
   -7.5000   15.0000    7.5000 2855.9563   14.4725
    0.0000   15.0000    7.5000 2910.8318   14.0020
    7.5000   15.0000    7.5000 2889.9026   14.3363
   -7.5000   22.5000    7.5000 2865.1484   15.0157
    0.0000   22.5000    7.5000 2931.8027   14.6214
    7.5000   22.5000    7.5000 2897.5671   14.8706
   -7.5000   30.0000    7.5000 2810.1785   15.9766
    0.0000   30.0000    7.5000 2872.3730   15.6774
    7.5000   30.0000    7.5000 2842.2944   15.7790
   -7.5000   37.5000    7.5000 2709.7234   17.0429
    0.0000   37.5000    7.5000 2759.5186   16.7679
    7.5000   37.5000    7.5000 2742.2400   16.8091
   -7.5000   45.0000    7.5000 2570.8687   18.2187
    0.0000   45.0000    7.5000 2614.0815   17.9760
    7.5000   45.0000    7.5000 2612.6606   18.0283
   -7.5000  -45.0000   15.0000 2424.2378   17.4693
    0.0000  -45.0000   15.0000 2438.2620   17.1470
    7.5000  -45.0000   15.0000 2417.9973   17.4521
   -7.5000  -37.5000   15.0000 2487.7153   16.3284
    0.0000  -37.5000   15.0000 2507.5156   16.0136
    7.5000  -37.5000   15.0000 2490.5417   16.3380
   -7.5000  -30.0000   15.0000 2546.8130   15.4276
    0.0000  -30.0000   15.0000 2568.5000   15.1074
    7.5000  -30.0000   15.0000 2551.1348   15.4213
   -7.5000  -22.5000   15.0000 2598.2954   14.7562
    0.0000  -22.5000   15.0000 2627.2957   14.4777
    7.5000  -22.5000   15.0000 2615.4551   14.8059
   -7.5000  -15.0000   15.0000 2643.0068   14.3863
    0.0000  -15.0000   15.0000 2679.9473   14.0655
    7.5000  -15.0000   15.0000 2672.7251   14.3946
   -7.5000   -7.5000   15.0000 2700.3245   14.2101
    0.0000   -7.5000   15.0000 2740.7292   13.8172
    7.5000   -7.5000   15.0000 2731.5386   14.1553
   -7.5000    0.0000   15.0000 2757.5251   14.1549
    0.0000    0.0000   15.0000 2796.3364   13.7470
    7.5000    0.0000   15.0000 2785.6345   14.0801
   -7.5000    7.5000   15.0000 2804.3994   14.2914
    0.0000    7.5000   15.0000 2842.1545   13.8303
    7.5000    7.5000   15.0000 2837.0305   14.1578
   -7.5000   15.0000   15.0000 2839.9438   14.6627
    0.0000   15.0000   15.0000 2882.0571   14.1126
    7.5000   15.0000   15.0000 2872.2437   14.4180
   -7.5000   22.5000   15.0000 2842.8286   15.1489
    0.0000   22.5000   15.0000 2899.2915   14.6696
    7.5000   22.5000   15.0000 2877.0896   14.9415
   -7.5000   30.0000   15.0000 2790.7761   15.9540
    0.0000   30.0000   15.0000 2845.5483   15.5876
    7.5000   30.0000   15.0000 2827.1748   15.7471
   -7.5000   37.5000   15.0000 2695.3477   17.0204
    0.0000   37.5000   15.0000 2741.4092   16.6936
    7.5000   37.5000   15.0000 2729.8938   16.7287
   -7.5000   45.0000   15.0000 2557.9324   18.2536
    0.0000   45.0000   15.0000 2599.9954   17.9896
    7.5000   45.0000   15.0000 2599.5212   18.0005
   -7.5000  -45.0000   22.5000 2389.2068   17.8781
    0.0000  -45.0000   22.5000 2411.4451   17.5302
    7.5000  -45.0000   22.5000 2392.0042   17.8648
   -7.5000  -37.5000   22.5000 2456.3655   16.7190
    0.0000  -37.5000   22.5000 2483.8494   16.3423
    7.5000  -37.5000   22.5000 2467.4448   16.6861
   -7.5000  -30.0000   22.5000 2517.6042   15.7756
    0.0000  -30.0000   22.5000 2547.1902   15.4527
    7.5000  -30.0000   22.5000 2530.6367   15.7866
   -7.5000  -22.5000   22.5000 2573.1790   15.1621
    0.0000  -22.5000   22.5000 2606.9526   14.8665
    7.5000  -22.5000   22.5000 2591.7161   15.1245
   -7.5000  -15.0000   22.5000 2619.1550   14.8010
    0.0000  -15.0000   22.5000 2664.0063   14.5132
    7.5000  -15.0000   22.5000 2648.1313   14.7350
   -7.5000   -7.5000   22.5000 2670.0210   14.6243
    0.0000   -7.5000   22.5000 2715.6641   14.3236
    7.5000   -7.5000   22.5000 2703.2268   14.5219
   -7.5000    0.0000   22.5000 2717.6658   14.5827
    0.0000    0.0000   22.5000 2761.3374   14.2325
    7.5000    0.0000   22.5000 2753.7439   14.4261
   -7.5000    7.5000   22.5000 2762.7776   14.7156
    0.0000    7.5000   22.5000 2806.6667   14.3172
    7.5000    7.5000   22.5000 2791.8765   14.5044
   -7.5000   15.0000   22.5000 2790.6624   15.0318
    0.0000   15.0000   22.5000 2838.4211   14.6237
    7.5000   15.0000   22.5000 2816.4993   14.7659
   -7.5000   22.5000   22.5000 2777.0635   15.5734
    0.0000   22.5000   22.5000 2830.2402   15.2018
    7.5000   22.5000   22.5000 2816.5166   15.2863
   -7.5000   30.0000   22.5000 2719.8384   16.2542
    0.0000   30.0000   22.5000 2772.4521   15.9634
    7.5000   30.0000   22.5000 2766.2319   16.0353
   -7.5000   37.5000   22.5000 2639.7192   17.2176
    0.0000   37.5000   22.5000 2680.0544   16.9130
    7.5000   37.5000   22.5000 2677.5781   16.9686
   -7.5000   45.0000   22.5000 2520.7358   18.4685
    0.0000   45.0000   22.5000 2562.5110   18.1523
    7.5000   45.0000   22.5000 2562.3381   18.1851
   -7.5000  -45.0000   30.0000 2341.1289   18.6218
    0.0000  -45.0000   30.0000 2364.0720   18.3425
    7.5000  -45.0000   30.0000 2340.3401   18.6597
   -7.5000  -37.5000   30.0000 2409.7051   17.3687
    0.0000  -37.5000   30.0000 2438.0178   17.1197
    7.5000  -37.5000   30.0000 2416.1943   17.4307
   -7.5000  -30.0000   30.0000 2475.6946   16.4792
    0.0000  -30.0000   30.0000 2505.9468   16.2393
    7.5000  -30.0000   30.0000 2486.2166   16.4691
   -7.5000  -22.5000   30.0000 2526.5906   15.8664
    0.0000  -22.5000   30.0000 2560.4656   15.6397
    7.5000  -22.5000   30.0000 2544.3230   15.8082
   -7.5000  -15.0000   30.0000 2572.8140   15.5198
    0.0000  -15.0000   30.0000 2610.0422   15.2994
    7.5000  -15.0000   30.0000 2592.4663   15.4029
   -7.5000   -7.5000   30.0000 2616.6375   15.2832
    0.0000   -7.5000   30.0000 2659.0991   15.0205
    7.5000   -7.5000   30.0000 2647.8804   15.1380
   -7.5000    0.0000   30.0000 2656.1147   15.2427
    0.0000    0.0000   30.0000 2702.1516   14.9255
    7.5000    0.0000   30.0000 2694.0740   15.0479
   -7.5000    7.5000   30.0000 2692.0999   15.3577
    0.0000    7.5000   30.0000 2741.0325   15.0124
    7.5000    7.5000   30.0000 2728.3804   15.1155
   -7.5000   15.0000   30.0000 2712.4526   15.6912
    0.0000   15.0000   30.0000 2761.3757   15.3353
    7.5000   15.0000   30.0000 2748.0520   15.4197
   -7.5000   22.5000   30.0000 2694.0867   16.2030
    0.0000   22.5000   30.0000 2744.2302   15.8506
    7.5000   22.5000   30.0000 2736.8914   15.8989
   -7.5000   30.0000   30.0000 2633.0471   16.8880
    0.0000   30.0000   30.0000 2684.4443   16.5687
    7.5000   30.0000   30.0000 2683.9329   16.5954
   -7.5000   37.5000   30.0000 2554.8916   17.7493
    0.0000   37.5000   30.0000 2598.4443   17.4785
    7.5000   37.5000   30.0000 2592.5505   17.4980
   -7.5000   45.0000   30.0000 2449.8130   18.9241
    0.0000   45.0000   30.0000 2489.9902   18.7141
    7.5000   45.0000   30.0000 2487.4014   18.7246
   -7.5000  -45.0000   37.5000 2276.5767   19.6820
    0.0000  -45.0000   37.5000 2296.2595   19.4519
    7.5000  -45.0000   37.5000 2275.0076   19.6603
   -7.5000  -37.5000   37.5000 2349.8098   18.4020
    0.0000  -37.5000   37.5000 2373.0793   18.1546
    7.5000  -37.5000   37.5000 2350.2693   18.3725
   -7.5000  -30.0000   37.5000 2415.6741   17.4430
    0.0000  -30.0000   37.5000 2444.3914   17.2256
    7.5000  -30.0000   37.5000 2421.9077   17.3659
   -7.5000  -22.5000   37.5000 2466.8997   16.8061
    0.0000  -22.5000   37.5000 2501.9873   16.5998
    7.5000  -22.5000   37.5000 2484.5747   16.6934
   -7.5000  -15.0000   37.5000 2509.8350   16.3935
    0.0000  -15.0000   37.5000 2548.8967   16.1948
    7.5000  -15.0000   37.5000 2533.7009   16.2787
   -7.5000   -7.5000   37.5000 2550.0115   16.1540
    0.0000   -7.5000   37.5000 2593.1670   15.9071
    7.5000   -7.5000   37.5000 2584.1765   15.9794
   -7.5000    0.0000   37.5000 2583.0317   16.1117
    0.0000    0.0000   37.5000 2630.4412   15.8187
    7.5000    0.0000   37.5000 2625.4019   15.9033
   -7.5000    7.5000   37.5000 2608.3079   16.2144
    0.0000    7.5000   37.5000 2657.7537   15.9126
    7.5000    7.5000   37.5000 2650.6130   16.0048
   -7.5000   15.0000   37.5000 2616.6382   16.5592
    0.0000   15.0000   37.5000 2660.1709   16.2394
    7.5000   15.0000   37.5000 2655.1086   16.3208
   -7.5000   22.5000   37.5000 2597.9011   17.0550
    0.0000   22.5000   37.5000 2641.0476   16.7392
    7.5000   22.5000   37.5000 2639.5901   16.8148
   -7.5000   30.0000   37.5000 2549.4751   17.7578
    0.0000   30.0000   37.5000 2592.9246   17.4395
    7.5000   30.0000   37.5000 2592.1660   17.4818
   -7.5000   37.5000   37.5000 2472.9441   18.6287
    0.0000   37.5000   37.5000 2513.8970   18.3506
    7.5000   37.5000   37.5000 2510.0759   18.3368
   -7.5000   45.0000   37.5000 2375.0574   19.7753
    0.0000   45.0000   37.5000 2416.7764   19.5301
    7.5000   45.0000   37.5000 2410.9099   19.5556
   -7.5000  -45.0000   45.0000 2199.0344   20.9710
    0.0000  -45.0000   45.0000 2217.2266   20.6708
    7.5000  -45.0000   45.0000 2202.1072   20.9080
   -7.5000  -37.5000   45.0000 2274.8733   19.6632
    0.0000  -37.5000   45.0000 2295.3906   19.3181
    7.5000  -37.5000   45.0000 2274.9685   19.5548
   -7.5000  -30.0000   45.0000 2338.6880   18.6373
    0.0000  -30.0000   45.0000 2365.2295   18.3108
    7.5000  -30.0000   45.0000 2347.7439   18.4950
   -7.5000  -22.5000   45.0000 2386.2937   18.0115
    0.0000  -22.5000   45.0000 2424.3032   17.7507
    7.5000  -22.5000   45.0000 2410.3018   17.8388
   -7.5000  -15.0000   45.0000 2428.2385   17.5185
    0.0000  -15.0000   45.0000 2464.5105   17.2843
    7.5000  -15.0000   45.0000 2454.9565   17.3607
   -7.5000   -7.5000   45.0000 2467.7241   17.2620
    0.0000   -7.5000   45.0000 2507.2783   16.9919
    7.5000   -7.5000   45.0000 2504.1104   17.0926
   -7.5000    0.0000   45.0000 2496.4011   17.1897
    0.0000    0.0000   45.0000 2537.8752   16.9027
    7.5000    0.0000   45.0000 2536.4231   16.9848
   -7.5000    7.5000   45.0000 2515.3027   17.2974
    0.0000    7.5000   45.0000 2555.9114   16.9805
    7.5000    7.5000   45.0000 2554.4458   17.0704
   -7.5000   15.0000   45.0000 2513.1941   17.6161
    0.0000   15.0000   45.0000 2547.7751   17.2998
    7.5000   15.0000   45.0000 2547.8538   17.4117
   -7.5000   22.5000   45.0000 2487.1172   18.1397
    0.0000   22.5000   45.0000 2527.6121   17.8392
    7.5000   22.5000   45.0000 2529.5007   17.9549
   -7.5000   30.0000   45.0000 2451.4958   18.8681
    0.0000   30.0000   45.0000 2490.4182   18.5705
    7.5000   30.0000   45.0000 2488.7161   18.6097
   -7.5000   37.5000   45.0000 2387.5535   19.7938
    0.0000   37.5000   45.0000 2423.9380   19.5357
    7.5000   37.5000   45.0000 2419.3137   19.4997
   -7.5000   45.0000   45.0000 2299.3984   20.9778
    0.0000   45.0000   45.0000 2333.3533   20.7025
    7.5000   45.0000   45.0000 2330.2969   20.6928

---------------------------------------------------------------------
imgreg_4dfp /opt/freesurfer/average/711-2C_as_mni_average_305 /opt/freesurfer/average/711-2B_as_mni_average_305_mask talsrcimg_g11 none talsrcimg_to_711-2C_as_mni_average_305_t4 1283
---------------------------------------------------------------------

freesurfer imgreg_4dfp.c
/opt/freesurfer/average/711-2C_as_mni_average_305.4dfp.img
       256       256       256         1
  1.000000  1.000000  1.000000
orientation T byte_order littleendian
Reading image: /opt/freesurfer/average/711-2C_as_mni_average_305.4dfp.img
dimensions:      256       256       256
mmppix:       1.0000   -1.0000   -1.0000
center:     128.0000 -129.0000 -129.0000
/opt/freesurfer/average/711-2B_as_mni_average_305_mask.4dfp.img
       256       256       256         1
  1.000000  1.000000  1.000000
orientation T byte_order littleendian
Reading mask: /opt/freesurfer/average/711-2B_as_mni_average_305_mask.4dfp.img (2306576 pixels)
talsrcimg_g11.4dfp.img
       256       256       256         1
  1.000000  1.000000  1.000000
orientation T byte_order littleendian
Reading image: talsrcimg_g11.4dfp.img
dimensions:      256       256       256
mmppix:       1.0000   -1.0000   -1.0000
center:     128.0000 -129.0000 -129.0000
rotation matrix determinant  1.000000
fimgreg.f
image alignment mode   1283 decimal      503 hex
parameters
    0.0000   22.5000    7.5000    0.0000    0.0000    0.0000
eta,q 0.91974 14.54711
niter,ni,del,rscale     5    3   12.0000    1.2000
parameter  2  0.878098 ->  0.500000 qaram    1.1500
parameter  6  1.192794 ->  0.500000 qaram    1.1500
parameters
    2.9528   19.0500    6.6533    2.2664   -2.6447   -3.4500
eta,q 0.92310 14.17594
  0.0991  0.0821  0.0865  0.0863  0.0813  0.0770
  0.0941  0.0815  0.0821  0.0830  0.0803  0.0767
  0.0907  0.0825  0.0810  0.0816  0.0803  0.0779
  0.0865  0.0845  0.0820  0.0816  0.0813  0.0802
  0.0842  0.0869  0.0827  0.0813  0.0823  0.0834
  0.0855  0.0899  0.0852  0.0811  0.0843  0.0865
  0.0872  0.0933  0.0896  0.0816  0.0879  0.0890
niter,ni,del,rscale     6    3   12.0000    1.2000
parameters
    1.9568   20.5335    5.7780    4.0593   -3.4511   -4.7185
eta,q 0.92816 14.49287
  0.0838  0.0902  0.0802  0.0825  0.0771  0.0783
  0.0785  0.0856  0.0738  0.0792  0.0744  0.0744
  0.0761  0.0814  0.0713  0.0757  0.0727  0.0723
  0.0769  0.0761  0.0744  0.0726  0.0720  0.0721
  0.0798  0.0744  0.0776  0.0722  0.0733  0.0746
  0.0834  0.0777  0.0786  0.0735  0.0768  0.0794
  0.0894  0.0837  0.0807  0.0759  0.0810  0.0847
niter,ni,del,rscale     5    3   12.0000    1.2000
parameters
    1.7495   20.6788    6.2212    4.3133   -3.9288   -4.9161
eta,q 0.92778 14.51181
  0.0853  0.0862  0.0830  0.0807  0.0770  0.0813
  0.0772  0.0838  0.0754  0.0767  0.0740  0.0763
  0.0727  0.0778  0.0714  0.0728  0.0727  0.0734
  0.0718  0.0717  0.0716  0.0720  0.0721  0.0722
  0.0750  0.0721  0.0740  0.0738  0.0725  0.0736
  0.0794  0.0791  0.0760  0.0763  0.0750  0.0772
  0.0860  0.0892  0.0777  0.0787  0.0795  0.0824
niter,ni,del,rscale     4    3   12.0000    1.2000
parameters
    1.7891   20.7308    6.4029    4.4422   -3.9620   -4.9429
eta,q 0.92758 14.51642
  0.0862  0.0864  0.0815  0.0807  0.0779  0.0819
  0.0781  0.0837  0.0744  0.0765  0.0745  0.0769
  0.0734  0.0781  0.0714  0.0728  0.0730  0.0737
  0.0722  0.0722  0.0722  0.0723  0.0724  0.0724
  0.0749  0.0727  0.0742  0.0743  0.0724  0.0737
  0.0787  0.0798  0.0761  0.0770  0.0743  0.0770
  0.0847  0.0900  0.0780  0.0789  0.0784  0.0820
niter,ni,del,rscale     3    3   12.0000    1.2000
parameters
    1.8066   20.7515    6.4483    4.4874   -3.9591   -4.9451
eta,q 0.92753 14.51899
  0.0861  0.0864  0.0809  0.0806  0.0780  0.0819
  0.0781  0.0838  0.0741  0.0763  0.0745  0.0770
  0.0736  0.0783  0.0715  0.0727  0.0730  0.0738
  0.0724  0.0724  0.0724  0.0724  0.0725  0.0725
  0.0751  0.0730  0.0744  0.0745  0.0725  0.0737
  0.0788  0.0801  0.0762  0.0772  0.0743  0.0770
  0.0849  0.0903  0.0781  0.0790  0.0784  0.0820
registration optimization eta report
parameter search radius
    6.0000    6.9000    6.0000    6.0000    6.0000    6.9000
100000*second partial in parameter space
       35.       32.       20.       20.       17.       20.
  0.0861  0.0864  0.0809  0.0806  0.0780  0.0819
  0.0781  0.0838  0.0741  0.0763  0.0745  0.0770
  0.0736  0.0783  0.0715  0.0727  0.0730  0.0738
  0.0724  0.0724  0.0724  0.0724  0.0725  0.0725
  0.0751  0.0730  0.0744  0.0745  0.0725  0.0737
  0.0788  0.0801  0.0762  0.0772  0.0743  0.0770
  0.0849  0.0903  0.0781  0.0790  0.0784  0.0820
    1.8066   20.7515    6.4483    4.4874   -3.9591   -4.9451
eta,q 0.92753 14.51899

---------------------------------------------------------------------
imgreg_4dfp /opt/freesurfer/average/711-2C_as_mni_average_305 /opt/freesurfer/average/711-2B_as_mni_average_305_mask talsrcimg_g11 none talsrcimg_to_711-2C_as_mni_average_305_t4 3335
---------------------------------------------------------------------

freesurfer imgreg_4dfp.c
/opt/freesurfer/average/711-2C_as_mni_average_305.4dfp.img
       256       256       256         1
  1.000000  1.000000  1.000000
orientation T byte_order littleendian
Reading image: /opt/freesurfer/average/711-2C_as_mni_average_305.4dfp.img
dimensions:      256       256       256
mmppix:       1.0000   -1.0000   -1.0000
center:     128.0000 -129.0000 -129.0000
/opt/freesurfer/average/711-2B_as_mni_average_305_mask.4dfp.img
       256       256       256         1
  1.000000  1.000000  1.000000
orientation T byte_order littleendian
Reading mask: /opt/freesurfer/average/711-2B_as_mni_average_305_mask.4dfp.img (2306576 pixels)
talsrcimg_g11.4dfp.img
       256       256       256         1
  1.000000  1.000000  1.000000
orientation T byte_order littleendian
Reading image: talsrcimg_g11.4dfp.img
dimensions:      256       256       256
mmppix:       1.0000   -1.0000   -1.0000
center:     128.0000 -129.0000 -129.0000
fimgreg.f
image alignment mode   3335 decimal      D07 hex
parameters
    1.8066   20.7515    6.4483   -0.6100   -0.7242   -0.5444
    9.1319    6.1831   -8.5996   -8.3881   -6.9044    7.8052
eta,q 0.92848 14.54508
niter,ni,del,rscale     5    3    5.0000    1.2000
parameter  4  4.326493 ->  0.500000 qaram    1.1500
parameter  5  4.045786 ->  0.500000 qaram    1.1500
parameter  6  6.395036 ->  0.500000 qaram    1.1500
parameter  9 -0.600379 -> -0.500000 qaram    1.1500
parameters
    1.5279   21.2674    6.9292   -4.7500   -4.8642   -4.6844
    7.4496    5.4083   -4.4596   -8.8798   -5.7279    7.6186
eta,q 0.95282 13.71730
  0.0736  0.0738  0.0735  0.0596  0.0538  0.0423  0.0499  0.0513  0.0521  0.0504  0.0488  0.0488
  0.0723  0.0727  0.0725  0.0630  0.0568  0.0469  0.0487  0.0493  0.0504  0.0486  0.0481  0.0480
  0.0716  0.0719  0.0717  0.0671  0.0603  0.0520  0.0481  0.0482  0.0490  0.0475  0.0475  0.0474
  0.0715  0.0715  0.0714  0.0714  0.0640  0.0577  0.0483  0.0481  0.0480  0.0473  0.0472  0.0472
  0.0720  0.0714  0.0714  0.0757  0.0681  0.0638  0.0491  0.0488  0.0474  0.0480  0.0472  0.0474
  0.0731  0.0717  0.0717  0.0808  0.0725  0.0699  0.0506  0.0505  0.0473  0.0494  0.0475  0.0480
  0.0749  0.0725  0.0723  0.0861  0.0772  0.0759  0.0527  0.0531  0.0477  0.0511  0.0481  0.0491
niter,ni,del,rscale     7    3    5.0000    1.2000
parameter  4  1.791420 ->  0.500000 qaram    1.3225
parameter  5  1.263667 ->  0.500000 qaram    1.3225
parameter  6  0.948746 ->  0.500000 qaram    1.3225
parameters
    1.0802   21.6915    7.8111   -9.5110   -9.6252   -9.4454
    7.0576    5.7994   -5.4390  -10.6960   -6.5475   10.1741
eta,q 0.97170 13.29960
  0.0497  0.0508  0.0503  0.0374  0.0340  0.0293  0.0332  0.0373  0.0322  0.0313  0.0305  0.0323
  0.0480  0.0491  0.0487  0.0392  0.0347  0.0290  0.0309  0.0335  0.0303  0.0295  0.0294  0.0307
  0.0472  0.0479  0.0475  0.0424  0.0367  0.0307  0.0296  0.0306  0.0293  0.0287  0.0287  0.0294
  0.0472  0.0470  0.0469  0.0466  0.0399  0.0351  0.0292  0.0292  0.0291  0.0291  0.0286  0.0286
  0.0482  0.0469  0.0466  0.0521  0.0441  0.0409  0.0299  0.0298  0.0300  0.0306  0.0291  0.0283
  0.0501  0.0476  0.0468  0.0577  0.0489  0.0480  0.0316  0.0322  0.0317  0.0325  0.0301  0.0285
  0.0526  0.0490  0.0474  0.0636  0.0540  0.0549  0.0341  0.0359  0.0338  0.0350  0.0316  0.0293
niter,ni,del,rscale     7    3    5.0000    1.2000
parameters
    1.2489   21.6635    7.5711  -13.4236  -12.8703  -13.1947
    7.6321    5.5482   -6.1193  -12.7219   -6.6816   11.1427
eta,q 0.97352 12.81220
  0.0346  0.0320  0.0311  0.0297  0.0291  0.0285  0.0313  0.0318  0.0295  0.0285  0.0280  0.0291
  0.0313  0.0300  0.0293  0.0281  0.0276  0.0273  0.0291  0.0289  0.0280  0.0271  0.0272  0.0279
  0.0292  0.0287  0.0284  0.0273  0.0269  0.0268  0.0276  0.0273  0.0271  0.0265  0.0267  0.0270
  0.0283  0.0283  0.0283  0.0282  0.0273  0.0269  0.0269  0.0269  0.0269  0.0268  0.0265  0.0265
  0.0287  0.0288  0.0290  0.0314  0.0293  0.0298  0.0271  0.0276  0.0275  0.0280  0.0267  0.0266
  0.0303  0.0301  0.0303  0.0368  0.0328  0.0353  0.0283  0.0294  0.0287  0.0299  0.0273  0.0271
  0.0330  0.0322  0.0323  0.0431  0.0376  0.0428  0.0301  0.0326  0.0305  0.0321  0.0281  0.0280
niter,ni,del,rscale     6    3    5.0000    1.2000
parameters
    1.6082   21.8938    7.6100  -14.0833  -13.6705  -14.3335
    7.5906    5.5964   -6.3452  -12.6065   -6.8088   11.2666
eta,q 0.97343 12.65841
  0.0322  0.0305  0.0287  0.0305  0.0306  0.0304  0.0304  0.0320  0.0297  0.0306  0.0281  0.0286
  0.0294  0.0284  0.0274  0.0285  0.0285  0.0281  0.0284  0.0290  0.0280  0.0283  0.0272  0.0276
  0.0275  0.0270  0.0266  0.0271  0.0270  0.0269  0.0270  0.0271  0.0269  0.0270  0.0267  0.0268
  0.0265  0.0264  0.0263  0.0263  0.0264  0.0264  0.0266  0.0266  0.0266  0.0266  0.0266  0.0266
  0.0265  0.0265  0.0266  0.0266  0.0272  0.0265  0.0271  0.0272  0.0270  0.0270  0.0268  0.0268
  0.0276  0.0275  0.0273  0.0287  0.0293  0.0292  0.0284  0.0289  0.0282  0.0284  0.0273  0.0275
  0.0296  0.0293  0.0285  0.0328  0.0327  0.0344  0.0305  0.0318  0.0301  0.0302  0.0282  0.0285
niter,ni,del,rscale     5    3    5.0000    1.2000
parameters
    1.6890   21.9173    7.6034  -14.1180  -13.7273  -14.3451
    7.6063    5.6364   -6.3598  -12.5892   -6.8043   11.2626
eta,q 0.97342 12.65208
  0.0311  0.0300  0.0287  0.0309  0.0314  0.0314  0.0304  0.0320  0.0298  0.0305  0.0281  0.0286
  0.0287  0.0282  0.0275  0.0288  0.0291  0.0288  0.0284  0.0289  0.0281  0.0283  0.0273  0.0275
  0.0272  0.0270  0.0268  0.0274  0.0274  0.0272  0.0270  0.0271  0.0270  0.0270  0.0268  0.0268
  0.0266  0.0266  0.0266  0.0266  0.0266  0.0266  0.0266  0.0266  0.0266  0.0266  0.0266  0.0266
  0.0270  0.0269  0.0268  0.0266  0.0270  0.0263  0.0270  0.0272  0.0269  0.0271  0.0268  0.0268
  0.0283  0.0281  0.0275  0.0282  0.0288  0.0278  0.0284  0.0289  0.0281  0.0284  0.0273  0.0275
  0.0306  0.0299  0.0287  0.0316  0.0318  0.0324  0.0304  0.0318  0.0299  0.0303  0.0281  0.0286
niter,ni,del,rscale     4    3    5.0000    1.2000
parameters
    1.6955   21.9203    7.6075  -14.1070  -13.7302  -14.3335
    7.6122    5.6411   -6.3678  -12.5857   -6.7999   11.2541
eta,q 0.97343 12.65330
  0.0309  0.0300  0.0287  0.0309  0.0314  0.0314  0.0304  0.0319  0.0298  0.0305  0.0281  0.0286
  0.0285  0.0281  0.0276  0.0288  0.0291  0.0288  0.0284  0.0289  0.0281  0.0282  0.0273  0.0275
  0.0271  0.0270  0.0268  0.0274  0.0274  0.0272  0.0270  0.0271  0.0270  0.0270  0.0268  0.0268
  0.0266  0.0266  0.0266  0.0266  0.0266  0.0266  0.0266  0.0266  0.0266  0.0266  0.0266  0.0266
  0.0271  0.0270  0.0268  0.0266  0.0270  0.0263  0.0270  0.0272  0.0269  0.0271  0.0268  0.0268
  0.0285  0.0281  0.0275  0.0282  0.0288  0.0278  0.0284  0.0290  0.0281  0.0284  0.0273  0.0275
  0.0309  0.0300  0.0287  0.0316  0.0318  0.0323  0.0304  0.0318  0.0299  0.0303  0.0281  0.0286
registration optimization eta report
parameter search radius
    2.4000    2.4000    2.4000    9.5220    9.5220    9.5220
    7.2000    7.2000    8.2800    7.2000    7.2000    7.2000
100000*second partial in parameter space
       74.       59.       37.        5.        5.        6.
        7.       10.        5.        7.        3.        4.
  0.0309  0.0300  0.0287  0.0309  0.0314  0.0314  0.0304  0.0319  0.0298  0.0305  0.0281  0.0286
  0.0285  0.0281  0.0276  0.0288  0.0291  0.0288  0.0284  0.0289  0.0281  0.0282  0.0273  0.0275
  0.0271  0.0270  0.0268  0.0274  0.0274  0.0272  0.0270  0.0271  0.0270  0.0270  0.0268  0.0268
  0.0266  0.0266  0.0266  0.0266  0.0266  0.0266  0.0266  0.0266  0.0266  0.0266  0.0266  0.0266
  0.0271  0.0270  0.0268  0.0266  0.0270  0.0263  0.0270  0.0272  0.0269  0.0271  0.0268  0.0268
  0.0285  0.0281  0.0275  0.0282  0.0288  0.0278  0.0284  0.0290  0.0281  0.0284  0.0273  0.0275
  0.0309  0.0300  0.0287  0.0316  0.0318  0.0323  0.0304  0.0318  0.0299  0.0303  0.0281  0.0286
    1.6955   21.9203    7.6075  -14.1070  -13.7302  -14.3335
    7.6122    5.6411   -6.3678  -12.5857   -6.7999   11.2541
eta,q 0.97343 12.65330

---------------------------------------------------------------------
imgreg_4dfp /opt/freesurfer/average/711-2C_as_mni_average_305 /opt/freesurfer/average/711-2B_as_mni_average_305_mask talsrcimg_g11 none talsrcimg_to_711-2C_as_mni_average_305_t4 2311
---------------------------------------------------------------------

freesurfer imgreg_4dfp.c
/opt/freesurfer/average/711-2C_as_mni_average_305.4dfp.img
       256       256       256         1
  1.000000  1.000000  1.000000
orientation T byte_order littleendian
Reading image: /opt/freesurfer/average/711-2C_as_mni_average_305.4dfp.img
dimensions:      256       256       256
mmppix:       1.0000   -1.0000   -1.0000
center:     128.0000 -129.0000 -129.0000
/opt/freesurfer/average/711-2B_as_mni_average_305_mask.4dfp.img
       256       256       256         1
  1.000000  1.000000  1.000000
orientation T byte_order littleendian
Reading mask: /opt/freesurfer/average/711-2B_as_mni_average_305_mask.4dfp.img (2306576 pixels)
talsrcimg_g11.4dfp.img
       256       256       256         1
  1.000000  1.000000  1.000000
orientation T byte_order littleendian
Reading image: talsrcimg_g11.4dfp.img
dimensions:      256       256       256
mmppix:       1.0000   -1.0000   -1.0000
center:     128.0000 -129.0000 -129.0000
fimgreg.f
image alignment mode   2311 decimal      907 hex
parameters
    1.6955   21.9203    7.6075  -14.1070  -13.7302  -14.3335
    7.6122    5.6411   -6.3678  -12.5857   -6.7999   11.2541
eta,q 0.97343 12.65329
niter,ni,del,rscale     5    3    5.0000    0.8000
parameters
    1.6997   21.9278    7.6072  -13.0010  -13.4268  -12.0595
    7.5661    5.9033   -6.3918  -12.7404   -6.5116   10.7413
eta,q 0.97389 12.86911
  0.0285  0.0281  0.0275  0.0280  0.0281  0.0278  0.0280  0.0291  0.0274  0.0278  0.0270  0.0269
  0.0275  0.0273  0.0270  0.0274  0.0273  0.0271  0.0270  0.0275  0.0267  0.0268  0.0266  0.0264
  0.0268  0.0268  0.0267  0.0269  0.0267  0.0267  0.0263  0.0265  0.0263  0.0263  0.0262  0.0262
  0.0266  0.0266  0.0266  0.0266  0.0264  0.0264  0.0261  0.0261  0.0261  0.0261  0.0261  0.0261
  0.0268  0.0267  0.0267  0.0264  0.0265  0.0262  0.0264  0.0263  0.0263  0.0264  0.0262  0.0263
  0.0274  0.0273  0.0270  0.0266  0.0270  0.0261  0.0270  0.0271  0.0267  0.0270  0.0264  0.0267
  0.0285  0.0281  0.0275  0.0272  0.0278  0.0265  0.0281  0.0285  0.0274  0.0280  0.0268  0.0273
niter,ni,del,rscale     4    3    5.0000    0.7000
parameters
    1.6248   21.9145    7.7029  -12.6425  -13.4053  -12.4088
    7.6280    5.8787   -6.4462  -12.7120   -6.4312   10.9510
eta,q 0.97390 12.87232
  0.0276  0.0273  0.0271  0.0273  0.0272  0.0268  0.0277  0.0281  0.0271  0.0275  0.0268  0.0270
  0.0267  0.0267  0.0266  0.0268  0.0266  0.0265  0.0268  0.0270  0.0265  0.0267  0.0264  0.0265
  0.0262  0.0262  0.0262  0.0264  0.0262  0.0263  0.0263  0.0263  0.0262  0.0263  0.0262  0.0262
  0.0261  0.0261  0.0261  0.0261  0.0261  0.0261  0.0261  0.0261  0.0261  0.0261  0.0261  0.0261
  0.0263  0.0262  0.0262  0.0261  0.0262  0.0260  0.0263  0.0263  0.0262  0.0263  0.0262  0.0262
  0.0270  0.0267  0.0264  0.0264  0.0266  0.0264  0.0268  0.0270  0.0266  0.0267  0.0264  0.0264
  0.0279  0.0274  0.0269  0.0271  0.0273  0.0276  0.0276  0.0282  0.0271  0.0275  0.0267  0.0268
niter,ni,del,rscale     3    3    5.0000    0.6000
parameters
    1.6117   21.8922    7.6854  -12.5257  -13.3925  -12.1004
    7.6461    5.9016   -6.4447  -12.7256   -6.4308   10.8864
eta,q 0.97395 12.89596
  0.0273  0.0270  0.0267  0.0270  0.0270  0.0268  0.0272  0.0276  0.0268  0.0271  0.0265  0.0266
  0.0266  0.0265  0.0264  0.0266  0.0265  0.0265  0.0266  0.0268  0.0264  0.0265  0.0263  0.0263
  0.0262  0.0262  0.0262  0.0263  0.0262  0.0263  0.0262  0.0262  0.0261  0.0262  0.0261  0.0261
  0.0261  0.0261  0.0261  0.0261  0.0261  0.0261  0.0260  0.0261  0.0260  0.0260  0.0261  0.0261
  0.0262  0.0262  0.0262  0.0261  0.0262  0.0260  0.0262  0.0262  0.0261  0.0262  0.0261  0.0261
  0.0267  0.0265  0.0264  0.0264  0.0265  0.0261  0.0266  0.0267  0.0264  0.0265  0.0263  0.0263
  0.0273  0.0271  0.0267  0.0270  0.0270  0.0267  0.0272  0.0276  0.0268  0.0271  0.0265  0.0267
niter,ni,del,rscale     2    3    5.0000    0.5000
parameters
    1.5997   21.8883    7.7082  -12.3731  -13.3935  -11.8154
    7.6403    5.9300   -6.4278  -12.7208   -6.4661   10.8308
eta,q 0.97399 12.91910
  0.0269  0.0267  0.0265  0.0267  0.0267  0.0266  0.0268  0.0271  0.0265  0.0267  0.0263  0.0264
  0.0264  0.0264  0.0263  0.0264  0.0263  0.0264  0.0264  0.0265  0.0262  0.0263  0.0262  0.0262
  0.0261  0.0261  0.0261  0.0262  0.0261  0.0262  0.0261  0.0261  0.0261  0.0261  0.0260  0.0261
  0.0261  0.0261  0.0261  0.0260  0.0260  0.0260  0.0260  0.0260  0.0260  0.0260  0.0260  0.0260
  0.0261  0.0261  0.0261  0.0261  0.0261  0.0260  0.0261  0.0261  0.0261  0.0261  0.0261  0.0261
  0.0265  0.0264  0.0262  0.0263  0.0263  0.0261  0.0264  0.0265  0.0262  0.0263  0.0262  0.0262
  0.0269  0.0267  0.0265  0.0267  0.0267  0.0265  0.0268  0.0271  0.0265  0.0267  0.0264  0.0264
niter,ni,del,rscale     1    3    5.0000    0.4000
parameters
    1.5855   21.8773    7.7398  -12.2545  -13.3967  -11.5586
    7.6382    5.9418   -6.4033  -12.7100   -6.5001   10.7928
eta,q 0.97402 12.93836
  0.0265  0.0264  0.0263  0.0265  0.0264  0.0264  0.0265  0.0267  0.0263  0.0265  0.0262  0.0262
  0.0262  0.0262  0.0262  0.0263  0.0262  0.0262  0.0262  0.0263  0.0261  0.0262  0.0261  0.0261
  0.0261  0.0261  0.0261  0.0261  0.0261  0.0261  0.0260  0.0261  0.0260  0.0260  0.0260  0.0260
  0.0260  0.0260  0.0260  0.0260  0.0260  0.0260  0.0260  0.0260  0.0260  0.0260  0.0260  0.0260
  0.0261  0.0261  0.0260  0.0260  0.0260  0.0260  0.0260  0.0261  0.0260  0.0260  0.0260  0.0260
  0.0263  0.0262  0.0261  0.0262  0.0262  0.0261  0.0262  0.0263  0.0261  0.0262  0.0261  0.0261
  0.0266  0.0264  0.0263  0.0264  0.0264  0.0263  0.0265  0.0267  0.0263  0.0265  0.0262  0.0263
registration optimization eta report
parameter search radius
    0.8000    0.8000    0.8000    2.4000    2.4000    2.4000
    2.4000    2.4000    2.4000    2.4000    2.4000    2.4000
100000*second partial in parameter space
       87.       67.       47.        8.        7.        7.
        9.       13.        6.        8.        4.        5.
  0.0265  0.0264  0.0263  0.0265  0.0264  0.0264  0.0265  0.0267  0.0263  0.0265  0.0262  0.0262
  0.0262  0.0262  0.0262  0.0263  0.0262  0.0262  0.0262  0.0263  0.0261  0.0262  0.0261  0.0261
  0.0261  0.0261  0.0261  0.0261  0.0261  0.0261  0.0260  0.0261  0.0260  0.0260  0.0260  0.0260
  0.0260  0.0260  0.0260  0.0260  0.0260  0.0260  0.0260  0.0260  0.0260  0.0260  0.0260  0.0260
  0.0261  0.0261  0.0260  0.0260  0.0260  0.0260  0.0260  0.0261  0.0260  0.0260  0.0260  0.0260
  0.0263  0.0262  0.0261  0.0262  0.0262  0.0261  0.0262  0.0263  0.0261  0.0262  0.0261  0.0261
  0.0266  0.0264  0.0263  0.0264  0.0264  0.0263  0.0265  0.0267  0.0263  0.0265  0.0262  0.0263
    1.5855   21.8773    7.7398  -12.2545  -13.3967  -11.5586
    7.6382    5.9418   -6.4033  -12.7100   -6.5001   10.7928
eta,q 0.97402 12.93836

---------------------------------------------------------------------
imgreg_4dfp /opt/freesurfer/average/711-2C_as_mni_average_305 /opt/freesurfer/average/711-2B_as_mni_average_305_mask talsrcimg_g11 none talsrcimg_to_711-2C_as_mni_average_305_t4 2311
---------------------------------------------------------------------

freesurfer imgreg_4dfp.c
/opt/freesurfer/average/711-2C_as_mni_average_305.4dfp.img
       256       256       256         1
  1.000000  1.000000  1.000000
orientation T byte_order littleendian
Reading image: /opt/freesurfer/average/711-2C_as_mni_average_305.4dfp.img
dimensions:      256       256       256
mmppix:       1.0000   -1.0000   -1.0000
center:     128.0000 -129.0000 -129.0000
/opt/freesurfer/average/711-2B_as_mni_average_305_mask.4dfp.img
       256       256       256         1
  1.000000  1.000000  1.000000
orientation T byte_order littleendian
Reading mask: /opt/freesurfer/average/711-2B_as_mni_average_305_mask.4dfp.img (2306576 pixels)
talsrcimg_g11.4dfp.img
       256       256       256         1
  1.000000  1.000000  1.000000
orientation T byte_order littleendian
Reading image: talsrcimg_g11.4dfp.img
dimensions:      256       256       256
mmppix:       1.0000   -1.0000   -1.0000
center:     128.0000 -129.0000 -129.0000
fimgreg.f
image alignment mode   2311 decimal      907 hex
parameters
    1.5855   21.8773    7.7398  -12.2545  -13.3967  -11.5586
    7.6382    5.9418   -6.4033  -12.7100   -6.5001   10.7928
eta,q 0.97402 12.93835
niter,ni,del,rscale     5    3    5.0000    0.8000
parameters
    1.5717   21.8531    7.7588  -12.6695  -13.4647  -12.5008
    7.6781    5.8206   -6.4414  -12.7568   -6.4565   11.0746
eta,q 0.97388 12.86346
  0.0282  0.0276  0.0272  0.0273  0.0275  0.0269  0.0281  0.0287  0.0274  0.0279  0.0269  0.0272
  0.0270  0.0267  0.0266  0.0267  0.0267  0.0265  0.0270  0.0272  0.0267  0.0269  0.0265  0.0267
  0.0262  0.0262  0.0261  0.0262  0.0262  0.0262  0.0264  0.0264  0.0263  0.0263  0.0262  0.0263
  0.0260  0.0260  0.0260  0.0260  0.0260  0.0260  0.0261  0.0261  0.0261  0.0261  0.0261  0.0261
  0.0262  0.0262  0.0261  0.0262  0.0262  0.0261  0.0263  0.0264  0.0263  0.0263  0.0262  0.0262
  0.0270  0.0268  0.0265  0.0269  0.0267  0.0271  0.0270  0.0274  0.0267  0.0270  0.0265  0.0265
  0.0282  0.0277  0.0272  0.0281  0.0276  0.0290  0.0280  0.0289  0.0274  0.0280  0.0269  0.0270
niter,ni,del,rscale     4    3    5.0000    0.7000
parameters
    1.6105   21.8743    7.7020  -12.6513  -13.4375  -12.4288
    7.6484    5.8602   -6.4630  -12.7518   -6.4237   11.0126
eta,q 0.97389 12.86920
  0.0278  0.0274  0.0269  0.0272  0.0273  0.0269  0.0276  0.0282  0.0271  0.0275  0.0267  0.0269
  0.0269  0.0267  0.0264  0.0267  0.0267  0.0266  0.0268  0.0270  0.0265  0.0267  0.0264  0.0264
  0.0263  0.0263  0.0262  0.0264  0.0263  0.0264  0.0263  0.0263  0.0262  0.0263  0.0262  0.0262
  0.0261  0.0261  0.0261  0.0261  0.0261  0.0261  0.0261  0.0261  0.0261  0.0261  0.0261  0.0261
  0.0263  0.0262  0.0262  0.0262  0.0262  0.0260  0.0263  0.0263  0.0262  0.0263  0.0262  0.0262
  0.0268  0.0267  0.0265  0.0266  0.0266  0.0263  0.0268  0.0270  0.0266  0.0267  0.0264  0.0265
  0.0277  0.0274  0.0270  0.0273  0.0273  0.0272  0.0276  0.0281  0.0271  0.0275  0.0267  0.0269
niter,ni,del,rscale     3    3    5.0000    0.6000
parameters
    1.6116   21.8848    7.6949  -12.5193  -13.4182  -12.1073
    7.6486    5.8986   -6.4496  -12.7401   -6.4298   10.9084
eta,q 0.97395 12.89460
  0.0273  0.0271  0.0267  0.0270  0.0270  0.0268  0.0272  0.0276  0.0268  0.0271  0.0265  0.0266
  0.0266  0.0265  0.0264  0.0266  0.0265  0.0265  0.0266  0.0268  0.0264  0.0265  0.0263  0.0263
  0.0262  0.0262  0.0262  0.0263  0.0262  0.0263  0.0262  0.0262  0.0261  0.0262  0.0261  0.0261
  0.0261  0.0261  0.0261  0.0261  0.0261  0.0261  0.0261  0.0261  0.0260  0.0260  0.0261  0.0261
  0.0262  0.0262  0.0262  0.0261  0.0262  0.0260  0.0262  0.0262  0.0261  0.0262  0.0261  0.0261
  0.0266  0.0265  0.0264  0.0264  0.0265  0.0261  0.0266  0.0267  0.0264  0.0265  0.0263  0.0263
  0.0273  0.0270  0.0267  0.0270  0.0270  0.0267  0.0272  0.0276  0.0268  0.0271  0.0265  0.0267
niter,ni,del,rscale     2    3    5.0000    0.5000
parameters
    1.5993   21.8832    7.7152  -12.3683  -13.4036  -11.8209
    7.6449    5.9250   -6.4334  -12.7237   -6.4716   10.8537
eta,q 0.97399 12.91875
  0.0269  0.0267  0.0265  0.0267  0.0267  0.0266  0.0268  0.0271  0.0265  0.0267  0.0263  0.0264
  0.0264  0.0264  0.0263  0.0264  0.0263  0.0264  0.0264  0.0265  0.0262  0.0263  0.0262  0.0262
  0.0261  0.0261  0.0261  0.0262  0.0261  0.0262  0.0261  0.0261  0.0261  0.0261  0.0260  0.0261
  0.0261  0.0261  0.0261  0.0261  0.0260  0.0260  0.0260  0.0260  0.0260  0.0260  0.0260  0.0260
  0.0261  0.0261  0.0261  0.0261  0.0261  0.0260  0.0261  0.0261  0.0261  0.0261  0.0261  0.0261
  0.0264  0.0263  0.0262  0.0263  0.0263  0.0261  0.0264  0.0265  0.0262  0.0263  0.0262  0.0262
  0.0269  0.0267  0.0265  0.0267  0.0267  0.0265  0.0268  0.0271  0.0265  0.0267  0.0264  0.0264
niter,ni,del,rscale     1    3    5.0000    0.4000
parameters
    1.5853   21.8790    7.7417  -12.2511  -13.4010  -11.5598
    7.6377    5.9442   -6.4011  -12.7156   -6.5094   10.7974
eta,q 0.97402 12.93836
  0.0265  0.0264  0.0263  0.0265  0.0264  0.0264  0.0265  0.0267  0.0263  0.0265  0.0262  0.0262
  0.0262  0.0262  0.0262  0.0263  0.0262  0.0263  0.0262  0.0263  0.0261  0.0262  0.0261  0.0261
  0.0261  0.0261  0.0260  0.0261  0.0261  0.0261  0.0260  0.0261  0.0260  0.0260  0.0260  0.0260
  0.0260  0.0260  0.0260  0.0260  0.0260  0.0260  0.0260  0.0260  0.0260  0.0260  0.0260  0.0260
  0.0261  0.0261  0.0260  0.0260  0.0260  0.0260  0.0260  0.0261  0.0260  0.0260  0.0260  0.0260
  0.0263  0.0262  0.0261  0.0262  0.0262  0.0261  0.0262  0.0263  0.0261  0.0262  0.0261  0.0261
  0.0266  0.0264  0.0263  0.0264  0.0264  0.0263  0.0265  0.0267  0.0263  0.0265  0.0262  0.0263
registration optimization eta report
parameter search radius
    0.8000    0.8000    0.8000    2.4000    2.4000    2.4000
    2.4000    2.4000    2.4000    2.4000    2.4000    2.4000
100000*second partial in parameter space
       88.       68.       47.        8.        7.        6.
        9.       13.        6.        8.        4.        5.
  0.0265  0.0264  0.0263  0.0265  0.0264  0.0264  0.0265  0.0267  0.0263  0.0265  0.0262  0.0262
  0.0262  0.0262  0.0262  0.0263  0.0262  0.0263  0.0262  0.0263  0.0261  0.0262  0.0261  0.0261
  0.0261  0.0261  0.0260  0.0261  0.0261  0.0261  0.0260  0.0261  0.0260  0.0260  0.0260  0.0260
  0.0260  0.0260  0.0260  0.0260  0.0260  0.0260  0.0260  0.0260  0.0260  0.0260  0.0260  0.0260
  0.0261  0.0261  0.0260  0.0260  0.0260  0.0260  0.0260  0.0261  0.0260  0.0260  0.0260  0.0260
  0.0263  0.0262  0.0261  0.0262  0.0262  0.0261  0.0262  0.0263  0.0261  0.0262  0.0261  0.0261
  0.0266  0.0264  0.0263  0.0264  0.0264  0.0263  0.0265  0.0267  0.0263  0.0265  0.0262  0.0263
    1.5853   21.8790    7.7417  -12.2511  -13.4010  -11.5598
    7.6377    5.9442   -6.4011  -12.7156   -6.5094   10.7974
eta,q 0.97402 12.93836

---------------------------------------------------------------------
compute_vox2vox talsrcimg talsrcimg_to_711-2C_as_mni_average_305_t4 /opt/freesurfer/average/711-2C_as_mni_average_305
---------------------------------------------------------------------

freesurfer compute_vox2vox.c
Reading: talsrcimg.4dfp.ifh
Reading: talsrcimg_to_711-2C_as_mni_average_305_t4
Reading: /opt/freesurfer/average/711-2C_as_mni_average_305.4dfp.ifh
Writing: talsrcimg_to_711-2C_as_mni_average_305_t4_vox2vox.txt

start time Tue Mar 10 05:06:28 CET 2026
end		time Tue Mar 10 05:06:41 CET 2026

mpr2mni305 success

avi2talxfm orig_nu.mgz /opt/freesurfer/average/mni305.cor.mgz talsrcimg_to_711-2C_as_mni_average_305_t4_vox2vox.txt transforms/talairach.auto.xfm
avi2talxfm done
mv -f /out/sourcedata/freesurfer/sub-v1s5x0050751_ses-1/mri/talsrcimg_to_711-2C_as_mni_average_305_t4_vox2vox.txt /out/sourcedata/freesurfer/sub-v1s5x0050751_ses-1/mri/transforms/talsrcimg_to_711-2C_as_mni_average_305_t4_vox2vox.txt
lta_convert --src orig_nu.mgz --trg /opt/freesurfer/average/mni305.cor.mgz --inxfm transforms/talairach.auto.xfm --outlta transforms/talairach.auto.xfm.lta --subject fsaverage
7.3.2

--src: orig_nu.mgz src image (geometry).
--trg: /opt/freesurfer/average/mni305.cor.mgz trg image (geometry).
--inmni: transforms/talairach.auto.xfm input MNI/XFM transform.
--outlta: transforms/talairach.auto.xfm.lta output LTA.
--s: fsaverage subject name
 LTA read, type : 1
 1.12661  -0.08842  -0.08834   0.88141;
 0.07147   1.10519  -0.14410  -3.51541;
 0.09377   0.15574   1.12706  -26.79584;
 0.00000   0.00000   0.00000   1.00000;
setting subject to fsaverage
Writing  LTA to file transforms/talairach.auto.xfm.lta...
lta_convert successful.
 
 
Started at Tue Mar 10 05:06:27 CET 2026
Ended   at Tue Mar 10 05:06:42 CET 2026
talairach_avi done
