status file for recon-all
Tue Mar 10 06:52:11 CET 2026
#@# Tessellate lh Tue Mar 10 06:52:11 CET 2026
#@# Smooth1 lh Tue Mar 10 06:52:15 CET 2026
#@# Inflation1 lh Tue Mar 10 06:52:17 CET 2026
#@# QSphere lh Tue Mar 10 06:52:27 CET 2026
#@# Fix Topology lh Tue Mar 10 06:53:25 CET 2026
#@# Smooth2 lh Tue Mar 10 06:58:26 CET 2026
#@# Inflation2 lh Tue Mar 10 06:58:28 CET 2026
#@# Curv .H and .K lh Tue Mar 10 06:58:39 CET 2026
#@# Sphere lh Tue Mar 10 06:59:25 CET 2026
#@# Surf Reg lh Tue Mar 10 07:02:10 CET 2026
#@# Jacobian white lh Tue Mar 10 07:05:17 CET 2026
#@# AvgCurv lh Tue Mar 10 07:05:18 CET 2026
#@# Cortical Parc lh Tue Mar 10 07:05:18 CET 2026
#@# white curv lh Tue Mar 10 07:11:21 CET 2026
#@# white area lh Tue Mar 10 07:11:23 CET 2026
#@# pial curv lh Tue Mar 10 07:11:24 CET 2026
#@# pial area lh Tue Mar 10 07:11:25 CET 2026
#@# thickness lh Tue Mar 10 07:11:26 CET 2026
#@# area and vertex vol lh Tue Mar 10 07:11:55 CET 2026
#@# Curvature Stats lh Tue Mar 10 07:11:57 CET 2026
#@# Cortical Parc 2 lh Tue Mar 10 07:11:59 CET 2026
#@# Cortical Parc 3 lh Tue Mar 10 07:12:11 CET 2026
#@# WM/GM Contrast lh Tue Mar 10 07:12:21 CET 2026
recon-all -s sub-v1s5x0050753_ses-1 finished without error at Tue Mar 10 07:12:24 CET 2026



#New# invocation of recon-all 



status file for recon-all
Tue Mar 10 07:37:32 CET 2026
#@# white curv lh Tue Mar 10 07:37:32 CET 2026
#@# white area lh Tue Mar 10 07:37:32 CET 2026
#@# pial curv lh Tue Mar 10 07:37:32 CET 2026
#@# pial area lh Tue Mar 10 07:37:32 CET 2026
#@# thickness lh Tue Mar 10 07:37:32 CET 2026
#@# area and vertex vol lh Tue Mar 10 07:37:32 CET 2026
#@# Parcellation Stats lh Tue Mar 10 07:37:32 CET 2026
#@# Parcellation Stats 2 lh Tue Mar 10 07:37:50 CET 2026
#@# Parcellation Stats 3 lh Tue Mar 10 07:37:59 CET 2026
#@# BA_exvivo Labels lh Tue Mar 10 07:38:07 CET 2026
recon-all -s sub-v1s5x0050753_ses-1 finished without error at Tue Mar 10 07:40:26 CET 2026
