status file for recon-all
Tue Mar 10 07:12:27 CET 2026
#@# Tessellate rh Tue Mar 10 07:12:27 CET 2026
#@# Smooth1 rh Tue Mar 10 07:12:30 CET 2026
#@# Inflation1 rh Tue Mar 10 07:12:33 CET 2026
#@# QSphere rh Tue Mar 10 07:12:43 CET 2026
#@# Fix Topology rh Tue Mar 10 07:13:47 CET 2026
#@# Smooth2 rh Tue Mar 10 07:18:34 CET 2026
#@# Inflation2 rh Tue Mar 10 07:18:37 CET 2026
#@# Curv .H and .K rh Tue Mar 10 07:18:47 CET 2026
#@# Sphere rh Tue Mar 10 07:19:35 CET 2026
#@# Surf Reg rh Tue Mar 10 07:22:33 CET 2026
#@# Jacobian white rh Tue Mar 10 07:25:46 CET 2026
#@# AvgCurv rh Tue Mar 10 07:25:47 CET 2026
#@# Cortical Parc rh Tue Mar 10 07:25:47 CET 2026
#@# white curv rh Tue Mar 10 07:31:34 CET 2026
#@# white area rh Tue Mar 10 07:31:36 CET 2026
#@# pial curv rh Tue Mar 10 07:31:36 CET 2026
#@# pial area rh Tue Mar 10 07:31:38 CET 2026
#@# thickness rh Tue Mar 10 07:31:38 CET 2026
#@# area and vertex vol rh Tue Mar 10 07:32:08 CET 2026
#@# Curvature Stats rh Tue Mar 10 07:32:09 CET 2026
#@# Cortical Parc 2 rh Tue Mar 10 07:32:12 CET 2026
#@# Cortical Parc 3 rh Tue Mar 10 07:32:24 CET 2026
#@# WM/GM Contrast rh Tue Mar 10 07:32:34 CET 2026
recon-all -s sub-v1s5x0050753_ses-1 finished without error at Tue Mar 10 07:32:36 CET 2026



#New# invocation of recon-all 



status file for recon-all
Tue Mar 10 07:40:28 CET 2026
#@# white curv rh Tue Mar 10 07:40:28 CET 2026
#@# white area rh Tue Mar 10 07:40:28 CET 2026
#@# pial curv rh Tue Mar 10 07:40:28 CET 2026
#@# pial area rh Tue Mar 10 07:40:28 CET 2026
#@# thickness rh Tue Mar 10 07:40:28 CET 2026
#@# area and vertex vol rh Tue Mar 10 07:40:28 CET 2026
#@# Parcellation Stats rh Tue Mar 10 07:40:28 CET 2026
#@# Parcellation Stats 2 rh Tue Mar 10 07:40:46 CET 2026
#@# Parcellation Stats 3 rh Tue Mar 10 07:40:55 CET 2026
#@# BA_exvivo Labels rh Tue Mar 10 07:41:04 CET 2026
recon-all -s sub-v1s5x0050753_ses-1 finished without error at Tue Mar 10 07:43:24 CET 2026
