/out/sourcedata/freesurfer/sub-v1s5x0050749_ses-1/mri
/opt/freesurfer/bin/talairach_avi
--i orig_nu.mgz --xfm transforms/talairach.auto.xfm
talairach_avi 7.3.2
Linux dna010 5.14.0-427.37.1.el9_4.x86_64 #1 SMP PREEMPT_DYNAMIC Fri Sep 13 12:41:50 EDT 2024 x86_64 x86_64 x86_64 GNU/Linux
Tue Mar 10 05:04:11 CET 2026
mri_convert orig_nu.mgz talsrcimg.img 
reading from orig_nu.mgz...
TR=0.00, TE=0.00, TI=0.00, flip angle=0.00
i_ras = (-1, -9.31323e-10, 0)
j_ras = (1.49012e-08, 0, -1)
k_ras = (-5.58794e-09, 1, 0)
writing to talsrcimg.img...
Analyze Output Matrix
-1.00000   0.00000  -0.00000   135.36412;
-0.00000   0.00000   1.00000  -127.02632;
 0.00000  -1.00000   0.00000   125.31645;
 0.00000   0.00000   0.00000   1.00000;
--------------------
INFO: set hdr.hist.orient to -1
mpr2mni305 talsrcimg
Tue Mar 10 05:04:12 CET 2026
/opt/freesurfer/bin/mpr2mni305 talsrcimg
mpr2mni305 7.3.2
target=711-2C_as_mni_average_305

---------------------------------------------------------------------
analyzeto4dfp talsrcimg -O0 -y
---------------------------------------------------------------------

freesurfer ifh2hdr.c
Tue Mar 10 05:04:12 2026
Writing: talsrcimg.4dfp.hdr
freesurfer analyzeto4dfp.c
Reading: talsrcimg.hdr
header size 348 bytes
hdr.dime.datatype	offset=70	value=2
hdr.dime.bitpix		offset=72	value=8
hdr.hist.orient		offset=252	value=-1
dimensionality     4
dimensions       256       256       256         1
Reading: talsrcimg.img
Writing: talsrcimg.4dfp.img
Writing: talsrcimg.4dfp.ifh
ifh2hdr talsrcimg -r0to242
ori=2

---------------------------------------------------------------------
gauss_4dfp talsrcimg 1.1
---------------------------------------------------------------------

freesurfer gauss_4dfp.c
Reading: talsrcimg.4dfp.img
Writing: talsrcimg_g11.4dfp.img
image dimensions 256 256 256 padded to 288 288 288
processing volume 1freesurfer ifh2hdr.c
Tue Mar 10 05:04:14 2026
Writing: talsrcimg_g11.4dfp.hdr

Writing: talsrcimg_g11.4dfp.ifh
including: talsrcimg.4dfp.img.rec in talsrcimg_g11.4dfp.img.rec

---------------------------------------------------------------------
imgreg_4dfp /opt/freesurfer/average/711-2C_as_mni_average_305 none talsrcimg_g11 none talsrcimg_to_711-2C_as_mni_average_305_t4 4355
---------------------------------------------------------------------

freesurfer imgreg_4dfp.c
/opt/freesurfer/average/711-2C_as_mni_average_305.4dfp.img
       256       256       256         1
  1.000000  1.000000  1.000000
orientation T byte_order littleendian
Reading image: /opt/freesurfer/average/711-2C_as_mni_average_305.4dfp.img
dimensions:      256       256       256
mmppix:       1.0000   -1.0000   -1.0000
center:     128.0000 -129.0000 -129.0000
talsrcimg_g11.4dfp.img
       256       256       256         1
  1.000000  1.000000  1.000000
orientation T byte_order littleendian
Reading image: talsrcimg_g11.4dfp.img
dimensions:      256       256       256
mmppix:       1.0000   -1.0000   -1.0000
center:     128.0000 -129.0000 -129.0000
t4_read: open error in t4_sub.f l:  41 t4_file(1:l)talsrcimg_to_711-2C_as_mni_average_305_t4 
t4_read: transform initialized to I4
rotation matrix determinant  1.000000
image alignment mode   4355 decimal     1103 hex
   -7.5000  -45.0000  -45.0000 7829.0977   16.7456
    0.0000  -45.0000  -45.0000 8098.1846   16.7116
    7.5000  -45.0000  -45.0000 7817.6167   16.6793
   -7.5000  -37.5000  -45.0000 8292.1387   16.5922
    0.0000  -37.5000  -45.0000 8626.3057   16.5676
    7.5000  -37.5000  -45.0000 8293.7373   16.5310
   -7.5000  -30.0000  -45.0000 9131.6074   16.5193
    0.0000  -30.0000  -45.0000 9504.5840   16.4973
    7.5000  -30.0000  -45.0000 9103.4766   16.4535
   -7.5000  -22.5000  -45.000010008.6836   16.5047
    0.0000  -22.5000  -45.000010427.3750   16.4741
    7.5000  -22.5000  -45.0000 9954.6191   16.4262
   -7.5000  -15.0000  -45.000010816.8281   16.4984
    0.0000  -15.0000  -45.000011254.7285   16.4581
    7.5000  -15.0000  -45.000010758.1816   16.4139
   -7.5000   -7.5000  -45.000011390.3467   16.5036
    0.0000   -7.5000  -45.000011854.5703   16.4627
    7.5000   -7.5000  -45.000011342.2344   16.4265
   -7.5000    0.0000  -45.000011753.4697   16.5132
    0.0000    0.0000  -45.000012251.6084   16.4798
    7.5000    0.0000  -45.000011716.1318   16.4478
   -7.5000    7.5000  -45.000011202.9268   16.5184
    0.0000    7.5000  -45.000011716.7568   16.4943
    7.5000    7.5000  -45.000011167.1709   16.4582
   -7.5000   15.0000  -45.000010624.7480   16.5151
    0.0000   15.0000  -45.000011111.0322   16.4932
    7.5000   15.0000  -45.000010578.6758   16.4494
   -7.5000   22.5000  -45.000010012.2529   16.5024
    0.0000   22.5000  -45.000010434.8418   16.4718
    7.5000   22.5000  -45.0000 9940.0479   16.4240
   -7.5000   30.0000  -45.0000 9327.5371   16.2896
    0.0000   30.0000  -45.0000 9734.3877   16.2499
    7.5000   30.0000  -45.0000 9256.2959   16.2068
   -7.5000   37.5000  -45.0000 9014.3271   16.6122
    0.0000   37.5000  -45.0000 9402.8076   16.5677
    7.5000   37.5000  -45.0000 8919.4990   16.5327
   -7.5000   45.0000  -45.0000 8427.8301   16.6620
    0.0000   45.0000  -45.0000 8794.9893   16.6214
    7.5000   45.0000  -45.0000 8320.7783   16.5913
   -7.5000  -45.0000  -37.5000 8365.4736   16.7372
    0.0000  -45.0000  -37.5000 8709.7979   16.7099
    7.5000  -45.0000  -37.5000 8373.2314   16.6793
   -7.5000  -37.5000  -37.5000 8885.3496   16.5752
    0.0000  -37.5000  -37.5000 9264.9043   16.5546
    7.5000  -37.5000  -37.5000 8879.1709   16.5197
   -7.5000  -30.0000  -37.5000 9819.2148   16.4994
    0.0000  -30.0000  -37.500010242.7598   16.4791
    7.5000  -30.0000  -37.5000 9784.7520   16.4373
   -7.5000  -22.5000  -37.500010792.1855   16.4903
    0.0000  -22.5000  -37.500011280.6816   16.4621
    7.5000  -22.5000  -37.500010758.3008   16.4169
   -7.5000  -15.0000  -37.500011639.9492   16.4931
    0.0000  -15.0000  -37.500012161.4951   16.4578
    7.5000  -15.0000  -37.500011598.6416   16.4161
   -7.5000   -7.5000  -37.500012231.5195   16.5016
    0.0000   -7.5000  -37.500012783.2178   16.4675
    7.5000   -7.5000  -37.500012196.5547   16.4332
   -7.5000    0.0000  -37.500012603.1895   16.5053
    0.0000    0.0000  -37.500013169.0596   16.4784
    7.5000    0.0000  -37.500012566.4424   16.4481
   -7.5000    7.5000  -37.500012000.3350   16.5017
    0.0000    7.5000  -37.500012549.5137   16.4815
    7.5000    7.5000  -37.500011959.0898   16.4472
   -7.5000   15.0000  -37.500011359.9717   16.4953
    0.0000   15.0000  -37.500011850.5078   16.4750
    7.5000   15.0000  -37.500011302.7891   16.4332
   -7.5000   22.5000  -37.500010686.3350   16.4880
    0.0000   22.5000  -37.500011114.0371   16.4598
    7.5000   22.5000  -37.500010583.0039   16.4146
   -7.5000   30.0000  -37.5000 9923.7793   16.2843
    0.0000   30.0000  -37.500010337.5820   16.2494
    7.5000   30.0000  -37.5000 9826.7764   16.2087
   -7.5000   37.5000  -37.5000 9590.6035   16.6094
    0.0000   37.5000  -37.5000 9991.0088   16.5734
    7.5000   37.5000  -37.5000 9475.9766   16.5395
   -7.5000   45.0000  -37.5000 8923.2080   16.6464
    0.0000   45.0000  -37.5000 9313.5820   16.6165
    7.5000   45.0000  -37.5000 8823.9238   16.5852
   -7.5000  -45.0000  -30.0000 8980.8477   17.4645
    0.0000  -45.0000  -30.0000 9381.9521   17.4254
    7.5000  -45.0000  -30.0000 9011.0195   17.3902
   -7.5000  -37.5000  -30.0000 9555.9102   17.2911
    0.0000  -37.5000  -30.0000 9993.7314   17.2577
    7.5000  -37.5000  -30.0000 9584.3721   17.2168
   -7.5000  -30.0000  -30.000010582.5039   17.2113
    0.0000  -30.0000  -30.000011086.2451   17.1807
    7.5000  -30.0000  -30.000010583.6553   17.1335
   -7.5000  -22.5000  -30.000011666.3145   17.2063
    0.0000  -22.5000  -30.000012200.0771   17.1716
    7.5000  -22.5000  -30.000011622.3584   17.1229
   -7.5000  -15.0000  -30.000012562.1973   17.2148
    0.0000  -15.0000  -30.000013108.2295   17.1744
    7.5000  -15.0000  -30.000012487.4795   17.1299
   -7.5000   -7.5000  -30.000013201.7734   17.2236
    0.0000   -7.5000  -30.000013779.6787   17.1817
    7.5000   -7.5000  -30.000013114.3408   17.1441
   -7.5000    0.0000  -30.000013578.9707   17.2226
    0.0000    0.0000  -30.000014149.8701   17.1841
    7.5000    0.0000  -30.000013480.6719   17.1493
   -7.5000    7.5000  -30.000012915.1318   17.2145
    0.0000    7.5000  -30.000013486.2803   17.1816
    7.5000    7.5000  -30.000012877.4014   17.1414
   -7.5000   15.0000  -30.000012237.0674   17.2070
    0.0000   15.0000  -30.000012772.2754   17.1764
    7.5000   15.0000  -30.000012162.1357   17.1292
   -7.5000   22.5000  -30.000011488.3057   17.2022
    0.0000   22.5000  -30.000011978.3525   17.1674
    7.5000   22.5000  -30.000011392.6250   17.1188
   -7.5000   30.0000  -30.000010635.8740   16.9983
    0.0000   30.0000  -30.000011105.5342   16.9584
    7.5000   30.0000  -30.000010554.8770   16.9150
   -7.5000   37.5000  -30.000010274.2900   17.3375
    0.0000   37.5000  -30.000010741.5996   17.2953
    7.5000   37.5000  -30.000010190.5527   17.2580
   -7.5000   45.0000  -30.0000 9558.3154   17.3770
    0.0000   45.0000  -30.0000 9999.0986   17.3389
    7.5000   45.0000  -30.0000 9454.4229   17.3012
   -7.5000  -45.0000  -22.5000 9630.1562   18.0530
    0.0000  -45.0000  -22.500010067.0576   17.9929
    7.5000  -45.0000  -22.5000 9618.2373   17.9509
   -7.5000  -37.5000  -22.500010261.9434   17.8792
    0.0000  -37.5000  -22.500010749.6982   17.8273
    7.5000  -37.5000  -22.500010261.4404   17.7781
   -7.5000  -30.0000  -22.500011377.4688   17.8000
    0.0000  -30.0000  -22.500011921.7383   17.7562
    7.5000  -30.0000  -22.500011348.6992   17.7013
   -7.5000  -22.5000  -22.500012506.3799   17.7935
    0.0000  -22.5000  -22.500013067.0811   17.7490
    7.5000  -22.5000  -22.500012434.0674   17.6943
   -7.5000  -15.0000  -22.500013429.3672   17.7978
    0.0000  -15.0000  -22.500013999.5918   17.7457
    7.5000  -15.0000  -22.500013316.6914   17.6965
   -7.5000   -7.5000  -22.500014115.0039   17.8029
    0.0000   -7.5000  -22.500014716.7812   17.7440
    7.5000   -7.5000  -22.500013988.5547   17.7016
   -7.5000    0.0000  -22.500014503.9248   17.8032
    0.0000    0.0000  -22.500015117.9688   17.7443
    7.5000    0.0000  -22.500014359.2422   17.7028
   -7.5000    7.5000  -22.500013803.3975   17.8001
    0.0000    7.5000  -22.500014447.0498   17.7489
    7.5000    7.5000  -22.500013728.6426   17.7003
   -7.5000   15.0000  -22.500013069.5713   17.7955
    0.0000   15.0000  -22.500013704.6465   17.7518
    7.5000   15.0000  -22.500012971.9473   17.6968
   -7.5000   22.5000  -22.500012275.0693   17.7880
    0.0000   22.5000  -22.500012880.8799   17.7435
    7.5000   22.5000  -22.500012174.5830   17.6889
   -7.5000   30.0000  -22.500011331.5098   17.5767
    0.0000   30.0000  -22.500011913.2568   17.5253
    7.5000   30.0000  -22.500011255.0479   17.4774
   -7.5000   37.5000  -22.500010907.1289   17.9233
    0.0000   37.5000  -22.500011446.3027   17.8638
    7.5000   37.5000  -22.500010806.7021   17.8227
   -7.5000   45.0000  -22.500010151.0049   17.9774
    0.0000   45.0000  -22.500010617.0693   17.9169
    7.5000   45.0000  -22.500010023.7656   17.8740
   -7.5000  -45.0000  -15.000010271.6025   18.4534
    0.0000  -45.0000  -15.000010698.3223   18.3831
    7.5000  -45.0000  -15.000010236.8740   18.3389
   -7.5000  -37.5000  -15.000010924.8584   18.2845
    0.0000  -37.5000  -15.000011451.4863   18.2257
    7.5000  -37.5000  -15.000010916.9209   18.1738
   -7.5000  -30.0000  -15.000012092.5371   18.2055
    0.0000  -30.0000  -15.000012671.9873   18.1581
    7.5000  -30.0000  -15.000012052.9619   18.0999
   -7.5000  -22.5000  -15.000013269.1094   18.1927
    0.0000  -22.5000  -15.000013863.3389   18.1440
    7.5000  -22.5000  -15.000013182.2070   18.0858
   -7.5000  -15.0000  -15.000014193.2344   18.1882
    0.0000  -15.0000  -15.000014840.3604   18.1290
    7.5000  -15.0000  -15.000014113.8467   18.0767
   -7.5000   -7.5000  -15.000014961.6875   18.1912
    0.0000   -7.5000  -15.000015621.1064   18.1226
    7.5000   -7.5000  -15.000014803.4531   18.0778
   -7.5000    0.0000  -15.000015366.7373   18.1983
    0.0000    0.0000  -15.000016049.2412   18.1296
    7.5000    0.0000  -15.000015195.5068   18.0857
   -7.5000    7.5000  -15.000014624.3535   18.2035
    0.0000    7.5000  -15.000015373.9883   18.1455
    7.5000    7.5000  -15.000014545.7549   18.0943
   -7.5000   15.0000  -15.000013818.1504   18.2009
    0.0000   15.0000  -15.000014549.0547   18.1535
    7.5000   15.0000  -15.000013736.9375   18.0954
   -7.5000   22.5000  -15.000012952.1973   18.1862
    0.0000   22.5000  -15.000013677.2314   18.1375
    7.5000   22.5000  -15.000012876.0488   18.0794
   -7.5000   30.0000  -15.000011970.4971   17.9649
    0.0000   30.0000  -15.000012638.9248   17.9065
    7.5000   30.0000  -15.000011878.1367   17.8557
   -7.5000   37.5000  -15.000011483.6377   18.3167
    0.0000   37.5000  -15.000012100.3018   18.2455
    7.5000   37.5000  -15.000011401.9512   18.2031
   -7.5000   45.0000  -15.000010652.3887   18.3937
    0.0000   45.0000  -15.000011209.5488   18.3182
    7.5000   45.0000  -15.000010612.9268   18.2758
   -7.5000  -45.0000   -7.500010923.4814   18.6460
    0.0000  -45.0000   -7.500011378.5957   18.5882
    7.5000  -45.0000   -7.500010888.2617   18.5472
   -7.5000  -37.5000   -7.500011622.4873   18.4795
    0.0000  -37.5000   -7.500012165.2754   18.4338
    7.5000  -37.5000   -7.500011610.1514   18.3866
   -7.5000  -30.0000   -7.500012829.9023   18.3998
    0.0000  -30.0000   -7.500013447.0098   18.3625
    7.5000  -30.0000   -7.500012821.9980   18.3080
   -7.5000  -22.5000   -7.500014020.4707   18.3822
    0.0000  -22.5000   -7.500014676.2617   18.3395
    7.5000  -22.5000   -7.500014013.4170   18.2825
   -7.5000  -15.0000   -7.500014939.0596   18.3726
    0.0000  -15.0000   -7.500015647.2139   18.3180
    7.5000  -15.0000   -7.500014951.9375   18.2660
   -7.5000   -7.5000   -7.500015768.1162   18.3762
    0.0000   -7.5000   -7.500016494.0254   18.3155
    7.5000   -7.5000   -7.500015686.4775   18.2719
   -7.5000    0.0000   -7.500016248.5723   18.3882
    0.0000    0.0000   -7.500017012.7793   18.3316
    7.5000    0.0000   -7.500016128.8848   18.2910
   -7.5000    7.5000   -7.500015447.1514   18.3975
    0.0000    7.5000   -7.500016291.1963   18.3526
    7.5000    7.5000   -7.500015420.8828   18.3060
   -7.5000   15.0000   -7.500014559.0195   18.3951
    0.0000   15.0000   -7.500015369.2695   18.3579
    7.5000   15.0000   -7.500014535.2119   18.3034
   -7.5000   22.5000   -7.500013614.0146   18.3738
    0.0000   22.5000   -7.500014408.6895   18.3310
    7.5000   22.5000   -7.500013629.0889   18.2741
   -7.5000   30.0000   -7.500012575.7344   18.1466
    0.0000   30.0000   -7.500013337.7695   18.0929
    7.5000   30.0000   -7.500012592.0908   18.0422
   -7.5000   37.5000   -7.500012077.7158   18.5025
    0.0000   37.5000   -7.500012788.8223   18.4376
    7.5000   37.5000   -7.500012077.3154   18.3965
   -7.5000   45.0000   -7.500011164.4854   18.5943
    0.0000   45.0000   -7.500011826.1055   18.5281
    7.5000   45.0000   -7.500011190.9639   18.4906
   -7.5000  -45.0000    0.000011478.6025   18.6907
    0.0000  -45.0000    0.000011938.4082   18.6528
    7.5000  -45.0000    0.000011428.8076   18.6168
   -7.5000  -37.5000    0.000012216.0508   18.5197
    0.0000  -37.5000    0.000012748.5146   18.4923
    7.5000  -37.5000    0.000012194.0654   18.4514
   -7.5000  -30.0000    0.000013478.4375   18.4384
    0.0000  -30.0000    0.000014101.0215   18.4139
    7.5000  -30.0000    0.000013494.1201   18.3652
   -7.5000  -22.5000    0.000014700.1064   18.4224
    0.0000  -22.5000    0.000015355.6621   18.3884
    7.5000  -22.5000    0.000014713.4023   18.3351
   -7.5000  -15.0000    0.000015609.0596   18.4158
    0.0000  -15.0000    0.000016273.3154   18.3710
    7.5000  -15.0000    0.000015630.3623   18.3217
   -7.5000   -7.5000    0.000016426.6133   18.4216
    0.0000   -7.5000    0.000017081.6465   18.3761
    7.5000   -7.5000    0.000016378.5723   18.3357
   -7.5000    0.0000    0.000017012.1289   18.4320
    0.0000    0.0000    0.000017819.4336   18.3948
    7.5000    0.0000    0.000016931.9590   18.3592
   -7.5000    7.5000    0.000016230.3857   18.4375
    0.0000    7.5000    0.000017186.1953   18.4106
    7.5000    7.5000    0.000016246.9209   18.3704
   -7.5000   15.0000    0.000015255.5742   18.4337
    0.0000   15.0000    0.000016160.9463   18.4093
    7.5000   15.0000    0.000015317.7725   18.3605
   -7.5000   22.5000    0.000014252.1787   18.4139
    0.0000   22.5000    0.000015098.1816   18.3799
    7.5000   22.5000    0.000014340.9463   18.3266
   -7.5000   30.0000    0.000013140.4062   18.1897
    0.0000   30.0000    0.000013954.9121   18.1456
    7.5000   30.0000    0.000013227.5713   18.0975
   -7.5000   37.5000    0.000012604.8818   18.5490
    0.0000   37.5000    0.000013382.5117   18.4995
    7.5000   37.5000    0.000012664.2852   18.4606
   -7.5000   45.0000    0.000011660.9961   18.6396
    0.0000   45.0000    0.000012387.1221   18.5943
    7.5000   45.0000    0.000011692.2939   18.5607
   -7.5000  -45.0000    7.500011146.0264   18.7269
    0.0000  -45.0000    7.500011600.5234   18.6964
    7.5000  -45.0000    7.500011086.1982   18.6621
   -7.5000  -37.5000    7.500011861.3896   18.5457
    0.0000  -37.5000    7.500012351.7402   18.5226
    7.5000  -37.5000    7.500011799.5557   18.4836
   -7.5000  -30.0000    7.500013085.0215   18.4608
    0.0000  -30.0000    7.500013615.5781   18.4381
    7.5000  -30.0000    7.500013025.6406   18.3914
   -7.5000  -22.5000    7.500014259.2441   18.4507
    0.0000  -22.5000    7.500014823.6758   18.4191
    7.5000  -22.5000    7.500014214.2529   18.3685
   -7.5000  -15.0000    7.500015102.7070   18.4539
    0.0000  -15.0000    7.500015654.9795   18.4144
    7.5000  -15.0000    7.500015056.9580   18.3677
   -7.5000   -7.5000    7.500015885.8086   18.4633
    0.0000   -7.5000    7.500016400.6094   18.4252
    7.5000   -7.5000    7.500015793.4131   18.3868
   -7.5000    0.0000    7.500016511.2344   18.4675
    0.0000    0.0000    7.500017276.3184   18.4373
    7.5000    0.0000    7.500016458.9082   18.4035
   -7.5000    7.5000    7.500015892.6387   18.4635
    0.0000    7.5000    7.500016768.4668   18.4409
    7.5000    7.5000    7.500015913.9004   18.4024
   -7.5000   15.0000    7.500014966.4580   18.4562
    0.0000   15.0000    7.500015751.4932   18.4335
    7.5000   15.0000    7.500015017.7061   18.3867
   -7.5000   22.5000    7.500013960.9707   18.4422
    0.0000   22.5000    7.500014683.1650   18.4106
    7.5000   22.5000    7.500014026.8926   18.3600
   -7.5000   30.0000    7.500012870.3867   18.2273
    0.0000   30.0000    7.500013551.9883   18.1883
    7.5000   30.0000    7.500012844.4307   18.1428
   -7.5000   37.5000    7.500012311.2070   18.5912
    0.0000   37.5000    7.500012960.8896   18.5509
    7.5000   37.5000    7.500012234.4561   18.5129
   -7.5000   45.0000    7.500011377.3428   18.6691
    0.0000   45.0000    7.500011942.7695   18.6355
    7.5000   45.0000    7.500011280.1074   18.6005
   -7.5000  -45.0000   15.000010684.7363   18.7538
    0.0000  -45.0000   15.000011105.1953   18.7119
    7.5000  -45.0000   15.000010613.1914   18.6741
   -7.5000  -37.5000   15.000011396.1357   18.5676
    0.0000  -37.5000   15.000011859.6963   18.5317
    7.5000  -37.5000   15.000011329.1572   18.4878
   -7.5000  -30.0000   15.000012576.5908   18.4819
    0.0000  -30.0000   15.000013067.9502   18.4490
    7.5000  -30.0000   15.000012487.9189   18.3984
   -7.5000  -22.5000   15.000013703.6699   18.4766
    0.0000  -22.5000   15.000014207.7217   18.4392
    7.5000  -22.5000   15.000013608.3291   18.3870
   -7.5000  -15.0000   15.000014519.3330   18.4857
    0.0000  -15.0000   15.000015006.5918   18.4423
    7.5000  -15.0000   15.000014393.8672   18.3945
   -7.5000   -7.5000   15.000015267.1504   18.4951
    0.0000   -7.5000   15.000015729.5273   18.4501
    7.5000   -7.5000   15.000015130.9121   18.4098
   -7.5000    0.0000   15.000015863.1680   18.4941
    0.0000    0.0000   15.000016444.9043   18.4528
    7.5000    0.0000   15.000015751.7793   18.4154
   -7.5000    7.5000   15.000015349.4668   18.4854
    0.0000    7.5000   15.000015960.0029   18.4500
    7.5000    7.5000   15.000015174.5293   18.4068
   -7.5000   15.0000   15.000014672.5898   18.4773
    0.0000   15.0000   15.000015191.4736   18.4444
    7.5000   15.0000   15.000014370.3740   18.3937
   -7.5000   22.5000   15.000013721.6201   18.4681
    0.0000   22.5000   15.000014225.3418   18.4307
    7.5000   22.5000   15.000013440.8672   18.3785
   -7.5000   30.0000   15.000012550.3613   18.2586
    0.0000   30.0000   15.000013029.4072   18.2157
    7.5000   30.0000   15.000012267.8105   18.1691
   -7.5000   37.5000   15.000011877.0039   18.6229
    0.0000   37.5000   15.000012361.0674   18.5776
    7.5000   37.5000   15.000011648.7510   18.5376
   -7.5000   45.0000   15.000010898.5322   18.6901
    0.0000   45.0000   15.000011347.1484   18.6491
    7.5000   45.0000   15.000010721.4707   18.6085
   -7.5000  -45.0000   22.500010149.2061   18.7404
    0.0000  -45.0000   22.500010561.1299   18.6781
    7.5000  -45.0000   22.500010086.4189   18.6345
   -7.5000  -37.5000   22.500010831.2188   18.5601
    0.0000  -37.5000   22.500011269.5732   18.5062
    7.5000  -37.5000   22.500010766.6836   18.4551
   -7.5000  -30.0000   22.500011955.1533   18.4778
    0.0000  -30.0000   22.500012419.8779   18.4324
    7.5000  -30.0000   22.500011886.4111   18.3753
   -7.5000  -22.5000   22.500013080.9678   18.4711
    0.0000  -22.5000   22.500013504.3838   18.4249
    7.5000  -22.5000   22.500012940.1035   18.3681
   -7.5000  -15.0000   22.500013915.0420   18.4756
    0.0000  -15.0000   22.500014277.1650   18.4215
    7.5000  -15.0000   22.500013710.1592   18.3704
   -7.5000   -7.5000   22.500014660.1455   18.4809
    0.0000   -7.5000   22.500015024.8877   18.4197
    7.5000   -7.5000   22.500014422.6562   18.3757
   -7.5000    0.0000   22.500015174.1494   18.4812
    0.0000    0.0000   22.500015659.1934   18.4200
    7.5000    0.0000   22.500014987.6406   18.3769
   -7.5000    7.5000   22.500014546.5586   18.4780
    0.0000    7.5000   22.500015042.0566   18.4248
    7.5000    7.5000   22.500014335.2529   18.3743
   -7.5000   15.0000   22.500013804.6992   18.4732
    0.0000   15.0000   22.500014279.3682   18.4278
    7.5000   15.0000   22.500013562.9307   18.3707
   -7.5000   22.5000   22.500012906.4248   18.4626
    0.0000   22.5000   22.500013381.1689   18.4164
    7.5000   22.5000   22.500012682.1943   18.3597
   -7.5000   30.0000   22.500011809.2578   18.2486
    0.0000   30.0000   22.500012299.3174   18.1952
    7.5000   30.0000   22.500011604.6104   18.1455
   -7.5000   37.5000   22.500011188.6953   18.6084
    0.0000   37.5000   22.500011665.0518   18.5466
    7.5000   37.5000   22.500011036.6182   18.5039
   -7.5000   45.0000   22.500010255.4131   18.6782
    0.0000   45.0000   22.500010706.6309   18.6153
    7.5000   45.0000   22.500010170.2061   18.5707
   -7.5000  -45.0000   30.0000 9539.6973   18.7069
    0.0000  -45.0000   30.0000 9907.7363   18.6357
    7.5000  -45.0000   30.0000 9482.8428   18.5909
   -7.5000  -37.5000   30.000010205.1348   18.5357
    0.0000  -37.5000   30.000010607.9404   18.4762
    7.5000  -37.5000   30.000010140.3037   18.4235
   -7.5000  -30.0000   30.000011331.0527   18.4556
    0.0000  -30.0000   30.000011751.0791   18.4075
    7.5000  -30.0000   30.000011210.0020   18.3486
   -7.5000  -22.5000   30.000012433.7490   18.4426
    0.0000  -22.5000   30.000012854.6514   18.3933
    7.5000  -22.5000   30.000012254.2188   18.3343
   -7.5000  -15.0000   30.000013158.7695   18.4381
    0.0000  -15.0000   30.000013583.7500   18.3781
    7.5000  -15.0000   30.000012961.3926   18.3251
   -7.5000   -7.5000   30.000013746.1807   18.4412
    0.0000   -7.5000   30.000014199.0137   18.3716
    7.5000   -7.5000   30.000013577.7725   18.3262
   -7.5000    0.0000   30.000014163.8662   18.4484
    0.0000    0.0000   30.000014668.1572   18.3787
    7.5000    0.0000   30.000014000.8613   18.3342
   -7.5000    7.5000   30.000013508.3662   18.4536
    0.0000    7.5000   30.000014001.7412   18.3948
    7.5000    7.5000   30.000013356.9062   18.3429
   -7.5000   15.0000   30.000012731.1523   18.4509
    0.0000   15.0000   30.000013173.2930   18.4029
    7.5000   15.0000   30.000012593.6426   18.3440
   -7.5000   22.5000   30.000011844.1621   18.4341
    0.0000   22.5000   30.000012259.4150   18.3848
    7.5000   22.5000   30.000011735.6533   18.3259
   -7.5000   30.0000   30.000010898.9268   18.2118
    0.0000   30.0000   30.000011296.1172   18.1526
    7.5000   30.0000   30.000010777.8535   18.1010
   -7.5000   37.5000   30.000010414.2549   18.5684
    0.0000   37.5000   30.000010800.0967   18.4962
    7.5000   37.5000   30.000010320.9229   18.4533
   -7.5000   45.0000   30.0000 9608.4688   18.6514
    0.0000   45.0000   30.000010007.5078   18.5748
    7.5000   45.0000   30.0000 9566.2969   18.5318
   -7.5000  -45.0000   37.5000 9256.4844   18.7328
    0.0000  -45.0000   37.5000 9684.6670   18.6744
    7.5000  -45.0000   37.5000 9281.5137   18.6327
   -7.5000  -37.5000   37.5000 9909.8936   18.5650
    0.0000  -37.5000   37.500010358.0605   18.5189
    7.5000  -37.5000   37.5000 9904.4023   18.4711
   -7.5000  -30.0000   37.500010992.3730   18.4846
    0.0000  -30.0000   37.500011440.7188   18.4471
    7.5000  -30.0000   37.500010924.0381   18.3919
   -7.5000  -22.5000   37.500012023.6904   18.4670
    0.0000  -22.5000   37.500012500.8340   18.4238
    7.5000  -22.5000   37.500011923.0195   18.3661
   -7.5000  -15.0000   37.500012696.6846   18.4573
    0.0000  -15.0000   37.500013185.5059   18.4022
    7.5000  -15.0000   37.500012584.6758   18.3494
   -7.5000   -7.5000   37.500013232.5947   18.4610
    0.0000   -7.5000   37.500013755.3105   18.3996
    7.5000   -7.5000   37.500013136.6924   18.3554
   -7.5000    0.0000   37.500013626.4150   18.4731
    0.0000    0.0000   37.500014167.3613   18.4159
    7.5000    0.0000   37.500013539.3408   18.3747
   -7.5000    7.5000   37.500012975.0596   18.4824
    0.0000    7.5000   37.500013493.1250   18.4371
    7.5000    7.5000   37.500012872.9473   18.3899
   -7.5000   15.0000   37.500012233.9648   18.4800
    0.0000   15.0000   37.500012686.0693   18.4424
    7.5000   15.0000   37.500012116.2051   18.3872
   -7.5000   22.5000   37.500011365.2354   18.4585
    0.0000   22.5000   37.500011781.2109   18.4153
    7.5000   22.5000   37.500011252.6416   18.3577
   -7.5000   30.0000   37.500010460.5771   18.2308
    0.0000   30.0000   37.500010829.8428   18.1765
    7.5000   30.0000   37.500010345.1094   18.1252
   -7.5000   37.5000   37.500010053.4189   18.5892
    0.0000   37.5000   37.500010431.5957   18.5238
    7.5000   37.5000   37.5000 9961.8193   18.4819
   -7.5000   45.0000   37.5000 9329.4297   18.6839
    0.0000   45.0000   37.5000 9692.2100   18.6171
    7.5000   45.0000   37.5000 9272.1855   18.5790
   -7.5000  -45.0000   45.0000 8526.5059   18.7769
    0.0000  -45.0000   45.0000 8961.0908   18.7384
    7.5000  -45.0000   45.0000 8607.6396   18.7014
   -7.5000  -37.5000   45.0000 9110.0684   18.6033
    0.0000  -37.5000   45.0000 9552.0273   18.5755
    7.5000  -37.5000   45.0000 9156.8154   18.5337
   -7.5000  -30.0000   45.000010081.6768   18.5205
    0.0000  -30.0000   45.000010545.7402   18.4957
    7.5000  -30.0000   45.000010077.7480   18.4458
   -7.5000  -22.5000   45.000011031.2529   18.5039
    0.0000  -22.5000   45.000011523.8369   18.4691
    7.5000  -22.5000   45.000010986.7354   18.4147
   -7.5000  -15.0000   45.000011620.8242   18.4970
    0.0000  -15.0000   45.000012117.3271   18.4512
    7.5000  -15.0000   45.000011573.7207   18.4008
   -7.5000   -7.5000   45.000012107.1543   18.5032
    0.0000   -7.5000   45.000012617.6523   18.4567
    7.5000   -7.5000   45.000012052.4941   18.4153
   -7.5000    0.0000   45.000012474.1992   18.5141
    0.0000    0.0000   45.000012991.4082   18.4763
    7.5000    0.0000   45.000012386.9512   18.4398
   -7.5000    7.5000   45.000011857.7139   18.5198
    0.0000    7.5000   45.000012379.1865   18.4926
    7.5000    7.5000   45.000011779.0703   18.4514
   -7.5000   15.0000   45.000011162.5342   18.5158
    0.0000   15.0000   45.000011635.4395   18.4910
    7.5000   15.0000   45.000011080.4746   18.4411
   -7.5000   22.5000   45.000010379.1807   18.4953
    0.0000   22.5000   45.000010783.2734   18.4606
    7.5000   22.5000   45.000010304.2090   18.4062
   -7.5000   30.0000   45.0000 9558.8525   18.2685
    0.0000   30.0000   45.0000 9914.8545   18.2234
    7.5000   30.0000   45.0000 9471.5645   18.1743
   -7.5000   37.5000   45.0000 9240.3125   18.6337
    0.0000   37.5000   45.0000 9612.3770   18.5832
    7.5000   37.5000   45.0000 9160.3428   18.5432
   -7.5000   45.0000   45.0000 8586.3574   18.7414
    0.0000   45.0000   45.0000 8946.0576   18.6952
    7.5000   45.0000   45.0000 8540.9824   18.6607

---------------------------------------------------------------------
imgreg_4dfp /opt/freesurfer/average/711-2C_as_mni_average_305 /opt/freesurfer/average/711-2B_as_mni_average_305_mask talsrcimg_g11 none talsrcimg_to_711-2C_as_mni_average_305_t4 4355
---------------------------------------------------------------------

freesurfer imgreg_4dfp.c
/opt/freesurfer/average/711-2C_as_mni_average_305.4dfp.img
       256       256       256         1
  1.000000  1.000000  1.000000
orientation T byte_order littleendian
Reading image: /opt/freesurfer/average/711-2C_as_mni_average_305.4dfp.img
dimensions:      256       256       256
mmppix:       1.0000   -1.0000   -1.0000
center:     128.0000 -129.0000 -129.0000
/opt/freesurfer/average/711-2B_as_mni_average_305_mask.4dfp.img
       256       256       256         1
  1.000000  1.000000  1.000000
orientation T byte_order littleendian
Reading mask: /opt/freesurfer/average/711-2B_as_mni_average_305_mask.4dfp.img (2306576 pixels)
talsrcimg_g11.4dfp.img
       256       256       256         1
  1.000000  1.000000  1.000000
orientation T byte_order littleendian
Reading image: talsrcimg_g11.4dfp.img
dimensions:      256       256       256
mmppix:       1.0000   -1.0000   -1.0000
center:     128.0000 -129.0000 -129.0000
rotation matrix determinant  1.000000
image alignment mode   4355 decimal     1103 hex
   -7.5000  -45.0000  -45.0000 2052.0010   22.6737
    0.0000  -45.0000  -45.0000 2058.5188   22.5253
    7.5000  -45.0000  -45.0000 2047.1918   22.8628
   -7.5000  -37.5000  -45.0000 2076.9773   21.5658
    0.0000  -37.5000  -45.0000 2083.3303   21.4542
    7.5000  -37.5000  -45.0000 2069.4680   21.7404
   -7.5000  -30.0000  -45.0000 2103.9653   20.8019
    0.0000  -30.0000  -45.0000 2109.8684   20.7181
    7.5000  -30.0000  -45.0000 2090.0417   20.9016
   -7.5000  -22.5000  -45.0000 2141.3149   20.1879
    0.0000  -22.5000  -45.0000 2148.9255   20.0868
    7.5000  -22.5000  -45.0000 2124.6750   20.2420
   -7.5000  -15.0000  -45.0000 2175.3181   19.7096
    0.0000  -15.0000  -45.0000 2179.2896   19.6771
    7.5000  -15.0000  -45.0000 2158.1638   19.8403
   -7.5000   -7.5000  -45.0000 2191.9309   19.3275
    0.0000   -7.5000  -45.0000 2197.5298   19.2904
    7.5000   -7.5000  -45.0000 2182.4121   19.4767
   -7.5000    0.0000  -45.0000 2201.3257   18.9847
    0.0000    0.0000  -45.0000 2204.9697   18.9655
    7.5000    0.0000  -45.0000 2181.9609   19.2014
   -7.5000    7.5000  -45.0000 2207.6084   18.8042
    0.0000    7.5000  -45.0000 2208.3291   18.7501
    7.5000    7.5000  -45.0000 2178.8904   19.0077
   -7.5000   15.0000  -45.0000 2196.8066   18.8882
    0.0000   15.0000  -45.0000 2203.6006   18.8264
    7.5000   15.0000  -45.0000 2171.0876   19.0899
   -7.5000   22.5000  -45.0000 2186.7837   19.1825
    0.0000   22.5000  -45.0000 2188.0581   19.1551
    7.5000   22.5000  -45.0000 2160.3440   19.4354
   -7.5000   30.0000  -45.0000 2154.7720   19.9641
    0.0000   30.0000  -45.0000 2159.1987   19.9691
    7.5000   30.0000  -45.0000 2125.6289   20.2705
   -7.5000   37.5000  -45.0000 2107.2986   21.1589
    0.0000   37.5000  -45.0000 2110.4351   21.1507
    7.5000   37.5000  -45.0000 2079.8152   21.4715
   -7.5000   45.0000  -45.0000 2033.0476   22.8810
    0.0000   45.0000  -45.0000 2036.6014   22.8170
    7.5000   45.0000  -45.0000 2004.1570   23.1733
   -7.5000  -45.0000  -37.5000 2146.8147   20.6096
    0.0000  -45.0000  -37.5000 2163.8884   20.5535
    7.5000  -45.0000  -37.5000 2152.6965   20.7381
   -7.5000  -37.5000  -37.5000 2177.7312   19.6414
    0.0000  -37.5000  -37.5000 2191.0632   19.6044
    7.5000  -37.5000  -37.5000 2171.1079   19.7320
   -7.5000  -30.0000  -37.5000 2209.2949   18.9212
    0.0000  -30.0000  -37.5000 2220.2122   18.8568
    7.5000  -30.0000  -37.5000 2200.9663   18.9785
   -7.5000  -22.5000  -37.5000 2258.4014   18.3849
    0.0000  -22.5000  -37.5000 2273.7009   18.2914
    7.5000  -22.5000  -37.5000 2247.0007   18.3869
   -7.5000  -15.0000  -37.5000 2292.9360   17.8874
    0.0000  -15.0000  -37.5000 2302.8555   17.8535
    7.5000  -15.0000  -37.5000 2276.1978   18.0153
   -7.5000   -7.5000  -37.5000 2307.5205   17.5868
    0.0000   -7.5000  -37.5000 2314.2441   17.5493
    7.5000   -7.5000  -37.5000 2289.6462   17.7127
   -7.5000    0.0000  -37.5000 2311.4521   17.3419
    0.0000    0.0000  -37.5000 2319.5186   17.2901
    7.5000    0.0000  -37.5000 2287.9551   17.5334
   -7.5000    7.5000  -37.5000 2320.7583   17.1940
    0.0000    7.5000  -37.5000 2319.3057   17.1657
    7.5000    7.5000  -37.5000 2283.2898   17.3877
   -7.5000   15.0000  -37.5000 2312.7510   17.3349
    0.0000   15.0000  -37.5000 2313.8284   17.2367
    7.5000   15.0000  -37.5000 2285.4661   17.5073
   -7.5000   22.5000  -37.5000 2302.9431   17.6229
    0.0000   22.5000  -37.5000 2298.0217   17.5621
    7.5000   22.5000  -37.5000 2270.3789   17.8348
   -7.5000   30.0000  -37.5000 2262.7427   18.2960
    0.0000   30.0000  -37.5000 2267.2432   18.2593
    7.5000   30.0000  -37.5000 2233.8826   18.5429
   -7.5000   37.5000  -37.5000 2212.7278   19.4183
    0.0000   37.5000  -37.5000 2216.0906   19.3478
    7.5000   37.5000  -37.5000 2183.3914   19.6558
   -7.5000   45.0000  -37.5000 2128.5625   21.0140
    0.0000   45.0000  -37.5000 2132.0146   20.9517
    7.5000   45.0000  -37.5000 2100.7976   21.2357
   -7.5000  -45.0000  -30.0000 2274.7878   19.4814
    0.0000  -45.0000  -30.0000 2289.3000   19.4205
    7.5000  -45.0000  -30.0000 2284.1150   19.5618
   -7.5000  -37.5000  -30.0000 2311.2537   18.5218
    0.0000  -37.5000  -30.0000 2322.9949   18.5300
    7.5000  -37.5000  -30.0000 2311.9590   18.6260
   -7.5000  -30.0000  -30.0000 2358.7151   17.8744
    0.0000  -30.0000  -30.0000 2365.5320   17.8535
    7.5000  -30.0000  -30.0000 2346.2573   17.9100
   -7.5000  -22.5000  -30.0000 2409.0415   17.3176
    0.0000  -22.5000  -30.0000 2418.7212   17.2812
    7.5000  -22.5000  -30.0000 2390.8723   17.3790
   -7.5000  -15.0000  -30.0000 2433.2168   16.8733
    0.0000  -15.0000  -30.0000 2444.7715   16.8275
    7.5000  -15.0000  -30.0000 2419.1111   16.9697
   -7.5000   -7.5000  -30.0000 2457.1055   16.5770
    0.0000   -7.5000  -30.0000 2464.9614   16.5046
    7.5000   -7.5000  -30.0000 2436.0710   16.6484
   -7.5000    0.0000  -30.0000 2472.0239   16.4159
    0.0000    0.0000  -30.0000 2474.0522   16.3277
    7.5000    0.0000  -30.0000 2444.2705   16.4839
   -7.5000    7.5000  -30.0000 2476.2178   16.3404
    0.0000    7.5000  -30.0000 2474.7942   16.2708
    7.5000    7.5000  -30.0000 2444.4431   16.4555
   -7.5000   15.0000  -30.0000 2474.9136   16.5195
    0.0000   15.0000  -30.0000 2475.9885   16.4076
    7.5000   15.0000  -30.0000 2446.2490   16.6370
   -7.5000   22.5000  -30.0000 2460.6704   16.8383
    0.0000   22.5000  -30.0000 2456.5735   16.7610
    7.5000   22.5000  -30.0000 2430.0254   16.9914
   -7.5000   30.0000  -30.0000 2416.1414   17.5335
    0.0000   30.0000  -30.0000 2416.9429   17.4494
    7.5000   30.0000  -30.0000 2385.4897   17.7047
   -7.5000   37.5000  -30.0000 2353.9397   18.5999
    0.0000   37.5000  -30.0000 2360.4734   18.5276
    7.5000   37.5000  -30.0000 2325.0334   18.7877
   -7.5000   45.0000  -30.0000 2262.9570   20.0901
    0.0000   45.0000  -30.0000 2267.6240   20.0259
    7.5000   45.0000  -30.0000 2232.8154   20.2934
   -7.5000  -45.0000  -22.5000 2376.8574   18.5327
    0.0000  -45.0000  -22.5000 2387.7712   18.4426
    7.5000  -45.0000  -22.5000 2376.3896   18.5420
   -7.5000  -37.5000  -22.5000 2417.8403   17.5780
    0.0000  -37.5000  -22.5000 2434.7363   17.5387
    7.5000  -37.5000  -22.5000 2415.6301   17.6194
   -7.5000  -30.0000  -22.5000 2467.1477   16.8503
    0.0000  -30.0000  -22.5000 2483.0410   16.8206
    7.5000  -30.0000  -22.5000 2455.4111   16.8790
   -7.5000  -22.5000  -22.5000 2515.2427   16.2544
    0.0000  -22.5000  -22.5000 2534.3479   16.2189
    7.5000  -22.5000  -22.5000 2500.9858   16.3481
   -7.5000  -15.0000  -22.5000 2547.3777   15.8119
    0.0000  -15.0000  -22.5000 2555.8638   15.7396
    7.5000  -15.0000  -22.5000 2528.4019   15.9270
   -7.5000   -7.5000  -22.5000 2573.5408   15.5439
    0.0000   -7.5000  -22.5000 2577.6130   15.4508
    7.5000   -7.5000  -22.5000 2551.5107   15.6174
   -7.5000    0.0000  -22.5000 2590.6797   15.4240
    0.0000    0.0000  -22.5000 2592.2202   15.2938
    7.5000    0.0000  -22.5000 2561.9990   15.4621
   -7.5000    7.5000  -22.5000 2608.4453   15.4408
    0.0000    7.5000  -22.5000 2612.3289   15.3145
    7.5000    7.5000  -22.5000 2574.5930   15.4693
   -7.5000   15.0000  -22.5000 2613.0518   15.6054
    0.0000   15.0000  -22.5000 2612.9019   15.5037
    7.5000   15.0000  -22.5000 2578.3396   15.6709
   -7.5000   22.5000  -22.5000 2593.5835   15.9998
    0.0000   22.5000  -22.5000 2597.0317   15.9156
    7.5000   22.5000  -22.5000 2563.1462   16.1048
   -7.5000   30.0000  -22.5000 2542.0796   16.6852
    0.0000   30.0000  -22.5000 2552.4353   16.5986
    7.5000   30.0000  -22.5000 2517.9785   16.8133
   -7.5000   37.5000  -22.5000 2469.1987   17.6981
    0.0000   37.5000  -22.5000 2480.7151   17.6213
    7.5000   37.5000  -22.5000 2443.4360   17.8597
   -7.5000   45.0000  -22.5000 2368.4031   19.1085
    0.0000   45.0000  -22.5000 2376.1846   18.9881
    7.5000   45.0000  -22.5000 2341.8064   19.2864
   -7.5000  -45.0000  -15.0000 2447.6494   17.6710
    0.0000  -45.0000  -15.0000 2454.6692   17.5871
    7.5000  -45.0000  -15.0000 2445.5186   17.6837
   -7.5000  -37.5000  -15.0000 2488.7224   16.7170
    0.0000  -37.5000  -15.0000 2507.0081   16.6343
    7.5000  -37.5000  -15.0000 2487.4983   16.7522
   -7.5000  -30.0000  -15.0000 2537.5515   15.9668
    0.0000  -30.0000  -15.0000 2553.7625   15.9037
    7.5000  -30.0000  -15.0000 2528.0593   15.9933
   -7.5000  -22.5000  -15.0000 2589.9519   15.3646
    0.0000  -22.5000  -15.0000 2599.2275   15.2989
    7.5000  -22.5000  -15.0000 2571.1973   15.4308
   -7.5000  -15.0000  -15.0000 2618.1833   14.9381
    0.0000  -15.0000  -15.0000 2629.0129   14.8608
    7.5000  -15.0000  -15.0000 2601.0742   15.0218
   -7.5000   -7.5000  -15.0000 2652.0659   14.6418
    0.0000   -7.5000  -15.0000 2660.3105   14.5608
    7.5000   -7.5000  -15.0000 2629.6230   14.7384
   -7.5000    0.0000  -15.0000 2680.4221   14.5268
    0.0000    0.0000  -15.0000 2683.4731   14.3991
    7.5000    0.0000  -15.0000 2650.5916   14.5509
   -7.5000    7.5000  -15.0000 2708.0691   14.5467
    0.0000    7.5000  -15.0000 2713.2673   14.4209
    7.5000    7.5000  -15.0000 2673.5498   14.5945
   -7.5000   15.0000  -15.0000 2716.1921   14.7208
    0.0000   15.0000  -15.0000 2717.8279   14.6650
    7.5000   15.0000  -15.0000 2676.4751   14.8048
   -7.5000   22.5000  -15.0000 2691.1553   15.1801
    0.0000   22.5000  -15.0000 2703.3560   15.1220
    7.5000   22.5000  -15.0000 2665.1196   15.2758
   -7.5000   30.0000  -15.0000 2638.5256   15.8560
    0.0000   30.0000  -15.0000 2656.0825   15.7656
    7.5000   30.0000  -15.0000 2620.4521   15.9946
   -7.5000   37.5000  -15.0000 2556.7297   16.8278
    0.0000   37.5000  -15.0000 2574.9854   16.7285
    7.5000   37.5000  -15.0000 2541.9446   17.0151
   -7.5000   45.0000  -15.0000 2448.1335   18.1460
    0.0000   45.0000  -15.0000 2456.4824   18.0199
    7.5000   45.0000  -15.0000 2431.9526   18.2926
   -7.5000  -45.0000   -7.5000 2499.9658   16.9821
    0.0000  -45.0000   -7.5000 2511.8411   16.8251
    7.5000  -45.0000   -7.5000 2500.3701   16.9774
   -7.5000  -37.5000   -7.5000 2543.7400   15.9842
    0.0000  -37.5000   -7.5000 2562.5269   15.8448
    7.5000  -37.5000   -7.5000 2540.8567   15.9963
   -7.5000  -30.0000   -7.5000 2583.8770   15.2088
    0.0000  -30.0000   -7.5000 2602.9480   15.1210
    7.5000  -30.0000   -7.5000 2580.0713   15.2553
   -7.5000  -22.5000   -7.5000 2633.1619   14.6252
    0.0000  -22.5000   -7.5000 2645.7493   14.5237
    7.5000  -22.5000   -7.5000 2624.3188   14.6499
   -7.5000  -15.0000   -7.5000 2668.3413   14.2195
    0.0000  -15.0000   -7.5000 2680.7705   14.1081
    7.5000  -15.0000   -7.5000 2658.2407   14.2688
   -7.5000   -7.5000   -7.5000 2709.6208   13.9164
    0.0000   -7.5000   -7.5000 2725.5891   13.8395
    7.5000   -7.5000   -7.5000 2692.7979   14.0180
   -7.5000    0.0000   -7.5000 2751.6621   13.7792
    0.0000    0.0000   -7.5000 2760.8733   13.6801
    7.5000    0.0000   -7.5000 2727.1636   13.8650
   -7.5000    7.5000   -7.5000 2787.1218   13.8022
    0.0000    7.5000   -7.5000 2797.6545   13.7094
    7.5000    7.5000   -7.5000 2749.4407   13.9127
   -7.5000   15.0000   -7.5000 2798.7996   13.9816
    0.0000   15.0000   -7.5000 2813.7280   13.8920
    7.5000   15.0000   -7.5000 2758.4492   14.1184
   -7.5000   22.5000   -7.5000 2775.6838   14.4460
    0.0000   22.5000   -7.5000 2797.2832   14.3788
    7.5000   22.5000   -7.5000 2753.4341   14.5849
   -7.5000   30.0000   -7.5000 2713.6230   15.1015
    0.0000   30.0000   -7.5000 2731.7390   15.0616
    7.5000   30.0000   -7.5000 2700.8357   15.2902
   -7.5000   37.5000   -7.5000 2626.3486   16.0248
    0.0000   37.5000   -7.5000 2639.8757   15.9579
    7.5000   37.5000   -7.5000 2615.7117   16.2317
   -7.5000   45.0000   -7.5000 2504.4258   17.2987
    0.0000   45.0000   -7.5000 2519.1118   17.1770
    7.5000   45.0000   -7.5000 2497.0142   17.4651
   -7.5000  -45.0000    0.0000 2525.6672   16.5729
    0.0000  -45.0000    0.0000 2542.4312   16.3670
    7.5000  -45.0000    0.0000 2528.6230   16.4899
   -7.5000  -37.5000    0.0000 2571.2139   15.5243
    0.0000  -37.5000    0.0000 2589.6438   15.3315
    7.5000  -37.5000    0.0000 2571.8655   15.4973
   -7.5000  -30.0000    0.0000 2608.9414   14.7337
    0.0000  -30.0000    0.0000 2634.5469   14.5518
    7.5000  -30.0000    0.0000 2615.1777   14.7246
   -7.5000  -22.5000    0.0000 2656.3267   14.1063
    0.0000  -22.5000    0.0000 2675.1826   13.9527
    7.5000  -22.5000    0.0000 2658.5847   14.1272
   -7.5000  -15.0000    0.0000 2696.7739   13.6895
    0.0000  -15.0000    0.0000 2714.1460   13.5498
    7.5000  -15.0000    0.0000 2694.7910   13.7467
   -7.5000   -7.5000    0.0000 2748.6018   13.4119
    0.0000   -7.5000    0.0000 2764.3813   13.2511
    7.5000   -7.5000    0.0000 2737.6614   13.4749
   -7.5000    0.0000    0.0000 2802.4004   13.3112
    0.0000    0.0000    0.0000 2820.4915   13.1645
    7.5000    0.0000    0.0000 2783.0569   13.3697
   -7.5000    7.5000    0.0000 2848.7542   13.3413
    0.0000    7.5000    0.0000 2867.9897   13.2746
    7.5000    7.5000    0.0000 2816.7852   13.4359
   -7.5000   15.0000    0.0000 2866.5469   13.5043
    0.0000   15.0000    0.0000 2891.5686   13.4359
    7.5000   15.0000    0.0000 2830.6648   13.6908
   -7.5000   22.5000    0.0000 2841.0303   13.9400
    0.0000   22.5000    0.0000 2874.2666   13.9121
    7.5000   22.5000    0.0000 2819.6924   14.1445
   -7.5000   30.0000    0.0000 2761.3113   14.6186
    0.0000   30.0000    0.0000 2792.4194   14.5748
    7.5000   30.0000    0.0000 2754.0593   14.8060
   -7.5000   37.5000    0.0000 2672.2891   15.4921
    0.0000   37.5000    0.0000 2690.7542   15.4355
    7.5000   37.5000    0.0000 2659.0154   15.6927
   -7.5000   45.0000    0.0000 2544.8176   16.6990
    0.0000   45.0000    0.0000 2564.1873   16.6245
    7.5000   45.0000    0.0000 2530.3127   16.8916
   -7.5000  -45.0000    7.5000 2540.5625   16.4124
    0.0000  -45.0000    7.5000 2564.1350   16.1306
    7.5000  -45.0000    7.5000 2549.4094   16.2979
   -7.5000  -37.5000    7.5000 2579.0847   15.3010
    0.0000  -37.5000    7.5000 2605.1685   15.0670
    7.5000  -37.5000    7.5000 2588.2031   15.2413
   -7.5000  -30.0000    7.5000 2617.4194   14.4692
    0.0000  -30.0000    7.5000 2642.4648   14.2259
    7.5000  -30.0000    7.5000 2626.7971   14.4082
   -7.5000  -22.5000    7.5000 2667.5112   13.8321
    0.0000  -22.5000    7.5000 2687.5710   13.5829
    7.5000  -22.5000    7.5000 2668.9458   13.7750
   -7.5000  -15.0000    7.5000 2715.4160   13.4018
    0.0000  -15.0000    7.5000 2732.0715   13.1251
    7.5000  -15.0000    7.5000 2711.6755   13.3500
   -7.5000   -7.5000    7.5000 2771.6848   13.0970
    0.0000   -7.5000    7.5000 2788.9360   12.8450
    7.5000   -7.5000    7.5000 2762.7642   13.0979
   -7.5000    0.0000    7.5000 2832.3030   13.0326
    0.0000    0.0000    7.5000 2852.4485   12.7862
    7.5000    0.0000    7.5000 2816.5620   13.0445
   -7.5000    7.5000    7.5000 2887.6790   13.1519
    0.0000    7.5000    7.5000 2913.1243   13.0263
    7.5000    7.5000    7.5000 2867.4465   13.2106
   -7.5000   15.0000    7.5000 2912.4983   13.3053
    0.0000   15.0000    7.5000 2957.2644   13.2176
    7.5000   15.0000    7.5000 2890.8369   13.4911
   -7.5000   22.5000    7.5000 2883.3533   13.7522
    0.0000   22.5000    7.5000 2933.0955   13.5940
    7.5000   22.5000    7.5000 2869.2673   13.8797
   -7.5000   30.0000    7.5000 2794.2522   14.4415
    0.0000   30.0000    7.5000 2828.3481   14.2876
    7.5000   30.0000    7.5000 2781.0718   14.5194
   -7.5000   37.5000    7.5000 2686.8472   15.2853
    0.0000   37.5000    7.5000 2708.8411   15.1554
    7.5000   37.5000    7.5000 2677.5132   15.3502
   -7.5000   45.0000    7.5000 2560.3718   16.4242
    0.0000   45.0000    7.5000 2578.2556   16.2755
    7.5000   45.0000    7.5000 2551.4995   16.4761
   -7.5000  -45.0000   15.0000 2532.3005   16.3621
    0.0000  -45.0000   15.0000 2559.4761   16.0399
    7.5000  -45.0000   15.0000 2545.8035   16.2033
   -7.5000  -37.5000   15.0000 2570.2146   15.2483
    0.0000  -37.5000   15.0000 2603.9492   14.9467
    7.5000  -37.5000   15.0000 2587.2573   15.1377
   -7.5000  -30.0000   15.0000 2606.8994   14.4294
    0.0000  -30.0000   15.0000 2634.9221   14.1249
    7.5000  -30.0000   15.0000 2612.3889   14.3047
   -7.5000  -22.5000   15.0000 2653.0029   13.7577
    0.0000  -22.5000   15.0000 2673.1274   13.4542
    7.5000  -22.5000   15.0000 2651.6440   13.6795
   -7.5000  -15.0000   15.0000 2704.2312   13.2992
    0.0000  -15.0000   15.0000 2723.1160   12.9931
    7.5000  -15.0000   15.0000 2695.0015   13.2407
   -7.5000   -7.5000   15.0000 2761.0200   13.0539
    0.0000   -7.5000   15.0000 2781.2856   12.7226
    7.5000   -7.5000   15.0000 2757.5273   13.0003
   -7.5000    0.0000   15.0000 2819.6816   13.0458
    0.0000    0.0000   15.0000 2838.8833   12.7217
    7.5000    0.0000   15.0000 2813.3538   12.9763
   -7.5000    7.5000   15.0000 2876.4683   13.1945
    0.0000    7.5000   15.0000 2911.0466   12.9404
    7.5000    7.5000   15.0000 2867.2483   13.1791
   -7.5000   15.0000   15.0000 2914.1467   13.5117
    0.0000   15.0000   15.0000 2954.5520   13.2100
    7.5000   15.0000   15.0000 2891.2017   13.4023
   -7.5000   22.5000   15.0000 2886.5256   13.8827
    0.0000   22.5000   15.0000 2931.8096   13.6345
    7.5000   22.5000   15.0000 2872.5959   13.7926
   -7.5000   30.0000   15.0000 2798.3994   14.4140
    0.0000   30.0000   15.0000 2831.3240   14.2438
    7.5000   30.0000   15.0000 2782.8726   14.3701
   -7.5000   37.5000   15.0000 2681.0222   15.2475
    0.0000   37.5000   15.0000 2701.6951   15.0804
    7.5000   37.5000   15.0000 2669.2068   15.1973
   -7.5000   45.0000   15.0000 2548.0449   16.3618
    0.0000   45.0000   15.0000 2559.9248   16.2052
    7.5000   45.0000   15.0000 2536.7402   16.3500
   -7.5000  -45.0000   22.5000 2510.5930   16.4906
    0.0000  -45.0000   22.5000 2539.4631   16.1209
    7.5000  -45.0000   22.5000 2520.4939   16.2568
   -7.5000  -37.5000   22.5000 2555.3694   15.3304
    0.0000  -37.5000   22.5000 2587.2617   14.9673
    7.5000  -37.5000   22.5000 2567.2122   15.1543
   -7.5000  -30.0000   22.5000 2589.6128   14.5570
    0.0000  -30.0000   22.5000 2620.0005   14.1744
    7.5000  -30.0000   22.5000 2599.8135   14.3823
   -7.5000  -22.5000   22.5000 2632.0742   13.9561
    0.0000  -22.5000   22.5000 2655.3855   13.6072
    7.5000  -22.5000   22.5000 2635.5952   13.8321
   -7.5000  -15.0000   22.5000 2678.3264   13.6024
    0.0000  -15.0000   22.5000 2696.8347   13.2196
    7.5000  -15.0000   22.5000 2674.6162   13.4773
   -7.5000   -7.5000   22.5000 2735.0581   13.4044
    0.0000   -7.5000   22.5000 2750.0942   13.0192
    7.5000   -7.5000   22.5000 2729.2683   13.2673
   -7.5000    0.0000   22.5000 2786.2786   13.3763
    0.0000    0.0000   22.5000 2805.2217   13.0869
    7.5000    0.0000   22.5000 2779.5015   13.2826
   -7.5000    7.5000   22.5000 2835.2991   13.5034
    0.0000    7.5000   22.5000 2867.0186   13.1722
    7.5000    7.5000   22.5000 2827.5791   13.3912
   -7.5000   15.0000   22.5000 2863.5620   13.7828
    0.0000   15.0000   22.5000 2898.7507   13.4865
    7.5000   15.0000   22.5000 2847.7334   13.6645
   -7.5000   22.5000   22.5000 2835.7903   14.1627
    0.0000   22.5000   22.5000 2871.8628   13.9529
    7.5000   22.5000   22.5000 2825.3916   14.0787
   -7.5000   30.0000   22.5000 2755.8672   14.6914
    0.0000   30.0000   22.5000 2792.6323   14.5354
    7.5000   30.0000   22.5000 2749.3557   14.6476
   -7.5000   37.5000   22.5000 2642.3955   15.5138
    0.0000   37.5000   22.5000 2663.4607   15.3943
    7.5000   37.5000   22.5000 2634.4741   15.4762
   -7.5000   45.0000   22.5000 2506.4333   16.6172
    0.0000   45.0000   22.5000 2522.6375   16.4551
    7.5000   45.0000   22.5000 2503.8713   16.5915
   -7.5000  -45.0000   30.0000 2457.3003   16.8563
    0.0000  -45.0000   30.0000 2491.3030   16.3911
    7.5000  -45.0000   30.0000 2474.4792   16.5061
   -7.5000  -37.5000   30.0000 2507.9702   15.7239
    0.0000  -37.5000   30.0000 2542.7554   15.2611
    7.5000  -37.5000   30.0000 2529.0349   15.4483
   -7.5000  -30.0000   30.0000 2551.3494   14.9586
    0.0000  -30.0000   30.0000 2586.2134   14.5531
    7.5000  -30.0000   30.0000 2565.5869   14.7176
   -7.5000  -22.5000   30.0000 2600.1130   14.4572
    0.0000  -22.5000   30.0000 2629.3425   14.0791
    7.5000  -22.5000   30.0000 2608.5103   14.2551
   -7.5000  -15.0000   30.0000 2637.6372   14.1028
    0.0000  -15.0000   30.0000 2664.5962   13.7249
    7.5000  -15.0000   30.0000 2644.0916   13.9349
   -7.5000   -7.5000   30.0000 2683.0393   13.8685
    0.0000   -7.5000   30.0000 2711.2268   13.5377
    7.5000   -7.5000   30.0000 2690.3540   13.7667
   -7.5000    0.0000   30.0000 2732.3308   13.8179
    0.0000    0.0000   30.0000 2758.8599   13.5043
    7.5000    0.0000   30.0000 2735.3955   13.7266
   -7.5000    7.5000   30.0000 2772.7993   13.9350
    0.0000    7.5000   30.0000 2806.3604   13.5673
    7.5000    7.5000   30.0000 2771.6343   13.8174
   -7.5000   15.0000   30.0000 2784.7161   14.1868
    0.0000   15.0000   30.0000 2812.0056   13.9120
    7.5000   15.0000   30.0000 2776.0869   14.1307
   -7.5000   22.5000   30.0000 2756.4910   14.5896
    0.0000   22.5000   30.0000 2780.5447   14.3589
    7.5000   22.5000   30.0000 2748.2893   14.5635
   -7.5000   30.0000   30.0000 2689.1829   15.1337
    0.0000   30.0000   30.0000 2718.2942   14.9190
    7.5000   30.0000   30.0000 2681.0764   15.1544
   -7.5000   37.5000   30.0000 2583.3652   16.0054
    0.0000   37.5000   30.0000 2608.0942   15.7939
    7.5000   37.5000   30.0000 2578.6980   15.9932
   -7.5000   45.0000   30.0000 2452.6465   17.1796
    0.0000   45.0000   30.0000 2476.3892   16.9497
    7.5000   45.0000   30.0000 2456.8640   17.1206
   -7.5000  -45.0000   37.5000 2390.9453   17.5416
    0.0000  -45.0000   37.5000 2428.8921   17.1209
    7.5000  -45.0000   37.5000 2424.1309   17.2604
   -7.5000  -37.5000   37.5000 2443.8071   16.3850
    0.0000  -37.5000   37.5000 2483.1511   16.0090
    7.5000  -37.5000   37.5000 2474.1594   16.1321
   -7.5000  -30.0000   37.5000 2494.3564   15.6425
    0.0000  -30.0000   37.5000 2529.3784   15.2474
    7.5000  -30.0000   37.5000 2516.7729   15.3675
   -7.5000  -22.5000   37.5000 2543.9148   15.1290
    0.0000  -22.5000   37.5000 2581.9058   14.7417
    7.5000  -22.5000   37.5000 2563.4492   14.8622
   -7.5000  -15.0000   37.5000 2583.9807   14.7591
    0.0000  -15.0000   37.5000 2618.7664   14.3921
    7.5000  -15.0000   37.5000 2602.0669   14.5571
   -7.5000   -7.5000   37.5000 2623.3899   14.5113
    0.0000   -7.5000   37.5000 2658.7000   14.1876
    7.5000   -7.5000   37.5000 2639.0505   14.3833
   -7.5000    0.0000   37.5000 2660.6094   14.4431
    0.0000    0.0000   37.5000 2699.8677   14.0944
    7.5000    0.0000   37.5000 2677.0940   14.3148
   -7.5000    7.5000   37.5000 2686.2546   14.5563
    0.0000    7.5000   37.5000 2728.9915   14.2134
    7.5000    7.5000   37.5000 2697.1658   14.4430
   -7.5000   15.0000   37.5000 2691.5142   14.8636
    0.0000   15.0000   37.5000 2721.9695   14.5726
    7.5000   15.0000   37.5000 2694.6995   14.7713
   -7.5000   22.5000   37.5000 2657.8774   15.2826
    0.0000   22.5000   37.5000 2681.8252   15.0139
    7.5000   22.5000   37.5000 2658.0198   15.2142
   -7.5000   30.0000   37.5000 2597.2507   15.8558
    0.0000   30.0000   37.5000 2620.6362   15.6019
    7.5000   30.0000   37.5000 2593.4133   15.8101
   -7.5000   37.5000   37.5000 2506.5454   16.7330
    0.0000   37.5000   37.5000 2527.1978   16.4686
    7.5000   37.5000   37.5000 2504.7881   16.6811
   -7.5000   45.0000   37.5000 2392.1499   17.8978
    0.0000   45.0000   37.5000 2412.3865   17.6579
    7.5000   45.0000   37.5000 2399.2319   17.8565
   -7.5000  -45.0000   45.0000 2318.0032   18.5584
    0.0000  -45.0000   45.0000 2356.5745   18.2023
    7.5000  -45.0000   45.0000 2355.7488   18.2949
   -7.5000  -37.5000   45.0000 2373.2129   17.3598
    0.0000  -37.5000   45.0000 2408.5662   16.9763
    7.5000  -37.5000   45.0000 2406.0425   17.0708
   -7.5000  -30.0000   45.0000 2424.7627   16.5464
    0.0000  -30.0000   45.0000 2461.3613   16.1536
    7.5000  -30.0000   45.0000 2451.8459   16.2390
   -7.5000  -22.5000   45.0000 2470.6172   15.9722
    0.0000  -22.5000   45.0000 2513.9160   15.6076
    7.5000  -22.5000   45.0000 2500.2817   15.7238
   -7.5000  -15.0000   45.0000 2511.0195   15.6004
    0.0000  -15.0000   45.0000 2550.8645   15.2604
    7.5000  -15.0000   45.0000 2538.7859   15.4024
   -7.5000   -7.5000   45.0000 2549.4673   15.3990
    0.0000   -7.5000   45.0000 2588.3096   15.0388
    7.5000   -7.5000   45.0000 2567.8137   15.2406
   -7.5000    0.0000   45.0000 2576.5020   15.3573
    0.0000    0.0000   45.0000 2616.7930   15.0180
    7.5000    0.0000   45.0000 2593.9072   15.2286
   -7.5000    7.5000   45.0000 2594.2046   15.4589
    0.0000    7.5000   45.0000 2634.8540   15.1725
    7.5000    7.5000   45.0000 2605.7983   15.3447
   -7.5000   15.0000   45.0000 2589.2505   15.7650
    0.0000   15.0000   45.0000 2618.6587   15.5160
    7.5000   15.0000   45.0000 2593.3347   15.6679
   -7.5000   22.5000   45.0000 2552.9717   16.2154
    0.0000   22.5000   45.0000 2574.1189   15.9762
    7.5000   22.5000   45.0000 2556.5891   16.1272
   -7.5000   30.0000   45.0000 2496.3943   16.8298
    0.0000   30.0000   45.0000 2515.6111   16.5760
    7.5000   30.0000   45.0000 2497.2417   16.7465
   -7.5000   37.5000   45.0000 2424.4639   17.7041
    0.0000   37.5000   45.0000 2450.1030   17.4366
    7.5000   37.5000   45.0000 2427.6843   17.6040
   -7.5000   45.0000   45.0000 2322.0603   18.8626
    0.0000   45.0000   45.0000 2342.0471   18.5960
    7.5000   45.0000   45.0000 2325.9692   18.7884

---------------------------------------------------------------------
imgreg_4dfp /opt/freesurfer/average/711-2C_as_mni_average_305 /opt/freesurfer/average/711-2B_as_mni_average_305_mask talsrcimg_g11 none talsrcimg_to_711-2C_as_mni_average_305_t4 1283
---------------------------------------------------------------------

freesurfer imgreg_4dfp.c
/opt/freesurfer/average/711-2C_as_mni_average_305.4dfp.img
       256       256       256         1
  1.000000  1.000000  1.000000
orientation T byte_order littleendian
Reading image: /opt/freesurfer/average/711-2C_as_mni_average_305.4dfp.img
dimensions:      256       256       256
mmppix:       1.0000   -1.0000   -1.0000
center:     128.0000 -129.0000 -129.0000
/opt/freesurfer/average/711-2B_as_mni_average_305_mask.4dfp.img
       256       256       256         1
  1.000000  1.000000  1.000000
orientation T byte_order littleendian
Reading mask: /opt/freesurfer/average/711-2B_as_mni_average_305_mask.4dfp.img (2306576 pixels)
talsrcimg_g11.4dfp.img
       256       256       256         1
  1.000000  1.000000  1.000000
orientation T byte_order littleendian
Reading image: talsrcimg_g11.4dfp.img
dimensions:      256       256       256
mmppix:       1.0000   -1.0000   -1.0000
center:     128.0000 -129.0000 -129.0000
rotation matrix determinant  1.000000
fimgreg.f
image alignment mode   1283 decimal      503 hex
parameters
    0.0000   15.0000    7.5000    0.0000    0.0000    0.0000
eta,q 0.92695 13.24527
niter,ni,del,rscale     5    3   12.0000    1.2000
parameter  3 -0.551673 -> -0.500000 qaram    1.1500
parameter  4  0.779793 ->  0.500000 qaram    1.1500
parameter  5  0.546947 ->  0.500000 qaram    1.1500
parameters
   -1.1973   15.3766   10.9500   -3.4500   -3.4500    2.0558
eta,q 0.93589 13.02888
  0.0842  0.0811  0.0846  0.0674  0.0678  0.0739
  0.0765  0.0761  0.0778  0.0675  0.0651  0.0701
  0.0727  0.0728  0.0740  0.0679  0.0649  0.0672
  0.0736  0.0722  0.0718  0.0688  0.0676  0.0648
  0.0792  0.0735  0.0694  0.0704  0.0718  0.0641
  0.0867  0.0756  0.0685  0.0721  0.0756  0.0650
  0.0941  0.0783  0.0707  0.0752  0.0800  0.0668
niter,ni,del,rscale     7    3   12.0000    1.2000
parameter  2 -0.510581 -> -0.500000 qaram    1.1500
parameter  4  0.768234 ->  0.500000 qaram    1.3225
parameters
    0.0939   18.8266   10.8857   -7.4175   -3.0322    3.5339
eta,q 0.94463 13.09725
  0.0864  0.0806  0.0749  0.0601  0.0721  0.0668
  0.0771  0.0744  0.0699  0.0565  0.0652  0.0628
  0.0688  0.0674  0.0645  0.0572  0.0591  0.0587
  0.0641  0.0636  0.0621  0.0621  0.0561  0.0560
  0.0639  0.0623  0.0645  0.0665  0.0576  0.0555
  0.0668  0.0622  0.0698  0.0701  0.0628  0.0570
  0.0738  0.0638  0.0757  0.0741  0.0689  0.0604
niter,ni,del,rscale     7    3   12.0000    1.2000
parameters
    0.0591   19.5232   10.4448   -7.5873   -2.9249    3.5657
eta,q 0.94560 13.14179
  0.0774  0.0763  0.0706  0.0694  0.0704  0.0633
  0.0652  0.0693  0.0647  0.0637  0.0632  0.0589
  0.0570  0.0613  0.0568  0.0583  0.0570  0.0556
  0.0554  0.0553  0.0546  0.0543  0.0544  0.0544
  0.0592  0.0560  0.0601  0.0587  0.0570  0.0556
  0.0663  0.0628  0.0675  0.0651  0.0627  0.0589
  0.0766  0.0713  0.0742  0.0702  0.0693  0.0630
niter,ni,del,rscale     6    3   12.0000    1.2000
parameters
    0.0287   19.7091   10.3214   -7.6830   -2.8932    3.5776
eta,q 0.94566 13.15113
  0.0776  0.0752  0.0714  0.0695  0.0700  0.0633
  0.0651  0.0671  0.0662  0.0641  0.0629  0.0588
  0.0566  0.0592  0.0581  0.0586  0.0569  0.0555
  0.0544  0.0544  0.0543  0.0543  0.0543  0.0543
  0.0587  0.0574  0.0587  0.0584  0.0571  0.0556
  0.0664  0.0651  0.0662  0.0649  0.0629  0.0590
  0.0767  0.0739  0.0730  0.0701  0.0695  0.0630
niter,ni,del,rscale     5    3   12.0000    1.2000
parameters
    0.0169   19.7613   10.2774   -7.7246   -2.8836    3.5824
eta,q 0.94566 13.15348
  0.0778  0.0748  0.0716  0.0696  0.0699  0.0632
  0.0652  0.0665  0.0665  0.0643  0.0628  0.0588
  0.0567  0.0587  0.0584  0.0588  0.0568  0.0555
  0.0543  0.0543  0.0543  0.0543  0.0543  0.0543
  0.0587  0.0579  0.0583  0.0581  0.0572  0.0556
  0.0664  0.0657  0.0659  0.0648  0.0629  0.0590
  0.0767  0.0746  0.0727  0.0699  0.0696  0.0630
registration optimization eta report
parameter search radius
    6.0000    6.9000    6.9000    7.9350    6.9000    6.0000
100000*second partial in parameter space
       62.       41.       35.       22.       31.       24.
  0.0778  0.0748  0.0716  0.0696  0.0699  0.0632
  0.0652  0.0665  0.0665  0.0643  0.0628  0.0588
  0.0567  0.0587  0.0584  0.0588  0.0568  0.0555
  0.0543  0.0543  0.0543  0.0543  0.0543  0.0543
  0.0587  0.0579  0.0583  0.0581  0.0572  0.0556
  0.0664  0.0657  0.0659  0.0648  0.0629  0.0590
  0.0767  0.0746  0.0727  0.0699  0.0696  0.0630
    0.0169   19.7613   10.2774   -7.7246   -2.8836    3.5824
eta,q 0.94566 13.15348

---------------------------------------------------------------------
imgreg_4dfp /opt/freesurfer/average/711-2C_as_mni_average_305 /opt/freesurfer/average/711-2B_as_mni_average_305_mask talsrcimg_g11 none talsrcimg_to_711-2C_as_mni_average_305_t4 3335
---------------------------------------------------------------------

freesurfer imgreg_4dfp.c
/opt/freesurfer/average/711-2C_as_mni_average_305.4dfp.img
       256       256       256         1
  1.000000  1.000000  1.000000
orientation T byte_order littleendian
Reading image: /opt/freesurfer/average/711-2C_as_mni_average_305.4dfp.img
dimensions:      256       256       256
mmppix:       1.0000   -1.0000   -1.0000
center:     128.0000 -129.0000 -129.0000
/opt/freesurfer/average/711-2B_as_mni_average_305_mask.4dfp.img
       256       256       256         1
  1.000000  1.000000  1.000000
orientation T byte_order littleendian
Reading mask: /opt/freesurfer/average/711-2B_as_mni_average_305_mask.4dfp.img (2306576 pixels)
talsrcimg_g11.4dfp.img
       256       256       256         1
  1.000000  1.000000  1.000000
orientation T byte_order littleendian
Reading image: talsrcimg_g11.4dfp.img
dimensions:      256       256       256
mmppix:       1.0000   -1.0000   -1.0000
center:     128.0000 -129.0000 -129.0000
fimgreg.f
image alignment mode   3335 decimal      D07 hex
parameters
    0.0169   19.7613   10.2774   -0.3218   -1.1433   -1.0329
   -6.8665    4.1355    6.2404   13.7264   -5.0308  -13.4241
eta,q 0.94399 13.23696
niter,ni,del,rscale     5    3    5.0000    1.2000
parameter  4  1.051018 ->  0.500000 qaram    1.1500
parameter  5  2.535483 ->  0.500000 qaram    1.1500
parameter  6  1.294569 ->  0.500000 qaram    1.1500
parameter 10  0.730553 ->  0.500000 qaram    1.1500
parameters
    0.0369   19.6742    9.8550   -4.4618   -5.2833   -5.1729
   -5.6245    5.7779    8.0607    9.5864   -4.6454  -15.3711
eta,q 0.95977 12.95420
  0.0601  0.0580  0.0574  0.0520  0.0457  0.0413  0.0473  0.0501  0.0457  0.0408  0.0423  0.0414
  0.0580  0.0570  0.0565  0.0525  0.0476  0.0424  0.0452  0.0470  0.0441  0.0404  0.0412  0.0406
  0.0566  0.0563  0.0560  0.0539  0.0499  0.0445  0.0437  0.0444  0.0430  0.0408  0.0406  0.0402
  0.0560  0.0560  0.0560  0.0559  0.0528  0.0482  0.0429  0.0427  0.0423  0.0421  0.0404  0.0404
  0.0564  0.0563  0.0565  0.0592  0.0560  0.0526  0.0428  0.0423  0.0421  0.0441  0.0406  0.0411
  0.0578  0.0571  0.0575  0.0634  0.0595  0.0579  0.0436  0.0434  0.0425  0.0466  0.0411  0.0421
  0.0601  0.0584  0.0589  0.0676  0.0634  0.0638  0.0451  0.0458  0.0435  0.0495  0.0419  0.0434
niter,ni,del,rscale     7    3    5.0000    1.2000
parameter  5  0.960552 ->  0.500000 qaram    1.3225
parameter  6  0.817301 ->  0.500000 qaram    1.3225
parameters
   -0.0223   19.6630    9.4736   -7.4012  -10.0443   -9.9339
   -5.9964    5.6846    7.4860    8.6667   -4.4451  -14.5703
eta,q 0.96542 12.25354
  0.0444  0.0434  0.0420  0.0412  0.0366  0.0334  0.0379  0.0392  0.0371  0.0381  0.0360  0.0368
  0.0421  0.0416  0.0408  0.0403  0.0366  0.0343  0.0360  0.0368  0.0357  0.0361  0.0354  0.0358
  0.0407  0.0406  0.0402  0.0400  0.0377  0.0358  0.0349  0.0353  0.0349  0.0349  0.0349  0.0350
  0.0402  0.0402  0.0402  0.0402  0.0400  0.0368  0.0347  0.0347  0.0347  0.0347  0.0346  0.0346
  0.0408  0.0406  0.0408  0.0414  0.0431  0.0386  0.0353  0.0352  0.0352  0.0355  0.0347  0.0346
  0.0424  0.0417  0.0420  0.0442  0.0467  0.0428  0.0366  0.0369  0.0363  0.0374  0.0352  0.0352
  0.0448  0.0435  0.0435  0.0488  0.0510  0.0487  0.0385  0.0395  0.0379  0.0400  0.0360  0.0361
niter,ni,del,rscale     7    3    5.0000    1.2000
parameters
    0.0947   19.4366    9.4393   -7.8359  -14.3222  -13.7876
   -6.1077    5.6516    7.1589    7.6366   -4.2986  -15.0572
eta,q 0.96751 11.60739
  0.0391  0.0374  0.0365  0.0372  0.0349  0.0349  0.0357  0.0374  0.0347  0.0361  0.0341  0.0340
  0.0367  0.0357  0.0354  0.0356  0.0341  0.0331  0.0340  0.0349  0.0335  0.0338  0.0332  0.0331
  0.0352  0.0348  0.0347  0.0348  0.0340  0.0327  0.0329  0.0333  0.0328  0.0326  0.0327  0.0326
  0.0346  0.0346  0.0345  0.0345  0.0345  0.0340  0.0326  0.0326  0.0326  0.0326  0.0325  0.0325
  0.0349  0.0352  0.0348  0.0349  0.0362  0.0359  0.0331  0.0332  0.0330  0.0337  0.0326  0.0328
  0.0362  0.0366  0.0355  0.0359  0.0392  0.0376  0.0342  0.0349  0.0338  0.0355  0.0331  0.0335
  0.0383  0.0387  0.0366  0.0379  0.0431  0.0413  0.0358  0.0375  0.0351  0.0379  0.0340  0.0344
niter,ni,del,rscale     6    3    5.0000    1.2000
parameters
    0.0894   19.5539    9.0104   -8.4356  -14.4571  -14.1724
   -6.1587    5.5938    7.0326    7.8626   -4.4730  -15.4580
eta,q 0.96766 11.54007
  0.0364  0.0358  0.0339  0.0348  0.0359  0.0376  0.0354  0.0371  0.0344  0.0372  0.0338  0.0339
  0.0342  0.0340  0.0329  0.0333  0.0337  0.0350  0.0337  0.0346  0.0333  0.0345  0.0330  0.0330
  0.0329  0.0329  0.0324  0.0325  0.0325  0.0330  0.0327  0.0330  0.0326  0.0328  0.0325  0.0325
  0.0325  0.0325  0.0325  0.0324  0.0324  0.0324  0.0323  0.0323  0.0323  0.0323  0.0324  0.0323
  0.0330  0.0328  0.0330  0.0329  0.0327  0.0337  0.0328  0.0329  0.0326  0.0330  0.0325  0.0326
  0.0343  0.0336  0.0340  0.0339  0.0338  0.0361  0.0338  0.0347  0.0334  0.0344  0.0331  0.0333
  0.0364  0.0351  0.0355  0.0355  0.0361  0.0380  0.0355  0.0374  0.0346  0.0365  0.0340  0.0343
niter,ni,del,rscale     5    3    5.0000    1.2000
parameters
    0.0652   19.6239    8.9065   -8.4806  -14.4298  -14.3149
   -6.1779    5.5830    7.1034    8.0062   -4.5759  -15.5862
eta,q 0.96766 11.53490
  0.0361  0.0354  0.0344  0.0351  0.0359  0.0379  0.0354  0.0372  0.0345  0.0371  0.0339  0.0340
  0.0340  0.0337  0.0332  0.0336  0.0338  0.0352  0.0337  0.0347  0.0334  0.0344  0.0330  0.0331
  0.0327  0.0327  0.0325  0.0326  0.0325  0.0331  0.0327  0.0330  0.0326  0.0328  0.0325  0.0325
  0.0323  0.0323  0.0323  0.0323  0.0323  0.0323  0.0323  0.0323  0.0323  0.0323  0.0323  0.0323
  0.0328  0.0327  0.0327  0.0328  0.0326  0.0335  0.0327  0.0329  0.0326  0.0330  0.0325  0.0326
  0.0342  0.0336  0.0335  0.0337  0.0337  0.0359  0.0338  0.0346  0.0333  0.0344  0.0331  0.0332
  0.0363  0.0350  0.0348  0.0351  0.0359  0.0378  0.0354  0.0373  0.0345  0.0365  0.0340  0.0341
niter,ni,del,rscale     4    3    5.0000    1.2000
parameters
    0.0626   19.6525    8.8614   -8.4764  -14.4231  -14.3729
   -6.1909    5.5882    7.1495    8.0621   -4.6259  -15.6415
eta,q 0.96766 11.53410
  0.0362  0.0353  0.0345  0.0352  0.0359  0.0380  0.0354  0.0372  0.0345  0.0369  0.0339  0.0341
  0.0341  0.0336  0.0333  0.0336  0.0337  0.0353  0.0338  0.0347  0.0334  0.0343  0.0330  0.0331
  0.0328  0.0326  0.0325  0.0326  0.0325  0.0332  0.0327  0.0330  0.0326  0.0327  0.0325  0.0325
  0.0323  0.0323  0.0323  0.0323  0.0323  0.0323  0.0323  0.0323  0.0323  0.0323  0.0323  0.0323
  0.0328  0.0327  0.0326  0.0328  0.0326  0.0335  0.0327  0.0329  0.0326  0.0330  0.0325  0.0326
  0.0341  0.0336  0.0334  0.0337  0.0337  0.0359  0.0338  0.0346  0.0333  0.0345  0.0331  0.0332
  0.0362  0.0351  0.0346  0.0350  0.0359  0.0377  0.0354  0.0373  0.0345  0.0365  0.0339  0.0341
niter,ni,del,rscale     3    3    5.0000    1.2000
parameters
    0.0623   19.6661    8.8416   -8.4696  -14.4194  -14.3977
   -6.2001    5.5918    7.1781    8.0902   -4.6506  -15.6666
eta,q 0.96765 11.53430
  0.0362  0.0353  0.0346  0.0352  0.0359  0.0381  0.0354  0.0372  0.0345  0.0369  0.0339  0.0341
  0.0341  0.0336  0.0333  0.0336  0.0337  0.0353  0.0338  0.0347  0.0334  0.0343  0.0330  0.0331
  0.0328  0.0326  0.0326  0.0326  0.0325  0.0332  0.0327  0.0330  0.0326  0.0327  0.0325  0.0325
  0.0323  0.0323  0.0323  0.0323  0.0323  0.0323  0.0323  0.0323  0.0323  0.0323  0.0323  0.0323
  0.0328  0.0327  0.0326  0.0328  0.0326  0.0334  0.0327  0.0329  0.0326  0.0330  0.0325  0.0326
  0.0341  0.0336  0.0334  0.0337  0.0337  0.0358  0.0338  0.0346  0.0333  0.0345  0.0331  0.0332
  0.0362  0.0351  0.0346  0.0350  0.0359  0.0377  0.0354  0.0373  0.0345  0.0366  0.0339  0.0341
registration optimization eta report
parameter search radius
    2.4000    2.4000    2.4000    8.2800    9.5220    9.5220
    7.2000    7.2000    7.2000    8.2800    7.2000    7.2000
100000*second partial in parameter space
       67.       49.       39.        4.        4.        6.
        6.        9.        4.        6.        3.        3.
  0.0362  0.0353  0.0346  0.0352  0.0359  0.0381  0.0354  0.0372  0.0345  0.0369  0.0339  0.0341
  0.0341  0.0336  0.0333  0.0336  0.0337  0.0353  0.0338  0.0347  0.0334  0.0343  0.0330  0.0331
  0.0328  0.0326  0.0326  0.0326  0.0325  0.0332  0.0327  0.0330  0.0326  0.0327  0.0325  0.0325
  0.0323  0.0323  0.0323  0.0323  0.0323  0.0323  0.0323  0.0323  0.0323  0.0323  0.0323  0.0323
  0.0328  0.0327  0.0326  0.0328  0.0326  0.0334  0.0327  0.0329  0.0326  0.0330  0.0325  0.0326
  0.0341  0.0336  0.0334  0.0337  0.0337  0.0358  0.0338  0.0346  0.0333  0.0345  0.0331  0.0332
  0.0362  0.0351  0.0346  0.0350  0.0359  0.0377  0.0354  0.0373  0.0345  0.0366  0.0339  0.0341
    0.0623   19.6661    8.8416   -8.4696  -14.4194  -14.3977
   -6.2001    5.5918    7.1781    8.0902   -4.6506  -15.6666
eta,q 0.96765 11.53430

---------------------------------------------------------------------
imgreg_4dfp /opt/freesurfer/average/711-2C_as_mni_average_305 /opt/freesurfer/average/711-2B_as_mni_average_305_mask talsrcimg_g11 none talsrcimg_to_711-2C_as_mni_average_305_t4 2311
---------------------------------------------------------------------

freesurfer imgreg_4dfp.c
/opt/freesurfer/average/711-2C_as_mni_average_305.4dfp.img
       256       256       256         1
  1.000000  1.000000  1.000000
orientation T byte_order littleendian
Reading image: /opt/freesurfer/average/711-2C_as_mni_average_305.4dfp.img
dimensions:      256       256       256
mmppix:       1.0000   -1.0000   -1.0000
center:     128.0000 -129.0000 -129.0000
/opt/freesurfer/average/711-2B_as_mni_average_305_mask.4dfp.img
       256       256       256         1
  1.000000  1.000000  1.000000
orientation T byte_order littleendian
Reading mask: /opt/freesurfer/average/711-2B_as_mni_average_305_mask.4dfp.img (2306576 pixels)
talsrcimg_g11.4dfp.img
       256       256       256         1
  1.000000  1.000000  1.000000
orientation T byte_order littleendian
Reading image: talsrcimg_g11.4dfp.img
dimensions:      256       256       256
mmppix:       1.0000   -1.0000   -1.0000
center:     128.0000 -129.0000 -129.0000
fimgreg.f
image alignment mode   2311 decimal      907 hex
parameters
    0.0623   19.6661    8.8416   -8.4696  -14.4194  -14.3977
   -6.2001    5.5918    7.1781    8.0902   -4.6506  -15.6666
eta,q 0.96765 11.53430
niter,ni,del,rscale     5    3    5.0000    0.8000
parameters
    0.0530   19.6338    8.8163   -8.6865  -14.4712  -14.6327
   -6.2603    5.6156    7.1694    7.7516   -4.7207  -15.6462
eta,q 0.96768 11.49492
  0.0341  0.0336  0.0333  0.0333  0.0330  0.0342  0.0338  0.0347  0.0333  0.0337  0.0330  0.0331
  0.0331  0.0329  0.0328  0.0327  0.0326  0.0332  0.0330  0.0334  0.0328  0.0329  0.0326  0.0327
  0.0325  0.0325  0.0324  0.0324  0.0324  0.0326  0.0325  0.0326  0.0324  0.0324  0.0324  0.0324
  0.0323  0.0323  0.0323  0.0323  0.0323  0.0323  0.0323  0.0323  0.0323  0.0323  0.0323  0.0323
  0.0326  0.0325  0.0325  0.0325  0.0324  0.0326  0.0325  0.0326  0.0325  0.0326  0.0324  0.0324
  0.0332  0.0330  0.0328  0.0329  0.0326  0.0334  0.0330  0.0334  0.0328  0.0332  0.0326  0.0327
  0.0341  0.0336  0.0334  0.0334  0.0330  0.0346  0.0338  0.0346  0.0333  0.0341  0.0330  0.0331
niter,ni,del,rscale     4    3    5.0000    0.7000
parameters
    0.0485   19.6023    8.7830   -8.7619  -14.5584  -14.6480
   -6.2792    5.6141    7.1413    7.6756   -4.7220  -15.6456
eta,q 0.96768 11.48069
  0.0337  0.0333  0.0330  0.0331  0.0328  0.0339  0.0334  0.0341  0.0331  0.0335  0.0329  0.0329
  0.0329  0.0327  0.0326  0.0326  0.0325  0.0331  0.0328  0.0331  0.0327  0.0328  0.0326  0.0326
  0.0325  0.0324  0.0324  0.0324  0.0323  0.0325  0.0324  0.0325  0.0324  0.0324  0.0324  0.0324
  0.0323  0.0323  0.0323  0.0323  0.0323  0.0323  0.0323  0.0323  0.0323  0.0323  0.0323  0.0323
  0.0325  0.0325  0.0324  0.0324  0.0324  0.0325  0.0325  0.0325  0.0324  0.0325  0.0324  0.0324
  0.0329  0.0328  0.0327  0.0327  0.0325  0.0330  0.0328  0.0331  0.0327  0.0329  0.0326  0.0326
  0.0337  0.0333  0.0331  0.0331  0.0328  0.0340  0.0334  0.0341  0.0331  0.0336  0.0329  0.0329
niter,ni,del,rscale     3    3    5.0000    0.6000
parameters
    0.0445   19.5913    8.7853   -8.8293  -14.6571  -14.5971
   -6.3037    5.6180    7.1036    7.6251   -4.7142  -15.6377
eta,q 0.96769 11.47138
  0.0333  0.0330  0.0329  0.0329  0.0327  0.0336  0.0331  0.0337  0.0329  0.0332  0.0327  0.0328
  0.0328  0.0326  0.0326  0.0326  0.0324  0.0329  0.0327  0.0329  0.0326  0.0327  0.0325  0.0325
  0.0324  0.0324  0.0324  0.0324  0.0323  0.0325  0.0324  0.0325  0.0324  0.0324  0.0324  0.0324
  0.0323  0.0323  0.0323  0.0323  0.0323  0.0323  0.0323  0.0323  0.0323  0.0323  0.0323  0.0323
  0.0324  0.0324  0.0324  0.0324  0.0324  0.0324  0.0324  0.0324  0.0324  0.0324  0.0323  0.0324
  0.0328  0.0326  0.0326  0.0326  0.0325  0.0328  0.0327  0.0329  0.0326  0.0328  0.0325  0.0325
  0.0333  0.0330  0.0329  0.0329  0.0327  0.0335  0.0331  0.0337  0.0329  0.0333  0.0327  0.0328
niter,ni,del,rscale     2    3    5.0000    0.5000
parameters
    0.0424   19.5823    8.7976   -8.8822  -14.7766  -14.5424
   -6.3262    5.6231    7.0722    7.5655   -4.6961  -15.6137
eta,q 0.96770 11.46142
  0.0330  0.0328  0.0327  0.0327  0.0325  0.0332  0.0329  0.0332  0.0327  0.0329  0.0326  0.0326
  0.0326  0.0325  0.0325  0.0325  0.0324  0.0327  0.0326  0.0327  0.0325  0.0326  0.0324  0.0324
  0.0324  0.0324  0.0324  0.0323  0.0323  0.0324  0.0324  0.0324  0.0323  0.0324  0.0323  0.0323
  0.0323  0.0323  0.0323  0.0323  0.0323  0.0323  0.0323  0.0323  0.0323  0.0323  0.0323  0.0323
  0.0324  0.0324  0.0324  0.0324  0.0323  0.0324  0.0324  0.0324  0.0324  0.0324  0.0323  0.0323
  0.0326  0.0325  0.0325  0.0325  0.0324  0.0327  0.0326  0.0327  0.0325  0.0326  0.0324  0.0324
  0.0330  0.0328  0.0327  0.0327  0.0325  0.0332  0.0329  0.0333  0.0327  0.0330  0.0326  0.0326
niter,ni,del,rscale     1    3    5.0000    0.4000
parameters
    0.0411   19.5708    8.8156   -8.9221  -14.9264  -14.4754
   -6.3339    5.6302    7.0157    7.5046   -4.6558  -15.5852
eta,q 0.96770 11.45056
  0.0328  0.0326  0.0326  0.0326  0.0324  0.0329  0.0327  0.0329  0.0326  0.0327  0.0325  0.0325
  0.0325  0.0324  0.0324  0.0324  0.0323  0.0326  0.0325  0.0326  0.0324  0.0325  0.0324  0.0324
  0.0323  0.0323  0.0323  0.0323  0.0323  0.0324  0.0323  0.0324  0.0323  0.0323  0.0323  0.0323
  0.0323  0.0323  0.0323  0.0323  0.0323  0.0323  0.0323  0.0323  0.0323  0.0323  0.0323  0.0323
  0.0324  0.0323  0.0323  0.0323  0.0323  0.0323  0.0323  0.0324  0.0323  0.0324  0.0323  0.0323
  0.0325  0.0324  0.0324  0.0324  0.0324  0.0325  0.0325  0.0326  0.0324  0.0325  0.0324  0.0324
  0.0328  0.0326  0.0325  0.0326  0.0325  0.0328  0.0327  0.0329  0.0326  0.0327  0.0325  0.0325
registration optimization eta report
parameter search radius
    0.8000    0.8000    0.8000    2.4000    2.4000    2.4000
    2.4000    2.4000    2.4000    2.4000    2.4000    2.4000
100000*second partial in parameter space
       71.       50.       39.        5.        3.       10.
        7.       11.        5.        8.        3.        4.
  0.0328  0.0326  0.0326  0.0326  0.0324  0.0329  0.0327  0.0329  0.0326  0.0327  0.0325  0.0325
  0.0325  0.0324  0.0324  0.0324  0.0323  0.0326  0.0325  0.0326  0.0324  0.0325  0.0324  0.0324
  0.0323  0.0323  0.0323  0.0323  0.0323  0.0324  0.0323  0.0324  0.0323  0.0323  0.0323  0.0323
  0.0323  0.0323  0.0323  0.0323  0.0323  0.0323  0.0323  0.0323  0.0323  0.0323  0.0323  0.0323
  0.0324  0.0323  0.0323  0.0323  0.0323  0.0323  0.0323  0.0324  0.0323  0.0324  0.0323  0.0323
  0.0325  0.0324  0.0324  0.0324  0.0324  0.0325  0.0325  0.0326  0.0324  0.0325  0.0324  0.0324
  0.0328  0.0326  0.0325  0.0326  0.0325  0.0328  0.0327  0.0329  0.0326  0.0327  0.0325  0.0325
    0.0411   19.5708    8.8156   -8.9221  -14.9264  -14.4754
   -6.3339    5.6302    7.0157    7.5046   -4.6558  -15.5852
eta,q 0.96770 11.45056

---------------------------------------------------------------------
imgreg_4dfp /opt/freesurfer/average/711-2C_as_mni_average_305 /opt/freesurfer/average/711-2B_as_mni_average_305_mask talsrcimg_g11 none talsrcimg_to_711-2C_as_mni_average_305_t4 2311
---------------------------------------------------------------------

freesurfer imgreg_4dfp.c
/opt/freesurfer/average/711-2C_as_mni_average_305.4dfp.img
       256       256       256         1
  1.000000  1.000000  1.000000
orientation T byte_order littleendian
Reading image: /opt/freesurfer/average/711-2C_as_mni_average_305.4dfp.img
dimensions:      256       256       256
mmppix:       1.0000   -1.0000   -1.0000
center:     128.0000 -129.0000 -129.0000
/opt/freesurfer/average/711-2B_as_mni_average_305_mask.4dfp.img
       256       256       256         1
  1.000000  1.000000  1.000000
orientation T byte_order littleendian
Reading mask: /opt/freesurfer/average/711-2B_as_mni_average_305_mask.4dfp.img (2306576 pixels)
talsrcimg_g11.4dfp.img
       256       256       256         1
  1.000000  1.000000  1.000000
orientation T byte_order littleendian
Reading image: talsrcimg_g11.4dfp.img
dimensions:      256       256       256
mmppix:       1.0000   -1.0000   -1.0000
center:     128.0000 -129.0000 -129.0000
fimgreg.f
image alignment mode   2311 decimal      907 hex
parameters
    0.0411   19.5708    8.8156   -8.9221  -14.9264  -14.4754
   -6.3339    5.6302    7.0157    7.5046   -4.6558  -15.5852
eta,q 0.96770 11.45056
niter,ni,del,rscale     5    3    5.0000    0.8000
parameters
    0.0544   19.5897    8.8496   -8.8402  -14.5580  -14.6237
   -6.2528    5.5988    7.0787    7.6691   -4.6763  -15.6033
eta,q 0.96769 11.47613
  0.0341  0.0336  0.0333  0.0334  0.0332  0.0342  0.0338  0.0346  0.0334  0.0341  0.0330  0.0331
  0.0331  0.0329  0.0328  0.0328  0.0326  0.0333  0.0330  0.0334  0.0328  0.0331  0.0326  0.0327
  0.0325  0.0324  0.0324  0.0324  0.0323  0.0326  0.0325  0.0326  0.0324  0.0325  0.0324  0.0324
  0.0323  0.0323  0.0323  0.0323  0.0323  0.0323  0.0323  0.0323  0.0323  0.0323  0.0323  0.0323
  0.0325  0.0324  0.0324  0.0324  0.0324  0.0325  0.0325  0.0326  0.0324  0.0325  0.0324  0.0324
  0.0331  0.0329  0.0327  0.0328  0.0325  0.0333  0.0330  0.0334  0.0328  0.0330  0.0326  0.0327
  0.0340  0.0335  0.0332  0.0333  0.0329  0.0346  0.0337  0.0347  0.0333  0.0338  0.0330  0.0331
niter,ni,del,rscale     4    3    5.0000    0.7000
parameters
    0.0455   19.5933    8.7956   -8.7977  -14.5685  -14.6376
   -6.2815    5.6014    7.1100    7.6561   -4.7048  -15.6339
eta,q 0.96769 11.47758
  0.0337  0.0333  0.0330  0.0331  0.0328  0.0339  0.0334  0.0341  0.0331  0.0336  0.0328  0.0329
  0.0329  0.0327  0.0326  0.0327  0.0325  0.0331  0.0328  0.0331  0.0327  0.0329  0.0325  0.0326
  0.0325  0.0324  0.0324  0.0324  0.0323  0.0325  0.0324  0.0325  0.0324  0.0324  0.0324  0.0324
  0.0323  0.0323  0.0323  0.0323  0.0323  0.0323  0.0323  0.0323  0.0323  0.0323  0.0323  0.0323
  0.0325  0.0324  0.0324  0.0324  0.0324  0.0325  0.0325  0.0325  0.0324  0.0325  0.0324  0.0324
  0.0329  0.0328  0.0327  0.0327  0.0325  0.0330  0.0328  0.0331  0.0327  0.0329  0.0326  0.0326
  0.0337  0.0333  0.0331  0.0331  0.0328  0.0340  0.0334  0.0341  0.0331  0.0336  0.0329  0.0329
niter,ni,del,rscale     3    3    5.0000    0.6000
parameters
    0.0439   19.5871    8.7886   -8.8249  -14.6605  -14.5991
   -6.3119    5.6135    7.1000    7.6168   -4.7092  -15.6269
eta,q 0.96770 11.47101
  0.0333  0.0330  0.0329  0.0329  0.0327  0.0335  0.0331  0.0337  0.0329  0.0332  0.0327  0.0328
  0.0328  0.0326  0.0326  0.0326  0.0324  0.0329  0.0327  0.0329  0.0326  0.0327  0.0325  0.0325
  0.0324  0.0324  0.0324  0.0324  0.0323  0.0325  0.0324  0.0325  0.0324  0.0324  0.0323  0.0324
  0.0323  0.0323  0.0323  0.0323  0.0323  0.0323  0.0323  0.0323  0.0323  0.0323  0.0323  0.0323
  0.0324  0.0324  0.0324  0.0324  0.0324  0.0324  0.0324  0.0324  0.0324  0.0324  0.0324  0.0324
  0.0328  0.0326  0.0326  0.0326  0.0325  0.0328  0.0327  0.0329  0.0326  0.0328  0.0325  0.0325
  0.0333  0.0330  0.0329  0.0329  0.0327  0.0336  0.0332  0.0337  0.0329  0.0332  0.0327  0.0328
niter,ni,del,rscale     2    3    5.0000    0.5000
parameters
    0.0430   19.5819    8.7999   -8.8704  -14.7802  -14.5375
   -6.3173    5.6251    7.0672    7.5639   -4.6880  -15.6113
eta,q 0.96770 11.46209
  0.0330  0.0328  0.0327  0.0327  0.0325  0.0332  0.0329  0.0333  0.0327  0.0330  0.0326  0.0326
  0.0326  0.0325  0.0325  0.0325  0.0324  0.0327  0.0326  0.0327  0.0325  0.0326  0.0324  0.0324
  0.0324  0.0324  0.0324  0.0323  0.0323  0.0324  0.0324  0.0324  0.0323  0.0324  0.0323  0.0323
  0.0323  0.0323  0.0323  0.0323  0.0323  0.0323  0.0323  0.0323  0.0323  0.0323  0.0323  0.0323
  0.0324  0.0324  0.0323  0.0324  0.0323  0.0324  0.0324  0.0324  0.0324  0.0324  0.0323  0.0323
  0.0326  0.0325  0.0325  0.0325  0.0324  0.0326  0.0326  0.0327  0.0325  0.0326  0.0324  0.0324
  0.0330  0.0328  0.0327  0.0327  0.0325  0.0332  0.0329  0.0332  0.0327  0.0330  0.0326  0.0326
niter,ni,del,rscale     1    3    5.0000    0.4000
parameters
    0.0431   19.5706    8.8132   -8.9184  -14.9198  -14.4840
   -6.3363    5.6321    7.0154    7.5075   -4.6611  -15.5880
eta,q 0.96770 11.45085
  0.0328  0.0326  0.0326  0.0326  0.0324  0.0329  0.0327  0.0329  0.0326  0.0327  0.0325  0.0325
  0.0325  0.0324  0.0324  0.0324  0.0323  0.0326  0.0325  0.0326  0.0324  0.0325  0.0324  0.0324
  0.0324  0.0323  0.0323  0.0323  0.0323  0.0324  0.0323  0.0324  0.0323  0.0323  0.0323  0.0323
  0.0323  0.0323  0.0323  0.0323  0.0323  0.0323  0.0323  0.0323  0.0323  0.0323  0.0323  0.0323
  0.0324  0.0323  0.0323  0.0323  0.0323  0.0323  0.0323  0.0324  0.0323  0.0324  0.0323  0.0323
  0.0325  0.0324  0.0324  0.0324  0.0324  0.0325  0.0325  0.0326  0.0324  0.0325  0.0324  0.0324
  0.0328  0.0326  0.0325  0.0326  0.0324  0.0329  0.0327  0.0329  0.0326  0.0327  0.0325  0.0325
registration optimization eta report
parameter search radius
    0.8000    0.8000    0.8000    2.4000    2.4000    2.4000
    2.4000    2.4000    2.4000    2.4000    2.4000    2.4000
100000*second partial in parameter space
       71.       50.       38.        5.        3.       10.
        7.       11.        5.        7.        3.        4.
  0.0328  0.0326  0.0326  0.0326  0.0324  0.0329  0.0327  0.0329  0.0326  0.0327  0.0325  0.0325
  0.0325  0.0324  0.0324  0.0324  0.0323  0.0326  0.0325  0.0326  0.0324  0.0325  0.0324  0.0324
  0.0324  0.0323  0.0323  0.0323  0.0323  0.0324  0.0323  0.0324  0.0323  0.0323  0.0323  0.0323
  0.0323  0.0323  0.0323  0.0323  0.0323  0.0323  0.0323  0.0323  0.0323  0.0323  0.0323  0.0323
  0.0324  0.0323  0.0323  0.0323  0.0323  0.0323  0.0323  0.0324  0.0323  0.0324  0.0323  0.0323
  0.0325  0.0324  0.0324  0.0324  0.0324  0.0325  0.0325  0.0326  0.0324  0.0325  0.0324  0.0324
  0.0328  0.0326  0.0325  0.0326  0.0324  0.0329  0.0327  0.0329  0.0326  0.0327  0.0325  0.0325
    0.0431   19.5706    8.8132   -8.9184  -14.9198  -14.4840
   -6.3363    5.6321    7.0154    7.5075   -4.6611  -15.5880
eta,q 0.96770 11.45085

---------------------------------------------------------------------
compute_vox2vox talsrcimg talsrcimg_to_711-2C_as_mni_average_305_t4 /opt/freesurfer/average/711-2C_as_mni_average_305
---------------------------------------------------------------------

freesurfer compute_vox2vox.c
Reading: talsrcimg.4dfp.ifh
Reading: talsrcimg_to_711-2C_as_mni_average_305_t4
Reading: /opt/freesurfer/average/711-2C_as_mni_average_305.4dfp.ifh
Writing: talsrcimg_to_711-2C_as_mni_average_305_t4_vox2vox.txt

start time Tue Mar 10 05:04:12 CET 2026
end		time Tue Mar 10 05:05:43 CET 2026

mpr2mni305 success

avi2talxfm orig_nu.mgz /opt/freesurfer/average/mni305.cor.mgz talsrcimg_to_711-2C_as_mni_average_305_t4_vox2vox.txt transforms/talairach.auto.xfm
avi2talxfm done
mv -f /out/sourcedata/freesurfer/sub-v1s5x0050749_ses-1/mri/talsrcimg_to_711-2C_as_mni_average_305_t4_vox2vox.txt /out/sourcedata/freesurfer/sub-v1s5x0050749_ses-1/mri/transforms/talsrcimg_to_711-2C_as_mni_average_305_t4_vox2vox.txt
lta_convert --src orig_nu.mgz --trg /opt/freesurfer/average/mni305.cor.mgz --inxfm transforms/talairach.auto.xfm --outlta transforms/talairach.auto.xfm.lta --subject fsaverage
7.3.2

--src: orig_nu.mgz src image (geometry).
--trg: /opt/freesurfer/average/mni305.cor.mgz trg image (geometry).
--inmni: transforms/talairach.auto.xfm input MNI/XFM transform.
--outlta: transforms/talairach.auto.xfm.lta output LTA.
--s: fsaverage subject name
 LTA read, type : 1
 1.08880  -0.07758   0.06687  -7.27933;
 0.04230   1.14785   0.21345  -15.89596;
-0.09351  -0.09489   1.15101  -16.75832;
 0.00000   0.00000   0.00000   1.00000;
setting subject to fsaverage
Writing  LTA to file transforms/talairach.auto.xfm.lta...
lta_convert successful.
 
 
Started at Tue Mar 10 05:04:11 CET 2026
Ended   at Tue Mar 10 05:05:43 CET 2026
talairach_avi done
