status file for recon-all
Tue Mar 10 03:58:12 CET 2026
#@# MotionCor Tue Mar 10 03:58:14 CET 2026
#@# Talairach Tue Mar 10 03:58:24 CET 2026
#@# Talairach Failure Detection Tue Mar 10 04:02:49 CET 2026
#@# Nu Intensity Correction Tue Mar 10 04:02:49 CET 2026
#@# Intensity Normalization Tue Mar 10 04:06:07 CET 2026
recon-all -s sub-v1s5x0050735_ses-1 finished without error at Tue Mar 10 04:07:31 CET 2026



#New# invocation of recon-all 



status file for recon-all
Tue Mar 10 04:14:36 CET 2026
#@# EM Registration Tue Mar 10 04:14:36 CET 2026
recon-all -s sub-v1s5x0050735_ses-1 finished without error at Tue Mar 10 04:16:49 CET 2026



#New# invocation of recon-all 



status file for recon-all
Tue Mar 10 04:16:52 CET 2026
#@# CA Normalize Tue Mar 10 04:16:52 CET 2026
#@# CA Reg Tue Mar 10 04:18:17 CET 2026
#@# SubCort Seg Tue Mar 10 05:08:52 CET 2026
#@# CC Seg Tue Mar 10 05:37:59 CET 2026
#@# Merge ASeg Tue Mar 10 05:38:31 CET 2026
#@# Intensity Normalization2 Tue Mar 10 05:38:31 CET 2026
#@# Mask BFS Tue Mar 10 05:40:48 CET 2026
#@# WM Segmentation Tue Mar 10 05:40:49 CET 2026
#@# Fill Tue Mar 10 05:42:38 CET 2026
recon-all -s sub-v1s5x0050735_ses-1 finished without error at Tue Mar 10 05:43:41 CET 2026



#New# invocation of recon-all 



status file for recon-all
Tue Mar 10 06:22:27 CET 2026
#@# white curv lh Tue Mar 10 06:22:27 CET 2026
#@# white area lh Tue Mar 10 06:22:27 CET 2026
#@# pial curv lh Tue Mar 10 06:22:27 CET 2026
#@# pial area lh Tue Mar 10 06:22:27 CET 2026
#@# thickness lh Tue Mar 10 06:22:27 CET 2026
#@# area and vertex vol lh Tue Mar 10 06:22:27 CET 2026
#@# white curv rh Tue Mar 10 06:22:27 CET 2026
#@# white area rh Tue Mar 10 06:22:27 CET 2026
#@# pial curv rh Tue Mar 10 06:22:27 CET 2026
#@# pial area rh Tue Mar 10 06:22:27 CET 2026
#@# thickness rh Tue Mar 10 06:22:27 CET 2026
#@# area and vertex vol rh Tue Mar 10 06:22:27 CET 2026
#@# Cortical ribbon mask Tue Mar 10 06:22:27 CET 2026
recon-all -s sub-v1s5x0050735_ses-1 finished without error at Tue Mar 10 06:27:21 CET 2026



#New# invocation of recon-all 



status file for recon-all
Tue Mar 10 06:32:53 CET 2026
#@# white curv lh Tue Mar 10 06:32:53 CET 2026
#@# white area lh Tue Mar 10 06:32:53 CET 2026
#@# pial curv lh Tue Mar 10 06:32:53 CET 2026
#@# pial area lh Tue Mar 10 06:32:53 CET 2026
#@# thickness lh Tue Mar 10 06:32:53 CET 2026
#@# area and vertex vol lh Tue Mar 10 06:32:53 CET 2026
#@# white curv rh Tue Mar 10 06:32:53 CET 2026
#@# white area rh Tue Mar 10 06:32:53 CET 2026
#@# pial curv rh Tue Mar 10 06:32:53 CET 2026
#@# pial area rh Tue Mar 10 06:32:53 CET 2026
#@# thickness rh Tue Mar 10 06:32:53 CET 2026
#@# area and vertex vol rh Tue Mar 10 06:32:54 CET 2026
#@# Curvature Stats lh Tue Mar 10 06:32:54 CET 2026
#@# Curvature Stats rh Tue Mar 10 06:32:55 CET 2026
#@# Relabel Hypointensities Tue Mar 10 06:32:57 CET 2026
#@# APas-to-ASeg Tue Mar 10 06:33:11 CET 2026
#@# AParc-to-ASeg aparc Tue Mar 10 06:33:19 CET 2026
#@# AParc-to-ASeg aparc.a2009s Tue Mar 10 06:33:46 CET 2026
#@# AParc-to-ASeg aparc.DKTatlas Tue Mar 10 06:34:12 CET 2026
#@# WMParc Tue Mar 10 06:34:39 CET 2026
#@# ASeg Stats Tue Mar 10 06:38:48 CET 2026
recon-all -s sub-v1s5x0050735_ses-1 finished without error at Tue Mar 10 06:39:29 CET 2026
