/out/sourcedata/freesurfer/sub-v1s5x0050742_ses-1/mri
/opt/freesurfer/bin/talairach_avi
--i orig_nu.mgz --xfm transforms/talairach.auto.xfm
talairach_avi 7.3.2
Linux dna020 5.14.0-427.37.1.el9_4.x86_64 #1 SMP PREEMPT_DYNAMIC Fri Sep 13 12:41:50 EDT 2024 x86_64 x86_64 x86_64 GNU/Linux
Tue Mar 10 04:41:22 CET 2026
mri_convert orig_nu.mgz talsrcimg.img 
reading from orig_nu.mgz...
TR=0.00, TE=0.00, TI=0.00, flip angle=0.00
i_ras = (-1, -6.51926e-09, 0)
j_ras = (7.45058e-09, 7.45058e-09, -1)
k_ras = (-6.98492e-10, 1, 7.45058e-09)
writing to talsrcimg.img...
Analyze Output Matrix
-1.00000   0.00000  -0.00000   127.78085;
-0.00000   0.00000   1.00000  -113.38062;
 0.00000  -1.00000   0.00000   111.97292;
 0.00000   0.00000   0.00000   1.00000;
--------------------
INFO: set hdr.hist.orient to -1
mpr2mni305 talsrcimg
Tue Mar 10 04:41:22 CET 2026
/opt/freesurfer/bin/mpr2mni305 talsrcimg
mpr2mni305 7.3.2
target=711-2C_as_mni_average_305

---------------------------------------------------------------------
analyzeto4dfp talsrcimg -O0 -y
---------------------------------------------------------------------

freesurfer ifh2hdr.c
Tue Mar 10 04:41:22 2026
Writing: talsrcimg.4dfp.hdr
freesurfer analyzeto4dfp.c
Reading: talsrcimg.hdr
header size 348 bytes
hdr.dime.datatype	offset=70	value=2
hdr.dime.bitpix		offset=72	value=8
hdr.hist.orient		offset=252	value=-1
dimensionality     4
dimensions       256       256       256         1
Reading: talsrcimg.img
Writing: talsrcimg.4dfp.img
Writing: talsrcimg.4dfp.ifh
ifh2hdr talsrcimg -r0to249
ori=2

---------------------------------------------------------------------
gauss_4dfp talsrcimg 1.1
---------------------------------------------------------------------

freesurfer gauss_4dfp.c
Reading: talsrcimg.4dfp.img
Writing: talsrcimg_g11.4dfp.img
image dimensions 256 256 256 padded to 288 288 288
processing volume 1freesurfer ifh2hdr.c
Tue Mar 10 04:41:24 2026
Writing: talsrcimg_g11.4dfp.hdr

Writing: talsrcimg_g11.4dfp.ifh
including: talsrcimg.4dfp.img.rec in talsrcimg_g11.4dfp.img.rec

---------------------------------------------------------------------
imgreg_4dfp /opt/freesurfer/average/711-2C_as_mni_average_305 none talsrcimg_g11 none talsrcimg_to_711-2C_as_mni_average_305_t4 4355
---------------------------------------------------------------------

freesurfer imgreg_4dfp.c
/opt/freesurfer/average/711-2C_as_mni_average_305.4dfp.img
       256       256       256         1
  1.000000  1.000000  1.000000
orientation T byte_order littleendian
Reading image: /opt/freesurfer/average/711-2C_as_mni_average_305.4dfp.img
dimensions:      256       256       256
mmppix:       1.0000   -1.0000   -1.0000
center:     128.0000 -129.0000 -129.0000
talsrcimg_g11.4dfp.img
       256       256       256         1
  1.000000  1.000000  1.000000
orientation T byte_order littleendian
Reading image: talsrcimg_g11.4dfp.img
dimensions:      256       256       256
mmppix:       1.0000   -1.0000   -1.0000
center:     128.0000 -129.0000 -129.0000
t4_read: open error in t4_sub.f l:  41 t4_file(1:l)talsrcimg_to_711-2C_as_mni_average_305_t4 
t4_read: transform initialized to I4
rotation matrix determinant  1.000000
image alignment mode   4355 decimal     1103 hex
   -7.5000  -45.0000  -45.0000 8282.1865   16.4831
    0.0000  -45.0000  -45.0000 8687.2422   16.4803
    7.5000  -45.0000  -45.0000 8403.1973   16.4968
   -7.5000  -37.5000  -45.0000 8773.8271   16.2857
    0.0000  -37.5000  -45.0000 9191.8818   16.2767
    7.5000  -37.5000  -45.0000 8895.1689   16.2899
   -7.5000  -30.0000  -45.0000 9640.6836   16.1878
    0.0000  -30.0000  -45.000010102.0107   16.1694
    7.5000  -30.0000  -45.0000 9770.2744   16.1778
   -7.5000  -22.5000  -45.000010545.3154   16.1301
    0.0000  -22.5000  -45.000011046.6475   16.1083
    7.5000  -22.5000  -45.000010676.7363   16.1150
   -7.5000  -15.0000  -45.000011304.7637   16.1078
    0.0000  -15.0000  -45.000011859.0576   16.0915
    7.5000  -15.0000  -45.000011424.0000   16.1006
   -7.5000   -7.5000  -45.000011840.3154   16.0732
    0.0000   -7.5000  -45.000012428.2354   16.0676
    7.5000   -7.5000  -45.000011964.4590   16.0821
   -7.5000    0.0000  -45.000012240.5762   16.0571
    0.0000    0.0000  -45.000012904.1455   16.0556
    7.5000    0.0000  -45.000012382.7598   16.0729
   -7.5000    7.5000  -45.000011703.0068   16.0826
    0.0000    7.5000  -45.000012338.6338   16.0740
    7.5000    7.5000  -45.000011837.3486   16.0876
   -7.5000   15.0000  -45.000011120.9932   16.1184
    0.0000   15.0000  -45.000011687.8330   16.1000
    7.5000   15.0000  -45.000011241.0098   16.1084
   -7.5000   22.5000  -45.000010435.6885   16.1252
    0.0000   22.5000  -45.000010995.5205   16.1033
    7.5000   22.5000  -45.000010580.5742   16.1100
   -7.5000   30.0000  -45.0000 9694.3691   15.9484
    0.0000   30.0000  -45.000010238.3916   15.9317
    7.5000   30.0000  -45.0000 9838.8691   15.9408
   -7.5000   37.5000  -45.0000 9414.1426   16.3451
    0.0000   37.5000  -45.0000 9950.2129   16.3393
    7.5000   37.5000  -45.0000 9580.2520   16.3574
   -7.5000   45.0000  -45.0000 8867.9121   16.3961
    0.0000   45.0000  -45.0000 9368.5010   16.3925
    7.5000   45.0000  -45.0000 9024.7686   16.4162
   -7.5000  -45.0000  -37.5000 8690.0820   16.4765
    0.0000  -45.0000  -37.5000 9113.3232   16.4719
    7.5000  -45.0000  -37.5000 8813.1914   16.4992
   -7.5000  -37.5000  -37.5000 9228.7529   16.2741
    0.0000  -37.5000  -37.5000 9689.0625   16.2662
    7.5000  -37.5000  -37.5000 9345.4629   16.2885
   -7.5000  -30.0000  -37.500010170.8838   16.1785
    0.0000  -30.0000  -37.500010711.6533   16.1610
    7.5000  -30.0000  -37.500010329.1475   16.1774
   -7.5000  -22.5000  -37.500011181.3623   16.1297
    0.0000  -22.5000  -37.500011746.1807   16.1054
    7.5000  -22.5000  -37.500011326.4785   16.1206
   -7.5000  -15.0000  -37.500011957.4814   16.1138
    0.0000  -15.0000  -37.500012563.1992   16.0923
    7.5000  -15.0000  -37.500012091.9219   16.1116
   -7.5000   -7.5000  -37.500012511.8740   16.0760
    0.0000   -7.5000  -37.500013164.3496   16.0657
    7.5000   -7.5000  -37.500012640.1895   16.0911
   -7.5000    0.0000  -37.500012951.4287   16.0509
    0.0000    0.0000  -37.500013648.0000   16.0477
    7.5000    0.0000  -37.500013085.8486   16.0753
   -7.5000    7.5000  -37.500012402.3193   16.0709
    0.0000    7.5000  -37.500013085.8359   16.0633
    7.5000    7.5000  -37.500012539.1875   16.0859
   -7.5000   15.0000  -37.500011753.2080   16.1093
    0.0000   15.0000  -37.500012371.4062   16.0917
    7.5000   15.0000  -37.500011869.1982   16.1080
   -7.5000   22.5000  -37.500011022.1826   16.1247
    0.0000   22.5000  -37.500011622.9785   16.1005
    7.5000   22.5000  -37.500011162.9609   16.1156
   -7.5000   30.0000  -37.500010227.5127   15.9535
    0.0000   30.0000  -37.500010797.2617   15.9319
    7.5000   30.0000  -37.500010362.9004   15.9512
   -7.5000   37.5000  -37.5000 9958.8291   16.3487
    0.0000   37.5000  -37.500010495.8564   16.3376
    7.5000   37.5000  -37.500010117.4844   16.3671
   -7.5000   45.0000  -37.5000 9371.9990   16.3870
    0.0000   45.0000  -37.5000 9876.9678   16.3825
    7.5000   45.0000  -37.5000 9507.0635   16.4165
   -7.5000  -45.0000  -30.0000 9255.4443   17.1964
    0.0000  -45.0000  -30.0000 9724.6631   17.1879
    7.5000  -45.0000  -30.0000 9384.6211   17.2246
   -7.5000  -37.5000  -30.0000 9855.3105   16.9800
    0.0000  -37.5000  -30.000010371.5449   16.9703
    7.5000  -37.5000  -30.0000 9998.5557   17.0005
   -7.5000  -30.0000  -30.000010905.5293   16.8788
    0.0000  -30.0000  -30.000011473.8340   16.8612
    7.5000  -30.0000  -30.000011074.5879   16.8843
   -7.5000  -22.5000  -30.000011982.2363   16.8349
    0.0000  -22.5000  -30.000012598.0498   16.8099
    7.5000  -22.5000  -30.000012137.4180   16.8320
   -7.5000  -15.0000  -30.000012799.2178   16.8261
    0.0000  -15.0000  -30.000013466.7246   16.8023
    7.5000  -15.0000  -30.000012929.2754   16.8294
   -7.5000   -7.5000  -30.000013390.2900   16.7872
    0.0000   -7.5000  -30.000014108.2412   16.7729
    7.5000   -7.5000  -30.000013531.8926   16.8072
   -7.5000    0.0000  -30.000013877.2197   16.7543
    0.0000    0.0000  -30.000014630.5684   16.7473
    7.5000    0.0000  -30.000014011.3838   16.7838
   -7.5000    7.5000  -30.000013302.4971   16.7677
    0.0000    7.5000  -30.000014073.5938   16.7583
    7.5000    7.5000  -30.000013430.6025   16.7885
   -7.5000   15.0000  -30.000012605.3350   16.8065
    0.0000   15.0000  -30.000013317.1992   16.7887
    7.5000   15.0000  -30.000012726.5879   16.8117
   -7.5000   22.5000  -30.000011813.0322   16.8280
    0.0000   22.5000  -30.000012505.1855   16.8029
    7.5000   22.5000  -30.000011954.1572   16.8251
   -7.5000   30.0000  -30.000010932.1572   16.6591
    0.0000   30.0000  -30.000011578.1016   16.6352
    7.5000   30.0000  -30.000011070.3691   16.6625
   -7.5000   37.5000  -30.000010637.5596   17.0717
    0.0000   37.5000  -30.000011246.8770   17.0560
    7.5000   37.5000  -30.000010817.0498   17.0942
   -7.5000   45.0000  -30.000010004.0312   17.1132
    0.0000   45.0000  -30.000010562.0488   17.1052
    7.5000   45.0000  -30.000010150.7529   17.1473
   -7.5000  -45.0000  -22.5000 9886.0947   17.7786
    0.0000  -45.0000  -22.500010365.3418   17.7679
    7.5000  -45.0000  -22.5000 9978.8291   17.8010
   -7.5000  -37.5000  -22.500010527.2236   17.5572
    0.0000  -37.5000  -22.500011042.2295   17.5445
    7.5000  -37.5000  -22.500010647.4756   17.5720
   -7.5000  -30.0000  -22.500011637.7422   17.4487
    0.0000  -30.0000  -22.500012236.4756   17.4305
    7.5000  -30.0000  -22.500011779.9014   17.4517
   -7.5000  -22.5000  -22.500012752.2988   17.3988
    0.0000  -22.5000  -22.500013442.8848   17.3766
    7.5000  -22.5000  -22.500012899.4443   17.3963
   -7.5000  -15.0000  -22.500013610.7510   17.3889
    0.0000  -15.0000  -22.500014332.1895   17.3689
    7.5000  -15.0000  -22.500013730.4229   17.3925
   -7.5000   -7.5000  -22.500014239.5137   17.3536
    0.0000   -7.5000  -22.500015041.8643   17.3403
    7.5000   -7.5000  -22.500014404.8857   17.3707
   -7.5000    0.0000  -22.500014775.3066   17.3247
    0.0000    0.0000  -22.500015625.8145   17.3153
    7.5000    0.0000  -22.500014940.4199   17.3485
   -7.5000    7.5000  -22.500014172.6348   17.3383
    0.0000    7.5000  -22.500015036.9150   17.3260
    7.5000    7.5000  -22.500014335.7461   17.3535
   -7.5000   15.0000  -22.500013435.1533   17.3741
    0.0000   15.0000  -22.500014244.4570   17.3557
    7.5000   15.0000  -22.500013615.7109   17.3767
   -7.5000   22.5000  -22.500012605.7783   17.3904
    0.0000   22.5000  -22.500013397.3447   17.3682
    7.5000   22.5000  -22.500012754.2559   17.3880
   -7.5000   30.0000  -22.500011618.6816   17.2185
    0.0000   30.0000  -22.500012354.3154   17.1982
    7.5000   30.0000  -22.500011760.4775   17.2220
   -7.5000   37.5000  -22.500011293.4795   17.6453
    0.0000   37.5000  -22.500012003.2881   17.6305
    7.5000   37.5000  -22.500011480.5557   17.6640
   -7.5000   45.0000  -22.500010595.6338   17.7043
    0.0000   45.0000  -22.500011215.4609   17.6934
    7.5000   45.0000  -22.500010755.3115   17.7307
   -7.5000  -45.0000  -15.000010466.6309   18.1699
    0.0000  -45.0000  -15.000010960.7979   18.1608
    7.5000  -45.0000  -15.000010557.8994   18.1827
   -7.5000  -37.5000  -15.000011160.2783   17.9509
    0.0000  -37.5000  -15.000011700.9678   17.9370
    7.5000  -37.5000  -15.000011269.2617   17.9551
   -7.5000  -30.0000  -15.000012344.2598   17.8369
    0.0000  -30.0000  -15.000012971.7588   17.8179
    7.5000  -30.0000  -15.000012489.8496   17.8314
   -7.5000  -22.5000  -15.000013517.0156   17.7742
    0.0000  -22.5000  -15.000014211.4023   17.7549
    7.5000  -22.5000  -15.000013659.0127   17.7666
   -7.5000  -15.0000  -15.000014403.9258   17.7562
    0.0000  -15.0000  -15.000015145.2861   17.7417
    7.5000  -15.0000  -15.000014516.3232   17.7553
   -7.5000   -7.5000  -15.000015082.3027   17.7251
    0.0000   -7.5000  -15.000015897.8721   17.7163
    7.5000   -7.5000  -15.000015234.5137   17.7358
   -7.5000    0.0000  -15.000015625.9365   17.7072
    0.0000    0.0000  -15.000016519.0352   17.6993
    7.5000    0.0000  -15.000015806.5771   17.7218
   -7.5000    7.5000  -15.000015001.0791   17.7279
    0.0000    7.5000  -15.000015884.8740   17.7144
    7.5000    7.5000  -15.000015190.7637   17.7329
   -7.5000   15.0000  -15.000014250.0088   17.7607
    0.0000   15.0000  -15.000015127.1318   17.7416
    7.5000   15.0000  -15.000014427.9531   17.7550
   -7.5000   22.5000  -15.000013379.8291   17.7649
    0.0000   22.5000  -15.000014246.5615   17.7455
    7.5000   22.5000  -15.000013490.9902   17.7572
   -7.5000   30.0000  -15.000012352.7773   17.5852
    0.0000   30.0000  -15.000013156.5908   17.5701
    7.5000   30.0000  -15.000012445.1104   17.5840
   -7.5000   37.5000  -15.000011973.0703   18.0227
    0.0000   37.5000  -15.000012730.9600   18.0131
    7.5000   37.5000  -15.000012107.3438   18.0348
   -7.5000   45.0000  -15.000011198.8779   18.1059
    0.0000   45.0000  -15.000011866.9150   18.0952
    7.5000   45.0000  -15.000011316.4023   18.1218
   -7.5000  -45.0000   -7.500011048.9268   18.3540
    0.0000  -45.0000   -7.500011571.9766   18.3487
    7.5000  -45.0000   -7.500011158.1074   18.3635
   -7.5000  -37.5000   -7.500011807.7100   18.1369
    0.0000  -37.5000   -7.500012370.4424   18.1244
    7.5000  -37.5000   -7.500011908.3906   18.1364
   -7.5000  -30.0000   -7.500013066.0537   18.0240
    0.0000  -30.0000   -7.500013703.5000   18.0038
    7.5000  -30.0000   -7.500013189.4277   18.0114
   -7.5000  -22.5000   -7.500014322.7910   17.9555
    0.0000  -22.5000   -7.500015018.9883   17.9350
    7.5000  -22.5000   -7.500014424.1641   17.9405
   -7.5000  -15.0000   -7.500015227.4287   17.9305
    0.0000  -15.0000   -7.500015985.3125   17.9168
    7.5000  -15.0000   -7.500015304.2959   17.9238
   -7.5000   -7.5000   -7.500015910.3018   17.8973
    0.0000   -7.5000   -7.500016767.9141   17.8920
    7.5000   -7.5000   -7.500016012.8486   17.9045
   -7.5000    0.0000   -7.500016505.8672   17.8842
    0.0000    0.0000   -7.500017400.2031   17.8802
    7.5000    0.0000   -7.500016625.4590   17.8960
   -7.5000    7.5000   -7.500015858.0625   17.9118
    0.0000    7.5000   -7.500016779.6016   17.8998
    7.5000    7.5000   -7.500016024.8125   17.9123
   -7.5000   15.0000   -7.500015072.5479   17.9470
    0.0000   15.0000   -7.500016047.6924   17.9267
    7.5000   15.0000   -7.500015246.1211   17.9344
   -7.5000   22.5000   -7.500014159.4746   17.9441
    0.0000   22.5000   -7.500015099.2998   17.9236
    7.5000   22.5000   -7.500014219.4717   17.9291
   -7.5000   30.0000   -7.500013064.6406   17.7586
    0.0000   30.0000   -7.500013913.6748   17.7443
    7.5000   30.0000   -7.500013065.8594   17.7514
   -7.5000   37.5000   -7.500012653.2256   18.2005
    0.0000   37.5000   -7.500013471.0283   18.1949
    7.5000   37.5000   -7.500012706.4512   18.2102
   -7.5000   45.0000   -7.500011828.1309   18.2955
    0.0000   45.0000   -7.500012548.3076   18.2884
    7.5000   45.0000   -7.500011877.6348   18.3100
   -7.5000  -45.0000    0.000011565.8633   18.3976
    0.0000  -45.0000    0.000012081.3877   18.3946
    7.5000  -45.0000    0.000011679.1035   18.4127
   -7.5000  -37.5000    0.000012357.6582   18.1784
    0.0000  -37.5000    0.000012919.8564   18.1684
    7.5000  -37.5000    0.000012464.5049   18.1831
   -7.5000  -30.0000    0.000013671.0107   18.0697
    0.0000  -30.0000    0.000014324.0889   18.0493
    7.5000  -30.0000    0.000013800.6240   18.0588
   -7.5000  -22.5000    0.000014970.9375   18.0054
    0.0000  -22.5000    0.000015695.1582   17.9811
    7.5000  -22.5000    0.000015091.1494   17.9886
   -7.5000  -15.0000    0.000015875.8652   17.9800
    0.0000  -15.0000    0.000016663.0605   17.9619
    7.5000  -15.0000    0.000015961.1719   17.9719
   -7.5000   -7.5000    0.000016568.2852   17.9412
    0.0000   -7.5000    0.000017440.8281   17.9348
    7.5000   -7.5000    0.000016679.4277   17.9508
   -7.5000    0.0000    0.000017238.7480   17.9233
    0.0000    0.0000    0.000018158.2656   17.9217
    7.5000    0.0000    0.000017335.5449   17.9408
   -7.5000    7.5000    0.000016656.6660   17.9522
    0.0000    7.5000    0.000017714.1738   17.9427
    7.5000    7.5000    0.000016876.8340   17.9579
   -7.5000   15.0000    0.000015889.8340   17.9925
    0.0000   15.0000    0.000017059.8223   17.9720
    7.5000   15.0000    0.000016088.8643   17.9815
   -7.5000   22.5000    0.000014897.7236   17.9940
    0.0000   22.5000    0.000015960.8994   17.9697
    7.5000   22.5000    0.000014933.7646   17.9772
   -7.5000   30.0000    0.000013684.9004   17.8089
    0.0000   30.0000    0.000014593.9609   17.7902
    7.5000   30.0000    0.000013644.9385   17.8003
   -7.5000   37.5000    0.000013221.4131   18.2503
    0.0000   37.5000    0.000014084.3457   18.2438
    7.5000   37.5000    0.000013256.8174   18.2639
   -7.5000   45.0000    0.000012356.9785   18.3420
    0.0000   45.0000    0.000013174.5518   18.3379
    7.5000   45.0000    0.000012420.2070   18.3643
   -7.5000  -45.0000    7.500011209.3545   18.4364
    0.0000  -45.0000    7.500011715.7441   18.4313
    7.5000  -45.0000    7.500011333.3584   18.4618
   -7.5000  -37.5000    7.500011973.3740   18.2099
    0.0000  -37.5000    7.500012510.9912   18.2012
    7.5000  -37.5000    7.500012090.1699   18.2261
   -7.5000  -30.0000    7.500013253.2705   18.1030
    0.0000  -30.0000    7.500013828.9131   18.0834
    7.5000  -30.0000    7.500013369.9336   18.1018
   -7.5000  -22.5000    7.500014497.1846   18.0483
    0.0000  -22.5000    7.500015119.8584   18.0212
    7.5000  -22.5000    7.500014605.9609   18.0382
   -7.5000  -15.0000    7.500015348.6611   18.0305
    0.0000  -15.0000    7.500016034.8184   18.0065
    7.5000  -15.0000    7.500015446.7529   18.0281
   -7.5000   -7.5000    7.500016069.5537   17.9882
    0.0000   -7.5000    7.500016806.8555   17.9767
    7.5000   -7.5000    7.500016165.6240   18.0052
   -7.5000    0.0000    7.500016780.6465   17.9602
    0.0000    0.0000    7.500017634.7930   17.9567
    7.5000    0.0000    7.500016871.2617   17.9875
   -7.5000    7.5000    7.500016284.2197   17.9825
    0.0000    7.5000    7.500017430.2129   17.9741
    7.5000    7.5000    7.500016493.0898   17.9993
   -7.5000   15.0000    7.500015545.0898   18.0255
    0.0000   15.0000    7.500016849.9141   18.0059
    7.5000   15.0000    7.500015821.0889   18.0241
   -7.5000   22.5000    7.500014575.4268   18.0369
    0.0000   22.5000    7.500015739.8350   18.0098
    7.5000   22.5000    7.500014695.6279   18.0268
   -7.5000   30.0000    7.500013337.8896   17.8582
    0.0000   30.0000    7.500014271.5889   17.8339
    7.5000   30.0000    7.500013364.8506   17.8556
   -7.5000   37.5000    7.500012807.5410   18.3005
    0.0000   37.5000    7.500013665.0166   18.2881
    7.5000   37.5000    7.500012893.6914   18.3212
   -7.5000   45.0000    7.500011931.6367   18.3794
    0.0000   45.0000    7.500012718.8857   18.3744
    7.5000   45.0000    7.500012026.3066   18.4125
   -7.5000  -45.0000   15.000010776.9541   18.4661
    0.0000  -45.0000   15.000011263.2734   18.4570
    7.5000  -45.0000   15.000010914.5352   18.4963
   -7.5000  -37.5000   15.000011548.1387   18.2337
    0.0000  -37.5000   15.000012049.4414   18.2232
    7.5000  -37.5000   15.000011654.8506   18.2557
   -7.5000  -30.0000   15.000012794.9912   18.1250
    0.0000  -30.0000   15.000013317.1328   18.1061
    7.5000  -30.0000   15.000012884.6455   18.1309
   -7.5000  -22.5000   15.000013949.8008   18.0779
    0.0000  -22.5000   15.000014525.3408   18.0510
    7.5000  -22.5000   15.000014015.0225   18.0748
   -7.5000  -15.0000   15.000014741.4287   18.0684
    0.0000  -15.0000   15.000015374.6279   18.0428
    7.5000  -15.0000   15.000014818.6377   18.0720
   -7.5000   -7.5000   15.000015414.4443   18.0267
    0.0000   -7.5000   15.000016137.3096   18.0113
    7.5000   -7.5000   15.000015522.7637   18.0481
   -7.5000    0.0000   15.000016045.8105   17.9914
    0.0000    0.0000   15.000016979.6738   17.9838
    7.5000    0.0000   15.000016248.3232   18.0230
   -7.5000    7.5000   15.000015464.5938   18.0057
    0.0000    7.5000   15.000016601.9590   17.9956
    7.5000    7.5000   15.000015838.5537   18.0281
   -7.5000   15.0000   15.000014755.3623   18.0474
    0.0000   15.0000   15.000015940.2822   18.0283
    7.5000   15.0000   15.000015201.7812   18.0529
   -7.5000   22.5000   15.000013861.6797   18.0665
    0.0000   22.5000   15.000014980.2207   18.0396
    7.5000   22.5000   15.000014231.9688   18.0633
   -7.5000   30.0000   15.000012730.6904   17.8944
    0.0000   30.0000   15.000013646.8301   17.8687
    7.5000   30.0000   15.000012972.1758   17.8980
   -7.5000   37.5000   15.000012225.5518   18.3376
    0.0000   37.5000   15.000013048.6875   18.3207
    7.5000   37.5000   15.000012435.1543   18.3617
   -7.5000   45.0000   15.000011381.5459   18.4065
    0.0000   45.0000   15.000012096.4570   18.3979
    7.5000   45.0000   15.000011536.0518   18.4432
   -7.5000  -45.0000   22.500010289.5098   18.4556
    0.0000  -45.0000   22.500010763.5537   18.4445
    7.5000  -45.0000   22.500010400.5420   18.4788
   -7.5000  -37.5000   22.500011021.8096   18.2258
    0.0000  -37.5000   22.500011548.4590   18.2126
    7.5000  -37.5000   22.500011151.0654   18.2411
   -7.5000  -30.0000   22.500012194.1211   18.1132
    0.0000  -30.0000   22.500012780.2119   18.0942
    7.5000  -30.0000   22.500012322.8252   18.1163
   -7.5000  -22.5000   22.500013243.8389   18.0613
    0.0000  -22.5000   22.500013896.9932   18.0383
    7.5000  -22.5000   22.500013363.4248   18.0588
   -7.5000  -15.0000   22.500013964.5127   18.0511
    0.0000  -15.0000   22.500014658.0264   18.0303
    7.5000  -15.0000   22.500014119.6553   18.0548
   -7.5000   -7.5000   22.500014615.3145   18.0145
    0.0000   -7.5000   22.500015366.6670   18.0006
    7.5000   -7.5000   22.500014794.7422   18.0322
   -7.5000    0.0000   22.500015202.5762   17.9845
    0.0000    0.0000   22.500016083.6758   17.9747
    7.5000    0.0000   22.500015449.2539   18.0091
   -7.5000    7.5000   22.500014619.6328   17.9986
    0.0000    7.5000   22.500015528.2227   17.9858
    7.5000    7.5000   22.500014900.9580   18.0144
   -7.5000   15.0000   22.500013908.1123   18.0357
    0.0000   15.0000   22.500014727.6162   18.0166
    7.5000   15.0000   22.500014170.0059   18.0384
   -7.5000   22.5000   22.500013051.6455   18.0499
    0.0000   22.5000   22.500013798.0068   18.0268
    7.5000   22.5000   22.500013251.5312   18.0473
   -7.5000   30.0000   22.500012058.2188   17.8767
    0.0000   30.0000   22.500012758.9023   17.8556
    7.5000   30.0000   22.500012213.2676   17.8803
   -7.5000   37.5000   22.500011606.0605   18.3198
    0.0000   37.5000   22.500012312.5322   18.3045
    7.5000   37.5000   22.500011784.0840   18.3392
   -7.5000   45.0000   22.500010836.0176   18.3945
    0.0000   45.0000   22.500011458.0703   18.3831
    7.5000   45.0000   22.500010988.7070   18.4219
   -7.5000  -45.0000   30.0000 9647.4277   18.4201
    0.0000  -45.0000   30.000010129.9268   18.4109
    7.5000  -45.0000   30.0000 9744.0938   18.4331
   -7.5000  -37.5000   30.000010332.1621   18.1981
    0.0000  -37.5000   30.000010861.6328   18.1840
    7.5000  -37.5000   30.000010451.8604   18.2023
   -7.5000  -30.0000   30.000011426.2617   18.0825
    0.0000  -30.0000   30.000011995.0410   18.0632
    7.5000  -30.0000   30.000011569.1445   18.0769
   -7.5000  -22.5000   30.000012405.9121   18.0189
    0.0000  -22.5000   30.000013017.3232   17.9994
    7.5000  -22.5000   30.000012535.8564   18.0112
   -7.5000  -15.0000   30.000013118.5381   18.0007
    0.0000  -15.0000   30.000013739.5879   17.9860
    7.5000  -15.0000   30.000013237.7158   17.9998
   -7.5000   -7.5000   30.000013728.1543   17.9691
    0.0000   -7.5000   30.000014395.8506   17.9603
    7.5000   -7.5000   30.000013862.0566   17.9800
   -7.5000    0.0000   30.000014217.0225   17.9511
    0.0000    0.0000   30.000014936.5518   17.9431
    7.5000    0.0000   30.000014397.3848   17.9659
   -7.5000    7.5000   30.000013649.3535   17.9720
    0.0000    7.5000   30.000014321.0898   17.9583
    7.5000    7.5000   30.000013811.7949   17.9771
   -7.5000   15.0000   30.000012936.1406   18.0052
    0.0000   15.0000   30.000013540.2695   17.9859
    7.5000   15.0000   30.000013078.2354   17.9995
   -7.5000   22.5000   30.000012101.1162   18.0075
    0.0000   22.5000   30.000012655.2842   17.9880
    7.5000   22.5000   30.000012215.0947   17.9998
   -7.5000   30.0000   30.000011218.6270   17.8274
    0.0000   30.0000   30.000011741.1426   17.8121
    7.5000   30.0000   30.000011298.1807   17.8261
   -7.5000   37.5000   30.000010882.4600   18.2709
    0.0000   37.5000   30.000011383.2041   18.2612
    7.5000   37.5000   30.000010952.2969   18.2832
   -7.5000   45.0000   30.000010188.0977   18.3600
    0.0000   45.0000   30.000010661.0723   18.3493
    7.5000   45.0000   30.000010257.1357   18.3762
   -7.5000  -45.0000   37.5000 9321.6279   18.4909
    0.0000  -45.0000   37.5000 9786.3740   18.4848
    7.5000  -45.0000   37.5000 9401.3232   18.4997
   -7.5000  -37.5000   37.5000 9951.3760   18.2704
    0.0000  -37.5000   37.500010451.2939   18.2571
    7.5000  -37.5000   37.500010046.1494   18.2693
   -7.5000  -30.0000   37.500011042.5957   18.1557
    0.0000  -30.0000   37.500011560.9229   18.1347
    7.5000  -30.0000   37.500011137.6768   18.1425
   -7.5000  -22.5000   37.500011974.5293   18.0866
    0.0000  -22.5000   37.500012545.8652   18.0653
    7.5000  -22.5000   37.500012073.8672   18.0707
   -7.5000  -15.0000   37.500012636.0303   18.0618
    0.0000  -15.0000   37.500013234.2998   18.0473
    7.5000  -15.0000   37.500012749.3926   18.0542
   -7.5000   -7.5000   37.500013211.5820   18.0286
    0.0000   -7.5000   37.500013835.6094   18.0225
    7.5000   -7.5000   37.500013335.1816   18.0350
   -7.5000    0.0000   37.500013686.6436   18.0151
    0.0000    0.0000   37.500014363.2031   18.0103
    7.5000    0.0000   37.500013827.8516   18.0263
   -7.5000    7.5000   37.500013124.1230   18.0424
    0.0000    7.5000   37.500013747.2891   18.0296
    7.5000    7.5000   37.500013262.7051   18.0424
   -7.5000   15.0000   37.500012424.8965   18.0777
    0.0000   15.0000   37.500012993.2910   18.0567
    7.5000   15.0000   37.500012546.3203   18.0645
   -7.5000   22.5000   37.500011615.6963   18.0751
    0.0000   22.5000   37.500012164.9854   18.0538
    7.5000   22.5000   37.500011729.0605   18.0593
   -7.5000   30.0000   37.500010769.0303   17.8895
    0.0000   30.0000   37.500011282.9434   17.8744
    7.5000   30.0000   37.500010867.4346   17.8814
   -7.5000   37.5000   37.500010486.9941   18.3359
    0.0000   37.5000   37.500010968.9199   18.3296
    7.5000   37.5000   37.500010573.9385   18.3450
   -7.5000   45.0000   37.5000 9841.4756   18.4348
    0.0000   45.0000   37.500010269.9756   18.4269
    7.5000   45.0000   37.5000 9923.6289   18.4487
   -7.5000  -45.0000   45.0000 8579.8965   18.6637
    0.0000  -45.0000   45.0000 9002.5254   18.6603
    7.5000  -45.0000   45.0000 8642.8438   18.6787
   -7.5000  -37.5000   45.0000 9152.8545   18.4324
    0.0000  -37.5000   45.0000 9602.1562   18.4219
    7.5000  -37.5000   45.0000 9211.0195   18.4369
   -7.5000  -30.0000   45.000010144.1104   18.3184
    0.0000  -30.0000   45.000010646.3633   18.2970
    7.5000  -30.0000   45.000010210.2354   18.3064
   -7.5000  -22.5000   45.000010977.6553   18.2546
    0.0000  -22.5000   45.000011528.6182   18.2288
    7.5000  -22.5000   45.000011063.1172   18.2357
   -7.5000  -15.0000   45.000011586.5391   18.2321
    0.0000  -15.0000   45.000012164.5156   18.2125
    7.5000  -15.0000   45.000011691.4971   18.2220
   -7.5000   -7.5000   45.000012074.9961   18.1933
    0.0000   -7.5000   45.000012674.9766   18.1862
    7.5000   -7.5000   45.000012204.9170   18.2021
   -7.5000    0.0000   45.000012512.2871   18.1726
    0.0000    0.0000   45.000013163.2734   18.1707
    7.5000    0.0000   45.000012664.3086   18.1901
   -7.5000    7.5000   45.000012033.9834   18.1984
    0.0000    7.5000   45.000012627.4678   18.1883
    7.5000    7.5000   45.000012146.8438   18.2039
   -7.5000   15.0000   45.000011388.9336   18.2385
    0.0000   15.0000   45.000011914.1562   18.2170
    7.5000   15.0000   45.000011487.3545   18.2264
   -7.5000   22.5000   45.000010667.4404   18.2429
    0.0000   22.5000   45.000011150.4805   18.2172
    7.5000   22.5000   45.000010750.4209   18.2241
   -7.5000   30.0000   45.0000 9876.0498   18.0583
    0.0000   30.0000   45.000010332.2129   18.0382
    7.5000   30.0000   45.0000 9964.9648   18.0477
   -7.5000   37.5000   45.0000 9645.8252   18.4967
    0.0000   37.5000   45.000010100.7373   18.4893
    7.5000   37.5000   45.0000 9741.8877   18.5095
   -7.5000   45.0000   45.0000 9036.6152   18.5923
    0.0000   45.0000   45.0000 9479.6445   18.5881
    7.5000   45.0000   45.0000 9152.4043   18.6152

---------------------------------------------------------------------
imgreg_4dfp /opt/freesurfer/average/711-2C_as_mni_average_305 /opt/freesurfer/average/711-2B_as_mni_average_305_mask talsrcimg_g11 none talsrcimg_to_711-2C_as_mni_average_305_t4 4355
---------------------------------------------------------------------

freesurfer imgreg_4dfp.c
/opt/freesurfer/average/711-2C_as_mni_average_305.4dfp.img
       256       256       256         1
  1.000000  1.000000  1.000000
orientation T byte_order littleendian
Reading image: /opt/freesurfer/average/711-2C_as_mni_average_305.4dfp.img
dimensions:      256       256       256
mmppix:       1.0000   -1.0000   -1.0000
center:     128.0000 -129.0000 -129.0000
/opt/freesurfer/average/711-2B_as_mni_average_305_mask.4dfp.img
       256       256       256         1
  1.000000  1.000000  1.000000
orientation T byte_order littleendian
Reading mask: /opt/freesurfer/average/711-2B_as_mni_average_305_mask.4dfp.img (2306576 pixels)
talsrcimg_g11.4dfp.img
       256       256       256         1
  1.000000  1.000000  1.000000
orientation T byte_order littleendian
Reading image: talsrcimg_g11.4dfp.img
dimensions:      256       256       256
mmppix:       1.0000   -1.0000   -1.0000
center:     128.0000 -129.0000 -129.0000
rotation matrix determinant  1.000000
image alignment mode   4355 decimal     1103 hex
   -7.5000  -45.0000  -45.0000 2179.4783   22.1464
    0.0000  -45.0000  -45.0000 2201.1885   21.9562
    7.5000  -45.0000  -45.0000 2202.0942   22.0245
   -7.5000  -37.5000  -45.0000 2184.7683   21.5975
    0.0000  -37.5000  -45.0000 2203.1936   21.2946
    7.5000  -37.5000  -45.0000 2205.4121   21.3715
   -7.5000  -30.0000  -45.0000 2193.2954   21.0744
    0.0000  -30.0000  -45.0000 2211.8284   20.8116
    7.5000  -30.0000  -45.0000 2214.4275   20.8244
   -7.5000  -22.5000  -45.0000 2211.5186   20.5823
    0.0000  -22.5000  -45.0000 2229.2478   20.3700
    7.5000  -22.5000  -45.0000 2232.6824   20.3901
   -7.5000  -15.0000  -45.0000 2223.3232   20.1584
    0.0000  -15.0000  -45.0000 2245.2720   19.9927
    7.5000  -15.0000  -45.0000 2244.2637   19.9884
   -7.5000   -7.5000  -45.0000 2231.9019   19.8704
    0.0000   -7.5000  -45.0000 2253.2019   19.6069
    7.5000   -7.5000  -45.0000 2250.5906   19.6955
   -7.5000    0.0000  -45.0000 2232.0271   19.5823
    0.0000    0.0000  -45.0000 2260.6970   19.3443
    7.5000    0.0000  -45.0000 2253.7571   19.4035
   -7.5000    7.5000  -45.0000 2225.3020   19.4612
    0.0000    7.5000  -45.0000 2253.3982   19.1952
    7.5000    7.5000  -45.0000 2255.6501   19.2553
   -7.5000   15.0000  -45.0000 2229.9048   19.3732
    0.0000   15.0000  -45.0000 2253.8826   19.1304
    7.5000   15.0000  -45.0000 2263.2820   19.2023
   -7.5000   22.5000  -45.0000 2226.5261   19.6708
    0.0000   22.5000  -45.0000 2255.1345   19.3892
    7.5000   22.5000  -45.0000 2259.4863   19.4549
   -7.5000   30.0000  -45.0000 2204.7095   20.3663
    0.0000   30.0000  -45.0000 2240.6421   20.0434
    7.5000   30.0000  -45.0000 2243.6543   20.1044
   -7.5000   37.5000  -45.0000 2170.1973   21.3477
    0.0000   37.5000  -45.0000 2203.3489   21.0283
    7.5000   37.5000  -45.0000 2206.5369   21.1263
   -7.5000   45.0000  -45.0000 2112.4221   22.7882
    0.0000   45.0000  -45.0000 2145.9375   22.4615
    7.5000   45.0000  -45.0000 2148.4368   22.5156
   -7.5000  -45.0000  -37.5000 2266.4441   20.4173
    0.0000  -45.0000  -37.5000 2284.8745   20.1707
    7.5000  -45.0000  -37.5000 2292.3596   20.2458
   -7.5000  -37.5000  -37.5000 2274.5261   19.8276
    0.0000  -37.5000  -37.5000 2300.4634   19.5592
    7.5000  -37.5000  -37.5000 2301.7642   19.6182
   -7.5000  -30.0000  -37.5000 2287.4236   19.3137
    0.0000  -30.0000  -37.5000 2323.9980   19.0569
    7.5000  -30.0000  -37.5000 2323.5742   19.1019
   -7.5000  -22.5000  -37.5000 2314.8813   18.8538
    0.0000  -22.5000  -37.5000 2346.1511   18.6065
    7.5000  -22.5000  -37.5000 2348.6145   18.6740
   -7.5000  -15.0000  -37.5000 2325.9485   18.4682
    0.0000  -15.0000  -37.5000 2358.7429   18.2775
    7.5000  -15.0000  -37.5000 2362.4177   18.3243
   -7.5000   -7.5000  -37.5000 2336.5698   18.1994
    0.0000   -7.5000  -37.5000 2362.7161   17.9905
    7.5000   -7.5000  -37.5000 2360.3669   18.0490
   -7.5000    0.0000  -37.5000 2340.9131   17.9540
    0.0000    0.0000  -37.5000 2368.3547   17.7526
    7.5000    0.0000  -37.5000 2365.9197   17.7978
   -7.5000    7.5000  -37.5000 2333.9329   17.8951
    0.0000    7.5000  -37.5000 2369.6663   17.6347
    7.5000    7.5000  -37.5000 2370.0000   17.7229
   -7.5000   15.0000  -37.5000 2333.1968   17.8602
    0.0000   15.0000  -37.5000 2359.8691   17.6139
    7.5000   15.0000  -37.5000 2366.2849   17.6498
   -7.5000   22.5000  -37.5000 2327.8098   18.1557
    0.0000   22.5000  -37.5000 2357.7551   17.8778
    7.5000   22.5000  -37.5000 2364.0315   17.9571
   -7.5000   30.0000  -37.5000 2302.9968   18.7786
    0.0000   30.0000  -37.5000 2339.3584   18.4823
    7.5000   30.0000  -37.5000 2344.9429   18.5315
   -7.5000   37.5000  -37.5000 2267.6414   19.6868
    0.0000   37.5000  -37.5000 2305.2432   19.3900
    7.5000   37.5000  -37.5000 2309.7451   19.4745
   -7.5000   45.0000  -37.5000 2209.0591   20.9918
    0.0000   45.0000  -37.5000 2241.3330   20.6646
    7.5000   45.0000  -37.5000 2241.5557   20.7529
   -7.5000  -45.0000  -30.0000 2386.0410   19.5539
    0.0000  -45.0000  -30.0000 2407.2820   19.2932
    7.5000  -45.0000  -30.0000 2419.8560   19.3694
   -7.5000  -37.5000  -30.0000 2404.9565   18.9157
    0.0000  -37.5000  -30.0000 2435.0498   18.6614
    7.5000  -37.5000  -30.0000 2441.5334   18.6880
   -7.5000  -30.0000  -30.0000 2431.9443   18.3846
    0.0000  -30.0000  -30.0000 2461.7388   18.1430
    7.5000  -30.0000  -30.0000 2468.8193   18.1845
   -7.5000  -22.5000  -30.0000 2455.6228   17.9027
    0.0000  -22.5000  -30.0000 2486.5491   17.6511
    7.5000  -22.5000  -30.0000 2489.6953   17.7161
   -7.5000  -15.0000  -30.0000 2466.0952   17.5285
    0.0000  -15.0000  -30.0000 2500.3931   17.2675
    7.5000  -15.0000  -30.0000 2505.0513   17.3353
   -7.5000   -7.5000  -30.0000 2478.4534   17.2955
    0.0000   -7.5000  -30.0000 2503.6704   17.0303
    7.5000   -7.5000  -30.0000 2507.0818   17.0434
   -7.5000    0.0000  -30.0000 2483.2185   17.1124
    0.0000    0.0000  -30.0000 2509.7822   16.8847
    7.5000    0.0000  -30.0000 2515.1077   16.9247
   -7.5000    7.5000  -30.0000 2489.0491   17.0171
    0.0000    7.5000  -30.0000 2525.7778   16.7995
    7.5000    7.5000  -30.0000 2526.6558   16.8282
   -7.5000   15.0000  -30.0000 2486.1892   17.0552
    0.0000   15.0000  -30.0000 2519.3940   16.8184
    7.5000   15.0000  -30.0000 2521.4268   16.8632
   -7.5000   22.5000  -30.0000 2478.9529   17.3431
    0.0000   22.5000  -30.0000 2515.6079   17.0879
    7.5000   22.5000  -30.0000 2516.8777   17.1574
   -7.5000   30.0000  -30.0000 2452.1838   17.9550
    0.0000   30.0000  -30.0000 2492.6113   17.6711
    7.5000   30.0000  -30.0000 2495.1072   17.7539
   -7.5000   37.5000  -30.0000 2411.3057   18.8334
    0.0000   37.5000  -30.0000 2455.6589   18.5431
    7.5000   37.5000  -30.0000 2454.2266   18.6603
   -7.5000   45.0000  -30.0000 2342.4414   20.0557
    0.0000   45.0000  -30.0000 2381.8208   19.7679
    7.5000   45.0000  -30.0000 2382.3367   19.8819
   -7.5000  -45.0000  -22.5000 2484.0752   18.7158
    0.0000  -45.0000  -22.5000 2515.7253   18.4313
    7.5000  -45.0000  -22.5000 2517.9099   18.4693
   -7.5000  -37.5000  -22.5000 2510.5691   18.0387
    0.0000  -37.5000  -22.5000 2544.2090   17.7449
    7.5000  -37.5000  -22.5000 2548.6592   17.7995
   -7.5000  -30.0000  -22.5000 2538.3445   17.4272
    0.0000  -30.0000  -22.5000 2575.4119   17.1804
    7.5000  -30.0000  -22.5000 2580.6394   17.1773
   -7.5000  -22.5000  -22.5000 2557.7883   16.8964
    0.0000  -22.5000  -22.5000 2600.4702   16.6637
    7.5000  -22.5000  -22.5000 2598.5962   16.6792
   -7.5000  -15.0000  -22.5000 2572.7444   16.4654
    0.0000  -15.0000  -22.5000 2606.8435   16.2365
    7.5000  -15.0000  -22.5000 2609.3689   16.2517
   -7.5000   -7.5000  -22.5000 2585.9963   16.1830
    0.0000   -7.5000  -22.5000 2617.0291   15.9822
    7.5000   -7.5000  -22.5000 2622.5940   15.9653
   -7.5000    0.0000  -22.5000 2595.1274   16.0530
    0.0000    0.0000  -22.5000 2623.0510   15.8631
    7.5000    0.0000  -22.5000 2633.4656   15.8637
   -7.5000    7.5000  -22.5000 2613.3203   15.9896
    0.0000    7.5000  -22.5000 2649.3853   15.7874
    7.5000    7.5000  -22.5000 2651.3525   15.7657
   -7.5000   15.0000  -22.5000 2616.7668   16.1025
    0.0000   15.0000  -22.5000 2651.7690   15.8763
    7.5000   15.0000  -22.5000 2660.9001   15.9024
   -7.5000   22.5000  -22.5000 2611.9980   16.4215
    0.0000   22.5000  -22.5000 2656.1543   16.1472
    7.5000   22.5000  -22.5000 2654.8076   16.2078
   -7.5000   30.0000  -22.5000 2582.9451   17.0056
    0.0000   30.0000  -22.5000 2633.2500   16.7008
    7.5000   30.0000  -22.5000 2631.9636   16.7864
   -7.5000   37.5000  -22.5000 2536.5315   17.8507
    0.0000   37.5000  -22.5000 2587.7410   17.5462
    7.5000   37.5000  -22.5000 2585.6406   17.6380
   -7.5000   45.0000  -22.5000 2460.2122   19.0017
    0.0000   45.0000  -22.5000 2506.4629   18.7229
    7.5000   45.0000  -22.5000 2503.7932   18.7864
   -7.5000  -45.0000  -15.0000 2546.2078   17.9575
    0.0000  -45.0000  -15.0000 2578.6875   17.6630
    7.5000  -45.0000  -15.0000 2582.8845   17.7283
   -7.5000  -37.5000  -15.0000 2577.9783   17.2067
    0.0000  -37.5000  -15.0000 2612.4690   16.9278
    7.5000  -37.5000  -15.0000 2618.9590   16.9968
   -7.5000  -30.0000  -15.0000 2605.7175   16.5514
    0.0000  -30.0000  -15.0000 2648.7500   16.3096
    7.5000  -30.0000  -15.0000 2653.0347   16.3117
   -7.5000  -22.5000  -15.0000 2627.6814   16.0196
    0.0000  -22.5000  -15.0000 2668.5469   15.7529
    7.5000  -22.5000  -15.0000 2671.0745   15.7781
   -7.5000  -15.0000  -15.0000 2646.3159   15.5492
    0.0000  -15.0000  -15.0000 2679.6799   15.3292
    7.5000  -15.0000  -15.0000 2685.0635   15.3286
   -7.5000   -7.5000  -15.0000 2664.5793   15.2079
    0.0000   -7.5000  -15.0000 2698.1094   15.0201
    7.5000   -7.5000  -15.0000 2709.0581   15.0145
   -7.5000    0.0000  -15.0000 2680.5740   15.0599
    0.0000    0.0000  -15.0000 2716.3860   14.8596
    7.5000    0.0000  -15.0000 2724.5056   14.8540
   -7.5000    7.5000  -15.0000 2700.6726   15.0333
    0.0000    7.5000  -15.0000 2740.9895   14.7981
    7.5000    7.5000  -15.0000 2747.6345   14.8225
   -7.5000   15.0000  -15.0000 2716.0364   15.2067
    0.0000   15.0000  -15.0000 2757.4822   14.9451
    7.5000   15.0000  -15.0000 2764.3508   14.9688
   -7.5000   22.5000  -15.0000 2717.7397   15.5283
    0.0000   22.5000  -15.0000 2768.6160   15.2600
    7.5000   22.5000  -15.0000 2763.9680   15.2560
   -7.5000   30.0000  -15.0000 2687.5925   16.0884
    0.0000   30.0000  -15.0000 2744.2732   15.8076
    7.5000   30.0000  -15.0000 2738.5398   15.8172
   -7.5000   37.5000  -15.0000 2635.2083   16.8941
    0.0000   37.5000  -15.0000 2688.0947   16.6116
    7.5000   37.5000  -15.0000 2683.3774   16.6650
   -7.5000   45.0000  -15.0000 2550.1643   18.0241
    0.0000   45.0000  -15.0000 2592.9368   17.7322
    7.5000   45.0000  -15.0000 2589.7791   17.7620
   -7.5000  -45.0000   -7.5000 2579.0420   17.3316
    0.0000  -45.0000   -7.5000 2618.5017   17.0224
    7.5000  -45.0000   -7.5000 2625.2585   17.1048
   -7.5000  -37.5000   -7.5000 2614.2700   16.5118
    0.0000  -37.5000   -7.5000 2654.8259   16.2310
    7.5000  -37.5000   -7.5000 2656.0813   16.2798
   -7.5000  -30.0000   -7.5000 2642.3682   15.8507
    0.0000  -30.0000   -7.5000 2680.3630   15.5738
    7.5000  -30.0000   -7.5000 2685.6597   15.6177
   -7.5000  -22.5000   -7.5000 2669.7251   15.3098
    0.0000  -22.5000   -7.5000 2705.0979   15.0225
    7.5000  -22.5000   -7.5000 2709.7817   15.0434
   -7.5000  -15.0000   -7.5000 2694.5503   14.8206
    0.0000  -15.0000   -7.5000 2731.1128   14.5654
    7.5000  -15.0000   -7.5000 2733.5740   14.5560
   -7.5000   -7.5000   -7.5000 2723.0127   14.4451
    0.0000   -7.5000   -7.5000 2762.2009   14.2406
    7.5000   -7.5000   -7.5000 2767.5596   14.2304
   -7.5000    0.0000   -7.5000 2752.1079   14.2845
    0.0000    0.0000   -7.5000 2785.5293   14.0435
    7.5000    0.0000   -7.5000 2796.9072   14.0438
   -7.5000    7.5000   -7.5000 2779.0361   14.3026
    0.0000    7.5000   -7.5000 2819.2922   14.0820
    7.5000    7.5000   -7.5000 2826.5029   14.0513
   -7.5000   15.0000   -7.5000 2802.3682   14.4645
    0.0000   15.0000   -7.5000 2853.1396   14.2452
    7.5000   15.0000   -7.5000 2850.6279   14.1945
   -7.5000   22.5000   -7.5000 2806.1372   14.7693
    0.0000   22.5000   -7.5000 2865.3389   14.5296
    7.5000   22.5000   -7.5000 2853.2700   14.4751
   -7.5000   30.0000   -7.5000 2769.6177   15.2720
    0.0000   30.0000   -7.5000 2826.0476   14.9999
    7.5000   30.0000   -7.5000 2814.6079   14.9609
   -7.5000   37.5000   -7.5000 2706.9338   16.0389
    0.0000   37.5000   -7.5000 2758.2803   15.7803
    7.5000   37.5000   -7.5000 2754.3420   15.7698
   -7.5000   45.0000   -7.5000 2611.6199   17.1832
    0.0000   45.0000   -7.5000 2655.9348   16.8667
    7.5000   45.0000   -7.5000 2652.6750   16.8861
   -7.5000  -45.0000    0.0000 2596.6897   16.9950
    0.0000  -45.0000    0.0000 2641.9873   16.6237
    7.5000  -45.0000    0.0000 2644.8003   16.7572
   -7.5000  -37.5000    0.0000 2631.9980   16.1484
    0.0000  -37.5000    0.0000 2670.5549   15.8114
    7.5000  -37.5000    0.0000 2673.9744   15.8942
   -7.5000  -30.0000    0.0000 2657.6580   15.4422
    0.0000  -30.0000    0.0000 2691.8340   15.1398
    7.5000  -30.0000    0.0000 2697.0701   15.1828
   -7.5000  -22.5000    0.0000 2683.7717   14.8440
    0.0000  -22.5000    0.0000 2717.8542   14.5437
    7.5000  -22.5000    0.0000 2723.8088   14.5744
   -7.5000  -15.0000    0.0000 2713.1147   14.3254
    0.0000  -15.0000    0.0000 2747.7473   14.0533
    7.5000  -15.0000    0.0000 2752.0969   14.0534
   -7.5000   -7.5000    0.0000 2752.9700   13.9407
    0.0000   -7.5000    0.0000 2791.3677   13.7149
    7.5000   -7.5000    0.0000 2794.2708   13.7014
   -7.5000    0.0000    0.0000 2801.3989   13.7744
    0.0000    0.0000    0.0000 2837.3247   13.5623
    7.5000    0.0000    0.0000 2843.0579   13.5460
   -7.5000    7.5000    0.0000 2842.5601   13.8408
    0.0000    7.5000    0.0000 2891.6633   13.6343
    7.5000    7.5000    0.0000 2894.3486   13.5984
   -7.5000   15.0000    0.0000 2872.1328   14.0051
    0.0000   15.0000    0.0000 2935.8169   13.8489
    7.5000   15.0000    0.0000 2925.1555   13.7654
   -7.5000   22.5000    0.0000 2873.4468   14.2914
    0.0000   22.5000    0.0000 2945.1084   14.0811
    7.5000   22.5000    0.0000 2921.2517   13.9767
   -7.5000   30.0000    0.0000 2823.8162   14.7401
    0.0000   30.0000    0.0000 2885.3220   14.4876
    7.5000   30.0000    0.0000 2865.9993   14.4155
   -7.5000   37.5000    0.0000 2748.9592   15.4587
    0.0000   37.5000    0.0000 2803.2959   15.1996
    7.5000   37.5000    0.0000 2797.3325   15.1700
   -7.5000   45.0000    0.0000 2648.0564   16.5755
    0.0000   45.0000    0.0000 2699.1545   16.2991
    7.5000   45.0000    0.0000 2695.1702   16.3140
   -7.5000  -45.0000    7.5000 2597.0925   16.8958
    0.0000  -45.0000    7.5000 2643.3457   16.4958
    7.5000  -45.0000    7.5000 2648.8872   16.6873
   -7.5000  -37.5000    7.5000 2629.5427   16.0069
    0.0000  -37.5000    7.5000 2668.6492   15.6443
    7.5000  -37.5000    7.5000 2670.4387   15.7974
   -7.5000  -30.0000    7.5000 2650.1960   15.2419
    0.0000  -30.0000    7.5000 2679.1013   14.9158
    7.5000  -30.0000    7.5000 2682.2920   15.0522
   -7.5000  -22.5000    7.5000 2680.7319   14.6088
    0.0000  -22.5000    7.5000 2709.2390   14.2738
    7.5000  -22.5000    7.5000 2713.6343   14.4063
   -7.5000  -15.0000    7.5000 2715.5950   14.0758
    0.0000  -15.0000    7.5000 2749.9326   13.7412
    7.5000  -15.0000    7.5000 2750.0676   13.8629
   -7.5000   -7.5000    7.5000 2766.1311   13.7176
    0.0000   -7.5000    7.5000 2802.4644   13.4366
    7.5000   -7.5000    7.5000 2802.1245   13.5336
   -7.5000    0.0000    7.5000 2823.2939   13.5810
    0.0000    0.0000    7.5000 2865.3582   13.3455
    7.5000    0.0000    7.5000 2860.9336   13.3940
   -7.5000    7.5000    7.5000 2882.6006   13.6675
    0.0000    7.5000    7.5000 2940.8494   13.4704
    7.5000    7.5000    7.5000 2929.2266   13.4931
   -7.5000   15.0000    7.5000 2918.9082   13.8089
    0.0000   15.0000    7.5000 3003.7407   13.7249
    7.5000   15.0000    7.5000 2978.4846   13.6534
   -7.5000   22.5000    7.5000 2918.2710   14.0422
    0.0000   22.5000    7.5000 3009.5095   13.9031
    7.5000   22.5000    7.5000 2965.1199   13.8729
   -7.5000   30.0000    7.5000 2852.0381   14.5067
    0.0000   30.0000    7.5000 2916.8589   14.2564
    7.5000   30.0000    7.5000 2889.5247   14.2852
   -7.5000   37.5000    7.5000 2765.4150   15.1686
    0.0000   37.5000    7.5000 2820.1453   14.9095
    7.5000   37.5000    7.5000 2809.9114   14.9656
   -7.5000   45.0000    7.5000 2661.3062   16.2096
    0.0000   45.0000    7.5000 2705.4148   15.9942
    7.5000   45.0000    7.5000 2699.0391   16.0352
   -7.5000  -45.0000   15.0000 2564.3186   17.0459
    0.0000  -45.0000   15.0000 2614.9932   16.5907
    7.5000  -45.0000   15.0000 2612.2666   16.8777
   -7.5000  -37.5000   15.0000 2601.9595   16.1436
    0.0000  -37.5000   15.0000 2642.6226   15.7181
    7.5000  -37.5000   15.0000 2641.9871   15.9404
   -7.5000  -30.0000   15.0000 2626.9526   15.3570
    0.0000  -30.0000   15.0000 2656.0942   14.9503
    7.5000  -30.0000   15.0000 2657.1914   15.1710
   -7.5000  -22.5000   15.0000 2657.8792   14.6955
    0.0000  -22.5000   15.0000 2683.7083   14.2871
    7.5000  -22.5000   15.0000 2684.8174   14.4871
   -7.5000  -15.0000   15.0000 2699.9788   14.1300
    0.0000  -15.0000   15.0000 2728.8130   13.7714
    7.5000  -15.0000   15.0000 2730.1687   13.9329
   -7.5000   -7.5000   15.0000 2752.9539   13.7559
    0.0000   -7.5000   15.0000 2790.9453   13.4705
    7.5000   -7.5000   15.0000 2786.0840   13.5989
   -7.5000    0.0000   15.0000 2814.1196   13.6212
    0.0000    0.0000   15.0000 2859.9971   13.3927
    7.5000    0.0000   15.0000 2851.1040   13.5172
   -7.5000    7.5000   15.0000 2877.2271   13.6598
    0.0000    7.5000   15.0000 2938.2949   13.5310
    7.5000    7.5000   15.0000 2920.8154   13.5967
   -7.5000   15.0000   15.0000 2922.4382   13.7378
    0.0000   15.0000   15.0000 3005.0544   13.6386
    7.5000   15.0000   15.0000 2971.0291   13.7179
   -7.5000   22.5000   15.0000 2915.3105   13.9860
    0.0000   22.5000   15.0000 3003.2798   13.8166
    7.5000   22.5000   15.0000 2960.9656   13.9727
   -7.5000   30.0000   15.0000 2853.3796   14.5042
    0.0000   30.0000   15.0000 2913.7383   14.2815
    7.5000   30.0000   15.0000 2888.7324   14.3903
   -7.5000   37.5000   15.0000 2756.7866   15.2025
    0.0000   37.5000   15.0000 2806.7981   14.9508
    7.5000   37.5000   15.0000 2796.7749   15.0619
   -7.5000   45.0000   15.0000 2646.2339   16.2109
    0.0000   45.0000   15.0000 2687.5864   15.9577
    7.5000   45.0000   15.0000 2679.5632   16.0289
   -7.5000  -45.0000   22.5000 2517.3096   17.4353
    0.0000  -45.0000   22.5000 2561.1021   17.0027
    7.5000  -45.0000   22.5000 2559.1199   17.2919
   -7.5000  -37.5000   22.5000 2557.2883   16.4701
    0.0000  -37.5000   22.5000 2603.4705   16.0759
    7.5000  -37.5000   22.5000 2597.4749   16.3018
   -7.5000  -30.0000   22.5000 2591.8506   15.6767
    0.0000  -30.0000   22.5000 2624.5652   15.3066
    7.5000  -30.0000   22.5000 2618.2510   15.5242
   -7.5000  -22.5000   22.5000 2628.9575   14.9645
    0.0000  -22.5000   22.5000 2660.7778   14.6074
    7.5000  -22.5000   22.5000 2646.2664   14.7853
   -7.5000  -15.0000   22.5000 2672.7871   14.4016
    0.0000  -15.0000   22.5000 2700.8486   14.0693
    7.5000  -15.0000   22.5000 2692.9753   14.2524
   -7.5000   -7.5000   22.5000 2729.1487   14.0656
    0.0000   -7.5000   22.5000 2763.7881   13.7660
    7.5000   -7.5000   22.5000 2757.0876   13.9439
   -7.5000    0.0000   22.5000 2790.8298   13.9543
    0.0000    0.0000   22.5000 2831.8735   13.6992
    7.5000    0.0000   22.5000 2824.5645   13.8583
   -7.5000    7.5000   22.5000 2842.3823   13.9607
    0.0000    7.5000   22.5000 2894.4961   13.7647
    7.5000    7.5000   22.5000 2882.7434   13.8704
   -7.5000   15.0000   22.5000 2878.4326   14.0700
    0.0000   15.0000   22.5000 2939.1345   13.7907
    7.5000   15.0000   22.5000 2923.3035   13.9454
   -7.5000   22.5000   22.5000 2868.1101   14.2838
    0.0000   22.5000   22.5000 2930.9895   14.0012
    7.5000   22.5000   22.5000 2909.7542   14.1555
   -7.5000   30.0000   22.5000 2815.7405   14.7734
    0.0000   30.0000   22.5000 2870.4561   14.5327
    7.5000   30.0000   22.5000 2848.4080   14.6310
   -7.5000   37.5000   22.5000 2711.9360   15.5453
    0.0000   37.5000   22.5000 2762.4465   15.3118
    7.5000   37.5000   22.5000 2748.8647   15.3976
   -7.5000   45.0000   22.5000 2607.1580   16.5700
    0.0000   45.0000   22.5000 2646.0195   16.3366
    7.5000   45.0000   22.5000 2640.1729   16.3998
   -7.5000  -45.0000   30.0000 2457.7834   18.0619
    0.0000  -45.0000   30.0000 2491.8896   17.6906
    7.5000  -45.0000   30.0000 2492.2625   17.9443
   -7.5000  -37.5000   30.0000 2508.5344   17.0266
    0.0000  -37.5000   30.0000 2543.9578   16.6567
    7.5000  -37.5000   30.0000 2538.1501   16.9181
   -7.5000  -30.0000   30.0000 2549.9961   16.1873
    0.0000  -30.0000   30.0000 2577.2512   15.8529
    7.5000  -30.0000   30.0000 2571.1294   16.0794
   -7.5000  -22.5000   30.0000 2596.6047   15.4650
    0.0000  -22.5000   30.0000 2627.2637   15.1194
    7.5000  -22.5000   30.0000 2611.7368   15.3340
   -7.5000  -15.0000   30.0000 2641.5366   14.9157
    0.0000  -15.0000   30.0000 2674.3232   14.5662
    7.5000  -15.0000   30.0000 2658.9453   14.7728
   -7.5000   -7.5000   30.0000 2695.0947   14.6187
    0.0000   -7.5000   30.0000 2732.0906   14.2696
    7.5000   -7.5000   30.0000 2718.0374   14.4562
   -7.5000    0.0000   30.0000 2740.7014   14.4377
    0.0000    0.0000   30.0000 2780.8066   14.1430
    7.5000    0.0000   30.0000 2770.6743   14.3030
   -7.5000    7.5000   30.0000 2786.5952   14.4598
    0.0000    7.5000   30.0000 2833.3855   14.1081
    7.5000    7.5000   30.0000 2818.5081   14.2814
   -7.5000   15.0000   30.0000 2805.1118   14.5617
    0.0000   15.0000   30.0000 2855.6409   14.1364
    7.5000   15.0000   30.0000 2841.2346   14.3337
   -7.5000   22.5000   30.0000 2790.6833   14.7776
    0.0000   22.5000   30.0000 2840.1958   14.4249
    7.5000   22.5000   30.0000 2824.0090   14.5628
   -7.5000   30.0000   30.0000 2742.6411   15.2905
    0.0000   30.0000   30.0000 2792.6733   14.9749
    7.5000   30.0000   30.0000 2771.8511   15.0629
   -7.5000   37.5000   30.0000 2649.7983   16.0849
    0.0000   37.5000   30.0000 2691.7307   15.7803
    7.5000   37.5000   30.0000 2679.9189   15.8624
   -7.5000   45.0000   30.0000 2549.9868   17.1566
    0.0000   45.0000   30.0000 2586.5093   16.8519
    7.5000   45.0000   30.0000 2578.4646   16.9191
   -7.5000  -45.0000   37.5000 2398.4006   18.8815
    0.0000  -45.0000   37.5000 2428.7126   18.5356
    7.5000  -45.0000   37.5000 2431.4756   18.8012
   -7.5000  -37.5000   37.5000 2447.5867   17.7369
    0.0000  -37.5000   37.5000 2481.0117   17.3901
    7.5000  -37.5000   37.5000 2472.8904   17.6507
   -7.5000  -30.0000   37.5000 2499.8928   16.8886
    0.0000  -30.0000   37.5000 2525.2903   16.4996
    7.5000  -30.0000   37.5000 2514.4463   16.7592
   -7.5000  -22.5000   37.5000 2551.8848   16.1853
    0.0000  -22.5000   37.5000 2583.2639   15.7865
    7.5000  -22.5000   37.5000 2564.4563   16.0361
   -7.5000  -15.0000   37.5000 2596.0872   15.6332
    0.0000  -15.0000   37.5000 2630.5522   15.2481
    7.5000  -15.0000   37.5000 2613.7156   15.4811
   -7.5000   -7.5000   37.5000 2646.8694   15.2931
    0.0000   -7.5000   37.5000 2684.1814   14.9502
    7.5000   -7.5000   37.5000 2665.7283   15.1463
   -7.5000    0.0000   37.5000 2685.5105   15.1231
    0.0000    0.0000   37.5000 2731.8833   14.7825
    7.5000    0.0000   37.5000 2709.0605   14.9618
   -7.5000    7.5000   37.5000 2716.4099   15.1354
    0.0000    7.5000   37.5000 2764.2383   14.7309
    7.5000    7.5000   37.5000 2743.4473   14.9327
   -7.5000   15.0000   37.5000 2725.0901   15.2201
    0.0000   15.0000   37.5000 2764.9121   14.7930
    7.5000   15.0000   37.5000 2746.9946   15.0304
   -7.5000   22.5000   37.5000 2702.0845   15.5031
    0.0000   22.5000   37.5000 2746.4958   15.1200
    7.5000   22.5000   37.5000 2723.8052   15.2886
   -7.5000   30.0000   37.5000 2651.7009   15.9967
    0.0000   30.0000   37.5000 2697.7715   15.6261
    7.5000   30.0000   37.5000 2672.0571   15.7679
   -7.5000   37.5000   37.5000 2571.7527   16.8074
    0.0000   37.5000   37.5000 2610.5642   16.4243
    7.5000   37.5000   37.5000 2595.7410   16.5863
   -7.5000   45.0000   37.5000 2479.0139   17.8644
    0.0000   45.0000   37.5000 2507.5422   17.5172
    7.5000   45.0000   37.5000 2502.8982   17.6626
   -7.5000  -45.0000   45.0000 2324.9587   20.0132
    0.0000  -45.0000   45.0000 2356.9712   19.7125
    7.5000  -45.0000   45.0000 2352.9583   19.9261
   -7.5000  -37.5000   45.0000 2383.8899   18.7215
    0.0000  -37.5000   45.0000 2413.1038   18.3956
    7.5000  -37.5000   45.0000 2399.1123   18.6191
   -7.5000  -30.0000   45.0000 2441.1477   17.8117
    0.0000  -30.0000   45.0000 2468.2939   17.4642
    7.5000  -30.0000   45.0000 2447.5806   17.6805
   -7.5000  -22.5000   45.0000 2491.7659   17.0695
    0.0000  -22.5000   45.0000 2525.8171   16.6976
    7.5000  -22.5000   45.0000 2502.5823   16.8941
   -7.5000  -15.0000   45.0000 2537.1179   16.5058
    0.0000  -15.0000   45.0000 2573.6931   16.1529
    7.5000  -15.0000   45.0000 2551.8435   16.3576
   -7.5000   -7.5000   45.0000 2575.6431   16.1402
    0.0000   -7.5000   45.0000 2612.4053   15.8317
    7.5000   -7.5000   45.0000 2594.0898   16.0446
   -7.5000    0.0000   45.0000 2607.2068   16.0213
    0.0000    0.0000   45.0000 2651.1609   15.7020
    7.5000    0.0000   45.0000 2627.1331   15.9121
   -7.5000    7.5000   45.0000 2632.9429   16.0454
    0.0000    7.5000   45.0000 2672.9771   15.6864
    7.5000    7.5000   45.0000 2648.0278   15.8979
   -7.5000   15.0000   45.0000 2631.9419   16.1654
    0.0000   15.0000   45.0000 2662.8899   15.8136
    7.5000   15.0000   45.0000 2643.3606   16.0358
   -7.5000   22.5000   45.0000 2601.6702   16.4837
    0.0000   22.5000   45.0000 2634.3696   16.1288
    7.5000   22.5000   45.0000 2616.8931   16.3122
   -7.5000   30.0000   45.0000 2551.4150   16.9613
    0.0000   30.0000   45.0000 2584.6284   16.6119
    7.5000   30.0000   45.0000 2564.9319   16.7943
   -7.5000   37.5000   45.0000 2489.4741   17.7257
    0.0000   37.5000   45.0000 2524.3015   17.3572
    7.5000   37.5000   45.0000 2505.8376   17.5871
   -7.5000   45.0000   45.0000 2396.6780   18.7901
    0.0000   45.0000   45.0000 2430.2437   18.4545
    7.5000   45.0000   45.0000 2422.6831   18.6936

---------------------------------------------------------------------
imgreg_4dfp /opt/freesurfer/average/711-2C_as_mni_average_305 /opt/freesurfer/average/711-2B_as_mni_average_305_mask talsrcimg_g11 none talsrcimg_to_711-2C_as_mni_average_305_t4 1283
---------------------------------------------------------------------

freesurfer imgreg_4dfp.c
/opt/freesurfer/average/711-2C_as_mni_average_305.4dfp.img
       256       256       256         1
  1.000000  1.000000  1.000000
orientation T byte_order littleendian
Reading image: /opt/freesurfer/average/711-2C_as_mni_average_305.4dfp.img
dimensions:      256       256       256
mmppix:       1.0000   -1.0000   -1.0000
center:     128.0000 -129.0000 -129.0000
/opt/freesurfer/average/711-2B_as_mni_average_305_mask.4dfp.img
       256       256       256         1
  1.000000  1.000000  1.000000
orientation T byte_order littleendian
Reading mask: /opt/freesurfer/average/711-2B_as_mni_average_305_mask.4dfp.img (2306576 pixels)
talsrcimg_g11.4dfp.img
       256       256       256         1
  1.000000  1.000000  1.000000
orientation T byte_order littleendian
Reading image: talsrcimg_g11.4dfp.img
dimensions:      256       256       256
mmppix:       1.0000   -1.0000   -1.0000
center:     128.0000 -129.0000 -129.0000
rotation matrix determinant  1.000000
fimgreg.f
image alignment mode   1283 decimal      503 hex
parameters
    0.0000   22.5000    7.5000    0.0000    0.0000    0.0000
eta,q 0.94316 13.95394
niter,ni,del,rscale     5    3   12.0000    1.2000
parameter  2  0.631361 ->  0.500000 qaram    1.1500
parameter  3 -0.854899 -> -0.500000 qaram    1.1500
parameter  4  1.676142 ->  0.500000 qaram    1.1500
parameters
    2.0437   19.0500   10.9500   -3.4500    2.4468   -2.0073
eta,q 0.95671 13.74225
  0.0814  0.0552  0.0674  0.0450  0.0593  0.0470
  0.0702  0.0546  0.0612  0.0454  0.0537  0.0440
  0.0633  0.0545  0.0573  0.0480  0.0490  0.0433
  0.0594  0.0572  0.0547  0.0506  0.0460  0.0445
  0.0573  0.0630  0.0518  0.0528  0.0446  0.0469
  0.0582  0.0703  0.0501  0.0561  0.0446  0.0508
  0.0632  0.0786  0.0509  0.0603  0.0477  0.0552
niter,ni,del,rscale     7    3   12.0000    1.2000
parameters
    1.2904   19.9299   10.1084   -5.1295    2.9936   -1.6066
eta,q 0.95914 13.76767
  0.0573  0.0646  0.0559  0.0484  0.0531  0.0513
  0.0489  0.0559  0.0489  0.0437  0.0475  0.0460
  0.0440  0.0484  0.0436  0.0411  0.0430  0.0423
  0.0433  0.0430  0.0424  0.0422  0.0410  0.0409
  0.0473  0.0434  0.0465  0.0465  0.0416  0.0415
  0.0555  0.0483  0.0548  0.0512  0.0447  0.0441
  0.0659  0.0575  0.0640  0.0567  0.0497  0.0490
niter,ni,del,rscale     6    3   12.0000    1.2000
parameters
    1.1124   20.2292    9.7636   -5.3537    3.1437   -1.5690
eta,q 0.95918 13.77433
  0.0586  0.0629  0.0561  0.0525  0.0516  0.0500
  0.0490  0.0537  0.0485  0.0464  0.0462  0.0449
  0.0429  0.0451  0.0430  0.0419  0.0423  0.0418
  0.0409  0.0409  0.0408  0.0409  0.0408  0.0408
  0.0436  0.0427  0.0432  0.0435  0.0419  0.0417
  0.0508  0.0495  0.0506  0.0483  0.0453  0.0448
  0.0607  0.0609  0.0599  0.0530  0.0507  0.0497
niter,ni,del,rscale     5    3   12.0000    1.2000
parameters
    1.0597   20.2957    9.6781   -5.4377    3.1839   -1.5567
eta,q 0.95916 13.77690
  0.0592  0.0618  0.0569  0.0530  0.0512  0.0499
  0.0494  0.0523  0.0492  0.0468  0.0459  0.0448
  0.0431  0.0441  0.0434  0.0420  0.0421  0.0418
  0.0408  0.0408  0.0408  0.0409  0.0408  0.0408
  0.0431  0.0431  0.0424  0.0432  0.0420  0.0418
  0.0500  0.0506  0.0493  0.0480  0.0455  0.0448
  0.0597  0.0619  0.0585  0.0527  0.0511  0.0498
niter,ni,del,rscale     4    3   12.0000    1.2000
parameters
    1.0473   20.3200    9.6520   -5.4679    3.1933   -1.5532
eta,q 0.95915 13.77781
  0.0594  0.0616  0.0571  0.0532  0.0511  0.0498
  0.0495  0.0520  0.0493  0.0470  0.0458  0.0448
  0.0432  0.0439  0.0435  0.0421  0.0421  0.0418
  0.0408  0.0408  0.0408  0.0409  0.0408  0.0408
  0.0430  0.0432  0.0423  0.0431  0.0421  0.0418
  0.0498  0.0509  0.0490  0.0479  0.0456  0.0448
  0.0595  0.0621  0.0581  0.0526  0.0512  0.0498
registration optimization eta report
parameter search radius
    6.0000    6.9000    6.9000    6.9000    6.0000    6.0000
100000*second partial in parameter space
       51.       44.       35.       25.       28.       25.
  0.0594  0.0616  0.0571  0.0532  0.0511  0.0498
  0.0495  0.0520  0.0493  0.0470  0.0458  0.0448
  0.0432  0.0439  0.0435  0.0421  0.0421  0.0418
  0.0408  0.0408  0.0408  0.0409  0.0408  0.0408
  0.0430  0.0432  0.0423  0.0431  0.0421  0.0418
  0.0498  0.0509  0.0490  0.0479  0.0456  0.0448
  0.0595  0.0621  0.0581  0.0526  0.0512  0.0498
    1.0473   20.3200    9.6520   -5.4679    3.1933   -1.5532
eta,q 0.95915 13.77781

---------------------------------------------------------------------
imgreg_4dfp /opt/freesurfer/average/711-2C_as_mni_average_305 /opt/freesurfer/average/711-2B_as_mni_average_305_mask talsrcimg_g11 none talsrcimg_to_711-2C_as_mni_average_305_t4 3335
---------------------------------------------------------------------

freesurfer imgreg_4dfp.c
/opt/freesurfer/average/711-2C_as_mni_average_305.4dfp.img
       256       256       256         1
  1.000000  1.000000  1.000000
orientation T byte_order littleendian
Reading image: /opt/freesurfer/average/711-2C_as_mni_average_305.4dfp.img
dimensions:      256       256       256
mmppix:       1.0000   -1.0000   -1.0000
center:     128.0000 -129.0000 -129.0000
/opt/freesurfer/average/711-2B_as_mni_average_305_mask.4dfp.img
       256       256       256         1
  1.000000  1.000000  1.000000
orientation T byte_order littleendian
Reading mask: /opt/freesurfer/average/711-2B_as_mni_average_305_mask.4dfp.img (2306576 pixels)
talsrcimg_g11.4dfp.img
       256       256       256         1
  1.000000  1.000000  1.000000
orientation T byte_order littleendian
Reading image: talsrcimg_g11.4dfp.img
dimensions:      256       256       256
mmppix:       1.0000   -1.0000   -1.0000
center:     128.0000 -129.0000 -129.0000
fimgreg.f
image alignment mode   3335 decimal      D07 hex
parameters
    1.0473   20.3200    9.6520   -0.1920   -0.5060   -0.6096
    3.2288   -5.2849   -2.7063    9.6756    5.5705   -9.5140
eta,q 0.95890 13.84123
niter,ni,del,rscale     5    3    5.0000    1.2000
parameter  4  0.720953 ->  0.500000 qaram    1.1500
parameter  5  1.288415 ->  0.500000 qaram    1.1500
parameter  6  0.976690 ->  0.500000 qaram    1.1500
parameter 11  0.701979 ->  0.500000 qaram    1.1500
parameters
    1.0105   20.5245    9.6036   -4.3320   -4.6460   -4.7496
    4.1254   -4.7261   -1.1849    7.3581    1.4305  -10.0596
eta,q 0.96719 13.24818
  0.0447  0.0441  0.0433  0.0397  0.0365  0.0333  0.0380  0.0394  0.0372  0.0352  0.0329  0.0344
  0.0427  0.0426  0.0420  0.0396  0.0369  0.0339  0.0361  0.0369  0.0357  0.0340  0.0328  0.0336
  0.0415  0.0416  0.0413  0.0401  0.0380  0.0350  0.0348  0.0350  0.0346  0.0335  0.0330  0.0330
  0.0411  0.0411  0.0411  0.0411  0.0397  0.0371  0.0341  0.0341  0.0340  0.0339  0.0335  0.0328
  0.0415  0.0412  0.0414  0.0428  0.0418  0.0405  0.0342  0.0342  0.0339  0.0351  0.0344  0.0331
  0.0428  0.0420  0.0422  0.0454  0.0443  0.0445  0.0350  0.0356  0.0344  0.0370  0.0356  0.0339
  0.0449  0.0433  0.0434  0.0486  0.0471  0.0493  0.0365  0.0382  0.0354  0.0392  0.0371  0.0350
niter,ni,del,rscale     7    3    5.0000    1.2000
parameter  6  0.683862 ->  0.500000 qaram    1.3225
parameters
    1.0827   20.2603    9.2596   -5.4301   -8.6273   -9.5106
    3.7440   -4.4348   -0.5309    5.9977   -0.1312  -11.1335
eta,q 0.96981 12.52856
  0.0369  0.0352  0.0343  0.0350  0.0327  0.0304  0.0335  0.0357  0.0331  0.0324  0.0315  0.0313
  0.0347  0.0337  0.0333  0.0336  0.0322  0.0303  0.0317  0.0331  0.0318  0.0309  0.0307  0.0306
  0.0333  0.0329  0.0328  0.0328  0.0321  0.0311  0.0307  0.0312  0.0309  0.0303  0.0303  0.0302
  0.0328  0.0328  0.0328  0.0327  0.0326  0.0321  0.0305  0.0305  0.0305  0.0304  0.0303  0.0302
  0.0332  0.0334  0.0333  0.0334  0.0340  0.0337  0.0310  0.0309  0.0306  0.0313  0.0308  0.0305
  0.0344  0.0346  0.0341  0.0346  0.0361  0.0366  0.0323  0.0325  0.0312  0.0326  0.0317  0.0312
  0.0365  0.0365  0.0354  0.0368  0.0390  0.0410  0.0341  0.0349  0.0323  0.0343  0.0330  0.0322
niter,ni,del,rscale     7    3    5.0000    1.2000
parameters
    1.0866   20.4103    8.8927   -6.2385   -9.6161  -11.2348
    3.5232   -4.4842   -0.2536    5.9542   -0.5990  -11.6163
eta,q 0.97043 12.28347
  0.0342  0.0333  0.0315  0.0327  0.0320  0.0331  0.0328  0.0346  0.0320  0.0329  0.0314  0.0309
  0.0320  0.0316  0.0306  0.0312  0.0307  0.0307  0.0310  0.0319  0.0307  0.0309  0.0304  0.0301
  0.0307  0.0306  0.0302  0.0303  0.0300  0.0296  0.0299  0.0301  0.0299  0.0299  0.0298  0.0297
  0.0302  0.0302  0.0302  0.0301  0.0301  0.0300  0.0296  0.0296  0.0296  0.0296  0.0296  0.0296
  0.0306  0.0304  0.0306  0.0308  0.0305  0.0314  0.0301  0.0303  0.0298  0.0301  0.0299  0.0298
  0.0320  0.0312  0.0314  0.0321  0.0315  0.0331  0.0313  0.0321  0.0305  0.0312  0.0307  0.0304
  0.0342  0.0326  0.0326  0.0339  0.0332  0.0360  0.0331  0.0347  0.0316  0.0328  0.0319  0.0313
niter,ni,del,rscale     6    3    5.0000    1.2000
parameters
    1.0786   20.5602    8.6504   -6.4327   -9.5289  -11.5055
    3.4789   -4.4887   -0.0646    6.1409   -0.7528  -11.9253
eta,q 0.97049 12.26596
  0.0336  0.0327  0.0311  0.0326  0.0322  0.0344  0.0328  0.0345  0.0318  0.0330  0.0315  0.0309
  0.0314  0.0310  0.0301  0.0310  0.0307  0.0317  0.0310  0.0319  0.0306  0.0310  0.0304  0.0301
  0.0300  0.0300  0.0296  0.0299  0.0297  0.0298  0.0298  0.0301  0.0298  0.0298  0.0297  0.0296
  0.0296  0.0296  0.0296  0.0295  0.0295  0.0295  0.0295  0.0295  0.0295  0.0295  0.0295  0.0295
  0.0300  0.0298  0.0299  0.0300  0.0299  0.0306  0.0299  0.0301  0.0297  0.0299  0.0298  0.0297
  0.0314  0.0306  0.0307  0.0312  0.0306  0.0322  0.0311  0.0319  0.0304  0.0310  0.0305  0.0303
  0.0336  0.0320  0.0319  0.0329  0.0320  0.0346  0.0329  0.0345  0.0316  0.0325  0.0316  0.0312
niter,ni,del,rscale     5    3    5.0000    1.2000
parameters
    1.0852   20.6164    8.5626   -6.4479   -9.4696  -11.6045
    3.4704   -4.4785    0.0077    6.2420   -0.8212  -12.0490
eta,q 0.97050 12.26524
  0.0336  0.0324  0.0314  0.0327  0.0321  0.0345  0.0329  0.0345  0.0317  0.0329  0.0315  0.0310
  0.0313  0.0308  0.0303  0.0311  0.0306  0.0318  0.0310  0.0319  0.0305  0.0309  0.0305  0.0301
  0.0300  0.0298  0.0297  0.0299  0.0297  0.0299  0.0298  0.0301  0.0297  0.0298  0.0298  0.0297
  0.0295  0.0295  0.0295  0.0295  0.0295  0.0295  0.0295  0.0295  0.0295  0.0295  0.0295  0.0295
  0.0300  0.0298  0.0298  0.0299  0.0298  0.0305  0.0299  0.0301  0.0297  0.0300  0.0297  0.0297
  0.0313  0.0307  0.0305  0.0311  0.0306  0.0321  0.0311  0.0319  0.0305  0.0310  0.0305  0.0302
  0.0335  0.0321  0.0316  0.0327  0.0320  0.0344  0.0328  0.0345  0.0316  0.0325  0.0316  0.0311
niter,ni,del,rscale     4    3    5.0000    1.2000
parameters
    1.0897   20.6379    8.5266   -6.4446   -9.4444  -11.6458
    3.4659   -4.4733    0.0432    6.2854   -0.8511  -12.0949
eta,q 0.97050 12.26544
  0.0335  0.0323  0.0314  0.0327  0.0321  0.0346  0.0329  0.0345  0.0317  0.0328  0.0315  0.0310
  0.0313  0.0307  0.0303  0.0311  0.0306  0.0318  0.0310  0.0319  0.0305  0.0309  0.0305  0.0302
  0.0300  0.0298  0.0297  0.0299  0.0297  0.0299  0.0298  0.0301  0.0297  0.0298  0.0298  0.0297
  0.0295  0.0295  0.0295  0.0295  0.0295  0.0295  0.0295  0.0295  0.0295  0.0295  0.0295  0.0295
  0.0300  0.0298  0.0298  0.0299  0.0298  0.0305  0.0299  0.0301  0.0297  0.0300  0.0297  0.0297
  0.0313  0.0307  0.0304  0.0311  0.0306  0.0321  0.0311  0.0319  0.0305  0.0310  0.0305  0.0302
  0.0335  0.0321  0.0315  0.0327  0.0320  0.0343  0.0328  0.0345  0.0316  0.0325  0.0316  0.0310
niter,ni,del,rscale     3    3    5.0000    1.2000
parameters
    1.0907   20.6472    8.5106   -6.4439   -9.4322  -11.6643
    3.4641   -4.4725    0.0554    6.3045   -0.8672  -12.1121
eta,q 0.97051 12.26553
  0.0335  0.0322  0.0315  0.0327  0.0321  0.0346  0.0329  0.0345  0.0317  0.0328  0.0315  0.0310
  0.0313  0.0307  0.0304  0.0311  0.0305  0.0319  0.0310  0.0319  0.0305  0.0308  0.0305  0.0302
  0.0299  0.0298  0.0297  0.0299  0.0297  0.0299  0.0298  0.0301  0.0297  0.0298  0.0298  0.0297
  0.0295  0.0295  0.0295  0.0295  0.0295  0.0295  0.0295  0.0295  0.0295  0.0295  0.0295  0.0295
  0.0300  0.0298  0.0297  0.0299  0.0298  0.0305  0.0299  0.0301  0.0298  0.0300  0.0297  0.0297
  0.0313  0.0307  0.0304  0.0311  0.0306  0.0321  0.0311  0.0319  0.0305  0.0311  0.0304  0.0302
  0.0335  0.0321  0.0315  0.0327  0.0320  0.0343  0.0328  0.0345  0.0316  0.0325  0.0316  0.0310
registration optimization eta report
parameter search radius
    2.4000    2.4000    2.4000    8.2800    8.2800    9.5220
    7.2000    7.2000    7.2000    7.2000    8.2800    7.2000
100000*second partial in parameter space
       70.       47.       34.        5.        4.        5.
        6.       10.        4.        6.        3.        3.
  0.0335  0.0322  0.0315  0.0327  0.0321  0.0346  0.0329  0.0345  0.0317  0.0328  0.0315  0.0310
  0.0313  0.0307  0.0304  0.0311  0.0305  0.0319  0.0310  0.0319  0.0305  0.0308  0.0305  0.0302
  0.0299  0.0298  0.0297  0.0299  0.0297  0.0299  0.0298  0.0301  0.0297  0.0298  0.0298  0.0297
  0.0295  0.0295  0.0295  0.0295  0.0295  0.0295  0.0295  0.0295  0.0295  0.0295  0.0295  0.0295
  0.0300  0.0298  0.0297  0.0299  0.0298  0.0305  0.0299  0.0301  0.0298  0.0300  0.0297  0.0297
  0.0313  0.0307  0.0304  0.0311  0.0306  0.0321  0.0311  0.0319  0.0305  0.0311  0.0304  0.0302
  0.0335  0.0321  0.0315  0.0327  0.0320  0.0343  0.0328  0.0345  0.0316  0.0325  0.0316  0.0310
    1.0907   20.6472    8.5106   -6.4439   -9.4322  -11.6643
    3.4641   -4.4725    0.0554    6.3045   -0.8672  -12.1121
eta,q 0.97051 12.26553

---------------------------------------------------------------------
imgreg_4dfp /opt/freesurfer/average/711-2C_as_mni_average_305 /opt/freesurfer/average/711-2B_as_mni_average_305_mask talsrcimg_g11 none talsrcimg_to_711-2C_as_mni_average_305_t4 2311
---------------------------------------------------------------------

freesurfer imgreg_4dfp.c
/opt/freesurfer/average/711-2C_as_mni_average_305.4dfp.img
       256       256       256         1
  1.000000  1.000000  1.000000
orientation T byte_order littleendian
Reading image: /opt/freesurfer/average/711-2C_as_mni_average_305.4dfp.img
dimensions:      256       256       256
mmppix:       1.0000   -1.0000   -1.0000
center:     128.0000 -129.0000 -129.0000
/opt/freesurfer/average/711-2B_as_mni_average_305_mask.4dfp.img
       256       256       256         1
  1.000000  1.000000  1.000000
orientation T byte_order littleendian
Reading mask: /opt/freesurfer/average/711-2B_as_mni_average_305_mask.4dfp.img (2306576 pixels)
talsrcimg_g11.4dfp.img
       256       256       256         1
  1.000000  1.000000  1.000000
orientation T byte_order littleendian
Reading image: talsrcimg_g11.4dfp.img
dimensions:      256       256       256
mmppix:       1.0000   -1.0000   -1.0000
center:     128.0000 -129.0000 -129.0000
fimgreg.f
image alignment mode   2311 decimal      907 hex
parameters
    1.0907   20.6472    8.5106   -6.4439   -9.4322  -11.6643
    3.4641   -4.4725    0.0554    6.3045   -0.8672  -12.1121
eta,q 0.97051 12.26553
niter,ni,del,rscale     5    3    5.0000    0.8000
parameters
    1.0873   20.6327    8.4852   -6.4247   -9.5845  -12.1753
    3.3799   -4.4810    0.0186    6.0024   -0.8238  -12.0550
eta,q 0.97057 12.21525
  0.0313  0.0307  0.0304  0.0307  0.0302  0.0308  0.0309  0.0319  0.0304  0.0308  0.0302  0.0301
  0.0303  0.0300  0.0299  0.0301  0.0298  0.0299  0.0301  0.0305  0.0298  0.0299  0.0298  0.0297
  0.0297  0.0296  0.0296  0.0297  0.0295  0.0295  0.0296  0.0297  0.0295  0.0295  0.0295  0.0295
  0.0295  0.0295  0.0295  0.0295  0.0295  0.0295  0.0294  0.0294  0.0294  0.0294  0.0294  0.0294
  0.0297  0.0296  0.0296  0.0296  0.0296  0.0299  0.0296  0.0297  0.0296  0.0297  0.0295  0.0295
  0.0303  0.0301  0.0299  0.0301  0.0299  0.0305  0.0302  0.0306  0.0299  0.0303  0.0298  0.0297
  0.0313  0.0307  0.0304  0.0307  0.0303  0.0313  0.0310  0.0318  0.0304  0.0310  0.0302  0.0301
niter,ni,del,rscale     4    3    5.0000    0.7000
parameters
    1.0812   20.6247    8.4076   -6.4235   -9.6408  -12.3165
    3.3525   -4.5061   -0.0157    5.9446   -0.7993  -12.0735
eta,q 0.97059 12.20161
  0.0308  0.0303  0.0300  0.0304  0.0300  0.0307  0.0306  0.0313  0.0302  0.0306  0.0300  0.0299
  0.0300  0.0298  0.0297  0.0299  0.0296  0.0299  0.0299  0.0302  0.0297  0.0299  0.0297  0.0296
  0.0296  0.0295  0.0295  0.0295  0.0294  0.0295  0.0295  0.0296  0.0295  0.0295  0.0295  0.0295
  0.0294  0.0294  0.0294  0.0294  0.0294  0.0294  0.0294  0.0294  0.0294  0.0294  0.0294  0.0294
  0.0296  0.0295  0.0295  0.0295  0.0295  0.0296  0.0296  0.0296  0.0295  0.0296  0.0295  0.0295
  0.0301  0.0299  0.0298  0.0299  0.0297  0.0301  0.0300  0.0303  0.0298  0.0300  0.0297  0.0297
  0.0308  0.0304  0.0302  0.0304  0.0300  0.0308  0.0306  0.0313  0.0302  0.0306  0.0300  0.0299
niter,ni,del,rscale     3    3    5.0000    0.6000
parameters
    1.0831   20.6339    8.3842   -6.4156   -9.7211  -12.3832
    3.3282   -4.5153   -0.0394    5.9042   -0.7935  -12.0810
eta,q 0.97059 12.19202
  0.0304  0.0301  0.0299  0.0301  0.0299  0.0304  0.0303  0.0308  0.0299  0.0303  0.0298  0.0298
  0.0299  0.0297  0.0296  0.0297  0.0296  0.0298  0.0298  0.0300  0.0296  0.0298  0.0296  0.0296
  0.0295  0.0295  0.0295  0.0295  0.0294  0.0295  0.0295  0.0295  0.0295  0.0295  0.0295  0.0294
  0.0294  0.0294  0.0294  0.0294  0.0294  0.0294  0.0294  0.0294  0.0294  0.0294  0.0294  0.0294
  0.0295  0.0295  0.0295  0.0295  0.0295  0.0296  0.0295  0.0296  0.0295  0.0295  0.0295  0.0295
  0.0299  0.0297  0.0297  0.0297  0.0296  0.0299  0.0298  0.0300  0.0297  0.0298  0.0296  0.0296
  0.0304  0.0301  0.0299  0.0301  0.0298  0.0304  0.0303  0.0308  0.0300  0.0303  0.0298  0.0298
niter,ni,del,rscale     2    3    5.0000    0.5000
parameters
    1.0801   20.6407    8.3707   -6.3926   -9.8041  -12.4306
    3.3152   -4.5308   -0.0641    5.8731   -0.7691  -12.0548
eta,q 0.97060 12.18462
  0.0301  0.0299  0.0298  0.0299  0.0297  0.0301  0.0300  0.0304  0.0298  0.0300  0.0297  0.0297
  0.0297  0.0296  0.0296  0.0296  0.0295  0.0297  0.0297  0.0298  0.0296  0.0297  0.0295  0.0295
  0.0295  0.0295  0.0294  0.0295  0.0294  0.0295  0.0295  0.0295  0.0294  0.0295  0.0294  0.0294
  0.0294  0.0294  0.0294  0.0294  0.0294  0.0294  0.0294  0.0294  0.0294  0.0294  0.0294  0.0294
  0.0295  0.0295  0.0295  0.0295  0.0295  0.0295  0.0295  0.0295  0.0294  0.0295  0.0294  0.0294
  0.0297  0.0296  0.0296  0.0296  0.0296  0.0298  0.0297  0.0298  0.0296  0.0297  0.0295  0.0295
  0.0301  0.0299  0.0298  0.0299  0.0297  0.0301  0.0300  0.0304  0.0298  0.0300  0.0297  0.0297
niter,ni,del,rscale     1    3    5.0000    0.4000
parameters
    1.0817   20.6381    8.3640   -6.3744   -9.8854  -12.4713
    3.3016   -4.5447   -0.0721    5.8390   -0.7719  -12.0456
eta,q 0.97060 12.17704
  0.0299  0.0297  0.0296  0.0297  0.0296  0.0299  0.0298  0.0300  0.0296  0.0298  0.0296  0.0296
  0.0296  0.0295  0.0295  0.0296  0.0295  0.0296  0.0296  0.0297  0.0295  0.0296  0.0295  0.0295
  0.0294  0.0294  0.0294  0.0294  0.0294  0.0294  0.0294  0.0295  0.0294  0.0294  0.0294  0.0294
  0.0294  0.0294  0.0294  0.0294  0.0294  0.0294  0.0294  0.0294  0.0294  0.0294  0.0294  0.0294
  0.0294  0.0294  0.0294  0.0294  0.0294  0.0295  0.0294  0.0295  0.0294  0.0295  0.0294  0.0294
  0.0296  0.0295  0.0295  0.0295  0.0295  0.0296  0.0296  0.0297  0.0295  0.0296  0.0295  0.0295
  0.0299  0.0297  0.0296  0.0297  0.0296  0.0299  0.0298  0.0300  0.0296  0.0298  0.0296  0.0296
registration optimization eta report
parameter search radius
    0.8000    0.8000    0.8000    2.4000    2.4000    2.4000
    2.4000    2.4000    2.4000    2.4000    2.4000    2.4000
100000*second partial in parameter space
       72.       48.       35.        6.        3.        8.
        7.       11.        4.        7.        3.        3.
  0.0299  0.0297  0.0296  0.0297  0.0296  0.0299  0.0298  0.0300  0.0296  0.0298  0.0296  0.0296
  0.0296  0.0295  0.0295  0.0296  0.0295  0.0296  0.0296  0.0297  0.0295  0.0296  0.0295  0.0295
  0.0294  0.0294  0.0294  0.0294  0.0294  0.0294  0.0294  0.0295  0.0294  0.0294  0.0294  0.0294
  0.0294  0.0294  0.0294  0.0294  0.0294  0.0294  0.0294  0.0294  0.0294  0.0294  0.0294  0.0294
  0.0294  0.0294  0.0294  0.0294  0.0294  0.0295  0.0294  0.0295  0.0294  0.0295  0.0294  0.0294
  0.0296  0.0295  0.0295  0.0295  0.0295  0.0296  0.0296  0.0297  0.0295  0.0296  0.0295  0.0295
  0.0299  0.0297  0.0296  0.0297  0.0296  0.0299  0.0298  0.0300  0.0296  0.0298  0.0296  0.0296
    1.0817   20.6381    8.3640   -6.3744   -9.8854  -12.4713
    3.3016   -4.5447   -0.0721    5.8390   -0.7719  -12.0456
eta,q 0.97060 12.17704

---------------------------------------------------------------------
imgreg_4dfp /opt/freesurfer/average/711-2C_as_mni_average_305 /opt/freesurfer/average/711-2B_as_mni_average_305_mask talsrcimg_g11 none talsrcimg_to_711-2C_as_mni_average_305_t4 2311
---------------------------------------------------------------------

freesurfer imgreg_4dfp.c
/opt/freesurfer/average/711-2C_as_mni_average_305.4dfp.img
       256       256       256         1
  1.000000  1.000000  1.000000
orientation T byte_order littleendian
Reading image: /opt/freesurfer/average/711-2C_as_mni_average_305.4dfp.img
dimensions:      256       256       256
mmppix:       1.0000   -1.0000   -1.0000
center:     128.0000 -129.0000 -129.0000
/opt/freesurfer/average/711-2B_as_mni_average_305_mask.4dfp.img
       256       256       256         1
  1.000000  1.000000  1.000000
orientation T byte_order littleendian
Reading mask: /opt/freesurfer/average/711-2B_as_mni_average_305_mask.4dfp.img (2306576 pixels)
talsrcimg_g11.4dfp.img
       256       256       256         1
  1.000000  1.000000  1.000000
orientation T byte_order littleendian
Reading image: talsrcimg_g11.4dfp.img
dimensions:      256       256       256
mmppix:       1.0000   -1.0000   -1.0000
center:     128.0000 -129.0000 -129.0000
fimgreg.f
image alignment mode   2311 decimal      907 hex
parameters
    1.0817   20.6381    8.3640   -6.3744   -9.8854  -12.4713
    3.3016   -4.5447   -0.0721    5.8390   -0.7719  -12.0456
eta,q 0.97060 12.17703
niter,ni,del,rscale     5    3    5.0000    0.8000
parameters
    1.0835   20.6499    8.3726   -6.4565   -9.5985  -12.3143
    3.3740   -4.5037   -0.0102    5.9946   -0.8193  -12.1319
eta,q 0.97058 12.20416
  0.0312  0.0306  0.0303  0.0306  0.0304  0.0312  0.0310  0.0319  0.0304  0.0310  0.0301  0.0301
  0.0302  0.0300  0.0298  0.0299  0.0298  0.0303  0.0301  0.0305  0.0298  0.0301  0.0297  0.0297
  0.0296  0.0295  0.0295  0.0295  0.0295  0.0296  0.0296  0.0297  0.0295  0.0296  0.0295  0.0295
  0.0294  0.0294  0.0294  0.0294  0.0294  0.0294  0.0294  0.0294  0.0294  0.0294  0.0294  0.0294
  0.0296  0.0295  0.0295  0.0296  0.0295  0.0296  0.0296  0.0297  0.0295  0.0296  0.0295  0.0295
  0.0302  0.0299  0.0298  0.0300  0.0297  0.0302  0.0301  0.0305  0.0298  0.0301  0.0298  0.0297
  0.0312  0.0306  0.0303  0.0307  0.0301  0.0309  0.0309  0.0318  0.0303  0.0308  0.0302  0.0301
niter,ni,del,rscale     4    3    5.0000    0.7000
parameters
    1.0850   20.6415    8.3802   -6.4320   -9.6251  -12.3421
    3.3534   -4.5026   -0.0106    5.9680   -0.8161  -12.1097
eta,q 0.97059 12.20126
  0.0308  0.0303  0.0301  0.0304  0.0300  0.0307  0.0306  0.0313  0.0302  0.0306  0.0300  0.0299
  0.0300  0.0298  0.0297  0.0299  0.0296  0.0300  0.0299  0.0303  0.0297  0.0299  0.0297  0.0296
  0.0296  0.0295  0.0295  0.0295  0.0294  0.0295  0.0295  0.0296  0.0295  0.0295  0.0295  0.0295
  0.0294  0.0294  0.0294  0.0294  0.0294  0.0294  0.0294  0.0294  0.0294  0.0294  0.0294  0.0294
  0.0296  0.0295  0.0295  0.0295  0.0295  0.0296  0.0296  0.0296  0.0295  0.0296  0.0295  0.0295
  0.0300  0.0298  0.0297  0.0298  0.0297  0.0301  0.0299  0.0303  0.0297  0.0300  0.0297  0.0296
  0.0308  0.0304  0.0301  0.0304  0.0300  0.0307  0.0306  0.0313  0.0301  0.0306  0.0300  0.0299
registration optimization eta report
parameter search radius
    1.4000    1.4000    1.4000    4.2000    4.2000    4.2000
    4.2000    4.2000    4.2000    4.2000    4.2000    4.2000
100000*second partial in parameter space
       71.       48.       35.        5.        3.        7.
        7.       11.        4.        7.        3.        3.
  0.0308  0.0303  0.0301  0.0304  0.0300  0.0307  0.0306  0.0313  0.0302  0.0306  0.0300  0.0299
  0.0300  0.0298  0.0297  0.0299  0.0296  0.0300  0.0299  0.0303  0.0297  0.0299  0.0297  0.0296
  0.0296  0.0295  0.0295  0.0295  0.0294  0.0295  0.0295  0.0296  0.0295  0.0295  0.0295  0.0295
  0.0294  0.0294  0.0294  0.0294  0.0294  0.0294  0.0294  0.0294  0.0294  0.0294  0.0294  0.0294
  0.0296  0.0295  0.0295  0.0295  0.0295  0.0296  0.0296  0.0296  0.0295  0.0296  0.0295  0.0295
  0.0300  0.0298  0.0297  0.0298  0.0297  0.0301  0.0299  0.0303  0.0297  0.0300  0.0297  0.0296
  0.0308  0.0304  0.0301  0.0304  0.0300  0.0307  0.0306  0.0313  0.0301  0.0306  0.0300  0.0299
    1.0850   20.6415    8.3802   -6.4320   -9.6251  -12.3421
    3.3534   -4.5026   -0.0106    5.9680   -0.8161  -12.1097
eta,q 0.97059 12.20126

---------------------------------------------------------------------
compute_vox2vox talsrcimg talsrcimg_to_711-2C_as_mni_average_305_t4 /opt/freesurfer/average/711-2C_as_mni_average_305
---------------------------------------------------------------------

freesurfer compute_vox2vox.c
Reading: talsrcimg.4dfp.ifh
Reading: talsrcimg_to_711-2C_as_mni_average_305_t4
Reading: /opt/freesurfer/average/711-2C_as_mni_average_305.4dfp.ifh
Writing: talsrcimg_to_711-2C_as_mni_average_305_t4_vox2vox.txt

start time Tue Mar 10 04:41:22 CET 2026
end		time Tue Mar 10 04:42:46 CET 2026

mpr2mni305 success

avi2talxfm orig_nu.mgz /opt/freesurfer/average/mni305.cor.mgz talsrcimg_to_711-2C_as_mni_average_305_t4_vox2vox.txt transforms/talairach.auto.xfm
avi2talxfm done
mv -f /out/sourcedata/freesurfer/sub-v1s5x0050742_ses-1/mri/talsrcimg_to_711-2C_as_mni_average_305_t4_vox2vox.txt /out/sourcedata/freesurfer/sub-v1s5x0050742_ses-1/mri/transforms/talsrcimg_to_711-2C_as_mni_average_305_t4_vox2vox.txt
lta_convert --src orig_nu.mgz --trg /opt/freesurfer/average/mni305.cor.mgz --inxfm transforms/talairach.auto.xfm --outlta transforms/talairach.auto.xfm.lta --subject fsaverage
7.3.2

--src: orig_nu.mgz src image (geometry).
--trg: /opt/freesurfer/average/mni305.cor.mgz trg image (geometry).
--inmni: transforms/talairach.auto.xfm input MNI/XFM transform.
--outlta: transforms/talairach.auto.xfm.lta output LTA.
--s: fsaverage subject name
 LTA read, type : 1
 1.06924   0.05710  -0.03202  -1.05418;
 0.00988   1.13101   0.15118  -27.55798;
-0.00053  -0.07468   1.09652  -2.24567;
 0.00000   0.00000   0.00000   1.00000;
setting subject to fsaverage
Writing  LTA to file transforms/talairach.auto.xfm.lta...
lta_convert successful.
 
 
Started at Tue Mar 10 04:41:22 CET 2026
Ended   at Tue Mar 10 04:42:46 CET 2026
talairach_avi done
