/out/sourcedata/freesurfer/sub-v1s5x0050738_ses-1/mri
/opt/freesurfer/bin/talairach_avi
--i orig_nu.mgz --xfm transforms/talairach.auto.xfm
talairach_avi 7.3.2
Linux dna078 5.14.0-427.37.1.el9_4.x86_64 #1 SMP PREEMPT_DYNAMIC Fri Sep 13 12:41:50 EDT 2024 x86_64 x86_64 x86_64 GNU/Linux
Tue Mar 10 04:23:54 CET 2026
mri_convert orig_nu.mgz talsrcimg.img 
reading from orig_nu.mgz...
TR=0.00, TE=0.00, TI=0.00, flip angle=0.00
i_ras = (-1, -2.79397e-09, 0)
j_ras = (7.45058e-09, 1.49012e-08, -1)
k_ras = (-9.31323e-10, 1, -1.49012e-08)
writing to talsrcimg.img...
Analyze Output Matrix
-1.00000   0.00000  -0.00000   133.22353;
-0.00000   0.00000   1.00000  -128.83168;
 0.00000  -1.00000  -0.00000   135.04074;
 0.00000   0.00000   0.00000   1.00000;
--------------------
INFO: set hdr.hist.orient to -1
mpr2mni305 talsrcimg
Tue Mar 10 04:23:54 CET 2026
/opt/freesurfer/bin/mpr2mni305 talsrcimg
mpr2mni305 7.3.2
target=711-2C_as_mni_average_305

---------------------------------------------------------------------
analyzeto4dfp talsrcimg -O0 -y
---------------------------------------------------------------------

freesurfer ifh2hdr.c
Tue Mar 10 04:23:54 2026
Writing: talsrcimg.4dfp.hdr
freesurfer analyzeto4dfp.c
Reading: talsrcimg.hdr
header size 348 bytes
hdr.dime.datatype	offset=70	value=2
hdr.dime.bitpix		offset=72	value=8
hdr.hist.orient		offset=252	value=-1
dimensionality     4
dimensions       256       256       256         1
Reading: talsrcimg.img
Writing: talsrcimg.4dfp.img
Writing: talsrcimg.4dfp.ifh
ifh2hdr talsrcimg -r0to238
ori=2

---------------------------------------------------------------------
gauss_4dfp talsrcimg 1.1
---------------------------------------------------------------------

freesurfer gauss_4dfp.c
Reading: talsrcimg.4dfp.img
Writing: talsrcimg_g11.4dfp.img
image dimensions 256 256 256 padded to 288 288 288
processing volume 1freesurfer ifh2hdr.c
Tue Mar 10 04:23:55 2026
Writing: talsrcimg_g11.4dfp.hdr

Writing: talsrcimg_g11.4dfp.ifh
including: talsrcimg.4dfp.img.rec in talsrcimg_g11.4dfp.img.rec

---------------------------------------------------------------------
imgreg_4dfp /opt/freesurfer/average/711-2C_as_mni_average_305 none talsrcimg_g11 none talsrcimg_to_711-2C_as_mni_average_305_t4 4355
---------------------------------------------------------------------

freesurfer imgreg_4dfp.c
/opt/freesurfer/average/711-2C_as_mni_average_305.4dfp.img
       256       256       256         1
  1.000000  1.000000  1.000000
orientation T byte_order littleendian
Reading image: /opt/freesurfer/average/711-2C_as_mni_average_305.4dfp.img
dimensions:      256       256       256
mmppix:       1.0000   -1.0000   -1.0000
center:     128.0000 -129.0000 -129.0000
talsrcimg_g11.4dfp.img
       256       256       256         1
  1.000000  1.000000  1.000000
orientation T byte_order littleendian
Reading image: talsrcimg_g11.4dfp.img
dimensions:      256       256       256
mmppix:       1.0000   -1.0000   -1.0000
center:     128.0000 -129.0000 -129.0000
t4_read: open error in t4_sub.f l:  41 t4_file(1:l)talsrcimg_to_711-2C_as_mni_average_305_t4 
t4_read: transform initialized to I4
rotation matrix determinant  1.000000
image alignment mode   4355 decimal     1103 hex
   -7.5000  -45.0000  -45.0000 7881.4688   19.1487
    0.0000  -45.0000  -45.0000 8183.9795   19.1879
    7.5000  -45.0000  -45.0000 7867.4209   19.2385
   -7.5000  -37.5000  -45.0000 8359.2949   18.9350
    0.0000  -37.5000  -45.0000 8698.1650   18.9719
    7.5000  -37.5000  -45.0000 8348.1006   19.0176
   -7.5000  -30.0000  -45.0000 9213.9893   18.8173
    0.0000  -30.0000  -45.0000 9611.6855   18.8628
    7.5000  -30.0000  -45.0000 9206.6377   18.9082
   -7.5000  -22.5000  -45.000010107.7598   18.7565
    0.0000  -22.5000  -45.000010556.9219   18.8127
    7.5000  -22.5000  -45.000010115.0986   18.8632
   -7.5000  -15.0000  -45.000010956.4990   18.7206
    0.0000  -15.0000  -45.000011484.0146   18.7791
    7.5000  -15.0000  -45.000010986.0635   18.8345
   -7.5000   -7.5000  -45.000011513.5332   18.7316
    0.0000   -7.5000  -45.000012086.5234   18.7800
    7.5000   -7.5000  -45.000011538.4727   18.8342
   -7.5000    0.0000  -45.000011953.7461   18.7726
    0.0000    0.0000  -45.000012562.2539   18.8097
    7.5000    0.0000  -45.000011981.4229   18.8585
   -7.5000    7.5000  -45.000011450.2646   18.8055
    0.0000    7.5000  -45.000012034.0107   18.8420
    7.5000    7.5000  -45.000011469.3271   18.8868
   -7.5000   15.0000  -45.000010836.6006   18.7997
    0.0000   15.0000  -45.000011402.1221   18.8451
    7.5000   15.0000  -45.000010890.1211   18.8905
   -7.5000   22.5000  -45.000010194.5508   18.7532
    0.0000   22.5000  -45.000010699.7734   18.8094
    7.5000   22.5000  -45.000010232.4883   18.8599
   -7.5000   30.0000  -45.0000 9532.4092   18.4899
    0.0000   30.0000  -45.0000 9986.5840   18.5486
    7.5000   30.0000  -45.0000 9542.7412   18.6040
   -7.5000   37.5000  -45.0000 9251.8418   18.8165
    0.0000   37.5000  -45.0000 9699.2354   18.8645
    7.5000   37.5000  -45.0000 9247.1523   18.9230
   -7.5000   45.0000  -45.0000 8633.7988   18.8349
    0.0000   45.0000  -45.0000 9040.1377   18.8661
    7.5000   45.0000  -45.0000 8621.6924   18.9131
   -7.5000  -45.0000  -37.5000 8335.9385   19.1653
    0.0000  -45.0000  -37.5000 8687.0967   19.1991
    7.5000  -45.0000  -37.5000 8330.6699   19.2412
   -7.5000  -37.5000  -37.5000 8840.2393   18.9350
    0.0000  -37.5000  -37.5000 9227.8740   18.9660
    7.5000  -37.5000  -37.5000 8840.3760   19.0078
   -7.5000  -30.0000  -37.5000 9763.7686   18.8153
    0.0000  -30.0000  -37.500010190.3389   18.8520
    7.5000  -30.0000  -37.5000 9783.6611   18.8937
   -7.5000  -22.5000  -37.500010751.6533   18.7709
    0.0000  -22.5000  -37.500011231.9404   18.8159
    7.5000  -22.5000  -37.500010780.1885   18.8583
   -7.5000  -15.0000  -37.500011629.2725   18.7521
    0.0000  -15.0000  -37.500012186.3428   18.7995
    7.5000  -15.0000  -37.500011660.8906   18.8422
   -7.5000   -7.5000  -37.500012192.5635   18.7626
    0.0000   -7.5000  -37.500012796.4258   18.8032
    7.5000   -7.5000  -37.500012213.6387   18.8451
   -7.5000    0.0000  -37.500012655.7510   18.7886
    0.0000    0.0000  -37.500013279.9385   18.8208
    7.5000    0.0000  -37.500012688.4424   18.8617
   -7.5000    7.5000  -37.500012138.7656   18.8057
    0.0000    7.5000  -37.500012750.1592   18.8363
    7.5000    7.5000  -37.500012169.5566   18.8774
   -7.5000   15.0000  -37.500011503.9629   18.7977
    0.0000   15.0000  -37.500012085.3584   18.8344
    7.5000   15.0000  -37.500011559.2637   18.8761
   -7.5000   22.5000  -37.500010797.0410   18.7676
    0.0000   22.5000  -37.500011316.9121   18.8126
    7.5000   22.5000  -37.500010833.6260   18.8549
   -7.5000   30.0000  -37.500010071.0713   18.5212
    0.0000   30.0000  -37.500010544.8057   18.5690
    7.5000   30.0000  -37.500010088.5684   18.6116
   -7.5000   37.5000  -37.5000 9761.3740   18.8536
    0.0000   37.5000  -37.500010247.5107   18.8929
    7.5000   37.5000  -37.5000 9776.8848   18.9378
   -7.5000   45.0000  -37.5000 9101.9102   18.8593
    0.0000   45.0000  -37.5000 9576.1436   18.8836
    7.5000   45.0000  -37.5000 9113.0020   18.9206
   -7.5000  -45.0000  -30.0000 8896.6299   19.9645
    0.0000  -45.0000  -30.0000 9281.9473   19.9974
    7.5000  -45.0000  -30.0000 8905.9375   20.0283
   -7.5000  -37.5000  -30.0000 9434.3955   19.7149
    0.0000  -37.5000  -30.0000 9847.1973   19.7469
    7.5000  -37.5000  -30.0000 9461.3887   19.7841
   -7.5000  -30.0000  -30.000010453.6416   19.5836
    0.0000  -30.0000  -30.000010890.6221   19.6185
    7.5000  -30.0000  -30.000010472.3555   19.6566
   -7.5000  -22.5000  -30.000011531.0088   19.5416
    0.0000  -22.5000  -30.000012034.3193   19.5807
    7.5000  -22.5000  -30.000011536.6191   19.6141
   -7.5000  -15.0000  -30.000012458.2275   19.5311
    0.0000  -15.0000  -30.000013048.3223   19.5710
    7.5000  -15.0000  -30.000012473.4619   19.5982
   -7.5000   -7.5000  -30.000013092.3115   19.5472
    0.0000   -7.5000  -30.000013705.8408   19.5834
    7.5000   -7.5000  -30.000013106.6074   19.6092
   -7.5000    0.0000  -30.000013573.1260   19.5721
    0.0000    0.0000  -30.000014230.6309   19.6042
    7.5000    0.0000  -30.000013596.2744   19.6347
   -7.5000    7.5000  -30.000013033.0264   19.5803
    0.0000    7.5000  -30.000013710.6377   19.6122
    7.5000    7.5000  -30.000013052.2998   19.6488
   -7.5000   15.0000  -30.000012383.3105   19.5653
    0.0000   15.0000  -30.000013040.2090   19.6002
    7.5000   15.0000  -30.000012396.1143   19.6383
   -7.5000   22.5000  -30.000011611.1006   19.5362
    0.0000   22.5000  -30.000012217.5430   19.5752
    7.5000   22.5000  -30.000011610.2920   19.6086
   -7.5000   30.0000  -30.000010787.9902   19.2940
    0.0000   30.0000  -30.000011353.8770   19.3341
    7.5000   30.0000  -30.000010782.2500   19.3614
   -7.5000   37.5000  -30.000010435.8613   19.6492
    0.0000   37.5000  -30.000011004.9375   19.6834
    7.5000   37.5000  -30.000010434.5264   19.7102
   -7.5000   45.0000  -30.0000 9714.9121   19.6701
    0.0000   45.0000  -30.000010268.5146   19.6914
    7.5000   45.0000  -30.0000 9750.6797   19.7153
   -7.5000  -45.0000  -22.5000 9445.8506   20.6163
    0.0000  -45.0000  -22.5000 9833.7471   20.6540
    7.5000  -45.0000  -22.5000 9470.0840   20.6819
   -7.5000  -37.5000  -22.500010035.5684   20.3672
    0.0000  -37.5000  -22.500010479.9805   20.4068
    7.5000  -37.5000  -22.500010091.5859   20.4437
   -7.5000  -30.0000  -22.500011127.3379   20.2257
    0.0000  -30.0000  -22.500011616.5449   20.2684
    7.5000  -30.0000  -22.500011174.8398   20.3075
   -7.5000  -22.5000  -22.500012274.3428   20.1667
    0.0000  -22.5000  -22.500012840.6963   20.2122
    7.5000  -22.5000  -22.500012297.7988   20.2455
   -7.5000  -15.0000  -22.500013262.2832   20.1456
    0.0000  -15.0000  -22.500013884.1885   20.1899
    7.5000  -15.0000  -22.500013261.9727   20.2149
   -7.5000   -7.5000  -22.500013944.9883   20.1696
    0.0000   -7.5000  -22.500014614.0312   20.2091
    7.5000   -7.5000  -22.500013947.2754   20.2316
   -7.5000    0.0000  -22.500014425.3945   20.2116
    0.0000    0.0000  -22.500015140.6787   20.2487
    7.5000    0.0000  -22.500014443.9219   20.2766
   -7.5000    7.5000  -22.500013863.3975   20.2283
    0.0000    7.5000  -22.500014571.4209   20.2675
    7.5000    7.5000  -22.500013836.0566   20.3039
   -7.5000   15.0000  -22.500013187.2852   20.2068
    0.0000   15.0000  -22.500013899.7607   20.2495
    7.5000   15.0000  -22.500013145.2676   20.2886
   -7.5000   22.5000  -22.500012403.3770   20.1597
    0.0000   22.5000  -22.500013079.7793   20.2052
    7.5000   22.5000  -22.500012349.5381   20.2385
   -7.5000   30.0000  -22.500011520.2285   19.9052
    0.0000   30.0000  -22.500012167.4482   19.9495
    7.5000   30.0000  -22.500011478.7920   19.9748
   -7.5000   37.5000  -22.500011090.2070   20.2765
    0.0000   37.5000  -22.500011750.4551   20.3142
    7.5000   37.5000  -22.500011107.3594   20.3366
   -7.5000   45.0000  -22.500010339.7490   20.3289
    0.0000   45.0000  -22.500010953.3252   20.3542
    7.5000   45.0000  -22.500010377.5742   20.3748
   -7.5000  -45.0000  -15.0000 9999.7480   21.0855
    0.0000  -45.0000  -15.000010429.9463   21.1295
    7.5000  -45.0000  -15.000010056.4414   21.1669
   -7.5000  -37.5000  -15.000010663.3955   20.8473
    0.0000  -37.5000  -15.000011147.6768   20.8939
    7.5000  -37.5000  -15.000010726.8486   20.9364
   -7.5000  -30.0000  -15.000011798.5537   20.7021
    0.0000  -30.0000  -15.000012359.7900   20.7547
    7.5000  -30.0000  -15.000011877.2002   20.7992
   -7.5000  -22.5000  -15.000012991.7461   20.6230
    0.0000  -22.5000  -15.000013607.3945   20.6806
    7.5000  -22.5000  -15.000013063.0576   20.7230
   -7.5000  -15.0000  -15.000013979.3369   20.5838
    0.0000  -15.0000  -15.000014639.6875   20.6401
    7.5000  -15.0000  -15.000014026.7520   20.6781
   -7.5000   -7.5000  -15.000014705.3428   20.6112
    0.0000   -7.5000  -15.000015403.7354   20.6593
    7.5000   -7.5000  -15.000014745.3652   20.6944
   -7.5000    0.0000  -15.000015251.3857   20.6719
    0.0000    0.0000  -15.000015984.9824   20.7149
    7.5000    0.0000  -15.000015274.8145   20.7517
   -7.5000    7.5000  -15.000014623.2725   20.7050
    0.0000    7.5000  -15.000015393.7607   20.7512
    7.5000    7.5000  -15.000014650.9268   20.7929
   -7.5000   15.0000  -15.000013909.6934   20.6828
    0.0000   15.0000  -15.000014700.2627   20.7353
    7.5000   15.0000  -15.000013925.2715   20.7798
   -7.5000   22.5000  -15.000013108.0186   20.6149
    0.0000   22.5000  -15.000013868.6494   20.6725
    7.5000   22.5000  -15.000013106.0674   20.7149
   -7.5000   30.0000  -15.000012181.7734   20.3407
    0.0000   30.0000  -15.000012913.4668   20.3970
    7.5000   30.0000  -15.000012177.7520   20.4354
   -7.5000   37.5000  -15.000011717.0967   20.7173
    0.0000   37.5000  -15.000012443.2148   20.7644
    7.5000   37.5000  -15.000011745.6699   20.8005
   -7.5000   45.0000  -15.000010902.5576   20.7966
    0.0000   45.0000  -15.000011566.0049   20.8296
    7.5000   45.0000  -15.000010933.9570   20.8612
   -7.5000  -45.0000   -7.500010584.4678   21.3409
    0.0000  -45.0000   -7.500011076.0771   21.3878
    7.5000  -45.0000   -7.500010674.1514   21.4390
   -7.5000  -37.5000   -7.500011311.4600   21.1091
    0.0000  -37.5000   -7.500011829.8027   21.1563
    7.5000  -37.5000   -7.500011396.1279   21.2051
   -7.5000  -30.0000   -7.500012512.7510   20.9705
    0.0000  -30.0000   -7.500013085.0811   21.0265
    7.5000  -30.0000   -7.500012605.5537   21.0761
   -7.5000  -22.5000   -7.500013761.2910   20.8884
    0.0000  -22.5000   -7.500014365.8076   20.9540
    7.5000  -22.5000   -7.500013860.9824   21.0071
   -7.5000  -15.0000   -7.500014737.3057   20.8405
    0.0000  -15.0000   -7.500015390.0078   20.9066
    7.5000  -15.0000   -7.500014840.8408   20.9623
   -7.5000   -7.5000   -7.500015498.8701   20.8611
    0.0000   -7.5000   -7.500016201.9883   20.9160
    7.5000   -7.5000   -7.500015587.7080   20.9698
   -7.5000    0.0000   -7.500016099.9189   20.9222
    0.0000    0.0000   -7.500016910.5820   20.9673
    7.5000    0.0000   -7.500016199.5977   21.0169
   -7.5000    7.5000   -7.500015467.2217   20.9649
    0.0000    7.5000   -7.500016299.3564   21.0115
    7.5000    7.5000   -7.500015573.1064   21.0594
   -7.5000   15.0000   -7.500014684.9307   20.9509
    0.0000   15.0000   -7.500015541.1406   21.0068
    7.5000   15.0000   -7.500014794.2012   21.0564
   -7.5000   22.5000   -7.500013804.2715   20.8780
    0.0000   22.5000   -7.500014600.8330   20.9435
    7.5000   22.5000   -7.500013910.3594   20.9966
   -7.5000   30.0000   -7.500012795.2588   20.5923
    0.0000   30.0000   -7.500013523.1885   20.6586
    7.5000   30.0000   -7.500012857.9551   20.7145
   -7.5000   37.5000   -7.500012303.6494   20.9626
    0.0000   37.5000   -7.500013030.9814   21.0173
    7.5000   37.5000   -7.500012358.4648   21.0746
   -7.5000   45.0000   -7.500011416.3369   21.0419
    0.0000   45.0000   -7.500012096.4082   21.0797
    7.5000   45.0000   -7.500011476.3555   21.1270
   -7.5000  -45.0000    0.000011138.6807   21.4177
    0.0000  -45.0000    0.000011656.2715   21.4615
    7.5000  -45.0000    0.000011216.5742   21.5181
   -7.5000  -37.5000    0.000011869.1309   21.1787
    0.0000  -37.5000    0.000012426.3838   21.2199
    7.5000  -37.5000    0.000011959.3379   21.2710
   -7.5000  -30.0000    0.000013107.4883   21.0472
    0.0000  -30.0000    0.000013700.7227   21.0979
    7.5000  -30.0000    0.000013207.2295   21.1488
   -7.5000  -22.5000    0.000014417.2930   20.9793
    0.0000  -22.5000    0.000015024.5557   21.0420
    7.5000  -22.5000    0.000014548.2412   21.0986
   -7.5000  -15.0000    0.000015420.0879   20.9393
    0.0000  -15.0000    0.000016049.7021   21.0045
    7.5000  -15.0000    0.000015531.0635   21.0665
   -7.5000   -7.5000    0.000016189.5713   20.9515
    0.0000   -7.5000    0.000016886.2402   21.0055
    7.5000   -7.5000    0.000016315.9932   21.0662
   -7.5000    0.0000    0.000016872.1523   20.9972
    0.0000    0.0000    0.000017658.8105   21.0387
    7.5000    0.0000    0.000017028.6602   21.0932
   -7.5000    7.5000    0.000016253.3730   21.0339
    0.0000    7.5000    0.000017114.0234   21.0747
    7.5000    7.5000    0.000016449.6855   21.1248
   -7.5000   15.0000    0.000015443.7461   21.0274
    0.0000   15.0000    0.000016288.7188   21.0782
    7.5000   15.0000    0.000015634.6455   21.1290
   -7.5000   22.5000    0.000014479.3760   20.9688
    0.0000   22.5000    0.000015208.7861   21.0315
    7.5000   22.5000    0.000014604.7334   21.0880
   -7.5000   30.0000    0.000013346.5684   20.6892
    0.0000   30.0000    0.000013991.3086   20.7548
    7.5000   30.0000    0.000013450.0137   20.8168
   -7.5000   37.5000    0.000012780.6533   21.0545
    0.0000   37.5000    0.000013434.9189   21.1081
    7.5000   37.5000    0.000012902.0059   21.1735
   -7.5000   45.0000    0.000011867.8164   21.1161
    0.0000   45.0000    0.000012509.5137   21.1511
    7.5000   45.0000    0.000011982.2266   21.2037
   -7.5000  -45.0000    7.500010836.9355   21.4458
    0.0000  -45.0000    7.500011348.4854   21.4835
    7.5000  -45.0000    7.500010907.6123   21.5308
   -7.5000  -37.5000    7.500011547.0010   21.1881
    0.0000  -37.5000    7.500012086.2295   21.2227
    7.5000  -37.5000    7.500011628.7109   21.2695
   -7.5000  -30.0000    7.500012710.4463   21.0542
    0.0000  -30.0000    7.500013264.8682   21.0953
    7.5000  -30.0000    7.500012808.9629   21.1419
   -7.5000  -22.5000    7.500013930.2490   21.0045
    0.0000  -22.5000    7.500014516.0557   21.0548
    7.5000  -22.5000    7.500014042.7783   21.1023
   -7.5000  -15.0000    7.500014839.3223   20.9834
    0.0000  -15.0000    7.500015414.6367   21.0365
    7.5000  -15.0000    7.500014938.7383   21.0843
   -7.5000   -7.5000    7.500015598.3096   20.9953
    0.0000   -7.5000    7.500016222.9336   21.0406
    7.5000   -7.5000    7.500015714.3926   21.0875
   -7.5000    0.0000    7.500016284.7725   21.0243
    0.0000    0.0000    7.500017027.0078   21.0602
    7.5000    0.0000    7.500016447.1016   21.1061
   -7.5000    7.5000    7.500015730.0234   21.0434
    0.0000    7.5000    7.500016494.3555   21.0777
    7.5000    7.5000    7.500015956.7891   21.1236
   -7.5000   15.0000    7.500014982.8574   21.0345
    0.0000   15.0000    7.500015694.1865   21.0755
    7.5000   15.0000    7.500015162.9551   21.1222
   -7.5000   22.5000    7.500014042.0615   20.9940
    0.0000   22.5000    7.500014625.4395   21.0443
    7.5000   22.5000    7.500014133.7842   21.0917
   -7.5000   30.0000    7.500012923.9375   20.7332
    0.0000   30.0000    7.500013458.3975   20.7867
    7.5000   30.0000    7.500013002.4580   20.8344
   -7.5000   37.5000    7.500012390.2158   21.1053
    0.0000   37.5000    7.500012949.2432   21.1493
    7.5000   37.5000    7.500012470.9072   21.1995
   -7.5000   45.0000    7.500011508.8516   21.1531
    0.0000   45.0000    7.500012075.8359   21.1803
    7.5000   45.0000    7.500011579.1279   21.2218
   -7.5000  -45.0000   15.000010340.6621   21.4388
    0.0000  -45.0000   15.000010844.0811   21.4741
    7.5000  -45.0000   15.000010409.9512   21.5073
   -7.5000  -37.5000   15.000011038.3525   21.1707
    0.0000  -37.5000   15.000011570.5449   21.2051
    7.5000  -37.5000   15.000011109.9082   21.2450
   -7.5000  -30.0000   15.000012178.0693   21.0297
    0.0000  -30.0000   15.000012737.1729   21.0672
    7.5000  -30.0000   15.000012279.7109   21.1081
   -7.5000  -22.5000   15.000013341.8994   20.9846
    0.0000  -22.5000   15.000013948.8379   21.0266
    7.5000  -22.5000   15.000013478.8994   21.0624
   -7.5000  -15.0000   15.000014211.8574   20.9733
    0.0000  -15.0000   15.000014802.5391   21.0162
    7.5000  -15.0000   15.000014362.9658   21.0454
   -7.5000   -7.5000   15.000014953.5332   20.9907
    0.0000   -7.5000   15.000015558.2168   21.0295
    7.5000   -7.5000   15.000015125.0576   21.0572
   -7.5000    0.0000   15.000015592.9590   21.0174
    0.0000    0.0000   15.000016259.8379   21.0518
    7.5000    0.0000   15.000015794.5996   21.0846
   -7.5000    7.5000   15.000015084.9502   21.0262
    0.0000    7.5000   15.000015729.6055   21.0604
    7.5000    7.5000   15.000015218.8701   21.0997
   -7.5000   15.0000   15.000014436.1709   21.0101
    0.0000   15.0000   15.000015049.3350   21.0475
    7.5000   15.0000   15.000014459.2979   21.0885
   -7.5000   22.5000   15.000013540.0381   20.9742
    0.0000   22.5000   15.000014074.0293   21.0161
    7.5000   22.5000   15.000013483.6738   21.0519
   -7.5000   30.0000   15.000012461.9365   20.7248
    0.0000   30.0000   15.000012998.5518   20.7680
    7.5000   30.0000   15.000012437.4990   20.7972
   -7.5000   37.5000   15.000011928.6865   21.1064
    0.0000   37.5000   15.000012481.5312   21.1431
    7.5000   37.5000   15.000011935.3047   21.1719
   -7.5000   45.0000   15.000011060.2920   21.1569
    0.0000   45.0000   15.000011557.5137   21.1797
    7.5000   45.0000   15.000011070.1943   21.2054
   -7.5000  -45.0000   22.5000 9852.9639   21.4016
    0.0000  -45.0000   22.500010312.1963   21.4406
    7.5000  -45.0000   22.5000 9932.0352   21.4696
   -7.5000  -37.5000   22.500010549.6768   21.1429
    0.0000  -37.5000   22.500011043.0312   21.1840
    7.5000  -37.5000   22.500010639.3555   21.2223
   -7.5000  -30.0000   22.500011666.7949   20.9960
    0.0000  -30.0000   22.500012202.9287   21.0404
    7.5000  -30.0000   22.500011780.6260   21.0809
   -7.5000  -22.5000   22.500012784.2773   20.9348
    0.0000  -22.5000   22.500013395.6826   20.9821
    7.5000  -22.5000   22.500012919.2061   21.0166
   -7.5000  -15.0000   22.500013602.6660   20.9129
    0.0000  -15.0000   22.500014242.0205   20.9589
    7.5000  -15.0000   22.500013745.3320   20.9848
   -7.5000   -7.5000   22.500014332.2256   20.9378
    0.0000   -7.5000   22.500014996.8613   20.9788
    7.5000   -7.5000   22.500014467.5283   21.0021
   -7.5000    0.0000   22.500014952.0801   20.9814
    0.0000    0.0000   22.500015654.3252   21.0199
    7.5000    0.0000   22.500015065.2930   21.0489
   -7.5000    7.5000   22.500014409.2881   20.9987
    0.0000    7.5000   22.500015074.1025   21.0395
    7.5000    7.5000   22.500014455.5693   21.0772
   -7.5000   15.0000   22.500013710.3037   20.9764
    0.0000   15.0000   22.500014369.6826   21.0207
    7.5000   15.0000   22.500013705.4082   21.0613
   -7.5000   22.5000   22.500012868.2861   20.9244
    0.0000   22.5000   22.500013479.1045   20.9716
    7.5000   22.5000   22.500012801.6299   21.0061
   -7.5000   30.0000   22.500011863.4111   20.6663
    0.0000   30.0000   22.500012441.4727   20.7123
    7.5000   30.0000   22.500011826.3750   20.7385
   -7.5000   37.5000   22.500011337.1104   21.0517
    0.0000   37.5000   22.500011906.9814   21.0909
    7.5000   37.5000   22.500011373.0947   21.1141
   -7.5000   45.0000   22.500010524.7275   21.1215
    0.0000   45.0000   22.500011015.5518   21.1477
    7.5000   45.0000   22.500010536.7295   21.1692
   -7.5000  -45.0000   30.0000 9308.2461   21.3753
    0.0000  -45.0000   30.0000 9779.6123   21.4199
    7.5000  -45.0000   30.0000 9386.6377   21.4579
   -7.5000  -37.5000   30.0000 9951.5244   21.1338
    0.0000  -37.5000   30.000010454.3037   21.1811
    7.5000  -37.5000   30.000010024.7441   21.2242
   -7.5000  -30.0000   30.000011028.1279   20.9867
    0.0000  -30.0000   30.000011591.6045   21.0400
    7.5000  -30.0000   30.000011110.7090   21.0851
   -7.5000  -22.5000   30.000012125.9902   20.9065
    0.0000  -22.5000   30.000012735.8965   20.9649
    7.5000  -22.5000   30.000012197.5234   21.0079
   -7.5000  -15.0000   30.000012882.9189   20.8667
    0.0000  -15.0000   30.000013514.5967   20.9238
    7.5000  -15.0000   30.000012981.5205   20.9624
   -7.5000   -7.5000   30.000013531.8564   20.8945
    0.0000   -7.5000   30.000014189.4277   20.9433
    7.5000   -7.5000   30.000013660.8252   20.9789
   -7.5000    0.0000   30.000014088.3975   20.9560
    0.0000    0.0000   30.000014763.1445   20.9996
    7.5000    0.0000   30.000014185.6426   21.0369
   -7.5000    7.5000   30.000013510.8164   20.9896
    0.0000    7.5000   30.000014140.1201   21.0364
    7.5000    7.5000   30.000013581.8389   21.0787
   -7.5000   15.0000   30.000012777.1895   20.9671
    0.0000   15.0000   30.000013364.2061   21.0203
    7.5000   15.0000   30.000012826.0371   21.0654
   -7.5000   22.5000   30.000011974.7539   20.8960
    0.0000   22.5000   30.000012537.9648   20.9544
    7.5000   22.5000   30.000012002.9072   20.9974
   -7.5000   30.0000   30.000011078.1689   20.6203
    0.0000   30.0000   30.000011605.3877   20.6774
    7.5000   30.0000   30.000011119.8281   20.7163
   -7.5000   37.5000   30.000010631.9092   21.0021
    0.0000   37.5000   30.000011149.1084   21.0498
    7.5000   37.5000   30.000010706.1104   21.0865
   -7.5000   45.0000   30.0000 9917.1211   21.0880
    0.0000   45.0000   30.000010394.3184   21.1215
    7.5000   45.0000   30.0000 9956.6250   21.1536
   -7.5000  -45.0000   37.5000 9107.2334   21.4375
    0.0000  -45.0000   37.5000 9569.8418   21.4849
    7.5000  -45.0000   37.5000 9131.0908   21.5365
   -7.5000  -37.5000   37.5000 9729.7344   21.2043
    0.0000  -37.5000   37.500010227.0596   21.2518
    7.5000  -37.5000   37.5000 9759.7471   21.3011
   -7.5000  -30.0000   37.500010757.0010   21.0648
    0.0000  -30.0000   37.500011315.2617   21.1211
    7.5000  -30.0000   37.500010809.7480   21.1710
   -7.5000  -22.5000   37.500011778.2168   20.9820
    0.0000  -22.5000   37.500012384.3936   21.0480
    7.5000  -22.5000   37.500011872.4668   21.1014
   -7.5000  -15.0000   37.500012492.2588   20.9336
    0.0000  -15.0000   37.500013116.0215   21.0002
    7.5000  -15.0000   37.500012590.9277   21.0563
   -7.5000   -7.5000   37.500013089.5391   20.9543
    0.0000   -7.5000   37.500013728.4473   21.0097
    7.5000   -7.5000   37.500013211.4053   21.0639
   -7.5000    0.0000   37.500013578.1475   21.0160
    0.0000    0.0000   37.500014248.7422   21.0614
    7.5000    0.0000   37.500013696.1797   21.1115
   -7.5000    7.5000   37.500013012.2822   21.0591
    0.0000    7.5000   37.500013622.0693   21.1060
    7.5000    7.5000   37.500013107.4561   21.1543
   -7.5000   15.0000   37.500012309.5947   21.0450
    0.0000   15.0000   37.500012849.5820   21.1013
    7.5000   15.0000   37.500012366.3604   21.1511
   -7.5000   22.5000   37.500011521.1797   20.9716
    0.0000   22.5000   37.500012052.4980   21.0375
    7.5000   22.5000   37.500011585.2344   21.0909
   -7.5000   30.0000   37.500010655.6094   20.6849
    0.0000   30.0000   37.500011148.6660   20.7517
    7.5000   30.0000   37.500010724.0352   20.8080
   -7.5000   37.5000   37.500010263.8486   21.0577
    0.0000   37.5000   37.500010751.1338   21.1129
    7.5000   37.5000   37.500010348.9248   21.1708
   -7.5000   45.0000   37.5000 9583.4463   21.1400
    0.0000   45.0000   37.500010042.3594   21.1781
    7.5000   45.0000   37.5000 9655.5684   21.2259
   -7.5000  -45.0000   45.0000 8422.0977   21.4932
    0.0000  -45.0000   45.0000 8840.5186   21.5379
    7.5000  -45.0000   45.0000 8433.6113   21.5952
   -7.5000  -37.5000   45.0000 8969.3945   21.2504
    0.0000  -37.5000   45.0000 9434.5957   21.2923
    7.5000  -37.5000   45.0000 9019.8438   21.3438
   -7.5000  -30.0000   45.0000 9913.8770   21.1167
    0.0000  -30.0000   45.000010437.2930   21.1681
    7.5000  -30.0000   45.0000 9970.9678   21.2191
   -7.5000  -22.5000   45.000010847.8027   21.0480
    0.0000  -22.5000   45.000011423.7324   21.1115
    7.5000  -22.5000   45.000010936.5078   21.1682
   -7.5000  -15.0000   45.000011477.1885   21.0078
    0.0000  -15.0000   45.000012063.6895   21.0741
    7.5000  -15.0000   45.000011572.8398   21.1365
   -7.5000   -7.5000   45.000011994.9238   21.0207
    0.0000   -7.5000   45.000012614.7012   21.0757
    7.5000   -7.5000   45.000012125.9443   21.1370
   -7.5000    0.0000   45.000012432.5029   21.0670
    0.0000    0.0000   45.000013071.4082   21.1093
    7.5000    0.0000   45.000012555.9736   21.1645
   -7.5000    7.5000   45.000011910.1357   21.1037
    0.0000    7.5000   45.000012499.5557   21.1451
    7.5000    7.5000   45.000012006.5195   21.1956
   -7.5000   15.0000   45.000011261.8760   21.0967
    0.0000   15.0000   45.000011780.2812   21.1481
    7.5000   15.0000   45.000011320.8721   21.1990
   -7.5000   22.5000   45.000010528.2188   21.0374
    0.0000   22.5000   45.000011023.2373   21.1008
    7.5000   22.5000   45.000010606.5342   21.1576
   -7.5000   30.0000   45.0000 9763.8008   20.7554
    0.0000   30.0000   45.000010225.8545   20.8219
    7.5000   30.0000   45.0000 9830.6543   20.8843
   -7.5000   37.5000   45.0000 9418.8662   21.1260
    0.0000   37.5000   45.0000 9865.7197   21.1806
    7.5000   37.5000   45.0000 9481.6914   21.2467
   -7.5000   45.0000   45.0000 8808.6826   21.2050
    0.0000   45.0000   45.0000 9230.6396   21.2409
    7.5000   45.0000   45.0000 8857.2969   21.2942

---------------------------------------------------------------------
imgreg_4dfp /opt/freesurfer/average/711-2C_as_mni_average_305 /opt/freesurfer/average/711-2B_as_mni_average_305_mask talsrcimg_g11 none talsrcimg_to_711-2C_as_mni_average_305_t4 4355
---------------------------------------------------------------------

freesurfer imgreg_4dfp.c
/opt/freesurfer/average/711-2C_as_mni_average_305.4dfp.img
       256       256       256         1
  1.000000  1.000000  1.000000
orientation T byte_order littleendian
Reading image: /opt/freesurfer/average/711-2C_as_mni_average_305.4dfp.img
dimensions:      256       256       256
mmppix:       1.0000   -1.0000   -1.0000
center:     128.0000 -129.0000 -129.0000
/opt/freesurfer/average/711-2B_as_mni_average_305_mask.4dfp.img
       256       256       256         1
  1.000000  1.000000  1.000000
orientation T byte_order littleendian
Reading mask: /opt/freesurfer/average/711-2B_as_mni_average_305_mask.4dfp.img (2306576 pixels)
talsrcimg_g11.4dfp.img
       256       256       256         1
  1.000000  1.000000  1.000000
orientation T byte_order littleendian
Reading image: talsrcimg_g11.4dfp.img
dimensions:      256       256       256
mmppix:       1.0000   -1.0000   -1.0000
center:     128.0000 -129.0000 -129.0000
rotation matrix determinant  1.000000
image alignment mode   4355 decimal     1103 hex
   -7.5000  -45.0000  -45.0000 2080.8228   25.2267
    0.0000  -45.0000  -45.0000 2091.5376   25.2108
    7.5000  -45.0000  -45.0000 2060.4285   25.5294
   -7.5000  -37.5000  -45.0000 2108.5347   24.0456
    0.0000  -37.5000  -45.0000 2115.7234   23.9850
    7.5000  -37.5000  -45.0000 2089.0298   24.3788
   -7.5000  -30.0000  -45.0000 2132.6294   23.2270
    0.0000  -30.0000  -45.0000 2145.1929   23.1339
    7.5000  -30.0000  -45.0000 2115.6326   23.4605
   -7.5000  -22.5000  -45.0000 2164.5400   22.5629
    0.0000  -22.5000  -45.0000 2180.3535   22.5564
    7.5000  -22.5000  -45.0000 2151.0679   22.8098
   -7.5000  -15.0000  -45.0000 2192.2952   22.0268
    0.0000  -15.0000  -45.0000 2210.0298   22.0644
    7.5000  -15.0000  -45.0000 2186.0635   22.2581
   -7.5000   -7.5000  -45.0000 2204.5334   21.6622
    0.0000   -7.5000  -45.0000 2223.6772   21.6432
    7.5000   -7.5000  -45.0000 2206.8464   21.8282
   -7.5000    0.0000  -45.0000 2209.9751   21.4953
    0.0000    0.0000  -45.0000 2233.3264   21.4288
    7.5000    0.0000  -45.0000 2213.0696   21.5595
   -7.5000    7.5000  -45.0000 2198.7402   21.4937
    0.0000    7.5000  -45.0000 2223.5833   21.3792
    7.5000    7.5000  -45.0000 2206.9885   21.4713
   -7.5000   15.0000  -45.0000 2183.7283   21.6247
    0.0000   15.0000  -45.0000 2207.2234   21.4436
    7.5000   15.0000  -45.0000 2196.0281   21.5722
   -7.5000   22.5000  -45.0000 2170.4771   21.9603
    0.0000   22.5000  -45.0000 2193.0256   21.7789
    7.5000   22.5000  -45.0000 2184.6858   21.9466
   -7.5000   30.0000  -45.0000 2150.0203   22.6526
    0.0000   30.0000  -45.0000 2170.6941   22.4325
    7.5000   30.0000  -45.0000 2164.4680   22.5968
   -7.5000   37.5000  -45.0000 2114.0298   23.8011
    0.0000   37.5000  -45.0000 2135.8408   23.5684
    7.5000   37.5000  -45.0000 2126.8318   23.7287
   -7.5000   45.0000  -45.0000 2047.4208   25.5909
    0.0000   45.0000  -45.0000 2069.7297   25.2934
    7.5000   45.0000  -45.0000 2066.1624   25.4118
   -7.5000  -45.0000  -37.5000 2163.6025   22.9562
    0.0000  -45.0000  -37.5000 2179.7339   23.0106
    7.5000  -45.0000  -37.5000 2160.1956   23.3560
   -7.5000  -37.5000  -37.5000 2199.0010   21.9064
    0.0000  -37.5000  -37.5000 2211.4783   21.9241
    7.5000  -37.5000  -37.5000 2185.2349   22.1949
   -7.5000  -30.0000  -37.5000 2230.1863   21.1341
    0.0000  -30.0000  -37.5000 2241.1951   21.1352
    7.5000  -30.0000  -37.5000 2217.7246   21.3264
   -7.5000  -22.5000  -37.5000 2270.8821   20.5175
    0.0000  -22.5000  -37.5000 2284.3052   20.5216
    7.5000  -22.5000  -37.5000 2257.3088   20.7093
   -7.5000  -15.0000  -37.5000 2300.0869   20.0553
    0.0000  -15.0000  -37.5000 2313.2102   20.0101
    7.5000  -15.0000  -37.5000 2290.8975   20.1832
   -7.5000   -7.5000  -37.5000 2309.9592   19.7237
    0.0000   -7.5000  -37.5000 2326.5220   19.6660
    7.5000   -7.5000  -37.5000 2306.9497   19.7763
   -7.5000    0.0000  -37.5000 2312.3523   19.5163
    0.0000    0.0000  -37.5000 2334.1265   19.4140
    7.5000    0.0000  -37.5000 2313.0195   19.5215
   -7.5000    7.5000  -37.5000 2309.1663   19.5729
    0.0000    7.5000  -37.5000 2334.0503   19.3897
    7.5000    7.5000  -37.5000 2318.6562   19.5003
   -7.5000   15.0000  -37.5000 2297.8657   19.7957
    0.0000   15.0000  -37.5000 2317.1926   19.5888
    7.5000   15.0000  -37.5000 2309.5417   19.6909
   -7.5000   22.5000  -37.5000 2281.9231   20.1437
    0.0000   22.5000  -37.5000 2301.8735   20.0041
    7.5000   22.5000  -37.5000 2297.1101   20.0918
   -7.5000   30.0000  -37.5000 2254.8853   20.7496
    0.0000   30.0000  -37.5000 2278.7656   20.5863
    7.5000   30.0000  -37.5000 2272.3699   20.7057
   -7.5000   37.5000  -37.5000 2210.7332   21.8543
    0.0000   37.5000  -37.5000 2235.6255   21.6688
    7.5000   37.5000  -37.5000 2231.3784   21.7488
   -7.5000   45.0000  -37.5000 2142.7935   23.4622
    0.0000   45.0000  -37.5000 2172.3074   23.2127
    7.5000   45.0000  -37.5000 2169.1252   23.3041
   -7.5000  -45.0000  -30.0000 2278.2776   21.8601
    0.0000  -45.0000  -30.0000 2296.9109   21.8604
    7.5000  -45.0000  -30.0000 2280.7292   22.2158
   -7.5000  -37.5000  -30.0000 2317.5022   20.8069
    0.0000  -37.5000  -30.0000 2332.5613   20.7856
    7.5000  -37.5000  -30.0000 2318.1721   21.0726
   -7.5000  -30.0000  -30.0000 2360.1033   20.0640
    0.0000  -30.0000  -30.0000 2375.5369   20.0449
    7.5000  -30.0000  -30.0000 2357.0840   20.2417
   -7.5000  -22.5000  -30.0000 2407.5725   19.4150
    0.0000  -22.5000  -30.0000 2421.2727   19.3771
    7.5000  -22.5000  -30.0000 2397.1189   19.5586
   -7.5000  -15.0000  -30.0000 2438.6382   18.8996
    0.0000  -15.0000  -30.0000 2456.8992   18.8743
    7.5000  -15.0000  -30.0000 2432.3777   18.9822
   -7.5000   -7.5000  -30.0000 2452.8335   18.5119
    0.0000   -7.5000  -30.0000 2471.6313   18.4993
    7.5000   -7.5000  -30.0000 2452.6655   18.6129
   -7.5000    0.0000  -30.0000 2456.4685   18.3748
    0.0000    0.0000  -30.0000 2478.8516   18.2547
    7.5000    0.0000  -30.0000 2462.1040   18.4136
   -7.5000    7.5000  -30.0000 2463.1570   18.4149
    0.0000    7.5000  -30.0000 2492.8760   18.2524
    7.5000    7.5000  -30.0000 2471.1230   18.3844
   -7.5000   15.0000  -30.0000 2459.3381   18.6688
    0.0000   15.0000  -30.0000 2487.4292   18.4941
    7.5000   15.0000  -30.0000 2472.2954   18.5913
   -7.5000   22.5000  -30.0000 2441.3403   19.1049
    0.0000   22.5000  -30.0000 2470.9587   18.9086
    7.5000   22.5000  -30.0000 2458.7622   18.9865
   -7.5000   30.0000  -30.0000 2409.7312   19.7724
    0.0000   30.0000  -30.0000 2444.6648   19.5963
    7.5000   30.0000  -30.0000 2430.9126   19.6707
   -7.5000   37.5000  -30.0000 2356.1052   20.8474
    0.0000   37.5000  -30.0000 2393.8972   20.6446
    7.5000   37.5000  -30.0000 2379.9463   20.6755
   -7.5000   45.0000  -30.0000 2278.2290   22.3531
    0.0000   45.0000  -30.0000 2314.7651   22.1304
    7.5000   45.0000  -30.0000 2306.5620   22.1840
   -7.5000  -45.0000  -22.5000 2372.4814   20.8698
    0.0000  -45.0000  -22.5000 2390.8386   20.8229
    7.5000  -45.0000  -22.5000 2376.3674   21.1976
   -7.5000  -37.5000  -22.5000 2418.2786   19.7719
    0.0000  -37.5000  -22.5000 2439.4814   19.7691
    7.5000  -37.5000  -22.5000 2421.8193   20.0496
   -7.5000  -30.0000  -22.5000 2468.0156   18.9852
    0.0000  -30.0000  -22.5000 2486.7837   18.9733
    7.5000  -30.0000  -22.5000 2465.3555   19.1716
   -7.5000  -22.5000  -22.5000 2513.4634   18.2680
    0.0000  -22.5000  -22.5000 2535.4998   18.2748
    7.5000  -22.5000  -22.5000 2504.4597   18.4126
   -7.5000  -15.0000  -22.5000 2552.9514   17.7291
    0.0000  -15.0000  -22.5000 2574.4504   17.7137
    7.5000  -15.0000  -22.5000 2545.1909   17.8274
   -7.5000   -7.5000  -22.5000 2570.0820   17.3397
    0.0000   -7.5000  -22.5000 2595.9221   17.2970
    7.5000   -7.5000  -22.5000 2572.9692   17.4114
   -7.5000    0.0000  -22.5000 2577.9370   17.1826
    0.0000    0.0000  -22.5000 2602.6487   17.0933
    7.5000    0.0000  -22.5000 2585.8438   17.2366
   -7.5000    7.5000  -22.5000 2590.0168   17.2341
    0.0000    7.5000  -22.5000 2624.1812   17.0944
    7.5000    7.5000  -22.5000 2599.3538   17.2457
   -7.5000   15.0000  -22.5000 2593.3608   17.4473
    0.0000   15.0000  -22.5000 2623.9866   17.3090
    7.5000   15.0000  -22.5000 2604.1182   17.4000
   -7.5000   22.5000  -22.5000 2584.5923   17.8600
    0.0000   22.5000  -22.5000 2616.6694   17.6970
    7.5000   22.5000  -22.5000 2599.5063   17.7997
   -7.5000   30.0000  -22.5000 2550.2583   18.5682
    0.0000   30.0000  -22.5000 2589.9951   18.4093
    7.5000   30.0000  -22.5000 2569.6111   18.4568
   -7.5000   37.5000  -22.5000 2484.6492   19.6260
    0.0000   37.5000  -22.5000 2529.4292   19.4620
    7.5000   37.5000  -22.5000 2515.5061   19.5062
   -7.5000   45.0000  -22.5000 2396.6321   21.0677
    0.0000   45.0000  -22.5000 2438.4895   20.8705
    7.5000   45.0000  -22.5000 2427.0876   20.9217
   -7.5000  -45.0000  -15.0000 2439.3757   20.0448
    0.0000  -45.0000  -15.0000 2454.1021   19.9940
    7.5000  -45.0000  -15.0000 2439.0679   20.3905
   -7.5000  -37.5000  -15.0000 2489.4426   18.9507
    0.0000  -37.5000  -15.0000 2511.1873   18.8940
    7.5000  -37.5000  -15.0000 2491.2507   19.2332
   -7.5000  -30.0000  -15.0000 2540.3569   18.0630
    0.0000  -30.0000  -15.0000 2565.3516   17.9997
    7.5000  -30.0000  -15.0000 2543.4131   18.2728
   -7.5000  -22.5000  -15.0000 2584.9553   17.2992
    0.0000  -22.5000  -15.0000 2609.8635   17.2393
    7.5000  -22.5000  -15.0000 2582.2117   17.4560
   -7.5000  -15.0000  -15.0000 2623.5103   16.7250
    0.0000  -15.0000  -15.0000 2649.4526   16.6435
    7.5000  -15.0000  -15.0000 2622.0750   16.8183
   -7.5000   -7.5000  -15.0000 2653.6978   16.3085
    0.0000   -7.5000  -15.0000 2678.9734   16.2026
    7.5000   -7.5000  -15.0000 2659.6619   16.3445
   -7.5000    0.0000  -15.0000 2675.9331   16.1533
    0.0000    0.0000  -15.0000 2698.9062   16.0060
    7.5000    0.0000  -15.0000 2686.3792   16.1390
   -7.5000    7.5000  -15.0000 2694.9858   16.1929
    0.0000    7.5000  -15.0000 2732.8542   16.0526
    7.5000    7.5000  -15.0000 2709.9114   16.1571
   -7.5000   15.0000  -15.0000 2701.5435   16.3555
    0.0000   15.0000  -15.0000 2739.8442   16.2471
    7.5000   15.0000  -15.0000 2715.9043   16.3608
   -7.5000   22.5000  -15.0000 2693.7004   16.7264
    0.0000   22.5000  -15.0000 2733.5540   16.6087
    7.5000   22.5000  -15.0000 2714.1765   16.7110
   -7.5000   30.0000  -15.0000 2656.9919   17.3876
    0.0000   30.0000  -15.0000 2702.1338   17.2143
    7.5000   30.0000  -15.0000 2683.7041   17.3458
   -7.5000   37.5000  -15.0000 2586.6670   18.4348
    0.0000   37.5000  -15.0000 2635.8315   18.2467
    7.5000   37.5000  -15.0000 2619.7195   18.3603
   -7.5000   45.0000  -15.0000 2490.1370   19.8645
    0.0000   45.0000  -15.0000 2531.6992   19.6411
    7.5000   45.0000  -15.0000 2519.5959   19.7527
   -7.5000  -45.0000   -7.5000 2487.9731   19.4164
    0.0000  -45.0000   -7.5000 2510.3337   19.3531
    7.5000  -45.0000   -7.5000 2490.4702   19.7492
   -7.5000  -37.5000   -7.5000 2540.9583   18.2709
    0.0000  -37.5000   -7.5000 2561.9419   18.1642
    7.5000  -37.5000   -7.5000 2538.9487   18.4987
   -7.5000  -30.0000   -7.5000 2586.1965   17.2690
    0.0000  -30.0000   -7.5000 2609.3962   17.1358
    7.5000  -30.0000   -7.5000 2587.3145   17.4656
   -7.5000  -22.5000   -7.5000 2628.5042   16.5138
    0.0000  -22.5000   -7.5000 2652.2168   16.3558
    7.5000  -22.5000   -7.5000 2633.9114   16.6783
   -7.5000  -15.0000   -7.5000 2667.0134   15.9493
    0.0000  -15.0000   -7.5000 2692.8013   15.7580
    7.5000  -15.0000   -7.5000 2676.4192   16.0112
   -7.5000   -7.5000   -7.5000 2706.1709   15.4918
    0.0000   -7.5000   -7.5000 2736.9128   15.3075
    7.5000   -7.5000   -7.5000 2720.6575   15.5317
   -7.5000    0.0000   -7.5000 2750.4275   15.2746
    0.0000    0.0000   -7.5000 2785.8806   15.1089
    7.5000    0.0000   -7.5000 2765.3484   15.2903
   -7.5000    7.5000   -7.5000 2785.9121   15.2858
    0.0000    7.5000   -7.5000 2831.8633   15.1320
    7.5000    7.5000   -7.5000 2809.0349   15.2856
   -7.5000   15.0000   -7.5000 2798.6680   15.4592
    0.0000   15.0000   -7.5000 2850.2908   15.3446
    7.5000   15.0000   -7.5000 2825.9094   15.4694
   -7.5000   22.5000   -7.5000 2789.7480   15.8147
    0.0000   22.5000   -7.5000 2840.1150   15.6758
    7.5000   22.5000   -7.5000 2822.2896   15.8290
   -7.5000   30.0000   -7.5000 2746.5369   16.4363
    0.0000   30.0000   -7.5000 2791.8635   16.2310
    7.5000   30.0000   -7.5000 2779.4558   16.4019
   -7.5000   37.5000   -7.5000 2666.6169   17.4477
    0.0000   37.5000   -7.5000 2717.4663   17.1872
    7.5000   37.5000   -7.5000 2703.8806   17.3723
   -7.5000   45.0000   -7.5000 2561.7898   18.8692
    0.0000   45.0000   -7.5000 2603.6487   18.5672
    7.5000   45.0000   -7.5000 2595.5403   18.7454
   -7.5000  -45.0000    0.0000 2528.3950   18.9861
    0.0000  -45.0000    0.0000 2546.9507   18.8467
    7.5000  -45.0000    0.0000 2521.9771   19.2186
   -7.5000  -37.5000    0.0000 2569.9082   17.7504
    0.0000  -37.5000    0.0000 2592.2424   17.5475
    7.5000  -37.5000    0.0000 2566.5984   17.8945
   -7.5000  -30.0000    0.0000 2608.4028   16.6888
    0.0000  -30.0000    0.0000 2632.5408   16.5145
    7.5000  -30.0000    0.0000 2610.0972   16.8437
   -7.5000  -22.5000    0.0000 2654.2273   15.9653
    0.0000  -22.5000    0.0000 2673.6428   15.7302
    7.5000  -22.5000    0.0000 2659.4294   16.0771
   -7.5000  -15.0000    0.0000 2704.1287   15.3611
    0.0000  -15.0000    0.0000 2726.6843   15.1065
    7.5000  -15.0000    0.0000 2709.8521   15.4485
   -7.5000   -7.5000    0.0000 2745.3987   14.9161
    0.0000   -7.5000    0.0000 2780.5361   14.6730
    7.5000   -7.5000    0.0000 2764.2139   14.9791
   -7.5000    0.0000    0.0000 2803.8384   14.6868
    0.0000    0.0000    0.0000 2846.8562   14.4738
    7.5000    0.0000    0.0000 2825.6033   14.7200
   -7.5000    7.5000    0.0000 2856.6348   14.6707
    0.0000    7.5000    0.0000 2911.9907   14.4563
    7.5000    7.5000    0.0000 2878.1504   14.6999
   -7.5000   15.0000    0.0000 2882.9221   14.8786
    0.0000   15.0000    0.0000 2949.8054   14.6824
    7.5000   15.0000    0.0000 2916.8525   14.8878
   -7.5000   22.5000    0.0000 2870.8535   15.2460
    0.0000   22.5000    0.0000 2934.6548   15.0256
    7.5000   22.5000    0.0000 2909.2686   15.2558
   -7.5000   30.0000    0.0000 2814.3223   15.8291
    0.0000   30.0000    0.0000 2867.7961   15.5559
    7.5000   30.0000    0.0000 2855.9475   15.7865
   -7.5000   37.5000    0.0000 2718.6699   16.7828
    0.0000   37.5000    0.0000 2771.0630   16.4973
    7.5000   37.5000    0.0000 2763.6255   16.7351
   -7.5000   45.0000    0.0000 2603.0090   18.1744
    0.0000   45.0000    0.0000 2646.7075   17.8936
    7.5000   45.0000    0.0000 2637.2629   18.1509
   -7.5000  -45.0000    7.5000 2533.4172   18.7532
    0.0000  -45.0000    7.5000 2557.4351   18.5475
    7.5000  -45.0000    7.5000 2526.6458   18.9139
   -7.5000  -37.5000    7.5000 2583.0869   17.4615
    0.0000  -37.5000    7.5000 2610.6382   17.2193
    7.5000  -37.5000    7.5000 2581.3604   17.5691
   -7.5000  -30.0000    7.5000 2621.5410   16.3859
    0.0000  -30.0000    7.5000 2645.4460   16.1040
    7.5000  -30.0000    7.5000 2623.3774   16.4811
   -7.5000  -22.5000    7.5000 2664.6106   15.5956
    0.0000  -22.5000    7.5000 2690.1953   15.2891
    7.5000  -22.5000    7.5000 2669.5796   15.6487
   -7.5000  -15.0000    7.5000 2714.3779   15.0062
    0.0000  -15.0000    7.5000 2743.5056   14.6655
    7.5000  -15.0000    7.5000 2720.4824   15.0419
   -7.5000   -7.5000    7.5000 2766.6001   14.5966
    0.0000   -7.5000    7.5000 2804.9426   14.2743
    7.5000   -7.5000    7.5000 2782.6646   14.6250
   -7.5000    0.0000    7.5000 2822.8206   14.4144
    0.0000    0.0000    7.5000 2872.2134   14.0872
    7.5000    0.0000    7.5000 2844.9111   14.4073
   -7.5000    7.5000    7.5000 2889.2388   14.3841
    0.0000    7.5000    7.5000 2950.6123   14.0932
    7.5000    7.5000    7.5000 2916.7871   14.3936
   -7.5000   15.0000    7.5000 2932.9033   14.5634
    0.0000   15.0000    7.5000 3021.2307   14.2372
    7.5000   15.0000    7.5000 2974.4597   14.5802
   -7.5000   22.5000    7.5000 2924.1257   14.9734
    0.0000   22.5000    7.5000 3004.3542   14.6079
    7.5000   22.5000    7.5000 2966.5486   14.9653
   -7.5000   30.0000    7.5000 2852.8809   15.5919
    0.0000   30.0000    7.5000 2912.2009   15.2641
    7.5000   30.0000    7.5000 2892.4324   15.5292
   -7.5000   37.5000    7.5000 2751.7146   16.5244
    0.0000   37.5000    7.5000 2803.2778   16.2246
    7.5000   37.5000    7.5000 2790.2595   16.4653
   -7.5000   45.0000    7.5000 2623.2480   17.8269
    0.0000   45.0000    7.5000 2671.7529   17.5336
    7.5000   45.0000    7.5000 2662.7949   17.7406
   -7.5000  -45.0000   15.0000 2504.6201   18.5967
    0.0000  -45.0000   15.0000 2531.3293   18.4169
    7.5000  -45.0000   15.0000 2505.8396   18.7200
   -7.5000  -37.5000   15.0000 2565.7935   17.3296
    0.0000  -37.5000   15.0000 2594.3577   17.0821
    7.5000  -37.5000   15.0000 2562.1404   17.3993
   -7.5000  -30.0000   15.0000 2609.0593   16.2763
    0.0000  -30.0000   15.0000 2637.3394   16.0114
    7.5000  -30.0000   15.0000 2613.5688   16.3376
   -7.5000  -22.5000   15.0000 2647.4600   15.5033
    0.0000  -22.5000   15.0000 2683.1726   15.2208
    7.5000  -22.5000   15.0000 2660.8259   15.5571
   -7.5000  -15.0000   15.0000 2702.0923   14.9615
    0.0000  -15.0000   15.0000 2738.9607   14.6187
    7.5000  -15.0000   15.0000 2717.4067   14.9640
   -7.5000   -7.5000   15.0000 2768.2190   14.6071
    0.0000   -7.5000   15.0000 2805.2373   14.2276
    7.5000   -7.5000   15.0000 2784.3921   14.5610
   -7.5000    0.0000   15.0000 2821.8118   14.4450
    0.0000    0.0000   15.0000 2867.0361   14.0841
    7.5000    0.0000   15.0000 2851.4766   14.3982
   -7.5000    7.5000   15.0000 2880.9502   14.4419
    0.0000    7.5000   15.0000 2936.5090   14.1116
    7.5000    7.5000   15.0000 2918.1450   14.3871
   -7.5000   15.0000   15.0000 2924.0698   14.6647
    0.0000   15.0000   15.0000 3006.4121   14.3048
    7.5000   15.0000   15.0000 2969.5923   14.5243
   -7.5000   22.5000   15.0000 2911.5071   15.0361
    0.0000   22.5000   15.0000 2988.5835   14.7142
    7.5000   22.5000   15.0000 2949.4360   14.9039
   -7.5000   30.0000   15.0000 2847.5664   15.5958
    0.0000   30.0000   15.0000 2910.2537   15.3312
    7.5000   30.0000   15.0000 2883.2119   15.4928
   -7.5000   37.5000   15.0000 2749.2502   16.4723
    0.0000   37.5000   15.0000 2802.1321   16.2639
    7.5000   37.5000   15.0000 2783.1360   16.4326
   -7.5000   45.0000   15.0000 2618.1182   17.7384
    0.0000   45.0000   15.0000 2661.1753   17.5040
    7.5000   45.0000   15.0000 2656.0613   17.6445
   -7.5000  -45.0000   22.5000 2476.7148   18.7622
    0.0000  -45.0000   22.5000 2497.9834   18.5962
    7.5000  -45.0000   22.5000 2475.1802   18.9108
   -7.5000  -37.5000   22.5000 2540.8962   17.5071
    0.0000  -37.5000   22.5000 2565.4036   17.2706
    7.5000  -37.5000   22.5000 2536.2209   17.6104
   -7.5000  -30.0000   22.5000 2590.1064   16.4683
    0.0000  -30.0000   22.5000 2619.8115   16.1900
    7.5000  -30.0000   22.5000 2596.6467   16.5444
   -7.5000  -22.5000   22.5000 2633.0723   15.7173
    0.0000  -22.5000   22.5000 2672.1301   15.4209
    7.5000  -22.5000   22.5000 2647.3706   15.7223
   -7.5000  -15.0000   22.5000 2683.4233   15.1564
    0.0000  -15.0000   22.5000 2724.0791   14.8534
    7.5000  -15.0000   22.5000 2702.5710   15.1341
   -7.5000   -7.5000   22.5000 2739.6750   14.8334
    0.0000   -7.5000   22.5000 2784.6082   14.5220
    7.5000   -7.5000   22.5000 2767.5325   14.8014
   -7.5000    0.0000   22.5000 2792.3577   14.7385
    0.0000    0.0000   22.5000 2839.5767   14.4102
    7.5000    0.0000   22.5000 2824.7197   14.6472
   -7.5000    7.5000   22.5000 2843.4922   14.7775
    0.0000    7.5000   22.5000 2895.3267   14.4473
    7.5000    7.5000   22.5000 2875.0676   14.6543
   -7.5000   15.0000   22.5000 2868.2769   14.9844
    0.0000   15.0000   22.5000 2937.7314   14.6591
    7.5000   15.0000   22.5000 2912.5310   14.8117
   -7.5000   22.5000   22.5000 2852.8010   15.3049
    0.0000   22.5000   22.5000 2919.9316   15.0402
    7.5000   22.5000   22.5000 2891.8669   15.1679
   -7.5000   30.0000   22.5000 2796.5281   15.8737
    0.0000   30.0000   22.5000 2855.8037   15.6228
    7.5000   30.0000   22.5000 2834.7039   15.7300
   -7.5000   37.5000   22.5000 2703.4348   16.7525
    0.0000   37.5000   22.5000 2756.3186   16.5149
    7.5000   37.5000   22.5000 2745.0278   16.6565
   -7.5000   45.0000   22.5000 2583.1489   17.9681
    0.0000   45.0000   22.5000 2623.5994   17.7326
    7.5000   45.0000   22.5000 2618.6396   17.8940
   -7.5000  -45.0000   30.0000 2439.7974   19.2543
    0.0000  -45.0000   30.0000 2460.9089   19.0741
    7.5000  -45.0000   30.0000 2434.9238   19.3743
   -7.5000  -37.5000   30.0000 2496.3730   18.0160
    0.0000  -37.5000   30.0000 2523.8757   17.7824
    7.5000  -37.5000   30.0000 2494.0229   18.0742
   -7.5000  -30.0000   30.0000 2546.6458   16.9894
    0.0000  -30.0000   30.0000 2580.6262   16.7487
    7.5000  -30.0000   30.0000 2555.1821   17.0139
   -7.5000  -22.5000   30.0000 2596.3254   16.2467
    0.0000  -22.5000   30.0000 2633.7317   15.9944
    7.5000  -22.5000   30.0000 2607.4316   16.2252
   -7.5000  -15.0000   30.0000 2642.3081   15.7131
    0.0000  -15.0000   30.0000 2686.1445   15.4323
    7.5000  -15.0000   30.0000 2663.1841   15.6882
   -7.5000   -7.5000   30.0000 2690.9465   15.4114
    0.0000   -7.5000   30.0000 2738.8569   15.1049
    7.5000   -7.5000   30.0000 2725.3101   15.3656
   -7.5000    0.0000   30.0000 2739.2393   15.3084
    0.0000    0.0000   30.0000 2791.1558   14.9735
    7.5000    0.0000   30.0000 2774.4353   15.1888
   -7.5000    7.5000   30.0000 2774.4023   15.3428
    0.0000    7.5000   30.0000 2831.9304   14.9763
    7.5000    7.5000   30.0000 2818.6509   15.1969
   -7.5000   15.0000   30.0000 2791.1992   15.5122
    0.0000   15.0000   30.0000 2854.0405   15.1588
    7.5000   15.0000   30.0000 2838.4402   15.3727
   -7.5000   22.5000   30.0000 2770.8633   15.8217
    0.0000   22.5000   30.0000 2832.6418   15.5307
    7.5000   22.5000   30.0000 2811.8442   15.7281
   -7.5000   30.0000   30.0000 2713.7161   16.3708
    0.0000   30.0000   30.0000 2764.7332   16.0977
    7.5000   30.0000   30.0000 2756.1917   16.2592
   -7.5000   37.5000   30.0000 2629.3740   17.2656
    0.0000   37.5000   30.0000 2675.4963   16.9741
    7.5000   37.5000   30.0000 2673.3015   17.1414
   -7.5000   45.0000   30.0000 2521.1370   18.5311
    0.0000   45.0000   30.0000 2566.6924   18.2772
    7.5000   45.0000   30.0000 2562.6707   18.4074
   -7.5000  -45.0000   37.5000 2391.6790   20.1331
    0.0000  -45.0000   37.5000 2411.1785   19.9851
    7.5000  -45.0000   37.5000 2380.1389   20.2326
   -7.5000  -37.5000   37.5000 2443.5979   18.8303
    0.0000  -37.5000   37.5000 2474.4021   18.6158
    7.5000  -37.5000   37.5000 2445.0403   18.8763
   -7.5000  -30.0000   37.5000 2490.3647   17.7690
    0.0000  -30.0000   37.5000 2527.8330   17.5492
    7.5000  -30.0000   37.5000 2499.4258   17.7861
   -7.5000  -22.5000   37.5000 2540.3562   16.9955
    0.0000  -22.5000   37.5000 2579.1018   16.7836
    7.5000  -22.5000   37.5000 2557.6340   17.0257
   -7.5000  -15.0000   37.5000 2585.9600   16.4814
    0.0000  -15.0000   37.5000 2628.8152   16.2266
    7.5000  -15.0000   37.5000 2611.1023   16.4914
   -7.5000   -7.5000   37.5000 2629.5706   16.1861
    0.0000   -7.5000   37.5000 2677.3894   15.9049
    7.5000   -7.5000   37.5000 2664.9001   16.1260
   -7.5000    0.0000   37.5000 2670.3604   16.0689
    0.0000    0.0000   37.5000 2720.5483   15.7453
    7.5000    0.0000   37.5000 2706.5718   15.9498
   -7.5000    7.5000   37.5000 2699.6707   16.1249
    0.0000    7.5000   37.5000 2749.9109   15.7890
    7.5000    7.5000   37.5000 2735.2903   15.9792
   -7.5000   15.0000   37.5000 2705.3389   16.2914
    0.0000   15.0000   37.5000 2752.1040   15.9793
    7.5000   15.0000   37.5000 2743.3662   16.1844
   -7.5000   22.5000   37.5000 2681.6011   16.6389
    0.0000   22.5000   37.5000 2734.5190   16.3711
    7.5000   22.5000   37.5000 2723.7671   16.5407
   -7.5000   30.0000   37.5000 2621.5664   17.2045
    0.0000   30.0000   37.5000 2670.1492   16.9314
    7.5000   30.0000   37.5000 2662.9556   17.0787
   -7.5000   37.5000   37.5000 2546.9624   18.0647
    0.0000   37.5000   37.5000 2590.5605   17.7669
    7.5000   37.5000   37.5000 2587.4136   17.9397
   -7.5000   45.0000   37.5000 2452.1555   19.3259
    0.0000   45.0000   37.5000 2493.7722   19.0179
    7.5000   45.0000   37.5000 2484.7571   19.1881
   -7.5000  -45.0000   45.0000 2323.0242   21.3514
    0.0000  -45.0000   45.0000 2342.7634   21.2239
    7.5000  -45.0000   45.0000 2311.4395   21.4155
   -7.5000  -37.5000   45.0000 2373.3083   19.9057
    0.0000  -37.5000   45.0000 2401.3643   19.7529
    7.5000  -37.5000   45.0000 2376.7830   19.9639
   -7.5000  -30.0000   45.0000 2421.0254   18.8004
    0.0000  -30.0000   45.0000 2453.6624   18.6186
    7.5000  -30.0000   45.0000 2430.8606   18.8239
   -7.5000  -22.5000   45.0000 2469.6851   18.0325
    0.0000  -22.5000   45.0000 2507.1152   17.8517
    7.5000  -22.5000   45.0000 2490.6794   18.0495
   -7.5000  -15.0000   45.0000 2514.0715   17.5006
    0.0000  -15.0000   45.0000 2550.8047   17.2804
    7.5000  -15.0000   45.0000 2541.6479   17.4907
   -7.5000   -7.5000   45.0000 2555.0269   17.2207
    0.0000   -7.5000   45.0000 2596.2676   16.9251
    7.5000   -7.5000   45.0000 2589.2314   17.1400
   -7.5000    0.0000   45.0000 2584.9463   17.0945
    0.0000    0.0000   45.0000 2629.5090   16.7966
    7.5000    0.0000   45.0000 2621.6956   16.9795
   -7.5000    7.5000   45.0000 2604.5435   17.1832
    0.0000    7.5000   45.0000 2648.2781   16.8569
    7.5000    7.5000   45.0000 2638.0708   17.0171
   -7.5000   15.0000   45.0000 2605.4517   17.3683
    0.0000   15.0000   45.0000 2643.9717   17.0847
    7.5000   15.0000   45.0000 2636.4387   17.2543
   -7.5000   22.5000   45.0000 2579.8110   17.7570
    0.0000   22.5000   45.0000 2622.7344   17.5106
    7.5000   22.5000   45.0000 2618.8516   17.6765
   -7.5000   30.0000   45.0000 2529.3188   18.3465
    0.0000   30.0000   45.0000 2573.0781   18.0666
    7.5000   30.0000   45.0000 2567.5725   18.2186
   -7.5000   37.5000   45.0000 2457.5728   19.1738
    0.0000   37.5000   45.0000 2497.7686   18.8805
    7.5000   37.5000   45.0000 2493.1892   19.0140
   -7.5000   45.0000   45.0000 2367.6418   20.4653
    0.0000   45.0000   45.0000 2408.4788   20.1079
    7.5000   45.0000   45.0000 2398.6155   20.2282

---------------------------------------------------------------------
imgreg_4dfp /opt/freesurfer/average/711-2C_as_mni_average_305 /opt/freesurfer/average/711-2B_as_mni_average_305_mask talsrcimg_g11 none talsrcimg_to_711-2C_as_mni_average_305_t4 1283
---------------------------------------------------------------------

freesurfer imgreg_4dfp.c
/opt/freesurfer/average/711-2C_as_mni_average_305.4dfp.img
       256       256       256         1
  1.000000  1.000000  1.000000
orientation T byte_order littleendian
Reading image: /opt/freesurfer/average/711-2C_as_mni_average_305.4dfp.img
dimensions:      256       256       256
mmppix:       1.0000   -1.0000   -1.0000
center:     128.0000 -129.0000 -129.0000
/opt/freesurfer/average/711-2B_as_mni_average_305_mask.4dfp.img
       256       256       256         1
  1.000000  1.000000  1.000000
orientation T byte_order littleendian
Reading mask: /opt/freesurfer/average/711-2B_as_mni_average_305_mask.4dfp.img (2306576 pixels)
talsrcimg_g11.4dfp.img
       256       256       256         1
  1.000000  1.000000  1.000000
orientation T byte_order littleendian
Reading image: talsrcimg_g11.4dfp.img
dimensions:      256       256       256
mmppix:       1.0000   -1.0000   -1.0000
center:     128.0000 -129.0000 -129.0000
rotation matrix determinant  1.000000
fimgreg.f
image alignment mode   1283 decimal      503 hex
parameters
    0.0000   15.0000    7.5000    0.0000    0.0000    0.0000
eta,q 0.94847 14.21949
niter,ni,del,rscale     5    3   12.0000    1.2000
parameter  4 -0.641266 -> -0.500000 qaram    1.1500
parameters
    1.8240   17.3228   10.1209    3.4500   -2.5648   -1.9969
eta,q 0.95747 14.28811
  0.0809  0.0717  0.0633  0.0573  0.0468  0.0459
  0.0691  0.0624  0.0558  0.0538  0.0440  0.0437
  0.0580  0.0534  0.0512  0.0512  0.0432  0.0425
  0.0514  0.0498  0.0491  0.0488  0.0451  0.0432
  0.0500  0.0493  0.0487  0.0459  0.0490  0.0460
  0.0530  0.0499  0.0483  0.0452  0.0541  0.0506
  0.0594  0.0523  0.0495  0.0479  0.0600  0.0565
niter,ni,del,rscale     5    3   12.0000    1.2000
parameters
    2.1319   17.2710   10.3417    2.6974   -2.3904   -2.1717
eta,q 0.95753 14.28260
  0.0646  0.0562  0.0544  0.0512  0.0521  0.0487
  0.0535  0.0494  0.0493  0.0478  0.0474  0.0456
  0.0457  0.0448  0.0447  0.0436  0.0441  0.0436
  0.0425  0.0425  0.0425  0.0425  0.0425  0.0424
  0.0443  0.0437  0.0436  0.0453  0.0434  0.0430
  0.0510  0.0493  0.0476  0.0509  0.0465  0.0457
  0.0604  0.0575  0.0533  0.0557  0.0513  0.0501
niter,ni,del,rscale     4    3   12.0000    1.2000
parameters
    2.0836   17.4311   10.2632    2.5496   -2.3060   -2.1839
eta,q 0.95753 14.28436
  0.0622  0.0575  0.0531  0.0525  0.0519  0.0490
  0.0515  0.0499  0.0484  0.0490  0.0472  0.0458
  0.0446  0.0448  0.0445  0.0448  0.0440  0.0436
  0.0425  0.0425  0.0424  0.0425  0.0425  0.0425
  0.0453  0.0434  0.0437  0.0437  0.0436  0.0429
  0.0527  0.0486  0.0481  0.0492  0.0467  0.0454
  0.0621  0.0564  0.0545  0.0542  0.0516  0.0496
niter,ni,del,rscale     3    3   12.0000    1.2000
parameters
    2.0645   17.4798   10.2397    2.5202   -2.2881   -2.1871
eta,q 0.95753 14.28525
  0.0624  0.0570  0.0532  0.0528  0.0518  0.0490
  0.0516  0.0494  0.0485  0.0493  0.0471  0.0459
  0.0446  0.0445  0.0446  0.0451  0.0439  0.0437
  0.0425  0.0425  0.0424  0.0425  0.0425  0.0425
  0.0453  0.0437  0.0435  0.0434  0.0437  0.0429
  0.0525  0.0490  0.0479  0.0488  0.0469  0.0454
  0.0620  0.0568  0.0543  0.0540  0.0518  0.0496
registration optimization eta report
parameter search radius
    6.0000    6.0000    6.0000    6.9000    6.0000    6.0000
100000*second partial in parameter space
       54.       40.       31.       22.       25.       19.
  0.0624  0.0570  0.0532  0.0528  0.0518  0.0490
  0.0516  0.0494  0.0485  0.0493  0.0471  0.0459
  0.0446  0.0445  0.0446  0.0451  0.0439  0.0437
  0.0425  0.0425  0.0424  0.0425  0.0425  0.0425
  0.0453  0.0437  0.0435  0.0434  0.0437  0.0429
  0.0525  0.0490  0.0479  0.0488  0.0469  0.0454
  0.0620  0.0568  0.0543  0.0540  0.0518  0.0496
    2.0645   17.4798   10.2397    2.5202   -2.2881   -2.1871
eta,q 0.95753 14.28525

---------------------------------------------------------------------
imgreg_4dfp /opt/freesurfer/average/711-2C_as_mni_average_305 /opt/freesurfer/average/711-2B_as_mni_average_305_mask talsrcimg_g11 none talsrcimg_to_711-2C_as_mni_average_305_t4 3335
---------------------------------------------------------------------

freesurfer imgreg_4dfp.c
/opt/freesurfer/average/711-2C_as_mni_average_305.4dfp.img
       256       256       256         1
  1.000000  1.000000  1.000000
orientation T byte_order littleendian
Reading image: /opt/freesurfer/average/711-2C_as_mni_average_305.4dfp.img
dimensions:      256       256       256
mmppix:       1.0000   -1.0000   -1.0000
center:     128.0000 -129.0000 -129.0000
/opt/freesurfer/average/711-2B_as_mni_average_305_mask.4dfp.img
       256       256       256         1
  1.000000  1.000000  1.000000
orientation T byte_order littleendian
Reading mask: /opt/freesurfer/average/711-2B_as_mni_average_305_mask.4dfp.img (2306576 pixels)
talsrcimg_g11.4dfp.img
       256       256       256         1
  1.000000  1.000000  1.000000
orientation T byte_order littleendian
Reading image: talsrcimg_g11.4dfp.img
dimensions:      256       256       256
mmppix:       1.0000   -1.0000   -1.0000
center:     128.0000 -129.0000 -129.0000
fimgreg.f
image alignment mode   3335 decimal      D07 hex
parameters
    2.0645   17.4798   10.2397   -0.1525   -0.1762   -0.1764
    3.9879    3.8178   -3.8132   -4.5462   -3.9924    4.3937
eta,q 0.95876 14.32086
niter,ni,del,rscale     5    3    5.0000    1.2000
parameter  4  1.254469 ->  0.500000 qaram    1.1500
parameter  5  1.128044 ->  0.500000 qaram    1.1500
parameter  6  1.072236 ->  0.500000 qaram    1.1500
parameters
    2.0902   17.0857   10.2193   -4.2925   -4.3162   -4.3164
    5.0443    4.3847   -3.3248   -5.0204   -2.3567    4.7148
eta,q 0.97027 13.78264
  0.0450  0.0429  0.0432  0.0358  0.0337  0.0295  0.0345  0.0363  0.0325  0.0333  0.0329  0.0318
  0.0430  0.0417  0.0420  0.0368  0.0342  0.0299  0.0324  0.0334  0.0312  0.0312  0.0315  0.0308
  0.0417  0.0412  0.0413  0.0385  0.0354  0.0315  0.0309  0.0312  0.0303  0.0300  0.0305  0.0300
  0.0412  0.0412  0.0412  0.0412  0.0371  0.0345  0.0301  0.0300  0.0299  0.0299  0.0299  0.0297
  0.0416  0.0418  0.0415  0.0448  0.0394  0.0385  0.0301  0.0302  0.0301  0.0306  0.0298  0.0299
  0.0429  0.0428  0.0422  0.0492  0.0423  0.0434  0.0310  0.0318  0.0308  0.0321  0.0302  0.0305
  0.0449  0.0444  0.0432  0.0539  0.0459  0.0486  0.0326  0.0349  0.0319  0.0340  0.0311  0.0315
niter,ni,del,rscale     7    3    5.0000    1.2000
parameter  4  0.526531 ->  0.500000 qaram    1.3225
parameters
    1.9651   17.0063   10.1534   -9.0535   -7.1405   -7.4857
    4.8615    3.9427   -4.0459   -4.8344   -2.8358    6.2996
eta,q 0.97202 13.27389
  0.0335  0.0325  0.0322  0.0293  0.0300  0.0296  0.0312  0.0324  0.0298  0.0314  0.0295  0.0302
  0.0314  0.0309  0.0308  0.0288  0.0288  0.0286  0.0295  0.0300  0.0288  0.0296  0.0286  0.0292
  0.0301  0.0300  0.0300  0.0289  0.0283  0.0281  0.0285  0.0285  0.0282  0.0284  0.0282  0.0285
  0.0297  0.0297  0.0297  0.0297  0.0288  0.0283  0.0281  0.0281  0.0281  0.0281  0.0281  0.0281
  0.0304  0.0301  0.0301  0.0317  0.0301  0.0304  0.0286  0.0289  0.0285  0.0285  0.0284  0.0280
  0.0320  0.0312  0.0310  0.0349  0.0323  0.0343  0.0298  0.0308  0.0294  0.0295  0.0290  0.0283
  0.0344  0.0329  0.0325  0.0393  0.0351  0.0395  0.0314  0.0336  0.0306  0.0310  0.0299  0.0290
niter,ni,del,rscale     7    3    5.0000    1.2000
parameters
    2.0620   16.7044   10.2540   -8.8648   -7.4319   -8.4096
    4.9081    3.9771   -4.0261   -5.3109   -2.9422    7.0835
eta,q 0.97202 13.22111
  0.0321  0.0301  0.0302  0.0320  0.0310  0.0311  0.0312  0.0329  0.0301  0.0308  0.0295  0.0297
  0.0300  0.0287  0.0290  0.0299  0.0295  0.0296  0.0295  0.0304  0.0290  0.0291  0.0286  0.0289
  0.0285  0.0280  0.0282  0.0285  0.0284  0.0285  0.0284  0.0286  0.0283  0.0282  0.0281  0.0283
  0.0280  0.0280  0.0279  0.0279  0.0279  0.0279  0.0280  0.0280  0.0280  0.0280  0.0280  0.0280
  0.0283  0.0286  0.0281  0.0281  0.0283  0.0282  0.0284  0.0286  0.0283  0.0286  0.0282  0.0281
  0.0295  0.0298  0.0287  0.0293  0.0296  0.0302  0.0295  0.0303  0.0290  0.0298  0.0287  0.0284
  0.0315  0.0314  0.0298  0.0319  0.0317  0.0340  0.0311  0.0329  0.0301  0.0315  0.0296  0.0291
niter,ni,del,rscale     6    3    5.0000    1.2000
parameters
    2.0876   16.5676   10.2699   -8.8336   -7.4366   -8.6170
    4.9195    3.9789   -4.0270   -5.5243   -2.9355    7.3409
eta,q 0.97201 13.21082
  0.0319  0.0306  0.0299  0.0318  0.0312  0.0315  0.0312  0.0329  0.0301  0.0311  0.0295  0.0295
  0.0298  0.0291  0.0288  0.0298  0.0297  0.0299  0.0295  0.0304  0.0290  0.0293  0.0287  0.0287
  0.0285  0.0282  0.0282  0.0285  0.0285  0.0287  0.0284  0.0286  0.0283  0.0282  0.0281  0.0282
  0.0280  0.0280  0.0280  0.0280  0.0280  0.0280  0.0280  0.0280  0.0280  0.0280  0.0280  0.0280
  0.0284  0.0285  0.0282  0.0282  0.0283  0.0280  0.0284  0.0286  0.0282  0.0285  0.0282  0.0281
  0.0297  0.0296  0.0288  0.0294  0.0295  0.0294  0.0295  0.0303  0.0290  0.0297  0.0287  0.0286
  0.0317  0.0311  0.0299  0.0321  0.0315  0.0327  0.0311  0.0329  0.0301  0.0313  0.0295  0.0293
niter,ni,del,rscale     5    3    5.0000    1.2000
parameters
    2.0913   16.5189   10.2829   -8.8412   -7.4417   -8.6609
    4.9249    3.9741   -4.0375   -5.5956   -2.9319    7.4420
eta,q 0.97202 13.20765
  0.0318  0.0308  0.0299  0.0318  0.0312  0.0316  0.0312  0.0329  0.0301  0.0313  0.0295  0.0294
  0.0298  0.0292  0.0288  0.0298  0.0297  0.0300  0.0295  0.0304  0.0290  0.0294  0.0287  0.0287
  0.0284  0.0283  0.0282  0.0285  0.0286  0.0287  0.0284  0.0286  0.0283  0.0283  0.0281  0.0282
  0.0280  0.0280  0.0280  0.0280  0.0280  0.0280  0.0280  0.0280  0.0280  0.0280  0.0280  0.0280
  0.0284  0.0284  0.0282  0.0282  0.0283  0.0279  0.0284  0.0286  0.0282  0.0285  0.0282  0.0282
  0.0297  0.0295  0.0288  0.0295  0.0295  0.0293  0.0295  0.0303  0.0290  0.0296  0.0287  0.0286
  0.0318  0.0310  0.0299  0.0321  0.0315  0.0325  0.0311  0.0330  0.0302  0.0313  0.0295  0.0294
niter,ni,del,rscale     4    3    5.0000    1.2000
parameters
    2.0928   16.5018   10.2940   -8.8464   -7.4470   -8.6749
    4.9297    3.9737   -4.0452   -5.6214   -2.9205    7.4841
eta,q 0.97201 13.20632
  0.0318  0.0309  0.0299  0.0318  0.0312  0.0316  0.0312  0.0329  0.0301  0.0313  0.0295  0.0294
  0.0298  0.0293  0.0288  0.0298  0.0298  0.0300  0.0295  0.0304  0.0290  0.0295  0.0287  0.0287
  0.0284  0.0283  0.0282  0.0285  0.0286  0.0287  0.0284  0.0286  0.0283  0.0283  0.0281  0.0282
  0.0280  0.0280  0.0280  0.0280  0.0280  0.0280  0.0280  0.0280  0.0280  0.0280  0.0280  0.0280
  0.0284  0.0284  0.0282  0.0282  0.0283  0.0279  0.0284  0.0286  0.0282  0.0285  0.0282  0.0282
  0.0297  0.0294  0.0288  0.0295  0.0295  0.0292  0.0295  0.0303  0.0290  0.0296  0.0287  0.0286
  0.0318  0.0309  0.0299  0.0321  0.0315  0.0325  0.0311  0.0330  0.0302  0.0312  0.0295  0.0294
registration optimization eta report
parameter search radius
    2.4000    2.4000    2.4000    9.5220    8.2800    8.2800
    7.2000    7.2000    7.2000    7.2000    7.2000    7.2000
100000*second partial in parameter space
       66.       50.       33.        4.        5.        6.
        6.       10.        4.        6.        3.        3.
  0.0318  0.0309  0.0299  0.0318  0.0312  0.0316  0.0312  0.0329  0.0301  0.0313  0.0295  0.0294
  0.0298  0.0293  0.0288  0.0298  0.0298  0.0300  0.0295  0.0304  0.0290  0.0295  0.0287  0.0287
  0.0284  0.0283  0.0282  0.0285  0.0286  0.0287  0.0284  0.0286  0.0283  0.0283  0.0281  0.0282
  0.0280  0.0280  0.0280  0.0280  0.0280  0.0280  0.0280  0.0280  0.0280  0.0280  0.0280  0.0280
  0.0284  0.0284  0.0282  0.0282  0.0283  0.0279  0.0284  0.0286  0.0282  0.0285  0.0282  0.0282
  0.0297  0.0294  0.0288  0.0295  0.0295  0.0292  0.0295  0.0303  0.0290  0.0296  0.0287  0.0286
  0.0318  0.0309  0.0299  0.0321  0.0315  0.0325  0.0311  0.0330  0.0302  0.0312  0.0295  0.0294
    2.0928   16.5018   10.2940   -8.8464   -7.4470   -8.6749
    4.9297    3.9737   -4.0452   -5.6214   -2.9205    7.4841
eta,q 0.97201 13.20632

---------------------------------------------------------------------
imgreg_4dfp /opt/freesurfer/average/711-2C_as_mni_average_305 /opt/freesurfer/average/711-2B_as_mni_average_305_mask talsrcimg_g11 none talsrcimg_to_711-2C_as_mni_average_305_t4 2311
---------------------------------------------------------------------

freesurfer imgreg_4dfp.c
/opt/freesurfer/average/711-2C_as_mni_average_305.4dfp.img
       256       256       256         1
  1.000000  1.000000  1.000000
orientation T byte_order littleendian
Reading image: /opt/freesurfer/average/711-2C_as_mni_average_305.4dfp.img
dimensions:      256       256       256
mmppix:       1.0000   -1.0000   -1.0000
center:     128.0000 -129.0000 -129.0000
/opt/freesurfer/average/711-2B_as_mni_average_305_mask.4dfp.img
       256       256       256         1
  1.000000  1.000000  1.000000
orientation T byte_order littleendian
Reading mask: /opt/freesurfer/average/711-2B_as_mni_average_305_mask.4dfp.img (2306576 pixels)
talsrcimg_g11.4dfp.img
       256       256       256         1
  1.000000  1.000000  1.000000
orientation T byte_order littleendian
Reading image: talsrcimg_g11.4dfp.img
dimensions:      256       256       256
mmppix:       1.0000   -1.0000   -1.0000
center:     128.0000 -129.0000 -129.0000
fimgreg.f
image alignment mode   2311 decimal      907 hex
parameters
    2.0928   16.5018   10.2940   -8.8464   -7.4471   -8.6749
    4.9297    3.9737   -4.0452   -5.6214   -2.9205    7.4841
eta,q 0.97201 13.20632
niter,ni,del,rscale     5    3    5.0000    0.8000
parameters
    2.0983   16.4723   10.2881   -8.3372   -7.1360   -7.6265
    4.9608    4.0745   -3.8778   -5.6876   -2.8224    7.2744
eta,q 0.97219 13.30902
  0.0298  0.0293  0.0288  0.0291  0.0294  0.0296  0.0294  0.0304  0.0289  0.0295  0.0286  0.0285
  0.0288  0.0286  0.0284  0.0285  0.0287  0.0289  0.0285  0.0290  0.0283  0.0285  0.0282  0.0281
  0.0282  0.0281  0.0281  0.0282  0.0282  0.0284  0.0280  0.0281  0.0280  0.0280  0.0279  0.0279
  0.0280  0.0280  0.0280  0.0280  0.0280  0.0280  0.0278  0.0278  0.0278  0.0278  0.0278  0.0278
  0.0282  0.0282  0.0281  0.0280  0.0281  0.0278  0.0280  0.0281  0.0279  0.0280  0.0279  0.0279
  0.0288  0.0287  0.0284  0.0282  0.0285  0.0280  0.0285  0.0289  0.0282  0.0286  0.0281  0.0282
  0.0297  0.0294  0.0288  0.0287  0.0291  0.0287  0.0293  0.0302  0.0288  0.0295  0.0285  0.0286
niter,ni,del,rscale     4    3    5.0000    0.7000
parameters
    2.0708   16.4986   10.3230   -8.3840   -7.0864   -7.5033
    4.9267    4.0542   -3.8821   -5.6722   -2.8318    7.2465
eta,q 0.97219 13.31513
  0.0291  0.0289  0.0286  0.0285  0.0289  0.0289  0.0290  0.0297  0.0286  0.0291  0.0284  0.0284
  0.0284  0.0283  0.0282  0.0281  0.0283  0.0284  0.0283  0.0286  0.0282  0.0284  0.0281  0.0281
  0.0280  0.0280  0.0279  0.0279  0.0280  0.0281  0.0279  0.0280  0.0279  0.0279  0.0279  0.0279
  0.0278  0.0278  0.0278  0.0278  0.0278  0.0278  0.0278  0.0278  0.0278  0.0278  0.0278  0.0278
  0.0280  0.0279  0.0279  0.0279  0.0279  0.0278  0.0280  0.0280  0.0279  0.0280  0.0279  0.0279
  0.0285  0.0283  0.0281  0.0281  0.0283  0.0282  0.0284  0.0287  0.0282  0.0284  0.0281  0.0281
  0.0293  0.0289  0.0285  0.0286  0.0288  0.0290  0.0290  0.0297  0.0286  0.0291  0.0284  0.0284
niter,ni,del,rscale     3    3    5.0000    0.6000
parameters
    2.0687   16.5040   10.3297   -8.3773   -7.0869   -7.3605
    4.9382    4.0623   -3.8494   -5.6808   -2.8096    7.2216
eta,q 0.97220 13.32307
  0.0288  0.0286  0.0284  0.0283  0.0286  0.0286  0.0287  0.0292  0.0284  0.0288  0.0282  0.0282
  0.0283  0.0282  0.0281  0.0280  0.0282  0.0283  0.0282  0.0284  0.0281  0.0282  0.0280  0.0280
  0.0279  0.0279  0.0279  0.0279  0.0279  0.0280  0.0279  0.0279  0.0279  0.0279  0.0278  0.0278
  0.0278  0.0278  0.0278  0.0278  0.0278  0.0278  0.0278  0.0278  0.0278  0.0278  0.0278  0.0278
  0.0279  0.0279  0.0279  0.0279  0.0279  0.0278  0.0279  0.0279  0.0279  0.0279  0.0278  0.0278
  0.0283  0.0282  0.0280  0.0280  0.0282  0.0281  0.0282  0.0284  0.0281  0.0282  0.0280  0.0280
  0.0288  0.0286  0.0283  0.0283  0.0286  0.0286  0.0287  0.0292  0.0284  0.0288  0.0282  0.0282
niter,ni,del,rscale     2    3    5.0000    0.5000
parameters
    2.0627   16.5045   10.3351   -8.3721   -7.0868   -7.2085
    4.9431    4.0718   -3.8348   -5.6856   -2.7960    7.1642
eta,q 0.97221 13.33102
  0.0285  0.0284  0.0282  0.0282  0.0284  0.0284  0.0284  0.0288  0.0282  0.0285  0.0281  0.0281
  0.0281  0.0281  0.0280  0.0280  0.0281  0.0281  0.0281  0.0282  0.0280  0.0281  0.0279  0.0279
  0.0279  0.0279  0.0278  0.0278  0.0279  0.0279  0.0279  0.0279  0.0278  0.0279  0.0278  0.0278
  0.0278  0.0278  0.0278  0.0278  0.0278  0.0278  0.0278  0.0278  0.0278  0.0278  0.0278  0.0278
  0.0279  0.0279  0.0278  0.0278  0.0279  0.0278  0.0279  0.0279  0.0278  0.0279  0.0278  0.0278
  0.0281  0.0281  0.0280  0.0279  0.0281  0.0280  0.0281  0.0282  0.0280  0.0281  0.0279  0.0279
  0.0285  0.0284  0.0282  0.0282  0.0284  0.0284  0.0284  0.0288  0.0282  0.0285  0.0281  0.0281
niter,ni,del,rscale     1    3    5.0000    0.4000
parameters
    2.0604   16.5082   10.3469   -8.3875   -7.1036   -7.0813
    4.9336    4.0821   -3.8189   -5.6923   -2.7608    7.1563
eta,q 0.97222 13.33592
  0.0282  0.0282  0.0280  0.0280  0.0282  0.0282  0.0282  0.0284  0.0281  0.0282  0.0280  0.0280
  0.0280  0.0280  0.0279  0.0279  0.0280  0.0280  0.0280  0.0281  0.0279  0.0280  0.0279  0.0279
  0.0278  0.0278  0.0278  0.0278  0.0278  0.0279  0.0278  0.0279  0.0278  0.0278  0.0278  0.0278
  0.0278  0.0278  0.0278  0.0278  0.0278  0.0278  0.0278  0.0278  0.0278  0.0278  0.0278  0.0278
  0.0278  0.0278  0.0278  0.0278  0.0278  0.0278  0.0278  0.0278  0.0278  0.0278  0.0278  0.0278
  0.0280  0.0280  0.0279  0.0279  0.0280  0.0279  0.0280  0.0281  0.0279  0.0280  0.0279  0.0279
  0.0283  0.0282  0.0280  0.0280  0.0282  0.0282  0.0282  0.0284  0.0280  0.0282  0.0280  0.0280
registration optimization eta report
parameter search radius
    0.8000    0.8000    0.8000    2.4000    2.4000    2.4000
    2.4000    2.4000    2.4000    2.4000    2.4000    2.4000
100000*second partial in parameter space
       72.       57.       38.        4.        6.        7.
        7.       11.        5.        7.        3.        3.
  0.0282  0.0282  0.0280  0.0280  0.0282  0.0282  0.0282  0.0284  0.0281  0.0282  0.0280  0.0280
  0.0280  0.0280  0.0279  0.0279  0.0280  0.0280  0.0280  0.0281  0.0279  0.0280  0.0279  0.0279
  0.0278  0.0278  0.0278  0.0278  0.0278  0.0279  0.0278  0.0279  0.0278  0.0278  0.0278  0.0278
  0.0278  0.0278  0.0278  0.0278  0.0278  0.0278  0.0278  0.0278  0.0278  0.0278  0.0278  0.0278
  0.0278  0.0278  0.0278  0.0278  0.0278  0.0278  0.0278  0.0278  0.0278  0.0278  0.0278  0.0278
  0.0280  0.0280  0.0279  0.0279  0.0280  0.0279  0.0280  0.0281  0.0279  0.0280  0.0279  0.0279
  0.0283  0.0282  0.0280  0.0280  0.0282  0.0282  0.0282  0.0284  0.0280  0.0282  0.0280  0.0280
    2.0604   16.5082   10.3469   -8.3875   -7.1036   -7.0813
    4.9336    4.0821   -3.8189   -5.6923   -2.7608    7.1563
eta,q 0.97222 13.33592

---------------------------------------------------------------------
imgreg_4dfp /opt/freesurfer/average/711-2C_as_mni_average_305 /opt/freesurfer/average/711-2B_as_mni_average_305_mask talsrcimg_g11 none talsrcimg_to_711-2C_as_mni_average_305_t4 2311
---------------------------------------------------------------------

freesurfer imgreg_4dfp.c
/opt/freesurfer/average/711-2C_as_mni_average_305.4dfp.img
       256       256       256         1
  1.000000  1.000000  1.000000
orientation T byte_order littleendian
Reading image: /opt/freesurfer/average/711-2C_as_mni_average_305.4dfp.img
dimensions:      256       256       256
mmppix:       1.0000   -1.0000   -1.0000
center:     128.0000 -129.0000 -129.0000
/opt/freesurfer/average/711-2B_as_mni_average_305_mask.4dfp.img
       256       256       256         1
  1.000000  1.000000  1.000000
orientation T byte_order littleendian
Reading mask: /opt/freesurfer/average/711-2B_as_mni_average_305_mask.4dfp.img (2306576 pixels)
talsrcimg_g11.4dfp.img
       256       256       256         1
  1.000000  1.000000  1.000000
orientation T byte_order littleendian
Reading image: talsrcimg_g11.4dfp.img
dimensions:      256       256       256
mmppix:       1.0000   -1.0000   -1.0000
center:     128.0000 -129.0000 -129.0000
fimgreg.f
image alignment mode   2311 decimal      907 hex
parameters
    2.0604   16.5082   10.3469   -8.3875   -7.1036   -7.0813
    4.9336    4.0821   -3.8189   -5.6923   -2.7608    7.1563
eta,q 0.97222 13.33592
niter,ni,del,rscale     5    3    5.0000    0.8000
parameters
    2.0532   16.5115   10.3617   -8.4786   -7.1250   -7.5758
    4.9144    4.0257   -3.9196   -5.6242   -2.8680    7.3004
eta,q 0.97219 13.30419
  0.0296  0.0292  0.0288  0.0287  0.0291  0.0290  0.0293  0.0302  0.0288  0.0296  0.0285  0.0286
  0.0286  0.0284  0.0282  0.0282  0.0284  0.0284  0.0285  0.0289  0.0283  0.0286  0.0281  0.0282
  0.0280  0.0279  0.0279  0.0279  0.0279  0.0280  0.0280  0.0281  0.0279  0.0280  0.0279  0.0279
  0.0278  0.0278  0.0278  0.0278  0.0278  0.0278  0.0278  0.0278  0.0278  0.0278  0.0278  0.0278
  0.0280  0.0280  0.0279  0.0279  0.0280  0.0279  0.0280  0.0281  0.0279  0.0280  0.0279  0.0279
  0.0286  0.0284  0.0282  0.0282  0.0284  0.0286  0.0285  0.0290  0.0283  0.0286  0.0282  0.0281
  0.0296  0.0292  0.0288  0.0288  0.0292  0.0299  0.0293  0.0303  0.0289  0.0294  0.0286  0.0285
niter,ni,del,rscale     4    3    5.0000    0.7000
parameters
    2.0726   16.5003   10.3414   -8.4029   -7.1035   -7.5160
    4.9319    4.0540   -3.8607   -5.6746   -2.8603    7.2722
eta,q 0.97219 13.31268
  0.0292  0.0289  0.0285  0.0285  0.0289  0.0289  0.0290  0.0297  0.0286  0.0291  0.0284  0.0284
  0.0285  0.0283  0.0281  0.0281  0.0283  0.0284  0.0284  0.0287  0.0282  0.0283  0.0281  0.0281
  0.0280  0.0279  0.0279  0.0279  0.0279  0.0280  0.0279  0.0280  0.0279  0.0279  0.0279  0.0279
  0.0278  0.0278  0.0278  0.0278  0.0278  0.0278  0.0278  0.0278  0.0278  0.0278  0.0278  0.0278
  0.0279  0.0279  0.0279  0.0279  0.0279  0.0278  0.0279  0.0280  0.0279  0.0280  0.0279  0.0279
  0.0284  0.0283  0.0282  0.0281  0.0283  0.0282  0.0283  0.0286  0.0281  0.0284  0.0281  0.0281
  0.0292  0.0289  0.0286  0.0285  0.0288  0.0290  0.0290  0.0297  0.0286  0.0291  0.0284  0.0284
niter,ni,del,rscale     3    3    5.0000    0.6000
parameters
    2.0706   16.4974   10.3343   -8.3756   -7.0858   -7.3649
    4.9300    4.0676   -3.8418   -5.6901   -2.8060    7.2296
eta,q 0.97220 13.32288
  0.0288  0.0286  0.0283  0.0283  0.0286  0.0286  0.0287  0.0292  0.0284  0.0288  0.0282  0.0282
  0.0283  0.0282  0.0280  0.0280  0.0282  0.0283  0.0282  0.0284  0.0281  0.0282  0.0280  0.0280
  0.0279  0.0279  0.0279  0.0279  0.0279  0.0280  0.0279  0.0280  0.0279  0.0279  0.0278  0.0278
  0.0278  0.0278  0.0278  0.0278  0.0278  0.0278  0.0278  0.0278  0.0278  0.0278  0.0278  0.0278
  0.0279  0.0279  0.0279  0.0279  0.0279  0.0278  0.0279  0.0279  0.0279  0.0279  0.0278  0.0278
  0.0283  0.0282  0.0281  0.0280  0.0282  0.0281  0.0282  0.0284  0.0281  0.0282  0.0280  0.0280
  0.0288  0.0286  0.0284  0.0283  0.0286  0.0286  0.0287  0.0292  0.0284  0.0288  0.0282  0.0282
niter,ni,del,rscale     2    3    5.0000    0.5000
parameters
    2.0641   16.5017   10.3403   -8.3639   -7.0929   -7.2063
    4.9396    4.0695   -3.8330   -5.6926   -2.7984    7.1826
eta,q 0.97221 13.33133
  0.0285  0.0284  0.0282  0.0282  0.0284  0.0284  0.0284  0.0288  0.0282  0.0285  0.0281  0.0281
  0.0281  0.0281  0.0280  0.0279  0.0280  0.0281  0.0281  0.0282  0.0280  0.0281  0.0279  0.0279
  0.0279  0.0279  0.0278  0.0278  0.0279  0.0279  0.0279  0.0279  0.0278  0.0279  0.0278  0.0278
  0.0278  0.0278  0.0278  0.0278  0.0278  0.0278  0.0278  0.0278  0.0278  0.0278  0.0278  0.0278
  0.0279  0.0279  0.0278  0.0278  0.0279  0.0278  0.0279  0.0279  0.0278  0.0279  0.0278  0.0278
  0.0281  0.0281  0.0280  0.0279  0.0281  0.0280  0.0281  0.0282  0.0280  0.0281  0.0279  0.0279
  0.0285  0.0284  0.0282  0.0282  0.0284  0.0284  0.0284  0.0288  0.0282  0.0285  0.0281  0.0281
niter,ni,del,rscale     1    3    5.0000    0.4000
parameters
    2.0591   16.5075   10.3435   -8.3755   -7.0997   -7.0830
    4.9410    4.0806   -3.8196   -5.6965   -2.7664    7.1498
eta,q 0.97222 13.33669
  0.0282  0.0282  0.0280  0.0280  0.0282  0.0282  0.0282  0.0284  0.0281  0.0282  0.0280  0.0280
  0.0280  0.0280  0.0279  0.0279  0.0280  0.0280  0.0280  0.0281  0.0279  0.0280  0.0279  0.0279
  0.0278  0.0278  0.0278  0.0278  0.0278  0.0279  0.0278  0.0279  0.0278  0.0278  0.0278  0.0278
  0.0278  0.0278  0.0278  0.0278  0.0278  0.0278  0.0278  0.0278  0.0278  0.0278  0.0278  0.0278
  0.0278  0.0278  0.0278  0.0278  0.0278  0.0278  0.0278  0.0278  0.0278  0.0278  0.0278  0.0278
  0.0280  0.0280  0.0279  0.0279  0.0280  0.0279  0.0280  0.0281  0.0279  0.0280  0.0279  0.0279
  0.0283  0.0281  0.0280  0.0280  0.0282  0.0282  0.0282  0.0284  0.0280  0.0282  0.0280  0.0280
registration optimization eta report
parameter search radius
    0.8000    0.8000    0.8000    2.4000    2.4000    2.4000
    2.4000    2.4000    2.4000    2.4000    2.4000    2.4000
100000*second partial in parameter space
       72.       57.       38.        4.        6.        7.
        7.       11.        5.        7.        3.        3.
  0.0282  0.0282  0.0280  0.0280  0.0282  0.0282  0.0282  0.0284  0.0281  0.0282  0.0280  0.0280
  0.0280  0.0280  0.0279  0.0279  0.0280  0.0280  0.0280  0.0281  0.0279  0.0280  0.0279  0.0279
  0.0278  0.0278  0.0278  0.0278  0.0278  0.0279  0.0278  0.0279  0.0278  0.0278  0.0278  0.0278
  0.0278  0.0278  0.0278  0.0278  0.0278  0.0278  0.0278  0.0278  0.0278  0.0278  0.0278  0.0278
  0.0278  0.0278  0.0278  0.0278  0.0278  0.0278  0.0278  0.0278  0.0278  0.0278  0.0278  0.0278
  0.0280  0.0280  0.0279  0.0279  0.0280  0.0279  0.0280  0.0281  0.0279  0.0280  0.0279  0.0279
  0.0283  0.0281  0.0280  0.0280  0.0282  0.0282  0.0282  0.0284  0.0280  0.0282  0.0280  0.0280
    2.0591   16.5075   10.3435   -8.3755   -7.0997   -7.0830
    4.9410    4.0806   -3.8196   -5.6965   -2.7664    7.1498
eta,q 0.97222 13.33669

---------------------------------------------------------------------
compute_vox2vox talsrcimg talsrcimg_to_711-2C_as_mni_average_305_t4 /opt/freesurfer/average/711-2C_as_mni_average_305
---------------------------------------------------------------------

freesurfer compute_vox2vox.c
Reading: talsrcimg.4dfp.ifh
Reading: talsrcimg_to_711-2C_as_mni_average_305_t4
Reading: /opt/freesurfer/average/711-2C_as_mni_average_305.4dfp.ifh
Writing: talsrcimg_to_711-2C_as_mni_average_305_t4_vox2vox.txt

start time Tue Mar 10 04:23:54 CET 2026
end		time Tue Mar 10 04:24:08 CET 2026

mpr2mni305 success

avi2talxfm orig_nu.mgz /opt/freesurfer/average/mni305.cor.mgz talsrcimg_to_711-2C_as_mni_average_305_t4_vox2vox.txt transforms/talairach.auto.xfm
avi2talxfm done
mv -f /out/sourcedata/freesurfer/sub-v1s5x0050738_ses-1/mri/talsrcimg_to_711-2C_as_mni_average_305_t4_vox2vox.txt /out/sourcedata/freesurfer/sub-v1s5x0050738_ses-1/mri/transforms/talsrcimg_to_711-2C_as_mni_average_305_t4_vox2vox.txt
lta_convert --src orig_nu.mgz --trg /opt/freesurfer/average/mni305.cor.mgz --inxfm transforms/talairach.auto.xfm --outlta transforms/talairach.auto.xfm.lta --subject fsaverage
7.3.2

--src: orig_nu.mgz src image (geometry).
--trg: /opt/freesurfer/average/mni305.cor.mgz trg image (geometry).
--inmni: transforms/talairach.auto.xfm input MNI/XFM transform.
--outlta: transforms/talairach.auto.xfm.lta output LTA.
--s: fsaverage subject name
 LTA read, type : 1
 1.08762  -0.05107  -0.05392  -5.13170;
 0.02881   1.06982  -0.08387  -9.46588;
 0.04648   0.06350   1.06906  -25.00150;
 0.00000   0.00000   0.00000   1.00000;
setting subject to fsaverage
Writing  LTA to file transforms/talairach.auto.xfm.lta...
lta_convert successful.
 
 
Started at Tue Mar 10 04:23:54 CET 2026
Ended   at Tue Mar 10 04:24:08 CET 2026
talairach_avi done
