/out/sourcedata/freesurfer/sub-v1s5x0050732_ses-1/mri
/opt/freesurfer/bin/talairach_avi
--i orig_nu.mgz --xfm transforms/talairach.auto.xfm
talairach_avi 7.3.2
Linux dna078 5.14.0-427.37.1.el9_4.x86_64 #1 SMP PREEMPT_DYNAMIC Fri Sep 13 12:41:50 EDT 2024 x86_64 x86_64 x86_64 GNU/Linux
Tue Mar 10 03:47:23 CET 2026
mri_convert orig_nu.mgz talsrcimg.img 
reading from orig_nu.mgz...
TR=0.00, TE=0.00, TI=0.00, flip angle=0.00
i_ras = (-1, -2.50293e-09, -1.86265e-09)
j_ras = (-1.86265e-09, -9.31323e-10, -1)
k_ras = (-1.23691e-09, 1, 0)
writing to talsrcimg.img...
Analyze Output Matrix
-1.00000  -0.00000  -0.00000   130.63434;
-0.00000  -0.00000   1.00000  -112.35518;
-0.00000  -1.00000   0.00000   107.54852;
 0.00000   0.00000   0.00000   1.00000;
--------------------
INFO: set hdr.hist.orient to -1
mpr2mni305 talsrcimg
Tue Mar 10 03:47:23 CET 2026
/opt/freesurfer/bin/mpr2mni305 talsrcimg
mpr2mni305 7.3.2
target=711-2C_as_mni_average_305

---------------------------------------------------------------------
analyzeto4dfp talsrcimg -O0 -y
---------------------------------------------------------------------

freesurfer ifh2hdr.c
Tue Mar 10 03:47:23 2026
Writing: talsrcimg.4dfp.hdr
freesurfer analyzeto4dfp.c
Reading: talsrcimg.hdr
header size 348 bytes
hdr.dime.datatype	offset=70	value=2
hdr.dime.bitpix		offset=72	value=8
hdr.hist.orient		offset=252	value=-1
dimensionality     4
dimensions       256       256       256         1
Reading: talsrcimg.img
Writing: talsrcimg.4dfp.img
Writing: talsrcimg.4dfp.ifh
ifh2hdr talsrcimg -r0to246
ori=2

---------------------------------------------------------------------
gauss_4dfp talsrcimg 1.1
---------------------------------------------------------------------

freesurfer gauss_4dfp.c
Reading: talsrcimg.4dfp.img
Writing: talsrcimg_g11.4dfp.img
image dimensions 256 256 256 padded to 288 288 288
processing volume 1freesurfer ifh2hdr.c
Tue Mar 10 03:47:25 2026
Writing: talsrcimg_g11.4dfp.hdr

Writing: talsrcimg_g11.4dfp.ifh
including: talsrcimg.4dfp.img.rec in talsrcimg_g11.4dfp.img.rec

---------------------------------------------------------------------
imgreg_4dfp /opt/freesurfer/average/711-2C_as_mni_average_305 none talsrcimg_g11 none talsrcimg_to_711-2C_as_mni_average_305_t4 4355
---------------------------------------------------------------------

freesurfer imgreg_4dfp.c
/opt/freesurfer/average/711-2C_as_mni_average_305.4dfp.img
       256       256       256         1
  1.000000  1.000000  1.000000
orientation T byte_order littleendian
Reading image: /opt/freesurfer/average/711-2C_as_mni_average_305.4dfp.img
dimensions:      256       256       256
mmppix:       1.0000   -1.0000   -1.0000
center:     128.0000 -129.0000 -129.0000
talsrcimg_g11.4dfp.img
       256       256       256         1
  1.000000  1.000000  1.000000
orientation T byte_order littleendian
Reading image: talsrcimg_g11.4dfp.img
dimensions:      256       256       256
mmppix:       1.0000   -1.0000   -1.0000
center:     128.0000 -129.0000 -129.0000
t4_read: open error in t4_sub.f l:  41 t4_file(1:l)talsrcimg_to_711-2C_as_mni_average_305_t4 
t4_read: transform initialized to I4
rotation matrix determinant  1.000000
image alignment mode   4355 decimal     1103 hex
   -7.5000  -45.0000  -45.0000 7676.8145   16.0028
    0.0000  -45.0000  -45.0000 7985.8525   15.9660
    7.5000  -45.0000  -45.0000 7664.3970   15.9523
   -7.5000  -37.5000  -45.0000 8103.2510   15.6741
    0.0000  -37.5000  -45.0000 8440.5977   15.6523
    7.5000  -37.5000  -45.0000 8095.4980   15.6399
   -7.5000  -30.0000  -45.0000 8881.5615   15.4960
    0.0000  -30.0000  -45.0000 9266.2705   15.4792
    7.5000  -30.0000  -45.0000 8882.4082   15.4650
   -7.5000  -22.5000  -45.0000 9740.6943   15.3993
    0.0000  -22.5000  -45.000010153.1240   15.3717
    7.5000  -22.5000  -45.0000 9697.6416   15.3548
   -7.5000  -15.0000  -45.000010636.3096   15.3843
    0.0000  -15.0000  -45.000011103.5293   15.3430
    7.5000  -15.0000  -45.000010606.9062   15.3248
   -7.5000   -7.5000  -45.000011415.7188   15.3861
    0.0000   -7.5000  -45.000011898.4355   15.3422
    7.5000   -7.5000  -45.000011336.1416   15.3258
   -7.5000    0.0000  -45.000011928.0098   15.3859
    0.0000    0.0000  -45.000012437.5273   15.3518
    7.5000    0.0000  -45.000011850.1172   15.3390
   -7.5000    7.5000  -45.000011494.2178   15.3839
    0.0000    7.5000  -45.000012002.0918   15.3635
    7.5000    7.5000  -45.000011434.8945   15.3518
   -7.5000   15.0000  -45.000010934.5596   15.3827
    0.0000   15.0000  -45.000011424.4971   15.3662
    7.5000   15.0000  -45.000010870.5146   15.3524
   -7.5000   22.5000  -45.000010360.9307   15.3808
    0.0000   22.5000  -45.000010807.2354   15.3533
    7.5000   22.5000  -45.000010277.4932   15.3365
   -7.5000   30.0000  -45.0000 9735.7246   15.1793
    0.0000   30.0000  -45.000010143.2119   15.1386
    7.5000   30.0000  -45.0000 9615.7939   15.1206
   -7.5000   37.5000  -45.0000 9425.7344   15.2341
    0.0000   37.5000  -45.0000 9862.7012   15.1901
    7.5000   37.5000  -45.0000 9314.7637   15.1744
   -7.5000   45.0000  -45.0000 8877.3096   15.1778
    0.0000   45.0000  -45.0000 9281.6885   15.1449
    7.5000   45.0000  -45.0000 8766.0469   15.1358
   -7.5000  -45.0000  -37.5000 8145.5654   15.8659
    0.0000  -45.0000  -37.5000 8487.7578   15.8284
    7.5000  -45.0000  -37.5000 8149.2129   15.8013
   -7.5000  -37.5000  -37.5000 8592.2246   15.5346
    0.0000  -37.5000  -37.5000 8972.4180   15.5146
    7.5000  -37.5000  -37.5000 8606.4014   15.4936
   -7.5000  -30.0000  -37.5000 9439.5439   15.3583
    0.0000  -30.0000  -37.5000 9870.3740   15.3444
    7.5000  -30.0000  -37.5000 9453.9248   15.3258
   -7.5000  -22.5000  -37.500010405.4121   15.2702
    0.0000  -22.5000  -37.500010877.9502   15.2438
    7.5000  -22.5000  -37.500010375.3975   15.2219
   -7.5000  -15.0000  -37.500011396.9629   15.2625
    0.0000  -15.0000  -37.500011899.6113   15.2197
    7.5000  -15.0000  -37.500011353.3662   15.1920
   -7.5000   -7.5000  -37.500012217.6777   15.2639
    0.0000   -7.5000  -37.500012764.4521   15.2177
    7.5000   -7.5000  -37.500012136.0234   15.1884
   -7.5000    0.0000  -37.500012735.4639   15.2573
    0.0000    0.0000  -37.500013336.5293   15.2224
    7.5000    0.0000  -37.500012651.2881   15.1970
   -7.5000    7.5000  -37.500012263.0635   15.2487
    0.0000    7.5000  -37.500012840.5400   15.2298
    7.5000    7.5000  -37.500012188.4248   15.2097
   -7.5000   15.0000  -37.500011641.7061   15.2468
    0.0000   15.0000  -37.500012207.1357   15.2332
    7.5000   15.0000  -37.500011590.0947   15.2149
   -7.5000   22.5000  -37.500011015.2891   15.2520
    0.0000   22.5000  -37.500011520.7119   15.2257
    7.5000   22.5000  -37.500010931.4189   15.2038
   -7.5000   30.0000  -37.500010326.0771   15.0591
    0.0000   30.0000  -37.500010775.2041   15.0169
    7.5000   30.0000  -37.500010190.3369   14.9896
   -7.5000   37.5000  -37.500010022.8496   15.1147
    0.0000   37.5000  -37.500010481.1562   15.0686
    7.5000   37.5000  -37.5000 9856.7002   15.0404
   -7.5000   45.0000  -37.5000 9427.2275   15.0545
    0.0000   45.0000  -37.5000 9855.6133   15.0207
    7.5000   45.0000  -37.5000 9271.2344   14.9983
   -7.5000  -45.0000  -30.0000 8678.4883   16.5034
    0.0000  -45.0000  -30.0000 9091.8516   16.4657
    7.5000  -45.0000  -30.0000 8704.0254   16.4351
   -7.5000  -37.5000  -30.0000 9185.3320   16.1528
    0.0000  -37.5000  -30.0000 9635.8145   16.1346
    7.5000  -37.5000  -30.0000 9221.6035   16.1122
   -7.5000  -30.0000  -30.000010138.0039   15.9698
    0.0000  -30.0000  -30.000010615.4502   15.9575
    7.5000  -30.0000  -30.000010181.2002   15.9387
   -7.5000  -22.5000  -30.000011240.2285   15.8871
    0.0000  -22.5000  -30.000011746.9180   15.8607
    7.5000  -22.5000  -30.000011209.8242   15.8367
   -7.5000  -15.0000  -30.000012340.4648   15.8877
    0.0000  -15.0000  -30.000012893.9229   15.8430
    7.5000  -15.0000  -30.000012263.2490   15.8105
   -7.5000   -7.5000  -30.000013175.9883   15.8880
    0.0000   -7.5000  -30.000013794.4766   15.8399
    7.5000   -7.5000  -30.000013087.9209   15.8052
   -7.5000    0.0000  -30.000013728.1807   15.8723
    0.0000    0.0000  -30.000014389.9404   15.8374
    7.5000    0.0000  -30.000013618.0527   15.8082
   -7.5000    7.5000  -30.000013224.2969   15.8559
    0.0000    7.5000  -30.000013837.1660   15.8386
    7.5000    7.5000  -30.000013094.5547   15.8170
   -7.5000   15.0000  -30.000012562.2178   15.8542
    0.0000   15.0000  -30.000013173.2959   15.8422
    7.5000   15.0000  -30.000012469.4336   15.8237
   -7.5000   22.5000  -30.000011869.6768   15.8666
    0.0000   22.5000  -30.000012429.1562   15.8403
    7.5000   22.5000  -30.000011756.5215   15.8163
   -7.5000   30.0000  -30.000011091.2373   15.6775
    0.0000   30.0000  -30.000011597.5107   15.6333
    7.5000   30.0000  -30.000010937.5400   15.6013
   -7.5000   37.5000  -30.000010725.4189   15.7359
    0.0000   37.5000  -30.000011230.1221   15.6879
    7.5000   37.5000  -30.000010581.7764   15.6545
   -7.5000   45.0000  -30.000010103.7402   15.6764
    0.0000   45.0000  -30.000010576.2471   15.6436
    7.5000   45.0000  -30.0000 9956.5264   15.6186
   -7.5000  -45.0000  -22.5000 9257.2471   17.0962
    0.0000  -45.0000  -22.5000 9687.9414   17.0593
    7.5000  -45.0000  -22.5000 9262.0010   17.0405
   -7.5000  -37.5000  -22.5000 9809.6113   16.7368
    0.0000  -37.5000  -22.500010281.4492   16.7178
    7.5000  -37.5000  -22.5000 9824.1826   16.7041
   -7.5000  -30.0000  -22.500010837.1719   16.5484
    0.0000  -30.0000  -22.500011344.0127   16.5339
    7.5000  -30.0000  -22.500010869.9609   16.5198
   -7.5000  -22.5000  -22.500012011.9102   16.4620
    0.0000  -22.5000  -22.500012552.9941   16.4341
    7.5000  -22.5000  -22.500011986.5732   16.4139
   -7.5000  -15.0000  -22.500013197.7412   16.4621
    0.0000  -15.0000  -22.500013750.2725   16.4177
    7.5000  -15.0000  -22.500013117.4463   16.3912
   -7.5000   -7.5000  -22.500014062.8799   16.4614
    0.0000   -7.5000  -22.500014692.1709   16.4148
    7.5000   -7.5000  -22.500013980.7383   16.3894
   -7.5000    0.0000  -22.500014690.3447   16.4449
    0.0000    0.0000  -22.500015367.3955   16.4109
    7.5000    0.0000  -22.500014592.8994   16.3923
   -7.5000    7.5000  -22.500014163.7578   16.4293
    0.0000    7.5000  -22.500014797.9287   16.4114
    7.5000    7.5000  -22.500014033.3779   16.3982
   -7.5000   15.0000  -22.500013483.6172   16.4285
    0.0000   15.0000  -22.500014145.5361   16.4145
    7.5000   15.0000  -22.500013373.8652   16.4007
   -7.5000   22.5000  -22.500012749.0439   16.4396
    0.0000   22.5000  -22.500013377.8838   16.4119
    7.5000   22.5000  -22.500012601.3535   16.3917
   -7.5000   30.0000  -22.500011910.3057   16.2467
    0.0000   30.0000  -22.500012489.1602   16.2030
    7.5000   30.0000  -22.500011742.2012   16.1768
   -7.5000   37.5000  -22.500011479.5244   16.3057
    0.0000   37.5000  -22.500012042.6406   16.2588
    7.5000   37.5000  -22.500011314.0693   16.2348
   -7.5000   45.0000  -22.500010793.4492   16.2513
    0.0000   45.0000  -22.500011334.3604   16.2202
    7.5000   45.0000  -22.500010648.7363   16.2082
   -7.5000  -45.0000  -15.0000 9802.6934   17.5365
    0.0000  -45.0000  -15.000010247.2471   17.4994
    7.5000  -45.0000  -15.0000 9801.0801   17.4944
   -7.5000  -37.5000  -15.000010435.8828   17.1769
    0.0000  -37.5000  -15.000010898.7373   17.1547
    7.5000  -37.5000  -15.000010416.7266   17.1497
   -7.5000  -30.0000  -15.000011566.6992   16.9846
    0.0000  -30.0000  -15.000012072.4336   16.9658
    7.5000  -30.0000  -15.000011560.9727   16.9554
   -7.5000  -22.5000  -15.000012782.2197   16.8878
    0.0000  -22.5000  -15.000013361.6250   16.8576
    7.5000  -22.5000  -15.000012740.0889   16.8415
   -7.5000  -15.0000  -15.000014006.1357   16.8797
    0.0000  -15.0000  -15.000014639.2012   16.8364
    7.5000  -15.0000  -15.000013947.7617   16.8189
   -7.5000   -7.5000  -15.000014941.6426   16.8795
    0.0000   -7.5000  -15.000015614.1025   16.8344
    7.5000   -7.5000  -15.000014854.3926   16.8222
   -7.5000    0.0000  -15.000015624.2119   16.8698
    0.0000    0.0000  -15.000016371.6523   16.8355
    7.5000    0.0000  -15.000015524.8857   16.8300
   -7.5000    7.5000  -15.000015063.5156   16.8616
    0.0000    7.5000  -15.000015765.8057   16.8407
    7.5000    7.5000  -15.000014931.0742   16.8360
   -7.5000   15.0000  -15.000014350.3125   16.8616
    0.0000   15.0000  -15.000015095.3496   16.8432
    7.5000   15.0000  -15.000014238.8945   16.8331
   -7.5000   22.5000  -15.000013611.5664   16.8640
    0.0000   22.5000  -15.000014299.5117   16.8340
    7.5000   22.5000  -15.000013458.1807   16.8178
   -7.5000   30.0000  -15.000012722.4707   16.6613
    0.0000   30.0000  -15.000013360.4805   16.6185
    7.5000   30.0000  -15.000012559.1338   16.6012
   -7.5000   37.5000  -15.000012234.8789   16.7203
    0.0000   37.5000  -15.000012847.8271   16.6747
    7.5000   37.5000  -15.000012051.2061   16.6633
   -7.5000   45.0000  -15.000011482.5752   16.6751
    0.0000   45.0000  -15.000012074.8271   16.6442
    7.5000   45.0000  -15.000011329.2695   16.6463
   -7.5000  -45.0000   -7.500010417.3301   17.7406
    0.0000  -45.0000   -7.500010850.8359   17.7019
    7.5000  -45.0000   -7.500010409.1279   17.6977
   -7.5000  -37.5000   -7.500011099.0361   17.3821
    0.0000  -37.5000   -7.500011544.8457   17.3576
    7.5000  -37.5000   -7.500011054.3760   17.3519
   -7.5000  -30.0000   -7.500012314.8223   17.1883
    0.0000  -30.0000   -7.500012825.7617   17.1674
    7.5000  -30.0000   -7.500012260.5596   17.1555
   -7.5000  -22.5000   -7.500013612.1631   17.0831
    0.0000  -22.5000   -7.500014199.2510   17.0514
    7.5000  -22.5000   -7.500013559.4170   17.0354
   -7.5000  -15.0000   -7.500014875.7998   17.0671
    0.0000  -15.0000   -7.500015529.6445   17.0231
    7.5000  -15.0000   -7.500014817.6348   17.0080
   -7.5000   -7.5000   -7.500015854.8359   17.0675
    0.0000   -7.5000   -7.500016542.3359   17.0217
    7.5000   -7.5000   -7.500015762.0342   17.0121
   -7.5000    0.0000   -7.500016608.6680   17.0649
    0.0000    0.0000   -7.500017359.3711   17.0291
    7.5000    0.0000   -7.500016497.0957   17.0249
   -7.5000    7.5000   -7.500016055.2480   17.0632
    0.0000    7.5000   -7.500016793.6953   17.0402
    7.5000    7.5000   -7.500015907.0479   17.0350
   -7.5000   15.0000   -7.500015321.1396   17.0637
    0.0000   15.0000   -7.500016103.8145   17.0432
    7.5000   15.0000   -7.500015207.1758   17.0317
   -7.5000   22.5000   -7.500014488.2305   17.0571
    0.0000   22.5000   -7.500015233.5293   17.0256
    7.5000   22.5000   -7.500014362.7891   17.0097
   -7.5000   30.0000   -7.500013559.3984   16.8458
    0.0000   30.0000   -7.500014240.0176   16.8024
    7.5000   30.0000   -7.500013431.4150   16.7875
   -7.5000   37.5000   -7.500012987.5703   16.9045
    0.0000   37.5000   -7.500013654.8516   16.8582
    7.5000   37.5000   -7.500012830.1523   16.8493
   -7.5000   45.0000   -7.500012157.4902   16.8672
    0.0000   45.0000   -7.500012784.5391   16.8338
    7.5000   45.0000   -7.500012014.9561   16.8360
   -7.5000  -45.0000    0.000010970.3711   17.7485
    0.0000  -45.0000    0.000011370.2061   17.7076
    7.5000  -45.0000    0.000010926.8193   17.6918
   -7.5000  -37.5000    0.000011697.9756   17.3877
    0.0000  -37.5000    0.000012132.4443   17.3631
    7.5000  -37.5000    0.000011644.8154   17.3487
   -7.5000  -30.0000    0.000012979.5039   17.1922
    0.0000  -30.0000    0.000013508.8838   17.1730
    7.5000  -30.0000    0.000012940.4492   17.1565
   -7.5000  -22.5000    0.000014351.6963   17.0856
    0.0000  -22.5000    0.000014940.3906   17.0545
    7.5000  -22.5000    0.000014305.5645   17.0351
   -7.5000  -15.0000    0.000015699.7168   17.0685
    0.0000  -15.0000    0.000016305.8467   17.0227
    7.5000  -15.0000    0.000015620.2109   17.0019
   -7.5000   -7.5000    0.000016665.7090   17.0702
    0.0000   -7.5000    0.000017318.8906   17.0215
    7.5000   -7.5000    0.000016567.2246   17.0028
   -7.5000    0.0000    0.000017458.3535   17.0701
    0.0000    0.0000    0.000018182.5410   17.0321
    7.5000    0.0000    0.000017365.1250   17.0174
   -7.5000    7.5000    0.000016973.6348   17.0686
    0.0000    7.5000    0.000017699.4434   17.0455
    7.5000    7.5000    0.000016804.5977   17.0319
   -7.5000   15.0000    0.000016257.5244   17.0675
    0.0000   15.0000    0.000017024.8301   17.0487
    7.5000   15.0000    0.000016132.4453   17.0326
   -7.5000   22.5000    0.000015302.3047   17.0596
    0.0000   22.5000    0.000016069.4473   17.0287
    7.5000   22.5000    0.000015244.4922   17.0094
   -7.5000   30.0000    0.000014231.9854   16.8476
    0.0000   30.0000    0.000014941.1445   16.8024
    7.5000   30.0000    0.000014187.8389   16.7819
   -7.5000   37.5000    0.000013587.2168   16.9077
    0.0000   37.5000    0.000014253.8564   16.8588
    7.5000   37.5000    0.000013506.4785   16.8409
   -7.5000   45.0000    0.000012724.8867   16.8752
    0.0000   45.0000    0.000013388.9492   16.8384
    7.5000   45.0000    0.000012609.1387   16.8278
   -7.5000  -45.0000    7.500010635.5273   17.7210
    0.0000  -45.0000    7.500011052.2529   17.6790
    7.5000  -45.0000    7.500010598.3154   17.6487
   -7.5000  -37.5000    7.500011380.5225   17.3515
    0.0000  -37.5000    7.500011833.3301   17.3291
    7.5000  -37.5000    7.500011332.8047   17.3056
   -7.5000  -30.0000    7.500012623.5986   17.1546
    0.0000  -30.0000    7.500013131.3965   17.1390
    7.5000  -30.0000    7.500012574.3779   17.1182
   -7.5000  -22.5000    7.500013935.3340   17.0561
    0.0000  -22.5000    7.500014474.9102   17.0266
    7.5000  -22.5000    7.500013881.7100   17.0021
   -7.5000  -15.0000    7.500015207.0605   17.0475
    0.0000  -15.0000    7.500015752.8945   16.9997
    7.5000  -15.0000    7.500015128.6504   16.9689
   -7.5000   -7.5000    7.500016119.8994   17.0495
    0.0000   -7.5000    7.500016718.4863   16.9979
    7.5000   -7.5000    7.500016072.7041   16.9652
   -7.5000    0.0000    7.500016906.8105   17.0425
    0.0000    0.0000    7.500017536.9883   17.0035
    7.5000    0.0000    7.500016849.1191   16.9750
   -7.5000    7.5000    7.500016527.5254   17.0328
    0.0000    7.5000    7.500017169.9336   17.0116
    7.5000    7.5000    7.500016406.3125   16.9891
   -7.5000   15.0000    7.500015971.3301   17.0303
    0.0000   15.0000    7.500016716.3262   17.0150
    7.5000   15.0000    7.500015868.3359   16.9946
   -7.5000   22.5000    7.500015160.5107   17.0302
    0.0000   22.5000    7.500015907.4551   17.0009
    7.5000   22.5000    7.500015038.5400   16.9765
   -7.5000   30.0000    7.500014037.7402   16.8269
    0.0000   30.0000    7.500014653.0703   16.7797
    7.5000   30.0000    7.500013894.0459   16.7493
   -7.5000   37.5000    7.500013336.6104   16.8893
    0.0000   37.5000    7.500013872.7754   16.8378
    7.5000   37.5000    7.500013180.4561   16.8063
   -7.5000   45.0000    7.500012428.7246   16.8547
    0.0000   45.0000    7.500012964.0459   16.8169
    7.5000   45.0000    7.500012267.2822   16.7918
   -7.5000  -45.0000   15.000010159.4902   17.7189
    0.0000  -45.0000   15.000010582.0918   17.6784
    7.5000  -45.0000   15.000010126.0967   17.6455
   -7.5000  -37.5000   15.000010914.7900   17.3426
    0.0000  -37.5000   15.000011381.6758   17.3229
    7.5000  -37.5000   15.000010872.3154   17.2989
   -7.5000  -30.0000   15.000012117.6221   17.1461
    0.0000  -30.0000   15.000012647.1514   17.1328
    7.5000  -30.0000   15.000012089.0312   17.1126
   -7.5000  -22.5000   15.000013349.1240   17.0573
    0.0000  -22.5000   15.000013868.6562   17.0289
    7.5000  -22.5000   15.000013349.7070   17.0031
   -7.5000  -15.0000   15.000014556.9727   17.0580
    0.0000  -15.0000   15.000015072.9912   17.0099
    7.5000  -15.0000   15.000014513.3174   16.9750
   -7.5000   -7.5000   15.000015483.5195   17.0584
    0.0000   -7.5000   15.000015994.1299   17.0067
    7.5000   -7.5000   15.000015388.8105   16.9693
   -7.5000    0.0000   15.000016304.1865   17.0415
    0.0000    0.0000   15.000016824.8008   17.0040
    7.5000    0.0000   15.000016162.6357   16.9726
   -7.5000    7.5000   15.000015965.1641   17.0239
    0.0000    7.5000   15.000016560.4688   17.0052
    7.5000    7.5000   15.000015770.7969   16.9820
   -7.5000   15.0000   15.000015458.9443   17.0220
    0.0000   15.0000   15.000016148.0381   17.0090
    7.5000   15.0000   15.000015227.3848   16.9891
   -7.5000   22.5000   15.000014738.7207   17.0315
    0.0000   22.5000   15.000015405.1992   17.0033
    7.5000   22.5000   15.000014428.2861   16.9775
   -7.5000   30.0000   15.000013650.1572   16.8373
    0.0000   30.0000   15.000014216.1934   16.7898
    7.5000   30.0000   15.000013352.9590   16.7554
   -7.5000   37.5000   15.000012918.7627   16.9000
    0.0000   37.5000   15.000013410.4150   16.8484
    7.5000   37.5000   15.000012689.8711   16.8125
   -7.5000   45.0000   15.000011993.6035   16.8584
    0.0000   45.0000   15.000012452.3662   16.8230
    7.5000   45.0000   15.000011802.2861   16.7961
   -7.5000  -45.0000   22.5000 9664.8154   17.7472
    0.0000  -45.0000   22.500010086.1729   17.7089
    7.5000  -45.0000   22.5000 9665.7305   17.6894
   -7.5000  -37.5000   22.500010400.5449   17.3741
    0.0000  -37.5000   22.500010851.5000   17.3543
    7.5000  -37.5000   22.500010378.1943   17.3402
   -7.5000  -30.0000   22.500011588.5146   17.1785
    0.0000  -30.0000   22.500012078.3213   17.1635
    7.5000  -30.0000   22.500011542.3545   17.1489
   -7.5000  -22.5000   22.500012767.0947   17.0889
    0.0000  -22.5000   22.500013285.0371   17.0599
    7.5000  -22.5000   22.500012712.8984   17.0389
   -7.5000  -15.0000   22.500013898.9785   17.0889
    0.0000  -15.0000   22.500014426.4785   17.0429
    7.5000  -15.0000   22.500013765.2578   17.0153
   -7.5000   -7.5000   22.500014771.5205   17.0883
    0.0000   -7.5000   22.500015258.3184   17.0398
    7.5000   -7.5000   22.500014580.3789   17.0135
   -7.5000    0.0000   22.500015560.6357   17.0711
    0.0000    0.0000   22.500016062.3398   17.0357
    7.5000    0.0000   22.500015316.5566   17.0165
   -7.5000    7.5000   22.500015131.7559   17.0549
    0.0000    7.5000   22.500015651.4189   17.0363
    7.5000    7.5000   22.500014885.5605   17.0226
   -7.5000   15.0000   22.500014513.4551   17.0541
    0.0000   15.0000   22.500015055.6768   17.0395
    7.5000   15.0000   22.500014302.1699   17.0252
   -7.5000   22.5000   22.500013770.2207   17.0630
    0.0000   22.5000   22.500014270.0654   17.0342
    7.5000   22.5000   22.500013516.1230   17.0133
   -7.5000   30.0000   22.500012833.4912   16.8678
    0.0000   30.0000   22.500013321.4355   16.8223
    7.5000   30.0000   22.500012612.4365   16.7951
   -7.5000   37.5000   22.500012238.8516   16.9290
    0.0000   37.5000   22.500012718.6895   16.8803
    7.5000   37.5000   22.500012068.5254   16.8553
   -7.5000   45.0000   22.500011413.6025   16.8847
    0.0000   45.0000   22.500011847.7979   16.8525
    7.5000   45.0000   22.500011264.7842   16.8399
   -7.5000  -45.0000   30.0000 9107.6299   17.7813
    0.0000  -45.0000   30.0000 9518.3105   17.7437
    7.5000  -45.0000   30.0000 9097.2188   17.7387
   -7.5000  -37.5000   30.0000 9787.3428   17.4165
    0.0000  -37.5000   30.000010226.3232   17.3941
    7.5000  -37.5000   30.0000 9744.3242   17.3891
   -7.5000  -30.0000   30.000010908.5293   17.2216
    0.0000  -30.0000   30.000011389.9902   17.2025
    7.5000  -30.0000   30.000010843.9434   17.1921
   -7.5000  -22.5000   30.000012040.8115   17.1234
    0.0000  -22.5000   30.000012547.8994   17.0928
    7.5000  -22.5000   30.000011950.1865   17.0765
   -7.5000  -15.0000   30.000013071.5703   17.1152
    0.0000  -15.0000   30.000013614.6953   17.0713
    7.5000  -15.0000   30.000012949.5342   17.0536
   -7.5000   -7.5000   30.000013878.7373   17.1150
    0.0000   -7.5000   30.000014397.8047   17.0693
    7.5000   -7.5000   30.000013718.5889   17.0569
   -7.5000    0.0000   30.000014583.2402   17.1051
    0.0000    0.0000   30.000015102.3350   17.0704
    7.5000    0.0000   30.000014406.4004   17.0649
   -7.5000    7.5000   30.000014103.5879   17.0968
    0.0000    7.5000   30.000014603.3730   17.0757
    7.5000    7.5000   30.000013932.8447   17.0710
   -7.5000   15.0000   30.000013477.7998   17.0968
    0.0000   15.0000   30.000013954.7881   17.0782
    7.5000   15.0000   30.000013322.2783   17.0681
   -7.5000   22.5000   30.000012736.2998   17.0974
    0.0000   22.5000   30.000013206.6191   17.0670
    7.5000   22.5000   30.000012595.6523   17.0507
   -7.5000   30.0000   30.000011934.5176   16.8937
    0.0000   30.0000   30.000012408.8857   16.8503
    7.5000   30.0000   30.000011799.9824   16.8329
   -7.5000   37.5000   30.000011453.1680   16.9536
    0.0000   37.5000   30.000011919.5859   16.9073
    7.5000   37.5000   30.000011346.8311   16.8959
   -7.5000   45.0000   30.000010721.5918   16.9123
    0.0000   45.0000   30.000011145.0020   16.8809
    7.5000   45.0000   30.000010623.2676   16.8832
   -7.5000  -45.0000   37.5000 8846.4824   17.8832
    0.0000  -45.0000   37.5000 9277.2471   17.8439
    7.5000  -45.0000   37.5000 8873.0391   17.8399
   -7.5000  -37.5000   37.5000 9478.9639   17.5188
    0.0000  -37.5000   37.5000 9933.8330   17.4942
    7.5000  -37.5000   37.5000 9493.7930   17.4887
   -7.5000  -30.0000   37.500010540.5137   17.3219
    0.0000  -30.0000   37.500011020.5117   17.3009
    7.5000  -30.0000   37.500010509.9697   17.2891
   -7.5000  -22.5000   37.500011660.8994   17.2157
    0.0000  -22.5000   37.500012177.8594   17.1836
    7.5000  -22.5000   37.500011585.5791   17.1674
   -7.5000  -15.0000   37.500012656.0488   17.2003
    0.0000  -15.0000   37.500013202.1963   17.1554
    7.5000  -15.0000   37.500012575.7031   17.1401
   -7.5000   -7.5000   37.500013411.8281   17.2011
    0.0000   -7.5000   37.500013960.9814   17.1544
    7.5000   -7.5000   37.500013296.2217   17.1447
   -7.5000    0.0000   37.500014063.9854   17.1982
    0.0000    0.0000   37.500014653.7881   17.1618
    7.5000    0.0000   37.500013932.6895   17.1578
   -7.5000    7.5000   37.500013584.8672   17.1956
    0.0000    7.5000   37.500014137.5264   17.1724
    7.5000    7.5000   37.500013448.1182   17.1674
   -7.5000   15.0000   37.500012954.9287   17.1956
    0.0000   15.0000   37.500013465.0664   17.1750
    7.5000   15.0000   37.500012844.2500   17.1636
   -7.5000   22.5000   37.500012211.5293   17.1894
    0.0000   22.5000   37.500012694.7910   17.1575
    7.5000   22.5000   37.500012129.7627   17.1414
   -7.5000   30.0000   37.500011464.0693   16.9777
    0.0000   30.0000   37.500011925.5908   16.9334
    7.5000   30.0000   37.500011367.8193   16.9182
   -7.5000   37.5000   37.500011055.5020   17.0376
    0.0000   37.5000   37.500011479.4062   16.9904
    7.5000   37.5000   37.500010957.7451   16.9814
   -7.5000   45.0000   37.500010366.9912   17.0004
    0.0000   45.0000   37.500010766.0674   16.9665
    7.5000   45.0000   37.500010283.2998   16.9689
   -7.5000  -45.0000   45.0000 8161.4839   18.0108
    0.0000  -45.0000   45.0000 8551.2471   17.9692
    7.5000  -45.0000   45.0000 8191.0034   17.9526
   -7.5000  -37.5000   45.0000 8732.9062   17.6351
    0.0000  -37.5000   45.0000 9160.3887   17.6100
    7.5000  -37.5000   45.0000 8766.3242   17.5942
   -7.5000  -30.0000   45.0000 9708.8330   17.4322
    0.0000  -30.0000   45.000010167.4863   17.4128
    7.5000  -30.0000   45.0000 9711.4141   17.3945
   -7.5000  -22.5000   45.000010755.4697   17.3233
    0.0000  -22.5000   45.000011277.2637   17.2922
    7.5000  -22.5000   45.000010718.7090   17.2713
   -7.5000  -15.0000   45.000011667.4688   17.3072
    0.0000  -15.0000   45.000012204.3730   17.2612
    7.5000  -15.0000   45.000011605.2402   17.2397
   -7.5000   -7.5000   45.000012337.6172   17.3094
    0.0000   -7.5000   45.000012874.5723   17.2603
    7.5000   -7.5000   45.000012245.8213   17.2411
   -7.5000    0.0000   45.000012911.2188   17.3082
    0.0000    0.0000   45.000013481.5967   17.2696
    7.5000    0.0000   45.000012787.3242   17.2543
   -7.5000    7.5000   45.000012457.4990   17.3047
    0.0000    7.5000   45.000012994.2969   17.2812
    7.5000    7.5000   45.000012343.6074   17.2663
   -7.5000   15.0000   45.000011886.5840   17.3032
    0.0000   15.0000   45.000012378.5205   17.2842
    7.5000   15.0000   45.000011800.1953   17.2663
   -7.5000   22.5000   45.000011190.0518   17.2965
    0.0000   22.5000   45.000011660.7051   17.2656
    7.5000   22.5000   45.000011133.5625   17.2448
   -7.5000   30.0000   45.000010461.6240   17.0817
    0.0000   30.0000   45.000010924.6436   17.0363
    7.5000   30.0000   45.000010409.1045   17.0151
   -7.5000   37.5000   45.000010104.9463   17.1443
    0.0000   37.5000   45.000010537.6748   17.0950
    7.5000   37.5000   45.000010031.5020   17.0767
   -7.5000   45.0000   45.0000 9479.2832   17.1098
    0.0000   45.0000   45.0000 9889.2041   17.0724
    7.5000   45.0000   45.0000 9413.7568   17.0613

---------------------------------------------------------------------
imgreg_4dfp /opt/freesurfer/average/711-2C_as_mni_average_305 /opt/freesurfer/average/711-2B_as_mni_average_305_mask talsrcimg_g11 none talsrcimg_to_711-2C_as_mni_average_305_t4 4355
---------------------------------------------------------------------

freesurfer imgreg_4dfp.c
/opt/freesurfer/average/711-2C_as_mni_average_305.4dfp.img
       256       256       256         1
  1.000000  1.000000  1.000000
orientation T byte_order littleendian
Reading image: /opt/freesurfer/average/711-2C_as_mni_average_305.4dfp.img
dimensions:      256       256       256
mmppix:       1.0000   -1.0000   -1.0000
center:     128.0000 -129.0000 -129.0000
/opt/freesurfer/average/711-2B_as_mni_average_305_mask.4dfp.img
       256       256       256         1
  1.000000  1.000000  1.000000
orientation T byte_order littleendian
Reading mask: /opt/freesurfer/average/711-2B_as_mni_average_305_mask.4dfp.img (2306576 pixels)
talsrcimg_g11.4dfp.img
       256       256       256         1
  1.000000  1.000000  1.000000
orientation T byte_order littleendian
Reading image: talsrcimg_g11.4dfp.img
dimensions:      256       256       256
mmppix:       1.0000   -1.0000   -1.0000
center:     128.0000 -129.0000 -129.0000
rotation matrix determinant  1.000000
image alignment mode   4355 decimal     1103 hex
   -7.5000  -45.0000  -45.0000 2129.8286   22.0677
    0.0000  -45.0000  -45.0000 2144.2388   21.9278
    7.5000  -45.0000  -45.0000 2129.0310   22.1298
   -7.5000  -37.5000  -45.0000 2150.4502   20.9394
    0.0000  -37.5000  -45.0000 2167.5249   20.8292
    7.5000  -37.5000  -45.0000 2151.7131   21.0945
   -7.5000  -30.0000  -45.0000 2171.7312   20.1953
    0.0000  -30.0000  -45.0000 2186.0530   20.0417
    7.5000  -30.0000  -45.0000 2166.6316   20.3123
   -7.5000  -22.5000  -45.0000 2197.8901   19.5576
    0.0000  -22.5000  -45.0000 2208.5198   19.4488
    7.5000  -22.5000  -45.0000 2189.0342   19.6334
   -7.5000  -15.0000  -45.0000 2222.3369   19.0442
    0.0000  -15.0000  -45.0000 2237.4827   19.0326
    7.5000  -15.0000  -45.0000 2217.5247   19.1147
   -7.5000   -7.5000  -45.0000 2252.2229   18.6816
    0.0000   -7.5000  -45.0000 2261.6809   18.6997
    7.5000   -7.5000  -45.0000 2240.5083   18.8632
   -7.5000    0.0000  -45.0000 2268.4463   18.4576
    0.0000    0.0000  -45.0000 2275.3323   18.4610
    7.5000    0.0000  -45.0000 2251.9917   18.6395
   -7.5000    7.5000  -45.0000 2272.4719   18.3340
    0.0000    7.5000  -45.0000 2284.4495   18.3387
    7.5000    7.5000  -45.0000 2257.7202   18.4953
   -7.5000   15.0000  -45.0000 2264.2498   18.3146
    0.0000   15.0000  -45.0000 2280.7354   18.2879
    7.5000   15.0000  -45.0000 2256.2117   18.4505
   -7.5000   22.5000  -45.0000 2267.6707   18.3724
    0.0000   22.5000  -45.0000 2279.1538   18.3033
    7.5000   22.5000  -45.0000 2256.2048   18.4894
   -7.5000   30.0000  -45.0000 2260.5466   18.7631
    0.0000   30.0000  -45.0000 2270.7273   18.7018
    7.5000   30.0000  -45.0000 2237.3801   18.9409
   -7.5000   37.5000  -45.0000 2231.5510   19.5434
    0.0000   37.5000  -45.0000 2243.5503   19.4870
    7.5000   37.5000  -45.0000 2205.5405   19.7333
   -7.5000   45.0000  -45.0000 2187.0886   20.6730
    0.0000   45.0000  -45.0000 2196.0579   20.6381
    7.5000   45.0000  -45.0000 2158.4875   20.8896
   -7.5000  -45.0000  -37.5000 2215.0093   20.2131
    0.0000  -45.0000  -37.5000 2234.0530   20.1047
    7.5000  -45.0000  -37.5000 2221.7927   20.2336
   -7.5000  -37.5000  -37.5000 2239.7778   19.0922
    0.0000  -37.5000  -37.5000 2257.8611   18.9835
    7.5000  -37.5000  -37.5000 2249.0015   19.1950
   -7.5000  -30.0000  -37.5000 2269.6338   18.3592
    0.0000  -30.0000  -37.5000 2284.6714   18.2647
    7.5000  -30.0000  -37.5000 2270.5315   18.4774
   -7.5000  -22.5000  -37.5000 2304.7566   17.7550
    0.0000  -22.5000  -37.5000 2321.6228   17.6629
    7.5000  -22.5000  -37.5000 2301.1702   17.7924
   -7.5000  -15.0000  -37.5000 2338.8464   17.3643
    0.0000  -15.0000  -37.5000 2349.0444   17.2968
    7.5000  -15.0000  -37.5000 2332.2156   17.4021
   -7.5000   -7.5000  -37.5000 2365.5505   17.0307
    0.0000   -7.5000  -37.5000 2376.7356   17.0497
    7.5000   -7.5000  -37.5000 2355.5327   17.1566
   -7.5000    0.0000  -37.5000 2376.0356   16.8458
    0.0000    0.0000  -37.5000 2384.9766   16.8562
    7.5000    0.0000  -37.5000 2360.3005   16.9764
   -7.5000    7.5000  -37.5000 2378.6562   16.7531
    0.0000    7.5000  -37.5000 2393.6748   16.7552
    7.5000    7.5000  -37.5000 2368.7598   16.8474
   -7.5000   15.0000  -37.5000 2374.6458   16.7654
    0.0000   15.0000  -37.5000 2389.8928   16.7555
    7.5000   15.0000  -37.5000 2366.0803   16.8768
   -7.5000   22.5000  -37.5000 2374.8889   16.8776
    0.0000   22.5000  -37.5000 2384.7549   16.8265
    7.5000   22.5000  -37.5000 2359.5042   16.9912
   -7.5000   30.0000  -37.5000 2359.4004   17.2449
    0.0000   30.0000  -37.5000 2370.7964   17.1805
    7.5000   30.0000  -37.5000 2337.8748   17.3688
   -7.5000   37.5000  -37.5000 2332.9705   17.8961
    0.0000   37.5000  -37.5000 2351.0027   17.8474
    7.5000   37.5000  -37.5000 2310.4697   18.0289
   -7.5000   45.0000  -37.5000 2287.5012   18.9242
    0.0000   45.0000  -37.5000 2300.0400   18.8686
    7.5000   45.0000  -37.5000 2260.4961   19.0672
   -7.5000  -45.0000  -30.0000 2331.6365   19.3375
    0.0000  -45.0000  -30.0000 2350.4077   19.2179
    7.5000  -45.0000  -30.0000 2341.4602   19.3990
   -7.5000  -37.5000  -30.0000 2368.0522   18.2104
    0.0000  -37.5000  -30.0000 2387.3079   18.1618
    7.5000  -37.5000  -30.0000 2381.1724   18.2896
   -7.5000  -30.0000  -30.0000 2399.8347   17.4278
    0.0000  -30.0000  -30.0000 2420.6506   17.3964
    7.5000  -30.0000  -30.0000 2413.7917   17.5322
   -7.5000  -22.5000  -30.0000 2453.4241   16.8505
    0.0000  -22.5000  -30.0000 2467.9009   16.8055
    7.5000  -22.5000  -30.0000 2449.4526   16.8844
   -7.5000  -15.0000  -30.0000 2488.9868   16.4659
    0.0000  -15.0000  -30.0000 2502.7651   16.3935
    7.5000  -15.0000  -30.0000 2483.9043   16.4809
   -7.5000   -7.5000  -30.0000 2509.8691   16.1317
    0.0000   -7.5000  -30.0000 2531.2441   16.1005
    7.5000   -7.5000  -30.0000 2510.4709   16.2083
   -7.5000    0.0000  -30.0000 2522.1423   15.9654
    0.0000    0.0000  -30.0000 2536.6851   15.9234
    7.5000    0.0000  -30.0000 2514.4570   16.0028
   -7.5000    7.5000  -30.0000 2533.6758   15.8828
    0.0000    7.5000  -30.0000 2544.1641   15.8605
    7.5000    7.5000  -30.0000 2517.5483   15.9310
   -7.5000   15.0000  -30.0000 2533.3623   15.9158
    0.0000   15.0000  -30.0000 2547.8652   15.9072
    7.5000   15.0000  -30.0000 2518.4006   16.0219
   -7.5000   22.5000  -30.0000 2529.4636   16.1086
    0.0000   22.5000  -30.0000 2537.6104   16.0625
    7.5000   22.5000  -30.0000 2513.5027   16.2020
   -7.5000   30.0000  -30.0000 2511.4055   16.4648
    0.0000   30.0000  -30.0000 2521.9751   16.4106
    7.5000   30.0000  -30.0000 2487.1704   16.5596
   -7.5000   37.5000  -30.0000 2483.5388   17.0762
    0.0000   37.5000  -30.0000 2498.1658   17.0169
    7.5000   37.5000  -30.0000 2459.2722   17.1824
   -7.5000   45.0000  -30.0000 2430.3352   17.9758
    0.0000   45.0000  -30.0000 2440.4041   17.9391
    7.5000   45.0000  -30.0000 2407.1038   18.1194
   -7.5000  -45.0000  -22.5000 2434.2319   18.5825
    0.0000  -45.0000  -22.5000 2449.0291   18.4396
    7.5000  -45.0000  -22.5000 2440.4402   18.6136
   -7.5000  -37.5000  -22.5000 2475.6736   17.4406
    0.0000  -37.5000  -22.5000 2490.6992   17.3723
    7.5000  -37.5000  -22.5000 2479.2332   17.5230
   -7.5000  -30.0000  -22.5000 2505.2522   16.6453
    0.0000  -30.0000  -22.5000 2527.4927   16.5635
    7.5000  -30.0000  -22.5000 2519.8164   16.7164
   -7.5000  -22.5000  -22.5000 2558.8472   16.0095
    0.0000  -22.5000  -22.5000 2577.8484   15.9238
    7.5000  -22.5000  -22.5000 2559.7214   16.0442
   -7.5000  -15.0000  -22.5000 2597.9607   15.5544
    0.0000  -15.0000  -22.5000 2612.1638   15.4705
    7.5000  -15.0000  -22.5000 2595.7358   15.6070
   -7.5000   -7.5000  -22.5000 2618.4988   15.2249
    0.0000   -7.5000  -22.5000 2634.5193   15.1597
    7.5000   -7.5000  -22.5000 2617.9961   15.3085
   -7.5000    0.0000  -22.5000 2632.7676   15.0460
    0.0000    0.0000  -22.5000 2648.1528   14.9840
    7.5000    0.0000  -22.5000 2629.6538   15.1059
   -7.5000    7.5000  -22.5000 2650.1106   14.9767
    0.0000    7.5000  -22.5000 2660.0977   14.9252
    7.5000    7.5000  -22.5000 2639.3337   15.0262
   -7.5000   15.0000  -22.5000 2659.5298   14.9856
    0.0000   15.0000  -22.5000 2676.0984   14.9480
    7.5000   15.0000  -22.5000 2643.7544   15.0625
   -7.5000   22.5000  -22.5000 2661.7952   15.1970
    0.0000   22.5000  -22.5000 2674.1184   15.1596
    7.5000   22.5000  -22.5000 2641.6938   15.2757
   -7.5000   30.0000  -22.5000 2648.7043   15.5878
    0.0000   30.0000  -22.5000 2660.5649   15.5483
    7.5000   30.0000  -22.5000 2620.4495   15.6695
   -7.5000   37.5000  -22.5000 2614.6416   16.1797
    0.0000   37.5000  -22.5000 2630.2146   16.1300
    7.5000   37.5000  -22.5000 2587.8557   16.2810
   -7.5000   45.0000  -22.5000 2553.3926   17.0328
    0.0000   45.0000  -22.5000 2569.4568   16.9760
    7.5000   45.0000  -22.5000 2526.2019   17.1623
   -7.5000  -45.0000  -15.0000 2498.3076   17.9117
    0.0000  -45.0000  -15.0000 2515.7385   17.8090
    7.5000  -45.0000  -15.0000 2501.2244   17.9605
   -7.5000  -37.5000  -15.0000 2550.0779   16.7766
    0.0000  -37.5000  -15.0000 2561.4788   16.6678
    7.5000  -37.5000  -15.0000 2549.4294   16.8583
   -7.5000  -30.0000  -15.0000 2587.1621   15.9481
    0.0000  -30.0000  -15.0000 2606.1980   15.8308
    7.5000  -30.0000  -15.0000 2595.5024   16.0340
   -7.5000  -22.5000  -15.0000 2631.6201   15.2807
    0.0000  -22.5000  -15.0000 2656.7588   15.1525
    7.5000  -22.5000  -15.0000 2636.8120   15.3360
   -7.5000  -15.0000  -15.0000 2667.7981   14.7643
    0.0000  -15.0000  -15.0000 2693.6301   14.6992
    7.5000  -15.0000  -15.0000 2669.0259   14.8705
   -7.5000   -7.5000  -15.0000 2697.6384   14.4112
    0.0000   -7.5000  -15.0000 2716.0349   14.3444
    7.5000   -7.5000  -15.0000 2691.8047   14.5172
   -7.5000    0.0000  -15.0000 2715.9578   14.1969
    0.0000    0.0000  -15.0000 2735.5227   14.1629
    7.5000    0.0000  -15.0000 2710.5476   14.3195
   -7.5000    7.5000  -15.0000 2734.1326   14.1207
    0.0000    7.5000  -15.0000 2749.4526   14.0861
    7.5000    7.5000  -15.0000 2721.0969   14.2327
   -7.5000   15.0000  -15.0000 2748.0281   14.1151
    0.0000   15.0000  -15.0000 2772.5076   14.0889
    7.5000   15.0000  -15.0000 2730.5957   14.2210
   -7.5000   22.5000  -15.0000 2762.5508   14.2896
    0.0000   22.5000  -15.0000 2781.6077   14.2681
    7.5000   22.5000  -15.0000 2736.0977   14.4062
   -7.5000   30.0000  -15.0000 2755.1833   14.6830
    0.0000   30.0000  -15.0000 2768.1465   14.6466
    7.5000   30.0000  -15.0000 2725.1609   14.8174
   -7.5000   37.5000  -15.0000 2722.2629   15.2841
    0.0000   37.5000  -15.0000 2737.1128   15.2240
    7.5000   37.5000  -15.0000 2690.4995   15.3847
   -7.5000   45.0000  -15.0000 2649.5649   16.1012
    0.0000   45.0000  -15.0000 2666.1133   16.0245
    7.5000   45.0000  -15.0000 2617.8657   16.2040
   -7.5000  -45.0000   -7.5000 2544.2966   17.3458
    0.0000  -45.0000   -7.5000 2553.3633   17.1977
    7.5000  -45.0000   -7.5000 2546.0940   17.3734
   -7.5000  -37.5000   -7.5000 2593.1943   16.1840
    0.0000  -37.5000   -7.5000 2602.0146   16.0768
    7.5000  -37.5000   -7.5000 2592.0195   16.2725
   -7.5000  -30.0000   -7.5000 2633.6758   15.3308
    0.0000  -30.0000   -7.5000 2653.5974   15.1927
    7.5000  -30.0000   -7.5000 2637.7661   15.4080
   -7.5000  -22.5000   -7.5000 2679.1602   14.6702
    0.0000  -22.5000   -7.5000 2703.4185   14.4972
    7.5000  -22.5000   -7.5000 2682.9956   14.7098
   -7.5000  -15.0000   -7.5000 2712.2561   14.1401
    0.0000  -15.0000   -7.5000 2737.4666   13.9974
    7.5000  -15.0000   -7.5000 2714.2190   14.2281
   -7.5000   -7.5000   -7.5000 2750.3630   13.7430
    0.0000   -7.5000   -7.5000 2771.5356   13.6636
    7.5000   -7.5000   -7.5000 2744.6150   13.8677
   -7.5000    0.0000   -7.5000 2778.2227   13.4814
    0.0000    0.0000   -7.5000 2794.1199   13.4299
    7.5000    0.0000   -7.5000 2766.9951   13.5995
   -7.5000    7.5000   -7.5000 2807.7937   13.3613
    0.0000    7.5000   -7.5000 2823.9536   13.3178
    7.5000    7.5000   -7.5000 2792.3560   13.4858
   -7.5000   15.0000   -7.5000 2832.5876   13.3312
    0.0000   15.0000   -7.5000 2858.3428   13.2966
    7.5000   15.0000   -7.5000 2811.2146   13.4700
   -7.5000   22.5000   -7.5000 2854.1658   13.4851
    0.0000   22.5000   -7.5000 2877.3359   13.4423
    7.5000   22.5000   -7.5000 2819.7637   13.6391
   -7.5000   30.0000   -7.5000 2847.7961   13.8515
    0.0000   30.0000   -7.5000 2862.6470   13.7729
    7.5000   30.0000   -7.5000 2816.1511   13.9846
   -7.5000   37.5000   -7.5000 2799.8176   14.4150
    0.0000   37.5000   -7.5000 2818.7695   14.3270
    7.5000   37.5000   -7.5000 2767.0051   14.5324
   -7.5000   45.0000   -7.5000 2723.1758   15.1833
    0.0000   45.0000   -7.5000 2738.5393   15.1012
    7.5000   45.0000   -7.5000 2688.2251   15.3529
   -7.5000  -45.0000    0.0000 2567.2603   16.9452
    0.0000  -45.0000    0.0000 2577.4783   16.7144
    7.5000  -45.0000    0.0000 2570.6943   16.9301
   -7.5000  -37.5000    0.0000 2611.6492   15.8314
    0.0000  -37.5000    0.0000 2625.9653   15.6386
    7.5000  -37.5000    0.0000 2612.3562   15.8698
   -7.5000  -30.0000    0.0000 2649.1562   14.9552
    0.0000  -30.0000    0.0000 2674.7141   14.7806
    7.5000  -30.0000    0.0000 2651.9192   15.0109
   -7.5000  -22.5000    0.0000 2691.8889   14.2292
    0.0000  -22.5000    0.0000 2717.8135   14.0410
    7.5000  -22.5000    0.0000 2698.9836   14.2897
   -7.5000  -15.0000    0.0000 2727.9868   13.6961
    0.0000  -15.0000    0.0000 2753.7419   13.4917
    7.5000  -15.0000    0.0000 2737.0393   13.7523
   -7.5000   -7.5000    0.0000 2766.1580   13.2939
    0.0000   -7.5000    0.0000 2788.9429   13.0912
    7.5000   -7.5000    0.0000 2766.7253   13.3507
   -7.5000    0.0000    0.0000 2802.3376   12.9974
    0.0000    0.0000    0.0000 2827.0942   12.8436
    7.5000    0.0000    0.0000 2797.9106   13.0709
   -7.5000    7.5000    0.0000 2855.4038   12.8147
    0.0000    7.5000    0.0000 2878.1946   12.7028
    7.5000    7.5000    0.0000 2843.9016   12.9055
   -7.5000   15.0000    0.0000 2897.3757   12.8015
    0.0000   15.0000    0.0000 2930.3577   12.7147
    7.5000   15.0000    0.0000 2878.9282   12.9353
   -7.5000   22.5000    0.0000 2923.8948   12.9420
    0.0000   22.5000    0.0000 2968.1321   12.8291
    7.5000   22.5000    0.0000 2896.8345   13.1060
   -7.5000   30.0000    0.0000 2915.7639   13.2224
    0.0000   30.0000    0.0000 2946.1750   13.1151
    7.5000   30.0000    0.0000 2882.5591   13.4027
   -7.5000   37.5000    0.0000 2856.8389   13.7354
    0.0000   37.5000    0.0000 2879.7942   13.6084
    7.5000   37.5000    0.0000 2827.4006   13.8905
   -7.5000   45.0000    0.0000 2768.4854   14.5192
    0.0000   45.0000    0.0000 2793.8237   14.4033
    7.5000   45.0000    0.0000 2743.7070   14.6746
   -7.5000  -45.0000    7.5000 2573.6611   16.8071
    0.0000  -45.0000    7.5000 2593.9065   16.4995
    7.5000  -45.0000    7.5000 2576.6628   16.7483
   -7.5000  -37.5000    7.5000 2622.5088   15.6883
    0.0000  -37.5000    7.5000 2644.5645   15.4220
    7.5000  -37.5000    7.5000 2624.5291   15.6491
   -7.5000  -30.0000    7.5000 2651.7334   14.7379
    0.0000  -30.0000    7.5000 2682.5134   14.5202
    7.5000  -30.0000    7.5000 2657.8354   14.7550
   -7.5000  -22.5000    7.5000 2687.3694   13.9542
    0.0000  -22.5000    7.5000 2718.1819   13.7216
    7.5000  -22.5000    7.5000 2697.8513   13.9999
   -7.5000  -15.0000    7.5000 2728.1111   13.4141
    0.0000  -15.0000    7.5000 2750.1470   13.1422
    7.5000  -15.0000    7.5000 2736.5833   13.4182
   -7.5000   -7.5000    7.5000 2770.6658   12.9800
    0.0000   -7.5000    7.5000 2796.7366   12.7111
    7.5000   -7.5000    7.5000 2773.9456   13.0166
   -7.5000    0.0000    7.5000 2816.0767   12.6648
    0.0000    0.0000    7.5000 2847.4893   12.4253
    7.5000    0.0000    7.5000 2816.8469   12.7395
   -7.5000    7.5000    7.5000 2879.5886   12.5093
    0.0000    7.5000    7.5000 2912.4548   12.3039
    7.5000    7.5000    7.5000 2872.4458   12.6005
   -7.5000   15.0000    7.5000 2940.9731   12.5688
    0.0000   15.0000    7.5000 2986.9519   12.3883
    7.5000   15.0000    7.5000 2928.9114   12.6591
   -7.5000   22.5000    7.5000 2985.6558   12.7314
    0.0000   22.5000    7.5000 3050.6411   12.5583
    7.5000   22.5000    7.5000 2957.5161   12.8193
   -7.5000   30.0000    7.5000 2963.2173   12.9414
    0.0000   30.0000    7.5000 3008.8323   12.7956
    7.5000   30.0000    7.5000 2927.9575   13.0466
   -7.5000   37.5000    7.5000 2897.6675   13.3494
    0.0000   37.5000    7.5000 2924.3840   13.1942
    7.5000   37.5000    7.5000 2868.6025   13.4711
   -7.5000   45.0000    7.5000 2796.1067   14.1396
    0.0000   45.0000    7.5000 2822.9858   13.9935
    7.5000   45.0000    7.5000 2775.4465   14.2637
   -7.5000  -45.0000   15.0000 2541.9268   16.8600
    0.0000  -45.0000   15.0000 2565.2964   16.5211
    7.5000  -45.0000   15.0000 2543.6870   16.7829
   -7.5000  -37.5000   15.0000 2601.6743   15.6926
    0.0000  -37.5000   15.0000 2630.9692   15.4311
    7.5000  -37.5000   15.0000 2603.6851   15.6585
   -7.5000  -30.0000   15.0000 2635.7620   14.7372
    0.0000  -30.0000   15.0000 2673.4009   14.4857
    7.5000  -30.0000   15.0000 2640.5339   14.7266
   -7.5000  -22.5000   15.0000 2669.6550   13.9040
    0.0000  -22.5000   15.0000 2696.5833   13.6581
    7.5000  -22.5000   15.0000 2680.5222   13.9661
   -7.5000  -15.0000   15.0000 2709.3347   13.3540
    0.0000  -15.0000   15.0000 2731.7463   13.0512
    7.5000  -15.0000   15.0000 2718.5830   13.3644
   -7.5000   -7.5000   15.0000 2760.5906   12.9234
    0.0000   -7.5000   15.0000 2783.9333   12.6112
    7.5000   -7.5000   15.0000 2762.5002   12.9260
   -7.5000    0.0000   15.0000 2815.4504   12.6229
    0.0000    0.0000   15.0000 2841.8765   12.3366
    7.5000    0.0000   15.0000 2812.4656   12.6437
   -7.5000    7.5000   15.0000 2878.3818   12.5026
    0.0000    7.5000   15.0000 2911.8079   12.2348
    7.5000    7.5000   15.0000 2873.1860   12.5471
   -7.5000   15.0000   15.0000 2945.6772   12.5439
    0.0000   15.0000   15.0000 2996.6780   12.3523
    7.5000   15.0000   15.0000 2932.6479   12.5695
   -7.5000   22.5000   15.0000 2997.1675   12.6692
    0.0000   22.5000   15.0000 3073.7964   12.4786
    7.5000   22.5000   15.0000 2966.3655   12.6767
   -7.5000   30.0000   15.0000 2966.9705   12.9021
    0.0000   30.0000   15.0000 3026.3264   12.7230
    7.5000   30.0000   15.0000 2938.5808   12.9464
   -7.5000   37.5000   15.0000 2890.4236   13.3568
    0.0000   37.5000   15.0000 2926.3643   13.1839
    7.5000   37.5000   15.0000 2873.0352   13.4007
   -7.5000   45.0000   15.0000 2793.1594   14.0797
    0.0000   45.0000   15.0000 2818.3391   13.9568
    7.5000   45.0000   15.0000 2776.6848   14.1718
   -7.5000  -45.0000   22.5000 2497.1880   17.2049
    0.0000  -45.0000   22.5000 2525.4895   16.8933
    7.5000  -45.0000   22.5000 2505.5278   17.1562
   -7.5000  -37.5000   22.5000 2568.4189   15.9945
    0.0000  -37.5000   22.5000 2601.0439   15.7076
    7.5000  -37.5000   22.5000 2573.4810   15.9579
   -7.5000  -30.0000   22.5000 2612.7893   14.9904
    0.0000  -30.0000   22.5000 2646.7520   14.6715
    7.5000  -30.0000   22.5000 2618.1704   14.9746
   -7.5000  -22.5000   22.5000 2645.6887   14.1897
    0.0000  -22.5000   22.5000 2673.4727   13.8939
    7.5000  -22.5000   22.5000 2653.5703   14.1551
   -7.5000  -15.0000   22.5000 2685.8101   13.6020
    0.0000  -15.0000   22.5000 2711.0020   13.3100
    7.5000  -15.0000   22.5000 2688.6047   13.5571
   -7.5000   -7.5000   22.5000 2738.1162   13.1559
    0.0000   -7.5000   22.5000 2760.2915   12.8668
    7.5000   -7.5000   22.5000 2737.2729   13.1228
   -7.5000    0.0000   22.5000 2796.4951   12.8855
    0.0000    0.0000   22.5000 2816.6812   12.5830
    7.5000    0.0000   22.5000 2790.0811   12.8552
   -7.5000    7.5000   22.5000 2860.4819   12.7345
    0.0000    7.5000   22.5000 2883.3149   12.4644
    7.5000    7.5000   22.5000 2851.6296   12.7250
   -7.5000   15.0000   22.5000 2918.6843   12.6889
    0.0000   15.0000   22.5000 2955.3950   12.4698
    7.5000   15.0000   22.5000 2906.6509   12.7120
   -7.5000   22.5000   22.5000 2958.7898   12.7669
    0.0000   22.5000   22.5000 3005.6528   12.5048
    7.5000   22.5000   22.5000 2932.4463   12.7704
   -7.5000   30.0000   22.5000 2934.6714   13.0753
    0.0000   30.0000   22.5000 2978.7869   12.8473
    7.5000   30.0000   22.5000 2912.4160   13.0837
   -7.5000   37.5000   22.5000 2859.2407   13.6379
    0.0000   37.5000   22.5000 2890.6194   13.4735
    7.5000   37.5000   22.5000 2845.2539   13.6633
   -7.5000   45.0000   22.5000 2761.1985   14.3979
    0.0000   45.0000   22.5000 2781.2666   14.2727
    7.5000   45.0000   22.5000 2748.7766   14.4634
   -7.5000  -45.0000   30.0000 2445.6941   17.7859
    0.0000  -45.0000   30.0000 2474.5957   17.5022
    7.5000  -45.0000   30.0000 2460.6458   17.6835
   -7.5000  -37.5000   30.0000 2513.8276   16.4834
    0.0000  -37.5000   30.0000 2548.2305   16.2177
    7.5000  -37.5000   30.0000 2531.8142   16.4023
   -7.5000  -30.0000   30.0000 2569.1638   15.4599
    0.0000  -30.0000   30.0000 2598.6106   15.1429
    7.5000  -30.0000   30.0000 2576.8889   15.3843
   -7.5000  -22.5000   30.0000 2610.3132   14.6045
    0.0000  -22.5000   30.0000 2639.6851   14.3420
    7.5000  -22.5000   30.0000 2618.8281   14.5654
   -7.5000  -15.0000   30.0000 2654.4270   14.0101
    0.0000  -15.0000   30.0000 2682.9851   13.7487
    7.5000  -15.0000   30.0000 2654.3813   13.9539
   -7.5000   -7.5000   30.0000 2712.4102   13.5502
    0.0000   -7.5000   30.0000 2734.9268   13.2888
    7.5000   -7.5000   30.0000 2706.1616   13.5055
   -7.5000    0.0000   30.0000 2768.8960   13.2664
    0.0000    0.0000   30.0000 2791.9163   12.9974
    7.5000    0.0000   30.0000 2759.5598   13.2540
   -7.5000    7.5000   30.0000 2822.4756   13.0900
    0.0000    7.5000   30.0000 2848.4031   12.8423
    7.5000    7.5000   30.0000 2814.6624   13.1012
   -7.5000   15.0000   30.0000 2869.6921   13.0296
    0.0000   15.0000   30.0000 2893.6042   12.7954
    7.5000   15.0000   30.0000 2855.6431   13.0561
   -7.5000   22.5000   30.0000 2887.3413   13.1219
    0.0000   22.5000   30.0000 2922.1318   12.8851
    7.5000   22.5000   30.0000 2872.0828   13.1734
   -7.5000   30.0000   30.0000 2868.6311   13.4739
    0.0000   30.0000   30.0000 2907.4124   13.2810
    7.5000   30.0000   30.0000 2854.7520   13.5037
   -7.5000   37.5000   30.0000 2799.0645   14.1097
    0.0000   37.5000   30.0000 2830.9929   13.9551
    7.5000   37.5000   30.0000 2791.6155   14.1478
   -7.5000   45.0000   30.0000 2707.4226   14.9204
    0.0000   45.0000   30.0000 2727.6394   14.7944
    7.5000   45.0000   30.0000 2695.5486   14.9931
   -7.5000  -45.0000   37.5000 2391.4856   18.4903
    0.0000  -45.0000   37.5000 2422.9517   18.2768
    7.5000  -45.0000   37.5000 2410.8079   18.4393
   -7.5000  -37.5000   37.5000 2457.8320   17.0858
    0.0000  -37.5000   37.5000 2490.8816   16.8631
    7.5000  -37.5000   37.5000 2479.5764   17.0678
   -7.5000  -30.0000   37.5000 2511.5559   15.9771
    0.0000  -30.0000   37.5000 2544.2253   15.7152
    7.5000  -30.0000   37.5000 2525.9265   15.9116
   -7.5000  -22.5000   37.5000 2565.8813   15.1507
    0.0000  -22.5000   37.5000 2599.7563   14.8857
    7.5000  -22.5000   37.5000 2574.6760   15.0718
   -7.5000  -15.0000   37.5000 2616.4949   14.5320
    0.0000  -15.0000   37.5000 2646.8159   14.2991
    7.5000  -15.0000   37.5000 2620.4597   14.4859
   -7.5000   -7.5000   37.5000 2673.6643   14.0984
    0.0000   -7.5000   37.5000 2701.6304   13.8968
    7.5000   -7.5000   37.5000 2669.0107   14.0573
   -7.5000    0.0000   37.5000 2725.9316   13.8025
    0.0000    0.0000   37.5000 2760.5037   13.6208
    7.5000    0.0000   37.5000 2720.9365   13.8037
   -7.5000    7.5000   37.5000 2773.5471   13.6433
    0.0000    7.5000   37.5000 2809.5427   13.4408
    7.5000    7.5000   37.5000 2767.2009   13.6303
   -7.5000   15.0000   37.5000 2807.2646   13.6017
    0.0000   15.0000   37.5000 2839.0139   13.4033
    7.5000   15.0000   37.5000 2801.5156   13.6222
   -7.5000   22.5000   37.5000 2811.9277   13.7141
    0.0000   22.5000   37.5000 2843.5601   13.5324
    7.5000   22.5000   37.5000 2807.5032   13.7785
   -7.5000   30.0000   37.5000 2789.1826   14.1200
    0.0000   30.0000   37.5000 2823.6416   13.9527
    7.5000   30.0000   37.5000 2778.7480   14.1819
   -7.5000   37.5000   37.5000 2726.5627   14.7755
    0.0000   37.5000   37.5000 2751.9634   14.5872
    7.5000   37.5000   37.5000 2719.6982   14.7863
   -7.5000   45.0000   37.5000 2643.8242   15.6250
    0.0000   45.0000   37.5000 2665.4094   15.4552
    7.5000   45.0000   37.5000 2637.1755   15.6467
   -7.5000  -45.0000   45.0000 2323.1086   19.4275
    0.0000  -45.0000   45.0000 2354.9863   19.1850
    7.5000  -45.0000   45.0000 2346.9426   19.3699
   -7.5000  -37.5000   45.0000 2394.6182   17.8974
    0.0000  -37.5000   45.0000 2428.2683   17.7054
    7.5000  -37.5000   45.0000 2416.9802   17.8369
   -7.5000  -30.0000   45.0000 2451.8857   16.6900
    0.0000  -30.0000   45.0000 2481.9990   16.4650
    7.5000  -30.0000   45.0000 2470.7114   16.6103
   -7.5000  -22.5000   45.0000 2509.8884   15.8794
    0.0000  -22.5000   45.0000 2547.9172   15.6452
    7.5000  -22.5000   45.0000 2521.7373   15.7498
   -7.5000  -15.0000   45.0000 2562.9734   15.2668
    0.0000  -15.0000   45.0000 2593.6077   15.0368
    7.5000  -15.0000   45.0000 2568.8777   15.1698
   -7.5000   -7.5000   45.0000 2610.8433   14.8216
    0.0000   -7.5000   45.0000 2640.8000   14.5977
    7.5000   -7.5000   45.0000 2610.8901   14.7165
   -7.5000    0.0000   45.0000 2657.5437   14.5274
    0.0000    0.0000   45.0000 2693.9216   14.3399
    7.5000    0.0000   45.0000 2654.7739   14.4916
   -7.5000    7.5000   45.0000 2699.4849   14.3738
    0.0000    7.5000   45.0000 2736.5674   14.2019
    7.5000    7.5000   45.0000 2695.7681   14.3452
   -7.5000   15.0000   45.0000 2725.5088   14.3678
    0.0000   15.0000   45.0000 2759.7456   14.2244
    7.5000   15.0000   45.0000 2720.9866   14.3843
   -7.5000   22.5000   45.0000 2724.8516   14.5231
    0.0000   22.5000   45.0000 2753.1707   14.4022
    7.5000   22.5000   45.0000 2720.7278   14.5871
   -7.5000   30.0000   45.0000 2692.9392   14.9516
    0.0000   30.0000   45.0000 2728.5212   14.8367
    7.5000   30.0000   45.0000 2687.4153   15.0307
   -7.5000   37.5000   45.0000 2639.6482   15.5707
    0.0000   37.5000   45.0000 2670.9399   15.4223
    7.5000   37.5000   45.0000 2634.9011   15.5832
   -7.5000   45.0000   45.0000 2563.8215   16.3961
    0.0000   45.0000   45.0000 2589.5730   16.2787
    7.5000   45.0000   45.0000 2557.4890   16.4177

---------------------------------------------------------------------
imgreg_4dfp /opt/freesurfer/average/711-2C_as_mni_average_305 /opt/freesurfer/average/711-2B_as_mni_average_305_mask talsrcimg_g11 none talsrcimg_to_711-2C_as_mni_average_305_t4 1283
---------------------------------------------------------------------

freesurfer imgreg_4dfp.c
/opt/freesurfer/average/711-2C_as_mni_average_305.4dfp.img
       256       256       256         1
  1.000000  1.000000  1.000000
orientation T byte_order littleendian
Reading image: /opt/freesurfer/average/711-2C_as_mni_average_305.4dfp.img
dimensions:      256       256       256
mmppix:       1.0000   -1.0000   -1.0000
center:     128.0000 -129.0000 -129.0000
/opt/freesurfer/average/711-2B_as_mni_average_305_mask.4dfp.img
       256       256       256         1
  1.000000  1.000000  1.000000
orientation T byte_order littleendian
Reading mask: /opt/freesurfer/average/711-2B_as_mni_average_305_mask.4dfp.img (2306576 pixels)
talsrcimg_g11.4dfp.img
       256       256       256         1
  1.000000  1.000000  1.000000
orientation T byte_order littleendian
Reading image: talsrcimg_g11.4dfp.img
dimensions:      256       256       256
mmppix:       1.0000   -1.0000   -1.0000
center:     128.0000 -129.0000 -129.0000
rotation matrix determinant  1.000000
fimgreg.f
image alignment mode   1283 decimal      503 hex
parameters
    0.0000   22.5000   15.0000    0.0000    0.0000    0.0000
eta,q 0.96207 12.53070
niter,ni,del,rscale     5    3   12.0000    1.2000
parameters
   -1.0725   24.5602   13.4928   -2.4526    0.0345    0.6590
eta,q 0.96572 12.44100
  0.0540  0.0573  0.0424  0.0378  0.0472  0.0457
  0.0429  0.0502  0.0387  0.0353  0.0399  0.0402
  0.0383  0.0433  0.0367  0.0345  0.0358  0.0360
  0.0394  0.0382  0.0367  0.0363  0.0345  0.0345
  0.0450  0.0367  0.0400  0.0392  0.0356  0.0348
  0.0554  0.0381  0.0462  0.0427  0.0400  0.0373
  0.0670  0.0429  0.0533  0.0469  0.0469  0.0417
niter,ni,del,rscale     4    3   12.0000    1.2000
parameters
   -1.0729   24.7364   12.9383   -2.5408    0.0807    0.6606
eta,q 0.96575 12.45536
  0.0588  0.0501  0.0426  0.0421  0.0466  0.0435
  0.0454  0.0418  0.0382  0.0381  0.0396  0.0382
  0.0364  0.0367  0.0353  0.0355  0.0355  0.0349
  0.0343  0.0343  0.0343  0.0343  0.0343  0.0342
  0.0368  0.0364  0.0360  0.0360  0.0353  0.0354
  0.0458  0.0416  0.0401  0.0388  0.0394  0.0386
  0.0585  0.0477  0.0471  0.0422  0.0462  0.0431
niter,ni,del,rscale     3    3   12.0000    1.2000
parameters
   -1.0941   24.7136   12.9043   -2.5513    0.0972    0.6548
eta,q 0.96576 12.45653
  0.0585  0.0492  0.0441  0.0423  0.0464  0.0435
  0.0452  0.0409  0.0392  0.0382  0.0395  0.0382
  0.0365  0.0362  0.0359  0.0356  0.0355  0.0349
  0.0342  0.0342  0.0342  0.0342  0.0342  0.0342
  0.0366  0.0371  0.0353  0.0358  0.0353  0.0354
  0.0459  0.0424  0.0388  0.0387  0.0394  0.0386
  0.0586  0.0482  0.0449  0.0420  0.0463  0.0431
registration optimization eta report
parameter search radius
    6.0000    6.0000    6.0000    6.0000    6.0000    6.0000
100000*second partial in parameter space
       68.       39.       28.       21.       34.       25.
  0.0585  0.0492  0.0441  0.0423  0.0464  0.0435
  0.0452  0.0409  0.0392  0.0382  0.0395  0.0382
  0.0365  0.0362  0.0359  0.0356  0.0355  0.0349
  0.0342  0.0342  0.0342  0.0342  0.0342  0.0342
  0.0366  0.0371  0.0353  0.0358  0.0353  0.0354
  0.0459  0.0424  0.0388  0.0387  0.0394  0.0386
  0.0586  0.0482  0.0449  0.0420  0.0463  0.0431
   -1.0941   24.7136   12.9043   -2.5513    0.0972    0.6548
eta,q 0.96576 12.45653

---------------------------------------------------------------------
imgreg_4dfp /opt/freesurfer/average/711-2C_as_mni_average_305 /opt/freesurfer/average/711-2B_as_mni_average_305_mask talsrcimg_g11 none talsrcimg_to_711-2C_as_mni_average_305_t4 3335
---------------------------------------------------------------------

freesurfer imgreg_4dfp.c
/opt/freesurfer/average/711-2C_as_mni_average_305.4dfp.img
       256       256       256         1
  1.000000  1.000000  1.000000
orientation T byte_order littleendian
Reading image: /opt/freesurfer/average/711-2C_as_mni_average_305.4dfp.img
dimensions:      256       256       256
mmppix:       1.0000   -1.0000   -1.0000
center:     128.0000 -129.0000 -129.0000
/opt/freesurfer/average/711-2B_as_mni_average_305_mask.4dfp.img
       256       256       256         1
  1.000000  1.000000  1.000000
orientation T byte_order littleendian
Reading mask: /opt/freesurfer/average/711-2B_as_mni_average_305_mask.4dfp.img (2306576 pixels)
talsrcimg_g11.4dfp.img
       256       256       256         1
  1.000000  1.000000  1.000000
orientation T byte_order littleendian
Reading image: talsrcimg_g11.4dfp.img
dimensions:      256       256       256
mmppix:       1.0000   -1.0000   -1.0000
center:     128.0000 -129.0000 -129.0000
fimgreg.f
image alignment mode   3335 decimal      D07 hex
parameters
   -1.0941   24.7136   12.9043   -0.0067   -0.1056   -0.0993
   -1.1342   -0.2203    1.1429    4.4492    0.1696   -4.4514
eta,q 0.96641 12.57434
niter,ni,del,rscale     5    3    5.0000    1.2000
parameter  4  1.073874 ->  0.500000 qaram    1.1500
parameter  5  0.715478 ->  0.500000 qaram    1.1500
parameter 12  0.532288 ->  0.500000 qaram    1.1500
parameters
   -1.1128   24.5316   12.7149   -4.1467   -4.2456   -0.6462
   -1.0814    0.2202    1.8574    1.2389    2.9545   -8.5914
eta,q 0.97205 12.25562
  0.0377  0.0358  0.0351  0.0299  0.0295  0.0317  0.0327  0.0351  0.0317  0.0297  0.0307  0.0284
  0.0354  0.0345  0.0342  0.0303  0.0292  0.0305  0.0309  0.0321  0.0305  0.0288  0.0297  0.0280
  0.0340  0.0338  0.0337  0.0314  0.0296  0.0297  0.0298  0.0301  0.0297  0.0286  0.0290  0.0280
  0.0336  0.0336  0.0336  0.0336  0.0305  0.0292  0.0293  0.0293  0.0293  0.0293  0.0286  0.0284
  0.0342  0.0340  0.0339  0.0367  0.0319  0.0293  0.0297  0.0298  0.0294  0.0305  0.0284  0.0291
  0.0356  0.0350  0.0345  0.0403  0.0338  0.0307  0.0309  0.0313  0.0299  0.0322  0.0285  0.0302
  0.0377  0.0367  0.0356  0.0441  0.0363  0.0333  0.0327  0.0338  0.0310  0.0343  0.0288  0.0313
niter,ni,del,rscale     7    3    5.0000    1.2000
parameters
   -0.9834   24.5420   12.6943   -7.3145   -5.6029   -0.3636
   -1.6522    0.0765    1.5586    1.6190    2.3622   -8.6407
eta,q 0.97273 12.08611
  0.0327  0.0311  0.0298  0.0289  0.0300  0.0305  0.0303  0.0321  0.0296  0.0313  0.0283  0.0295
  0.0302  0.0294  0.0287  0.0279  0.0283  0.0289  0.0286  0.0294  0.0283  0.0291  0.0277  0.0283
  0.0286  0.0283  0.0281  0.0275  0.0274  0.0278  0.0276  0.0277  0.0275  0.0278  0.0273  0.0275
  0.0280  0.0279  0.0279  0.0279  0.0275  0.0273  0.0273  0.0273  0.0273  0.0273  0.0273  0.0273
  0.0283  0.0283  0.0282  0.0295  0.0284  0.0274  0.0280  0.0280  0.0277  0.0277  0.0275  0.0276
  0.0296  0.0294  0.0288  0.0325  0.0300  0.0283  0.0294  0.0297  0.0286  0.0289  0.0280  0.0284
  0.0318  0.0311  0.0298  0.0365  0.0321  0.0303  0.0314  0.0324  0.0300  0.0303  0.0287  0.0295
niter,ni,del,rscale     6    3    5.0000    1.2000
parameters
   -0.8914   24.6766   12.9956   -7.5722   -5.7626   -0.1189
   -1.6717    0.0962    1.6631    1.6646    2.2435   -8.5579
eta,q 0.97275 12.07508
  0.0317  0.0308  0.0296  0.0307  0.0308  0.0305  0.0308  0.0323  0.0298  0.0309  0.0285  0.0295
  0.0294  0.0290  0.0284  0.0290  0.0289  0.0289  0.0289  0.0295  0.0285  0.0288  0.0278  0.0283
  0.0279  0.0278  0.0276  0.0278  0.0276  0.0277  0.0277  0.0278  0.0276  0.0276  0.0274  0.0275
  0.0273  0.0273  0.0272  0.0272  0.0273  0.0273  0.0272  0.0272  0.0272  0.0272  0.0272  0.0272
  0.0276  0.0275  0.0273  0.0275  0.0278  0.0273  0.0277  0.0279  0.0275  0.0278  0.0274  0.0275
  0.0290  0.0285  0.0278  0.0289  0.0291  0.0283  0.0290  0.0296  0.0284  0.0290  0.0279  0.0283
  0.0312  0.0301  0.0286  0.0317  0.0310  0.0303  0.0308  0.0321  0.0297  0.0305  0.0285  0.0294
niter,ni,del,rscale     5    3    5.0000    1.2000
parameters
   -0.8812   24.6840   13.0696   -7.5537   -5.8195   -0.0555
   -1.6821    0.1005    1.6945    1.6482    2.2248   -8.4979
eta,q 0.97276 12.07540
  0.0314  0.0305  0.0292  0.0309  0.0308  0.0303  0.0308  0.0323  0.0298  0.0308  0.0285  0.0295
  0.0292  0.0287  0.0281  0.0291  0.0289  0.0288  0.0289  0.0295  0.0285  0.0288  0.0278  0.0283
  0.0278  0.0276  0.0275  0.0279  0.0277  0.0277  0.0277  0.0277  0.0276  0.0276  0.0274  0.0275
  0.0272  0.0272  0.0272  0.0272  0.0272  0.0272  0.0272  0.0272  0.0272  0.0272  0.0272  0.0272
  0.0277  0.0276  0.0275  0.0274  0.0278  0.0274  0.0277  0.0279  0.0275  0.0278  0.0274  0.0275
  0.0291  0.0287  0.0280  0.0287  0.0290  0.0284  0.0289  0.0296  0.0284  0.0291  0.0278  0.0283
  0.0314  0.0304  0.0289  0.0313  0.0309  0.0305  0.0308  0.0321  0.0298  0.0306  0.0285  0.0294
niter,ni,del,rscale     4    3    5.0000    1.2000
parameters
   -0.8783   24.6807   13.0898   -7.5487   -5.8354   -0.0436
   -1.6870    0.1035    1.6992    1.6334    2.2125   -8.4732
eta,q 0.97276 12.07510
  0.0314  0.0304  0.0291  0.0309  0.0308  0.0303  0.0308  0.0323  0.0298  0.0308  0.0285  0.0294
  0.0292  0.0287  0.0281  0.0291  0.0290  0.0287  0.0289  0.0295  0.0285  0.0288  0.0278  0.0283
  0.0278  0.0276  0.0274  0.0279  0.0277  0.0277  0.0277  0.0277  0.0276  0.0276  0.0274  0.0275
  0.0272  0.0272  0.0272  0.0272  0.0272  0.0272  0.0272  0.0272  0.0272  0.0272  0.0272  0.0272
  0.0277  0.0276  0.0275  0.0274  0.0278  0.0274  0.0277  0.0279  0.0275  0.0278  0.0274  0.0275
  0.0292  0.0288  0.0281  0.0287  0.0290  0.0284  0.0289  0.0296  0.0284  0.0290  0.0278  0.0283
  0.0315  0.0304  0.0290  0.0313  0.0308  0.0306  0.0308  0.0321  0.0298  0.0306  0.0285  0.0294
registration optimization eta report
parameter search radius
    2.4000    2.4000    2.4000    8.2800    8.2800    7.2000
    7.2000    7.2000    7.2000    7.2000    7.2000    8.2800
100000*second partial in parameter space
       72.       55.       32.        6.        5.        6.
        7.       10.        5.        7.        2.        3.
  0.0314  0.0304  0.0291  0.0309  0.0308  0.0303  0.0308  0.0323  0.0298  0.0308  0.0285  0.0294
  0.0292  0.0287  0.0281  0.0291  0.0290  0.0287  0.0289  0.0295  0.0285  0.0288  0.0278  0.0283
  0.0278  0.0276  0.0274  0.0279  0.0277  0.0277  0.0277  0.0277  0.0276  0.0276  0.0274  0.0275
  0.0272  0.0272  0.0272  0.0272  0.0272  0.0272  0.0272  0.0272  0.0272  0.0272  0.0272  0.0272
  0.0277  0.0276  0.0275  0.0274  0.0278  0.0274  0.0277  0.0279  0.0275  0.0278  0.0274  0.0275
  0.0292  0.0288  0.0281  0.0287  0.0290  0.0284  0.0289  0.0296  0.0284  0.0290  0.0278  0.0283
  0.0315  0.0304  0.0290  0.0313  0.0308  0.0306  0.0308  0.0321  0.0298  0.0306  0.0285  0.0294
   -0.8783   24.6807   13.0898   -7.5487   -5.8354   -0.0436
   -1.6870    0.1035    1.6992    1.6334    2.2125   -8.4732
eta,q 0.97276 12.07510

---------------------------------------------------------------------
imgreg_4dfp /opt/freesurfer/average/711-2C_as_mni_average_305 /opt/freesurfer/average/711-2B_as_mni_average_305_mask talsrcimg_g11 none talsrcimg_to_711-2C_as_mni_average_305_t4 2311
---------------------------------------------------------------------

freesurfer imgreg_4dfp.c
/opt/freesurfer/average/711-2C_as_mni_average_305.4dfp.img
       256       256       256         1
  1.000000  1.000000  1.000000
orientation T byte_order littleendian
Reading image: /opt/freesurfer/average/711-2C_as_mni_average_305.4dfp.img
dimensions:      256       256       256
mmppix:       1.0000   -1.0000   -1.0000
center:     128.0000 -129.0000 -129.0000
/opt/freesurfer/average/711-2B_as_mni_average_305_mask.4dfp.img
       256       256       256         1
  1.000000  1.000000  1.000000
orientation T byte_order littleendian
Reading mask: /opt/freesurfer/average/711-2B_as_mni_average_305_mask.4dfp.img (2306576 pixels)
talsrcimg_g11.4dfp.img
       256       256       256         1
  1.000000  1.000000  1.000000
orientation T byte_order littleendian
Reading image: talsrcimg_g11.4dfp.img
dimensions:      256       256       256
mmppix:       1.0000   -1.0000   -1.0000
center:     128.0000 -129.0000 -129.0000
fimgreg.f
image alignment mode   2311 decimal      907 hex
parameters
   -0.8783   24.6807   13.0898   -7.5487   -5.8354   -0.0436
   -1.6870    0.1035    1.6992    1.6334    2.2125   -8.4732
eta,q 0.97276 12.07511
niter,ni,del,rscale     5    3    5.0000    0.8000
parameters
   -0.8632   24.6664   13.0565   -6.9716   -5.9595    0.3242
   -1.6781    0.0218    1.7429    1.4549    2.1333   -8.4709
eta,q 0.97283 12.11178
  0.0292  0.0287  0.0280  0.0287  0.0285  0.0287  0.0289  0.0295  0.0284  0.0287  0.0277  0.0280
  0.0282  0.0279  0.0276  0.0280  0.0278  0.0279  0.0280  0.0281  0.0277  0.0278  0.0274  0.0275
  0.0275  0.0274  0.0273  0.0275  0.0273  0.0274  0.0274  0.0274  0.0273  0.0273  0.0272  0.0272
  0.0272  0.0272  0.0272  0.0272  0.0272  0.0272  0.0272  0.0272  0.0272  0.0272  0.0272  0.0272
  0.0274  0.0274  0.0274  0.0272  0.0274  0.0272  0.0274  0.0275  0.0273  0.0274  0.0272  0.0273
  0.0281  0.0279  0.0276  0.0276  0.0279  0.0275  0.0279  0.0283  0.0277  0.0281  0.0275  0.0275
  0.0292  0.0288  0.0281  0.0282  0.0286  0.0284  0.0289  0.0296  0.0284  0.0289  0.0278  0.0280
niter,ni,del,rscale     4    3    5.0000    0.7000
parameters
   -0.8728   24.6442   13.0891   -6.9109   -6.0933    0.3965
   -1.6932   -0.0163    1.7775    1.3886    2.0820   -8.4513
eta,q 0.97284 12.11090
  0.0287  0.0283  0.0278  0.0282  0.0282  0.0282  0.0285  0.0290  0.0281  0.0285  0.0276  0.0278
  0.0279  0.0277  0.0275  0.0277  0.0276  0.0276  0.0278  0.0279  0.0276  0.0277  0.0274  0.0274
  0.0273  0.0273  0.0272  0.0273  0.0273  0.0273  0.0273  0.0273  0.0273  0.0273  0.0272  0.0272
  0.0272  0.0272  0.0272  0.0272  0.0272  0.0272  0.0272  0.0272  0.0272  0.0272  0.0272  0.0272
  0.0273  0.0273  0.0272  0.0272  0.0273  0.0272  0.0273  0.0274  0.0273  0.0273  0.0272  0.0272
  0.0279  0.0277  0.0274  0.0276  0.0277  0.0275  0.0278  0.0280  0.0276  0.0278  0.0274  0.0274
  0.0287  0.0284  0.0278  0.0282  0.0283  0.0282  0.0285  0.0290  0.0281  0.0285  0.0276  0.0278
niter,ni,del,rscale     3    3    5.0000    0.6000
parameters
   -0.8700   24.6357   13.1020   -6.8341   -6.1554    0.4822
   -1.6876   -0.0390    1.7883    1.3590    2.0747   -8.4484
eta,q 0.97285 12.11495
  0.0283  0.0280  0.0276  0.0279  0.0279  0.0279  0.0281  0.0285  0.0279  0.0281  0.0275  0.0276
  0.0277  0.0275  0.0274  0.0276  0.0275  0.0275  0.0276  0.0277  0.0275  0.0276  0.0273  0.0274
  0.0273  0.0272  0.0272  0.0273  0.0272  0.0273  0.0273  0.0273  0.0272  0.0273  0.0272  0.0272
  0.0272  0.0272  0.0272  0.0272  0.0272  0.0272  0.0272  0.0272  0.0272  0.0272  0.0272  0.0272
  0.0273  0.0273  0.0272  0.0272  0.0272  0.0272  0.0272  0.0273  0.0272  0.0273  0.0272  0.0272
  0.0277  0.0276  0.0274  0.0275  0.0275  0.0274  0.0276  0.0278  0.0275  0.0276  0.0273  0.0274
  0.0283  0.0280  0.0276  0.0279  0.0280  0.0279  0.0281  0.0285  0.0278  0.0282  0.0275  0.0276
niter,ni,del,rscale     2    3    5.0000    0.5000
parameters
   -0.8686   24.6311   13.1110   -6.7663   -6.1847    0.5590
   -1.6691   -0.0597    1.7957    1.3648    2.0499   -8.4647
eta,q 0.97285 12.11997
  0.0279  0.0278  0.0275  0.0277  0.0277  0.0277  0.0278  0.0281  0.0276  0.0279  0.0274  0.0275
  0.0275  0.0274  0.0273  0.0274  0.0274  0.0274  0.0275  0.0276  0.0274  0.0275  0.0273  0.0273
  0.0272  0.0272  0.0272  0.0272  0.0272  0.0272  0.0273  0.0272  0.0272  0.0272  0.0272  0.0272
  0.0272  0.0272  0.0272  0.0272  0.0272  0.0272  0.0272  0.0272  0.0272  0.0272  0.0272  0.0272
  0.0272  0.0272  0.0272  0.0272  0.0272  0.0272  0.0272  0.0273  0.0272  0.0272  0.0272  0.0272
  0.0275  0.0274  0.0273  0.0274  0.0274  0.0273  0.0275  0.0276  0.0274  0.0275  0.0273  0.0273
  0.0279  0.0278  0.0275  0.0277  0.0277  0.0276  0.0279  0.0281  0.0276  0.0279  0.0274  0.0275
niter,ni,del,rscale     1    3    5.0000    0.4000
parameters
   -0.8704   24.6335   13.1150   -6.7148   -6.2107    0.6169
   -1.6383   -0.0913    1.8005    1.3631    2.0253   -8.4781
eta,q 0.97285 12.12359
  0.0277  0.0275  0.0274  0.0275  0.0275  0.0275  0.0276  0.0278  0.0275  0.0276  0.0273  0.0274
  0.0274  0.0273  0.0272  0.0273  0.0273  0.0273  0.0274  0.0274  0.0273  0.0274  0.0272  0.0272
  0.0272  0.0272  0.0272  0.0272  0.0272  0.0272  0.0272  0.0272  0.0272  0.0272  0.0272  0.0272
  0.0272  0.0272  0.0272  0.0272  0.0272  0.0271  0.0271  0.0272  0.0272  0.0272  0.0272  0.0272
  0.0272  0.0272  0.0272  0.0272  0.0272  0.0272  0.0272  0.0272  0.0272  0.0272  0.0272  0.0272
  0.0274  0.0273  0.0272  0.0273  0.0273  0.0273  0.0273  0.0274  0.0273  0.0274  0.0272  0.0272
  0.0277  0.0275  0.0274  0.0275  0.0275  0.0274  0.0276  0.0278  0.0275  0.0276  0.0273  0.0274
registration optimization eta report
parameter search radius
    0.8000    0.8000    0.8000    2.4000    2.4000    2.4000
    2.4000    2.4000    2.4000    2.4000    2.4000    2.4000
100000*second partial in parameter space
       81.       61.       33.        6.        6.        5.
        8.       11.        5.        8.        3.        4.
  0.0277  0.0275  0.0274  0.0275  0.0275  0.0275  0.0276  0.0278  0.0275  0.0276  0.0273  0.0274
  0.0274  0.0273  0.0272  0.0273  0.0273  0.0273  0.0274  0.0274  0.0273  0.0274  0.0272  0.0272
  0.0272  0.0272  0.0272  0.0272  0.0272  0.0272  0.0272  0.0272  0.0272  0.0272  0.0272  0.0272
  0.0272  0.0272  0.0272  0.0272  0.0272  0.0271  0.0271  0.0272  0.0272  0.0272  0.0272  0.0272
  0.0272  0.0272  0.0272  0.0272  0.0272  0.0272  0.0272  0.0272  0.0272  0.0272  0.0272  0.0272
  0.0274  0.0273  0.0272  0.0273  0.0273  0.0273  0.0273  0.0274  0.0273  0.0274  0.0272  0.0272
  0.0277  0.0275  0.0274  0.0275  0.0275  0.0274  0.0276  0.0278  0.0275  0.0276  0.0273  0.0274
   -0.8704   24.6335   13.1150   -6.7148   -6.2107    0.6169
   -1.6383   -0.0913    1.8005    1.3631    2.0253   -8.4781
eta,q 0.97285 12.12359

---------------------------------------------------------------------
imgreg_4dfp /opt/freesurfer/average/711-2C_as_mni_average_305 /opt/freesurfer/average/711-2B_as_mni_average_305_mask talsrcimg_g11 none talsrcimg_to_711-2C_as_mni_average_305_t4 2311
---------------------------------------------------------------------

freesurfer imgreg_4dfp.c
/opt/freesurfer/average/711-2C_as_mni_average_305.4dfp.img
       256       256       256         1
  1.000000  1.000000  1.000000
orientation T byte_order littleendian
Reading image: /opt/freesurfer/average/711-2C_as_mni_average_305.4dfp.img
dimensions:      256       256       256
mmppix:       1.0000   -1.0000   -1.0000
center:     128.0000 -129.0000 -129.0000
/opt/freesurfer/average/711-2B_as_mni_average_305_mask.4dfp.img
       256       256       256         1
  1.000000  1.000000  1.000000
orientation T byte_order littleendian
Reading mask: /opt/freesurfer/average/711-2B_as_mni_average_305_mask.4dfp.img (2306576 pixels)
talsrcimg_g11.4dfp.img
       256       256       256         1
  1.000000  1.000000  1.000000
orientation T byte_order littleendian
Reading image: talsrcimg_g11.4dfp.img
dimensions:      256       256       256
mmppix:       1.0000   -1.0000   -1.0000
center:     128.0000 -129.0000 -129.0000
fimgreg.f
image alignment mode   2311 decimal      907 hex
parameters
   -0.8704   24.6335   13.1150   -6.7149   -6.2107    0.6169
   -1.6383   -0.0913    1.8005    1.3631    2.0253   -8.4781
eta,q 0.97285 12.12359
niter,ni,del,rscale     5    3    5.0000    0.8000
parameters
   -0.8848   24.6406   13.1459   -6.9657   -6.1613    0.3405
   -1.7284    0.0072    1.7984    1.3885    2.1080   -8.3923
eta,q 0.97283 12.10253
  0.0291  0.0287  0.0280  0.0283  0.0286  0.0284  0.0288  0.0297  0.0284  0.0289  0.0278  0.0280
  0.0280  0.0278  0.0275  0.0277  0.0278  0.0277  0.0279  0.0283  0.0277  0.0280  0.0274  0.0275
  0.0274  0.0273  0.0272  0.0273  0.0273  0.0273  0.0274  0.0274  0.0273  0.0274  0.0272  0.0272
  0.0272  0.0272  0.0271  0.0272  0.0272  0.0272  0.0272  0.0272  0.0272  0.0272  0.0272  0.0272
  0.0274  0.0273  0.0272  0.0273  0.0273  0.0273  0.0274  0.0275  0.0273  0.0274  0.0272  0.0273
  0.0281  0.0278  0.0275  0.0278  0.0278  0.0278  0.0280  0.0282  0.0277  0.0280  0.0274  0.0275
  0.0292  0.0286  0.0279  0.0287  0.0285  0.0289  0.0289  0.0294  0.0284  0.0288  0.0277  0.0279
niter,ni,del,rscale     4    3    5.0000    0.7000
parameters
   -0.8688   24.6408   13.1126   -6.8962   -6.1198    0.4041
   -1.7133   -0.0099    1.7953    1.3636    2.0770   -8.4193
eta,q 0.97284 12.11016
  0.0287  0.0283  0.0278  0.0282  0.0283  0.0282  0.0285  0.0290  0.0281  0.0285  0.0276  0.0278
  0.0279  0.0277  0.0274  0.0277  0.0277  0.0276  0.0278  0.0280  0.0276  0.0278  0.0274  0.0274
  0.0274  0.0273  0.0272  0.0273  0.0273  0.0273  0.0273  0.0273  0.0273  0.0273  0.0272  0.0272
  0.0272  0.0272  0.0272  0.0272  0.0272  0.0272  0.0272  0.0272  0.0272  0.0272  0.0272  0.0272
  0.0273  0.0273  0.0273  0.0272  0.0273  0.0272  0.0273  0.0274  0.0273  0.0273  0.0272  0.0272
  0.0278  0.0277  0.0275  0.0276  0.0276  0.0275  0.0277  0.0280  0.0276  0.0278  0.0274  0.0275
  0.0287  0.0283  0.0278  0.0282  0.0282  0.0282  0.0285  0.0290  0.0281  0.0285  0.0276  0.0278
niter,ni,del,rscale     3    3    5.0000    0.6000
parameters
   -0.8672   24.6337   13.1101   -6.8335   -6.1608    0.4793
   -1.6939   -0.0382    1.7973    1.3540    2.0533   -8.4390
eta,q 0.97285 12.11446
  0.0283  0.0280  0.0276  0.0279  0.0279  0.0279  0.0281  0.0285  0.0278  0.0282  0.0275  0.0276
  0.0277  0.0275  0.0274  0.0276  0.0275  0.0275  0.0276  0.0277  0.0275  0.0276  0.0273  0.0274
  0.0273  0.0272  0.0272  0.0273  0.0272  0.0273  0.0273  0.0273  0.0272  0.0273  0.0272  0.0272
  0.0272  0.0272  0.0272  0.0272  0.0272  0.0272  0.0272  0.0272  0.0272  0.0272  0.0272  0.0272
  0.0273  0.0273  0.0272  0.0272  0.0272  0.0272  0.0272  0.0273  0.0272  0.0273  0.0272  0.0272
  0.0277  0.0276  0.0274  0.0275  0.0275  0.0274  0.0276  0.0278  0.0275  0.0276  0.0273  0.0274
  0.0283  0.0280  0.0276  0.0279  0.0280  0.0279  0.0281  0.0285  0.0279  0.0282  0.0275  0.0276
niter,ni,del,rscale     2    3    5.0000    0.5000
parameters
   -0.8672   24.6295   13.1126   -6.7646   -6.1885    0.5524
   -1.6742   -0.0640    1.8019    1.3545    2.0530   -8.4631
eta,q 0.97285 12.11943
  0.0280  0.0278  0.0275  0.0277  0.0277  0.0277  0.0278  0.0281  0.0276  0.0279  0.0274  0.0275
  0.0275  0.0274  0.0273  0.0274  0.0274  0.0274  0.0275  0.0276  0.0274  0.0275  0.0273  0.0273
  0.0272  0.0272  0.0272  0.0272  0.0272  0.0272  0.0272  0.0272  0.0272  0.0272  0.0272  0.0272
  0.0272  0.0272  0.0272  0.0272  0.0272  0.0272  0.0272  0.0271  0.0272  0.0272  0.0272  0.0272
  0.0272  0.0272  0.0272  0.0272  0.0272  0.0272  0.0272  0.0273  0.0272  0.0272  0.0272  0.0272
  0.0275  0.0274  0.0273  0.0274  0.0274  0.0273  0.0275  0.0276  0.0274  0.0275  0.0273  0.0273
  0.0280  0.0278  0.0275  0.0277  0.0277  0.0276  0.0278  0.0281  0.0276  0.0279  0.0274  0.0275
niter,ni,del,rscale     1    3    5.0000    0.4000
parameters
   -0.8709   24.6306   13.1146   -6.7108   -6.2134    0.6090
   -1.6416   -0.0903    1.7900    1.3656    2.0411   -8.4792
eta,q 0.97285 12.12329
  0.0277  0.0275  0.0274  0.0275  0.0275  0.0275  0.0276  0.0278  0.0275  0.0276  0.0273  0.0274
  0.0274  0.0273  0.0272  0.0273  0.0273  0.0273  0.0274  0.0274  0.0273  0.0274  0.0272  0.0272
  0.0272  0.0272  0.0272  0.0272  0.0272  0.0272  0.0272  0.0272  0.0272  0.0272  0.0272  0.0272
  0.0272  0.0272  0.0272  0.0272  0.0272  0.0271  0.0271  0.0272  0.0271  0.0271  0.0271  0.0271
  0.0272  0.0272  0.0272  0.0272  0.0272  0.0272  0.0272  0.0272  0.0272  0.0272  0.0272  0.0272
  0.0274  0.0273  0.0272  0.0273  0.0273  0.0273  0.0273  0.0274  0.0273  0.0273  0.0272  0.0272
  0.0277  0.0275  0.0274  0.0275  0.0275  0.0274  0.0276  0.0278  0.0275  0.0276  0.0273  0.0274
registration optimization eta report
parameter search radius
    0.8000    0.8000    0.8000    2.4000    2.4000    2.4000
    2.4000    2.4000    2.4000    2.4000    2.4000    2.4000
100000*second partial in parameter space
       80.       60.       33.        6.        6.        5.
        8.       11.        5.        8.        3.        4.
  0.0277  0.0275  0.0274  0.0275  0.0275  0.0275  0.0276  0.0278  0.0275  0.0276  0.0273  0.0274
  0.0274  0.0273  0.0272  0.0273  0.0273  0.0273  0.0274  0.0274  0.0273  0.0274  0.0272  0.0272
  0.0272  0.0272  0.0272  0.0272  0.0272  0.0272  0.0272  0.0272  0.0272  0.0272  0.0272  0.0272
  0.0272  0.0272  0.0272  0.0272  0.0272  0.0271  0.0271  0.0272  0.0271  0.0271  0.0271  0.0271
  0.0272  0.0272  0.0272  0.0272  0.0272  0.0272  0.0272  0.0272  0.0272  0.0272  0.0272  0.0272
  0.0274  0.0273  0.0272  0.0273  0.0273  0.0273  0.0273  0.0274  0.0273  0.0273  0.0272  0.0272
  0.0277  0.0275  0.0274  0.0275  0.0275  0.0274  0.0276  0.0278  0.0275  0.0276  0.0273  0.0274
   -0.8709   24.6306   13.1146   -6.7108   -6.2134    0.6090
   -1.6416   -0.0903    1.7900    1.3656    2.0411   -8.4792
eta,q 0.97285 12.12329

---------------------------------------------------------------------
compute_vox2vox talsrcimg talsrcimg_to_711-2C_as_mni_average_305_t4 /opt/freesurfer/average/711-2C_as_mni_average_305
---------------------------------------------------------------------

freesurfer compute_vox2vox.c
Reading: talsrcimg.4dfp.ifh
Reading: talsrcimg_to_711-2C_as_mni_average_305_t4
Reading: /opt/freesurfer/average/711-2C_as_mni_average_305.4dfp.ifh
Writing: talsrcimg_to_711-2C_as_mni_average_305_t4_vox2vox.txt

start time Tue Mar 10 03:47:23 CET 2026
end		time Tue Mar 10 03:47:36 CET 2026

mpr2mni305 success

avi2talxfm orig_nu.mgz /opt/freesurfer/average/mni305.cor.mgz talsrcimg_to_711-2C_as_mni_average_305_t4_vox2vox.txt transforms/talairach.auto.xfm
avi2talxfm done
mv -f /out/sourcedata/freesurfer/sub-v1s5x0050732_ses-1/mri/talsrcimg_to_711-2C_as_mni_average_305_t4_vox2vox.txt /out/sourcedata/freesurfer/sub-v1s5x0050732_ses-1/mri/transforms/talsrcimg_to_711-2C_as_mni_average_305_t4_vox2vox.txt
lta_convert --src orig_nu.mgz --trg /opt/freesurfer/average/mni305.cor.mgz --inxfm transforms/talairach.auto.xfm --outlta transforms/talairach.auto.xfm.lta --subject fsaverage
7.3.2

--src: orig_nu.mgz src image (geometry).
--trg: /opt/freesurfer/average/mni305.cor.mgz trg image (geometry).
--inmni: transforms/talairach.auto.xfm input MNI/XFM transform.
--outlta: transforms/talairach.auto.xfm.lta output LTA.
--s: fsaverage subject name
 LTA read, type : 1
 1.07156   0.00071   0.01882  -0.89821;
-0.02343   0.99271   0.08934  -29.81599;
-0.02011  -0.01447   1.06459  -2.95297;
 0.00000   0.00000   0.00000   1.00000;
setting subject to fsaverage
Writing  LTA to file transforms/talairach.auto.xfm.lta...
lta_convert successful.
 
 
Started at Tue Mar 10 03:47:23 CET 2026
Ended   at Tue Mar 10 03:47:37 CET 2026
talairach_avi done
