/out/sourcedata/freesurfer/sub-v1s5x0050736_ses-1/mri
/opt/freesurfer/bin/talairach_avi
--i orig_nu.mgz --xfm transforms/talairach.auto.xfm
talairach_avi 7.3.2
Linux dna061 5.14.0-427.37.1.el9_4.x86_64 #1 SMP PREEMPT_DYNAMIC Fri Sep 13 12:41:50 EDT 2024 x86_64 x86_64 x86_64 GNU/Linux
Tue Mar 10 04:10:26 CET 2026
mri_convert orig_nu.mgz talsrcimg.img 
reading from orig_nu.mgz...
TR=0.00, TE=0.00, TI=0.00, flip angle=0.00
i_ras = (-1, -1.15542e-08, -7.45058e-09)
j_ras = (-7.45058e-09, -2.32831e-10, -1)
k_ras = (-3.3906e-09, 1, 0)
writing to talsrcimg.img...
Analyze Output Matrix
-1.00000  -0.00000  -0.00000   131.73901;
-0.00000  -0.00000   1.00000  -127.15808;
-0.00000  -1.00000   0.00000   142.23938;
 0.00000   0.00000   0.00000   1.00000;
--------------------
INFO: set hdr.hist.orient to -1
mpr2mni305 talsrcimg
Tue Mar 10 04:10:26 CET 2026
/opt/freesurfer/bin/mpr2mni305 talsrcimg
mpr2mni305 7.3.2
target=711-2C_as_mni_average_305

---------------------------------------------------------------------
analyzeto4dfp talsrcimg -O0 -y
---------------------------------------------------------------------

freesurfer ifh2hdr.c
Tue Mar 10 04:10:26 2026
Writing: talsrcimg.4dfp.hdr
freesurfer analyzeto4dfp.c
Reading: talsrcimg.hdr
header size 348 bytes
hdr.dime.datatype	offset=70	value=2
hdr.dime.bitpix		offset=72	value=8
hdr.hist.orient		offset=252	value=-1
dimensionality     4
dimensions       256       256       256         1
Reading: talsrcimg.img
Writing: talsrcimg.4dfp.img
Writing: talsrcimg.4dfp.ifh
ifh2hdr talsrcimg -r0to237
ori=2

---------------------------------------------------------------------
gauss_4dfp talsrcimg 1.1
---------------------------------------------------------------------

freesurfer gauss_4dfp.c
Reading: talsrcimg.4dfp.img
Writing: talsrcimg_g11.4dfp.img
image dimensions 256 256 256 padded to 288 288 288
processing volume 1freesurfer ifh2hdr.c
Tue Mar 10 04:10:28 2026
Writing: talsrcimg_g11.4dfp.hdr

Writing: talsrcimg_g11.4dfp.ifh
including: talsrcimg.4dfp.img.rec in talsrcimg_g11.4dfp.img.rec

---------------------------------------------------------------------
imgreg_4dfp /opt/freesurfer/average/711-2C_as_mni_average_305 none talsrcimg_g11 none talsrcimg_to_711-2C_as_mni_average_305_t4 4355
---------------------------------------------------------------------

freesurfer imgreg_4dfp.c
/opt/freesurfer/average/711-2C_as_mni_average_305.4dfp.img
       256       256       256         1
  1.000000  1.000000  1.000000
orientation T byte_order littleendian
Reading image: /opt/freesurfer/average/711-2C_as_mni_average_305.4dfp.img
dimensions:      256       256       256
mmppix:       1.0000   -1.0000   -1.0000
center:     128.0000 -129.0000 -129.0000
talsrcimg_g11.4dfp.img
       256       256       256         1
  1.000000  1.000000  1.000000
orientation T byte_order littleendian
Reading image: talsrcimg_g11.4dfp.img
dimensions:      256       256       256
mmppix:       1.0000   -1.0000   -1.0000
center:     128.0000 -129.0000 -129.0000
t4_read: open error in t4_sub.f l:  41 t4_file(1:l)talsrcimg_to_711-2C_as_mni_average_305_t4 
t4_read: transform initialized to I4
rotation matrix determinant  1.000000
image alignment mode   4355 decimal     1103 hex
   -7.5000  -45.0000  -45.0000 8043.0991   17.0880
    0.0000  -45.0000  -45.0000 8318.0654   17.0845
    7.5000  -45.0000  -45.0000 7953.3516   17.0720
   -7.5000  -37.5000  -45.0000 8499.6279   17.0374
    0.0000  -37.5000  -45.0000 8791.0010   17.0314
    7.5000  -37.5000  -45.0000 8432.2881   17.0189
   -7.5000  -30.0000  -45.0000 9329.0801   17.0478
    0.0000  -30.0000  -45.0000 9630.1729   17.0454
    7.5000  -30.0000  -45.0000 9237.6240   17.0398
   -7.5000  -22.5000  -45.000010157.6826   17.0428
    0.0000  -22.5000  -45.000010512.9814   17.0461
    7.5000  -22.5000  -45.000010074.5303   17.0470
   -7.5000  -15.0000  -45.000010980.9668   17.0200
    0.0000  -15.0000  -45.000011349.7422   17.0249
    7.5000  -15.0000  -45.000010883.3467   17.0267
   -7.5000   -7.5000  -45.000011653.6113   17.0028
    0.0000   -7.5000  -45.000012038.2607   17.0044
    7.5000   -7.5000  -45.000011554.7725   16.9999
   -7.5000    0.0000  -45.000011940.6875   17.0087
    0.0000    0.0000  -45.000012387.9502   17.0053
    7.5000    0.0000  -45.000011881.9502   16.9928
   -7.5000    7.5000  -45.000011284.8965   17.0309
    0.0000    7.5000  -45.000011713.6123   17.0249
    7.5000    7.5000  -45.000011237.4209   17.0124
   -7.5000   15.0000  -45.000010606.7881   17.0474
    0.0000   15.0000  -45.000011038.0381   17.0450
    7.5000   15.0000  -45.000010592.3457   17.0395
   -7.5000   22.5000  -45.0000 9916.8848   17.0401
    0.0000   22.5000  -45.000010322.0879   17.0435
    7.5000   22.5000  -45.0000 9911.3154   17.0444
   -7.5000   30.0000  -45.0000 9177.2070   16.7931
    0.0000   30.0000  -45.0000 9547.1172   16.7979
    7.5000   30.0000  -45.0000 9184.0254   16.7997
   -7.5000   37.5000  -45.0000 8762.2549   16.7815
    0.0000   37.5000  -45.0000 9106.6777   16.7829
    7.5000   37.5000  -45.0000 8769.4502   16.7785
   -7.5000   45.0000  -45.0000 8114.8799   16.8050
    0.0000   45.0000  -45.0000 8416.3770   16.8012
    7.5000   45.0000  -45.0000 8088.2412   16.7891
   -7.5000  -45.0000  -37.5000 8493.0000   17.0594
    0.0000  -45.0000  -37.5000 8796.5811   17.0488
    7.5000  -45.0000  -37.5000 8376.8252   17.0302
   -7.5000  -37.5000  -37.5000 8998.5518   17.0119
    0.0000  -37.5000  -37.5000 9331.4717   16.9971
    7.5000  -37.5000  -37.5000 8905.8389   16.9770
   -7.5000  -30.0000  -37.5000 9932.6729   17.0229
    0.0000  -30.0000  -37.500010270.1270   17.0138
    7.5000  -30.0000  -37.5000 9786.7783   17.0012
   -7.5000  -22.5000  -37.500010816.9541   17.0146
    0.0000  -22.5000  -37.500011214.2676   17.0163
    7.5000  -22.5000  -37.500010710.7549   17.0118
   -7.5000  -15.0000  -37.500011640.6240   16.9884
    0.0000  -15.0000  -37.500012063.6650   16.9941
    7.5000  -15.0000  -37.500011554.0889   16.9918
   -7.5000   -7.5000  -37.500012322.8193   16.9713
    0.0000   -7.5000  -37.500012754.5527   16.9708
    7.5000   -7.5000  -37.500012217.2168   16.9619
   -7.5000    0.0000  -37.500012601.5215   16.9803
    0.0000    0.0000  -37.500013103.3174   16.9700
    7.5000    0.0000  -37.500012590.2080   16.9514
   -7.5000    7.5000  -37.500011932.2178   17.0054
    0.0000    7.5000  -37.500012422.1416   16.9906
    7.5000    7.5000  -37.500011926.0850   16.9705
   -7.5000   15.0000  -37.500011212.2773   17.0226
    0.0000   15.0000  -37.500011709.4355   17.0134
    7.5000   15.0000  -37.500011236.6201   17.0008
   -7.5000   22.5000  -37.500010466.2920   17.0120
    0.0000   22.5000  -37.500010942.1846   17.0137
    7.5000   22.5000  -37.500010493.5215   17.0092
   -7.5000   30.0000  -37.5000 9685.2520   16.7619
    0.0000   30.0000  -37.500010099.8418   16.7675
    7.5000   30.0000  -37.5000 9686.2607   16.7653
   -7.5000   37.5000  -37.5000 9254.7168   16.7502
    0.0000   37.5000  -37.5000 9621.3672   16.7498
    7.5000   37.5000  -37.5000 9221.6699   16.7410
   -7.5000   45.0000  -37.5000 8551.1504   16.7717
    0.0000   45.0000  -37.5000 8891.9941   16.7618
    7.5000   45.0000  -37.5000 8511.4766   16.7442
   -7.5000  -45.0000  -30.0000 9071.0508   17.7525
    0.0000  -45.0000  -30.0000 9406.0967   17.7406
    7.5000  -45.0000  -30.0000 8979.1396   17.7187
   -7.5000  -37.5000  -30.0000 9633.0605   17.7070
    0.0000  -37.5000  -30.000010000.5312   17.6896
    7.5000  -37.5000  -30.0000 9541.3564   17.6646
   -7.5000  -30.0000  -30.000010616.3760   17.7213
    0.0000  -30.0000  -30.000011010.7178   17.7128
    7.5000  -30.0000  -30.000010499.6240   17.6934
   -7.5000  -22.5000  -30.000011547.1230   17.7108
    0.0000  -22.5000  -30.000012004.9297   17.7179
    7.5000  -22.5000  -30.000011466.5557   17.7073
   -7.5000  -15.0000  -30.000012406.7402   17.6793
    0.0000  -15.0000  -30.000012913.7627   17.6923
    7.5000  -15.0000  -30.000012366.3740   17.6860
   -7.5000   -7.5000  -30.000013117.6484   17.6596
    0.0000   -7.5000  -30.000013617.3633   17.6628
    7.5000   -7.5000  -30.000013044.6582   17.6509
   -7.5000    0.0000  -30.000013434.8789   17.6703
    0.0000    0.0000  -30.000014033.4561   17.6587
    7.5000    0.0000  -30.000013467.9697   17.6368
   -7.5000    7.5000  -30.000012711.4033   17.7003
    0.0000    7.5000  -30.000013310.9688   17.6830
    7.5000    7.5000  -30.000012744.5811   17.6579
   -7.5000   15.0000  -30.000011962.4131   17.7209
    0.0000   15.0000  -30.000012551.1514   17.7125
    7.5000   15.0000  -30.000011999.1543   17.6931
   -7.5000   22.5000  -30.000011153.0684   17.7062
    0.0000   22.5000  -30.000011709.7393   17.7134
    7.5000   22.5000  -30.000011195.5430   17.7028
   -7.5000   30.0000  -30.000010320.9785   17.4453
    0.0000   30.0000  -30.000010794.7324   17.4581
    7.5000   30.0000  -30.000010304.9561   17.4519
   -7.5000   37.5000  -30.0000 9842.0723   17.4312
    0.0000   37.5000  -30.000010273.0020   17.4342
    7.5000   37.5000  -30.0000 9797.7002   17.4226
   -7.5000   45.0000  -30.0000 9090.5996   17.4648
    0.0000   45.0000  -30.0000 9481.5576   17.4544
    7.5000   45.0000  -30.0000 9044.5459   17.4323
   -7.5000  -45.0000  -22.5000 9633.7070   18.3654
    0.0000  -45.0000  -22.5000 9995.4805   18.3593
    7.5000  -45.0000  -22.5000 9563.4902   18.3419
   -7.5000  -37.5000  -22.500010223.4531   18.3201
    0.0000  -37.5000  -22.500010632.4102   18.3111
    7.5000  -37.5000  -22.500010146.1787   18.2900
   -7.5000  -30.0000  -22.500011270.1836   18.3393
    0.0000  -30.0000  -22.500011702.2246   18.3411
    7.5000  -30.0000  -22.500011168.6162   18.3228
   -7.5000  -22.5000  -22.500012281.6377   18.3307
    0.0000  -22.5000  -22.500012735.5566   18.3471
    7.5000  -22.5000  -22.500012182.8232   18.3362
   -7.5000  -15.0000  -22.500013190.9131   18.2968
    0.0000  -15.0000  -22.500013695.0938   18.3167
    7.5000  -15.0000  -22.500013116.6035   18.3107
   -7.5000   -7.5000  -22.500013834.8574   18.2722
    0.0000   -7.5000  -22.500014404.8252   18.2807
    7.5000   -7.5000  -22.500013794.4082   18.2712
   -7.5000    0.0000  -22.500014208.4346   18.2802
    0.0000    0.0000  -22.500014864.6992   18.2744
    7.5000    0.0000  -22.500014271.2285   18.2569
   -7.5000    7.5000  -22.500013459.1133   18.3132
    0.0000    7.5000  -22.500014076.2070   18.3042
    7.5000    7.5000  -22.500013498.6904   18.2830
   -7.5000   15.0000  -22.500012664.0010   18.3389
    0.0000   15.0000  -22.500013270.1494   18.3407
    7.5000   15.0000  -22.500012710.3691   18.3224
   -7.5000   22.5000  -22.500011807.6074   18.3247
    0.0000   22.5000  -22.500012387.4922   18.3412
    7.5000   22.5000  -22.500011860.3281   18.3302
   -7.5000   30.0000  -22.500010900.0234   18.0573
    0.0000   30.0000  -22.500011398.7246   18.0770
    7.5000   30.0000  -22.500010908.0479   18.0711
   -7.5000   37.5000  -22.500010386.0654   18.0386
    0.0000   37.5000  -22.500010857.7734   18.0469
    7.5000   37.5000  -22.500010347.2881   18.0376
   -7.5000   45.0000  -22.5000 9567.6562   18.0867
    0.0000   45.0000  -22.500010024.6865   18.0820
    7.5000   45.0000  -22.5000 9547.4658   18.0619
   -7.5000  -45.0000  -15.000010182.1211   18.8306
    0.0000  -45.0000  -15.000010592.1719   18.8322
    7.5000  -45.0000  -15.000010135.3223   18.8214
   -7.5000  -37.5000  -15.000010811.7578   18.7816
    0.0000  -37.5000  -15.000011251.2930   18.7834
    7.5000  -37.5000  -15.000010750.1885   18.7702
   -7.5000  -30.0000  -15.000011874.5547   18.8019
    0.0000  -30.0000  -15.000012377.4482   18.8137
    7.5000  -30.0000  -15.000011842.2061   18.8031
   -7.5000  -22.5000  -15.000012926.5127   18.7972
    0.0000  -22.5000  -15.000013464.7715   18.8186
    7.5000  -22.5000  -15.000012929.8965   18.8137
   -7.5000  -15.0000  -15.000013888.5488   18.7657
    0.0000  -15.0000  -15.000014449.4678   18.7870
    7.5000  -15.0000  -15.000013900.8125   18.7859
   -7.5000   -7.5000  -15.000014511.9160   18.7391
    0.0000   -7.5000  -15.000015105.7451   18.7505
    7.5000   -7.5000  -15.000014515.5840   18.7462
   -7.5000    0.0000  -15.000014882.6592   18.7432
    0.0000    0.0000  -15.000015508.8330   18.7449
    7.5000    0.0000  -15.000014944.2773   18.7341
   -7.5000    7.5000  -15.000014096.6299   18.7744
    0.0000    7.5000  -15.000014691.8496   18.7763
    7.5000    7.5000  -15.000014167.4033   18.7631
   -7.5000   15.0000  -15.000013275.1484   18.8015
    0.0000   15.0000  -15.000013845.5742   18.8133
    7.5000   15.0000  -15.000013329.9316   18.8027
   -7.5000   22.5000  -15.000012390.7549   18.7902
    0.0000   22.5000  -15.000012914.4277   18.8117
    7.5000   22.5000  -15.000012446.8408   18.8067
   -7.5000   30.0000  -15.000011427.0273   18.5228
    0.0000   30.0000  -15.000011916.9756   18.5437
    7.5000   30.0000  -15.000011440.6504   18.5427
   -7.5000   37.5000  -15.000010891.4463   18.5023
    0.0000   37.5000  -15.000011347.6943   18.5134
    7.5000   37.5000  -15.000010852.6338   18.5091
   -7.5000   45.0000  -15.000010013.7051   18.5621
    0.0000   45.0000  -15.000010463.3477   18.5641
    7.5000   45.0000  -15.0000 9995.9180   18.5496
   -7.5000  -45.0000   -7.500010769.0098   19.0775
    0.0000  -45.0000   -7.500011188.9160   19.0802
    7.5000  -45.0000   -7.500010722.8467   19.0712
   -7.5000  -37.5000   -7.500011412.2119   19.0224
    0.0000  -37.5000   -7.500011855.4004   19.0249
    7.5000  -37.5000   -7.500011398.9219   19.0151
   -7.5000  -30.0000   -7.500012485.4619   19.0378
    0.0000  -30.0000   -7.500013014.9629   19.0464
    7.5000  -30.0000   -7.500012546.8799   19.0418
   -7.5000  -22.5000   -7.500013583.3633   19.0346
    0.0000  -22.5000   -7.500014136.6279   19.0489
    7.5000  -22.5000   -7.500013653.3438   19.0499
   -7.5000  -15.0000   -7.500014601.9307   19.0083
    0.0000  -15.0000   -7.500015193.0420   19.0220
    7.5000  -15.0000   -7.500014698.8193   19.0250
   -7.5000   -7.5000   -7.500015209.9141   18.9853
    0.0000   -7.5000   -7.500015838.8926   18.9935
    7.5000   -7.5000   -7.500015335.9492   18.9914
   -7.5000    0.0000   -7.500015552.0928   18.9890
    0.0000    0.0000   -7.500016207.9121   18.9917
    7.5000    0.0000   -7.500015758.0459   18.9825
   -7.5000    7.5000   -7.500014731.5195   19.0151
    0.0000    7.5000   -7.500015310.2998   19.0176
    7.5000    7.5000   -7.500014913.3809   19.0079
   -7.5000   15.0000   -7.500013889.1699   19.0374
    0.0000   15.0000   -7.500014435.4385   19.0460
    7.5000   15.0000   -7.500014011.7080   19.0414
   -7.5000   22.5000   -7.500012979.5273   19.0255
    0.0000   22.5000   -7.500013504.0342   19.0398
    7.5000   22.5000   -7.500013078.8379   19.0408
   -7.5000   30.0000   -7.500011977.1338   18.7616
    0.0000   30.0000   -7.500012453.1396   18.7752
    7.5000   30.0000   -7.500012029.5312   18.7781
   -7.5000   37.5000   -7.500011374.8760   18.7450
    0.0000   37.5000   -7.500011831.4082   18.7530
    7.5000   37.5000   -7.500011379.8867   18.7509
   -7.5000   45.0000   -7.500010441.6377   18.8091
    0.0000   45.0000   -7.500010931.6973   18.8114
    7.5000   45.0000   -7.500010462.7891   18.8003
   -7.5000  -45.0000    0.000011311.2578   19.1181
    0.0000  -45.0000    0.000011764.9121   19.1141
    7.5000  -45.0000    0.000011247.8262   19.1003
   -7.5000  -37.5000    0.000011950.2344   19.0614
    0.0000  -37.5000    0.000012425.8770   19.0548
    7.5000  -37.5000    0.000011948.3125   19.0408
   -7.5000  -30.0000    0.000013061.3271   19.0732
    0.0000  -30.0000    0.000013560.5957   19.0706
    7.5000  -30.0000    0.000013105.7998   19.0644
   -7.5000  -22.5000    0.000014189.2031   19.0677
    0.0000  -22.5000    0.000014737.7539   19.0716
    7.5000  -22.5000    0.000014244.7666   19.0726
   -7.5000  -15.0000    0.000015230.3955   19.0423
    0.0000  -15.0000    0.000015850.0801   19.0478
    7.5000  -15.0000    0.000015337.3291   19.0499
   -7.5000   -7.5000    0.000015857.9424   19.0229
    0.0000   -7.5000    0.000016511.4648   19.0247
    7.5000   -7.5000    0.000015999.0264   19.0198
   -7.5000    0.0000    0.000016204.2373   19.0294
    0.0000    0.0000    0.000016876.1836   19.0256
    7.5000    0.0000    0.000016495.1230   19.0117
   -7.5000    7.5000    0.000015362.6230   19.0542
    0.0000    7.5000    0.000015917.4443   19.0475
    7.5000    7.5000    0.000015607.8174   19.0335
   -7.5000   15.0000    0.000014493.1152   19.0728
    0.0000   15.0000    0.000015005.7637   19.0702
    7.5000   15.0000    0.000014656.2812   19.0640
   -7.5000   22.5000    0.000013523.3193   19.0586
    0.0000   22.5000    0.000014035.7031   19.0625
    7.5000   22.5000    0.000013677.0371   19.0635
   -7.5000   30.0000    0.000012450.7246   18.7958
    0.0000   30.0000    0.000012921.4023   18.8012
    7.5000   30.0000    0.000012563.8350   18.8033
   -7.5000   37.5000    0.000011757.3574   18.7826
    0.0000   37.5000    0.000012226.4619   18.7843
    7.5000   37.5000    0.000011847.0820   18.7794
   -7.5000   45.0000    0.000010801.5791   18.8456
    0.0000   45.0000    0.000011309.0605   18.8414
    7.5000   45.0000    0.000010862.7617   18.8280
   -7.5000  -45.0000    7.500010969.9336   19.0898
    0.0000  -45.0000    7.500011432.1416   19.0780
    7.5000  -45.0000    7.500010900.8721   19.0571
   -7.5000  -37.5000    7.500011586.0205   19.0366
    0.0000  -37.5000    7.500012063.7158   19.0201
    7.5000  -37.5000    7.500011583.4062   18.9976
   -7.5000  -30.0000    7.500012629.6982   19.0489
    0.0000  -30.0000    7.500013143.8184   19.0387
    7.5000  -30.0000    7.500012680.0488   19.0246
   -7.5000  -22.5000    7.500013713.7949   19.0396
    0.0000  -22.5000    7.500014260.5713   19.0415
    7.5000  -22.5000    7.500013753.7637   19.0364
   -7.5000  -15.0000    7.500014722.9727   19.0102
    0.0000  -15.0000    7.500015313.8584   19.0166
    7.5000  -15.0000    7.500014783.2998   19.0141
   -7.5000   -7.5000    7.500015318.2383   18.9911
    0.0000   -7.5000    7.500015942.3389   18.9907
    7.5000   -7.5000    7.500015427.3799   18.9807
   -7.5000    0.0000    7.500015734.0713   19.0013
    0.0000    0.0000    7.500016294.9277   18.9898
    7.5000    0.0000    7.500015900.1963   18.9689
   -7.5000    7.5000    7.500014872.5156   19.0294
    0.0000    7.5000    7.500015283.0508   19.0128
    7.5000    7.5000    7.500015000.6836   18.9903
   -7.5000   15.0000    7.500013983.6250   19.0485
    0.0000   15.0000    7.500014388.1201   19.0383
    7.5000   15.0000    7.500014104.6523   19.0242
   -7.5000   22.5000    7.500013027.9023   19.0305
    0.0000   22.5000    7.500013466.5889   19.0324
    7.5000   22.5000    7.500013186.8574   19.0274
   -7.5000   30.0000    7.500011990.8779   18.7641
    0.0000   30.0000    7.500012394.5605   18.7704
    7.5000   30.0000    7.500012104.6240   18.7679
   -7.5000   37.5000    7.500011368.1494   18.7510
    0.0000   37.5000    7.500011734.0293   18.7506
    7.5000   37.5000    7.500011390.1934   18.7407
   -7.5000   45.0000    7.500010442.1055   18.8120
    0.0000   45.0000    7.500010837.0928   18.8009
    7.5000   45.0000    7.500010416.8750   18.7812
   -7.5000  -45.0000   15.000010483.7441   19.0633
    0.0000  -45.0000   15.000010924.0391   19.0504
    7.5000  -45.0000   15.000010434.7344   19.0270
   -7.5000  -37.5000   15.000011095.2617   19.0144
    0.0000  -37.5000   15.000011548.1777   18.9958
    7.5000  -37.5000   15.000011095.9736   18.9689
   -7.5000  -30.0000   15.000012108.0225   19.0297
    0.0000  -30.0000   15.000012605.3145   19.0206
    7.5000  -30.0000   15.000012132.2109   18.9998
   -7.5000  -22.5000   15.000013110.7217   19.0184
    0.0000  -22.5000   15.000013697.5859   19.0261
    7.5000  -22.5000   15.000013168.0859   19.0147
   -7.5000  -15.0000   15.000014068.6777   18.9847
    0.0000  -15.0000   15.000014676.6514   18.9986
    7.5000  -15.0000   15.000014149.4512   18.9918
   -7.5000   -7.5000   15.000014607.4580   18.9635
    0.0000   -7.5000   15.000015204.8564   18.9669
    7.5000   -7.5000   15.000014726.0459   18.9542
   -7.5000    0.0000   15.000015042.8799   18.9749
    0.0000    0.0000   15.000015577.5566   18.9625
    7.5000    0.0000   15.000015128.6172   18.9390
   -7.5000    7.5000   15.000014321.9092   19.0072
    0.0000    7.5000   15.000014803.5117   18.9886
    7.5000    7.5000   15.000014375.6934   18.9617
   -7.5000   15.0000   15.000013536.1963   19.0294
    0.0000   15.0000   15.000013975.9570   19.0203
    7.5000   15.0000   15.000013580.0811   18.9994
   -7.5000   22.5000   15.000012629.6113   19.0094
    0.0000   22.5000   15.000013038.6230   19.0170
    7.5000   22.5000   15.000012643.6992   19.0057
   -7.5000   30.0000   15.000011570.3086   18.7389
    0.0000   30.0000   15.000011931.9160   18.7526
    7.5000   30.0000   15.000011562.1777   18.7459
   -7.5000   37.5000   15.000010951.3975   18.7237
    0.0000   37.5000   15.000011293.5303   18.7270
    7.5000   37.5000   15.000010903.2832   18.7145
   -7.5000   45.0000   15.000010047.4209   18.7847
    0.0000   45.0000   15.000010382.2549   18.7735
    7.5000   45.0000   15.0000 9984.9961   18.7497
   -7.5000  -45.0000   22.5000 9931.7207   19.0648
    0.0000  -45.0000   22.500010373.8311   19.0585
    7.5000  -45.0000   22.5000 9917.9648   19.0404
   -7.5000  -37.5000   22.500010508.5049   19.0179
    0.0000  -37.5000   22.500010978.0430   19.0085
    7.5000  -37.5000   22.500010527.4053   18.9865
   -7.5000  -30.0000   22.500011504.0557   19.0377
    0.0000  -30.0000   22.500012003.0791   19.0396
    7.5000  -30.0000   22.500011525.2266   19.0207
   -7.5000  -22.5000   22.500012488.4863   19.0288
    0.0000  -22.5000   22.500013058.4092   19.0459
    7.5000  -22.5000   22.500012566.5908   19.0345
   -7.5000  -15.0000   22.500013432.5469   18.9936
    0.0000  -15.0000   22.500014036.8818   19.0143
    7.5000  -15.0000   22.500013549.6562   19.0081
   -7.5000   -7.5000   22.500013954.2705   18.9681
    0.0000   -7.5000   22.500014522.6377   18.9769
    7.5000   -7.5000   22.500014012.7676   18.9671
   -7.5000    0.0000   22.500014373.2773   18.9764
    0.0000    0.0000   22.500014863.4951   18.9704
    7.5000    0.0000   22.500014335.6855   18.9522
   -7.5000    7.5000   22.500013698.5820   19.0106
    0.0000    7.5000   22.500014142.5332   19.0013
    7.5000    7.5000   22.500013631.0234   18.9793
   -7.5000   15.0000   22.500012940.0068   19.0373
    0.0000   15.0000   22.500013372.1104   19.0392
    7.5000   15.0000   22.500012891.4668   19.0202
   -7.5000   22.5000   22.500012043.2891   19.0198
    0.0000   22.5000   22.500012422.4580   19.0368
    7.5000   22.5000   22.500011970.4297   19.0254
   -7.5000   30.0000   22.500011020.2822   18.7477
    0.0000   30.0000   22.500011381.4102   18.7681
    7.5000   30.0000   22.500010942.4355   18.7620
   -7.5000   37.5000   22.500010397.3311   18.7282
    0.0000   37.5000   22.500010756.3115   18.7369
    7.5000   37.5000   22.500010338.9561   18.7272
   -7.5000   45.0000   22.5000 9549.7959   18.7918
    0.0000   45.0000   22.5000 9886.6104   18.7869
    7.5000   45.0000   22.5000 9513.0449   18.7661
   -7.5000  -45.0000   30.0000 9306.3066   19.0901
    0.0000  -45.0000   30.0000 9731.7480   19.0918
    7.5000  -45.0000   30.0000 9354.6475   19.0809
   -7.5000  -37.5000   30.0000 9877.8740   19.0405
    0.0000  -37.5000   30.000010324.4951   19.0424
    7.5000  -37.5000   30.0000 9924.7490   19.0290
   -7.5000  -30.0000   30.000010832.6240   19.0611
    0.0000  -30.0000   30.000011302.3691   19.0731
    7.5000  -30.0000   30.000010863.7480   19.0624
   -7.5000  -22.5000   30.000011794.7842   19.0563
    0.0000  -22.5000   30.000012342.3652   19.0781
    7.5000  -22.5000   30.000011861.8711   19.0731
   -7.5000  -15.0000   30.000012708.4414   19.0243
    0.0000  -15.0000   30.000013313.0771   19.0459
    7.5000  -15.0000   30.000012765.3320   19.0448
   -7.5000   -7.5000   30.000013167.1191   18.9973
    0.0000   -7.5000   30.000013745.1230   19.0089
    7.5000   -7.5000   30.000013154.0127   19.0045
   -7.5000    0.0000   30.000013497.6348   19.0016
    0.0000    0.0000   30.000014003.7734   19.0033
    7.5000    0.0000   30.000013399.5068   18.9923
   -7.5000    7.5000   30.000012807.2490   19.0332
    0.0000    7.5000   30.000013263.2012   19.0351
    7.5000    7.5000   30.000012717.9492   19.0217
   -7.5000   15.0000   30.000012055.8770   19.0607
    0.0000   15.0000   30.000012475.8418   19.0727
    7.5000   15.0000   30.000012002.0439   19.0620
   -7.5000   22.5000   30.000011200.9941   19.0472
    0.0000   22.5000   30.000011586.8525   19.0690
    7.5000   22.5000   30.000011161.6963   19.0640
   -7.5000   30.0000   30.000010264.0947   18.7780
    0.0000   30.0000   30.000010612.0205   18.7993
    7.5000   30.0000   30.000010213.0303   18.7982
   -7.5000   37.5000   30.0000 9718.8926   18.7572
    0.0000   37.5000   30.000010060.5918   18.7685
    7.5000   37.5000   30.0000 9685.1084   18.7642
   -7.5000   45.0000   30.0000 8971.3457   18.8228
    0.0000   45.0000   30.0000 9281.7969   18.8249
    7.5000   45.0000   30.0000 8936.3838   18.8102
   -7.5000  -45.0000   37.5000 9061.8604   19.1696
    0.0000  -45.0000   37.5000 9455.3809   19.1725
    7.5000  -45.0000   37.5000 9098.1914   19.1636
   -7.5000  -37.5000   37.5000 9639.6025   19.1140
    0.0000  -37.5000   37.500010067.6201   19.1168
    7.5000  -37.5000   37.5000 9662.3291   19.1071
   -7.5000  -30.0000   37.500010550.4570   19.1295
    0.0000  -30.0000   37.500011020.3184   19.1385
    7.5000  -30.0000   37.500010553.2510   19.1341
   -7.5000  -22.5000   37.500011461.6787   19.1261
    0.0000  -22.5000   37.500012008.2852   19.1409
    7.5000  -22.5000   37.500011488.7061   19.1421
   -7.5000  -15.0000   37.500012332.9141   19.0996
    0.0000  -15.0000   37.500012909.1338   19.1137
    7.5000  -15.0000   37.500012335.6562   19.1169
   -7.5000   -7.5000   37.500012731.4512   19.0765
    0.0000   -7.5000   37.500013283.2090   19.0850
    7.5000   -7.5000   37.500012700.3066   19.0831
   -7.5000    0.0000   37.500013007.2686   19.0804
    0.0000    0.0000   37.500013525.6045   19.0833
    7.5000    0.0000   37.500012949.2686   19.0743
   -7.5000    7.5000   37.500012322.5713   19.1066
    0.0000    7.5000   37.500012796.3857   19.1095
    7.5000    7.5000   37.500012284.6270   19.0998
   -7.5000   15.0000   37.500011583.2021   19.1290
    0.0000   15.0000   37.500012027.1543   19.1381
    7.5000   15.0000   37.500011566.4434   19.1337
   -7.5000   22.5000   37.500010767.6113   19.1170
    0.0000   22.5000   37.500011164.3223   19.1317
    7.5000   22.5000   37.500010749.9170   19.1330
   -7.5000   30.0000   37.5000 9884.6934   18.8523
    0.0000   30.0000   37.500010229.2148   18.8662
    7.5000   30.0000   37.5000 9850.4863   18.8694
   -7.5000   37.5000   37.5000 9373.2227   18.8356
    0.0000   37.5000   37.5000 9709.5244   18.8439
    7.5000   37.5000   37.5000 9354.2354   18.8419
   -7.5000   45.0000   37.5000 8671.1982   18.9025
    0.0000   45.0000   37.5000 8974.4512   18.9050
    7.5000   45.0000   37.5000 8629.2275   18.8940
   -7.5000  -45.0000   45.0000 8347.6680   19.1933
    0.0000  -45.0000   45.0000 8693.5234   19.1903
    7.5000  -45.0000   45.0000 8342.1299   19.1770
   -7.5000  -37.5000   45.0000 8869.0332   19.1357
    0.0000  -37.5000   45.0000 9230.2119   19.1301
    7.5000  -37.5000   45.0000 8861.6816   19.1165
   -7.5000  -30.0000   45.0000 9680.4873   19.1477
    0.0000  -30.0000   45.000010092.2607   19.1461
    7.5000  -30.0000   45.0000 9689.3047   19.1401
   -7.5000  -22.5000   45.000010514.6943   19.1422
    0.0000  -22.5000   45.000010991.0762   19.1470
    7.5000  -22.5000   45.000010542.8965   19.1482
   -7.5000  -15.0000   45.000011342.9404   19.1164
    0.0000  -15.0000   45.000011835.8818   19.1229
    7.5000  -15.0000   45.000011344.4541   19.1252
   -7.5000   -7.5000   45.000011689.1152   19.0968
    0.0000   -7.5000   45.000012193.0967   19.0996
    7.5000   -7.5000   45.000011670.9883   19.0951
   -7.5000    0.0000   45.000011929.5898   19.1033
    0.0000    0.0000   45.000012417.4463   19.1005
    7.5000    0.0000   45.000011904.1875   19.0870
   -7.5000    7.5000   45.000011280.8252   19.1283
    0.0000    7.5000   45.000011733.0576   19.1227
    7.5000    7.5000   45.000011281.4258   19.1091
   -7.5000   15.0000   45.000010580.9971   19.1473
    0.0000   15.0000   45.000011001.9570   19.1457
    7.5000   15.0000   45.000010602.6582   19.1397
   -7.5000   22.5000   45.0000 9858.6699   19.1330
    0.0000   22.5000   45.000010228.9609   19.1379
    7.5000   22.5000   45.0000 9864.2324   19.1390
   -7.5000   30.0000   45.0000 9047.7500   18.8672
    0.0000   30.0000   45.0000 9377.6855   18.8737
    7.5000   30.0000   45.0000 9043.4844   18.8760
   -7.5000   37.5000   45.0000 8606.6826   18.8539
    0.0000   37.5000   45.0000 8914.7402   18.8566
    7.5000   37.5000   45.0000 8606.0908   18.8521
   -7.5000   45.0000   45.0000 7959.6533   18.9317
    0.0000   45.0000   45.0000 8237.8301   18.9285
    7.5000   45.0000   45.0000 7934.5889   18.9156

---------------------------------------------------------------------
imgreg_4dfp /opt/freesurfer/average/711-2C_as_mni_average_305 /opt/freesurfer/average/711-2B_as_mni_average_305_mask talsrcimg_g11 none talsrcimg_to_711-2C_as_mni_average_305_t4 4355
---------------------------------------------------------------------

freesurfer imgreg_4dfp.c
/opt/freesurfer/average/711-2C_as_mni_average_305.4dfp.img
       256       256       256         1
  1.000000  1.000000  1.000000
orientation T byte_order littleendian
Reading image: /opt/freesurfer/average/711-2C_as_mni_average_305.4dfp.img
dimensions:      256       256       256
mmppix:       1.0000   -1.0000   -1.0000
center:     128.0000 -129.0000 -129.0000
/opt/freesurfer/average/711-2B_as_mni_average_305_mask.4dfp.img
       256       256       256         1
  1.000000  1.000000  1.000000
orientation T byte_order littleendian
Reading mask: /opt/freesurfer/average/711-2B_as_mni_average_305_mask.4dfp.img (2306576 pixels)
talsrcimg_g11.4dfp.img
       256       256       256         1
  1.000000  1.000000  1.000000
orientation T byte_order littleendian
Reading image: talsrcimg_g11.4dfp.img
dimensions:      256       256       256
mmppix:       1.0000   -1.0000   -1.0000
center:     128.0000 -129.0000 -129.0000
rotation matrix determinant  1.000000
image alignment mode   4355 decimal     1103 hex
   -7.5000  -45.0000  -45.0000 2068.1194   19.7157
    0.0000  -45.0000  -45.0000 2062.7476   19.6383
    7.5000  -45.0000  -45.0000 2035.3806   20.0482
   -7.5000  -37.5000  -45.0000 2104.0818   18.7780
    0.0000  -37.5000  -45.0000 2095.5896   18.7820
    7.5000  -37.5000  -45.0000 2071.6431   19.2568
   -7.5000  -30.0000  -45.0000 2141.9255   18.2496
    0.0000  -30.0000  -45.0000 2130.1895   18.2363
    7.5000  -30.0000  -45.0000 2097.5559   18.7203
   -7.5000  -22.5000  -45.0000 2174.3928   17.9464
    0.0000  -22.5000  -45.0000 2166.2837   17.9314
    7.5000  -22.5000  -45.0000 2129.3572   18.3227
   -7.5000  -15.0000  -45.0000 2202.9619   17.7049
    0.0000  -15.0000  -45.0000 2194.0005   17.7043
    7.5000  -15.0000  -45.0000 2156.7935   18.0257
   -7.5000   -7.5000  -45.0000 2213.1306   17.5867
    0.0000   -7.5000  -45.0000 2204.7869   17.5522
    7.5000   -7.5000  -45.0000 2174.8877   17.8094
   -7.5000    0.0000  -45.0000 2209.4512   17.5345
    0.0000    0.0000  -45.0000 2205.1167   17.5164
    7.5000    0.0000  -45.0000 2182.1694   17.7511
   -7.5000    7.5000  -45.0000 2188.5288   17.6627
    0.0000    7.5000  -45.0000 2199.7751   17.6031
    7.5000    7.5000  -45.0000 2179.0576   17.8584
   -7.5000   15.0000  -45.0000 2169.8784   17.8878
    0.0000   15.0000  -45.0000 2182.8867   17.8606
    7.5000   15.0000  -45.0000 2165.6990   18.1374
   -7.5000   22.5000  -45.0000 2147.8503   18.4584
    0.0000   22.5000  -45.0000 2157.9194   18.3884
    7.5000   22.5000  -45.0000 2143.2227   18.6594
   -7.5000   30.0000  -45.0000 2102.7056   19.4851
    0.0000   30.0000  -45.0000 2107.2581   19.3285
    7.5000   30.0000  -45.0000 2094.9819   19.6339
   -7.5000   37.5000  -45.0000 2036.2556   20.9405
    0.0000   37.5000  -45.0000 2041.7471   20.7648
    7.5000   37.5000  -45.0000 2027.2242   21.0105
   -7.5000   45.0000  -45.0000 1942.5507   22.8340
    0.0000   45.0000  -45.0000 1954.5853   22.5585
    7.5000   45.0000  -45.0000 1933.9882   22.8631
   -7.5000  -45.0000  -37.5000 2154.5735   17.9993
    0.0000  -45.0000  -37.5000 2161.3025   18.0078
    7.5000  -45.0000  -37.5000 2126.9917   18.4383
   -7.5000  -37.5000  -37.5000 2200.5974   17.1482
    0.0000  -37.5000  -37.5000 2202.6960   17.1394
    7.5000  -37.5000  -37.5000 2172.2727   17.5742
   -7.5000  -30.0000  -37.5000 2250.0339   16.5987
    0.0000  -30.0000  -37.5000 2244.4470   16.5961
    7.5000  -30.0000  -37.5000 2208.9800   16.9714
   -7.5000  -22.5000  -37.5000 2289.3818   16.3178
    0.0000  -22.5000  -37.5000 2286.2554   16.3177
    7.5000  -22.5000  -37.5000 2250.7053   16.5888
   -7.5000  -15.0000  -37.5000 2309.7996   16.0712
    0.0000  -15.0000  -37.5000 2304.4028   16.0510
    7.5000  -15.0000  -37.5000 2265.5369   16.2968
   -7.5000   -7.5000  -37.5000 2324.0286   15.9568
    0.0000   -7.5000  -37.5000 2318.1052   15.9240
    7.5000   -7.5000  -37.5000 2280.3562   16.1331
   -7.5000    0.0000  -37.5000 2314.1555   15.9885
    0.0000    0.0000  -37.5000 2318.3337   15.9714
    7.5000    0.0000  -37.5000 2292.7344   16.1319
   -7.5000    7.5000  -37.5000 2298.2986   16.1637
    0.0000    7.5000  -37.5000 2312.8142   16.1040
    7.5000    7.5000  -37.5000 2289.5210   16.2761
   -7.5000   15.0000  -37.5000 2272.7551   16.4928
    0.0000   15.0000  -37.5000 2294.9653   16.4079
    7.5000   15.0000  -37.5000 2276.0894   16.5875
   -7.5000   22.5000  -37.5000 2250.2295   17.0292
    0.0000   22.5000  -37.5000 2265.0215   16.9520
    7.5000   22.5000  -37.5000 2246.1150   17.1112
   -7.5000   30.0000  -37.5000 2198.5608   17.9618
    0.0000   30.0000  -37.5000 2209.0439   17.8849
    7.5000   30.0000  -37.5000 2195.8623   18.0752
   -7.5000   37.5000  -37.5000 2121.6150   19.2986
    0.0000   37.5000  -37.5000 2135.0129   19.1182
    7.5000   37.5000  -37.5000 2126.3218   19.3084
   -7.5000   45.0000  -37.5000 2020.3907   21.0389
    0.0000   45.0000  -37.5000 2037.9957   20.7512
    7.5000   45.0000  -37.5000 2025.1968   20.9772
   -7.5000  -45.0000  -30.0000 2282.7490   17.2264
    0.0000  -45.0000  -30.0000 2285.2844   17.2509
    7.5000  -45.0000  -30.0000 2258.5894   17.6816
   -7.5000  -37.5000  -30.0000 2334.8093   16.3179
    0.0000  -37.5000  -30.0000 2338.9302   16.3577
    7.5000  -37.5000  -30.0000 2308.1912   16.7559
   -7.5000  -30.0000  -30.0000 2387.9773   15.7490
    0.0000  -30.0000  -30.0000 2384.5537   15.7791
    7.5000  -30.0000  -30.0000 2349.2705   16.0908
   -7.5000  -22.5000  -30.0000 2428.2649   15.3889
    0.0000  -22.5000  -30.0000 2425.8496   15.4038
    7.5000  -22.5000  -30.0000 2391.8662   15.6859
   -7.5000  -15.0000  -30.0000 2451.2554   15.1007
    0.0000  -15.0000  -30.0000 2447.9219   15.1313
    7.5000  -15.0000  -30.0000 2415.8582   15.3590
   -7.5000   -7.5000  -30.0000 2466.7864   15.0021
    0.0000   -7.5000  -30.0000 2468.2224   15.0236
    7.5000   -7.5000  -30.0000 2435.9324   15.1721
   -7.5000    0.0000  -30.0000 2465.4246   15.0673
    0.0000    0.0000  -30.0000 2476.1584   15.0815
    7.5000    0.0000  -30.0000 2451.5249   15.2040
   -7.5000    7.5000  -30.0000 2456.6584   15.2872
    0.0000    7.5000  -30.0000 2472.3579   15.2605
    7.5000    7.5000  -30.0000 2445.9824   15.3825
   -7.5000   15.0000  -30.0000 2431.2092   15.7010
    0.0000   15.0000  -30.0000 2451.7407   15.6441
    7.5000   15.0000  -30.0000 2428.5103   15.7352
   -7.5000   22.5000  -30.0000 2398.0159   16.3113
    0.0000   22.5000  -30.0000 2417.5120   16.2393
    7.5000   22.5000  -30.0000 2396.5793   16.3452
   -7.5000   30.0000  -30.0000 2340.9475   17.2219
    0.0000   30.0000  -30.0000 2352.9958   17.1392
    7.5000   30.0000  -30.0000 2333.8389   17.2571
   -7.5000   37.5000  -30.0000 2254.4878   18.4871
    0.0000   37.5000  -30.0000 2275.6514   18.3307
    7.5000   37.5000  -30.0000 2261.5522   18.4437
   -7.5000   45.0000  -30.0000 2144.3267   20.0992
    0.0000   45.0000  -30.0000 2166.0493   19.8879
    7.5000   45.0000  -30.0000 2153.2959   20.0019
   -7.5000  -45.0000  -22.5000 2370.2510   16.5039
    0.0000  -45.0000  -22.5000 2375.3562   16.5599
    7.5000  -45.0000  -22.5000 2348.4695   16.9981
   -7.5000  -37.5000  -22.5000 2431.5645   15.5759
    0.0000  -37.5000  -22.5000 2434.8108   15.6320
    7.5000  -37.5000  -22.5000 2402.9680   16.0216
   -7.5000  -30.0000  -22.5000 2492.4680   14.9315
    0.0000  -30.0000  -22.5000 2487.4653   14.9919
    7.5000  -30.0000  -22.5000 2450.4993   15.3354
   -7.5000  -22.5000  -22.5000 2538.3633   14.4887
    0.0000  -22.5000  -22.5000 2532.4993   14.5499
    7.5000  -22.5000  -22.5000 2496.8416   14.8275
   -7.5000  -15.0000  -22.5000 2566.5552   14.2113
    0.0000  -15.0000  -22.5000 2558.7085   14.2693
    7.5000  -15.0000  -22.5000 2526.5063   14.4874
   -7.5000   -7.5000  -22.5000 2579.4514   14.0774
    0.0000   -7.5000  -22.5000 2588.1919   14.1399
    7.5000   -7.5000  -22.5000 2555.5601   14.2847
   -7.5000    0.0000  -22.5000 2587.4136   14.0845
    0.0000    0.0000  -22.5000 2605.6936   14.1429
    7.5000    0.0000  -22.5000 2580.3894   14.3027
   -7.5000    7.5000  -22.5000 2582.7710   14.3128
    0.0000    7.5000  -22.5000 2600.4436   14.3125
    7.5000    7.5000  -22.5000 2578.1375   14.4804
   -7.5000   15.0000  -22.5000 2559.4373   14.8244
    0.0000   15.0000  -22.5000 2583.4788   14.7582
    7.5000   15.0000  -22.5000 2561.8384   14.8510
   -7.5000   22.5000  -22.5000 2521.1287   15.4999
    0.0000   22.5000  -22.5000 2542.4548   15.4425
    7.5000   22.5000  -22.5000 2522.1030   15.5046
   -7.5000   30.0000  -22.5000 2457.1501   16.4249
    0.0000   30.0000  -22.5000 2470.7332   16.3313
    7.5000   30.0000  -22.5000 2453.5645   16.3724
   -7.5000   37.5000  -22.5000 2362.6121   17.6077
    0.0000   37.5000  -22.5000 2385.8684   17.4548
    7.5000   37.5000  -22.5000 2366.0310   17.5021
   -7.5000   45.0000  -22.5000 2244.6206   19.1028
    0.0000   45.0000  -22.5000 2269.9060   18.9088
    7.5000   45.0000  -22.5000 2255.1492   18.9986
   -7.5000  -45.0000  -15.0000 2421.5916   15.8871
    0.0000  -45.0000  -15.0000 2426.2764   15.9782
    7.5000  -45.0000  -15.0000 2399.0134   16.3806
   -7.5000  -37.5000  -15.0000 2489.2358   14.9347
    0.0000  -37.5000  -15.0000 2487.6072   15.0003
    7.5000  -37.5000  -15.0000 2455.7458   15.3932
   -7.5000  -30.0000  -15.0000 2551.1638   14.2595
    0.0000  -30.0000  -15.0000 2547.5950   14.3130
    7.5000  -30.0000  -15.0000 2509.0798   14.6656
   -7.5000  -22.5000  -15.0000 2602.0806   13.7834
    0.0000  -22.5000  -15.0000 2596.7334   13.8378
    7.5000  -22.5000  -15.0000 2560.5657   14.1629
   -7.5000  -15.0000  -15.0000 2639.1687   13.4771
    0.0000  -15.0000  -15.0000 2636.2471   13.5195
    7.5000  -15.0000  -15.0000 2601.0693   13.8156
   -7.5000   -7.5000  -15.0000 2661.5271   13.3543
    0.0000   -7.5000  -15.0000 2673.2068   13.3577
    7.5000   -7.5000  -15.0000 2640.1521   13.5801
   -7.5000    0.0000  -15.0000 2676.7300   13.3406
    0.0000    0.0000  -15.0000 2695.5188   13.3391
    7.5000    0.0000  -15.0000 2670.1184   13.5286
   -7.5000    7.5000  -15.0000 2676.1570   13.5559
    0.0000    7.5000  -15.0000 2700.9126   13.4773
    7.5000    7.5000  -15.0000 2682.2954   13.6621
   -7.5000   15.0000  -15.0000 2656.1421   14.0205
    0.0000   15.0000  -15.0000 2687.5247   13.9218
    7.5000   15.0000  -15.0000 2668.0713   14.0408
   -7.5000   22.5000  -15.0000 2619.0518   14.7118
    0.0000   22.5000  -15.0000 2640.0398   14.6566
    7.5000   22.5000  -15.0000 2628.7620   14.7086
   -7.5000   30.0000  -15.0000 2539.6023   15.6397
    0.0000   30.0000  -15.0000 2561.9966   15.5465
    7.5000   30.0000  -15.0000 2543.3088   15.6107
   -7.5000   37.5000  -15.0000 2442.2649   16.7660
    0.0000   37.5000  -15.0000 2462.3406   16.6049
    7.5000   37.5000  -15.0000 2450.5427   16.6492
   -7.5000   45.0000  -15.0000 2316.8171   18.1969
    0.0000   45.0000  -15.0000 2336.9451   18.0374
    7.5000   45.0000  -15.0000 2328.0632   18.0960
   -7.5000  -45.0000   -7.5000 2467.5574   15.4830
    0.0000  -45.0000   -7.5000 2462.4885   15.4898
    7.5000  -45.0000   -7.5000 2430.7166   15.9015
   -7.5000  -37.5000   -7.5000 2532.1748   14.4699
    0.0000  -37.5000   -7.5000 2519.5671   14.4446
    7.5000  -37.5000   -7.5000 2489.9346   14.8220
   -7.5000  -30.0000   -7.5000 2585.4089   13.7222
    0.0000  -30.0000   -7.5000 2581.9678   13.6985
    7.5000  -30.0000   -7.5000 2551.2983   14.0569
   -7.5000  -22.5000   -7.5000 2640.8354   13.2175
    0.0000  -22.5000   -7.5000 2635.9106   13.1816
    7.5000  -22.5000   -7.5000 2604.8484   13.5343
   -7.5000  -15.0000   -7.5000 2689.3247   12.8859
    0.0000  -15.0000   -7.5000 2684.2048   12.8374
    7.5000  -15.0000   -7.5000 2656.6821   13.1505
   -7.5000   -7.5000   -7.5000 2722.9443   12.7669
    0.0000   -7.5000   -7.5000 2730.5569   12.6592
    7.5000   -7.5000   -7.5000 2707.1968   12.9257
   -7.5000    0.0000   -7.5000 2748.8140   12.7553
    0.0000    0.0000   -7.5000 2770.0637   12.6496
    7.5000    0.0000   -7.5000 2745.0154   12.8693
   -7.5000    7.5000   -7.5000 2763.1985   12.9298
    0.0000    7.5000   -7.5000 2791.3618   12.8026
    7.5000    7.5000   -7.5000 2770.5024   13.0019
   -7.5000   15.0000   -7.5000 2746.8364   13.3524
    0.0000   15.0000   -7.5000 2778.3000   13.2328
    7.5000   15.0000   -7.5000 2761.5771   13.3812
   -7.5000   22.5000   -7.5000 2696.4480   14.0197
    0.0000   22.5000   -7.5000 2726.1809   13.9394
    7.5000   22.5000   -7.5000 2722.2227   14.0275
   -7.5000   30.0000   -7.5000 2608.1785   14.9065
    0.0000   30.0000   -7.5000 2634.7703   14.8094
    7.5000   30.0000   -7.5000 2629.2803   14.8952
   -7.5000   37.5000   -7.5000 2501.7346   16.0100
    0.0000   37.5000   -7.5000 2522.7800   15.8498
    7.5000   37.5000   -7.5000 2516.4717   15.9118
   -7.5000   45.0000   -7.5000 2365.5586   17.4528
    0.0000   45.0000   -7.5000 2385.1929   17.2544
    7.5000   45.0000   -7.5000 2378.1526   17.3178
   -7.5000  -45.0000    0.0000 2487.9414   15.2560
    0.0000  -45.0000    0.0000 2487.4404   15.2150
    7.5000  -45.0000    0.0000 2454.6387   15.5626
   -7.5000  -37.5000    0.0000 2548.5000   14.1783
    0.0000  -37.5000    0.0000 2540.8721   14.0918
    7.5000  -37.5000    0.0000 2512.6750   14.3976
   -7.5000  -30.0000    0.0000 2600.5400   13.3654
    0.0000  -30.0000    0.0000 2595.0767   13.2723
    7.5000  -30.0000    0.0000 2573.7007   13.5954
   -7.5000  -22.5000    0.0000 2661.8416   12.8204
    0.0000  -22.5000    0.0000 2657.3760   12.7091
    7.5000  -22.5000    0.0000 2630.9351   13.0341
   -7.5000  -15.0000    0.0000 2713.1814   12.4932
    0.0000  -15.0000    0.0000 2714.6865   12.3534
    7.5000  -15.0000    0.0000 2688.9031   12.6473
   -7.5000   -7.5000    0.0000 2758.4792   12.3449
    0.0000   -7.5000    0.0000 2770.4937   12.1815
    7.5000   -7.5000    0.0000 2744.0737   12.4392
   -7.5000    0.0000    0.0000 2802.6750   12.3338
    0.0000    0.0000    0.0000 2826.6421   12.1509
    7.5000    0.0000    0.0000 2794.3804   12.4253
   -7.5000    7.5000    0.0000 2834.9985   12.4915
    0.0000    7.5000    0.0000 2863.4368   12.2825
    7.5000    7.5000    0.0000 2833.8181   12.5825
   -7.5000   15.0000    0.0000 2823.5891   12.8868
    0.0000   15.0000    0.0000 2857.8328   12.6778
    7.5000   15.0000    0.0000 2836.4238   12.9253
   -7.5000   22.5000    0.0000 2758.2104   13.5220
    0.0000   22.5000    0.0000 2799.2424   13.3744
    7.5000   22.5000    0.0000 2793.7112   13.5537
   -7.5000   30.0000    0.0000 2653.9700   14.3854
    0.0000   30.0000    0.0000 2692.0728   14.2578
    7.5000   30.0000    0.0000 2690.0610   14.4313
   -7.5000   37.5000    0.0000 2533.9978   15.4493
    0.0000   37.5000    0.0000 2562.2224   15.3314
    7.5000   37.5000    0.0000 2557.0864   15.4654
   -7.5000   45.0000    0.0000 2395.8677   16.8315
    0.0000   45.0000    0.0000 2421.3035   16.6739
    7.5000   45.0000    0.0000 2409.3794   16.7647
   -7.5000  -45.0000    7.5000 2495.4131   15.1621
    0.0000  -45.0000    7.5000 2499.4924   15.0969
    7.5000  -45.0000    7.5000 2462.4890   15.3924
   -7.5000  -37.5000    7.5000 2551.0847   14.0179
    0.0000  -37.5000    7.5000 2553.5969   13.9051
    7.5000  -37.5000    7.5000 2524.2068   14.1815
   -7.5000  -30.0000    7.5000 2597.5667   13.1474
    0.0000  -30.0000    7.5000 2603.8933   13.0185
    7.5000  -30.0000    7.5000 2582.7739   13.3029
   -7.5000  -22.5000    7.5000 2659.5847   12.5890
    0.0000  -22.5000    7.5000 2666.5569   12.4348
    7.5000  -22.5000    7.5000 2641.1350   12.7069
   -7.5000  -15.0000    7.5000 2716.5776   12.2366
    0.0000  -15.0000    7.5000 2733.2576   12.0620
    7.5000  -15.0000    7.5000 2702.8906   12.3174
   -7.5000   -7.5000    7.5000 2772.5698   12.0995
    0.0000   -7.5000    7.5000 2792.7090   11.8938
    7.5000   -7.5000    7.5000 2764.4963   12.1594
   -7.5000    0.0000    7.5000 2825.5559   12.1271
    0.0000    0.0000    7.5000 2851.8384   11.9071
    7.5000    0.0000    7.5000 2824.4321   12.1724
   -7.5000    7.5000    7.5000 2863.7776   12.2708
    0.0000    7.5000    7.5000 2894.9248   11.9917
    7.5000    7.5000    7.5000 2863.1570   12.3086
   -7.5000   15.0000    7.5000 2863.7913   12.6197
    0.0000   15.0000    7.5000 2900.8872   12.3529
    7.5000   15.0000    7.5000 2869.0725   12.6330
   -7.5000   22.5000    7.5000 2795.0339   13.2304
    0.0000   22.5000    7.5000 2841.6409   13.0309
    7.5000   22.5000    7.5000 2822.3459   13.2739
   -7.5000   30.0000    7.5000 2682.5754   14.0215
    0.0000   30.0000    7.5000 2722.6455   13.9141
    7.5000   30.0000    7.5000 2717.8164   14.1088
   -7.5000   37.5000    7.5000 2555.7339   15.0734
    0.0000   37.5000    7.5000 2582.4509   14.9846
    7.5000   37.5000    7.5000 2574.8794   15.1192
   -7.5000   45.0000    7.5000 2410.1218   16.4565
    0.0000   45.0000    7.5000 2436.9341   16.3072
    7.5000   45.0000    7.5000 2424.4905   16.4012
   -7.5000  -45.0000   15.0000 2466.4224   15.2634
    0.0000  -45.0000   15.0000 2475.5164   15.1796
    7.5000  -45.0000   15.0000 2439.1582   15.3997
   -7.5000  -37.5000   15.0000 2528.0437   14.0722
    0.0000  -37.5000   15.0000 2536.9531   13.9490
    7.5000  -37.5000   15.0000 2505.2031   14.1835
   -7.5000  -30.0000   15.0000 2581.8032   13.1691
    0.0000  -30.0000   15.0000 2591.1819   13.0102
    7.5000  -30.0000   15.0000 2565.4185   13.2549
   -7.5000  -22.5000   15.0000 2640.8267   12.5361
    0.0000  -22.5000   15.0000 2661.3792   12.3898
    7.5000  -22.5000   15.0000 2626.3152   12.6327
   -7.5000  -15.0000   15.0000 2691.6353   12.1749
    0.0000  -15.0000   15.0000 2715.4099   12.0153
    7.5000  -15.0000   15.0000 2686.9592   12.2425
   -7.5000   -7.5000   15.0000 2746.8230   12.0610
    0.0000   -7.5000   15.0000 2772.1646   11.8524
    7.5000   -7.5000   15.0000 2753.0149   12.0999
   -7.5000    0.0000   15.0000 2798.5046   12.1386
    0.0000    0.0000   15.0000 2834.5210   11.8839
    7.5000    0.0000   15.0000 2811.7246   12.1677
   -7.5000    7.5000   15.0000 2836.4497   12.3832
    0.0000    7.5000   15.0000 2878.0242   12.0795
    7.5000    7.5000   15.0000 2849.9963   12.3460
   -7.5000   15.0000   15.0000 2840.7290   12.7694
    0.0000   15.0000   15.0000 2879.0334   12.5083
    7.5000   15.0000   15.0000 2855.4849   12.7587
   -7.5000   22.5000   15.0000 2786.5591   13.2950
    0.0000   22.5000   15.0000 2826.0327   13.1038
    7.5000   22.5000   15.0000 2808.8081   13.2970
   -7.5000   30.0000   15.0000 2677.4980   13.9702
    0.0000   30.0000   15.0000 2715.3577   13.8379
    7.5000   30.0000   15.0000 2711.8364   13.9916
   -7.5000   37.5000   15.0000 2546.1375   14.9745
    0.0000   37.5000   15.0000 2580.9946   14.8616
    7.5000   37.5000   15.0000 2569.7139   15.0237
   -7.5000   45.0000   15.0000 2399.6824   16.3582
    0.0000   45.0000   15.0000 2431.7195   16.2028
    7.5000   45.0000   15.0000 2417.0320   16.3162
   -7.5000  -45.0000   22.5000 2426.2610   15.5794
    0.0000  -45.0000   22.5000 2442.4558   15.4938
    7.5000  -45.0000   22.5000 2408.6418   15.6819
   -7.5000  -37.5000   22.5000 2491.4727   14.3419
    0.0000  -37.5000   22.5000 2505.5374   14.2044
    7.5000  -37.5000   22.5000 2472.1094   14.3974
   -7.5000  -30.0000   22.5000 2552.3645   13.4051
    0.0000  -30.0000   22.5000 2567.4102   13.2442
    7.5000  -30.0000   22.5000 2536.0747   13.4687
   -7.5000  -22.5000   22.5000 2608.0264   12.7875
    0.0000  -22.5000   22.5000 2632.5051   12.6529
    7.5000  -22.5000   22.5000 2605.1201   12.8909
   -7.5000  -15.0000   22.5000 2652.5144   12.4768
    0.0000  -15.0000   22.5000 2683.3386   12.3268
    7.5000  -15.0000   22.5000 2664.9397   12.5475
   -7.5000   -7.5000   22.5000 2698.9116   12.3850
    0.0000   -7.5000   22.5000 2735.0022   12.1916
    7.5000   -7.5000   22.5000 2718.1233   12.4295
   -7.5000    0.0000   22.5000 2743.1445   12.4901
    0.0000    0.0000   22.5000 2785.2212   12.2570
    7.5000    0.0000   22.5000 2765.7087   12.4665
   -7.5000    7.5000   22.5000 2774.7361   12.7553
    0.0000    7.5000   22.5000 2817.8003   12.4845
    7.5000    7.5000   22.5000 2799.8984   12.6911
   -7.5000   15.0000   22.5000 2767.1689   13.1451
    0.0000   15.0000   22.5000 2810.6323   12.9283
    7.5000   15.0000   22.5000 2798.1365   13.1110
   -7.5000   22.5000   22.5000 2720.2534   13.6793
    0.0000   22.5000   22.5000 2755.0955   13.4988
    7.5000   22.5000   22.5000 2748.5566   13.6263
   -7.5000   30.0000   22.5000 2626.4661   14.3509
    0.0000   30.0000   22.5000 2662.4199   14.1992
    7.5000   30.0000   22.5000 2656.8279   14.2984
   -7.5000   37.5000   22.5000 2502.0889   15.3113
    0.0000   37.5000   22.5000 2541.7786   15.1643
    7.5000   37.5000   22.5000 2531.7988   15.2992
   -7.5000   45.0000   22.5000 2363.5803   16.6097
    0.0000   45.0000   22.5000 2395.7205   16.4674
    7.5000   45.0000   22.5000 2390.2896   16.5739
   -7.5000  -45.0000   30.0000 2375.0627   16.0767
    0.0000  -45.0000   30.0000 2388.8530   15.9196
    7.5000  -45.0000   30.0000 2367.5674   16.1720
   -7.5000  -37.5000   30.0000 2443.3137   14.8583
    0.0000  -37.5000   30.0000 2460.4648   14.7093
    7.5000  -37.5000   30.0000 2438.1453   14.9225
   -7.5000  -30.0000   30.0000 2500.5361   13.9895
    0.0000  -30.0000   30.0000 2520.4578   13.8012
    7.5000  -30.0000   30.0000 2501.4175   13.9821
   -7.5000  -22.5000   30.0000 2556.4990   13.3741
    0.0000  -22.5000   30.0000 2583.3972   13.2272
    7.5000  -22.5000   30.0000 2568.9641   13.4232
   -7.5000  -15.0000   30.0000 2596.1685   13.0846
    0.0000  -15.0000   30.0000 2631.5300   12.9391
    7.5000  -15.0000   30.0000 2619.8328   13.1122
   -7.5000   -7.5000   30.0000 2630.7588   12.9741
    0.0000   -7.5000   30.0000 2675.2163   12.8021
    7.5000   -7.5000   30.0000 2665.8889   12.9643
   -7.5000    0.0000   30.0000 2661.9475   13.0385
    0.0000    0.0000   30.0000 2709.1594   12.8162
    7.5000    0.0000   30.0000 2700.8210   12.9869
   -7.5000    7.5000   30.0000 2686.9626   13.2704
    0.0000    7.5000   30.0000 2732.2300   13.0632
    7.5000    7.5000   30.0000 2722.0913   13.2459
   -7.5000   15.0000   30.0000 2675.0615   13.6720
    0.0000   15.0000   30.0000 2714.5837   13.5060
    7.5000   15.0000   30.0000 2710.5806   13.6660
   -7.5000   22.5000   30.0000 2624.6614   14.2171
    0.0000   22.5000   30.0000 2664.3657   14.0593
    7.5000   22.5000   30.0000 2658.1035   14.2007
   -7.5000   30.0000   30.0000 2539.3228   14.9138
    0.0000   30.0000   30.0000 2578.1282   14.7390
    7.5000   30.0000   30.0000 2574.1033   14.8389
   -7.5000   37.5000   30.0000 2432.6006   15.9418
    0.0000   37.5000   30.0000 2469.7979   15.7426
    7.5000   37.5000   30.0000 2465.6736   15.8551
   -7.5000   45.0000   30.0000 2304.1184   17.2508
    0.0000   45.0000   30.0000 2333.4385   17.0635
    7.5000   45.0000   30.0000 2335.9812   17.0988
   -7.5000  -45.0000   37.5000 2326.4036   16.9187
    0.0000  -45.0000   37.5000 2338.6355   16.7415
    7.5000  -45.0000   37.5000 2321.8247   16.9975
   -7.5000  -37.5000   37.5000 2397.7122   15.7034
    0.0000  -37.5000   37.5000 2410.6116   15.5456
    7.5000  -37.5000   37.5000 2391.7554   15.7185
   -7.5000  -30.0000   37.5000 2446.3367   14.7883
    0.0000  -30.0000   37.5000 2468.6804   14.6266
    7.5000  -30.0000   37.5000 2456.6665   14.7619
   -7.5000  -22.5000   37.5000 2494.9446   14.1515
    0.0000  -22.5000   37.5000 2524.5286   14.0045
    7.5000  -22.5000   37.5000 2517.6741   14.1576
   -7.5000  -15.0000   37.5000 2532.2100   13.8257
    0.0000  -15.0000   37.5000 2568.4802   13.6624
    7.5000  -15.0000   37.5000 2561.9673   13.8202
   -7.5000   -7.5000   37.5000 2562.9197   13.6993
    0.0000   -7.5000   37.5000 2605.5098   13.5149
    7.5000   -7.5000   37.5000 2596.3779   13.6486
   -7.5000    0.0000   37.5000 2585.3245   13.7670
    0.0000    0.0000   37.5000 2628.8662   13.5784
    7.5000    0.0000   37.5000 2623.5000   13.7355
   -7.5000    7.5000   37.5000 2594.0266   14.0171
    0.0000    7.5000   37.5000 2631.5488   13.8357
    7.5000    7.5000   37.5000 2631.0303   14.0019
   -7.5000   15.0000   37.5000 2572.9497   14.4264
    0.0000   15.0000   37.5000 2609.1016   14.2610
    7.5000   15.0000   37.5000 2611.6958   14.4266
   -7.5000   22.5000   37.5000 2523.2603   14.9927
    0.0000   22.5000   37.5000 2556.9216   14.8263
    7.5000   22.5000   37.5000 2558.2493   15.0040
   -7.5000   30.0000   37.5000 2446.8447   15.7184
    0.0000   30.0000   37.5000 2478.2517   15.5434
    7.5000   30.0000   37.5000 2480.4551   15.6901
   -7.5000   37.5000   37.5000 2348.7761   16.7010
    0.0000   37.5000   37.5000 2382.3394   16.5210
    7.5000   37.5000   37.5000 2385.3765   16.6164
   -7.5000   45.0000   37.5000 2240.0325   18.0593
    0.0000   45.0000   37.5000 2268.3975   17.8141
    7.5000   45.0000   37.5000 2266.3735   17.8673
   -7.5000  -45.0000   45.0000 2257.6089   18.0511
    0.0000  -45.0000   45.0000 2268.1277   17.8203
    7.5000  -45.0000   45.0000 2253.4502   18.0574
   -7.5000  -37.5000   45.0000 2330.8127   16.7267
    0.0000  -37.5000   45.0000 2339.3364   16.5278
    7.5000  -37.5000   45.0000 2328.1252   16.6876
   -7.5000  -30.0000   45.0000 2375.8608   15.7170
    0.0000  -30.0000   45.0000 2396.1187   15.5391
    7.5000  -30.0000   45.0000 2390.2542   15.6755
   -7.5000  -22.5000   45.0000 2424.0947   15.0297
    0.0000  -22.5000   45.0000 2453.5098   14.8772
    7.5000  -22.5000   45.0000 2451.8408   15.0328
   -7.5000  -15.0000   45.0000 2464.5149   14.7182
    0.0000  -15.0000   45.0000 2494.7710   14.5443
    7.5000  -15.0000   45.0000 2496.3438   14.6861
   -7.5000   -7.5000   45.0000 2485.8984   14.5921
    0.0000   -7.5000   45.0000 2522.0886   14.4141
    7.5000   -7.5000   45.0000 2518.6414   14.5781
   -7.5000    0.0000   45.0000 2499.9761   14.6555
    0.0000    0.0000   45.0000 2537.5974   14.5259
    7.5000    0.0000   45.0000 2534.8557   14.6530
   -7.5000    7.5000   45.0000 2497.7517   14.9425
    0.0000    7.5000   45.0000 2527.5662   14.7830
    7.5000    7.5000   45.0000 2530.6951   14.9263
   -7.5000   15.0000   45.0000 2470.1672   15.4049
    0.0000   15.0000   45.0000 2497.2727   15.2132
    7.5000   15.0000   45.0000 2506.2896   15.3513
   -7.5000   22.5000   45.0000 2426.6543   15.9783
    0.0000   22.5000   45.0000 2450.5742   15.8095
    7.5000   22.5000   45.0000 2456.5508   15.9689
   -7.5000   30.0000   45.0000 2352.9827   16.7415
    0.0000   30.0000   45.0000 2377.9487   16.6073
    7.5000   30.0000   45.0000 2385.8167   16.7157
   -7.5000   37.5000   45.0000 2268.1104   17.7428
    0.0000   37.5000   45.0000 2290.4131   17.5745
    7.5000   37.5000   45.0000 2299.4106   17.6790
   -7.5000   45.0000   45.0000 2170.8801   19.0817
    0.0000   45.0000   45.0000 2185.8027   18.8328
    7.5000   45.0000   45.0000 2188.8398   18.9101

---------------------------------------------------------------------
imgreg_4dfp /opt/freesurfer/average/711-2C_as_mni_average_305 /opt/freesurfer/average/711-2B_as_mni_average_305_mask talsrcimg_g11 none talsrcimg_to_711-2C_as_mni_average_305_t4 1283
---------------------------------------------------------------------

freesurfer imgreg_4dfp.c
/opt/freesurfer/average/711-2C_as_mni_average_305.4dfp.img
       256       256       256         1
  1.000000  1.000000  1.000000
orientation T byte_order littleendian
Reading image: /opt/freesurfer/average/711-2C_as_mni_average_305.4dfp.img
dimensions:      256       256       256
mmppix:       1.0000   -1.0000   -1.0000
center:     128.0000 -129.0000 -129.0000
/opt/freesurfer/average/711-2B_as_mni_average_305_mask.4dfp.img
       256       256       256         1
  1.000000  1.000000  1.000000
orientation T byte_order littleendian
Reading mask: /opt/freesurfer/average/711-2B_as_mni_average_305_mask.4dfp.img (2306576 pixels)
talsrcimg_g11.4dfp.img
       256       256       256         1
  1.000000  1.000000  1.000000
orientation T byte_order littleendian
Reading image: talsrcimg_g11.4dfp.img
dimensions:      256       256       256
mmppix:       1.0000   -1.0000   -1.0000
center:     128.0000 -129.0000 -129.0000
rotation matrix determinant  1.000000
fimgreg.f
image alignment mode   1283 decimal      503 hex
parameters
    0.0000   15.0000    7.5000    0.0000    0.0000    0.0000
eta,q 0.91009 12.32983
niter,ni,del,rscale     5    3   12.0000    1.2000
parameter  4  0.861018 ->  0.500000 qaram    1.1500
parameter  5  0.959457 ->  0.500000 qaram    1.1500
parameter  6  2.085176 ->  0.500000 qaram    1.1500
parameters
    2.7752   12.7471    6.3748   -3.4500   -3.4500   -3.4500
eta,q 0.91838 12.05173
  0.1010  0.0938  0.0949  0.0866  0.0824  0.0807
  0.0978  0.0918  0.0908  0.0868  0.0842  0.0813
  0.0953  0.0902  0.0894  0.0881  0.0855  0.0828
  0.0930  0.0911  0.0900  0.0894  0.0870  0.0847
  0.0916  0.0952  0.0925  0.0915  0.0895  0.0863
  0.0918  0.1013  0.0955  0.0954  0.0940  0.0886
  0.0937  0.1081  0.0979  0.0997  0.1003  0.0908
niter,ni,del,rscale     7    3   12.0000    1.2000
parameter  4  0.551437 ->  0.500000 qaram    1.3225
parameter  5  1.621642 ->  0.500000 qaram    1.3225
parameters
    2.4751   12.5744    5.7408   -7.4175   -7.4175   -5.2939
eta,q 0.92416 11.97593
  0.0886  0.0891  0.0853  0.0815  0.0739  0.0782
  0.0856  0.0848  0.0814  0.0802  0.0756  0.0762
  0.0833  0.0824  0.0817  0.0808  0.0781  0.0758
  0.0816  0.0818  0.0818  0.0818  0.0801  0.0763
  0.0816  0.0835  0.0826  0.0832  0.0824  0.0771
  0.0853  0.0860  0.0839  0.0854  0.0863  0.0796
  0.0922  0.0892  0.0859  0.0885  0.0912  0.0837
niter,ni,del,rscale     7    3   12.0000    1.2000
parameter  4  0.637263 ->  0.500000 qaram    1.5209
parameters
    3.1440   14.6987    6.4743  -11.9801  -10.7017   -7.4211
eta,q 0.92955 12.01354
  0.0858  0.0858  0.0790  0.0743  0.0760  0.0726
  0.0806  0.0807  0.0760  0.0735  0.0718  0.0706
  0.0774  0.0772  0.0765  0.0731  0.0713  0.0704
  0.0758  0.0754  0.0753  0.0748  0.0734  0.0710
  0.0748  0.0753  0.0743  0.0776  0.0779  0.0722
  0.0765  0.0755  0.0749  0.0801  0.0834  0.0744
  0.0831  0.0770  0.0780  0.0828  0.0883  0.0782
niter,ni,del,rscale     7    3   12.0000    1.2000
parameters
    3.6336   15.8748    4.6513  -12.9924  -10.1721   -6.9558
eta,q 0.93133 12.15795
  0.0857  0.0817  0.0722  0.0768  0.0797  0.0758
  0.0783  0.0767  0.0700  0.0711  0.0752  0.0713
  0.0735  0.0727  0.0690  0.0685  0.0710  0.0683
  0.0705  0.0702  0.0699  0.0690  0.0685  0.0685
  0.0712  0.0702  0.0721  0.0712  0.0693  0.0695
  0.0756  0.0717  0.0741  0.0754  0.0729  0.0707
  0.0817  0.0757  0.0788  0.0794  0.0778  0.0732
niter,ni,del,rscale     6    3   12.0000    1.2000
parameters
    3.6546   15.6778    4.6694  -13.1153  -10.2324   -7.0116
eta,q 0.93146 12.14121
  0.0813  0.0778  0.0766  0.0779  0.0786  0.0746
  0.0749  0.0733  0.0714  0.0732  0.0741  0.0702
  0.0710  0.0696  0.0690  0.0689  0.0701  0.0680
  0.0687  0.0687  0.0686  0.0686  0.0686  0.0686
  0.0695  0.0701  0.0705  0.0700  0.0699  0.0695
  0.0744  0.0735  0.0728  0.0738  0.0739  0.0710
  0.0818  0.0795  0.0751  0.0780  0.0793  0.0738
niter,ni,del,rscale     5    3   12.0000    1.2000
parameters
    3.6122   15.6598    4.6438  -13.1637  -10.2223   -7.0309
eta,q 0.93148 12.13981
  0.0810  0.0784  0.0765  0.0780  0.0787  0.0747
  0.0746  0.0737  0.0714  0.0734  0.0742  0.0702
  0.0708  0.0699  0.0689  0.0691  0.0702  0.0680
  0.0685  0.0686  0.0686  0.0685  0.0685  0.0685
  0.0696  0.0699  0.0705  0.0700  0.0697  0.0695
  0.0745  0.0731  0.0729  0.0737  0.0737  0.0710
  0.0821  0.0790  0.0752  0.0778  0.0791  0.0738
registration optimization eta report
parameter search radius
    6.0000    6.0000    6.0000    9.1253    7.9350    6.9000
100000*second partial in parameter space
       36.       28.       20.       11.       16.       12.
  0.0810  0.0784  0.0765  0.0780  0.0787  0.0747
  0.0746  0.0737  0.0714  0.0734  0.0742  0.0702
  0.0708  0.0699  0.0689  0.0691  0.0702  0.0680
  0.0685  0.0686  0.0686  0.0685  0.0685  0.0685
  0.0696  0.0699  0.0705  0.0700  0.0697  0.0695
  0.0745  0.0731  0.0729  0.0737  0.0737  0.0710
  0.0821  0.0790  0.0752  0.0778  0.0791  0.0738
    3.6122   15.6598    4.6438  -13.1637  -10.2223   -7.0309
eta,q 0.93148 12.13981

---------------------------------------------------------------------
imgreg_4dfp /opt/freesurfer/average/711-2C_as_mni_average_305 /opt/freesurfer/average/711-2B_as_mni_average_305_mask talsrcimg_g11 none talsrcimg_to_711-2C_as_mni_average_305_t4 3335
---------------------------------------------------------------------

freesurfer imgreg_4dfp.c
/opt/freesurfer/average/711-2C_as_mni_average_305.4dfp.img
       256       256       256         1
  1.000000  1.000000  1.000000
orientation T byte_order littleendian
Reading image: /opt/freesurfer/average/711-2C_as_mni_average_305.4dfp.img
dimensions:      256       256       256
mmppix:       1.0000   -1.0000   -1.0000
center:     128.0000 -129.0000 -129.0000
/opt/freesurfer/average/711-2B_as_mni_average_305_mask.4dfp.img
       256       256       256         1
  1.000000  1.000000  1.000000
orientation T byte_order littleendian
Reading mask: /opt/freesurfer/average/711-2B_as_mni_average_305_mask.4dfp.img (2306576 pixels)
talsrcimg_g11.4dfp.img
       256       256       256         1
  1.000000  1.000000  1.000000
orientation T byte_order littleendian
Reading image: talsrcimg_g11.4dfp.img
dimensions:      256       256       256
mmppix:       1.0000   -1.0000   -1.0000
center:     128.0000 -129.0000 -129.0000
fimgreg.f
image alignment mode   3335 decimal      D07 hex
parameters
    3.6122   15.6598    4.6438   -2.3274   -2.8652   -4.1733
    7.9076   19.9380  -12.0461   20.4870  -17.7467  -22.4120
eta,q 0.93383 11.96702
niter,ni,del,rscale     5    3    5.0000    1.2000
parameter  4  4.495824 ->  0.500000 qaram    1.1500
parameter  5  2.440361 ->  0.500000 qaram    1.1500
parameter  6  1.714305 ->  0.500000 qaram    1.1500
parameter  9 -0.539379 -> -0.500000 qaram    1.1500
parameter 10  1.541840 ->  0.500000 qaram    1.1500
parameter 11 -0.635221 -> -0.500000 qaram    1.1500
parameter 12 -0.680077 -> -0.500000 qaram    1.1500
parameters
    3.2089   16.5642    5.0151   -6.4674   -7.0052   -8.3133
    5.8097   17.5868   -7.9061   16.3470  -13.6067  -18.2720
eta,q 0.95887 11.25527
  0.0677  0.0690  0.0679  0.0539  0.0505  0.0450  0.0486  0.0488  0.0495  0.0418  0.0476  0.0461
  0.0666  0.0678  0.0668  0.0571  0.0528  0.0467  0.0475  0.0468  0.0481  0.0425  0.0456  0.0443
  0.0661  0.0668  0.0661  0.0612  0.0553  0.0495  0.0471  0.0463  0.0470  0.0439  0.0440  0.0430
  0.0662  0.0661  0.0658  0.0658  0.0582  0.0534  0.0473  0.0471  0.0463  0.0459  0.0428  0.0420
  0.0667  0.0658  0.0659  0.0705  0.0616  0.0580  0.0483  0.0487  0.0459  0.0483  0.0421  0.0413
  0.0677  0.0660  0.0662  0.0754  0.0655  0.0634  0.0498  0.0512  0.0459  0.0511  0.0420  0.0411
  0.0692  0.0666  0.0668  0.0806  0.0698  0.0689  0.0519  0.0545  0.0462  0.0539  0.0423  0.0414
niter,ni,del,rscale     7    3    5.0000    1.2000
parameter  2 -0.803916 -> -0.500000 qaram    1.1500
parameter  4  1.001691 ->  0.500000 qaram    1.3225
parameter  5  1.350774 ->  0.500000 qaram    1.3225
parameter 10  0.517708 ->  0.500000 qaram    1.3225
parameters
    3.6751   17.9442    5.4013  -11.2284  -11.7662  -11.2724
    5.6658   17.4027   -8.6723   11.5860  -14.8201  -16.8542
eta,q 0.97102 10.91352
  0.0464  0.0467  0.0432  0.0343  0.0291  0.0325  0.0338  0.0356  0.0331  0.0304  0.0304  0.0321
  0.0439  0.0444  0.0415  0.0344  0.0300  0.0313  0.0320  0.0330  0.0315  0.0292  0.0295  0.0306
  0.0421  0.0424  0.0402  0.0361  0.0320  0.0304  0.0308  0.0312  0.0306  0.0292  0.0291  0.0296
  0.0411  0.0409  0.0396  0.0395  0.0347  0.0305  0.0304  0.0304  0.0304  0.0304  0.0291  0.0290
  0.0410  0.0400  0.0396  0.0445  0.0381  0.0330  0.0308  0.0310  0.0311  0.0324  0.0295  0.0290
  0.0418  0.0395  0.0403  0.0503  0.0422  0.0378  0.0321  0.0331  0.0324  0.0352  0.0302  0.0296
  0.0436  0.0397  0.0415  0.0562  0.0469  0.0439  0.0341  0.0365  0.0342  0.0387  0.0313  0.0305
niter,ni,del,rscale     7    3    5.0000    1.2000
parameters
    3.8256   18.2393    4.8171  -14.3505  -16.1542  -12.4214
    6.1041   17.7342   -8.6738   12.0211  -15.6883  -18.6190
eta,q 0.97219 10.56354
  0.0338  0.0339  0.0299  0.0307  0.0292  0.0303  0.0314  0.0323  0.0312  0.0337  0.0288  0.0291
  0.0313  0.0314  0.0291  0.0295  0.0282  0.0286  0.0297  0.0300  0.0294  0.0304  0.0282  0.0282
  0.0297  0.0297  0.0288  0.0288  0.0278  0.0280  0.0285  0.0286  0.0283  0.0286  0.0280  0.0278
  0.0290  0.0290  0.0289  0.0288  0.0288  0.0278  0.0279  0.0279  0.0279  0.0279  0.0279  0.0279
  0.0293  0.0291  0.0294  0.0305  0.0310  0.0278  0.0281  0.0281  0.0283  0.0285  0.0281  0.0284
  0.0306  0.0302  0.0303  0.0346  0.0342  0.0294  0.0291  0.0292  0.0295  0.0301  0.0285  0.0294
  0.0327  0.0322  0.0315  0.0406  0.0386  0.0334  0.0307  0.0318  0.0311  0.0325  0.0293  0.0307
niter,ni,del,rscale     6    3    5.0000    1.2000
parameters
    3.9336   18.7099    5.0377  -14.8328  -17.3029  -11.9956
    5.9156   17.8490   -8.4313   12.7090  -16.0398  -19.0337
eta,q 0.97220 10.52686
  0.0316  0.0330  0.0295  0.0312  0.0309  0.0312  0.0307  0.0318  0.0311  0.0334  0.0288  0.0296
  0.0296  0.0306  0.0285  0.0294  0.0292  0.0291  0.0291  0.0296  0.0293  0.0301  0.0282  0.0285
  0.0283  0.0288  0.0279  0.0283  0.0282  0.0280  0.0281  0.0283  0.0282  0.0283  0.0279  0.0279
  0.0278  0.0278  0.0277  0.0277  0.0277  0.0278  0.0278  0.0278  0.0278  0.0278  0.0278  0.0278
  0.0281  0.0278  0.0278  0.0276  0.0284  0.0275  0.0281  0.0281  0.0281  0.0282  0.0279  0.0281
  0.0292  0.0287  0.0282  0.0292  0.0304  0.0280  0.0293  0.0293  0.0292  0.0295  0.0283  0.0288
  0.0311  0.0304  0.0289  0.0330  0.0332  0.0310  0.0310  0.0317  0.0307  0.0317  0.0291  0.0299
niter,ni,del,rscale     5    3    5.0000    1.2000
parameters
    4.0078   18.9324    5.1266  -14.7571  -17.5531  -11.9595
    5.7827   17.9348   -8.3460   13.0440  -16.1206  -19.1350
eta,q 0.97219 10.52934
  0.0315  0.0321  0.0293  0.0315  0.0314  0.0309  0.0307  0.0317  0.0310  0.0328  0.0289  0.0297
  0.0295  0.0299  0.0284  0.0297  0.0296  0.0290  0.0292  0.0296  0.0292  0.0297  0.0282  0.0286
  0.0283  0.0284  0.0279  0.0285  0.0284  0.0280  0.0281  0.0283  0.0281  0.0281  0.0279  0.0280
  0.0278  0.0278  0.0278  0.0278  0.0278  0.0278  0.0278  0.0278  0.0278  0.0278  0.0278  0.0278
  0.0281  0.0280  0.0279  0.0275  0.0280  0.0274  0.0281  0.0281  0.0281  0.0283  0.0279  0.0280
  0.0292  0.0291  0.0283  0.0287  0.0296  0.0282  0.0292  0.0293  0.0292  0.0295  0.0283  0.0287
  0.0311  0.0309  0.0291  0.0322  0.0322  0.0316  0.0310  0.0317  0.0308  0.0318  0.0290  0.0297
niter,ni,del,rscale     4    3    5.0000    1.2000
parameters
    4.0355   19.0104    5.1035  -14.7652  -17.6504  -11.9918
    5.7306   17.9779   -8.3162   13.1619  -16.1509  -19.2101
eta,q 0.97217 10.52637
  0.0314  0.0317  0.0292  0.0315  0.0315  0.0309  0.0308  0.0317  0.0309  0.0325  0.0290  0.0297
  0.0295  0.0296  0.0283  0.0296  0.0297  0.0290  0.0292  0.0296  0.0292  0.0295  0.0283  0.0286
  0.0283  0.0283  0.0279  0.0285  0.0285  0.0281  0.0282  0.0283  0.0281  0.0280  0.0279  0.0280
  0.0278  0.0278  0.0278  0.0278  0.0278  0.0278  0.0278  0.0278  0.0278  0.0278  0.0278  0.0278
  0.0281  0.0282  0.0280  0.0276  0.0280  0.0274  0.0281  0.0282  0.0282  0.0283  0.0279  0.0280
  0.0293  0.0293  0.0284  0.0288  0.0295  0.0282  0.0292  0.0294  0.0292  0.0296  0.0283  0.0287
  0.0313  0.0313  0.0292  0.0323  0.0320  0.0317  0.0310  0.0318  0.0308  0.0320  0.0290  0.0297
niter,ni,del,rscale     3    3    5.0000    1.2000
parameters
    4.0433   19.0439    5.0869  -14.7735  -17.6920  -12.0078
    5.7056   17.9914   -8.3044   13.2181  -16.1770  -19.2523
eta,q 0.97217 10.52505
  0.0313  0.0315  0.0292  0.0315  0.0315  0.0309  0.0308  0.0317  0.0309  0.0324  0.0290  0.0297
  0.0294  0.0295  0.0284  0.0297  0.0297  0.0290  0.0293  0.0296  0.0292  0.0295  0.0283  0.0286
  0.0283  0.0283  0.0279  0.0285  0.0285  0.0281  0.0282  0.0283  0.0281  0.0280  0.0279  0.0280
  0.0278  0.0278  0.0278  0.0278  0.0278  0.0278  0.0278  0.0278  0.0278  0.0278  0.0278  0.0278
  0.0282  0.0282  0.0280  0.0276  0.0280  0.0274  0.0282  0.0282  0.0282  0.0284  0.0279  0.0280
  0.0294  0.0294  0.0285  0.0288  0.0295  0.0282  0.0292  0.0294  0.0293  0.0297  0.0283  0.0287
  0.0313  0.0314  0.0292  0.0323  0.0319  0.0317  0.0309  0.0318  0.0308  0.0320  0.0290  0.0297
niter,ni,del,rscale     2    3    5.0000    1.2000
parameters
    4.0471   19.0589    5.0768  -14.7794  -17.7137  -12.0179
    5.6954   17.9988   -8.2986   13.2448  -16.1953  -19.2637
eta,q 0.97216 10.52415
  0.0313  0.0315  0.0292  0.0315  0.0315  0.0309  0.0308  0.0317  0.0309  0.0324  0.0290  0.0297
  0.0294  0.0295  0.0284  0.0297  0.0297  0.0290  0.0293  0.0296  0.0292  0.0294  0.0283  0.0286
  0.0283  0.0283  0.0279  0.0285  0.0285  0.0281  0.0282  0.0283  0.0282  0.0280  0.0280  0.0280
  0.0278  0.0278  0.0278  0.0278  0.0278  0.0278  0.0278  0.0278  0.0278  0.0278  0.0278  0.0278
  0.0282  0.0282  0.0280  0.0276  0.0280  0.0274  0.0282  0.0282  0.0282  0.0284  0.0279  0.0280
  0.0294  0.0294  0.0285  0.0288  0.0295  0.0282  0.0292  0.0294  0.0293  0.0297  0.0283  0.0287
  0.0314  0.0314  0.0292  0.0323  0.0319  0.0317  0.0309  0.0318  0.0308  0.0320  0.0290  0.0297
registration optimization eta report
parameter search radius
    2.4000    2.7600    2.4000    9.5220    9.5220    8.2800
    7.2000    7.2000    8.2800    9.5220    8.2800    8.2800
100000*second partial in parameter space
       61.       48.       24.        5.        4.        5.
        6.        8.        4.        5.        2.        3.
  0.0313  0.0315  0.0292  0.0315  0.0315  0.0309  0.0308  0.0317  0.0309  0.0324  0.0290  0.0297
  0.0294  0.0295  0.0284  0.0297  0.0297  0.0290  0.0293  0.0296  0.0292  0.0294  0.0283  0.0286
  0.0283  0.0283  0.0279  0.0285  0.0285  0.0281  0.0282  0.0283  0.0282  0.0280  0.0280  0.0280
  0.0278  0.0278  0.0278  0.0278  0.0278  0.0278  0.0278  0.0278  0.0278  0.0278  0.0278  0.0278
  0.0282  0.0282  0.0280  0.0276  0.0280  0.0274  0.0282  0.0282  0.0282  0.0284  0.0279  0.0280
  0.0294  0.0294  0.0285  0.0288  0.0295  0.0282  0.0292  0.0294  0.0293  0.0297  0.0283  0.0287
  0.0314  0.0314  0.0292  0.0323  0.0319  0.0317  0.0309  0.0318  0.0308  0.0320  0.0290  0.0297
    4.0471   19.0589    5.0768  -14.7794  -17.7137  -12.0179
    5.6954   17.9988   -8.2986   13.2448  -16.1953  -19.2637
eta,q 0.97216 10.52415

---------------------------------------------------------------------
imgreg_4dfp /opt/freesurfer/average/711-2C_as_mni_average_305 /opt/freesurfer/average/711-2B_as_mni_average_305_mask talsrcimg_g11 none talsrcimg_to_711-2C_as_mni_average_305_t4 2311
---------------------------------------------------------------------

freesurfer imgreg_4dfp.c
/opt/freesurfer/average/711-2C_as_mni_average_305.4dfp.img
       256       256       256         1
  1.000000  1.000000  1.000000
orientation T byte_order littleendian
Reading image: /opt/freesurfer/average/711-2C_as_mni_average_305.4dfp.img
dimensions:      256       256       256
mmppix:       1.0000   -1.0000   -1.0000
center:     128.0000 -129.0000 -129.0000
/opt/freesurfer/average/711-2B_as_mni_average_305_mask.4dfp.img
       256       256       256         1
  1.000000  1.000000  1.000000
orientation T byte_order littleendian
Reading mask: /opt/freesurfer/average/711-2B_as_mni_average_305_mask.4dfp.img (2306576 pixels)
talsrcimg_g11.4dfp.img
       256       256       256         1
  1.000000  1.000000  1.000000
orientation T byte_order littleendian
Reading image: talsrcimg_g11.4dfp.img
dimensions:      256       256       256
mmppix:       1.0000   -1.0000   -1.0000
center:     128.0000 -129.0000 -129.0000
fimgreg.f
image alignment mode   2311 decimal      907 hex
parameters
    4.0471   19.0589    5.0768  -14.7794  -17.7137  -12.0179
    5.6954   17.9988   -8.2986   13.2448  -16.1953  -19.2637
eta,q 0.97216 10.52415
niter,ni,del,rscale     5    3    5.0000    0.8000
parameter  6 -0.650068 -> -0.500000 qaram    1.1500
parameters
    4.0702   19.0686    5.0257  -12.7288  -16.9459   -9.2579
    5.5255   18.2827   -8.7985   13.1517  -16.0986  -19.5921
eta,q 0.97316 10.79605
  0.0294  0.0291  0.0284  0.0290  0.0290  0.0286  0.0285  0.0296  0.0279  0.0282  0.0276  0.0276
  0.0286  0.0284  0.0281  0.0285  0.0284  0.0281  0.0276  0.0282  0.0273  0.0274  0.0272  0.0271
  0.0280  0.0280  0.0279  0.0281  0.0279  0.0278  0.0271  0.0273  0.0269  0.0270  0.0269  0.0269
  0.0278  0.0278  0.0278  0.0278  0.0276  0.0275  0.0269  0.0269  0.0269  0.0269  0.0269  0.0269
  0.0280  0.0280  0.0279  0.0276  0.0275  0.0271  0.0271  0.0270  0.0271  0.0270  0.0269  0.0270
  0.0285  0.0284  0.0281  0.0276  0.0278  0.0269  0.0277  0.0277  0.0277  0.0275  0.0272  0.0273
  0.0294  0.0291  0.0285  0.0280  0.0284  0.0274  0.0287  0.0291  0.0284  0.0283  0.0275  0.0278
niter,ni,del,rscale     5    3    5.0000    0.8000
parameters
    3.9135   18.9323    5.2361  -12.8995  -16.5010  -10.3796
    5.8304   18.1385   -8.7837   12.9951  -16.2061  -19.1213
eta,q 0.97297 10.75490
  0.0284  0.0280  0.0282  0.0281  0.0284  0.0281  0.0289  0.0290  0.0284  0.0282  0.0275  0.0279
  0.0275  0.0273  0.0275  0.0276  0.0277  0.0278  0.0279  0.0280  0.0276  0.0275  0.0272  0.0274
  0.0269  0.0269  0.0270  0.0271  0.0272  0.0273  0.0273  0.0273  0.0272  0.0271  0.0271  0.0271
  0.0268  0.0268  0.0268  0.0268  0.0268  0.0268  0.0270  0.0270  0.0270  0.0270  0.0270  0.0270
  0.0272  0.0271  0.0269  0.0268  0.0268  0.0270  0.0271  0.0273  0.0272  0.0272  0.0271  0.0271
  0.0280  0.0277  0.0271  0.0274  0.0272  0.0286  0.0276  0.0280  0.0276  0.0276  0.0273  0.0273
  0.0292  0.0285  0.0276  0.0286  0.0281  0.0313  0.0285  0.0294  0.0283  0.0284  0.0276  0.0276
niter,ni,del,rscale     4    3    5.0000    0.7000
parameters
    3.9367   18.8329    5.0119  -12.7449  -16.3207  -10.5228
    5.8129   18.2125   -8.8292   12.8364  -16.1682  -19.2998
eta,q 0.97301 10.76117
  0.0285  0.0280  0.0275  0.0280  0.0281  0.0281  0.0283  0.0287  0.0280  0.0279  0.0274  0.0275
  0.0277  0.0274  0.0271  0.0276  0.0276  0.0278  0.0276  0.0278  0.0274  0.0274  0.0272  0.0272
  0.0272  0.0271  0.0270  0.0273  0.0272  0.0274  0.0272  0.0273  0.0271  0.0271  0.0270  0.0270
  0.0270  0.0270  0.0270  0.0270  0.0270  0.0270  0.0270  0.0270  0.0270  0.0270  0.0270  0.0270
  0.0272  0.0272  0.0272  0.0270  0.0270  0.0268  0.0272  0.0271  0.0271  0.0271  0.0270  0.0271
  0.0276  0.0276  0.0274  0.0273  0.0274  0.0273  0.0276  0.0277  0.0275  0.0275  0.0272  0.0273
  0.0284  0.0283  0.0278  0.0281  0.0280  0.0289  0.0283  0.0287  0.0280  0.0281  0.0274  0.0276
niter,ni,del,rscale     3    3    5.0000    0.6000
parameters
    3.9121   18.8026    4.9173  -12.5481  -16.2281  -10.1774
    5.7691   18.2656   -8.8794   12.8174  -16.1650  -19.4666
eta,q 0.97312 10.78922
  0.0280  0.0278  0.0274  0.0278  0.0278  0.0279  0.0278  0.0282  0.0276  0.0277  0.0272  0.0273
  0.0274  0.0273  0.0271  0.0275  0.0274  0.0277  0.0273  0.0275  0.0272  0.0272  0.0270  0.0270
  0.0271  0.0271  0.0270  0.0272  0.0271  0.0274  0.0270  0.0271  0.0270  0.0269  0.0269  0.0269
  0.0270  0.0270  0.0270  0.0270  0.0270  0.0270  0.0269  0.0269  0.0269  0.0269  0.0269  0.0269
  0.0271  0.0271  0.0271  0.0270  0.0270  0.0267  0.0270  0.0270  0.0270  0.0270  0.0269  0.0270
  0.0275  0.0274  0.0273  0.0272  0.0273  0.0270  0.0273  0.0274  0.0272  0.0272  0.0270  0.0271
  0.0281  0.0279  0.0275  0.0278  0.0278  0.0280  0.0279  0.0282  0.0277  0.0277  0.0272  0.0274
niter,ni,del,rscale     2    3    5.0000    0.5000
parameters
    3.8857   18.7922    4.9441  -12.3879  -16.1802   -9.7645
    5.7484   18.3063   -8.9246   12.8486  -16.0953  -19.5298
eta,q 0.97322 10.81466
  0.0276  0.0275  0.0273  0.0275  0.0275  0.0278  0.0275  0.0278  0.0273  0.0274  0.0271  0.0271
  0.0272  0.0271  0.0270  0.0273  0.0272  0.0275  0.0271  0.0273  0.0270  0.0270  0.0269  0.0269
  0.0269  0.0269  0.0269  0.0270  0.0270  0.0272  0.0269  0.0269  0.0268  0.0268  0.0268  0.0268
  0.0269  0.0269  0.0269  0.0269  0.0269  0.0269  0.0268  0.0268  0.0268  0.0268  0.0268  0.0268
  0.0270  0.0269  0.0269  0.0269  0.0269  0.0267  0.0269  0.0269  0.0268  0.0268  0.0268  0.0268
  0.0272  0.0271  0.0270  0.0271  0.0271  0.0269  0.0271  0.0272  0.0270  0.0270  0.0269  0.0269
  0.0277  0.0275  0.0272  0.0275  0.0275  0.0277  0.0275  0.0278  0.0274  0.0274  0.0270  0.0271
niter,ni,del,rscale     1    3    5.0000    0.4000
parameters
    3.8701   18.7907    5.0144  -12.2600  -16.1530   -9.4144
    5.7712   18.3413   -8.9522   12.8652  -16.0046  -19.4916
eta,q 0.97329 10.83361
  0.0273  0.0272  0.0271  0.0272  0.0272  0.0276  0.0272  0.0274  0.0271  0.0271  0.0269  0.0270
  0.0270  0.0269  0.0269  0.0270  0.0270  0.0273  0.0269  0.0270  0.0269  0.0269  0.0268  0.0268
  0.0268  0.0268  0.0268  0.0269  0.0268  0.0270  0.0268  0.0268  0.0267  0.0268  0.0267  0.0267
  0.0268  0.0268  0.0268  0.0268  0.0268  0.0268  0.0267  0.0267  0.0267  0.0267  0.0267  0.0267
  0.0268  0.0268  0.0268  0.0268  0.0268  0.0267  0.0268  0.0268  0.0268  0.0268  0.0267  0.0267
  0.0270  0.0270  0.0269  0.0269  0.0270  0.0269  0.0269  0.0270  0.0269  0.0269  0.0268  0.0268
  0.0273  0.0272  0.0270  0.0272  0.0272  0.0274  0.0272  0.0274  0.0271  0.0271  0.0269  0.0269
registration optimization eta report
parameter search radius
    0.8000    0.8000    0.8000    2.4000    2.4000    2.7600
    2.4000    2.4000    2.4000    2.4000    2.4000    2.4000
100000*second partial in parameter space
       80.       61.       40.        8.        8.        9.
        8.       12.        6.        7.        3.        4.
  0.0273  0.0272  0.0271  0.0272  0.0272  0.0276  0.0272  0.0274  0.0271  0.0271  0.0269  0.0270
  0.0270  0.0269  0.0269  0.0270  0.0270  0.0273  0.0269  0.0270  0.0269  0.0269  0.0268  0.0268
  0.0268  0.0268  0.0268  0.0269  0.0268  0.0270  0.0268  0.0268  0.0267  0.0268  0.0267  0.0267
  0.0268  0.0268  0.0268  0.0268  0.0268  0.0268  0.0267  0.0267  0.0267  0.0267  0.0267  0.0267
  0.0268  0.0268  0.0268  0.0268  0.0268  0.0267  0.0268  0.0268  0.0268  0.0268  0.0267  0.0267
  0.0270  0.0270  0.0269  0.0269  0.0270  0.0269  0.0269  0.0270  0.0269  0.0269  0.0268  0.0268
  0.0273  0.0272  0.0270  0.0272  0.0272  0.0274  0.0272  0.0274  0.0271  0.0271  0.0269  0.0269
    3.8701   18.7907    5.0144  -12.2600  -16.1530   -9.4144
    5.7712   18.3413   -8.9522   12.8652  -16.0046  -19.4916
eta,q 0.97329 10.83361

---------------------------------------------------------------------
imgreg_4dfp /opt/freesurfer/average/711-2C_as_mni_average_305 /opt/freesurfer/average/711-2B_as_mni_average_305_mask talsrcimg_g11 none talsrcimg_to_711-2C_as_mni_average_305_t4 2311
---------------------------------------------------------------------

freesurfer imgreg_4dfp.c
/opt/freesurfer/average/711-2C_as_mni_average_305.4dfp.img
       256       256       256         1
  1.000000  1.000000  1.000000
orientation T byte_order littleendian
Reading image: /opt/freesurfer/average/711-2C_as_mni_average_305.4dfp.img
dimensions:      256       256       256
mmppix:       1.0000   -1.0000   -1.0000
center:     128.0000 -129.0000 -129.0000
/opt/freesurfer/average/711-2B_as_mni_average_305_mask.4dfp.img
       256       256       256         1
  1.000000  1.000000  1.000000
orientation T byte_order littleendian
Reading mask: /opt/freesurfer/average/711-2B_as_mni_average_305_mask.4dfp.img (2306576 pixels)
talsrcimg_g11.4dfp.img
       256       256       256         1
  1.000000  1.000000  1.000000
orientation T byte_order littleendian
Reading image: talsrcimg_g11.4dfp.img
dimensions:      256       256       256
mmppix:       1.0000   -1.0000   -1.0000
center:     128.0000 -129.0000 -129.0000
fimgreg.f
image alignment mode   2311 decimal      907 hex
parameters
    3.8701   18.7907    5.0144  -12.2600  -16.1530   -9.4144
    5.7712   18.3413   -8.9522   12.8652  -16.0046  -19.4916
eta,q 0.97329 10.83361
niter,ni,del,rscale     5    3    5.0000    0.8000
parameters
    3.8749   18.7923    5.1651  -12.8919  -16.3561  -10.1609
    5.8995   18.1068   -8.8295   12.8274  -16.1310  -19.1288
eta,q 0.97306 10.76693
  0.0288  0.0283  0.0280  0.0279  0.0281  0.0279  0.0287  0.0289  0.0284  0.0283  0.0275  0.0278
  0.0276  0.0274  0.0273  0.0274  0.0275  0.0276  0.0278  0.0278  0.0276  0.0275  0.0271  0.0273
  0.0269  0.0269  0.0269  0.0269  0.0270  0.0272  0.0272  0.0272  0.0271  0.0271  0.0270  0.0270
  0.0267  0.0267  0.0267  0.0267  0.0268  0.0268  0.0269  0.0269  0.0269  0.0269  0.0269  0.0269
  0.0270  0.0269  0.0268  0.0269  0.0269  0.0269  0.0271  0.0272  0.0271  0.0271  0.0270  0.0270
  0.0276  0.0274  0.0271  0.0277  0.0275  0.0279  0.0276  0.0280  0.0275  0.0276  0.0272  0.0272
  0.0287  0.0283  0.0276  0.0292  0.0285  0.0299  0.0285  0.0295  0.0282  0.0283  0.0275  0.0276
niter,ni,del,rscale     4    3    5.0000    0.7000
parameters
    3.9127   18.8020    5.0568  -12.7481  -16.2908  -10.1063
    5.8274   18.1874   -8.8485   12.8072  -16.1815  -19.3047
eta,q 0.97311 10.77961
  0.0285  0.0281  0.0275  0.0280  0.0280  0.0279  0.0281  0.0287  0.0279  0.0280  0.0273  0.0274
  0.0276  0.0275  0.0271  0.0276  0.0275  0.0277  0.0275  0.0278  0.0273  0.0273  0.0271  0.0271
  0.0271  0.0271  0.0270  0.0272  0.0271  0.0273  0.0270  0.0272  0.0270  0.0270  0.0269  0.0269
  0.0269  0.0269  0.0269  0.0269  0.0269  0.0269  0.0269  0.0269  0.0269  0.0269  0.0269  0.0269
  0.0271  0.0271  0.0271  0.0269  0.0270  0.0267  0.0271  0.0270  0.0270  0.0270  0.0269  0.0270
  0.0275  0.0274  0.0273  0.0272  0.0274  0.0271  0.0275  0.0276  0.0274  0.0274  0.0271  0.0272
  0.0283  0.0281  0.0277  0.0281  0.0281  0.0283  0.0282  0.0286  0.0279  0.0280  0.0273  0.0275
niter,ni,del,rscale     3    3    5.0000    0.6000
parameters
    3.9006   18.7982    5.0142  -12.5590  -16.2252   -9.7849
    5.7795   18.2515   -8.8851   12.8312  -16.1026  -19.4309
eta,q 0.97321 10.80423
  0.0279  0.0277  0.0274  0.0277  0.0278  0.0278  0.0278  0.0282  0.0276  0.0277  0.0272  0.0272
  0.0274  0.0273  0.0271  0.0274  0.0273  0.0276  0.0272  0.0275  0.0271  0.0272  0.0270  0.0270
  0.0270  0.0270  0.0269  0.0271  0.0270  0.0272  0.0269  0.0270  0.0269  0.0269  0.0268  0.0268
  0.0269  0.0269  0.0269  0.0269  0.0269  0.0269  0.0268  0.0268  0.0268  0.0268  0.0268  0.0268
  0.0270  0.0270  0.0270  0.0269  0.0269  0.0267  0.0269  0.0269  0.0269  0.0269  0.0268  0.0269
  0.0274  0.0273  0.0271  0.0271  0.0272  0.0270  0.0273  0.0274  0.0272  0.0272  0.0270  0.0270
  0.0280  0.0277  0.0274  0.0277  0.0278  0.0278  0.0278  0.0282  0.0276  0.0276  0.0271  0.0273
niter,ni,del,rscale     2    3    5.0000    0.5000
parameters
    3.8806   18.7964    5.0487  -12.3928  -16.1922   -9.4706
    5.7733   18.2987   -8.9209   12.8570  -16.0398  -19.4408
eta,q 0.97328 10.82445
  0.0275  0.0274  0.0272  0.0275  0.0274  0.0276  0.0274  0.0278  0.0273  0.0274  0.0270  0.0271
  0.0271  0.0271  0.0270  0.0272  0.0271  0.0274  0.0270  0.0272  0.0270  0.0270  0.0269  0.0269
  0.0269  0.0269  0.0268  0.0269  0.0269  0.0270  0.0268  0.0269  0.0268  0.0268  0.0268  0.0268
  0.0268  0.0268  0.0268  0.0268  0.0268  0.0268  0.0267  0.0267  0.0267  0.0267  0.0267  0.0267
  0.0269  0.0269  0.0268  0.0268  0.0268  0.0267  0.0268  0.0268  0.0268  0.0268  0.0268  0.0268
  0.0272  0.0271  0.0270  0.0270  0.0271  0.0269  0.0270  0.0271  0.0270  0.0270  0.0268  0.0269
  0.0276  0.0274  0.0271  0.0274  0.0274  0.0275  0.0274  0.0278  0.0273  0.0273  0.0270  0.0271
niter,ni,del,rscale     1    3    5.0000    0.4000
parameters
    3.8739   18.7912    5.1088  -12.2813  -16.1617   -9.2111
    5.7965   18.3306   -8.9511   12.8613  -15.9904  -19.3871
eta,q 0.97331 10.83941
  0.0272  0.0271  0.0270  0.0272  0.0272  0.0274  0.0272  0.0274  0.0271  0.0271  0.0269  0.0269
  0.0270  0.0269  0.0269  0.0270  0.0269  0.0271  0.0269  0.0270  0.0269  0.0269  0.0268  0.0268
  0.0268  0.0268  0.0268  0.0268  0.0268  0.0269  0.0267  0.0268  0.0267  0.0267  0.0267  0.0267
  0.0267  0.0267  0.0267  0.0267  0.0267  0.0267  0.0267  0.0267  0.0267  0.0267  0.0267  0.0267
  0.0268  0.0268  0.0267  0.0267  0.0268  0.0267  0.0267  0.0267  0.0267  0.0267  0.0267  0.0267
  0.0270  0.0269  0.0268  0.0269  0.0269  0.0268  0.0269  0.0270  0.0269  0.0269  0.0268  0.0268
  0.0272  0.0271  0.0269  0.0272  0.0272  0.0273  0.0271  0.0274  0.0271  0.0271  0.0269  0.0269
registration optimization eta report
parameter search radius
    0.8000    0.8000    0.8000    2.4000    2.4000    2.4000
    2.4000    2.4000    2.4000    2.4000    2.4000    2.4000
100000*second partial in parameter space
       81.       62.       41.        8.        8.       11.
        8.       12.        7.        7.        3.        4.
  0.0272  0.0271  0.0270  0.0272  0.0272  0.0274  0.0272  0.0274  0.0271  0.0271  0.0269  0.0269
  0.0270  0.0269  0.0269  0.0270  0.0269  0.0271  0.0269  0.0270  0.0269  0.0269  0.0268  0.0268
  0.0268  0.0268  0.0268  0.0268  0.0268  0.0269  0.0267  0.0268  0.0267  0.0267  0.0267  0.0267
  0.0267  0.0267  0.0267  0.0267  0.0267  0.0267  0.0267  0.0267  0.0267  0.0267  0.0267  0.0267
  0.0268  0.0268  0.0267  0.0267  0.0268  0.0267  0.0267  0.0267  0.0267  0.0267  0.0267  0.0267
  0.0270  0.0269  0.0268  0.0269  0.0269  0.0268  0.0269  0.0270  0.0269  0.0269  0.0268  0.0268
  0.0272  0.0271  0.0269  0.0272  0.0272  0.0273  0.0271  0.0274  0.0271  0.0271  0.0269  0.0269
    3.8739   18.7912    5.1088  -12.2813  -16.1617   -9.2111
    5.7965   18.3306   -8.9511   12.8613  -15.9904  -19.3871
eta,q 0.97331 10.83941

---------------------------------------------------------------------
compute_vox2vox talsrcimg talsrcimg_to_711-2C_as_mni_average_305_t4 /opt/freesurfer/average/711-2C_as_mni_average_305
---------------------------------------------------------------------

freesurfer compute_vox2vox.c
Reading: talsrcimg.4dfp.ifh
Reading: talsrcimg_to_711-2C_as_mni_average_305_t4
Reading: /opt/freesurfer/average/711-2C_as_mni_average_305.4dfp.ifh
Writing: talsrcimg_to_711-2C_as_mni_average_305_t4_vox2vox.txt

start time Tue Mar 10 04:10:26 CET 2026
end		time Tue Mar 10 04:11:59 CET 2026

mpr2mni305 success

avi2talxfm orig_nu.mgz /opt/freesurfer/average/mni305.cor.mgz talsrcimg_to_711-2C_as_mni_average_305_t4_vox2vox.txt transforms/talairach.auto.xfm
avi2talxfm done
mv -f /out/sourcedata/freesurfer/sub-v1s5x0050736_ses-1/mri/talsrcimg_to_711-2C_as_mni_average_305_t4_vox2vox.txt /out/sourcedata/freesurfer/sub-v1s5x0050736_ses-1/mri/transforms/talsrcimg_to_711-2C_as_mni_average_305_t4_vox2vox.txt
lta_convert --src orig_nu.mgz --trg /opt/freesurfer/average/mni305.cor.mgz --inxfm transforms/talairach.auto.xfm --outlta transforms/talairach.auto.xfm.lta --subject fsaverage
7.3.2

--src: orig_nu.mgz src image (geometry).
--trg: /opt/freesurfer/average/mni305.cor.mgz trg image (geometry).
--inmni: transforms/talairach.auto.xfm input MNI/XFM transform.
--outlta: transforms/talairach.auto.xfm.lta output LTA.
--s: fsaverage subject name
 LTA read, type : 1
 1.09055  -0.20286  -0.12231  -2.08690;
 0.21006   1.02744   0.22307  -15.64810;
 0.08421  -0.17928   1.14549  -36.18094;
 0.00000   0.00000   0.00000   1.00000;
setting subject to fsaverage
Writing  LTA to file transforms/talairach.auto.xfm.lta...
lta_convert successful.
 
 
Started at Tue Mar 10 04:10:26 CET 2026
Ended   at Tue Mar 10 04:11:59 CET 2026
talairach_avi done
