/out/sourcedata/freesurfer/sub-v1s5x0050756_ses-1/mri
/opt/freesurfer/bin/talairach_avi
--i orig_nu.mgz --xfm transforms/talairach.auto.xfm
talairach_avi 7.3.2
Linux dna086 5.14.0-427.37.1.el9_4.x86_64 #1 SMP PREEMPT_DYNAMIC Fri Sep 13 12:41:50 EDT 2024 x86_64 x86_64 x86_64 GNU/Linux
Tue Mar 10 05:18:03 CET 2026
mri_convert orig_nu.mgz talsrcimg.img 
reading from orig_nu.mgz...
TR=0.00, TE=0.00, TI=0.00, flip angle=0.00
i_ras = (-1, -5.06407e-09, 0)
j_ras = (0, 3.72529e-09, -1)
k_ras = (1.28057e-09, 1, 0)
writing to talsrcimg.img...
Analyze Output Matrix
-1.00000   0.00000   0.00000   129.05774;
-0.00000   0.00000   1.00000  -111.23501;
 0.00000  -1.00000   0.00000   105.38391;
 0.00000   0.00000   0.00000   1.00000;
--------------------
INFO: set hdr.hist.orient to -1
mpr2mni305 talsrcimg
Tue Mar 10 05:18:03 CET 2026
/opt/freesurfer/bin/mpr2mni305 talsrcimg
mpr2mni305 7.3.2
target=711-2C_as_mni_average_305

---------------------------------------------------------------------
analyzeto4dfp talsrcimg -O0 -y
---------------------------------------------------------------------

freesurfer ifh2hdr.c
Tue Mar 10 05:18:03 2026
Writing: talsrcimg.4dfp.hdr
freesurfer analyzeto4dfp.c
Reading: talsrcimg.hdr
header size 348 bytes
hdr.dime.datatype	offset=70	value=2
hdr.dime.bitpix		offset=72	value=8
hdr.hist.orient		offset=252	value=-1
dimensionality     4
dimensions       256       256       256         1
Reading: talsrcimg.img
Writing: talsrcimg.4dfp.img
Writing: talsrcimg.4dfp.ifh
ifh2hdr talsrcimg -r0to239
ori=2

---------------------------------------------------------------------
gauss_4dfp talsrcimg 1.1
---------------------------------------------------------------------

freesurfer gauss_4dfp.c
Reading: talsrcimg.4dfp.img
Writing: talsrcimg_g11.4dfp.img
image dimensions 256 256 256 padded to 288 288 288
processing volume 1freesurfer ifh2hdr.c
Tue Mar 10 05:18:04 2026
Writing: talsrcimg_g11.4dfp.hdr

Writing: talsrcimg_g11.4dfp.ifh
including: talsrcimg.4dfp.img.rec in talsrcimg_g11.4dfp.img.rec

---------------------------------------------------------------------
imgreg_4dfp /opt/freesurfer/average/711-2C_as_mni_average_305 none talsrcimg_g11 none talsrcimg_to_711-2C_as_mni_average_305_t4 4355
---------------------------------------------------------------------

freesurfer imgreg_4dfp.c
/opt/freesurfer/average/711-2C_as_mni_average_305.4dfp.img
       256       256       256         1
  1.000000  1.000000  1.000000
orientation T byte_order littleendian
Reading image: /opt/freesurfer/average/711-2C_as_mni_average_305.4dfp.img
dimensions:      256       256       256
mmppix:       1.0000   -1.0000   -1.0000
center:     128.0000 -129.0000 -129.0000
talsrcimg_g11.4dfp.img
       256       256       256         1
  1.000000  1.000000  1.000000
orientation T byte_order littleendian
Reading image: talsrcimg_g11.4dfp.img
dimensions:      256       256       256
mmppix:       1.0000   -1.0000   -1.0000
center:     128.0000 -129.0000 -129.0000
t4_read: open error in t4_sub.f l:  41 t4_file(1:l)talsrcimg_to_711-2C_as_mni_average_305_t4 
t4_read: transform initialized to I4
rotation matrix determinant  1.000000
image alignment mode   4355 decimal     1103 hex
   -7.5000  -45.0000  -45.0000 8301.4756   15.7733
    0.0000  -45.0000  -45.0000 8709.9307   15.7595
    7.5000  -45.0000  -45.0000 8399.8018   15.7525
   -7.5000  -37.5000  -45.0000 8768.9951   15.4488
    0.0000  -37.5000  -45.0000 9170.8750   15.4312
    7.5000  -37.5000  -45.0000 8829.4902   15.4181
   -7.5000  -30.0000  -45.0000 9626.3604   15.2604
    0.0000  -30.0000  -45.000010038.5723   15.2406
    7.5000  -30.0000  -45.0000 9657.5547   15.2228
   -7.5000  -22.5000  -45.000010579.1689   15.1554
    0.0000  -22.5000  -45.000011017.0039   15.1377
    7.5000  -22.5000  -45.000010577.6777   15.1230
   -7.5000  -15.0000  -45.000011562.0850   15.1294
    0.0000  -15.0000  -45.000012046.1162   15.1171
    7.5000  -15.0000  -45.000011533.3672   15.1107
   -7.5000   -7.5000  -45.000012310.0791   15.1261
    0.0000   -7.5000  -45.000012834.1699   15.1171
    7.5000   -7.5000  -45.000012264.6162   15.1163
   -7.5000    0.0000  -45.000012786.9990   15.1191
    0.0000    0.0000  -45.000013366.2637   15.1088
    7.5000    0.0000  -45.000012730.1963   15.1057
   -7.5000    7.5000  -45.000012257.1191   15.1135
    0.0000    7.5000  -45.000012785.9980   15.0981
    7.5000    7.5000  -45.000012196.5410   15.0865
   -7.5000   15.0000  -45.000011656.7686   15.1154
    0.0000   15.0000  -45.000012133.9893   15.0960
    7.5000   15.0000  -45.000011561.1416   15.0783
   -7.5000   22.5000  -45.000010951.2900   15.1205
    0.0000   22.5000  -45.000011413.1455   15.1030
    7.5000   22.5000  -45.000010882.6709   15.0882
   -7.5000   30.0000  -45.000010220.2734   14.9262
    0.0000   30.0000  -45.000010645.8955   14.9140
    7.5000   30.0000  -45.000010123.5889   14.9077
   -7.5000   37.5000  -45.0000 9853.0557   14.9651
    0.0000   37.5000  -45.000010236.4443   14.9566
    7.5000   37.5000  -45.0000 9726.8096   14.9559
   -7.5000   45.0000  -45.0000 9215.1494   14.9309
    0.0000   45.0000  -45.0000 9587.7295   14.9234
    7.5000   45.0000  -45.0000 9117.5000   14.9248
   -7.5000  -45.0000  -37.5000 8633.6270   15.7047
    0.0000  -45.0000  -37.5000 9086.3545   15.6988
    7.5000  -45.0000  -37.5000 8734.6748   15.6945
   -7.5000  -37.5000  -37.5000 9136.3223   15.3831
    0.0000  -37.5000  -37.5000 9580.5879   15.3721
    7.5000  -37.5000  -37.5000 9192.3652   15.3635
   -7.5000  -30.0000  -37.500010073.9062   15.1948
    0.0000  -30.0000  -37.500010498.4004   15.1787
    7.5000  -30.0000  -37.500010094.3252   15.1659
   -7.5000  -22.5000  -37.500011113.8750   15.0911
    0.0000  -22.5000  -37.500011571.2080   15.0748
    7.5000  -22.5000  -37.500011114.0518   15.0636
   -7.5000  -15.0000  -37.500012171.6279   15.0676
    0.0000  -15.0000  -37.500012689.0664   15.0574
    7.5000  -15.0000  -37.500012160.7734   15.0520
   -7.5000   -7.5000  -37.500012999.7598   15.0663
    0.0000   -7.5000  -37.500013537.6699   15.0626
    7.5000   -7.5000  -37.500012939.9727   15.0627
   -7.5000    0.0000  -37.500013517.9893   15.0593
    0.0000    0.0000  -37.500014068.3066   15.0565
    7.5000    0.0000  -37.500013418.5342   15.0559
   -7.5000    7.5000  -37.500012946.1289   15.0515
    0.0000    7.5000  -37.500013476.7568   15.0426
    7.5000    7.5000  -37.500012843.4707   15.0353
   -7.5000   15.0000  -37.500012293.4990   15.0511
    0.0000   15.0000  -37.500012790.9102   15.0355
    7.5000   15.0000  -37.500012186.6885   15.0227
   -7.5000   22.5000  -37.500011586.5732   15.0564
    0.0000   22.5000  -37.500012017.9463   15.0404
    7.5000   22.5000  -37.500011472.4980   15.0290
   -7.5000   30.0000  -37.500010810.6436   14.8652
    0.0000   30.0000  -37.500011195.6982   14.8551
    7.5000   30.0000  -37.500010648.9766   14.8498
   -7.5000   37.5000  -37.500010364.2939   14.9049
    0.0000   37.5000  -37.500010727.3867   14.9019
    7.5000   37.5000  -37.500010230.4648   14.9024
   -7.5000   45.0000  -37.5000 9699.1992   14.8693
    0.0000   45.0000  -37.500010039.0527   14.8689
    7.5000   45.0000  -37.5000 9590.2871   14.8731
   -7.5000  -45.0000  -30.0000 9143.8682   16.3711
    0.0000  -45.0000  -30.0000 9602.2275   16.3670
    7.5000  -45.0000  -30.0000 9251.9199   16.3611
   -7.5000  -37.5000  -30.0000 9708.7041   16.0495
    0.0000  -37.5000  -30.000010154.7002   16.0391
    7.5000  -37.5000  -30.0000 9764.7363   16.0276
   -7.5000  -30.0000  -30.000010708.0068   15.8552
    0.0000  -30.0000  -30.000011170.9961   15.8401
    7.5000  -30.0000  -30.000010733.4922   15.8245
   -7.5000  -22.5000  -30.000011817.6748   15.7369
    0.0000  -22.5000  -30.000012314.0674   15.7222
    7.5000  -22.5000  -30.000011833.1475   15.7105
   -7.5000  -15.0000  -30.000012945.4775   15.7025
    0.0000  -15.0000  -30.000013505.8779   15.6948
    7.5000  -15.0000  -30.000012935.9482   15.6908
   -7.5000   -7.5000  -30.000013821.3516   15.7023
    0.0000   -7.5000  -30.000014412.3975   15.7009
    7.5000   -7.5000  -30.000013794.7441   15.7019
   -7.5000    0.0000  -30.000014383.0938   15.7041
    0.0000    0.0000  -30.000014999.5713   15.7027
    7.5000    0.0000  -30.000014334.5811   15.7008
   -7.5000    7.5000  -30.000013770.8330   15.7050
    0.0000    7.5000  -30.000014381.3457   15.6969
    7.5000    7.5000  -30.000013720.5918   15.6868
   -7.5000   15.0000  -30.000013102.9619   15.7052
    0.0000   15.0000  -30.000013680.5332   15.6906
    7.5000   15.0000  -30.000013051.0068   15.6753
   -7.5000   22.5000  -30.000012389.4180   15.6989
    0.0000   22.5000  -30.000012877.7227   15.6846
    7.5000   22.5000  -30.000012265.7412   15.6728
   -7.5000   30.0000  -30.000011568.9014   15.4930
    0.0000   30.0000  -30.000011985.8037   15.4854
    7.5000   30.0000  -30.000011396.9023   15.4814
   -7.5000   37.5000  -30.000011072.2295   15.5352
    0.0000   37.5000  -30.000011476.2715   15.5345
    7.5000   37.5000  -30.000010936.1465   15.5361
   -7.5000   45.0000  -30.000010346.5869   15.5162
    0.0000   45.0000  -30.000010710.4990   15.5171
    7.5000   45.0000  -30.000010232.5566   15.5201
   -7.5000  -45.0000  -22.5000 9693.7520   16.9634
    0.0000  -45.0000  -22.500010135.6279   16.9512
    7.5000  -45.0000  -22.5000 9760.3340   16.9407
   -7.5000  -37.5000  -22.500010291.7275   16.6431
    0.0000  -37.5000  -22.500010742.3564   16.6256
    7.5000  -37.5000  -22.500010334.0439   16.6065
   -7.5000  -30.0000  -22.500011336.5293   16.4439
    0.0000  -30.0000  -22.500011830.3242   16.4261
    7.5000  -30.0000  -22.500011365.6670   16.4037
   -7.5000  -22.5000  -22.500012492.0547   16.3090
    0.0000  -22.5000  -22.500013052.9062   16.2950
    7.5000  -22.5000  -22.500012544.2363   16.2806
   -7.5000  -15.0000  -22.500013676.7871   16.2610
    0.0000  -15.0000  -22.500014302.2070   16.2534
    7.5000  -15.0000  -22.500013728.7881   16.2505
   -7.5000   -7.5000  -22.500014586.4053   16.2615
    0.0000   -7.5000  -22.500015249.8516   16.2558
    7.5000   -7.5000  -22.500014618.4893   16.2567
   -7.5000    0.0000  -22.500015192.9189   16.2737
    0.0000    0.0000  -22.500015883.3555   16.2645
    7.5000    0.0000  -22.500015220.7812   16.2583
   -7.5000    7.5000  -22.500014574.4023   16.2860
    0.0000    7.5000  -22.500015265.8096   16.2713
    7.5000    7.5000  -22.500014601.5840   16.2539
   -7.5000   15.0000  -22.500013887.3994   16.2880
    0.0000   15.0000  -22.500014537.0000   16.2707
    7.5000   15.0000  -22.500013878.6230   16.2489
   -7.5000   22.5000  -22.500013146.1035   16.2685
    0.0000   22.5000  -22.500013710.2783   16.2548
    7.5000   22.5000  -22.500013053.9160   16.2403
   -7.5000   30.0000  -22.500012308.9199   16.0465
    0.0000   30.0000  -22.500012812.3623   16.0391
    7.5000   30.0000  -22.500012173.9658   16.0362
   -7.5000   37.5000  -22.500011803.5879   16.0916
    0.0000   37.5000  -22.500012280.2549   16.0864
    7.5000   37.5000  -22.500011692.0762   16.0879
   -7.5000   45.0000  -22.500011014.0830   16.0916
    0.0000   45.0000  -22.500011425.5869   16.0847
    7.5000   45.0000  -22.500010899.7764   16.0832
   -7.5000  -45.0000  -15.000010200.9951   17.3913
    0.0000  -45.0000  -15.000010673.4746   17.3687
    7.5000  -45.0000  -15.000010249.8975   17.3543
   -7.5000  -37.5000  -15.000010825.4258   17.0625
    0.0000  -37.5000  -15.000011310.8828   17.0364
    7.5000  -37.5000  -15.000010879.5117   17.0114
   -7.5000  -30.0000  -15.000011957.4736   16.8593
    0.0000  -30.0000  -15.000012501.0508   16.8371
    7.5000  -30.0000  -15.000012003.6055   16.8086
   -7.5000  -22.5000  -15.000013200.7568   16.7200
    0.0000  -22.5000  -15.000013814.6367   16.7044
    7.5000  -22.5000  -15.000013267.9346   16.6861
   -7.5000  -15.0000  -15.000014414.2578   16.6686
    0.0000  -15.0000  -15.000015097.1992   16.6584
    7.5000  -15.0000  -15.000014504.9873   16.6541
   -7.5000   -7.5000  -15.000015309.9980   16.6676
    0.0000   -7.5000  -15.000016076.1904   16.6551
    7.5000   -7.5000  -15.000015439.9756   16.6545
   -7.5000    0.0000  -15.000016014.3672   16.6806
    0.0000    0.0000  -15.000016835.8457   16.6616
    7.5000    0.0000  -15.000016085.8955   16.6517
   -7.5000    7.5000  -15.000015432.4961   16.6953
    0.0000    7.5000  -15.000016237.6240   16.6722
    7.5000    7.5000  -15.000015468.9434   16.6492
   -7.5000   15.0000  -15.000014707.4883   16.6992
    0.0000   15.0000  -15.000015441.4668   16.6775
    7.5000   15.0000  -15.000014709.6729   16.6497
   -7.5000   22.5000  -15.000013895.5068   16.6777
    0.0000   22.5000  -15.000014553.0010   16.6623
    7.5000   22.5000  -15.000013821.2100   16.6440
   -7.5000   30.0000  -15.000012987.3662   16.4511
    0.0000   30.0000  -15.000013594.6631   16.4410
    7.5000   30.0000  -15.000012874.4180   16.4367
   -7.5000   37.5000  -15.000012492.2031   16.4968
    0.0000   37.5000  -15.000013082.6934   16.4847
    7.5000   37.5000  -15.000012396.5986   16.4844
   -7.5000   45.0000  -15.000011609.3076   16.5052
    0.0000   45.0000  -15.000012141.2744   16.4890
    7.5000   45.0000  -15.000011540.8330   16.4837
   -7.5000  -45.0000   -7.500010696.3408   17.5827
    0.0000  -45.0000   -7.500011171.5781   17.5592
    7.5000  -45.0000   -7.500010739.6006   17.5463
   -7.5000  -37.5000   -7.500011394.3027   17.2356
    0.0000  -37.5000   -7.500011877.7734   17.2089
    7.5000  -37.5000   -7.500011422.5107   17.1860
   -7.5000  -30.0000   -7.500012651.3682   17.0285
    0.0000  -30.0000   -7.500013206.5742   17.0042
    7.5000  -30.0000   -7.500012662.7158   16.9765
   -7.5000  -22.5000   -7.500013990.3701   16.8997
    0.0000  -22.5000   -7.500014618.0801   16.8810
    7.5000  -22.5000   -7.500014013.7803   16.8612
   -7.5000  -15.0000   -7.500015246.9424   16.8587
    0.0000  -15.0000   -7.500015967.6318   16.8455
    7.5000  -15.0000   -7.500015322.0352   16.8386
   -7.5000   -7.5000   -7.500016151.5576   16.8558
    0.0000   -7.5000   -7.500016973.8926   16.8416
    7.5000   -7.5000   -7.500016249.6523   16.8398
   -7.5000    0.0000   -7.500016918.5742   16.8582
    0.0000    0.0000   -7.500017813.2539   16.8388
    7.5000    0.0000   -7.500016930.6172   16.8305
   -7.5000    7.5000   -7.500016325.0146   16.8632
    0.0000    7.5000   -7.500017237.8438   16.8393
    7.5000    7.5000   -7.500016329.8066   16.8184
   -7.5000   15.0000   -7.500015580.1309   16.8669
    0.0000   15.0000   -7.500016469.0918   16.8430
    7.5000   15.0000   -7.500015576.2266   16.8158
   -7.5000   22.5000   -7.500014700.6123   16.8554
    0.0000   22.5000   -7.500015547.9590   16.8369
    7.5000   22.5000   -7.500014659.6250   16.8169
   -7.5000   30.0000   -7.500013758.4053   16.6383
    0.0000   30.0000   -7.500014523.7041   16.6252
    7.5000   30.0000   -7.500013655.5127   16.6184
   -7.5000   37.5000   -7.500013221.2158   16.6828
    0.0000   37.5000   -7.500013947.1396   16.6691
    7.5000   37.5000   -7.500013121.5703   16.6674
   -7.5000   45.0000   -7.500012272.1006   16.6852
    0.0000   45.0000   -7.500012921.6807   16.6688
    7.5000   45.0000   -7.500012196.1436   16.6651
   -7.5000  -45.0000    0.000011151.0234   17.5883
    0.0000  -45.0000    0.000011601.6660   17.5728
    7.5000  -45.0000    0.000011161.4980   17.5650
   -7.5000  -37.5000    0.000011928.1680   17.2270
    0.0000  -37.5000    0.000012416.8525   17.2072
    7.5000  -37.5000    0.000011925.0967   17.1926
   -7.5000  -30.0000    0.000013282.9756   17.0166
    0.0000  -30.0000    0.000013849.4883   16.9945
    7.5000  -30.0000    0.000013254.0947   16.9747
   -7.5000  -22.5000    0.000014681.2158   16.8997
    0.0000  -22.5000    0.000015312.3682   16.8799
    7.5000  -22.5000    0.000014637.0557   16.8636
   -7.5000  -15.0000    0.000015968.1504   16.8716
    0.0000  -15.0000    0.000016739.1914   16.8577
    7.5000  -15.0000    0.000015991.3271   16.8505
   -7.5000   -7.5000    0.000016879.8496   16.8689
    0.0000   -7.5000    0.000017756.8594   16.8587
    7.5000   -7.5000    0.000016909.7090   16.8577
   -7.5000    0.0000    0.000017618.7129   16.8613
    0.0000    0.0000    0.000018599.9570   16.8497
    7.5000    0.0000    0.000017598.8730   16.8463
   -7.5000    7.5000    0.000017046.5137   16.8544
    0.0000    7.5000    0.000018107.8281   16.8371
    7.5000    7.5000    0.000017020.0566   16.8242
   -7.5000   15.0000    0.000016431.8203   16.8555
    0.0000   15.0000    0.000017566.4961   16.8338
    7.5000   15.0000    0.000016417.8359   16.8142
   -7.5000   22.5000    0.000015627.1777   16.8555
    0.0000   22.5000    0.000016807.7891   16.8359
    7.5000   22.5000    0.000015583.7490   16.8194
   -7.5000   30.0000    0.000014669.6143   16.6514
    0.0000   30.0000    0.000015720.4531   16.6377
    7.5000   30.0000    0.000014521.5654   16.6307
   -7.5000   37.5000    0.000014036.5254   16.6956
    0.0000   37.5000    0.000014946.6602   16.6860
    7.5000   37.5000    0.000013836.5068   16.6852
   -7.5000   45.0000    0.000012940.5391   16.6892
    0.0000   45.0000    0.000013720.6904   16.6806
    7.5000   45.0000    0.000012777.4414   16.6822
   -7.5000  -45.0000    7.500010727.6270   17.5701
    0.0000  -45.0000    7.500011159.3027   17.5636
    7.5000  -45.0000    7.500010703.1885   17.5587
   -7.5000  -37.5000    7.500011535.3467   17.2105
    0.0000  -37.5000    7.500012009.3076   17.1981
    7.5000  -37.5000    7.500011515.4561   17.1886
   -7.5000  -30.0000    7.500012894.9688   16.9998
    0.0000  -30.0000    7.500013468.1504   16.9819
    7.5000  -30.0000    7.500012854.3350   16.9675
   -7.5000  -22.5000    7.500014227.1357   16.8838
    0.0000  -22.5000    7.500014871.3271   16.8656
    7.5000  -22.5000    7.500014206.5518   16.8530
   -7.5000  -15.0000    7.500015471.5801   16.8574
    0.0000  -15.0000    7.500016219.9023   16.8461
    7.5000  -15.0000    7.500015475.2188   16.8401
   -7.5000   -7.5000    7.500016339.9941   16.8561
    0.0000   -7.5000    7.500017235.2988   16.8519
    7.5000   -7.5000    7.500016364.4717   16.8520
   -7.5000    0.0000    7.500017002.0430   16.8482
    0.0000    0.0000    7.500018064.0469   16.8451
    7.5000    0.0000    7.500017030.0957   16.8445
   -7.5000    7.5000    7.500016480.9766   16.8395
    0.0000    7.5000    7.500017658.7266   16.8296
    7.5000    7.5000    7.500016472.1602   16.8215
   -7.5000   15.0000    7.500016013.9980   16.8391
    0.0000   15.0000    7.500017400.3691   16.8216
    7.5000   15.0000    7.500015902.5625   16.8074
   -7.5000   22.5000    7.500015359.6074   16.8395
    0.0000   22.5000    7.500016793.5293   16.8217
    7.5000   22.5000    7.500015188.0518   16.8089
   -7.5000   30.0000    7.500014440.6367   16.6374
    0.0000   30.0000    7.500015683.1143   16.6262
    7.5000   30.0000    7.500014172.5088   16.6203
   -7.5000   37.5000    7.500013744.5645   16.6820
    0.0000   37.5000    7.500014731.2637   16.6786
    7.5000   37.5000    7.500013450.3701   16.6792
   -7.5000   45.0000    7.500012564.3418   16.6747
    0.0000   45.0000    7.500013368.4893   16.6743
    7.5000   45.0000    7.500012366.9775   16.6790
   -7.5000  -45.0000   15.000010182.6045   17.5795
    0.0000  -45.0000   15.000010642.3584   17.5751
    7.5000  -45.0000   15.000010212.7568   17.5687
   -7.5000  -37.5000   15.000010977.4824   17.2342
    0.0000  -37.5000   15.000011503.0889   17.2230
    7.5000  -37.5000   15.000011004.7725   17.2107
   -7.5000  -30.0000   15.000012274.7979   17.0255
    0.0000  -30.0000   15.000012891.4209   17.0093
    7.5000  -30.0000   15.000012283.2510   16.9926
   -7.5000  -22.5000   15.000013550.0439   16.8984
    0.0000  -22.5000   15.000014242.1582   16.8827
    7.5000  -22.5000   15.000013575.8594   16.8702
   -7.5000  -15.0000   15.000014739.8779   16.8615
    0.0000  -15.0000   15.000015522.2812   16.8532
    7.5000  -15.0000   15.000014745.1143   16.8489
   -7.5000   -7.5000   15.000015570.3330   16.8614
    0.0000   -7.5000   15.000016466.3066   16.8599
    7.5000   -7.5000   15.000015597.5869   16.8609
   -7.5000    0.0000   15.000016263.0479   16.8632
    0.0000    0.0000   15.000017214.6465   16.8618
    7.5000    0.0000   15.000016265.4082   16.8597
   -7.5000    7.5000   15.000015743.9043   16.8642
    0.0000    7.5000   15.000016763.2422   16.8556
    7.5000    7.5000   15.000015706.8018   16.8447
   -7.5000   15.0000   15.000015127.1846   16.8644
    0.0000   15.0000   15.000016242.9414   16.8487
    7.5000   15.0000   15.000015049.0947   16.8324
   -7.5000   22.5000   15.000014429.1650   16.8540
    0.0000   22.5000   15.000015481.7676   16.8386
    7.5000   22.5000   15.000014309.5127   16.8259
   -7.5000   30.0000   15.000013588.0459   16.6415
    0.0000   30.0000   15.000014489.3066   16.6333
    7.5000   30.0000   15.000013380.8574   16.6291
   -7.5000   37.5000   15.000013030.8916   16.6868
    0.0000   37.5000   15.000013800.2266   16.6861
    7.5000   37.5000   15.000012797.0146   16.6878
   -7.5000   45.0000   15.000011966.7197   16.6885
    0.0000   45.0000   15.000012644.5967   16.6895
    7.5000   45.0000   15.000011810.8721   16.6927
   -7.5000  -45.0000   22.5000 9540.6494   17.6113
    0.0000  -45.0000   22.500010022.4990   17.5986
    7.5000  -45.0000   22.5000 9586.3232   17.5877
   -7.5000  -37.5000   22.500010303.8066   17.2784
    0.0000  -37.5000   22.500010817.6143   17.2603
    7.5000  -37.5000   22.500010324.5322   17.2405
   -7.5000  -30.0000   22.500011513.6836   17.0718
    0.0000  -30.0000   22.500012081.4482   17.0533
    7.5000  -30.0000   22.500011505.9590   17.0300
   -7.5000  -22.5000   22.500012745.8174   16.9321
    0.0000  -22.5000   22.500013351.0566   16.9175
    7.5000  -22.5000   22.500012749.7090   16.9026
   -7.5000  -15.0000   22.500013879.2725   16.8825
    0.0000  -15.0000   22.500014506.7344   16.8746
    7.5000  -15.0000   22.500013817.9844   16.8716
   -7.5000   -7.5000   22.500014636.2959   16.8829
    0.0000   -7.5000   22.500015307.1836   16.8769
    7.5000   -7.5000   22.500014597.3379   16.8779
   -7.5000    0.0000   22.500015315.3906   16.8952
    0.0000    0.0000   22.500015994.2031   16.8856
    7.5000    0.0000   22.500015227.8652   16.8791
   -7.5000    7.5000   22.500014781.3867   16.9077
    0.0000    7.5000   22.500015575.2344   16.8924
    7.5000    7.5000   22.500014717.1338   16.8744
   -7.5000   15.0000   22.500014124.3369   16.9098
    0.0000   15.0000   22.500014938.5381   16.8919
    7.5000   15.0000   22.500014081.9102   16.8693
   -7.5000   22.5000   22.500013370.7354   16.8874
    0.0000   22.5000   22.500014110.8418   16.8732
    7.5000   22.5000   22.500013320.5566   16.8582
   -7.5000   30.0000   22.500012575.0654   16.6622
    0.0000   30.0000   22.500013213.4785   16.6544
    7.5000   30.0000   22.500012494.1328   16.6514
   -7.5000   37.5000   22.500012146.1348   16.7088
    0.0000   37.5000   22.500012749.8486   16.7034
    7.5000   37.5000   22.500012021.9854   16.7049
   -7.5000   45.0000   22.500011262.3770   16.7195
    0.0000   45.0000   22.500011815.8711   16.7124
    7.5000   45.0000   22.500011136.8662   16.7108
   -7.5000  -45.0000   30.0000 8874.7227   17.7368
    0.0000  -45.0000   30.0000 9279.8691   17.7136
    7.5000  -45.0000   30.0000 8866.5293   17.6987
   -7.5000  -37.5000   30.0000 9577.7793   17.3980
    0.0000  -37.5000   30.0000 9984.6123   17.3712
    7.5000  -37.5000   30.0000 9528.2109   17.3455
   -7.5000  -30.0000   30.000010680.9590   17.1890
    0.0000  -30.0000   30.000011123.4492   17.1664
    7.5000  -30.0000   30.000010620.6426   17.1372
   -7.5000  -22.5000   30.000011798.4717   17.0470
    0.0000  -22.5000   30.000012261.7773   17.0312
    7.5000  -22.5000   30.000011747.9658   17.0126
   -7.5000  -15.0000   30.000012824.4102   16.9957
    0.0000  -15.0000   30.000013329.7422   16.9855
    7.5000  -15.0000   30.000012763.4062   16.9810
   -7.5000   -7.5000   30.000013543.1211   16.9952
    0.0000   -7.5000   30.000014106.4756   16.9825
    7.5000   -7.5000   30.000013488.0439   16.9818
   -7.5000    0.0000   30.000014152.6738   17.0078
    0.0000    0.0000   30.000014778.0918   16.9883
    7.5000    0.0000   30.000014073.9795   16.9780
   -7.5000    7.5000   30.000013676.6670   17.0214
    0.0000    7.5000   30.000014351.8975   16.9977
    7.5000    7.5000   30.000013595.7529   16.9741
   -7.5000   15.0000   30.000013071.4561   17.0248
    0.0000   15.0000   30.000013710.5635   17.0027
    7.5000   15.0000   30.000013007.7705   16.9742
   -7.5000   22.5000   30.000012377.8525   17.0019
    0.0000   22.5000   30.000012932.7725   16.9864
    7.5000   22.5000   30.000012308.3135   16.9676
   -7.5000   30.0000   30.000011596.4453   16.7739
    0.0000   30.0000   30.000012115.7910   16.7638
    7.5000   30.0000   30.000011529.6934   16.7594
   -7.5000   37.5000   30.000011218.9893   16.8213
    0.0000   37.5000   30.000011711.0596   16.8090
    7.5000   37.5000   30.000011104.5537   16.8086
   -7.5000   45.0000   30.000010458.4443   16.8286
    0.0000   45.0000   30.000010915.2832   16.8119
    7.5000   45.0000   30.000010340.4746   16.8065
   -7.5000  -45.0000   37.5000 8514.3027   18.0074
    0.0000  -45.0000   37.5000 8908.2393   17.9825
    7.5000  -45.0000   37.5000 8497.7100   17.9679
   -7.5000  -37.5000   37.5000 9174.1162   17.6402
    0.0000  -37.5000   37.5000 9569.6680   17.6123
    7.5000  -37.5000   37.5000 9127.1152   17.5878
   -7.5000  -30.0000   37.500010218.4746   17.4215
    0.0000  -30.0000   37.500010644.3818   17.3965
    7.5000  -30.0000   37.500010161.1631   17.3676
   -7.5000  -22.5000   37.500011305.0400   17.2891
    0.0000  -22.5000   37.500011746.0391   17.2701
    7.5000  -22.5000   37.500011235.4434   17.2494
   -7.5000  -15.0000   37.500012295.3467   17.2501
    0.0000  -15.0000   37.500012780.9229   17.2366
    7.5000  -15.0000   37.500012222.2197   17.2289
   -7.5000   -7.5000   37.500013000.7080   17.2488
    0.0000   -7.5000   37.500013516.2549   17.2338
    7.5000   -7.5000   37.500012903.2607   17.2311
   -7.5000    0.0000   37.500013575.5557   17.2497
    0.0000    0.0000   37.500014118.7510   17.2292
    7.5000    0.0000   37.500013465.9619   17.2195
   -7.5000    7.5000   37.500013105.4795   17.2510
    0.0000    7.5000   37.500013710.3213   17.2261
    7.5000    7.5000   37.500013041.5811   17.2038
   -7.5000   15.0000   37.500012551.4551   17.2527
    0.0000   15.0000   37.500013102.2803   17.2282
    7.5000   15.0000   37.500012462.8770   17.1999
   -7.5000   22.5000   37.500011856.2705   17.2429
    0.0000   22.5000   37.500012361.4648   17.2242
    7.5000   22.5000   37.500011788.3965   17.2034
   -7.5000   30.0000   37.500011093.7373   17.0250
    0.0000   30.0000   37.500011569.5430   17.0116
    7.5000   30.0000   37.500011036.4043   17.0040
   -7.5000   37.5000   37.500010740.4600   17.0732
    0.0000   37.5000   37.500011191.6963   17.0587
    7.5000   37.5000   37.500010646.7324   17.0561
   -7.5000   45.0000   37.500010028.4922   17.0607
    0.0000   45.0000   37.500010443.2812   17.0433
    7.5000   45.0000   37.5000 9932.7842   17.0386
   -7.5000  -45.0000   45.0000 7773.2842   18.3405
    0.0000  -45.0000   45.0000 8160.1006   18.3238
    7.5000  -45.0000   45.0000 7783.5327   18.3134
   -7.5000  -37.5000   45.0000 8387.1523   17.9430
    0.0000  -37.5000   45.0000 8770.4375   17.9224
    7.5000  -37.5000   45.0000 8365.0547   17.9050
   -7.5000  -30.0000   45.0000 9341.7637   17.7135
    0.0000  -30.0000   45.0000 9759.3145   17.6918
    7.5000  -30.0000   45.0000 9307.9053   17.6692
   -7.5000  -22.5000   45.000010356.4766   17.5894
    0.0000  -22.5000   45.000010794.9521   17.5711
    7.5000  -22.5000   45.000010302.0010   17.5523
   -7.5000  -15.0000   45.000011273.7822   17.5618
    0.0000  -15.0000   45.000011751.9727   17.5495
    7.5000  -15.0000   45.000011204.5801   17.5404
   -7.5000   -7.5000   45.000011935.8633   17.5581
    0.0000   -7.5000   45.000012415.9355   17.5484
    7.5000   -7.5000   45.000011832.9346   17.5458
   -7.5000    0.0000   45.000012449.3604   17.5467
    0.0000    0.0000   45.000012938.5410   17.5344
    7.5000    0.0000   45.000012342.5801   17.5290
   -7.5000    7.5000   45.000012019.4512   17.5365
    0.0000    7.5000   45.000012509.2373   17.5186
    7.5000    7.5000   45.000011931.6396   17.5032
   -7.5000   15.0000   45.000011505.6641   17.5379
    0.0000   15.0000   45.000011966.9971   17.5166
    7.5000   15.0000   45.000011411.1982   17.4942
   -7.5000   22.5000   45.000010866.9395   17.5415
    0.0000   22.5000   45.000011316.6348   17.5234
    7.5000   22.5000   45.000010794.4043   17.5045
   -7.5000   30.0000   45.000010167.9395   17.3311
    0.0000   30.0000   45.000010603.2090   17.3189
    7.5000   30.0000   45.000010121.4863   17.3099
   -7.5000   37.5000   45.0000 9863.0371   17.3783
    0.0000   37.5000   45.000010264.9658   17.3692
    7.5000   37.5000   45.0000 9803.3369   17.3668
   -7.5000   45.0000   45.0000 9225.3906   17.3549
    0.0000   45.0000   45.0000 9582.5645   17.3458
    7.5000   45.0000   45.0000 9140.6533   17.3458

---------------------------------------------------------------------
imgreg_4dfp /opt/freesurfer/average/711-2C_as_mni_average_305 /opt/freesurfer/average/711-2B_as_mni_average_305_mask talsrcimg_g11 none talsrcimg_to_711-2C_as_mni_average_305_t4 4355
---------------------------------------------------------------------

freesurfer imgreg_4dfp.c
/opt/freesurfer/average/711-2C_as_mni_average_305.4dfp.img
       256       256       256         1
  1.000000  1.000000  1.000000
orientation T byte_order littleendian
Reading image: /opt/freesurfer/average/711-2C_as_mni_average_305.4dfp.img
dimensions:      256       256       256
mmppix:       1.0000   -1.0000   -1.0000
center:     128.0000 -129.0000 -129.0000
/opt/freesurfer/average/711-2B_as_mni_average_305_mask.4dfp.img
       256       256       256         1
  1.000000  1.000000  1.000000
orientation T byte_order littleendian
Reading mask: /opt/freesurfer/average/711-2B_as_mni_average_305_mask.4dfp.img (2306576 pixels)
talsrcimg_g11.4dfp.img
       256       256       256         1
  1.000000  1.000000  1.000000
orientation T byte_order littleendian
Reading image: talsrcimg_g11.4dfp.img
dimensions:      256       256       256
mmppix:       1.0000   -1.0000   -1.0000
center:     128.0000 -129.0000 -129.0000
rotation matrix determinant  1.000000
image alignment mode   4355 decimal     1103 hex
   -7.5000  -45.0000  -45.0000 2281.9365   20.2857
    0.0000  -45.0000  -45.0000 2321.2910   20.2682
    7.5000  -45.0000  -45.0000 2321.4814   20.4967
   -7.5000  -37.5000  -45.0000 2300.2556   19.4871
    0.0000  -37.5000  -45.0000 2330.1685   19.4440
    7.5000  -37.5000  -45.0000 2330.0295   19.6172
   -7.5000  -30.0000  -45.0000 2311.2021   18.9635
    0.0000  -30.0000  -45.0000 2334.1003   18.8264
    7.5000  -30.0000  -45.0000 2326.6733   18.9334
   -7.5000  -22.5000  -45.0000 2321.2529   18.5713
    0.0000  -22.5000  -45.0000 2343.6787   18.3786
    7.5000  -22.5000  -45.0000 2330.2952   18.4850
   -7.5000  -15.0000  -45.0000 2336.5820   18.3577
    0.0000  -15.0000  -45.0000 2359.0518   18.1391
    7.5000  -15.0000  -45.0000 2343.4868   18.2547
   -7.5000   -7.5000  -45.0000 2350.6025   18.2885
    0.0000   -7.5000  -45.0000 2372.3020   18.1007
    7.5000   -7.5000  -45.0000 2352.2734   18.2572
   -7.5000    0.0000  -45.0000 2357.2678   18.2027
    0.0000    0.0000  -45.0000 2375.1157   18.0919
    7.5000    0.0000  -45.0000 2356.6355   18.2619
   -7.5000    7.5000  -45.0000 2358.0647   18.1980
    0.0000    7.5000  -45.0000 2377.7927   18.0423
    7.5000    7.5000  -45.0000 2355.1592   18.1800
   -7.5000   15.0000  -45.0000 2346.4480   18.3138
    0.0000   15.0000  -45.0000 2362.5400   18.1343
    7.5000   15.0000  -45.0000 2339.8474   18.2421
   -7.5000   22.5000  -45.0000 2324.5493   18.6046
    0.0000   22.5000  -45.0000 2343.7334   18.3697
    7.5000   22.5000  -45.0000 2326.2388   18.5545
   -7.5000   30.0000  -45.0000 2301.5439   18.9617
    0.0000   30.0000  -45.0000 2321.6299   18.7772
    7.5000   30.0000  -45.0000 2301.8057   18.9520
   -7.5000   37.5000  -45.0000 2276.1199   19.5996
    0.0000   37.5000  -45.0000 2300.7871   19.4025
    7.5000   37.5000  -45.0000 2272.0542   19.6098
   -7.5000   45.0000  -45.0000 2240.8984   20.5447
    0.0000   45.0000  -45.0000 2254.8474   20.4394
    7.5000   45.0000  -45.0000 2228.6829   20.6614
   -7.5000  -45.0000  -37.5000 2352.0059   18.9593
    0.0000  -45.0000  -37.5000 2395.9746   18.9221
    7.5000  -45.0000  -37.5000 2394.6426   19.0983
   -7.5000  -37.5000  -37.5000 2378.1772   18.1902
    0.0000  -37.5000  -37.5000 2409.8657   18.0997
    7.5000  -37.5000  -37.5000 2403.1433   18.1581
   -7.5000  -30.0000  -37.5000 2404.4028   17.5664
    0.0000  -30.0000  -37.5000 2423.4590   17.4453
    7.5000  -30.0000  -37.5000 2410.7747   17.4676
   -7.5000  -22.5000  -37.5000 2421.5825   17.1224
    0.0000  -22.5000  -37.5000 2441.1523   16.9583
    7.5000  -22.5000  -37.5000 2429.1028   17.0399
   -7.5000  -15.0000  -37.5000 2437.0764   16.9010
    0.0000  -15.0000  -37.5000 2462.0576   16.7268
    7.5000  -15.0000  -37.5000 2447.4561   16.8602
   -7.5000   -7.5000  -37.5000 2451.1050   16.7818
    0.0000   -7.5000  -37.5000 2478.0837   16.6068
    7.5000   -7.5000  -37.5000 2462.3818   16.7759
   -7.5000    0.0000  -37.5000 2454.5188   16.7085
    0.0000    0.0000  -37.5000 2477.2673   16.5943
    7.5000    0.0000  -37.5000 2458.4653   16.7667
   -7.5000    7.5000  -37.5000 2455.7866   16.6990
    0.0000    7.5000  -37.5000 2473.6340   16.5390
    7.5000    7.5000  -37.5000 2454.4397   16.7271
   -7.5000   15.0000  -37.5000 2448.2478   16.8087
    0.0000   15.0000  -37.5000 2466.9856   16.6041
    7.5000   15.0000  -37.5000 2442.8254   16.8022
   -7.5000   22.5000  -37.5000 2434.4143   17.0659
    0.0000   22.5000  -37.5000 2449.1987   16.8600
    7.5000   22.5000  -37.5000 2431.5845   17.0711
   -7.5000   30.0000  -37.5000 2412.1499   17.4557
    0.0000   30.0000  -37.5000 2429.1270   17.2761
    7.5000   30.0000  -37.5000 2404.6904   17.5220
   -7.5000   37.5000  -37.5000 2374.6438   18.0292
    0.0000   37.5000  -37.5000 2397.3088   17.8734
    7.5000   37.5000  -37.5000 2372.8347   18.1354
   -7.5000   45.0000  -37.5000 2329.1143   18.9132
    0.0000   45.0000  -37.5000 2352.1111   18.8204
    7.5000   45.0000  -37.5000 2326.6201   19.0713
   -7.5000  -45.0000  -30.0000 2463.5510   18.5270
    0.0000  -45.0000  -30.0000 2506.1694   18.4902
    7.5000  -45.0000  -30.0000 2502.9939   18.6347
   -7.5000  -37.5000  -30.0000 2497.2759   17.6425
    0.0000  -37.5000  -30.0000 2526.8037   17.5350
    7.5000  -37.5000  -30.0000 2517.4565   17.6684
   -7.5000  -30.0000  -30.0000 2525.0269   17.0032
    0.0000  -30.0000  -30.0000 2548.1780   16.8249
    7.5000  -30.0000  -30.0000 2532.4023   16.9313
   -7.5000  -22.5000  -30.0000 2547.6199   16.5322
    0.0000  -22.5000  -30.0000 2570.5442   16.3464
    7.5000  -22.5000  -30.0000 2556.9902   16.4425
   -7.5000  -15.0000  -30.0000 2563.6641   16.2303
    0.0000  -15.0000  -30.0000 2594.2893   16.0689
    7.5000  -15.0000  -30.0000 2575.8291   16.1981
   -7.5000   -7.5000  -30.0000 2583.3530   16.0243
    0.0000   -7.5000  -30.0000 2614.2759   15.8743
    7.5000   -7.5000  -30.0000 2600.1392   16.0699
   -7.5000    0.0000  -30.0000 2585.4236   15.9075
    0.0000    0.0000  -30.0000 2613.0764   15.7739
    7.5000    0.0000  -30.0000 2600.7678   15.9694
   -7.5000    7.5000  -30.0000 2583.9004   15.8721
    0.0000    7.5000  -30.0000 2609.0081   15.7273
    7.5000    7.5000  -30.0000 2594.3667   15.9336
   -7.5000   15.0000  -30.0000 2587.3840   15.9747
    0.0000   15.0000  -30.0000 2606.8943   15.7895
    7.5000   15.0000  -30.0000 2588.6082   16.0233
   -7.5000   22.5000  -30.0000 2587.7732   16.1953
    0.0000   22.5000  -30.0000 2602.8071   16.0341
    7.5000   22.5000  -30.0000 2581.3738   16.2581
   -7.5000   30.0000  -30.0000 2570.1641   16.6113
    0.0000   30.0000  -30.0000 2587.5381   16.4585
    7.5000   30.0000  -30.0000 2559.6106   16.7181
   -7.5000   37.5000  -30.0000 2529.8469   17.2456
    0.0000   37.5000  -30.0000 2555.1304   17.0731
    7.5000   37.5000  -30.0000 2526.5508   17.3748
   -7.5000   45.0000  -30.0000 2472.7463   18.1232
    0.0000   45.0000  -30.0000 2499.9700   18.0024
    7.5000   45.0000  -30.0000 2472.0049   18.2572
   -7.5000  -45.0000  -22.5000 2552.8269   18.1024
    0.0000  -45.0000  -22.5000 2582.6394   17.9640
    7.5000  -45.0000  -22.5000 2578.3926   18.1023
   -7.5000  -37.5000  -22.5000 2585.8792   17.1047
    0.0000  -37.5000  -22.5000 2614.2200   16.9839
    7.5000  -37.5000  -22.5000 2601.1599   17.0750
   -7.5000  -30.0000  -22.5000 2609.5298   16.3780
    0.0000  -30.0000  -22.5000 2636.1138   16.2235
    7.5000  -30.0000  -22.5000 2616.5208   16.3277
   -7.5000  -22.5000  -22.5000 2632.3613   15.8830
    0.0000  -22.5000  -22.5000 2663.6533   15.7406
    7.5000  -22.5000  -22.5000 2645.5369   15.8324
   -7.5000  -15.0000  -22.5000 2653.7151   15.5713
    0.0000  -15.0000  -22.5000 2686.6052   15.4065
    7.5000  -15.0000  -22.5000 2669.9299   15.5561
   -7.5000   -7.5000  -22.5000 2676.2471   15.3144
    0.0000   -7.5000  -22.5000 2706.6726   15.1619
    7.5000   -7.5000  -22.5000 2696.7070   15.3165
   -7.5000    0.0000  -22.5000 2683.0828   15.1267
    0.0000    0.0000  -22.5000 2711.4868   14.9822
    7.5000    0.0000  -22.5000 2703.2446   15.1348
   -7.5000    7.5000  -22.5000 2689.5364   15.0858
    0.0000    7.5000  -22.5000 2714.0376   14.9225
    7.5000    7.5000  -22.5000 2702.0449   15.0745
   -7.5000   15.0000  -22.5000 2700.1023   15.1603
    0.0000   15.0000  -22.5000 2723.2864   14.9873
    7.5000   15.0000  -22.5000 2701.6572   15.1787
   -7.5000   22.5000  -22.5000 2711.1899   15.3642
    0.0000   22.5000  -22.5000 2726.9106   15.1766
    7.5000   22.5000  -22.5000 2695.8701   15.3733
   -7.5000   30.0000  -22.5000 2703.3018   15.7557
    0.0000   30.0000  -22.5000 2718.2605   15.5679
    7.5000   30.0000  -22.5000 2684.5942   15.8311
   -7.5000   37.5000  -22.5000 2661.9656   16.3590
    0.0000   37.5000  -22.5000 2686.6045   16.1883
    7.5000   37.5000  -22.5000 2654.8643   16.4716
   -7.5000   45.0000  -22.5000 2602.8049   17.2355
    0.0000   45.0000  -22.5000 2626.5334   17.0876
    7.5000   45.0000  -22.5000 2594.4385   17.3734
   -7.5000  -45.0000  -15.0000 2596.3223   17.7421
    0.0000  -45.0000  -15.0000 2629.2859   17.5371
    7.5000  -45.0000  -15.0000 2617.1411   17.6348
   -7.5000  -37.5000  -15.0000 2628.9031   16.6633
    0.0000  -37.5000  -15.0000 2662.1489   16.4738
    7.5000  -37.5000  -15.0000 2650.1760   16.5986
   -7.5000  -30.0000  -15.0000 2650.1904   15.9104
    0.0000  -30.0000  -15.0000 2681.5181   15.7075
    7.5000  -30.0000  -15.0000 2666.2224   15.8091
   -7.5000  -22.5000  -15.0000 2678.9617   15.3939
    0.0000  -22.5000  -15.0000 2709.1694   15.2278
    7.5000  -22.5000  -15.0000 2694.1143   15.2857
   -7.5000  -15.0000  -15.0000 2697.5825   15.0098
    0.0000  -15.0000  -15.0000 2723.7959   14.8467
    7.5000  -15.0000  -15.0000 2719.1570   14.9483
   -7.5000   -7.5000  -15.0000 2715.2324   14.6875
    0.0000   -7.5000  -15.0000 2749.4849   14.5572
    7.5000   -7.5000  -15.0000 2747.1892   14.6641
   -7.5000    0.0000  -15.0000 2742.5059   14.4745
    0.0000    0.0000  -15.0000 2772.6838   14.3244
    7.5000    0.0000  -15.0000 2761.6216   14.4886
   -7.5000    7.5000  -15.0000 2771.5745   14.3906
    0.0000    7.5000  -15.0000 2791.4072   14.2414
    7.5000    7.5000  -15.0000 2772.4741   14.3923
   -7.5000   15.0000  -15.0000 2789.9385   14.4463
    0.0000   15.0000  -15.0000 2808.9368   14.2778
    7.5000   15.0000  -15.0000 2782.0100   14.4664
   -7.5000   22.5000  -15.0000 2805.5347   14.6245
    0.0000   22.5000  -15.0000 2824.8259   14.4593
    7.5000   22.5000  -15.0000 2787.7832   14.6410
   -7.5000   30.0000  -15.0000 2795.2468   14.9762
    0.0000   30.0000  -15.0000 2814.4756   14.7840
    7.5000   30.0000  -15.0000 2778.4805   15.0172
   -7.5000   37.5000  -15.0000 2754.7942   15.5364
    0.0000   37.5000  -15.0000 2779.3008   15.3727
    7.5000   37.5000  -15.0000 2744.9526   15.6169
   -7.5000   45.0000  -15.0000 2687.3105   16.3634
    0.0000   45.0000  -15.0000 2713.2275   16.2292
    7.5000   45.0000  -15.0000 2680.0420   16.5067
   -7.5000  -45.0000   -7.5000 2608.5459   17.4127
    0.0000  -45.0000   -7.5000 2646.3770   17.1182
    7.5000  -45.0000   -7.5000 2637.3708   17.2304
   -7.5000  -37.5000   -7.5000 2642.5227   16.3503
    0.0000  -37.5000   -7.5000 2679.2375   16.0802
    7.5000  -37.5000   -7.5000 2672.4895   16.2368
   -7.5000  -30.0000   -7.5000 2668.9656   15.5876
    0.0000  -30.0000   -7.5000 2702.3137   15.3304
    7.5000  -30.0000   -7.5000 2690.1438   15.4453
   -7.5000  -22.5000   -7.5000 2697.5571   15.0321
    0.0000  -22.5000   -7.5000 2723.9641   14.7866
    7.5000  -22.5000   -7.5000 2713.5232   14.8934
   -7.5000  -15.0000   -7.5000 2712.9360   14.5666
    0.0000  -15.0000   -7.5000 2738.2966   14.3847
    7.5000  -15.0000   -7.5000 2738.0100   14.4918
   -7.5000   -7.5000   -7.5000 2733.0430   14.2184
    0.0000   -7.5000   -7.5000 2762.3462   14.0640
    7.5000   -7.5000   -7.5000 2763.2000   14.1792
   -7.5000    0.0000   -7.5000 2774.6790   13.9661
    0.0000    0.0000   -7.5000 2798.1169   13.8378
    7.5000    0.0000   -7.5000 2785.2341   13.9455
   -7.5000    7.5000   -7.5000 2816.0874   13.8237
    0.0000    7.5000   -7.5000 2832.0925   13.6939
    7.5000    7.5000   -7.5000 2815.0171   13.8123
   -7.5000   15.0000   -7.5000 2852.7422   13.8359
    0.0000   15.0000   -7.5000 2870.7942   13.7162
    7.5000   15.0000   -7.5000 2840.3381   13.8564
   -7.5000   22.5000   -7.5000 2879.2329   14.0201
    0.0000   22.5000   -7.5000 2906.7087   13.8905
    7.5000   22.5000   -7.5000 2858.2129   14.0783
   -7.5000   30.0000   -7.5000 2874.3491   14.3664
    0.0000   30.0000   -7.5000 2903.9226   14.2146
    7.5000   30.0000   -7.5000 2850.8103   14.4418
   -7.5000   37.5000   -7.5000 2827.9487   14.8813
    0.0000   37.5000   -7.5000 2854.0234   14.7454
    7.5000   37.5000   -7.5000 2811.2842   14.9805
   -7.5000   45.0000   -7.5000 2748.3594   15.6332
    0.0000   45.0000   -7.5000 2775.2073   15.5071
    7.5000   45.0000   -7.5000 2736.5088   15.7435
   -7.5000  -45.0000    0.0000 2599.1909   17.3739
    0.0000  -45.0000    0.0000 2629.1108   16.9774
    7.5000  -45.0000    0.0000 2632.2710   17.1209
   -7.5000  -37.5000    0.0000 2639.8022   16.3109
    0.0000  -37.5000    0.0000 2672.6768   15.9431
    7.5000  -37.5000    0.0000 2674.7068   16.1006
   -7.5000  -30.0000    0.0000 2671.7432   15.4980
    0.0000  -30.0000    0.0000 2696.8215   15.2156
    7.5000  -30.0000    0.0000 2694.1021   15.3113
   -7.5000  -22.5000    0.0000 2692.3909   14.8291
    0.0000  -22.5000    0.0000 2711.5544   14.5995
    7.5000  -22.5000    0.0000 2708.5388   14.7074
   -7.5000  -15.0000    0.0000 2711.3245   14.3086
    0.0000  -15.0000    0.0000 2725.9998   14.1516
    7.5000  -15.0000    0.0000 2726.6045   14.2703
   -7.5000   -7.5000    0.0000 2734.8223   13.9264
    0.0000   -7.5000    0.0000 2752.1145   13.7981
    7.5000   -7.5000    0.0000 2745.8433   13.9033
   -7.5000    0.0000    0.0000 2778.1409   13.6234
    0.0000    0.0000    0.0000 2795.4133   13.5223
    7.5000    0.0000    0.0000 2777.7617   13.6299
   -7.5000    7.5000    0.0000 2830.8853   13.4654
    0.0000    7.5000    0.0000 2848.4124   13.3944
    7.5000    7.5000    0.0000 2826.9680   13.4692
   -7.5000   15.0000    0.0000 2879.5437   13.5405
    0.0000   15.0000    0.0000 2907.8259   13.5071
    7.5000   15.0000    0.0000 2877.3542   13.5273
   -7.5000   22.5000    0.0000 2928.2817   13.7319
    0.0000   22.5000    0.0000 2976.6331   13.7152
    7.5000   22.5000    0.0000 2915.4880   13.7853
   -7.5000   30.0000    0.0000 2940.8101   14.0616
    0.0000   30.0000    0.0000 2985.4565   14.0527
    7.5000   30.0000    0.0000 2913.8481   14.1430
   -7.5000   37.5000    0.0000 2881.4429   14.5197
    0.0000   37.5000    0.0000 2913.9155   14.5006
    7.5000   37.5000    0.0000 2854.2400   14.5968
   -7.5000   45.0000    0.0000 2791.8245   15.1440
    0.0000   45.0000    0.0000 2815.0256   15.1017
    7.5000   45.0000    0.0000 2770.3586   15.2249
   -7.5000  -45.0000    7.5000 2557.5862   17.6130
    0.0000  -45.0000    7.5000 2584.2988   17.1826
    7.5000  -45.0000    7.5000 2587.9404   17.2700
   -7.5000  -37.5000    7.5000 2611.1941   16.5116
    0.0000  -37.5000    7.5000 2637.6785   16.1869
    7.5000  -37.5000    7.5000 2636.0190   16.2782
   -7.5000  -30.0000    7.5000 2652.0322   15.6664
    0.0000  -30.0000    7.5000 2675.0442   15.4224
    7.5000  -30.0000    7.5000 2669.5549   15.5163
   -7.5000  -22.5000    7.5000 2674.2988   14.8851
    0.0000  -22.5000    7.5000 2688.0669   14.7174
    7.5000  -22.5000    7.5000 2689.1443   14.8104
   -7.5000  -15.0000    7.5000 2695.8997   14.2821
    0.0000  -15.0000    7.5000 2705.2134   14.1574
    7.5000  -15.0000    7.5000 2708.9646   14.2973
   -7.5000   -7.5000    7.5000 2724.9714   13.8590
    0.0000   -7.5000    7.5000 2736.2544   13.7820
    7.5000   -7.5000    7.5000 2733.9551   13.8865
   -7.5000    0.0000    7.5000 2767.5613   13.5343
    0.0000    0.0000    7.5000 2784.7600   13.5160
    7.5000    0.0000    7.5000 2767.8916   13.5922
   -7.5000    7.5000    7.5000 2824.4792   13.3602
    0.0000    7.5000    7.5000 2843.3484   13.4472
    7.5000    7.5000    7.5000 2823.6858   13.4191
   -7.5000   15.0000    7.5000 2892.4507   13.4167
    0.0000   15.0000    7.5000 2918.1777   13.5618
    7.5000   15.0000    7.5000 2878.4292   13.4539
   -7.5000   22.5000    7.5000 2950.6003   13.6589
    0.0000   22.5000    7.5000 3003.2957   13.8369
    7.5000   22.5000    7.5000 2933.7944   13.6705
   -7.5000   30.0000    7.5000 2972.5740   13.9642
    0.0000   30.0000    7.5000 3036.0198   14.0693
    7.5000   30.0000    7.5000 2941.2793   14.0393
   -7.5000   37.5000    7.5000 2903.7314   14.3798
    0.0000   37.5000    7.5000 2944.7466   14.4118
    7.5000   37.5000    7.5000 2880.2700   14.4893
   -7.5000   45.0000    7.5000 2802.8523   14.9714
    0.0000   45.0000    7.5000 2828.8008   14.9158
    7.5000   45.0000    7.5000 2784.7449   15.0701
   -7.5000  -45.0000   15.0000 2500.2502   18.1122
    0.0000  -45.0000   15.0000 2523.7576   17.7313
    7.5000  -45.0000   15.0000 2526.3472   17.8316
   -7.5000  -37.5000   15.0000 2562.5149   16.9544
    0.0000  -37.5000   15.0000 2587.7825   16.6681
    7.5000  -37.5000   15.0000 2583.2170   16.7696
   -7.5000  -30.0000   15.0000 2603.5957   16.0478
    0.0000  -30.0000   15.0000 2630.3533   15.8682
    7.5000  -30.0000   15.0000 2622.8657   15.9165
   -7.5000  -22.5000   15.0000 2628.0955   15.2055
    0.0000  -22.5000   15.0000 2647.6855   15.0674
    7.5000  -22.5000   15.0000 2650.4302   15.1775
   -7.5000  -15.0000   15.0000 2653.9480   14.5839
    0.0000  -15.0000   15.0000 2668.1643   14.4955
    7.5000  -15.0000   15.0000 2667.8733   14.6187
   -7.5000   -7.5000   15.0000 2692.5312   14.1151
    0.0000   -7.5000   15.0000 2706.7002   14.1053
    7.5000   -7.5000   15.0000 2699.7024   14.1983
   -7.5000    0.0000   15.0000 2744.9617   13.7600
    0.0000    0.0000   15.0000 2756.5520   13.7856
    7.5000    0.0000   15.0000 2747.0134   13.8861
   -7.5000    7.5000   15.0000 2804.6990   13.5770
    0.0000    7.5000   15.0000 2816.5068   13.6172
    7.5000    7.5000   15.0000 2801.3374   13.6712
   -7.5000   15.0000   15.0000 2868.9753   13.5869
    0.0000   15.0000   15.0000 2884.5237   13.6790
    7.5000   15.0000   15.0000 2855.7271   13.6359
   -7.5000   22.5000   15.0000 2931.0454   13.6570
    0.0000   22.5000   15.0000 2964.0605   13.7679
    7.5000   22.5000   15.0000 2907.4841   13.7597
   -7.5000   30.0000   15.0000 2945.5564   13.9590
    0.0000   30.0000   15.0000 2981.0239   13.9609
    7.5000   30.0000   15.0000 2908.9866   14.0511
   -7.5000   37.5000   15.0000 2882.3118   14.5156
    0.0000   37.5000   15.0000 2908.6609   14.4304
    7.5000   37.5000   15.0000 2853.7637   14.5858
   -7.5000   45.0000   15.0000 2776.8005   15.1668
    0.0000   45.0000   15.0000 2799.1348   15.0934
    7.5000   45.0000   15.0000 2762.0232   15.2786
   -7.5000  -45.0000   22.5000 2440.4412   18.9101
    0.0000  -45.0000   22.5000 2466.2527   18.6237
    7.5000  -45.0000   22.5000 2467.1943   18.7268
   -7.5000  -37.5000   22.5000 2504.6558   17.6575
    0.0000  -37.5000   22.5000 2531.6868   17.3741
    7.5000  -37.5000   22.5000 2524.8232   17.4981
   -7.5000  -30.0000   22.5000 2546.3311   16.6622
    0.0000  -30.0000   22.5000 2571.2163   16.4260
    7.5000  -30.0000   22.5000 2566.0383   16.5091
   -7.5000  -22.5000   22.5000 2582.6528   15.7724
    0.0000  -22.5000   22.5000 2597.7727   15.5911
    7.5000  -22.5000   22.5000 2601.2271   15.7279
   -7.5000  -15.0000   22.5000 2617.6802   15.0935
    0.0000  -15.0000   22.5000 2629.2920   14.9445
    7.5000  -15.0000   22.5000 2621.2571   15.1272
   -7.5000   -7.5000   22.5000 2654.6604   14.5200
    0.0000   -7.5000   22.5000 2670.6086   14.4367
    7.5000   -7.5000   22.5000 2658.2866   14.6301
   -7.5000    0.0000   22.5000 2715.0056   14.1483
    0.0000    0.0000   22.5000 2722.6216   14.0994
    7.5000    0.0000   22.5000 2711.8269   14.2744
   -7.5000    7.5000   22.5000 2778.9363   13.9969
    0.0000    7.5000   22.5000 2790.8457   13.9429
    7.5000    7.5000   22.5000 2769.6335   14.0731
   -7.5000   15.0000   22.5000 2830.4941   13.9271
    0.0000   15.0000   22.5000 2846.1934   13.9541
    7.5000   15.0000   22.5000 2817.4285   14.0405
   -7.5000   22.5000   22.5000 2871.6736   13.9809
    0.0000   22.5000   22.5000 2896.2273   13.9592
    7.5000   22.5000   22.5000 2853.1848   14.1199
   -7.5000   30.0000   22.5000 2874.9131   14.2736
    0.0000   30.0000   22.5000 2899.4573   14.1679
    7.5000   30.0000   22.5000 2852.1116   14.4162
   -7.5000   37.5000   22.5000 2835.3311   14.8282
    0.0000   37.5000   22.5000 2851.6079   14.7040
    7.5000   37.5000   22.5000 2807.0950   14.9397
   -7.5000   45.0000   22.5000 2735.2434   15.6142
    0.0000   45.0000   22.5000 2753.7407   15.4990
    7.5000   45.0000   22.5000 2719.1541   15.6947
   -7.5000  -45.0000   30.0000 2383.4556   19.9299
    0.0000  -45.0000   30.0000 2412.6633   19.5215
    7.5000  -45.0000   30.0000 2408.3865   19.6375
   -7.5000  -37.5000   30.0000 2452.9321   18.5137
    0.0000  -37.5000   30.0000 2477.1653   18.0873
    7.5000  -37.5000   30.0000 2465.0251   18.2778
   -7.5000  -30.0000   30.0000 2493.5979   17.3975
    0.0000  -30.0000   30.0000 2515.6765   17.0405
    7.5000  -30.0000   30.0000 2506.4709   17.1799
   -7.5000  -22.5000   30.0000 2530.4990   16.4323
    0.0000  -22.5000   30.0000 2543.0283   16.1633
    7.5000  -22.5000   30.0000 2540.0024   16.3582
   -7.5000  -15.0000   30.0000 2568.8845   15.7353
    0.0000  -15.0000   30.0000 2578.6929   15.4988
    7.5000  -15.0000   30.0000 2570.5801   15.7430
   -7.5000   -7.5000   30.0000 2615.0837   15.1537
    0.0000   -7.5000   30.0000 2630.0408   14.9900
    7.5000   -7.5000   30.0000 2617.5278   15.2450
   -7.5000    0.0000   30.0000 2673.0015   14.7672
    0.0000    0.0000   30.0000 2684.5745   14.6343
    7.5000    0.0000   30.0000 2668.1658   14.8721
   -7.5000    7.5000   30.0000 2734.3650   14.5613
    0.0000    7.5000   30.0000 2746.8262   14.4630
    7.5000    7.5000   30.0000 2721.8333   14.6421
   -7.5000   15.0000   30.0000 2779.7158   14.4931
    0.0000   15.0000   30.0000 2792.9932   14.4200
    7.5000   15.0000   30.0000 2761.5752   14.5827
   -7.5000   22.5000   30.0000 2813.0310   14.5704
    0.0000   22.5000   30.0000 2825.2395   14.4264
    7.5000   22.5000   30.0000 2791.7000   14.6976
   -7.5000   30.0000   30.0000 2805.9219   14.8551
    0.0000   30.0000   30.0000 2820.8162   14.7285
    7.5000   30.0000   30.0000 2784.3215   15.0044
   -7.5000   37.5000   30.0000 2760.8743   15.4428
    0.0000   37.5000   30.0000 2775.8655   15.3027
    7.5000   37.5000   30.0000 2732.1404   15.5452
   -7.5000   45.0000   30.0000 2671.0479   16.2900
    0.0000   45.0000   30.0000 2681.7695   16.1176
    7.5000   45.0000   30.0000 2650.1072   16.3560
   -7.5000  -45.0000   37.5000 2316.1113   21.0338
    0.0000  -45.0000   37.5000 2344.8716   20.5403
    7.5000  -45.0000   37.5000 2343.0625   20.7314
   -7.5000  -37.5000   37.5000 2389.5332   19.4903
    0.0000  -37.5000   37.5000 2416.7141   18.9626
    7.5000  -37.5000   37.5000 2403.0742   19.1795
   -7.5000  -30.0000   37.5000 2436.7400   18.2134
    0.0000  -30.0000   37.5000 2459.4915   17.7687
    7.5000  -30.0000   37.5000 2446.2576   17.9890
   -7.5000  -22.5000   37.5000 2479.7126   17.2416
    0.0000  -22.5000   37.5000 2493.8408   16.8790
    7.5000  -22.5000   37.5000 2483.8076   17.1084
   -7.5000  -15.0000   37.5000 2520.8772   16.5030
    0.0000  -15.0000   37.5000 2537.4812   16.1662
    7.5000  -15.0000   37.5000 2523.2151   16.4348
   -7.5000   -7.5000   37.5000 2571.9341   15.8941
    0.0000   -7.5000   37.5000 2587.1733   15.6294
    7.5000   -7.5000   37.5000 2570.1843   15.9285
   -7.5000    0.0000   37.5000 2618.2522   15.4933
    0.0000    0.0000   37.5000 2632.0156   15.3055
    7.5000    0.0000   37.5000 2610.9998   15.5730
   -7.5000    7.5000   37.5000 2670.8826   15.2597
    0.0000    7.5000   37.5000 2686.1729   15.1316
    7.5000    7.5000   37.5000 2664.6973   15.3579
   -7.5000   15.0000   37.5000 2715.5330   15.2141
    0.0000   15.0000   37.5000 2730.3176   15.0857
    7.5000   15.0000   37.5000 2699.6211   15.3272
   -7.5000   22.5000   37.5000 2737.3110   15.3475
    0.0000   22.5000   37.5000 2750.2095   15.1752
    7.5000   22.5000   37.5000 2718.9861   15.4602
   -7.5000   30.0000   37.5000 2725.3416   15.6837
    0.0000   30.0000   37.5000 2740.7041   15.5139
    7.5000   30.0000   37.5000 2703.4604   15.8035
   -7.5000   37.5000   37.5000 2680.1316   16.2878
    0.0000   37.5000   37.5000 2690.6501   16.1106
    7.5000   37.5000   37.5000 2654.1873   16.3762
   -7.5000   45.0000   37.5000 2598.7341   17.1049
    0.0000   45.0000   37.5000 2608.9866   16.9195
    7.5000   45.0000   37.5000 2580.6360   17.1837
   -7.5000  -45.0000   45.0000 2230.2681   22.4059
    0.0000  -45.0000   45.0000 2259.3105   21.9100
    7.5000  -45.0000   45.0000 2258.6494   22.1084
   -7.5000  -37.5000   45.0000 2310.8354   20.7072
    0.0000  -37.5000   45.0000 2337.8408   20.1605
    7.5000  -37.5000   45.0000 2326.4292   20.3947
   -7.5000  -30.0000   45.0000 2366.2942   19.2628
    0.0000  -30.0000   45.0000 2393.7212   18.7754
    7.5000  -30.0000   45.0000 2376.7456   18.9972
   -7.5000  -22.5000   45.0000 2416.1331   18.2342
    0.0000  -22.5000   45.0000 2439.0354   17.7877
    7.5000  -22.5000   45.0000 2421.6848   18.0521
   -7.5000  -15.0000   45.0000 2462.2849   17.4550
    0.0000  -15.0000   45.0000 2484.4797   17.1092
    7.5000  -15.0000   45.0000 2464.6062   17.3359
   -7.5000   -7.5000   45.0000 2512.4243   16.8110
    0.0000   -7.5000   45.0000 2530.0210   16.5279
    7.5000   -7.5000   45.0000 2511.2412   16.7995
   -7.5000    0.0000   45.0000 2553.3274   16.4163
    0.0000    0.0000   45.0000 2566.6406   16.1798
    7.5000    0.0000   45.0000 2548.5266   16.4199
   -7.5000    7.5000   45.0000 2597.8433   16.1437
    0.0000    7.5000   45.0000 2609.2603   15.9118
    7.5000    7.5000   45.0000 2591.4109   16.1929
   -7.5000   15.0000   45.0000 2632.1353   16.1142
    0.0000   15.0000   45.0000 2645.1296   15.8926
    7.5000   15.0000   45.0000 2618.3762   16.1953
   -7.5000   22.5000   45.0000 2646.3179   16.2424
    0.0000   22.5000   45.0000 2658.3438   16.1056
    7.5000   22.5000   45.0000 2630.7942   16.4167
   -7.5000   30.0000   45.0000 2624.9448   16.7096
    0.0000   30.0000   45.0000 2637.8147   16.5413
    7.5000   30.0000   45.0000 2612.6709   16.8349
   -7.5000   37.5000   45.0000 2590.4270   17.3063
    0.0000   37.5000   45.0000 2599.4854   17.1320
    7.5000   37.5000   45.0000 2572.1658   17.4320
   -7.5000   45.0000   45.0000 2522.6230   18.0493
    0.0000   45.0000   45.0000 2528.5100   17.8624
    7.5000   45.0000   45.0000 2498.5178   18.2196

---------------------------------------------------------------------
imgreg_4dfp /opt/freesurfer/average/711-2C_as_mni_average_305 /opt/freesurfer/average/711-2B_as_mni_average_305_mask talsrcimg_g11 none talsrcimg_to_711-2C_as_mni_average_305_t4 1283
---------------------------------------------------------------------

freesurfer imgreg_4dfp.c
/opt/freesurfer/average/711-2C_as_mni_average_305.4dfp.img
       256       256       256         1
  1.000000  1.000000  1.000000
orientation T byte_order littleendian
Reading image: /opt/freesurfer/average/711-2C_as_mni_average_305.4dfp.img
dimensions:      256       256       256
mmppix:       1.0000   -1.0000   -1.0000
center:     128.0000 -129.0000 -129.0000
/opt/freesurfer/average/711-2B_as_mni_average_305_mask.4dfp.img
       256       256       256         1
  1.000000  1.000000  1.000000
orientation T byte_order littleendian
Reading mask: /opt/freesurfer/average/711-2B_as_mni_average_305_mask.4dfp.img (2306576 pixels)
talsrcimg_g11.4dfp.img
       256       256       256         1
  1.000000  1.000000  1.000000
orientation T byte_order littleendian
Reading image: talsrcimg_g11.4dfp.img
dimensions:      256       256       256
mmppix:       1.0000   -1.0000   -1.0000
center:     128.0000 -129.0000 -129.0000
rotation matrix determinant  1.000000
fimgreg.f
image alignment mode   1283 decimal      503 hex
parameters
    0.0000   30.0000    7.5000    0.0000    0.0000    0.0000
eta,q 0.95153 14.12269
niter,ni,del,rscale     5    3   12.0000    1.2000
parameter  4  0.601616 ->  0.500000 qaram    1.1500
parameter  5 -0.892806 -> -0.500000 qaram    1.1500
parameter  6 -0.690462 -> -0.500000 qaram    1.1500
parameters
   -0.7868   28.7507    7.5075   -3.4500    3.4500    3.4500
eta,q 0.96127 13.96452
  0.0624  0.0575  0.0571  0.0479  0.0649  0.0568
  0.0559  0.0515  0.0514  0.0468  0.0598  0.0506
  0.0512  0.0487  0.0483  0.0466  0.0530  0.0459
  0.0496  0.0494  0.0483  0.0483  0.0466  0.0423
  0.0534  0.0526  0.0498  0.0505  0.0432  0.0395
  0.0617  0.0591  0.0518  0.0522  0.0422  0.0387
  0.0715  0.0700  0.0563  0.0549  0.0427  0.0400
niter,ni,del,rscale     7    3   12.0000    1.2000
parameters
   -1.5322   29.2512    6.5246   -3.5546    3.6991    3.2358
eta,q 0.96344 13.92743
  0.0562  0.0589  0.0459  0.0467  0.0529  0.0476
  0.0453  0.0499  0.0400  0.0434  0.0447  0.0423
  0.0388  0.0421  0.0367  0.0391  0.0390  0.0383
  0.0387  0.0380  0.0376  0.0365  0.0366  0.0365
  0.0443  0.0381  0.0414  0.0386  0.0380  0.0379
  0.0540  0.0440  0.0456  0.0425  0.0434  0.0428
  0.0655  0.0545  0.0522  0.0484  0.0507  0.0497
niter,ni,del,rscale     6    3   12.0000    1.2000
parameters
   -1.6464   29.3139    6.5520   -3.6008    3.7972    3.1968
eta,q 0.96348 13.92634
  0.0598  0.0562  0.0498  0.0467  0.0523  0.0481
  0.0478  0.0471  0.0426  0.0436  0.0442  0.0426
  0.0392  0.0398  0.0379  0.0392  0.0388  0.0386
  0.0366  0.0365  0.0365  0.0365  0.0365  0.0365
  0.0406  0.0381  0.0392  0.0383  0.0383  0.0376
  0.0494  0.0455  0.0433  0.0423  0.0438  0.0422
  0.0610  0.0565  0.0486  0.0482  0.0514  0.0491
niter,ni,del,rscale     5    3   12.0000    1.2000
parameters
   -1.6837   29.3253    6.5544   -3.6187    3.8260    3.1872
eta,q 0.96349 13.92566
  0.0603  0.0558  0.0497  0.0467  0.0521  0.0482
  0.0483  0.0469  0.0425  0.0436  0.0440  0.0427
  0.0394  0.0397  0.0379  0.0393  0.0386  0.0387
  0.0365  0.0365  0.0365  0.0365  0.0365  0.0365
  0.0403  0.0381  0.0392  0.0382  0.0384  0.0375
  0.0489  0.0457  0.0433  0.0422  0.0440  0.0421
  0.0605  0.0568  0.0487  0.0481  0.0517  0.0490
registration optimization eta report
parameter search radius
    6.0000    6.0000    6.0000    6.9000    6.9000    6.9000
100000*second partial in parameter space
       65.       55.       34.       21.       32.       25.
  0.0603  0.0558  0.0497  0.0467  0.0521  0.0482
  0.0483  0.0469  0.0425  0.0436  0.0440  0.0427
  0.0394  0.0397  0.0379  0.0393  0.0386  0.0387
  0.0365  0.0365  0.0365  0.0365  0.0365  0.0365
  0.0403  0.0381  0.0392  0.0382  0.0384  0.0375
  0.0489  0.0457  0.0433  0.0422  0.0440  0.0421
  0.0605  0.0568  0.0487  0.0481  0.0517  0.0490
   -1.6837   29.3253    6.5544   -3.6187    3.8260    3.1872
eta,q 0.96349 13.92566

---------------------------------------------------------------------
imgreg_4dfp /opt/freesurfer/average/711-2C_as_mni_average_305 /opt/freesurfer/average/711-2B_as_mni_average_305_mask talsrcimg_g11 none talsrcimg_to_711-2C_as_mni_average_305_t4 3335
---------------------------------------------------------------------

freesurfer imgreg_4dfp.c
/opt/freesurfer/average/711-2C_as_mni_average_305.4dfp.img
       256       256       256         1
  1.000000  1.000000  1.000000
orientation T byte_order littleendian
Reading image: /opt/freesurfer/average/711-2C_as_mni_average_305.4dfp.img
dimensions:      256       256       256
mmppix:       1.0000   -1.0000   -1.0000
center:     128.0000 -129.0000 -129.0000
/opt/freesurfer/average/711-2B_as_mni_average_305_mask.4dfp.img
       256       256       256         1
  1.000000  1.000000  1.000000
orientation T byte_order littleendian
Reading mask: /opt/freesurfer/average/711-2B_as_mni_average_305_mask.4dfp.img (2306576 pixels)
talsrcimg_g11.4dfp.img
       256       256       256         1
  1.000000  1.000000  1.000000
orientation T byte_order littleendian
Reading image: talsrcimg_g11.4dfp.img
dimensions:      256       256       256
mmppix:       1.0000   -1.0000   -1.0000
center:     128.0000 -129.0000 -129.0000
fimgreg.f
image alignment mode   3335 decimal      D07 hex
parameters
   -1.6837   29.3253    6.5544   -0.3772   -0.3303   -0.4218
   -5.1282   -6.9999    5.5474    5.9316    6.6726   -6.2975
eta,q 0.96239 14.04943
niter,ni,del,rscale     5    3    5.0000    1.2000
parameter  4  0.558687 ->  0.500000 qaram    1.1500
parameter  5  1.276684 ->  0.500000 qaram    1.1500
parameters
   -1.6924   29.3449    6.6740   -4.5172   -4.4703   -2.2107
   -4.1630   -6.4351    5.9392    5.0209    8.8333   -5.4353
eta,q 0.96662 13.65552
  0.0422  0.0408  0.0401  0.0372  0.0327  0.0352  0.0381  0.0398  0.0368  0.0365  0.0357  0.0353
  0.0397  0.0391  0.0387  0.0368  0.0334  0.0342  0.0360  0.0366  0.0352  0.0345  0.0347  0.0343
  0.0381  0.0380  0.0379  0.0369  0.0348  0.0338  0.0345  0.0345  0.0341  0.0336  0.0340  0.0336
  0.0376  0.0376  0.0376  0.0376  0.0368  0.0337  0.0337  0.0337  0.0337  0.0337  0.0335  0.0334
  0.0382  0.0380  0.0378  0.0392  0.0393  0.0341  0.0338  0.0341  0.0339  0.0345  0.0334  0.0335
  0.0398  0.0390  0.0385  0.0417  0.0424  0.0362  0.0347  0.0356  0.0347  0.0360  0.0336  0.0338
  0.0422  0.0407  0.0396  0.0449  0.0460  0.0396  0.0363  0.0380  0.0362  0.0379  0.0341  0.0345
niter,ni,del,rscale     6    3    5.0000    1.2000
parameters
   -1.5017   29.5221    6.5016   -3.9807   -8.2961   -1.9446
   -4.2755   -6.4007    5.5260    5.4305    8.8498   -4.9580
eta,q 0.96773 13.53568
  0.0385  0.0374  0.0350  0.0371  0.0336  0.0349  0.0357  0.0375  0.0348  0.0360  0.0336  0.0340
  0.0359  0.0353  0.0340  0.0353  0.0326  0.0336  0.0339  0.0346  0.0333  0.0339  0.0329  0.0331
  0.0341  0.0339  0.0334  0.0340  0.0324  0.0328  0.0327  0.0328  0.0325  0.0327  0.0324  0.0325
  0.0334  0.0334  0.0333  0.0333  0.0332  0.0323  0.0323  0.0323  0.0323  0.0323  0.0323  0.0323
  0.0336  0.0336  0.0336  0.0332  0.0350  0.0321  0.0328  0.0330  0.0328  0.0326  0.0325  0.0323
  0.0349  0.0346  0.0344  0.0343  0.0376  0.0327  0.0340  0.0346  0.0338  0.0335  0.0329  0.0328
  0.0371  0.0363  0.0355  0.0366  0.0410  0.0351  0.0359  0.0372  0.0353  0.0351  0.0336  0.0336
niter,ni,del,rscale     5    3    5.0000    1.2000
parameters
   -1.4427   29.7497    6.6187   -3.4106   -8.9451   -2.0348
   -4.2982   -6.3254    5.5739    5.8820    8.7473   -4.8054
eta,q 0.96786 13.53103
  0.0369  0.0364  0.0344  0.0358  0.0352  0.0347  0.0356  0.0374  0.0349  0.0357  0.0335  0.0337
  0.0344  0.0343  0.0333  0.0341  0.0337  0.0333  0.0338  0.0345  0.0334  0.0338  0.0327  0.0329
  0.0329  0.0329  0.0325  0.0330  0.0326  0.0325  0.0326  0.0327  0.0325  0.0327  0.0323  0.0324
  0.0323  0.0323  0.0322  0.0322  0.0321  0.0322  0.0322  0.0322  0.0322  0.0322  0.0321  0.0321
  0.0327  0.0324  0.0324  0.0321  0.0327  0.0320  0.0326  0.0328  0.0325  0.0324  0.0323  0.0322
  0.0341  0.0334  0.0330  0.0330  0.0343  0.0329  0.0338  0.0345  0.0334  0.0334  0.0328  0.0328
  0.0365  0.0351  0.0340  0.0354  0.0366  0.0354  0.0357  0.0370  0.0348  0.0349  0.0335  0.0336
niter,ni,del,rscale     4    3    5.0000    1.2000
parameters
   -1.4368   29.8491    6.5873   -3.3611   -9.1887   -2.1499
   -4.3176   -6.2982    5.6653    6.1254    8.6273   -4.7659
eta,q 0.96785 13.51509
  0.0366  0.0359  0.0341  0.0353  0.0354  0.0346  0.0356  0.0372  0.0349  0.0355  0.0335  0.0337
  0.0342  0.0339  0.0330  0.0338  0.0339  0.0333  0.0337  0.0344  0.0334  0.0337  0.0327  0.0329
  0.0327  0.0327  0.0323  0.0328  0.0327  0.0325  0.0326  0.0326  0.0325  0.0326  0.0323  0.0324
  0.0321  0.0321  0.0321  0.0321  0.0321  0.0321  0.0322  0.0322  0.0322  0.0322  0.0321  0.0322
  0.0327  0.0324  0.0324  0.0321  0.0325  0.0320  0.0326  0.0328  0.0325  0.0324  0.0323  0.0323
  0.0342  0.0335  0.0331  0.0333  0.0339  0.0329  0.0338  0.0345  0.0333  0.0335  0.0328  0.0328
  0.0366  0.0353  0.0342  0.0358  0.0361  0.0354  0.0356  0.0370  0.0347  0.0350  0.0335  0.0337
niter,ni,del,rscale     3    3    5.0000    1.2000
parameters
   -1.4243   29.9184    6.5613   -3.3504   -9.3360   -2.2233
   -4.3515   -6.2720    5.7437    6.2972    8.5359   -4.7436
eta,q 0.96785 13.50434
  0.0366  0.0358  0.0342  0.0353  0.0355  0.0347  0.0356  0.0372  0.0349  0.0354  0.0335  0.0337
  0.0342  0.0339  0.0330  0.0338  0.0339  0.0333  0.0337  0.0344  0.0334  0.0337  0.0327  0.0329
  0.0327  0.0326  0.0324  0.0328  0.0328  0.0325  0.0326  0.0326  0.0325  0.0326  0.0323  0.0324
  0.0321  0.0321  0.0321  0.0321  0.0321  0.0321  0.0322  0.0322  0.0322  0.0322  0.0322  0.0322
  0.0326  0.0325  0.0324  0.0321  0.0325  0.0320  0.0326  0.0328  0.0325  0.0325  0.0323  0.0323
  0.0341  0.0336  0.0331  0.0333  0.0339  0.0329  0.0338  0.0345  0.0333  0.0335  0.0328  0.0328
  0.0365  0.0354  0.0342  0.0358  0.0360  0.0353  0.0356  0.0370  0.0347  0.0350  0.0335  0.0337
niter,ni,del,rscale     2    3    5.0000    1.2000
parameters
   -1.4132   29.9692    6.5378   -3.3418   -9.4396   -2.2818
   -4.3767   -6.2505    5.7987    6.4295    8.4718   -4.7386
eta,q 0.96784 13.49638
  0.0366  0.0357  0.0342  0.0352  0.0355  0.0347  0.0355  0.0372  0.0348  0.0353  0.0335  0.0337
  0.0342  0.0338  0.0330  0.0338  0.0340  0.0334  0.0337  0.0344  0.0334  0.0336  0.0327  0.0329
  0.0327  0.0326  0.0324  0.0328  0.0328  0.0326  0.0326  0.0326  0.0325  0.0326  0.0323  0.0324
  0.0322  0.0322  0.0321  0.0322  0.0322  0.0322  0.0322  0.0322  0.0322  0.0322  0.0322  0.0322
  0.0327  0.0325  0.0324  0.0321  0.0325  0.0321  0.0326  0.0328  0.0325  0.0325  0.0323  0.0323
  0.0341  0.0336  0.0331  0.0333  0.0338  0.0329  0.0338  0.0345  0.0333  0.0335  0.0328  0.0329
  0.0365  0.0355  0.0342  0.0358  0.0359  0.0353  0.0356  0.0370  0.0347  0.0351  0.0335  0.0337
niter,ni,del,rscale     1    3    5.0000    1.2000
parameters
   -1.4046   30.0078    6.5170   -3.3397   -9.5135   -2.3300
   -4.3978   -6.2342    5.8353    6.5280    8.4242   -4.7332
eta,q 0.96783 13.49005
  0.0366  0.0357  0.0342  0.0352  0.0355  0.0347  0.0355  0.0372  0.0348  0.0353  0.0335  0.0337
  0.0342  0.0338  0.0331  0.0338  0.0340  0.0334  0.0337  0.0344  0.0334  0.0336  0.0327  0.0329
  0.0327  0.0326  0.0324  0.0328  0.0328  0.0326  0.0326  0.0326  0.0325  0.0326  0.0323  0.0324
  0.0322  0.0322  0.0322  0.0322  0.0322  0.0322  0.0322  0.0322  0.0322  0.0322  0.0322  0.0322
  0.0327  0.0325  0.0324  0.0321  0.0325  0.0321  0.0326  0.0328  0.0325  0.0325  0.0323  0.0323
  0.0342  0.0337  0.0331  0.0333  0.0338  0.0329  0.0338  0.0345  0.0334  0.0336  0.0328  0.0329
  0.0365  0.0355  0.0342  0.0358  0.0359  0.0353  0.0356  0.0370  0.0347  0.0351  0.0335  0.0337
registration optimization eta report
parameter search radius
    2.4000    2.4000    2.4000    8.2800    8.2800    7.2000
    7.2000    7.2000    7.2000    7.2000    7.2000    7.2000
100000*second partial in parameter space
       76.       60.       36.        5.        5.        6.
        6.        9.        5.        6.        3.        3.
  0.0366  0.0357  0.0342  0.0352  0.0355  0.0347  0.0355  0.0372  0.0348  0.0353  0.0335  0.0337
  0.0342  0.0338  0.0331  0.0338  0.0340  0.0334  0.0337  0.0344  0.0334  0.0336  0.0327  0.0329
  0.0327  0.0326  0.0324  0.0328  0.0328  0.0326  0.0326  0.0326  0.0325  0.0326  0.0323  0.0324
  0.0322  0.0322  0.0322  0.0322  0.0322  0.0322  0.0322  0.0322  0.0322  0.0322  0.0322  0.0322
  0.0327  0.0325  0.0324  0.0321  0.0325  0.0321  0.0326  0.0328  0.0325  0.0325  0.0323  0.0323
  0.0342  0.0337  0.0331  0.0333  0.0338  0.0329  0.0338  0.0345  0.0334  0.0336  0.0328  0.0329
  0.0365  0.0355  0.0342  0.0358  0.0359  0.0353  0.0356  0.0370  0.0347  0.0351  0.0335  0.0337
   -1.4046   30.0078    6.5170   -3.3397   -9.5135   -2.3300
   -4.3978   -6.2342    5.8353    6.5280    8.4242   -4.7332
eta,q 0.96783 13.49005

---------------------------------------------------------------------
imgreg_4dfp /opt/freesurfer/average/711-2C_as_mni_average_305 /opt/freesurfer/average/711-2B_as_mni_average_305_mask talsrcimg_g11 none talsrcimg_to_711-2C_as_mni_average_305_t4 2311
---------------------------------------------------------------------

freesurfer imgreg_4dfp.c
/opt/freesurfer/average/711-2C_as_mni_average_305.4dfp.img
       256       256       256         1
  1.000000  1.000000  1.000000
orientation T byte_order littleendian
Reading image: /opt/freesurfer/average/711-2C_as_mni_average_305.4dfp.img
dimensions:      256       256       256
mmppix:       1.0000   -1.0000   -1.0000
center:     128.0000 -129.0000 -129.0000
/opt/freesurfer/average/711-2B_as_mni_average_305_mask.4dfp.img
       256       256       256         1
  1.000000  1.000000  1.000000
orientation T byte_order littleendian
Reading mask: /opt/freesurfer/average/711-2B_as_mni_average_305_mask.4dfp.img (2306576 pixels)
talsrcimg_g11.4dfp.img
       256       256       256         1
  1.000000  1.000000  1.000000
orientation T byte_order littleendian
Reading image: talsrcimg_g11.4dfp.img
dimensions:      256       256       256
mmppix:       1.0000   -1.0000   -1.0000
center:     128.0000 -129.0000 -129.0000
fimgreg.f
image alignment mode   2311 decimal      907 hex
parameters
   -1.4046   30.0078    6.5170   -3.3397   -9.5135   -2.3300
   -4.3978   -6.2342    5.8353    6.5280    8.4242   -4.7332
eta,q 0.96783 13.49005
niter,ni,del,rscale     5    3    5.0000    0.8000
parameters
   -1.3995   30.0440    6.4980   -2.3913   -9.2839   -1.5833
   -4.4856   -6.1908    5.8115    6.5508    8.8931   -4.9435
eta,q 0.96803 13.60353
  0.0342  0.0338  0.0331  0.0335  0.0335  0.0333  0.0336  0.0345  0.0332  0.0335  0.0328  0.0326
  0.0331  0.0329  0.0326  0.0329  0.0328  0.0327  0.0327  0.0331  0.0325  0.0327  0.0324  0.0323
  0.0324  0.0324  0.0323  0.0325  0.0323  0.0323  0.0321  0.0323  0.0321  0.0322  0.0321  0.0320
  0.0322  0.0322  0.0322  0.0322  0.0321  0.0320  0.0320  0.0320  0.0320  0.0320  0.0320  0.0320
  0.0324  0.0323  0.0323  0.0320  0.0321  0.0319  0.0322  0.0323  0.0321  0.0321  0.0320  0.0320
  0.0331  0.0328  0.0326  0.0322  0.0326  0.0321  0.0328  0.0331  0.0326  0.0326  0.0322  0.0323
  0.0342  0.0337  0.0331  0.0329  0.0333  0.0328  0.0337  0.0344  0.0332  0.0334  0.0325  0.0328
niter,ni,del,rscale     4    3    5.0000    0.7000
parameters
   -1.4615   29.9946    6.5166   -2.2510   -9.1257   -1.3709
   -4.4665   -6.2463    5.6270    6.3888    9.1752   -5.0293
eta,q 0.96807 13.63162
  0.0335  0.0331  0.0327  0.0330  0.0331  0.0328  0.0333  0.0338  0.0328  0.0330  0.0326  0.0324
  0.0326  0.0325  0.0323  0.0325  0.0326  0.0324  0.0325  0.0328  0.0323  0.0324  0.0322  0.0322
  0.0321  0.0321  0.0321  0.0322  0.0321  0.0321  0.0321  0.0321  0.0320  0.0320  0.0320  0.0320
  0.0320  0.0320  0.0320  0.0320  0.0320  0.0320  0.0319  0.0319  0.0319  0.0319  0.0319  0.0319
  0.0322  0.0321  0.0320  0.0320  0.0320  0.0319  0.0321  0.0322  0.0321  0.0321  0.0320  0.0320
  0.0328  0.0326  0.0323  0.0323  0.0324  0.0321  0.0325  0.0329  0.0324  0.0325  0.0321  0.0322
  0.0337  0.0333  0.0327  0.0330  0.0330  0.0328  0.0332  0.0339  0.0330  0.0332  0.0324  0.0325
niter,ni,del,rscale     3    3    5.0000    0.6000
parameters
   -1.4874   29.9460    6.5347   -2.1138   -8.9803   -1.0736
   -4.4430   -6.2669    5.4929    6.2305    9.4173   -5.1430
eta,q 0.96812 13.66212
  0.0331  0.0328  0.0325  0.0327  0.0328  0.0326  0.0329  0.0334  0.0326  0.0327  0.0324  0.0322
  0.0324  0.0323  0.0322  0.0324  0.0324  0.0323  0.0323  0.0326  0.0322  0.0322  0.0321  0.0320
  0.0320  0.0320  0.0320  0.0321  0.0321  0.0321  0.0320  0.0321  0.0319  0.0320  0.0320  0.0319
  0.0319  0.0319  0.0319  0.0319  0.0319  0.0319  0.0319  0.0319  0.0319  0.0319  0.0319  0.0319
  0.0321  0.0321  0.0320  0.0319  0.0320  0.0319  0.0320  0.0321  0.0320  0.0320  0.0319  0.0319
  0.0325  0.0324  0.0322  0.0322  0.0323  0.0320  0.0323  0.0326  0.0323  0.0323  0.0320  0.0321
  0.0332  0.0329  0.0325  0.0327  0.0327  0.0325  0.0329  0.0334  0.0327  0.0328  0.0323  0.0323
niter,ni,del,rscale     2    3    5.0000    0.5000
parameters
   -1.5113   29.8991    6.5551   -1.9999   -8.8438   -0.7696
   -4.4242   -6.2735    5.3676    6.0686    9.6332   -5.3243
eta,q 0.96816 13.68986
  0.0327  0.0325  0.0323  0.0325  0.0325  0.0324  0.0326  0.0329  0.0323  0.0324  0.0322  0.0321
  0.0322  0.0321  0.0321  0.0322  0.0322  0.0322  0.0322  0.0323  0.0320  0.0321  0.0320  0.0319
  0.0320  0.0319  0.0319  0.0320  0.0320  0.0320  0.0319  0.0320  0.0319  0.0319  0.0319  0.0319
  0.0319  0.0319  0.0319  0.0319  0.0319  0.0319  0.0318  0.0318  0.0318  0.0318  0.0318  0.0318
  0.0320  0.0320  0.0319  0.0319  0.0319  0.0318  0.0319  0.0320  0.0319  0.0319  0.0319  0.0319
  0.0323  0.0322  0.0320  0.0321  0.0321  0.0319  0.0322  0.0323  0.0321  0.0321  0.0320  0.0320
  0.0328  0.0326  0.0323  0.0325  0.0324  0.0323  0.0325  0.0329  0.0324  0.0325  0.0321  0.0321
niter,ni,del,rscale     1    3    5.0000    0.4000
parameters
   -1.5325   29.8568    6.5699   -1.9412   -8.6992   -0.4692
   -4.3998   -6.2705    5.2447    5.9163    9.8234   -5.5408
eta,q 0.96820 13.71376
  0.0324  0.0322  0.0321  0.0322  0.0323  0.0322  0.0323  0.0325  0.0321  0.0321  0.0321  0.0319
  0.0321  0.0320  0.0320  0.0320  0.0321  0.0320  0.0320  0.0321  0.0319  0.0320  0.0319  0.0319
  0.0319  0.0319  0.0319  0.0319  0.0319  0.0319  0.0319  0.0319  0.0318  0.0318  0.0318  0.0318
  0.0318  0.0318  0.0318  0.0318  0.0318  0.0318  0.0318  0.0318  0.0318  0.0318  0.0318  0.0318
  0.0319  0.0319  0.0319  0.0319  0.0319  0.0318  0.0319  0.0319  0.0319  0.0319  0.0318  0.0318
  0.0321  0.0321  0.0319  0.0320  0.0320  0.0319  0.0320  0.0321  0.0320  0.0320  0.0319  0.0319
  0.0324  0.0323  0.0321  0.0322  0.0322  0.0321  0.0323  0.0325  0.0322  0.0322  0.0320  0.0320
registration optimization eta report
parameter search radius
    0.8000    0.8000    0.8000    2.4000    2.4000    2.4000
    2.4000    2.4000    2.4000    2.4000    2.4000    2.4000
100000*second partial in parameter space
       89.       64.       40.        7.        7.        5.
        8.       13.        6.        7.        4.        3.
  0.0324  0.0322  0.0321  0.0322  0.0323  0.0322  0.0323  0.0325  0.0321  0.0321  0.0321  0.0319
  0.0321  0.0320  0.0320  0.0320  0.0321  0.0320  0.0320  0.0321  0.0319  0.0320  0.0319  0.0319
  0.0319  0.0319  0.0319  0.0319  0.0319  0.0319  0.0319  0.0319  0.0318  0.0318  0.0318  0.0318
  0.0318  0.0318  0.0318  0.0318  0.0318  0.0318  0.0318  0.0318  0.0318  0.0318  0.0318  0.0318
  0.0319  0.0319  0.0319  0.0319  0.0319  0.0318  0.0319  0.0319  0.0319  0.0319  0.0318  0.0318
  0.0321  0.0321  0.0319  0.0320  0.0320  0.0319  0.0320  0.0321  0.0320  0.0320  0.0319  0.0319
  0.0324  0.0323  0.0321  0.0322  0.0322  0.0321  0.0323  0.0325  0.0322  0.0322  0.0320  0.0320
   -1.5325   29.8568    6.5699   -1.9412   -8.6992   -0.4692
   -4.3998   -6.2705    5.2447    5.9163    9.8234   -5.5408
eta,q 0.96820 13.71376

---------------------------------------------------------------------
imgreg_4dfp /opt/freesurfer/average/711-2C_as_mni_average_305 /opt/freesurfer/average/711-2B_as_mni_average_305_mask talsrcimg_g11 none talsrcimg_to_711-2C_as_mni_average_305_t4 2311
---------------------------------------------------------------------

freesurfer imgreg_4dfp.c
/opt/freesurfer/average/711-2C_as_mni_average_305.4dfp.img
       256       256       256         1
  1.000000  1.000000  1.000000
orientation T byte_order littleendian
Reading image: /opt/freesurfer/average/711-2C_as_mni_average_305.4dfp.img
dimensions:      256       256       256
mmppix:       1.0000   -1.0000   -1.0000
center:     128.0000 -129.0000 -129.0000
/opt/freesurfer/average/711-2B_as_mni_average_305_mask.4dfp.img
       256       256       256         1
  1.000000  1.000000  1.000000
orientation T byte_order littleendian
Reading mask: /opt/freesurfer/average/711-2B_as_mni_average_305_mask.4dfp.img (2306576 pixels)
talsrcimg_g11.4dfp.img
       256       256       256         1
  1.000000  1.000000  1.000000
orientation T byte_order littleendian
Reading image: talsrcimg_g11.4dfp.img
dimensions:      256       256       256
mmppix:       1.0000   -1.0000   -1.0000
center:     128.0000 -129.0000 -129.0000
fimgreg.f
image alignment mode   2311 decimal      907 hex
parameters
   -1.5325   29.8568    6.5699   -1.9412   -8.6992   -0.4692
   -4.3998   -6.2705    5.2447    5.9163    9.8234   -5.5408
eta,q 0.96820 13.71376
niter,ni,del,rscale     5    3    5.0000    0.8000
parameters
   -1.5358   29.8064    6.6036   -2.4228   -8.6643   -1.1875
   -4.2766   -6.4104    5.2173    5.8778    9.5761   -5.1365
eta,q 0.96810 13.65379
  0.0341  0.0334  0.0329  0.0330  0.0333  0.0328  0.0337  0.0343  0.0332  0.0334  0.0326  0.0327
  0.0328  0.0325  0.0323  0.0324  0.0326  0.0323  0.0328  0.0330  0.0325  0.0325  0.0322  0.0323
  0.0320  0.0320  0.0319  0.0320  0.0321  0.0320  0.0321  0.0322  0.0320  0.0321  0.0320  0.0320
  0.0318  0.0318  0.0318  0.0318  0.0318  0.0318  0.0319  0.0319  0.0319  0.0319  0.0319  0.0319
  0.0321  0.0320  0.0319  0.0320  0.0320  0.0319  0.0321  0.0323  0.0321  0.0321  0.0320  0.0319
  0.0328  0.0326  0.0323  0.0327  0.0325  0.0326  0.0327  0.0332  0.0325  0.0326  0.0323  0.0321
  0.0341  0.0336  0.0328  0.0338  0.0334  0.0342  0.0335  0.0346  0.0332  0.0334  0.0327  0.0325
niter,ni,del,rscale     4    3    5.0000    0.7000
parameters
   -1.5213   29.8055    6.5853   -2.3220   -8.6892   -1.1052
   -4.3088   -6.3694    5.2843    5.8675    9.5472   -5.1525
eta,q 0.96812 13.66189
  0.0336  0.0331  0.0326  0.0329  0.0330  0.0327  0.0332  0.0339  0.0329  0.0330  0.0325  0.0324
  0.0327  0.0325  0.0322  0.0325  0.0325  0.0324  0.0325  0.0328  0.0323  0.0324  0.0321  0.0321
  0.0321  0.0321  0.0320  0.0321  0.0321  0.0321  0.0320  0.0321  0.0320  0.0320  0.0319  0.0319
  0.0319  0.0319  0.0319  0.0319  0.0319  0.0319  0.0319  0.0319  0.0319  0.0319  0.0319  0.0319
  0.0321  0.0320  0.0320  0.0319  0.0320  0.0318  0.0321  0.0321  0.0320  0.0320  0.0319  0.0319
  0.0326  0.0325  0.0322  0.0323  0.0324  0.0321  0.0325  0.0328  0.0323  0.0324  0.0321  0.0321
  0.0335  0.0332  0.0327  0.0330  0.0331  0.0329  0.0332  0.0339  0.0328  0.0330  0.0325  0.0324
niter,ni,del,rscale     3    3    5.0000    0.6000
parameters
   -1.5250   29.8060    6.5818   -2.1855   -8.6637   -0.8757
   -4.3477   -6.3401    5.2791    5.8417    9.6531   -5.2491
eta,q 0.96816 13.68248
  0.0331  0.0328  0.0324  0.0327  0.0328  0.0325  0.0328  0.0334  0.0326  0.0327  0.0323  0.0322
  0.0324  0.0323  0.0321  0.0323  0.0323  0.0323  0.0323  0.0326  0.0322  0.0322  0.0321  0.0320
  0.0320  0.0320  0.0319  0.0321  0.0320  0.0320  0.0320  0.0320  0.0319  0.0319  0.0319  0.0319
  0.0319  0.0319  0.0319  0.0319  0.0319  0.0319  0.0318  0.0318  0.0318  0.0318  0.0318  0.0318
  0.0320  0.0320  0.0319  0.0319  0.0320  0.0318  0.0320  0.0320  0.0319  0.0319  0.0319  0.0319
  0.0324  0.0323  0.0321  0.0322  0.0323  0.0320  0.0323  0.0325  0.0322  0.0322  0.0320  0.0320
  0.0331  0.0328  0.0324  0.0327  0.0328  0.0325  0.0329  0.0334  0.0326  0.0327  0.0323  0.0323
niter,ni,del,rscale     2    3    5.0000    0.5000
parameters
   -1.5363   29.8004    6.5842   -2.0717   -8.6070   -0.6273
   -4.3599   -6.3232    5.2208    5.7863    9.7892   -5.4052
eta,q 0.96818 13.70336
  0.0327  0.0325  0.0322  0.0325  0.0325  0.0323  0.0325  0.0329  0.0323  0.0324  0.0322  0.0321
  0.0322  0.0321  0.0320  0.0322  0.0322  0.0321  0.0321  0.0323  0.0320  0.0321  0.0320  0.0319
  0.0319  0.0319  0.0319  0.0320  0.0319  0.0320  0.0319  0.0320  0.0319  0.0319  0.0319  0.0318
  0.0318  0.0318  0.0318  0.0318  0.0318  0.0318  0.0318  0.0318  0.0318  0.0318  0.0318  0.0318
  0.0320  0.0319  0.0319  0.0319  0.0319  0.0318  0.0319  0.0319  0.0319  0.0319  0.0318  0.0319
  0.0323  0.0321  0.0320  0.0321  0.0321  0.0319  0.0322  0.0323  0.0321  0.0321  0.0319  0.0319
  0.0327  0.0325  0.0322  0.0324  0.0325  0.0323  0.0325  0.0329  0.0324  0.0324  0.0321  0.0321
niter,ni,del,rscale     1    3    5.0000    0.4000
parameters
   -1.5468   29.7819    6.5893   -1.9943   -8.5346   -0.3665
   -4.3554   -6.3098    5.1518    5.7007    9.9095   -5.5756
eta,q 0.96821 13.72246
  0.0324  0.0322  0.0321  0.0322  0.0323  0.0322  0.0323  0.0325  0.0321  0.0322  0.0320  0.0319
  0.0321  0.0320  0.0319  0.0320  0.0320  0.0320  0.0320  0.0321  0.0319  0.0319  0.0319  0.0318
  0.0319  0.0319  0.0318  0.0319  0.0319  0.0319  0.0318  0.0319  0.0318  0.0318  0.0318  0.0318
  0.0318  0.0318  0.0318  0.0318  0.0318  0.0318  0.0318  0.0318  0.0318  0.0318  0.0318  0.0318
  0.0319  0.0319  0.0318  0.0318  0.0319  0.0318  0.0318  0.0319  0.0318  0.0318  0.0318  0.0318
  0.0321  0.0320  0.0319  0.0320  0.0320  0.0319  0.0320  0.0321  0.0320  0.0320  0.0319  0.0319
  0.0324  0.0323  0.0321  0.0322  0.0322  0.0321  0.0323  0.0325  0.0322  0.0322  0.0320  0.0320
registration optimization eta report
parameter search radius
    0.8000    0.8000    0.8000    2.4000    2.4000    2.4000
    2.4000    2.4000    2.4000    2.4000    2.4000    2.4000
100000*second partial in parameter space
       89.       65.       41.        7.        7.        6.
        8.       13.        6.        7.        4.        3.
  0.0324  0.0322  0.0321  0.0322  0.0323  0.0322  0.0323  0.0325  0.0321  0.0322  0.0320  0.0319
  0.0321  0.0320  0.0319  0.0320  0.0320  0.0320  0.0320  0.0321  0.0319  0.0319  0.0319  0.0318
  0.0319  0.0319  0.0318  0.0319  0.0319  0.0319  0.0318  0.0319  0.0318  0.0318  0.0318  0.0318
  0.0318  0.0318  0.0318  0.0318  0.0318  0.0318  0.0318  0.0318  0.0318  0.0318  0.0318  0.0318
  0.0319  0.0319  0.0318  0.0318  0.0319  0.0318  0.0318  0.0319  0.0318  0.0318  0.0318  0.0318
  0.0321  0.0320  0.0319  0.0320  0.0320  0.0319  0.0320  0.0321  0.0320  0.0320  0.0319  0.0319
  0.0324  0.0323  0.0321  0.0322  0.0322  0.0321  0.0323  0.0325  0.0322  0.0322  0.0320  0.0320
   -1.5468   29.7819    6.5893   -1.9943   -8.5346   -0.3665
   -4.3554   -6.3098    5.1518    5.7007    9.9095   -5.5756
eta,q 0.96821 13.72246

---------------------------------------------------------------------
compute_vox2vox talsrcimg talsrcimg_to_711-2C_as_mni_average_305_t4 /opt/freesurfer/average/711-2C_as_mni_average_305
---------------------------------------------------------------------

freesurfer compute_vox2vox.c
Reading: talsrcimg.4dfp.ifh
Reading: talsrcimg_to_711-2C_as_mni_average_305_t4
Reading: /opt/freesurfer/average/711-2C_as_mni_average_305.4dfp.ifh
Writing: talsrcimg_to_711-2C_as_mni_average_305_t4_vox2vox.txt

start time Tue Mar 10 05:18:03 CET 2026
end		time Tue Mar 10 05:18:17 CET 2026

mpr2mni305 success

avi2talxfm orig_nu.mgz /opt/freesurfer/average/mni305.cor.mgz talsrcimg_to_711-2C_as_mni_average_305_t4_vox2vox.txt transforms/talairach.auto.xfm
avi2talxfm done
mv -f /out/sourcedata/freesurfer/sub-v1s5x0050756_ses-1/mri/talsrcimg_to_711-2C_as_mni_average_305_t4_vox2vox.txt /out/sourcedata/freesurfer/sub-v1s5x0050756_ses-1/mri/transforms/talsrcimg_to_711-2C_as_mni_average_305_t4_vox2vox.txt
lta_convert --src orig_nu.mgz --trg /opt/freesurfer/average/mni305.cor.mgz --inxfm transforms/talairach.auto.xfm --outlta transforms/talairach.auto.xfm.lta --subject fsaverage
7.3.2

--src: orig_nu.mgz src image (geometry).
--trg: /opt/freesurfer/average/mni305.cor.mgz trg image (geometry).
--inmni: transforms/talairach.auto.xfm input MNI/XFM transform.
--outlta: transforms/talairach.auto.xfm.lta output LTA.
--s: fsaverage subject name
 LTA read, type : 1
 1.01145   0.06109   0.05189  -0.24040;
-0.10343   0.99394   0.05566  -24.71002;
-0.05052  -0.06539   1.08692  -5.24981;
 0.00000   0.00000   0.00000   1.00000;
setting subject to fsaverage
Writing  LTA to file transforms/talairach.auto.xfm.lta...
lta_convert successful.
 
 
Started at Tue Mar 10 05:18:03 CET 2026
Ended   at Tue Mar 10 05:18:17 CET 2026
talairach_avi done
