status file for recon-all
Tue Mar 10 06:15:12 CET 2026
#@# Tessellate lh Tue Mar 10 06:15:12 CET 2026
#@# Smooth1 lh Tue Mar 10 06:15:15 CET 2026
#@# Inflation1 lh Tue Mar 10 06:15:18 CET 2026
#@# QSphere lh Tue Mar 10 06:15:28 CET 2026
#@# Fix Topology lh Tue Mar 10 06:16:21 CET 2026
#@# Smooth2 lh Tue Mar 10 06:22:30 CET 2026
#@# Inflation2 lh Tue Mar 10 06:22:33 CET 2026
#@# Curv .H and .K lh Tue Mar 10 06:22:44 CET 2026
#@# Sphere lh Tue Mar 10 06:23:31 CET 2026
#@# Surf Reg lh Tue Mar 10 06:26:29 CET 2026
#@# Jacobian white lh Tue Mar 10 06:29:22 CET 2026
#@# AvgCurv lh Tue Mar 10 06:29:23 CET 2026
#@# Cortical Parc lh Tue Mar 10 06:29:24 CET 2026
#@# white curv lh Tue Mar 10 06:35:29 CET 2026
#@# white area lh Tue Mar 10 06:35:31 CET 2026
#@# pial curv lh Tue Mar 10 06:35:31 CET 2026
#@# pial area lh Tue Mar 10 06:35:33 CET 2026
#@# thickness lh Tue Mar 10 06:35:34 CET 2026
#@# area and vertex vol lh Tue Mar 10 06:36:03 CET 2026
#@# Curvature Stats lh Tue Mar 10 06:36:05 CET 2026
#@# Cortical Parc 2 lh Tue Mar 10 06:36:07 CET 2026
#@# Cortical Parc 3 lh Tue Mar 10 06:36:20 CET 2026
#@# WM/GM Contrast lh Tue Mar 10 06:36:29 CET 2026
recon-all -s sub-v1s5x0050742_ses-1 finished without error at Tue Mar 10 06:36:32 CET 2026



#New# invocation of recon-all 



status file for recon-all
Tue Mar 10 07:00:24 CET 2026
#@# white curv lh Tue Mar 10 07:00:24 CET 2026
#@# white area lh Tue Mar 10 07:00:24 CET 2026
#@# pial curv lh Tue Mar 10 07:00:24 CET 2026
#@# pial area lh Tue Mar 10 07:00:24 CET 2026
#@# thickness lh Tue Mar 10 07:00:24 CET 2026
#@# area and vertex vol lh Tue Mar 10 07:00:24 CET 2026
#@# Parcellation Stats lh Tue Mar 10 07:00:24 CET 2026
#@# Parcellation Stats 2 lh Tue Mar 10 07:00:43 CET 2026
#@# Parcellation Stats 3 lh Tue Mar 10 07:00:52 CET 2026
#@# BA_exvivo Labels lh Tue Mar 10 07:01:01 CET 2026
recon-all -s sub-v1s5x0050742_ses-1 finished without error at Tue Mar 10 07:03:25 CET 2026
