status file for recon-all
Tue Mar 10 06:29:09 CET 2026
#@# Tessellate rh Tue Mar 10 06:29:09 CET 2026
#@# Smooth1 rh Tue Mar 10 06:29:13 CET 2026
#@# Inflation1 rh Tue Mar 10 06:29:15 CET 2026
#@# QSphere rh Tue Mar 10 06:29:25 CET 2026
#@# Fix Topology rh Tue Mar 10 06:30:23 CET 2026
#@# Smooth2 rh Tue Mar 10 06:35:51 CET 2026
#@# Inflation2 rh Tue Mar 10 06:35:54 CET 2026
#@# Curv .H and .K rh Tue Mar 10 06:36:05 CET 2026
#@# Sphere rh Tue Mar 10 06:36:51 CET 2026
#@# Surf Reg rh Tue Mar 10 06:40:22 CET 2026
#@# Jacobian white rh Tue Mar 10 06:44:07 CET 2026
#@# AvgCurv rh Tue Mar 10 06:44:08 CET 2026
#@# Cortical Parc rh Tue Mar 10 06:44:08 CET 2026
#@# white curv rh Tue Mar 10 06:49:58 CET 2026
#@# white area rh Tue Mar 10 06:50:00 CET 2026
#@# pial curv rh Tue Mar 10 06:50:01 CET 2026
#@# pial area rh Tue Mar 10 06:50:02 CET 2026
#@# thickness rh Tue Mar 10 06:50:03 CET 2026
#@# area and vertex vol rh Tue Mar 10 06:50:32 CET 2026
#@# Curvature Stats rh Tue Mar 10 06:50:34 CET 2026
#@# Cortical Parc 2 rh Tue Mar 10 06:50:36 CET 2026
#@# Cortical Parc 3 rh Tue Mar 10 06:50:49 CET 2026
#@# WM/GM Contrast rh Tue Mar 10 06:50:59 CET 2026
recon-all -s sub-v1s5x0050740_ses-1 finished without error at Tue Mar 10 06:51:02 CET 2026



#New# invocation of recon-all 



status file for recon-all
Tue Mar 10 06:59:13 CET 2026
#@# white curv rh Tue Mar 10 06:59:14 CET 2026
#@# white area rh Tue Mar 10 06:59:14 CET 2026
#@# pial curv rh Tue Mar 10 06:59:14 CET 2026
#@# pial area rh Tue Mar 10 06:59:14 CET 2026
#@# thickness rh Tue Mar 10 06:59:14 CET 2026
#@# area and vertex vol rh Tue Mar 10 06:59:14 CET 2026
#@# Parcellation Stats rh Tue Mar 10 06:59:14 CET 2026
#@# Parcellation Stats 2 rh Tue Mar 10 06:59:31 CET 2026
#@# Parcellation Stats 3 rh Tue Mar 10 06:59:40 CET 2026
#@# BA_exvivo Labels rh Tue Mar 10 06:59:49 CET 2026
recon-all -s sub-v1s5x0050740_ses-1 finished without error at Tue Mar 10 07:02:13 CET 2026
