status file for recon-all
Tue Mar 10 04:26:15 CET 2026
#@# MotionCor Tue Mar 10 04:26:17 CET 2026
#@# Talairach Tue Mar 10 04:26:26 CET 2026
#@# Talairach Failure Detection Tue Mar 10 04:31:02 CET 2026
#@# Nu Intensity Correction Tue Mar 10 04:31:02 CET 2026
#@# Intensity Normalization Tue Mar 10 04:34:16 CET 2026
recon-all -s sub-v1s5x0050740_ses-1 finished without error at Tue Mar 10 04:35:53 CET 2026



#New# invocation of recon-all 



status file for recon-all
Tue Mar 10 04:42:40 CET 2026
#@# EM Registration Tue Mar 10 04:42:40 CET 2026
recon-all -s sub-v1s5x0050740_ses-1 finished without error at Tue Mar 10 04:44:19 CET 2026



#New# invocation of recon-all 



status file for recon-all
Tue Mar 10 04:44:23 CET 2026
#@# CA Normalize Tue Mar 10 04:44:23 CET 2026
#@# CA Reg Tue Mar 10 04:45:49 CET 2026
#@# SubCort Seg Tue Mar 10 05:27:17 CET 2026
#@# CC Seg Tue Mar 10 06:00:59 CET 2026
#@# Merge ASeg Tue Mar 10 06:01:38 CET 2026
#@# Intensity Normalization2 Tue Mar 10 06:01:38 CET 2026
#@# Mask BFS Tue Mar 10 06:04:05 CET 2026
#@# WM Segmentation Tue Mar 10 06:04:05 CET 2026
#@# Fill Tue Mar 10 06:05:55 CET 2026
recon-all -s sub-v1s5x0050740_ses-1 finished without error at Tue Mar 10 06:07:01 CET 2026



#New# invocation of recon-all 



status file for recon-all
Tue Mar 10 06:51:08 CET 2026
#@# white curv lh Tue Mar 10 06:51:08 CET 2026
#@# white area lh Tue Mar 10 06:51:08 CET 2026
#@# pial curv lh Tue Mar 10 06:51:08 CET 2026
#@# pial area lh Tue Mar 10 06:51:08 CET 2026
#@# thickness lh Tue Mar 10 06:51:08 CET 2026
#@# area and vertex vol lh Tue Mar 10 06:51:08 CET 2026
#@# white curv rh Tue Mar 10 06:51:08 CET 2026
#@# white area rh Tue Mar 10 06:51:08 CET 2026
#@# pial curv rh Tue Mar 10 06:51:08 CET 2026
#@# pial area rh Tue Mar 10 06:51:08 CET 2026
#@# thickness rh Tue Mar 10 06:51:08 CET 2026
#@# area and vertex vol rh Tue Mar 10 06:51:08 CET 2026
#@# Cortical ribbon mask Tue Mar 10 06:51:08 CET 2026
recon-all -s sub-v1s5x0050740_ses-1 finished without error at Tue Mar 10 06:56:10 CET 2026



#New# invocation of recon-all 



status file for recon-all
Tue Mar 10 07:02:18 CET 2026
#@# white curv lh Tue Mar 10 07:02:18 CET 2026
#@# white area lh Tue Mar 10 07:02:18 CET 2026
#@# pial curv lh Tue Mar 10 07:02:18 CET 2026
#@# pial area lh Tue Mar 10 07:02:18 CET 2026
#@# thickness lh Tue Mar 10 07:02:18 CET 2026
#@# area and vertex vol lh Tue Mar 10 07:02:18 CET 2026
#@# white curv rh Tue Mar 10 07:02:18 CET 2026
#@# white area rh Tue Mar 10 07:02:18 CET 2026
#@# pial curv rh Tue Mar 10 07:02:18 CET 2026
#@# pial area rh Tue Mar 10 07:02:18 CET 2026
#@# thickness rh Tue Mar 10 07:02:18 CET 2026
#@# area and vertex vol rh Tue Mar 10 07:02:18 CET 2026
#@# Curvature Stats lh Tue Mar 10 07:02:18 CET 2026
#@# Curvature Stats rh Tue Mar 10 07:02:21 CET 2026
#@# Relabel Hypointensities Tue Mar 10 07:02:23 CET 2026
#@# APas-to-ASeg Tue Mar 10 07:02:38 CET 2026
#@# AParc-to-ASeg aparc Tue Mar 10 07:02:47 CET 2026
#@# AParc-to-ASeg aparc.a2009s Tue Mar 10 07:03:22 CET 2026
#@# AParc-to-ASeg aparc.DKTatlas Tue Mar 10 07:03:58 CET 2026
#@# WMParc Tue Mar 10 07:04:35 CET 2026
#@# ASeg Stats Tue Mar 10 07:08:27 CET 2026
recon-all -s sub-v1s5x0050740_ses-1 finished without error at Tue Mar 10 07:09:00 CET 2026
