/out/sourcedata/freesurfer/sub-v1s5x0050755_ses-1/mri
/opt/freesurfer/bin/talairach_avi
--i orig_nu.mgz --xfm transforms/talairach.auto.xfm
talairach_avi 7.3.2
Linux dna010 5.14.0-427.37.1.el9_4.x86_64 #1 SMP PREEMPT_DYNAMIC Fri Sep 13 12:41:50 EDT 2024 x86_64 x86_64 x86_64 GNU/Linux
Tue Mar 10 05:18:18 CET 2026
mri_convert orig_nu.mgz talsrcimg.img 
reading from orig_nu.mgz...
TR=0.00, TE=0.00, TI=0.00, flip angle=0.00
i_ras = (-1, -1.30967e-10, 0)
j_ras = (5.82077e-11, 0, -1)
k_ras = (1.38243e-10, 1, -1.49012e-08)
writing to talsrcimg.img...
Analyze Output Matrix
-1.00000   0.00000   0.00000   134.34805;
-0.00000   0.00000   1.00000  -131.01854;
 0.00000  -1.00000  -0.00000   134.00262;
 0.00000   0.00000   0.00000   1.00000;
--------------------
INFO: set hdr.hist.orient to -1
mpr2mni305 talsrcimg
Tue Mar 10 05:18:18 CET 2026
/opt/freesurfer/bin/mpr2mni305 talsrcimg
mpr2mni305 7.3.2
target=711-2C_as_mni_average_305

---------------------------------------------------------------------
analyzeto4dfp talsrcimg -O0 -y
---------------------------------------------------------------------

freesurfer ifh2hdr.c
Tue Mar 10 05:18:18 2026
Writing: talsrcimg.4dfp.hdr
freesurfer analyzeto4dfp.c
Reading: talsrcimg.hdr
header size 348 bytes
hdr.dime.datatype	offset=70	value=2
hdr.dime.bitpix		offset=72	value=8
hdr.hist.orient		offset=252	value=-1
dimensionality     4
dimensions       256       256       256         1
Reading: talsrcimg.img
Writing: talsrcimg.4dfp.img
Writing: talsrcimg.4dfp.ifh
ifh2hdr talsrcimg -r0to237
ori=2

---------------------------------------------------------------------
gauss_4dfp talsrcimg 1.1
---------------------------------------------------------------------

freesurfer gauss_4dfp.c
Reading: talsrcimg.4dfp.img
Writing: talsrcimg_g11.4dfp.img
image dimensions 256 256 256 padded to 288 288 288
processing volume 1freesurfer ifh2hdr.c
Tue Mar 10 05:18:20 2026
Writing: talsrcimg_g11.4dfp.hdr

Writing: talsrcimg_g11.4dfp.ifh
including: talsrcimg.4dfp.img.rec in talsrcimg_g11.4dfp.img.rec

---------------------------------------------------------------------
imgreg_4dfp /opt/freesurfer/average/711-2C_as_mni_average_305 none talsrcimg_g11 none talsrcimg_to_711-2C_as_mni_average_305_t4 4355
---------------------------------------------------------------------

freesurfer imgreg_4dfp.c
/opt/freesurfer/average/711-2C_as_mni_average_305.4dfp.img
       256       256       256         1
  1.000000  1.000000  1.000000
orientation T byte_order littleendian
Reading image: /opt/freesurfer/average/711-2C_as_mni_average_305.4dfp.img
dimensions:      256       256       256
mmppix:       1.0000   -1.0000   -1.0000
center:     128.0000 -129.0000 -129.0000
talsrcimg_g11.4dfp.img
       256       256       256         1
  1.000000  1.000000  1.000000
orientation T byte_order littleendian
Reading image: talsrcimg_g11.4dfp.img
dimensions:      256       256       256
mmppix:       1.0000   -1.0000   -1.0000
center:     128.0000 -129.0000 -129.0000
t4_read: open error in t4_sub.f l:  41 t4_file(1:l)talsrcimg_to_711-2C_as_mni_average_305_t4 
t4_read: transform initialized to I4
rotation matrix determinant  1.000000
image alignment mode   4355 decimal     1103 hex
   -7.5000  -45.0000  -45.0000 7949.5967   17.5540
    0.0000  -45.0000  -45.0000 8239.4688   17.5149
    7.5000  -45.0000  -45.0000 7938.2197   17.4860
   -7.5000  -37.5000  -45.0000 8378.3555   17.3580
    0.0000  -37.5000  -45.0000 8673.0391   17.3117
    7.5000  -37.5000  -45.0000 8360.3340   17.2882
   -7.5000  -30.0000  -45.0000 9224.6377   17.2714
    0.0000  -30.0000  -45.0000 9568.4707   17.2192
    7.5000  -30.0000  -45.0000 9191.2158   17.2002
   -7.5000  -22.5000  -45.000010142.9668   17.2680
    0.0000  -22.5000  -45.000010543.7344   17.2198
    7.5000  -22.5000  -45.000010075.8184   17.2007
   -7.5000  -15.0000  -45.000010914.6895   17.2785
    0.0000  -15.0000  -45.000011349.2012   17.2393
    7.5000  -15.0000  -45.000010786.5547   17.2168
   -7.5000   -7.5000  -45.000011421.6934   17.2790
    0.0000   -7.5000  -45.000011867.9609   17.2453
    7.5000   -7.5000  -45.000011291.4326   17.2188
   -7.5000    0.0000  -45.000011750.8232   17.2706
    0.0000    0.0000  -45.000012210.5879   17.2340
    7.5000    0.0000  -45.000011635.9365   17.2069
   -7.5000    7.5000  -45.000011163.9160   17.2602
    0.0000    7.5000  -45.000011612.9746   17.2145
    7.5000    7.5000  -45.000011041.3096   17.1913
   -7.5000   15.0000  -45.000010544.6113   17.2580
    0.0000   15.0000  -45.000010970.4707   17.2059
    7.5000   15.0000  -45.000010433.8750   17.1869
   -7.5000   22.5000  -45.0000 9882.9141   17.2659
    0.0000   22.5000  -45.000010276.7129   17.2176
    7.5000   22.5000  -45.0000 9776.7881   17.1986
   -7.5000   30.0000  -45.0000 9207.5566   17.1584
    0.0000   30.0000  -45.0000 9589.9258   17.1202
    7.5000   30.0000  -45.0000 9095.0225   17.0960
   -7.5000   37.5000  -45.0000 8927.6953   17.5055
    0.0000   37.5000  -45.0000 9311.3799   17.4772
    7.5000   37.5000  -45.0000 8831.6660   17.4562
   -7.5000   45.0000  -45.0000 8297.8730   17.5128
    0.0000   45.0000  -45.0000 8638.3066   17.4781
    7.5000   45.0000  -45.0000 8197.1631   17.4585
   -7.5000  -45.0000  -37.5000 8442.4609   17.5282
    0.0000  -45.0000  -37.5000 8772.1904   17.4856
    7.5000  -45.0000  -37.5000 8439.2832   17.4444
   -7.5000  -37.5000  -37.5000 8918.0693   17.3337
    0.0000  -37.5000  -37.5000 9263.4902   17.2808
    7.5000  -37.5000  -37.5000 8928.5254   17.2456
   -7.5000  -30.0000  -37.5000 9834.0635   17.2451
    0.0000  -30.0000  -37.500010235.1777   17.1855
    7.5000  -30.0000  -37.5000 9818.8662   17.1546
   -7.5000  -22.5000  -37.500010847.1123   17.2383
    0.0000  -22.5000  -37.500011292.5166   17.1848
    7.5000  -22.5000  -37.500010789.9297   17.1535
   -7.5000  -15.0000  -37.500011626.6172   17.2474
    0.0000  -15.0000  -37.500012119.6992   17.2059
    7.5000  -15.0000  -37.500011525.6123   17.1704
   -7.5000   -7.5000  -37.500012139.0957   17.2507
    0.0000   -7.5000  -37.500012642.9922   17.2148
    7.5000   -7.5000  -37.500012027.6758   17.1754
   -7.5000    0.0000  -37.500012472.9756   17.2458
    0.0000    0.0000  -37.500012987.2148   17.2053
    7.5000    0.0000  -37.500012361.3867   17.1661
   -7.5000    7.5000  -37.500011887.2119   17.2364
    0.0000    7.5000  -37.500012379.0625   17.1840
    7.5000    7.5000  -37.500011731.7676   17.1492
   -7.5000   15.0000  -37.500011197.3457   17.2318
    0.0000   15.0000  -37.500011662.0059   17.1723
    7.5000   15.0000  -37.500011063.2637   17.1414
   -7.5000   22.5000  -37.500010456.3516   17.2362
    0.0000   22.5000  -37.500010911.2295   17.1827
    7.5000   22.5000  -37.500010337.6328   17.1514
   -7.5000   30.0000  -37.5000 9731.7764   17.1260
    0.0000   30.0000  -37.500010173.7402   17.0857
    7.5000   30.0000  -37.5000 9599.4531   17.0492
   -7.5000   37.5000  -37.5000 9441.6748   17.4757
    0.0000   37.5000  -37.5000 9874.2881   17.4441
    7.5000   37.5000  -37.5000 9324.7188   17.4101
   -7.5000   45.0000  -37.5000 8763.4834   17.4872
    0.0000   45.0000  -37.5000 9165.4238   17.4473
    7.5000   45.0000  -37.5000 8641.8701   17.4172
   -7.5000  -45.0000  -30.0000 9064.0312   18.2264
    0.0000  -45.0000  -30.0000 9412.7783   18.1766
    7.5000  -45.0000  -30.0000 9048.3643   18.1293
   -7.5000  -37.5000  -30.0000 9609.4873   18.0344
    0.0000  -37.5000  -30.0000 9962.6865   17.9707
    7.5000  -37.5000  -30.0000 9582.7441   17.9263
   -7.5000  -30.0000  -30.000010588.6807   17.9477
    0.0000  -30.0000  -30.000011000.2305   17.8741
    7.5000  -30.0000  -30.000010558.2686   17.8302
   -7.5000  -22.5000  -30.000011696.0664   17.9337
    0.0000  -22.5000  -30.000012155.9756   17.8675
    7.5000  -22.5000  -30.000011619.8379   17.8228
   -7.5000  -15.0000  -30.000012509.5918   17.9333
    0.0000  -15.0000  -30.000013010.3877   17.8826
    7.5000  -15.0000  -30.000012392.1631   17.8365
   -7.5000   -7.5000  -30.000013057.8418   17.9334
    0.0000   -7.5000  -30.000013580.2891   17.8908
    7.5000   -7.5000  -30.000012925.1797   17.8440
   -7.5000    0.0000  -30.000013453.5576   17.9333
    0.0000    0.0000  -30.000014006.7197   17.8855
    7.5000    0.0000  -30.000013292.5840   17.8401
   -7.5000    7.5000  -30.000012864.3975   17.9335
    0.0000    7.5000  -30.000013394.6699   17.8703
    7.5000    7.5000  -30.000012616.4707   17.8264
   -7.5000   15.0000  -30.000012091.9756   17.9338
    0.0000   15.0000  -30.000012627.4775   17.8603
    7.5000   15.0000  -30.000011879.4688   17.8163
   -7.5000   22.5000  -30.000011267.7051   17.9297
    0.0000   22.5000  -30.000011782.3252   17.8635
    7.5000   22.5000  -30.000011048.0176   17.8188
   -7.5000   30.0000  -30.000010441.5420   17.8105
    0.0000   30.0000  -30.000010921.7529   17.7613
    7.5000   30.0000  -30.000010232.6172   17.7153
   -7.5000   37.5000  -30.000010110.7002   18.1751
    0.0000   37.5000  -30.000010578.0508   18.1356
    7.5000   37.5000  -30.0000 9921.5557   18.0944
   -7.5000   45.0000  -30.0000 9359.7305   18.2074
    0.0000   45.0000  -30.0000 9802.6787   18.1587
    7.5000   45.0000  -30.0000 9212.0918   18.1227
   -7.5000  -45.0000  -22.5000 9646.0801   18.8301
    0.0000  -45.0000  -22.500010002.2627   18.7775
    7.5000  -45.0000  -22.5000 9635.4453   18.7389
   -7.5000  -37.5000  -22.500010251.9922   18.6434
    0.0000  -37.5000  -22.500010622.2588   18.5756
    7.5000  -37.5000  -22.500010226.3682   18.5354
   -7.5000  -30.0000  -22.500011321.5469   18.5648
    0.0000  -30.0000  -22.500011749.7119   18.4846
    7.5000  -30.0000  -22.500011271.6152   18.4402
   -7.5000  -22.5000  -22.500012474.1133   18.5487
    0.0000  -22.5000  -22.500012945.5498   18.4743
    7.5000  -22.5000  -22.500012363.3398   18.4289
   -7.5000  -15.0000  -22.500013318.2549   18.5378
    0.0000  -15.0000  -22.500013836.6328   18.4799
    7.5000  -15.0000  -22.500013185.9961   18.4368
   -7.5000   -7.5000  -22.500013929.9561   18.5280
    0.0000   -7.5000  -22.500014479.2979   18.4811
    7.5000   -7.5000  -22.500013735.4688   18.4419
   -7.5000    0.0000  -22.500014341.0508   18.5274
    0.0000    0.0000  -22.500014901.1895   18.4771
    7.5000    0.0000  -22.500014114.8896   18.4400
   -7.5000    7.5000  -22.500013714.3877   18.5392
    0.0000    7.5000  -22.500014250.8711   18.4721
    7.5000    7.5000  -22.500013397.8398   18.4323
   -7.5000   15.0000  -22.500012935.8574   18.5503
    0.0000   15.0000  -22.500013463.6611   18.4702
    7.5000   15.0000  -22.500012592.6436   18.4259
   -7.5000   22.5000  -22.500012075.0518   18.5434
    0.0000   22.5000  -22.500012603.5088   18.4689
    7.5000   22.5000  -22.500011738.3828   18.4235
   -7.5000   30.0000  -22.500011160.7324   18.4174
    0.0000   30.0000  -22.500011657.3896   18.3613
    7.5000   30.0000  -22.500010856.5771   18.3184
   -7.5000   37.5000  -22.500010801.3506   18.7882
    0.0000   37.5000  -22.500011276.6533   18.7444
    7.5000   37.5000  -22.500010508.5254   18.7104
   -7.5000   45.0000  -22.500010006.7598   18.8362
    0.0000   45.0000  -22.500010460.0332   18.7847
    7.5000   45.0000  -22.5000 9779.6562   18.7554
   -7.5000  -45.0000  -15.000010237.8701   19.3006
    0.0000  -45.0000  -15.000010621.8232   19.2515
    7.5000  -45.0000  -15.000010238.0371   19.2258
   -7.5000  -37.5000  -15.000010887.3506   19.1101
    0.0000  -37.5000  -15.000011302.4922   19.0466
    7.5000  -37.5000  -15.000010869.6943   19.0178
   -7.5000  -30.0000  -15.000012023.5869   19.0333
    0.0000  -30.0000  -15.000012481.0479   18.9570
    7.5000  -30.0000  -15.000011960.6250   18.9233
   -7.5000  -22.5000  -15.000013189.0312   19.0200
    0.0000  -22.5000  -15.000013699.3184   18.9479
    7.5000  -22.5000  -15.000013115.8477   18.9131
   -7.5000  -15.0000  -15.000014045.9287   19.0080
    0.0000  -15.0000  -15.000014572.2568   18.9520
    7.5000  -15.0000  -15.000013926.9668   18.9209
   -7.5000   -7.5000  -15.000014731.9053   18.9936
    0.0000   -7.5000  -15.000015276.2842   18.9497
    7.5000   -7.5000  -15.000014520.4756   18.9237
   -7.5000    0.0000  -15.000015175.2559   18.9897
    0.0000    0.0000  -15.000015747.6846   18.9435
    7.5000    0.0000  -15.000014934.2256   18.9190
   -7.5000    7.5000  -15.000014528.1328   19.0030
    0.0000    7.5000  -15.000015048.7812   18.9404
    7.5000    7.5000  -15.000014169.9619   18.9119
   -7.5000   15.0000  -15.000013715.8799   19.0184
    0.0000   15.0000  -15.000014245.3086   18.9422
    7.5000   15.0000  -15.000013288.9092   18.9086
   -7.5000   22.5000  -15.000012808.0068   19.0137
    0.0000   22.5000  -15.000013341.1826   18.9415
    7.5000   22.5000  -15.000012406.5029   18.9068
   -7.5000   30.0000  -15.000011843.5439   18.8891
    0.0000   30.0000  -15.000012331.3262   18.8347
    7.5000   30.0000  -15.000011474.7646   18.8031
   -7.5000   37.5000  -15.000011429.4209   19.2647
    0.0000   37.5000  -15.000011903.7188   19.2251
    7.5000   37.5000  -15.000011067.0352   19.2046
   -7.5000   45.0000  -15.000010589.0039   19.3188
    0.0000   45.0000  -15.000011056.6963   19.2731
    7.5000   45.0000  -15.000010305.7324   19.2556
   -7.5000  -45.0000   -7.500010888.4023   19.5722
    0.0000  -45.0000   -7.500011314.7871   19.5278
    7.5000  -45.0000   -7.500010891.4814   19.5051
   -7.5000  -37.5000   -7.500011581.5830   19.3659
    0.0000  -37.5000   -7.500012049.6641   19.3110
    7.5000  -37.5000   -7.500011573.0303   19.2890
   -7.5000  -30.0000   -7.500012762.1680   19.2789
    0.0000  -30.0000   -7.500013299.8838   19.2144
    7.5000  -30.0000   -7.500012704.8438   19.1923
   -7.5000  -22.5000   -7.500013955.2227   19.2709
    0.0000  -22.5000   -7.500014512.2266   19.2100
    7.5000  -22.5000   -7.500013890.8857   19.1878
   -7.5000  -15.0000   -7.500014774.7920   19.2711
    0.0000  -15.0000   -7.500015352.3389   19.2228
    7.5000  -15.0000   -7.500014684.6768   19.2011
   -7.5000   -7.5000   -7.500015518.7334   19.2636
    0.0000   -7.5000   -7.500016087.0596   19.2247
    7.5000   -7.5000   -7.500015317.7598   19.2034
   -7.5000    0.0000   -7.500016050.2832   19.2563
    0.0000    0.0000   -7.500016675.5801   19.2150
    7.5000    0.0000   -7.500015808.4912   19.1937
   -7.5000    7.5000   -7.500015429.6592   19.2569
    0.0000    7.5000   -7.500015986.6094   19.2028
    7.5000    7.5000   -7.500015049.1006   19.1812
   -7.5000   15.0000   -7.500014585.9248   19.2638
    0.0000   15.0000   -7.500015118.2881   19.1995
    7.5000   15.0000   -7.500014121.7744   19.1775
   -7.5000   22.5000   -7.500013538.5693   19.2624
    0.0000   22.5000   -7.500014063.6006   19.2014
    7.5000   22.5000   -7.500013144.9619   19.1793
   -7.5000   30.0000   -7.500012474.4922   19.1477
    0.0000   30.0000   -7.500012960.2402   19.1008
    7.5000   30.0000   -7.500012149.3594   19.0776
   -7.5000   37.5000   -7.500012006.0400   19.5311
    0.0000   37.5000   -7.500012486.6455   19.4980
    7.5000   37.5000   -7.500011684.4365   19.4828
   -7.5000   45.0000   -7.500011130.9258   19.5819
    0.0000   45.0000   -7.500011599.5361   19.5427
    7.5000   45.0000   -7.500010859.1270   19.5287
   -7.5000  -45.0000    0.000011447.7998   19.6359
    0.0000  -45.0000    0.000011933.2021   19.5921
    7.5000  -45.0000    0.000011432.6211   19.5599
   -7.5000  -37.5000    0.000012169.5322   19.4167
    0.0000  -37.5000    0.000012689.2119   19.3650
    7.5000  -37.5000    0.000012168.2139   19.3387
   -7.5000  -30.0000    0.000013389.9521   19.3198
    0.0000  -30.0000    0.000013952.3896   19.2615
    7.5000  -30.0000    0.000013372.2012   19.2402
   -7.5000  -22.5000    0.000014602.4062   19.3160
    0.0000  -22.5000    0.000015157.4600   19.2621
    7.5000  -22.5000    0.000014558.1768   19.2408
   -7.5000  -15.0000    0.000015472.1768   19.3277
    0.0000  -15.0000    0.000016054.2568   19.2839
    7.5000  -15.0000    0.000015387.6416   19.2587
   -7.5000   -7.5000    0.000016238.4004   19.3283
    0.0000   -7.5000    0.000016848.3066   19.2906
    7.5000   -7.5000    0.000016082.7305   19.2611
   -7.5000    0.0000    0.000016913.5645   19.3189
    0.0000    0.0000    0.000017573.9141   19.2781
    7.5000    0.0000    0.000016641.2891   19.2478
   -7.5000    7.5000    0.000016288.4238   19.3074
    0.0000    7.5000    0.000016889.2969   19.2563
    7.5000    7.5000    0.000015872.8574   19.2304
   -7.5000   15.0000    0.000015361.8262   19.3048
    0.0000   15.0000    0.000015881.4785   19.2466
    7.5000   15.0000    0.000014936.2227   19.2254
   -7.5000   22.5000    0.000014229.2832   19.3074
    0.0000   22.5000    0.000014714.9404   19.2535
    7.5000   22.5000    0.000013873.0967   19.2322
   -7.5000   30.0000    0.000013035.7266   19.2007
    0.0000   30.0000    0.000013508.3027   19.1581
    7.5000   30.0000    0.000012776.9277   19.1311
   -7.5000   37.5000    0.000012494.3193   19.5891
    0.0000   37.5000    0.000012981.4668   19.5574
    7.5000   37.5000    0.000012281.8486   19.5339
   -7.5000   45.0000    0.000011586.7979   19.6355
    0.0000   45.0000    0.000012044.8340   19.5967
    7.5000   45.0000    0.000011360.3193   19.5748
   -7.5000  -45.0000    7.500011147.0723   19.6144
    0.0000  -45.0000    7.500011636.6396   19.5667
    7.5000  -45.0000    7.500011110.8965   19.5206
   -7.5000  -37.5000    7.500011849.0654   19.3967
    0.0000  -37.5000    7.500012356.5596   19.3376
    7.5000  -37.5000    7.500011828.1797   19.2982
   -7.5000  -30.0000    7.500012977.2881   19.2976
    0.0000  -30.0000    7.500013502.0293   19.2309
    7.5000  -30.0000    7.500012966.8096   19.1964
   -7.5000  -22.5000    7.500014077.0371   19.2900
    0.0000  -22.5000    7.500014600.8057   19.2302
    7.5000  -22.5000    7.500014069.7168   19.1952
   -7.5000  -15.0000    7.500014890.0010   19.3002
    0.0000  -15.0000    7.500015426.4414   19.2537
    7.5000  -15.0000    7.500014866.3418   19.2140
   -7.5000   -7.5000    7.500015673.2754   19.3039
    0.0000   -7.5000    7.500016236.7979   19.2637
    7.5000   -7.5000    7.500015589.8984   19.2196
   -7.5000    0.0000    7.500016292.5713   19.2984
    0.0000    0.0000    7.500016918.7051   19.2531
    7.5000    0.0000    7.500016197.3955   19.2092
   -7.5000    7.5000    7.500015622.3037   19.2878
    0.0000    7.5000    7.500016172.5430   19.2292
    7.5000    7.5000    7.500015477.2783   19.1902
   -7.5000   15.0000    7.500014834.5625   19.2827
    0.0000   15.0000    7.500015277.9502   19.2161
    7.5000   15.0000    7.500014560.8994   19.1815
   -7.5000   22.5000    7.500013827.9160   19.2814
    0.0000   22.5000    7.500014215.6523   19.2215
    7.5000   22.5000    7.500013524.8037   19.1865
   -7.5000   30.0000    7.500012668.1582   19.1718
    0.0000   30.0000    7.500013067.7412   19.1266
    7.5000   30.0000    7.500012436.3135   19.0859
   -7.5000   37.5000    7.500012111.1758   19.5633
    0.0000   37.5000    7.500012538.9834   19.5279
    7.5000   37.5000    7.500011937.0771   19.4899
   -7.5000   45.0000    7.500011197.7822   19.6147
    0.0000   45.0000    7.500011612.7900   19.5699
    7.5000   45.0000    7.500011013.3701   19.5361
   -7.5000  -45.0000   15.000010645.9707   19.5722
    0.0000  -45.0000   15.000011129.5107   19.5188
    7.5000  -45.0000   15.000010611.5625   19.4680
   -7.5000  -37.5000   15.000011325.7002   19.3660
    0.0000  -37.5000   15.000011840.0488   19.2976
    7.5000  -37.5000   15.000011297.2158   19.2499
   -7.5000  -30.0000   15.000012435.8271   19.2729
    0.0000  -30.0000   15.000012957.5166   19.1939
    7.5000  -30.0000   15.000012445.2500   19.1467
   -7.5000  -22.5000   15.000013492.6201   19.2579
    0.0000  -22.5000   15.000014037.4033   19.1868
    7.5000  -22.5000   15.000013546.0283   19.1388
   -7.5000  -15.0000   15.000014261.0811   19.2575
    0.0000  -15.0000   15.000014781.8701   19.2030
    7.5000  -15.0000   15.000014339.7158   19.1535
   -7.5000   -7.5000   15.000014969.2979   19.2576
    0.0000   -7.5000   15.000015481.6875   19.2118
    7.5000   -7.5000   15.000015046.4600   19.1616
   -7.5000    0.0000   15.000015517.5801   19.2575
    0.0000    0.0000   15.000016063.3779   19.2061
    7.5000    0.0000   15.000015552.2568   19.1574
   -7.5000    7.5000   15.000014908.1045   19.2577
    0.0000    7.5000   15.000015414.8096   19.1899
    7.5000    7.5000   15.000014880.1543   19.1426
   -7.5000   15.0000   15.000014240.7412   19.2579
    0.0000   15.0000   15.000014669.2295   19.1790
    7.5000   15.0000   15.000014032.3154   19.1319
   -7.5000   22.5000   15.000013278.2148   19.2493
    0.0000   22.5000   15.000013642.8213   19.1782
    7.5000   22.5000   15.000012995.8662   19.1303
   -7.5000   30.0000   15.000012202.4512   19.1312
    0.0000   30.0000   15.000012555.4756   19.0784
    7.5000   30.0000   15.000011944.8779   19.0289
   -7.5000   37.5000   15.000011678.8486   19.5229
    0.0000   37.5000   15.000012055.8818   19.4804
    7.5000   37.5000   15.000011460.8320   19.4361
   -7.5000   45.0000   15.000010729.6729   19.5835
    0.0000   45.0000   15.000011135.8613   19.5310
    7.5000   45.0000   15.000010585.6025   19.4923
   -7.5000  -45.0000   22.500010159.1318   19.5472
    0.0000  -45.0000   22.500010603.3789   19.4926
    7.5000  -45.0000   22.500010141.1699   19.4525
   -7.5000  -37.5000   22.500010821.8125   19.3533
    0.0000  -37.5000   22.500011271.4551   19.2830
    7.5000  -37.5000   22.500010813.4541   19.2413
   -7.5000  -30.0000   22.500011918.3076   19.2718
    0.0000  -30.0000   22.500012413.5400   19.1885
    7.5000  -30.0000   22.500011928.7842   19.1425
   -7.5000  -22.5000   22.500012952.0391   19.2551
    0.0000  -22.5000   22.500013469.7070   19.1778
    7.5000  -22.5000   22.500012960.8096   19.1307
   -7.5000  -15.0000   22.500013700.1543   19.2437
    0.0000  -15.0000   22.500014237.2354   19.1837
    7.5000  -15.0000   22.500013697.6396   19.1389
   -7.5000   -7.5000   22.500014369.7852   19.2336
    0.0000   -7.5000   22.500014891.8711   19.1849
    7.5000   -7.5000   22.500014312.1201   19.1442
   -7.5000    0.0000   22.500014851.1025   19.2330
    0.0000    0.0000   22.500015403.4932   19.1807
    7.5000    0.0000   22.500014760.3262   19.1422
   -7.5000    7.5000   22.500014215.0889   19.2452
    0.0000    7.5000   22.500014785.2314   19.1756
    7.5000    7.5000   22.500014105.3066   19.1342
   -7.5000   15.0000   22.500013484.4297   19.2568
    0.0000   15.0000   22.500014041.1113   19.1736
    7.5000   15.0000   22.500013316.2432   19.1276
   -7.5000   22.5000   22.500012542.5469   19.2466
    0.0000   22.5000   22.500013067.3057   19.1693
    7.5000   22.5000   22.500012363.6035   19.1222
   -7.5000   30.0000   22.500011543.9785   19.1215
    0.0000   30.0000   22.500012005.1719   19.0633
    7.5000   30.0000   22.500011379.7793   19.0187
   -7.5000   37.5000   22.500011046.3389   19.5065
    0.0000   37.5000   22.500011483.9111   19.4610
    7.5000   37.5000   22.500010904.9941   19.4257
   -7.5000   45.0000   22.500010192.0186   19.5705
    0.0000   45.0000   22.500010612.9307   19.5169
    7.5000   45.0000   22.500010087.4346   19.4865
   -7.5000  -45.0000   30.0000 9586.5498   19.5656
    0.0000  -45.0000   30.000010021.4580   19.5159
    7.5000  -45.0000   30.0000 9607.2949   19.4898
   -7.5000  -37.5000   30.000010196.9307   19.3725
    0.0000  -37.5000   30.000010644.0723   19.3081
    7.5000  -37.5000   30.000010206.2197   19.2789
   -7.5000  -30.0000   30.000011265.8066   19.2947
    0.0000  -30.0000   30.000011767.1943   19.2173
    7.5000  -30.0000   30.000011254.4688   19.1831
   -7.5000  -22.5000   30.000012263.7109   19.2812
    0.0000  -22.5000   30.000012782.9092   19.2080
    7.5000  -22.5000   30.000012211.0234   19.1728
   -7.5000  -15.0000   30.000012959.8555   19.2690
    0.0000  -15.0000   30.000013480.0195   19.2123
    7.5000  -15.0000   30.000012912.4082   19.1807
   -7.5000   -7.5000   30.000013530.7119   19.2544
    0.0000   -7.5000   30.000014044.1436   19.2099
    7.5000   -7.5000   30.000013456.4863   19.1835
   -7.5000    0.0000   30.000013941.6084   19.2504
    0.0000    0.0000   30.000014475.0430   19.2036
    7.5000    0.0000   30.000013855.8975   19.1788
   -7.5000    7.5000   30.000013293.8838   19.2639
    0.0000    7.5000   30.000013826.7480   19.2004
    7.5000    7.5000   30.000013222.9346   19.1716
   -7.5000   15.0000   30.000012541.8115   19.2796
    0.0000   15.0000   30.000013064.2178   19.2023
    7.5000   15.0000   30.000012453.6982   19.1682
   -7.5000   22.5000   30.000011681.4678   19.2727
    0.0000   22.5000   30.000012177.4473   19.1995
    7.5000   22.5000   30.000011591.7549   19.1643
   -7.5000   30.0000   30.000010795.5859   19.1485
    0.0000   30.0000   30.000011252.6211   19.0934
    7.5000   30.0000   30.000010719.6973   19.0613
   -7.5000   37.5000   30.000010347.2383   19.5292
    0.0000   37.5000   30.000010807.8320   19.4891
    7.5000   37.5000   30.000010288.7549   19.4683
   -7.5000   45.0000   30.0000 9610.3232   19.5892
    0.0000   45.0000   30.000010046.1123   19.5429
    7.5000   45.0000   30.0000 9562.4521   19.5251
   -7.5000  -45.0000   37.5000 9354.1406   19.6410
    0.0000  -45.0000   37.5000 9781.4883   19.5964
    7.5000  -45.0000   37.5000 9357.8857   19.5735
   -7.5000  -37.5000   37.5000 9943.6230   19.4337
    0.0000  -37.5000   37.500010392.5840   19.3786
    7.5000  -37.5000   37.5000 9931.5293   19.3565
   -7.5000  -30.0000   37.500010954.1221   19.3461
    0.0000  -30.0000   37.500011476.1924   19.2814
    7.5000  -30.0000   37.500010941.9580   19.2593
   -7.5000  -22.5000   37.500011869.5137   19.3379
    0.0000  -22.5000   37.500012407.9707   19.2767
    7.5000  -22.5000   37.500011861.6064   19.2545
   -7.5000  -15.0000   37.500012504.0684   19.3380
    0.0000  -15.0000   37.500013045.5781   19.2894
    7.5000  -15.0000   37.500012483.7959   19.2676
   -7.5000   -7.5000   37.500013040.0586   19.3306
    0.0000   -7.5000   37.500013604.4863   19.2914
    7.5000   -7.5000   37.500013009.1123   19.2701
   -7.5000    0.0000   37.500013424.3115   19.3235
    0.0000    0.0000   37.500013987.1328   19.2820
    7.5000    0.0000   37.500013386.1670   19.2606
   -7.5000    7.5000   37.500012781.6475   19.3242
    0.0000    7.5000   37.500013310.8604   19.2699
    7.5000    7.5000   37.500012768.2217   19.2482
   -7.5000   15.0000   37.500012018.6553   19.3310
    0.0000   15.0000   37.500012538.9463   19.2664
    7.5000   15.0000   37.500012004.2295   19.2444
   -7.5000   22.5000   37.500011214.1475   19.3294
    0.0000   22.5000   37.500011722.5156   19.2681
    7.5000   22.5000   37.500011188.5225   19.2460
   -7.5000   30.0000   37.500010351.5459   19.2149
    0.0000   30.0000   37.500010826.0000   19.1676
    7.5000   30.0000   37.500010349.1074   19.1444
   -7.5000   37.5000   37.5000 9980.9033   19.6004
    0.0000   37.5000   37.500010436.8350   19.5671
    7.5000   37.5000   37.5000 9976.6846   19.5518
   -7.5000   45.0000   37.5000 9301.4639   19.6533
    0.0000   45.0000   37.5000 9731.5127   19.6139
    7.5000   45.0000   37.5000 9287.6377   19.5998
   -7.5000  -45.0000   45.0000 8621.4941   19.6754
    0.0000  -45.0000   45.0000 9000.4385   19.6312
    7.5000  -45.0000   45.0000 8592.3809   19.5986
   -7.5000  -37.5000   45.0000 9146.1846   19.4540
    0.0000  -37.5000   45.0000 9553.5605   19.4021
    7.5000  -37.5000   45.0000 9119.1357   19.3757
   -7.5000  -30.0000   45.000010079.2334   19.3557
    0.0000  -30.0000   45.000010562.0645   19.2973
    7.5000  -30.0000   45.000010061.9678   19.2759
   -7.5000  -22.5000   45.000010890.2324   19.3513
    0.0000  -22.5000   45.000011411.5791   19.2972
    7.5000  -22.5000   45.000010880.5293   19.2756
   -7.5000  -15.0000   45.000011456.0166   19.3629
    0.0000  -15.0000   45.000011977.2422   19.3188
    7.5000  -15.0000   45.000011426.5430   19.2932
   -7.5000   -7.5000   45.000011961.3672   19.3640
    0.0000   -7.5000   45.000012505.0107   19.3257
    7.5000   -7.5000   45.000011920.1982   19.2958
   -7.5000    0.0000   45.000012282.0801   19.3550
    0.0000    0.0000   45.000012823.5049   19.3138
    7.5000    0.0000   45.000012242.0518   19.2833
   -7.5000    7.5000   45.000011665.7812   19.3435
    0.0000    7.5000   45.000012178.3330   19.2923
    7.5000    7.5000   45.000011653.1797   19.2662
   -7.5000   15.0000   45.000010947.6816   19.3406
    0.0000   15.0000   45.000011409.8447   19.2823
    7.5000   15.0000   45.000010942.3877   19.2609
   -7.5000   22.5000   45.000010229.1162   19.3426
    0.0000   22.5000   45.000010688.7930   19.2885
    7.5000   22.5000   45.000010208.8457   19.2669
   -7.5000   30.0000   45.0000 9471.4082   19.2351
    0.0000   30.0000   45.0000 9921.3398   19.1921
    7.5000   30.0000   45.0000 9470.7510   19.1647
   -7.5000   37.5000   45.0000 9140.8896   19.6280
    0.0000   37.5000   45.0000 9565.8359   19.5959
    7.5000   37.5000   45.0000 9134.6396   19.5721
   -7.5000   45.0000   45.0000 8537.6816   19.6903
    0.0000   45.0000   45.0000 8919.1348   19.6510
    7.5000   45.0000   45.0000 8515.4980   19.6290

---------------------------------------------------------------------
imgreg_4dfp /opt/freesurfer/average/711-2C_as_mni_average_305 /opt/freesurfer/average/711-2B_as_mni_average_305_mask talsrcimg_g11 none talsrcimg_to_711-2C_as_mni_average_305_t4 4355
---------------------------------------------------------------------

freesurfer imgreg_4dfp.c
/opt/freesurfer/average/711-2C_as_mni_average_305.4dfp.img
       256       256       256         1
  1.000000  1.000000  1.000000
orientation T byte_order littleendian
Reading image: /opt/freesurfer/average/711-2C_as_mni_average_305.4dfp.img
dimensions:      256       256       256
mmppix:       1.0000   -1.0000   -1.0000
center:     128.0000 -129.0000 -129.0000
/opt/freesurfer/average/711-2B_as_mni_average_305_mask.4dfp.img
       256       256       256         1
  1.000000  1.000000  1.000000
orientation T byte_order littleendian
Reading mask: /opt/freesurfer/average/711-2B_as_mni_average_305_mask.4dfp.img (2306576 pixels)
talsrcimg_g11.4dfp.img
       256       256       256         1
  1.000000  1.000000  1.000000
orientation T byte_order littleendian
Reading image: talsrcimg_g11.4dfp.img
dimensions:      256       256       256
mmppix:       1.0000   -1.0000   -1.0000
center:     128.0000 -129.0000 -129.0000
rotation matrix determinant  1.000000
image alignment mode   4355 decimal     1103 hex
   -7.5000  -45.0000  -45.0000 2072.9133   22.8320
    0.0000  -45.0000  -45.0000 2086.3369   22.6751
    7.5000  -45.0000  -45.0000 2073.2153   22.8876
   -7.5000  -37.5000  -45.0000 2091.6074   21.9810
    0.0000  -37.5000  -45.0000 2100.7832   21.6646
    7.5000  -37.5000  -45.0000 2090.5784   21.9144
   -7.5000  -30.0000  -45.0000 2111.2834   21.3493
    0.0000  -30.0000  -45.0000 2127.1172   21.1102
    7.5000  -30.0000  -45.0000 2110.8589   21.3228
   -7.5000  -22.5000  -45.0000 2144.1672   20.9339
    0.0000  -22.5000  -45.0000 2164.2561   20.7528
    7.5000  -22.5000  -45.0000 2138.5815   20.8775
   -7.5000  -15.0000  -45.0000 2174.2458   20.5233
    0.0000  -15.0000  -45.0000 2191.0139   20.4246
    7.5000  -15.0000  -45.0000 2168.8044   20.5682
   -7.5000   -7.5000  -45.0000 2187.7698   20.2979
    0.0000   -7.5000  -45.0000 2200.8584   20.2038
    7.5000   -7.5000  -45.0000 2184.6880   20.2847
   -7.5000    0.0000  -45.0000 2188.3042   20.0684
    0.0000    0.0000  -45.0000 2198.0884   19.9232
    7.5000    0.0000  -45.0000 2182.1482   20.0162
   -7.5000    7.5000  -45.0000 2170.4114   19.9406
    0.0000    7.5000  -45.0000 2184.4968   19.7933
    7.5000    7.5000  -45.0000 2171.1375   19.9314
   -7.5000   15.0000  -45.0000 2152.8772   20.0664
    0.0000   15.0000  -45.0000 2168.4805   19.9302
    7.5000   15.0000  -45.0000 2157.6697   20.0402
   -7.5000   22.5000  -45.0000 2139.7383   20.5040
    0.0000   22.5000  -45.0000 2151.7668   20.3675
    7.5000   22.5000  -45.0000 2136.4646   20.5577
   -7.5000   30.0000  -45.0000 2113.2683   21.3740
    0.0000   30.0000  -45.0000 2127.7534   21.2334
    7.5000   30.0000  -45.0000 2105.7180   21.4267
   -7.5000   37.5000  -45.0000 2075.5894   22.6305
    0.0000   37.5000  -45.0000 2092.3054   22.4779
    7.5000   37.5000  -45.0000 2065.8254   22.6908
   -7.5000   45.0000  -45.0000 2014.6804   24.3920
    0.0000   45.0000  -45.0000 2030.9314   24.2032
    7.5000   45.0000  -45.0000 2003.2019   24.5107
   -7.5000  -45.0000  -37.5000 2163.5085   20.7731
    0.0000  -45.0000  -37.5000 2178.6624   20.5394
    7.5000  -45.0000  -37.5000 2163.6355   20.7250
   -7.5000  -37.5000  -37.5000 2184.5808   19.9351
    0.0000  -37.5000  -37.5000 2204.1028   19.6827
    7.5000  -37.5000  -37.5000 2189.0459   19.8294
   -7.5000  -30.0000  -37.5000 2211.6995   19.3122
    0.0000  -30.0000  -37.5000 2233.9504   19.1149
    7.5000  -30.0000  -37.5000 2218.7585   19.2404
   -7.5000  -22.5000  -37.5000 2251.1201   18.8811
    0.0000  -22.5000  -37.5000 2271.8428   18.7378
    7.5000  -22.5000  -37.5000 2250.4670   18.8436
   -7.5000  -15.0000  -37.5000 2283.7546   18.4900
    0.0000  -15.0000  -37.5000 2303.5400   18.4149
    7.5000  -15.0000  -37.5000 2276.2434   18.5175
   -7.5000   -7.5000  -37.5000 2294.3047   18.2871
    0.0000   -7.5000  -37.5000 2309.3245   18.1772
    7.5000   -7.5000  -37.5000 2290.3560   18.2348
   -7.5000    0.0000  -37.5000 2292.6399   18.1224
    0.0000    0.0000  -37.5000 2305.2986   17.9760
    7.5000    0.0000  -37.5000 2286.5667   18.0717
   -7.5000    7.5000  -37.5000 2288.1042   18.1026
    0.0000    7.5000  -37.5000 2303.3325   17.9753
    7.5000    7.5000  -37.5000 2279.9006   18.0216
   -7.5000   15.0000  -37.5000 2268.6211   18.3204
    0.0000   15.0000  -37.5000 2286.6938   18.1615
    7.5000   15.0000  -37.5000 2270.6677   18.2225
   -7.5000   22.5000  -37.5000 2252.9526   18.7013
    0.0000   22.5000  -37.5000 2267.8726   18.6012
    7.5000   22.5000  -37.5000 2250.2466   18.6906
   -7.5000   30.0000  -37.5000 2225.7778   19.4707
    0.0000   30.0000  -37.5000 2243.1062   19.3679
    7.5000   30.0000  -37.5000 2217.1743   19.5012
   -7.5000   37.5000  -37.5000 2183.3162   20.6558
    0.0000   37.5000  -37.5000 2196.6277   20.5194
    7.5000   37.5000  -37.5000 2169.7795   20.6721
   -7.5000   45.0000  -37.5000 2116.8237   22.3220
    0.0000   45.0000  -37.5000 2132.0442   22.1847
    7.5000   45.0000  -37.5000 2098.6501   22.3579
   -7.5000  -45.0000  -30.0000 2282.2869   19.6847
    0.0000  -45.0000  -30.0000 2297.5706   19.4258
    7.5000  -45.0000  -30.0000 2284.9939   19.6484
   -7.5000  -37.5000  -30.0000 2319.3374   18.8003
    0.0000  -37.5000  -30.0000 2334.2412   18.5938
    7.5000  -37.5000  -30.0000 2316.0283   18.7130
   -7.5000  -30.0000  -30.0000 2347.3105   18.2102
    0.0000  -30.0000  -30.0000 2370.3149   18.0411
    7.5000  -30.0000  -30.0000 2348.8101   18.1053
   -7.5000  -22.5000  -30.0000 2396.1680   17.7327
    0.0000  -22.5000  -30.0000 2420.9233   17.6106
    7.5000  -22.5000  -30.0000 2390.2524   17.6501
   -7.5000  -15.0000  -30.0000 2425.4011   17.3059
    0.0000  -15.0000  -30.0000 2447.7520   17.2666
    7.5000  -15.0000  -30.0000 2419.6084   17.3000
   -7.5000   -7.5000  -30.0000 2432.1846   17.0722
    0.0000   -7.5000  -30.0000 2456.8843   17.0151
    7.5000   -7.5000  -30.0000 2435.0605   17.0559
   -7.5000    0.0000  -30.0000 2441.5427   16.9670
    0.0000    0.0000  -30.0000 2459.6643   16.9026
    7.5000    0.0000  -30.0000 2434.8699   16.9622
   -7.5000    7.5000  -30.0000 2447.6719   17.0266
    0.0000    7.5000  -30.0000 2469.8191   16.9208
    7.5000    7.5000  -30.0000 2436.7534   16.9789
   -7.5000   15.0000  -30.0000 2439.1042   17.3207
    0.0000   15.0000  -30.0000 2461.1458   17.1803
    7.5000   15.0000  -30.0000 2434.9497   17.2097
   -7.5000   22.5000  -30.0000 2420.4373   17.7301
    0.0000   22.5000  -30.0000 2442.6514   17.6425
    7.5000   22.5000  -30.0000 2410.0347   17.7145
   -7.5000   30.0000  -30.0000 2390.5217   18.5144
    0.0000   30.0000  -30.0000 2411.5576   18.4353
    7.5000   30.0000  -30.0000 2372.5601   18.5235
   -7.5000   37.5000  -30.0000 2337.4832   19.6772
    0.0000   37.5000  -30.0000 2354.7334   19.5846
    7.5000   37.5000  -30.0000 2313.3425   19.6720
   -7.5000   45.0000  -30.0000 2256.5879   21.2359
    0.0000   45.0000  -30.0000 2270.9404   21.1485
    7.5000   45.0000  -30.0000 2229.2549   21.2594
   -7.5000  -45.0000  -22.5000 2373.2944   18.7629
    0.0000  -45.0000  -22.5000 2386.9009   18.5156
    7.5000  -45.0000  -22.5000 2377.7021   18.7423
   -7.5000  -37.5000  -22.5000 2418.9851   17.8451
    0.0000  -37.5000  -22.5000 2434.4387   17.6305
    7.5000  -37.5000  -22.5000 2420.2371   17.7983
   -7.5000  -30.0000  -22.5000 2462.0642   17.2237
    0.0000  -30.0000  -22.5000 2481.2126   17.0363
    7.5000  -30.0000  -22.5000 2463.3608   17.1135
   -7.5000  -22.5000  -22.5000 2508.0784   16.6737
    0.0000  -22.5000  -22.5000 2531.9751   16.5755
    7.5000  -22.5000  -22.5000 2500.1716   16.5996
   -7.5000  -15.0000  -22.5000 2538.1736   16.2754
    0.0000  -15.0000  -22.5000 2560.2651   16.2043
    7.5000  -15.0000  -22.5000 2534.8057   16.2414
   -7.5000   -7.5000  -22.5000 2553.8140   15.9858
    0.0000   -7.5000  -22.5000 2579.1006   15.9035
    7.5000   -7.5000  -22.5000 2552.7585   15.9500
   -7.5000    0.0000  -22.5000 2561.3491   15.8588
    0.0000    0.0000  -22.5000 2579.5957   15.8040
    7.5000    0.0000  -22.5000 2557.3091   15.8910
   -7.5000    7.5000  -22.5000 2580.3762   15.9387
    0.0000    7.5000  -22.5000 2599.8296   15.8716
    7.5000    7.5000  -22.5000 2562.8613   16.0033
   -7.5000   15.0000  -22.5000 2580.3264   16.2443
    0.0000   15.0000  -22.5000 2597.4971   16.1447
    7.5000   15.0000  -22.5000 2565.0259   16.2206
   -7.5000   22.5000  -22.5000 2567.7908   16.7289
    0.0000   22.5000  -22.5000 2591.1711   16.6492
    7.5000   22.5000  -22.5000 2549.2258   16.7229
   -7.5000   30.0000  -22.5000 2533.0818   17.5076
    0.0000   30.0000  -22.5000 2554.5461   17.4431
    7.5000   30.0000  -22.5000 2506.3123   17.5702
   -7.5000   37.5000  -22.5000 2466.3506   18.6153
    0.0000   37.5000  -22.5000 2487.9993   18.5683
    7.5000   37.5000  -22.5000 2437.8179   18.7260
   -7.5000   45.0000  -22.5000 2373.0337   20.0976
    0.0000   45.0000  -22.5000 2387.5898   20.0151
    7.5000   45.0000  -22.5000 2343.1970   20.1547
   -7.5000  -45.0000  -15.0000 2437.6904   18.0339
    0.0000  -45.0000  -15.0000 2447.0403   17.7813
    7.5000  -45.0000  -15.0000 2440.5693   18.0270
   -7.5000  -37.5000  -15.0000 2487.4751   17.1195
    0.0000  -37.5000  -15.0000 2503.0098   16.8741
    7.5000  -37.5000  -15.0000 2487.1204   17.0848
   -7.5000  -30.0000  -15.0000 2539.0269   16.3687
    0.0000  -30.0000  -15.0000 2555.7141   16.1775
    7.5000  -30.0000  -15.0000 2536.1660   16.3242
   -7.5000  -22.5000  -15.0000 2579.0120   15.7845
    0.0000  -22.5000  -15.0000 2602.7219   15.6446
    7.5000  -22.5000  -15.0000 2582.5007   15.7767
   -7.5000  -15.0000  -15.0000 2620.4404   15.3391
    0.0000  -15.0000  -15.0000 2640.2659   15.2510
    7.5000  -15.0000  -15.0000 2615.5955   15.3508
   -7.5000   -7.5000  -15.0000 2649.7217   15.0352
    0.0000   -7.5000  -15.0000 2669.5337   14.9508
    7.5000   -7.5000  -15.0000 2644.7627   15.0378
   -7.5000    0.0000  -15.0000 2664.4236   14.9227
    0.0000    0.0000  -15.0000 2683.4131   14.8462
    7.5000    0.0000  -15.0000 2660.5708   14.9515
   -7.5000    7.5000  -15.0000 2692.3918   15.0207
    0.0000    7.5000  -15.0000 2709.0225   14.9470
    7.5000    7.5000  -15.0000 2672.4705   15.0671
   -7.5000   15.0000  -15.0000 2695.1436   15.3085
    0.0000   15.0000  -15.0000 2712.7415   15.2262
    7.5000   15.0000  -15.0000 2666.8596   15.3030
   -7.5000   22.5000  -15.0000 2680.0056   15.7655
    0.0000   22.5000  -15.0000 2702.2441   15.7163
    7.5000   22.5000  -15.0000 2656.7012   15.8385
   -7.5000   30.0000  -15.0000 2635.0137   16.5577
    0.0000   30.0000  -15.0000 2659.4351   16.4931
    7.5000   30.0000  -15.0000 2607.8748   16.6909
   -7.5000   37.5000  -15.0000 2565.3342   17.6056
    0.0000   37.5000  -15.0000 2584.4814   17.5431
    7.5000   37.5000  -15.0000 2531.6399   17.7743
   -7.5000   45.0000  -15.0000 2458.9971   19.0320
    0.0000   45.0000  -15.0000 2473.8491   18.9705
    7.5000   45.0000  -15.0000 2431.5691   19.1878
   -7.5000  -45.0000   -7.5000 2493.6885   17.3438
    0.0000  -45.0000   -7.5000 2505.8821   17.1725
    7.5000  -45.0000   -7.5000 2495.5356   17.4177
   -7.5000  -37.5000   -7.5000 2541.4541   16.4007
    0.0000  -37.5000   -7.5000 2554.9580   16.1915
    7.5000  -37.5000   -7.5000 2537.6033   16.4460
   -7.5000  -30.0000   -7.5000 2587.1438   15.5650
    0.0000  -30.0000   -7.5000 2608.5129   15.3876
    7.5000  -30.0000   -7.5000 2581.9470   15.6077
   -7.5000  -22.5000   -7.5000 2627.3137   14.9483
    0.0000  -22.5000   -7.5000 2651.2310   14.7917
    7.5000  -22.5000   -7.5000 2631.4099   15.0053
   -7.5000  -15.0000   -7.5000 2668.5559   14.5056
    0.0000  -15.0000   -7.5000 2691.5798   14.3835
    7.5000  -15.0000   -7.5000 2665.8184   14.6114
   -7.5000   -7.5000   -7.5000 2713.9966   14.2102
    0.0000   -7.5000   -7.5000 2738.8608   14.1093
    7.5000   -7.5000   -7.5000 2701.6255   14.2994
   -7.5000    0.0000   -7.5000 2751.9812   14.1143
    0.0000    0.0000   -7.5000 2778.5122   14.0283
    7.5000    0.0000   -7.5000 2739.0532   14.1697
   -7.5000    7.5000   -7.5000 2796.6262   14.2308
    0.0000    7.5000   -7.5000 2818.7654   14.1417
    7.5000    7.5000   -7.5000 2771.4192   14.2730
   -7.5000   15.0000   -7.5000 2804.6489   14.5258
    0.0000   15.0000   -7.5000 2829.4414   14.4411
    7.5000   15.0000   -7.5000 2769.7957   14.5515
   -7.5000   22.5000   -7.5000 2782.7725   14.9878
    0.0000   22.5000   -7.5000 2808.3489   14.8900
    7.5000   22.5000   -7.5000 2749.4165   15.0905
   -7.5000   30.0000   -7.5000 2721.6477   15.6539
    0.0000   30.0000   -7.5000 2743.2607   15.5638
    7.5000   30.0000   -7.5000 2692.9712   15.8424
   -7.5000   37.5000   -7.5000 2636.3220   16.7209
    0.0000   37.5000   -7.5000 2651.7812   16.6179
    7.5000   37.5000   -7.5000 2603.2881   16.8687
   -7.5000   45.0000   -7.5000 2518.3372   18.1424
    0.0000   45.0000   -7.5000 2529.3987   18.0479
    7.5000   45.0000   -7.5000 2490.7485   18.2866
   -7.5000  -45.0000    0.0000 2527.6274   16.7857
    0.0000  -45.0000    0.0000 2543.9866   16.6367
    7.5000  -45.0000    0.0000 2521.6736   16.8946
   -7.5000  -37.5000    0.0000 2569.6631   15.7881
    0.0000  -37.5000    0.0000 2585.7573   15.6047
    7.5000  -37.5000    0.0000 2565.7349   15.8600
   -7.5000  -30.0000    0.0000 2610.0854   14.9510
    0.0000  -30.0000    0.0000 2630.6035   14.7480
    7.5000  -30.0000    0.0000 2608.8398   14.9986
   -7.5000  -22.5000    0.0000 2655.8994   14.3482
    0.0000  -22.5000    0.0000 2673.6243   14.1273
    7.5000  -22.5000    0.0000 2658.0847   14.4189
   -7.5000  -15.0000    0.0000 2706.8726   13.8793
    0.0000  -15.0000    0.0000 2729.1646   13.6996
    7.5000  -15.0000    0.0000 2703.6184   14.0059
   -7.5000   -7.5000    0.0000 2759.4397   13.5839
    0.0000   -7.5000    0.0000 2789.8801   13.4480
    7.5000   -7.5000    0.0000 2750.8511   13.7394
   -7.5000    0.0000    0.0000 2819.9438   13.5110
    0.0000    0.0000    0.0000 2847.3232   13.3828
    7.5000    0.0000    0.0000 2801.4226   13.6221
   -7.5000    7.5000    0.0000 2878.1245   13.6088
    0.0000    7.5000    0.0000 2911.0798   13.4820
    7.5000    7.5000    0.0000 2841.5195   13.6862
   -7.5000   15.0000    0.0000 2900.1404   13.9438
    0.0000   15.0000    0.0000 2936.8203   13.7735
    7.5000   15.0000    0.0000 2855.3137   13.9705
   -7.5000   22.5000    0.0000 2868.4641   14.3887
    0.0000   22.5000    0.0000 2899.1382   14.2131
    7.5000   22.5000    0.0000 2830.4038   14.5029
   -7.5000   30.0000    0.0000 2786.8635   15.0308
    0.0000   30.0000    0.0000 2808.4019   14.9009
    7.5000   30.0000    0.0000 2758.7695   15.2175
   -7.5000   37.5000    0.0000 2678.6707   16.1024
    0.0000   37.5000    0.0000 2699.1333   15.9582
    7.5000   37.5000    0.0000 2658.3250   16.2276
   -7.5000   45.0000    0.0000 2552.0823   17.5418
    0.0000   45.0000    0.0000 2565.4812   17.3733
    7.5000   45.0000    0.0000 2526.8345   17.6282
   -7.5000  -45.0000    7.5000 2536.1318   16.3819
    0.0000  -45.0000    7.5000 2559.1458   16.2437
    7.5000  -45.0000    7.5000 2525.8267   16.5355
   -7.5000  -37.5000    7.5000 2585.1523   15.3560
    0.0000  -37.5000    7.5000 2608.8518   15.1468
    7.5000  -37.5000    7.5000 2578.6045   15.4355
   -7.5000  -30.0000    7.5000 2619.8647   14.5351
    0.0000  -30.0000    7.5000 2642.0012   14.2857
    7.5000  -30.0000    7.5000 2626.0576   14.5908
   -7.5000  -22.5000    7.5000 2668.9246   13.9432
    0.0000  -22.5000    7.5000 2690.2083   13.6733
    7.5000  -22.5000    7.5000 2672.4585   13.9991
   -7.5000  -15.0000    7.5000 2722.9136   13.4787
    0.0000  -15.0000    7.5000 2749.3135   13.2541
    7.5000  -15.0000    7.5000 2720.8853   13.6239
   -7.5000   -7.5000    7.5000 2788.3970   13.2030
    0.0000   -7.5000    7.5000 2813.9856   12.9963
    7.5000   -7.5000    7.5000 2777.5623   13.3913
   -7.5000    0.0000    7.5000 2850.4275   13.1517
    0.0000    0.0000    7.5000 2882.0598   12.9399
    7.5000    0.0000    7.5000 2832.8394   13.3099
   -7.5000    7.5000    7.5000 2917.0044   13.2515
    0.0000    7.5000    7.5000 2958.3372   13.0322
    7.5000    7.5000    7.5000 2876.9976   13.3828
   -7.5000   15.0000    7.5000 2967.1418   13.5605
    0.0000   15.0000    7.5000 3008.3330   13.2492
    7.5000   15.0000    7.5000 2897.2729   13.7013
   -7.5000   22.5000    7.5000 2930.5752   14.1122
    0.0000   22.5000    7.5000 2962.5710   13.8183
    7.5000   22.5000    7.5000 2872.5269   14.2195
   -7.5000   30.0000    7.5000 2828.0876   14.8104
    0.0000   30.0000    7.5000 2852.6379   14.5654
    7.5000   30.0000    7.5000 2795.9370   14.8979
   -7.5000   37.5000    7.5000 2701.5212   15.8612
    0.0000   37.5000    7.5000 2726.4380   15.6089
    7.5000   37.5000    7.5000 2682.5681   15.8716
   -7.5000   45.0000    7.5000 2563.4788   17.2491
    0.0000   45.0000    7.5000 2585.0054   16.9845
    7.5000   45.0000    7.5000 2543.4832   17.2217
   -7.5000  -45.0000   15.0000 2507.4819   16.1656
    0.0000  -45.0000   15.0000 2534.8877   16.0400
    7.5000  -45.0000   15.0000 2502.6062   16.3061
   -7.5000  -37.5000   15.0000 2564.2336   15.1578
    0.0000  -37.5000   15.0000 2592.0222   14.9555
    7.5000  -37.5000   15.0000 2555.0203   15.2652
   -7.5000  -30.0000   15.0000 2610.4121   14.3601
    0.0000  -30.0000   15.0000 2632.9792   14.1400
    7.5000  -30.0000   15.0000 2605.3816   14.4733
   -7.5000  -22.5000   15.0000 2661.4492   13.8233
    0.0000  -22.5000   15.0000 2684.3755   13.5777
    7.5000  -22.5000   15.0000 2655.8442   13.9438
   -7.5000  -15.0000   15.0000 2718.2856   13.4209
    0.0000  -15.0000   15.0000 2740.7271   13.1714
    7.5000  -15.0000   15.0000 2712.1453   13.6089
   -7.5000   -7.5000   15.0000 2788.5256   13.1970
    0.0000   -7.5000   15.0000 2811.3015   12.9254
    7.5000   -7.5000   15.0000 2776.4626   13.3934
   -7.5000    0.0000   15.0000 2849.1904   13.1536
    0.0000    0.0000   15.0000 2872.2405   12.8808
    7.5000    0.0000   15.0000 2829.3843   13.3022
   -7.5000    7.5000   15.0000 2903.7676   13.2828
    0.0000    7.5000   15.0000 2934.4531   12.9915
    7.5000    7.5000   15.0000 2870.2578   13.3858
   -7.5000   15.0000   15.0000 2950.8010   13.6065
    0.0000   15.0000   15.0000 2990.5916   13.3181
    7.5000   15.0000   15.0000 2891.7839   13.6689
   -7.5000   22.5000   15.0000 2913.0708   14.1621
    0.0000   22.5000   15.0000 2948.4932   13.8647
    7.5000   22.5000   15.0000 2864.5818   14.1601
   -7.5000   30.0000   15.0000 2821.5981   14.8254
    0.0000   30.0000   15.0000 2847.2000   14.5728
    7.5000   30.0000   15.0000 2787.5430   14.8299
   -7.5000   37.5000   15.0000 2700.2473   15.8449
    0.0000   37.5000   15.0000 2721.7888   15.6120
    7.5000   37.5000   15.0000 2677.4502   15.8252
   -7.5000   45.0000   15.0000 2552.4143   17.1861
    0.0000   45.0000   15.0000 2572.5300   16.9652
    7.5000   45.0000   15.0000 2538.4294   17.1256
   -7.5000  -45.0000   22.5000 2477.0283   16.2916
    0.0000  -45.0000   22.5000 2501.1045   16.1687
    7.5000  -45.0000   22.5000 2468.9829   16.5048
   -7.5000  -37.5000   22.5000 2543.1667   15.2751
    0.0000  -37.5000   22.5000 2563.5732   15.0428
    7.5000  -37.5000   22.5000 2532.5256   15.4694
   -7.5000  -30.0000   22.5000 2597.3823   14.4860
    0.0000  -30.0000   22.5000 2619.3171   14.2694
    7.5000  -30.0000   22.5000 2583.2358   14.6671
   -7.5000  -22.5000   22.5000 2649.3650   14.0034
    0.0000  -22.5000   22.5000 2670.5500   13.7669
    7.5000  -22.5000   22.5000 2634.8838   14.1406
   -7.5000  -15.0000   22.5000 2709.3660   13.6798
    0.0000  -15.0000   22.5000 2730.7053   13.4401
    7.5000  -15.0000   22.5000 2692.9119   13.7961
   -7.5000   -7.5000   22.5000 2774.1611   13.4819
    0.0000   -7.5000   22.5000 2789.7908   13.2459
    7.5000   -7.5000   22.5000 2745.5415   13.6013
   -7.5000    0.0000   22.5000 2819.1328   13.4119
    0.0000    0.0000   22.5000 2838.0513   13.1840
    7.5000    0.0000   22.5000 2793.4543   13.5247
   -7.5000    7.5000   22.5000 2862.5923   13.5365
    0.0000    7.5000   22.5000 2885.3342   13.3315
    7.5000    7.5000   22.5000 2827.9316   13.6451
   -7.5000   15.0000   22.5000 2885.1514   13.8585
    0.0000   15.0000   22.5000 2908.4045   13.6922
    7.5000   15.0000   22.5000 2839.6440   13.9210
   -7.5000   22.5000   22.5000 2844.2295   14.4278
    0.0000   22.5000   22.5000 2871.0017   14.2681
    7.5000   22.5000   22.5000 2809.0830   14.4257
   -7.5000   30.0000   22.5000 2763.7148   15.0763
    0.0000   30.0000   22.5000 2786.3357   14.9275
    7.5000   30.0000   22.5000 2738.2639   15.0699
   -7.5000   37.5000   22.5000 2659.9028   16.0059
    0.0000   37.5000   22.5000 2680.4673   15.8796
    7.5000   37.5000   22.5000 2637.0049   16.0496
   -7.5000   45.0000   22.5000 2522.7991   17.3397
    0.0000   45.0000   22.5000 2545.1350   17.1848
    7.5000   45.0000   22.5000 2508.3711   17.3564
   -7.5000  -45.0000   30.0000 2436.5859   16.7074
    0.0000  -45.0000   30.0000 2463.7759   16.5228
    7.5000  -45.0000   30.0000 2435.6472   16.9034
   -7.5000  -37.5000   30.0000 2501.8538   15.7096
    0.0000  -37.5000   30.0000 2520.8984   15.4833
    7.5000  -37.5000   30.0000 2491.5571   15.8957
   -7.5000  -30.0000   30.0000 2560.3152   14.9858
    0.0000  -30.0000   30.0000 2582.7756   14.7829
    7.5000  -30.0000   30.0000 2540.1328   15.1306
   -7.5000  -22.5000   30.0000 2618.3862   14.5520
    0.0000  -22.5000   30.0000 2639.3911   14.3112
    7.5000  -22.5000   30.0000 2598.0588   14.6616
   -7.5000  -15.0000   30.0000 2677.9827   14.2063
    0.0000  -15.0000   30.0000 2696.5706   14.0060
    7.5000  -15.0000   30.0000 2654.4575   14.3185
   -7.5000   -7.5000   30.0000 2731.5747   14.0067
    0.0000   -7.5000   30.0000 2745.6206   13.7754
    7.5000   -7.5000   30.0000 2701.8762   14.1265
   -7.5000    0.0000   30.0000 2770.6548   13.9512
    0.0000    0.0000   30.0000 2788.8469   13.7325
    7.5000    0.0000   30.0000 2741.1660   14.0672
   -7.5000    7.5000   30.0000 2800.0984   14.0723
    0.0000    7.5000   30.0000 2817.9358   13.8726
    7.5000    7.5000   30.0000 2765.2500   14.1600
   -7.5000   15.0000   30.0000 2799.6426   14.3641
    0.0000   15.0000   30.0000 2822.6326   14.1859
    7.5000   15.0000   30.0000 2767.0505   14.4327
   -7.5000   22.5000   30.0000 2752.8745   14.9244
    0.0000   22.5000   30.0000 2778.9187   14.7400
    7.5000   22.5000   30.0000 2727.3198   14.9329
   -7.5000   30.0000   30.0000 2681.7085   15.5785
    0.0000   30.0000   30.0000 2702.4666   15.4004
    7.5000   30.0000   30.0000 2665.1274   15.5648
   -7.5000   37.5000   30.0000 2585.0457   16.5129
    0.0000   37.5000   30.0000 2608.8074   16.3726
    7.5000   37.5000   30.0000 2570.9500   16.5267
   -7.5000   45.0000   30.0000 2468.8921   17.8149
    0.0000   45.0000   30.0000 2492.8728   17.6821
    7.5000   45.0000   30.0000 2455.1406   17.8300
   -7.5000  -45.0000   37.5000 2392.6880   17.4707
    0.0000  -45.0000   37.5000 2412.2595   17.3295
    7.5000  -45.0000   37.5000 2386.2458   17.6875
   -7.5000  -37.5000   37.5000 2459.2295   16.4631
    0.0000  -37.5000   37.5000 2471.8352   16.2548
    7.5000  -37.5000   37.5000 2443.0874   16.5960
   -7.5000  -30.0000   37.5000 2512.7319   15.7037
    0.0000  -30.0000   37.5000 2535.8918   15.5484
    7.5000  -30.0000   37.5000 2491.5332   15.8345
   -7.5000  -22.5000   37.5000 2573.6567   15.2514
    0.0000  -22.5000   37.5000 2593.4199   15.0423
    7.5000  -22.5000   37.5000 2549.9614   15.3527
   -7.5000  -15.0000   37.5000 2627.7283   14.8988
    0.0000  -15.0000   37.5000 2644.7524   14.7285
    7.5000  -15.0000   37.5000 2598.0825   15.0203
   -7.5000   -7.5000   37.5000 2672.5913   14.7060
    0.0000   -7.5000   37.5000 2691.3101   14.5408
    7.5000   -7.5000   37.5000 2643.1375   14.8561
   -7.5000    0.0000   37.5000 2703.0632   14.6865
    0.0000    0.0000   37.5000 2719.1108   14.5110
    7.5000    0.0000   37.5000 2670.2434   14.8069
   -7.5000    7.5000   37.5000 2716.7053   14.8083
    0.0000    7.5000   37.5000 2727.5752   14.6542
    7.5000    7.5000   37.5000 2685.4565   14.9249
   -7.5000   15.0000   37.5000 2705.3701   15.1128
    0.0000   15.0000   37.5000 2721.6292   14.9512
    7.5000   15.0000   37.5000 2680.5818   15.1992
   -7.5000   22.5000   37.5000 2663.8225   15.6298
    0.0000   22.5000   37.5000 2687.0522   15.4725
    7.5000   22.5000   37.5000 2639.0708   15.7059
   -7.5000   30.0000   37.5000 2589.5527   16.2706
    0.0000   30.0000   37.5000 2610.6130   16.1232
    7.5000   30.0000   37.5000 2574.2188   16.3639
   -7.5000   37.5000   37.5000 2503.8445   17.2119
    0.0000   37.5000   37.5000 2522.3857   17.0712
    7.5000   37.5000   37.5000 2487.2241   17.2736
   -7.5000   45.0000   37.5000 2398.0554   18.4991
    0.0000   45.0000   37.5000 2414.0159   18.3417
    7.5000   45.0000   37.5000 2380.4399   18.5628
   -7.5000  -45.0000   45.0000 2329.8518   18.5171
    0.0000  -45.0000   45.0000 2342.2961   18.3691
    7.5000  -45.0000   45.0000 2314.7629   18.6726
   -7.5000  -37.5000   45.0000 2392.7793   17.3801
    0.0000  -37.5000   45.0000 2406.3066   17.2101
    7.5000  -37.5000   45.0000 2373.9641   17.4760
   -7.5000  -30.0000   45.0000 2445.7749   16.6356
    0.0000  -30.0000   45.0000 2468.4321   16.4751
    7.5000  -30.0000   45.0000 2425.6270   16.7212
   -7.5000  -22.5000   45.0000 2504.9763   16.1595
    0.0000  -22.5000   45.0000 2522.3206   15.9969
    7.5000  -22.5000   45.0000 2479.8516   16.2544
   -7.5000  -15.0000   45.0000 2550.6038   15.8010
    0.0000  -15.0000   45.0000 2564.8530   15.6772
    7.5000  -15.0000   45.0000 2523.8555   15.9254
   -7.5000   -7.5000   45.0000 2591.6599   15.6341
    0.0000   -7.5000   45.0000 2610.2585   15.5130
    7.5000   -7.5000   45.0000 2564.7815   15.7887
   -7.5000    0.0000   45.0000 2606.8250   15.6212
    0.0000    0.0000   45.0000 2622.4177   15.4809
    7.5000    0.0000   45.0000 2577.9629   15.7478
   -7.5000    7.5000   45.0000 2608.6953   15.7677
    0.0000    7.5000   45.0000 2620.7798   15.6550
    7.5000    7.5000   45.0000 2582.7222   15.8927
   -7.5000   15.0000   45.0000 2589.5398   16.1381
    0.0000   15.0000   45.0000 2601.4690   15.9974
    7.5000   15.0000   45.0000 2570.1812   16.2141
   -7.5000   22.5000   45.0000 2559.4634   16.6404
    0.0000   22.5000   45.0000 2578.7029   16.5061
    7.5000   22.5000   45.0000 2536.9556   16.7433
   -7.5000   30.0000   45.0000 2497.2134   17.2586
    0.0000   30.0000   45.0000 2518.2791   17.1574
    7.5000   30.0000   45.0000 2483.6902   17.4198
   -7.5000   37.5000   45.0000 2413.8599   18.1700
    0.0000   37.5000   45.0000 2429.2134   18.0563
    7.5000   37.5000   45.0000 2398.8735   18.2592
   -7.5000   45.0000   45.0000 2321.0173   19.4280
    0.0000   45.0000   45.0000 2330.4692   19.2767
    7.5000   45.0000   45.0000 2299.7773   19.4900

---------------------------------------------------------------------
imgreg_4dfp /opt/freesurfer/average/711-2C_as_mni_average_305 /opt/freesurfer/average/711-2B_as_mni_average_305_mask talsrcimg_g11 none talsrcimg_to_711-2C_as_mni_average_305_t4 1283
---------------------------------------------------------------------

freesurfer imgreg_4dfp.c
/opt/freesurfer/average/711-2C_as_mni_average_305.4dfp.img
       256       256       256         1
  1.000000  1.000000  1.000000
orientation T byte_order littleendian
Reading image: /opt/freesurfer/average/711-2C_as_mni_average_305.4dfp.img
dimensions:      256       256       256
mmppix:       1.0000   -1.0000   -1.0000
center:     128.0000 -129.0000 -129.0000
/opt/freesurfer/average/711-2B_as_mni_average_305_mask.4dfp.img
       256       256       256         1
  1.000000  1.000000  1.000000
orientation T byte_order littleendian
Reading mask: /opt/freesurfer/average/711-2B_as_mni_average_305_mask.4dfp.img (2306576 pixels)
talsrcimg_g11.4dfp.img
       256       256       256         1
  1.000000  1.000000  1.000000
orientation T byte_order littleendian
Reading image: talsrcimg_g11.4dfp.img
dimensions:      256       256       256
mmppix:       1.0000   -1.0000   -1.0000
center:     128.0000 -129.0000 -129.0000
rotation matrix determinant  1.000000
fimgreg.f
image alignment mode   1283 decimal      503 hex
parameters
    0.0000   15.0000    7.5000    0.0000    0.0000    0.0000
eta,q 0.94378 13.28560
niter,ni,del,rscale     5    3   12.0000    1.2000
parameter  4 -0.546070 -> -0.500000 qaram    1.1500
parameters
   -1.6653   15.8423    8.8856    3.4500    1.5846   -0.3902
eta,q 0.94820 13.28732
  0.0651  0.0703  0.0680  0.0643  0.0640  0.0576
  0.0580  0.0628  0.0608  0.0614  0.0588  0.0541
  0.0543  0.0565  0.0562  0.0580  0.0549  0.0521
  0.0560  0.0539  0.0536  0.0539  0.0523  0.0518
  0.0631  0.0547  0.0542  0.0522  0.0519  0.0528
  0.0724  0.0583  0.0565  0.0525  0.0530  0.0555
  0.0838  0.0629  0.0583  0.0546  0.0563  0.0590
niter,ni,del,rscale     5    3   12.0000    1.2000
parameters
   -2.1847   15.3441    9.9936    3.3763    1.7382   -0.4694
eta,q 0.94872 13.23275
  0.0682  0.0627  0.0629  0.0612  0.0610  0.0588
  0.0596  0.0561  0.0574  0.0569  0.0562  0.0546
  0.0537  0.0524  0.0536  0.0527  0.0526  0.0520
  0.0518  0.0518  0.0516  0.0513  0.0513  0.0513
  0.0555  0.0538  0.0514  0.0531  0.0523  0.0521
  0.0644  0.0586  0.0531  0.0571  0.0554  0.0551
  0.0748  0.0675  0.0569  0.0616  0.0602  0.0590
niter,ni,del,rscale     4    3   12.0000    1.2000
parameters
   -2.3286   15.4582    9.9328    3.3472    1.8209   -0.5101
eta,q 0.94871 13.23345
  0.0706  0.0656  0.0596  0.0613  0.0608  0.0588
  0.0608  0.0582  0.0550  0.0571  0.0559  0.0547
  0.0539  0.0533  0.0523  0.0528  0.0525  0.0521
  0.0513  0.0513  0.0513  0.0513  0.0513  0.0513
  0.0538  0.0526  0.0521  0.0530  0.0524  0.0521
  0.0622  0.0568  0.0549  0.0570  0.0555  0.0549
  0.0727  0.0651  0.0604  0.0616  0.0603  0.0590
niter,ni,del,rscale     3    3   12.0000    1.2000
parameters
   -2.3612   15.4619    9.9164    3.3448    1.8427   -0.5193
eta,q 0.94870 13.23339
  0.0713  0.0651  0.0597  0.0613  0.0607  0.0589
  0.0614  0.0578  0.0551  0.0572  0.0558  0.0547
  0.0542  0.0530  0.0524  0.0528  0.0524  0.0521
  0.0513  0.0513  0.0513  0.0513  0.0513  0.0513
  0.0535  0.0528  0.0521  0.0529  0.0524  0.0520
  0.0616  0.0571  0.0547  0.0569  0.0557  0.0549
  0.0721  0.0656  0.0602  0.0615  0.0605  0.0589
registration optimization eta report
parameter search radius
    6.0000    6.0000    6.0000    6.9000    6.0000    6.0000
100000*second partial in parameter space
       56.       39.       24.       21.       26.       21.
  0.0713  0.0651  0.0597  0.0613  0.0607  0.0589
  0.0614  0.0578  0.0551  0.0572  0.0558  0.0547
  0.0542  0.0530  0.0524  0.0528  0.0524  0.0521
  0.0513  0.0513  0.0513  0.0513  0.0513  0.0513
  0.0535  0.0528  0.0521  0.0529  0.0524  0.0520
  0.0616  0.0571  0.0547  0.0569  0.0557  0.0549
  0.0721  0.0656  0.0602  0.0615  0.0605  0.0589
   -2.3612   15.4619    9.9164    3.3448    1.8427   -0.5193
eta,q 0.94870 13.23339

---------------------------------------------------------------------
imgreg_4dfp /opt/freesurfer/average/711-2C_as_mni_average_305 /opt/freesurfer/average/711-2B_as_mni_average_305_mask talsrcimg_g11 none talsrcimg_to_711-2C_as_mni_average_305_t4 3335
---------------------------------------------------------------------

freesurfer imgreg_4dfp.c
/opt/freesurfer/average/711-2C_as_mni_average_305.4dfp.img
       256       256       256         1
  1.000000  1.000000  1.000000
orientation T byte_order littleendian
Reading image: /opt/freesurfer/average/711-2C_as_mni_average_305.4dfp.img
dimensions:      256       256       256
mmppix:       1.0000   -1.0000   -1.0000
center:     128.0000 -129.0000 -129.0000
/opt/freesurfer/average/711-2B_as_mni_average_305_mask.4dfp.img
       256       256       256         1
  1.000000  1.000000  1.000000
orientation T byte_order littleendian
Reading mask: /opt/freesurfer/average/711-2B_as_mni_average_305_mask.4dfp.img (2306576 pixels)
talsrcimg_g11.4dfp.img
       256       256       256         1
  1.000000  1.000000  1.000000
orientation T byte_order littleendian
Reading image: talsrcimg_g11.4dfp.img
dimensions:      256       256       256
mmppix:       1.0000   -1.0000   -1.0000
center:     128.0000 -129.0000 -129.0000
fimgreg.f
image alignment mode   3335 decimal      D07 hex
parameters
   -2.3612   15.4619    9.9164   -0.0558   -0.1728   -0.2220
    0.7173   -3.2628   -0.9059   -5.8051    3.2155    5.8315
eta,q 0.95113 13.26920
niter,ni,del,rscale     5    3    5.0000    1.2000
parameter  4  1.887913 ->  0.500000 qaram    1.1500
parameter  5  1.555325 ->  0.500000 qaram    1.1500
parameter  6  1.521667 ->  0.500000 qaram    1.1500
parameters
   -2.5214   15.4243    9.9229   -4.1958   -4.3128   -4.3620
    1.3700   -2.8307    2.2309   -7.1138    1.6761    4.4007
eta,q 0.96823 12.82926
  0.0521  0.0514  0.0504  0.0410  0.0383  0.0313  0.0368  0.0401  0.0368  0.0349  0.0334  0.0332
  0.0503  0.0501  0.0496  0.0429  0.0394  0.0320  0.0348  0.0366  0.0350  0.0330  0.0324  0.0323
  0.0492  0.0492  0.0491  0.0455  0.0411  0.0352  0.0333  0.0340  0.0335  0.0320  0.0319  0.0318
  0.0489  0.0489  0.0489  0.0489  0.0435  0.0398  0.0326  0.0326  0.0325  0.0321  0.0319  0.0318
  0.0495  0.0491  0.0489  0.0531  0.0465  0.0447  0.0328  0.0331  0.0321  0.0332  0.0326  0.0324
  0.0509  0.0501  0.0494  0.0577  0.0500  0.0506  0.0338  0.0353  0.0322  0.0352  0.0339  0.0335
  0.0531  0.0517  0.0505  0.0626  0.0539  0.0566  0.0356  0.0388  0.0329  0.0378  0.0357  0.0351
niter,ni,del,rscale     7    3    5.0000    1.2000
parameter  4  0.622642 ->  0.500000 qaram    1.3225
parameter  5  0.545206 ->  0.500000 qaram    1.3225
parameters
   -2.7080   15.5070    9.4997   -8.9568   -9.0738   -8.2421
    0.5559   -2.9880    2.4131   -7.2186    0.1863    6.0132
eta,q 0.97190 12.34736
  0.0360  0.0350  0.0339  0.0303  0.0294  0.0292  0.0308  0.0332  0.0304  0.0316  0.0291  0.0309
  0.0335  0.0333  0.0324  0.0297  0.0287  0.0286  0.0293  0.0303  0.0293  0.0297  0.0285  0.0297
  0.0320  0.0322  0.0317  0.0300  0.0288  0.0283  0.0285  0.0287  0.0286  0.0286  0.0282  0.0288
  0.0318  0.0317  0.0317  0.0316  0.0297  0.0286  0.0284  0.0283  0.0283  0.0283  0.0283  0.0282
  0.0327  0.0320  0.0326  0.0348  0.0314  0.0320  0.0290  0.0291  0.0286  0.0289  0.0286  0.0281
  0.0346  0.0330  0.0341  0.0392  0.0340  0.0371  0.0303  0.0307  0.0292  0.0300  0.0293  0.0285
  0.0374  0.0347  0.0361  0.0445  0.0372  0.0433  0.0321  0.0334  0.0302  0.0316  0.0302  0.0293
niter,ni,del,rscale     7    3    5.0000    1.2000
parameters
   -2.5896   15.6804    9.5749   -9.8784   -9.1623   -9.5716
    0.3722   -2.9773    2.7483   -7.3184   -0.4557    6.1533
eta,q 0.97180 12.21204
  0.0325  0.0316  0.0303  0.0313  0.0320  0.0309  0.0312  0.0332  0.0304  0.0317  0.0293  0.0301
  0.0302  0.0298  0.0291  0.0295  0.0301  0.0293  0.0295  0.0303  0.0293  0.0297  0.0286  0.0291
  0.0287  0.0286  0.0284  0.0285  0.0287  0.0284  0.0285  0.0286  0.0285  0.0285  0.0283  0.0285
  0.0281  0.0281  0.0281  0.0281  0.0281  0.0281  0.0282  0.0282  0.0282  0.0282  0.0282  0.0282
  0.0284  0.0283  0.0283  0.0284  0.0286  0.0283  0.0287  0.0289  0.0284  0.0288  0.0285  0.0284
  0.0296  0.0292  0.0289  0.0301  0.0300  0.0306  0.0298  0.0305  0.0290  0.0300  0.0290  0.0290
  0.0317  0.0307  0.0300  0.0337  0.0323  0.0352  0.0315  0.0329  0.0300  0.0317  0.0298  0.0300
niter,ni,del,rscale     6    3    5.0000    1.2000
parameters
   -2.5801   15.7388    9.4568   -9.9609   -9.1281   -9.8249
    0.3475   -2.9745    2.9464   -7.2753   -0.5849    6.0662
eta,q 0.97178 12.19450
  0.0322  0.0313  0.0300  0.0318  0.0321  0.0317  0.0314  0.0333  0.0303  0.0318  0.0295  0.0300
  0.0300  0.0296  0.0290  0.0299  0.0302  0.0298  0.0296  0.0303  0.0292  0.0298  0.0288  0.0290
  0.0286  0.0286  0.0284  0.0286  0.0288  0.0287  0.0285  0.0286  0.0285  0.0286  0.0283  0.0284
  0.0282  0.0282  0.0282  0.0282  0.0282  0.0282  0.0282  0.0282  0.0282  0.0282  0.0282  0.0282
  0.0286  0.0285  0.0285  0.0283  0.0286  0.0282  0.0286  0.0290  0.0284  0.0288  0.0284  0.0285
  0.0299  0.0295  0.0292  0.0295  0.0299  0.0293  0.0297  0.0306  0.0291  0.0299  0.0289  0.0291
  0.0321  0.0310  0.0304  0.0324  0.0322  0.0331  0.0314  0.0329  0.0301  0.0316  0.0296  0.0301
niter,ni,del,rscale     5    3    5.0000    1.2000
parameters
   -2.5831   15.7698    9.3968   -9.9822   -9.0953   -9.8647
    0.3375   -2.9782    3.0082   -7.2274   -0.6267    6.0011
eta,q 0.97178 12.19283
  0.0321  0.0313  0.0301  0.0319  0.0321  0.0319  0.0314  0.0333  0.0303  0.0318  0.0296  0.0301
  0.0300  0.0296  0.0290  0.0299  0.0302  0.0299  0.0296  0.0303  0.0292  0.0298  0.0288  0.0291
  0.0286  0.0285  0.0284  0.0287  0.0288  0.0287  0.0286  0.0286  0.0285  0.0286  0.0284  0.0284
  0.0282  0.0282  0.0282  0.0282  0.0282  0.0282  0.0282  0.0282  0.0282  0.0282  0.0282  0.0282
  0.0287  0.0286  0.0285  0.0283  0.0286  0.0282  0.0286  0.0290  0.0285  0.0287  0.0284  0.0285
  0.0300  0.0295  0.0292  0.0295  0.0300  0.0291  0.0297  0.0306  0.0291  0.0299  0.0289  0.0291
  0.0321  0.0311  0.0303  0.0323  0.0322  0.0328  0.0313  0.0330  0.0302  0.0315  0.0296  0.0301
niter,ni,del,rscale     4    3    5.0000    1.2000
parameters
   -2.5853   15.7832    9.3787   -9.9879   -9.0861   -9.8708
    0.3369   -2.9834    3.0350   -7.2047   -0.6440    5.9770
eta,q 0.97177 12.19265
  0.0321  0.0312  0.0301  0.0319  0.0320  0.0319  0.0314  0.0333  0.0302  0.0318  0.0296  0.0301
  0.0300  0.0296  0.0291  0.0299  0.0302  0.0300  0.0296  0.0303  0.0291  0.0298  0.0288  0.0291
  0.0286  0.0285  0.0284  0.0287  0.0288  0.0287  0.0286  0.0286  0.0284  0.0286  0.0284  0.0285
  0.0282  0.0282  0.0282  0.0282  0.0282  0.0282  0.0282  0.0282  0.0282  0.0282  0.0282  0.0282
  0.0287  0.0286  0.0284  0.0283  0.0286  0.0282  0.0286  0.0290  0.0285  0.0288  0.0284  0.0285
  0.0300  0.0296  0.0291  0.0295  0.0300  0.0291  0.0297  0.0306  0.0291  0.0299  0.0289  0.0291
  0.0321  0.0311  0.0302  0.0323  0.0322  0.0327  0.0313  0.0330  0.0302  0.0316  0.0296  0.0301
registration optimization eta report
parameter search radius
    2.4000    2.4000    2.4000    9.5220    9.5220    8.2800
    7.2000    7.2000    7.2000    7.2000    7.2000    7.2000
100000*second partial in parameter space
       68.       51.       34.        4.        4.        6.
        6.        9.        4.        7.        3.        4.
  0.0321  0.0312  0.0301  0.0319  0.0320  0.0319  0.0314  0.0333  0.0302  0.0318  0.0296  0.0301
  0.0300  0.0296  0.0291  0.0299  0.0302  0.0300  0.0296  0.0303  0.0291  0.0298  0.0288  0.0291
  0.0286  0.0285  0.0284  0.0287  0.0288  0.0287  0.0286  0.0286  0.0284  0.0286  0.0284  0.0285
  0.0282  0.0282  0.0282  0.0282  0.0282  0.0282  0.0282  0.0282  0.0282  0.0282  0.0282  0.0282
  0.0287  0.0286  0.0284  0.0283  0.0286  0.0282  0.0286  0.0290  0.0285  0.0288  0.0284  0.0285
  0.0300  0.0296  0.0291  0.0295  0.0300  0.0291  0.0297  0.0306  0.0291  0.0299  0.0289  0.0291
  0.0321  0.0311  0.0302  0.0323  0.0322  0.0327  0.0313  0.0330  0.0302  0.0316  0.0296  0.0301
   -2.5853   15.7832    9.3787   -9.9879   -9.0861   -9.8708
    0.3369   -2.9834    3.0350   -7.2047   -0.6440    5.9770
eta,q 0.97177 12.19265

---------------------------------------------------------------------
imgreg_4dfp /opt/freesurfer/average/711-2C_as_mni_average_305 /opt/freesurfer/average/711-2B_as_mni_average_305_mask talsrcimg_g11 none talsrcimg_to_711-2C_as_mni_average_305_t4 2311
---------------------------------------------------------------------

freesurfer imgreg_4dfp.c
/opt/freesurfer/average/711-2C_as_mni_average_305.4dfp.img
       256       256       256         1
  1.000000  1.000000  1.000000
orientation T byte_order littleendian
Reading image: /opt/freesurfer/average/711-2C_as_mni_average_305.4dfp.img
dimensions:      256       256       256
mmppix:       1.0000   -1.0000   -1.0000
center:     128.0000 -129.0000 -129.0000
/opt/freesurfer/average/711-2B_as_mni_average_305_mask.4dfp.img
       256       256       256         1
  1.000000  1.000000  1.000000
orientation T byte_order littleendian
Reading mask: /opt/freesurfer/average/711-2B_as_mni_average_305_mask.4dfp.img (2306576 pixels)
talsrcimg_g11.4dfp.img
       256       256       256         1
  1.000000  1.000000  1.000000
orientation T byte_order littleendian
Reading image: talsrcimg_g11.4dfp.img
dimensions:      256       256       256
mmppix:       1.0000   -1.0000   -1.0000
center:     128.0000 -129.0000 -129.0000
fimgreg.f
image alignment mode   2311 decimal      907 hex
parameters
   -2.5853   15.7832    9.3787   -9.9879   -9.0861   -9.8708
    0.3369   -2.9834    3.0350   -7.2047   -0.6440    5.9770
eta,q 0.97177 12.19264
niter,ni,del,rscale     5    3    5.0000    0.8000
parameters
   -2.5950   15.7619    9.3856   -9.2176   -8.7998   -8.5085
    0.3995   -3.0165    3.0176   -7.2959   -0.2225    5.7905
eta,q 0.97190 12.33082
  0.0300  0.0295  0.0291  0.0292  0.0294  0.0296  0.0297  0.0306  0.0291  0.0297  0.0289  0.0289
  0.0290  0.0288  0.0286  0.0287  0.0288  0.0289  0.0288  0.0291  0.0285  0.0288  0.0284  0.0285
  0.0284  0.0284  0.0283  0.0284  0.0284  0.0285  0.0283  0.0283  0.0282  0.0282  0.0282  0.0282
  0.0282  0.0282  0.0282  0.0282  0.0282  0.0282  0.0281  0.0281  0.0281  0.0281  0.0281  0.0281
  0.0284  0.0284  0.0283  0.0282  0.0283  0.0281  0.0283  0.0285  0.0282  0.0283  0.0282  0.0282
  0.0290  0.0289  0.0286  0.0284  0.0286  0.0281  0.0288  0.0293  0.0285  0.0289  0.0283  0.0286
  0.0300  0.0296  0.0291  0.0287  0.0292  0.0286  0.0296  0.0305  0.0290  0.0297  0.0286  0.0291
niter,ni,del,rscale     4    3    5.0000    0.7000
parameters
   -2.5868   15.6991    9.5400   -8.9100   -8.8789   -8.3893
    0.3876   -3.0426    2.8489   -7.4201   -0.0894    5.9211
eta,q 0.97194 12.34825
  0.0295  0.0291  0.0289  0.0288  0.0289  0.0289  0.0292  0.0300  0.0288  0.0293  0.0286  0.0288
  0.0287  0.0285  0.0285  0.0284  0.0285  0.0285  0.0286  0.0288  0.0284  0.0286  0.0283  0.0284
  0.0283  0.0282  0.0282  0.0282  0.0282  0.0282  0.0282  0.0282  0.0281  0.0282  0.0281  0.0282
  0.0281  0.0281  0.0281  0.0281  0.0281  0.0281  0.0281  0.0281  0.0281  0.0281  0.0281  0.0281
  0.0283  0.0283  0.0281  0.0281  0.0282  0.0281  0.0282  0.0284  0.0282  0.0283  0.0281  0.0281
  0.0287  0.0286  0.0283  0.0282  0.0285  0.0282  0.0286  0.0290  0.0284  0.0287  0.0283  0.0284
  0.0295  0.0292  0.0286  0.0286  0.0290  0.0290  0.0292  0.0299  0.0289  0.0294  0.0285  0.0287
niter,ni,del,rscale     3    3    5.0000    0.6000
parameters
   -2.5811   15.6538    9.5688   -8.8176   -8.8987   -8.1337
    0.4107   -3.0366    2.7881   -7.4822    0.0278    5.9745
eta,q 0.97196 12.36631
  0.0291  0.0288  0.0286  0.0285  0.0287  0.0287  0.0289  0.0295  0.0286  0.0290  0.0284  0.0286
  0.0285  0.0284  0.0283  0.0283  0.0284  0.0284  0.0284  0.0287  0.0283  0.0284  0.0282  0.0283
  0.0282  0.0281  0.0281  0.0281  0.0281  0.0282  0.0281  0.0282  0.0281  0.0281  0.0281  0.0281
  0.0281  0.0281  0.0281  0.0281  0.0281  0.0281  0.0280  0.0280  0.0280  0.0280  0.0280  0.0280
  0.0282  0.0282  0.0281  0.0281  0.0281  0.0280  0.0281  0.0282  0.0281  0.0282  0.0281  0.0281
  0.0285  0.0285  0.0283  0.0282  0.0284  0.0281  0.0284  0.0287  0.0283  0.0285  0.0282  0.0283
  0.0291  0.0289  0.0286  0.0285  0.0287  0.0286  0.0289  0.0294  0.0286  0.0290  0.0284  0.0286
niter,ni,del,rscale     2    3    5.0000    0.5000
parameters
   -2.5821   15.6249    9.5857   -8.6611   -8.9038   -7.9116
    0.4363   -3.0288    2.7319   -7.5326    0.1865    6.0197
eta,q 0.97197 12.38664
  0.0288  0.0286  0.0284  0.0284  0.0285  0.0284  0.0286  0.0291  0.0284  0.0287  0.0283  0.0284
  0.0284  0.0283  0.0282  0.0282  0.0283  0.0282  0.0283  0.0285  0.0282  0.0283  0.0282  0.0282
  0.0281  0.0281  0.0281  0.0281  0.0281  0.0281  0.0281  0.0281  0.0281  0.0281  0.0281  0.0281
  0.0280  0.0280  0.0280  0.0280  0.0280  0.0280  0.0280  0.0280  0.0280  0.0280  0.0280  0.0280
  0.0281  0.0281  0.0281  0.0280  0.0281  0.0280  0.0281  0.0282  0.0281  0.0281  0.0281  0.0281
  0.0284  0.0283  0.0282  0.0281  0.0283  0.0281  0.0283  0.0285  0.0282  0.0284  0.0281  0.0282
  0.0288  0.0286  0.0284  0.0283  0.0285  0.0284  0.0286  0.0290  0.0284  0.0287  0.0283  0.0284
niter,ni,del,rscale     1    3    5.0000    0.4000
parameters
   -2.5839   15.6000    9.5966   -8.4996   -8.9021   -7.6793
    0.4553   -2.9885    2.6661   -7.5769    0.3669    6.0335
eta,q 0.97198 12.40792
  0.0285  0.0284  0.0283  0.0283  0.0283  0.0283  0.0284  0.0287  0.0283  0.0284  0.0282  0.0283
  0.0282  0.0282  0.0281  0.0281  0.0282  0.0282  0.0282  0.0283  0.0281  0.0282  0.0281  0.0281
  0.0281  0.0281  0.0281  0.0281  0.0281  0.0281  0.0281  0.0281  0.0280  0.0281  0.0281  0.0281
  0.0280  0.0280  0.0280  0.0280  0.0280  0.0280  0.0280  0.0280  0.0280  0.0280  0.0280  0.0280
  0.0281  0.0281  0.0281  0.0280  0.0281  0.0280  0.0281  0.0281  0.0281  0.0281  0.0280  0.0280
  0.0282  0.0282  0.0281  0.0281  0.0282  0.0281  0.0282  0.0283  0.0282  0.0282  0.0281  0.0281
  0.0285  0.0284  0.0283  0.0282  0.0283  0.0282  0.0284  0.0287  0.0283  0.0285  0.0282  0.0283
registration optimization eta report
parameter search radius
    0.8000    0.8000    0.8000    2.4000    2.4000    2.4000
    2.4000    2.4000    2.4000    2.4000    2.4000    2.4000
100000*second partial in parameter space
       74.       57.       36.        4.        5.        4.
        7.       12.        4.        7.        3.        4.
  0.0285  0.0284  0.0283  0.0283  0.0283  0.0283  0.0284  0.0287  0.0283  0.0284  0.0282  0.0283
  0.0282  0.0282  0.0281  0.0281  0.0282  0.0282  0.0282  0.0283  0.0281  0.0282  0.0281  0.0281
  0.0281  0.0281  0.0281  0.0281  0.0281  0.0281  0.0281  0.0281  0.0280  0.0281  0.0281  0.0281
  0.0280  0.0280  0.0280  0.0280  0.0280  0.0280  0.0280  0.0280  0.0280  0.0280  0.0280  0.0280
  0.0281  0.0281  0.0281  0.0280  0.0281  0.0280  0.0281  0.0281  0.0281  0.0281  0.0280  0.0280
  0.0282  0.0282  0.0281  0.0281  0.0282  0.0281  0.0282  0.0283  0.0282  0.0282  0.0281  0.0281
  0.0285  0.0284  0.0283  0.0282  0.0283  0.0282  0.0284  0.0287  0.0283  0.0285  0.0282  0.0283
   -2.5839   15.6000    9.5966   -8.4996   -8.9021   -7.6793
    0.4553   -2.9885    2.6661   -7.5769    0.3669    6.0335
eta,q 0.97198 12.40792

---------------------------------------------------------------------
imgreg_4dfp /opt/freesurfer/average/711-2C_as_mni_average_305 /opt/freesurfer/average/711-2B_as_mni_average_305_mask talsrcimg_g11 none talsrcimg_to_711-2C_as_mni_average_305_t4 2311
---------------------------------------------------------------------

freesurfer imgreg_4dfp.c
/opt/freesurfer/average/711-2C_as_mni_average_305.4dfp.img
       256       256       256         1
  1.000000  1.000000  1.000000
orientation T byte_order littleendian
Reading image: /opt/freesurfer/average/711-2C_as_mni_average_305.4dfp.img
dimensions:      256       256       256
mmppix:       1.0000   -1.0000   -1.0000
center:     128.0000 -129.0000 -129.0000
/opt/freesurfer/average/711-2B_as_mni_average_305_mask.4dfp.img
       256       256       256         1
  1.000000  1.000000  1.000000
orientation T byte_order littleendian
Reading mask: /opt/freesurfer/average/711-2B_as_mni_average_305_mask.4dfp.img (2306576 pixels)
talsrcimg_g11.4dfp.img
       256       256       256         1
  1.000000  1.000000  1.000000
orientation T byte_order littleendian
Reading image: talsrcimg_g11.4dfp.img
dimensions:      256       256       256
mmppix:       1.0000   -1.0000   -1.0000
center:     128.0000 -129.0000 -129.0000
fimgreg.f
image alignment mode   2311 decimal      907 hex
parameters
   -2.5839   15.6000    9.5966   -8.4996   -8.9021   -7.6793
    0.4553   -2.9885    2.6661   -7.5769    0.3669    6.0335
eta,q 0.97198 12.40792
niter,ni,del,rscale     5    3    5.0000    0.8000
parameters
   -2.5833   15.6004    9.5955   -8.8859   -8.9317   -8.4953
    0.3790   -2.9989    2.6561   -7.4982    0.0139    6.0666
eta,q 0.97194 12.34147
  0.0299  0.0294  0.0290  0.0288  0.0292  0.0288  0.0295  0.0305  0.0291  0.0298  0.0286  0.0290
  0.0289  0.0287  0.0284  0.0284  0.0286  0.0284  0.0287  0.0291  0.0285  0.0289  0.0283  0.0285
  0.0282  0.0282  0.0281  0.0281  0.0282  0.0281  0.0282  0.0283  0.0282  0.0283  0.0281  0.0282
  0.0280  0.0280  0.0280  0.0280  0.0280  0.0280  0.0281  0.0281  0.0281  0.0281  0.0281  0.0281
  0.0282  0.0282  0.0281  0.0281  0.0282  0.0281  0.0283  0.0284  0.0282  0.0283  0.0282  0.0282
  0.0289  0.0287  0.0284  0.0285  0.0286  0.0287  0.0288  0.0292  0.0285  0.0288  0.0284  0.0285
  0.0299  0.0294  0.0290  0.0293  0.0292  0.0304  0.0296  0.0304  0.0290  0.0297  0.0288  0.0290
niter,ni,del,rscale     4    3    5.0000    0.7000
parameters
   -2.5713   15.6386    9.5785   -8.9060   -8.9222   -8.3263
    0.3972   -3.0191    2.7553   -7.4920   -0.0129    6.0188
eta,q 0.97195 12.35002
  0.0295  0.0292  0.0287  0.0287  0.0290  0.0289  0.0292  0.0299  0.0289  0.0294  0.0286  0.0287
  0.0287  0.0286  0.0284  0.0283  0.0285  0.0285  0.0286  0.0288  0.0284  0.0286  0.0283  0.0284
  0.0282  0.0282  0.0281  0.0282  0.0282  0.0282  0.0282  0.0282  0.0281  0.0282  0.0281  0.0281
  0.0281  0.0281  0.0281  0.0281  0.0281  0.0281  0.0281  0.0281  0.0281  0.0281  0.0281  0.0281
  0.0282  0.0282  0.0282  0.0281  0.0282  0.0280  0.0282  0.0283  0.0281  0.0282  0.0281  0.0281
  0.0287  0.0285  0.0284  0.0283  0.0285  0.0282  0.0286  0.0290  0.0284  0.0287  0.0283  0.0284
  0.0294  0.0291  0.0288  0.0288  0.0290  0.0289  0.0292  0.0299  0.0288  0.0293  0.0286  0.0288
niter,ni,del,rscale     3    3    5.0000    0.6000
parameters
   -2.5772   15.6349    9.5874   -8.7856   -8.9180   -8.1085
    0.4127   -3.0247    2.7552   -7.5081    0.0848    6.0045
eta,q 0.97196 12.36860
  0.0291  0.0289  0.0286  0.0285  0.0287  0.0287  0.0289  0.0295  0.0286  0.0290  0.0284  0.0286
  0.0285  0.0284  0.0283  0.0283  0.0284  0.0283  0.0284  0.0286  0.0283  0.0285  0.0282  0.0283
  0.0282  0.0281  0.0281  0.0281  0.0281  0.0282  0.0281  0.0282  0.0281  0.0281  0.0281  0.0281
  0.0281  0.0281  0.0281  0.0281  0.0281  0.0281  0.0280  0.0280  0.0280  0.0280  0.0280  0.0280
  0.0282  0.0282  0.0281  0.0281  0.0281  0.0280  0.0281  0.0282  0.0281  0.0282  0.0281  0.0281
  0.0285  0.0284  0.0283  0.0282  0.0284  0.0281  0.0284  0.0287  0.0283  0.0285  0.0282  0.0283
  0.0291  0.0288  0.0286  0.0285  0.0287  0.0286  0.0289  0.0294  0.0286  0.0290  0.0284  0.0286
niter,ni,del,rscale     2    3    5.0000    0.5000
parameters
   -2.5799   15.6157    9.5930   -8.6360   -8.9181   -7.8835
    0.4370   -3.0198    2.7076   -7.5473    0.2209    6.0352
eta,q 0.97197 12.38888
  0.0288  0.0286  0.0284  0.0284  0.0285  0.0284  0.0286  0.0291  0.0284  0.0287  0.0283  0.0284
  0.0284  0.0283  0.0282  0.0282  0.0283  0.0282  0.0283  0.0285  0.0282  0.0283  0.0282  0.0282
  0.0281  0.0281  0.0281  0.0281  0.0281  0.0281  0.0281  0.0281  0.0281  0.0281  0.0281  0.0281
  0.0280  0.0280  0.0280  0.0280  0.0280  0.0280  0.0280  0.0280  0.0280  0.0280  0.0280  0.0280
  0.0281  0.0281  0.0281  0.0280  0.0281  0.0280  0.0281  0.0282  0.0281  0.0281  0.0281  0.0281
  0.0284  0.0283  0.0282  0.0281  0.0283  0.0281  0.0283  0.0285  0.0282  0.0284  0.0281  0.0282
  0.0288  0.0286  0.0284  0.0283  0.0285  0.0284  0.0286  0.0290  0.0284  0.0287  0.0283  0.0284
niter,ni,del,rscale     1    3    5.0000    0.4000
parameters
   -2.5815   15.5935    9.5955   -8.4740   -8.9057   -7.6628
    0.4638   -2.9818    2.6627   -7.5762    0.3785    6.0427
eta,q 0.97198 12.41004
  0.0285  0.0284  0.0283  0.0283  0.0283  0.0283  0.0284  0.0287  0.0283  0.0284  0.0282  0.0283
  0.0282  0.0282  0.0281  0.0281  0.0282  0.0282  0.0282  0.0283  0.0281  0.0282  0.0281  0.0281
  0.0281  0.0281  0.0281  0.0281  0.0281  0.0281  0.0281  0.0281  0.0280  0.0281  0.0281  0.0281
  0.0280  0.0280  0.0280  0.0280  0.0280  0.0280  0.0280  0.0280  0.0280  0.0280  0.0280  0.0280
  0.0281  0.0281  0.0281  0.0280  0.0281  0.0280  0.0281  0.0281  0.0281  0.0281  0.0280  0.0280
  0.0282  0.0282  0.0281  0.0281  0.0282  0.0281  0.0282  0.0283  0.0282  0.0282  0.0281  0.0281
  0.0285  0.0284  0.0283  0.0282  0.0283  0.0282  0.0284  0.0287  0.0283  0.0285  0.0282  0.0283
registration optimization eta report
parameter search radius
    0.8000    0.8000    0.8000    2.4000    2.4000    2.4000
    2.4000    2.4000    2.4000    2.4000    2.4000    2.4000
100000*second partial in parameter space
       73.       56.       36.        4.        5.        4.
        7.       12.        4.        7.        3.        4.
  0.0285  0.0284  0.0283  0.0283  0.0283  0.0283  0.0284  0.0287  0.0283  0.0284  0.0282  0.0283
  0.0282  0.0282  0.0281  0.0281  0.0282  0.0282  0.0282  0.0283  0.0281  0.0282  0.0281  0.0281
  0.0281  0.0281  0.0281  0.0281  0.0281  0.0281  0.0281  0.0281  0.0280  0.0281  0.0281  0.0281
  0.0280  0.0280  0.0280  0.0280  0.0280  0.0280  0.0280  0.0280  0.0280  0.0280  0.0280  0.0280
  0.0281  0.0281  0.0281  0.0280  0.0281  0.0280  0.0281  0.0281  0.0281  0.0281  0.0280  0.0280
  0.0282  0.0282  0.0281  0.0281  0.0282  0.0281  0.0282  0.0283  0.0282  0.0282  0.0281  0.0281
  0.0285  0.0284  0.0283  0.0282  0.0283  0.0282  0.0284  0.0287  0.0283  0.0285  0.0282  0.0283
   -2.5815   15.5935    9.5955   -8.4740   -8.9057   -7.6628
    0.4638   -2.9818    2.6627   -7.5762    0.3785    6.0427
eta,q 0.97198 12.41004

---------------------------------------------------------------------
compute_vox2vox talsrcimg talsrcimg_to_711-2C_as_mni_average_305_t4 /opt/freesurfer/average/711-2C_as_mni_average_305
---------------------------------------------------------------------

freesurfer compute_vox2vox.c
Reading: talsrcimg.4dfp.ifh
Reading: talsrcimg_to_711-2C_as_mni_average_305_t4
Reading: /opt/freesurfer/average/711-2C_as_mni_average_305.4dfp.ifh
Writing: talsrcimg_to_711-2C_as_mni_average_305_t4_vox2vox.txt

start time Tue Mar 10 05:18:18 CET 2026
end		time Tue Mar 10 05:19:43 CET 2026

mpr2mni305 success

avi2talxfm orig_nu.mgz /opt/freesurfer/average/mni305.cor.mgz talsrcimg_to_711-2C_as_mni_average_305_t4_vox2vox.txt transforms/talairach.auto.xfm
avi2talxfm done
mv -f /out/sourcedata/freesurfer/sub-v1s5x0050755_ses-1/mri/talsrcimg_to_711-2C_as_mni_average_305_t4_vox2vox.txt /out/sourcedata/freesurfer/sub-v1s5x0050755_ses-1/mri/transforms/talsrcimg_to_711-2C_as_mni_average_305_t4_vox2vox.txt
lta_convert --src orig_nu.mgz --trg /opt/freesurfer/average/mni305.cor.mgz --inxfm transforms/talairach.auto.xfm --outlta transforms/talairach.auto.xfm.lta --subject fsaverage
7.3.2

--src: orig_nu.mgz src image (geometry).
--trg: /opt/freesurfer/average/mni305.cor.mgz trg image (geometry).
--inmni: transforms/talairach.auto.xfm input MNI/XFM transform.
--outlta: transforms/talairach.auto.xfm.lta output LTA.
--s: fsaverage subject name
 LTA read, type : 1
 1.09267   0.03464  -0.00786  -3.08881;
-0.00238   1.07705  -0.07143  -6.60591;
-0.03214   0.08856   1.09205  -22.98560;
 0.00000   0.00000   0.00000   1.00000;
setting subject to fsaverage
Writing  LTA to file transforms/talairach.auto.xfm.lta...
lta_convert successful.
 
 
Started at Tue Mar 10 05:18:18 CET 2026
Ended   at Tue Mar 10 05:19:43 CET 2026
talairach_avi done
