status file for recon-all
Tue Mar 10 07:10:34 CET 2026
#@# Tessellate rh Tue Mar 10 07:10:34 CET 2026
#@# Smooth1 rh Tue Mar 10 07:10:37 CET 2026
#@# Inflation1 rh Tue Mar 10 07:10:39 CET 2026
#@# QSphere rh Tue Mar 10 07:10:54 CET 2026
#@# Fix Topology rh Tue Mar 10 07:12:01 CET 2026
#@# Smooth2 rh Tue Mar 10 07:16:26 CET 2026
#@# Inflation2 rh Tue Mar 10 07:16:29 CET 2026
#@# Curv .H and .K rh Tue Mar 10 07:16:42 CET 2026
#@# Sphere rh Tue Mar 10 07:17:20 CET 2026
#@# Surf Reg rh Tue Mar 10 07:19:08 CET 2026
#@# Jacobian white rh Tue Mar 10 07:22:49 CET 2026
#@# AvgCurv rh Tue Mar 10 07:22:50 CET 2026
#@# Cortical Parc rh Tue Mar 10 07:22:51 CET 2026
#@# white curv rh Tue Mar 10 07:29:13 CET 2026
#@# white area rh Tue Mar 10 07:29:14 CET 2026
#@# pial curv rh Tue Mar 10 07:29:15 CET 2026
#@# pial area rh Tue Mar 10 07:29:16 CET 2026
#@# thickness rh Tue Mar 10 07:29:17 CET 2026
#@# area and vertex vol rh Tue Mar 10 07:29:35 CET 2026
#@# Curvature Stats rh Tue Mar 10 07:29:36 CET 2026
#@# Cortical Parc 2 rh Tue Mar 10 07:29:38 CET 2026
#@# Cortical Parc 3 rh Tue Mar 10 07:29:48 CET 2026
#@# WM/GM Contrast rh Tue Mar 10 07:29:56 CET 2026
recon-all -s sub-v1s5x0050756_ses-1 finished without error at Tue Mar 10 07:29:58 CET 2026



#New# invocation of recon-all 



status file for recon-all
Tue Mar 10 07:35:46 CET 2026
#@# white curv rh Tue Mar 10 07:35:46 CET 2026
#@# white area rh Tue Mar 10 07:35:46 CET 2026
#@# pial curv rh Tue Mar 10 07:35:46 CET 2026
#@# pial area rh Tue Mar 10 07:35:46 CET 2026
#@# thickness rh Tue Mar 10 07:35:46 CET 2026
#@# area and vertex vol rh Tue Mar 10 07:35:46 CET 2026
#@# Parcellation Stats rh Tue Mar 10 07:35:46 CET 2026
#@# Parcellation Stats 2 rh Tue Mar 10 07:36:02 CET 2026
#@# Parcellation Stats 3 rh Tue Mar 10 07:36:09 CET 2026
#@# BA_exvivo Labels rh Tue Mar 10 07:36:17 CET 2026
recon-all -s sub-v1s5x0050756_ses-1 finished without error at Tue Mar 10 07:38:22 CET 2026
