status file for recon-all
Tue Mar 10 06:47:14 CET 2026
#@# Tessellate lh Tue Mar 10 06:47:14 CET 2026
#@# Smooth1 lh Tue Mar 10 06:47:16 CET 2026
#@# Inflation1 lh Tue Mar 10 06:47:19 CET 2026
#@# QSphere lh Tue Mar 10 06:47:32 CET 2026
#@# Fix Topology lh Tue Mar 10 06:48:34 CET 2026
#@# Smooth2 lh Tue Mar 10 06:54:40 CET 2026
#@# Inflation2 lh Tue Mar 10 06:54:43 CET 2026
#@# Curv .H and .K lh Tue Mar 10 06:54:56 CET 2026
#@# Sphere lh Tue Mar 10 06:55:35 CET 2026
#@# Surf Reg lh Tue Mar 10 06:58:52 CET 2026
#@# Jacobian white lh Tue Mar 10 07:02:53 CET 2026
#@# AvgCurv lh Tue Mar 10 07:02:54 CET 2026
#@# Cortical Parc lh Tue Mar 10 07:02:54 CET 2026
#@# white curv lh Tue Mar 10 07:09:44 CET 2026
#@# white area lh Tue Mar 10 07:09:45 CET 2026
#@# pial curv lh Tue Mar 10 07:09:46 CET 2026
#@# pial area lh Tue Mar 10 07:09:47 CET 2026
#@# thickness lh Tue Mar 10 07:09:48 CET 2026
#@# area and vertex vol lh Tue Mar 10 07:10:08 CET 2026
#@# Curvature Stats lh Tue Mar 10 07:10:09 CET 2026
#@# Cortical Parc 2 lh Tue Mar 10 07:10:11 CET 2026
#@# Cortical Parc 3 lh Tue Mar 10 07:10:22 CET 2026
#@# WM/GM Contrast lh Tue Mar 10 07:10:30 CET 2026
recon-all -s sub-v1s5x0050756_ses-1 finished without error at Tue Mar 10 07:10:32 CET 2026



#New# invocation of recon-all 



status file for recon-all
Tue Mar 10 07:33:08 CET 2026
#@# white curv lh Tue Mar 10 07:33:08 CET 2026
#@# white area lh Tue Mar 10 07:33:08 CET 2026
#@# pial curv lh Tue Mar 10 07:33:08 CET 2026
#@# pial area lh Tue Mar 10 07:33:08 CET 2026
#@# thickness lh Tue Mar 10 07:33:08 CET 2026
#@# area and vertex vol lh Tue Mar 10 07:33:08 CET 2026
#@# Parcellation Stats lh Tue Mar 10 07:33:08 CET 2026
#@# Parcellation Stats 2 lh Tue Mar 10 07:33:23 CET 2026
#@# Parcellation Stats 3 lh Tue Mar 10 07:33:31 CET 2026
#@# BA_exvivo Labels lh Tue Mar 10 07:33:39 CET 2026
recon-all -s sub-v1s5x0050756_ses-1 finished without error at Tue Mar 10 07:35:44 CET 2026
