status file for recon-all
Tue Mar 10 05:15:20 CET 2026
#@# MotionCor Tue Mar 10 05:15:22 CET 2026
#@# Talairach Tue Mar 10 05:15:28 CET 2026
#@# Talairach Failure Detection Tue Mar 10 05:18:19 CET 2026
#@# Nu Intensity Correction Tue Mar 10 05:18:19 CET 2026
#@# Intensity Normalization Tue Mar 10 05:21:07 CET 2026
recon-all -s sub-v1s5x0050756_ses-1 finished without error at Tue Mar 10 05:22:17 CET 2026



#New# invocation of recon-all 



status file for recon-all
Tue Mar 10 05:28:26 CET 2026
#@# EM Registration Tue Mar 10 05:28:26 CET 2026
recon-all -s sub-v1s5x0050756_ses-1 finished without error at Tue Mar 10 05:30:04 CET 2026



#New# invocation of recon-all 



status file for recon-all
Tue Mar 10 05:30:06 CET 2026
#@# CA Normalize Tue Mar 10 05:30:06 CET 2026
#@# CA Reg Tue Mar 10 05:31:01 CET 2026
#@# SubCort Seg Tue Mar 10 06:18:24 CET 2026
#@# CC Seg Tue Mar 10 06:42:50 CET 2026
#@# Merge ASeg Tue Mar 10 06:43:19 CET 2026
#@# Intensity Normalization2 Tue Mar 10 06:43:19 CET 2026
#@# Mask BFS Tue Mar 10 06:44:59 CET 2026
#@# WM Segmentation Tue Mar 10 06:45:00 CET 2026
#@# Fill Tue Mar 10 06:46:32 CET 2026
recon-all -s sub-v1s5x0050756_ses-1 finished without error at Tue Mar 10 06:47:10 CET 2026



#New# invocation of recon-all 



status file for recon-all
Tue Mar 10 07:30:03 CET 2026
#@# white curv lh Tue Mar 10 07:30:03 CET 2026
#@# white area lh Tue Mar 10 07:30:03 CET 2026
#@# pial curv lh Tue Mar 10 07:30:03 CET 2026
#@# pial area lh Tue Mar 10 07:30:03 CET 2026
#@# thickness lh Tue Mar 10 07:30:03 CET 2026
#@# area and vertex vol lh Tue Mar 10 07:30:03 CET 2026
#@# white curv rh Tue Mar 10 07:30:03 CET 2026
#@# white area rh Tue Mar 10 07:30:03 CET 2026
#@# pial curv rh Tue Mar 10 07:30:03 CET 2026
#@# pial area rh Tue Mar 10 07:30:03 CET 2026
#@# thickness rh Tue Mar 10 07:30:03 CET 2026
#@# area and vertex vol rh Tue Mar 10 07:30:03 CET 2026
#@# Cortical ribbon mask Tue Mar 10 07:30:03 CET 2026
recon-all -s sub-v1s5x0050756_ses-1 finished without error at Tue Mar 10 07:33:04 CET 2026



#New# invocation of recon-all 



status file for recon-all
Tue Mar 10 07:38:26 CET 2026
#@# white curv lh Tue Mar 10 07:38:26 CET 2026
#@# white area lh Tue Mar 10 07:38:26 CET 2026
#@# pial curv lh Tue Mar 10 07:38:26 CET 2026
#@# pial area lh Tue Mar 10 07:38:26 CET 2026
#@# thickness lh Tue Mar 10 07:38:26 CET 2026
#@# area and vertex vol lh Tue Mar 10 07:38:26 CET 2026
#@# white curv rh Tue Mar 10 07:38:26 CET 2026
#@# white area rh Tue Mar 10 07:38:26 CET 2026
#@# pial curv rh Tue Mar 10 07:38:26 CET 2026
#@# pial area rh Tue Mar 10 07:38:26 CET 2026
#@# thickness rh Tue Mar 10 07:38:26 CET 2026
#@# area and vertex vol rh Tue Mar 10 07:38:26 CET 2026
#@# Curvature Stats lh Tue Mar 10 07:38:26 CET 2026
#@# Curvature Stats rh Tue Mar 10 07:38:28 CET 2026
#@# Relabel Hypointensities Tue Mar 10 07:38:30 CET 2026
#@# APas-to-ASeg Tue Mar 10 07:38:41 CET 2026
#@# AParc-to-ASeg aparc Tue Mar 10 07:38:48 CET 2026
#@# AParc-to-ASeg aparc.a2009s Tue Mar 10 07:39:16 CET 2026
#@# AParc-to-ASeg aparc.DKTatlas Tue Mar 10 07:39:44 CET 2026
#@# WMParc Tue Mar 10 07:40:12 CET 2026
#@# ASeg Stats Tue Mar 10 07:42:01 CET 2026
recon-all -s sub-v1s5x0050756_ses-1 finished without error at Tue Mar 10 07:42:26 CET 2026
